This is cutadapt 2.9 with Python 3.6.6
Command line parameters: --interleaved -a file:/nas02/apps/trimmomatic-0.36/Trimmomatic-0.36/adapters/TruSeq3-PE.fa -A file:/nas02/apps/trimmomatic-0.36/Trimmomatic-0.36/adapters/TruSeq3-PE.fa -m 30 /nas/longleaf/home/zpopkinh/Pvivax_resources/wgs_pe_improved_global/fastq/ERS403520/ERR527337_1.fastq.gz /nas/longleaf/home/zpopkinh/Pvivax_resources/wgs_pe_improved_global/fastq/ERS403520/ERR527337_2.fastq.gz
Processing reads on 1 core in paired-end mode ...
Finished in 1210.33 s (79 us/read; 0.76 M reads/minute).

=== Summary ===

Total read pairs processed:         15,416,142
  Read 1 with adapter:                 569,691 (3.7%)
  Read 2 with adapter:                 559,073 (3.6%)
Pairs written (passing filters):    15,416,140 (100.0%)

Total basepairs processed: 3,083,228,400 bp
  Read 1: 1,541,614,200 bp
  Read 2: 1,541,614,200 bp
Total written (filtered):  3,079,415,248 bp (99.9%)
  Read 1: 1,539,689,584 bp
  Read 2: 1,539,725,664 bp

=== First read: Adapter PrefixPE/1 ===

Sequence: TACACTCTTTCCCTACACGACGCTCTTCCGATCT; Type: regular 3'; Length: 34; Trimmed: 305617 times

No. of allowed errors:
0-9 bp: 0; 10-19 bp: 1; 20-29 bp: 2; 30-34 bp: 3

Bases preceding removed adapters:
  A: 29.0%
  C: 18.5%
  G: 22.8%
  T: 29.7%
  none/other: 0.0%

Overview of removed sequences
length	count	expect	max.err	error counts
3	203453	240877.2	0	203453
4	79098	60219.3	0	79098
5	16326	15054.8	0	16326
6	3662	3763.7	0	3662
7	697	940.9	0	697
8	156	235.2	0	156
9	899	58.8	0	63 836
10	941	14.7	1	31 910
11	279	3.7	1	5 274
12	72	0.9	1	0 72
13	25	0.2	1	0 25
14	6	0.1	1	0 6
23	1	0.0	2	0 0 1
100	2	0.0	3	0 0 0 2


=== First read: Adapter PrefixPE/2 ===

Sequence: GTGACTGGAGTTCAGACGTGTGCTCTTCCGATCT; Type: regular 3'; Length: 34; Trimmed: 264074 times

No. of allowed errors:
0-9 bp: 0; 10-19 bp: 1; 20-29 bp: 2; 30-34 bp: 3

Bases preceding removed adapters:
  A: 24.1%
  C: 18.1%
  G: 25.5%
  T: 32.3%
  none/other: 0.0%

Overview of removed sequences
length	count	expect	max.err	error counts
3	205861	240877.2	0	205861
4	48125	60219.3	0	48125
5	7335	15054.8	0	7335
6	1685	3763.7	0	1685
7	418	940.9	0	418
8	52	235.2	0	52
9	254	58.8	0	4 250
10	241	14.7	1	5 236
11	81	3.7	1	0 81
12	13	0.9	1	0 13
13	9	0.2	1	0 9


=== Second read: Adapter PrefixPE/1 ===

Sequence: TACACTCTTTCCCTACACGACGCTCTTCCGATCT; Type: regular 3'; Length: 34; Trimmed: 300608 times

No. of allowed errors:
0-9 bp: 0; 10-19 bp: 1; 20-29 bp: 2; 30-34 bp: 3

Bases preceding removed adapters:
  A: 29.0%
  C: 18.6%
  G: 22.8%
  T: 29.6%
  none/other: 0.0%

Overview of removed sequences
length	count	expect	max.err	error counts
3	200230	240877.2	0	200230
4	77709	60219.3	0	77709
5	16059	15054.8	0	16059
6	3522	3763.7	0	3522
7	713	940.9	0	713
8	180	235.2	0	180
9	863	58.8	0	61 802
10	944	14.7	1	30 914
11	303	3.7	1	5 298
12	63	0.9	1	0 63
13	15	0.2	1	0 15
14	7	0.1	1	0 7


=== Second read: Adapter PrefixPE/2 ===

Sequence: GTGACTGGAGTTCAGACGTGTGCTCTTCCGATCT; Type: regular 3'; Length: 34; Trimmed: 258465 times

No. of allowed errors:
0-9 bp: 0; 10-19 bp: 1; 20-29 bp: 2; 30-34 bp: 3

Bases preceding removed adapters:
  A: 23.8%
  C: 18.3%
  G: 25.7%
  T: 32.2%
  none/other: 0.0%

Overview of removed sequences
length	count	expect	max.err	error counts
3	201753	240877.2	0	201753
4	46832	60219.3	0	46832
5	7180	15054.8	0	7180
6	1686	3763.7	0	1686
7	379	940.9	0	379
8	59	235.2	0	59
9	251	58.8	0	18 233
10	218	14.7	1	3 215
11	91	3.7	1	0 91
12	13	0.9	1	0 13
13	3	0.2	1	0 3
