This is cutadapt 2.9 with Python 3.6.6
Command line parameters: --interleaved -a file:/nas02/apps/trimmomatic-0.36/Trimmomatic-0.36/adapters/TruSeq3-PE.fa -A file:/nas02/apps/trimmomatic-0.36/Trimmomatic-0.36/adapters/TruSeq3-PE.fa -m 30 /nas/longleaf/home/zpopkinh/Pvivax_resources/wgs_pe_improved_global/fastq/SRS2910042/SRR6668523_1.fastq.gz /nas/longleaf/home/zpopkinh/Pvivax_resources/wgs_pe_improved_global/fastq/SRS2910042/SRR6668523_2.fastq.gz
Processing reads on 1 core in paired-end mode ...
Finished in 432.48 s (71 us/read; 0.84 M reads/minute).

=== Summary ===

Total read pairs processed:          6,055,815
  Read 1 with adapter:                 253,200 (4.2%)
  Read 2 with adapter:                 263,836 (4.4%)
Pairs written (passing filters):     6,055,815 (100.0%)

Total basepairs processed: 1,211,163,000 bp
  Read 1:   605,581,500 bp
  Read 2:   605,581,500 bp
Total written (filtered):  1,209,372,784 bp (99.9%)
  Read 1:   604,701,474 bp
  Read 2:   604,671,310 bp

=== First read: Adapter PrefixPE/1 ===

Sequence: TACACTCTTTCCCTACACGACGCTCTTCCGATCT; Type: regular 3'; Length: 34; Trimmed: 139550 times

No. of allowed errors:
0-9 bp: 0; 10-19 bp: 1; 20-29 bp: 2; 30-34 bp: 3

Bases preceding removed adapters:
  A: 49.4%
  C: 15.9%
  G: 18.1%
  T: 16.6%
  none/other: 0.0%

Overview of removed sequences
length	count	expect	max.err	error counts
3	79714	94622.1	0	79714
4	36448	23655.5	0	36448
5	21373	5913.9	0	21373
6	1020	1478.5	0	1020
7	279	369.6	0	279
8	63	92.4	0	63
9	259	23.1	0	27 232
10	241	5.8	1	5 236
11	110	1.4	1	0 110
12	28	0.4	1	0 28
13	12	0.1	1	0 12
14	3	0.0	1	0 3


=== First read: Adapter PrefixPE/2 ===

Sequence: GTGACTGGAGTTCAGACGTGTGCTCTTCCGATCT; Type: regular 3'; Length: 34; Trimmed: 113650 times

No. of allowed errors:
0-9 bp: 0; 10-19 bp: 1; 20-29 bp: 2; 30-34 bp: 3

Bases preceding removed adapters:
  A: 22.8%
  C: 19.6%
  G: 28.9%
  T: 28.6%
  none/other: 0.0%

Overview of removed sequences
length	count	expect	max.err	error counts
3	88958	94622.1	0	88958
4	20004	23655.5	0	20004
5	3299	5913.9	0	3299
6	785	1478.5	0	785
7	270	369.6	0	270
8	21	92.4	0	21
9	162	23.1	0	7 155
10	115	5.8	1	2 113
11	30	1.4	1	0 30
12	4	0.4	1	0 4
13	2	0.1	1	0 2


=== Second read: Adapter PrefixPE/1 ===

Sequence: TACACTCTTTCCCTACACGACGCTCTTCCGATCT; Type: regular 3'; Length: 34; Trimmed: 138112 times

No. of allowed errors:
0-9 bp: 0; 10-19 bp: 1; 20-29 bp: 2; 30-34 bp: 3

Bases preceding removed adapters:
  A: 49.4%
  C: 16.0%
  G: 18.0%
  T: 16.6%
  none/other: 0.0%

Overview of removed sequences
length	count	expect	max.err	error counts
3	78909	94622.1	0	78909
4	36378	23655.5	0	36378
5	20890	5913.9	0	20890
6	988	1478.5	0	988
7	256	369.6	0	256
8	74	92.4	0	74
9	246	23.1	0	25 221
10	234	5.8	1	8 226
11	108	1.4	1	1 107
12	18	0.4	1	0 18
13	5	0.1	1	0 5
14	6	0.0	1	0 6


=== Second read: Adapter PrefixPE/2 ===

Sequence: GTGACTGGAGTTCAGACGTGTGCTCTTCCGATCT; Type: regular 3'; Length: 34; Trimmed: 125724 times

No. of allowed errors:
0-9 bp: 0; 10-19 bp: 1; 20-29 bp: 2; 30-34 bp: 3

Bases preceding removed adapters:
  A: 20.4%
  C: 17.4%
  G: 36.5%
  T: 25.8%
  none/other: 0.0%

Overview of removed sequences
length	count	expect	max.err	error counts
3	101513	94622.1	0	101513
4	19484	23655.5	0	19484
5	3316	5913.9	0	3316
6	798	1478.5	0	798
7	250	369.6	0	250
8	40	92.4	0	40
9	138	23.1	0	10 128
10	130	5.8	1	2 128
11	39	1.4	1	0 39
12	10	0.4	1	0 10
13	6	0.1	1	0 6
