This is cutadapt 2.9 with Python 3.6.6
Command line parameters: --interleaved -a file:/nas02/apps/trimmomatic-0.36/Trimmomatic-0.36/adapters/TruSeq3-PE.fa -A file:/nas02/apps/trimmomatic-0.36/Trimmomatic-0.36/adapters/TruSeq3-PE.fa -m 30 /nas/longleaf/home/zpopkinh/Pvivax_resources/wgs_pe_improved_global/fastq/SRS693274/SRR1565075_1.fastq.gz /nas/longleaf/home/zpopkinh/Pvivax_resources/wgs_pe_improved_global/fastq/SRS693274/SRR1565075_2.fastq.gz
Processing reads on 1 core in paired-end mode ...
Finished in 1.14 s (68 us/read; 0.88 M reads/minute).

=== Summary ===

Total read pairs processed:             16,656
  Read 1 with adapter:                     557 (3.3%)
  Read 2 with adapter:                     630 (3.8%)
Pairs written (passing filters):        16,655 (100.0%)

Total basepairs processed:     3,364,512 bp
  Read 1:     1,682,256 bp
  Read 2:     1,682,256 bp
Total written (filtered):      3,360,234 bp (99.9%)
  Read 1:     1,680,203 bp
  Read 2:     1,680,031 bp

=== First read: Adapter PrefixPE/1 ===

Sequence: TACACTCTTTCCCTACACGACGCTCTTCCGATCT; Type: regular 3'; Length: 34; Trimmed: 295 times

No. of allowed errors:
0-9 bp: 0; 10-19 bp: 1; 20-29 bp: 2; 30-34 bp: 3

Bases preceding removed adapters:
  A: 35.6%
  C: 17.6%
  G: 21.4%
  T: 25.4%
  none/other: 0.0%

Overview of removed sequences
length	count	expect	max.err	error counts
3	175	260.2	0	175
4	86	65.1	0	86
5	16	16.3	0	16
6	9	4.1	0	9
7	1	1.0	0	1
8	2	0.3	0	2
9	1	0.1	0	1
10	2	0.0	1	0 2
11	3	0.0	1	0 3


=== First read: Adapter PrefixPE/2 ===

Sequence: GTGACTGGAGTTCAGACGTGTGCTCTTCCGATCT; Type: regular 3'; Length: 34; Trimmed: 262 times

No. of allowed errors:
0-9 bp: 0; 10-19 bp: 1; 20-29 bp: 2; 30-34 bp: 3

Bases preceding removed adapters:
  A: 26.7%
  C: 10.3%
  G: 27.1%
  T: 35.9%
  none/other: 0.0%

Overview of removed sequences
length	count	expect	max.err	error counts
3	193	260.2	0	193
4	61	65.1	0	61
5	7	16.3	0	7
6	1	4.1	0	1


=== Second read: Adapter PrefixPE/1 ===

Sequence: TACACTCTTTCCCTACACGACGCTCTTCCGATCT; Type: regular 3'; Length: 34; Trimmed: 279 times

No. of allowed errors:
0-9 bp: 0; 10-19 bp: 1; 20-29 bp: 2; 30-34 bp: 3

Bases preceding removed adapters:
  A: 33.3%
  C: 17.9%
  G: 25.1%
  T: 23.7%
  none/other: 0.0%

Overview of removed sequences
length	count	expect	max.err	error counts
3	178	260.2	0	178
4	78	65.1	0	78
5	14	16.3	0	14
6	3	4.1	0	3
9	2	0.1	0	1 1
10	2	0.0	1	0 2
11	1	0.0	1	0 1
12	1	0.0	1	0 1


=== Second read: Adapter PrefixPE/2 ===

Sequence: GTGACTGGAGTTCAGACGTGTGCTCTTCCGATCT; Type: regular 3'; Length: 34; Trimmed: 351 times

No. of allowed errors:
0-9 bp: 0; 10-19 bp: 1; 20-29 bp: 2; 30-34 bp: 3

Bases preceding removed adapters:
  A: 29.6%
  C: 23.9%
  G: 18.5%
  T: 27.9%
  none/other: 0.0%

Overview of removed sequences
length	count	expect	max.err	error counts
3	292	260.2	0	292
4	47	65.1	0	47
5	6	16.3	0	6
6	3	4.1	0	3
7	1	1.0	0	1
10	1	0.0	1	0 1
93	1	0.0	3	0 0 1
