This is cutadapt 2.9 with Python 3.6.6
Command line parameters: --interleaved -a file:/nas02/apps/trimmomatic-0.36/Trimmomatic-0.36/adapters/TruSeq3-PE.fa -A file:/nas02/apps/trimmomatic-0.36/Trimmomatic-0.36/adapters/TruSeq3-PE.fa -m 30 /nas/longleaf/home/zpopkinh/Pvivax_resources/wgs_pe_improved_global/fastq/SRS693274/SRR1562524_1.fastq.gz /nas/longleaf/home/zpopkinh/Pvivax_resources/wgs_pe_improved_global/fastq/SRS693274/SRR1562524_2.fastq.gz
Processing reads on 1 core in paired-end mode ...
Finished in 1548.72 s (68 us/read; 0.89 M reads/minute).

=== Summary ===

Total read pairs processed:         22,844,047
  Read 1 with adapter:                 851,192 (3.7%)
  Read 2 with adapter:                 866,520 (3.8%)
Pairs written (passing filters):    22,844,047 (100.0%)

Total basepairs processed: 4,614,497,494 bp
  Read 1: 2,307,248,747 bp
  Read 2: 2,307,248,747 bp
Total written (filtered):  4,608,708,233 bp (99.9%)
  Read 1: 2,304,374,588 bp
  Read 2: 2,304,333,645 bp

=== First read: Adapter PrefixPE/1 ===

Sequence: TACACTCTTTCCCTACACGACGCTCTTCCGATCT; Type: regular 3'; Length: 34; Trimmed: 413587 times

No. of allowed errors:
0-9 bp: 0; 10-19 bp: 1; 20-29 bp: 2; 30-34 bp: 3

Bases preceding removed adapters:
  A: 25.3%
  C: 22.5%
  G: 26.4%
  T: 25.7%
  none/other: 0.0%

Overview of removed sequences
length	count	expect	max.err	error counts
3	278074	356938.2	0	278074
4	100502	89234.6	0	100502
5	25337	22308.6	0	25337
6	4913	5577.2	0	4913
7	1138	1394.3	0	1138
8	274	348.6	0	274
9	1186	87.1	0	137 1049
10	1471	21.8	1	50 1421
11	535	5.4	1	5 530
12	115	1.4	1	4 111
13	29	0.3	1	1 28
14	13	0.1	1	0 13


=== First read: Adapter PrefixPE/2 ===

Sequence: GTGACTGGAGTTCAGACGTGTGCTCTTCCGATCT; Type: regular 3'; Length: 34; Trimmed: 437605 times

No. of allowed errors:
0-9 bp: 0; 10-19 bp: 1; 20-29 bp: 2; 30-34 bp: 3

Bases preceding removed adapters:
  A: 23.5%
  C: 19.1%
  G: 26.6%
  T: 30.7%
  none/other: 0.0%

Overview of removed sequences
length	count	expect	max.err	error counts
3	341289	356938.2	0	341289
4	77602	89234.6	0	77602
5	13595	22308.6	0	13595
6	3085	5577.2	0	3085
7	734	1394.3	0	734
8	141	348.6	0	141
9	509	87.1	0	28 481
10	433	21.8	1	7 426
11	160	5.4	1	1 159
12	40	1.4	1	1 39
13	15	0.3	1	0 15
14	2	0.1	1	0 2


=== Second read: Adapter PrefixPE/1 ===

Sequence: TACACTCTTTCCCTACACGACGCTCTTCCGATCT; Type: regular 3'; Length: 34; Trimmed: 410244 times

No. of allowed errors:
0-9 bp: 0; 10-19 bp: 1; 20-29 bp: 2; 30-34 bp: 3

Bases preceding removed adapters:
  A: 25.2%
  C: 22.6%
  G: 26.3%
  T: 26.0%
  none/other: 0.0%

Overview of removed sequences
length	count	expect	max.err	error counts
3	277225	356938.2	0	277225
4	98361	89234.6	0	98361
5	25003	22308.6	0	25003
6	4827	5577.2	0	4827
7	1191	1394.3	0	1191
8	283	348.6	0	283
9	1161	87.1	0	136 1025
10	1484	21.8	1	43 1441
11	548	5.4	1	3 545
12	109	1.4	1	0 109
13	39	0.3	1	1 38
14	7	0.1	1	0 7
15	3	0.0	1	0 3
20	1	0.0	2	0 0 1
33	2	0.0	3	1 1


=== Second read: Adapter PrefixPE/2 ===

Sequence: GTGACTGGAGTTCAGACGTGTGCTCTTCCGATCT; Type: regular 3'; Length: 34; Trimmed: 456276 times

No. of allowed errors:
0-9 bp: 0; 10-19 bp: 1; 20-29 bp: 2; 30-34 bp: 3

Bases preceding removed adapters:
  A: 22.8%
  C: 22.3%
  G: 25.5%
  T: 29.4%
  none/other: 0.0%

Overview of removed sequences
length	count	expect	max.err	error counts
3	361772	356938.2	0	361772
4	76235	89234.6	0	76235
5	13204	22308.6	0	13204
6	3123	5577.2	0	3123
7	674	1394.3	0	674
8	129	348.6	0	129
9	502	87.1	0	25 477
10	435	21.8	1	14 421
11	153	5.4	1	3 150
12	27	1.4	1	0 27
13	18	0.3	1	0 18
22	1	0.0	2	0 0 1
45	1	0.0	3	0 0 0 1
46	1	0.0	3	0 0 1
58	1	0.0	3	0 0 1
