This is cutadapt 2.9 with Python 3.6.6
Command line parameters: --interleaved -a file:/nas02/apps/trimmomatic-0.36/Trimmomatic-0.36/adapters/TruSeq3-PE.fa -A file:/nas02/apps/trimmomatic-0.36/Trimmomatic-0.36/adapters/TruSeq3-PE.fa -m 30 /nas/longleaf/home/zpopkinh/Pvivax_resources/wgs_pe_improved_global/fastq/ERR5740843/ERR5740843_1.fastq.gz /nas/longleaf/home/zpopkinh/Pvivax_resources/wgs_pe_improved_global/fastq/ERR5740843/ERR5740843_2.fastq.gz
Processing reads on 1 core in paired-end mode ...
Finished in 326.01 s (112 us/read; 0.54 M reads/minute).

=== Summary ===

Total read pairs processed:          2,915,567
  Read 1 with adapter:                 105,867 (3.6%)
  Read 2 with adapter:                 103,247 (3.5%)
Pairs written (passing filters):     2,915,564 (100.0%)

Total basepairs processed:   880,501,234 bp
  Read 1:   440,250,617 bp
  Read 2:   440,250,617 bp
Total written (filtered):    879,795,765 bp (99.9%)
  Read 1:   439,893,140 bp
  Read 2:   439,902,625 bp

=== First read: Adapter PrefixPE/1 ===

Sequence: TACACTCTTTCCCTACACGACGCTCTTCCGATCT; Type: regular 3'; Length: 34; Trimmed: 48338 times

No. of allowed errors:
0-9 bp: 0; 10-19 bp: 1; 20-29 bp: 2; 30-34 bp: 3

Bases preceding removed adapters:
  A: 25.1%
  C: 24.0%
  G: 24.7%
  T: 26.2%
  none/other: 0.0%

Overview of removed sequences
length	count	expect	max.err	error counts
3	32586	45555.7	0	32586
4	11896	11388.9	0	11896
5	2716	2847.2	0	2716
6	587	711.8	0	587
7	114	178.0	0	114
8	31	44.5	0	31
9	144	11.1	0	12 132
10	183	2.8	1	3 180
11	58	0.7	1	0 58
12	14	0.2	1	0 14
13	4	0.0	1	0 4
14	2	0.0	1	0 2
15	1	0.0	1	0 1
22	1	0.0	2	0 1
98	1	0.0	3	0 0 0 1


=== First read: Adapter PrefixPE/2 ===

Sequence: GTGACTGGAGTTCAGACGTGTGCTCTTCCGATCT; Type: regular 3'; Length: 34; Trimmed: 57529 times

No. of allowed errors:
0-9 bp: 0; 10-19 bp: 1; 20-29 bp: 2; 30-34 bp: 3

Bases preceding removed adapters:
  A: 24.1%
  C: 16.6%
  G: 28.5%
  T: 30.7%
  none/other: 0.0%

Overview of removed sequences
length	count	expect	max.err	error counts
3	44739	45555.7	0	44739
4	10315	11388.9	0	10315
5	1754	2847.2	0	1754
6	412	711.8	0	412
7	115	178.0	0	115
8	22	44.5	0	22
9	66	11.1	0	4 62
10	80	2.8	1	2 78
11	21	0.7	1	0 21
12	3	0.2	1	0 3
13	2	0.0	1	0 2


=== Second read: Adapter PrefixPE/1 ===

Sequence: TACACTCTTTCCCTACACGACGCTCTTCCGATCT; Type: regular 3'; Length: 34; Trimmed: 46865 times

No. of allowed errors:
0-9 bp: 0; 10-19 bp: 1; 20-29 bp: 2; 30-34 bp: 3

Bases preceding removed adapters:
  A: 25.6%
  C: 24.3%
  G: 24.6%
  T: 25.4%
  none/other: 0.0%

Overview of removed sequences
length	count	expect	max.err	error counts
3	31708	45555.7	0	31708
4	11392	11388.9	0	11392
5	2718	2847.2	0	2718
6	541	711.8	0	541
7	139	178.0	0	139
8	32	44.5	0	32
9	107	11.1	0	15 92
10	155	2.8	1	6 149
11	44	0.7	1	0 44
12	20	0.2	1	0 20
13	6	0.0	1	0 6
14	1	0.0	1	0 1
79	1	0.0	3	0 0 1
99	1	0.0	3	0 1


=== Second read: Adapter PrefixPE/2 ===

Sequence: GTGACTGGAGTTCAGACGTGTGCTCTTCCGATCT; Type: regular 3'; Length: 34; Trimmed: 56382 times

No. of allowed errors:
0-9 bp: 0; 10-19 bp: 1; 20-29 bp: 2; 30-34 bp: 3

Bases preceding removed adapters:
  A: 24.4%
  C: 18.0%
  G: 27.8%
  T: 29.7%
  none/other: 0.0%

Overview of removed sequences
length	count	expect	max.err	error counts
3	44503	45555.7	0	44503
4	9450	11388.9	0	9450
5	1690	2847.2	0	1690
6	406	711.8	0	406
7	115	178.0	0	115
8	35	44.5	0	35
9	81	11.1	0	5 76
10	74	2.8	1	5 69
11	15	0.7	1	0 15
12	4	0.2	1	0 4
13	3	0.0	1	0 3
79	1	0.0	3	1
92	1	0.0	3	0 1
103	1	0.0	3	0 0 1
143	3	0.0	3	0 0 0 3
