This is cutadapt 2.9 with Python 3.6.6
Command line parameters: --interleaved -a file:/nas02/apps/trimmomatic-0.36/Trimmomatic-0.36/adapters/TruSeq3-PE.fa -A file:/nas02/apps/trimmomatic-0.36/Trimmomatic-0.36/adapters/TruSeq3-PE.fa -m 30 /nas/longleaf/home/zpopkinh/Pvivax_resources/wgs_pe_improved_global/fastq/SRS696222/SRR1568012_1.fastq.gz /nas/longleaf/home/zpopkinh/Pvivax_resources/wgs_pe_improved_global/fastq/SRS696222/SRR1568012_2.fastq.gz
Processing reads on 1 core in paired-end mode ...
Finished in 1.21 s (47 us/read; 1.27 M reads/minute).

=== Summary ===

Total read pairs processed:             25,672
  Read 1 with adapter:                     802 (3.1%)
  Read 2 with adapter:                     912 (3.6%)
Pairs written (passing filters):        25,672 (100.0%)

Total basepairs processed:     5,185,744 bp
  Read 1:     2,592,872 bp
  Read 2:     2,592,872 bp
Total written (filtered):      5,179,824 bp (99.9%)
  Read 1:     2,590,072 bp
  Read 2:     2,589,752 bp

=== First read: Adapter PrefixPE/1 ===

Sequence: TACACTCTTTCCCTACACGACGCTCTTCCGATCT; Type: regular 3'; Length: 34; Trimmed: 473 times

No. of allowed errors:
0-9 bp: 0; 10-19 bp: 1; 20-29 bp: 2; 30-34 bp: 3

Bases preceding removed adapters:
  A: 32.6%
  C: 21.4%
  G: 20.5%
  T: 25.6%
  none/other: 0.0%

Overview of removed sequences
length	count	expect	max.err	error counts
3	309	401.1	0	309
4	125	100.3	0	125
5	18	25.1	0	18
6	8	6.3	0	8
7	1	1.6	0	1
9	1	0.1	0	0 1
10	8	0.0	1	1 7
11	3	0.0	1	0 3


=== First read: Adapter PrefixPE/2 ===

Sequence: GTGACTGGAGTTCAGACGTGTGCTCTTCCGATCT; Type: regular 3'; Length: 34; Trimmed: 329 times

No. of allowed errors:
0-9 bp: 0; 10-19 bp: 1; 20-29 bp: 2; 30-34 bp: 3

Bases preceding removed adapters:
  A: 23.7%
  C: 13.1%
  G: 25.5%
  T: 37.7%
  none/other: 0.0%

Overview of removed sequences
length	count	expect	max.err	error counts
3	239	401.1	0	239
4	70	100.3	0	70
5	14	25.1	0	14
6	5	6.3	0	5
9	1	0.1	0	0 1


=== Second read: Adapter PrefixPE/1 ===

Sequence: TACACTCTTTCCCTACACGACGCTCTTCCGATCT; Type: regular 3'; Length: 34; Trimmed: 494 times

No. of allowed errors:
0-9 bp: 0; 10-19 bp: 1; 20-29 bp: 2; 30-34 bp: 3

Bases preceding removed adapters:
  A: 31.8%
  C: 24.7%
  G: 21.1%
  T: 22.5%
  none/other: 0.0%

Overview of removed sequences
length	count	expect	max.err	error counts
3	319	401.1	0	319
4	137	100.3	0	137
5	20	25.1	0	20
6	4	6.3	0	4
7	4	1.6	0	4
9	3	0.1	0	0 3
10	6	0.0	1	0 6
11	1	0.0	1	0 1


=== Second read: Adapter PrefixPE/2 ===

Sequence: GTGACTGGAGTTCAGACGTGTGCTCTTCCGATCT; Type: regular 3'; Length: 34; Trimmed: 418 times

No. of allowed errors:
0-9 bp: 0; 10-19 bp: 1; 20-29 bp: 2; 30-34 bp: 3

Bases preceding removed adapters:
  A: 27.5%
  C: 29.7%
  G: 18.4%
  T: 24.4%
  none/other: 0.0%

Overview of removed sequences
length	count	expect	max.err	error counts
3	331	401.1	0	331
4	75	100.3	0	75
5	8	25.1	0	8
6	3	6.3	0	3
14	1	0.0	1	0 1
