This is cutadapt 2.9 with Python 3.6.6
Command line parameters: --interleaved -a file:/nas02/apps/trimmomatic-0.36/Trimmomatic-0.36/adapters/TruSeq3-PE.fa -A file:/nas02/apps/trimmomatic-0.36/Trimmomatic-0.36/adapters/TruSeq3-PE.fa -m 30 /nas/longleaf/home/zpopkinh/Pvivax_resources/wgs_pe_improved_global/fastq/SRS696222/SRR1568115_1.fastq.gz /nas/longleaf/home/zpopkinh/Pvivax_resources/wgs_pe_improved_global/fastq/SRS696222/SRR1568115_2.fastq.gz
Processing reads on 1 core in paired-end mode ...
Finished in 1912.87 s (73 us/read; 0.82 M reads/minute).

=== Summary ===

Total read pairs processed:         26,145,770
  Read 1 with adapter:                 962,705 (3.7%)
  Read 2 with adapter:                 984,395 (3.8%)
Pairs written (passing filters):    26,145,769 (100.0%)

Total basepairs processed: 5,281,445,540 bp
  Read 1: 2,640,722,770 bp
  Read 2: 2,640,722,770 bp
Total written (filtered):  5,274,898,918 bp (99.9%)
  Read 1: 2,637,473,661 bp
  Read 2: 2,637,425,257 bp

=== First read: Adapter PrefixPE/1 ===

Sequence: TACACTCTTTCCCTACACGACGCTCTTCCGATCT; Type: regular 3'; Length: 34; Trimmed: 470644 times

No. of allowed errors:
0-9 bp: 0; 10-19 bp: 1; 20-29 bp: 2; 30-34 bp: 3

Bases preceding removed adapters:
  A: 25.2%
  C: 22.6%
  G: 26.1%
  T: 26.1%
  none/other: 0.0%

Overview of removed sequences
length	count	expect	max.err	error counts
3	319395	408527.7	0	319395
4	112391	102131.9	0	112391
5	27739	25533.0	0	27739
6	5497	6383.2	0	5497
7	1305	1595.8	0	1305
8	315	399.0	0	315
9	1380	99.7	0	131 1249
10	1849	24.9	1	65 1784
11	622	6.2	1	3 619
12	115	1.6	1	0 115
13	28	0.4	1	1 27
14	8	0.1	1	0 8


=== First read: Adapter PrefixPE/2 ===

Sequence: GTGACTGGAGTTCAGACGTGTGCTCTTCCGATCT; Type: regular 3'; Length: 34; Trimmed: 492061 times

No. of allowed errors:
0-9 bp: 0; 10-19 bp: 1; 20-29 bp: 2; 30-34 bp: 3

Bases preceding removed adapters:
  A: 23.8%
  C: 18.6%
  G: 26.5%
  T: 31.1%
  none/other: 0.0%

Overview of removed sequences
length	count	expect	max.err	error counts
3	382623	408527.7	0	382623
4	88858	102131.9	0	88858
5	14872	25533.0	0	14872
6	3350	6383.2	0	3350
7	843	1595.8	0	843
8	121	399.0	0	121
9	598	99.7	0	24 574
10	518	24.9	1	11 507
11	224	6.2	1	5 219
12	41	1.6	1	0 41
13	11	0.4	1	0 11
14	2	0.1	1	0 2


=== Second read: Adapter PrefixPE/1 ===

Sequence: TACACTCTTTCCCTACACGACGCTCTTCCGATCT; Type: regular 3'; Length: 34; Trimmed: 459923 times

No. of allowed errors:
0-9 bp: 0; 10-19 bp: 1; 20-29 bp: 2; 30-34 bp: 3

Bases preceding removed adapters:
  A: 25.6%
  C: 22.6%
  G: 26.0%
  T: 25.8%
  none/other: 0.0%

Overview of removed sequences
length	count	expect	max.err	error counts
3	313919	408527.7	0	313919
4	111261	102131.9	0	111261
5	24594	25533.0	0	24594
6	5269	6383.2	0	5269
7	1130	1595.8	0	1130
8	254	399.0	0	254
9	1174	99.7	0	110 1064
10	1595	24.9	1	45 1550
11	573	6.2	1	9 564
12	111	1.6	1	1 110
13	32	0.4	1	1 31
14	7	0.1	1	0 7
15	1	0.0	1	0 1
16	1	0.0	1	0 1
71	1	0.0	3	0 0 1
74	1	0.0	3	0 1


=== Second read: Adapter PrefixPE/2 ===

Sequence: GTGACTGGAGTTCAGACGTGTGCTCTTCCGATCT; Type: regular 3'; Length: 34; Trimmed: 524472 times

No. of allowed errors:
0-9 bp: 0; 10-19 bp: 1; 20-29 bp: 2; 30-34 bp: 3

Bases preceding removed adapters:
  A: 23.1%
  C: 23.9%
  G: 24.5%
  T: 28.5%
  none/other: 0.0%

Overview of removed sequences
length	count	expect	max.err	error counts
3	416561	408527.7	0	416561
4	88927	102131.9	0	88927
5	13837	25533.0	0	13837
6	3029	6383.2	0	3029
7	768	1595.8	0	768
8	116	399.0	0	116
9	545	99.7	0	17 528
10	471	24.9	1	4 467
11	165	6.2	1	0 165
12	34	1.6	1	1 33
13	11	0.4	1	0 11
14	1	0.1	1	0 1
15	1	0.0	1	0 1
18	1	0.0	1	0 1
40	1	0.0	3	1
46	1	0.0	3	0 0 0 1
47	1	0.0	3	0 1
50	1	0.0	3	0 0 1
53	1	0.0	3	1
