This is cutadapt 2.9 with Python 3.6.6
Command line parameters: --interleaved -a file:/nas02/apps/trimmomatic-0.36/Trimmomatic-0.36/adapters/TruSeq3-PE.fa -A file:/nas02/apps/trimmomatic-0.36/Trimmomatic-0.36/adapters/TruSeq3-PE.fa -m 30 /nas/longleaf/home/zpopkinh/Pvivax_resources/wgs_pe_improved_global/fastq/SRS693264/SRR1564692_1.fastq.gz /nas/longleaf/home/zpopkinh/Pvivax_resources/wgs_pe_improved_global/fastq/SRS693264/SRR1564692_2.fastq.gz
Processing reads on 1 core in paired-end mode ...
Finished in 1.37 s (50 us/read; 1.21 M reads/minute).

=== Summary ===

Total read pairs processed:             27,692
  Read 1 with adapter:                     825 (3.0%)
  Read 2 with adapter:                     967 (3.5%)
Pairs written (passing filters):        27,692 (100.0%)

Total basepairs processed:     5,593,784 bp
  Read 1:     2,796,892 bp
  Read 2:     2,796,892 bp
Total written (filtered):      5,587,749 bp (99.9%)
  Read 1:     2,794,058 bp
  Read 2:     2,793,691 bp

=== First read: Adapter PrefixPE/1 ===

Sequence: TACACTCTTTCCCTACACGACGCTCTTCCGATCT; Type: regular 3'; Length: 34; Trimmed: 396 times

No. of allowed errors:
0-9 bp: 0; 10-19 bp: 1; 20-29 bp: 2; 30-34 bp: 3

Bases preceding removed adapters:
  A: 29.0%
  C: 22.2%
  G: 22.0%
  T: 26.8%
  none/other: 0.0%

Overview of removed sequences
length	count	expect	max.err	error counts
3	251	432.7	0	251
4	107	108.2	0	107
5	33	27.0	0	33
6	3	6.8	0	3
10	2	0.0	1	0 2


=== First read: Adapter PrefixPE/2 ===

Sequence: GTGACTGGAGTTCAGACGTGTGCTCTTCCGATCT; Type: regular 3'; Length: 34; Trimmed: 429 times

No. of allowed errors:
0-9 bp: 0; 10-19 bp: 1; 20-29 bp: 2; 30-34 bp: 3

Bases preceding removed adapters:
  A: 28.0%
  C: 13.3%
  G: 26.1%
  T: 32.6%
  none/other: 0.0%

Overview of removed sequences
length	count	expect	max.err	error counts
3	322	432.7	0	322
4	80	108.2	0	80
5	18	27.0	0	18
6	2	6.8	0	2
7	1	1.7	0	1
9	5	0.1	0	0 5
10	1	0.0	1	0 1


=== Second read: Adapter PrefixPE/1 ===

Sequence: TACACTCTTTCCCTACACGACGCTCTTCCGATCT; Type: regular 3'; Length: 34; Trimmed: 434 times

No. of allowed errors:
0-9 bp: 0; 10-19 bp: 1; 20-29 bp: 2; 30-34 bp: 3

Bases preceding removed adapters:
  A: 32.5%
  C: 23.0%
  G: 17.3%
  T: 27.2%
  none/other: 0.0%

Overview of removed sequences
length	count	expect	max.err	error counts
3	307	432.7	0	307
4	103	108.2	0	103
5	18	27.0	0	18
6	3	6.8	0	3
7	1	1.7	0	1
10	2	0.0	1	0 2


=== Second read: Adapter PrefixPE/2 ===

Sequence: GTGACTGGAGTTCAGACGTGTGCTCTTCCGATCT; Type: regular 3'; Length: 34; Trimmed: 533 times

No. of allowed errors:
0-9 bp: 0; 10-19 bp: 1; 20-29 bp: 2; 30-34 bp: 3

Bases preceding removed adapters:
  A: 25.3%
  C: 30.2%
  G: 19.3%
  T: 25.1%
  none/other: 0.0%

Overview of removed sequences
length	count	expect	max.err	error counts
3	432	432.7	0	432
4	83	108.2	0	83
5	11	27.0	0	11
6	3	6.8	0	3
7	1	1.7	0	1
8	2	0.4	0	2
9	1	0.1	0	0 1
