This is cutadapt 2.9 with Python 3.6.6
Command line parameters: --interleaved -a file:/nas02/apps/trimmomatic-0.36/Trimmomatic-0.36/adapters/TruSeq3-PE.fa -A file:/nas02/apps/trimmomatic-0.36/Trimmomatic-0.36/adapters/TruSeq3-PE.fa -m 30 /nas/longleaf/home/zpopkinh/Pvivax_resources/wgs_pe_improved_global/fastq/SRS805942/SRR1738040_1.fastq.gz /nas/longleaf/home/zpopkinh/Pvivax_resources/wgs_pe_improved_global/fastq/SRS805942/SRR1738040_2.fastq.gz
Processing reads on 1 core in paired-end mode ...
Finished in 2251.84 s (80 us/read; 0.75 M reads/minute).

=== Summary ===

Total read pairs processed:         28,096,351
  Read 1 with adapter:               1,025,792 (3.7%)
  Read 2 with adapter:               1,030,780 (3.7%)
Pairs written (passing filters):    28,096,343 (100.0%)

Total basepairs processed: 5,675,462,902 bp
  Read 1: 2,837,731,451 bp
  Read 2: 2,837,731,451 bp
Total written (filtered):  5,668,460,529 bp (99.9%)
  Read 1: 2,834,236,008 bp
  Read 2: 2,834,224,521 bp

=== First read: Adapter PrefixPE/1 ===

Sequence: TACACTCTTTCCCTACACGACGCTCTTCCGATCT; Type: regular 3'; Length: 34; Trimmed: 462585 times

No. of allowed errors:
0-9 bp: 0; 10-19 bp: 1; 20-29 bp: 2; 30-34 bp: 3

Bases preceding removed adapters:
  A: 29.5%
  C: 22.7%
  G: 16.7%
  T: 31.1%
  none/other: 0.0%

Overview of removed sequences
length	count	expect	max.err	error counts
3	304876	439005.5	0	304876
4	125328	109751.4	0	125328
5	21295	27437.8	0	21295
6	5786	6859.5	0	5786
7	1217	1714.9	0	1217
8	378	428.7	0	378
9	1161	107.2	0	119 1042
10	1709	26.8	1	34 1675
11	583	6.7	1	8 575
12	186	1.7	1	3 183
13	45	0.4	1	3 42
14	16	0.1	1	1 15
15	2	0.0	1	0 2
25	1	0.0	2	0 1
32	1	0.0	3	0 0 1
33	1	0.0	3	0 1


=== First read: Adapter PrefixPE/2 ===

Sequence: GTGACTGGAGTTCAGACGTGTGCTCTTCCGATCT; Type: regular 3'; Length: 34; Trimmed: 563207 times

No. of allowed errors:
0-9 bp: 0; 10-19 bp: 1; 20-29 bp: 2; 30-34 bp: 3

Bases preceding removed adapters:
  A: 30.9%
  C: 7.9%
  G: 25.6%
  T: 35.5%
  none/other: 0.0%

Overview of removed sequences
length	count	expect	max.err	error counts
3	416451	439005.5	0	416451
4	117709	109751.4	0	117709
5	18554	27437.8	0	18554
6	5849	6859.5	0	5849
7	1584	1714.9	0	1584
8	379	428.7	0	379
9	957	107.2	0	113 844
10	1119	26.8	1	41 1078
11	446	6.7	1	8 438
12	115	1.7	1	6 109
13	30	0.4	1	0 30
14	8	0.1	1	0 8
15	3	0.0	1	0 3
19	1	0.0	1	0 0 1
20	1	0.0	2	0 0 1
101	1	0.0	3	0 0 0 1


=== Second read: Adapter PrefixPE/1 ===

Sequence: TACACTCTTTCCCTACACGACGCTCTTCCGATCT; Type: regular 3'; Length: 34; Trimmed: 459812 times

No. of allowed errors:
0-9 bp: 0; 10-19 bp: 1; 20-29 bp: 2; 30-34 bp: 3

Bases preceding removed adapters:
  A: 29.5%
  C: 22.8%
  G: 16.7%
  T: 31.0%
  none/other: 0.0%

Overview of removed sequences
length	count	expect	max.err	error counts
3	302963	439005.5	0	302963
4	124991	109751.4	0	124991
5	20869	27437.8	0	20869
6	5662	6859.5	0	5662
7	1230	1714.9	0	1230
8	396	428.7	0	396
9	1178	107.2	0	109 1069
10	1705	26.8	1	54 1651
11	585	6.7	1	7 578
12	163	1.7	1	2 161
13	39	0.4	1	0 39
14	21	0.1	1	1 20
15	6	0.0	1	0 6
16	4	0.0	1	0 4


=== Second read: Adapter PrefixPE/2 ===

Sequence: GTGACTGGAGTTCAGACGTGTGCTCTTCCGATCT; Type: regular 3'; Length: 34; Trimmed: 570968 times

No. of allowed errors:
0-9 bp: 0; 10-19 bp: 1; 20-29 bp: 2; 30-34 bp: 3

Bases preceding removed adapters:
  A: 30.4%
  C: 9.7%
  G: 25.0%
  T: 34.9%
  none/other: 0.0%

Overview of removed sequences
length	count	expect	max.err	error counts
3	425727	439005.5	0	425727
4	116451	109751.4	0	116451
5	18291	27437.8	0	18291
6	5934	6859.5	0	5934
7	1573	1714.9	0	1573
8	374	428.7	0	374
9	894	107.2	0	121 773
10	1108	26.8	1	37 1071
11	456	6.7	1	10 446
12	107	1.7	1	0 107
13	33	0.4	1	0 33
14	5	0.1	1	0 5
15	4	0.0	1	1 3
16	1	0.0	1	0 1
27	1	0.0	2	0 1
48	1	0.0	3	0 1
53	1	0.0	3	0 0 0 1
73	3	0.0	3	0 0 1 2
74	2	0.0	3	0 2
77	1	0.0	3	0 0 0 1
79	1	0.0	3	0 0 0 1
