This is cutadapt 2.9 with Python 3.6.6
Command line parameters: --interleaved -a file:/nas02/apps/trimmomatic-0.36/Trimmomatic-0.36/adapters/TruSeq3-PE.fa -A file:/nas02/apps/trimmomatic-0.36/Trimmomatic-0.36/adapters/TruSeq3-PE.fa -m 30 /nas/longleaf/home/zpopkinh/Pvivax_resources/wgs_pe_improved_global/fastq/ERS666255/ERR925440_1.fastq.gz /nas/longleaf/home/zpopkinh/Pvivax_resources/wgs_pe_improved_global/fastq/ERS666255/ERR925440_2.fastq.gz
Processing reads on 1 core in paired-end mode ...
Finished in 859.14 s (85 us/read; 0.71 M reads/minute).

=== Summary ===

Total read pairs processed:         10,128,259
  Read 1 with adapter:                 311,947 (3.1%)
  Read 2 with adapter:                 306,068 (3.0%)
Pairs written (passing filters):    10,128,257 (100.0%)

Total basepairs processed: 2,025,651,800 bp
  Read 1: 1,012,825,900 bp
  Read 2: 1,012,825,900 bp
Total written (filtered):  2,023,593,734 bp (99.9%)
  Read 1: 1,011,786,767 bp
  Read 2: 1,011,806,967 bp

=== First read: Adapter PrefixPE/1 ===

Sequence: TACACTCTTTCCCTACACGACGCTCTTCCGATCT; Type: regular 3'; Length: 34; Trimmed: 131086 times

No. of allowed errors:
0-9 bp: 0; 10-19 bp: 1; 20-29 bp: 2; 30-34 bp: 3

Bases preceding removed adapters:
  A: 25.2%
  C: 24.0%
  G: 27.2%
  T: 23.7%
  none/other: 0.0%

Overview of removed sequences
length	count	expect	max.err	error counts
3	93184	158254.0	0	93184
4	29823	39563.5	0	29823
5	5890	9890.9	0	5890
6	1183	2472.7	0	1183
7	269	618.2	0	269
8	51	154.5	0	51
9	228	38.6	0	17 211
10	318	9.7	1	7 311
11	112	2.4	1	0 112
12	21	0.6	1	0 21
13	5	0.2	1	0 5
100	2	0.0	3	0 0 0 2


=== First read: Adapter PrefixPE/2 ===

Sequence: GTGACTGGAGTTCAGACGTGTGCTCTTCCGATCT; Type: regular 3'; Length: 34; Trimmed: 180861 times

No. of allowed errors:
0-9 bp: 0; 10-19 bp: 1; 20-29 bp: 2; 30-34 bp: 3

Bases preceding removed adapters:
  A: 17.0%
  C: 25.2%
  G: 38.1%
  T: 19.7%
  none/other: 0.0%

Overview of removed sequences
length	count	expect	max.err	error counts
3	141944	158254.0	0	141944
4	30600	39563.5	0	30600
5	6406	9890.9	0	6406
6	910	2472.7	0	910
7	297	618.2	0	297
8	80	154.5	0	80
9	331	38.6	0	8 323
10	210	9.7	1	2 208
11	60	2.4	1	1 59
12	13	0.6	1	0 13
13	8	0.2	1	0 8
14	1	0.0	1	0 1
15	1	0.0	1	0 1


=== Second read: Adapter PrefixPE/1 ===

Sequence: TACACTCTTTCCCTACACGACGCTCTTCCGATCT; Type: regular 3'; Length: 34; Trimmed: 129307 times

No. of allowed errors:
0-9 bp: 0; 10-19 bp: 1; 20-29 bp: 2; 30-34 bp: 3

Bases preceding removed adapters:
  A: 25.6%
  C: 23.9%
  G: 26.6%
  T: 23.9%
  none/other: 0.0%

Overview of removed sequences
length	count	expect	max.err	error counts
3	92042	158254.0	0	92042
4	29275	39563.5	0	29275
5	5899	9890.9	0	5899
6	1094	2472.7	0	1094
7	254	618.2	0	254
8	41	154.5	0	41
9	257	38.6	0	23 234
10	340	9.7	1	3 337
11	86	2.4	1	1 85
12	12	0.6	1	0 12
13	6	0.2	1	0 6
14	1	0.0	1	0 1


=== Second read: Adapter PrefixPE/2 ===

Sequence: GTGACTGGAGTTCAGACGTGTGCTCTTCCGATCT; Type: regular 3'; Length: 34; Trimmed: 176761 times

No. of allowed errors:
0-9 bp: 0; 10-19 bp: 1; 20-29 bp: 2; 30-34 bp: 3

Bases preceding removed adapters:
  A: 16.8%
  C: 25.2%
  G: 38.3%
  T: 19.7%
  none/other: 0.0%

Overview of removed sequences
length	count	expect	max.err	error counts
3	139300	158254.0	0	139300
4	29281	39563.5	0	29281
5	6327	9890.9	0	6327
6	873	2472.7	0	873
7	287	618.2	0	287
8	81	154.5	0	81
9	335	38.6	0	19 316
10	196	9.7	1	3 193
11	62	2.4	1	0 62
12	13	0.6	1	0 13
13	5	0.2	1	0 5
15	1	0.0	1	0 1
