This is cutadapt 2.9 with Python 3.6.6
Command line parameters: --interleaved -a file:/nas02/apps/trimmomatic-0.36/Trimmomatic-0.36/adapters/TruSeq3-PE.fa -A file:/nas02/apps/trimmomatic-0.36/Trimmomatic-0.36/adapters/TruSeq3-PE.fa -m 30 /nas/longleaf/home/zpopkinh/Pvivax_resources/wgs_pe_improved_global/fastq/SRS693922/SRR1568194_1.fastq.gz /nas/longleaf/home/zpopkinh/Pvivax_resources/wgs_pe_improved_global/fastq/SRS693922/SRR1568194_2.fastq.gz
Processing reads on 1 core in paired-end mode ...
Finished in 514.57 s (64 us/read; 0.93 M reads/minute).

=== Summary ===

Total read pairs processed:          7,987,134
  Read 1 with adapter:                 306,422 (3.8%)
  Read 2 with adapter:                 307,576 (3.9%)
Pairs written (passing filters):     7,987,134 (100.0%)

Total basepairs processed: 1,613,401,068 bp
  Read 1:   806,700,534 bp
  Read 2:   806,700,534 bp
Total written (filtered):  1,611,334,819 bp (99.9%)
  Read 1:   805,667,445 bp
  Read 2:   805,667,374 bp

=== First read: Adapter PrefixPE/1 ===

Sequence: TACACTCTTTCCCTACACGACGCTCTTCCGATCT; Type: regular 3'; Length: 34; Trimmed: 142025 times

No. of allowed errors:
0-9 bp: 0; 10-19 bp: 1; 20-29 bp: 2; 30-34 bp: 3

Bases preceding removed adapters:
  A: 25.5%
  C: 24.2%
  G: 26.5%
  T: 23.8%
  none/other: 0.0%

Overview of removed sequences
length	count	expect	max.err	error counts
3	96159	124799.0	0	96159
4	33836	31199.7	0	33836
5	8696	7799.9	0	8696
6	1972	1950.0	0	1972
7	378	487.5	0	378
8	36	121.9	0	36
9	315	30.5	0	10 305
10	442	7.6	1	1 441
11	139	1.9	1	0 139
12	34	0.5	1	0 34
13	18	0.1	1	0 18


=== First read: Adapter PrefixPE/2 ===

Sequence: GTGACTGGAGTTCAGACGTGTGCTCTTCCGATCT; Type: regular 3'; Length: 34; Trimmed: 164397 times

No. of allowed errors:
0-9 bp: 0; 10-19 bp: 1; 20-29 bp: 2; 30-34 bp: 3

Bases preceding removed adapters:
  A: 21.7%
  C: 20.0%
  G: 27.4%
  T: 30.9%
  none/other: 0.0%

Overview of removed sequences
length	count	expect	max.err	error counts
3	128200	124799.0	0	128200
4	28727	31199.7	0	28727
5	5040	7799.9	0	5040
6	1393	1950.0	0	1393
7	552	487.5	0	552
8	43	121.9	0	43
9	171	30.5	0	7 164
10	200	7.6	1	17 183
11	70	1.9	1	7 63
13	1	0.1	1	0 1


=== Second read: Adapter PrefixPE/1 ===

Sequence: TACACTCTTTCCCTACACGACGCTCTTCCGATCT; Type: regular 3'; Length: 34; Trimmed: 142102 times

No. of allowed errors:
0-9 bp: 0; 10-19 bp: 1; 20-29 bp: 2; 30-34 bp: 3

Bases preceding removed adapters:
  A: 26.0%
  C: 23.7%
  G: 26.5%
  T: 23.7%
  none/other: 0.0%

Overview of removed sequences
length	count	expect	max.err	error counts
3	96653	124799.0	0	96653
4	33904	31199.7	0	33904
5	8340	7799.9	0	8340
6	1856	1950.0	0	1856
7	419	487.5	0	419
8	52	121.9	0	52
9	402	30.5	0	54 348
10	327	7.6	1	0 327
11	100	1.9	1	0 100
12	28	0.5	1	0 28
13	19	0.1	1	0 19
14	2	0.0	1	0 2


=== Second read: Adapter PrefixPE/2 ===

Sequence: GTGACTGGAGTTCAGACGTGTGCTCTTCCGATCT; Type: regular 3'; Length: 34; Trimmed: 165474 times

No. of allowed errors:
0-9 bp: 0; 10-19 bp: 1; 20-29 bp: 2; 30-34 bp: 3

Bases preceding removed adapters:
  A: 22.2%
  C: 21.2%
  G: 27.1%
  T: 29.5%
  none/other: 0.0%

Overview of removed sequences
length	count	expect	max.err	error counts
3	130158	124799.0	0	130158
4	28564	31199.7	0	28564
5	4461	7799.9	0	4461
6	1470	1950.0	0	1470
7	407	487.5	0	407
8	29	121.9	0	29
9	142	30.5	0	12 130
10	100	7.6	1	14 86
11	130	1.9	1	0 130
12	12	0.5	1	0 12
13	1	0.1	1	0 1
