This is cutadapt 2.9 with Python 3.6.6
Command line parameters: --interleaved -a file:/nas02/apps/trimmomatic-0.36/Trimmomatic-0.36/adapters/TruSeq3-PE.fa -A file:/nas02/apps/trimmomatic-0.36/Trimmomatic-0.36/adapters/TruSeq3-PE.fa -m 30 /nas/longleaf/home/zpopkinh/Pvivax_resources/wgs_pe_improved_global/fastq/SRS693922/SRR1568200_1.fastq.gz /nas/longleaf/home/zpopkinh/Pvivax_resources/wgs_pe_improved_global/fastq/SRS693922/SRR1568200_2.fastq.gz
Processing reads on 1 core in paired-end mode ...
Finished in 1104.92 s (75 us/read; 0.80 M reads/minute).

=== Summary ===

Total read pairs processed:         14,675,251
  Read 1 with adapter:                 561,596 (3.8%)
  Read 2 with adapter:                 563,651 (3.8%)
Pairs written (passing filters):    14,675,250 (100.0%)

Total basepairs processed: 2,964,400,702 bp
  Read 1: 1,482,200,351 bp
  Read 2: 1,482,200,351 bp
Total written (filtered):  2,960,610,870 bp (99.9%)
  Read 1: 1,480,307,953 bp
  Read 2: 1,480,302,917 bp

=== First read: Adapter PrefixPE/1 ===

Sequence: TACACTCTTTCCCTACACGACGCTCTTCCGATCT; Type: regular 3'; Length: 34; Trimmed: 268664 times

No. of allowed errors:
0-9 bp: 0; 10-19 bp: 1; 20-29 bp: 2; 30-34 bp: 3

Bases preceding removed adapters:
  A: 25.7%
  C: 23.5%
  G: 26.5%
  T: 24.3%
  none/other: 0.0%

Overview of removed sequences
length	count	expect	max.err	error counts
3	182605	229300.8	0	182605
4	63886	57325.2	0	63886
5	15920	14331.3	0	15920
6	3596	3582.8	0	3596
7	686	895.7	0	686
8	101	223.9	0	101
9	715	56.0	0	54 661
10	857	14.0	1	14 843
11	232	3.5	1	3 229
12	47	0.9	1	0 47
13	8	0.2	1	0 8
14	9	0.1	1	0 9
61	1	0.0	3	0 0 0 1
75	1	0.0	3	1


=== First read: Adapter PrefixPE/2 ===

Sequence: GTGACTGGAGTTCAGACGTGTGCTCTTCCGATCT; Type: regular 3'; Length: 34; Trimmed: 292932 times

No. of allowed errors:
0-9 bp: 0; 10-19 bp: 1; 20-29 bp: 2; 30-34 bp: 3

Bases preceding removed adapters:
  A: 22.0%
  C: 20.0%
  G: 27.2%
  T: 30.8%
  none/other: 0.0%

Overview of removed sequences
length	count	expect	max.err	error counts
3	228989	229300.8	0	228989
4	51342	57325.2	0	51342
5	8308	14331.3	0	8308
6	2650	3582.8	0	2650
7	735	895.7	0	735
8	110	223.9	0	110
9	313	56.0	0	30 283
10	257	14.0	1	15 242
11	192	3.5	1	0 192
12	29	0.9	1	0 29
13	6	0.2	1	0 6
15	1	0.0	1	0 1


=== Second read: Adapter PrefixPE/1 ===

Sequence: TACACTCTTTCCCTACACGACGCTCTTCCGATCT; Type: regular 3'; Length: 34; Trimmed: 264713 times

No. of allowed errors:
0-9 bp: 0; 10-19 bp: 1; 20-29 bp: 2; 30-34 bp: 3

Bases preceding removed adapters:
  A: 25.6%
  C: 23.5%
  G: 26.6%
  T: 24.3%
  none/other: 0.0%

Overview of removed sequences
length	count	expect	max.err	error counts
3	180128	229300.8	0	180128
4	62713	57325.2	0	62713
5	15798	14331.3	0	15798
6	3402	3582.8	0	3402
7	779	895.7	0	779
8	91	223.9	0	91
9	730	56.0	0	71 659
10	747	14.0	1	14 733
11	259	3.5	1	0 259
12	48	0.9	1	0 48
13	15	0.2	1	0 15
14	2	0.1	1	0 2
15	1	0.0	1	0 1


=== Second read: Adapter PrefixPE/2 ===

Sequence: GTGACTGGAGTTCAGACGTGTGCTCTTCCGATCT; Type: regular 3'; Length: 34; Trimmed: 298938 times

No. of allowed errors:
0-9 bp: 0; 10-19 bp: 1; 20-29 bp: 2; 30-34 bp: 3

Bases preceding removed adapters:
  A: 21.8%
  C: 22.1%
  G: 26.4%
  T: 29.7%
  none/other: 0.0%

Overview of removed sequences
length	count	expect	max.err	error counts
3	234657	229300.8	0	234657
4	51089	57325.2	0	51089
5	8840	14331.3	0	8840
6	2730	3582.8	0	2730
7	692	895.7	0	692
8	118	223.9	0	118
9	361	56.0	0	14 347
10	277	14.0	1	19 258
11	155	3.5	1	0 155
12	8	0.9	1	0 8
13	6	0.2	1	0 6
15	1	0.0	1	0 1
46	1	0.0	3	0 0 0 1
47	1	0.0	3	0 0 0 1
54	1	0.0	3	0 0 1
56	1	0.0	3	0 0 1
