This is cutadapt 2.9 with Python 3.6.6
Command line parameters: --interleaved -a file:/nas02/apps/trimmomatic-0.36/Trimmomatic-0.36/adapters/TruSeq3-PE.fa -A file:/nas02/apps/trimmomatic-0.36/Trimmomatic-0.36/adapters/TruSeq3-PE.fa -m 30 /nas/longleaf/home/zpopkinh/Pvivax_resources/wgs_pe_improved_global/fastq/SRS693922/SRR1564619_1.fastq.gz /nas/longleaf/home/zpopkinh/Pvivax_resources/wgs_pe_improved_global/fastq/SRS693922/SRR1564619_2.fastq.gz
Processing reads on 1 core in paired-end mode ...
Finished in 0.94 s (50 us/read; 1.20 M reads/minute).

=== Summary ===

Total read pairs processed:             18,870
  Read 1 with adapter:                     581 (3.1%)
  Read 2 with adapter:                     628 (3.3%)
Pairs written (passing filters):        18,870 (100.0%)

Total basepairs processed:     3,811,740 bp
  Read 1:     1,905,870 bp
  Read 2:     1,905,870 bp
Total written (filtered):      3,807,578 bp (99.9%)
  Read 1:     1,903,863 bp
  Read 2:     1,903,715 bp

=== First read: Adapter PrefixPE/1 ===

Sequence: TACACTCTTTCCCTACACGACGCTCTTCCGATCT; Type: regular 3'; Length: 34; Trimmed: 337 times

No. of allowed errors:
0-9 bp: 0; 10-19 bp: 1; 20-29 bp: 2; 30-34 bp: 3

Bases preceding removed adapters:
  A: 29.4%
  C: 27.3%
  G: 17.2%
  T: 26.1%
  none/other: 0.0%

Overview of removed sequences
length	count	expect	max.err	error counts
3	215	294.8	0	215
4	86	73.7	0	86
5	22	18.4	0	22
6	8	4.6	0	8
7	1	1.2	0	1
9	1	0.1	0	0 1
10	1	0.0	1	0 1
11	3	0.0	1	0 3


=== First read: Adapter PrefixPE/2 ===

Sequence: GTGACTGGAGTTCAGACGTGTGCTCTTCCGATCT; Type: regular 3'; Length: 34; Trimmed: 244 times

No. of allowed errors:
0-9 bp: 0; 10-19 bp: 1; 20-29 bp: 2; 30-34 bp: 3

Bases preceding removed adapters:
  A: 27.5%
  C: 13.9%
  G: 26.2%
  T: 32.4%
  none/other: 0.0%

Overview of removed sequences
length	count	expect	max.err	error counts
3	199	294.8	0	199
4	31	73.7	0	31
5	12	18.4	0	12
10	2	0.0	1	0 2


=== Second read: Adapter PrefixPE/1 ===

Sequence: TACACTCTTTCCCTACACGACGCTCTTCCGATCT; Type: regular 3'; Length: 34; Trimmed: 306 times

No. of allowed errors:
0-9 bp: 0; 10-19 bp: 1; 20-29 bp: 2; 30-34 bp: 3

Bases preceding removed adapters:
  A: 31.0%
  C: 24.5%
  G: 17.3%
  T: 27.1%
  none/other: 0.0%

Overview of removed sequences
length	count	expect	max.err	error counts
3	189	294.8	0	189
4	91	73.7	0	91
5	14	18.4	0	14
6	6	4.6	0	6
7	1	1.2	0	1
8	2	0.3	0	2
9	2	0.1	0	0 2
11	1	0.0	1	0 1


=== Second read: Adapter PrefixPE/2 ===

Sequence: GTGACTGGAGTTCAGACGTGTGCTCTTCCGATCT; Type: regular 3'; Length: 34; Trimmed: 322 times

No. of allowed errors:
0-9 bp: 0; 10-19 bp: 1; 20-29 bp: 2; 30-34 bp: 3

Bases preceding removed adapters:
  A: 24.5%
  C: 27.3%
  G: 24.2%
  T: 23.9%
  none/other: 0.0%

Overview of removed sequences
length	count	expect	max.err	error counts
3	258	294.8	0	258
4	46	73.7	0	46
5	11	18.4	0	11
6	3	4.6	0	3
7	2	1.2	0	2
10	1	0.0	1	0 1
11	1	0.0	1	0 1
