This is cutadapt 2.9 with Python 3.6.6
Command line parameters: --interleaved -a file:/nas02/apps/trimmomatic-0.36/Trimmomatic-0.36/adapters/TruSeq3-PE.fa -A file:/nas02/apps/trimmomatic-0.36/Trimmomatic-0.36/adapters/TruSeq3-PE.fa -m 30 /nas/longleaf/home/zpopkinh/Pvivax_resources/wgs_pe_improved_global/fastq/SRS693922/SRR1568220_1.fastq.gz /nas/longleaf/home/zpopkinh/Pvivax_resources/wgs_pe_improved_global/fastq/SRS693922/SRR1568220_2.fastq.gz
Processing reads on 1 core in paired-end mode ...
Finished in 1580.13 s (81 us/read; 0.74 M reads/minute).

=== Summary ===

Total read pairs processed:         19,546,059
  Read 1 with adapter:                 752,153 (3.8%)
  Read 2 with adapter:                 754,304 (3.9%)
Pairs written (passing filters):    19,546,059 (100.0%)

Total basepairs processed: 3,948,303,918 bp
  Read 1: 1,974,151,959 bp
  Read 2: 1,974,151,959 bp
Total written (filtered):  3,943,231,149 bp (99.9%)
  Read 1: 1,971,619,419 bp
  Read 2: 1,971,611,730 bp

=== First read: Adapter PrefixPE/1 ===

Sequence: TACACTCTTTCCCTACACGACGCTCTTCCGATCT; Type: regular 3'; Length: 34; Trimmed: 358119 times

No. of allowed errors:
0-9 bp: 0; 10-19 bp: 1; 20-29 bp: 2; 30-34 bp: 3

Bases preceding removed adapters:
  A: 25.4%
  C: 23.8%
  G: 26.4%
  T: 24.4%
  none/other: 0.0%

Overview of removed sequences
length	count	expect	max.err	error counts
3	243314	305407.2	0	243314
4	85334	76351.8	0	85334
5	21658	19087.9	0	21658
6	4615	4772.0	0	4615
7	901	1193.0	0	901
8	190	298.2	0	190
9	909	74.6	0	71 838
10	921	18.6	1	17 904
11	220	4.7	1	1 219
12	44	1.2	1	0 44
13	6	0.3	1	0 6
14	7	0.1	1	0 7


=== First read: Adapter PrefixPE/2 ===

Sequence: GTGACTGGAGTTCAGACGTGTGCTCTTCCGATCT; Type: regular 3'; Length: 34; Trimmed: 394034 times

No. of allowed errors:
0-9 bp: 0; 10-19 bp: 1; 20-29 bp: 2; 30-34 bp: 3

Bases preceding removed adapters:
  A: 21.8%
  C: 19.9%
  G: 27.5%
  T: 30.7%
  none/other: 0.0%

Overview of removed sequences
length	count	expect	max.err	error counts
3	307512	305407.2	0	307512
4	69470	76351.8	0	69470
5	11258	19087.9	0	11258
6	3521	4772.0	0	3521
7	1099	1193.0	0	1099
8	132	298.2	0	132
9	415	74.6	0	11 404
10	307	18.6	1	43 264
11	290	4.7	1	0 290
12	26	1.2	1	0 26
13	4	0.3	1	0 4


=== Second read: Adapter PrefixPE/1 ===

Sequence: TACACTCTTTCCCTACACGACGCTCTTCCGATCT; Type: regular 3'; Length: 34; Trimmed: 352670 times

No. of allowed errors:
0-9 bp: 0; 10-19 bp: 1; 20-29 bp: 2; 30-34 bp: 3

Bases preceding removed adapters:
  A: 25.4%
  C: 24.0%
  G: 26.2%
  T: 24.4%
  none/other: 0.0%

Overview of removed sequences
length	count	expect	max.err	error counts
3	238474	305407.2	0	238474
4	84408	76351.8	0	84408
5	21523	19087.9	0	21523
6	4772	4772.0	0	4772
7	920	1193.0	0	920
8	194	298.2	0	194
9	817	74.6	0	50 767
10	1191	18.6	1	18 1173
11	266	4.7	1	2 264
12	74	1.2	1	1 73
13	20	0.3	1	0 20
14	9	0.1	1	0 9
15	2	0.0	1	0 2


=== Second read: Adapter PrefixPE/2 ===

Sequence: GTGACTGGAGTTCAGACGTGTGCTCTTCCGATCT; Type: regular 3'; Length: 34; Trimmed: 401634 times

No. of allowed errors:
0-9 bp: 0; 10-19 bp: 1; 20-29 bp: 2; 30-34 bp: 3

Bases preceding removed adapters:
  A: 21.6%
  C: 21.9%
  G: 26.5%
  T: 29.9%
  none/other: 0.0%

Overview of removed sequences
length	count	expect	max.err	error counts
3	315996	305407.2	0	315996
4	68244	76351.8	0	68244
5	11417	19087.9	0	11417
6	3675	4772.0	0	3675
7	1119	1193.0	0	1119
8	226	298.2	0	226
9	413	74.6	0	29 384
10	272	18.6	1	23 249
11	219	4.7	1	0 219
12	33	1.2	1	0 33
13	13	0.3	1	0 13
14	1	0.1	1	0 1
23	1	0.0	2	0 0 1
46	2	0.0	3	0 0 1 1
47	1	0.0	3	0 0 0 1
58	2	0.0	3	0 0 1 1
