This is cutadapt 2.9 with Python 3.6.6
Command line parameters: --interleaved -a file:/nas02/apps/trimmomatic-0.36/Trimmomatic-0.36/adapters/TruSeq3-PE.fa -A file:/nas02/apps/trimmomatic-0.36/Trimmomatic-0.36/adapters/TruSeq3-PE.fa -m 30 /nas/longleaf/home/zpopkinh/Pvivax_resources/wgs_pe_improved_global/fastq/SRS693491/SRR1562872_1.fastq.gz /nas/longleaf/home/zpopkinh/Pvivax_resources/wgs_pe_improved_global/fastq/SRS693491/SRR1562872_2.fastq.gz
Processing reads on 1 core in paired-end mode ...
Finished in 2069.04 s (87 us/read; 0.69 M reads/minute).

=== Summary ===

Total read pairs processed:         23,854,885
  Read 1 with adapter:                 876,071 (3.7%)
  Read 2 with adapter:                 885,459 (3.7%)
Pairs written (passing filters):    23,854,883 (100.0%)

Total basepairs processed: 4,818,686,770 bp
  Read 1: 2,409,343,385 bp
  Read 2: 2,409,343,385 bp
Total written (filtered):  4,812,686,461 bp (99.9%)
  Read 1: 2,406,356,017 bp
  Read 2: 2,406,330,444 bp

=== First read: Adapter PrefixPE/1 ===

Sequence: TACACTCTTTCCCTACACGACGCTCTTCCGATCT; Type: regular 3'; Length: 34; Trimmed: 351720 times

No. of allowed errors:
0-9 bp: 0; 10-19 bp: 1; 20-29 bp: 2; 30-34 bp: 3

Bases preceding removed adapters:
  A: 21.9%
  C: 24.2%
  G: 26.9%
  T: 27.0%
  none/other: 0.0%

Overview of removed sequences
length	count	expect	max.err	error counts
3	239810	372732.6	0	239810
4	78412	93183.1	0	78412
5	23874	23295.8	0	23874
6	4913	5823.9	0	4913
7	1025	1456.0	0	1025
8	375	364.0	0	375
9	1127	91.0	0	94 1033
10	1447	22.7	1	78 1369
11	595	5.7	1	0 595
12	102	1.4	1	0 102
13	24	0.4	1	0 24
14	9	0.1	1	0 9
15	5	0.0	1	0 5
101	2	0.0	3	0 0 2


=== First read: Adapter PrefixPE/2 ===

Sequence: GTGACTGGAGTTCAGACGTGTGCTCTTCCGATCT; Type: regular 3'; Length: 34; Trimmed: 524351 times

No. of allowed errors:
0-9 bp: 0; 10-19 bp: 1; 20-29 bp: 2; 30-34 bp: 3

Bases preceding removed adapters:
  A: 25.4%
  C: 18.9%
  G: 28.9%
  T: 26.7%
  none/other: 0.0%

Overview of removed sequences
length	count	expect	max.err	error counts
3	400482	372732.6	0	400482
4	95833	93183.1	0	95833
5	19607	23295.8	0	19607
6	2057	5823.9	0	2057
7	455	1456.0	0	455
8	84	364.0	0	84
9	396	91.0	0	2 394
10	243	22.7	1	0 243
11	5170	5.7	1	0 5170
12	20	1.4	1	0 20
13	2	0.4	1	0 2
14	2	0.1	1	0 2


=== Second read: Adapter PrefixPE/1 ===

Sequence: TACACTCTTTCCCTACACGACGCTCTTCCGATCT; Type: regular 3'; Length: 34; Trimmed: 350999 times

No. of allowed errors:
0-9 bp: 0; 10-19 bp: 1; 20-29 bp: 2; 30-34 bp: 3

Bases preceding removed adapters:
  A: 22.4%
  C: 24.2%
  G: 26.5%
  T: 27.0%
  none/other: 0.0%

Overview of removed sequences
length	count	expect	max.err	error counts
3	239108	372732.6	0	239108
4	79593	93183.1	0	79593
5	23045	23295.8	0	23045
6	4859	5823.9	0	4859
7	1035	1456.0	0	1035
8	455	364.0	0	455
9	959	91.0	0	125 834
10	1322	22.7	1	68 1254
11	499	5.7	1	2 497
12	74	1.4	1	0 74
13	34	0.4	1	0 34
14	5	0.1	1	0 5
15	11	0.0	1	0 11


=== Second read: Adapter PrefixPE/2 ===

Sequence: GTGACTGGAGTTCAGACGTGTGCTCTTCCGATCT; Type: regular 3'; Length: 34; Trimmed: 534460 times

No. of allowed errors:
0-9 bp: 0; 10-19 bp: 1; 20-29 bp: 2; 30-34 bp: 3

Bases preceding removed adapters:
  A: 25.2%
  C: 21.0%
  G: 28.0%
  T: 25.8%
  none/other: 0.0%

Overview of removed sequences
length	count	expect	max.err	error counts
3	411071	372732.6	0	411071
4	95432	93183.1	0	95432
5	19381	23295.8	0	19381
6	2108	5823.9	0	2108
7	378	1456.0	0	378
8	54	364.0	0	54
9	415	91.0	0	11 404
10	302	22.7	1	4 298
11	5292	5.7	1	0 5292
12	21	1.4	1	1 20
13	1	0.4	1	0 1
14	5	0.1	1	0 5
