This is cutadapt 2.9 with Python 3.6.6
Command line parameters: --interleaved -a file:/nas02/apps/trimmomatic-0.36/Trimmomatic-0.36/adapters/TruSeq3-PE.fa -A file:/nas02/apps/trimmomatic-0.36/Trimmomatic-0.36/adapters/TruSeq3-PE.fa -m 30 /nas/longleaf/home/zpopkinh/Pvivax_resources/wgs_pe_improved_global/fastq/SRS693491/SRR1568173_1.fastq.gz /nas/longleaf/home/zpopkinh/Pvivax_resources/wgs_pe_improved_global/fastq/SRS693491/SRR1568173_2.fastq.gz
Processing reads on 1 core in paired-end mode ...
Finished in 4090.97 s (113 us/read; 0.53 M reads/minute).

=== Summary ===

Total read pairs processed:         36,098,585
  Read 1 with adapter:               1,330,356 (3.7%)
  Read 2 with adapter:               1,340,089 (3.7%)
Pairs written (passing filters):    36,098,585 (100.0%)

Total basepairs processed: 7,291,914,170 bp
  Read 1: 3,645,957,085 bp
  Read 2: 3,645,957,085 bp
Total written (filtered):  7,282,807,576 bp (99.9%)
  Read 1: 3,641,420,625 bp
  Read 2: 3,641,386,951 bp

=== First read: Adapter PrefixPE/1 ===

Sequence: TACACTCTTTCCCTACACGACGCTCTTCCGATCT; Type: regular 3'; Length: 34; Trimmed: 525098 times

No. of allowed errors:
0-9 bp: 0; 10-19 bp: 1; 20-29 bp: 2; 30-34 bp: 3

Bases preceding removed adapters:
  A: 21.5%
  C: 24.4%
  G: 26.7%
  T: 27.5%
  none/other: 0.0%

Overview of removed sequences
length	count	expect	max.err	error counts
3	359584	564040.4	0	359584
4	115941	141010.1	0	115941
5	35053	35252.5	0	35053
6	7991	8813.1	0	7991
7	1368	2203.3	0	1368
8	548	550.8	0	548
9	1534	137.7	0	183 1351
10	2006	34.4	1	202 1804
11	853	8.6	1	0 853
12	141	2.2	1	0 141
13	50	0.5	1	1 49
14	1	0.1	1	0 1
15	26	0.0	1	0 26
16	1	0.0	1	0 1
51	1	0.0	3	0 0 0 1


=== First read: Adapter PrefixPE/2 ===

Sequence: GTGACTGGAGTTCAGACGTGTGCTCTTCCGATCT; Type: regular 3'; Length: 34; Trimmed: 805258 times

No. of allowed errors:
0-9 bp: 0; 10-19 bp: 1; 20-29 bp: 2; 30-34 bp: 3

Bases preceding removed adapters:
  A: 25.1%
  C: 19.1%
  G: 29.2%
  T: 26.5%
  none/other: 0.0%

Overview of removed sequences
length	count	expect	max.err	error counts
3	612872	564040.4	0	612872
4	148317	141010.1	0	148317
5	31245	35252.5	0	31245
6	2974	8813.1	0	2974
7	492	2203.3	0	492
8	68	550.8	0	68
9	528	137.7	0	2 526
10	406	34.4	1	2 404
11	8326	8.6	1	0 8326
12	22	2.2	1	0 22
13	4	0.5	1	0 4
14	4	0.1	1	0 4


=== Second read: Adapter PrefixPE/1 ===

Sequence: TACACTCTTTCCCTACACGACGCTCTTCCGATCT; Type: regular 3'; Length: 34; Trimmed: 522678 times

No. of allowed errors:
0-9 bp: 0; 10-19 bp: 1; 20-29 bp: 2; 30-34 bp: 3

Bases preceding removed adapters:
  A: 21.9%
  C: 24.2%
  G: 26.5%
  T: 27.3%
  none/other: 0.0%

Overview of removed sequences
length	count	expect	max.err	error counts
3	355109	564040.4	0	355109
4	119430	141010.1	0	119430
5	34445	35252.5	0	34445
6	6844	8813.1	0	6844
7	1708	2203.3	0	1708
8	659	550.8	0	659
9	1769	137.7	0	190 1579
10	1802	34.4	1	96 1706
11	755	8.6	1	1 754
12	92	2.2	1	1 91
13	59	0.5	1	0 59
14	6	0.1	1	0 6


=== Second read: Adapter PrefixPE/2 ===

Sequence: GTGACTGGAGTTCAGACGTGTGCTCTTCCGATCT; Type: regular 3'; Length: 34; Trimmed: 817411 times

No. of allowed errors:
0-9 bp: 0; 10-19 bp: 1; 20-29 bp: 2; 30-34 bp: 3

Bases preceding removed adapters:
  A: 25.4%
  C: 20.5%
  G: 28.4%
  T: 25.7%
  none/other: 0.0%

Overview of removed sequences
length	count	expect	max.err	error counts
3	624650	564040.4	0	624650
4	148232	141010.1	0	148232
5	30830	35252.5	0	30830
6	2978	8813.1	0	2978
7	639	2203.3	0	639
8	117	550.8	0	117
9	625	137.7	0	7 618
10	365	34.4	1	2 363
11	8920	8.6	1	0 8920
12	47	2.2	1	0 47
13	7	0.5	1	0 7
14	1	0.1	1	0 1
