This is cutadapt 2.9 with Python 3.6.6
Command line parameters: --interleaved -a file:/nas02/apps/trimmomatic-0.36/Trimmomatic-0.36/adapters/TruSeq3-PE.fa -A file:/nas02/apps/trimmomatic-0.36/Trimmomatic-0.36/adapters/TruSeq3-PE.fa -m 30 /nas/longleaf/home/zpopkinh/Pvivax_resources/wgs_pe_improved_global/fastq/SRS693491/SRR1568124_1.fastq.gz /nas/longleaf/home/zpopkinh/Pvivax_resources/wgs_pe_improved_global/fastq/SRS693491/SRR1568124_2.fastq.gz
Processing reads on 1 core in paired-end mode ...
Finished in 2673.15 s (87 us/read; 0.69 M reads/minute).

=== Summary ===

Total read pairs processed:         30,814,706
  Read 1 with adapter:               1,144,078 (3.7%)
  Read 2 with adapter:               1,157,412 (3.8%)
Pairs written (passing filters):    30,814,706 (100.0%)

Total basepairs processed: 6,224,570,612 bp
  Read 1: 3,112,285,306 bp
  Read 2: 3,112,285,306 bp
Total written (filtered):  6,216,722,594 bp (99.9%)
  Read 1: 3,108,384,774 bp
  Read 2: 3,108,337,820 bp

=== First read: Adapter PrefixPE/1 ===

Sequence: TACACTCTTTCCCTACACGACGCTCTTCCGATCT; Type: regular 3'; Length: 34; Trimmed: 470010 times

No. of allowed errors:
0-9 bp: 0; 10-19 bp: 1; 20-29 bp: 2; 30-34 bp: 3

Bases preceding removed adapters:
  A: 22.4%
  C: 24.1%
  G: 26.5%
  T: 27.0%
  none/other: 0.0%

Overview of removed sequences
length	count	expect	max.err	error counts
3	319545	481479.8	0	319545
4	105853	120369.9	0	105853
5	31360	30092.5	0	31360
6	6767	7523.1	0	6767
7	1362	1880.8	0	1362
8	539	470.2	0	539
9	1743	117.5	0	187 1556
10	1859	29.4	1	99 1760
11	820	7.3	1	3 817
12	103	1.8	1	0 103
13	33	0.5	1	0 33
14	15	0.1	1	0 15
15	11	0.0	1	0 11


=== First read: Adapter PrefixPE/2 ===

Sequence: GTGACTGGAGTTCAGACGTGTGCTCTTCCGATCT; Type: regular 3'; Length: 34; Trimmed: 674068 times

No. of allowed errors:
0-9 bp: 0; 10-19 bp: 1; 20-29 bp: 2; 30-34 bp: 3

Bases preceding removed adapters:
  A: 25.2%
  C: 18.8%
  G: 28.7%
  T: 27.2%
  none/other: 0.0%

Overview of removed sequences
length	count	expect	max.err	error counts
3	516352	481479.8	0	516352
4	121791	120369.9	0	121791
5	25263	30092.5	0	25263
6	2796	7523.1	0	2796
7	543	1880.8	0	543
8	102	470.2	0	102
9	522	117.5	0	4 518
10	443	29.4	1	6 437
11	6234	7.3	1	0 6234
12	19	1.8	1	0 19
14	3	0.1	1	0 3


=== Second read: Adapter PrefixPE/1 ===

Sequence: TACACTCTTTCCCTACACGACGCTCTTCCGATCT; Type: regular 3'; Length: 34; Trimmed: 470551 times

No. of allowed errors:
0-9 bp: 0; 10-19 bp: 1; 20-29 bp: 2; 30-34 bp: 3

Bases preceding removed adapters:
  A: 22.8%
  C: 24.0%
  G: 26.0%
  T: 27.3%
  none/other: 0.0%

Overview of removed sequences
length	count	expect	max.err	error counts
3	318571	481479.8	0	318571
4	106860	120369.9	0	106860
5	31778	30092.5	0	31778
6	6565	7523.1	0	6565
7	1519	1880.8	0	1519
8	606	470.2	0	606
9	1739	117.5	0	221 1518
10	1950	29.4	1	107 1843
11	821	7.3	1	0 821
12	95	1.8	1	1 94
13	33	0.5	1	0 33
14	12	0.1	1	0 12
15	2	0.0	1	0 2


=== Second read: Adapter PrefixPE/2 ===

Sequence: GTGACTGGAGTTCAGACGTGTGCTCTTCCGATCT; Type: regular 3'; Length: 34; Trimmed: 686861 times

No. of allowed errors:
0-9 bp: 0; 10-19 bp: 1; 20-29 bp: 2; 30-34 bp: 3

Bases preceding removed adapters:
  A: 25.0%
  C: 20.8%
  G: 28.0%
  T: 26.2%
  none/other: 0.0%

Overview of removed sequences
length	count	expect	max.err	error counts
3	527047	481479.8	0	527047
4	123712	120369.9	0	123712
5	25042	30092.5	0	25042
6	2850	7523.1	0	2850
7	526	1880.8	0	526
8	115	470.2	0	115
9	569	117.5	0	5 564
10	455	29.4	1	6 449
11	6504	7.3	1	1 6503
12	29	1.8	1	0 29
13	9	0.5	1	1 8
14	3	0.1	1	0 3
