This is cutadapt 2.9 with Python 3.6.6
Command line parameters: --interleaved -a file:/nas02/apps/trimmomatic-0.36/Trimmomatic-0.36/adapters/TruSeq3-PE.fa -A file:/nas02/apps/trimmomatic-0.36/Trimmomatic-0.36/adapters/TruSeq3-PE.fa -m 30 /nas/longleaf/home/zpopkinh/Pvivax_resources/wgs_pe_improved_global/fastq/SRS3371817/SRR7255039_1.fastq.gz /nas/longleaf/home/zpopkinh/Pvivax_resources/wgs_pe_improved_global/fastq/SRS3371817/SRR7255039_2.fastq.gz
Processing reads on 1 core in paired-end mode ...
Finished in 5419.15 s (303 us/read; 0.20 M reads/minute).

=== Summary ===

Total read pairs processed:         17,912,283
  Read 1 with adapter:                 759,376 (4.2%)
  Read 2 with adapter:                 766,395 (4.3%)
Pairs written (passing filters):    17,912,177 (100.0%)

Total basepairs processed: 8,716,107,025 bp
  Read 1: 4,354,938,678 bp
  Read 2: 4,361,168,347 bp
Total written (filtered):  8,711,119,841 bp (99.9%)
  Read 1: 4,352,452,809 bp
  Read 2: 4,358,667,032 bp

=== First read: Adapter PrefixPE/1 ===

Sequence: TACACTCTTTCCCTACACGACGCTCTTCCGATCT; Type: regular 3'; Length: 34; Trimmed: 357308 times

No. of allowed errors:
0-9 bp: 0; 10-19 bp: 1; 20-29 bp: 2; 30-34 bp: 3

Bases preceding removed adapters:
  A: 26.5%
  C: 21.1%
  G: 24.8%
  T: 27.6%
  none/other: 0.0%

Overview of removed sequences
length	count	expect	max.err	error counts
3	287391	279879.4	0	287391
4	35509	69969.9	0	35509
5	25920	17492.5	0	25920
6	4142	4373.1	0	4142
7	1006	1093.3	0	1006
8	219	273.3	0	219
9	1247	68.3	0	106 1141
10	1231	17.1	1	38 1193
11	443	4.3	1	7 436
12	121	1.1	1	4 117
13	36	0.3	1	2 34
14	10	0.1	1	0 10
56	1	0.0	3	0 0 0 1
64	1	0.0	3	1
79	1	0.0	3	0 0 1
101	1	0.0	3	1
108	1	0.0	3	0 0 0 1
132	1	0.0	3	0 0 1
133	2	0.0	3	0 0 2
137	1	0.0	3	0 0 1
139	1	0.0	3	1
141	1	0.0	3	0 0 0 1
144	1	0.0	3	0 0 1
145	1	0.0	3	0 0 1
154	2	0.0	3	1 1
156	2	0.0	3	1 0 0 1
166	1	0.0	3	1
167	1	0.0	3	1
170	1	0.0	3	0 0 1
185	1	0.0	3	1
189	1	0.0	3	0 1
190	2	0.0	3	0 0 1 1
192	2	0.0	3	0 2
194	1	0.0	3	0 0 0 1
199	1	0.0	3	0 0 0 1
203	1	0.0	3	1
206	1	0.0	3	1
208	1	0.0	3	0 0 0 1
234	1	0.0	3	1
247	1	0.0	3	1


=== First read: Adapter PrefixPE/2 ===

Sequence: GTGACTGGAGTTCAGACGTGTGCTCTTCCGATCT; Type: regular 3'; Length: 34; Trimmed: 402068 times

No. of allowed errors:
0-9 bp: 0; 10-19 bp: 1; 20-29 bp: 2; 30-34 bp: 3

Bases preceding removed adapters:
  A: 23.1%
  C: 17.9%
  G: 27.3%
  T: 31.6%
  none/other: 0.0%

Overview of removed sequences
length	count	expect	max.err	error counts
3	350688	279879.4	0	350688
4	35961	69969.9	0	35961
5	11981	17492.5	0	11981
6	2326	4373.1	0	2326
7	601	1093.3	0	601
8	136	273.3	0	136
9	116	68.3	0	10 106
10	134	17.1	1	0 134
11	89	4.3	1	0 89
12	27	1.1	1	0 27
13	3	0.3	1	1 2
56	1	0.0	3	1
65	1	0.0	3	0 0 1
129	1	0.0	3	1
154	1	0.0	3	0 0 1
198	1	0.0	3	1
227	1	0.0	3	0 0 1


=== Second read: Adapter PrefixPE/1 ===

Sequence: TACACTCTTTCCCTACACGACGCTCTTCCGATCT; Type: regular 3'; Length: 34; Trimmed: 302799 times

No. of allowed errors:
0-9 bp: 0; 10-19 bp: 1; 20-29 bp: 2; 30-34 bp: 3

Bases preceding removed adapters:
  A: 26.3%
  C: 21.5%
  G: 24.6%
  T: 27.6%
  none/other: 0.0%

Overview of removed sequences
length	count	expect	max.err	error counts
3	238399	279879.4	0	238399
4	33814	69969.9	0	33814
5	22025	17492.5	0	22025
6	4224	4373.1	0	4224
7	890	1093.3	0	890
8	247	273.3	0	247
9	1307	68.3	0	82 1225
10	1283	17.1	1	38 1245
11	450	4.3	1	3 447
12	123	1.1	1	1 122
13	30	0.3	1	0 30
14	6	0.1	1	0 6
15	1	0.0	1	0 1


=== Second read: Adapter PrefixPE/2 ===

Sequence: GTGACTGGAGTTCAGACGTGTGCTCTTCCGATCT; Type: regular 3'; Length: 34; Trimmed: 463596 times

No. of allowed errors:
0-9 bp: 0; 10-19 bp: 1; 20-29 bp: 2; 30-34 bp: 3

Bases preceding removed adapters:
  A: 21.3%
  C: 18.7%
  G: 29.5%
  T: 30.5%
  none/other: 0.0%

Overview of removed sequences
length	count	expect	max.err	error counts
3	418850	279879.4	0	418850
4	31147	69969.9	0	31147
5	9793	17492.5	0	9793
6	2366	4373.1	0	2366
7	707	1093.3	0	707
8	227	273.3	0	227
9	212	68.3	0	16 196
10	173	17.1	1	3 170
11	89	4.3	1	1 88
12	23	1.1	1	0 23
13	4	0.3	1	0 4
148	1	0.0	3	0 1
165	1	0.0	3	0 0 1
194	1	0.0	3	0 0 0 1
205	1	0.0	3	0 0 1
209	1	0.0	3	0 0 1
