This is cutadapt 2.9 with Python 3.6.6
Command line parameters: --interleaved -a file:/nas02/apps/trimmomatic-0.36/Trimmomatic-0.36/adapters/TruSeq3-PE.fa -A file:/nas02/apps/trimmomatic-0.36/Trimmomatic-0.36/adapters/TruSeq3-PE.fa -m 30 /nas/longleaf/home/zpopkinh/Pvivax_resources/wgs_pe_improved_global/fastq/SRS2910008/SRR6668557_1.fastq.gz /nas/longleaf/home/zpopkinh/Pvivax_resources/wgs_pe_improved_global/fastq/SRS2910008/SRR6668557_2.fastq.gz
Processing reads on 1 core in paired-end mode ...
Finished in 223.54 s (90 us/read; 0.67 M reads/minute).

=== Summary ===

Total read pairs processed:          2,482,040
  Read 1 with adapter:                  83,985 (3.4%)
  Read 2 with adapter:                  90,688 (3.7%)
Pairs written (passing filters):     2,482,040 (100.0%)

Total basepairs processed:   496,408,000 bp
  Read 1:   248,204,000 bp
  Read 2:   248,204,000 bp
Total written (filtered):    495,805,752 bp (99.9%)
  Read 1:   247,912,722 bp
  Read 2:   247,893,030 bp

=== First read: Adapter PrefixPE/1 ===

Sequence: TACACTCTTTCCCTACACGACGCTCTTCCGATCT; Type: regular 3'; Length: 34; Trimmed: 43782 times

No. of allowed errors:
0-9 bp: 0; 10-19 bp: 1; 20-29 bp: 2; 30-34 bp: 3

Bases preceding removed adapters:
  A: 49.1%
  C: 16.3%
  G: 18.4%
  T: 16.2%
  none/other: 0.0%

Overview of removed sequences
length	count	expect	max.err	error counts
3	24290	38781.9	0	24290
4	11886	9695.5	0	11886
5	6954	2423.9	0	6954
6	289	606.0	0	289
7	78	151.5	0	78
8	18	37.9	0	18
9	144	9.5	0	7 137
10	60	2.4	1	1 59
11	49	0.6	1	0 49
12	11	0.1	1	0 11
13	1	0.0	1	0 1
14	1	0.0	1	0 1
15	1	0.0	1	0 1


=== First read: Adapter PrefixPE/2 ===

Sequence: GTGACTGGAGTTCAGACGTGTGCTCTTCCGATCT; Type: regular 3'; Length: 34; Trimmed: 40203 times

No. of allowed errors:
0-9 bp: 0; 10-19 bp: 1; 20-29 bp: 2; 30-34 bp: 3

Bases preceding removed adapters:
  A: 19.8%
  C: 17.5%
  G: 27.3%
  T: 35.4%
  none/other: 0.0%

Overview of removed sequences
length	count	expect	max.err	error counts
3	32541	38781.9	0	32541
4	5738	9695.5	0	5738
5	1440	2423.9	0	1440
6	331	606.0	0	331
7	61	151.5	0	61
8	8	37.9	0	8
9	47	9.5	0	3 44
10	21	2.4	1	0 21
11	16	0.6	1	0 16


=== Second read: Adapter PrefixPE/1 ===

Sequence: TACACTCTTTCCCTACACGACGCTCTTCCGATCT; Type: regular 3'; Length: 34; Trimmed: 46412 times

No. of allowed errors:
0-9 bp: 0; 10-19 bp: 1; 20-29 bp: 2; 30-34 bp: 3

Bases preceding removed adapters:
  A: 46.5%
  C: 15.4%
  G: 17.7%
  T: 20.4%
  none/other: 0.0%

Overview of removed sequences
length	count	expect	max.err	error counts
3	27082	38781.9	0	27082
4	11811	9695.5	0	11811
5	6872	2423.9	0	6872
6	333	606.0	0	333
7	66	151.5	0	66
8	22	37.9	0	22
9	121	9.5	0	7 114
10	59	2.4	1	1 58
11	35	0.6	1	0 35
12	11	0.1	1	0 11


=== Second read: Adapter PrefixPE/2 ===

Sequence: GTGACTGGAGTTCAGACGTGTGCTCTTCCGATCT; Type: regular 3'; Length: 34; Trimmed: 44276 times

No. of allowed errors:
0-9 bp: 0; 10-19 bp: 1; 20-29 bp: 2; 30-34 bp: 3

Bases preceding removed adapters:
  A: 17.7%
  C: 22.5%
  G: 27.9%
  T: 31.9%
  none/other: 0.0%

Overview of removed sequences
length	count	expect	max.err	error counts
3	36541	38781.9	0	36541
4	5920	9695.5	0	5920
5	1338	2423.9	0	1338
6	307	606.0	0	307
7	67	151.5	0	67
8	7	37.9	0	7
9	50	9.5	0	2 48
10	29	2.4	1	0 29
11	16	0.6	1	0 16
12	1	0.1	1	0 1
