This is cutadapt 2.9 with Python 3.6.6
Command line parameters: --interleaved -a file:/nas02/apps/trimmomatic-0.36/Trimmomatic-0.36/adapters/TruSeq3-PE.fa -A file:/nas02/apps/trimmomatic-0.36/Trimmomatic-0.36/adapters/TruSeq3-PE.fa -m 30 /nas/longleaf/home/zpopkinh/Pvivax_resources/wgs_pe_improved_global/fastq/ERR5740714/ERR5740714_1.fastq.gz /nas/longleaf/home/zpopkinh/Pvivax_resources/wgs_pe_improved_global/fastq/ERR5740714/ERR5740714_2.fastq.gz
Processing reads on 1 core in paired-end mode ...
Finished in 373.99 s (120 us/read; 0.50 M reads/minute).

=== Summary ===

Total read pairs processed:          3,115,979
  Read 1 with adapter:                 113,701 (3.6%)
  Read 2 with adapter:                 108,559 (3.5%)
Pairs written (passing filters):     3,115,977 (100.0%)

Total basepairs processed:   941,025,658 bp
  Read 1:   470,512,829 bp
  Read 2:   470,512,829 bp
Total written (filtered):    940,273,764 bp (99.9%)
  Read 1:   470,127,724 bp
  Read 2:   470,146,040 bp

=== First read: Adapter PrefixPE/1 ===

Sequence: TACACTCTTTCCCTACACGACGCTCTTCCGATCT; Type: regular 3'; Length: 34; Trimmed: 52281 times

No. of allowed errors:
0-9 bp: 0; 10-19 bp: 1; 20-29 bp: 2; 30-34 bp: 3

Bases preceding removed adapters:
  A: 27.3%
  C: 23.3%
  G: 21.3%
  T: 28.0%
  none/other: 0.0%

Overview of removed sequences
length	count	expect	max.err	error counts
3	35151	48687.2	0	35151
4	13110	12171.8	0	13110
5	2744	3042.9	0	2744
6	625	760.7	0	625
7	119	190.2	0	119
8	43	47.5	0	43
9	151	11.9	0	10 141
10	232	3.0	1	7 225
11	83	0.7	1	0 83
12	16	0.2	1	0 16
13	6	0.0	1	0 6
16	1	0.0	1	0 1


=== First read: Adapter PrefixPE/2 ===

Sequence: GTGACTGGAGTTCAGACGTGTGCTCTTCCGATCT; Type: regular 3'; Length: 34; Trimmed: 61420 times

No. of allowed errors:
0-9 bp: 0; 10-19 bp: 1; 20-29 bp: 2; 30-34 bp: 3

Bases preceding removed adapters:
  A: 26.8%
  C: 13.2%
  G: 27.1%
  T: 32.9%
  none/other: 0.0%

Overview of removed sequences
length	count	expect	max.err	error counts
3	47178	48687.2	0	47178
4	11336	12171.8	0	11336
5	1931	3042.9	0	1931
6	564	760.7	0	564
7	175	190.2	0	175
8	34	47.5	0	34
9	91	11.9	0	5 86
10	79	3.0	1	1 78
11	26	0.7	1	0 26
12	2	0.2	1	0 2
13	4	0.0	1	1 3


=== Second read: Adapter PrefixPE/1 ===

Sequence: TACACTCTTTCCCTACACGACGCTCTTCCGATCT; Type: regular 3'; Length: 34; Trimmed: 50127 times

No. of allowed errors:
0-9 bp: 0; 10-19 bp: 1; 20-29 bp: 2; 30-34 bp: 3

Bases preceding removed adapters:
  A: 27.7%
  C: 24.8%
  G: 20.9%
  T: 26.6%
  none/other: 0.0%

Overview of removed sequences
length	count	expect	max.err	error counts
3	33722	48687.2	0	33722
4	12403	12171.8	0	12403
5	2767	3042.9	0	2767
6	584	760.7	0	584
7	157	190.2	0	157
8	23	47.5	0	23
9	182	11.9	0	25 157
10	195	3.0	1	6 189
11	67	0.7	1	0 67
12	18	0.2	1	1 17
13	5	0.0	1	0 5
14	2	0.0	1	0 2
151	2	0.0	3	0 0 2


=== Second read: Adapter PrefixPE/2 ===

Sequence: GTGACTGGAGTTCAGACGTGTGCTCTTCCGATCT; Type: regular 3'; Length: 34; Trimmed: 58432 times

No. of allowed errors:
0-9 bp: 0; 10-19 bp: 1; 20-29 bp: 2; 30-34 bp: 3

Bases preceding removed adapters:
  A: 25.5%
  C: 15.4%
  G: 26.8%
  T: 32.3%
  none/other: 0.0%

Overview of removed sequences
length	count	expect	max.err	error counts
3	45857	48687.2	0	45857
4	9893	12171.8	0	9893
5	1812	3042.9	0	1812
6	466	760.7	0	466
7	156	190.2	0	156
8	37	47.5	0	37
9	107	11.9	0	6 101
10	56	3.0	1	2 54
11	37	0.7	1	0 37
12	7	0.2	1	0 7
13	4	0.0	1	0 4
