This is cutadapt 2.9 with Python 3.6.6
Command line parameters: --interleaved -a file:/nas02/apps/trimmomatic-0.36/Trimmomatic-0.36/adapters/TruSeq3-PE.fa -A file:/nas02/apps/trimmomatic-0.36/Trimmomatic-0.36/adapters/TruSeq3-PE.fa -m 30 /nas/longleaf/home/zpopkinh/Pvivax_resources/wgs_pe_improved_global/fastq/SRS693972/SRR1564689_1.fastq.gz /nas/longleaf/home/zpopkinh/Pvivax_resources/wgs_pe_improved_global/fastq/SRS693972/SRR1564689_2.fastq.gz
Processing reads on 1 core in paired-end mode ...
Finished in 0.97 s (47 us/read; 1.27 M reads/minute).

=== Summary ===

Total read pairs processed:             20,524
  Read 1 with adapter:                     665 (3.2%)
  Read 2 with adapter:                     703 (3.4%)
Pairs written (passing filters):        20,524 (100.0%)

Total basepairs processed:     4,145,848 bp
  Read 1:     2,072,924 bp
  Read 2:     2,072,924 bp
Total written (filtered):      4,141,174 bp (99.9%)
  Read 1:     2,070,608 bp
  Read 2:     2,070,566 bp

=== First read: Adapter PrefixPE/1 ===

Sequence: TACACTCTTTCCCTACACGACGCTCTTCCGATCT; Type: regular 3'; Length: 34; Trimmed: 366 times

No. of allowed errors:
0-9 bp: 0; 10-19 bp: 1; 20-29 bp: 2; 30-34 bp: 3

Bases preceding removed adapters:
  A: 34.4%
  C: 22.4%
  G: 16.4%
  T: 26.8%
  none/other: 0.0%

Overview of removed sequences
length	count	expect	max.err	error counts
3	229	320.7	0	229
4	106	80.2	0	106
5	23	20.0	0	23
6	5	5.0	0	5
9	1	0.1	0	0 1
10	1	0.0	1	0 1
11	1	0.0	1	0 1


=== First read: Adapter PrefixPE/2 ===

Sequence: GTGACTGGAGTTCAGACGTGTGCTCTTCCGATCT; Type: regular 3'; Length: 34; Trimmed: 299 times

No. of allowed errors:
0-9 bp: 0; 10-19 bp: 1; 20-29 bp: 2; 30-34 bp: 3

Bases preceding removed adapters:
  A: 27.1%
  C: 12.4%
  G: 22.4%
  T: 38.1%
  none/other: 0.0%

Overview of removed sequences
length	count	expect	max.err	error counts
3	212	320.7	0	212
4	63	80.2	0	63
5	17	20.0	0	17
6	1	5.0	0	1
7	1	1.3	0	1
8	1	0.3	0	1
9	4	0.1	0	0 4


=== Second read: Adapter PrefixPE/1 ===

Sequence: TACACTCTTTCCCTACACGACGCTCTTCCGATCT; Type: regular 3'; Length: 34; Trimmed: 328 times

No. of allowed errors:
0-9 bp: 0; 10-19 bp: 1; 20-29 bp: 2; 30-34 bp: 3

Bases preceding removed adapters:
  A: 29.9%
  C: 25.6%
  G: 15.2%
  T: 29.3%
  none/other: 0.0%

Overview of removed sequences
length	count	expect	max.err	error counts
3	221	320.7	0	221
4	84	80.2	0	84
5	18	20.0	0	18
6	2	5.0	0	2
7	1	1.3	0	1
10	2	0.0	1	0 2


=== Second read: Adapter PrefixPE/2 ===

Sequence: GTGACTGGAGTTCAGACGTGTGCTCTTCCGATCT; Type: regular 3'; Length: 34; Trimmed: 375 times

No. of allowed errors:
0-9 bp: 0; 10-19 bp: 1; 20-29 bp: 2; 30-34 bp: 3

Bases preceding removed adapters:
  A: 24.5%
  C: 27.2%
  G: 20.5%
  T: 27.7%
  none/other: 0.0%

Overview of removed sequences
length	count	expect	max.err	error counts
3	301	320.7	0	301
4	58	80.2	0	58
5	11	20.0	0	11
6	2	5.0	0	2
9	2	0.1	0	0 2
10	1	0.0	1	0 1
