This is cutadapt 2.9 with Python 3.6.6
Command line parameters: --interleaved -a file:/nas02/apps/trimmomatic-0.36/Trimmomatic-0.36/adapters/TruSeq3-PE.fa -A file:/nas02/apps/trimmomatic-0.36/Trimmomatic-0.36/adapters/TruSeq3-PE.fa -m 30 /nas/longleaf/home/zpopkinh/Pvivax_resources/wgs_pe_improved_global/fastq/SRS693972/SRR1568206_1.fastq.gz /nas/longleaf/home/zpopkinh/Pvivax_resources/wgs_pe_improved_global/fastq/SRS693972/SRR1568206_2.fastq.gz
Processing reads on 1 core in paired-end mode ...
Finished in 1635.28 s (72 us/read; 0.83 M reads/minute).

=== Summary ===

Total read pairs processed:         22,755,692
  Read 1 with adapter:                 838,984 (3.7%)
  Read 2 with adapter:                 862,215 (3.8%)
Pairs written (passing filters):    22,755,691 (100.0%)

Total basepairs processed: 4,596,649,784 bp
  Read 1: 2,298,324,892 bp
  Read 2: 2,298,324,892 bp
Total written (filtered):  4,590,938,445 bp (99.9%)
  Read 1: 2,295,503,986 bp
  Read 2: 2,295,434,459 bp

=== First read: Adapter PrefixPE/1 ===

Sequence: TACACTCTTTCCCTACACGACGCTCTTCCGATCT; Type: regular 3'; Length: 34; Trimmed: 399863 times

No. of allowed errors:
0-9 bp: 0; 10-19 bp: 1; 20-29 bp: 2; 30-34 bp: 3

Bases preceding removed adapters:
  A: 24.8%
  C: 23.3%
  G: 25.5%
  T: 26.4%
  none/other: 0.0%

Overview of removed sequences
length	count	expect	max.err	error counts
3	275019	355557.7	0	275019
4	92652	88889.4	0	92652
5	23565	22222.4	0	23565
6	4550	5555.6	0	4550
7	1033	1388.9	0	1033
8	233	347.2	0	233
9	977	86.8	0	80 897
10	1227	21.7	1	38 1189
11	475	5.4	1	3 472
12	90	1.4	1	2 88
13	27	0.3	1	3 24
14	11	0.1	1	0 11
15	2	0.0	1	0 2
17	1	0.0	1	0 1
101	1	0.0	3	0 0 0 1


=== First read: Adapter PrefixPE/2 ===

Sequence: GTGACTGGAGTTCAGACGTGTGCTCTTCCGATCT; Type: regular 3'; Length: 34; Trimmed: 439121 times

No. of allowed errors:
0-9 bp: 0; 10-19 bp: 1; 20-29 bp: 2; 30-34 bp: 3

Bases preceding removed adapters:
  A: 23.3%
  C: 19.1%
  G: 27.7%
  T: 29.9%
  none/other: 0.0%

Overview of removed sequences
length	count	expect	max.err	error counts
3	342110	355557.7	0	342110
4	78852	88889.4	0	78852
5	13166	22222.4	0	13166
6	2959	5555.6	0	2959
7	727	1388.9	0	727
8	123	347.2	0	123
9	524	86.8	0	33 491
10	428	21.7	1	14 414
11	186	5.4	1	3 183
12	37	1.4	1	0 37
13	7	0.3	1	0 7
14	2	0.1	1	0 2


=== Second read: Adapter PrefixPE/1 ===

Sequence: TACACTCTTTCCCTACACGACGCTCTTCCGATCT; Type: regular 3'; Length: 34; Trimmed: 396607 times

No. of allowed errors:
0-9 bp: 0; 10-19 bp: 1; 20-29 bp: 2; 30-34 bp: 3

Bases preceding removed adapters:
  A: 25.2%
  C: 23.3%
  G: 25.4%
  T: 26.1%
  none/other: 0.0%

Overview of removed sequences
length	count	expect	max.err	error counts
3	271170	355557.7	0	271170
4	93514	88889.4	0	93514
5	23628	22222.4	0	23628
6	4385	5555.6	0	4385
7	972	1388.9	0	972
8	227	347.2	0	227
9	999	86.8	0	82 917
10	1203	21.7	1	36 1167
11	372	5.4	1	3 369
12	94	1.4	1	4 90
13	29	0.3	1	0 29
14	12	0.1	1	0 12
15	1	0.0	1	0 1
16	1	0.0	1	0 1


=== Second read: Adapter PrefixPE/2 ===

Sequence: GTGACTGGAGTTCAGACGTGTGCTCTTCCGATCT; Type: regular 3'; Length: 34; Trimmed: 465608 times

No. of allowed errors:
0-9 bp: 0; 10-19 bp: 1; 20-29 bp: 2; 30-34 bp: 3

Bases preceding removed adapters:
  A: 22.7%
  C: 23.4%
  G: 26.0%
  T: 27.8%
  none/other: 0.0%

Overview of removed sequences
length	count	expect	max.err	error counts
3	368648	355557.7	0	368648
4	78621	88889.4	0	78621
5	13323	22222.4	0	13323
6	2932	5555.6	0	2932
7	725	1388.9	0	725
8	105	347.2	0	105
9	556	86.8	0	23 533
10	465	21.7	1	9 456
11	184	5.4	1	5 179
12	42	1.4	1	0 42
13	3	0.3	1	0 3
14	1	0.1	1	0 1
17	1	0.0	1	1
26	1	0.0	2	0 0 1
51	1	0.0	3	0 0 0 1
