This is cutadapt 2.9 with Python 3.6.6
Command line parameters: --interleaved -a file:/nas02/apps/trimmomatic-0.36/Trimmomatic-0.36/adapters/TruSeq3-PE.fa -A file:/nas02/apps/trimmomatic-0.36/Trimmomatic-0.36/adapters/TruSeq3-PE.fa -m 30 /nas/longleaf/home/zpopkinh/Pvivax_resources/wgs_pe_improved_global/fastq/ERS3516653/ERR3439120_1.fastq.gz /nas/longleaf/home/zpopkinh/Pvivax_resources/wgs_pe_improved_global/fastq/ERS3516653/ERR3439120_2.fastq.gz
Processing reads on 1 core in paired-end mode ...
Finished in 1.89 s (51 us/read; 1.17 M reads/minute).

=== Summary ===

Total read pairs processed:             36,767
  Read 1 with adapter:                     818 (2.2%)
  Read 2 with adapter:                     801 (2.2%)
Pairs written (passing filters):        36,767 (100.0%)

Total basepairs processed:    11,030,100 bp
  Read 1:     5,515,050 bp
  Read 2:     5,515,050 bp
Total written (filtered):     11,024,541 bp (99.9%)
  Read 1:     5,512,229 bp
  Read 2:     5,512,312 bp

=== First read: Adapter PrefixPE/1 ===

Sequence: TACACTCTTTCCCTACACGACGCTCTTCCGATCT; Type: regular 3'; Length: 34; Trimmed: 528 times

No. of allowed errors:
0-9 bp: 0; 10-19 bp: 1; 20-29 bp: 2; 30-34 bp: 3

Bases preceding removed adapters:
  A: 76.3%
  C: 5.9%
  G: 5.5%
  T: 12.3%
  none/other: 0.0%

Overview of removed sequences
length	count	expect	max.err	error counts
3	403	574.5	0	403
4	81	143.6	0	81
5	19	35.9	0	19
7	1	2.2	0	1
9	23	0.1	0	0 23
10	1	0.0	1	0 1


=== First read: Adapter PrefixPE/2 ===

Sequence: GTGACTGGAGTTCAGACGTGTGCTCTTCCGATCT; Type: regular 3'; Length: 34; Trimmed: 290 times

No. of allowed errors:
0-9 bp: 0; 10-19 bp: 1; 20-29 bp: 2; 30-34 bp: 3

Bases preceding removed adapters:
  A: 9.3%
  C: 5.2%
  G: 40.0%
  T: 45.5%
  none/other: 0.0%

Overview of removed sequences
length	count	expect	max.err	error counts
3	200	574.5	0	200
4	83	143.6	0	83
5	6	35.9	0	6
7	1	2.2	0	1


=== Second read: Adapter PrefixPE/1 ===

Sequence: TACACTCTTTCCCTACACGACGCTCTTCCGATCT; Type: regular 3'; Length: 34; Trimmed: 248 times

No. of allowed errors:
0-9 bp: 0; 10-19 bp: 1; 20-29 bp: 2; 30-34 bp: 3

Bases preceding removed adapters:
  A: 28.2%
  C: 15.3%
  G: 34.3%
  T: 22.2%
  none/other: 0.0%

Overview of removed sequences
length	count	expect	max.err	error counts
3	136	574.5	0	136
4	54	143.6	0	54
5	8	35.9	0	8
6	49	9.0	0	49
9	1	0.1	0	1


=== Second read: Adapter PrefixPE/2 ===

Sequence: GTGACTGGAGTTCAGACGTGTGCTCTTCCGATCT; Type: regular 3'; Length: 34; Trimmed: 553 times

No. of allowed errors:
0-9 bp: 0; 10-19 bp: 1; 20-29 bp: 2; 30-34 bp: 3

Bases preceding removed adapters:
  A: 12.1%
  C: 17.5%
  G: 41.4%
  T: 28.9%
  none/other: 0.0%

Overview of removed sequences
length	count	expect	max.err	error counts
3	470	574.5	0	470
4	58	143.6	0	58
5	23	35.9	0	23
6	1	9.0	0	1
8	1	0.6	0	1
