This is cutadapt 2.9 with Python 3.6.6
Command line parameters: --interleaved -a file:/nas02/apps/trimmomatic-0.36/Trimmomatic-0.36/adapters/TruSeq3-PE.fa -A file:/nas02/apps/trimmomatic-0.36/Trimmomatic-0.36/adapters/TruSeq3-PE.fa -m 30 /nas/longleaf/home/zpopkinh/Pvivax_resources/wgs_pe_improved_global/fastq/SRS694236/SRR1568223_1.fastq.gz /nas/longleaf/home/zpopkinh/Pvivax_resources/wgs_pe_improved_global/fastq/SRS694236/SRR1568223_2.fastq.gz
Processing reads on 1 core in paired-end mode ...
Finished in 914.79 s (58 us/read; 1.04 M reads/minute).

=== Summary ===

Total read pairs processed:         15,829,553
  Read 1 with adapter:                 587,333 (3.7%)
  Read 2 with adapter:                 595,971 (3.8%)
Pairs written (passing filters):    15,829,550 (100.0%)

Total basepairs processed: 3,197,569,706 bp
  Read 1: 1,598,784,853 bp
  Read 2: 1,598,784,853 bp
Total written (filtered):  3,193,581,541 bp (99.9%)
  Read 1: 1,596,802,715 bp
  Read 2: 1,596,778,826 bp

=== First read: Adapter PrefixPE/1 ===

Sequence: TACACTCTTTCCCTACACGACGCTCTTCCGATCT; Type: regular 3'; Length: 34; Trimmed: 287312 times

No. of allowed errors:
0-9 bp: 0; 10-19 bp: 1; 20-29 bp: 2; 30-34 bp: 3

Bases preceding removed adapters:
  A: 25.2%
  C: 23.0%
  G: 25.3%
  T: 26.5%
  none/other: 0.0%

Overview of removed sequences
length	count	expect	max.err	error counts
3	194123	247336.8	0	194123
4	68908	61834.2	0	68908
5	17355	15458.5	0	17355
6	3409	3864.6	0	3409
7	840	966.2	0	840
8	173	241.5	0	173
9	890	60.4	0	72 818
10	1106	15.1	1	38 1068
11	422	3.8	1	9 413
12	58	0.9	1	1 57
13	24	0.2	1	0 24
14	3	0.1	1	0 3
25	1	0.0	2	0 1


=== First read: Adapter PrefixPE/2 ===

Sequence: GTGACTGGAGTTCAGACGTGTGCTCTTCCGATCT; Type: regular 3'; Length: 34; Trimmed: 300021 times

No. of allowed errors:
0-9 bp: 0; 10-19 bp: 1; 20-29 bp: 2; 30-34 bp: 3

Bases preceding removed adapters:
  A: 23.3%
  C: 19.2%
  G: 26.8%
  T: 30.7%
  none/other: 0.0%

Overview of removed sequences
length	count	expect	max.err	error counts
3	234711	247336.8	0	234711
4	52953	61834.2	0	52953
5	8941	15458.5	0	8941
6	2109	3864.6	0	2109
7	486	966.2	0	486
8	72	241.5	0	72
9	361	60.4	0	20 341
10	271	15.1	1	9 262
11	99	3.8	1	0 99
12	11	0.9	1	0 11
13	6	0.2	1	0 6
14	1	0.1	1	0 1


=== Second read: Adapter PrefixPE/1 ===

Sequence: TACACTCTTTCCCTACACGACGCTCTTCCGATCT; Type: regular 3'; Length: 34; Trimmed: 282547 times

No. of allowed errors:
0-9 bp: 0; 10-19 bp: 1; 20-29 bp: 2; 30-34 bp: 3

Bases preceding removed adapters:
  A: 25.5%
  C: 22.7%
  G: 25.2%
  T: 26.6%
  none/other: 0.0%

Overview of removed sequences
length	count	expect	max.err	error counts
3	191416	247336.8	0	191416
4	67524	61834.2	0	67524
5	16897	15458.5	0	16897
6	3268	3864.6	0	3268
7	803	966.2	0	803
8	186	241.5	0	186
9	819	60.4	0	85 734
10	1128	15.1	1	34 1094
11	385	3.8	1	3 382
12	98	0.9	1	0 98
13	15	0.2	1	0 15
14	3	0.1	1	0 3
15	1	0.0	1	0 1
57	1	0.0	3	0 0 0 1
76	1	0.0	3	0 0 1
87	2	0.0	3	0 0 0 2


=== Second read: Adapter PrefixPE/2 ===

Sequence: GTGACTGGAGTTCAGACGTGTGCTCTTCCGATCT; Type: regular 3'; Length: 34; Trimmed: 313424 times

No. of allowed errors:
0-9 bp: 0; 10-19 bp: 1; 20-29 bp: 2; 30-34 bp: 3

Bases preceding removed adapters:
  A: 23.0%
  C: 22.1%
  G: 25.5%
  T: 29.4%
  none/other: 0.0%

Overview of removed sequences
length	count	expect	max.err	error counts
3	247789	247336.8	0	247789
4	52941	61834.2	0	52941
5	9210	15458.5	0	9210
6	2099	3864.6	0	2099
7	482	966.2	0	482
8	81	241.5	0	81
9	389	60.4	0	19 370
10	285	15.1	1	13 272
11	125	3.8	1	0 125
12	18	0.9	1	0 18
13	4	0.2	1	0 4
16	1	0.0	1	0 1
