This is cutadapt 2.9 with Python 3.6.6
Command line parameters: --interleaved -a file:/nas02/apps/trimmomatic-0.36/Trimmomatic-0.36/adapters/TruSeq3-PE.fa -A file:/nas02/apps/trimmomatic-0.36/Trimmomatic-0.36/adapters/TruSeq3-PE.fa -m 30 /nas/longleaf/home/zpopkinh/Pvivax_resources/wgs_pe_improved_global/fastq/SRS694236/SRR1564965_1.fastq.gz /nas/longleaf/home/zpopkinh/Pvivax_resources/wgs_pe_improved_global/fastq/SRS694236/SRR1564965_2.fastq.gz
Processing reads on 1 core in paired-end mode ...
Finished in 0.97 s (58 us/read; 1.04 M reads/minute).

=== Summary ===

Total read pairs processed:             16,772
  Read 1 with adapter:                     499 (3.0%)
  Read 2 with adapter:                     585 (3.5%)
Pairs written (passing filters):        16,771 (100.0%)

Total basepairs processed:     3,387,944 bp
  Read 1:     1,693,972 bp
  Read 2:     1,693,972 bp
Total written (filtered):      3,384,012 bp (99.9%)
  Read 1:     1,692,138 bp
  Read 2:     1,691,874 bp

=== First read: Adapter PrefixPE/1 ===

Sequence: TACACTCTTTCCCTACACGACGCTCTTCCGATCT; Type: regular 3'; Length: 34; Trimmed: 242 times

No. of allowed errors:
0-9 bp: 0; 10-19 bp: 1; 20-29 bp: 2; 30-34 bp: 3

Bases preceding removed adapters:
  A: 33.9%
  C: 17.8%
  G: 21.9%
  T: 26.4%
  none/other: 0.0%

Overview of removed sequences
length	count	expect	max.err	error counts
3	164	262.1	0	164
4	55	65.5	0	55
5	11	16.4	0	11
6	4	4.1	0	4
10	5	0.0	1	0 5
11	3	0.0	1	0 3


=== First read: Adapter PrefixPE/2 ===

Sequence: GTGACTGGAGTTCAGACGTGTGCTCTTCCGATCT; Type: regular 3'; Length: 34; Trimmed: 257 times

No. of allowed errors:
0-9 bp: 0; 10-19 bp: 1; 20-29 bp: 2; 30-34 bp: 3

Bases preceding removed adapters:
  A: 25.3%
  C: 10.9%
  G: 18.7%
  T: 45.1%
  none/other: 0.0%

Overview of removed sequences
length	count	expect	max.err	error counts
3	187	262.1	0	187
4	58	65.5	0	58
5	10	16.4	0	10
6	1	4.1	0	1
10	1	0.0	1	0 1


=== Second read: Adapter PrefixPE/1 ===

Sequence: TACACTCTTTCCCTACACGACGCTCTTCCGATCT; Type: regular 3'; Length: 34; Trimmed: 236 times

No. of allowed errors:
0-9 bp: 0; 10-19 bp: 1; 20-29 bp: 2; 30-34 bp: 3

Bases preceding removed adapters:
  A: 31.8%
  C: 23.7%
  G: 16.5%
  T: 28.0%
  none/other: 0.0%

Overview of removed sequences
length	count	expect	max.err	error counts
3	153	262.1	0	153
4	63	65.5	0	63
5	13	16.4	0	13
6	3	4.1	0	3
9	1	0.1	0	0 1
10	3	0.0	1	0 3


=== Second read: Adapter PrefixPE/2 ===

Sequence: GTGACTGGAGTTCAGACGTGTGCTCTTCCGATCT; Type: regular 3'; Length: 34; Trimmed: 349 times

No. of allowed errors:
0-9 bp: 0; 10-19 bp: 1; 20-29 bp: 2; 30-34 bp: 3

Bases preceding removed adapters:
  A: 33.8%
  C: 22.6%
  G: 17.2%
  T: 26.4%
  none/other: 0.0%

Overview of removed sequences
length	count	expect	max.err	error counts
3	270	262.1	0	270
4	59	65.5	0	59
5	12	16.4	0	12
6	3	4.1	0	3
7	1	1.0	0	1
9	1	0.1	0	0 1
11	1	0.0	1	0 1
13	1	0.0	1	0 1
93	1	0.0	3	0 0 0 1
