This is cutadapt 2.9 with Python 3.6.6
Command line parameters: --interleaved -a file:/nas02/apps/trimmomatic-0.36/Trimmomatic-0.36/adapters/TruSeq3-PE.fa -A file:/nas02/apps/trimmomatic-0.36/Trimmomatic-0.36/adapters/TruSeq3-PE.fa -m 30 /nas/longleaf/home/zpopkinh/Pvivax_resources/wgs_pe_improved_global/fastq/SRS693911/SRR1564595_1.fastq.gz /nas/longleaf/home/zpopkinh/Pvivax_resources/wgs_pe_improved_global/fastq/SRS693911/SRR1564595_2.fastq.gz
Processing reads on 1 core in paired-end mode ...
Finished in 1.58 s (50 us/read; 1.20 M reads/minute).

=== Summary ===

Total read pairs processed:             31,431
  Read 1 with adapter:                     969 (3.1%)
  Read 2 with adapter:                   1,045 (3.3%)
Pairs written (passing filters):        31,431 (100.0%)

Total basepairs processed:     6,349,062 bp
  Read 1:     3,174,531 bp
  Read 2:     3,174,531 bp
Total written (filtered):      6,342,196 bp (99.9%)
  Read 1:     3,171,233 bp
  Read 2:     3,170,963 bp

=== First read: Adapter PrefixPE/1 ===

Sequence: TACACTCTTTCCCTACACGACGCTCTTCCGATCT; Type: regular 3'; Length: 34; Trimmed: 477 times

No. of allowed errors:
0-9 bp: 0; 10-19 bp: 1; 20-29 bp: 2; 30-34 bp: 3

Bases preceding removed adapters:
  A: 29.4%
  C: 30.8%
  G: 16.4%
  T: 23.5%
  none/other: 0.0%

Overview of removed sequences
length	count	expect	max.err	error counts
3	323	491.1	0	323
4	121	122.8	0	121
5	23	30.7	0	23
6	4	7.7	0	4
7	2	1.9	0	2
9	4	0.1	0	3 1


=== First read: Adapter PrefixPE/2 ===

Sequence: GTGACTGGAGTTCAGACGTGTGCTCTTCCGATCT; Type: regular 3'; Length: 34; Trimmed: 492 times

No. of allowed errors:
0-9 bp: 0; 10-19 bp: 1; 20-29 bp: 2; 30-34 bp: 3

Bases preceding removed adapters:
  A: 29.9%
  C: 15.0%
  G: 25.2%
  T: 29.9%
  none/other: 0.0%

Overview of removed sequences
length	count	expect	max.err	error counts
3	354	491.1	0	354
4	112	122.8	0	112
5	17	30.7	0	17
6	7	7.7	0	7
9	1	0.1	0	0 1
10	1	0.0	1	0 1


=== Second read: Adapter PrefixPE/1 ===

Sequence: TACACTCTTTCCCTACACGACGCTCTTCCGATCT; Type: regular 3'; Length: 34; Trimmed: 483 times

No. of allowed errors:
0-9 bp: 0; 10-19 bp: 1; 20-29 bp: 2; 30-34 bp: 3

Bases preceding removed adapters:
  A: 32.1%
  C: 31.3%
  G: 13.7%
  T: 23.0%
  none/other: 0.0%

Overview of removed sequences
length	count	expect	max.err	error counts
3	301	491.1	0	301
4	138	122.8	0	138
5	31	30.7	0	31
6	8	7.7	0	8
7	2	1.9	0	2
10	1	0.0	1	0 1
11	2	0.0	1	0 2


=== Second read: Adapter PrefixPE/2 ===

Sequence: GTGACTGGAGTTCAGACGTGTGCTCTTCCGATCT; Type: regular 3'; Length: 34; Trimmed: 562 times

No. of allowed errors:
0-9 bp: 0; 10-19 bp: 1; 20-29 bp: 2; 30-34 bp: 3

Bases preceding removed adapters:
  A: 29.0%
  C: 27.4%
  G: 20.8%
  T: 22.8%
  none/other: 0.0%

Overview of removed sequences
length	count	expect	max.err	error counts
3	435	491.1	0	435
4	97	122.8	0	97
5	19	30.7	0	19
6	4	7.7	0	4
7	5	1.9	0	5
8	1	0.5	0	1
9	1	0.1	0	0 1
