This is cutadapt 2.9 with Python 3.6.6
Command line parameters: --interleaved -a file:/nas02/apps/trimmomatic-0.36/Trimmomatic-0.36/adapters/TruSeq3-PE.fa -A file:/nas02/apps/trimmomatic-0.36/Trimmomatic-0.36/adapters/TruSeq3-PE.fa -m 30 /nas/longleaf/home/zpopkinh/Pvivax_resources/wgs_pe_improved_global/fastq/ERS403535/ERR527366_1.fastq.gz /nas/longleaf/home/zpopkinh/Pvivax_resources/wgs_pe_improved_global/fastq/ERS403535/ERR527366_2.fastq.gz
Processing reads on 1 core in paired-end mode ...
Finished in 1401.37 s (78 us/read; 0.77 M reads/minute).

=== Summary ===

Total read pairs processed:         17,904,090
  Read 1 with adapter:                 654,662 (3.7%)
  Read 2 with adapter:                 647,766 (3.6%)
Pairs written (passing filters):    17,904,090 (100.0%)

Total basepairs processed: 3,580,818,000 bp
  Read 1: 1,790,409,000 bp
  Read 2: 1,790,409,000 bp
Total written (filtered):  3,576,415,820 bp (99.9%)
  Read 1: 1,788,195,787 bp
  Read 2: 1,788,220,033 bp

=== First read: Adapter PrefixPE/1 ===

Sequence: TACACTCTTTCCCTACACGACGCTCTTCCGATCT; Type: regular 3'; Length: 34; Trimmed: 356774 times

No. of allowed errors:
0-9 bp: 0; 10-19 bp: 1; 20-29 bp: 2; 30-34 bp: 3

Bases preceding removed adapters:
  A: 29.5%
  C: 18.0%
  G: 22.3%
  T: 30.1%
  none/other: 0.0%

Overview of removed sequences
length	count	expect	max.err	error counts
3	237404	279751.4	0	237404
4	92476	69937.9	0	92476
5	19042	17484.5	0	19042
6	4247	4371.1	0	4247
7	793	1092.8	0	793
8	195	273.2	0	195
9	1072	68.3	0	65 1007
10	1060	17.1	1	21 1039
11	375	4.3	1	8 367
12	85	1.1	1	0 85
13	19	0.3	1	0 19
14	5	0.1	1	0 5
15	1	0.0	1	0 1


=== First read: Adapter PrefixPE/2 ===

Sequence: GTGACTGGAGTTCAGACGTGTGCTCTTCCGATCT; Type: regular 3'; Length: 34; Trimmed: 297888 times

No. of allowed errors:
0-9 bp: 0; 10-19 bp: 1; 20-29 bp: 2; 30-34 bp: 3

Bases preceding removed adapters:
  A: 24.0%
  C: 18.2%
  G: 25.3%
  T: 32.5%
  none/other: 0.0%

Overview of removed sequences
length	count	expect	max.err	error counts
3	231501	279751.4	0	231501
4	55021	69937.9	0	55021
5	8249	17484.5	0	8249
6	1936	4371.1	0	1936
7	468	1092.8	0	468
8	60	273.2	0	60
9	305	68.3	0	16 289
10	242	17.1	1	3 239
11	79	4.3	1	1 78
12	20	1.1	1	0 20
13	7	0.3	1	0 7


=== Second read: Adapter PrefixPE/1 ===

Sequence: TACACTCTTTCCCTACACGACGCTCTTCCGATCT; Type: regular 3'; Length: 34; Trimmed: 352547 times

No. of allowed errors:
0-9 bp: 0; 10-19 bp: 1; 20-29 bp: 2; 30-34 bp: 3

Bases preceding removed adapters:
  A: 29.7%
  C: 18.1%
  G: 22.0%
  T: 30.2%
  none/other: 0.0%

Overview of removed sequences
length	count	expect	max.err	error counts
3	234277	279751.4	0	234277
4	92361	69937.9	0	92361
5	18357	17484.5	0	18357
6	3986	4371.1	0	3986
7	767	1092.8	0	767
8	204	273.2	0	204
9	1044	68.3	0	70 974
10	1095	17.1	1	25 1070
11	369	4.3	1	2 367
12	70	1.1	1	1 69
13	13	0.3	1	0 13
14	3	0.1	1	0 3
15	1	0.0	1	0 1


=== Second read: Adapter PrefixPE/2 ===

Sequence: GTGACTGGAGTTCAGACGTGTGCTCTTCCGATCT; Type: regular 3'; Length: 34; Trimmed: 295219 times

No. of allowed errors:
0-9 bp: 0; 10-19 bp: 1; 20-29 bp: 2; 30-34 bp: 3

Bases preceding removed adapters:
  A: 24.1%
  C: 18.0%
  G: 25.3%
  T: 32.6%
  none/other: 0.0%

Overview of removed sequences
length	count	expect	max.err	error counts
3	229739	279751.4	0	229739
4	54196	69937.9	0	54196
5	8263	17484.5	0	8263
6	1828	4371.1	0	1828
7	471	1092.8	0	471
8	65	273.2	0	65
9	284	68.3	0	17 267
10	275	17.1	1	6 269
11	70	4.3	1	2 68
12	22	1.1	1	0 22
13	6	0.3	1	0 6
