This is cutadapt 2.9 with Python 3.6.6
Command line parameters: --interleaved -a file:/nas02/apps/trimmomatic-0.36/Trimmomatic-0.36/adapters/TruSeq3-PE.fa -A file:/nas02/apps/trimmomatic-0.36/Trimmomatic-0.36/adapters/TruSeq3-PE.fa -m 30 /nas/longleaf/home/zpopkinh/Pvivax_resources/wgs_pe_improved_global/fastq/ERS241433/ERR337622_1.fastq.gz /nas/longleaf/home/zpopkinh/Pvivax_resources/wgs_pe_improved_global/fastq/ERS241433/ERR337622_2.fastq.gz
Processing reads on 1 core in paired-end mode ...
Finished in 1308.44 s (89 us/read; 0.67 M reads/minute).

=== Summary ===

Total read pairs processed:         14,680,178
  Read 1 with adapter:                 528,599 (3.6%)
  Read 2 with adapter:                 523,798 (3.6%)
Pairs written (passing filters):    14,680,147 (100.0%)

Total basepairs processed: 2,936,035,600 bp
  Read 1: 1,468,017,800 bp
  Read 2: 1,468,017,800 bp
Total written (filtered):  2,932,472,238 bp (99.9%)
  Read 1: 1,466,227,530 bp
  Read 2: 1,466,244,708 bp

=== First read: Adapter PrefixPE/1 ===

Sequence: TACACTCTTTCCCTACACGACGCTCTTCCGATCT; Type: regular 3'; Length: 34; Trimmed: 292056 times

No. of allowed errors:
0-9 bp: 0; 10-19 bp: 1; 20-29 bp: 2; 30-34 bp: 3

Bases preceding removed adapters:
  A: 30.2%
  C: 17.6%
  G: 21.8%
  T: 30.4%
  none/other: 0.0%

Overview of removed sequences
length	count	expect	max.err	error counts
3	193622	229377.8	0	193622
4	76885	57344.4	0	76885
5	15214	14336.1	0	15214
6	3280	3584.0	0	3280
7	683	896.0	0	683
8	157	224.0	0	157
9	850	56.0	0	49 801
10	933	14.0	1	24 909
11	323	3.5	1	3 320
12	51	0.9	1	0 51
13	17	0.2	1	0 17
14	7	0.1	1	0 7
15	3	0.0	1	0 3
71	3	0.0	3	0 0 0 3
100	28	0.0	3	0 0 0 28


=== First read: Adapter PrefixPE/2 ===

Sequence: GTGACTGGAGTTCAGACGTGTGCTCTTCCGATCT; Type: regular 3'; Length: 34; Trimmed: 236543 times

No. of allowed errors:
0-9 bp: 0; 10-19 bp: 1; 20-29 bp: 2; 30-34 bp: 3

Bases preceding removed adapters:
  A: 24.3%
  C: 17.8%
  G: 24.8%
  T: 33.1%
  none/other: 0.0%

Overview of removed sequences
length	count	expect	max.err	error counts
3	184827	229377.8	0	184827
4	42593	57344.4	0	42593
5	6668	14336.1	0	6668
6	1475	3584.0	0	1475
7	377	896.0	0	377
8	55	224.0	0	55
9	244	56.0	0	15 229
10	213	14.0	1	7 206
11	75	3.5	1	0 75
12	13	0.9	1	0 13
13	3	0.2	1	0 3


=== Second read: Adapter PrefixPE/1 ===

Sequence: TACACTCTTTCCCTACACGACGCTCTTCCGATCT; Type: regular 3'; Length: 34; Trimmed: 290919 times

No. of allowed errors:
0-9 bp: 0; 10-19 bp: 1; 20-29 bp: 2; 30-34 bp: 3

Bases preceding removed adapters:
  A: 30.3%
  C: 17.6%
  G: 21.6%
  T: 30.5%
  none/other: 0.0%

Overview of removed sequences
length	count	expect	max.err	error counts
3	193381	229377.8	0	193381
4	76262	57344.4	0	76262
5	15010	14336.1	0	15010
6	3318	3584.0	0	3318
7	592	896.0	0	592
8	152	224.0	0	152
9	874	56.0	0	48 826
10	946	14.0	1	24 922
11	295	3.5	1	1 294
12	64	0.9	1	0 64
13	19	0.2	1	0 19
14	5	0.1	1	0 5
15	1	0.0	1	0 1


=== Second read: Adapter PrefixPE/2 ===

Sequence: GTGACTGGAGTTCAGACGTGTGCTCTTCCGATCT; Type: regular 3'; Length: 34; Trimmed: 232879 times

No. of allowed errors:
0-9 bp: 0; 10-19 bp: 1; 20-29 bp: 2; 30-34 bp: 3

Bases preceding removed adapters:
  A: 24.1%
  C: 18.1%
  G: 24.8%
  T: 33.0%
  none/other: 0.0%

Overview of removed sequences
length	count	expect	max.err	error counts
3	182444	229377.8	0	182444
4	41563	57344.4	0	41563
5	6488	14336.1	0	6488
6	1443	3584.0	0	1443
7	356	896.0	0	356
8	51	224.0	0	51
9	228	56.0	0	19 209
10	219	14.0	1	5 214
11	64	3.5	1	2 62
12	15	0.9	1	0 15
13	8	0.2	1	0 8
