This is cutadapt 2.9 with Python 3.6.6
Command line parameters: --interleaved -a file:/nas02/apps/trimmomatic-0.36/Trimmomatic-0.36/adapters/TruSeq3-PE.fa -A file:/nas02/apps/trimmomatic-0.36/Trimmomatic-0.36/adapters/TruSeq3-PE.fa -m 30 /nas/longleaf/home/zpopkinh/Pvivax_resources/wgs_pe_improved_global/fastq/ERR5740735/ERR5740735_1.fastq.gz /nas/longleaf/home/zpopkinh/Pvivax_resources/wgs_pe_improved_global/fastq/ERR5740735/ERR5740735_2.fastq.gz
Processing reads on 1 core in paired-end mode ...
Finished in 355.64 s (120 us/read; 0.50 M reads/minute).

=== Summary ===

Total read pairs processed:          2,973,391
  Read 1 with adapter:                 107,692 (3.6%)
  Read 2 with adapter:                 104,334 (3.5%)
Pairs written (passing filters):     2,973,388 (100.0%)

Total basepairs processed:   897,964,082 bp
  Read 1:   448,982,041 bp
  Read 2:   448,982,041 bp
Total written (filtered):    897,248,417 bp (99.9%)
  Read 1:   448,618,392 bp
  Read 2:   448,630,025 bp

=== First read: Adapter PrefixPE/1 ===

Sequence: TACACTCTTTCCCTACACGACGCTCTTCCGATCT; Type: regular 3'; Length: 34; Trimmed: 49792 times

No. of allowed errors:
0-9 bp: 0; 10-19 bp: 1; 20-29 bp: 2; 30-34 bp: 3

Bases preceding removed adapters:
  A: 26.7%
  C: 23.6%
  G: 23.2%
  T: 26.4%
  none/other: 0.0%

Overview of removed sequences
length	count	expect	max.err	error counts
3	33562	46459.2	0	33562
4	12436	11614.8	0	12436
5	2668	2903.7	0	2668
6	553	725.9	0	553
7	139	181.5	0	139
8	33	45.4	0	33
9	162	11.3	0	13 149
10	147	2.8	1	4 143
11	66	0.7	1	2 64
12	20	0.2	1	0 20
13	1	0.0	1	0 1
14	2	0.0	1	0 2
16	1	0.0	1	0 1
74	1	0.0	3	0 1
151	1	0.0	3	0 0 0 1


=== First read: Adapter PrefixPE/2 ===

Sequence: GTGACTGGAGTTCAGACGTGTGCTCTTCCGATCT; Type: regular 3'; Length: 34; Trimmed: 57900 times

No. of allowed errors:
0-9 bp: 0; 10-19 bp: 1; 20-29 bp: 2; 30-34 bp: 3

Bases preceding removed adapters:
  A: 25.3%
  C: 15.5%
  G: 27.7%
  T: 31.5%
  none/other: 0.0%

Overview of removed sequences
length	count	expect	max.err	error counts
3	44915	46459.2	0	44915
4	10465	11614.8	0	10465
5	1762	2903.7	0	1762
6	434	725.9	0	434
7	106	181.5	0	106
8	28	45.4	0	28
9	81	11.3	0	6 75
10	78	2.8	1	1 77
11	24	0.7	1	0 24
12	4	0.2	1	0 4
13	2	0.0	1	0 2
14	1	0.0	1	0 1


=== Second read: Adapter PrefixPE/1 ===

Sequence: TACACTCTTTCCCTACACGACGCTCTTCCGATCT; Type: regular 3'; Length: 34; Trimmed: 47525 times

No. of allowed errors:
0-9 bp: 0; 10-19 bp: 1; 20-29 bp: 2; 30-34 bp: 3

Bases preceding removed adapters:
  A: 26.2%
  C: 24.7%
  G: 23.8%
  T: 25.3%
  none/other: 0.0%

Overview of removed sequences
length	count	expect	max.err	error counts
3	32103	46459.2	0	32103
4	11505	11614.8	0	11505
5	2794	2903.7	0	2794
6	557	725.9	0	557
7	140	181.5	0	140
8	26	45.4	0	26
9	145	11.3	0	20 125
10	166	2.8	1	5 161
11	70	0.7	1	0 70
12	12	0.2	1	0 12
13	2	0.0	1	0 2
14	1	0.0	1	0 1
115	1	0.0	3	0 1
121	1	0.0	3	0 0 0 1
151	2	0.0	3	0 0 0 2


=== Second read: Adapter PrefixPE/2 ===

Sequence: GTGACTGGAGTTCAGACGTGTGCTCTTCCGATCT; Type: regular 3'; Length: 34; Trimmed: 56809 times

No. of allowed errors:
0-9 bp: 0; 10-19 bp: 1; 20-29 bp: 2; 30-34 bp: 3

Bases preceding removed adapters:
  A: 24.5%
  C: 17.5%
  G: 27.7%
  T: 30.3%
  none/other: 0.0%

Overview of removed sequences
length	count	expect	max.err	error counts
3	44942	46459.2	0	44942
4	9367	11614.8	0	9367
5	1757	2903.7	0	1757
6	425	725.9	0	425
7	97	181.5	0	97
8	29	45.4	0	29
9	86	11.3	0	8 78
10	69	2.8	1	2 67
11	24	0.7	1	0 24
12	7	0.2	1	0 7
13	3	0.0	1	0 3
14	1	0.0	1	0 1
75	1	0.0	3	0 0 0 1
99	1	0.0	3	0 0 0 1
