This is cutadapt 2.9 with Python 3.6.6
Command line parameters: --interleaved -a file:/nas02/apps/trimmomatic-0.36/Trimmomatic-0.36/adapters/TruSeq3-PE.fa -A file:/nas02/apps/trimmomatic-0.36/Trimmomatic-0.36/adapters/TruSeq3-PE.fa -m 30 /nas/longleaf/home/zpopkinh/Pvivax_resources/wgs_pe_improved_global/fastq/SRS1061231/SRR2317223_1.fastq.gz /nas/longleaf/home/zpopkinh/Pvivax_resources/wgs_pe_improved_global/fastq/SRS1061231/SRR2317223_2.fastq.gz
Processing reads on 1 core in paired-end mode ...
Finished in 3741.68 s (85 us/read; 0.71 M reads/minute).

=== Summary ===

Total read pairs processed:         44,265,228
  Read 1 with adapter:               1,598,125 (3.6%)
  Read 2 with adapter:               1,614,101 (3.6%)
Pairs written (passing filters):    44,265,210 (100.0%)

Total basepairs processed: 8,853,045,600 bp
  Read 1: 4,382,257,572 bp
  Read 2: 4,470,788,028 bp
Total written (filtered):  8,842,077,973 bp (99.9%)
  Read 1: 4,376,801,695 bp
  Read 2: 4,465,276,278 bp

=== First read: Adapter PrefixPE/1 ===

Sequence: TACACTCTTTCCCTACACGACGCTCTTCCGATCT; Type: regular 3'; Length: 34; Trimmed: 838120 times

No. of allowed errors:
0-9 bp: 0; 10-19 bp: 1; 20-29 bp: 2; 30-34 bp: 3

Bases preceding removed adapters:
  A: 31.6%
  C: 18.9%
  G: 17.7%
  T: 31.8%
  none/other: 0.0%

Overview of removed sequences
length	count	expect	max.err	error counts
3	547956	691644.2	0	547956
4	230476	172911.0	0	230476
5	39295	43227.8	0	39295
6	10184	10806.9	0	10184
7	1832	2701.7	0	1832
8	631	675.4	0	631
9	2440	168.9	0	198 2242
10	3868	42.2	1	104 3764
11	1102	10.6	1	16 1086
12	241	2.6	1	2 239
13	53	0.7	1	2 51
14	31	0.2	1	1 30
15	5	0.0	1	0 5
16	2	0.0	1	0 2
17	2	0.0	1	0 2
99	2	0.0	3	0 1 1


=== First read: Adapter PrefixPE/2 ===

Sequence: GTGACTGGAGTTCAGACGTGTGCTCTTCCGATCT; Type: regular 3'; Length: 34; Trimmed: 760005 times

No. of allowed errors:
0-9 bp: 0; 10-19 bp: 1; 20-29 bp: 2; 30-34 bp: 3

Bases preceding removed adapters:
  A: 30.1%
  C: 9.4%
  G: 22.8%
  T: 37.6%
  none/other: 0.0%

Overview of removed sequences
length	count	expect	max.err	error counts
3	568706	691644.2	0	568706
4	153992	172911.0	0	153992
5	24549	43227.8	0	24549
6	7518	10806.9	0	7518
7	1882	2701.7	0	1882
8	444	675.4	0	444
9	1031	168.9	0	122 909
10	1223	42.2	1	34 1189
11	486	10.6	1	7 479
12	118	2.6	1	2 116
13	29	0.7	1	0 29
14	9	0.2	1	0 9
15	5	0.0	1	0 5
17	1	0.0	1	0 1
20	1	0.0	2	0 0 1
38	1	0.0	3	0 1
41	1	0.0	3	0 0 0 1
47	1	0.0	3	0 0 1
49	1	0.0	3	0 0 1
52	1	0.0	3	0 0 1
55	2	0.0	3	1 0 1
69	1	0.0	3	0 0 0 1
90	2	0.0	3	0 0 2
99	1	0.0	3	0 0 0 1


=== Second read: Adapter PrefixPE/1 ===

Sequence: TACACTCTTTCCCTACACGACGCTCTTCCGATCT; Type: regular 3'; Length: 34; Trimmed: 844456 times

No. of allowed errors:
0-9 bp: 0; 10-19 bp: 1; 20-29 bp: 2; 30-34 bp: 3

Bases preceding removed adapters:
  A: 31.6%
  C: 19.0%
  G: 17.8%
  T: 31.6%
  none/other: 0.0%

Overview of removed sequences
length	count	expect	max.err	error counts
3	551167	691644.2	0	551167
4	233378	172911.0	0	233378
5	39050	43227.8	0	39050
6	10491	10806.9	0	10491
7	1909	2701.7	0	1909
8	600	675.4	0	600
9	2487	168.9	0	213 2274
10	3926	42.2	1	89 3837
11	1109	10.6	1	9 1100
12	228	2.6	1	3 225
13	71	0.7	1	1 70
14	21	0.2	1	2 19
15	1	0.0	1	0 1
16	3	0.0	1	0 3
17	1	0.0	1	0 1
19	1	0.0	1	1
37	2	0.0	3	0 1 1
44	1	0.0	3	0 0 1
48	1	0.0	3	0 1
55	1	0.0	3	0 1
91	1	0.0	3	0 0 0 1
98	3	0.0	3	1 2
101	4	0.0	3	0 0 0 4


=== Second read: Adapter PrefixPE/2 ===

Sequence: GTGACTGGAGTTCAGACGTGTGCTCTTCCGATCT; Type: regular 3'; Length: 34; Trimmed: 769645 times

No. of allowed errors:
0-9 bp: 0; 10-19 bp: 1; 20-29 bp: 2; 30-34 bp: 3

Bases preceding removed adapters:
  A: 30.1%
  C: 9.3%
  G: 22.9%
  T: 37.6%
  none/other: 0.0%

Overview of removed sequences
length	count	expect	max.err	error counts
3	575855	691644.2	0	575855
4	156117	172911.0	0	156117
5	24663	43227.8	0	24663
6	7503	10806.9	0	7503
7	1948	2701.7	0	1948
8	520	675.4	0	520
9	1083	168.9	0	112 971
10	1249	42.2	1	31 1218
11	508	10.6	1	4 504
12	143	2.6	1	5 138
13	36	0.7	1	0 36
14	10	0.2	1	0 10
15	2	0.0	1	0 2
16	1	0.0	1	0 1
18	1	0.0	1	0 0 1
70	1	0.0	3	0 0 0 1
82	1	0.0	3	1
86	1	0.0	3	0 1
88	1	0.0	3	0 0 0 1
89	1	0.0	3	0 0 1
93	1	0.0	3	0 0 1
