This is cutadapt 2.9 with Python 3.6.6
Command line parameters: --interleaved -a file:/nas02/apps/trimmomatic-0.36/Trimmomatic-0.36/adapters/TruSeq3-PE.fa -A file:/nas02/apps/trimmomatic-0.36/Trimmomatic-0.36/adapters/TruSeq3-PE.fa -m 30 /nas/longleaf/home/zpopkinh/Pvivax_resources/wgs_pe_improved_global/fastq/SRS807701/SRR1740358_1.fastq.gz /nas/longleaf/home/zpopkinh/Pvivax_resources/wgs_pe_improved_global/fastq/SRS807701/SRR1740358_2.fastq.gz
Processing reads on 1 core in paired-end mode ...
Finished in 2895.59 s (154 us/read; 0.39 M reads/minute).

=== Summary ===

Total read pairs processed:         18,777,344
  Read 1 with adapter:                 700,975 (3.7%)
  Read 2 with adapter:                 694,967 (3.7%)
Pairs written (passing filters):    18,777,340 (100.0%)

Total basepairs processed: 3,793,023,488 bp
  Read 1: 1,896,511,744 bp
  Read 2: 1,896,511,744 bp
Total written (filtered):  3,788,252,099 bp (99.9%)
  Read 1: 1,894,115,419 bp
  Read 2: 1,894,136,680 bp

=== First read: Adapter PrefixPE/1 ===

Sequence: TACACTCTTTCCCTACACGACGCTCTTCCGATCT; Type: regular 3'; Length: 34; Trimmed: 317875 times

No. of allowed errors:
0-9 bp: 0; 10-19 bp: 1; 20-29 bp: 2; 30-34 bp: 3

Bases preceding removed adapters:
  A: 30.0%
  C: 22.4%
  G: 16.1%
  T: 31.4%
  none/other: 0.0%

Overview of removed sequences
length	count	expect	max.err	error counts
3	207696	293396.0	0	207696
4	87590	73349.0	0	87590
5	14071	18337.2	0	14071
6	4120	4584.3	0	4120
7	805	1146.1	0	805
8	271	286.5	0	271
9	869	71.6	0	87 782
10	1790	17.9	1	36 1754
11	513	4.5	1	2 511
12	108	1.1	1	2 106
13	26	0.3	1	1 25
14	9	0.1	1	1 8
15	4	0.0	1	0 4
16	1	0.0	1	0 1
97	2	0.0	3	1 1


=== First read: Adapter PrefixPE/2 ===

Sequence: GTGACTGGAGTTCAGACGTGTGCTCTTCCGATCT; Type: regular 3'; Length: 34; Trimmed: 383100 times

No. of allowed errors:
0-9 bp: 0; 10-19 bp: 1; 20-29 bp: 2; 30-34 bp: 3

Bases preceding removed adapters:
  A: 31.5%
  C: 6.4%
  G: 24.8%
  T: 37.2%
  none/other: 0.0%

Overview of removed sequences
length	count	expect	max.err	error counts
3	283342	293396.0	0	283342
4	79373	73349.0	0	79373
5	12719	18337.2	0	12719
6	4269	4584.3	0	4269
7	1181	1146.1	0	1181
8	286	286.5	0	286
9	718	71.6	0	92 626
10	821	17.9	1	33 788
11	289	4.5	1	2 287
12	71	1.1	1	0 71
13	26	0.3	1	0 26
14	3	0.1	1	0 3
15	2	0.0	1	0 2


=== Second read: Adapter PrefixPE/1 ===

Sequence: TACACTCTTTCCCTACACGACGCTCTTCCGATCT; Type: regular 3'; Length: 34; Trimmed: 316110 times

No. of allowed errors:
0-9 bp: 0; 10-19 bp: 1; 20-29 bp: 2; 30-34 bp: 3

Bases preceding removed adapters:
  A: 30.2%
  C: 22.5%
  G: 16.1%
  T: 31.2%
  none/other: 0.0%

Overview of removed sequences
length	count	expect	max.err	error counts
3	206456	293396.0	0	206456
4	87071	73349.0	0	87071
5	14198	18337.2	0	14198
6	4019	4584.3	0	4019
7	901	1146.1	0	901
8	270	286.5	0	270
9	839	71.6	0	96 743
10	1723	17.9	1	28 1695
11	468	4.5	1	5 463
12	122	1.1	1	1 121
13	31	0.3	1	2 29
14	9	0.1	1	0 9
15	2	0.0	1	0 2
20	1	0.0	2	0 0 1


=== Second read: Adapter PrefixPE/2 ===

Sequence: GTGACTGGAGTTCAGACGTGTGCTCTTCCGATCT; Type: regular 3'; Length: 34; Trimmed: 378857 times

No. of allowed errors:
0-9 bp: 0; 10-19 bp: 1; 20-29 bp: 2; 30-34 bp: 3

Bases preceding removed adapters:
  A: 31.4%
  C: 6.7%
  G: 24.9%
  T: 36.9%
  none/other: 0.0%

Overview of removed sequences
length	count	expect	max.err	error counts
3	280407	293396.0	0	280407
4	78560	73349.0	0	78560
5	12379	18337.2	0	12379
6	4264	4584.3	0	4264
7	1102	1146.1	0	1102
8	286	286.5	0	286
9	642	71.6	0	74 568
10	801	17.9	1	21 780
11	300	4.5	1	5 295
12	80	1.1	1	1 79
13	22	0.3	1	0 22
14	7	0.1	1	1 6
15	1	0.0	1	0 1
16	2	0.0	1	0 2
20	1	0.0	2	0 0 1
27	1	0.0	2	1
76	1	0.0	3	0 0 0 1
100	1	0.0	3	0 1
