This is cutadapt 2.9 with Python 3.6.6
Command line parameters: --interleaved -a file:/nas02/apps/trimmomatic-0.36/Trimmomatic-0.36/adapters/TruSeq3-PE.fa -A file:/nas02/apps/trimmomatic-0.36/Trimmomatic-0.36/adapters/TruSeq3-PE.fa -m 30 /nas/longleaf/home/zpopkinh/Pvivax_resources/wgs_pe_improved_global/fastq/SRS2746205/SRR6361548_1.fastq.gz /nas/longleaf/home/zpopkinh/Pvivax_resources/wgs_pe_improved_global/fastq/SRS2746205/SRR6361548_2.fastq.gz
Processing reads on 1 core in paired-end mode ...
Finished in 660.60 s (84 us/read; 0.71 M reads/minute).

=== Summary ===

Total read pairs processed:          7,854,738
  Read 1 with adapter:                 315,067 (4.0%)
  Read 2 with adapter:                 323,795 (4.1%)
Pairs written (passing filters):     7,854,738 (100.0%)

Total basepairs processed: 1,570,947,600 bp
  Read 1:   785,473,800 bp
  Read 2:   785,473,800 bp
Total written (filtered):  1,568,711,856 bp (99.9%)
  Read 1:   784,368,369 bp
  Read 2:   784,343,487 bp

=== First read: Adapter PrefixPE/1 ===

Sequence: TACACTCTTTCCCTACACGACGCTCTTCCGATCT; Type: regular 3'; Length: 34; Trimmed: 204442 times

No. of allowed errors:
0-9 bp: 0; 10-19 bp: 1; 20-29 bp: 2; 30-34 bp: 3

Bases preceding removed adapters:
  A: 53.7%
  C: 11.9%
  G: 13.8%
  T: 20.6%
  none/other: 0.0%

Overview of removed sequences
length	count	expect	max.err	error counts
3	115263	122730.3	0	115263
4	56819	30682.6	0	56819
5	29621	7670.6	0	29621
6	1444	1917.7	0	1444
7	249	479.4	0	249
8	83	119.9	0	83
9	426	30.0	0	13 413
10	348	7.5	1	6 342
11	160	1.9	1	1 159
12	18	0.5	1	0 18
13	5	0.1	1	0 5
14	5	0.0	1	0 5
15	1	0.0	1	0 1


=== First read: Adapter PrefixPE/2 ===

Sequence: GTGACTGGAGTTCAGACGTGTGCTCTTCCGATCT; Type: regular 3'; Length: 34; Trimmed: 110625 times

No. of allowed errors:
0-9 bp: 0; 10-19 bp: 1; 20-29 bp: 2; 30-34 bp: 3

Bases preceding removed adapters:
  A: 24.1%
  C: 18.5%
  G: 26.0%
  T: 31.4%
  none/other: 0.0%

Overview of removed sequences
length	count	expect	max.err	error counts
3	85449	122730.3	0	85449
4	20758	30682.6	0	20758
5	3210	7670.6	0	3210
6	763	1917.7	0	763
7	202	479.4	0	202
8	22	119.9	0	22
9	100	30.0	0	1 99
10	87	7.5	1	2 85
11	26	1.9	1	1 25
12	7	0.5	1	0 7
13	1	0.1	1	0 1


=== Second read: Adapter PrefixPE/1 ===

Sequence: TACACTCTTTCCCTACACGACGCTCTTCCGATCT; Type: regular 3'; Length: 34; Trimmed: 209452 times

No. of allowed errors:
0-9 bp: 0; 10-19 bp: 1; 20-29 bp: 2; 30-34 bp: 3

Bases preceding removed adapters:
  A: 52.0%
  C: 14.7%
  G: 13.3%
  T: 20.0%
  none/other: 0.0%

Overview of removed sequences
length	count	expect	max.err	error counts
3	121078	122730.3	0	121078
4	55947	30682.6	0	55947
5	29577	7670.6	0	29577
6	1472	1917.7	0	1472
7	272	479.4	0	272
8	90	119.9	0	90
9	393	30.0	0	19 374
10	409	7.5	1	5 404
11	169	1.9	1	1 168
12	27	0.5	1	0 27
13	13	0.1	1	0 13
14	5	0.0	1	0 5


=== Second read: Adapter PrefixPE/2 ===

Sequence: GTGACTGGAGTTCAGACGTGTGCTCTTCCGATCT; Type: regular 3'; Length: 34; Trimmed: 114343 times

No. of allowed errors:
0-9 bp: 0; 10-19 bp: 1; 20-29 bp: 2; 30-34 bp: 3

Bases preceding removed adapters:
  A: 23.0%
  C: 17.8%
  G: 25.4%
  T: 33.7%
  none/other: 0.0%

Overview of removed sequences
length	count	expect	max.err	error counts
3	90152	122730.3	0	90152
4	19858	30682.6	0	19858
5	3103	7670.6	0	3103
6	775	1917.7	0	775
7	197	479.4	0	197
8	24	119.9	0	24
9	114	30.0	0	6 108
10	84	7.5	1	1 83
11	23	1.9	1	0 23
12	11	0.5	1	0 11
13	2	0.1	1	0 2
