This is cutadapt 2.9 with Python 3.6.6
Command line parameters: --interleaved -a file:/nas02/apps/trimmomatic-0.36/Trimmomatic-0.36/adapters/TruSeq3-PE.fa -A file:/nas02/apps/trimmomatic-0.36/Trimmomatic-0.36/adapters/TruSeq3-PE.fa -m 30 /nas/longleaf/home/zpopkinh/Pvivax_resources/wgs_pe_improved_global/fastq/ERS055889/ERR111721_1.fastq.gz /nas/longleaf/home/zpopkinh/Pvivax_resources/wgs_pe_improved_global/fastq/ERS055889/ERR111721_2.fastq.gz
Processing reads on 1 core in paired-end mode ...
Finished in 366.65 s (85 us/read; 0.70 M reads/minute).

=== Summary ===

Total read pairs processed:          4,288,907
  Read 1 with adapter:                 157,458 (3.7%)
  Read 2 with adapter:                 156,222 (3.6%)
Pairs written (passing filters):     4,288,906 (100.0%)

Total basepairs processed:   857,781,400 bp
  Read 1:   428,890,700 bp
  Read 2:   428,890,700 bp
Total written (filtered):    856,723,048 bp (99.9%)
  Read 1:   428,359,548 bp
  Read 2:   428,363,500 bp

=== First read: Adapter PrefixPE/1 ===

Sequence: TACACTCTTTCCCTACACGACGCTCTTCCGATCT; Type: regular 3'; Length: 34; Trimmed: 83323 times

No. of allowed errors:
0-9 bp: 0; 10-19 bp: 1; 20-29 bp: 2; 30-34 bp: 3

Bases preceding removed adapters:
  A: 28.9%
  C: 18.9%
  G: 22.8%
  T: 29.4%
  none/other: 0.0%

Overview of removed sequences
length	count	expect	max.err	error counts
3	55817	67014.2	0	55817
4	21228	16753.5	0	21228
5	4446	4188.4	0	4446
6	968	1047.1	0	968
7	198	261.8	0	198
8	45	65.4	0	45
9	257	16.4	0	13 244
10	253	4.1	1	6 247
11	85	1.0	1	3 82
12	19	0.3	1	0 19
13	6	0.1	1	0 6
100	1	0.0	3	0 0 0 1


=== First read: Adapter PrefixPE/2 ===

Sequence: GTGACTGGAGTTCAGACGTGTGCTCTTCCGATCT; Type: regular 3'; Length: 34; Trimmed: 74135 times

No. of allowed errors:
0-9 bp: 0; 10-19 bp: 1; 20-29 bp: 2; 30-34 bp: 3

Bases preceding removed adapters:
  A: 23.7%
  C: 18.3%
  G: 26.2%
  T: 31.8%
  none/other: 0.0%

Overview of removed sequences
length	count	expect	max.err	error counts
3	57996	67014.2	0	57996
4	13295	16753.5	0	13295
5	2129	4188.4	0	2129
6	428	1047.1	0	428
7	126	261.8	0	126
8	14	65.4	0	14
9	63	16.4	0	3 60
10	53	4.1	1	0 53
11	24	1.0	1	0 24
12	6	0.3	1	1 5
13	1	0.1	1	0 1


=== Second read: Adapter PrefixPE/1 ===

Sequence: TACACTCTTTCCCTACACGACGCTCTTCCGATCT; Type: regular 3'; Length: 34; Trimmed: 82890 times

No. of allowed errors:
0-9 bp: 0; 10-19 bp: 1; 20-29 bp: 2; 30-34 bp: 3

Bases preceding removed adapters:
  A: 28.9%
  C: 18.7%
  G: 22.8%
  T: 29.6%
  none/other: 0.0%

Overview of removed sequences
length	count	expect	max.err	error counts
3	55681	67014.2	0	55681
4	20941	16753.5	0	20941
5	4520	4188.4	0	4520
6	913	1047.1	0	913
7	199	261.8	0	199
8	38	65.4	0	38
9	252	16.4	0	14 238
10	246	4.1	1	5 241
11	77	1.0	1	0 77
12	20	0.3	1	0 20
13	2	0.1	1	0 2
14	1	0.0	1	0 1


=== Second read: Adapter PrefixPE/2 ===

Sequence: GTGACTGGAGTTCAGACGTGTGCTCTTCCGATCT; Type: regular 3'; Length: 34; Trimmed: 73332 times

No. of allowed errors:
0-9 bp: 0; 10-19 bp: 1; 20-29 bp: 2; 30-34 bp: 3

Bases preceding removed adapters:
  A: 24.0%
  C: 18.3%
  G: 25.9%
  T: 31.8%
  none/other: 0.0%

Overview of removed sequences
length	count	expect	max.err	error counts
3	57124	67014.2	0	57124
4	13342	16753.5	0	13342
5	2112	4188.4	0	2112
6	445	1047.1	0	445
7	110	261.8	0	110
8	14	65.4	0	14
9	80	16.4	0	6 74
10	74	4.1	1	0 74
11	24	1.0	1	0 24
12	4	0.3	1	0 4
13	3	0.1	1	0 3
