This is cutadapt 2.9 with Python 3.6.6
Command line parameters: --interleaved -a file:/nas02/apps/trimmomatic-0.36/Trimmomatic-0.36/adapters/TruSeq3-PE.fa -A file:/nas02/apps/trimmomatic-0.36/Trimmomatic-0.36/adapters/TruSeq3-PE.fa -m 30 /nas/longleaf/home/zpopkinh/Pvivax_resources/wgs_pe_improved_global/fastq/SRS2746206/SRR6361547_1.fastq.gz /nas/longleaf/home/zpopkinh/Pvivax_resources/wgs_pe_improved_global/fastq/SRS2746206/SRR6361547_2.fastq.gz
Processing reads on 1 core in paired-end mode ...
Finished in 4727.13 s (106 us/read; 0.57 M reads/minute).

=== Summary ===

Total read pairs processed:         44,702,974
  Read 1 with adapter:               1,527,831 (3.4%)
  Read 2 with adapter:               1,516,063 (3.4%)
Pairs written (passing filters):    44,702,973 (100.0%)

Total basepairs processed: 8,940,594,800 bp
  Read 1: 4,470,297,400 bp
  Read 2: 4,470,297,400 bp
Total written (filtered):  8,930,311,369 bp (99.9%)
  Read 1: 4,465,131,529 bp
  Read 2: 4,465,179,840 bp

=== First read: Adapter PrefixPE/1 ===

Sequence: TACACTCTTTCCCTACACGACGCTCTTCCGATCT; Type: regular 3'; Length: 34; Trimmed: 769628 times

No. of allowed errors:
0-9 bp: 0; 10-19 bp: 1; 20-29 bp: 2; 30-34 bp: 3

Bases preceding removed adapters:
  A: 29.0%
  C: 19.9%
  G: 22.4%
  T: 28.7%
  none/other: 0.0%

Overview of removed sequences
length	count	expect	max.err	error counts
3	516475	698484.0	0	516475
4	184610	174621.0	0	184610
5	52934	43655.2	0	52934
6	7699	10913.8	0	7699
7	1583	2728.5	0	1583
8	454	682.1	0	454
9	2546	170.5	0	140 2406
10	2197	42.6	1	46 2151
11	870	10.7	1	6 864
12	193	2.7	1	1 192
13	43	0.7	1	1 42
14	22	0.2	1	0 22
15	1	0.0	1	0 1
100	1	0.0	3	0 1


=== First read: Adapter PrefixPE/2 ===

Sequence: GTGACTGGAGTTCAGACGTGTGCTCTTCCGATCT; Type: regular 3'; Length: 34; Trimmed: 758203 times

No. of allowed errors:
0-9 bp: 0; 10-19 bp: 1; 20-29 bp: 2; 30-34 bp: 3

Bases preceding removed adapters:
  A: 24.1%
  C: 19.0%
  G: 27.0%
  T: 29.9%
  none/other: 0.0%

Overview of removed sequences
length	count	expect	max.err	error counts
3	584882	698484.0	0	584882
4	142615	174621.0	0	142615
5	22786	43655.2	0	22786
6	4838	10913.8	0	4838
7	1206	2728.5	0	1206
8	162	682.1	0	162
9	700	170.5	0	25 675
10	642	42.6	1	7 635
11	318	10.7	1	7 311
12	45	2.7	1	0 45
13	9	0.7	1	0 9


=== Second read: Adapter PrefixPE/1 ===

Sequence: TACACTCTTTCCCTACACGACGCTCTTCCGATCT; Type: regular 3'; Length: 34; Trimmed: 766326 times

No. of allowed errors:
0-9 bp: 0; 10-19 bp: 1; 20-29 bp: 2; 30-34 bp: 3

Bases preceding removed adapters:
  A: 28.8%
  C: 21.0%
  G: 21.9%
  T: 28.3%
  none/other: 0.0%

Overview of removed sequences
length	count	expect	max.err	error counts
3	517305	698484.0	0	517305
4	180701	174621.0	0	180701
5	52702	43655.2	0	52702
6	7658	10913.8	0	7658
7	1597	2728.5	0	1597
8	366	682.1	0	366
9	2653	170.5	0	143 2510
10	2171	42.6	1	44 2127
11	886	10.7	1	11 875
12	207	2.7	1	1 206
13	50	0.7	1	1 49
14	30	0.2	1	0 30


=== Second read: Adapter PrefixPE/2 ===

Sequence: GTGACTGGAGTTCAGACGTGTGCTCTTCCGATCT; Type: regular 3'; Length: 34; Trimmed: 749737 times

No. of allowed errors:
0-9 bp: 0; 10-19 bp: 1; 20-29 bp: 2; 30-34 bp: 3

Bases preceding removed adapters:
  A: 23.4%
  C: 18.7%
  G: 27.1%
  T: 30.8%
  none/other: 0.0%

Overview of removed sequences
length	count	expect	max.err	error counts
3	583948	698484.0	0	583948
4	136100	174621.0	0	136100
5	22004	43655.2	0	22004
6	4675	10913.8	0	4675
7	1193	2728.5	0	1193
8	166	682.1	0	166
9	628	170.5	0	38 590
10	690	42.6	1	7 683
11	267	10.7	1	5 262
12	52	2.7	1	0 52
13	13	0.7	1	0 13
14	1	0.2	1	0 1
