This is cutadapt 2.9 with Python 3.6.6
Command line parameters: --interleaved -a file:/nas02/apps/trimmomatic-0.36/Trimmomatic-0.36/adapters/TruSeq3-PE.fa -A file:/nas02/apps/trimmomatic-0.36/Trimmomatic-0.36/adapters/TruSeq3-PE.fa -m 30 /nas/longleaf/home/zpopkinh/Pvivax_resources/wgs_pe_improved_global/fastq/ERS666248/ERR925439_1.fastq.gz /nas/longleaf/home/zpopkinh/Pvivax_resources/wgs_pe_improved_global/fastq/ERS666248/ERR925439_2.fastq.gz
Processing reads on 1 core in paired-end mode ...
Finished in 302.74 s (79 us/read; 0.76 M reads/minute).

=== Summary ===

Total read pairs processed:          3,818,348
  Read 1 with adapter:                 139,348 (3.6%)
  Read 2 with adapter:                 137,499 (3.6%)
Pairs written (passing filters):     3,818,347 (100.0%)

Total basepairs processed:   763,669,600 bp
  Read 1:   381,834,800 bp
  Read 2:   381,834,800 bp
Total written (filtered):    762,730,965 bp (99.9%)
  Read 1:   381,362,055 bp
  Read 2:   381,368,910 bp

=== First read: Adapter PrefixPE/1 ===

Sequence: TACACTCTTTCCCTACACGACGCTCTTCCGATCT; Type: regular 3'; Length: 34; Trimmed: 75788 times

No. of allowed errors:
0-9 bp: 0; 10-19 bp: 1; 20-29 bp: 2; 30-34 bp: 3

Bases preceding removed adapters:
  A: 28.7%
  C: 17.9%
  G: 24.3%
  T: 29.0%
  none/other: 0.0%

Overview of removed sequences
length	count	expect	max.err	error counts
3	49800	59661.7	0	49800
4	20118	14915.4	0	20118
5	3987	3728.9	0	3987
6	972	932.2	0	972
7	196	233.1	0	196
8	35	58.3	0	35
9	205	14.6	0	12 193
10	366	3.6	1	6 360
11	93	0.9	1	0 93
12	10	0.2	1	1 9
13	3	0.1	1	0 3
14	2	0.0	1	0 2
100	1	0.0	3	0 0 0 1


=== First read: Adapter PrefixPE/2 ===

Sequence: GTGACTGGAGTTCAGACGTGTGCTCTTCCGATCT; Type: regular 3'; Length: 34; Trimmed: 63560 times

No. of allowed errors:
0-9 bp: 0; 10-19 bp: 1; 20-29 bp: 2; 30-34 bp: 3

Bases preceding removed adapters:
  A: 24.9%
  C: 17.3%
  G: 24.7%
  T: 33.0%
  none/other: 0.0%

Overview of removed sequences
length	count	expect	max.err	error counts
3	49517	59661.7	0	49517
4	11610	14915.4	0	11610
5	1741	3728.9	0	1741
6	408	932.2	0	408
7	90	233.1	0	90
8	9	58.3	0	9
9	92	14.6	0	3 89
10	65	3.6	1	1 64
11	21	0.9	1	0 21
12	7	0.2	1	0 7


=== Second read: Adapter PrefixPE/1 ===

Sequence: TACACTCTTTCCCTACACGACGCTCTTCCGATCT; Type: regular 3'; Length: 34; Trimmed: 75200 times

No. of allowed errors:
0-9 bp: 0; 10-19 bp: 1; 20-29 bp: 2; 30-34 bp: 3

Bases preceding removed adapters:
  A: 29.0%
  C: 17.7%
  G: 24.4%
  T: 28.9%
  none/other: 0.0%

Overview of removed sequences
length	count	expect	max.err	error counts
3	49572	59661.7	0	49572
4	19947	14915.4	0	19947
5	3889	3728.9	0	3889
6	953	932.2	0	953
7	181	233.1	0	181
8	39	58.3	0	39
9	206	14.6	0	11 195
10	331	3.6	1	10 321
11	66	0.9	1	0 66
12	11	0.2	1	0 11
13	4	0.1	1	1 3
14	1	0.0	1	0 1


=== Second read: Adapter PrefixPE/2 ===

Sequence: GTGACTGGAGTTCAGACGTGTGCTCTTCCGATCT; Type: regular 3'; Length: 34; Trimmed: 62299 times

No. of allowed errors:
0-9 bp: 0; 10-19 bp: 1; 20-29 bp: 2; 30-34 bp: 3

Bases preceding removed adapters:
  A: 24.7%
  C: 17.2%
  G: 24.6%
  T: 33.5%
  none/other: 0.0%

Overview of removed sequences
length	count	expect	max.err	error counts
3	48611	59661.7	0	48611
4	11259	14915.4	0	11259
5	1727	3728.9	0	1727
6	420	932.2	0	420
7	100	233.1	0	100
8	17	58.3	0	17
9	78	14.6	0	4 74
10	67	3.6	1	0 67
11	17	0.9	1	0 17
12	2	0.2	1	0 2
13	1	0.1	1	0 1
