This is cutadapt 2.9 with Python 3.6.6
Command line parameters: --interleaved -a file:/nas02/apps/trimmomatic-0.36/Trimmomatic-0.36/adapters/TruSeq3-PE.fa -A file:/nas02/apps/trimmomatic-0.36/Trimmomatic-0.36/adapters/TruSeq3-PE.fa -m 30 /nas/longleaf/home/zpopkinh/Pvivax_resources/wgs_pe_improved_global/fastq/ERS123124/ERR152415_1.fastq.gz /nas/longleaf/home/zpopkinh/Pvivax_resources/wgs_pe_improved_global/fastq/ERS123124/ERR152415_2.fastq.gz
Processing reads on 1 core in paired-end mode ...
Finished in 274.82 s (98 us/read; 0.61 M reads/minute).

=== Summary ===

Total read pairs processed:          2,813,678
  Read 1 with adapter:                 102,725 (3.7%)
  Read 2 with adapter:                 103,232 (3.7%)
Pairs written (passing filters):     2,813,669 (100.0%)

Total basepairs processed:   562,735,600 bp
  Read 1:   281,367,800 bp
  Read 2:   281,367,800 bp
Total written (filtered):    562,034,789 bp (99.9%)
  Read 1:   281,018,315 bp
  Read 2:   281,016,474 bp

=== First read: Adapter PrefixPE/1 ===

Sequence: TACACTCTTTCCCTACACGACGCTCTTCCGATCT; Type: regular 3'; Length: 34; Trimmed: 56764 times

No. of allowed errors:
0-9 bp: 0; 10-19 bp: 1; 20-29 bp: 2; 30-34 bp: 3

Bases preceding removed adapters:
  A: 29.8%
  C: 17.3%
  G: 24.5%
  T: 28.3%
  none/other: 0.0%

Overview of removed sequences
length	count	expect	max.err	error counts
3	37273	43963.7	0	37273
4	15061	10990.9	0	15061
5	2975	2747.7	0	2975
6	710	686.9	0	710
7	165	171.7	0	165
8	31	42.9	0	31
9	136	10.7	0	10 126
10	324	2.7	1	5 319
11	67	0.7	1	0 67
12	12	0.2	1	0 12
13	1	0.0	1	0 1
100	9	0.0	3	0 0 0 9


=== First read: Adapter PrefixPE/2 ===

Sequence: GTGACTGGAGTTCAGACGTGTGCTCTTCCGATCT; Type: regular 3'; Length: 34; Trimmed: 45961 times

No. of allowed errors:
0-9 bp: 0; 10-19 bp: 1; 20-29 bp: 2; 30-34 bp: 3

Bases preceding removed adapters:
  A: 25.6%
  C: 16.6%
  G: 23.6%
  T: 34.2%
  none/other: 0.0%

Overview of removed sequences
length	count	expect	max.err	error counts
3	35988	43963.7	0	35988
4	8273	10990.9	0	8273
5	1226	2747.7	0	1226
6	265	686.9	0	265
7	62	171.7	0	62
8	13	42.9	0	13
9	62	10.7	0	4 58
10	47	2.7	1	1 46
11	18	0.7	1	0 18
12	5	0.2	1	0 5
13	2	0.0	1	0 2


=== Second read: Adapter PrefixPE/1 ===

Sequence: TACACTCTTTCCCTACACGACGCTCTTCCGATCT; Type: regular 3'; Length: 34; Trimmed: 56394 times

No. of allowed errors:
0-9 bp: 0; 10-19 bp: 1; 20-29 bp: 2; 30-34 bp: 3

Bases preceding removed adapters:
  A: 30.2%
  C: 17.5%
  G: 23.9%
  T: 28.4%
  none/other: 0.0%

Overview of removed sequences
length	count	expect	max.err	error counts
3	37001	43963.7	0	37001
4	15032	10990.9	0	15032
5	2888	2747.7	0	2888
6	672	686.9	0	672
7	166	171.7	0	166
8	38	42.9	0	38
9	151	10.7	0	19 132
10	357	2.7	1	6 351
11	71	0.7	1	1 70
12	13	0.2	1	0 13
13	3	0.0	1	0 3
15	2	0.0	1	0 2


=== Second read: Adapter PrefixPE/2 ===

Sequence: GTGACTGGAGTTCAGACGTGTGCTCTTCCGATCT; Type: regular 3'; Length: 34; Trimmed: 46838 times

No. of allowed errors:
0-9 bp: 0; 10-19 bp: 1; 20-29 bp: 2; 30-34 bp: 3

Bases preceding removed adapters:
  A: 25.4%
  C: 16.5%
  G: 24.2%
  T: 33.9%
  none/other: 0.0%

Overview of removed sequences
length	count	expect	max.err	error counts
3	36682	43963.7	0	36682
4	8388	10990.9	0	8388
5	1278	2747.7	0	1278
6	293	686.9	0	293
7	72	171.7	0	72
8	12	42.9	0	12
9	66	10.7	0	1 65
10	36	2.7	1	3 33
11	10	0.7	1	0 10
12	1	0.2	1	0 1
