This is cutadapt 2.9 with Python 3.6.6
Command line parameters: --interleaved -a file:/nas02/apps/trimmomatic-0.36/Trimmomatic-0.36/adapters/TruSeq3-PE.fa -A file:/nas02/apps/trimmomatic-0.36/Trimmomatic-0.36/adapters/TruSeq3-PE.fa -m 30 /nas/longleaf/home/zpopkinh/Pvivax_resources/wgs_pe_improved_global/fastq/SRS693576/SRR1562968_1.fastq.gz /nas/longleaf/home/zpopkinh/Pvivax_resources/wgs_pe_improved_global/fastq/SRS693576/SRR1562968_2.fastq.gz
Processing reads on 1 core in paired-end mode ...
Finished in 1039.51 s (72 us/read; 0.83 M reads/minute).

=== Summary ===

Total read pairs processed:         14,388,419
  Read 1 with adapter:                 528,513 (3.7%)
  Read 2 with adapter:                 548,824 (3.8%)
Pairs written (passing filters):    14,388,417 (100.0%)

Total basepairs processed: 2,906,460,638 bp
  Read 1: 1,453,230,319 bp
  Read 2: 1,453,230,319 bp
Total written (filtered):  2,902,834,970 bp (99.9%)
  Read 1: 1,451,447,482 bp
  Read 2: 1,451,387,488 bp

=== First read: Adapter PrefixPE/1 ===

Sequence: TACACTCTTTCCCTACACGACGCTCTTCCGATCT; Type: regular 3'; Length: 34; Trimmed: 255166 times

No. of allowed errors:
0-9 bp: 0; 10-19 bp: 1; 20-29 bp: 2; 30-34 bp: 3

Bases preceding removed adapters:
  A: 25.1%
  C: 22.9%
  G: 25.9%
  T: 26.0%
  none/other: 0.0%

Overview of removed sequences
length	count	expect	max.err	error counts
3	172879	224819.0	0	172879
4	60780	56204.8	0	60780
5	15452	14051.2	0	15452
6	3026	3512.8	0	3026
7	786	878.2	0	786
8	183	219.5	0	183
9	736	54.9	0	55 681
10	877	13.7	1	27 850
11	364	3.4	1	0 364
12	66	0.9	1	0 66
13	14	0.2	1	0 14
14	1	0.1	1	0 1
16	1	0.0	1	0 1
101	1	0.0	3	0 0 0 1


=== First read: Adapter PrefixPE/2 ===

Sequence: GTGACTGGAGTTCAGACGTGTGCTCTTCCGATCT; Type: regular 3'; Length: 34; Trimmed: 273347 times

No. of allowed errors:
0-9 bp: 0; 10-19 bp: 1; 20-29 bp: 2; 30-34 bp: 3

Bases preceding removed adapters:
  A: 23.0%
  C: 19.4%
  G: 27.0%
  T: 30.6%
  none/other: 0.0%

Overview of removed sequences
length	count	expect	max.err	error counts
3	213273	224819.0	0	213273
4	48647	56204.8	0	48647
5	8238	14051.2	0	8238
6	1913	3512.8	0	1913
7	477	878.2	0	477
8	77	219.5	0	77
9	319	54.9	0	15 304
10	279	13.7	1	10 269
11	97	3.4	1	2 95
12	16	0.9	1	0 16
13	10	0.2	1	0 10
14	1	0.1	1	0 1


=== Second read: Adapter PrefixPE/1 ===

Sequence: TACACTCTTTCCCTACACGACGCTCTTCCGATCT; Type: regular 3'; Length: 34; Trimmed: 253592 times

No. of allowed errors:
0-9 bp: 0; 10-19 bp: 1; 20-29 bp: 2; 30-34 bp: 3

Bases preceding removed adapters:
  A: 25.2%
  C: 22.8%
  G: 26.0%
  T: 26.0%
  none/other: 0.0%

Overview of removed sequences
length	count	expect	max.err	error counts
3	170926	224819.0	0	170926
4	61218	56204.8	0	61218
5	15614	14051.2	0	15614
6	2939	3512.8	0	2939
7	748	878.2	0	748
8	154	219.5	0	154
9	720	54.9	0	59 661
10	857	13.7	1	36 821
11	326	3.4	1	1 325
12	64	0.9	1	0 64
13	23	0.2	1	0 23
14	1	0.1	1	0 1
15	1	0.0	1	0 1
76	1	0.0	3	0 0 0 1


=== Second read: Adapter PrefixPE/2 ===

Sequence: GTGACTGGAGTTCAGACGTGTGCTCTTCCGATCT; Type: regular 3'; Length: 34; Trimmed: 295232 times

No. of allowed errors:
0-9 bp: 0; 10-19 bp: 1; 20-29 bp: 2; 30-34 bp: 3

Bases preceding removed adapters:
  A: 23.2%
  C: 23.7%
  G: 24.8%
  T: 28.3%
  none/other: 0.0%

Overview of removed sequences
length	count	expect	max.err	error counts
3	235671	224819.0	0	235671
4	48086	56204.8	0	48086
5	8398	14051.2	0	8398
6	1889	3512.8	0	1889
7	416	878.2	0	416
8	73	219.5	0	73
9	319	54.9	0	27 292
10	256	13.7	1	2 254
11	99	3.4	1	3 96
12	19	0.9	1	0 19
13	2	0.2	1	0 2
15	1	0.0	1	0 1
26	1	0.0	2	0 0 1
38	1	0.0	3	0 0 0 1
45	1	0.0	3	0 0 0 1
