This is cutadapt 2.9 with Python 3.6.6
Command line parameters: --interleaved -a file:/nas02/apps/trimmomatic-0.36/Trimmomatic-0.36/adapters/TruSeq3-PE.fa -A file:/nas02/apps/trimmomatic-0.36/Trimmomatic-0.36/adapters/TruSeq3-PE.fa -m 30 /nas/longleaf/home/zpopkinh/Pvivax_resources/wgs_pe_improved_global/fastq/ERR5740723/ERR5740723_1.fastq.gz /nas/longleaf/home/zpopkinh/Pvivax_resources/wgs_pe_improved_global/fastq/ERR5740723/ERR5740723_2.fastq.gz
Processing reads on 1 core in paired-end mode ...
Finished in 448.75 s (132 us/read; 0.45 M reads/minute).

=== Summary ===

Total read pairs processed:          3,397,670
  Read 1 with adapter:                 123,389 (3.6%)
  Read 2 with adapter:                 120,009 (3.5%)
Pairs written (passing filters):     3,397,666 (100.0%)

Total basepairs processed: 1,026,096,340 bp
  Read 1:   513,048,170 bp
  Read 2:   513,048,170 bp
Total written (filtered):  1,025,271,191 bp (99.9%)
  Read 1:   512,629,560 bp
  Read 2:   512,641,631 bp

=== First read: Adapter PrefixPE/1 ===

Sequence: TACACTCTTTCCCTACACGACGCTCTTCCGATCT; Type: regular 3'; Length: 34; Trimmed: 57510 times

No. of allowed errors:
0-9 bp: 0; 10-19 bp: 1; 20-29 bp: 2; 30-34 bp: 3

Bases preceding removed adapters:
  A: 28.2%
  C: 22.9%
  G: 20.2%
  T: 28.7%
  none/other: 0.0%

Overview of removed sequences
length	count	expect	max.err	error counts
3	38588	53088.6	0	38588
4	14683	13272.1	0	14683
5	2889	3318.0	0	2889
6	671	829.5	0	671
7	146	207.4	0	146
8	42	51.8	0	42
9	184	13.0	0	10 174
10	216	3.2	1	8 208
11	74	0.8	1	0 74
12	11	0.2	1	0 11
13	1	0.1	1	0 1
14	3	0.0	1	0 3
15	1	0.0	1	0 1
151	1	0.0	3	0 0 0 1


=== First read: Adapter PrefixPE/2 ===

Sequence: GTGACTGGAGTTCAGACGTGTGCTCTTCCGATCT; Type: regular 3'; Length: 34; Trimmed: 65879 times

No. of allowed errors:
0-9 bp: 0; 10-19 bp: 1; 20-29 bp: 2; 30-34 bp: 3

Bases preceding removed adapters:
  A: 27.5%
  C: 12.2%
  G: 26.2%
  T: 34.1%
  none/other: 0.0%

Overview of removed sequences
length	count	expect	max.err	error counts
3	50285	53088.6	0	50285
4	12421	13272.1	0	12421
5	2053	3318.0	0	2053
6	633	829.5	0	633
7	173	207.4	0	173
8	42	51.8	0	42
9	102	13.0	0	10 92
10	113	3.2	1	6 107
11	37	0.8	1	0 37
12	16	0.2	1	0 16
13	3	0.1	1	1 2
14	1	0.0	1	0 1


=== Second read: Adapter PrefixPE/1 ===

Sequence: TACACTCTTTCCCTACACGACGCTCTTCCGATCT; Type: regular 3'; Length: 34; Trimmed: 55737 times

No. of allowed errors:
0-9 bp: 0; 10-19 bp: 1; 20-29 bp: 2; 30-34 bp: 3

Bases preceding removed adapters:
  A: 28.3%
  C: 23.8%
  G: 20.6%
  T: 27.3%
  none/other: 0.0%

Overview of removed sequences
length	count	expect	max.err	error counts
3	37387	53088.6	0	37387
4	13990	13272.1	0	13990
5	2976	3318.0	0	2976
6	680	829.5	0	680
7	157	207.4	0	157
8	47	51.8	0	47
9	165	13.0	0	21 144
10	215	3.2	1	4 211
11	89	0.8	1	3 86
12	20	0.2	1	0 20
13	5	0.1	1	1 4
14	2	0.0	1	0 2
15	1	0.0	1	0 1
118	1	0.0	3	0 0 0 1
121	1	0.0	3	1
151	1	0.0	3	0 0 1


=== Second read: Adapter PrefixPE/2 ===

Sequence: GTGACTGGAGTTCAGACGTGTGCTCTTCCGATCT; Type: regular 3'; Length: 34; Trimmed: 64272 times

No. of allowed errors:
0-9 bp: 0; 10-19 bp: 1; 20-29 bp: 2; 30-34 bp: 3

Bases preceding removed adapters:
  A: 26.4%
  C: 14.5%
  G: 26.3%
  T: 32.7%
  none/other: 0.0%

Overview of removed sequences
length	count	expect	max.err	error counts
3	50141	53088.6	0	50141
4	11091	13272.1	0	11091
5	2100	3318.0	0	2100
6	487	829.5	0	487
7	139	207.4	0	139
8	41	51.8	0	41
9	111	13.0	0	10 101
10	108	3.2	1	3 105
11	38	0.8	1	0 38
12	11	0.2	1	0 11
13	3	0.1	1	0 3
143	2	0.0	3	0 0 0 2
