This is cutadapt 2.9 with Python 3.6.6
Command line parameters: --interleaved -a file:/nas02/apps/trimmomatic-0.36/Trimmomatic-0.36/adapters/TruSeq3-PE.fa -A file:/nas02/apps/trimmomatic-0.36/Trimmomatic-0.36/adapters/TruSeq3-PE.fa -m 30 /nas/longleaf/home/zpopkinh/Pvivax_resources/wgs_pe_improved_global/fastq/ERS241409/ERR337599_1.fastq.gz /nas/longleaf/home/zpopkinh/Pvivax_resources/wgs_pe_improved_global/fastq/ERS241409/ERR337599_2.fastq.gz
Processing reads on 1 core in paired-end mode ...
Finished in 1497.78 s (90 us/read; 0.66 M reads/minute).

=== Summary ===

Total read pairs processed:         16,578,214
  Read 1 with adapter:                 597,246 (3.6%)
  Read 2 with adapter:                 591,188 (3.6%)
Pairs written (passing filters):    16,578,210 (100.0%)

Total basepairs processed: 3,315,642,800 bp
  Read 1: 1,657,821,400 bp
  Read 2: 1,657,821,400 bp
Total written (filtered):  3,311,620,821 bp (99.9%)
  Read 1: 1,655,799,999 bp
  Read 2: 1,655,820,822 bp

=== First read: Adapter PrefixPE/1 ===

Sequence: TACACTCTTTCCCTACACGACGCTCTTCCGATCT; Type: regular 3'; Length: 34; Trimmed: 332175 times

No. of allowed errors:
0-9 bp: 0; 10-19 bp: 1; 20-29 bp: 2; 30-34 bp: 3

Bases preceding removed adapters:
  A: 30.7%
  C: 17.2%
  G: 21.5%
  T: 30.5%
  none/other: 0.0%

Overview of removed sequences
length	count	expect	max.err	error counts
3	220155	259034.6	0	220155
4	87842	64758.6	0	87842
5	16858	16189.7	0	16858
6	3896	4047.4	0	3896
7	750	1011.9	0	750
8	196	253.0	0	196
9	1038	63.2	0	64 974
10	1033	15.8	1	11 1022
11	309	4.0	1	4 305
12	64	1.0	1	0 64
13	26	0.2	1	1 25
14	2	0.1	1	0 2
15	1	0.0	1	0 1
45	1	0.0	3	0 0 1
71	1	0.0	3	0 0 0 1
100	3	0.0	3	0 0 0 3


=== First read: Adapter PrefixPE/2 ===

Sequence: GTGACTGGAGTTCAGACGTGTGCTCTTCCGATCT; Type: regular 3'; Length: 34; Trimmed: 265071 times

No. of allowed errors:
0-9 bp: 0; 10-19 bp: 1; 20-29 bp: 2; 30-34 bp: 3

Bases preceding removed adapters:
  A: 24.3%
  C: 17.6%
  G: 24.8%
  T: 33.4%
  none/other: 0.0%

Overview of removed sequences
length	count	expect	max.err	error counts
3	206476	259034.6	0	206476
4	47654	64758.6	0	47654
5	8150	16189.7	0	8150
6	1717	4047.4	0	1717
7	392	1011.9	0	392
8	63	253.0	0	63
9	262	63.2	0	17 245
10	240	15.8	1	6 234
11	91	4.0	1	1 90
12	22	1.0	1	0 22
13	4	0.2	1	0 4


=== Second read: Adapter PrefixPE/1 ===

Sequence: TACACTCTTTCCCTACACGACGCTCTTCCGATCT; Type: regular 3'; Length: 34; Trimmed: 330988 times

No. of allowed errors:
0-9 bp: 0; 10-19 bp: 1; 20-29 bp: 2; 30-34 bp: 3

Bases preceding removed adapters:
  A: 30.9%
  C: 17.3%
  G: 21.4%
  T: 30.4%
  none/other: 0.0%

Overview of removed sequences
length	count	expect	max.err	error counts
3	219451	259034.6	0	219451
4	87582	64758.6	0	87582
5	16706	16189.7	0	16706
6	3827	4047.4	0	3827
7	695	1011.9	0	695
8	165	253.0	0	165
9	1075	63.2	0	65 1010
10	1072	15.8	1	26 1046
11	321	4.0	1	4 317
12	73	1.0	1	3 70
13	16	0.2	1	0 16
14	4	0.1	1	0 4
15	1	0.0	1	0 1


=== Second read: Adapter PrefixPE/2 ===

Sequence: GTGACTGGAGTTCAGACGTGTGCTCTTCCGATCT; Type: regular 3'; Length: 34; Trimmed: 260200 times

No. of allowed errors:
0-9 bp: 0; 10-19 bp: 1; 20-29 bp: 2; 30-34 bp: 3

Bases preceding removed adapters:
  A: 24.2%
  C: 18.0%
  G: 24.8%
  T: 33.0%
  none/other: 0.0%

Overview of removed sequences
length	count	expect	max.err	error counts
3	202979	259034.6	0	202979
4	46615	64758.6	0	46615
5	7948	16189.7	0	7948
6	1664	4047.4	0	1664
7	355	1011.9	0	355
8	67	253.0	0	67
9	252	63.2	0	12 240
10	228	15.8	1	3 225
11	64	4.0	1	0 64
12	19	1.0	1	0 19
13	9	0.2	1	0 9
