This is cutadapt 2.9 with Python 3.6.6
Command line parameters: --interleaved -a file:/nas02/apps/trimmomatic-0.36/Trimmomatic-0.36/adapters/TruSeq3-PE.fa -A file:/nas02/apps/trimmomatic-0.36/Trimmomatic-0.36/adapters/TruSeq3-PE.fa -m 30 /nas/longleaf/home/zpopkinh/Pvivax_resources/wgs_pe_improved_global/fastq/ERS012057/ERR020124_1.fastq.gz /nas/longleaf/home/zpopkinh/Pvivax_resources/wgs_pe_improved_global/fastq/ERS012057/ERR020124_2.fastq.gz
Processing reads on 1 core in paired-end mode ...
Finished in 886.68 s (141 us/read; 0.43 M reads/minute).

=== Summary ===

Total read pairs processed:          6,296,474
  Read 1 with adapter:                 192,489 (3.1%)
  Read 2 with adapter:                 193,261 (3.1%)
Pairs written (passing filters):     6,296,461 (100.0%)

Total basepairs processed:   957,064,048 bp
  Read 1:   478,532,024 bp
  Read 2:   478,532,024 bp
Total written (filtered):    955,742,580 bp (99.9%)
  Read 1:   477,871,962 bp
  Read 2:   477,870,618 bp

=== First read: Adapter PrefixPE/1 ===

Sequence: TACACTCTTTCCCTACACGACGCTCTTCCGATCT; Type: regular 3'; Length: 34; Trimmed: 132772 times

No. of allowed errors:
0-9 bp: 0; 10-19 bp: 1; 20-29 bp: 2; 30-34 bp: 3

Bases preceding removed adapters:
  A: 40.6%
  C: 12.4%
  G: 15.5%
  T: 31.5%
  none/other: 0.0%

Overview of removed sequences
length	count	expect	max.err	error counts
3	84234	98382.4	0	84234
4	40686	24595.6	0	40686
5	5328	6148.9	0	5328
6	1160	1537.2	0	1160
7	191	384.3	0	191
8	72	96.1	0	72
9	430	24.0	0	20 410
10	501	6.0	1	15 486
11	129	1.5	1	1 128
12	20	0.4	1	0 20
13	1	0.1	1	0 1
14	2	0.0	1	0 2
15	2	0.0	1	0 2
16	1	0.0	1	0 1
18	3	0.0	1	2 1
71	12	0.0	3	1 4 1 6


=== First read: Adapter PrefixPE/2 ===

Sequence: GTGACTGGAGTTCAGACGTGTGCTCTTCCGATCT; Type: regular 3'; Length: 34; Trimmed: 59717 times

No. of allowed errors:
0-9 bp: 0; 10-19 bp: 1; 20-29 bp: 2; 30-34 bp: 3

Bases preceding removed adapters:
  A: 28.2%
  C: 10.3%
  G: 19.7%
  T: 41.7%
  none/other: 0.0%

Overview of removed sequences
length	count	expect	max.err	error counts
3	44407	98382.4	0	44407
4	13373	24595.6	0	13373
5	1444	6148.9	0	1444
6	307	1537.2	0	307
7	59	384.3	0	59
8	10	96.1	0	10
9	43	24.0	0	2 41
10	47	6.0	1	0 47
11	21	1.5	1	0 21
12	1	0.4	1	0 1
13	3	0.1	1	0 3
14	2	0.0	1	0 2


=== Second read: Adapter PrefixPE/1 ===

Sequence: TACACTCTTTCCCTACACGACGCTCTTCCGATCT; Type: regular 3'; Length: 34; Trimmed: 132936 times

No. of allowed errors:
0-9 bp: 0; 10-19 bp: 1; 20-29 bp: 2; 30-34 bp: 3

Bases preceding removed adapters:
  A: 39.7%
  C: 12.6%
  G: 15.5%
  T: 32.2%
  none/other: 0.0%

Overview of removed sequences
length	count	expect	max.err	error counts
3	84564	98382.4	0	84564
4	40431	24595.6	0	40431
5	5350	6148.9	0	5350
6	1218	1537.2	0	1218
7	203	384.3	0	203
8	62	96.1	0	62
9	469	24.0	0	28 441
10	491	6.0	1	14 477
11	121	1.5	1	3 118
12	24	0.4	1	0 24
13	2	0.1	1	1 1
71	1	0.0	3	1


=== Second read: Adapter PrefixPE/2 ===

Sequence: GTGACTGGAGTTCAGACGTGTGCTCTTCCGATCT; Type: regular 3'; Length: 34; Trimmed: 60325 times

No. of allowed errors:
0-9 bp: 0; 10-19 bp: 1; 20-29 bp: 2; 30-34 bp: 3

Bases preceding removed adapters:
  A: 26.2%
  C: 13.2%
  G: 19.0%
  T: 41.5%
  none/other: 0.0%

Overview of removed sequences
length	count	expect	max.err	error counts
3	45863	98382.4	0	45863
4	12603	24595.6	0	12603
5	1383	6148.9	0	1383
6	298	1537.2	0	298
7	68	384.3	0	68
8	6	96.1	0	6
9	45	24.0	0	5 40
10	30	6.0	1	0 30
11	24	1.5	1	1 23
12	5	0.4	1	0 5
