This is cutadapt 2.9 with Python 3.6.6
Command line parameters: --interleaved -a file:/nas02/apps/trimmomatic-0.36/Trimmomatic-0.36/adapters/TruSeq3-PE.fa -A file:/nas02/apps/trimmomatic-0.36/Trimmomatic-0.36/adapters/TruSeq3-PE.fa -m 30 /nas/longleaf/home/zpopkinh/Pvivax_resources/wgs_pe_improved_global/fastq/ERS792626/ERR1138868_1.fastq.gz /nas/longleaf/home/zpopkinh/Pvivax_resources/wgs_pe_improved_global/fastq/ERS792626/ERR1138868_2.fastq.gz
Processing reads on 1 core in paired-end mode ...
Finished in 276.05 s (70 us/read; 0.86 M reads/minute).

=== Summary ===

Total read pairs processed:          3,943,409
  Read 1 with adapter:                 144,525 (3.7%)
  Read 2 with adapter:                 142,417 (3.6%)
Pairs written (passing filters):     3,943,409 (100.0%)

Total basepairs processed:   788,681,800 bp
  Read 1:   394,340,900 bp
  Read 2:   394,340,900 bp
Total written (filtered):    787,710,164 bp (99.9%)
  Read 1:   393,851,323 bp
  Read 2:   393,858,841 bp

=== First read: Adapter PrefixPE/1 ===

Sequence: TACACTCTTTCCCTACACGACGCTCTTCCGATCT; Type: regular 3'; Length: 34; Trimmed: 77478 times

No. of allowed errors:
0-9 bp: 0; 10-19 bp: 1; 20-29 bp: 2; 30-34 bp: 3

Bases preceding removed adapters:
  A: 28.8%
  C: 18.2%
  G: 24.1%
  T: 29.0%
  none/other: 0.0%

Overview of removed sequences
length	count	expect	max.err	error counts
3	51247	61615.8	0	51247
4	20147	15403.9	0	20147
5	4109	3851.0	0	4109
6	939	962.7	0	939
7	224	240.7	0	224
8	39	60.2	0	39
9	238	15.0	0	16 222
10	408	3.8	1	8 400
11	98	0.9	1	2 96
12	22	0.2	1	0 22
13	6	0.1	1	0 6
14	1	0.0	1	0 1


=== First read: Adapter PrefixPE/2 ===

Sequence: GTGACTGGAGTTCAGACGTGTGCTCTTCCGATCT; Type: regular 3'; Length: 34; Trimmed: 67047 times

No. of allowed errors:
0-9 bp: 0; 10-19 bp: 1; 20-29 bp: 2; 30-34 bp: 3

Bases preceding removed adapters:
  A: 25.0%
  C: 17.0%
  G: 24.5%
  T: 33.5%
  none/other: 0.0%

Overview of removed sequences
length	count	expect	max.err	error counts
3	52638	61615.8	0	52638
4	11879	15403.9	0	11879
5	1816	3851.0	0	1816
6	442	962.7	0	442
7	89	240.7	0	89
8	14	60.2	0	14
9	80	15.0	0	4 76
10	66	3.8	1	0 66
11	21	0.9	1	0 21
12	1	0.2	1	0 1
13	1	0.1	1	0 1


=== Second read: Adapter PrefixPE/1 ===

Sequence: TACACTCTTTCCCTACACGACGCTCTTCCGATCT; Type: regular 3'; Length: 34; Trimmed: 76760 times

No. of allowed errors:
0-9 bp: 0; 10-19 bp: 1; 20-29 bp: 2; 30-34 bp: 3

Bases preceding removed adapters:
  A: 28.9%
  C: 18.4%
  G: 23.8%
  T: 28.8%
  none/other: 0.0%

Overview of removed sequences
length	count	expect	max.err	error counts
3	50867	61615.8	0	50867
4	20054	15403.9	0	20054
5	3990	3851.0	0	3990
6	894	962.7	0	894
7	210	240.7	0	210
8	41	60.2	0	41
9	204	15.0	0	17 187
10	396	3.8	1	11 385
11	81	0.9	1	2 79
12	20	0.2	1	0 20
13	3	0.1	1	0 3


=== Second read: Adapter PrefixPE/2 ===

Sequence: GTGACTGGAGTTCAGACGTGTGCTCTTCCGATCT; Type: regular 3'; Length: 34; Trimmed: 65657 times

No. of allowed errors:
0-9 bp: 0; 10-19 bp: 1; 20-29 bp: 2; 30-34 bp: 3

Bases preceding removed adapters:
  A: 24.8%
  C: 17.0%
  G: 24.9%
  T: 33.4%
  none/other: 0.0%

Overview of removed sequences
length	count	expect	max.err	error counts
3	51439	61615.8	0	51439
4	11703	15403.9	0	11703
5	1807	3851.0	0	1807
6	429	962.7	0	429
7	91	240.7	0	91
8	16	60.2	0	16
9	84	15.0	0	4 80
10	70	3.8	1	1 69
11	13	0.9	1	1 12
12	3	0.2	1	0 3
13	2	0.1	1	0 2
