This is cutadapt 2.9 with Python 3.6.6
Command line parameters: --interleaved -a file:/nas02/apps/trimmomatic-0.36/Trimmomatic-0.36/adapters/TruSeq3-PE.fa -A file:/nas02/apps/trimmomatic-0.36/Trimmomatic-0.36/adapters/TruSeq3-PE.fa -m 30 /nas/longleaf/home/zpopkinh/Pvivax_resources/wgs_pe_improved_global/fastq/ERS241437/ERR337626_1.fastq.gz /nas/longleaf/home/zpopkinh/Pvivax_resources/wgs_pe_improved_global/fastq/ERS241437/ERR337626_2.fastq.gz
Processing reads on 1 core in paired-end mode ...
Finished in 2031.12 s (94 us/read; 0.64 M reads/minute).

=== Summary ===

Total read pairs processed:         21,497,423
  Read 1 with adapter:                 770,944 (3.6%)
  Read 2 with adapter:                 766,436 (3.6%)
Pairs written (passing filters):    21,497,415 (100.0%)

Total basepairs processed: 4,299,484,600 bp
  Read 1: 2,149,742,300 bp
  Read 2: 2,149,742,300 bp
Total written (filtered):  4,294,284,475 bp (99.9%)
  Read 1: 2,147,134,597 bp
  Read 2: 2,147,149,878 bp

=== First read: Adapter PrefixPE/1 ===

Sequence: TACACTCTTTCCCTACACGACGCTCTTCCGATCT; Type: regular 3'; Length: 34; Trimmed: 432261 times

No. of allowed errors:
0-9 bp: 0; 10-19 bp: 1; 20-29 bp: 2; 30-34 bp: 3

Bases preceding removed adapters:
  A: 30.7%
  C: 17.2%
  G: 21.3%
  T: 30.7%
  none/other: 0.0%

Overview of removed sequences
length	count	expect	max.err	error counts
3	286101	335897.2	0	286101
4	114474	83974.3	0	114474
5	22299	20993.6	0	22299
6	5027	5248.4	0	5027
7	906	1312.1	0	906
8	242	328.0	0	242
9	1301	82.0	0	70 1231
10	1349	20.5	1	35 1314
11	435	5.1	1	4 431
12	98	1.3	1	2 96
13	18	0.3	1	0 18
14	3	0.1	1	0 3
100	8	0.0	3	0 0 0 8


=== First read: Adapter PrefixPE/2 ===

Sequence: GTGACTGGAGTTCAGACGTGTGCTCTTCCGATCT; Type: regular 3'; Length: 34; Trimmed: 338683 times

No. of allowed errors:
0-9 bp: 0; 10-19 bp: 1; 20-29 bp: 2; 30-34 bp: 3

Bases preceding removed adapters:
  A: 24.3%
  C: 18.0%
  G: 24.8%
  T: 32.9%
  none/other: 0.0%

Overview of removed sequences
length	count	expect	max.err	error counts
3	264744	335897.2	0	264744
4	61389	83974.3	0	61389
5	9161	20993.6	0	9161
6	2073	5248.4	0	2073
7	517	1312.1	0	517
8	87	328.0	0	87
9	303	82.0	0	10 293
10	275	20.5	1	4 271
11	103	5.1	1	1 102
12	26	1.3	1	0 26
13	5	0.3	1	0 5


=== Second read: Adapter PrefixPE/1 ===

Sequence: TACACTCTTTCCCTACACGACGCTCTTCCGATCT; Type: regular 3'; Length: 34; Trimmed: 431933 times

No. of allowed errors:
0-9 bp: 0; 10-19 bp: 1; 20-29 bp: 2; 30-34 bp: 3

Bases preceding removed adapters:
  A: 30.8%
  C: 17.2%
  G: 21.1%
  T: 30.9%
  none/other: 0.0%

Overview of removed sequences
length	count	expect	max.err	error counts
3	286222	335897.2	0	286222
4	114287	83974.3	0	114287
5	22035	20993.6	0	22035
6	5013	5248.4	0	5013
7	906	1312.1	0	906
8	250	328.0	0	250
9	1313	82.0	0	101 1212
10	1335	20.5	1	26 1309
11	436	5.1	1	4 432
12	94	1.3	1	5 89
13	34	0.3	1	1 33
14	7	0.1	1	0 7
15	1	0.0	1	0 1


=== Second read: Adapter PrefixPE/2 ===

Sequence: GTGACTGGAGTTCAGACGTGTGCTCTTCCGATCT; Type: regular 3'; Length: 34; Trimmed: 334503 times

No. of allowed errors:
0-9 bp: 0; 10-19 bp: 1; 20-29 bp: 2; 30-34 bp: 3

Bases preceding removed adapters:
  A: 24.5%
  C: 17.9%
  G: 24.7%
  T: 32.9%
  none/other: 0.0%

Overview of removed sequences
length	count	expect	max.err	error counts
3	261583	335897.2	0	261583
4	60502	83974.3	0	60502
5	9055	20993.6	0	9055
6	2089	5248.4	0	2089
7	485	1312.1	0	485
8	55	328.0	0	55
9	335	82.0	0	17 318
10	270	20.5	1	8 262
11	102	5.1	1	2 100
12	22	1.3	1	0 22
13	5	0.3	1	0 5
