This is cutadapt 2.9 with Python 3.6.6
Command line parameters: --interleaved -a file:/nas02/apps/trimmomatic-0.36/Trimmomatic-0.36/adapters/TruSeq3-PE.fa -A file:/nas02/apps/trimmomatic-0.36/Trimmomatic-0.36/adapters/TruSeq3-PE.fa -m 30 /nas/longleaf/home/zpopkinh/Pvivax_resources/wgs_pe_improved_global/fastq/ERS241428/ERR337617_1.fastq.gz /nas/longleaf/home/zpopkinh/Pvivax_resources/wgs_pe_improved_global/fastq/ERS241428/ERR337617_2.fastq.gz
Processing reads on 1 core in paired-end mode ...
Finished in 2881.85 s (137 us/read; 0.44 M reads/minute).

=== Summary ===

Total read pairs processed:         21,017,415
  Read 1 with adapter:                 763,964 (3.6%)
  Read 2 with adapter:                 758,152 (3.6%)
Pairs written (passing filters):    21,017,171 (100.0%)

Total basepairs processed: 4,203,483,000 bp
  Read 1: 2,101,741,500 bp
  Read 2: 2,101,741,500 bp
Total written (filtered):  4,198,302,208 bp (99.9%)
  Read 1: 2,099,141,963 bp
  Read 2: 2,099,160,245 bp

=== First read: Adapter PrefixPE/1 ===

Sequence: TACACTCTTTCCCTACACGACGCTCTTCCGATCT; Type: regular 3'; Length: 34; Trimmed: 400797 times

No. of allowed errors:
0-9 bp: 0; 10-19 bp: 1; 20-29 bp: 2; 30-34 bp: 3

Bases preceding removed adapters:
  A: 28.4%
  C: 19.4%
  G: 23.3%
  T: 28.9%
  none/other: 0.1%

Overview of removed sequences
length	count	expect	max.err	error counts
3	268856	328397.1	0	268856
4	100981	82099.3	0	100981
5	21992	20524.8	0	21992
6	4493	5131.2	0	4493
7	992	1282.8	0	992
8	239	320.7	0	239
9	1227	80.2	0	90 1137
10	1234	20.0	1	19 1215
11	422	5.0	1	1 421
12	72	1.3	1	2 70
13	27	0.3	1	0 27
14	13	0.1	1	0 13
15	1	0.0	1	0 1
69	1	0.0	3	0 0 0 1
70	3	0.0	3	0 0 0 3
71	5	0.0	3	0 0 1 4
100	239	0.0	3	0 0 1 238


=== First read: Adapter PrefixPE/2 ===

Sequence: GTGACTGGAGTTCAGACGTGTGCTCTTCCGATCT; Type: regular 3'; Length: 34; Trimmed: 363167 times

No. of allowed errors:
0-9 bp: 0; 10-19 bp: 1; 20-29 bp: 2; 30-34 bp: 3

Bases preceding removed adapters:
  A: 23.8%
  C: 18.6%
  G: 25.9%
  T: 31.7%
  none/other: 0.0%

Overview of removed sequences
length	count	expect	max.err	error counts
3	285313	328397.1	0	285313
4	63618	82099.3	0	63618
5	10410	20524.8	0	10410
6	2412	5131.2	0	2412
7	512	1282.8	0	512
8	89	320.7	0	89
9	369	80.2	0	19 350
10	322	20.0	1	8 314
11	89	5.0	1	0 89
12	23	1.3	1	0 23
13	10	0.3	1	0 10


=== Second read: Adapter PrefixPE/1 ===

Sequence: TACACTCTTTCCCTACACGACGCTCTTCCGATCT; Type: regular 3'; Length: 34; Trimmed: 399665 times

No. of allowed errors:
0-9 bp: 0; 10-19 bp: 1; 20-29 bp: 2; 30-34 bp: 3

Bases preceding removed adapters:
  A: 28.6%
  C: 19.4%
  G: 23.0%
  T: 28.9%
  none/other: 0.0%

Overview of removed sequences
length	count	expect	max.err	error counts
3	267557	328397.1	0	267557
4	101658	82099.3	0	101658
5	21781	20524.8	0	21781
6	4540	5131.2	0	4540
7	962	1282.8	0	962
8	204	320.7	0	204
9	1182	80.2	0	96 1086
10	1241	20.0	1	26 1215
11	410	5.0	1	6 404
12	95	1.3	1	1 94
13	25	0.3	1	0 25
14	8	0.1	1	0 8
15	2	0.0	1	0 2


=== Second read: Adapter PrefixPE/2 ===

Sequence: GTGACTGGAGTTCAGACGTGTGCTCTTCCGATCT; Type: regular 3'; Length: 34; Trimmed: 358487 times

No. of allowed errors:
0-9 bp: 0; 10-19 bp: 1; 20-29 bp: 2; 30-34 bp: 3

Bases preceding removed adapters:
  A: 23.9%
  C: 18.7%
  G: 26.0%
  T: 31.5%
  none/other: 0.0%

Overview of removed sequences
length	count	expect	max.err	error counts
3	281861	328397.1	0	281861
4	62611	82099.3	0	62611
5	10309	20524.8	0	10309
6	2178	5131.2	0	2178
7	555	1282.8	0	555
8	93	320.7	0	93
9	386	80.2	0	25 361
10	353	20.0	1	8 345
11	99	5.0	1	1 98
12	31	1.3	1	0 31
13	10	0.3	1	0 10
15	1	0.0	1	0 1
