This is cutadapt 2.9 with Python 3.6.6
Command line parameters: --interleaved -a file:/nas02/apps/trimmomatic-0.36/Trimmomatic-0.36/adapters/TruSeq3-PE.fa -A file:/nas02/apps/trimmomatic-0.36/Trimmomatic-0.36/adapters/TruSeq3-PE.fa -m 30 /nas/longleaf/home/zpopkinh/Pvivax_resources/wgs_pe_improved_global/fastq/SRS696215/SRR1567957_1.fastq.gz /nas/longleaf/home/zpopkinh/Pvivax_resources/wgs_pe_improved_global/fastq/SRS696215/SRR1567957_2.fastq.gz
Processing reads on 1 core in paired-end mode ...
Finished in 0.72 s (49 us/read; 1.23 M reads/minute).

=== Summary ===

Total read pairs processed:             14,822
  Read 1 with adapter:                     442 (3.0%)
  Read 2 with adapter:                     478 (3.2%)
Pairs written (passing filters):        14,822 (100.0%)

Total basepairs processed:     2,994,044 bp
  Read 1:     1,497,022 bp
  Read 2:     1,497,022 bp
Total written (filtered):      2,990,881 bp (99.9%)
  Read 1:     1,495,475 bp
  Read 2:     1,495,406 bp

=== First read: Adapter PrefixPE/1 ===

Sequence: TACACTCTTTCCCTACACGACGCTCTTCCGATCT; Type: regular 3'; Length: 34; Trimmed: 245 times

No. of allowed errors:
0-9 bp: 0; 10-19 bp: 1; 20-29 bp: 2; 30-34 bp: 3

Bases preceding removed adapters:
  A: 33.1%
  C: 22.4%
  G: 13.5%
  T: 31.0%
  none/other: 0.0%

Overview of removed sequences
length	count	expect	max.err	error counts
3	150	231.6	0	150
4	72	57.9	0	72
5	20	14.5	0	20
6	1	3.6	0	1
9	2	0.1	0	0 2


=== First read: Adapter PrefixPE/2 ===

Sequence: GTGACTGGAGTTCAGACGTGTGCTCTTCCGATCT; Type: regular 3'; Length: 34; Trimmed: 197 times

No. of allowed errors:
0-9 bp: 0; 10-19 bp: 1; 20-29 bp: 2; 30-34 bp: 3

Bases preceding removed adapters:
  A: 28.9%
  C: 11.2%
  G: 28.9%
  T: 31.0%
  none/other: 0.0%

Overview of removed sequences
length	count	expect	max.err	error counts
3	134	231.6	0	134
4	48	57.9	0	48
5	9	14.5	0	9
6	1	3.6	0	1
7	3	0.9	0	3
9	1	0.1	0	0 1
10	1	0.0	1	0 1


=== Second read: Adapter PrefixPE/1 ===

Sequence: TACACTCTTTCCCTACACGACGCTCTTCCGATCT; Type: regular 3'; Length: 34; Trimmed: 248 times

No. of allowed errors:
0-9 bp: 0; 10-19 bp: 1; 20-29 bp: 2; 30-34 bp: 3

Bases preceding removed adapters:
  A: 36.7%
  C: 26.2%
  G: 15.7%
  T: 21.4%
  none/other: 0.0%

Overview of removed sequences
length	count	expect	max.err	error counts
3	164	231.6	0	164
4	65	57.9	0	65
5	14	14.5	0	14
6	2	3.6	0	2
7	2	0.9	0	2
8	1	0.2	0	1


=== Second read: Adapter PrefixPE/2 ===

Sequence: GTGACTGGAGTTCAGACGTGTGCTCTTCCGATCT; Type: regular 3'; Length: 34; Trimmed: 230 times

No. of allowed errors:
0-9 bp: 0; 10-19 bp: 1; 20-29 bp: 2; 30-34 bp: 3

Bases preceding removed adapters:
  A: 23.0%
  C: 23.5%
  G: 21.3%
  T: 32.2%
  none/other: 0.0%

Overview of removed sequences
length	count	expect	max.err	error counts
3	187	231.6	0	187
4	31	57.9	0	31
5	6	14.5	0	6
6	3	3.6	0	3
7	1	0.9	0	1
9	1	0.1	0	0 1
11	1	0.0	1	0 1
