This is cutadapt 2.9 with Python 3.6.6
Command line parameters: --interleaved -a file:/nas02/apps/trimmomatic-0.36/Trimmomatic-0.36/adapters/TruSeq3-PE.fa -A file:/nas02/apps/trimmomatic-0.36/Trimmomatic-0.36/adapters/TruSeq3-PE.fa -m 30 /nas/longleaf/home/zpopkinh/Pvivax_resources/wgs_pe_improved_global/fastq/ERS792599/ERR1138855_1.fastq.gz /nas/longleaf/home/zpopkinh/Pvivax_resources/wgs_pe_improved_global/fastq/ERS792599/ERR1138855_2.fastq.gz
Processing reads on 1 core in paired-end mode ...
Finished in 678.20 s (85 us/read; 0.71 M reads/minute).

=== Summary ===

Total read pairs processed:          8,022,205
  Read 1 with adapter:                 292,895 (3.7%)
  Read 2 with adapter:                 288,925 (3.6%)
Pairs written (passing filters):     8,022,205 (100.0%)

Total basepairs processed: 1,604,441,000 bp
  Read 1:   802,220,500 bp
  Read 2:   802,220,500 bp
Total written (filtered):  1,602,475,592 bp (99.9%)
  Read 1:   801,231,160 bp
  Read 2:   801,244,432 bp

=== First read: Adapter PrefixPE/1 ===

Sequence: TACACTCTTTCCCTACACGACGCTCTTCCGATCT; Type: regular 3'; Length: 34; Trimmed: 153898 times

No. of allowed errors:
0-9 bp: 0; 10-19 bp: 1; 20-29 bp: 2; 30-34 bp: 3

Bases preceding removed adapters:
  A: 28.4%
  C: 18.8%
  G: 24.0%
  T: 28.9%
  none/other: 0.0%

Overview of removed sequences
length	count	expect	max.err	error counts
3	102398	125347.0	0	102398
4	39697	31336.7	0	39697
5	8288	7834.2	0	8288
6	1825	1958.5	0	1825
7	368	489.6	0	368
8	95	122.4	0	95
9	442	30.6	0	45 397
10	575	7.7	1	11 564
11	166	1.9	1	2 164
12	26	0.5	1	1 25
13	14	0.1	1	0 14
14	3	0.0	1	0 3
15	1	0.0	1	0 1


=== First read: Adapter PrefixPE/2 ===

Sequence: GTGACTGGAGTTCAGACGTGTGCTCTTCCGATCT; Type: regular 3'; Length: 34; Trimmed: 138997 times

No. of allowed errors:
0-9 bp: 0; 10-19 bp: 1; 20-29 bp: 2; 30-34 bp: 3

Bases preceding removed adapters:
  A: 24.1%
  C: 18.2%
  G: 25.5%
  T: 32.1%
  none/other: 0.0%

Overview of removed sequences
length	count	expect	max.err	error counts
3	108927	125347.0	0	108927
4	24599	31336.7	0	24599
5	3969	7834.2	0	3969
6	929	1958.5	0	929
7	223	489.6	0	223
8	33	122.4	0	33
9	139	30.6	0	11 128
10	116	7.7	1	4 112
11	50	1.9	1	2 48
12	11	0.5	1	0 11
13	1	0.1	1	0 1


=== Second read: Adapter PrefixPE/1 ===

Sequence: TACACTCTTTCCCTACACGACGCTCTTCCGATCT; Type: regular 3'; Length: 34; Trimmed: 152172 times

No. of allowed errors:
0-9 bp: 0; 10-19 bp: 1; 20-29 bp: 2; 30-34 bp: 3

Bases preceding removed adapters:
  A: 28.4%
  C: 19.1%
  G: 23.6%
  T: 28.9%
  none/other: 0.0%

Overview of removed sequences
length	count	expect	max.err	error counts
3	101440	125347.0	0	101440
4	39007	31336.7	0	39007
5	8286	7834.2	0	8286
6	1724	1958.5	0	1724
7	394	489.6	0	394
8	92	122.4	0	92
9	453	30.6	0	29 424
10	544	7.7	1	9 535
11	177	1.9	1	0 177
12	40	0.5	1	1 39
13	12	0.1	1	0 12
14	1	0.0	1	0 1
15	2	0.0	1	0 2


=== Second read: Adapter PrefixPE/2 ===

Sequence: GTGACTGGAGTTCAGACGTGTGCTCTTCCGATCT; Type: regular 3'; Length: 34; Trimmed: 136753 times

No. of allowed errors:
0-9 bp: 0; 10-19 bp: 1; 20-29 bp: 2; 30-34 bp: 3

Bases preceding removed adapters:
  A: 24.2%
  C: 18.1%
  G: 25.8%
  T: 32.0%
  none/other: 0.0%

Overview of removed sequences
length	count	expect	max.err	error counts
3	107192	125347.0	0	107192
4	24154	31336.7	0	24154
5	3931	7834.2	0	3931
6	886	1958.5	0	886
7	198	489.6	0	198
8	36	122.4	0	36
9	165	30.6	0	6 159
10	126	7.7	1	5 121
11	55	1.9	1	1 54
12	9	0.5	1	0 9
13	1	0.1	1	0 1
