This is cutadapt 2.9 with Python 3.6.6
Command line parameters: --interleaved -a file:/nas02/apps/trimmomatic-0.36/Trimmomatic-0.36/adapters/TruSeq3-PE.fa -A file:/nas02/apps/trimmomatic-0.36/Trimmomatic-0.36/adapters/TruSeq3-PE.fa -m 30 /nas/longleaf/home/zpopkinh/Pvivax_resources/wgs_pe_improved_global/fastq/SRS693281/SRR1562538_1.fastq.gz /nas/longleaf/home/zpopkinh/Pvivax_resources/wgs_pe_improved_global/fastq/SRS693281/SRR1562538_2.fastq.gz
Processing reads on 1 core in paired-end mode ...
Finished in 919.59 s (71 us/read; 0.84 M reads/minute).

=== Summary ===

Total read pairs processed:         12,935,714
  Read 1 with adapter:                 482,403 (3.7%)
  Read 2 with adapter:                 484,845 (3.7%)
Pairs written (passing filters):    12,935,714 (100.0%)

Total basepairs processed: 2,613,014,228 bp
  Read 1: 1,306,507,114 bp
  Read 2: 1,306,507,114 bp
Total written (filtered):  2,609,753,650 bp (99.9%)
  Read 1: 1,304,879,980 bp
  Read 2: 1,304,873,670 bp

=== First read: Adapter PrefixPE/1 ===

Sequence: TACACTCTTTCCCTACACGACGCTCTTCCGATCT; Type: regular 3'; Length: 34; Trimmed: 242540 times

No. of allowed errors:
0-9 bp: 0; 10-19 bp: 1; 20-29 bp: 2; 30-34 bp: 3

Bases preceding removed adapters:
  A: 26.0%
  C: 21.6%
  G: 24.9%
  T: 27.5%
  none/other: 0.0%

Overview of removed sequences
length	count	expect	max.err	error counts
3	164530	202120.5	0	164530
4	58817	50530.1	0	58817
5	13405	12632.5	0	13405
6	2894	3158.1	0	2894
7	668	789.5	0	668
8	168	197.4	0	168
9	609	49.3	0	78 531
10	1006	12.3	1	30 976
11	371	3.1	1	5 366
12	52	0.8	1	0 52
13	17	0.2	1	0 17
14	2	0.0	1	0 2
49	1	0.0	3	0 1


=== First read: Adapter PrefixPE/2 ===

Sequence: GTGACTGGAGTTCAGACGTGTGCTCTTCCGATCT; Type: regular 3'; Length: 34; Trimmed: 239863 times

No. of allowed errors:
0-9 bp: 0; 10-19 bp: 1; 20-29 bp: 2; 30-34 bp: 3

Bases preceding removed adapters:
  A: 24.6%
  C: 18.0%
  G: 26.3%
  T: 31.2%
  none/other: 0.0%

Overview of removed sequences
length	count	expect	max.err	error counts
3	187335	202120.5	0	187335
4	42814	50530.1	0	42814
5	7053	12632.5	0	7053
6	1632	3158.1	0	1632
7	341	789.5	0	341
8	51	197.4	0	51
9	291	49.3	0	18 273
10	244	12.3	1	4 240
11	79	3.1	1	0 79
12	18	0.8	1	0 18
13	4	0.2	1	0 4
14	1	0.0	1	0 1


=== Second read: Adapter PrefixPE/1 ===

Sequence: TACACTCTTTCCCTACACGACGCTCTTCCGATCT; Type: regular 3'; Length: 34; Trimmed: 238840 times

No. of allowed errors:
0-9 bp: 0; 10-19 bp: 1; 20-29 bp: 2; 30-34 bp: 3

Bases preceding removed adapters:
  A: 26.3%
  C: 21.6%
  G: 24.8%
  T: 27.2%
  none/other: 0.0%

Overview of removed sequences
length	count	expect	max.err	error counts
3	161260	202120.5	0	161260
4	58596	50530.1	0	58596
5	13309	12632.5	0	13309
6	2896	3158.1	0	2896
7	692	789.5	0	692
8	131	197.4	0	131
9	633	49.3	0	75 558
10	957	12.3	1	16 941
11	300	3.1	1	2 298
12	39	0.8	1	0 39
13	23	0.2	1	0 23
14	3	0.0	1	0 3
16	1	0.0	1	0 1


=== Second read: Adapter PrefixPE/2 ===

Sequence: GTGACTGGAGTTCAGACGTGTGCTCTTCCGATCT; Type: regular 3'; Length: 34; Trimmed: 246005 times

No. of allowed errors:
0-9 bp: 0; 10-19 bp: 1; 20-29 bp: 2; 30-34 bp: 3

Bases preceding removed adapters:
  A: 24.2%
  C: 20.1%
  G: 25.8%
  T: 29.9%
  none/other: 0.0%

Overview of removed sequences
length	count	expect	max.err	error counts
3	193268	202120.5	0	193268
4	43015	50530.1	0	43015
5	7034	12632.5	0	7034
6	1629	3158.1	0	1629
7	355	789.5	0	355
8	65	197.4	0	65
9	297	49.3	0	15 282
10	235	12.3	1	3 232
11	96	3.1	1	1 95
12	8	0.8	1	0 8
13	1	0.2	1	0 1
21	1	0.0	2	0 0 1
53	1	0.0	3	0 0 0 1
