This is cutadapt 2.9 with Python 3.6.6
Command line parameters: --interleaved -a file:/nas02/apps/trimmomatic-0.36/Trimmomatic-0.36/adapters/TruSeq3-PE.fa -A file:/nas02/apps/trimmomatic-0.36/Trimmomatic-0.36/adapters/TruSeq3-PE.fa -m 30 /nas/longleaf/home/zpopkinh/Pvivax_resources/wgs_pe_improved_global/fastq/SRS693281/SRR1564694_1.fastq.gz /nas/longleaf/home/zpopkinh/Pvivax_resources/wgs_pe_improved_global/fastq/SRS693281/SRR1564694_2.fastq.gz
Processing reads on 1 core in paired-end mode ...
Finished in 0.86 s (47 us/read; 1.28 M reads/minute).

=== Summary ===

Total read pairs processed:             18,228
  Read 1 with adapter:                     544 (3.0%)
  Read 2 with adapter:                     614 (3.4%)
Pairs written (passing filters):        18,228 (100.0%)

Total basepairs processed:     3,682,056 bp
  Read 1:     1,841,028 bp
  Read 2:     1,841,028 bp
Total written (filtered):      3,678,045 bp (99.9%)
  Read 1:     1,839,127 bp
  Read 2:     1,838,918 bp

=== First read: Adapter PrefixPE/1 ===

Sequence: TACACTCTTTCCCTACACGACGCTCTTCCGATCT; Type: regular 3'; Length: 34; Trimmed: 301 times

No. of allowed errors:
0-9 bp: 0; 10-19 bp: 1; 20-29 bp: 2; 30-34 bp: 3

Bases preceding removed adapters:
  A: 26.6%
  C: 23.9%
  G: 25.2%
  T: 24.3%
  none/other: 0.0%

Overview of removed sequences
length	count	expect	max.err	error counts
3	182	284.8	0	182
4	92	71.2	0	92
5	14	17.8	0	14
6	2	4.5	0	2
7	4	1.1	0	4
8	2	0.3	0	2
9	2	0.1	0	1 1
10	2	0.0	1	0 2
11	1	0.0	1	0 1


=== First read: Adapter PrefixPE/2 ===

Sequence: GTGACTGGAGTTCAGACGTGTGCTCTTCCGATCT; Type: regular 3'; Length: 34; Trimmed: 243 times

No. of allowed errors:
0-9 bp: 0; 10-19 bp: 1; 20-29 bp: 2; 30-34 bp: 3

Bases preceding removed adapters:
  A: 29.2%
  C: 7.8%
  G: 23.0%
  T: 39.9%
  none/other: 0.0%

Overview of removed sequences
length	count	expect	max.err	error counts
3	182	284.8	0	182
4	44	71.2	0	44
5	13	17.8	0	13
6	3	4.5	0	3
7	1	1.1	0	1


=== Second read: Adapter PrefixPE/1 ===

Sequence: TACACTCTTTCCCTACACGACGCTCTTCCGATCT; Type: regular 3'; Length: 34; Trimmed: 305 times

No. of allowed errors:
0-9 bp: 0; 10-19 bp: 1; 20-29 bp: 2; 30-34 bp: 3

Bases preceding removed adapters:
  A: 29.8%
  C: 20.0%
  G: 22.0%
  T: 28.2%
  none/other: 0.0%

Overview of removed sequences
length	count	expect	max.err	error counts
3	194	284.8	0	194
4	85	71.2	0	85
5	10	17.8	0	10
6	7	4.5	0	7
7	2	1.1	0	2
8	1	0.3	0	1
9	1	0.1	0	0 1
10	4	0.0	1	0 4
11	1	0.0	1	0 1


=== Second read: Adapter PrefixPE/2 ===

Sequence: GTGACTGGAGTTCAGACGTGTGCTCTTCCGATCT; Type: regular 3'; Length: 34; Trimmed: 309 times

No. of allowed errors:
0-9 bp: 0; 10-19 bp: 1; 20-29 bp: 2; 30-34 bp: 3

Bases preceding removed adapters:
  A: 29.4%
  C: 29.4%
  G: 15.5%
  T: 25.6%
  none/other: 0.0%

Overview of removed sequences
length	count	expect	max.err	error counts
3	242	284.8	0	242
4	58	71.2	0	58
5	7	17.8	0	7
10	1	0.0	1	0 1
11	1	0.0	1	0 1
