This is cutadapt 2.9 with Python 3.6.6
Command line parameters: --interleaved -a file:/nas02/apps/trimmomatic-0.36/Trimmomatic-0.36/adapters/TruSeq3-PE.fa -A file:/nas02/apps/trimmomatic-0.36/Trimmomatic-0.36/adapters/TruSeq3-PE.fa -m 30 /nas/longleaf/home/zpopkinh/Pvivax_resources/wgs_pe_improved_global/fastq/SRS1885930/SRR5136540_1.fastq.gz /nas/longleaf/home/zpopkinh/Pvivax_resources/wgs_pe_improved_global/fastq/SRS1885930/SRR5136540_2.fastq.gz
Processing reads on 1 core in paired-end mode ...
Finished in 273.98 s (70 us/read; 0.86 M reads/minute).

=== Summary ===

Total read pairs processed:          3,939,720
  Read 1 with adapter:                 196,976 (5.0%)
  Read 2 with adapter:                 214,614 (5.4%)
Pairs written (passing filters):     3,939,720 (100.0%)

Total basepairs processed:   787,944,000 bp
  Read 1:   393,972,000 bp
  Read 2:   393,972,000 bp
Total written (filtered):    786,508,631 bp (99.8%)
  Read 1:   393,271,627 bp
  Read 2:   393,237,004 bp

=== First read: Adapter PrefixPE/1 ===

Sequence: TACACTCTTTCCCTACACGACGCTCTTCCGATCT; Type: regular 3'; Length: 34; Trimmed: 137775 times

No. of allowed errors:
0-9 bp: 0; 10-19 bp: 1; 20-29 bp: 2; 30-34 bp: 3

Bases preceding removed adapters:
  A: 46.6%
  C: 34.8%
  G: 9.6%
  T: 9.0%
  none/other: 0.0%

Overview of removed sequences
length	count	expect	max.err	error counts
3	69212	61558.1	0	69212
4	46723	15389.5	0	46723
5	20774	3847.4	0	20774
6	548	961.8	0	548
7	166	240.5	0	166
8	24	60.1	0	24
9	135	15.0	0	11 124
10	125	3.8	1	2 123
11	59	0.9	1	0 59
12	8	0.2	1	0 8
13	1	0.1	1	0 1


=== First read: Adapter PrefixPE/2 ===

Sequence: GTGACTGGAGTTCAGACGTGTGCTCTTCCGATCT; Type: regular 3'; Length: 34; Trimmed: 59201 times

No. of allowed errors:
0-9 bp: 0; 10-19 bp: 1; 20-29 bp: 2; 30-34 bp: 3

Bases preceding removed adapters:
  A: 23.5%
  C: 20.3%
  G: 27.8%
  T: 28.4%
  none/other: 0.0%

Overview of removed sequences
length	count	expect	max.err	error counts
3	46292	61558.1	0	46292
4	10568	15389.5	0	10568
5	1661	3847.4	0	1661
6	425	961.8	0	425
7	131	240.5	0	131
8	11	60.1	0	11
9	53	15.0	0	4 49
10	38	3.8	1	1 37
11	20	0.9	1	0 20
12	1	0.2	1	0 1
13	1	0.1	1	0 1


=== Second read: Adapter PrefixPE/1 ===

Sequence: TACACTCTTTCCCTACACGACGCTCTTCCGATCT; Type: regular 3'; Length: 34; Trimmed: 119349 times

No. of allowed errors:
0-9 bp: 0; 10-19 bp: 1; 20-29 bp: 2; 30-34 bp: 3

Bases preceding removed adapters:
  A: 53.6%
  C: 25.1%
  G: 11.0%
  T: 10.3%
  none/other: 0.0%

Overview of removed sequences
length	count	expect	max.err	error counts
3	68851	61558.1	0	68851
4	28657	15389.5	0	28657
5	20659	3847.4	0	20659
6	671	961.8	0	671
7	158	240.5	0	158
8	35	60.1	0	35
9	124	15.0	0	12 112
10	127	3.8	1	2 125
11	57	0.9	1	0 57
12	6	0.2	1	0 6
13	2	0.1	1	0 2
14	1	0.0	1	0 1
16	1	0.0	1	0 1


=== Second read: Adapter PrefixPE/2 ===

Sequence: GTGACTGGAGTTCAGACGTGTGCTCTTCCGATCT; Type: regular 3'; Length: 34; Trimmed: 95265 times

No. of allowed errors:
0-9 bp: 0; 10-19 bp: 1; 20-29 bp: 2; 30-34 bp: 3

Bases preceding removed adapters:
  A: 14.4%
  C: 12.6%
  G: 36.4%
  T: 36.7%
  none/other: 0.0%

Overview of removed sequences
length	count	expect	max.err	error counts
3	82584	61558.1	0	82584
4	10439	15389.5	0	10439
5	1589	3847.4	0	1589
6	407	961.8	0	407
7	115	240.5	0	115
8	15	60.1	0	15
9	51	15.0	0	6 45
10	37	3.8	1	1 36
11	21	0.9	1	0 21
12	4	0.2	1	0 4
13	3	0.1	1	0 3
