This is cutadapt 2.9 with Python 3.6.6
Command line parameters: --interleaved -a file:/nas02/apps/trimmomatic-0.36/Trimmomatic-0.36/adapters/TruSeq3-PE.fa -A file:/nas02/apps/trimmomatic-0.36/Trimmomatic-0.36/adapters/TruSeq3-PE.fa -m 30 /nas/longleaf/home/zpopkinh/Pvivax_resources/wgs_pe_improved_global/fastq/ERR5740728/ERR5740728_1.fastq.gz /nas/longleaf/home/zpopkinh/Pvivax_resources/wgs_pe_improved_global/fastq/ERR5740728/ERR5740728_2.fastq.gz
Processing reads on 1 core in paired-end mode ...
Finished in 406.54 s (133 us/read; 0.45 M reads/minute).

=== Summary ===

Total read pairs processed:          3,049,571
  Read 1 with adapter:                 110,335 (3.6%)
  Read 2 with adapter:                 105,191 (3.4%)
Pairs written (passing filters):     3,049,569 (100.0%)

Total basepairs processed:   920,970,442 bp
  Read 1:   460,485,221 bp
  Read 2:   460,485,221 bp
Total written (filtered):    920,244,042 bp (99.9%)
  Read 1:   460,113,001 bp
  Read 2:   460,131,041 bp

=== First read: Adapter PrefixPE/1 ===

Sequence: TACACTCTTTCCCTACACGACGCTCTTCCGATCT; Type: regular 3'; Length: 34; Trimmed: 50362 times

No. of allowed errors:
0-9 bp: 0; 10-19 bp: 1; 20-29 bp: 2; 30-34 bp: 3

Bases preceding removed adapters:
  A: 25.8%
  C: 24.0%
  G: 23.5%
  T: 26.7%
  none/other: 0.0%

Overview of removed sequences
length	count	expect	max.err	error counts
3	34206	47649.5	0	34206
4	12160	11912.4	0	12160
5	2762	2978.1	0	2762
6	598	744.5	0	598
7	169	186.1	0	169
8	33	46.5	0	33
9	162	11.6	0	12 150
10	185	2.9	1	2 183
11	58	0.7	1	0 58
12	17	0.2	1	0 17
13	3	0.0	1	0 3
14	6	0.0	1	0 6
69	1	0.0	3	0 0 0 1
106	1	0.0	3	0 0 1
151	1	0.0	3	0 0 0 1


=== First read: Adapter PrefixPE/2 ===

Sequence: GTGACTGGAGTTCAGACGTGTGCTCTTCCGATCT; Type: regular 3'; Length: 34; Trimmed: 59973 times

No. of allowed errors:
0-9 bp: 0; 10-19 bp: 1; 20-29 bp: 2; 30-34 bp: 3

Bases preceding removed adapters:
  A: 24.9%
  C: 15.8%
  G: 27.9%
  T: 31.4%
  none/other: 0.0%

Overview of removed sequences
length	count	expect	max.err	error counts
3	46588	47649.5	0	46588
4	10846	11912.4	0	10846
5	1797	2978.1	0	1797
6	427	744.5	0	427
7	127	186.1	0	127
8	26	46.5	0	26
9	82	11.6	0	5 77
10	48	2.9	1	1 47
11	25	0.7	1	3 22
12	6	0.2	1	0 6
13	1	0.0	1	0 1


=== Second read: Adapter PrefixPE/1 ===

Sequence: TACACTCTTTCCCTACACGACGCTCTTCCGATCT; Type: regular 3'; Length: 34; Trimmed: 48191 times

No. of allowed errors:
0-9 bp: 0; 10-19 bp: 1; 20-29 bp: 2; 30-34 bp: 3

Bases preceding removed adapters:
  A: 26.1%
  C: 25.4%
  G: 23.6%
  T: 24.9%
  none/other: 0.0%

Overview of removed sequences
length	count	expect	max.err	error counts
3	32610	47649.5	0	32610
4	11462	11912.4	0	11462
5	2942	2978.1	0	2942
6	598	744.5	0	598
7	162	186.1	0	162
8	39	46.5	0	39
9	130	11.6	0	13 117
10	166	2.9	1	5 161
11	63	0.7	1	1 62
12	14	0.2	1	0 14
13	2	0.0	1	0 2
14	2	0.0	1	0 2
124	1	0.0	3	0 0 1


=== Second read: Adapter PrefixPE/2 ===

Sequence: GTGACTGGAGTTCAGACGTGTGCTCTTCCGATCT; Type: regular 3'; Length: 34; Trimmed: 57000 times

No. of allowed errors:
0-9 bp: 0; 10-19 bp: 1; 20-29 bp: 2; 30-34 bp: 3

Bases preceding removed adapters:
  A: 23.8%
  C: 18.7%
  G: 27.3%
  T: 30.1%
  none/other: 0.0%

Overview of removed sequences
length	count	expect	max.err	error counts
3	45469	47649.5	0	45469
4	9062	11912.4	0	9062
5	1749	2978.1	0	1749
6	413	744.5	0	413
7	120	186.1	0	120
8	37	46.5	0	37
9	61	11.6	0	4 57
10	61	2.9	1	0 61
11	17	0.7	1	0 17
12	6	0.2	1	0 6
14	2	0.0	1	0 2
45	1	0.0	3	0 1
101	1	0.0	3	0 0 0 1
105	1	0.0	3	0 1
