This is cutadapt 2.9 with Python 3.6.6
Command line parameters: --interleaved -a file:/nas02/apps/trimmomatic-0.36/Trimmomatic-0.36/adapters/TruSeq3-PE.fa -A file:/nas02/apps/trimmomatic-0.36/Trimmomatic-0.36/adapters/TruSeq3-PE.fa -m 30 /nas/longleaf/home/zpopkinh/Pvivax_resources/new_seqs_2021/fastq/MDP3798/MDP3798_1.fastq.gz /nas/longleaf/home/zpopkinh/Pvivax_resources/new_seqs_2021/fastq/MDP3798/MDP3798_2.fastq.gz
Processing reads on 1 core in paired-end mode ...
Finished in 1092.16 s (125 us/read; 0.48 M reads/minute).

=== Summary ===

Total read pairs processed:          8,723,863
  Read 1 with adapter:                 248,894 (2.9%)
  Read 2 with adapter:                 367,867 (4.2%)
Pairs written (passing filters):     8,723,856 (100.0%)

Total basepairs processed: 2,617,158,900 bp
  Read 1: 1,308,579,450 bp
  Read 2: 1,308,579,450 bp
Total written (filtered):  2,615,126,690 bp (99.9%)
  Read 1: 1,307,741,469 bp
  Read 2: 1,307,385,221 bp

=== First read: Adapter PrefixPE/1 ===

Sequence: TACACTCTTTCCCTACACGACGCTCTTCCGATCT; Type: regular 3'; Length: 34; Trimmed: 119752 times

No. of allowed errors:
0-9 bp: 0; 10-19 bp: 1; 20-29 bp: 2; 30-34 bp: 3

Bases preceding removed adapters:
  A: 25.5%
  C: 22.5%
  G: 24.7%
  T: 27.3%
  none/other: 0.0%

Overview of removed sequences
length	count	expect	max.err	error counts
3	80933	136310.4	0	80933
4	29251	34077.6	0	29251
5	6867	8519.4	0	6867
6	1346	2129.8	0	1346
7	311	532.5	0	311
8	73	133.1	0	73
9	371	33.3	0	25 346
10	408	8.3	1	7 401
11	144	2.1	1	1 143
12	33	0.5	1	3 30
13	11	0.1	1	0 11
14	4	0.0	1	0 4


=== First read: Adapter PrefixPE/2 ===

Sequence: GTGACTGGAGTTCAGACGTGTGCTCTTCCGATCT; Type: regular 3'; Length: 34; Trimmed: 129142 times

No. of allowed errors:
0-9 bp: 0; 10-19 bp: 1; 20-29 bp: 2; 30-34 bp: 3

Bases preceding removed adapters:
  A: 22.8%
  C: 19.4%
  G: 28.0%
  T: 29.8%
  none/other: 0.0%

Overview of removed sequences
length	count	expect	max.err	error counts
3	102174	136310.4	0	102174
4	21902	34077.6	0	21902
5	3692	8519.4	0	3692
6	795	2129.8	0	795
7	209	532.5	0	209
8	30	133.1	0	30
9	165	33.3	0	10 155
10	129	8.3	1	1 128
11	33	2.1	1	0 33
12	9	0.5	1	0 9
13	4	0.1	1	0 4


=== Second read: Adapter PrefixPE/1 ===

Sequence: TACACTCTTTCCCTACACGACGCTCTTCCGATCT; Type: regular 3'; Length: 34; Trimmed: 117318 times

No. of allowed errors:
0-9 bp: 0; 10-19 bp: 1; 20-29 bp: 2; 30-34 bp: 3

Bases preceding removed adapters:
  A: 26.1%
  C: 22.9%
  G: 24.3%
  T: 26.7%
  none/other: 0.0%

Overview of removed sequences
length	count	expect	max.err	error counts
3	78811	136310.4	0	78811
4	28897	34077.6	0	28897
5	6812	8519.4	0	6812
6	1376	2129.8	0	1376
7	324	532.5	0	324
8	73	133.1	0	73
9	440	33.3	0	33 407
10	399	8.3	1	11 388
11	141	2.1	1	2 139
12	32	0.5	1	1 31
13	10	0.1	1	2 8
14	3	0.0	1	0 3


=== Second read: Adapter PrefixPE/2 ===

Sequence: GTGACTGGAGTTCAGACGTGTGCTCTTCCGATCT; Type: regular 3'; Length: 34; Trimmed: 250549 times

No. of allowed errors:
0-9 bp: 0; 10-19 bp: 1; 20-29 bp: 2; 30-34 bp: 3

Bases preceding removed adapters:
  A: 21.7%
  C: 21.2%
  G: 22.7%
  T: 34.4%
  none/other: 0.0%

Overview of removed sequences
length	count	expect	max.err	error counts
3	224348	136310.4	0	224348
4	21102	34077.6	0	21102
5	3655	8519.4	0	3655
6	857	2129.8	0	857
7	208	532.5	0	208
8	36	133.1	0	36
9	131	33.3	0	9 122
10	139	8.3	1	4 135
11	45	2.1	1	0 45
12	17	0.5	1	0 17
13	4	0.1	1	0 4
121	2	0.0	3	0 1 0 1
122	5	0.0	3	1 2 2
