This is cutadapt 2.9 with Python 3.6.6
Command line parameters: --interleaved -a file:/nas02/apps/trimmomatic-0.36/Trimmomatic-0.36/adapters/TruSeq3-PE.fa -A file:/nas02/apps/trimmomatic-0.36/Trimmomatic-0.36/adapters/TruSeq3-PE.fa -m 30 /nas/longleaf/home/zpopkinh/Pvivax_resources/wgs_pe_improved_global/fastq/SRS693970/SRR1568152_1.fastq.gz /nas/longleaf/home/zpopkinh/Pvivax_resources/wgs_pe_improved_global/fastq/SRS693970/SRR1568152_2.fastq.gz
Processing reads on 1 core in paired-end mode ...
Finished in 961.88 s (71 us/read; 0.85 M reads/minute).

=== Summary ===

Total read pairs processed:         13,617,976
  Read 1 with adapter:                 455,972 (3.3%)
  Read 2 with adapter:                 518,532 (3.8%)
Pairs written (passing filters):    13,617,958 (100.0%)

Total basepairs processed: 2,750,831,152 bp
  Read 1: 1,375,415,576 bp
  Read 2: 1,375,415,576 bp
Total written (filtered):  2,747,579,299 bp (99.9%)
  Read 1: 1,373,882,821 bp
  Read 2: 1,373,696,478 bp

=== First read: Adapter PrefixPE/1 ===

Sequence: TACACTCTTTCCCTACACGACGCTCTTCCGATCT; Type: regular 3'; Length: 34; Trimmed: 204771 times

No. of allowed errors:
0-9 bp: 0; 10-19 bp: 1; 20-29 bp: 2; 30-34 bp: 3

Bases preceding removed adapters:
  A: 23.4%
  C: 24.5%
  G: 27.8%
  T: 24.3%
  none/other: 0.0%

Overview of removed sequences
length	count	expect	max.err	error counts
3	140622	212780.9	0	140622
4	46669	53195.2	0	46669
5	12958	13298.8	0	12958
6	2342	3324.7	0	2342
7	582	831.2	0	582
8	126	207.8	0	126
9	576	51.9	0	52 524
10	580	13.0	1	19 561
11	230	3.2	1	0 230
12	54	0.8	1	1 53
13	13	0.2	1	0 13
14	3	0.1	1	0 3
15	1	0.0	1	0 1
24	1	0.0	2	0 0 1
34	1	0.0	3	0 0 1
36	1	0.0	3	1
37	1	0.0	3	0 1
39	1	0.0	3	0 1
40	1	0.0	3	0 0 0 1
53	1	0.0	3	0 1
57	1	0.0	3	0 0 1
60	1	0.0	3	0 1
61	1	0.0	3	0 1
62	1	0.0	3	0 1
75	1	0.0	3	0 0 0 1
77	1	0.0	3	0 0 0 1
101	2	0.0	3	0 0 0 2


=== First read: Adapter PrefixPE/2 ===

Sequence: GTGACTGGAGTTCAGACGTGTGCTCTTCCGATCT; Type: regular 3'; Length: 34; Trimmed: 251201 times

No. of allowed errors:
0-9 bp: 0; 10-19 bp: 1; 20-29 bp: 2; 30-34 bp: 3

Bases preceding removed adapters:
  A: 22.4%
  C: 20.0%
  G: 28.3%
  T: 29.2%
  none/other: 0.0%

Overview of removed sequences
length	count	expect	max.err	error counts
3	197144	212780.9	0	197144
4	43885	53195.2	0	43885
5	7410	13298.8	0	7410
6	1630	3324.7	0	1630
7	420	831.2	0	420
8	63	207.8	0	63
9	291	51.9	0	15 276
10	246	13.0	1	4 242
11	93	3.2	1	0 93
12	15	0.8	1	0 15
13	4	0.2	1	0 4


=== Second read: Adapter PrefixPE/1 ===

Sequence: TACACTCTTTCCCTACACGACGCTCTTCCGATCT; Type: regular 3'; Length: 34; Trimmed: 201869 times

No. of allowed errors:
0-9 bp: 0; 10-19 bp: 1; 20-29 bp: 2; 30-34 bp: 3

Bases preceding removed adapters:
  A: 23.5%
  C: 24.5%
  G: 27.7%
  T: 24.3%
  none/other: 0.0%

Overview of removed sequences
length	count	expect	max.err	error counts
3	138207	212780.9	0	138207
4	46559	53195.2	0	46559
5	12887	13298.8	0	12887
6	2275	3324.7	0	2275
7	557	831.2	0	557
8	112	207.8	0	112
9	523	51.9	0	32 491
10	500	13.0	1	15 485
11	196	3.2	1	2 194
12	39	0.8	1	0 39
13	12	0.2	1	0 12
14	2	0.1	1	0 2


=== Second read: Adapter PrefixPE/2 ===

Sequence: GTGACTGGAGTTCAGACGTGTGCTCTTCCGATCT; Type: regular 3'; Length: 34; Trimmed: 316663 times

No. of allowed errors:
0-9 bp: 0; 10-19 bp: 1; 20-29 bp: 2; 30-34 bp: 3

Bases preceding removed adapters:
  A: 23.5%
  C: 30.1%
  G: 23.3%
  T: 23.0%
  none/other: 0.0%

Overview of removed sequences
length	count	expect	max.err	error counts
3	261589	212780.9	0	261589
4	45081	53195.2	0	45081
5	7225	13298.8	0	7225
6	1620	3324.7	0	1620
7	392	831.2	0	392
8	63	207.8	0	63
9	323	51.9	0	9 314
10	251	13.0	1	7 244
11	73	3.2	1	1 72
12	20	0.8	1	0 20
13	5	0.2	1	0 5
14	2	0.1	1	0 2
26	1	0.0	2	0 1
53	1	0.0	3	0 1
70	1	0.0	3	0 0 1
71	2	0.0	3	0 0 1 1
72	3	0.0	3	0 2 0 1
81	1	0.0	3	0 0 0 1
83	1	0.0	3	0 0 0 1
86	2	0.0	3	0 0 1 1
88	1	0.0	3	0 0 0 1
93	4	0.0	3	0 0 1 3
95	1	0.0	3	0 0 1
97	1	0.0	3	0 0 0 1
