This is cutadapt 2.9 with Python 3.6.6
Command line parameters: --interleaved -a file:/nas02/apps/trimmomatic-0.36/Trimmomatic-0.36/adapters/TruSeq3-PE.fa -A file:/nas02/apps/trimmomatic-0.36/Trimmomatic-0.36/adapters/TruSeq3-PE.fa -m 30 /nas/longleaf/home/zpopkinh/Pvivax_resources/wgs_pe_improved_global/fastq/SRS2910022/SRR6668533_1.fastq.gz /nas/longleaf/home/zpopkinh/Pvivax_resources/wgs_pe_improved_global/fastq/SRS2910022/SRR6668533_2.fastq.gz
Processing reads on 1 core in paired-end mode ...
Finished in 364.01 s (75 us/read; 0.80 M reads/minute).

=== Summary ===

Total read pairs processed:          4,840,761
  Read 1 with adapter:                 218,484 (4.5%)
  Read 2 with adapter:                 222,422 (4.6%)
Pairs written (passing filters):     4,840,761 (100.0%)

Total basepairs processed:   968,152,200 bp
  Read 1:   484,076,100 bp
  Read 2:   484,076,100 bp
Total written (filtered):    966,613,334 bp (99.8%)
  Read 1:   483,311,753 bp
  Read 2:   483,301,581 bp

=== First read: Adapter PrefixPE/1 ===

Sequence: TACACTCTTTCCCTACACGACGCTCTTCCGATCT; Type: regular 3'; Length: 34; Trimmed: 133566 times

No. of allowed errors:
0-9 bp: 0; 10-19 bp: 1; 20-29 bp: 2; 30-34 bp: 3

Bases preceding removed adapters:
  A: 51.4%
  C: 12.8%
  G: 21.8%
  T: 13.9%
  none/other: 0.0%

Overview of removed sequences
length	count	expect	max.err	error counts
3	77133	75636.9	0	77133
4	33229	18909.2	0	33229
5	21529	4727.3	0	21529
6	844	1181.8	0	844
7	213	295.5	0	213
8	51	73.9	0	51
9	233	18.5	0	5 228
10	233	4.6	1	2 231
11	79	1.2	1	0 79
12	19	0.3	1	0 19
13	1	0.1	1	0 1
14	2	0.0	1	0 2


=== First read: Adapter PrefixPE/2 ===

Sequence: GTGACTGGAGTTCAGACGTGTGCTCTTCCGATCT; Type: regular 3'; Length: 34; Trimmed: 84918 times

No. of allowed errors:
0-9 bp: 0; 10-19 bp: 1; 20-29 bp: 2; 30-34 bp: 3

Bases preceding removed adapters:
  A: 22.8%
  C: 19.5%
  G: 28.7%
  T: 28.9%
  none/other: 0.0%

Overview of removed sequences
length	count	expect	max.err	error counts
3	66347	75636.9	0	66347
4	14766	18909.2	0	14766
5	2601	4727.3	0	2601
6	615	1181.8	0	615
7	235	295.5	0	235
8	19	73.9	0	19
9	122	18.5	0	1 121
10	183	4.6	1	1 182
11	27	1.2	1	0 27
12	2	0.3	1	0 2
13	1	0.1	1	0 1


=== Second read: Adapter PrefixPE/1 ===

Sequence: TACACTCTTTCCCTACACGACGCTCTTCCGATCT; Type: regular 3'; Length: 34; Trimmed: 121692 times

No. of allowed errors:
0-9 bp: 0; 10-19 bp: 1; 20-29 bp: 2; 30-34 bp: 3

Bases preceding removed adapters:
  A: 55.8%
  C: 13.9%
  G: 15.3%
  T: 15.0%
  none/other: 0.0%

Overview of removed sequences
length	count	expect	max.err	error counts
3	65985	75636.9	0	65985
4	32789	18909.2	0	32789
5	21313	4727.3	0	21313
6	813	1181.8	0	813
7	209	295.5	0	209
8	39	73.9	0	39
9	233	18.5	0	10 223
10	223	4.6	1	1 222
11	65	1.2	1	0 65
12	20	0.3	1	0 20
13	2	0.1	1	0 2
14	1	0.0	1	0 1


=== Second read: Adapter PrefixPE/2 ===

Sequence: GTGACTGGAGTTCAGACGTGTGCTCTTCCGATCT; Type: regular 3'; Length: 34; Trimmed: 100730 times

No. of allowed errors:
0-9 bp: 0; 10-19 bp: 1; 20-29 bp: 2; 30-34 bp: 3

Bases preceding removed adapters:
  A: 19.2%
  C: 16.5%
  G: 39.9%
  T: 24.4%
  none/other: 0.0%

Overview of removed sequences
length	count	expect	max.err	error counts
3	82457	75636.9	0	82457
4	14567	18909.2	0	14567
5	2544	4727.3	0	2544
6	597	1181.8	0	597
7	201	295.5	0	201
8	17	73.9	0	17
9	121	18.5	0	2 119
10	196	4.6	1	2 194
11	25	1.2	1	0 25
12	5	0.3	1	0 5
