This is cutadapt 2.9 with Python 3.6.6
Command line parameters: --interleaved -a file:/nas02/apps/trimmomatic-0.36/Trimmomatic-0.36/adapters/TruSeq3-PE.fa -A file:/nas02/apps/trimmomatic-0.36/Trimmomatic-0.36/adapters/TruSeq3-PE.fa -m 30 /nas/longleaf/home/zpopkinh/Pvivax_resources/wgs_pe_improved_global/fastq/SRS693949/SRR1568195_1.fastq.gz /nas/longleaf/home/zpopkinh/Pvivax_resources/wgs_pe_improved_global/fastq/SRS693949/SRR1568195_2.fastq.gz
Processing reads on 1 core in paired-end mode ...
Finished in 1771.18 s (66 us/read; 0.91 M reads/minute).

=== Summary ===

Total read pairs processed:         26,753,212
  Read 1 with adapter:                 968,273 (3.6%)
  Read 2 with adapter:               1,002,853 (3.7%)
Pairs written (passing filters):    26,753,211 (100.0%)

Total basepairs processed: 5,404,148,824 bp
  Read 1: 2,702,074,412 bp
  Read 2: 2,702,074,412 bp
Total written (filtered):  5,397,546,521 bp (99.9%)
  Read 1: 2,698,822,261 bp
  Read 2: 2,698,724,260 bp

=== First read: Adapter PrefixPE/1 ===

Sequence: TACACTCTTTCCCTACACGACGCTCTTCCGATCT; Type: regular 3'; Length: 34; Trimmed: 467440 times

No. of allowed errors:
0-9 bp: 0; 10-19 bp: 1; 20-29 bp: 2; 30-34 bp: 3

Bases preceding removed adapters:
  A: 25.4%
  C: 23.7%
  G: 23.3%
  T: 27.6%
  none/other: 0.0%

Overview of removed sequences
length	count	expect	max.err	error counts
3	321530	418018.9	0	321530
4	110306	104504.7	0	110306
5	26301	26126.2	0	26301
6	5026	6531.5	0	5026
7	1111	1632.9	0	1111
8	265	408.2	0	265
9	988	102.1	0	110 878
10	1348	25.5	1	35 1313
11	422	6.4	1	5 417
12	96	1.6	1	1 95
13	33	0.4	1	0 33
14	13	0.1	1	0 13
15	1	0.0	1	0 1


=== First read: Adapter PrefixPE/2 ===

Sequence: GTGACTGGAGTTCAGACGTGTGCTCTTCCGATCT; Type: regular 3'; Length: 34; Trimmed: 500833 times

No. of allowed errors:
0-9 bp: 0; 10-19 bp: 1; 20-29 bp: 2; 30-34 bp: 3

Bases preceding removed adapters:
  A: 23.4%
  C: 19.1%
  G: 28.6%
  T: 28.9%
  none/other: 0.0%

Overview of removed sequences
length	count	expect	max.err	error counts
3	391167	418018.9	0	391167
4	88483	104504.7	0	88483
5	15115	26126.2	0	15115
6	3598	6531.5	0	3598
7	921	1632.9	0	921
8	116	408.2	0	116
9	736	102.1	0	28 708
10	428	25.5	1	11 417
11	230	6.4	1	0 230
12	27	1.6	1	0 27
13	11	0.4	1	0 11
14	1	0.1	1	0 1


=== Second read: Adapter PrefixPE/1 ===

Sequence: TACACTCTTTCCCTACACGACGCTCTTCCGATCT; Type: regular 3'; Length: 34; Trimmed: 458061 times

No. of allowed errors:
0-9 bp: 0; 10-19 bp: 1; 20-29 bp: 2; 30-34 bp: 3

Bases preceding removed adapters:
  A: 25.7%
  C: 23.4%
  G: 23.4%
  T: 27.6%
  none/other: 0.0%

Overview of removed sequences
length	count	expect	max.err	error counts
3	314737	418018.9	0	314737
4	108613	104504.7	0	108613
5	25727	26126.2	0	25727
6	4952	6531.5	0	4952
7	1070	1632.9	0	1070
8	245	408.2	0	245
9	833	102.1	0	78 755
10	1352	25.5	1	31 1321
11	416	6.4	1	3 413
12	91	1.6	1	1 90
13	17	0.4	1	0 17
14	6	0.1	1	0 6
15	1	0.0	1	0 1
79	1	0.0	3	0 0 1


=== Second read: Adapter PrefixPE/2 ===

Sequence: GTGACTGGAGTTCAGACGTGTGCTCTTCCGATCT; Type: regular 3'; Length: 34; Trimmed: 544792 times

No. of allowed errors:
0-9 bp: 0; 10-19 bp: 1; 20-29 bp: 2; 30-34 bp: 3

Bases preceding removed adapters:
  A: 22.5%
  C: 25.6%
  G: 26.2%
  T: 25.8%
  none/other: 0.0%

Overview of removed sequences
length	count	expect	max.err	error counts
3	436198	418018.9	0	436198
4	87470	104504.7	0	87470
5	15109	26126.2	0	15109
6	3611	6531.5	0	3611
7	857	1632.9	0	857
8	118	408.2	0	118
9	663	102.1	0	19 644
10	504	25.5	1	11 493
11	213	6.4	1	2 211
12	35	1.6	1	1 34
13	13	0.4	1	0 13
19	1	0.0	1	0 0 1
