This is cutadapt 2.9 with Python 3.6.6
Command line parameters: --interleaved -a file:/nas02/apps/trimmomatic-0.36/Trimmomatic-0.36/adapters/TruSeq3-PE.fa -A file:/nas02/apps/trimmomatic-0.36/Trimmomatic-0.36/adapters/TruSeq3-PE.fa -m 30 /nas/longleaf/home/zpopkinh/Pvivax_resources/wgs_pe_improved_global/fastq/SRS693296/SRR1564990_1.fastq.gz /nas/longleaf/home/zpopkinh/Pvivax_resources/wgs_pe_improved_global/fastq/SRS693296/SRR1564990_2.fastq.gz
Processing reads on 1 core in paired-end mode ...
Finished in 0.94 s (47 us/read; 1.27 M reads/minute).

=== Summary ===

Total read pairs processed:             19,921
  Read 1 with adapter:                     643 (3.2%)
  Read 2 with adapter:                     715 (3.6%)
Pairs written (passing filters):        19,920 (100.0%)

Total basepairs processed:     4,024,042 bp
  Read 1:     2,012,021 bp
  Read 2:     2,012,021 bp
Total written (filtered):      4,019,165 bp (99.9%)
  Read 1:     2,009,698 bp
  Read 2:     2,009,467 bp

=== First read: Adapter PrefixPE/1 ===

Sequence: TACACTCTTTCCCTACACGACGCTCTTCCGATCT; Type: regular 3'; Length: 34; Trimmed: 341 times

No. of allowed errors:
0-9 bp: 0; 10-19 bp: 1; 20-29 bp: 2; 30-34 bp: 3

Bases preceding removed adapters:
  A: 27.9%
  C: 22.9%
  G: 22.6%
  T: 26.7%
  none/other: 0.0%

Overview of removed sequences
length	count	expect	max.err	error counts
3	206	311.3	0	206
4	107	77.8	0	107
5	19	19.5	0	19
6	3	4.9	0	3
7	1	1.2	0	1
9	1	0.1	0	0 1
10	2	0.0	1	0 2
11	2	0.0	1	0 2


=== First read: Adapter PrefixPE/2 ===

Sequence: GTGACTGGAGTTCAGACGTGTGCTCTTCCGATCT; Type: regular 3'; Length: 34; Trimmed: 302 times

No. of allowed errors:
0-9 bp: 0; 10-19 bp: 1; 20-29 bp: 2; 30-34 bp: 3

Bases preceding removed adapters:
  A: 32.1%
  C: 10.9%
  G: 23.8%
  T: 33.1%
  none/other: 0.0%

Overview of removed sequences
length	count	expect	max.err	error counts
3	231	311.3	0	231
4	57	77.8	0	57
5	8	19.5	0	8
6	4	4.9	0	4
9	1	0.1	0	0 1
11	1	0.0	1	0 1


=== Second read: Adapter PrefixPE/1 ===

Sequence: TACACTCTTTCCCTACACGACGCTCTTCCGATCT; Type: regular 3'; Length: 34; Trimmed: 319 times

No. of allowed errors:
0-9 bp: 0; 10-19 bp: 1; 20-29 bp: 2; 30-34 bp: 3

Bases preceding removed adapters:
  A: 27.6%
  C: 19.7%
  G: 27.6%
  T: 25.1%
  none/other: 0.0%

Overview of removed sequences
length	count	expect	max.err	error counts
3	185	311.3	0	185
4	106	77.8	0	106
5	16	19.5	0	16
6	3	4.9	0	3
7	1	1.2	0	1
9	2	0.1	0	0 2
10	5	0.0	1	0 5
12	1	0.0	1	0 1


=== Second read: Adapter PrefixPE/2 ===

Sequence: GTGACTGGAGTTCAGACGTGTGCTCTTCCGATCT; Type: regular 3'; Length: 34; Trimmed: 396 times

No. of allowed errors:
0-9 bp: 0; 10-19 bp: 1; 20-29 bp: 2; 30-34 bp: 3

Bases preceding removed adapters:
  A: 28.8%
  C: 26.0%
  G: 18.2%
  T: 27.0%
  none/other: 0.0%

Overview of removed sequences
length	count	expect	max.err	error counts
3	311	311.3	0	311
4	74	77.8	0	74
5	6	19.5	0	6
6	2	4.9	0	2
8	1	0.3	0	1
10	1	0.0	1	0 1
93	1	0.0	3	0 0 0 1
