This is cutadapt 2.9 with Python 3.6.6
Command line parameters: --interleaved -a file:/nas02/apps/trimmomatic-0.36/Trimmomatic-0.36/adapters/TruSeq3-PE.fa -A file:/nas02/apps/trimmomatic-0.36/Trimmomatic-0.36/adapters/TruSeq3-PE.fa -m 30 /nas/longleaf/home/zpopkinh/Pvivax_resources/wgs_pe_improved_global/fastq/ERR5740721/ERR5740721_1.fastq.gz /nas/longleaf/home/zpopkinh/Pvivax_resources/wgs_pe_improved_global/fastq/ERR5740721/ERR5740721_2.fastq.gz
Processing reads on 1 core in paired-end mode ...
Finished in 452.91 s (152 us/read; 0.39 M reads/minute).

=== Summary ===

Total read pairs processed:          2,980,673
  Read 1 with adapter:                 107,828 (3.6%)
  Read 2 with adapter:                 104,446 (3.5%)
Pairs written (passing filters):     2,980,670 (100.0%)

Total basepairs processed:   900,163,246 bp
  Read 1:   450,081,623 bp
  Read 2:   450,081,623 bp
Total written (filtered):    899,445,012 bp (99.9%)
  Read 1:   449,716,637 bp
  Read 2:   449,728,375 bp

=== First read: Adapter PrefixPE/1 ===

Sequence: TACACTCTTTCCCTACACGACGCTCTTCCGATCT; Type: regular 3'; Length: 34; Trimmed: 47881 times

No. of allowed errors:
0-9 bp: 0; 10-19 bp: 1; 20-29 bp: 2; 30-34 bp: 3

Bases preceding removed adapters:
  A: 26.7%
  C: 23.9%
  G: 21.5%
  T: 27.9%
  none/other: 0.0%

Overview of removed sequences
length	count	expect	max.err	error counts
3	32277	46573.0	0	32277
4	11950	11643.3	0	11950
5	2486	2910.8	0	2486
6	581	727.7	0	581
7	109	181.9	0	109
8	32	45.5	0	32
9	147	11.4	0	15 132
10	213	2.8	1	4 209
11	65	0.7	1	1 64
12	16	0.2	1	0 16
13	3	0.0	1	1 2
14	1	0.0	1	0 1
151	1	0.0	3	0 0 1


=== First read: Adapter PrefixPE/2 ===

Sequence: GTGACTGGAGTTCAGACGTGTGCTCTTCCGATCT; Type: regular 3'; Length: 34; Trimmed: 59947 times

No. of allowed errors:
0-9 bp: 0; 10-19 bp: 1; 20-29 bp: 2; 30-34 bp: 3

Bases preceding removed adapters:
  A: 26.3%
  C: 13.6%
  G: 27.1%
  T: 33.0%
  none/other: 0.0%

Overview of removed sequences
length	count	expect	max.err	error counts
3	46027	46573.0	0	46027
4	11091	11643.3	0	11091
5	1907	2910.8	0	1907
6	531	727.7	0	531
7	128	181.9	0	128
8	44	45.5	0	44
9	96	11.4	0	5 91
10	96	2.8	1	5 91
11	15	0.7	1	0 15
12	8	0.2	1	0 8
13	3	0.0	1	0 3
16	1	0.0	1	0 1


=== Second read: Adapter PrefixPE/1 ===

Sequence: TACACTCTTTCCCTACACGACGCTCTTCCGATCT; Type: regular 3'; Length: 34; Trimmed: 46667 times

No. of allowed errors:
0-9 bp: 0; 10-19 bp: 1; 20-29 bp: 2; 30-34 bp: 3

Bases preceding removed adapters:
  A: 27.1%
  C: 25.3%
  G: 21.3%
  T: 26.2%
  none/other: 0.0%

Overview of removed sequences
length	count	expect	max.err	error counts
3	31524	46573.0	0	31524
4	11228	11643.3	0	11228
5	2754	2910.8	0	2754
6	536	727.7	0	536
7	151	181.9	0	151
8	35	45.5	0	35
9	123	11.4	0	13 110
10	224	2.8	1	8 216
11	65	0.7	1	0 65
12	22	0.2	1	0 22
13	4	0.0	1	0 4
89	1	0.0	3	0 1


=== Second read: Adapter PrefixPE/2 ===

Sequence: GTGACTGGAGTTCAGACGTGTGCTCTTCCGATCT; Type: regular 3'; Length: 34; Trimmed: 57779 times

No. of allowed errors:
0-9 bp: 0; 10-19 bp: 1; 20-29 bp: 2; 30-34 bp: 3

Bases preceding removed adapters:
  A: 25.2%
  C: 16.1%
  G: 27.4%
  T: 31.3%
  none/other: 0.0%

Overview of removed sequences
length	count	expect	max.err	error counts
3	45256	46573.0	0	45256
4	9789	11643.3	0	9789
5	1858	2910.8	0	1858
6	468	727.7	0	468
7	148	181.9	0	148
8	39	45.5	0	39
9	88	11.4	0	2 86
10	90	2.8	1	5 85
11	33	0.7	1	1 32
12	8	0.2	1	0 8
143	2	0.0	3	0 0 0 2
