This is cutadapt 2.9 with Python 3.6.6
Command line parameters: --interleaved -a file:/nas02/apps/trimmomatic-0.36/Trimmomatic-0.36/adapters/TruSeq3-PE.fa -A file:/nas02/apps/trimmomatic-0.36/Trimmomatic-0.36/adapters/TruSeq3-PE.fa -m 30 /nas/longleaf/home/zpopkinh/Pvivax_resources/wgs_pe_improved_global/fastq/SRR10969362/SRR10969362_1.fastq.gz /nas/longleaf/home/zpopkinh/Pvivax_resources/wgs_pe_improved_global/fastq/SRR10969362/SRR10969362_2.fastq.gz
Processing reads on 1 core in paired-end mode ...
Finished in 959.38 s (125 us/read; 0.48 M reads/minute).

=== Summary ===

Total read pairs processed:          7,671,822
  Read 1 with adapter:                 278,472 (3.6%)
  Read 2 with adapter:                 279,060 (3.6%)
Pairs written (passing filters):     7,671,821 (100.0%)

Total basepairs processed: 2,301,546,600 bp
  Read 1: 1,150,773,300 bp
  Read 2: 1,150,773,300 bp
Total written (filtered):  2,299,660,420 bp (99.9%)
  Read 1: 1,149,831,407 bp
  Read 2: 1,149,829,013 bp

=== First read: Adapter PrefixPE/1 ===

Sequence: TACACTCTTTCCCTACACGACGCTCTTCCGATCT; Type: regular 3'; Length: 34; Trimmed: 150786 times

No. of allowed errors:
0-9 bp: 0; 10-19 bp: 1; 20-29 bp: 2; 30-34 bp: 3

Bases preceding removed adapters:
  A: 30.1%
  C: 18.2%
  G: 20.9%
  T: 30.8%
  none/other: 0.0%

Overview of removed sequences
length	count	expect	max.err	error counts
3	100358	119872.2	0	100358
4	39485	29968.1	0	39485
5	7594	7492.0	0	7594
6	1777	1873.0	0	1777
7	333	468.3	0	333
8	88	117.1	0	88
9	451	29.3	0	29 422
10	487	7.3	1	8 479
11	172	1.8	1	2 170
12	30	0.5	1	0 30
13	8	0.1	1	0 8
14	2	0.0	1	0 2
92	1	0.0	3	0 0 0 1


=== First read: Adapter PrefixPE/2 ===

Sequence: GTGACTGGAGTTCAGACGTGTGCTCTTCCGATCT; Type: regular 3'; Length: 34; Trimmed: 127686 times

No. of allowed errors:
0-9 bp: 0; 10-19 bp: 1; 20-29 bp: 2; 30-34 bp: 3

Bases preceding removed adapters:
  A: 25.0%
  C: 16.4%
  G: 26.0%
  T: 32.7%
  none/other: 0.0%

Overview of removed sequences
length	count	expect	max.err	error counts
3	99057	119872.2	0	99057
4	23701	29968.1	0	23701
5	3508	7492.0	0	3508
6	832	1873.0	0	832
7	210	468.3	0	210
8	33	117.1	0	33
9	143	29.3	0	9 134
10	125	7.3	1	5 120
11	54	1.8	1	1 53
12	18	0.5	1	0 18
13	2	0.1	1	0 2
14	2	0.0	1	0 2
15	1	0.0	1	0 1


=== Second read: Adapter PrefixPE/1 ===

Sequence: TACACTCTTTCCCTACACGACGCTCTTCCGATCT; Type: regular 3'; Length: 34; Trimmed: 150592 times

No. of allowed errors:
0-9 bp: 0; 10-19 bp: 1; 20-29 bp: 2; 30-34 bp: 3

Bases preceding removed adapters:
  A: 30.2%
  C: 18.2%
  G: 20.9%
  T: 30.7%
  none/other: 0.0%

Overview of removed sequences
length	count	expect	max.err	error counts
3	100325	119872.2	0	100325
4	39317	29968.1	0	39317
5	7538	7492.0	0	7538
6	1797	1873.0	0	1797
7	305	468.3	0	305
8	83	117.1	0	83
9	440	29.3	0	32 408
10	535	7.3	1	18 517
11	199	1.8	1	0 199
12	33	0.5	1	0 33
13	16	0.1	1	0 16
14	4	0.0	1	0 4


=== Second read: Adapter PrefixPE/2 ===

Sequence: GTGACTGGAGTTCAGACGTGTGCTCTTCCGATCT; Type: regular 3'; Length: 34; Trimmed: 128468 times

No. of allowed errors:
0-9 bp: 0; 10-19 bp: 1; 20-29 bp: 2; 30-34 bp: 3

Bases preceding removed adapters:
  A: 25.0%
  C: 16.7%
  G: 26.1%
  T: 32.2%
  none/other: 0.0%

Overview of removed sequences
length	count	expect	max.err	error counts
3	99891	119872.2	0	99891
4	23377	29968.1	0	23377
5	3745	7492.0	0	3745
6	887	1873.0	0	887
7	207	468.3	0	207
8	32	117.1	0	32
9	140	29.3	0	8 132
10	127	7.3	1	5 122
11	48	1.8	1	0 48
12	7	0.5	1	0 7
13	1	0.1	1	0 1
34	1	0.0	3	1
56	1	0.0	3	0 0 0 1
79	1	0.0	3	0 0 1
88	1	0.0	3	0 0 0 1
119	1	0.0	3	0 0 0 1
144	1	0.0	3	0 0 0 1
