This is cutadapt 2.9 with Python 3.6.6
Command line parameters: --interleaved -a file:/nas02/apps/trimmomatic-0.36/Trimmomatic-0.36/adapters/TruSeq3-PE.fa -A file:/nas02/apps/trimmomatic-0.36/Trimmomatic-0.36/adapters/TruSeq3-PE.fa -m 30 /nas/longleaf/home/zpopkinh/Pvivax_resources/wgs_pe_improved_global/fastq/SRS696220/SRR1568216_1.fastq.gz /nas/longleaf/home/zpopkinh/Pvivax_resources/wgs_pe_improved_global/fastq/SRS696220/SRR1568216_2.fastq.gz
Processing reads on 1 core in paired-end mode ...
Finished in 1194.44 s (77 us/read; 0.78 M reads/minute).

=== Summary ===

Total read pairs processed:         15,479,385
  Read 1 with adapter:                 576,091 (3.7%)
  Read 2 with adapter:                 580,602 (3.8%)
Pairs written (passing filters):    15,479,385 (100.0%)

Total basepairs processed: 3,126,835,770 bp
  Read 1: 1,563,417,885 bp
  Read 2: 1,563,417,885 bp
Total written (filtered):  3,122,935,561 bp (99.9%)
  Read 1: 1,561,473,212 bp
  Read 2: 1,561,462,349 bp

=== First read: Adapter PrefixPE/1 ===

Sequence: TACACTCTTTCCCTACACGACGCTCTTCCGATCT; Type: regular 3'; Length: 34; Trimmed: 283636 times

No. of allowed errors:
0-9 bp: 0; 10-19 bp: 1; 20-29 bp: 2; 30-34 bp: 3

Bases preceding removed adapters:
  A: 25.7%
  C: 22.3%
  G: 25.4%
  T: 26.7%
  none/other: 0.0%

Overview of removed sequences
length	count	expect	max.err	error counts
3	191910	241865.4	0	191910
4	68203	60466.3	0	68203
5	16462	15116.6	0	16462
6	3363	3779.1	0	3363
7	969	944.8	0	969
8	152	236.2	0	152
9	752	59.0	0	83 669
10	1310	14.8	1	40 1270
11	437	3.7	1	3 434
12	57	0.9	1	0 57
13	19	0.2	1	0 19
14	1	0.1	1	0 1
58	1	0.0	3	0 1


=== First read: Adapter PrefixPE/2 ===

Sequence: GTGACTGGAGTTCAGACGTGTGCTCTTCCGATCT; Type: regular 3'; Length: 34; Trimmed: 292455 times

No. of allowed errors:
0-9 bp: 0; 10-19 bp: 1; 20-29 bp: 2; 30-34 bp: 3

Bases preceding removed adapters:
  A: 24.0%
  C: 18.2%
  G: 26.2%
  T: 31.6%
  none/other: 0.0%

Overview of removed sequences
length	count	expect	max.err	error counts
3	228397	241865.4	0	228397
4	52037	60466.3	0	52037
5	8787	15116.6	0	8787
6	2014	3779.1	0	2014
7	431	944.8	0	431
8	56	236.2	0	56
9	367	59.0	0	5 362
10	238	14.8	1	0 238
11	78	3.7	1	0 78
12	48	0.9	1	0 48
13	2	0.2	1	0 2


=== Second read: Adapter PrefixPE/1 ===

Sequence: TACACTCTTTCCCTACACGACGCTCTTCCGATCT; Type: regular 3'; Length: 34; Trimmed: 277881 times

No. of allowed errors:
0-9 bp: 0; 10-19 bp: 1; 20-29 bp: 2; 30-34 bp: 3

Bases preceding removed adapters:
  A: 25.9%
  C: 22.3%
  G: 25.4%
  T: 26.4%
  none/other: 0.0%

Overview of removed sequences
length	count	expect	max.err	error counts
3	188299	241865.4	0	188299
4	67188	60466.3	0	67188
5	15968	15116.6	0	15968
6	3243	3779.1	0	3243
7	749	944.8	0	749
8	221	236.2	0	221
9	683	59.0	0	79 604
10	990	14.8	1	3 987
11	449	3.7	1	3 446
12	61	0.9	1	1 60
13	27	0.2	1	0 27
14	3	0.1	1	0 3


=== Second read: Adapter PrefixPE/2 ===

Sequence: GTGACTGGAGTTCAGACGTGTGCTCTTCCGATCT; Type: regular 3'; Length: 34; Trimmed: 302721 times

No. of allowed errors:
0-9 bp: 0; 10-19 bp: 1; 20-29 bp: 2; 30-34 bp: 3

Bases preceding removed adapters:
  A: 24.1%
  C: 19.7%
  G: 25.9%
  T: 30.2%
  none/other: 0.0%

Overview of removed sequences
length	count	expect	max.err	error counts
3	237137	241865.4	0	237137
4	53378	60466.3	0	53378
5	8701	15116.6	0	8701
6	2165	3779.1	0	2165
7	450	944.8	0	450
8	74	236.2	0	74
9	357	59.0	0	18 339
10	283	14.8	1	7 276
11	144	3.7	1	0 144
12	24	0.9	1	1 23
18	1	0.0	1	1
43	1	0.0	3	0 0 1
44	2	0.0	3	0 0 0 2
46	1	0.0	3	0 0 0 1
55	1	0.0	3	0 0 1
71	2	0.0	3	0 0 1 1
