This is cutadapt 2.9 with Python 3.6.6
Command line parameters: --interleaved -a file:/nas02/apps/trimmomatic-0.36/Trimmomatic-0.36/adapters/TruSeq3-PE.fa -A file:/nas02/apps/trimmomatic-0.36/Trimmomatic-0.36/adapters/TruSeq3-PE.fa -m 30 /nas/longleaf/home/zpopkinh/Pvivax_resources/wgs_pe_improved_global/fastq/ERS012695/ERR021983_1.fastq.gz /nas/longleaf/home/zpopkinh/Pvivax_resources/wgs_pe_improved_global/fastq/ERS012695/ERR021983_2.fastq.gz
Processing reads on 1 core in paired-end mode ...
Finished in 1330.39 s (64 us/read; 0.94 M reads/minute).

=== Summary ===

Total read pairs processed:         20,777,116
  Read 1 with adapter:                 792,426 (3.8%)
  Read 2 with adapter:                 765,925 (3.7%)
Pairs written (passing filters):    20,777,115 (100.0%)

Total basepairs processed: 3,158,121,632 bp
  Read 1: 1,579,060,816 bp
  Read 2: 1,579,060,816 bp
Total written (filtered):  3,152,859,697 bp (99.8%)
  Read 1: 1,576,381,433 bp
  Read 2: 1,576,478,264 bp

=== First read: Adapter PrefixPE/1 ===

Sequence: TACACTCTTTCCCTACACGACGCTCTTCCGATCT; Type: regular 3'; Length: 34; Trimmed: 419361 times

No. of allowed errors:
0-9 bp: 0; 10-19 bp: 1; 20-29 bp: 2; 30-34 bp: 3

Bases preceding removed adapters:
  A: 30.3%
  C: 18.9%
  G: 23.2%
  T: 27.6%
  none/other: 0.0%

Overview of removed sequences
length	count	expect	max.err	error counts
3	277667	324642.4	0	277667
4	109552	81160.6	0	109552
5	23506	20290.2	0	23506
6	4844	5072.5	0	4844
7	1014	1268.1	0	1014
8	209	317.0	0	209
9	1022	79.3	0	80 942
10	1011	19.8	1	18 993
11	410	5.0	1	4 406
12	101	1.2	1	0 101
13	16	0.3	1	0 16
14	5	0.1	1	0 5
15	2	0.0	1	0 2
17	1	0.0	1	0 1
24	1	0.0	2	0 0 1


=== First read: Adapter PrefixPE/2 ===

Sequence: GTGACTGGAGTTCAGACGTGTGCTCTTCCGATCT; Type: regular 3'; Length: 34; Trimmed: 373065 times

No. of allowed errors:
0-9 bp: 0; 10-19 bp: 1; 20-29 bp: 2; 30-34 bp: 3

Bases preceding removed adapters:
  A: 25.2%
  C: 18.1%
  G: 26.2%
  T: 30.5%
  none/other: 0.0%

Overview of removed sequences
length	count	expect	max.err	error counts
3	288664	324642.4	0	288664
4	69131	81160.6	0	69131
5	11246	20290.2	0	11246
6	2389	5072.5	0	2389
7	550	1268.1	0	550
8	94	317.0	0	94
9	436	79.3	0	34 402
10	401	19.8	1	5 396
11	116	5.0	1	0 116
12	32	1.2	1	0 32
13	5	0.3	1	0 5
14	1	0.1	1	0 1


=== Second read: Adapter PrefixPE/1 ===

Sequence: TACACTCTTTCCCTACACGACGCTCTTCCGATCT; Type: regular 3'; Length: 34; Trimmed: 418486 times

No. of allowed errors:
0-9 bp: 0; 10-19 bp: 1; 20-29 bp: 2; 30-34 bp: 3

Bases preceding removed adapters:
  A: 28.5%
  C: 19.0%
  G: 22.6%
  T: 29.9%
  none/other: 0.0%

Overview of removed sequences
length	count	expect	max.err	error counts
3	283601	324642.4	0	283601
4	102370	81160.6	0	102370
5	22792	20290.2	0	22792
6	4902	5072.5	0	4902
7	1045	1268.1	0	1045
8	257	317.0	0	257
9	1365	79.3	0	82 1283
10	1488	19.8	1	35 1453
11	516	5.0	1	4 512
12	109	1.2	1	2 107
13	32	0.3	1	0 32
14	6	0.1	1	0 6
15	2	0.0	1	0 2
76	1	0.0	3	0 0 1


=== Second read: Adapter PrefixPE/2 ===

Sequence: GTGACTGGAGTTCAGACGTGTGCTCTTCCGATCT; Type: regular 3'; Length: 34; Trimmed: 347439 times

No. of allowed errors:
0-9 bp: 0; 10-19 bp: 1; 20-29 bp: 2; 30-34 bp: 3

Bases preceding removed adapters:
  A: 21.9%
  C: 19.3%
  G: 25.3%
  T: 33.5%
  none/other: 0.0%

Overview of removed sequences
length	count	expect	max.err	error counts
3	276017	324642.4	0	276017
4	57922	81160.6	0	57922
5	9751	20290.2	0	9751
6	2332	5072.5	0	2332
7	541	1268.1	0	541
8	82	317.0	0	82
9	315	79.3	0	26 289
10	320	19.8	1	7 313
11	109	5.0	1	3 106
12	42	1.2	1	0 42
13	8	0.3	1	1 7
