This is cutadapt 2.9 with Python 3.6.6
Command line parameters: --interleaved -a file:/nas02/apps/trimmomatic-0.36/Trimmomatic-0.36/adapters/TruSeq3-PE.fa -A file:/nas02/apps/trimmomatic-0.36/Trimmomatic-0.36/adapters/TruSeq3-PE.fa -m 30 /nas/longleaf/home/zpopkinh/Pvivax_resources/wgs_pe_improved_global/fastq/SRS693948/SRR1568117_1.fastq.gz /nas/longleaf/home/zpopkinh/Pvivax_resources/wgs_pe_improved_global/fastq/SRS693948/SRR1568117_2.fastq.gz
Processing reads on 1 core in paired-end mode ...
Finished in 2033.57 s (70 us/read; 0.86 M reads/minute).

=== Summary ===

Total read pairs processed:         28,997,588
  Read 1 with adapter:                 979,424 (3.4%)
  Read 2 with adapter:               1,093,082 (3.8%)
Pairs written (passing filters):    28,997,585 (100.0%)

Total basepairs processed: 5,857,512,776 bp
  Read 1: 2,928,756,388 bp
  Read 2: 2,928,756,388 bp
Total written (filtered):  5,850,588,525 bp (99.9%)
  Read 1: 2,925,463,567 bp
  Read 2: 2,925,124,958 bp

=== First read: Adapter PrefixPE/1 ===

Sequence: TACACTCTTTCCCTACACGACGCTCTTCCGATCT; Type: regular 3'; Length: 34; Trimmed: 441334 times

No. of allowed errors:
0-9 bp: 0; 10-19 bp: 1; 20-29 bp: 2; 30-34 bp: 3

Bases preceding removed adapters:
  A: 23.7%
  C: 24.3%
  G: 27.3%
  T: 24.8%
  none/other: 0.0%

Overview of removed sequences
length	count	expect	max.err	error counts
3	300554	453087.3	0	300554
4	103117	113271.8	0	103117
5	28088	28318.0	0	28088
6	5019	7079.5	0	5019
7	1273	1769.9	0	1273
8	241	442.5	0	241
9	1179	110.6	0	100 1079
10	1217	27.7	1	34 1183
11	465	6.9	1	2 463
12	129	1.7	1	4 125
13	38	0.4	1	0 38
14	9	0.1	1	0 9
59	1	0.0	3	0 0 1
65	1	0.0	3	0 0 0 1
82	1	0.0	3	0 1
101	2	0.0	3	0 1 0 1


=== First read: Adapter PrefixPE/2 ===

Sequence: GTGACTGGAGTTCAGACGTGTGCTCTTCCGATCT; Type: regular 3'; Length: 34; Trimmed: 538090 times

No. of allowed errors:
0-9 bp: 0; 10-19 bp: 1; 20-29 bp: 2; 30-34 bp: 3

Bases preceding removed adapters:
  A: 22.4%
  C: 20.4%
  G: 28.2%
  T: 29.0%
  none/other: 0.0%

Overview of removed sequences
length	count	expect	max.err	error counts
3	420128	453087.3	0	420128
4	95905	113271.8	0	95905
5	16173	28318.0	0	16173
6	3357	7079.5	0	3357
7	904	1769.9	0	904
8	132	442.5	0	132
9	783	110.6	0	18 765
10	480	27.7	1	16 464
11	184	6.9	1	0 184
12	31	1.7	1	0 31
13	13	0.4	1	0 13


=== Second read: Adapter PrefixPE/1 ===

Sequence: TACACTCTTTCCCTACACGACGCTCTTCCGATCT; Type: regular 3'; Length: 34; Trimmed: 439207 times

No. of allowed errors:
0-9 bp: 0; 10-19 bp: 1; 20-29 bp: 2; 30-34 bp: 3

Bases preceding removed adapters:
  A: 23.8%
  C: 24.0%
  G: 27.3%
  T: 24.9%
  none/other: 0.0%

Overview of removed sequences
length	count	expect	max.err	error counts
3	298756	453087.3	0	298756
4	103117	113271.8	0	103117
5	27979	28318.0	0	27979
6	4918	7079.5	0	4918
7	1177	1769.9	0	1177
8	245	442.5	0	245
9	1117	110.6	0	111 1006
10	1291	27.7	1	48 1243
11	435	6.9	1	2 433
12	123	1.7	1	2 121
13	32	0.4	1	0 32
14	13	0.1	1	0 13
15	2	0.0	1	0 2
31	1	0.0	3	0 0 0 1
44	1	0.0	3	0 0 0 1


=== Second read: Adapter PrefixPE/2 ===

Sequence: GTGACTGGAGTTCAGACGTGTGCTCTTCCGATCT; Type: regular 3'; Length: 34; Trimmed: 653875 times

No. of allowed errors:
0-9 bp: 0; 10-19 bp: 1; 20-29 bp: 2; 30-34 bp: 3

Bases preceding removed adapters:
  A: 20.9%
  C: 32.1%
  G: 23.3%
  T: 23.7%
  none/other: 0.0%

Overview of removed sequences
length	count	expect	max.err	error counts
3	537271	453087.3	0	537271
4	94602	113271.8	0	94602
5	16219	28318.0	0	16219
6	3295	7079.5	0	3295
7	833	1769.9	0	833
8	107	442.5	0	107
9	728	110.6	0	19 709
10	580	27.7	1	14 566
11	185	6.9	1	4 181
12	37	1.7	1	0 37
13	16	0.4	1	0 16
23	1	0.0	2	0 0 1
27	1	0.0	2	0 0 1
