This is cutadapt 2.9 with Python 3.6.6
Command line parameters: --interleaved -a file:/nas02/apps/trimmomatic-0.36/Trimmomatic-0.36/adapters/TruSeq3-PE.fa -A file:/nas02/apps/trimmomatic-0.36/Trimmomatic-0.36/adapters/TruSeq3-PE.fa -m 30 /nas/longleaf/home/zpopkinh/Pvivax_resources/wgs_pe_improved_global/fastq/SRR10969364/SRR10969364_1.fastq.gz /nas/longleaf/home/zpopkinh/Pvivax_resources/wgs_pe_improved_global/fastq/SRR10969364/SRR10969364_2.fastq.gz
Processing reads on 1 core in paired-end mode ...
Finished in 955.33 s (128 us/read; 0.47 M reads/minute).

=== Summary ===

Total read pairs processed:          7,436,921
  Read 1 with adapter:                 271,302 (3.6%)
  Read 2 with adapter:                 272,299 (3.7%)
Pairs written (passing filters):     7,436,920 (100.0%)

Total basepairs processed: 2,231,076,300 bp
  Read 1: 1,115,538,150 bp
  Read 2: 1,115,538,150 bp
Total written (filtered):  2,229,234,261 bp (99.9%)
  Read 1: 1,114,619,067 bp
  Read 2: 1,114,615,194 bp

=== First read: Adapter PrefixPE/1 ===

Sequence: TACACTCTTTCCCTACACGACGCTCTTCCGATCT; Type: regular 3'; Length: 34; Trimmed: 142521 times

No. of allowed errors:
0-9 bp: 0; 10-19 bp: 1; 20-29 bp: 2; 30-34 bp: 3

Bases preceding removed adapters:
  A: 30.0%
  C: 18.9%
  G: 20.5%
  T: 30.6%
  none/other: 0.0%

Overview of removed sequences
length	count	expect	max.err	error counts
3	94918	116201.9	0	94918
4	37257	29050.5	0	37257
5	7112	7262.6	0	7112
6	1647	1815.7	0	1647
7	311	453.9	0	311
8	98	113.5	0	98
9	435	28.4	0	31 404
10	537	7.1	1	10 527
11	156	1.8	1	1 155
12	35	0.4	1	0 35
13	13	0.1	1	1 12
14	1	0.0	1	0 1
15	1	0.0	1	0 1


=== First read: Adapter PrefixPE/2 ===

Sequence: GTGACTGGAGTTCAGACGTGTGCTCTTCCGATCT; Type: regular 3'; Length: 34; Trimmed: 128781 times

No. of allowed errors:
0-9 bp: 0; 10-19 bp: 1; 20-29 bp: 2; 30-34 bp: 3

Bases preceding removed adapters:
  A: 26.1%
  C: 14.3%
  G: 25.9%
  T: 33.7%
  none/other: 0.0%

Overview of removed sequences
length	count	expect	max.err	error counts
3	99095	116201.9	0	99095
4	24146	29050.5	0	24146
5	3848	7262.6	0	3848
6	1026	1815.7	0	1026
7	229	453.9	0	229
8	35	113.5	0	35
9	153	28.4	0	11 142
10	162	7.1	1	6 156
11	66	1.8	1	3 63
12	17	0.4	1	1 16
13	3	0.1	1	0 3
15	1	0.0	1	0 1


=== Second read: Adapter PrefixPE/1 ===

Sequence: TACACTCTTTCCCTACACGACGCTCTTCCGATCT; Type: regular 3'; Length: 34; Trimmed: 142966 times

No. of allowed errors:
0-9 bp: 0; 10-19 bp: 1; 20-29 bp: 2; 30-34 bp: 3

Bases preceding removed adapters:
  A: 30.3%
  C: 19.2%
  G: 20.1%
  T: 30.4%
  none/other: 0.0%

Overview of removed sequences
length	count	expect	max.err	error counts
3	94933	116201.9	0	94933
4	37577	29050.5	0	37577
5	7171	7262.6	0	7171
6	1788	1815.7	0	1788
7	304	453.9	0	304
8	82	113.5	0	82
9	416	28.4	0	31 385
10	480	7.1	1	11 469
11	165	1.8	1	0 165
12	37	0.4	1	1 36
13	8	0.1	1	0 8
14	3	0.0	1	0 3
15	1	0.0	1	0 1
150	1	0.0	3	0 1


=== Second read: Adapter PrefixPE/2 ===

Sequence: GTGACTGGAGTTCAGACGTGTGCTCTTCCGATCT; Type: regular 3'; Length: 34; Trimmed: 129333 times

No. of allowed errors:
0-9 bp: 0; 10-19 bp: 1; 20-29 bp: 2; 30-34 bp: 3

Bases preceding removed adapters:
  A: 26.4%
  C: 14.9%
  G: 25.8%
  T: 32.9%
  none/other: 0.0%

Overview of removed sequences
length	count	expect	max.err	error counts
3	99410	116201.9	0	99410
4	24330	29050.5	0	24330
5	3898	7262.6	0	3898
6	994	1815.7	0	994
7	244	453.9	0	244
8	46	113.5	0	46
9	167	28.4	0	15 152
10	145	7.1	1	1 144
11	68	1.8	1	1 67
12	17	0.4	1	0 17
13	8	0.1	1	0 8
14	2	0.0	1	0 2
15	1	0.0	1	0 1
32	1	0.0	3	0 0 0 1
101	1	0.0	3	1
103	1	0.0	3	1
