This is cutadapt 2.9 with Python 3.6.6
Command line parameters: --interleaved -a file:/nas02/apps/trimmomatic-0.36/Trimmomatic-0.36/adapters/TruSeq3-PE.fa -A file:/nas02/apps/trimmomatic-0.36/Trimmomatic-0.36/adapters/TruSeq3-PE.fa -m 30 /nas/longleaf/home/zpopkinh/Pvivax_resources/wgs_pe_improved_global/fastq/ERS989883/ERR1475420_1.fastq.gz /nas/longleaf/home/zpopkinh/Pvivax_resources/wgs_pe_improved_global/fastq/ERS989883/ERR1475420_2.fastq.gz
Processing reads on 1 core in paired-end mode ...
Finished in 1384.39 s (102 us/read; 0.59 M reads/minute).

=== Summary ===

Total read pairs processed:         13,524,685
  Read 1 with adapter:                 495,035 (3.7%)
  Read 2 with adapter:                 488,720 (3.6%)
Pairs written (passing filters):    13,524,676 (100.0%)

Total basepairs processed: 2,704,937,000 bp
  Read 1: 1,352,468,500 bp
  Read 2: 1,352,468,500 bp
Total written (filtered):  2,701,617,981 bp (99.9%)
  Read 1: 1,350,798,083 bp
  Read 2: 1,350,819,898 bp

=== First read: Adapter PrefixPE/1 ===

Sequence: TACACTCTTTCCCTACACGACGCTCTTCCGATCT; Type: regular 3'; Length: 34; Trimmed: 253138 times

No. of allowed errors:
0-9 bp: 0; 10-19 bp: 1; 20-29 bp: 2; 30-34 bp: 3

Bases preceding removed adapters:
  A: 27.9%
  C: 19.5%
  G: 23.5%
  T: 29.2%
  none/other: 0.0%

Overview of removed sequences
length	count	expect	max.err	error counts
3	170145	211323.2	0	170145
4	63631	52830.8	0	63631
5	13811	13207.7	0	13811
6	2964	3301.9	0	2964
7	561	825.5	0	561
8	140	206.4	0	140
9	742	51.6	0	50 692
10	745	12.9	1	15 730
11	273	3.2	1	6 267
12	84	0.8	1	1 83
13	20	0.2	1	0 20
14	9	0.1	1	0 9
15	1	0.0	1	0 1
37	2	0.0	3	0 1 1
69	1	0.0	3	0 0 1
74	1	0.0	3	0 0 1
76	4	0.0	3	0 3 0 1
100	4	0.0	3	0 0 0 4


=== First read: Adapter PrefixPE/2 ===

Sequence: GTGACTGGAGTTCAGACGTGTGCTCTTCCGATCT; Type: regular 3'; Length: 34; Trimmed: 241897 times

No. of allowed errors:
0-9 bp: 0; 10-19 bp: 1; 20-29 bp: 2; 30-34 bp: 3

Bases preceding removed adapters:
  A: 23.4%
  C: 18.9%
  G: 26.8%
  T: 30.8%
  none/other: 0.0%

Overview of removed sequences
length	count	expect	max.err	error counts
3	188285	211323.2	0	188285
4	44125	52830.8	0	44125
5	6992	13207.7	0	6992
6	1469	3301.9	0	1469
7	387	825.5	0	387
8	61	206.4	0	61
9	247	51.6	0	8 239
10	226	12.9	1	7 219
11	83	3.2	1	3 80
12	19	0.8	1	0 19
13	3	0.2	1	0 3


=== Second read: Adapter PrefixPE/1 ===

Sequence: TACACTCTTTCCCTACACGACGCTCTTCCGATCT; Type: regular 3'; Length: 34; Trimmed: 250651 times

No. of allowed errors:
0-9 bp: 0; 10-19 bp: 1; 20-29 bp: 2; 30-34 bp: 3

Bases preceding removed adapters:
  A: 27.8%
  C: 19.7%
  G: 23.5%
  T: 29.0%
  none/other: 0.0%

Overview of removed sequences
length	count	expect	max.err	error counts
3	168510	211323.2	0	168510
4	63057	52830.8	0	63057
5	13705	13207.7	0	13705
6	2846	3301.9	0	2846
7	574	825.5	0	574
8	142	206.4	0	142
9	706	51.6	0	61 645
10	793	12.9	1	19 774
11	249	3.2	1	0 249
12	43	0.8	1	1 42
13	18	0.2	1	0 18
14	3	0.1	1	0 3
15	1	0.0	1	0 1
36	1	0.0	3	1
68	1	0.0	3	0 0 1
69	1	0.0	3	0 0 0 1
100	1	0.0	3	0 1


=== Second read: Adapter PrefixPE/2 ===

Sequence: GTGACTGGAGTTCAGACGTGTGCTCTTCCGATCT; Type: regular 3'; Length: 34; Trimmed: 238069 times

No. of allowed errors:
0-9 bp: 0; 10-19 bp: 1; 20-29 bp: 2; 30-34 bp: 3

Bases preceding removed adapters:
  A: 23.4%
  C: 19.2%
  G: 26.6%
  T: 30.8%
  none/other: 0.0%

Overview of removed sequences
length	count	expect	max.err	error counts
3	185339	211323.2	0	185339
4	43203	52830.8	0	43203
5	7089	13207.7	0	7089
6	1497	3301.9	0	1497
7	356	825.5	0	356
8	52	206.4	0	52
9	248	51.6	0	13 235
10	200	12.9	1	5 195
11	62	3.2	1	0 62
12	18	0.8	1	0 18
13	5	0.2	1	0 5
