This is cutadapt 2.9 with Python 3.6.6
Command line parameters: --interleaved -a file:/nas02/apps/trimmomatic-0.36/Trimmomatic-0.36/adapters/TruSeq3-PE.fa -A file:/nas02/apps/trimmomatic-0.36/Trimmomatic-0.36/adapters/TruSeq3-PE.fa -m 30 /nas/longleaf/home/zpopkinh/Pvivax_resources/wgs_pe_improved_global/fastq/SRS1061159/SRR2316887_1.fastq.gz /nas/longleaf/home/zpopkinh/Pvivax_resources/wgs_pe_improved_global/fastq/SRS1061159/SRR2316887_2.fastq.gz
Processing reads on 1 core in paired-end mode ...
Finished in 649.15 s (105 us/read; 0.57 M reads/minute).

=== Summary ===

Total read pairs processed:          6,171,411
  Read 1 with adapter:                 225,440 (3.7%)
  Read 2 with adapter:                 220,908 (3.6%)
Pairs written (passing filters):     6,171,402 (100.0%)

Total basepairs processed: 1,234,282,200 bp
  Read 1:   610,969,689 bp
  Read 2:   623,312,511 bp
Total written (filtered):  1,232,765,501 bp (99.9%)
  Read 1:   610,203,426 bp
  Read 2:   622,562,075 bp

=== First read: Adapter PrefixPE/1 ===

Sequence: TACACTCTTTCCCTACACGACGCTCTTCCGATCT; Type: regular 3'; Length: 34; Trimmed: 127325 times

No. of allowed errors:
0-9 bp: 0; 10-19 bp: 1; 20-29 bp: 2; 30-34 bp: 3

Bases preceding removed adapters:
  A: 31.8%
  C: 17.1%
  G: 19.7%
  T: 31.4%
  none/other: 0.0%

Overview of removed sequences
length	count	expect	max.err	error counts
3	83693	96428.3	0	83693
4	34580	24107.1	0	34580
5	6182	6026.8	0	6182
6	1497	1506.7	0	1497
7	267	376.7	0	267
8	72	94.2	0	72
9	408	23.5	0	33 375
10	444	5.9	1	16 428
11	142	1.5	1	4 138
12	29	0.4	1	0 29
13	5	0.1	1	0 5
14	3	0.0	1	0 3
92	1	0.0	3	0 0 0 1
94	1	0.0	3	0 1
95	1	0.0	3	0 0 1


=== First read: Adapter PrefixPE/2 ===

Sequence: GTGACTGGAGTTCAGACGTGTGCTCTTCCGATCT; Type: regular 3'; Length: 34; Trimmed: 98115 times

No. of allowed errors:
0-9 bp: 0; 10-19 bp: 1; 20-29 bp: 2; 30-34 bp: 3

Bases preceding removed adapters:
  A: 26.2%
  C: 14.8%
  G: 23.6%
  T: 35.3%
  none/other: 0.0%

Overview of removed sequences
length	count	expect	max.err	error counts
3	75316	96428.3	0	75316
4	18810	24107.1	0	18810
5	2849	6026.8	0	2849
6	678	1506.7	0	678
7	175	376.7	0	175
8	24	94.2	0	24
9	114	23.5	0	12 102
10	92	5.9	1	2 90
11	43	1.5	1	0 43
12	12	0.4	1	1 11
13	2	0.1	1	0 2


=== Second read: Adapter PrefixPE/1 ===

Sequence: TACACTCTTTCCCTACACGACGCTCTTCCGATCT; Type: regular 3'; Length: 34; Trimmed: 125135 times

No. of allowed errors:
0-9 bp: 0; 10-19 bp: 1; 20-29 bp: 2; 30-34 bp: 3

Bases preceding removed adapters:
  A: 31.5%
  C: 17.0%
  G: 19.8%
  T: 31.6%
  none/other: 0.0%

Overview of removed sequences
length	count	expect	max.err	error counts
3	81890	96428.3	0	81890
4	34347	24107.1	0	34347
5	6165	6026.8	0	6165
6	1451	1506.7	0	1451
7	267	376.7	0	267
8	86	94.2	0	86
9	370	23.5	0	24 346
10	410	5.9	1	7 403
11	113	1.5	1	2 111
12	27	0.4	1	1 26
13	4	0.1	1	0 4
14	1	0.0	1	0 1
101	4	0.0	3	0 0 0 4


=== Second read: Adapter PrefixPE/2 ===

Sequence: GTGACTGGAGTTCAGACGTGTGCTCTTCCGATCT; Type: regular 3'; Length: 34; Trimmed: 95773 times

No. of allowed errors:
0-9 bp: 0; 10-19 bp: 1; 20-29 bp: 2; 30-34 bp: 3

Bases preceding removed adapters:
  A: 26.1%
  C: 15.0%
  G: 23.6%
  T: 35.3%
  none/other: 0.0%

Overview of removed sequences
length	count	expect	max.err	error counts
3	73906	96428.3	0	73906
4	18063	24107.1	0	18063
5	2668	6026.8	0	2668
6	714	1506.7	0	714
7	150	376.7	0	150
8	32	94.2	0	32
9	88	23.5	0	3 85
10	102	5.9	1	3 99
11	34	1.5	1	1 33
12	9	0.4	1	0 9
13	1	0.1	1	0 1
14	2	0.0	1	0 2
36	1	0.0	3	0 0 1
47	1	0.0	3	0 1
91	1	0.0	3	0 0 1
101	1	0.0	3	0 0 0 1
