This is cutadapt 2.9 with Python 3.6.6
Command line parameters: --interleaved -a file:/nas02/apps/trimmomatic-0.36/Trimmomatic-0.36/adapters/TruSeq3-PE.fa -A file:/nas02/apps/trimmomatic-0.36/Trimmomatic-0.36/adapters/TruSeq3-PE.fa -m 30 /nas/longleaf/home/zpopkinh/Pvivax_resources/wgs_pe_improved_global/fastq/SRS694247/SRR1568128_1.fastq.gz /nas/longleaf/home/zpopkinh/Pvivax_resources/wgs_pe_improved_global/fastq/SRS694247/SRR1568128_2.fastq.gz
Processing reads on 1 core in paired-end mode ...
Finished in 2851.69 s (93 us/read; 0.65 M reads/minute).

=== Summary ===

Total read pairs processed:         30,736,703
  Read 1 with adapter:               1,121,972 (3.7%)
  Read 2 with adapter:               1,178,991 (3.8%)
Pairs written (passing filters):    30,736,700 (100.0%)

Total basepairs processed: 6,208,814,006 bp
  Read 1: 3,104,407,003 bp
  Read 2: 3,104,407,003 bp
Total written (filtered):  6,201,081,603 bp (99.9%)
  Read 1: 3,100,623,121 bp
  Read 2: 3,100,458,482 bp

=== First read: Adapter PrefixPE/1 ===

Sequence: TACACTCTTTCCCTACACGACGCTCTTCCGATCT; Type: regular 3'; Length: 34; Trimmed: 528958 times

No. of allowed errors:
0-9 bp: 0; 10-19 bp: 1; 20-29 bp: 2; 30-34 bp: 3

Bases preceding removed adapters:
  A: 24.5%
  C: 23.6%
  G: 26.7%
  T: 25.3%
  none/other: 0.0%

Overview of removed sequences
length	count	expect	max.err	error counts
3	357806	480261.0	0	357806
4	125398	120065.2	0	125398
5	33322	30016.3	0	33322
6	6225	7504.1	0	6225
7	1617	1876.0	0	1617
8	397	469.0	0	397
9	1490	117.3	0	140 1350
10	1888	29.3	1	72 1816
11	620	7.3	1	5 615
12	141	1.8	1	1 140
13	44	0.5	1	0 44
14	7	0.1	1	0 7
15	2	0.0	1	0 2
101	1	0.0	3	0 0 0 1


=== First read: Adapter PrefixPE/2 ===

Sequence: GTGACTGGAGTTCAGACGTGTGCTCTTCCGATCT; Type: regular 3'; Length: 34; Trimmed: 593014 times

No. of allowed errors:
0-9 bp: 0; 10-19 bp: 1; 20-29 bp: 2; 30-34 bp: 3

Bases preceding removed adapters:
  A: 22.9%
  C: 19.7%
  G: 27.1%
  T: 30.4%
  none/other: 0.0%

Overview of removed sequences
length	count	expect	max.err	error counts
3	462990	480261.0	0	462990
4	104848	120065.2	0	104848
5	18340	30016.3	0	18340
6	4039	7504.1	0	4039
7	1026	1876.0	0	1026
8	142	469.0	0	142
9	720	117.3	0	30 690
10	604	29.3	1	18 586
11	238	7.3	1	1 237
12	50	1.8	1	0 50
13	15	0.5	1	0 15
15	1	0.0	1	0 1
50	1	0.0	3	0 1


=== Second read: Adapter PrefixPE/1 ===

Sequence: TACACTCTTTCCCTACACGACGCTCTTCCGATCT; Type: regular 3'; Length: 34; Trimmed: 523344 times

No. of allowed errors:
0-9 bp: 0; 10-19 bp: 1; 20-29 bp: 2; 30-34 bp: 3

Bases preceding removed adapters:
  A: 24.6%
  C: 23.2%
  G: 26.7%
  T: 25.5%
  none/other: 0.0%

Overview of removed sequences
length	count	expect	max.err	error counts
3	354480	480261.0	0	354480
4	123622	120065.2	0	123622
5	32868	30016.3	0	32868
6	6264	7504.1	0	6264
7	1568	1876.0	0	1568
8	366	469.0	0	366
9	1452	117.3	0	137 1315
10	1875	29.3	1	38 1837
11	665	7.3	1	7 658
12	132	1.8	1	0 132
13	38	0.5	1	0 38
14	9	0.1	1	0 9
55	1	0.0	3	0 0 1
60	1	0.0	3	0 0 1
65	1	0.0	3	0 1
71	1	0.0	3	0 0 0 1
87	1	0.0	3	0 0 0 1


=== Second read: Adapter PrefixPE/2 ===

Sequence: GTGACTGGAGTTCAGACGTGTGCTCTTCCGATCT; Type: regular 3'; Length: 34; Trimmed: 655647 times

No. of allowed errors:
0-9 bp: 0; 10-19 bp: 1; 20-29 bp: 2; 30-34 bp: 3

Bases preceding removed adapters:
  A: 22.3%
  C: 26.2%
  G: 24.4%
  T: 27.1%
  none/other: 0.0%

Overview of removed sequences
length	count	expect	max.err	error counts
3	527748	480261.0	0	527748
4	103535	120065.2	0	103535
5	17670	30016.3	0	17670
6	4080	7504.1	0	4080
7	960	1876.0	0	960
8	144	469.0	0	144
9	676	117.3	0	43 633
10	564	29.3	1	20 544
11	209	7.3	1	0 209
12	49	1.8	1	0 49
13	9	0.5	1	0 9
16	1	0.0	1	0 1
44	1	0.0	3	0 0 1
101	1	0.0	3	0 0 0 1
