This is cutadapt 2.9 with Python 3.6.6
Command line parameters: --interleaved -a file:/nas02/apps/trimmomatic-0.36/Trimmomatic-0.36/adapters/TruSeq3-PE.fa -A file:/nas02/apps/trimmomatic-0.36/Trimmomatic-0.36/adapters/TruSeq3-PE.fa -m 30 /nas/longleaf/home/zpopkinh/Pvivax_resources/wgs_pe_improved_global/fastq/SRS694247/SRR1565026_1.fastq.gz /nas/longleaf/home/zpopkinh/Pvivax_resources/wgs_pe_improved_global/fastq/SRS694247/SRR1565026_2.fastq.gz
Processing reads on 1 core in paired-end mode ...
Finished in 1.67 s (51 us/read; 1.18 M reads/minute).

=== Summary ===

Total read pairs processed:             32,751
  Read 1 with adapter:                   1,028 (3.1%)
  Read 2 with adapter:                   1,137 (3.5%)
Pairs written (passing filters):        32,751 (100.0%)

Total basepairs processed:     6,615,702 bp
  Read 1:     3,307,851 bp
  Read 2:     3,307,851 bp
Total written (filtered):      6,608,449 bp (99.9%)
  Read 1:     3,304,375 bp
  Read 2:     3,304,074 bp

=== First read: Adapter PrefixPE/1 ===

Sequence: TACACTCTTTCCCTACACGACGCTCTTCCGATCT; Type: regular 3'; Length: 34; Trimmed: 559 times

No. of allowed errors:
0-9 bp: 0; 10-19 bp: 1; 20-29 bp: 2; 30-34 bp: 3

Bases preceding removed adapters:
  A: 25.9%
  C: 22.7%
  G: 25.2%
  T: 26.1%
  none/other: 0.0%

Overview of removed sequences
length	count	expect	max.err	error counts
3	374	511.7	0	374
4	140	127.9	0	140
5	35	32.0	0	35
6	7	8.0	0	7
10	3	0.0	1	0 3


=== First read: Adapter PrefixPE/2 ===

Sequence: GTGACTGGAGTTCAGACGTGTGCTCTTCCGATCT; Type: regular 3'; Length: 34; Trimmed: 469 times

No. of allowed errors:
0-9 bp: 0; 10-19 bp: 1; 20-29 bp: 2; 30-34 bp: 3

Bases preceding removed adapters:
  A: 24.3%
  C: 12.4%
  G: 26.9%
  T: 36.5%
  none/other: 0.0%

Overview of removed sequences
length	count	expect	max.err	error counts
3	360	511.7	0	360
4	92	127.9	0	92
5	12	32.0	0	12
6	2	8.0	0	2
9	3	0.1	0	2 1


=== Second read: Adapter PrefixPE/1 ===

Sequence: TACACTCTTTCCCTACACGACGCTCTTCCGATCT; Type: regular 3'; Length: 34; Trimmed: 512 times

No. of allowed errors:
0-9 bp: 0; 10-19 bp: 1; 20-29 bp: 2; 30-34 bp: 3

Bases preceding removed adapters:
  A: 24.2%
  C: 20.7%
  G: 27.1%
  T: 27.9%
  none/other: 0.0%

Overview of removed sequences
length	count	expect	max.err	error counts
3	350	511.7	0	350
4	127	127.9	0	127
5	25	32.0	0	25
6	6	8.0	0	6
7	1	2.0	0	1
10	2	0.0	1	1 1
11	1	0.0	1	0 1


=== Second read: Adapter PrefixPE/2 ===

Sequence: GTGACTGGAGTTCAGACGTGTGCTCTTCCGATCT; Type: regular 3'; Length: 34; Trimmed: 625 times

No. of allowed errors:
0-9 bp: 0; 10-19 bp: 1; 20-29 bp: 2; 30-34 bp: 3

Bases preceding removed adapters:
  A: 27.4%
  C: 25.4%
  G: 20.8%
  T: 26.4%
  none/other: 0.0%

Overview of removed sequences
length	count	expect	max.err	error counts
3	515	511.7	0	515
4	93	127.9	0	93
5	11	32.0	0	11
6	3	8.0	0	3
9	1	0.1	0	0 1
10	1	0.0	1	0 1
11	1	0.0	1	0 1
