This is cutadapt 2.9 with Python 3.6.6
Command line parameters: --interleaved -a file:/nas02/apps/trimmomatic-0.36/Trimmomatic-0.36/adapters/TruSeq3-PE.fa -A file:/nas02/apps/trimmomatic-0.36/Trimmomatic-0.36/adapters/TruSeq3-PE.fa -m 30 /nas/longleaf/home/zpopkinh/Pvivax_resources/wgs_pe_improved_global/fastq/SRS2746071/SRR6361569_1.fastq.gz /nas/longleaf/home/zpopkinh/Pvivax_resources/wgs_pe_improved_global/fastq/SRS2746071/SRR6361569_2.fastq.gz
Processing reads on 1 core in paired-end mode ...
Finished in 248.59 s (384 us/read; 0.16 M reads/minute).

=== Summary ===

Total read pairs processed:            646,872
  Read 1 with adapter:                  18,143 (2.8%)
  Read 2 with adapter:                  21,111 (3.3%)
Pairs written (passing filters):       646,590 (100.0%)

Total basepairs processed:   324,729,744 bp
  Read 1:   162,364,872 bp
  Read 2:   162,364,872 bp
Total written (filtered):    324,451,248 bp (99.9%)
  Read 1:   162,229,411 bp
  Read 2:   162,221,837 bp

=== First read: Adapter PrefixPE/1 ===

Sequence: TACACTCTTTCCCTACACGACGCTCTTCCGATCT; Type: regular 3'; Length: 34; Trimmed: 15992 times

No. of allowed errors:
0-9 bp: 0; 10-19 bp: 1; 20-29 bp: 2; 30-34 bp: 3

Bases preceding removed adapters:
  A: 55.9%
  C: 20.0%
  G: 9.4%
  T: 14.7%
  none/other: 0.0%

Overview of removed sequences
length	count	expect	max.err	error counts
3	7928	10107.4	0	7928
4	6695	2526.8	0	6695
5	795	631.7	0	795
6	275	157.9	0	275
7	44	39.5	0	44
8	11	9.9	0	11
9	15	2.5	0	5 10
10	42	0.6	1	2 40
11	9	0.2	1	0 9
12	3	0.0	1	0 3
238	2	0.0	3	0 0 0 2
239	155	0.0	3	0 0 33 122
240	9	0.0	3	0 0 0 9
241	5	0.0	3	0 0 0 5
243	2	0.0	3	0 0 0 2
245	1	0.0	3	0 0 0 1
249	1	0.0	3	0 0 0 1


=== First read: Adapter PrefixPE/2 ===

Sequence: GTGACTGGAGTTCAGACGTGTGCTCTTCCGATCT; Type: regular 3'; Length: 34; Trimmed: 2151 times

No. of allowed errors:
0-9 bp: 0; 10-19 bp: 1; 20-29 bp: 2; 30-34 bp: 3

Bases preceding removed adapters:
  A: 41.1%
  C: 14.7%
  G: 11.8%
  T: 32.4%
  none/other: 0.0%

Overview of removed sequences
length	count	expect	max.err	error counts
3	1379	10107.4	0	1379
4	640	2526.8	0	640
5	89	631.7	0	89
6	33	157.9	0	33
7	3	39.5	0	3
9	3	2.5	0	0 3
10	3	0.6	1	0 3
11	1	0.2	1	0 1


=== Second read: Adapter PrefixPE/1 ===

Sequence: TACACTCTTTCCCTACACGACGCTCTTCCGATCT; Type: regular 3'; Length: 34; Trimmed: 15140 times

No. of allowed errors:
0-9 bp: 0; 10-19 bp: 1; 20-29 bp: 2; 30-34 bp: 3

Bases preceding removed adapters:
  A: 50.6%
  C: 12.0%
  G: 30.3%
  T: 7.2%
  none/other: 0.0%

Overview of removed sequences
length	count	expect	max.err	error counts
3	8865	10107.4	0	8865
4	5016	2526.8	0	5016
5	1127	631.7	0	1127
6	93	157.9	0	93
7	29	39.5	0	29
8	2	9.9	0	2
9	3	2.5	0	0 3
10	4	0.6	1	0 4
11	1	0.2	1	0 1


=== Second read: Adapter PrefixPE/2 ===

Sequence: GTGACTGGAGTTCAGACGTGTGCTCTTCCGATCT; Type: regular 3'; Length: 34; Trimmed: 5971 times

No. of allowed errors:
0-9 bp: 0; 10-19 bp: 1; 20-29 bp: 2; 30-34 bp: 3

Bases preceding removed adapters:
  A: 46.5%
  C: 11.5%
  G: 22.3%
  T: 19.6%
  none/other: 0.0%

Overview of removed sequences
length	count	expect	max.err	error counts
3	4627	10107.4	0	4627
4	1042	2526.8	0	1042
5	140	631.7	0	140
6	29	157.9	0	29
7	11	39.5	0	11
8	2	9.9	0	2
9	5	2.5	0	0 5
10	5	0.6	1	0 5
11	3	0.2	1	0 3
228	6	0.0	3	0 4 2
229	2	0.0	3	0 1 1
230	2	0.0	3	0 0 2
231	1	0.0	3	0 1
232	1	0.0	3	0 0 1
233	1	0.0	3	0 0 1
234	58	0.0	3	1 51 3 3
235	9	0.0	3	0 1 6 2
236	9	0.0	3	0 1 3 5
237	6	0.0	3	0 1 1 4
238	8	0.0	3	0 1 2 5
239	3	0.0	3	0 1 2
240	1	0.0	3	0 0 0 1
