This is cutadapt 2.9 with Python 3.6.6
Command line parameters: --interleaved -a file:/nas02/apps/trimmomatic-0.36/Trimmomatic-0.36/adapters/TruSeq3-PE.fa -A file:/nas02/apps/trimmomatic-0.36/Trimmomatic-0.36/adapters/TruSeq3-PE.fa -m 30 /nas/longleaf/home/zpopkinh/Pvivax_resources/wgs_pe_improved_global/fastq/ERR5740717/ERR5740717_1.fastq.gz /nas/longleaf/home/zpopkinh/Pvivax_resources/wgs_pe_improved_global/fastq/ERR5740717/ERR5740717_2.fastq.gz
Processing reads on 1 core in paired-end mode ...
Finished in 449.22 s (151 us/read; 0.40 M reads/minute).

=== Summary ===

Total read pairs processed:          2,979,178
  Read 1 with adapter:                 107,573 (3.6%)
  Read 2 with adapter:                 105,205 (3.5%)
Pairs written (passing filters):     2,979,174 (100.0%)

Total basepairs processed:   899,711,756 bp
  Read 1:   449,855,878 bp
  Read 2:   449,855,878 bp
Total written (filtered):    898,988,793 bp (99.9%)
  Read 1:   449,490,739 bp
  Read 2:   449,498,054 bp

=== First read: Adapter PrefixPE/1 ===

Sequence: TACACTCTTTCCCTACACGACGCTCTTCCGATCT; Type: regular 3'; Length: 34; Trimmed: 50806 times

No. of allowed errors:
0-9 bp: 0; 10-19 bp: 1; 20-29 bp: 2; 30-34 bp: 3

Bases preceding removed adapters:
  A: 28.2%
  C: 22.3%
  G: 20.7%
  T: 28.8%
  none/other: 0.0%

Overview of removed sequences
length	count	expect	max.err	error counts
3	33869	46549.7	0	33869
4	13288	11637.4	0	13288
5	2456	2909.4	0	2456
6	597	727.3	0	597
7	125	181.8	0	125
8	42	45.5	0	42
9	148	11.4	0	12 136
10	191	2.8	1	9 182
11	68	0.7	1	2 66
12	9	0.2	1	0 9
13	5	0.0	1	1 4
14	2	0.0	1	0 2
15	3	0.0	1	0 3
16	1	0.0	1	0 1
73	1	0.0	3	0 0 0 1
115	1	0.0	3	0 0 0 1


=== First read: Adapter PrefixPE/2 ===

Sequence: GTGACTGGAGTTCAGACGTGTGCTCTTCCGATCT; Type: regular 3'; Length: 34; Trimmed: 56767 times

No. of allowed errors:
0-9 bp: 0; 10-19 bp: 1; 20-29 bp: 2; 30-34 bp: 3

Bases preceding removed adapters:
  A: 27.7%
  C: 12.0%
  G: 26.0%
  T: 34.4%
  none/other: 0.0%

Overview of removed sequences
length	count	expect	max.err	error counts
3	43431	46549.7	0	43431
4	10626	11637.4	0	10626
5	1840	2909.4	0	1840
6	489	727.3	0	489
7	131	181.8	0	131
8	43	45.5	0	43
9	74	11.4	0	7 67
10	85	2.8	1	1 84
11	28	0.7	1	0 28
12	15	0.2	1	0 15
13	3	0.0	1	0 3
14	2	0.0	1	0 2


=== Second read: Adapter PrefixPE/1 ===

Sequence: TACACTCTTTCCCTACACGACGCTCTTCCGATCT; Type: regular 3'; Length: 34; Trimmed: 50007 times

No. of allowed errors:
0-9 bp: 0; 10-19 bp: 1; 20-29 bp: 2; 30-34 bp: 3

Bases preceding removed adapters:
  A: 28.8%
  C: 23.6%
  G: 20.5%
  T: 27.1%
  none/other: 0.0%

Overview of removed sequences
length	count	expect	max.err	error counts
3	33177	46549.7	0	33177
4	12742	11637.4	0	12742
5	2746	2909.4	0	2746
6	637	727.3	0	637
7	164	181.8	0	164
8	44	45.5	0	44
9	171	11.4	0	15 156
10	220	2.8	1	7 213
11	79	0.7	1	1 78
12	18	0.2	1	1 17
13	4	0.0	1	0 4
14	2	0.0	1	0 2
127	1	0.0	3	1
149	1	0.0	3	0 0 0 1
151	1	0.0	3	0 0 1


=== Second read: Adapter PrefixPE/2 ===

Sequence: GTGACTGGAGTTCAGACGTGTGCTCTTCCGATCT; Type: regular 3'; Length: 34; Trimmed: 55198 times

No. of allowed errors:
0-9 bp: 0; 10-19 bp: 1; 20-29 bp: 2; 30-34 bp: 3

Bases preceding removed adapters:
  A: 26.7%
  C: 14.2%
  G: 26.0%
  T: 33.1%
  none/other: 0.0%

Overview of removed sequences
length	count	expect	max.err	error counts
3	42754	46549.7	0	42754
4	9721	11637.4	0	9721
5	1843	2909.4	0	1843
6	495	727.3	0	495
7	131	181.8	0	131
8	32	45.5	0	32
9	86	11.4	0	7 79
10	93	2.8	1	2 91
11	30	0.7	1	0 30
12	8	0.2	1	0 8
13	2	0.0	1	0 2
15	1	0.0	1	0 1
90	1	0.0	3	0 0 1
143	1	0.0	3	0 0 0 1
