This is cutadapt 2.9 with Python 3.6.6
Command line parameters: --interleaved -a file:/nas02/apps/trimmomatic-0.36/Trimmomatic-0.36/adapters/TruSeq3-PE.fa -A file:/nas02/apps/trimmomatic-0.36/Trimmomatic-0.36/adapters/TruSeq3-PE.fa -m 30 /nas/longleaf/home/zpopkinh/Pvivax_resources/wgs_pe_improved_global/fastq/SRS2745999/SRR6361351_1.fastq.gz /nas/longleaf/home/zpopkinh/Pvivax_resources/wgs_pe_improved_global/fastq/SRS2745999/SRR6361351_2.fastq.gz
Processing reads on 1 core in paired-end mode ...
Finished in 3828.66 s (76 us/read; 0.79 M reads/minute).

=== Summary ===

Total read pairs processed:         50,092,163
  Read 1 with adapter:               1,847,988 (3.7%)
  Read 2 with adapter:               2,013,673 (4.0%)
Pairs written (passing filters):    50,092,149 (100.0%)

Total basepairs processed: 10,018,432,600 bp
  Read 1: 5,009,216,300 bp
  Read 2: 5,009,216,300 bp
Total written (filtered):  10,004,916,632 bp (99.9%)
  Read 1: 5,002,699,197 bp
  Read 2: 5,002,217,435 bp

=== First read: Adapter PrefixPE/1 ===

Sequence: TACACTCTTTCCCTACACGACGCTCTTCCGATCT; Type: regular 3'; Length: 34; Trimmed: 1182050 times

No. of allowed errors:
0-9 bp: 0; 10-19 bp: 1; 20-29 bp: 2; 30-34 bp: 3

Bases preceding removed adapters:
  A: 56.3%
  C: 11.4%
  G: 13.0%
  T: 19.3%
  none/other: 0.0%

Overview of removed sequences
length	count	expect	max.err	error counts
3	648310	782690.0	0	648310
4	331056	195672.5	0	331056
5	187830	48918.1	0	187830
6	7536	12229.5	0	7536
7	1324	3057.4	0	1324
8	415	764.3	0	415
9	2272	191.1	0	85 2187
10	2295	47.8	1	32 2263
11	763	11.9	1	11 752
12	192	3.0	1	0 192
13	31	0.7	1	2 29
14	25	0.2	1	0 25
15	1	0.0	1	0 1


=== First read: Adapter PrefixPE/2 ===

Sequence: GTGACTGGAGTTCAGACGTGTGCTCTTCCGATCT; Type: regular 3'; Length: 34; Trimmed: 665938 times

No. of allowed errors:
0-9 bp: 0; 10-19 bp: 1; 20-29 bp: 2; 30-34 bp: 3

Bases preceding removed adapters:
  A: 23.6%
  C: 19.9%
  G: 26.9%
  T: 29.7%
  none/other: 0.0%

Overview of removed sequences
length	count	expect	max.err	error counts
3	511186	782690.0	0	511186
4	127986	195672.5	0	127986
5	19541	48918.1	0	19541
6	4144	12229.5	0	4144
7	1183	3057.4	0	1183
8	143	764.3	0	143
9	719	191.1	0	29 690
10	701	47.8	1	17 684
11	233	11.9	1	2 231
12	95	3.0	1	0 95
13	4	0.7	1	0 4
83	1	0.0	3	1
91	1	0.0	3	0 0 0 1
92	1	0.0	3	1


=== Second read: Adapter PrefixPE/1 ===

Sequence: TACACTCTTTCCCTACACGACGCTCTTCCGATCT; Type: regular 3'; Length: 34; Trimmed: 1258223 times

No. of allowed errors:
0-9 bp: 0; 10-19 bp: 1; 20-29 bp: 2; 30-34 bp: 3

Bases preceding removed adapters:
  A: 52.1%
  C: 10.7%
  G: 12.0%
  T: 25.2%
  none/other: 0.0%

Overview of removed sequences
length	count	expect	max.err	error counts
3	733362	782690.0	0	733362
4	324272	195672.5	0	324272
5	185899	48918.1	0	185899
6	7109	12229.5	0	7109
7	1329	3057.4	0	1329
8	457	764.3	0	457
9	2215	191.1	0	98 2117
10	2451	47.8	1	40 2411
11	894	11.9	1	3 891
12	161	3.0	1	1 160
13	50	0.7	1	0 50
14	9	0.2	1	0 9
15	3	0.0	1	0 3
89	1	0.0	3	1
92	1	0.0	3	1
96	5	0.0	3	5
98	5	0.0	3	5


=== Second read: Adapter PrefixPE/2 ===

Sequence: GTGACTGGAGTTCAGACGTGTGCTCTTCCGATCT; Type: regular 3'; Length: 34; Trimmed: 755450 times

No. of allowed errors:
0-9 bp: 0; 10-19 bp: 1; 20-29 bp: 2; 30-34 bp: 3

Bases preceding removed adapters:
  A: 20.5%
  C: 26.8%
  G: 26.8%
  T: 25.9%
  none/other: 0.0%

Overview of removed sequences
length	count	expect	max.err	error counts
3	605031	782690.0	0	605031
4	124365	195672.5	0	124365
5	18830	48918.1	0	18830
6	4123	12229.5	0	4123
7	1290	3057.4	0	1290
8	133	764.3	0	133
9	621	191.1	0	10 611
10	723	47.8	1	23 700
11	230	11.9	1	0 230
12	87	3.0	1	0 87
13	15	0.7	1	0 15
14	2	0.2	1	0 2
