This is cutadapt 2.9 with Python 3.6.6
Command line parameters: --interleaved -a file:/nas02/apps/trimmomatic-0.36/Trimmomatic-0.36/adapters/TruSeq3-PE.fa -A file:/nas02/apps/trimmomatic-0.36/Trimmomatic-0.36/adapters/TruSeq3-PE.fa -m 30 /nas/longleaf/home/zpopkinh/Pvivax_resources/wgs_pe_improved_global/fastq/SRS1061081/SRR2316095_1.fastq.gz /nas/longleaf/home/zpopkinh/Pvivax_resources/wgs_pe_improved_global/fastq/SRS1061081/SRR2316095_2.fastq.gz
Processing reads on 1 core in paired-end mode ...
Finished in 1798.24 s (82 us/read; 0.73 M reads/minute).

=== Summary ===

Total read pairs processed:         21,924,738
  Read 1 with adapter:                 800,043 (3.6%)
  Read 2 with adapter:                 793,229 (3.6%)
Pairs written (passing filters):    21,924,734 (100.0%)

Total basepairs processed: 4,384,947,600 bp
  Read 1: 2,170,549,062 bp
  Read 2: 2,214,398,538 bp
Total written (filtered):  4,379,521,806 bp (99.9%)
  Read 1: 2,167,824,757 bp
  Read 2: 2,211,697,049 bp

=== First read: Adapter PrefixPE/1 ===

Sequence: TACACTCTTTCCCTACACGACGCTCTTCCGATCT; Type: regular 3'; Length: 34; Trimmed: 422301 times

No. of allowed errors:
0-9 bp: 0; 10-19 bp: 1; 20-29 bp: 2; 30-34 bp: 3

Bases preceding removed adapters:
  A: 31.3%
  C: 18.5%
  G: 18.5%
  T: 31.6%
  none/other: 0.0%

Overview of removed sequences
length	count	expect	max.err	error counts
3	277541	342574.0	0	277541
4	114762	85643.5	0	114762
5	20080	21410.9	0	20080
6	5092	5352.7	0	5092
7	969	1338.2	0	969
8	275	334.5	0	275
9	1142	83.6	0	86 1056
10	1774	20.9	1	46 1728
11	515	5.2	1	6 509
12	118	1.3	1	2 116
13	19	0.3	1	0 19
14	8	0.1	1	0 8
15	2	0.0	1	0 2
17	2	0.0	1	0 2
56	1	0.0	3	1
99	1	0.0	3	0 0 1


=== First read: Adapter PrefixPE/2 ===

Sequence: GTGACTGGAGTTCAGACGTGTGCTCTTCCGATCT; Type: regular 3'; Length: 34; Trimmed: 377742 times

No. of allowed errors:
0-9 bp: 0; 10-19 bp: 1; 20-29 bp: 2; 30-34 bp: 3

Bases preceding removed adapters:
  A: 28.9%
  C: 10.9%
  G: 23.3%
  T: 36.9%
  none/other: 0.0%

Overview of removed sequences
length	count	expect	max.err	error counts
3	284524	342574.0	0	284524
4	75422	85643.5	0	75422
5	11840	21410.9	0	11840
6	3609	5352.7	0	3609
7	810	1338.2	0	810
8	203	334.5	0	203
9	494	83.6	0	58 436
10	530	20.9	1	15 515
11	220	5.2	1	8 212
12	66	1.3	1	0 66
13	16	0.3	1	0 16
14	5	0.1	1	0 5
15	1	0.0	1	0 1
16	1	0.0	1	0 1
50	1	0.0	3	0 0 1


=== Second read: Adapter PrefixPE/1 ===

Sequence: TACACTCTTTCCCTACACGACGCTCTTCCGATCT; Type: regular 3'; Length: 34; Trimmed: 420177 times

No. of allowed errors:
0-9 bp: 0; 10-19 bp: 1; 20-29 bp: 2; 30-34 bp: 3

Bases preceding removed adapters:
  A: 31.4%
  C: 18.5%
  G: 18.5%
  T: 31.6%
  none/other: 0.0%

Overview of removed sequences
length	count	expect	max.err	error counts
3	275118	342574.0	0	275118
4	115143	85643.5	0	115143
5	20011	21410.9	0	20011
6	5060	5352.7	0	5060
7	918	1338.2	0	918
8	283	334.5	0	283
9	1161	83.6	0	104 1057
10	1796	20.9	1	28 1768
11	527	5.2	1	7 520
12	121	1.3	1	1 120
13	25	0.3	1	1 24
14	6	0.1	1	2 4
15	2	0.0	1	0 2
32	1	0.0	3	0 0 0 1
43	1	0.0	3	0 0 1
58	1	0.0	3	1
95	1	0.0	3	0 0 1
97	1	0.0	3	0 1
101	1	0.0	3	0 0 0 1


=== Second read: Adapter PrefixPE/2 ===

Sequence: GTGACTGGAGTTCAGACGTGTGCTCTTCCGATCT; Type: regular 3'; Length: 34; Trimmed: 373052 times

No. of allowed errors:
0-9 bp: 0; 10-19 bp: 1; 20-29 bp: 2; 30-34 bp: 3

Bases preceding removed adapters:
  A: 28.9%
  C: 10.8%
  G: 23.3%
  T: 36.9%
  none/other: 0.0%

Overview of removed sequences
length	count	expect	max.err	error counts
3	281476	342574.0	0	281476
4	74489	85643.5	0	74489
5	11358	21410.9	0	11358
6	3363	5352.7	0	3363
7	886	1338.2	0	886
8	183	334.5	0	183
9	512	83.6	0	52 460
10	532	20.9	1	11 521
11	182	5.2	1	4 178
12	50	1.3	1	0 50
13	19	0.3	1	0 19
14	1	0.1	1	0 1
15	1	0.0	1	0 1
