This is cutadapt 2.9 with Python 3.6.6
Command line parameters: --interleaved -a file:/nas02/apps/trimmomatic-0.36/Trimmomatic-0.36/adapters/TruSeq3-PE.fa -A file:/nas02/apps/trimmomatic-0.36/Trimmomatic-0.36/adapters/TruSeq3-PE.fa -m 30 /nas/longleaf/home/zpopkinh/Pvivax_resources/wgs_pe_improved_global/fastq/SRS1061011/SRR2316013_1.fastq.gz /nas/longleaf/home/zpopkinh/Pvivax_resources/wgs_pe_improved_global/fastq/SRS1061011/SRR2316013_2.fastq.gz
Processing reads on 1 core in paired-end mode ...
Finished in 829.99 s (87 us/read; 0.69 M reads/minute).

=== Summary ===

Total read pairs processed:          9,507,716
  Read 1 with adapter:                 345,779 (3.6%)
  Read 2 with adapter:                 350,912 (3.7%)
Pairs written (passing filters):     9,507,684 (100.0%)

Total basepairs processed: 1,901,543,200 bp
  Read 1:   950,771,600 bp
  Read 2:   950,771,600 bp
Total written (filtered):  1,899,182,496 bp (99.9%)
  Read 1:   949,600,357 bp
  Read 2:   949,582,139 bp

=== First read: Adapter PrefixPE/1 ===

Sequence: TACACTCTTTCCCTACACGACGCTCTTCCGATCT; Type: regular 3'; Length: 34; Trimmed: 186546 times

No. of allowed errors:
0-9 bp: 0; 10-19 bp: 1; 20-29 bp: 2; 30-34 bp: 3

Bases preceding removed adapters:
  A: 29.9%
  C: 18.0%
  G: 21.9%
  T: 30.2%
  none/other: 0.0%

Overview of removed sequences
length	count	expect	max.err	error counts
3	124166	148558.1	0	124166
4	48657	37139.5	0	48657
5	9783	9284.9	0	9783
6	2096	2321.2	0	2096
7	409	580.3	0	409
8	96	145.1	0	96
9	539	36.3	0	36 503
10	569	9.1	1	11 558
11	190	2.3	1	1 189
12	27	0.6	1	3 24
13	8	0.1	1	0 8
14	3	0.0	1	0 3
76	2	0.0	3	0 1 1
94	1	0.0	3	0 0 0 1


=== First read: Adapter PrefixPE/2 ===

Sequence: GTGACTGGAGTTCAGACGTGTGCTCTTCCGATCT; Type: regular 3'; Length: 34; Trimmed: 159233 times

No. of allowed errors:
0-9 bp: 0; 10-19 bp: 1; 20-29 bp: 2; 30-34 bp: 3

Bases preceding removed adapters:
  A: 24.5%
  C: 17.6%
  G: 25.4%
  T: 32.4%
  none/other: 0.0%

Overview of removed sequences
length	count	expect	max.err	error counts
3	124067	148558.1	0	124067
4	29155	37139.5	0	29155
5	4324	9284.9	0	4324
6	1006	2321.2	0	1006
7	264	580.3	0	264
8	48	145.1	0	48
9	143	36.3	0	8 135
10	137	9.1	1	4 133
11	46	2.3	1	0 46
12	11	0.6	1	0 11
13	5	0.1	1	0 5
14	1	0.0	1	0 1
16	1	0.0	1	0 1
19	1	0.0	1	0 1
21	1	0.0	2	0 1
22	2	0.0	2	0 0 2
29	1	0.0	2	0 0 1
30	1	0.0	3	1
34	1	0.0	3	0 0 0 1
47	1	0.0	3	0 0 0 1
48	1	0.0	3	0 1
49	1	0.0	3	1
50	1	0.0	3	0 1
53	2	0.0	3	0 0 2
58	1	0.0	3	0 0 1
63	1	0.0	3	0 0 0 1
74	8	0.0	3	1 3 3 1
75	1	0.0	3	0 1
94	1	0.0	3	0 0 0 1


=== Second read: Adapter PrefixPE/1 ===

Sequence: TACACTCTTTCCCTACACGACGCTCTTCCGATCT; Type: regular 3'; Length: 34; Trimmed: 188969 times

No. of allowed errors:
0-9 bp: 0; 10-19 bp: 1; 20-29 bp: 2; 30-34 bp: 3

Bases preceding removed adapters:
  A: 30.0%
  C: 18.2%
  G: 21.9%
  T: 30.0%
  none/other: 0.0%

Overview of removed sequences
length	count	expect	max.err	error counts
3	125611	148558.1	0	125611
4	49448	37139.5	0	49448
5	9801	9284.9	0	9801
6	2149	2321.2	0	2149
7	430	580.3	0	430
8	111	145.1	0	111
9	562	36.3	0	46 516
10	602	9.1	1	11 591
11	188	2.3	1	0 188
12	34	0.6	1	0 34
13	8	0.1	1	0 8
20	1	0.0	2	0 0 1
31	2	0.0	3	0 0 2
76	10	0.0	3	9 1
79	2	0.0	3	2
83	5	0.0	3	5
95	1	0.0	3	1
97	1	0.0	3	0 0 0 1
98	2	0.0	3	2
100	1	0.0	3	0 0 0 1


=== Second read: Adapter PrefixPE/2 ===

Sequence: GTGACTGGAGTTCAGACGTGTGCTCTTCCGATCT; Type: regular 3'; Length: 34; Trimmed: 161943 times

No. of allowed errors:
0-9 bp: 0; 10-19 bp: 1; 20-29 bp: 2; 30-34 bp: 3

Bases preceding removed adapters:
  A: 24.9%
  C: 17.5%
  G: 25.3%
  T: 32.4%
  none/other: 0.0%

Overview of removed sequences
length	count	expect	max.err	error counts
3	125481	148558.1	0	125481
4	30225	37139.5	0	30225
5	4505	9284.9	0	4505
6	1057	2321.2	0	1057
7	254	580.3	0	254
8	41	145.1	0	41
9	159	36.3	0	18 141
10	147	9.1	1	4 143
11	47	2.3	1	0 47
12	16	0.6	1	0 16
13	8	0.1	1	0 8
69	1	0.0	3	0 0 0 1
82	1	0.0	3	0 0 0 1
99	1	0.0	3	0 0 1
