This is cutadapt 2.9 with Python 3.6.6
Command line parameters: --interleaved -a file:/nas02/apps/trimmomatic-0.36/Trimmomatic-0.36/adapters/TruSeq3-PE.fa -A file:/nas02/apps/trimmomatic-0.36/Trimmomatic-0.36/adapters/TruSeq3-PE.fa -m 30 /nas/longleaf/home/zpopkinh/Pvivax_resources/wgs_pe_improved_global/fastq/SRS693915/SRR1564605_1.fastq.gz /nas/longleaf/home/zpopkinh/Pvivax_resources/wgs_pe_improved_global/fastq/SRS693915/SRR1564605_2.fastq.gz
Processing reads on 1 core in paired-end mode ...
Finished in 1.33 s (49 us/read; 1.23 M reads/minute).

=== Summary ===

Total read pairs processed:             27,384
  Read 1 with adapter:                     898 (3.3%)
  Read 2 with adapter:                     913 (3.3%)
Pairs written (passing filters):        27,384 (100.0%)

Total basepairs processed:     5,531,568 bp
  Read 1:     2,765,784 bp
  Read 2:     2,765,784 bp
Total written (filtered):      5,525,348 bp (99.9%)
  Read 1:     2,762,669 bp
  Read 2:     2,762,679 bp

=== First read: Adapter PrefixPE/1 ===

Sequence: TACACTCTTTCCCTACACGACGCTCTTCCGATCT; Type: regular 3'; Length: 34; Trimmed: 462 times

No. of allowed errors:
0-9 bp: 0; 10-19 bp: 1; 20-29 bp: 2; 30-34 bp: 3

Bases preceding removed adapters:
  A: 29.0%
  C: 28.6%
  G: 14.9%
  T: 27.5%
  none/other: 0.0%

Overview of removed sequences
length	count	expect	max.err	error counts
3	281	427.9	0	281
4	135	107.0	0	135
5	32	26.7	0	32
6	10	6.7	0	10
7	2	1.7	0	2
11	2	0.0	1	0 2


=== First read: Adapter PrefixPE/2 ===

Sequence: GTGACTGGAGTTCAGACGTGTGCTCTTCCGATCT; Type: regular 3'; Length: 34; Trimmed: 436 times

No. of allowed errors:
0-9 bp: 0; 10-19 bp: 1; 20-29 bp: 2; 30-34 bp: 3

Bases preceding removed adapters:
  A: 27.3%
  C: 15.1%
  G: 31.2%
  T: 26.4%
  none/other: 0.0%

Overview of removed sequences
length	count	expect	max.err	error counts
3	318	427.9	0	318
4	91	107.0	0	91
5	18	26.7	0	18
6	4	6.7	0	4
7	1	1.7	0	1
9	3	0.1	0	0 3
10	1	0.0	1	0 1


=== Second read: Adapter PrefixPE/1 ===

Sequence: TACACTCTTTCCCTACACGACGCTCTTCCGATCT; Type: regular 3'; Length: 34; Trimmed: 423 times

No. of allowed errors:
0-9 bp: 0; 10-19 bp: 1; 20-29 bp: 2; 30-34 bp: 3

Bases preceding removed adapters:
  A: 27.7%
  C: 24.1%
  G: 19.1%
  T: 29.1%
  none/other: 0.0%

Overview of removed sequences
length	count	expect	max.err	error counts
3	273	427.9	0	273
4	129	107.0	0	129
5	16	26.7	0	16
6	2	6.7	0	2
7	1	1.7	0	1
11	1	0.0	1	0 1
12	1	0.0	1	0 1


=== Second read: Adapter PrefixPE/2 ===

Sequence: GTGACTGGAGTTCAGACGTGTGCTCTTCCGATCT; Type: regular 3'; Length: 34; Trimmed: 490 times

No. of allowed errors:
0-9 bp: 0; 10-19 bp: 1; 20-29 bp: 2; 30-34 bp: 3

Bases preceding removed adapters:
  A: 22.0%
  C: 30.8%
  G: 24.1%
  T: 23.1%
  none/other: 0.0%

Overview of removed sequences
length	count	expect	max.err	error counts
3	366	427.9	0	366
4	95	107.0	0	95
5	20	26.7	0	20
6	5	6.7	0	5
9	1	0.1	0	1
10	2	0.0	1	0 2
11	1	0.0	1	0 1
