This is cutadapt 2.9 with Python 3.6.6
Command line parameters: --interleaved -a file:/nas02/apps/trimmomatic-0.36/Trimmomatic-0.36/adapters/TruSeq3-PE.fa -A file:/nas02/apps/trimmomatic-0.36/Trimmomatic-0.36/adapters/TruSeq3-PE.fa -m 30 /nas/longleaf/home/zpopkinh/Pvivax_resources/wgs_pe_improved_global/fastq/ERS336352/ERR388742_1.fastq.gz /nas/longleaf/home/zpopkinh/Pvivax_resources/wgs_pe_improved_global/fastq/ERS336352/ERR388742_2.fastq.gz
Processing reads on 1 core in paired-end mode ...
Finished in 1454.08 s (84 us/read; 0.71 M reads/minute).

=== Summary ===

Total read pairs processed:         17,263,178
  Read 1 with adapter:                 642,702 (3.7%)
  Read 2 with adapter:                 632,223 (3.7%)
Pairs written (passing filters):    17,263,177 (100.0%)

Total basepairs processed: 3,452,635,600 bp
  Read 1: 1,726,317,800 bp
  Read 2: 1,726,317,800 bp
Total written (filtered):  3,448,349,080 bp (99.9%)
  Read 1: 1,724,156,919 bp
  Read 2: 1,724,192,161 bp

=== First read: Adapter PrefixPE/1 ===

Sequence: TACACTCTTTCCCTACACGACGCTCTTCCGATCT; Type: regular 3'; Length: 34; Trimmed: 312910 times

No. of allowed errors:
0-9 bp: 0; 10-19 bp: 1; 20-29 bp: 2; 30-34 bp: 3

Bases preceding removed adapters:
  A: 25.8%
  C: 21.6%
  G: 25.9%
  T: 26.7%
  none/other: 0.0%

Overview of removed sequences
length	count	expect	max.err	error counts
3	212198	269737.2	0	212198
4	76088	67434.3	0	76088
5	18123	16858.6	0	18123
6	3358	4214.6	0	3358
7	745	1053.7	0	745
8	177	263.4	0	177
9	880	65.9	0	63 817
10	929	16.5	1	34 895
11	332	4.1	1	6 326
12	52	1.0	1	0 52
13	17	0.3	1	0 17
14	9	0.1	1	0 9
15	1	0.0	1	0 1
100	1	0.0	3	0 0 0 1


=== First read: Adapter PrefixPE/2 ===

Sequence: GTGACTGGAGTTCAGACGTGTGCTCTTCCGATCT; Type: regular 3'; Length: 34; Trimmed: 329792 times

No. of allowed errors:
0-9 bp: 0; 10-19 bp: 1; 20-29 bp: 2; 30-34 bp: 3

Bases preceding removed adapters:
  A: 23.3%
  C: 19.0%
  G: 27.4%
  T: 30.3%
  none/other: 0.0%

Overview of removed sequences
length	count	expect	max.err	error counts
3	259017	269737.2	0	259017
4	57772	67434.3	0	57772
5	9442	16858.6	0	9442
6	2105	4214.6	0	2105
7	524	1053.7	0	524
8	96	263.4	0	96
9	374	65.9	0	14 360
10	311	16.5	1	6 305
11	116	4.1	1	2 114
12	29	1.0	1	0 29
13	6	0.3	1	0 6


=== Second read: Adapter PrefixPE/1 ===

Sequence: TACACTCTTTCCCTACACGACGCTCTTCCGATCT; Type: regular 3'; Length: 34; Trimmed: 309940 times

No. of allowed errors:
0-9 bp: 0; 10-19 bp: 1; 20-29 bp: 2; 30-34 bp: 3

Bases preceding removed adapters:
  A: 26.0%
  C: 21.9%
  G: 25.5%
  T: 26.5%
  none/other: 0.0%

Overview of removed sequences
length	count	expect	max.err	error counts
3	210698	269737.2	0	210698
4	74796	67434.3	0	74796
5	17896	16858.6	0	17896
6	3350	4214.6	0	3350
7	752	1053.7	0	752
8	202	263.4	0	202
9	904	65.9	0	62 842
10	920	16.5	1	22 898
11	327	4.1	1	2 325
12	62	1.0	1	2 60
13	25	0.3	1	1 24
14	6	0.1	1	0 6
15	2	0.0	1	0 2


=== Second read: Adapter PrefixPE/2 ===

Sequence: GTGACTGGAGTTCAGACGTGTGCTCTTCCGATCT; Type: regular 3'; Length: 34; Trimmed: 322283 times

No. of allowed errors:
0-9 bp: 0; 10-19 bp: 1; 20-29 bp: 2; 30-34 bp: 3

Bases preceding removed adapters:
  A: 23.3%
  C: 19.0%
  G: 27.3%
  T: 30.4%
  none/other: 0.0%

Overview of removed sequences
length	count	expect	max.err	error counts
3	253067	269737.2	0	253067
4	56701	67434.3	0	56701
5	9092	16858.6	0	9092
6	2017	4214.6	0	2017
7	510	1053.7	0	510
8	98	263.4	0	98
9	379	65.9	0	29 350
10	291	16.5	1	6 285
11	97	4.1	1	0 97
12	27	1.0	1	1 26
13	4	0.3	1	0 4
