This is cutadapt 2.9 with Python 3.6.6
Command line parameters: --interleaved -a file:/nas02/apps/trimmomatic-0.36/Trimmomatic-0.36/adapters/TruSeq3-PE.fa -A file:/nas02/apps/trimmomatic-0.36/Trimmomatic-0.36/adapters/TruSeq3-PE.fa -m 30 /nas/longleaf/home/zpopkinh/Pvivax_resources/wgs_pe_improved_global/fastq/SRS694258/SRR1568112_1.fastq.gz /nas/longleaf/home/zpopkinh/Pvivax_resources/wgs_pe_improved_global/fastq/SRS694258/SRR1568112_2.fastq.gz
Processing reads on 1 core in paired-end mode ...
Finished in 1489.48 s (86 us/read; 0.70 M reads/minute).

=== Summary ===

Total read pairs processed:         17,386,752
  Read 1 with adapter:                 649,137 (3.7%)
  Read 2 with adapter:                 658,046 (3.8%)
Pairs written (passing filters):    17,386,750 (100.0%)

Total basepairs processed: 3,512,123,904 bp
  Read 1: 1,756,061,952 bp
  Read 2: 1,756,061,952 bp
Total written (filtered):  3,507,720,355 bp (99.9%)
  Read 1: 1,753,871,152 bp
  Read 2: 1,753,849,203 bp

=== First read: Adapter PrefixPE/1 ===

Sequence: TACACTCTTTCCCTACACGACGCTCTTCCGATCT; Type: regular 3'; Length: 34; Trimmed: 310102 times

No. of allowed errors:
0-9 bp: 0; 10-19 bp: 1; 20-29 bp: 2; 30-34 bp: 3

Bases preceding removed adapters:
  A: 24.9%
  C: 23.0%
  G: 26.7%
  T: 25.4%
  none/other: 0.0%

Overview of removed sequences
length	count	expect	max.err	error counts
3	209574	271668.0	0	209574
4	74036	67917.0	0	74036
5	19084	16979.2	0	19084
6	3574	4244.8	0	3574
7	961	1061.2	0	961
8	209	265.3	0	209
9	924	66.3	0	92 832
10	1209	16.6	1	37 1172
11	406	4.1	1	4 402
12	94	1.0	1	1 93
13	19	0.3	1	0 19
14	12	0.1	1	0 12


=== First read: Adapter PrefixPE/2 ===

Sequence: GTGACTGGAGTTCAGACGTGTGCTCTTCCGATCT; Type: regular 3'; Length: 34; Trimmed: 339035 times

No. of allowed errors:
0-9 bp: 0; 10-19 bp: 1; 20-29 bp: 2; 30-34 bp: 3

Bases preceding removed adapters:
  A: 23.3%
  C: 19.1%
  G: 27.1%
  T: 30.5%
  none/other: 0.0%

Overview of removed sequences
length	count	expect	max.err	error counts
3	264306	271668.0	0	264306
4	60518	67917.0	0	60518
5	10295	16979.2	0	10295
6	2379	4244.8	0	2379
7	553	1061.2	0	553
8	96	265.3	0	96
9	406	66.3	0	25 381
10	335	16.6	1	9 326
11	103	4.1	1	0 103
12	35	1.0	1	0 35
13	7	0.3	1	0 7
14	2	0.1	1	0 2


=== Second read: Adapter PrefixPE/1 ===

Sequence: TACACTCTTTCCCTACACGACGCTCTTCCGATCT; Type: regular 3'; Length: 34; Trimmed: 304259 times

No. of allowed errors:
0-9 bp: 0; 10-19 bp: 1; 20-29 bp: 2; 30-34 bp: 3

Bases preceding removed adapters:
  A: 24.7%
  C: 23.0%
  G: 26.7%
  T: 25.6%
  none/other: 0.0%

Overview of removed sequences
length	count	expect	max.err	error counts
3	205530	271668.0	0	205530
4	72762	67917.0	0	72762
5	18473	16979.2	0	18473
6	3675	4244.8	0	3675
7	929	1061.2	0	929
8	234	265.3	0	234
9	925	66.3	0	98 827
10	1192	16.6	1	39 1153
11	417	4.1	1	2 415
12	91	1.0	1	0 91
13	21	0.3	1	0 21
14	6	0.1	1	0 6
15	3	0.0	1	0 3
73	1	0.0	3	0 0 1


=== Second read: Adapter PrefixPE/2 ===

Sequence: GTGACTGGAGTTCAGACGTGTGCTCTTCCGATCT; Type: regular 3'; Length: 34; Trimmed: 353787 times

No. of allowed errors:
0-9 bp: 0; 10-19 bp: 1; 20-29 bp: 2; 30-34 bp: 3

Bases preceding removed adapters:
  A: 22.7%
  C: 22.7%
  G: 25.4%
  T: 29.1%
  none/other: 0.0%

Overview of removed sequences
length	count	expect	max.err	error counts
3	281148	271668.0	0	281148
4	58596	67917.0	0	58596
5	10220	16979.2	0	10220
6	2318	4244.8	0	2318
7	580	1061.2	0	580
8	75	265.3	0	75
9	379	66.3	0	28 351
10	323	16.6	1	9 314
11	116	4.1	1	0 116
12	24	1.0	1	0 24
13	6	0.3	1	0 6
14	1	0.1	1	0 1
85	1	0.0	3	0 0 1
