This is cutadapt 2.9 with Python 3.6.6
Command line parameters: --interleaved -a file:/nas02/apps/trimmomatic-0.36/Trimmomatic-0.36/adapters/TruSeq3-PE.fa -A file:/nas02/apps/trimmomatic-0.36/Trimmomatic-0.36/adapters/TruSeq3-PE.fa -m 30 /nas/longleaf/home/zpopkinh/Pvivax_resources/wgs_pe_improved_global/fastq/ERS164634/ERR484727_1.fastq.gz /nas/longleaf/home/zpopkinh/Pvivax_resources/wgs_pe_improved_global/fastq/ERS164634/ERR484727_2.fastq.gz
Processing reads on 1 core in paired-end mode ...
Finished in 7.85 s (44 us/read; 1.37 M reads/minute).

=== Summary ===

Total read pairs processed:            179,084
  Read 1 with adapter:                   6,986 (3.9%)
  Read 2 with adapter:                   6,835 (3.8%)
Pairs written (passing filters):       179,084 (100.0%)

Total basepairs processed:    35,816,800 bp
  Read 1:    17,908,400 bp
  Read 2:    17,908,400 bp
Total written (filtered):     35,769,181 bp (99.9%)
  Read 1:    17,884,235 bp
  Read 2:    17,884,946 bp

=== First read: Adapter PrefixPE/1 ===

Sequence: TACACTCTTTCCCTACACGACGCTCTTCCGATCT; Type: regular 3'; Length: 34; Trimmed: 3922 times

No. of allowed errors:
0-9 bp: 0; 10-19 bp: 1; 20-29 bp: 2; 30-34 bp: 3

Bases preceding removed adapters:
  A: 29.5%
  C: 16.1%
  G: 30.7%
  T: 23.6%
  none/other: 0.0%

Overview of removed sequences
length	count	expect	max.err	error counts
3	2442	2798.2	0	2442
4	1138	699.5	0	1138
5	192	174.9	0	192
6	55	43.7	0	55
7	19	10.9	0	19
8	3	2.7	0	3
9	13	0.7	0	3 10
10	50	0.2	1	1 49
11	9	0.0	1	0 9
13	1	0.0	1	0 1


=== First read: Adapter PrefixPE/2 ===

Sequence: GTGACTGGAGTTCAGACGTGTGCTCTTCCGATCT; Type: regular 3'; Length: 34; Trimmed: 3064 times

No. of allowed errors:
0-9 bp: 0; 10-19 bp: 1; 20-29 bp: 2; 30-34 bp: 3

Bases preceding removed adapters:
  A: 30.0%
  C: 13.0%
  G: 19.9%
  T: 37.0%
  none/other: 0.0%

Overview of removed sequences
length	count	expect	max.err	error counts
3	2394	2798.2	0	2394
4	539	699.5	0	539
5	91	174.9	0	91
6	16	43.7	0	16
7	3	10.9	0	3
8	2	2.7	0	2
9	8	0.7	0	1 7
10	9	0.2	1	0 9
11	1	0.0	1	0 1
12	1	0.0	1	0 1


=== Second read: Adapter PrefixPE/1 ===

Sequence: TACACTCTTTCCCTACACGACGCTCTTCCGATCT; Type: regular 3'; Length: 34; Trimmed: 3914 times

No. of allowed errors:
0-9 bp: 0; 10-19 bp: 1; 20-29 bp: 2; 30-34 bp: 3

Bases preceding removed adapters:
  A: 27.7%
  C: 15.3%
  G: 32.1%
  T: 24.9%
  none/other: 0.0%

Overview of removed sequences
length	count	expect	max.err	error counts
3	2473	2798.2	0	2473
4	1115	699.5	0	1115
5	191	174.9	0	191
6	63	43.7	0	63
7	14	10.9	0	14
8	6	2.7	0	6
9	9	0.7	0	1 8
10	37	0.2	1	0 37
11	5	0.0	1	0 5
14	1	0.0	1	0 1


=== Second read: Adapter PrefixPE/2 ===

Sequence: GTGACTGGAGTTCAGACGTGTGCTCTTCCGATCT; Type: regular 3'; Length: 34; Trimmed: 2921 times

No. of allowed errors:
0-9 bp: 0; 10-19 bp: 1; 20-29 bp: 2; 30-34 bp: 3

Bases preceding removed adapters:
  A: 28.6%
  C: 11.4%
  G: 21.5%
  T: 38.4%
  none/other: 0.0%

Overview of removed sequences
length	count	expect	max.err	error counts
3	2280	2798.2	0	2280
4	548	699.5	0	548
5	62	174.9	0	62
6	18	43.7	0	18
7	1	10.9	0	1
8	1	2.7	0	1
9	3	0.7	0	0 3
10	5	0.2	1	0 5
11	2	0.0	1	0 2
12	1	0.0	1	0 1
