This is cutadapt 2.9 with Python 3.6.6
Command line parameters: --interleaved -a file:/nas02/apps/trimmomatic-0.36/Trimmomatic-0.36/adapters/TruSeq3-PE.fa -A file:/nas02/apps/trimmomatic-0.36/Trimmomatic-0.36/adapters/TruSeq3-PE.fa -m 30 /nas/longleaf/home/zpopkinh/Pvivax_resources/wgs_pe_improved_global/fastq/SRS417747/SRR828416_1.fastq.gz /nas/longleaf/home/zpopkinh/Pvivax_resources/wgs_pe_improved_global/fastq/SRS417747/SRR828416_2.fastq.gz
Processing reads on 1 core in paired-end mode ...
Finished in 6493.60 s (99 us/read; 0.61 M reads/minute).

=== Summary ===

Total read pairs processed:         65,736,996
  Read 1 with adapter:               2,287,451 (3.5%)
  Read 2 with adapter:               2,377,481 (3.6%)
Pairs written (passing filters):    65,736,956 (100.0%)

Total basepairs processed: 13,147,399,200 bp
  Read 1: 6,573,699,600 bp
  Read 2: 6,573,699,600 bp
Total written (filtered):  13,131,669,359 bp (99.9%)
  Read 1: 6,565,960,739 bp
  Read 2: 6,565,708,620 bp

=== First read: Adapter PrefixPE/1 ===

Sequence: TACACTCTTTCCCTACACGACGCTCTTCCGATCT; Type: regular 3'; Length: 34; Trimmed: 1144307 times

No. of allowed errors:
0-9 bp: 0; 10-19 bp: 1; 20-29 bp: 2; 30-34 bp: 3

Bases preceding removed adapters:
  A: 28.3%
  C: 21.3%
  G: 21.9%
  T: 28.5%
  none/other: 0.0%

Overview of removed sequences
length	count	expect	max.err	error counts
3	768230	1027140.6	0	768230
4	288434	256785.1	0	288434
5	61620	64196.3	0	61620
6	13335	16049.1	0	13335
7	2924	4012.3	0	2924
8	690	1003.1	0	690
9	3291	250.8	0	234 3057
10	4132	62.7	1	90 4042
11	1282	15.7	1	13 1269
12	258	3.9	1	10 248
13	77	1.0	1	1 76
14	17	0.2	1	0 17
16	3	0.0	1	0 3
18	2	0.0	1	0 2
43	1	0.0	3	0 0 1
100	11	0.0	3	0 0 1 10


=== First read: Adapter PrefixPE/2 ===

Sequence: GTGACTGGAGTTCAGACGTGTGCTCTTCCGATCT; Type: regular 3'; Length: 34; Trimmed: 1143144 times

No. of allowed errors:
0-9 bp: 0; 10-19 bp: 1; 20-29 bp: 2; 30-34 bp: 3

Bases preceding removed adapters:
  A: 26.0%
  C: 15.4%
  G: 26.0%
  T: 32.7%
  none/other: 0.0%

Overview of removed sequences
length	count	expect	max.err	error counts
3	881656	1027140.6	0	881656
4	211693	256785.1	0	211693
5	34524	64196.3	0	34524
6	9044	16049.1	0	9044
7	2181	4012.3	0	2181
8	454	1003.1	0	454
9	1454	250.8	0	104 1350
10	1452	62.7	1	46 1406
11	554	15.7	1	8 546
12	107	3.9	1	0 107
13	22	1.0	1	0 22
14	1	0.2	1	0 1
15	2	0.1	1	0 2


=== Second read: Adapter PrefixPE/1 ===

Sequence: TACACTCTTTCCCTACACGACGCTCTTCCGATCT; Type: regular 3'; Length: 34; Trimmed: 1121034 times

No. of allowed errors:
0-9 bp: 0; 10-19 bp: 1; 20-29 bp: 2; 30-34 bp: 3

Bases preceding removed adapters:
  A: 27.9%
  C: 21.1%
  G: 21.9%
  T: 29.1%
  none/other: 0.0%

Overview of removed sequences
length	count	expect	max.err	error counts
3	753408	1027140.6	0	753408
4	282445	256785.1	0	282445
5	59342	64196.3	0	59342
6	13333	16049.1	0	13333
7	2801	4012.3	0	2801
8	731	1003.1	0	731
9	3158	250.8	0	251 2907
10	4202	62.7	1	105 4097
11	1236	15.7	1	18 1218
12	267	3.9	1	10 257
13	60	1.0	1	2 58
14	14	0.2	1	0 14
16	1	0.0	1	0 1
18	7	0.0	1	0 7
80	2	0.0	3	0 0 2
100	27	0.0	3	0 24 2 1


=== Second read: Adapter PrefixPE/2 ===

Sequence: GTGACTGGAGTTCAGACGTGTGCTCTTCCGATCT; Type: regular 3'; Length: 34; Trimmed: 1256447 times

No. of allowed errors:
0-9 bp: 0; 10-19 bp: 1; 20-29 bp: 2; 30-34 bp: 3

Bases preceding removed adapters:
  A: 26.3%
  C: 18.6%
  G: 25.8%
  T: 29.4%
  none/other: 0.0%

Overview of removed sequences
length	count	expect	max.err	error counts
3	999083	1027140.6	0	999083
4	208705	256785.1	0	208705
5	33793	64196.3	0	33793
6	8855	16049.1	0	8855
7	2113	4012.3	0	2113
8	442	1003.1	0	442
9	1422	250.8	0	100 1322
10	1414	62.7	1	49 1365
11	461	15.7	1	6 455
12	111	3.9	1	4 107
13	48	1.0	1	0 48
