This is cutadapt 2.9 with Python 3.6.6
Command line parameters: --interleaved -a file:/nas02/apps/trimmomatic-0.36/Trimmomatic-0.36/adapters/TruSeq3-PE.fa -A file:/nas02/apps/trimmomatic-0.36/Trimmomatic-0.36/adapters/TruSeq3-PE.fa -m 30 /nas/longleaf/home/zpopkinh/Pvivax_resources/wgs_pe_improved_global/fastq/ERS564521/ERR775189_1.fastq.gz /nas/longleaf/home/zpopkinh/Pvivax_resources/wgs_pe_improved_global/fastq/ERS564521/ERR775189_2.fastq.gz
Processing reads on 1 core in paired-end mode ...
Finished in 606.60 s (103 us/read; 0.58 M reads/minute).

=== Summary ===

Total read pairs processed:          5,907,619
  Read 1 with adapter:                 215,394 (3.6%)
  Read 2 with adapter:                 212,891 (3.6%)
Pairs written (passing filters):     5,907,619 (100.0%)

Total basepairs processed: 1,181,523,800 bp
  Read 1:   590,761,900 bp
  Read 2:   590,761,900 bp
Total written (filtered):  1,180,061,412 bp (99.9%)
  Read 1:   590,025,889 bp
  Read 2:   590,035,523 bp

=== First read: Adapter PrefixPE/1 ===

Sequence: TACACTCTTTCCCTACACGACGCTCTTCCGATCT; Type: regular 3'; Length: 34; Trimmed: 110149 times

No. of allowed errors:
0-9 bp: 0; 10-19 bp: 1; 20-29 bp: 2; 30-34 bp: 3

Bases preceding removed adapters:
  A: 28.0%
  C: 18.9%
  G: 25.8%
  T: 27.3%
  none/other: 0.0%

Overview of removed sequences
length	count	expect	max.err	error counts
3	71357	92306.5	0	71357
4	29245	23076.6	0	29245
5	6151	5769.2	0	6151
6	1318	1442.3	0	1318
7	430	360.6	0	430
8	73	90.1	0	73
9	309	22.5	0	38 271
10	1006	5.6	1	19 987
11	205	1.4	1	0 205
12	42	0.4	1	0 42
13	11	0.1	1	0 11
14	2	0.0	1	0 2


=== First read: Adapter PrefixPE/2 ===

Sequence: GTGACTGGAGTTCAGACGTGTGCTCTTCCGATCT; Type: regular 3'; Length: 34; Trimmed: 105245 times

No. of allowed errors:
0-9 bp: 0; 10-19 bp: 1; 20-29 bp: 2; 30-34 bp: 3

Bases preceding removed adapters:
  A: 26.6%
  C: 14.9%
  G: 23.2%
  T: 35.2%
  none/other: 0.0%

Overview of removed sequences
length	count	expect	max.err	error counts
3	81714	92306.5	0	81714
4	19243	23076.6	0	19243
5	2826	5769.2	0	2826
6	810	1442.3	0	810
7	158	360.6	0	158
8	22	90.1	0	22
9	232	22.5	0	9 223
10	193	5.6	1	4 189
11	38	1.4	1	0 38
12	7	0.4	1	0 7
13	2	0.1	1	0 2


=== Second read: Adapter PrefixPE/1 ===

Sequence: TACACTCTTTCCCTACACGACGCTCTTCCGATCT; Type: regular 3'; Length: 34; Trimmed: 109010 times

No. of allowed errors:
0-9 bp: 0; 10-19 bp: 1; 20-29 bp: 2; 30-34 bp: 3

Bases preceding removed adapters:
  A: 27.8%
  C: 18.9%
  G: 25.4%
  T: 27.8%
  none/other: 0.0%

Overview of removed sequences
length	count	expect	max.err	error counts
3	70963	92306.5	0	70963
4	28716	23076.6	0	28716
5	5920	5769.2	0	5920
6	1365	1442.3	0	1365
7	475	360.6	0	475
8	84	90.1	0	84
9	272	22.5	0	37 235
10	971	5.6	1	13 958
11	192	1.4	1	2 190
12	29	0.4	1	0 29
13	22	0.1	1	0 22
14	1	0.0	1	0 1


=== Second read: Adapter PrefixPE/2 ===

Sequence: GTGACTGGAGTTCAGACGTGTGCTCTTCCGATCT; Type: regular 3'; Length: 34; Trimmed: 103881 times

No. of allowed errors:
0-9 bp: 0; 10-19 bp: 1; 20-29 bp: 2; 30-34 bp: 3

Bases preceding removed adapters:
  A: 26.2%
  C: 15.5%
  G: 23.1%
  T: 35.1%
  none/other: 0.0%

Overview of removed sequences
length	count	expect	max.err	error counts
3	80920	92306.5	0	80920
4	18829	23076.6	0	18829
5	2783	5769.2	0	2783
6	740	1442.3	0	740
7	140	360.6	0	140
8	20	90.1	0	20
9	207	22.5	0	3 204
10	191	5.6	1	3 188
11	37	1.4	1	0 37
12	14	0.4	1	0 14
