This is cutadapt 2.9 with Python 3.6.6
Command line parameters: --interleaved -a file:/nas02/apps/trimmomatic-0.36/Trimmomatic-0.36/adapters/TruSeq3-PE.fa -A file:/nas02/apps/trimmomatic-0.36/Trimmomatic-0.36/adapters/TruSeq3-PE.fa -m 30 /nas/longleaf/home/zpopkinh/Pvivax_resources/wgs_pe_improved_global/fastq/ERS980423/ERR1475350_1.fastq.gz /nas/longleaf/home/zpopkinh/Pvivax_resources/wgs_pe_improved_global/fastq/ERS980423/ERR1475350_2.fastq.gz
Processing reads on 1 core in paired-end mode ...
Finished in 333.43 s (89 us/read; 0.67 M reads/minute).

=== Summary ===

Total read pairs processed:          3,729,073
  Read 1 with adapter:                 137,080 (3.7%)
  Read 2 with adapter:                 135,294 (3.6%)
Pairs written (passing filters):     3,729,072 (100.0%)

Total basepairs processed:   745,814,600 bp
  Read 1:   372,907,300 bp
  Read 2:   372,907,300 bp
Total written (filtered):    744,886,093 bp (99.9%)
  Read 1:   372,440,134 bp
  Read 2:   372,445,959 bp

=== First read: Adapter PrefixPE/1 ===

Sequence: TACACTCTTTCCCTACACGACGCTCTTCCGATCT; Type: regular 3'; Length: 34; Trimmed: 73748 times

No. of allowed errors:
0-9 bp: 0; 10-19 bp: 1; 20-29 bp: 2; 30-34 bp: 3

Bases preceding removed adapters:
  A: 28.2%
  C: 17.8%
  G: 26.4%
  T: 27.6%
  none/other: 0.0%

Overview of removed sequences
length	count	expect	max.err	error counts
3	47943	58266.8	0	47943
4	19889	14566.7	0	19889
5	3852	3641.7	0	3852
6	951	910.4	0	951
7	255	227.6	0	255
8	51	56.9	0	51
9	169	14.2	0	15 154
10	531	3.6	1	7 524
11	82	0.9	1	1 81
12	13	0.2	1	0 13
13	7	0.1	1	0 7
14	3	0.0	1	0 3
15	1	0.0	1	0 1
100	1	0.0	3	0 0 0 1


=== First read: Adapter PrefixPE/2 ===

Sequence: GTGACTGGAGTTCAGACGTGTGCTCTTCCGATCT; Type: regular 3'; Length: 34; Trimmed: 63332 times

No. of allowed errors:
0-9 bp: 0; 10-19 bp: 1; 20-29 bp: 2; 30-34 bp: 3

Bases preceding removed adapters:
  A: 26.5%
  C: 15.4%
  G: 23.2%
  T: 35.0%
  none/other: 0.0%

Overview of removed sequences
length	count	expect	max.err	error counts
3	48969	58266.8	0	48969
4	11856	14566.7	0	11856
5	1737	3641.7	0	1737
6	490	910.4	0	490
7	61	227.6	0	61
8	11	56.9	0	11
9	103	14.2	0	2 101
10	73	3.6	1	0 73
11	27	0.9	1	0 27
12	5	0.2	1	0 5


=== Second read: Adapter PrefixPE/1 ===

Sequence: TACACTCTTTCCCTACACGACGCTCTTCCGATCT; Type: regular 3'; Length: 34; Trimmed: 72880 times

No. of allowed errors:
0-9 bp: 0; 10-19 bp: 1; 20-29 bp: 2; 30-34 bp: 3

Bases preceding removed adapters:
  A: 28.3%
  C: 17.7%
  G: 26.4%
  T: 27.6%
  none/other: 0.0%

Overview of removed sequences
length	count	expect	max.err	error counts
3	47409	58266.8	0	47409
4	19514	14566.7	0	19514
5	3857	3641.7	0	3857
6	925	910.4	0	925
7	262	227.6	0	262
8	51	56.9	0	51
9	188	14.2	0	22 166
10	534	3.6	1	14 520
11	108	0.9	1	0 108
12	21	0.2	1	0 21
13	10	0.1	1	0 10
14	1	0.0	1	0 1


=== Second read: Adapter PrefixPE/2 ===

Sequence: GTGACTGGAGTTCAGACGTGTGCTCTTCCGATCT; Type: regular 3'; Length: 34; Trimmed: 62414 times

No. of allowed errors:
0-9 bp: 0; 10-19 bp: 1; 20-29 bp: 2; 30-34 bp: 3

Bases preceding removed adapters:
  A: 26.4%
  C: 15.6%
  G: 22.9%
  T: 35.1%
  none/other: 0.0%

Overview of removed sequences
length	count	expect	max.err	error counts
3	48526	58266.8	0	48526
4	11389	14566.7	0	11389
5	1730	3641.7	0	1730
6	467	910.4	0	467
7	93	227.6	0	93
8	11	56.9	0	11
9	84	14.2	0	2 82
10	80	3.6	1	1 79
11	25	0.9	1	0 25
12	8	0.2	1	0 8
13	1	0.1	1	0 1
