This is cutadapt 2.9 with Python 3.6.6
Command line parameters: --interleaved -a file:/nas02/apps/trimmomatic-0.36/Trimmomatic-0.36/adapters/TruSeq3-PE.fa -A file:/nas02/apps/trimmomatic-0.36/Trimmomatic-0.36/adapters/TruSeq3-PE.fa -m 30 /nas/longleaf/home/zpopkinh/Pvivax_resources/new_seqs_2021/fastq/MDP4824/MDP4824_1.fastq.gz /nas/longleaf/home/zpopkinh/Pvivax_resources/new_seqs_2021/fastq/MDP4824/MDP4824_2.fastq.gz
Processing reads on 1 core in paired-end mode ...
Finished in 709.81 s (154 us/read; 0.39 M reads/minute).

=== Summary ===

Total read pairs processed:          4,612,023
  Read 1 with adapter:                 135,224 (2.9%)
  Read 2 with adapter:                 181,792 (3.9%)
Pairs written (passing filters):     4,612,022 (100.0%)

Total basepairs processed: 1,383,606,900 bp
  Read 1:   691,803,450 bp
  Read 2:   691,803,450 bp
Total written (filtered):  1,382,559,309 bp (99.9%)
  Read 1:   691,348,935 bp
  Read 2:   691,210,374 bp

=== First read: Adapter PrefixPE/1 ===

Sequence: TACACTCTTTCCCTACACGACGCTCTTCCGATCT; Type: regular 3'; Length: 34; Trimmed: 63112 times

No. of allowed errors:
0-9 bp: 0; 10-19 bp: 1; 20-29 bp: 2; 30-34 bp: 3

Bases preceding removed adapters:
  A: 23.8%
  C: 23.2%
  G: 25.9%
  T: 27.1%
  none/other: 0.0%

Overview of removed sequences
length	count	expect	max.err	error counts
3	43280	72062.9	0	43280
4	14723	18015.7	0	14723
5	3657	4503.9	0	3657
6	725	1126.0	0	725
7	160	281.5	0	160
8	40	70.4	0	40
9	208	17.6	0	13 195
10	220	4.4	1	3 217
11	81	1.1	1	1 80
12	8	0.3	1	0 8
13	6	0.1	1	0 6
14	1	0.0	1	0 1
114	3	0.0	3	2 0 0 1


=== First read: Adapter PrefixPE/2 ===

Sequence: GTGACTGGAGTTCAGACGTGTGCTCTTCCGATCT; Type: regular 3'; Length: 34; Trimmed: 72112 times

No. of allowed errors:
0-9 bp: 0; 10-19 bp: 1; 20-29 bp: 2; 30-34 bp: 3

Bases preceding removed adapters:
  A: 22.9%
  C: 19.4%
  G: 28.6%
  T: 29.0%
  none/other: 0.0%

Overview of removed sequences
length	count	expect	max.err	error counts
3	56899	72062.9	0	56899
4	12328	18015.7	0	12328
5	2096	4503.9	0	2096
6	470	1126.0	0	470
7	111	281.5	0	111
8	34	70.4	0	34
9	81	17.6	0	1 80
10	53	4.4	1	2 51
11	32	1.1	1	0 32
12	8	0.3	1	0 8


=== Second read: Adapter PrefixPE/1 ===

Sequence: TACACTCTTTCCCTACACGACGCTCTTCCGATCT; Type: regular 3'; Length: 34; Trimmed: 60749 times

No. of allowed errors:
0-9 bp: 0; 10-19 bp: 1; 20-29 bp: 2; 30-34 bp: 3

Bases preceding removed adapters:
  A: 24.7%
  C: 24.2%
  G: 25.3%
  T: 25.8%
  none/other: 0.0%

Overview of removed sequences
length	count	expect	max.err	error counts
3	41363	72062.9	0	41363
4	14453	18015.7	0	14453
5	3510	4503.9	0	3510
6	708	1126.0	0	708
7	162	281.5	0	162
8	30	70.4	0	30
9	218	17.6	0	24 194
10	217	4.4	1	9 208
11	66	1.1	1	0 66
12	12	0.3	1	0 12
13	8	0.1	1	1 7
14	1	0.0	1	0 1
15	1	0.0	1	0 1


=== Second read: Adapter PrefixPE/2 ===

Sequence: GTGACTGGAGTTCAGACGTGTGCTCTTCCGATCT; Type: regular 3'; Length: 34; Trimmed: 121043 times

No. of allowed errors:
0-9 bp: 0; 10-19 bp: 1; 20-29 bp: 2; 30-34 bp: 3

Bases preceding removed adapters:
  A: 33.4%
  C: 23.7%
  G: 25.4%
  T: 17.5%
  none/other: 0.0%

Overview of removed sequences
length	count	expect	max.err	error counts
3	106195	72062.9	0	106195
4	11955	18015.7	0	11955
5	2112	4503.9	0	2112
6	427	1126.0	0	427
7	117	281.5	0	117
8	24	70.4	0	24
9	94	17.6	0	8 86
10	83	4.4	1	1 82
11	25	1.1	1	0 25
12	6	0.3	1	0 6
13	3	0.1	1	0 3
118	1	0.0	3	0 0 1
142	1	0.0	3	1
