This is cutadapt 2.9 with Python 3.6.6
Command line parameters: --interleaved -a file:/nas02/apps/trimmomatic-0.36/Trimmomatic-0.36/adapters/TruSeq3-PE.fa -A file:/nas02/apps/trimmomatic-0.36/Trimmomatic-0.36/adapters/TruSeq3-PE.fa -m 30 /nas/longleaf/home/zpopkinh/Pvivax_resources/wgs_pe_improved_global/fastq/ERS403555/ERR527371_1.fastq.gz /nas/longleaf/home/zpopkinh/Pvivax_resources/wgs_pe_improved_global/fastq/ERS403555/ERR527371_2.fastq.gz
Processing reads on 1 core in paired-end mode ...
Finished in 1376.19 s (86 us/read; 0.70 M reads/minute).

=== Summary ===

Total read pairs processed:         15,969,189
  Read 1 with adapter:                 584,826 (3.7%)
  Read 2 with adapter:                 576,439 (3.6%)
Pairs written (passing filters):    15,969,188 (100.0%)

Total basepairs processed: 3,193,837,800 bp
  Read 1: 1,596,918,900 bp
  Read 2: 1,596,918,900 bp
Total written (filtered):  3,189,911,357 bp (99.9%)
  Read 1: 1,594,941,251 bp
  Read 2: 1,594,970,106 bp

=== First read: Adapter PrefixPE/1 ===

Sequence: TACACTCTTTCCCTACACGACGCTCTTCCGATCT; Type: regular 3'; Length: 34; Trimmed: 320430 times

No. of allowed errors:
0-9 bp: 0; 10-19 bp: 1; 20-29 bp: 2; 30-34 bp: 3

Bases preceding removed adapters:
  A: 29.8%
  C: 17.8%
  G: 22.0%
  T: 30.4%
  none/other: 0.0%

Overview of removed sequences
length	count	expect	max.err	error counts
3	212669	249518.6	0	212669
4	83931	62379.6	0	83931
5	16766	15594.9	0	16766
6	3812	3898.7	0	3812
7	710	974.7	0	710
8	177	243.7	0	177
9	976	60.9	0	49 927
10	971	15.2	1	20 951
11	307	3.8	1	5 302
12	70	1.0	1	0 70
13	25	0.2	1	0 25
14	12	0.1	1	0 12
15	3	0.0	1	0 3
100	1	0.0	3	0 0 0 1


=== First read: Adapter PrefixPE/2 ===

Sequence: GTGACTGGAGTTCAGACGTGTGCTCTTCCGATCT; Type: regular 3'; Length: 34; Trimmed: 264396 times

No. of allowed errors:
0-9 bp: 0; 10-19 bp: 1; 20-29 bp: 2; 30-34 bp: 3

Bases preceding removed adapters:
  A: 24.1%
  C: 18.1%
  G: 25.2%
  T: 32.6%
  none/other: 0.0%

Overview of removed sequences
length	count	expect	max.err	error counts
3	205493	249518.6	0	205493
4	48810	62379.6	0	48810
5	7381	15594.9	0	7381
6	1713	3898.7	0	1713
7	393	974.7	0	393
8	51	243.7	0	51
9	230	60.9	0	14 216
10	242	15.2	1	2 240
11	67	3.8	1	1 66
12	15	1.0	1	0 15
13	1	0.2	1	0 1


=== Second read: Adapter PrefixPE/1 ===

Sequence: TACACTCTTTCCCTACACGACGCTCTTCCGATCT; Type: regular 3'; Length: 34; Trimmed: 316578 times

No. of allowed errors:
0-9 bp: 0; 10-19 bp: 1; 20-29 bp: 2; 30-34 bp: 3

Bases preceding removed adapters:
  A: 30.0%
  C: 17.8%
  G: 21.9%
  T: 30.4%
  none/other: 0.0%

Overview of removed sequences
length	count	expect	max.err	error counts
3	209995	249518.6	0	209995
4	83089	62379.6	0	83089
5	16711	15594.9	0	16711
6	3630	3898.7	0	3630
7	654	974.7	0	654
8	178	243.7	0	178
9	971	60.9	0	48 923
10	943	15.2	1	21 922
11	320	3.8	1	2 318
12	72	1.0	1	1 71
13	12	0.2	1	1 11
14	3	0.1	1	0 3


=== Second read: Adapter PrefixPE/2 ===

Sequence: GTGACTGGAGTTCAGACGTGTGCTCTTCCGATCT; Type: regular 3'; Length: 34; Trimmed: 259861 times

No. of allowed errors:
0-9 bp: 0; 10-19 bp: 1; 20-29 bp: 2; 30-34 bp: 3

Bases preceding removed adapters:
  A: 24.0%
  C: 18.0%
  G: 25.2%
  T: 32.7%
  none/other: 0.0%

Overview of removed sequences
length	count	expect	max.err	error counts
3	202115	249518.6	0	202115
4	48059	62379.6	0	48059
5	7085	15594.9	0	7085
6	1613	3898.7	0	1613
7	365	974.7	0	365
8	48	243.7	0	48
9	255	60.9	0	14 241
10	215	15.2	1	4 211
11	78	3.8	1	1 77
12	20	1.0	1	0 20
13	8	0.2	1	0 8
