This is cutadapt 2.9 with Python 3.6.6
Command line parameters: --interleaved -a file:/nas02/apps/trimmomatic-0.36/Trimmomatic-0.36/adapters/TruSeq3-PE.fa -A file:/nas02/apps/trimmomatic-0.36/Trimmomatic-0.36/adapters/TruSeq3-PE.fa -m 30 /nas/longleaf/home/zpopkinh/Pvivax_resources/wgs_pe_improved_global/fastq/SRS693575/SRR1562965_1.fastq.gz /nas/longleaf/home/zpopkinh/Pvivax_resources/wgs_pe_improved_global/fastq/SRS693575/SRR1562965_2.fastq.gz
Processing reads on 1 core in paired-end mode ...
Finished in 928.45 s (65 us/read; 0.92 M reads/minute).

=== Summary ===

Total read pairs processed:         14,307,233
  Read 1 with adapter:                 546,861 (3.8%)
  Read 2 with adapter:                 553,278 (3.9%)
Pairs written (passing filters):    14,307,233 (100.0%)

Total basepairs processed: 2,890,061,066 bp
  Read 1: 1,445,030,533 bp
  Read 2: 1,445,030,533 bp
Total written (filtered):  2,886,360,661 bp (99.9%)
  Read 1: 1,443,188,069 bp
  Read 2: 1,443,172,592 bp

=== First read: Adapter PrefixPE/1 ===

Sequence: TACACTCTTTCCCTACACGACGCTCTTCCGATCT; Type: regular 3'; Length: 34; Trimmed: 291867 times

No. of allowed errors:
0-9 bp: 0; 10-19 bp: 1; 20-29 bp: 2; 30-34 bp: 3

Bases preceding removed adapters:
  A: 27.5%
  C: 20.8%
  G: 22.0%
  T: 29.6%
  none/other: 0.0%

Overview of removed sequences
length	count	expect	max.err	error counts
3	197217	223550.5	0	197217
4	72549	55887.6	0	72549
5	16078	13971.9	0	16078
6	3185	3493.0	0	3185
7	686	873.2	0	686
8	153	218.3	0	153
9	640	54.6	0	55 585
10	980	13.6	1	23 957
11	305	3.4	1	1 304
12	55	0.9	1	0 55
13	16	0.2	1	0 16
14	1	0.1	1	0 1
19	1	0.0	1	1
60	1	0.0	3	0 0 0 1


=== First read: Adapter PrefixPE/2 ===

Sequence: GTGACTGGAGTTCAGACGTGTGCTCTTCCGATCT; Type: regular 3'; Length: 34; Trimmed: 254994 times

No. of allowed errors:
0-9 bp: 0; 10-19 bp: 1; 20-29 bp: 2; 30-34 bp: 3

Bases preceding removed adapters:
  A: 23.3%
  C: 18.6%
  G: 27.3%
  T: 30.8%
  none/other: 0.0%

Overview of removed sequences
length	count	expect	max.err	error counts
3	200110	223550.5	0	200110
4	44746	55887.6	0	44746
5	7451	13971.9	0	7451
6	1732	3493.0	0	1732
7	375	873.2	0	375
8	48	218.3	0	48
9	202	54.6	0	11 191
10	229	13.6	1	0 229
11	76	3.4	1	0 76
12	24	0.9	1	1 23
13	1	0.2	1	0 1


=== Second read: Adapter PrefixPE/1 ===

Sequence: TACACTCTTTCCCTACACGACGCTCTTCCGATCT; Type: regular 3'; Length: 34; Trimmed: 287976 times

No. of allowed errors:
0-9 bp: 0; 10-19 bp: 1; 20-29 bp: 2; 30-34 bp: 3

Bases preceding removed adapters:
  A: 27.7%
  C: 21.0%
  G: 22.3%
  T: 29.1%
  none/other: 0.0%

Overview of removed sequences
length	count	expect	max.err	error counts
3	195931	223550.5	0	195931
4	70659	55887.6	0	70659
5	15669	13971.9	0	15669
6	2937	3493.0	0	2937
7	560	873.2	0	560
8	170	218.3	0	170
9	641	54.6	0	88 553
10	1025	13.6	1	17 1008
11	313	3.4	1	2 311
12	47	0.9	1	0 47
13	23	0.2	1	0 23
14	1	0.1	1	0 1


=== Second read: Adapter PrefixPE/2 ===

Sequence: GTGACTGGAGTTCAGACGTGTGCTCTTCCGATCT; Type: regular 3'; Length: 34; Trimmed: 265302 times

No. of allowed errors:
0-9 bp: 0; 10-19 bp: 1; 20-29 bp: 2; 30-34 bp: 3

Bases preceding removed adapters:
  A: 22.8%
  C: 20.9%
  G: 26.4%
  T: 30.0%
  none/other: 0.0%

Overview of removed sequences
length	count	expect	max.err	error counts
3	210881	223550.5	0	210881
4	44420	55887.6	0	44420
5	7284	13971.9	0	7284
6	1665	3493.0	0	1665
7	358	873.2	0	358
8	43	218.3	0	43
9	318	54.6	0	32 286
10	246	13.6	1	10 236
11	65	3.4	1	0 65
12	19	0.9	1	0 19
13	2	0.2	1	0 2
52	1	0.0	3	0 0 1
