This is cutadapt 2.9 with Python 3.6.6
Command line parameters: --interleaved -a file:/nas02/apps/trimmomatic-0.36/Trimmomatic-0.36/adapters/TruSeq3-PE.fa -A file:/nas02/apps/trimmomatic-0.36/Trimmomatic-0.36/adapters/TruSeq3-PE.fa -m 30 /nas/longleaf/home/zpopkinh/Pvivax_resources/wgs_pe_improved_global/fastq/ERS241406/ERR337596_1.fastq.gz /nas/longleaf/home/zpopkinh/Pvivax_resources/wgs_pe_improved_global/fastq/ERS241406/ERR337596_2.fastq.gz
Processing reads on 1 core in paired-end mode ...
Finished in 438.91 s (87 us/read; 0.69 M reads/minute).

=== Summary ===

Total read pairs processed:          5,050,348
  Read 1 with adapter:                 187,619 (3.7%)
  Read 2 with adapter:                 185,936 (3.7%)
Pairs written (passing filters):     5,050,336 (100.0%)

Total basepairs processed: 1,010,069,600 bp
  Read 1:   505,034,800 bp
  Read 2:   505,034,800 bp
Total written (filtered):  1,008,788,507 bp (99.9%)
  Read 1:   504,390,752 bp
  Read 2:   504,397,755 bp

=== First read: Adapter PrefixPE/1 ===

Sequence: TACACTCTTTCCCTACACGACGCTCTTCCGATCT; Type: regular 3'; Length: 34; Trimmed: 98886 times

No. of allowed errors:
0-9 bp: 0; 10-19 bp: 1; 20-29 bp: 2; 30-34 bp: 3

Bases preceding removed adapters:
  A: 28.9%
  C: 17.9%
  G: 23.5%
  T: 29.7%
  none/other: 0.0%

Overview of removed sequences
length	count	expect	max.err	error counts
3	65774	78911.7	0	65774
4	25507	19727.9	0	25507
5	5131	4932.0	0	5131
6	1237	1233.0	0	1237
7	263	308.2	0	263
8	45	77.1	0	45
9	293	19.3	0	19 274
10	468	4.8	1	7 461
11	127	1.2	1	3 124
12	23	0.3	1	0 23
13	5	0.1	1	0 5
59	1	0.0	3	0 0 0 1
71	1	0.0	3	0 0 0 1
100	11	0.0	3	0 0 0 11


=== First read: Adapter PrefixPE/2 ===

Sequence: GTGACTGGAGTTCAGACGTGTGCTCTTCCGATCT; Type: regular 3'; Length: 34; Trimmed: 88733 times

No. of allowed errors:
0-9 bp: 0; 10-19 bp: 1; 20-29 bp: 2; 30-34 bp: 3

Bases preceding removed adapters:
  A: 23.5%
  C: 16.2%
  G: 24.1%
  T: 36.2%
  none/other: 0.0%

Overview of removed sequences
length	count	expect	max.err	error counts
3	65836	78911.7	0	65836
4	14783	19727.9	0	14783
5	7187	4932.0	0	7187
6	562	1233.0	0	562
7	127	308.2	0	127
8	29	77.1	0	29
9	104	19.3	0	7 97
10	65	4.8	1	0 65
11	28	1.2	1	0 28
12	12	0.3	1	0 12


=== Second read: Adapter PrefixPE/1 ===

Sequence: TACACTCTTTCCCTACACGACGCTCTTCCGATCT; Type: regular 3'; Length: 34; Trimmed: 98469 times

No. of allowed errors:
0-9 bp: 0; 10-19 bp: 1; 20-29 bp: 2; 30-34 bp: 3

Bases preceding removed adapters:
  A: 28.6%
  C: 18.0%
  G: 23.3%
  T: 30.0%
  none/other: 0.0%

Overview of removed sequences
length	count	expect	max.err	error counts
3	65788	78911.7	0	65788
4	25380	19727.9	0	25380
5	5013	4932.0	0	5013
6	1106	1233.0	0	1106
7	271	308.2	0	271
8	56	77.1	0	56
9	263	19.3	0	24 239
10	421	4.8	1	7 414
11	129	1.2	1	1 128
12	29	0.3	1	0 29
13	8	0.1	1	1 7
14	5	0.0	1	0 5


=== Second read: Adapter PrefixPE/2 ===

Sequence: GTGACTGGAGTTCAGACGTGTGCTCTTCCGATCT; Type: regular 3'; Length: 34; Trimmed: 87467 times

No. of allowed errors:
0-9 bp: 0; 10-19 bp: 1; 20-29 bp: 2; 30-34 bp: 3

Bases preceding removed adapters:
  A: 23.6%
  C: 16.6%
  G: 23.7%
  T: 36.1%
  none/other: 0.0%

Overview of removed sequences
length	count	expect	max.err	error counts
3	65064	78911.7	0	65064
4	14642	19727.9	0	14642
5	6844	4932.0	0	6844
6	572	1233.0	0	572
7	110	308.2	0	110
8	26	77.1	0	26
9	111	19.3	0	5 106
10	76	4.8	1	1 75
11	18	1.2	1	1 17
12	2	0.3	1	0 2
13	2	0.1	1	0 2
