This is cutadapt 2.9 with Python 3.6.6
Command line parameters: --interleaved -a file:/nas02/apps/trimmomatic-0.36/Trimmomatic-0.36/adapters/TruSeq3-PE.fa -A file:/nas02/apps/trimmomatic-0.36/Trimmomatic-0.36/adapters/TruSeq3-PE.fa -m 30 /nas/longleaf/home/zpopkinh/Pvivax_resources/wgs_pe_improved_global/fastq/SRS694237/SRR1564976_1.fastq.gz /nas/longleaf/home/zpopkinh/Pvivax_resources/wgs_pe_improved_global/fastq/SRS694237/SRR1564976_2.fastq.gz
Processing reads on 1 core in paired-end mode ...
Finished in 0.76 s (49 us/read; 1.22 M reads/minute).

=== Summary ===

Total read pairs processed:             15,446
  Read 1 with adapter:                     431 (2.8%)
  Read 2 with adapter:                     520 (3.4%)
Pairs written (passing filters):        15,446 (100.0%)

Total basepairs processed:     3,120,092 bp
  Read 1:     1,560,046 bp
  Read 2:     1,560,046 bp
Total written (filtered):      3,116,809 bp (99.9%)
  Read 1:     1,558,554 bp
  Read 2:     1,558,255 bp

=== First read: Adapter PrefixPE/1 ===

Sequence: TACACTCTTTCCCTACACGACGCTCTTCCGATCT; Type: regular 3'; Length: 34; Trimmed: 212 times

No. of allowed errors:
0-9 bp: 0; 10-19 bp: 1; 20-29 bp: 2; 30-34 bp: 3

Bases preceding removed adapters:
  A: 22.6%
  C: 28.3%
  G: 18.9%
  T: 30.2%
  none/other: 0.0%

Overview of removed sequences
length	count	expect	max.err	error counts
3	135	241.3	0	135
4	58	60.3	0	58
5	8	15.1	0	8
6	4	3.8	0	4
7	4	0.9	0	4
10	2	0.0	1	0 2
11	1	0.0	1	0 1


=== First read: Adapter PrefixPE/2 ===

Sequence: GTGACTGGAGTTCAGACGTGTGCTCTTCCGATCT; Type: regular 3'; Length: 34; Trimmed: 219 times

No. of allowed errors:
0-9 bp: 0; 10-19 bp: 1; 20-29 bp: 2; 30-34 bp: 3

Bases preceding removed adapters:
  A: 33.8%
  C: 15.5%
  G: 21.9%
  T: 28.8%
  none/other: 0.0%

Overview of removed sequences
length	count	expect	max.err	error counts
3	175	241.3	0	175
4	33	60.3	0	33
5	2	15.1	0	2
6	6	3.8	0	6
9	1	0.1	0	0 1
10	2	0.0	1	0 2


=== Second read: Adapter PrefixPE/1 ===

Sequence: TACACTCTTTCCCTACACGACGCTCTTCCGATCT; Type: regular 3'; Length: 34; Trimmed: 233 times

No. of allowed errors:
0-9 bp: 0; 10-19 bp: 1; 20-29 bp: 2; 30-34 bp: 3

Bases preceding removed adapters:
  A: 33.0%
  C: 24.9%
  G: 18.0%
  T: 24.0%
  none/other: 0.0%

Overview of removed sequences
length	count	expect	max.err	error counts
3	152	241.3	0	152
4	62	60.3	0	62
5	10	15.1	0	10
6	2	3.8	0	2
7	2	0.9	0	2
10	4	0.0	1	0 4
11	1	0.0	1	0 1


=== Second read: Adapter PrefixPE/2 ===

Sequence: GTGACTGGAGTTCAGACGTGTGCTCTTCCGATCT; Type: regular 3'; Length: 34; Trimmed: 287 times

No. of allowed errors:
0-9 bp: 0; 10-19 bp: 1; 20-29 bp: 2; 30-34 bp: 3

Bases preceding removed adapters:
  A: 30.0%
  C: 24.0%
  G: 19.2%
  T: 26.8%
  none/other: 0.0%

Overview of removed sequences
length	count	expect	max.err	error counts
3	207	241.3	0	207
4	67	60.3	0	67
5	8	15.1	0	8
6	4	3.8	0	4
7	1	0.9	0	1
