This is cutadapt 2.9 with Python 3.6.6
Command line parameters: --interleaved -a file:/nas02/apps/trimmomatic-0.36/Trimmomatic-0.36/adapters/TruSeq3-PE.fa -A file:/nas02/apps/trimmomatic-0.36/Trimmomatic-0.36/adapters/TruSeq3-PE.fa -m 30 /nas/longleaf/home/zpopkinh/Pvivax_resources/wgs_pe_improved_global/fastq/ERS2593863/ERR2679004_1.fastq.gz /nas/longleaf/home/zpopkinh/Pvivax_resources/wgs_pe_improved_global/fastq/ERS2593863/ERR2679004_2.fastq.gz
Processing reads on 1 core in paired-end mode ...
Finished in 6267.80 s (115 us/read; 0.52 M reads/minute).

=== Summary ===

Total read pairs processed:         54,611,809
  Read 1 with adapter:               1,936,618 (3.5%)
  Read 2 with adapter:               1,903,454 (3.5%)
Pairs written (passing filters):    54,611,806 (100.0%)

Total basepairs processed: 16,492,766,318 bp
  Read 1: 8,246,383,159 bp
  Read 2: 8,246,383,159 bp
Total written (filtered):  16,479,813,662 bp (99.9%)
  Read 1: 8,239,849,580 bp
  Read 2: 8,239,964,082 bp

=== First read: Adapter PrefixPE/1 ===

Sequence: TACACTCTTTCCCTACACGACGCTCTTCCGATCT; Type: regular 3'; Length: 34; Trimmed: 987947 times

No. of allowed errors:
0-9 bp: 0; 10-19 bp: 1; 20-29 bp: 2; 30-34 bp: 3

Bases preceding removed adapters:
  A: 28.7%
  C: 19.3%
  G: 23.0%
  T: 29.0%
  none/other: 0.0%

Overview of removed sequences
length	count	expect	max.err	error counts
3	656522	853309.5	0	656522
4	257316	213327.4	0	257316
5	52443	53331.8	0	52443
6	11283	13333.0	0	11283
7	2192	3333.2	0	2192
8	535	833.3	0	535
9	3047	208.3	0	190 2857
10	3254	52.1	1	50 3204
11	1055	13.0	1	5 1050
12	222	3.3	1	1 221
13	47	0.8	1	3 44
14	19	0.2	1	0 19
30	1	0.0	3	0 0 1
46	1	0.0	3	0 0 0 1
60	1	0.0	3	0 0 1
77	1	0.0	3	0 0 0 1
90	1	0.0	3	0 0 1
91	2	0.0	3	0 0 2
92	1	0.0	3	0 0 1
96	1	0.0	3	1
151	3	0.0	3	0 0 2 1


=== First read: Adapter PrefixPE/2 ===

Sequence: GTGACTGGAGTTCAGACGTGTGCTCTTCCGATCT; Type: regular 3'; Length: 34; Trimmed: 948671 times

No. of allowed errors:
0-9 bp: 0; 10-19 bp: 1; 20-29 bp: 2; 30-34 bp: 3

Bases preceding removed adapters:
  A: 22.5%
  C: 20.1%
  G: 27.9%
  T: 29.5%
  none/other: 0.0%

Overview of removed sequences
length	count	expect	max.err	error counts
3	741508	853309.5	0	741508
4	170198	213327.4	0	170198
5	27760	53331.8	0	27760
6	5610	13333.0	0	5610
7	1276	3333.2	0	1276
8	221	833.3	0	221
9	921	208.3	0	24 897
10	822	52.1	1	16 806
11	281	13.0	1	15 266
12	62	3.3	1	6 56
13	11	0.8	1	0 11
14	1	0.2	1	0 1


=== Second read: Adapter PrefixPE/1 ===

Sequence: TACACTCTTTCCCTACACGACGCTCTTCCGATCT; Type: regular 3'; Length: 34; Trimmed: 958912 times

No. of allowed errors:
0-9 bp: 0; 10-19 bp: 1; 20-29 bp: 2; 30-34 bp: 3

Bases preceding removed adapters:
  A: 28.7%
  C: 19.8%
  G: 22.9%
  T: 28.5%
  none/other: 0.0%

Overview of removed sequences
length	count	expect	max.err	error counts
3	633672	853309.5	0	633672
4	251716	213327.4	0	251716
5	51821	53331.8	0	51821
6	11103	13333.0	0	11103
7	2213	3333.2	0	2213
8	596	833.3	0	596
9	3147	208.3	0	231 2916
10	3368	52.1	1	89 3279
11	992	13.0	1	15 977
12	217	3.3	1	4 213
13	50	0.8	1	1 49
14	15	0.2	1	0 15
15	2	0.1	1	0 2


=== Second read: Adapter PrefixPE/2 ===

Sequence: GTGACTGGAGTTCAGACGTGTGCTCTTCCGATCT; Type: regular 3'; Length: 34; Trimmed: 944542 times

No. of allowed errors:
0-9 bp: 0; 10-19 bp: 1; 20-29 bp: 2; 30-34 bp: 3

Bases preceding removed adapters:
  A: 22.3%
  C: 20.4%
  G: 28.3%
  T: 29.0%
  none/other: 0.0%

Overview of removed sequences
length	count	expect	max.err	error counts
3	746547	853309.5	0	746547
4	161130	213327.4	0	161130
5	27431	53331.8	0	27431
6	5475	13333.0	0	5475
7	1449	3333.2	0	1449
8	252	833.3	0	252
9	1049	208.3	0	40 1009
10	828	52.1	1	18 810
11	288	13.0	1	0 288
12	71	3.3	1	2 69
13	21	0.8	1	0 21
14	1	0.2	1	0 1
