This is cutadapt 2.9 with Python 3.6.6
Command line parameters: --interleaved -a file:/nas02/apps/trimmomatic-0.36/Trimmomatic-0.36/adapters/TruSeq3-PE.fa -A file:/nas02/apps/trimmomatic-0.36/Trimmomatic-0.36/adapters/TruSeq3-PE.fa -m 30 /nas/longleaf/home/zpopkinh/Pvivax_resources/wgs_pe_improved_global/fastq/ERS792624/ERR1138867_1.fastq.gz /nas/longleaf/home/zpopkinh/Pvivax_resources/wgs_pe_improved_global/fastq/ERS792624/ERR1138867_2.fastq.gz
Processing reads on 1 core in paired-end mode ...
Finished in 207.80 s (70 us/read; 0.86 M reads/minute).

=== Summary ===

Total read pairs processed:          2,967,684
  Read 1 with adapter:                 107,859 (3.6%)
  Read 2 with adapter:                 106,922 (3.6%)
Pairs written (passing filters):     2,967,684 (100.0%)

Total basepairs processed:   593,536,800 bp
  Read 1:   296,768,400 bp
  Read 2:   296,768,400 bp
Total written (filtered):    592,808,276 bp (99.9%)
  Read 1:   296,402,721 bp
  Read 2:   296,405,555 bp

=== First read: Adapter PrefixPE/1 ===

Sequence: TACACTCTTTCCCTACACGACGCTCTTCCGATCT; Type: regular 3'; Length: 34; Trimmed: 56481 times

No. of allowed errors:
0-9 bp: 0; 10-19 bp: 1; 20-29 bp: 2; 30-34 bp: 3

Bases preceding removed adapters:
  A: 28.7%
  C: 18.6%
  G: 24.4%
  T: 28.3%
  none/other: 0.0%

Overview of removed sequences
length	count	expect	max.err	error counts
3	37265	46370.1	0	37265
4	14709	11592.5	0	14709
5	3011	2898.1	0	3011
6	683	724.5	0	683
7	183	181.1	0	183
8	29	45.3	0	29
9	137	11.3	0	16 121
10	354	2.8	1	12 342
11	93	0.7	1	1 92
12	13	0.2	1	0 13
13	3	0.0	1	0 3
14	1	0.0	1	0 1


=== First read: Adapter PrefixPE/2 ===

Sequence: GTGACTGGAGTTCAGACGTGTGCTCTTCCGATCT; Type: regular 3'; Length: 34; Trimmed: 51378 times

No. of allowed errors:
0-9 bp: 0; 10-19 bp: 1; 20-29 bp: 2; 30-34 bp: 3

Bases preceding removed adapters:
  A: 24.8%
  C: 16.5%
  G: 24.5%
  T: 34.1%
  none/other: 0.0%

Overview of removed sequences
length	count	expect	max.err	error counts
3	40286	46370.1	0	40286
4	9121	11592.5	0	9121
5	1390	2898.1	0	1390
6	363	724.5	0	363
7	62	181.1	0	62
8	17	45.3	0	17
9	72	11.3	0	6 66
10	53	2.8	1	1 52
11	11	0.7	1	0 11
12	1	0.2	1	0 1
13	2	0.0	1	0 2


=== Second read: Adapter PrefixPE/1 ===

Sequence: TACACTCTTTCCCTACACGACGCTCTTCCGATCT; Type: regular 3'; Length: 34; Trimmed: 56168 times

No. of allowed errors:
0-9 bp: 0; 10-19 bp: 1; 20-29 bp: 2; 30-34 bp: 3

Bases preceding removed adapters:
  A: 28.6%
  C: 18.7%
  G: 24.3%
  T: 28.3%
  none/other: 0.0%

Overview of removed sequences
length	count	expect	max.err	error counts
3	37125	46370.1	0	37125
4	14555	11592.5	0	14555
5	3002	2898.1	0	3002
6	638	724.5	0	638
7	181	181.1	0	181
8	34	45.3	0	34
9	178	11.3	0	16 162
10	354	2.8	1	3 351
11	77	0.7	1	0 77
12	16	0.2	1	0 16
13	6	0.0	1	0 6
14	2	0.0	1	0 2


=== Second read: Adapter PrefixPE/2 ===

Sequence: GTGACTGGAGTTCAGACGTGTGCTCTTCCGATCT; Type: regular 3'; Length: 34; Trimmed: 50754 times

No. of allowed errors:
0-9 bp: 0; 10-19 bp: 1; 20-29 bp: 2; 30-34 bp: 3

Bases preceding removed adapters:
  A: 24.8%
  C: 16.8%
  G: 24.8%
  T: 33.5%
  none/other: 0.0%

Overview of removed sequences
length	count	expect	max.err	error counts
3	39808	46370.1	0	39808
4	8879	11592.5	0	8879
5	1439	2898.1	0	1439
6	378	724.5	0	378
7	80	181.1	0	80
8	17	45.3	0	17
9	78	11.3	0	3 75
10	51	2.8	1	1 50
11	17	0.7	1	0 17
12	5	0.2	1	0 5
13	1	0.0	1	0 1
15	1	0.0	1	0 1
