This is cutadapt 2.9 with Python 3.6.6
Command line parameters: --interleaved -a file:/nas02/apps/trimmomatic-0.36/Trimmomatic-0.36/adapters/TruSeq3-PE.fa -A file:/nas02/apps/trimmomatic-0.36/Trimmomatic-0.36/adapters/TruSeq3-PE.fa -m 30 /nas/longleaf/home/zpopkinh/Pvivax_resources/wgs_pe_improved_global/fastq/SRS693941/SRR1568182_1.fastq.gz /nas/longleaf/home/zpopkinh/Pvivax_resources/wgs_pe_improved_global/fastq/SRS693941/SRR1568182_2.fastq.gz
Processing reads on 1 core in paired-end mode ...
Finished in 2241.22 s (80 us/read; 0.75 M reads/minute).

=== Summary ===

Total read pairs processed:         27,976,986
  Read 1 with adapter:               1,004,773 (3.6%)
  Read 2 with adapter:               1,052,429 (3.8%)
Pairs written (passing filters):    27,976,984 (100.0%)

Total basepairs processed: 5,651,351,172 bp
  Read 1: 2,825,675,586 bp
  Read 2: 2,825,675,586 bp
Total written (filtered):  5,644,462,328 bp (99.9%)
  Read 1: 2,822,299,142 bp
  Read 2: 2,822,163,186 bp

=== First read: Adapter PrefixPE/1 ===

Sequence: TACACTCTTTCCCTACACGACGCTCTTCCGATCT; Type: regular 3'; Length: 34; Trimmed: 474064 times

No. of allowed errors:
0-9 bp: 0; 10-19 bp: 1; 20-29 bp: 2; 30-34 bp: 3

Bases preceding removed adapters:
  A: 25.2%
  C: 24.4%
  G: 23.8%
  T: 26.6%
  none/other: 0.0%

Overview of removed sequences
length	count	expect	max.err	error counts
3	325844	437140.4	0	325844
4	111631	109285.1	0	111631
5	27172	27321.3	0	27172
6	5065	6830.3	0	5065
7	1181	1707.6	0	1181
8	294	426.9	0	294
9	958	106.7	0	83 875
10	1372	26.7	1	35 1337
11	432	6.7	1	10 422
12	74	1.7	1	3 71
13	20	0.4	1	0 20
14	15	0.1	1	0 15
15	5	0.0	1	0 5
101	1	0.0	3	0 0 1


=== First read: Adapter PrefixPE/2 ===

Sequence: GTGACTGGAGTTCAGACGTGTGCTCTTCCGATCT; Type: regular 3'; Length: 34; Trimmed: 530709 times

No. of allowed errors:
0-9 bp: 0; 10-19 bp: 1; 20-29 bp: 2; 30-34 bp: 3

Bases preceding removed adapters:
  A: 23.3%
  C: 19.3%
  G: 28.9%
  T: 28.5%
  none/other: 0.0%

Overview of removed sequences
length	count	expect	max.err	error counts
3	413293	437140.4	0	413293
4	94471	109285.1	0	94471
5	16175	27321.3	0	16175
6	3918	6830.3	0	3918
7	1068	1707.6	0	1068
8	134	426.9	0	134
9	757	106.7	0	22 735
10	627	26.7	1	18 609
11	199	6.7	1	1 198
12	50	1.7	1	0 50
13	15	0.4	1	0 15
14	1	0.1	1	0 1
15	1	0.0	1	0 1


=== Second read: Adapter PrefixPE/1 ===

Sequence: TACACTCTTTCCCTACACGACGCTCTTCCGATCT; Type: regular 3'; Length: 34; Trimmed: 464425 times

No. of allowed errors:
0-9 bp: 0; 10-19 bp: 1; 20-29 bp: 2; 30-34 bp: 3

Bases preceding removed adapters:
  A: 25.4%
  C: 24.0%
  G: 23.8%
  T: 26.7%
  none/other: 0.0%

Overview of removed sequences
length	count	expect	max.err	error counts
3	318854	437140.4	0	318854
4	110049	109285.1	0	110049
5	26393	27321.3	0	26393
6	4923	6830.3	0	4923
7	1114	1707.6	0	1114
8	236	426.9	0	236
9	952	106.7	0	84 868
10	1368	26.7	1	47 1321
11	421	6.7	1	4 417
12	81	1.7	1	5 76
13	21	0.4	1	0 21
14	9	0.1	1	0 9
15	4	0.0	1	0 4


=== Second read: Adapter PrefixPE/2 ===

Sequence: GTGACTGGAGTTCAGACGTGTGCTCTTCCGATCT; Type: regular 3'; Length: 34; Trimmed: 588004 times

No. of allowed errors:
0-9 bp: 0; 10-19 bp: 1; 20-29 bp: 2; 30-34 bp: 3

Bases preceding removed adapters:
  A: 22.1%
  C: 27.0%
  G: 25.8%
  T: 25.1%
  none/other: 0.0%

Overview of removed sequences
length	count	expect	max.err	error counts
3	472604	437140.4	0	472604
4	92832	109285.1	0	92832
5	16052	27321.3	0	16052
6	3779	6830.3	0	3779
7	973	1707.6	0	973
8	168	426.9	0	168
9	704	106.7	0	24 680
10	608	26.7	1	8 600
11	238	6.7	1	2 236
12	32	1.7	1	0 32
13	10	0.4	1	0 10
54	1	0.0	3	0 1
55	2	0.0	3	0 1 0 1
93	1	0.0	3	0 0 0 1
