This is cutadapt 2.9 with Python 3.6.6
Command line parameters: --interleaved -a file:/nas02/apps/trimmomatic-0.36/Trimmomatic-0.36/adapters/TruSeq3-PE.fa -A file:/nas02/apps/trimmomatic-0.36/Trimmomatic-0.36/adapters/TruSeq3-PE.fa -m 30 /nas/longleaf/home/zpopkinh/Pvivax_resources/wgs_pe_improved_global/fastq/SRS693941/SRR1564654_1.fastq.gz /nas/longleaf/home/zpopkinh/Pvivax_resources/wgs_pe_improved_global/fastq/SRS693941/SRR1564654_2.fastq.gz
Processing reads on 1 core in paired-end mode ...
Finished in 1.56 s (48 us/read; 1.25 M reads/minute).

=== Summary ===

Total read pairs processed:             32,441
  Read 1 with adapter:                   1,080 (3.3%)
  Read 2 with adapter:                   1,141 (3.5%)
Pairs written (passing filters):        32,441 (100.0%)

Total basepairs processed:     6,553,082 bp
  Read 1:     3,276,541 bp
  Read 2:     3,276,541 bp
Total written (filtered):      6,545,544 bp (99.9%)
  Read 1:     3,272,874 bp
  Read 2:     3,272,670 bp

=== First read: Adapter PrefixPE/1 ===

Sequence: TACACTCTTTCCCTACACGACGCTCTTCCGATCT; Type: regular 3'; Length: 34; Trimmed: 512 times

No. of allowed errors:
0-9 bp: 0; 10-19 bp: 1; 20-29 bp: 2; 30-34 bp: 3

Bases preceding removed adapters:
  A: 32.6%
  C: 23.8%
  G: 16.0%
  T: 27.5%
  none/other: 0.0%

Overview of removed sequences
length	count	expect	max.err	error counts
3	328	506.9	0	328
4	144	126.7	0	144
5	31	31.7	0	31
6	8	7.9	0	8
10	1	0.0	1	0 1


=== First read: Adapter PrefixPE/2 ===

Sequence: GTGACTGGAGTTCAGACGTGTGCTCTTCCGATCT; Type: regular 3'; Length: 34; Trimmed: 568 times

No. of allowed errors:
0-9 bp: 0; 10-19 bp: 1; 20-29 bp: 2; 30-34 bp: 3

Bases preceding removed adapters:
  A: 25.2%
  C: 13.7%
  G: 28.7%
  T: 32.4%
  none/other: 0.0%

Overview of removed sequences
length	count	expect	max.err	error counts
3	432	506.9	0	432
4	103	126.7	0	103
5	22	31.7	0	22
6	7	7.9	0	7
7	2	2.0	0	2
10	2	0.0	1	0 2


=== Second read: Adapter PrefixPE/1 ===

Sequence: TACACTCTTTCCCTACACGACGCTCTTCCGATCT; Type: regular 3'; Length: 34; Trimmed: 507 times

No. of allowed errors:
0-9 bp: 0; 10-19 bp: 1; 20-29 bp: 2; 30-34 bp: 3

Bases preceding removed adapters:
  A: 34.9%
  C: 20.3%
  G: 17.2%
  T: 27.6%
  none/other: 0.0%

Overview of removed sequences
length	count	expect	max.err	error counts
3	336	506.9	0	336
4	130	126.7	0	130
5	31	31.7	0	31
6	5	7.9	0	5
7	1	2.0	0	1
8	1	0.5	0	1
10	1	0.0	1	0 1
11	1	0.0	1	0 1
13	1	0.0	1	0 1


=== Second read: Adapter PrefixPE/2 ===

Sequence: GTGACTGGAGTTCAGACGTGTGCTCTTCCGATCT; Type: regular 3'; Length: 34; Trimmed: 634 times

No. of allowed errors:
0-9 bp: 0; 10-19 bp: 1; 20-29 bp: 2; 30-34 bp: 3

Bases preceding removed adapters:
  A: 26.5%
  C: 27.1%
  G: 22.4%
  T: 24.0%
  none/other: 0.0%

Overview of removed sequences
length	count	expect	max.err	error counts
3	486	506.9	0	486
4	114	126.7	0	114
5	20	31.7	0	20
6	10	7.9	0	10
7	1	2.0	0	1
8	1	0.5	0	1
9	1	0.1	0	0 1
11	1	0.0	1	0 1
