This is cutadapt 2.9 with Python 3.6.6
Command line parameters: --interleaved -a file:/nas02/apps/trimmomatic-0.36/Trimmomatic-0.36/adapters/TruSeq3-PE.fa -A file:/nas02/apps/trimmomatic-0.36/Trimmomatic-0.36/adapters/TruSeq3-PE.fa -m 30 /nas/longleaf/home/zpopkinh/Pvivax_resources/wgs_pe_improved_global/fastq/SRR10969353/SRR10969353_1.fastq.gz /nas/longleaf/home/zpopkinh/Pvivax_resources/wgs_pe_improved_global/fastq/SRR10969353/SRR10969353_2.fastq.gz
Processing reads on 1 core in paired-end mode ...
Finished in 1028.17 s (126 us/read; 0.48 M reads/minute).

=== Summary ===

Total read pairs processed:          8,153,287
  Read 1 with adapter:                 300,434 (3.7%)
  Read 2 with adapter:                 299,974 (3.7%)
Pairs written (passing filters):     8,153,286 (100.0%)

Total basepairs processed: 2,445,986,100 bp
  Read 1: 1,222,993,050 bp
  Read 2: 1,222,993,050 bp
Total written (filtered):  2,443,949,674 bp (99.9%)
  Read 1: 1,221,974,237 bp
  Read 2: 1,221,975,437 bp

=== First read: Adapter PrefixPE/1 ===

Sequence: TACACTCTTTCCCTACACGACGCTCTTCCGATCT; Type: regular 3'; Length: 34; Trimmed: 153434 times

No. of allowed errors:
0-9 bp: 0; 10-19 bp: 1; 20-29 bp: 2; 30-34 bp: 3

Bases preceding removed adapters:
  A: 29.8%
  C: 20.1%
  G: 19.9%
  T: 30.3%
  none/other: 0.0%

Overview of removed sequences
length	count	expect	max.err	error counts
3	102215	127395.1	0	102215
4	40257	31848.8	0	40257
5	7494	7962.2	0	7494
6	1722	1990.5	0	1722
7	368	497.6	0	368
8	97	124.4	0	97
9	416	31.1	0	20 396
10	608	7.8	1	16 592
11	196	1.9	1	4 192
12	48	0.5	1	0 48
13	8	0.1	1	0 8
14	1	0.0	1	0 1
74	1	0.0	3	0 0 0 1
79	1	0.0	3	0 0 0 1
87	1	0.0	3	1
103	1	0.0	3	0 0 1


=== First read: Adapter PrefixPE/2 ===

Sequence: GTGACTGGAGTTCAGACGTGTGCTCTTCCGATCT; Type: regular 3'; Length: 34; Trimmed: 147000 times

No. of allowed errors:
0-9 bp: 0; 10-19 bp: 1; 20-29 bp: 2; 30-34 bp: 3

Bases preceding removed adapters:
  A: 26.9%
  C: 13.2%
  G: 25.8%
  T: 34.0%
  none/other: 0.0%

Overview of removed sequences
length	count	expect	max.err	error counts
3	112342	127395.1	0	112342
4	27915	31848.8	0	27915
5	4664	7962.2	0	4664
6	1210	1990.5	0	1210
7	319	497.6	0	319
8	63	124.4	0	63
9	190	31.1	0	13 177
10	201	7.8	1	11 190
11	65	1.9	1	1 64
12	23	0.5	1	0 23
13	7	0.1	1	0 7
14	1	0.0	1	0 1


=== Second read: Adapter PrefixPE/1 ===

Sequence: TACACTCTTTCCCTACACGACGCTCTTCCGATCT; Type: regular 3'; Length: 34; Trimmed: 153631 times

No. of allowed errors:
0-9 bp: 0; 10-19 bp: 1; 20-29 bp: 2; 30-34 bp: 3

Bases preceding removed adapters:
  A: 29.7%
  C: 19.9%
  G: 20.0%
  T: 30.4%
  none/other: 0.0%

Overview of removed sequences
length	count	expect	max.err	error counts
3	102161	127395.1	0	102161
4	40383	31848.8	0	40383
5	7588	7962.2	0	7588
6	1788	1990.5	0	1788
7	359	497.6	0	359
8	77	124.4	0	77
9	429	31.1	0	39 390
10	598	7.8	1	14 584
11	178	1.9	1	3 175
12	51	0.5	1	1 50
13	16	0.1	1	0 16
14	3	0.0	1	0 3


=== Second read: Adapter PrefixPE/2 ===

Sequence: GTGACTGGAGTTCAGACGTGTGCTCTTCCGATCT; Type: regular 3'; Length: 34; Trimmed: 146343 times

No. of allowed errors:
0-9 bp: 0; 10-19 bp: 1; 20-29 bp: 2; 30-34 bp: 3

Bases preceding removed adapters:
  A: 26.9%
  C: 13.4%
  G: 26.1%
  T: 33.6%
  none/other: 0.0%

Overview of removed sequences
length	count	expect	max.err	error counts
3	111863	127395.1	0	111863
4	27810	31848.8	0	27810
5	4562	7962.2	0	4562
6	1245	1990.5	0	1245
7	319	497.6	0	319
8	60	124.4	0	60
9	189	31.1	0	19 170
10	188	7.8	1	3 185
11	71	1.9	1	2 69
12	27	0.5	1	0 27
13	3	0.1	1	0 3
70	1	0.0	3	0 1
79	1	0.0	3	0 0 0 1
96	1	0.0	3	1
97	1	0.0	3	0 1
101	1	0.0	3	0 0 0 1
121	1	0.0	3	0 0 0 1
