This is cutadapt 2.9 with Python 3.6.6
Command line parameters: --interleaved -a file:/nas02/apps/trimmomatic-0.36/Trimmomatic-0.36/adapters/TruSeq3-PE.fa -A file:/nas02/apps/trimmomatic-0.36/Trimmomatic-0.36/adapters/TruSeq3-PE.fa -m 30 /nas/longleaf/home/zpopkinh/Pvivax_resources/wgs_pe_improved_global/fastq/ERS174628/ERR221486_1.fastq.gz /nas/longleaf/home/zpopkinh/Pvivax_resources/wgs_pe_improved_global/fastq/ERS174628/ERR221486_2.fastq.gz
Processing reads on 1 core in paired-end mode ...
Finished in 1693.44 s (136 us/read; 0.44 M reads/minute).

=== Summary ===

Total read pairs processed:         12,424,850
  Read 1 with adapter:                 403,749 (3.2%)
  Read 2 with adapter:                 397,244 (3.2%)
Pairs written (passing filters):    12,424,845 (100.0%)

Total basepairs processed: 2,484,970,000 bp
  Read 1: 1,242,485,000 bp
  Read 2: 1,242,485,000 bp
Total written (filtered):  2,482,246,029 bp (99.9%)
  Read 1: 1,241,111,295 bp
  Read 2: 1,241,134,734 bp

=== First read: Adapter PrefixPE/1 ===

Sequence: TACACTCTTTCCCTACACGACGCTCTTCCGATCT; Type: regular 3'; Length: 34; Trimmed: 258161 times

No. of allowed errors:
0-9 bp: 0; 10-19 bp: 1; 20-29 bp: 2; 30-34 bp: 3

Bases preceding removed adapters:
  A: 36.5%
  C: 14.6%
  G: 17.0%
  T: 31.9%
  none/other: 0.0%

Overview of removed sequences
length	count	expect	max.err	error counts
3	167988	194138.3	0	167988
4	74337	48534.6	0	74337
5	11009	12133.6	0	11009
6	2283	3033.4	0	2283
7	409	758.4	0	409
8	140	189.6	0	140
9	820	47.4	0	47 773
10	881	11.8	1	21 860
11	239	3.0	1	3 236
12	40	0.7	1	0 40
13	7	0.2	1	0 7
14	3	0.0	1	0 3
100	5	0.0	3	0 0 0 5


=== First read: Adapter PrefixPE/2 ===

Sequence: GTGACTGGAGTTCAGACGTGTGCTCTTCCGATCT; Type: regular 3'; Length: 34; Trimmed: 145588 times

No. of allowed errors:
0-9 bp: 0; 10-19 bp: 1; 20-29 bp: 2; 30-34 bp: 3

Bases preceding removed adapters:
  A: 25.8%
  C: 14.1%
  G: 22.6%
  T: 37.5%
  none/other: 0.0%

Overview of removed sequences
length	count	expect	max.err	error counts
3	110432	194138.3	0	110432
4	30023	48534.6	0	30023
5	3823	12133.6	0	3823
6	812	3033.4	0	812
7	174	758.4	0	174
8	28	189.6	0	28
9	118	47.4	0	4 114
10	119	11.8	1	2 117
11	45	3.0	1	0 45
12	11	0.7	1	0 11
13	3	0.2	1	0 3


=== Second read: Adapter PrefixPE/1 ===

Sequence: TACACTCTTTCCCTACACGACGCTCTTCCGATCT; Type: regular 3'; Length: 34; Trimmed: 254593 times

No. of allowed errors:
0-9 bp: 0; 10-19 bp: 1; 20-29 bp: 2; 30-34 bp: 3

Bases preceding removed adapters:
  A: 36.5%
  C: 14.6%
  G: 17.0%
  T: 31.9%
  none/other: 0.0%

Overview of removed sequences
length	count	expect	max.err	error counts
3	166040	194138.3	0	166040
4	73039	48534.6	0	73039
5	10803	12133.6	0	10803
6	2233	3033.4	0	2233
7	400	758.4	0	400
8	135	189.6	0	135
9	796	47.4	0	44 752
10	849	11.8	1	14 835
11	239	3.0	1	4 235
12	48	0.7	1	1 47
13	7	0.2	1	0 7
14	1	0.0	1	0 1
15	3	0.0	1	0 3


=== Second read: Adapter PrefixPE/2 ===

Sequence: GTGACTGGAGTTCAGACGTGTGCTCTTCCGATCT; Type: regular 3'; Length: 34; Trimmed: 142651 times

No. of allowed errors:
0-9 bp: 0; 10-19 bp: 1; 20-29 bp: 2; 30-34 bp: 3

Bases preceding removed adapters:
  A: 25.9%
  C: 14.0%
  G: 22.7%
  T: 37.4%
  none/other: 0.0%

Overview of removed sequences
length	count	expect	max.err	error counts
3	108734	194138.3	0	108734
4	29106	48534.6	0	29106
5	3513	12133.6	0	3513
6	828	3033.4	0	828
7	183	758.4	0	183
8	24	189.6	0	24
9	127	47.4	0	3 124
10	101	11.8	1	1 100
11	21	3.0	1	0 21
12	11	0.7	1	0 11
13	2	0.2	1	0 2
14	1	0.0	1	0 1
