This is cutadapt 2.9 with Python 3.6.6
Command line parameters: --interleaved -a file:/nas02/apps/trimmomatic-0.36/Trimmomatic-0.36/adapters/TruSeq3-PE.fa -A file:/nas02/apps/trimmomatic-0.36/Trimmomatic-0.36/adapters/TruSeq3-PE.fa -m 30 /nas/longleaf/home/zpopkinh/Pvivax_resources/wgs_pe_improved_global/fastq/SRS2910002/SRR6668553_1.fastq.gz /nas/longleaf/home/zpopkinh/Pvivax_resources/wgs_pe_improved_global/fastq/SRS2910002/SRR6668553_2.fastq.gz
Processing reads on 1 core in paired-end mode ...
Finished in 186.00 s (65 us/read; 0.92 M reads/minute).

=== Summary ===

Total read pairs processed:          2,855,258
  Read 1 with adapter:                 116,368 (4.1%)
  Read 2 with adapter:                 133,289 (4.7%)
Pairs written (passing filters):     2,855,258 (100.0%)

Total basepairs processed:   571,051,600 bp
  Read 1:   285,525,800 bp
  Read 2:   285,525,800 bp
Total written (filtered):    570,179,383 bp (99.8%)
  Read 1:   285,114,732 bp
  Read 2:   285,064,651 bp

=== First read: Adapter PrefixPE/1 ===

Sequence: TACACTCTTTCCCTACACGACGCTCTTCCGATCT; Type: regular 3'; Length: 34; Trimmed: 68961 times

No. of allowed errors:
0-9 bp: 0; 10-19 bp: 1; 20-29 bp: 2; 30-34 bp: 3

Bases preceding removed adapters:
  A: 54.2%
  C: 13.9%
  G: 15.4%
  T: 16.5%
  none/other: 0.0%

Overview of removed sequences
length	count	expect	max.err	error counts
3	36925	44613.4	0	36925
4	17985	11153.4	0	17985
5	13113	2788.3	0	13113
6	459	697.1	0	459
7	102	174.3	0	102
8	41	43.6	0	41
9	121	10.9	0	31 90
10	117	2.7	1	2 115
11	86	0.7	1	1 85
12	11	0.2	1	0 11
14	1	0.0	1	0 1


=== First read: Adapter PrefixPE/2 ===

Sequence: GTGACTGGAGTTCAGACGTGTGCTCTTCCGATCT; Type: regular 3'; Length: 34; Trimmed: 47407 times

No. of allowed errors:
0-9 bp: 0; 10-19 bp: 1; 20-29 bp: 2; 30-34 bp: 3

Bases preceding removed adapters:
  A: 22.7%
  C: 20.3%
  G: 29.4%
  T: 27.6%
  none/other: 0.0%

Overview of removed sequences
length	count	expect	max.err	error counts
3	37376	44613.4	0	37376
4	7983	11153.4	0	7983
5	1421	2788.3	0	1421
6	308	697.1	0	308
7	168	174.3	0	168
8	13	43.6	0	13
9	61	10.9	0	6 55
10	55	2.7	1	0 55
11	16	0.7	1	0 16
12	5	0.2	1	0 5
13	1	0.0	1	0 1


=== Second read: Adapter PrefixPE/1 ===

Sequence: TACACTCTTTCCCTACACGACGCTCTTCCGATCT; Type: regular 3'; Length: 34; Trimmed: 68728 times

No. of allowed errors:
0-9 bp: 0; 10-19 bp: 1; 20-29 bp: 2; 30-34 bp: 3

Bases preceding removed adapters:
  A: 54.3%
  C: 14.2%
  G: 15.4%
  T: 16.1%
  none/other: 0.0%

Overview of removed sequences
length	count	expect	max.err	error counts
3	36777	44613.4	0	36777
4	18124	11153.4	0	18124
5	12908	2788.3	0	12908
6	480	697.1	0	480
7	97	174.3	0	97
8	38	43.6	0	38
9	114	10.9	0	26 88
10	97	2.7	1	2 95
11	81	0.7	1	0 81
12	8	0.2	1	0 8
13	2	0.0	1	0 2
14	2	0.0	1	0 2


=== Second read: Adapter PrefixPE/2 ===

Sequence: GTGACTGGAGTTCAGACGTGTGCTCTTCCGATCT; Type: regular 3'; Length: 34; Trimmed: 64561 times

No. of allowed errors:
0-9 bp: 0; 10-19 bp: 1; 20-29 bp: 2; 30-34 bp: 3

Bases preceding removed adapters:
  A: 30.7%
  C: 15.2%
  G: 34.0%
  T: 20.1%
  none/other: 0.0%

Overview of removed sequences
length	count	expect	max.err	error counts
3	54543	44613.4	0	54543
4	8026	11153.4	0	8026
5	1421	2788.3	0	1421
6	311	697.1	0	311
7	124	174.3	0	124
8	7	43.6	0	7
9	60	10.9	0	7 53
10	47	2.7	1	1 46
11	20	0.7	1	0 20
12	2	0.2	1	0 2
