This is cutadapt 2.9 with Python 3.6.6
Command line parameters: --interleaved -a file:/nas02/apps/trimmomatic-0.36/Trimmomatic-0.36/adapters/TruSeq3-PE.fa -A file:/nas02/apps/trimmomatic-0.36/Trimmomatic-0.36/adapters/TruSeq3-PE.fa -m 30 /nas/longleaf/home/zpopkinh/Pvivax_resources/wgs_pe_improved_global/fastq/ERR5740765/ERR5740765_1.fastq.gz /nas/longleaf/home/zpopkinh/Pvivax_resources/wgs_pe_improved_global/fastq/ERR5740765/ERR5740765_2.fastq.gz
Processing reads on 1 core in paired-end mode ...
Finished in 468.38 s (121 us/read; 0.50 M reads/minute).

=== Summary ===

Total read pairs processed:          3,874,040
  Read 1 with adapter:                 140,728 (3.6%)
  Read 2 with adapter:                 136,931 (3.5%)
Pairs written (passing filters):     3,874,039 (100.0%)

Total basepairs processed: 1,169,960,080 bp
  Read 1:   584,980,040 bp
  Read 2:   584,980,040 bp
Total written (filtered):  1,169,020,518 bp (99.9%)
  Read 1:   584,503,371 bp
  Read 2:   584,517,147 bp

=== First read: Adapter PrefixPE/1 ===

Sequence: TACACTCTTTCCCTACACGACGCTCTTCCGATCT; Type: regular 3'; Length: 34; Trimmed: 63562 times

No. of allowed errors:
0-9 bp: 0; 10-19 bp: 1; 20-29 bp: 2; 30-34 bp: 3

Bases preceding removed adapters:
  A: 27.5%
  C: 23.8%
  G: 20.5%
  T: 28.2%
  none/other: 0.0%

Overview of removed sequences
length	count	expect	max.err	error counts
3	42609	60531.9	0	42609
4	16118	15133.0	0	16118
5	3262	3783.2	0	3262
6	762	945.8	0	762
7	174	236.5	0	174
8	57	59.1	0	57
9	194	14.8	0	19 175
10	282	3.7	1	10 272
11	80	0.9	1	1 79
12	18	0.2	1	0 18
13	5	0.1	1	0 5
104	1	0.0	3	0 1


=== First read: Adapter PrefixPE/2 ===

Sequence: GTGACTGGAGTTCAGACGTGTGCTCTTCCGATCT; Type: regular 3'; Length: 34; Trimmed: 77166 times

No. of allowed errors:
0-9 bp: 0; 10-19 bp: 1; 20-29 bp: 2; 30-34 bp: 3

Bases preceding removed adapters:
  A: 27.0%
  C: 12.6%
  G: 26.7%
  T: 33.7%
  none/other: 0.0%

Overview of removed sequences
length	count	expect	max.err	error counts
3	59205	60531.9	0	59205
4	14279	15133.0	0	14279
5	2457	3783.2	0	2457
6	698	945.8	0	698
7	183	236.5	0	183
8	34	59.1	0	34
9	117	14.8	0	9 108
10	126	3.7	1	4 122
11	46	0.9	1	3 43
12	17	0.2	1	1 16
13	4	0.1	1	0 4


=== Second read: Adapter PrefixPE/1 ===

Sequence: TACACTCTTTCCCTACACGACGCTCTTCCGATCT; Type: regular 3'; Length: 34; Trimmed: 62106 times

No. of allowed errors:
0-9 bp: 0; 10-19 bp: 1; 20-29 bp: 2; 30-34 bp: 3

Bases preceding removed adapters:
  A: 27.7%
  C: 25.0%
  G: 20.7%
  T: 26.6%
  none/other: 0.0%

Overview of removed sequences
length	count	expect	max.err	error counts
3	41952	60531.9	0	41952
4	15284	15133.0	0	15284
5	3369	3783.2	0	3369
6	678	945.8	0	678
7	176	236.5	0	176
8	55	59.1	0	55
9	208	14.8	0	26 182
10	271	3.7	1	8 263
11	85	0.9	1	1 84
12	14	0.2	1	0 14
13	7	0.1	1	0 7
14	2	0.0	1	0 2
15	1	0.0	1	0 1
16	1	0.0	1	0 1
86	1	0.0	3	0 0 0 1
113	1	0.0	3	0 0 0 1
127	1	0.0	3	0 0 1


=== Second read: Adapter PrefixPE/2 ===

Sequence: GTGACTGGAGTTCAGACGTGTGCTCTTCCGATCT; Type: regular 3'; Length: 34; Trimmed: 74825 times

No. of allowed errors:
0-9 bp: 0; 10-19 bp: 1; 20-29 bp: 2; 30-34 bp: 3

Bases preceding removed adapters:
  A: 25.9%
  C: 14.9%
  G: 26.9%
  T: 32.3%
  none/other: 0.0%

Overview of removed sequences
length	count	expect	max.err	error counts
3	58371	60531.9	0	58371
4	12879	15133.0	0	12879
5	2439	3783.2	0	2439
6	625	945.8	0	625
7	168	236.5	0	168
8	46	59.1	0	46
9	129	14.8	0	12 117
10	107	3.7	1	5 102
11	46	0.9	1	0 46
12	11	0.2	1	0 11
13	3	0.1	1	0 3
105	1	0.0	3	0 0 1
