This is cutadapt 2.9 with Python 3.6.6
Command line parameters: --interleaved -a file:/nas02/apps/trimmomatic-0.36/Trimmomatic-0.36/adapters/TruSeq3-PE.fa -A file:/nas02/apps/trimmomatic-0.36/Trimmomatic-0.36/adapters/TruSeq3-PE.fa -m 30 /nas/longleaf/home/zpopkinh/Pvivax_resources/wgs_pe_improved_global/fastq/ERS666253/ERR925424_1.fastq.gz /nas/longleaf/home/zpopkinh/Pvivax_resources/wgs_pe_improved_global/fastq/ERS666253/ERR925424_2.fastq.gz
Processing reads on 1 core in paired-end mode ...
Finished in 983.28 s (96 us/read; 0.62 M reads/minute).

=== Summary ===

Total read pairs processed:         10,205,771
  Read 1 with adapter:                 298,574 (2.9%)
  Read 2 with adapter:                 293,097 (2.9%)
Pairs written (passing filters):    10,205,771 (100.0%)

Total basepairs processed: 2,041,154,200 bp
  Read 1: 1,020,577,100 bp
  Read 2: 1,020,577,100 bp
Total written (filtered):  2,039,193,876 bp (99.9%)
  Read 1: 1,019,587,517 bp
  Read 2: 1,019,606,359 bp

=== First read: Adapter PrefixPE/1 ===

Sequence: TACACTCTTTCCCTACACGACGCTCTTCCGATCT; Type: regular 3'; Length: 34; Trimmed: 110467 times

No. of allowed errors:
0-9 bp: 0; 10-19 bp: 1; 20-29 bp: 2; 30-34 bp: 3

Bases preceding removed adapters:
  A: 22.0%
  C: 27.0%
  G: 33.0%
  T: 18.1%
  none/other: 0.0%

Overview of removed sequences
length	count	expect	max.err	error counts
3	81462	159465.2	0	81462
4	23248	39866.3	0	23248
5	4241	9966.6	0	4241
6	686	2491.6	0	686
7	205	622.9	0	205
8	36	155.7	0	36
9	135	38.9	0	13 122
10	366	9.7	1	10 356
11	66	2.4	1	0 66
12	14	0.6	1	0 14
13	6	0.2	1	0 6
14	2	0.0	1	0 2


=== First read: Adapter PrefixPE/2 ===

Sequence: GTGACTGGAGTTCAGACGTGTGCTCTTCCGATCT; Type: regular 3'; Length: 34; Trimmed: 188107 times

No. of allowed errors:
0-9 bp: 0; 10-19 bp: 1; 20-29 bp: 2; 30-34 bp: 3

Bases preceding removed adapters:
  A: 14.8%
  C: 26.8%
  G: 42.5%
  T: 15.9%
  none/other: 0.0%

Overview of removed sequences
length	count	expect	max.err	error counts
3	147613	159465.2	0	147613
4	31376	39866.3	0	31376
5	7075	9966.6	0	7075
6	893	2491.6	0	893
7	285	622.9	0	285
8	81	155.7	0	81
9	442	38.9	0	20 422
10	229	9.7	1	2 227
11	79	2.4	1	1 78
12	15	0.6	1	0 15
13	16	0.2	1	0 16
14	3	0.0	1	0 3


=== Second read: Adapter PrefixPE/1 ===

Sequence: TACACTCTTTCCCTACACGACGCTCTTCCGATCT; Type: regular 3'; Length: 34; Trimmed: 109040 times

No. of allowed errors:
0-9 bp: 0; 10-19 bp: 1; 20-29 bp: 2; 30-34 bp: 3

Bases preceding removed adapters:
  A: 22.1%
  C: 27.1%
  G: 32.6%
  T: 18.1%
  none/other: 0.0%

Overview of removed sequences
length	count	expect	max.err	error counts
3	80301	159465.2	0	80301
4	22949	39866.3	0	22949
5	4290	9966.6	0	4290
6	687	2491.6	0	687
7	205	622.9	0	205
8	30	155.7	0	30
9	119	38.9	0	12 107
10	363	9.7	1	8 355
11	70	2.4	1	0 70
12	19	0.6	1	0 19
13	6	0.2	1	0 6
14	1	0.0	1	0 1


=== Second read: Adapter PrefixPE/2 ===

Sequence: GTGACTGGAGTTCAGACGTGTGCTCTTCCGATCT; Type: regular 3'; Length: 34; Trimmed: 184057 times

No. of allowed errors:
0-9 bp: 0; 10-19 bp: 1; 20-29 bp: 2; 30-34 bp: 3

Bases preceding removed adapters:
  A: 14.6%
  C: 26.9%
  G: 42.4%
  T: 16.1%
  none/other: 0.0%

Overview of removed sequences
length	count	expect	max.err	error counts
3	145205	159465.2	0	145205
4	29983	39866.3	0	29983
5	6893	9966.6	0	6893
6	896	2491.6	0	896
7	257	622.9	0	257
8	82	155.7	0	82
9	401	38.9	0	8 393
10	228	9.7	1	2 226
11	88	2.4	1	0 88
12	13	0.6	1	0 13
13	6	0.2	1	0 6
14	5	0.0	1	0 5
