This is cutadapt 2.9 with Python 3.6.6
Command line parameters: --interleaved -a file:/nas02/apps/trimmomatic-0.36/Trimmomatic-0.36/adapters/TruSeq3-PE.fa -A file:/nas02/apps/trimmomatic-0.36/Trimmomatic-0.36/adapters/TruSeq3-PE.fa -m 30 /nas/longleaf/home/zpopkinh/Pvivax_resources/wgs_pe_improved_global/fastq/SRS2910032/SRR6668522_1.fastq.gz /nas/longleaf/home/zpopkinh/Pvivax_resources/wgs_pe_improved_global/fastq/SRS2910032/SRR6668522_2.fastq.gz
Processing reads on 1 core in paired-end mode ...
Finished in 358.82 s (81 us/read; 0.74 M reads/minute).

=== Summary ===

Total read pairs processed:          4,411,507
  Read 1 with adapter:                 188,225 (4.3%)
  Read 2 with adapter:                 208,000 (4.7%)
Pairs written (passing filters):     4,411,507 (100.0%)

Total basepairs processed:   882,301,400 bp
  Read 1:   441,150,700 bp
  Read 2:   441,150,700 bp
Total written (filtered):    880,925,148 bp (99.8%)
  Read 1:   440,491,889 bp
  Read 2:   440,433,259 bp

=== First read: Adapter PrefixPE/1 ===

Sequence: TACACTCTTTCCCTACACGACGCTCTTCCGATCT; Type: regular 3'; Length: 34; Trimmed: 106938 times

No. of allowed errors:
0-9 bp: 0; 10-19 bp: 1; 20-29 bp: 2; 30-34 bp: 3

Bases preceding removed adapters:
  A: 53.2%
  C: 14.4%
  G: 16.6%
  T: 15.8%
  none/other: 0.0%

Overview of removed sequences
length	count	expect	max.err	error counts
3	59004	68929.8	0	59004
4	28760	17232.4	0	28760
5	17678	4308.1	0	17678
6	714	1077.0	0	714
7	215	269.3	0	215
8	50	67.3	0	50
9	222	16.8	0	13 209
10	160	4.2	1	6 154
11	101	1.1	1	0 101
12	20	0.3	1	0 20
13	9	0.1	1	0 9
14	5	0.0	1	0 5


=== First read: Adapter PrefixPE/2 ===

Sequence: GTGACTGGAGTTCAGACGTGTGCTCTTCCGATCT; Type: regular 3'; Length: 34; Trimmed: 81287 times

No. of allowed errors:
0-9 bp: 0; 10-19 bp: 1; 20-29 bp: 2; 30-34 bp: 3

Bases preceding removed adapters:
  A: 23.2%
  C: 19.8%
  G: 28.1%
  T: 28.9%
  none/other: 0.0%

Overview of removed sequences
length	count	expect	max.err	error counts
3	63354	68929.8	0	63354
4	14548	17232.4	0	14548
5	2399	4308.1	0	2399
6	606	1077.0	0	606
7	194	269.3	0	194
8	13	67.3	0	13
9	79	16.8	0	2 77
10	53	4.2	1	4 49
11	37	1.1	1	0 37
12	3	0.3	1	0 3
13	1	0.1	1	0 1


=== Second read: Adapter PrefixPE/1 ===

Sequence: TACACTCTTTCCCTACACGACGCTCTTCCGATCT; Type: regular 3'; Length: 34; Trimmed: 115497 times

No. of allowed errors:
0-9 bp: 0; 10-19 bp: 1; 20-29 bp: 2; 30-34 bp: 3

Bases preceding removed adapters:
  A: 57.0%
  C: 13.3%
  G: 15.3%
  T: 14.4%
  none/other: 0.0%

Overview of removed sequences
length	count	expect	max.err	error counts
3	67687	68929.8	0	67687
4	28701	17232.4	0	28701
5	17713	4308.1	0	17713
6	699	1077.0	0	699
7	212	269.3	0	212
8	37	67.3	0	37
9	178	16.8	0	12 166
10	162	4.2	1	6 156
11	77	1.1	1	0 77
12	26	0.3	1	0 26
13	3	0.1	1	0 3
14	2	0.0	1	0 2


=== Second read: Adapter PrefixPE/2 ===

Sequence: GTGACTGGAGTTCAGACGTGTGCTCTTCCGATCT; Type: regular 3'; Length: 34; Trimmed: 92503 times

No. of allowed errors:
0-9 bp: 0; 10-19 bp: 1; 20-29 bp: 2; 30-34 bp: 3

Bases preceding removed adapters:
  A: 20.2%
  C: 17.2%
  G: 29.9%
  T: 32.8%
  none/other: 0.0%

Overview of removed sequences
length	count	expect	max.err	error counts
3	74772	68929.8	0	74772
4	14269	17232.4	0	14269
5	2427	4308.1	0	2427
6	645	1077.0	0	645
7	205	269.3	0	205
8	19	67.3	0	19
9	83	16.8	0	3 80
10	59	4.2	1	1 58
11	20	1.1	1	0 20
12	4	0.3	1	0 4
