This is cutadapt 2.9 with Python 3.6.6
Command line parameters: --interleaved -a file:/nas02/apps/trimmomatic-0.36/Trimmomatic-0.36/adapters/TruSeq3-PE.fa -A file:/nas02/apps/trimmomatic-0.36/Trimmomatic-0.36/adapters/TruSeq3-PE.fa -m 30 /nas/longleaf/home/zpopkinh/Pvivax_resources/wgs_pe_improved_global/fastq/ERR5740793/ERR5740793_1.fastq.gz /nas/longleaf/home/zpopkinh/Pvivax_resources/wgs_pe_improved_global/fastq/ERR5740793/ERR5740793_2.fastq.gz
Processing reads on 1 core in paired-end mode ...
Finished in 399.78 s (144 us/read; 0.42 M reads/minute).

=== Summary ===

Total read pairs processed:          2,781,300
  Read 1 with adapter:                 102,288 (3.7%)
  Read 2 with adapter:                 101,096 (3.6%)
Pairs written (passing filters):     2,781,298 (100.0%)

Total basepairs processed:   839,952,600 bp
  Read 1:   419,976,300 bp
  Read 2:   419,976,300 bp
Total written (filtered):    839,261,140 bp (99.9%)
  Read 1:   419,628,629 bp
  Read 2:   419,632,511 bp

=== First read: Adapter PrefixPE/1 ===

Sequence: TACACTCTTTCCCTACACGACGCTCTTCCGATCT; Type: regular 3'; Length: 34; Trimmed: 51853 times

No. of allowed errors:
0-9 bp: 0; 10-19 bp: 1; 20-29 bp: 2; 30-34 bp: 3

Bases preceding removed adapters:
  A: 28.7%
  C: 20.1%
  G: 21.9%
  T: 29.3%
  none/other: 0.0%

Overview of removed sequences
length	count	expect	max.err	error counts
3	34326	43457.8	0	34326
4	13567	10864.5	0	13567
5	2671	2716.1	0	2671
6	646	679.0	0	646
7	135	169.8	0	135
8	43	42.4	0	43
9	180	10.6	0	15 165
10	212	2.7	1	6 206
11	57	0.7	1	1 56
12	11	0.2	1	0 11
13	1	0.0	1	0 1
14	1	0.0	1	0 1
78	1	0.0	3	0 1
99	1	0.0	3	0 0 0 1
101	1	0.0	3	0 0 1


=== First read: Adapter PrefixPE/2 ===

Sequence: GTGACTGGAGTTCAGACGTGTGCTCTTCCGATCT; Type: regular 3'; Length: 34; Trimmed: 50435 times

No. of allowed errors:
0-9 bp: 0; 10-19 bp: 1; 20-29 bp: 2; 30-34 bp: 3

Bases preceding removed adapters:
  A: 26.8%
  C: 14.0%
  G: 25.2%
  T: 34.0%
  none/other: 0.0%

Overview of removed sequences
length	count	expect	max.err	error counts
3	38613	43457.8	0	38613
4	9631	10864.5	0	9631
5	1488	2716.1	0	1488
6	409	679.0	0	409
7	107	169.8	0	107
8	25	42.4	0	25
9	72	10.6	0	10 62
10	55	2.7	1	1 54
11	26	0.7	1	0 26
12	8	0.2	1	0 8
13	1	0.0	1	0 1


=== Second read: Adapter PrefixPE/1 ===

Sequence: TACACTCTTTCCCTACACGACGCTCTTCCGATCT; Type: regular 3'; Length: 34; Trimmed: 51180 times

No. of allowed errors:
0-9 bp: 0; 10-19 bp: 1; 20-29 bp: 2; 30-34 bp: 3

Bases preceding removed adapters:
  A: 29.1%
  C: 20.8%
  G: 21.5%
  T: 28.6%
  none/other: 0.0%

Overview of removed sequences
length	count	expect	max.err	error counts
3	33568	43457.8	0	33568
4	13576	10864.5	0	13576
5	2742	2716.1	0	2742
6	665	679.0	0	665
7	116	169.8	0	116
8	39	42.4	0	39
9	161	10.6	0	10 151
10	237	2.7	1	4 233
11	63	0.7	1	1 62
12	9	0.2	1	0 9
13	2	0.0	1	0 2
124	1	0.0	3	0 0 1
134	1	0.0	3	0 1


=== Second read: Adapter PrefixPE/2 ===

Sequence: GTGACTGGAGTTCAGACGTGTGCTCTTCCGATCT; Type: regular 3'; Length: 34; Trimmed: 49916 times

No. of allowed errors:
0-9 bp: 0; 10-19 bp: 1; 20-29 bp: 2; 30-34 bp: 3

Bases preceding removed adapters:
  A: 26.9%
  C: 15.3%
  G: 25.2%
  T: 32.6%
  none/other: 0.0%

Overview of removed sequences
length	count	expect	max.err	error counts
3	38365	43457.8	0	38365
4	9353	10864.5	0	9353
5	1520	2716.1	0	1520
6	406	679.0	0	406
7	89	169.8	0	89
8	24	42.4	0	24
9	64	10.6	0	7 57
10	64	2.7	1	3 61
11	22	0.7	1	0 22
12	5	0.2	1	0 5
13	3	0.0	1	0 3
94	1	0.0	3	0 0 0 1
