This is cutadapt 2.9 with Python 3.6.6
Command line parameters: --interleaved -a file:/nas02/apps/trimmomatic-0.36/Trimmomatic-0.36/adapters/TruSeq3-PE.fa -A file:/nas02/apps/trimmomatic-0.36/Trimmomatic-0.36/adapters/TruSeq3-PE.fa -m 30 /nas/longleaf/home/zpopkinh/Pvivax_resources/wgs_pe_improved_global/fastq/ERR5740749/ERR5740749_1.fastq.gz /nas/longleaf/home/zpopkinh/Pvivax_resources/wgs_pe_improved_global/fastq/ERR5740749/ERR5740749_2.fastq.gz
Processing reads on 1 core in paired-end mode ...
Finished in 461.91 s (135 us/read; 0.44 M reads/minute).

=== Summary ===

Total read pairs processed:          3,416,020
  Read 1 with adapter:                 125,038 (3.7%)
  Read 2 with adapter:                 122,047 (3.6%)
Pairs written (passing filters):     3,416,015 (100.0%)

Total basepairs processed: 1,031,638,040 bp
  Read 1:   515,819,020 bp
  Read 2:   515,819,020 bp
Total written (filtered):  1,030,796,780 bp (99.9%)
  Read 1:   515,393,426 bp
  Read 2:   515,403,354 bp

=== First read: Adapter PrefixPE/1 ===

Sequence: TACACTCTTTCCCTACACGACGCTCTTCCGATCT; Type: regular 3'; Length: 34; Trimmed: 59551 times

No. of allowed errors:
0-9 bp: 0; 10-19 bp: 1; 20-29 bp: 2; 30-34 bp: 3

Bases preceding removed adapters:
  A: 29.4%
  C: 22.4%
  G: 18.5%
  T: 29.7%
  none/other: 0.0%

Overview of removed sequences
length	count	expect	max.err	error counts
3	39477	53375.3	0	39477
4	15826	13343.8	0	15826
5	2776	3336.0	0	2776
6	778	834.0	0	778
7	125	208.5	0	125
8	52	52.1	0	52
9	172	13.0	0	16 156
10	244	3.3	1	3 241
11	72	0.8	1	0 72
12	19	0.2	1	0 19
13	7	0.1	1	0 7
15	1	0.0	1	0 1
151	2	0.0	3	0 0 0 2


=== First read: Adapter PrefixPE/2 ===

Sequence: GTGACTGGAGTTCAGACGTGTGCTCTTCCGATCT; Type: regular 3'; Length: 34; Trimmed: 65487 times

No. of allowed errors:
0-9 bp: 0; 10-19 bp: 1; 20-29 bp: 2; 30-34 bp: 3

Bases preceding removed adapters:
  A: 29.1%
  C: 9.4%
  G: 25.4%
  T: 36.1%
  none/other: 0.0%

Overview of removed sequences
length	count	expect	max.err	error counts
3	49404	53375.3	0	49404
4	12883	13343.8	0	12883
5	2065	3336.0	0	2065
6	670	834.0	0	670
7	157	208.5	0	157
8	36	52.1	0	36
9	114	13.0	0	8 106
10	102	3.3	1	2 100
11	44	0.8	1	0 44
12	9	0.2	1	0 9
13	2	0.1	1	0 2
14	1	0.0	1	0 1


=== Second read: Adapter PrefixPE/1 ===

Sequence: TACACTCTTTCCCTACACGACGCTCTTCCGATCT; Type: regular 3'; Length: 34; Trimmed: 57983 times

No. of allowed errors:
0-9 bp: 0; 10-19 bp: 1; 20-29 bp: 2; 30-34 bp: 3

Bases preceding removed adapters:
  A: 29.9%
  C: 23.6%
  G: 18.4%
  T: 28.2%
  none/other: 0.0%

Overview of removed sequences
length	count	expect	max.err	error counts
3	38627	53375.3	0	38627
4	14842	13343.8	0	14842
5	3014	3336.0	0	3014
6	750	834.0	0	750
7	147	208.5	0	147
8	55	52.1	0	55
9	187	13.0	0	18 169
10	246	3.3	1	8 238
11	89	0.8	1	0 89
12	14	0.2	1	0 14
13	6	0.1	1	0 6
14	3	0.0	1	0 3
151	3	0.0	3	0 1 0 2


=== Second read: Adapter PrefixPE/2 ===

Sequence: GTGACTGGAGTTCAGACGTGTGCTCTTCCGATCT; Type: regular 3'; Length: 34; Trimmed: 64064 times

No. of allowed errors:
0-9 bp: 0; 10-19 bp: 1; 20-29 bp: 2; 30-34 bp: 3

Bases preceding removed adapters:
  A: 28.0%
  C: 11.7%
  G: 25.3%
  T: 35.0%
  none/other: 0.0%

Overview of removed sequences
length	count	expect	max.err	error counts
3	48885	53375.3	0	48885
4	11939	13343.8	0	11939
5	2094	3336.0	0	2094
6	648	834.0	0	648
7	158	208.5	0	158
8	63	52.1	0	63
9	113	13.0	0	11 102
10	98	3.3	1	1 97
11	48	0.8	1	1 47
12	9	0.2	1	0 9
13	7	0.1	1	0 7
14	1	0.0	1	0 1
96	1	0.0	3	0 0 1
