This is cutadapt 2.9 with Python 3.6.6
Command line parameters: --interleaved -a file:/nas02/apps/trimmomatic-0.36/Trimmomatic-0.36/adapters/TruSeq3-PE.fa -A file:/nas02/apps/trimmomatic-0.36/Trimmomatic-0.36/adapters/TruSeq3-PE.fa -m 30 /nas/longleaf/home/zpopkinh/Pvivax_resources/wgs_pe_improved_global/fastq/SRS941624/SRR2037086_1.fastq.gz /nas/longleaf/home/zpopkinh/Pvivax_resources/wgs_pe_improved_global/fastq/SRS941624/SRR2037086_2.fastq.gz
Processing reads on 1 core in paired-end mode ...
Finished in 1368.19 s (90 us/read; 0.66 M reads/minute).

=== Summary ===

Total read pairs processed:         15,153,054
  Read 1 with adapter:                 564,826 (3.7%)
  Read 2 with adapter:                 567,022 (3.7%)
Pairs written (passing filters):    15,153,054 (100.0%)

Total basepairs processed: 3,788,263,500 bp
  Read 1: 1,894,131,750 bp
  Read 2: 1,894,131,750 bp
Total written (filtered):  3,784,390,766 bp (99.9%)
  Read 1: 1,892,199,719 bp
  Read 2: 1,892,191,047 bp

=== First read: Adapter PrefixPE/1 ===

Sequence: TACACTCTTTCCCTACACGACGCTCTTCCGATCT; Type: regular 3'; Length: 34; Trimmed: 275240 times

No. of allowed errors:
0-9 bp: 0; 10-19 bp: 1; 20-29 bp: 2; 30-34 bp: 3

Bases preceding removed adapters:
  A: 30.7%
  C: 21.5%
  G: 16.8%
  T: 31.0%
  none/other: 0.0%

Overview of removed sequences
length	count	expect	max.err	error counts
3	179607	236766.5	0	179607
4	76318	59191.6	0	76318
5	12146	14797.9	0	12146
6	3378	3699.5	0	3378
7	699	924.9	0	699
8	214	231.2	0	214
9	746	57.8	0	73 673
10	1574	14.5	1	47 1527
11	423	3.6	1	4 419
12	94	0.9	1	2 92
13	32	0.2	1	0 32
14	8	0.1	1	0 8
15	1	0.0	1	0 1


=== First read: Adapter PrefixPE/2 ===

Sequence: GTGACTGGAGTTCAGACGTGTGCTCTTCCGATCT; Type: regular 3'; Length: 34; Trimmed: 289586 times

No. of allowed errors:
0-9 bp: 0; 10-19 bp: 1; 20-29 bp: 2; 30-34 bp: 3

Bases preceding removed adapters:
  A: 31.1%
  C: 6.8%
  G: 24.2%
  T: 38.0%
  none/other: 0.0%

Overview of removed sequences
length	count	expect	max.err	error counts
3	214115	236766.5	0	214115
4	60044	59191.6	0	60044
5	9843	14797.9	0	9843
6	3288	3699.5	0	3288
7	802	924.9	0	802
8	184	231.2	0	184
9	499	57.8	0	53 446
10	513	14.5	1	17 496
11	215	3.6	1	4 211
12	65	0.9	1	3 62
13	14	0.2	1	1 13
14	1	0.1	1	0 1
15	3	0.0	1	0 3


=== Second read: Adapter PrefixPE/1 ===

Sequence: TACACTCTTTCCCTACACGACGCTCTTCCGATCT; Type: regular 3'; Length: 34; Trimmed: 277620 times

No. of allowed errors:
0-9 bp: 0; 10-19 bp: 1; 20-29 bp: 2; 30-34 bp: 3

Bases preceding removed adapters:
  A: 30.6%
  C: 21.7%
  G: 16.7%
  T: 31.0%
  none/other: 0.0%

Overview of removed sequences
length	count	expect	max.err	error counts
3	180786	236766.5	0	180786
4	77118	59191.6	0	77118
5	12399	14797.9	0	12399
6	3484	3699.5	0	3484
7	701	924.9	0	701
8	226	231.2	0	226
9	749	57.8	0	70 679
10	1596	14.5	1	30 1566
11	439	3.6	1	6 433
12	88	0.9	1	0 88
13	23	0.2	1	2 21
14	10	0.1	1	0 10
15	1	0.0	1	0 1


=== Second read: Adapter PrefixPE/2 ===

Sequence: GTGACTGGAGTTCAGACGTGTGCTCTTCCGATCT; Type: regular 3'; Length: 34; Trimmed: 289402 times

No. of allowed errors:
0-9 bp: 0; 10-19 bp: 1; 20-29 bp: 2; 30-34 bp: 3

Bases preceding removed adapters:
  A: 30.6%
  C: 7.1%
  G: 24.5%
  T: 37.8%
  none/other: 0.0%

Overview of removed sequences
length	count	expect	max.err	error counts
3	213749	236766.5	0	213749
4	60206	59191.6	0	60206
5	9970	14797.9	0	9970
6	3180	3699.5	0	3180
7	754	924.9	0	754
8	209	231.2	0	209
9	476	57.8	0	59 417
10	555	14.5	1	22 533
11	225	3.6	1	3 222
12	64	0.9	1	1 63
13	10	0.2	1	0 10
14	2	0.1	1	0 2
15	1	0.0	1	0 1
18	1	0.0	1	0 0 1
