This is cutadapt 2.9 with Python 3.6.6
Command line parameters: --interleaved -a file:/nas02/apps/trimmomatic-0.36/Trimmomatic-0.36/adapters/TruSeq3-PE.fa -A file:/nas02/apps/trimmomatic-0.36/Trimmomatic-0.36/adapters/TruSeq3-PE.fa -m 30 /nas/longleaf/home/zpopkinh/Pvivax_resources/wgs_pe_improved_global/fastq/ERR5740806/ERR5740806_1.fastq.gz /nas/longleaf/home/zpopkinh/Pvivax_resources/wgs_pe_improved_global/fastq/ERR5740806/ERR5740806_2.fastq.gz
Processing reads on 1 core in paired-end mode ...
Finished in 495.94 s (143 us/read; 0.42 M reads/minute).

=== Summary ===

Total read pairs processed:          3,456,760
  Read 1 with adapter:                 127,682 (3.7%)
  Read 2 with adapter:                 125,016 (3.6%)
Pairs written (passing filters):     3,456,757 (100.0%)

Total basepairs processed: 1,043,941,520 bp
  Read 1:   521,970,760 bp
  Read 2:   521,970,760 bp
Total written (filtered):  1,043,082,165 bp (99.9%)
  Read 1:   521,536,585 bp
  Read 2:   521,545,580 bp

=== First read: Adapter PrefixPE/1 ===

Sequence: TACACTCTTTCCCTACACGACGCTCTTCCGATCT; Type: regular 3'; Length: 34; Trimmed: 63196 times

No. of allowed errors:
0-9 bp: 0; 10-19 bp: 1; 20-29 bp: 2; 30-34 bp: 3

Bases preceding removed adapters:
  A: 29.0%
  C: 20.4%
  G: 21.3%
  T: 29.3%
  none/other: 0.0%

Overview of removed sequences
length	count	expect	max.err	error counts
3	41452	54011.9	0	41452
4	16831	13503.0	0	16831
5	3367	3375.7	0	3367
6	749	843.9	0	749
7	158	211.0	0	158
8	26	52.7	0	26
9	232	13.2	0	22 210
10	251	3.3	1	5 246
11	96	0.8	1	0 96
12	20	0.2	1	0 20
13	6	0.1	1	0 6
14	4	0.0	1	0 4
78	1	0.0	3	0 0 1
95	1	0.0	3	1
104	1	0.0	3	0 0 0 1
151	1	0.0	3	0 1


=== First read: Adapter PrefixPE/2 ===

Sequence: GTGACTGGAGTTCAGACGTGTGCTCTTCCGATCT; Type: regular 3'; Length: 34; Trimmed: 64486 times

No. of allowed errors:
0-9 bp: 0; 10-19 bp: 1; 20-29 bp: 2; 30-34 bp: 3

Bases preceding removed adapters:
  A: 26.9%
  C: 13.6%
  G: 25.4%
  T: 34.1%
  none/other: 0.0%

Overview of removed sequences
length	count	expect	max.err	error counts
3	49580	54011.9	0	49580
4	11996	13503.0	0	11996
5	2057	3375.7	0	2057
6	504	843.9	0	504
7	118	211.0	0	118
8	39	52.7	0	39
9	66	13.2	0	5 61
10	72	3.3	1	2 70
11	43	0.8	1	0 43
12	8	0.2	1	0 8
13	2	0.1	1	0 2
14	1	0.0	1	0 1


=== Second read: Adapter PrefixPE/1 ===

Sequence: TACACTCTTTCCCTACACGACGCTCTTCCGATCT; Type: regular 3'; Length: 34; Trimmed: 61697 times

No. of allowed errors:
0-9 bp: 0; 10-19 bp: 1; 20-29 bp: 2; 30-34 bp: 3

Bases preceding removed adapters:
  A: 29.1%
  C: 21.2%
  G: 21.1%
  T: 28.6%
  none/other: 0.0%

Overview of removed sequences
length	count	expect	max.err	error counts
3	40311	54011.9	0	40311
4	16527	13503.0	0	16527
5	3328	3375.7	0	3328
6	764	843.9	0	764
7	155	211.0	0	155
8	46	52.7	0	46
9	195	13.2	0	23 172
10	251	3.3	1	5 246
11	88	0.8	1	0 88
12	20	0.2	1	1 19
13	5	0.1	1	1 4
14	3	0.0	1	0 3
15	1	0.0	1	0 1
109	1	0.0	3	0 1
125	1	0.0	3	1
151	1	0.0	3	0 1


=== Second read: Adapter PrefixPE/2 ===

Sequence: GTGACTGGAGTTCAGACGTGTGCTCTTCCGATCT; Type: regular 3'; Length: 34; Trimmed: 63319 times

No. of allowed errors:
0-9 bp: 0; 10-19 bp: 1; 20-29 bp: 2; 30-34 bp: 3

Bases preceding removed adapters:
  A: 26.6%
  C: 14.7%
  G: 25.3%
  T: 33.4%
  none/other: 0.0%

Overview of removed sequences
length	count	expect	max.err	error counts
3	48888	54011.9	0	48888
4	11491	13503.0	0	11491
5	2044	3375.7	0	2044
6	520	843.9	0	520
7	142	211.0	0	142
8	27	52.7	0	27
9	72	13.2	0	3 69
10	89	3.3	1	3 86
11	31	0.8	1	0 31
12	10	0.2	1	0 10
13	4	0.1	1	0 4
76	1	0.0	3	0 1
