This is cutadapt 2.9 with Python 3.6.6
Command line parameters: --interleaved -a file:/nas02/apps/trimmomatic-0.36/Trimmomatic-0.36/adapters/TruSeq3-PE.fa -A file:/nas02/apps/trimmomatic-0.36/Trimmomatic-0.36/adapters/TruSeq3-PE.fa -m 30 /nas/longleaf/home/zpopkinh/Pvivax_resources/wgs_pe_improved_global/fastq/ERS792649/ERR1138882_1.fastq.gz /nas/longleaf/home/zpopkinh/Pvivax_resources/wgs_pe_improved_global/fastq/ERS792649/ERR1138882_2.fastq.gz
Processing reads on 1 core in paired-end mode ...
Finished in 472.44 s (81 us/read; 0.74 M reads/minute).

=== Summary ===

Total read pairs processed:          5,808,535
  Read 1 with adapter:                 211,934 (3.6%)
  Read 2 with adapter:                 210,237 (3.6%)
Pairs written (passing filters):     5,808,535 (100.0%)

Total basepairs processed: 1,161,707,000 bp
  Read 1:   580,853,500 bp
  Read 2:   580,853,500 bp
Total written (filtered):  1,160,281,536 bp (99.9%)
  Read 1:   580,138,109 bp
  Read 2:   580,143,427 bp

=== First read: Adapter PrefixPE/1 ===

Sequence: TACACTCTTTCCCTACACGACGCTCTTCCGATCT; Type: regular 3'; Length: 34; Trimmed: 113209 times

No. of allowed errors:
0-9 bp: 0; 10-19 bp: 1; 20-29 bp: 2; 30-34 bp: 3

Bases preceding removed adapters:
  A: 28.5%
  C: 18.5%
  G: 24.0%
  T: 28.9%
  none/other: 0.0%

Overview of removed sequences
length	count	expect	max.err	error counts
3	75378	90758.4	0	75378
4	29377	22689.6	0	29377
5	5942	5672.4	0	5942
6	1305	1418.1	0	1305
7	254	354.5	0	254
8	57	88.6	0	57
9	325	22.2	0	21 304
10	416	5.5	1	3 413
11	120	1.4	1	2 118
12	28	0.3	1	1 27
13	4	0.1	1	0 4
14	3	0.0	1	0 3


=== First read: Adapter PrefixPE/2 ===

Sequence: GTGACTGGAGTTCAGACGTGTGCTCTTCCGATCT; Type: regular 3'; Length: 34; Trimmed: 98725 times

No. of allowed errors:
0-9 bp: 0; 10-19 bp: 1; 20-29 bp: 2; 30-34 bp: 3

Bases preceding removed adapters:
  A: 24.2%
  C: 17.9%
  G: 25.3%
  T: 32.6%
  none/other: 0.0%

Overview of removed sequences
length	count	expect	max.err	error counts
3	77564	90758.4	0	77564
4	17422	22689.6	0	17422
5	2725	5672.4	0	2725
6	644	1418.1	0	644
7	110	354.5	0	110
8	26	88.6	0	26
9	109	22.2	0	9 100
10	81	5.5	1	1 80
11	28	1.4	1	0 28
12	14	0.3	1	0 14
13	2	0.1	1	0 2


=== Second read: Adapter PrefixPE/1 ===

Sequence: TACACTCTTTCCCTACACGACGCTCTTCCGATCT; Type: regular 3'; Length: 34; Trimmed: 112765 times

No. of allowed errors:
0-9 bp: 0; 10-19 bp: 1; 20-29 bp: 2; 30-34 bp: 3

Bases preceding removed adapters:
  A: 28.5%
  C: 18.9%
  G: 23.5%
  T: 29.1%
  none/other: 0.0%

Overview of removed sequences
length	count	expect	max.err	error counts
3	74929	90758.4	0	74929
4	29349	22689.6	0	29349
5	5937	5672.4	0	5937
6	1280	1418.1	0	1280
7	285	354.5	0	285
8	56	88.6	0	56
9	327	22.2	0	29 298
10	446	5.5	1	5 441
11	117	1.4	1	0 117
12	31	0.3	1	0 31
13	5	0.1	1	0 5
14	3	0.0	1	0 3


=== Second read: Adapter PrefixPE/2 ===

Sequence: GTGACTGGAGTTCAGACGTGTGCTCTTCCGATCT; Type: regular 3'; Length: 34; Trimmed: 97472 times

No. of allowed errors:
0-9 bp: 0; 10-19 bp: 1; 20-29 bp: 2; 30-34 bp: 3

Bases preceding removed adapters:
  A: 24.2%
  C: 17.9%
  G: 25.7%
  T: 32.3%
  none/other: 0.0%

Overview of removed sequences
length	count	expect	max.err	error counts
3	76719	90758.4	0	76719
4	17105	22689.6	0	17105
5	2610	5672.4	0	2610
6	649	1418.1	0	649
7	135	354.5	0	135
8	17	88.6	0	17
9	112	22.2	0	6 106
10	84	5.5	1	6 78
11	31	1.4	1	1 30
12	8	0.3	1	0 8
13	2	0.1	1	0 2
