This is cutadapt 2.9 with Python 3.6.6
Command line parameters: --interleaved -a file:/nas02/apps/trimmomatic-0.36/Trimmomatic-0.36/adapters/TruSeq3-PE.fa -A file:/nas02/apps/trimmomatic-0.36/Trimmomatic-0.36/adapters/TruSeq3-PE.fa -m 30 /nas/longleaf/home/zpopkinh/Pvivax_resources/wgs_pe_improved_global/fastq/ERR5740767/ERR5740767_1.fastq.gz /nas/longleaf/home/zpopkinh/Pvivax_resources/wgs_pe_improved_global/fastq/ERR5740767/ERR5740767_2.fastq.gz
Processing reads on 1 core in paired-end mode ...
Finished in 418.36 s (132 us/read; 0.45 M reads/minute).

=== Summary ===

Total read pairs processed:          3,160,949
  Read 1 with adapter:                 115,947 (3.7%)
  Read 2 with adapter:                 113,845 (3.6%)
Pairs written (passing filters):     3,160,946 (100.0%)

Total basepairs processed:   954,606,598 bp
  Read 1:   477,303,299 bp
  Read 2:   477,303,299 bp
Total written (filtered):    953,825,896 bp (99.9%)
  Read 1:   476,909,218 bp
  Read 2:   476,916,678 bp

=== First read: Adapter PrefixPE/1 ===

Sequence: TACACTCTTTCCCTACACGACGCTCTTCCGATCT; Type: regular 3'; Length: 34; Trimmed: 53057 times

No. of allowed errors:
0-9 bp: 0; 10-19 bp: 1; 20-29 bp: 2; 30-34 bp: 3

Bases preceding removed adapters:
  A: 27.6%
  C: 23.9%
  G: 20.2%
  T: 28.2%
  none/other: 0.0%

Overview of removed sequences
length	count	expect	max.err	error counts
3	35238	49389.8	0	35238
4	13723	12347.5	0	13723
5	2753	3086.9	0	2753
6	632	771.7	0	632
7	164	192.9	0	164
8	46	48.2	0	46
9	183	12.1	0	18 165
10	222	3.0	1	4 218
11	75	0.8	1	0 75
12	12	0.2	1	1 11
13	4	0.0	1	0 4
14	1	0.0	1	0 1
15	2	0.0	1	0 2
72	1	0.0	3	0 0 1
73	1	0.0	3	0 0 1


=== First read: Adapter PrefixPE/2 ===

Sequence: GTGACTGGAGTTCAGACGTGTGCTCTTCCGATCT; Type: regular 3'; Length: 34; Trimmed: 62890 times

No. of allowed errors:
0-9 bp: 0; 10-19 bp: 1; 20-29 bp: 2; 30-34 bp: 3

Bases preceding removed adapters:
  A: 27.5%
  C: 12.1%
  G: 26.5%
  T: 33.9%
  none/other: 0.0%

Overview of removed sequences
length	count	expect	max.err	error counts
3	47989	49389.8	0	47989
4	11874	12347.5	0	11874
5	2023	3086.9	0	2023
6	546	771.7	0	546
7	159	192.9	0	159
8	40	48.2	0	40
9	91	12.1	0	7 84
10	96	3.0	1	4 92
11	53	0.8	1	0 53
12	13	0.2	1	0 13
13	4	0.0	1	0 4
15	1	0.0	1	0 1
143	1	0.0	3	1


=== Second read: Adapter PrefixPE/1 ===

Sequence: TACACTCTTTCCCTACACGACGCTCTTCCGATCT; Type: regular 3'; Length: 34; Trimmed: 52326 times

No. of allowed errors:
0-9 bp: 0; 10-19 bp: 1; 20-29 bp: 2; 30-34 bp: 3

Bases preceding removed adapters:
  A: 28.3%
  C: 23.7%
  G: 20.6%
  T: 27.4%
  none/other: 0.0%

Overview of removed sequences
length	count	expect	max.err	error counts
3	34754	49389.8	0	34754
4	13371	12347.5	0	13371
5	2861	3086.9	0	2861
6	632	771.7	0	632
7	162	192.9	0	162
8	46	48.2	0	46
9	143	12.1	0	17 126
10	249	3.0	1	10 239
11	83	0.8	1	0 83
12	13	0.2	1	0 13
13	8	0.0	1	0 8
14	3	0.0	1	0 3
151	1	0.0	3	0 0 0 1


=== Second read: Adapter PrefixPE/2 ===

Sequence: GTGACTGGAGTTCAGACGTGTGCTCTTCCGATCT; Type: regular 3'; Length: 34; Trimmed: 61519 times

No. of allowed errors:
0-9 bp: 0; 10-19 bp: 1; 20-29 bp: 2; 30-34 bp: 3

Bases preceding removed adapters:
  A: 27.1%
  C: 13.5%
  G: 26.9%
  T: 32.5%
  none/other: 0.0%

Overview of removed sequences
length	count	expect	max.err	error counts
3	47259	49389.8	0	47259
4	11413	12347.5	0	11413
5	1855	3086.9	0	1855
6	547	771.7	0	547
7	155	192.9	0	155
8	38	48.2	0	38
9	115	12.1	0	7 108
10	85	3.0	1	2 83
11	33	0.8	1	0 33
12	13	0.2	1	0 13
13	4	0.0	1	0 4
102	1	0.0	3	0 1
143	1	0.0	3	0 0 1
