This is cutadapt 2.9 with Python 3.6.6
Command line parameters: --interleaved -a file:/nas02/apps/trimmomatic-0.36/Trimmomatic-0.36/adapters/TruSeq3-PE.fa -A file:/nas02/apps/trimmomatic-0.36/Trimmomatic-0.36/adapters/TruSeq3-PE.fa -m 30 /nas/longleaf/home/zpopkinh/Pvivax_resources/wgs_pe_improved_global/fastq/SRS694226/SRR1567992_1.fastq.gz /nas/longleaf/home/zpopkinh/Pvivax_resources/wgs_pe_improved_global/fastq/SRS694226/SRR1567992_2.fastq.gz
Processing reads on 1 core in paired-end mode ...
Finished in 31.36 s (57 us/read; 1.06 M reads/minute).

=== Summary ===

Total read pairs processed:            554,441
  Read 1 with adapter:                  18,533 (3.3%)
  Read 2 with adapter:                  20,749 (3.7%)
Pairs written (passing filters):       554,440 (100.0%)

Total basepairs processed:   111,997,082 bp
  Read 1:    55,998,541 bp
  Read 2:    55,998,541 bp
Total written (filtered):    111,865,836 bp (99.9%)
  Read 1:    55,936,111 bp
  Read 2:    55,929,725 bp

=== First read: Adapter PrefixPE/1 ===

Sequence: TACACTCTTTCCCTACACGACGCTCTTCCGATCT; Type: regular 3'; Length: 34; Trimmed: 8335 times

No. of allowed errors:
0-9 bp: 0; 10-19 bp: 1; 20-29 bp: 2; 30-34 bp: 3

Bases preceding removed adapters:
  A: 24.0%
  C: 23.6%
  G: 26.9%
  T: 25.5%
  none/other: 0.0%

Overview of removed sequences
length	count	expect	max.err	error counts
3	5673	8663.1	0	5673
4	1927	2165.8	0	1927
5	536	541.4	0	536
6	103	135.4	0	103
7	27	33.8	0	27
8	5	8.5	0	5
9	25	2.1	0	0 25
10	29	0.5	1	0 29
11	8	0.1	1	0 8
13	1	0.0	1	1
14	1	0.0	1	0 1


=== First read: Adapter PrefixPE/2 ===

Sequence: GTGACTGGAGTTCAGACGTGTGCTCTTCCGATCT; Type: regular 3'; Length: 34; Trimmed: 10198 times

No. of allowed errors:
0-9 bp: 0; 10-19 bp: 1; 20-29 bp: 2; 30-34 bp: 3

Bases preceding removed adapters:
  A: 22.6%
  C: 19.7%
  G: 28.9%
  T: 28.7%
  none/other: 0.0%

Overview of removed sequences
length	count	expect	max.err	error counts
3	7994	8663.1	0	7994
4	1779	2165.8	0	1779
5	318	541.4	0	318
6	63	135.4	0	63
7	14	33.8	0	14
8	4	8.5	0	4
9	13	2.1	0	2 11
10	11	0.5	1	0 11
11	2	0.1	1	0 2


=== Second read: Adapter PrefixPE/1 ===

Sequence: TACACTCTTTCCCTACACGACGCTCTTCCGATCT; Type: regular 3'; Length: 34; Trimmed: 8095 times

No. of allowed errors:
0-9 bp: 0; 10-19 bp: 1; 20-29 bp: 2; 30-34 bp: 3

Bases preceding removed adapters:
  A: 23.3%
  C: 23.5%
  G: 27.8%
  T: 25.3%
  none/other: 0.0%

Overview of removed sequences
length	count	expect	max.err	error counts
3	5472	8663.1	0	5472
4	1937	2165.8	0	1937
5	511	541.4	0	511
6	101	135.4	0	101
7	22	33.8	0	22
8	3	8.5	0	3
9	15	2.1	0	1 14
10	21	0.5	1	0 21
11	10	0.1	1	0 10
12	1	0.0	1	0 1
13	2	0.0	1	0 2


=== Second read: Adapter PrefixPE/2 ===

Sequence: GTGACTGGAGTTCAGACGTGTGCTCTTCCGATCT; Type: regular 3'; Length: 34; Trimmed: 12654 times

No. of allowed errors:
0-9 bp: 0; 10-19 bp: 1; 20-29 bp: 2; 30-34 bp: 3

Bases preceding removed adapters:
  A: 23.1%
  C: 31.1%
  G: 23.1%
  T: 22.6%
  none/other: 0.0%

Overview of removed sequences
length	count	expect	max.err	error counts
3	10494	8663.1	0	10494
4	1767	2165.8	0	1767
5	295	541.4	0	295
6	56	135.4	0	56
7	14	33.8	0	14
8	2	8.5	0	2
9	12	2.1	0	1 11
10	8	0.5	1	0 8
11	4	0.1	1	0 4
12	1	0.0	1	0 1
93	1	0.0	3	0 0 0 1
