This is cutadapt 2.9 with Python 3.6.6
Command line parameters: --interleaved -a file:/nas02/apps/trimmomatic-0.36/Trimmomatic-0.36/adapters/TruSeq3-PE.fa -A file:/nas02/apps/trimmomatic-0.36/Trimmomatic-0.36/adapters/TruSeq3-PE.fa -m 30 /nas/longleaf/home/zpopkinh/Pvivax_resources/wgs_pe_improved_global/fastq/SRS694226/SRR1564919_1.fastq.gz /nas/longleaf/home/zpopkinh/Pvivax_resources/wgs_pe_improved_global/fastq/SRS694226/SRR1564919_2.fastq.gz
Processing reads on 1 core in paired-end mode ...
Finished in 20.48 s (45 us/read; 1.32 M reads/minute).

=== Summary ===

Total read pairs processed:            450,837
  Read 1 with adapter:                  14,969 (3.3%)
  Read 2 with adapter:                  16,945 (3.8%)
Pairs written (passing filters):       450,545 (99.9%)

Total basepairs processed:    91,069,074 bp
  Read 1:    45,534,537 bp
  Read 2:    45,534,537 bp
Total written (filtered):     90,904,668 bp (99.8%)
  Read 1:    45,454,689 bp
  Read 2:    45,449,979 bp

=== First read: Adapter PrefixPE/1 ===

Sequence: TACACTCTTTCCCTACACGACGCTCTTCCGATCT; Type: regular 3'; Length: 34; Trimmed: 6886 times

No. of allowed errors:
0-9 bp: 0; 10-19 bp: 1; 20-29 bp: 2; 30-34 bp: 3

Bases preceding removed adapters:
  A: 24.4%
  C: 23.0%
  G: 27.8%
  T: 24.8%
  none/other: 0.0%

Overview of removed sequences
length	count	expect	max.err	error counts
3	4533	7044.3	0	4533
4	1823	1761.1	0	1823
5	375	440.3	0	375
6	73	110.1	0	73
7	17	27.5	0	17
8	5	6.9	0	5
9	24	1.7	0	3 21
10	31	0.4	1	0 31
11	1	0.1	1	0 1
12	4	0.0	1	0 4


=== First read: Adapter PrefixPE/2 ===

Sequence: GTGACTGGAGTTCAGACGTGTGCTCTTCCGATCT; Type: regular 3'; Length: 34; Trimmed: 8083 times

No. of allowed errors:
0-9 bp: 0; 10-19 bp: 1; 20-29 bp: 2; 30-34 bp: 3

Bases preceding removed adapters:
  A: 21.9%
  C: 19.4%
  G: 28.9%
  T: 29.8%
  none/other: 0.0%

Overview of removed sequences
length	count	expect	max.err	error counts
3	6386	7044.3	0	6386
4	1372	1761.1	0	1372
5	241	440.3	0	241
6	45	110.1	0	45
7	17	27.5	0	17
8	1	6.9	0	1
9	15	1.7	0	0 15
10	5	0.4	1	1 4
11	1	0.1	1	0 1


=== Second read: Adapter PrefixPE/1 ===

Sequence: TACACTCTTTCCCTACACGACGCTCTTCCGATCT; Type: regular 3'; Length: 34; Trimmed: 6422 times

No. of allowed errors:
0-9 bp: 0; 10-19 bp: 1; 20-29 bp: 2; 30-34 bp: 3

Bases preceding removed adapters:
  A: 23.5%
  C: 23.9%
  G: 27.2%
  T: 25.4%
  none/other: 0.0%

Overview of removed sequences
length	count	expect	max.err	error counts
3	4403	7044.3	0	4403
4	1485	1761.1	0	1485
5	413	440.3	0	413
6	59	110.1	0	59
7	15	27.5	0	15
8	5	6.9	0	5
9	15	1.7	0	1 14
10	21	0.4	1	1 20
11	6	0.1	1	0 6


=== Second read: Adapter PrefixPE/2 ===

Sequence: GTGACTGGAGTTCAGACGTGTGCTCTTCCGATCT; Type: regular 3'; Length: 34; Trimmed: 10523 times

No. of allowed errors:
0-9 bp: 0; 10-19 bp: 1; 20-29 bp: 2; 30-34 bp: 3

Bases preceding removed adapters:
  A: 21.9%
  C: 29.5%
  G: 23.7%
  T: 24.9%
  none/other: 0.0%

Overview of removed sequences
length	count	expect	max.err	error counts
3	8478	7044.3	0	8478
4	1456	1761.1	0	1456
5	224	440.3	0	224
6	36	110.1	0	36
7	15	27.5	0	15
8	4	6.9	0	4
9	7	1.7	0	0 7
10	8	0.4	1	0 8
11	2	0.1	1	0 2
46	1	0.0	3	0 0 0 1
92	5	0.0	3	0 0 1 4
93	280	0.0	3	0 33 101 146
94	5	0.0	3	0 2 2 1
95	1	0.0	3	0 0 1
98	1	0.0	3	0 0 0 1
