This is cutadapt 2.9 with Python 3.6.6
Command line parameters: --interleaved -a file:/nas02/apps/trimmomatic-0.36/Trimmomatic-0.36/adapters/TruSeq3-PE.fa -A file:/nas02/apps/trimmomatic-0.36/Trimmomatic-0.36/adapters/TruSeq3-PE.fa -m 30 /nas/longleaf/home/zpopkinh/Pvivax_resources/wgs_pe_improved_global/fastq/ERR5748166/ERR5748166_1.fastq.gz /nas/longleaf/home/zpopkinh/Pvivax_resources/wgs_pe_improved_global/fastq/ERR5748166/ERR5748166_2.fastq.gz
Processing reads on 1 core in paired-end mode ...
Finished in 1136.59 s (166 us/read; 0.36 M reads/minute).

=== Summary ===

Total read pairs processed:          6,847,838
  Read 1 with adapter:                 248,539 (3.6%)
  Read 2 with adapter:                 237,610 (3.5%)
Pairs written (passing filters):     6,847,832 (100.0%)

Total basepairs processed: 2,068,047,076 bp
  Read 1: 1,034,023,538 bp
  Read 2: 1,034,023,538 bp
Total written (filtered):  2,066,393,070 bp (99.9%)
  Read 1: 1,033,175,114 bp
  Read 2: 1,033,217,956 bp

=== First read: Adapter PrefixPE/1 ===

Sequence: TACACTCTTTCCCTACACGACGCTCTTCCGATCT; Type: regular 3'; Length: 34; Trimmed: 116309 times

No. of allowed errors:
0-9 bp: 0; 10-19 bp: 1; 20-29 bp: 2; 30-34 bp: 3

Bases preceding removed adapters:
  A: 29.5%
  C: 22.6%
  G: 17.4%
  T: 30.4%
  none/other: 0.0%

Overview of removed sequences
length	count	expect	max.err	error counts
3	76600	106997.5	0	76600
4	31105	26749.4	0	31105
5	5557	6687.3	0	5557
6	1469	1671.8	0	1469
7	298	418.0	0	298
8	90	104.5	0	90
9	342	26.1	0	31 311
10	589	6.5	1	16 573
11	198	1.6	1	6 192
12	42	0.4	1	0 42
13	6	0.1	1	0 6
14	4	0.0	1	0 4
15	1	0.0	1	0 1
34	1	0.0	3	0 0 1
65	1	0.0	3	0 0 1
80	1	0.0	3	0 0 0 1
96	1	0.0	3	0 1
100	1	0.0	3	1
105	2	0.0	3	0 0 2
151	1	0.0	3	0 0 0 1


=== First read: Adapter PrefixPE/2 ===

Sequence: GTGACTGGAGTTCAGACGTGTGCTCTTCCGATCT; Type: regular 3'; Length: 34; Trimmed: 132230 times

No. of allowed errors:
0-9 bp: 0; 10-19 bp: 1; 20-29 bp: 2; 30-34 bp: 3

Bases preceding removed adapters:
  A: 29.4%
  C: 9.0%
  G: 25.4%
  T: 36.3%
  none/other: 0.0%

Overview of removed sequences
length	count	expect	max.err	error counts
3	99642	106997.5	0	99642
4	25976	26749.4	0	25976
5	4270	6687.3	0	4270
6	1319	1671.8	0	1319
7	329	418.0	0	329
8	85	104.5	0	85
9	247	26.1	0	26 221
10	241	6.5	1	6 235
11	94	1.6	1	0 94
12	17	0.4	1	0 17
13	4	0.1	1	0 4
16	2	0.0	1	0 2
119	3	0.0	3	3
120	1	0.0	3	0 1


=== Second read: Adapter PrefixPE/1 ===

Sequence: TACACTCTTTCCCTACACGACGCTCTTCCGATCT; Type: regular 3'; Length: 34; Trimmed: 109285 times

No. of allowed errors:
0-9 bp: 0; 10-19 bp: 1; 20-29 bp: 2; 30-34 bp: 3

Bases preceding removed adapters:
  A: 29.1%
  C: 24.9%
  G: 18.6%
  T: 27.4%
  none/other: 0.0%

Overview of removed sequences
length	count	expect	max.err	error counts
3	73219	106997.5	0	73219
4	27627	26749.4	0	27627
5	5747	6687.3	0	5747
6	1277	1671.8	0	1277
7	347	418.0	0	347
8	107	104.5	0	107
9	274	26.1	0	33 241
10	461	6.5	1	13 448
11	163	1.6	1	2 161
12	40	0.4	1	0 40
13	7	0.1	1	0 7
14	8	0.0	1	0 8
15	4	0.0	1	0 4
123	1	0.0	3	0 0 1
151	3	0.0	3	0 1 2


=== Second read: Adapter PrefixPE/2 ===

Sequence: GTGACTGGAGTTCAGACGTGTGCTCTTCCGATCT; Type: regular 3'; Length: 34; Trimmed: 128325 times

No. of allowed errors:
0-9 bp: 0; 10-19 bp: 1; 20-29 bp: 2; 30-34 bp: 3

Bases preceding removed adapters:
  A: 26.9%
  C: 13.7%
  G: 26.4%
  T: 33.1%
  none/other: 0.0%

Overview of removed sequences
length	count	expect	max.err	error counts
3	100242	106997.5	0	100242
4	21542	26749.4	0	21542
5	4373	6687.3	0	4373
6	1148	1671.8	0	1148
7	332	418.0	0	332
8	96	104.5	0	96
9	233	26.1	0	22 211
10	222	6.5	1	5 217
11	95	1.6	1	1 94
12	24	0.4	1	1 23
13	6	0.1	1	0 6
14	3	0.0	1	0 3
54	1	0.0	3	0 0 0 1
76	1	0.0	3	0 0 0 1
83	1	0.0	3	0 0 1
90	1	0.0	3	0 0 1
94	1	0.0	3	0 0 0 1
101	1	0.0	3	0 0 0 1
105	2	0.0	3	1 0 0 1
151	1	0.0	3	0 0 0 1
