This is cutadapt 2.9 with Python 3.6.6
Command line parameters: --interleaved -a file:/nas02/apps/trimmomatic-0.36/Trimmomatic-0.36/adapters/TruSeq3-PE.fa -A file:/nas02/apps/trimmomatic-0.36/Trimmomatic-0.36/adapters/TruSeq3-PE.fa -m 30 /nas/longleaf/home/zpopkinh/Pvivax_resources/wgs_pe_improved_global/fastq/ERS792603/ERR1138858_1.fastq.gz /nas/longleaf/home/zpopkinh/Pvivax_resources/wgs_pe_improved_global/fastq/ERS792603/ERR1138858_2.fastq.gz
Processing reads on 1 core in paired-end mode ...
Finished in 1100.68 s (65 us/read; 0.92 M reads/minute).

=== Summary ===

Total read pairs processed:         16,821,799
  Read 1 with adapter:                 612,874 (3.6%)
  Read 2 with adapter:                 606,258 (3.6%)
Pairs written (passing filters):    16,821,799 (100.0%)

Total basepairs processed: 3,364,359,800 bp
  Read 1: 1,682,179,900 bp
  Read 2: 1,682,179,900 bp
Total written (filtered):  3,360,247,720 bp (99.9%)
  Read 1: 1,680,113,234 bp
  Read 2: 1,680,134,486 bp

=== First read: Adapter PrefixPE/1 ===

Sequence: TACACTCTTTCCCTACACGACGCTCTTCCGATCT; Type: regular 3'; Length: 34; Trimmed: 324224 times

No. of allowed errors:
0-9 bp: 0; 10-19 bp: 1; 20-29 bp: 2; 30-34 bp: 3

Bases preceding removed adapters:
  A: 28.6%
  C: 19.0%
  G: 22.9%
  T: 29.5%
  none/other: 0.0%

Overview of removed sequences
length	count	expect	max.err	error counts
3	216889	262840.6	0	216889
4	82736	65710.2	0	82736
5	17599	16427.5	0	17599
6	3642	4106.9	0	3642
7	732	1026.7	0	732
8	181	256.7	0	181
9	1040	64.2	0	59 981
10	974	16.0	1	26 948
11	332	4.0	1	5 327
12	75	1.0	1	1 74
13	16	0.3	1	1 15
14	8	0.1	1	0 8


=== First read: Adapter PrefixPE/2 ===

Sequence: GTGACTGGAGTTCAGACGTGTGCTCTTCCGATCT; Type: regular 3'; Length: 34; Trimmed: 288650 times

No. of allowed errors:
0-9 bp: 0; 10-19 bp: 1; 20-29 bp: 2; 30-34 bp: 3

Bases preceding removed adapters:
  A: 23.9%
  C: 18.5%
  G: 25.5%
  T: 32.0%
  none/other: 0.0%

Overview of removed sequences
length	count	expect	max.err	error counts
3	226563	262840.6	0	226563
4	51242	65710.2	0	51242
5	7929	16427.5	0	7929
6	1823	4106.9	0	1823
7	411	1026.7	0	411
8	66	256.7	0	66
9	276	64.2	0	16 260
10	239	16.0	1	5 234
11	74	4.0	1	0 74
12	20	1.0	1	0 20
13	7	0.3	1	0 7


=== Second read: Adapter PrefixPE/1 ===

Sequence: TACACTCTTTCCCTACACGACGCTCTTCCGATCT; Type: regular 3'; Length: 34; Trimmed: 321879 times

No. of allowed errors:
0-9 bp: 0; 10-19 bp: 1; 20-29 bp: 2; 30-34 bp: 3

Bases preceding removed adapters:
  A: 28.6%
  C: 19.0%
  G: 22.8%
  T: 29.5%
  none/other: 0.0%

Overview of removed sequences
length	count	expect	max.err	error counts
3	214968	262840.6	0	214968
4	82233	65710.2	0	82233
5	17691	16427.5	0	17691
6	3687	4106.9	0	3687
7	676	1026.7	0	676
8	193	256.7	0	193
9	995	64.2	0	79 916
10	984	16.0	1	23 961
11	343	4.0	1	3 340
12	81	1.0	1	0 81
13	21	0.3	1	0 21
14	6	0.1	1	0 6
15	1	0.0	1	0 1


=== Second read: Adapter PrefixPE/2 ===

Sequence: GTGACTGGAGTTCAGACGTGTGCTCTTCCGATCT; Type: regular 3'; Length: 34; Trimmed: 284379 times

No. of allowed errors:
0-9 bp: 0; 10-19 bp: 1; 20-29 bp: 2; 30-34 bp: 3

Bases preceding removed adapters:
  A: 23.8%
  C: 18.4%
  G: 25.8%
  T: 32.1%
  none/other: 0.0%

Overview of removed sequences
length	count	expect	max.err	error counts
3	223346	262840.6	0	223346
4	50342	65710.2	0	50342
5	7803	16427.5	0	7803
6	1733	4106.9	0	1733
7	436	1026.7	0	436
8	72	256.7	0	72
9	283	64.2	0	21 262
10	231	16.0	1	4 227
11	92	4.0	1	0 92
12	36	1.0	1	0 36
13	5	0.3	1	0 5
