This is cutadapt 2.9 with Python 3.6.6
Command line parameters: --interleaved -a file:/nas02/apps/trimmomatic-0.36/Trimmomatic-0.36/adapters/TruSeq3-PE.fa -A file:/nas02/apps/trimmomatic-0.36/Trimmomatic-0.36/adapters/TruSeq3-PE.fa -m 30 /nas/longleaf/home/zpopkinh/Pvivax_resources/new_seqs_2021/fastq/O6Y4K/O6Y4K_2016-02-29_1.fastq.gz /nas/longleaf/home/zpopkinh/Pvivax_resources/new_seqs_2021/fastq/O6Y4K/O6Y4K_2016-02-29_2.fastq.gz
Processing reads on 1 core in paired-end mode ...
Finished in 816.48 s (352 us/read; 0.17 M reads/minute).

=== Summary ===

Total read pairs processed:          2,322,211
  Read 1 with adapter:                  68,568 (3.0%)
  Read 2 with adapter:                  83,100 (3.6%)
Pairs written (passing filters):     2,321,910 (100.0%)

Total basepairs processed: 1,393,326,600 bp
  Read 1:   696,663,300 bp
  Read 2:   696,663,300 bp
Total written (filtered):  1,392,633,111 bp (100.0%)
  Read 1:   696,338,806 bp
  Read 2:   696,294,305 bp

=== First read: Adapter PrefixPE/1 ===

Sequence: TACACTCTTTCCCTACACGACGCTCTTCCGATCT; Type: regular 3'; Length: 34; Trimmed: 38815 times

No. of allowed errors:
0-9 bp: 0; 10-19 bp: 1; 20-29 bp: 2; 30-34 bp: 3

Bases preceding removed adapters:
  A: 33.5%
  C: 25.1%
  G: 16.2%
  T: 24.5%
  none/other: 0.7%

Overview of removed sequences
length	count	expect	max.err	error counts
3	24262	36284.5	0	24262
4	11302	9071.1	0	11302
5	2012	2267.8	0	2012
6	401	566.9	0	401
7	114	141.7	0	114
8	27	35.4	0	27
9	104	8.9	0	11 93
10	277	2.2	1	5 272
11	42	0.6	1	1 41
12	8	0.1	1	1 7
13	8	0.0	1	0 8
270	1	0.0	3	0 0 0 1
295	1	0.0	3	0 0 1
300	256	0.0	3	0 13 151 92


=== First read: Adapter PrefixPE/2 ===

Sequence: GTGACTGGAGTTCAGACGTGTGCTCTTCCGATCT; Type: regular 3'; Length: 34; Trimmed: 29753 times

No. of allowed errors:
0-9 bp: 0; 10-19 bp: 1; 20-29 bp: 2; 30-34 bp: 3

Bases preceding removed adapters:
  A: 29.3%
  C: 7.4%
  G: 26.7%
  T: 36.7%
  none/other: 0.0%

Overview of removed sequences
length	count	expect	max.err	error counts
3	23216	36284.5	0	23216
4	5380	9071.1	0	5380
5	774	2267.8	0	774
6	210	566.9	0	210
7	40	141.7	0	40
8	14	35.4	0	14
9	56	8.9	0	3 53
10	35	2.2	1	0 35
11	11	0.6	1	0 11
12	7	0.1	1	0 7
13	1	0.0	1	0 1
14	5	0.0	1	0 5
16	1	0.0	1	0 1
240	1	0.0	3	0 0 1
296	2	0.0	3	0 0 0 2


=== Second read: Adapter PrefixPE/1 ===

Sequence: TACACTCTTTCCCTACACGACGCTCTTCCGATCT; Type: regular 3'; Length: 34; Trimmed: 36085 times

No. of allowed errors:
0-9 bp: 0; 10-19 bp: 1; 20-29 bp: 2; 30-34 bp: 3

Bases preceding removed adapters:
  A: 32.5%
  C: 26.6%
  G: 16.8%
  T: 23.9%
  none/other: 0.1%

Overview of removed sequences
length	count	expect	max.err	error counts
3	21934	36284.5	0	21934
4	10854	9071.1	0	10854
5	2036	2267.8	0	2036
6	503	566.9	0	503
7	140	141.7	0	140
8	40	35.4	0	40
9	154	8.9	0	14 140
10	290	2.2	1	11 279
11	62	0.6	1	1 61
12	19	0.1	1	0 19
13	4	0.0	1	0 4
14	4	0.0	1	0 4
15	4	0.0	1	1 3
300	41	0.0	3	0 18 14 9


=== Second read: Adapter PrefixPE/2 ===

Sequence: GTGACTGGAGTTCAGACGTGTGCTCTTCCGATCT; Type: regular 3'; Length: 34; Trimmed: 47015 times

No. of allowed errors:
0-9 bp: 0; 10-19 bp: 1; 20-29 bp: 2; 30-34 bp: 3

Bases preceding removed adapters:
  A: 29.4%
  C: 19.1%
  G: 29.1%
  T: 22.3%
  none/other: 0.0%

Overview of removed sequences
length	count	expect	max.err	error counts
3	40982	36284.5	0	40982
4	4748	9071.1	0	4748
5	826	2267.8	0	826
6	255	566.9	0	255
7	41	141.7	0	41
8	28	35.4	0	28
9	56	8.9	0	1 55
10	50	2.2	1	0 50
11	17	0.6	1	0 17
12	4	0.1	1	0 4
13	5	0.0	1	0 5
92	1	0.0	3	0 0 0 1
147	1	0.0	3	1
292	1	0.0	3	0 0 1
