This is cutadapt 2.9 with Python 3.6.6
Command line parameters: --interleaved -a file:/nas02/apps/trimmomatic-0.36/Trimmomatic-0.36/adapters/TruSeq3-PE.fa -A file:/nas02/apps/trimmomatic-0.36/Trimmomatic-0.36/adapters/TruSeq3-PE.fa -m 30 /nas/longleaf/home/zpopkinh/Pvivax_resources/new_seqs_2021/fastq/O6Y4K/O6Y4K_2015-12-28DUP_1.fastq.gz /nas/longleaf/home/zpopkinh/Pvivax_resources/new_seqs_2021/fastq/O6Y4K/O6Y4K_2015-12-28DUP_2.fastq.gz
Processing reads on 1 core in paired-end mode ...
Finished in 2807.43 s (560 us/read; 0.11 M reads/minute).

=== Summary ===

Total read pairs processed:          5,014,118
  Read 1 with adapter:                 128,019 (2.6%)
  Read 2 with adapter:                  86,327 (1.7%)
Pairs written (passing filters):     5,012,025 (100.0%)

Total basepairs processed: 3,008,470,800 bp
  Read 1: 1,504,235,400 bp
  Read 2: 1,504,235,400 bp
Total written (filtered):  3,006,386,311 bp (99.9%)
  Read 1: 1,503,119,914 bp
  Read 2: 1,503,266,397 bp

=== First read: Adapter PrefixPE/1 ===

Sequence: TACACTCTTTCCCTACACGACGCTCTTCCGATCT; Type: regular 3'; Length: 34; Trimmed: 88990 times

No. of allowed errors:
0-9 bp: 0; 10-19 bp: 1; 20-29 bp: 2; 30-34 bp: 3

Bases preceding removed adapters:
  A: 41.7%
  C: 26.2%
  G: 12.5%
  T: 19.4%
  none/other: 0.2%

Overview of removed sequences
length	count	expect	max.err	error counts
3	36062	78345.6	0	36062
4	42538	19586.4	0	42538
5	4567	4896.6	0	4567
6	2080	1224.1	0	2080
7	310	306.0	0	310
8	137	76.5	0	137
9	476	19.1	0	62 414
10	571	4.8	1	28 543
11	134	1.2	1	0 134
12	34	0.3	1	1 33
13	8	0.1	1	0 8
14	4	0.0	1	0 4
15	1	0.0	1	0 1
74	1	0.0	3	0 0 0 1
81	1	0.0	3	0 0 0 1
101	1	0.0	3	0 0 0 1
190	1	0.0	3	0 0 0 1
194	1	0.0	3	0 0 0 1
195	1	0.0	3	0 0 0 1
201	1	0.0	3	0 0 1
232	1	0.0	3	0 1
234	1	0.0	3	0 1
236	1	0.0	3	0 0 1
240	1	0.0	3	0 0 1
251	1	0.0	3	1
257	1	0.0	3	0 0 1
259	1	0.0	3	0 1
260	1	0.0	3	0 1
262	2	0.0	3	0 0 2
268	2	0.0	3	0 0 2
269	71	0.0	3	3 10 23 35
270	10	0.0	3	0 0 0 10
271	15	0.0	3	0 2 5 8
272	23	0.0	3	0 2 2 19
273	4	0.0	3	0 1 2 1
274	12	0.0	3	0 0 1 11
275	3	0.0	3	0 0 0 3
276	13	0.0	3	0 0 2 11
277	2	0.0	3	0 0 1 1
278	2	0.0	3	0 0 1 1
279	2	0.0	3	0 0 1 1
280	2	0.0	3	0 0 1 1
281	7	0.0	3	0 0 2 5
283	1	0.0	3	0 0 0 1
284	1	0.0	3	0 0 1
288	3	0.0	3	0 0 1 2
294	2	0.0	3	0 0 0 2
295	1	0.0	3	0 0 0 1
296	2	0.0	3	0 0 0 2
297	2	0.0	3	0 1 0 1
299	2	0.0	3	0 1 0 1
300	1869	0.0	3	0 33 184 1652


=== First read: Adapter PrefixPE/2 ===

Sequence: GTGACTGGAGTTCAGACGTGTGCTCTTCCGATCT; Type: regular 3'; Length: 34; Trimmed: 39029 times

No. of allowed errors:
0-9 bp: 0; 10-19 bp: 1; 20-29 bp: 2; 30-34 bp: 3

Bases preceding removed adapters:
  A: 32.1%
  C: 8.0%
  G: 22.9%
  T: 37.1%
  none/other: 0.0%

Overview of removed sequences
length	count	expect	max.err	error counts
3	26537	78345.6	0	26537
4	10356	19586.4	0	10356
5	1157	4896.6	0	1157
6	671	1224.1	0	671
7	92	306.0	0	92
8	31	76.5	0	31
9	57	19.1	0	4 53
10	77	4.8	1	0 77
11	33	1.2	1	0 33
12	12	0.3	1	0 12
13	2	0.1	1	0 2
14	1	0.0	1	0 1
285	1	0.0	3	0 0 0 1
286	1	0.0	3	0 0 1
300	1	0.0	3	0 0 1


=== Second read: Adapter PrefixPE/1 ===

Sequence: TACACTCTTTCCCTACACGACGCTCTTCCGATCT; Type: regular 3'; Length: 34; Trimmed: 58265 times

No. of allowed errors:
0-9 bp: 0; 10-19 bp: 1; 20-29 bp: 2; 30-34 bp: 3

Bases preceding removed adapters:
  A: 41.0%
  C: 31.8%
  G: 9.9%
  T: 17.1%
  none/other: 0.1%

Overview of removed sequences
length	count	expect	max.err	error counts
3	20908	78345.6	0	20908
4	24717	19586.4	0	24717
5	4114	4896.6	0	4114
6	5114	1224.1	0	5114
7	225	306.0	0	225
8	492	76.5	0	492
9	1026	19.1	0	95 931
10	1237	4.8	1	62 1175
11	274	1.2	1	0 274
12	25	0.3	1	0 25
13	16	0.1	1	0 16
14	11	0.0	1	0 11
15	3	0.0	1	0 3
279	1	0.0	3	0 1
287	1	0.0	3	0 0 0 1
291	1	0.0	3	0 1
294	1	0.0	3	0 0 1
300	99	0.0	3	0 38 30 31


=== Second read: Adapter PrefixPE/2 ===

Sequence: GTGACTGGAGTTCAGACGTGTGCTCTTCCGATCT; Type: regular 3'; Length: 34; Trimmed: 28062 times

No. of allowed errors:
0-9 bp: 0; 10-19 bp: 1; 20-29 bp: 2; 30-34 bp: 3

Bases preceding removed adapters:
  A: 31.8%
  C: 22.5%
  G: 29.8%
  T: 15.9%
  none/other: 0.0%

Overview of removed sequences
length	count	expect	max.err	error counts
3	24356	78345.6	0	24356
4	2584	19586.4	0	2584
5	335	4896.6	0	335
6	565	1224.1	0	565
7	43	306.0	0	43
8	17	76.5	0	17
9	24	19.1	0	1 23
10	29	4.8	1	1 28
11	24	1.2	1	2 22
12	10	0.3	1	0 10
13	1	0.1	1	0 1
124	1	0.0	3	0 0 0 1
147	1	0.0	3	0 0 0 1
155	2	0.0	3	0 0 1 1
164	1	0.0	3	0 0 0 1
193	1	0.0	3	0 0 0 1
233	1	0.0	3	0 0 1
239	1	0.0	3	0 0 1
240	1	0.0	3	0 0 0 1
241	1	0.0	3	0 0 0 1
242	2	0.0	3	0 0 0 2
259	1	0.0	3	0 0 1
270	20	0.0	3	0 0 1 19
271	4	0.0	3	0 0 0 4
272	15	0.0	3	0 0 1 14
273	16	0.0	3	0 0 0 16
274	1	0.0	3	0 0 0 1
275	2	0.0	3	0 0 0 2
277	1	0.0	3	0 0 0 1
284	1	0.0	3	0 0 1
288	1	0.0	3	0 0 0 1
