This is cutadapt 2.9 with Python 3.6.6
Command line parameters: --interleaved -a file:/nas02/apps/trimmomatic-0.36/Trimmomatic-0.36/adapters/TruSeq3-PE.fa -A file:/nas02/apps/trimmomatic-0.36/Trimmomatic-0.36/adapters/TruSeq3-PE.fa -m 30 /nas/longleaf/home/zpopkinh/Pvivax_resources/wgs_pe_improved_global/fastq/SRS2910038/SRR6668516_1.fastq.gz /nas/longleaf/home/zpopkinh/Pvivax_resources/wgs_pe_improved_global/fastq/SRS2910038/SRR6668516_2.fastq.gz
Processing reads on 1 core in paired-end mode ...
Finished in 384.72 s (71 us/read; 0.84 M reads/minute).

=== Summary ===

Total read pairs processed:          5,414,159
  Read 1 with adapter:                 226,111 (4.2%)
  Read 2 with adapter:                 244,482 (4.5%)
Pairs written (passing filters):     5,414,159 (100.0%)

Total basepairs processed: 1,082,831,800 bp
  Read 1:   541,415,900 bp
  Read 2:   541,415,900 bp
Total written (filtered):  1,081,208,456 bp (99.9%)
  Read 1:   540,631,836 bp
  Read 2:   540,576,620 bp

=== First read: Adapter PrefixPE/1 ===

Sequence: TACACTCTTTCCCTACACGACGCTCTTCCGATCT; Type: regular 3'; Length: 34; Trimmed: 123338 times

No. of allowed errors:
0-9 bp: 0; 10-19 bp: 1; 20-29 bp: 2; 30-34 bp: 3

Bases preceding removed adapters:
  A: 48.7%
  C: 16.0%
  G: 18.2%
  T: 17.1%
  none/other: 0.0%

Overview of removed sequences
length	count	expect	max.err	error counts
3	71296	84596.2	0	71296
4	31752	21149.1	0	31752
5	18444	5287.3	0	18444
6	915	1321.8	0	915
7	251	330.5	0	251
8	45	82.6	0	45
9	269	20.7	0	21 248
10	206	5.2	1	5 201
11	126	1.3	1	1 125
12	19	0.3	1	0 19
13	11	0.1	1	0 11
14	4	0.0	1	0 4


=== First read: Adapter PrefixPE/2 ===

Sequence: GTGACTGGAGTTCAGACGTGTGCTCTTCCGATCT; Type: regular 3'; Length: 34; Trimmed: 102773 times

No. of allowed errors:
0-9 bp: 0; 10-19 bp: 1; 20-29 bp: 2; 30-34 bp: 3

Bases preceding removed adapters:
  A: 23.0%
  C: 19.8%
  G: 28.8%
  T: 28.5%
  none/other: 0.0%

Overview of removed sequences
length	count	expect	max.err	error counts
3	80320	84596.2	0	80320
4	18475	21149.1	0	18475
5	2783	5287.3	0	2783
6	732	1321.8	0	732
7	217	330.5	0	217
8	22	82.6	0	22
9	100	20.7	0	1 99
10	89	5.2	1	0 89
11	28	1.3	1	0 28
12	4	0.3	1	0 4
13	3	0.1	1	0 3


=== Second read: Adapter PrefixPE/1 ===

Sequence: TACACTCTTTCCCTACACGACGCTCTTCCGATCT; Type: regular 3'; Length: 34; Trimmed: 131466 times

No. of allowed errors:
0-9 bp: 0; 10-19 bp: 1; 20-29 bp: 2; 30-34 bp: 3

Bases preceding removed adapters:
  A: 45.5%
  C: 15.4%
  G: 17.3%
  T: 21.7%
  none/other: 0.0%

Overview of removed sequences
length	count	expect	max.err	error counts
3	78912	84596.2	0	78912
4	32015	21149.1	0	32015
5	18680	5287.3	0	18680
6	972	1321.8	0	972
7	247	330.5	0	247
8	56	82.6	0	56
9	234	20.7	0	20 214
10	222	5.2	1	4 218
11	106	1.3	1	0 106
12	13	0.3	1	0 13
13	7	0.1	1	0 7
14	2	0.0	1	0 2


=== Second read: Adapter PrefixPE/2 ===

Sequence: GTGACTGGAGTTCAGACGTGTGCTCTTCCGATCT; Type: regular 3'; Length: 34; Trimmed: 113016 times

No. of allowed errors:
0-9 bp: 0; 10-19 bp: 1; 20-29 bp: 2; 30-34 bp: 3

Bases preceding removed adapters:
  A: 20.5%
  C: 23.9%
  G: 29.3%
  T: 26.3%
  none/other: 0.0%

Overview of removed sequences
length	count	expect	max.err	error counts
3	90918	84596.2	0	90918
4	18069	21149.1	0	18069
5	2865	5287.3	0	2865
6	757	1321.8	0	757
7	187	330.5	0	187
8	19	82.6	0	19
9	98	20.7	0	3 95
10	75	5.2	1	0 75
11	18	1.3	1	0 18
12	10	0.3	1	0 10
