This is cutadapt 2.9 with Python 3.6.6
Command line parameters: --interleaved -a file:/nas02/apps/trimmomatic-0.36/Trimmomatic-0.36/adapters/TruSeq3-PE.fa -A file:/nas02/apps/trimmomatic-0.36/Trimmomatic-0.36/adapters/TruSeq3-PE.fa -m 30 /nas/longleaf/home/zpopkinh/Pvivax_resources/wgs_pe_improved_global/fastq/SRS693979/SRR1568199_1.fastq.gz /nas/longleaf/home/zpopkinh/Pvivax_resources/wgs_pe_improved_global/fastq/SRS693979/SRR1568199_2.fastq.gz
Processing reads on 1 core in paired-end mode ...
Finished in 1874.66 s (110 us/read; 0.55 M reads/minute).

=== Summary ===

Total read pairs processed:         17,109,965
  Read 1 with adapter:                 640,131 (3.7%)
  Read 2 with adapter:                 658,780 (3.9%)
Pairs written (passing filters):    17,109,965 (100.0%)

Total basepairs processed: 3,456,212,930 bp
  Read 1: 1,728,106,465 bp
  Read 2: 1,728,106,465 bp
Total written (filtered):  3,451,849,963 bp (99.9%)
  Read 1: 1,725,953,146 bp
  Read 2: 1,725,896,817 bp

=== First read: Adapter PrefixPE/1 ===

Sequence: TACACTCTTTCCCTACACGACGCTCTTCCGATCT; Type: regular 3'; Length: 34; Trimmed: 370606 times

No. of allowed errors:
0-9 bp: 0; 10-19 bp: 1; 20-29 bp: 2; 30-34 bp: 3

Bases preceding removed adapters:
  A: 28.8%
  C: 20.8%
  G: 18.1%
  T: 32.4%
  none/other: 0.0%

Overview of removed sequences
length	count	expect	max.err	error counts
3	254221	267343.2	0	254221
4	93839	66835.8	0	93839
5	15761	16709.0	0	15761
6	4115	4177.2	0	4115
7	508	1044.3	0	508
8	98	261.1	0	98
9	499	65.3	0	64 435
10	1178	16.3	1	19 1159
11	294	4.1	1	1 293
12	78	1.0	1	1 77
13	11	0.3	1	0 11
14	3	0.1	1	0 3
27	1	0.0	2	0 0 1


=== First read: Adapter PrefixPE/2 ===

Sequence: GTGACTGGAGTTCAGACGTGTGCTCTTCCGATCT; Type: regular 3'; Length: 34; Trimmed: 269525 times

No. of allowed errors:
0-9 bp: 0; 10-19 bp: 1; 20-29 bp: 2; 30-34 bp: 3

Bases preceding removed adapters:
  A: 26.8%
  C: 16.6%
  G: 27.6%
  T: 29.0%
  none/other: 0.0%

Overview of removed sequences
length	count	expect	max.err	error counts
3	210229	267343.2	0	210229
4	47729	66835.8	0	47729
5	7678	16709.0	0	7678
6	2680	4177.2	0	2680
7	317	1044.3	0	317
8	92	261.1	0	92
9	337	65.3	0	24 313
10	370	16.3	1	2 368
11	67	4.1	1	0 67
12	25	1.0	1	0 25
14	1	0.1	1	0 1


=== Second read: Adapter PrefixPE/1 ===

Sequence: TACACTCTTTCCCTACACGACGCTCTTCCGATCT; Type: regular 3'; Length: 34; Trimmed: 365565 times

No. of allowed errors:
0-9 bp: 0; 10-19 bp: 1; 20-29 bp: 2; 30-34 bp: 3

Bases preceding removed adapters:
  A: 29.2%
  C: 20.5%
  G: 18.5%
  T: 31.7%
  none/other: 0.0%

Overview of removed sequences
length	count	expect	max.err	error counts
3	250271	267343.2	0	250271
4	92339	66835.8	0	92339
5	16103	16709.0	0	16103
6	4150	4177.2	0	4150
7	548	1044.3	0	548
8	139	261.1	0	139
9	450	65.3	0	64 386
10	1189	16.3	1	30 1159
11	299	4.1	1	2 297
12	65	1.0	1	0 65
13	12	0.3	1	0 12


=== Second read: Adapter PrefixPE/2 ===

Sequence: GTGACTGGAGTTCAGACGTGTGCTCTTCCGATCT; Type: regular 3'; Length: 34; Trimmed: 293215 times

No. of allowed errors:
0-9 bp: 0; 10-19 bp: 1; 20-29 bp: 2; 30-34 bp: 3

Bases preceding removed adapters:
  A: 25.7%
  C: 22.4%
  G: 25.7%
  T: 26.2%
  none/other: 0.0%

Overview of removed sequences
length	count	expect	max.err	error counts
3	233103	267343.2	0	233103
4	48290	66835.8	0	48290
5	8004	16709.0	0	8004
6	2588	4177.2	0	2588
7	396	1044.3	0	396
8	97	261.1	0	97
9	236	65.3	0	9 227
10	363	16.3	1	10 353
11	111	4.1	1	0 111
12	18	1.0	1	0 18
13	2	0.3	1	0 2
14	2	0.1	1	1 1
15	2	0.0	1	1 1
19	1	0.0	1	0 1
44	1	0.0	3	0 1
48	1	0.0	3	0 1
