This is cutadapt 2.9 with Python 3.6.6
Command line parameters: --interleaved -a file:/nas02/apps/trimmomatic-0.36/Trimmomatic-0.36/adapters/TruSeq3-PE.fa -A file:/nas02/apps/trimmomatic-0.36/Trimmomatic-0.36/adapters/TruSeq3-PE.fa -m 30 /nas/longleaf/home/zpopkinh/Pvivax_resources/wgs_pe_improved_global/fastq/SRS693979/SRR1568123_1.fastq.gz /nas/longleaf/home/zpopkinh/Pvivax_resources/wgs_pe_improved_global/fastq/SRS693979/SRR1568123_2.fastq.gz
Processing reads on 1 core in paired-end mode ...
Finished in 1616.26 s (64 us/read; 0.94 M reads/minute).

=== Summary ===

Total read pairs processed:         25,246,326
  Read 1 with adapter:                 957,900 (3.8%)
  Read 2 with adapter:                 972,618 (3.9%)
Pairs written (passing filters):    25,246,325 (100.0%)

Total basepairs processed: 5,099,757,852 bp
  Read 1: 2,549,878,926 bp
  Read 2: 2,549,878,926 bp
Total written (filtered):  5,093,278,690 bp (99.9%)
  Read 1: 2,546,661,675 bp
  Read 2: 2,546,617,015 bp

=== First read: Adapter PrefixPE/1 ===

Sequence: TACACTCTTTCCCTACACGACGCTCTTCCGATCT; Type: regular 3'; Length: 34; Trimmed: 568522 times

No. of allowed errors:
0-9 bp: 0; 10-19 bp: 1; 20-29 bp: 2; 30-34 bp: 3

Bases preceding removed adapters:
  A: 29.2%
  C: 20.2%
  G: 18.0%
  T: 32.7%
  none/other: 0.0%

Overview of removed sequences
length	count	expect	max.err	error counts
3	390539	394473.8	0	390539
4	144751	98618.5	0	144751
5	23348	24654.6	0	23348
6	6130	6163.7	0	6130
7	741	1540.9	0	741
8	160	385.2	0	160
9	660	96.3	0	82 578
10	1738	24.1	1	22 1716
11	359	6.0	1	3 356
12	74	1.5	1	0 74
13	15	0.4	1	0 15
14	6	0.1	1	0 6
101	1	0.0	3	0 1


=== First read: Adapter PrefixPE/2 ===

Sequence: GTGACTGGAGTTCAGACGTGTGCTCTTCCGATCT; Type: regular 3'; Length: 34; Trimmed: 389378 times

No. of allowed errors:
0-9 bp: 0; 10-19 bp: 1; 20-29 bp: 2; 30-34 bp: 3

Bases preceding removed adapters:
  A: 27.2%
  C: 16.4%
  G: 27.7%
  T: 28.7%
  none/other: 0.0%

Overview of removed sequences
length	count	expect	max.err	error counts
3	304700	394473.8	0	304700
4	68876	98618.5	0	68876
5	10740	24654.6	0	10740
6	3485	6163.7	0	3485
7	490	1540.9	0	490
8	106	385.2	0	106
9	364	96.3	0	15 349
10	476	24.1	1	9 467
11	117	6.0	1	0 117
12	21	1.5	1	0 21
13	3	0.4	1	0 3


=== Second read: Adapter PrefixPE/1 ===

Sequence: TACACTCTTTCCCTACACGACGCTCTTCCGATCT; Type: regular 3'; Length: 34; Trimmed: 555650 times

No. of allowed errors:
0-9 bp: 0; 10-19 bp: 1; 20-29 bp: 2; 30-34 bp: 3

Bases preceding removed adapters:
  A: 29.9%
  C: 20.0%
  G: 18.1%
  T: 32.0%
  none/other: 0.0%

Overview of removed sequences
length	count	expect	max.err	error counts
3	379392	394473.8	0	379392
4	142502	98618.5	0	142502
5	23580	24654.6	0	23580
6	6244	6163.7	0	6244
7	742	1540.9	0	742
8	188	385.2	0	188
9	687	96.3	0	71 616
10	1842	24.1	1	34 1808
11	366	6.0	1	2 364
12	83	1.5	1	0 83
13	23	0.4	1	0 23
14	1	0.1	1	0 1


=== Second read: Adapter PrefixPE/2 ===

Sequence: GTGACTGGAGTTCAGACGTGTGCTCTTCCGATCT; Type: regular 3'; Length: 34; Trimmed: 416968 times

No. of allowed errors:
0-9 bp: 0; 10-19 bp: 1; 20-29 bp: 2; 30-34 bp: 3

Bases preceding removed adapters:
  A: 26.1%
  C: 21.4%
  G: 25.7%
  T: 26.7%
  none/other: 0.0%

Overview of removed sequences
length	count	expect	max.err	error counts
3	331935	394473.8	0	331935
4	68886	98618.5	0	68886
5	11096	24654.6	0	11096
6	3471	6163.7	0	3471
7	519	1540.9	0	519
8	129	385.2	0	129
9	312	96.3	0	18 294
10	428	24.1	1	8 420
11	162	6.0	1	3 159
12	22	1.5	1	0 22
13	3	0.4	1	0 3
14	1	0.1	1	0 1
17	1	0.0	1	1
18	1	0.0	1	0 1
35	1	0.0	3	1
49	1	0.0	3	0 0 0 1
