This is cutadapt 2.9 with Python 3.6.6
Command line parameters: --interleaved -a file:/nas02/apps/trimmomatic-0.36/Trimmomatic-0.36/adapters/TruSeq3-PE.fa -A file:/nas02/apps/trimmomatic-0.36/Trimmomatic-0.36/adapters/TruSeq3-PE.fa -m 30 /nas/longleaf/home/zpopkinh/Pvivax_resources/wgs_pe_improved_global/fastq/SRS693979/SRR1564701_1.fastq.gz /nas/longleaf/home/zpopkinh/Pvivax_resources/wgs_pe_improved_global/fastq/SRS693979/SRR1564701_2.fastq.gz
Processing reads on 1 core in paired-end mode ...
Finished in 1.62 s (47 us/read; 1.27 M reads/minute).

=== Summary ===

Total read pairs processed:             34,297
  Read 1 with adapter:                   1,117 (3.3%)
  Read 2 with adapter:                   1,227 (3.6%)
Pairs written (passing filters):        34,297 (100.0%)

Total basepairs processed:     6,927,994 bp
  Read 1:     3,463,997 bp
  Read 2:     3,463,997 bp
Total written (filtered):      6,920,063 bp (99.9%)
  Read 1:     3,460,175 bp
  Read 2:     3,459,888 bp

=== First read: Adapter PrefixPE/1 ===

Sequence: TACACTCTTTCCCTACACGACGCTCTTCCGATCT; Type: regular 3'; Length: 34; Trimmed: 522 times

No. of allowed errors:
0-9 bp: 0; 10-19 bp: 1; 20-29 bp: 2; 30-34 bp: 3

Bases preceding removed adapters:
  A: 27.2%
  C: 27.2%
  G: 21.8%
  T: 23.8%
  none/other: 0.0%

Overview of removed sequences
length	count	expect	max.err	error counts
3	342	535.9	0	342
4	139	134.0	0	139
5	27	33.5	0	27
6	6	8.4	0	6
7	3	2.1	0	3
8	1	0.5	0	1
9	1	0.1	0	0 1
10	2	0.0	1	0 2
12	1	0.0	1	0 1


=== First read: Adapter PrefixPE/2 ===

Sequence: GTGACTGGAGTTCAGACGTGTGCTCTTCCGATCT; Type: regular 3'; Length: 34; Trimmed: 595 times

No. of allowed errors:
0-9 bp: 0; 10-19 bp: 1; 20-29 bp: 2; 30-34 bp: 3

Bases preceding removed adapters:
  A: 26.2%
  C: 15.0%
  G: 30.8%
  T: 28.1%
  none/other: 0.0%

Overview of removed sequences
length	count	expect	max.err	error counts
3	441	535.9	0	441
4	119	134.0	0	119
5	26	33.5	0	26
6	4	8.4	0	4
7	1	2.1	0	1
9	1	0.1	0	0 1
10	3	0.0	1	0 3


=== Second read: Adapter PrefixPE/1 ===

Sequence: TACACTCTTTCCCTACACGACGCTCTTCCGATCT; Type: regular 3'; Length: 34; Trimmed: 535 times

No. of allowed errors:
0-9 bp: 0; 10-19 bp: 1; 20-29 bp: 2; 30-34 bp: 3

Bases preceding removed adapters:
  A: 29.5%
  C: 26.4%
  G: 15.9%
  T: 28.2%
  none/other: 0.0%

Overview of removed sequences
length	count	expect	max.err	error counts
3	366	535.9	0	366
4	135	134.0	0	135
5	25	33.5	0	25
6	6	8.4	0	6
9	1	0.1	0	0 1
10	1	0.0	1	0 1
11	1	0.0	1	0 1


=== Second read: Adapter PrefixPE/2 ===

Sequence: GTGACTGGAGTTCAGACGTGTGCTCTTCCGATCT; Type: regular 3'; Length: 34; Trimmed: 692 times

No. of allowed errors:
0-9 bp: 0; 10-19 bp: 1; 20-29 bp: 2; 30-34 bp: 3

Bases preceding removed adapters:
  A: 25.7%
  C: 32.2%
  G: 20.2%
  T: 21.8%
  none/other: 0.0%

Overview of removed sequences
length	count	expect	max.err	error counts
3	540	535.9	0	540
4	113	134.0	0	113
5	32	33.5	0	32
6	5	8.4	0	5
7	1	2.1	0	1
11	1	0.0	1	0 1
