This is cutadapt 2.9 with Python 3.6.6
Command line parameters: --interleaved -a file:/nas02/apps/trimmomatic-0.36/Trimmomatic-0.36/adapters/TruSeq3-PE.fa -A file:/nas02/apps/trimmomatic-0.36/Trimmomatic-0.36/adapters/TruSeq3-PE.fa -m 30 /nas/longleaf/home/zpopkinh/Pvivax_resources/wgs_pe_improved_global/fastq/ERS352729/ERR408126_1.fastq.gz /nas/longleaf/home/zpopkinh/Pvivax_resources/wgs_pe_improved_global/fastq/ERS352729/ERR408126_2.fastq.gz
Processing reads on 1 core in paired-end mode ...
Finished in 4769.38 s (405 us/read; 0.15 M reads/minute).

=== Summary ===

Total read pairs processed:         11,764,000
  Read 1 with adapter:                 340,494 (2.9%)
  Read 2 with adapter:                 336,034 (2.9%)
Pairs written (passing filters):    11,763,992 (100.0%)

Total basepairs processed: 3,529,200,000 bp
  Read 1: 1,764,600,000 bp
  Read 2: 1,764,600,000 bp
Total written (filtered):  3,526,888,363 bp (99.9%)
  Read 1: 1,763,436,534 bp
  Read 2: 1,763,451,829 bp

=== First read: Adapter PrefixPE/1 ===

Sequence: TACACTCTTTCCCTACACGACGCTCTTCCGATCT; Type: regular 3'; Length: 34; Trimmed: 219123 times

No. of allowed errors:
0-9 bp: 0; 10-19 bp: 1; 20-29 bp: 2; 30-34 bp: 3

Bases preceding removed adapters:
  A: 39.9%
  C: 14.3%
  G: 14.7%
  T: 31.2%
  none/other: 0.0%

Overview of removed sequences
length	count	expect	max.err	error counts
3	139776	183812.5	0	139776
4	65429	45953.1	0	65429
5	9650	11488.3	0	9650
6	2077	2872.1	0	2077
7	344	718.0	0	344
8	104	179.5	0	104
9	757	44.9	0	50 707
10	698	11.2	1	23 675
11	234	2.8	1	1 233
12	28	0.7	1	1 27
13	9	0.2	1	0 9
14	3	0.0	1	0 3
21	1	0.0	2	0 1
41	1	0.0	3	0 0 1
78	1	0.0	3	0 0 1
82	1	0.0	3	0 0 1
83	1	0.0	3	0 0 1
97	1	0.0	3	0 1
133	1	0.0	3	0 1
142	4	0.0	3	1 2 0 1
145	2	0.0	3	0 2
149	1	0.0	3	0 0 1


=== First read: Adapter PrefixPE/2 ===

Sequence: GTGACTGGAGTTCAGACGTGTGCTCTTCCGATCT; Type: regular 3'; Length: 34; Trimmed: 121371 times

No. of allowed errors:
0-9 bp: 0; 10-19 bp: 1; 20-29 bp: 2; 30-34 bp: 3

Bases preceding removed adapters:
  A: 24.8%
  C: 13.4%
  G: 22.8%
  T: 38.9%
  none/other: 0.0%

Overview of removed sequences
length	count	expect	max.err	error counts
3	92282	183812.5	0	92282
4	24612	45953.1	0	24612
5	3313	11488.3	0	3313
6	712	2872.1	0	712
7	170	718.0	0	170
8	29	179.5	0	29
9	123	44.9	0	12 111
10	93	11.2	1	0 93
11	30	2.8	1	1 29
12	5	0.7	1	0 5
13	2	0.2	1	0 2


=== Second read: Adapter PrefixPE/1 ===

Sequence: TACACTCTTTCCCTACACGACGCTCTTCCGATCT; Type: regular 3'; Length: 34; Trimmed: 213663 times

No. of allowed errors:
0-9 bp: 0; 10-19 bp: 1; 20-29 bp: 2; 30-34 bp: 3

Bases preceding removed adapters:
  A: 40.3%
  C: 14.4%
  G: 14.8%
  T: 30.5%
  none/other: 0.0%

Overview of removed sequences
length	count	expect	max.err	error counts
3	135303	183812.5	0	135303
4	65042	45953.1	0	65042
5	9323	11488.3	0	9323
6	1960	2872.1	0	1960
7	315	718.0	0	315
8	88	179.5	0	88
9	734	44.9	0	47 687
10	688	11.2	1	20 668
11	178	2.8	1	2 176
12	27	0.7	1	1 26
13	2	0.2	1	0 2
14	3	0.0	1	0 3


=== Second read: Adapter PrefixPE/2 ===

Sequence: GTGACTGGAGTTCAGACGTGTGCTCTTCCGATCT; Type: regular 3'; Length: 34; Trimmed: 122371 times

No. of allowed errors:
0-9 bp: 0; 10-19 bp: 1; 20-29 bp: 2; 30-34 bp: 3

Bases preceding removed adapters:
  A: 25.7%
  C: 13.1%
  G: 23.3%
  T: 37.9%
  none/other: 0.0%

Overview of removed sequences
length	count	expect	max.err	error counts
3	92361	183812.5	0	92361
4	25571	45953.1	0	25571
5	3297	11488.3	0	3297
6	721	2872.1	0	721
7	171	718.0	0	171
8	24	179.5	0	24
9	101	44.9	0	3 98
10	82	11.2	1	0 82
11	38	2.8	1	0 38
12	5	0.7	1	0 5
