This is cutadapt 2.9 with Python 3.6.6
Command line parameters: --interleaved -a file:/nas02/apps/trimmomatic-0.36/Trimmomatic-0.36/adapters/TruSeq3-PE.fa -A file:/nas02/apps/trimmomatic-0.36/Trimmomatic-0.36/adapters/TruSeq3-PE.fa -m 30 /nas/longleaf/home/zpopkinh/Pvivax_resources/wgs_pe_improved_global/fastq/ERS352729/ERR417393_1.fastq.gz /nas/longleaf/home/zpopkinh/Pvivax_resources/wgs_pe_improved_global/fastq/ERS352729/ERR417393_2.fastq.gz
Processing reads on 1 core in paired-end mode ...
Finished in 3170.02 s (223 us/read; 0.27 M reads/minute).

=== Summary ===

Total read pairs processed:         14,201,882
  Read 1 with adapter:                 432,399 (3.0%)
  Read 2 with adapter:                 429,141 (3.0%)
Pairs written (passing filters):    14,201,874 (100.0%)

Total basepairs processed: 2,840,376,400 bp
  Read 1: 1,420,188,200 bp
  Read 2: 1,420,188,200 bp
Total written (filtered):  2,837,433,509 bp (99.9%)
  Read 1: 1,418,711,710 bp
  Read 2: 1,418,721,799 bp

=== First read: Adapter PrefixPE/1 ===

Sequence: TACACTCTTTCCCTACACGACGCTCTTCCGATCT; Type: regular 3'; Length: 34; Trimmed: 266907 times

No. of allowed errors:
0-9 bp: 0; 10-19 bp: 1; 20-29 bp: 2; 30-34 bp: 3

Bases preceding removed adapters:
  A: 39.6%
  C: 14.8%
  G: 14.9%
  T: 30.8%
  none/other: 0.0%

Overview of removed sequences
length	count	expect	max.err	error counts
3	169724	221904.4	0	169724
4	80352	55476.1	0	80352
5	11719	13869.0	0	11719
6	2401	3467.3	0	2401
7	456	866.8	0	456
8	110	216.7	0	110
9	936	54.2	0	53 883
10	891	13.5	1	20 871
11	239	3.4	1	2 237
12	48	0.8	1	2 46
13	6	0.2	1	0 6
14	6	0.1	1	2 4
15	3	0.0	1	1 2
19	1	0.0	1	0 1
20	1	0.0	2	0 0 1
21	1	0.0	2	0 1
23	1	0.0	2	0 1
24	1	0.0	2	0 0 1
34	1	0.0	3	1
39	1	0.0	3	1
51	1	0.0	3	0 0 0 1
83	1	0.0	3	1
88	3	0.0	3	0 1 1 1
92	1	0.0	3	0 1
95	2	0.0	3	0 2
99	1	0.0	3	0 0 0 1


=== First read: Adapter PrefixPE/2 ===

Sequence: GTGACTGGAGTTCAGACGTGTGCTCTTCCGATCT; Type: regular 3'; Length: 34; Trimmed: 165492 times

No. of allowed errors:
0-9 bp: 0; 10-19 bp: 1; 20-29 bp: 2; 30-34 bp: 3

Bases preceding removed adapters:
  A: 26.2%
  C: 11.8%
  G: 23.0%
  T: 38.9%
  none/other: 0.0%

Overview of removed sequences
length	count	expect	max.err	error counts
3	125192	221904.4	0	125192
4	33808	55476.1	0	33808
5	4644	13869.0	0	4644
6	1129	3467.3	0	1129
7	251	866.8	0	251
8	63	216.7	0	63
9	169	54.2	0	17 152
10	144	13.5	1	2 142
11	72	3.4	1	1 71
12	16	0.8	1	0 16
13	4	0.2	1	0 4


=== Second read: Adapter PrefixPE/1 ===

Sequence: TACACTCTTTCCCTACACGACGCTCTTCCGATCT; Type: regular 3'; Length: 34; Trimmed: 264118 times

No. of allowed errors:
0-9 bp: 0; 10-19 bp: 1; 20-29 bp: 2; 30-34 bp: 3

Bases preceding removed adapters:
  A: 39.8%
  C: 14.8%
  G: 14.8%
  T: 30.7%
  none/other: 0.0%

Overview of removed sequences
length	count	expect	max.err	error counts
3	167058	221904.4	0	167058
4	80416	55476.1	0	80416
5	11577	13869.0	0	11577
6	2477	3467.3	0	2477
7	416	866.8	0	416
8	109	216.7	0	109
9	883	54.2	0	56 827
10	866	13.5	1	28 838
11	253	3.4	1	2 251
12	48	0.8	1	4 44
13	8	0.2	1	0 8
14	3	0.1	1	0 3
17	1	0.0	1	0 1
18	1	0.0	1	0 1
19	1	0.0	1	0 1
20	1	0.0	2	0 0 1


=== Second read: Adapter PrefixPE/2 ===

Sequence: GTGACTGGAGTTCAGACGTGTGCTCTTCCGATCT; Type: regular 3'; Length: 34; Trimmed: 165023 times

No. of allowed errors:
0-9 bp: 0; 10-19 bp: 1; 20-29 bp: 2; 30-34 bp: 3

Bases preceding removed adapters:
  A: 27.3%
  C: 11.7%
  G: 23.0%
  T: 38.1%
  none/other: 0.0%

Overview of removed sequences
length	count	expect	max.err	error counts
3	124050	221904.4	0	124050
4	34619	55476.1	0	34619
5	4578	13869.0	0	4578
6	1041	3467.3	0	1041
7	289	866.8	0	289
8	57	216.7	0	57
9	185	54.2	0	14 171
10	126	13.5	1	4 122
11	59	3.4	1	0 59
12	16	0.8	1	1 15
13	3	0.2	1	0 3
