This is cutadapt 2.9 with Python 3.6.6
Command line parameters: --interleaved -a file:/nas02/apps/trimmomatic-0.36/Trimmomatic-0.36/adapters/TruSeq3-PE.fa -A file:/nas02/apps/trimmomatic-0.36/Trimmomatic-0.36/adapters/TruSeq3-PE.fa -m 30 /nas/longleaf/home/zpopkinh/Pvivax_resources/wgs_pe_improved_global/fastq/ERS352729/ERR408135_1.fastq.gz /nas/longleaf/home/zpopkinh/Pvivax_resources/wgs_pe_improved_global/fastq/ERS352729/ERR408135_2.fastq.gz
Processing reads on 1 core in paired-end mode ...
Finished in 4740.89 s (401 us/read; 0.15 M reads/minute).

=== Summary ===

Total read pairs processed:         11,826,244
  Read 1 with adapter:                 343,221 (2.9%)
  Read 2 with adapter:                 340,062 (2.9%)
Pairs written (passing filters):    11,826,237 (100.0%)

Total basepairs processed: 3,547,873,200 bp
  Read 1: 1,773,936,600 bp
  Read 2: 1,773,936,600 bp
Total written (filtered):  3,545,539,521 bp (99.9%)
  Read 1: 1,772,764,410 bp
  Read 2: 1,772,775,111 bp

=== First read: Adapter PrefixPE/1 ===

Sequence: TACACTCTTTCCCTACACGACGCTCTTCCGATCT; Type: regular 3'; Length: 34; Trimmed: 219847 times

No. of allowed errors:
0-9 bp: 0; 10-19 bp: 1; 20-29 bp: 2; 30-34 bp: 3

Bases preceding removed adapters:
  A: 39.9%
  C: 14.2%
  G: 14.8%
  T: 31.1%
  none/other: 0.0%

Overview of removed sequences
length	count	expect	max.err	error counts
3	140028	184785.1	0	140028
4	66022	46196.3	0	66022
5	9611	11549.1	0	9611
6	1925	2887.3	0	1925
7	344	721.8	0	344
8	115	180.5	0	115
9	803	45.1	0	47 756
10	734	11.3	1	19 715
11	213	2.8	1	1 212
12	26	0.7	1	1 25
13	8	0.2	1	0 8
14	4	0.0	1	0 4
19	1	0.0	1	1
36	1	0.0	3	1
60	1	0.0	3	0 0 1
83	1	0.0	3	0 1
100	2	0.0	3	0 1 1
104	1	0.0	3	1
142	2	0.0	3	0 2
145	5	0.0	3	1 4


=== First read: Adapter PrefixPE/2 ===

Sequence: GTGACTGGAGTTCAGACGTGTGCTCTTCCGATCT; Type: regular 3'; Length: 34; Trimmed: 123374 times

No. of allowed errors:
0-9 bp: 0; 10-19 bp: 1; 20-29 bp: 2; 30-34 bp: 3

Bases preceding removed adapters:
  A: 24.8%
  C: 13.1%
  G: 22.8%
  T: 39.2%
  none/other: 0.0%

Overview of removed sequences
length	count	expect	max.err	error counts
3	94062	184785.1	0	94062
4	24943	46196.3	0	24943
5	3208	11549.1	0	3208
6	706	2887.3	0	706
7	166	721.8	0	166
8	36	180.5	0	36
9	121	45.1	0	6 115
10	86	11.3	1	2 84
11	37	2.8	1	0 37
12	6	0.7	1	0 6
13	3	0.2	1	0 3


=== Second read: Adapter PrefixPE/1 ===

Sequence: TACACTCTTTCCCTACACGACGCTCTTCCGATCT; Type: regular 3'; Length: 34; Trimmed: 216228 times

No. of allowed errors:
0-9 bp: 0; 10-19 bp: 1; 20-29 bp: 2; 30-34 bp: 3

Bases preceding removed adapters:
  A: 40.4%
  C: 14.3%
  G: 14.7%
  T: 30.6%
  none/other: 0.0%

Overview of removed sequences
length	count	expect	max.err	error counts
3	136884	184785.1	0	136884
4	65789	46196.3	0	65789
5	9552	11549.1	0	9552
6	1941	2887.3	0	1941
7	325	721.8	0	325
8	102	180.5	0	102
9	738	45.1	0	41 697
10	661	11.3	1	20 641
11	185	2.8	1	1 184
12	38	0.7	1	1 37
13	8	0.2	1	0 8
14	3	0.0	1	0 3
15	2	0.0	1	0 2


=== Second read: Adapter PrefixPE/2 ===

Sequence: GTGACTGGAGTTCAGACGTGTGCTCTTCCGATCT; Type: regular 3'; Length: 34; Trimmed: 123834 times

No. of allowed errors:
0-9 bp: 0; 10-19 bp: 1; 20-29 bp: 2; 30-34 bp: 3

Bases preceding removed adapters:
  A: 25.9%
  C: 13.0%
  G: 22.6%
  T: 38.4%
  none/other: 0.0%

Overview of removed sequences
length	count	expect	max.err	error counts
3	93728	184785.1	0	93728
4	25717	46196.3	0	25717
5	3277	11549.1	0	3277
6	697	2887.3	0	697
7	140	721.8	0	140
8	33	180.5	0	33
9	118	45.1	0	6 112
10	84	11.3	1	2 82
11	33	2.8	1	0 33
12	4	0.7	1	0 4
13	3	0.2	1	0 3
