This is cutadapt 2.9 with Python 3.6.6
Command line parameters: --interleaved -a file:/nas02/apps/trimmomatic-0.36/Trimmomatic-0.36/adapters/TruSeq3-PE.fa -A file:/nas02/apps/trimmomatic-0.36/Trimmomatic-0.36/adapters/TruSeq3-PE.fa -m 30 /nas/longleaf/home/zpopkinh/Pvivax_resources/wgs_pe_improved_global/fastq/ERS338597/ERR386532_1.fastq.gz /nas/longleaf/home/zpopkinh/Pvivax_resources/wgs_pe_improved_global/fastq/ERS338597/ERR386532_2.fastq.gz
Processing reads on 1 core in paired-end mode ...
Finished in 105.65 s (84 us/read; 0.71 M reads/minute).

=== Summary ===

Total read pairs processed:          1,258,692
  Read 1 with adapter:                  46,632 (3.7%)
  Read 2 with adapter:                  46,464 (3.7%)
Pairs written (passing filters):     1,258,692 (100.0%)

Total basepairs processed:   251,738,400 bp
  Read 1:   125,869,200 bp
  Read 2:   125,869,200 bp
Total written (filtered):    251,419,716 bp (99.9%)
  Read 1:   125,709,688 bp
  Read 2:   125,710,028 bp

=== First read: Adapter PrefixPE/1 ===

Sequence: TACACTCTTTCCCTACACGACGCTCTTCCGATCT; Type: regular 3'; Length: 34; Trimmed: 25336 times

No. of allowed errors:
0-9 bp: 0; 10-19 bp: 1; 20-29 bp: 2; 30-34 bp: 3

Bases preceding removed adapters:
  A: 29.8%
  C: 17.4%
  G: 26.2%
  T: 26.6%
  none/other: 0.0%

Overview of removed sequences
length	count	expect	max.err	error counts
3	16475	19667.1	0	16475
4	6787	4916.8	0	6787
5	1242	1229.2	0	1242
6	334	307.3	0	334
7	109	76.8	0	109
8	15	19.2	0	15
9	53	4.8	0	5 48
10	260	1.2	1	2 258
11	53	0.3	1	0 53
12	5	0.1	1	0 5
13	3	0.0	1	0 3


=== First read: Adapter PrefixPE/2 ===

Sequence: GTGACTGGAGTTCAGACGTGTGCTCTTCCGATCT; Type: regular 3'; Length: 34; Trimmed: 21296 times

No. of allowed errors:
0-9 bp: 0; 10-19 bp: 1; 20-29 bp: 2; 30-34 bp: 3

Bases preceding removed adapters:
  A: 28.8%
  C: 12.4%
  G: 22.2%
  T: 36.6%
  none/other: 0.0%

Overview of removed sequences
length	count	expect	max.err	error counts
3	16590	19667.1	0	16590
4	3875	4916.8	0	3875
5	557	1229.2	0	557
6	147	307.3	0	147
7	32	76.8	0	32
8	5	19.2	0	5
9	36	4.8	0	3 33
10	40	1.2	1	0 40
11	11	0.3	1	0 11
12	2	0.1	1	0 2
13	1	0.0	1	0 1


=== Second read: Adapter PrefixPE/1 ===

Sequence: TACACTCTTTCCCTACACGACGCTCTTCCGATCT; Type: regular 3'; Length: 34; Trimmed: 24867 times

No. of allowed errors:
0-9 bp: 0; 10-19 bp: 1; 20-29 bp: 2; 30-34 bp: 3

Bases preceding removed adapters:
  A: 29.7%
  C: 17.2%
  G: 26.3%
  T: 26.8%
  none/other: 0.0%

Overview of removed sequences
length	count	expect	max.err	error counts
3	15979	19667.1	0	15979
4	6728	4916.8	0	6728
5	1319	1229.2	0	1319
6	327	307.3	0	327
7	122	76.8	0	122
8	12	19.2	0	12
9	55	4.8	0	7 48
10	267	1.2	1	5 262
11	52	0.3	1	0 52
12	2	0.1	1	0 2
13	3	0.0	1	0 3
14	1	0.0	1	0 1


=== Second read: Adapter PrefixPE/2 ===

Sequence: GTGACTGGAGTTCAGACGTGTGCTCTTCCGATCT; Type: regular 3'; Length: 34; Trimmed: 21597 times

No. of allowed errors:
0-9 bp: 0; 10-19 bp: 1; 20-29 bp: 2; 30-34 bp: 3

Bases preceding removed adapters:
  A: 28.7%
  C: 13.0%
  G: 22.3%
  T: 36.0%
  none/other: 0.0%

Overview of removed sequences
length	count	expect	max.err	error counts
3	16843	19667.1	0	16843
4	3942	4916.8	0	3942
5	545	1229.2	0	545
6	142	307.3	0	142
7	31	76.8	0	31
8	2	19.2	0	2
9	40	4.8	0	1 39
10	42	1.2	1	1 41
11	7	0.3	1	0 7
12	1	0.1	1	0 1
13	2	0.0	1	0 2
