This is cutadapt 2.9 with Python 3.6.6
Command line parameters: --interleaved -a file:/nas02/apps/trimmomatic-0.36/Trimmomatic-0.36/adapters/TruSeq3-PE.fa -A file:/nas02/apps/trimmomatic-0.36/Trimmomatic-0.36/adapters/TruSeq3-PE.fa -m 30 /nas/longleaf/home/zpopkinh/Pvivax_resources/wgs_pe_improved_global/fastq/ERS338597/ERR490265_1.fastq.gz /nas/longleaf/home/zpopkinh/Pvivax_resources/wgs_pe_improved_global/fastq/ERS338597/ERR490265_2.fastq.gz
Processing reads on 1 core in paired-end mode ...
Finished in 9.75 s (53 us/read; 1.14 M reads/minute).

=== Summary ===

Total read pairs processed:            184,482
  Read 1 with adapter:                   6,879 (3.7%)
  Read 2 with adapter:                   6,987 (3.8%)
Pairs written (passing filters):       184,482 (100.0%)

Total basepairs processed:    36,896,400 bp
  Read 1:    18,448,200 bp
  Read 2:    18,448,200 bp
Total written (filtered):     36,848,988 bp (99.9%)
  Read 1:    18,424,672 bp
  Read 2:    18,424,316 bp

=== First read: Adapter PrefixPE/1 ===

Sequence: TACACTCTTTCCCTACACGACGCTCTTCCGATCT; Type: regular 3'; Length: 34; Trimmed: 3679 times

No. of allowed errors:
0-9 bp: 0; 10-19 bp: 1; 20-29 bp: 2; 30-34 bp: 3

Bases preceding removed adapters:
  A: 30.1%
  C: 16.9%
  G: 26.5%
  T: 26.4%
  none/other: 0.0%

Overview of removed sequences
length	count	expect	max.err	error counts
3	2350	2882.5	0	2350
4	1037	720.6	0	1037
5	164	180.2	0	164
6	41	45.0	0	41
7	20	11.3	0	20
8	1	2.8	0	1
9	9	0.7	0	1 8
10	48	0.2	1	0 48
11	8	0.0	1	1 7
12	1	0.0	1	0 1


=== First read: Adapter PrefixPE/2 ===

Sequence: GTGACTGGAGTTCAGACGTGTGCTCTTCCGATCT; Type: regular 3'; Length: 34; Trimmed: 3200 times

No. of allowed errors:
0-9 bp: 0; 10-19 bp: 1; 20-29 bp: 2; 30-34 bp: 3

Bases preceding removed adapters:
  A: 28.8%
  C: 13.5%
  G: 21.4%
  T: 36.4%
  none/other: 0.0%

Overview of removed sequences
length	count	expect	max.err	error counts
3	2547	2882.5	0	2547
4	541	720.6	0	541
5	75	180.2	0	75
6	23	45.0	0	23
7	1	11.3	0	1
9	4	0.7	0	0 4
10	6	0.2	1	0 6
11	2	0.0	1	0 2
12	1	0.0	1	0 1


=== Second read: Adapter PrefixPE/1 ===

Sequence: TACACTCTTTCCCTACACGACGCTCTTCCGATCT; Type: regular 3'; Length: 34; Trimmed: 3710 times

No. of allowed errors:
0-9 bp: 0; 10-19 bp: 1; 20-29 bp: 2; 30-34 bp: 3

Bases preceding removed adapters:
  A: 30.7%
  C: 17.4%
  G: 25.4%
  T: 26.5%
  none/other: 0.0%

Overview of removed sequences
length	count	expect	max.err	error counts
3	2362	2882.5	0	2362
4	1020	720.6	0	1020
5	206	180.2	0	206
6	50	45.0	0	50
7	24	11.3	0	24
8	2	2.8	0	2
9	6	0.7	0	0 6
10	30	0.2	1	0 30
11	8	0.0	1	0 8
12	2	0.0	1	0 2


=== Second read: Adapter PrefixPE/2 ===

Sequence: GTGACTGGAGTTCAGACGTGTGCTCTTCCGATCT; Type: regular 3'; Length: 34; Trimmed: 3277 times

No. of allowed errors:
0-9 bp: 0; 10-19 bp: 1; 20-29 bp: 2; 30-34 bp: 3

Bases preceding removed adapters:
  A: 30.1%
  C: 12.9%
  G: 23.1%
  T: 33.8%
  none/other: 0.0%

Overview of removed sequences
length	count	expect	max.err	error counts
3	2584	2882.5	0	2584
4	576	720.6	0	576
5	78	180.2	0	78
6	22	45.0	0	22
7	3	11.3	0	3
9	6	0.7	0	1 5
10	4	0.2	1	0 4
11	3	0.0	1	0 3
12	1	0.0	1	0 1
