This is cutadapt 2.9 with Python 3.6.6
Command line parameters: --interleaved -a file:/nas02/apps/trimmomatic-0.36/Trimmomatic-0.36/adapters/TruSeq3-PE.fa -A file:/nas02/apps/trimmomatic-0.36/Trimmomatic-0.36/adapters/TruSeq3-PE.fa -m 30 /nas/longleaf/home/zpopkinh/Pvivax_resources/wgs_pe_improved_global/fastq/SRS2910034/SRR6668520_1.fastq.gz /nas/longleaf/home/zpopkinh/Pvivax_resources/wgs_pe_improved_global/fastq/SRS2910034/SRR6668520_2.fastq.gz
Processing reads on 1 core in paired-end mode ...
Finished in 356.43 s (65 us/read; 0.93 M reads/minute).

=== Summary ===

Total read pairs processed:          5,499,644
  Read 1 with adapter:                 233,681 (4.2%)
  Read 2 with adapter:                 254,775 (4.6%)
Pairs written (passing filters):     5,499,644 (100.0%)

Total basepairs processed: 1,099,928,800 bp
  Read 1:   549,964,400 bp
  Read 2:   549,964,400 bp
Total written (filtered):  1,098,233,039 bp (99.8%)
  Read 1:   549,147,694 bp
  Read 2:   549,085,345 bp

=== First read: Adapter PrefixPE/1 ===

Sequence: TACACTCTTTCCCTACACGACGCTCTTCCGATCT; Type: regular 3'; Length: 34; Trimmed: 133082 times

No. of allowed errors:
0-9 bp: 0; 10-19 bp: 1; 20-29 bp: 2; 30-34 bp: 3

Bases preceding removed adapters:
  A: 52.5%
  C: 14.8%
  G: 16.6%
  T: 16.0%
  none/other: 0.0%

Overview of removed sequences
length	count	expect	max.err	error counts
3	74569	85931.9	0	74569
4	34927	21483.0	0	34927
5	21631	5370.7	0	21631
6	984	1342.7	0	984
7	219	335.7	0	219
8	53	83.9	0	53
9	254	21.0	0	11 243
10	267	5.2	1	5 262
11	134	1.3	1	0 134
12	29	0.3	1	0 29
13	9	0.1	1	0 9
14	6	0.0	1	0 6


=== First read: Adapter PrefixPE/2 ===

Sequence: GTGACTGGAGTTCAGACGTGTGCTCTTCCGATCT; Type: regular 3'; Length: 34; Trimmed: 100599 times

No. of allowed errors:
0-9 bp: 0; 10-19 bp: 1; 20-29 bp: 2; 30-34 bp: 3

Bases preceding removed adapters:
  A: 22.8%
  C: 19.7%
  G: 28.4%
  T: 29.1%
  none/other: 0.0%

Overview of removed sequences
length	count	expect	max.err	error counts
3	78716	85931.9	0	78716
4	17748	21483.0	0	17748
5	2959	5370.7	0	2959
6	653	1342.7	0	653
7	234	335.7	0	234
8	29	83.9	0	29
9	86	21.0	0	2 84
10	125	5.2	1	4 121
11	39	1.3	1	0 39
12	10	0.3	1	0 10


=== Second read: Adapter PrefixPE/1 ===

Sequence: TACACTCTTTCCCTACACGACGCTCTTCCGATCT; Type: regular 3'; Length: 34; Trimmed: 141760 times

No. of allowed errors:
0-9 bp: 0; 10-19 bp: 1; 20-29 bp: 2; 30-34 bp: 3

Bases preceding removed adapters:
  A: 49.1%
  C: 13.7%
  G: 15.7%
  T: 21.5%
  none/other: 0.0%

Overview of removed sequences
length	count	expect	max.err	error counts
3	83484	85931.9	0	83484
4	34810	21483.0	0	34810
5	21464	5370.7	0	21464
6	984	1342.7	0	984
7	222	335.7	0	222
8	60	83.9	0	60
9	294	21.0	0	13 281
10	265	5.2	1	5 260
11	140	1.3	1	0 140
12	21	0.3	1	0 21
13	9	0.1	1	0 9
14	7	0.0	1	0 7


=== Second read: Adapter PrefixPE/2 ===

Sequence: GTGACTGGAGTTCAGACGTGTGCTCTTCCGATCT; Type: regular 3'; Length: 34; Trimmed: 113015 times

No. of allowed errors:
0-9 bp: 0; 10-19 bp: 1; 20-29 bp: 2; 30-34 bp: 3

Bases preceding removed adapters:
  A: 20.2%
  C: 25.1%
  G: 29.6%
  T: 25.1%
  none/other: 0.0%

Overview of removed sequences
length	count	expect	max.err	error counts
3	91575	85931.9	0	91575
4	17470	21483.0	0	17470
5	2862	5370.7	0	2862
6	600	1342.7	0	600
7	224	335.7	0	224
8	29	83.9	0	29
9	102	21.0	0	4 98
10	121	5.2	1	2 119
11	27	1.3	1	0 27
12	4	0.3	1	0 4
14	1	0.0	1	0 1
