This is cutadapt 2.9 with Python 3.6.6
Command line parameters: --interleaved -a file:/nas02/apps/trimmomatic-0.36/Trimmomatic-0.36/adapters/TruSeq3-PE.fa -A file:/nas02/apps/trimmomatic-0.36/Trimmomatic-0.36/adapters/TruSeq3-PE.fa -m 30 /nas/longleaf/home/zpopkinh/Pvivax_resources/wgs_pe_improved_global/fastq/SRS819493/SRR1759307_1.fastq.gz /nas/longleaf/home/zpopkinh/Pvivax_resources/wgs_pe_improved_global/fastq/SRS819493/SRR1759307_2.fastq.gz
Processing reads on 1 core in paired-end mode ...
Finished in 2246.04 s (77 us/read; 0.78 M reads/minute).

=== Summary ===

Total read pairs processed:         29,285,985
  Read 1 with adapter:               1,007,833 (3.4%)
  Read 2 with adapter:               1,110,586 (3.8%)
Pairs written (passing filters):    29,285,983 (100.0%)

Total basepairs processed: 5,915,768,970 bp
  Read 1: 2,957,884,485 bp
  Read 2: 2,957,884,485 bp
Total written (filtered):  5,908,632,374 bp (99.9%)
  Read 1: 2,954,469,239 bp
  Read 2: 2,954,163,135 bp

=== First read: Adapter PrefixPE/1 ===

Sequence: TACACTCTTTCCCTACACGACGCTCTTCCGATCT; Type: regular 3'; Length: 34; Trimmed: 463101 times

No. of allowed errors:
0-9 bp: 0; 10-19 bp: 1; 20-29 bp: 2; 30-34 bp: 3

Bases preceding removed adapters:
  A: 27.8%
  C: 22.9%
  G: 20.5%
  T: 28.8%
  none/other: 0.0%

Overview of removed sequences
length	count	expect	max.err	error counts
3	308348	457593.5	0	308348
4	119584	114398.4	0	119584
5	24736	28599.6	0	24736
6	5336	7149.9	0	5336
7	1190	1787.5	0	1190
8	376	446.9	0	376
9	1211	111.7	0	88 1123
10	1538	27.9	1	46 1492
11	580	7.0	1	4 576
12	134	1.7	1	0 134
13	38	0.4	1	0 38
14	15	0.1	1	0 15
15	3	0.0	1	0 3
17	3	0.0	1	0 3
20	1	0.0	2	0 0 1
30	1	0.0	3	1
31	1	0.0	3	0 0 0 1
34	1	0.0	3	0 1
44	1	0.0	3	0 0 0 1
46	1	0.0	3	0 0 1
49	1	0.0	3	0 0 1
50	1	0.0	3	0 0 1
51	1	0.0	3	1


=== First read: Adapter PrefixPE/2 ===

Sequence: GTGACTGGAGTTCAGACGTGTGCTCTTCCGATCT; Type: regular 3'; Length: 34; Trimmed: 544732 times

No. of allowed errors:
0-9 bp: 0; 10-19 bp: 1; 20-29 bp: 2; 30-34 bp: 3

Bases preceding removed adapters:
  A: 27.4%
  C: 12.2%
  G: 25.9%
  T: 34.5%
  none/other: 0.0%

Overview of removed sequences
length	count	expect	max.err	error counts
3	413947	457593.5	0	413947
4	105513	114398.4	0	105513
5	16774	28599.6	0	16774
6	4748	7149.9	0	4748
7	1212	1787.5	0	1212
8	340	446.9	0	340
9	872	111.7	0	88 784
10	849	27.9	1	32 817
11	351	7.0	1	8 343
12	94	1.7	1	2 92
13	23	0.4	1	0 23
14	8	0.1	1	0 8
15	1	0.0	1	0 1


=== Second read: Adapter PrefixPE/1 ===

Sequence: TACACTCTTTCCCTACACGACGCTCTTCCGATCT; Type: regular 3'; Length: 34; Trimmed: 457768 times

No. of allowed errors:
0-9 bp: 0; 10-19 bp: 1; 20-29 bp: 2; 30-34 bp: 3

Bases preceding removed adapters:
  A: 28.0%
  C: 22.7%
  G: 20.7%
  T: 28.6%
  none/other: 0.0%

Overview of removed sequences
length	count	expect	max.err	error counts
3	304318	457593.5	0	304318
4	119016	114398.4	0	119016
5	24175	28599.6	0	24175
6	5360	7149.9	0	5360
7	1220	1787.5	0	1220
8	291	446.9	0	291
9	1117	111.7	0	116 1001
10	1565	27.9	1	35 1530
11	525	7.0	1	7 518
12	135	1.7	1	3 132
13	35	0.4	1	2 33
14	8	0.1	1	0 8
15	3	0.0	1	0 3


=== Second read: Adapter PrefixPE/2 ===

Sequence: GTGACTGGAGTTCAGACGTGTGCTCTTCCGATCT; Type: regular 3'; Length: 34; Trimmed: 652818 times

No. of allowed errors:
0-9 bp: 0; 10-19 bp: 1; 20-29 bp: 2; 30-34 bp: 3

Bases preceding removed adapters:
  A: 26.5%
  C: 22.0%
  G: 22.4%
  T: 29.1%
  none/other: 0.0%

Overview of removed sequences
length	count	expect	max.err	error counts
3	521512	457593.5	0	521512
4	105932	114398.4	0	105932
5	16896	28599.6	0	16896
6	4642	7149.9	0	4642
7	1270	1787.5	0	1270
8	296	446.9	0	296
9	891	111.7	0	86 805
10	918	27.9	1	23 895
11	336	7.0	1	4 332
12	89	1.7	1	0 89
13	15	0.4	1	0 15
14	5	0.1	1	0 5
15	3	0.0	1	0 3
16	2	0.0	1	0 2
25	1	0.0	2	0 0 1
27	1	0.0	2	0 0 1
28	1	0.0	2	1
30	1	0.0	3	0 0 1
37	1	0.0	3	0 0 0 1
49	1	0.0	3	0 1
53	1	0.0	3	0 1
54	1	0.0	3	0 0 0 1
55	1	0.0	3	1
101	2	0.0	3	0 0 0 2
