This is cutadapt 2.9 with Python 3.6.6
Command line parameters: --interleaved -a file:/nas02/apps/trimmomatic-0.36/Trimmomatic-0.36/adapters/TruSeq3-PE.fa -A file:/nas02/apps/trimmomatic-0.36/Trimmomatic-0.36/adapters/TruSeq3-PE.fa -m 30 /nas/longleaf/home/zpopkinh/Pvivax_resources/wgs_pe_improved_global/fastq/SRS693977/SRR1564697_1.fastq.gz /nas/longleaf/home/zpopkinh/Pvivax_resources/wgs_pe_improved_global/fastq/SRS693977/SRR1564697_2.fastq.gz
Processing reads on 1 core in paired-end mode ...
Finished in 1.30 s (49 us/read; 1.23 M reads/minute).

=== Summary ===

Total read pairs processed:             26,686
  Read 1 with adapter:                     867 (3.2%)
  Read 2 with adapter:                     906 (3.4%)
Pairs written (passing filters):        26,686 (100.0%)

Total basepairs processed:     5,390,572 bp
  Read 1:     2,695,286 bp
  Read 2:     2,695,286 bp
Total written (filtered):      5,384,527 bp (99.9%)
  Read 1:     2,692,305 bp
  Read 2:     2,692,222 bp

=== First read: Adapter PrefixPE/1 ===

Sequence: TACACTCTTTCCCTACACGACGCTCTTCCGATCT; Type: regular 3'; Length: 34; Trimmed: 446 times

No. of allowed errors:
0-9 bp: 0; 10-19 bp: 1; 20-29 bp: 2; 30-34 bp: 3

Bases preceding removed adapters:
  A: 24.4%
  C: 27.1%
  G: 22.4%
  T: 26.0%
  none/other: 0.0%

Overview of removed sequences
length	count	expect	max.err	error counts
3	297	417.0	0	297
4	117	104.2	0	117
5	22	26.1	0	22
6	4	6.5	0	4
7	1	1.6	0	1
9	1	0.1	0	0 1
10	1	0.0	1	0 1
11	2	0.0	1	0 2
12	1	0.0	1	0 1


=== First read: Adapter PrefixPE/2 ===

Sequence: GTGACTGGAGTTCAGACGTGTGCTCTTCCGATCT; Type: regular 3'; Length: 34; Trimmed: 421 times

No. of allowed errors:
0-9 bp: 0; 10-19 bp: 1; 20-29 bp: 2; 30-34 bp: 3

Bases preceding removed adapters:
  A: 28.0%
  C: 9.7%
  G: 26.4%
  T: 35.9%
  none/other: 0.0%

Overview of removed sequences
length	count	expect	max.err	error counts
3	316	417.0	0	316
4	82	104.2	0	82
5	15	26.1	0	15
6	1	6.5	0	1
9	1	0.1	0	0 1
10	4	0.0	1	0 4
11	2	0.0	1	0 2


=== Second read: Adapter PrefixPE/1 ===

Sequence: TACACTCTTTCCCTACACGACGCTCTTCCGATCT; Type: regular 3'; Length: 34; Trimmed: 399 times

No. of allowed errors:
0-9 bp: 0; 10-19 bp: 1; 20-29 bp: 2; 30-34 bp: 3

Bases preceding removed adapters:
  A: 29.6%
  C: 25.1%
  G: 18.8%
  T: 26.6%
  none/other: 0.0%

Overview of removed sequences
length	count	expect	max.err	error counts
3	265	417.0	0	265
4	103	104.2	0	103
5	20	26.1	0	20
6	6	6.5	0	6
8	1	0.4	0	1
10	4	0.0	1	0 4


=== Second read: Adapter PrefixPE/2 ===

Sequence: GTGACTGGAGTTCAGACGTGTGCTCTTCCGATCT; Type: regular 3'; Length: 34; Trimmed: 507 times

No. of allowed errors:
0-9 bp: 0; 10-19 bp: 1; 20-29 bp: 2; 30-34 bp: 3

Bases preceding removed adapters:
  A: 27.0%
  C: 26.6%
  G: 21.5%
  T: 24.9%
  none/other: 0.0%

Overview of removed sequences
length	count	expect	max.err	error counts
3	392	417.0	0	392
4	94	104.2	0	94
5	11	26.1	0	11
6	7	6.5	0	7
7	2	1.6	0	2
10	1	0.0	1	0 1
