This is cutadapt 2.9 with Python 3.6.6
Command line parameters: --interleaved -a file:/nas02/apps/trimmomatic-0.36/Trimmomatic-0.36/adapters/TruSeq3-PE.fa -A file:/nas02/apps/trimmomatic-0.36/Trimmomatic-0.36/adapters/TruSeq3-PE.fa -m 30 /nas/longleaf/home/zpopkinh/Pvivax_resources/new_seqs_2021/fastq/D9U3K/D9U3K_2016-05-20_1.fastq.gz /nas/longleaf/home/zpopkinh/Pvivax_resources/new_seqs_2021/fastq/D9U3K/D9U3K_2016-05-20_2.fastq.gz
Processing reads on 1 core in paired-end mode ...
Finished in 2299.30 s (105 us/read; 0.57 M reads/minute).

=== Summary ===

Total read pairs processed:         21,880,174
  Read 1 with adapter:                 820,926 (3.8%)
  Read 2 with adapter:                 825,757 (3.8%)
Pairs written (passing filters):    21,875,980 (100.0%)

Total basepairs processed: 5,470,043,500 bp
  Read 1: 2,735,021,750 bp
  Read 2: 2,735,021,750 bp
Total written (filtered):  5,463,399,543 bp (99.9%)
  Read 1: 2,731,710,994 bp
  Read 2: 2,731,688,549 bp

=== First read: Adapter PrefixPE/1 ===

Sequence: TACACTCTTTCCCTACACGACGCTCTTCCGATCT; Type: regular 3'; Length: 34; Trimmed: 398450 times

No. of allowed errors:
0-9 bp: 0; 10-19 bp: 1; 20-29 bp: 2; 30-34 bp: 3

Bases preceding removed adapters:
  A: 32.2%
  C: 23.3%
  G: 16.2%
  T: 27.6%
  none/other: 0.7%

Overview of removed sequences
length	count	expect	max.err	error counts
3	251569	341877.7	0	251569
4	114420	85469.4	0	114420
5	18533	21367.4	0	18533
6	5633	5341.8	0	5633
7	1272	1335.5	0	1272
8	584	333.9	0	584
9	973	83.5	0	146 827
10	1762	20.9	1	96 1666
11	567	5.2	1	7 560
12	88	1.3	1	2 86
13	22	0.3	1	1 21
14	6	0.1	1	0 6
15	2	0.0	1	0 2
16	1	0.0	1	0 1
17	2	0.0	1	0 2
94	21	0.0	3	2 5 4 10
95	1	0.0	3	0 0 0 1
96	3	0.0	3	0 0 1 2
97	7	0.0	3	0 2 3 2
99	3	0.0	3	0 0 1 2
101	2	0.0	3	0 1 1
102	1	0.0	3	0 0 0 1
104	1	0.0	3	0 0 0 1
109	1	0.0	3	0 1
111	2	0.0	3	0 2
114	1	0.0	3	1
117	2	0.0	3	2
121	5	0.0	3	3 2
123	1	0.0	3	0 0 0 1
124	3	0.0	3	0 0 2 1
125	2962	0.0	3	2 146 1971 843


=== First read: Adapter PrefixPE/2 ===

Sequence: GTGACTGGAGTTCAGACGTGTGCTCTTCCGATCT; Type: regular 3'; Length: 34; Trimmed: 422476 times

No. of allowed errors:
0-9 bp: 0; 10-19 bp: 1; 20-29 bp: 2; 30-34 bp: 3

Bases preceding removed adapters:
  A: 29.2%
  C: 6.4%
  G: 26.6%
  T: 37.8%
  none/other: 0.0%

Overview of removed sequences
length	count	expect	max.err	error counts
3	324038	341877.7	0	324038
4	81565	85469.4	0	81565
5	10407	21367.4	0	10407
6	3315	5341.8	0	3315
7	782	1335.5	0	782
8	240	333.9	0	240
9	1238	83.5	0	86 1152
10	601	20.9	1	13 588
11	206	5.2	1	3 203
12	63	1.3	1	3 60
13	7	0.3	1	0 7
14	6	0.1	1	0 6
15	6	0.0	1	0 6
16	1	0.0	1	0 1
125	1	0.0	3	0 1


=== Second read: Adapter PrefixPE/1 ===

Sequence: TACACTCTTTCCCTACACGACGCTCTTCCGATCT; Type: regular 3'; Length: 34; Trimmed: 398904 times

No. of allowed errors:
0-9 bp: 0; 10-19 bp: 1; 20-29 bp: 2; 30-34 bp: 3

Bases preceding removed adapters:
  A: 32.2%
  C: 24.1%
  G: 16.1%
  T: 27.6%
  none/other: 0.0%

Overview of removed sequences
length	count	expect	max.err	error counts
3	254668	341877.7	0	254668
4	114180	85469.4	0	114180
5	18374	21367.4	0	18374
6	5396	5341.8	0	5396
7	1269	1335.5	0	1269
8	606	333.9	0	606
9	944	83.5	0	146 798
10	1742	20.9	1	69 1673
11	530	5.2	1	5 525
12	96	1.3	1	1 95
13	28	0.3	1	0 28
14	9	0.1	1	0 9
15	5	0.0	1	0 5
98	2	0.0	3	0 2
102	1	0.0	3	0 1
104	2	0.0	3	1 1
106	1	0.0	3	0 0 0 1
120	1	0.0	3	0 1
122	1	0.0	3	0 0 1
124	5	0.0	3	0 0 4 1
125	1044	0.0	3	0 135 550 359


=== Second read: Adapter PrefixPE/2 ===

Sequence: GTGACTGGAGTTCAGACGTGTGCTCTTCCGATCT; Type: regular 3'; Length: 34; Trimmed: 426853 times

No. of allowed errors:
0-9 bp: 0; 10-19 bp: 1; 20-29 bp: 2; 30-34 bp: 3

Bases preceding removed adapters:
  A: 28.9%
  C: 6.6%
  G: 27.1%
  T: 37.4%
  none/other: 0.0%

Overview of removed sequences
length	count	expect	max.err	error counts
3	327977	341877.7	0	327977
4	81376	85469.4	0	81376
5	10836	21367.4	0	10836
6	3257	5341.8	0	3257
7	695	1335.5	0	695
8	239	333.9	0	239
9	1322	83.5	0	76 1246
10	611	20.9	1	11 600
11	211	5.2	1	1 210
12	57	1.3	1	0 57
13	57	0.3	1	0 57
14	4	0.1	1	0 4
15	1	0.0	1	0 1
21	1	0.0	2	0 0 1
43	1	0.0	3	0 0 0 1
80	1	0.0	3	0 0 0 1
93	5	0.0	3	0 0 2 3
94	2	0.0	3	0 0 2
95	48	0.0	3	2 1 18 27
96	2	0.0	3	0 0 0 2
97	127	0.0	3	0 0 27 100
98	7	0.0	3	0 0 2 5
99	14	0.0	3	0 0 2 12
103	1	0.0	3	0 0 0 1
105	1	0.0	3	0 0 0 1
