This is cutadapt 2.9 with Python 3.6.6
Command line parameters: --interleaved -a file:/nas02/apps/trimmomatic-0.36/Trimmomatic-0.36/adapters/TruSeq3-PE.fa -A file:/nas02/apps/trimmomatic-0.36/Trimmomatic-0.36/adapters/TruSeq3-PE.fa -m 30 /nas/longleaf/home/zpopkinh/Pvivax_resources/new_seqs_2021/fastq/D9U3K/D9U3K_2015-12-28_1.fastq.gz /nas/longleaf/home/zpopkinh/Pvivax_resources/new_seqs_2021/fastq/D9U3K/D9U3K_2015-12-28_2.fastq.gz
Processing reads on 1 core in paired-end mode ...
Finished in 82.09 s (280 us/read; 0.21 M reads/minute).

=== Summary ===

Total read pairs processed:            293,650
  Read 1 with adapter:                   7,791 (2.7%)
  Read 2 with adapter:                   5,668 (1.9%)
Pairs written (passing filters):       293,547 (100.0%)

Total basepairs processed:   176,190,000 bp
  Read 1:    88,095,000 bp
  Read 2:    88,095,000 bp
Total written (filtered):    176,076,124 bp (99.9%)
  Read 1:    88,034,232 bp
  Read 2:    88,041,892 bp

=== First read: Adapter PrefixPE/1 ===

Sequence: TACACTCTTTCCCTACACGACGCTCTTCCGATCT; Type: regular 3'; Length: 34; Trimmed: 5675 times

No. of allowed errors:
0-9 bp: 0; 10-19 bp: 1; 20-29 bp: 2; 30-34 bp: 3

Bases preceding removed adapters:
  A: 43.6%
  C: 25.8%
  G: 11.9%
  T: 16.9%
  none/other: 1.7%

Overview of removed sequences
length	count	expect	max.err	error counts
3	2315	4588.3	0	2315
4	2750	1147.1	0	2750
5	276	286.8	0	276
6	139	71.7	0	139
7	18	17.9	0	18
8	9	4.5	0	9
9	23	1.1	0	3 20
10	31	0.3	1	0 31
11	5	0.1	1	0 5
12	3	0.0	1	1 2
269	5	0.0	3	0 1 0 4
270	1	0.0	3	0 0 0 1
272	1	0.0	3	0 0 0 1
286	1	0.0	3	0 0 0 1
300	98	0.0	3	0 1 6 91


=== First read: Adapter PrefixPE/2 ===

Sequence: GTGACTGGAGTTCAGACGTGTGCTCTTCCGATCT; Type: regular 3'; Length: 34; Trimmed: 2116 times

No. of allowed errors:
0-9 bp: 0; 10-19 bp: 1; 20-29 bp: 2; 30-34 bp: 3

Bases preceding removed adapters:
  A: 30.0%
  C: 11.3%
  G: 23.3%
  T: 35.4%
  none/other: 0.0%

Overview of removed sequences
length	count	expect	max.err	error counts
3	1397	4588.3	0	1397
4	592	1147.1	0	592
5	69	286.8	0	69
6	44	71.7	0	44
7	5	17.9	0	5
8	1	4.5	0	1
9	4	1.1	0	0 4
10	3	0.3	1	0 3
11	1	0.1	1	0 1


=== Second read: Adapter PrefixPE/1 ===

Sequence: TACACTCTTTCCCTACACGACGCTCTTCCGATCT; Type: regular 3'; Length: 34; Trimmed: 3656 times

No. of allowed errors:
0-9 bp: 0; 10-19 bp: 1; 20-29 bp: 2; 30-34 bp: 3

Bases preceding removed adapters:
  A: 41.9%
  C: 34.3%
  G: 9.5%
  T: 14.2%
  none/other: 0.1%

Overview of removed sequences
length	count	expect	max.err	error counts
3	1351	4588.3	0	1351
4	1513	1147.1	0	1513
5	314	286.8	0	314
6	302	71.7	0	302
7	22	17.9	0	22
8	35	4.5	0	35
9	44	1.1	0	3 41
10	61	0.3	1	5 56
11	10	0.1	1	0 10
14	1	0.0	1	0 1
300	3	0.0	3	0 1 2


=== Second read: Adapter PrefixPE/2 ===

Sequence: GTGACTGGAGTTCAGACGTGTGCTCTTCCGATCT; Type: regular 3'; Length: 34; Trimmed: 2012 times

No. of allowed errors:
0-9 bp: 0; 10-19 bp: 1; 20-29 bp: 2; 30-34 bp: 3

Bases preceding removed adapters:
  A: 31.0%
  C: 22.0%
  G: 32.0%
  T: 15.1%
  none/other: 0.0%

Overview of removed sequences
length	count	expect	max.err	error counts
3	1763	4588.3	0	1763
4	173	1147.1	0	173
5	24	286.8	0	24
6	36	71.7	0	36
7	2	17.9	0	2
8	3	4.5	0	3
9	4	1.1	0	0 4
10	1	0.3	1	0 1
11	1	0.1	1	0 1
12	1	0.0	1	0 1
196	1	0.0	3	0 0 1
270	2	0.0	3	0 0 0 2
273	1	0.0	3	0 0 0 1
