This is cutadapt 2.9 with Python 3.6.6
Command line parameters: --interleaved -a file:/nas02/apps/trimmomatic-0.36/Trimmomatic-0.36/adapters/TruSeq3-PE.fa -A file:/nas02/apps/trimmomatic-0.36/Trimmomatic-0.36/adapters/TruSeq3-PE.fa -m 30 /nas/longleaf/home/zpopkinh/Pvivax_resources/new_seqs_2021/fastq/D9U3K/D9U3K_2016-02-29_1.fastq.gz /nas/longleaf/home/zpopkinh/Pvivax_resources/new_seqs_2021/fastq/D9U3K/D9U3K_2016-02-29_2.fastq.gz
Processing reads on 1 core in paired-end mode ...
Finished in 833.50 s (309 us/read; 0.19 M reads/minute).

=== Summary ===

Total read pairs processed:          2,700,438
  Read 1 with adapter:                  72,690 (2.7%)
  Read 2 with adapter:                 103,633 (3.8%)
Pairs written (passing filters):     2,700,145 (100.0%)

Total basepairs processed: 1,620,262,800 bp
  Read 1:   810,131,400 bp
  Read 2:   810,131,400 bp
Total written (filtered):  1,619,487,449 bp (100.0%)
  Read 1:   809,791,036 bp
  Read 2:   809,696,413 bp

=== First read: Adapter PrefixPE/1 ===

Sequence: TACACTCTTTCCCTACACGACGCTCTTCCGATCT; Type: regular 3'; Length: 34; Trimmed: 43171 times

No. of allowed errors:
0-9 bp: 0; 10-19 bp: 1; 20-29 bp: 2; 30-34 bp: 3

Bases preceding removed adapters:
  A: 33.7%
  C: 25.5%
  G: 16.3%
  T: 23.9%
  none/other: 0.6%

Overview of removed sequences
length	count	expect	max.err	error counts
3	25959	42194.3	0	25959
4	12904	10548.6	0	12904
5	2706	2637.1	0	2706
6	577	659.3	0	577
7	190	164.8	0	190
8	48	41.2	0	48
9	132	10.3	0	20 112
10	301	2.6	1	6 295
11	70	0.6	1	2 68
12	10	0.2	1	0 10
13	8	0.0	1	1 7
27	1	0.0	2	0 1
28	1	0.0	2	1
42	2	0.0	3	0 0 0 2
269	3	0.0	3	0 0 1 2
270	1	0.0	3	0 0 0 1
271	2	0.0	3	0 0 1 1
284	1	0.0	3	0 0 1
300	255	0.0	3	0 11 127 117


=== First read: Adapter PrefixPE/2 ===

Sequence: GTGACTGGAGTTCAGACGTGTGCTCTTCCGATCT; Type: regular 3'; Length: 34; Trimmed: 29519 times

No. of allowed errors:
0-9 bp: 0; 10-19 bp: 1; 20-29 bp: 2; 30-34 bp: 3

Bases preceding removed adapters:
  A: 29.8%
  C: 7.6%
  G: 25.9%
  T: 36.7%
  none/other: 0.0%

Overview of removed sequences
length	count	expect	max.err	error counts
3	22531	42194.3	0	22531
4	5739	10548.6	0	5739
5	809	2637.1	0	809
6	240	659.3	0	240
7	43	164.8	0	43
8	15	41.2	0	15
9	60	10.3	0	5 55
10	50	2.6	1	1 49
11	23	0.6	1	0 23
12	8	0.2	1	0 8
13	1	0.0	1	0 1


=== Second read: Adapter PrefixPE/1 ===

Sequence: TACACTCTTTCCCTACACGACGCTCTTCCGATCT; Type: regular 3'; Length: 34; Trimmed: 41787 times

No. of allowed errors:
0-9 bp: 0; 10-19 bp: 1; 20-29 bp: 2; 30-34 bp: 3

Bases preceding removed adapters:
  A: 34.3%
  C: 26.1%
  G: 16.8%
  T: 22.7%
  none/other: 0.1%

Overview of removed sequences
length	count	expect	max.err	error counts
3	24165	42194.3	0	24165
4	13510	10548.6	0	13510
5	2508	2637.1	0	2508
6	703	659.3	0	703
7	167	164.8	0	167
8	67	41.2	0	67
9	192	10.3	0	16 176
10	338	2.6	1	5 333
11	74	0.6	1	1 73
12	19	0.2	1	0 19
13	6	0.0	1	0 6
14	3	0.0	1	0 3
300	35	0.0	3	1 18 11 5


=== Second read: Adapter PrefixPE/2 ===

Sequence: GTGACTGGAGTTCAGACGTGTGCTCTTCCGATCT; Type: regular 3'; Length: 34; Trimmed: 61846 times

No. of allowed errors:
0-9 bp: 0; 10-19 bp: 1; 20-29 bp: 2; 30-34 bp: 3

Bases preceding removed adapters:
  A: 29.0%
  C: 21.0%
  G: 30.9%
  T: 19.2%
  none/other: 0.0%

Overview of removed sequences
length	count	expect	max.err	error counts
3	55010	42194.3	0	55010
4	5353	10548.6	0	5353
5	945	2637.1	0	945
6	305	659.3	0	305
7	69	164.8	0	69
8	26	41.2	0	26
9	54	10.3	0	2 52
10	48	2.6	1	0 48
11	19	0.6	1	1 18
12	7	0.2	1	0 7
13	4	0.0	1	0 4
14	2	0.0	1	0 2
118	1	0.0	3	0 0 0 1
227	1	0.0	3	0 0 0 1
240	1	0.0	3	0 0 0 1
249	1	0.0	3	0 1
