This is cutadapt 2.9 with Python 3.6.6
Command line parameters: --interleaved -a file:/nas02/apps/trimmomatic-0.36/Trimmomatic-0.36/adapters/TruSeq3-PE.fa -A file:/nas02/apps/trimmomatic-0.36/Trimmomatic-0.36/adapters/TruSeq3-PE.fa -m 30 /nas/longleaf/home/zpopkinh/Pvivax_resources/wgs_pe_improved_global/fastq/SRS1061084/SRR2316105_1.fastq.gz /nas/longleaf/home/zpopkinh/Pvivax_resources/wgs_pe_improved_global/fastq/SRS1061084/SRR2316105_2.fastq.gz
Processing reads on 1 core in paired-end mode ...
Finished in 778.51 s (92 us/read; 0.65 M reads/minute).

=== Summary ===

Total read pairs processed:          8,462,938
  Read 1 with adapter:                 313,634 (3.7%)
  Read 2 with adapter:                 309,535 (3.7%)
Pairs written (passing filters):     8,462,896 (100.0%)

Total basepairs processed: 1,692,587,600 bp
  Read 1:   846,293,800 bp
  Read 2:   846,293,800 bp
Total written (filtered):  1,690,462,924 bp (99.9%)
  Read 1:   845,224,357 bp
  Read 2:   845,238,567 bp

=== First read: Adapter PrefixPE/1 ===

Sequence: TACACTCTTTCCCTACACGACGCTCTTCCGATCT; Type: regular 3'; Length: 34; Trimmed: 162884 times

No. of allowed errors:
0-9 bp: 0; 10-19 bp: 1; 20-29 bp: 2; 30-34 bp: 3

Bases preceding removed adapters:
  A: 30.4%
  C: 19.7%
  G: 19.8%
  T: 30.1%
  none/other: 0.0%

Overview of removed sequences
length	count	expect	max.err	error counts
3	107604	132233.4	0	107604
4	43382	33058.4	0	43382
5	8026	8264.6	0	8026
6	1958	2066.1	0	1958
7	446	516.5	0	446
8	77	129.1	0	77
9	499	32.3	0	43 456
10	625	8.1	1	5 620
11	171	2.0	1	4 167
12	27	0.5	1	2 25
13	28	0.1	1	1 27
14	4	0.0	1	0 4
21	1	0.0	2	1
37	1	0.0	3	0 0 1
43	1	0.0	3	0 0 0 1
75	1	0.0	3	1
76	8	0.0	3	7 1
79	1	0.0	3	1
83	21	0.0	3	20 1
87	1	0.0	3	1
88	2	0.0	3	0 0 2


=== First read: Adapter PrefixPE/2 ===

Sequence: GTGACTGGAGTTCAGACGTGTGCTCTTCCGATCT; Type: regular 3'; Length: 34; Trimmed: 150750 times

No. of allowed errors:
0-9 bp: 0; 10-19 bp: 1; 20-29 bp: 2; 30-34 bp: 3

Bases preceding removed adapters:
  A: 27.4%
  C: 13.0%
  G: 25.5%
  T: 34.1%
  none/other: 0.0%

Overview of removed sequences
length	count	expect	max.err	error counts
3	115051	132233.4	0	115051
4	28929	33058.4	0	28929
5	4545	8264.6	0	4545
6	1243	2066.1	0	1243
7	340	516.5	0	340
8	69	129.1	0	69
9	173	32.3	0	16 157
10	239	8.1	1	4 235
11	103	2.0	1	5 98
12	34	0.5	1	0 34
13	17	0.1	1	0 17
14	4	0.0	1	0 4
15	1	0.0	1	0 1
56	1	0.0	3	0 0 0 1
75	1	0.0	3	0 0 0 1


=== Second read: Adapter PrefixPE/1 ===

Sequence: TACACTCTTTCCCTACACGACGCTCTTCCGATCT; Type: regular 3'; Length: 34; Trimmed: 162342 times

No. of allowed errors:
0-9 bp: 0; 10-19 bp: 1; 20-29 bp: 2; 30-34 bp: 3

Bases preceding removed adapters:
  A: 30.3%
  C: 19.6%
  G: 19.8%
  T: 30.3%
  none/other: 0.0%

Overview of removed sequences
length	count	expect	max.err	error counts
3	107291	132233.4	0	107291
4	43465	33058.4	0	43465
5	7890	8264.6	0	7890
6	1848	2066.1	0	1848
7	378	516.5	0	378
8	118	129.1	0	118
9	495	32.3	0	40 455
10	617	8.1	1	12 605
11	171	2.0	1	1 170
12	42	0.5	1	2 40
13	19	0.1	1	0 19
14	7	0.0	1	0 7
75	1	0.0	3	0 1


=== Second read: Adapter PrefixPE/2 ===

Sequence: GTGACTGGAGTTCAGACGTGTGCTCTTCCGATCT; Type: regular 3'; Length: 34; Trimmed: 147193 times

No. of allowed errors:
0-9 bp: 0; 10-19 bp: 1; 20-29 bp: 2; 30-34 bp: 3

Bases preceding removed adapters:
  A: 27.3%
  C: 13.3%
  G: 25.3%
  T: 34.1%
  none/other: 0.0%

Overview of removed sequences
length	count	expect	max.err	error counts
3	112395	132233.4	0	112395
4	28238	33058.4	0	28238
5	4431	8264.6	0	4431
6	1184	2066.1	0	1184
7	317	516.5	0	317
8	89	129.1	0	89
9	182	32.3	0	18 164
10	212	8.1	1	8 204
11	86	2.0	1	0 86
12	33	0.5	1	0 33
13	8	0.1	1	1 7
14	3	0.0	1	0 3
25	1	0.0	2	0 1
34	1	0.0	3	0 0 1
36	1	0.0	3	1
48	1	0.0	3	0 0 0 1
51	1	0.0	3	0 0 0 1
56	1	0.0	3	0 0 0 1
74	8	0.0	3	2 4 0 2
91	1	0.0	3	1
