This is cutadapt 2.9 with Python 3.6.6
Command line parameters: --interleaved -a file:/nas02/apps/trimmomatic-0.36/Trimmomatic-0.36/adapters/TruSeq3-PE.fa -A file:/nas02/apps/trimmomatic-0.36/Trimmomatic-0.36/adapters/TruSeq3-PE.fa -m 30 /nas/longleaf/home/zpopkinh/Pvivax_resources/wgs_pe_improved_global/fastq/SRS693278/SRR1562536_1.fastq.gz /nas/longleaf/home/zpopkinh/Pvivax_resources/wgs_pe_improved_global/fastq/SRS693278/SRR1562536_2.fastq.gz
Processing reads on 1 core in paired-end mode ...
Finished in 1105.96 s (76 us/read; 0.79 M reads/minute).

=== Summary ===

Total read pairs processed:         14,507,686
  Read 1 with adapter:                 497,964 (3.4%)
  Read 2 with adapter:                 511,663 (3.5%)
Pairs written (passing filters):    14,507,685 (100.0%)

Total basepairs processed: 2,930,552,572 bp
  Read 1: 1,465,276,286 bp
  Read 2: 1,465,276,286 bp
Total written (filtered):  2,927,096,695 bp (99.9%)
  Read 1: 1,463,563,496 bp
  Read 2: 1,463,533,199 bp

=== First read: Adapter PrefixPE/1 ===

Sequence: TACACTCTTTCCCTACACGACGCTCTTCCGATCT; Type: regular 3'; Length: 34; Trimmed: 244607 times

No. of allowed errors:
0-9 bp: 0; 10-19 bp: 1; 20-29 bp: 2; 30-34 bp: 3

Bases preceding removed adapters:
  A: 26.8%
  C: 16.3%
  G: 18.3%
  T: 38.5%
  none/other: 0.0%

Overview of removed sequences
length	count	expect	max.err	error counts
3	166059	226682.6	0	166059
4	56009	56670.6	0	56009
5	13613	14167.7	0	13613
6	6736	3541.9	0	6736
7	427	885.5	0	427
8	243	221.4	0	243
9	288	55.3	0	132 156
10	773	13.8	1	4 769
11	371	3.5	1	0 371
12	85	0.9	1	0 85
13	2	0.2	1	0 2
14	1	0.1	1	0 1


=== First read: Adapter PrefixPE/2 ===

Sequence: GTGACTGGAGTTCAGACGTGTGCTCTTCCGATCT; Type: regular 3'; Length: 34; Trimmed: 253357 times

No. of allowed errors:
0-9 bp: 0; 10-19 bp: 1; 20-29 bp: 2; 30-34 bp: 3

Bases preceding removed adapters:
  A: 29.5%
  C: 17.9%
  G: 20.8%
  T: 31.7%
  none/other: 0.0%

Overview of removed sequences
length	count	expect	max.err	error counts
3	187599	226682.6	0	187599
4	50355	56670.6	0	50355
5	7444	14167.7	0	7444
6	3324	3541.9	0	3324
7	762	885.5	0	762
8	2123	221.4	0	2123
9	543	55.3	0	4 539
10	285	13.8	1	1 284
11	901	3.5	1	0 901
12	21	0.9	1	0 21


=== Second read: Adapter PrefixPE/1 ===

Sequence: TACACTCTTTCCCTACACGACGCTCTTCCGATCT; Type: regular 3'; Length: 34; Trimmed: 237280 times

No. of allowed errors:
0-9 bp: 0; 10-19 bp: 1; 20-29 bp: 2; 30-34 bp: 3

Bases preceding removed adapters:
  A: 27.2%
  C: 16.2%
  G: 18.7%
  T: 37.9%
  none/other: 0.0%

Overview of removed sequences
length	count	expect	max.err	error counts
3	162092	226682.6	0	162092
4	55069	56670.6	0	55069
5	13139	14167.7	0	13139
6	5235	3541.9	0	5235
7	248	885.5	0	248
8	211	221.4	0	211
9	306	55.3	0	128 178
10	623	13.8	1	3 620
11	321	3.5	1	4 317
12	31	0.9	1	0 31
13	1	0.2	1	0 1
14	3	0.1	1	0 3
15	1	0.0	1	0 1


=== Second read: Adapter PrefixPE/2 ===

Sequence: GTGACTGGAGTTCAGACGTGTGCTCTTCCGATCT; Type: regular 3'; Length: 34; Trimmed: 274383 times

No. of allowed errors:
0-9 bp: 0; 10-19 bp: 1; 20-29 bp: 2; 30-34 bp: 3

Bases preceding removed adapters:
  A: 29.3%
  C: 21.2%
  G: 20.1%
  T: 29.4%
  none/other: 0.0%

Overview of removed sequences
length	count	expect	max.err	error counts
3	207966	226682.6	0	207966
4	51818	56670.6	0	51818
5	7109	14167.7	0	7109
6	3279	3541.9	0	3279
7	794	885.5	0	794
8	1698	221.4	0	1698
9	675	55.3	0	15 660
10	164	13.8	1	0 164
11	848	3.5	1	0 848
12	30	0.9	1	0 30
14	1	0.1	1	0 1
93	1	0.0	3	0 0 1
