This is cutadapt 2.9 with Python 3.6.6
Command line parameters: --interleaved -a file:/nas02/apps/trimmomatic-0.36/Trimmomatic-0.36/adapters/TruSeq3-PE.fa -A file:/nas02/apps/trimmomatic-0.36/Trimmomatic-0.36/adapters/TruSeq3-PE.fa -m 30 /nas/longleaf/home/zpopkinh/Pvivax_resources/wgs_pe_improved_global/fastq/SRS693278/SRR1564576_1.fastq.gz /nas/longleaf/home/zpopkinh/Pvivax_resources/wgs_pe_improved_global/fastq/SRS693278/SRR1564576_2.fastq.gz
Processing reads on 1 core in paired-end mode ...
Finished in 5.64 s (48 us/read; 1.25 M reads/minute).

=== Summary ===

Total read pairs processed:            117,066
  Read 1 with adapter:                   3,078 (2.6%)
  Read 2 with adapter:                   3,627 (3.1%)
Pairs written (passing filters):       117,066 (100.0%)

Total basepairs processed:    23,647,332 bp
  Read 1:    11,823,666 bp
  Read 2:    11,823,666 bp
Total written (filtered):     23,624,801 bp (99.9%)
  Read 1:    11,813,211 bp
  Read 2:    11,811,590 bp

=== First read: Adapter PrefixPE/1 ===

Sequence: TACACTCTTTCCCTACACGACGCTCTTCCGATCT; Type: regular 3'; Length: 34; Trimmed: 1703 times

No. of allowed errors:
0-9 bp: 0; 10-19 bp: 1; 20-29 bp: 2; 30-34 bp: 3

Bases preceding removed adapters:
  A: 24.3%
  C: 22.8%
  G: 20.2%
  T: 32.7%
  none/other: 0.0%

Overview of removed sequences
length	count	expect	max.err	error counts
3	1159	1829.2	0	1159
4	458	457.3	0	458
5	59	114.3	0	59
6	13	28.6	0	13
7	4	7.1	0	4
8	3	1.8	0	3
9	2	0.4	0	2
10	5	0.1	1	0 5


=== First read: Adapter PrefixPE/2 ===

Sequence: GTGACTGGAGTTCAGACGTGTGCTCTTCCGATCT; Type: regular 3'; Length: 34; Trimmed: 1375 times

No. of allowed errors:
0-9 bp: 0; 10-19 bp: 1; 20-29 bp: 2; 30-34 bp: 3

Bases preceding removed adapters:
  A: 27.6%
  C: 21.2%
  G: 23.3%
  T: 27.8%
  none/other: 0.0%

Overview of removed sequences
length	count	expect	max.err	error counts
3	1042	1829.2	0	1042
4	250	457.3	0	250
5	42	114.3	0	42
6	21	28.6	0	21
7	4	7.1	0	4
8	3	1.8	0	3
9	2	0.4	0	0 2
10	1	0.1	1	0 1
11	9	0.0	1	0 9
12	1	0.0	1	0 1


=== Second read: Adapter PrefixPE/1 ===

Sequence: TACACTCTTTCCCTACACGACGCTCTTCCGATCT; Type: regular 3'; Length: 34; Trimmed: 1730 times

No. of allowed errors:
0-9 bp: 0; 10-19 bp: 1; 20-29 bp: 2; 30-34 bp: 3

Bases preceding removed adapters:
  A: 27.5%
  C: 18.5%
  G: 20.3%
  T: 33.6%
  none/other: 0.0%

Overview of removed sequences
length	count	expect	max.err	error counts
3	1208	1829.2	0	1208
4	436	457.3	0	436
5	59	114.3	0	59
6	9	28.6	0	9
7	1	7.1	0	1
8	1	1.8	0	1
9	8	0.4	0	2 6
10	4	0.1	1	0 4
11	2	0.0	1	0 2
12	1	0.0	1	0 1
13	1	0.0	1	0 1


=== Second read: Adapter PrefixPE/2 ===

Sequence: GTGACTGGAGTTCAGACGTGTGCTCTTCCGATCT; Type: regular 3'; Length: 34; Trimmed: 1897 times

No. of allowed errors:
0-9 bp: 0; 10-19 bp: 1; 20-29 bp: 2; 30-34 bp: 3

Bases preceding removed adapters:
  A: 26.3%
  C: 38.2%
  G: 14.0%
  T: 21.6%
  none/other: 0.0%

Overview of removed sequences
length	count	expect	max.err	error counts
3	1571	1829.2	0	1571
4	247	457.3	0	247
5	45	114.3	0	45
6	18	28.6	0	18
7	3	7.1	0	3
8	2	1.8	0	2
9	2	0.4	0	0 2
10	3	0.1	1	0 3
11	6	0.0	1	0 6
