This is cutadapt 2.9 with Python 3.6.6
Command line parameters: --interleaved -a file:/nas02/apps/trimmomatic-0.36/Trimmomatic-0.36/adapters/TruSeq3-PE.fa -A file:/nas02/apps/trimmomatic-0.36/Trimmomatic-0.36/adapters/TruSeq3-PE.fa -m 30 /nas/longleaf/home/zpopkinh/Pvivax_resources/wgs_pe_improved_global/fastq/SRS1885929/SRR5136539_1.fastq.gz /nas/longleaf/home/zpopkinh/Pvivax_resources/wgs_pe_improved_global/fastq/SRS1885929/SRR5136539_2.fastq.gz
Processing reads on 1 core in paired-end mode ...
Finished in 418.42 s (75 us/read; 0.80 M reads/minute).

=== Summary ===

Total read pairs processed:          5,593,906
  Read 1 with adapter:                 228,313 (4.1%)
  Read 2 with adapter:                 266,601 (4.8%)
Pairs written (passing filters):     5,593,906 (100.0%)

Total basepairs processed: 1,118,781,200 bp
  Read 1:   559,390,600 bp
  Read 2:   559,390,600 bp
Total written (filtered):  1,117,058,637 bp (99.8%)
  Read 1:   558,586,106 bp
  Read 2:   558,472,531 bp

=== First read: Adapter PrefixPE/1 ===

Sequence: TACACTCTTTCCCTACACGACGCTCTTCCGATCT; Type: regular 3'; Length: 34; Trimmed: 135028 times

No. of allowed errors:
0-9 bp: 0; 10-19 bp: 1; 20-29 bp: 2; 30-34 bp: 3

Bases preceding removed adapters:
  A: 56.8%
  C: 13.1%
  G: 15.4%
  T: 14.7%
  none/other: 0.0%

Overview of removed sequences
length	count	expect	max.err	error counts
3	71939	87404.8	0	71939
4	36705	21851.2	0	36705
5	24739	5462.8	0	24739
6	849	1365.7	0	849
7	182	341.4	0	182
8	55	85.4	0	55
9	194	21.3	0	14 180
10	248	5.3	1	4 244
11	97	1.3	1	0 97
12	15	0.3	1	0 15
13	3	0.1	1	0 3
14	2	0.0	1	0 2


=== First read: Adapter PrefixPE/2 ===

Sequence: GTGACTGGAGTTCAGACGTGTGCTCTTCCGATCT; Type: regular 3'; Length: 34; Trimmed: 93285 times

No. of allowed errors:
0-9 bp: 0; 10-19 bp: 1; 20-29 bp: 2; 30-34 bp: 3

Bases preceding removed adapters:
  A: 22.7%
  C: 19.8%
  G: 28.3%
  T: 29.3%
  none/other: 0.0%

Overview of removed sequences
length	count	expect	max.err	error counts
3	73145	87404.8	0	73145
4	16408	21851.2	0	16408
5	2639	5462.8	0	2639
6	666	1365.7	0	666
7	211	341.4	0	211
8	11	85.4	0	11
9	94	21.3	0	1 93
10	81	5.3	1	1 80
11	25	1.3	1	0 25
12	5	0.3	1	0 5


=== Second read: Adapter PrefixPE/1 ===

Sequence: TACACTCTTTCCCTACACGACGCTCTTCCGATCT; Type: regular 3'; Length: 34; Trimmed: 134409 times

No. of allowed errors:
0-9 bp: 0; 10-19 bp: 1; 20-29 bp: 2; 30-34 bp: 3

Bases preceding removed adapters:
  A: 57.0%
  C: 13.1%
  G: 15.5%
  T: 14.4%
  none/other: 0.0%

Overview of removed sequences
length	count	expect	max.err	error counts
3	71907	87404.8	0	71907
4	36179	21851.2	0	36179
5	24733	5462.8	0	24733
6	863	1365.7	0	863
7	203	341.4	0	203
8	48	85.4	0	48
9	185	21.3	0	9 176
10	184	5.3	1	2 182
11	85	1.3	1	0 85
12	18	0.3	1	0 18
13	2	0.1	1	0 2
14	2	0.0	1	0 2


=== Second read: Adapter PrefixPE/2 ===

Sequence: GTGACTGGAGTTCAGACGTGTGCTCTTCCGATCT; Type: regular 3'; Length: 34; Trimmed: 132192 times

No. of allowed errors:
0-9 bp: 0; 10-19 bp: 1; 20-29 bp: 2; 30-34 bp: 3

Bases preceding removed adapters:
  A: 30.9%
  C: 14.0%
  G: 34.8%
  T: 20.3%
  none/other: 0.0%

Overview of removed sequences
length	count	expect	max.err	error counts
3	112138	87404.8	0	112138
4	16459	21851.2	0	16459
5	2584	5462.8	0	2584
6	589	1365.7	0	589
7	197	341.4	0	197
8	12	85.4	0	12
9	83	21.3	0	2 81
10	89	5.3	1	1 88
11	35	1.3	1	0 35
12	5	0.3	1	0 5
13	1	0.1	1	0 1
