This is cutadapt 2.9 with Python 3.6.6
Command line parameters: --interleaved -a file:/nas02/apps/trimmomatic-0.36/Trimmomatic-0.36/adapters/TruSeq3-PE.fa -A file:/nas02/apps/trimmomatic-0.36/Trimmomatic-0.36/adapters/TruSeq3-PE.fa -m 30 /nas/longleaf/home/zpopkinh/Pvivax_resources/wgs_pe_improved_global/fastq/ERS792637/ERR1138876_1.fastq.gz /nas/longleaf/home/zpopkinh/Pvivax_resources/wgs_pe_improved_global/fastq/ERS792637/ERR1138876_2.fastq.gz
Processing reads on 1 core in paired-end mode ...
Finished in 467.09 s (73 us/read; 0.82 M reads/minute).

=== Summary ===

Total read pairs processed:          6,420,722
  Read 1 with adapter:                 233,035 (3.6%)
  Read 2 with adapter:                 229,272 (3.6%)
Pairs written (passing filters):     6,420,722 (100.0%)

Total basepairs processed: 1,284,144,400 bp
  Read 1:   642,072,200 bp
  Read 2:   642,072,200 bp
Total written (filtered):  1,282,583,266 bp (99.9%)
  Read 1:   641,285,137 bp
  Read 2:   641,298,129 bp

=== First read: Adapter PrefixPE/1 ===

Sequence: TACACTCTTTCCCTACACGACGCTCTTCCGATCT; Type: regular 3'; Length: 34; Trimmed: 122452 times

No. of allowed errors:
0-9 bp: 0; 10-19 bp: 1; 20-29 bp: 2; 30-34 bp: 3

Bases preceding removed adapters:
  A: 28.6%
  C: 18.9%
  G: 23.5%
  T: 29.0%
  none/other: 0.0%

Overview of removed sequences
length	count	expect	max.err	error counts
3	81568	100323.8	0	81568
4	31469	25080.9	0	31469
5	6539	6270.2	0	6539
6	1459	1567.6	0	1459
7	313	391.9	0	313
8	70	98.0	0	70
9	352	24.5	0	17 335
10	521	6.1	1	10 511
11	129	1.5	1	2 127
12	25	0.4	1	0 25
13	6	0.1	1	0 6
15	1	0.0	1	0 1


=== First read: Adapter PrefixPE/2 ===

Sequence: GTGACTGGAGTTCAGACGTGTGCTCTTCCGATCT; Type: regular 3'; Length: 34; Trimmed: 110583 times

No. of allowed errors:
0-9 bp: 0; 10-19 bp: 1; 20-29 bp: 2; 30-34 bp: 3

Bases preceding removed adapters:
  A: 24.2%
  C: 18.0%
  G: 25.6%
  T: 32.3%
  none/other: 0.0%

Overview of removed sequences
length	count	expect	max.err	error counts
3	86786	100323.8	0	86786
4	19561	25080.9	0	19561
5	3103	6270.2	0	3103
6	700	1567.6	0	700
7	149	391.9	0	149
8	22	98.0	0	22
9	123	24.5	0	6 117
10	92	6.1	1	1 91
11	35	1.5	1	0 35
12	11	0.4	1	0 11
13	1	0.1	1	0 1


=== Second read: Adapter PrefixPE/1 ===

Sequence: TACACTCTTTCCCTACACGACGCTCTTCCGATCT; Type: regular 3'; Length: 34; Trimmed: 120971 times

No. of allowed errors:
0-9 bp: 0; 10-19 bp: 1; 20-29 bp: 2; 30-34 bp: 3

Bases preceding removed adapters:
  A: 28.8%
  C: 19.0%
  G: 23.2%
  T: 29.0%
  none/other: 0.0%

Overview of removed sequences
length	count	expect	max.err	error counts
3	80506	100323.8	0	80506
4	31219	25080.9	0	31219
5	6512	6270.2	0	6512
6	1347	1567.6	0	1347
7	313	391.9	0	313
8	58	98.0	0	58
9	351	24.5	0	19 332
10	491	6.1	1	12 479
11	129	1.5	1	0 129
12	37	0.4	1	1 36
13	7	0.1	1	0 7
15	1	0.0	1	0 1


=== Second read: Adapter PrefixPE/2 ===

Sequence: GTGACTGGAGTTCAGACGTGTGCTCTTCCGATCT; Type: regular 3'; Length: 34; Trimmed: 108301 times

No. of allowed errors:
0-9 bp: 0; 10-19 bp: 1; 20-29 bp: 2; 30-34 bp: 3

Bases preceding removed adapters:
  A: 24.0%
  C: 18.2%
  G: 25.4%
  T: 32.4%
  none/other: 0.0%

Overview of removed sequences
length	count	expect	max.err	error counts
3	85102	100323.8	0	85102
4	19127	25080.9	0	19127
5	2985	6270.2	0	2985
6	678	1567.6	0	678
7	137	391.9	0	137
8	32	98.0	0	32
9	123	24.5	0	6 117
10	84	6.1	1	2 82
11	24	1.5	1	0 24
12	8	0.4	1	0 8
13	1	0.1	1	0 1
