This is cutadapt 2.9 with Python 3.6.6
Command line parameters: --interleaved -a file:/nas02/apps/trimmomatic-0.36/Trimmomatic-0.36/adapters/TruSeq3-PE.fa -A file:/nas02/apps/trimmomatic-0.36/Trimmomatic-0.36/adapters/TruSeq3-PE.fa -m 30 /nas/longleaf/home/zpopkinh/Pvivax_resources/wgs_pe_improved_global/fastq/ERS3516656/ERR3439123_1.fastq.gz /nas/longleaf/home/zpopkinh/Pvivax_resources/wgs_pe_improved_global/fastq/ERS3516656/ERR3439123_2.fastq.gz
Processing reads on 1 core in paired-end mode ...
Finished in 2.95 s (51 us/read; 1.18 M reads/minute).

=== Summary ===

Total read pairs processed:             58,178
  Read 1 with adapter:                   1,190 (2.0%)
  Read 2 with adapter:                   1,168 (2.0%)
Pairs written (passing filters):        58,178 (100.0%)

Total basepairs processed:    17,453,400 bp
  Read 1:     8,726,700 bp
  Read 2:     8,726,700 bp
Total written (filtered):     17,445,118 bp (100.0%)
  Read 1:     8,722,624 bp
  Read 2:     8,722,494 bp

=== First read: Adapter PrefixPE/1 ===

Sequence: TACACTCTTTCCCTACACGACGCTCTTCCGATCT; Type: regular 3'; Length: 34; Trimmed: 717 times

No. of allowed errors:
0-9 bp: 0; 10-19 bp: 1; 20-29 bp: 2; 30-34 bp: 3

Bases preceding removed adapters:
  A: 73.5%
  C: 7.5%
  G: 6.8%
  T: 12.1%
  none/other: 0.0%

Overview of removed sequences
length	count	expect	max.err	error counts
3	556	909.0	0	556
4	104	227.3	0	104
5	20	56.8	0	20
6	1	14.2	0	1
8	1	0.9	0	1
9	35	0.2	0	1 34


=== First read: Adapter PrefixPE/2 ===

Sequence: GTGACTGGAGTTCAGACGTGTGCTCTTCCGATCT; Type: regular 3'; Length: 34; Trimmed: 473 times

No. of allowed errors:
0-9 bp: 0; 10-19 bp: 1; 20-29 bp: 2; 30-34 bp: 3

Bases preceding removed adapters:
  A: 7.0%
  C: 4.2%
  G: 40.0%
  T: 48.8%
  none/other: 0.0%

Overview of removed sequences
length	count	expect	max.err	error counts
3	333	909.0	0	333
4	136	227.3	0	136
5	4	56.8	0	4


=== Second read: Adapter PrefixPE/1 ===

Sequence: TACACTCTTTCCCTACACGACGCTCTTCCGATCT; Type: regular 3'; Length: 34; Trimmed: 431 times

No. of allowed errors:
0-9 bp: 0; 10-19 bp: 1; 20-29 bp: 2; 30-34 bp: 3

Bases preceding removed adapters:
  A: 24.1%
  C: 11.6%
  G: 44.5%
  T: 19.7%
  none/other: 0.0%

Overview of removed sequences
length	count	expect	max.err	error counts
3	214	909.0	0	214
4	63	227.3	0	63
5	9	56.8	0	9
6	141	14.2	0	141
9	2	0.2	0	0 2
10	1	0.1	1	0 1
11	1	0.0	1	0 1


=== Second read: Adapter PrefixPE/2 ===

Sequence: GTGACTGGAGTTCAGACGTGTGCTCTTCCGATCT; Type: regular 3'; Length: 34; Trimmed: 737 times

No. of allowed errors:
0-9 bp: 0; 10-19 bp: 1; 20-29 bp: 2; 30-34 bp: 3

Bases preceding removed adapters:
  A: 11.0%
  C: 15.1%
  G: 43.0%
  T: 30.9%
  none/other: 0.0%

Overview of removed sequences
length	count	expect	max.err	error counts
3	619	909.0	0	619
4	70	227.3	0	70
5	46	56.8	0	46
6	1	14.2	0	1
9	1	0.2	0	0 1
