This is cutadapt 2.9 with Python 3.6.6
Command line parameters: --interleaved -a file:/nas02/apps/trimmomatic-0.36/Trimmomatic-0.36/adapters/TruSeq3-PE.fa -A file:/nas02/apps/trimmomatic-0.36/Trimmomatic-0.36/adapters/TruSeq3-PE.fa -m 30 /nas/longleaf/home/zpopkinh/Pvivax_resources/wgs_pe_improved_global/fastq/SRS693912/SRR1564596_1.fastq.gz /nas/longleaf/home/zpopkinh/Pvivax_resources/wgs_pe_improved_global/fastq/SRS693912/SRR1564596_2.fastq.gz
Processing reads on 1 core in paired-end mode ...
Finished in 42.07 s (72 us/read; 0.83 M reads/minute).

=== Summary ===

Total read pairs processed:            583,145
  Read 1 with adapter:                  18,992 (3.3%)
  Read 2 with adapter:                  22,413 (3.8%)
Pairs written (passing filters):       583,145 (100.0%)

Total basepairs processed:   117,795,290 bp
  Read 1:    58,897,645 bp
  Read 2:    58,897,645 bp
Total written (filtered):    117,657,434 bp (99.9%)
  Read 1:    58,833,877 bp
  Read 2:    58,823,557 bp

=== First read: Adapter PrefixPE/1 ===

Sequence: TACACTCTTTCCCTACACGACGCTCTTCCGATCT; Type: regular 3'; Length: 34; Trimmed: 8652 times

No. of allowed errors:
0-9 bp: 0; 10-19 bp: 1; 20-29 bp: 2; 30-34 bp: 3

Bases preceding removed adapters:
  A: 24.5%
  C: 23.6%
  G: 26.8%
  T: 25.0%
  none/other: 0.0%

Overview of removed sequences
length	count	expect	max.err	error counts
3	5919	9111.6	0	5919
4	2018	2277.9	0	2018
5	538	569.5	0	538
6	91	142.4	0	91
7	24	35.6	0	24
8	8	8.9	0	8
9	21	2.2	0	4 17
10	20	0.6	1	1 19
11	9	0.1	1	1 8
12	2	0.0	1	0 2
13	1	0.0	1	1
41	1	0.0	3	0 0 0 1


=== First read: Adapter PrefixPE/2 ===

Sequence: GTGACTGGAGTTCAGACGTGTGCTCTTCCGATCT; Type: regular 3'; Length: 34; Trimmed: 10340 times

No. of allowed errors:
0-9 bp: 0; 10-19 bp: 1; 20-29 bp: 2; 30-34 bp: 3

Bases preceding removed adapters:
  A: 22.8%
  C: 19.8%
  G: 28.3%
  T: 29.2%
  none/other: 0.0%

Overview of removed sequences
length	count	expect	max.err	error counts
3	8122	9111.6	0	8122
4	1791	2277.9	0	1791
5	306	569.5	0	306
6	81	142.4	0	81
7	13	35.6	0	13
8	2	8.9	0	2
9	8	2.2	0	0 8
10	10	0.6	1	0 10
11	4	0.1	1	0 4
12	3	0.0	1	0 3


=== Second read: Adapter PrefixPE/1 ===

Sequence: TACACTCTTTCCCTACACGACGCTCTTCCGATCT; Type: regular 3'; Length: 34; Trimmed: 8537 times

No. of allowed errors:
0-9 bp: 0; 10-19 bp: 1; 20-29 bp: 2; 30-34 bp: 3

Bases preceding removed adapters:
  A: 23.4%
  C: 23.8%
  G: 27.6%
  T: 25.2%
  none/other: 0.0%

Overview of removed sequences
length	count	expect	max.err	error counts
3	5728	9111.6	0	5728
4	2126	2277.9	0	2126
5	505	569.5	0	505
6	90	142.4	0	90
7	21	35.6	0	21
8	5	8.9	0	5
9	13	2.2	0	1 12
10	37	0.6	1	2 35
11	9	0.1	1	0 9
12	2	0.0	1	0 2
13	1	0.0	1	0 1


=== Second read: Adapter PrefixPE/2 ===

Sequence: GTGACTGGAGTTCAGACGTGTGCTCTTCCGATCT; Type: regular 3'; Length: 34; Trimmed: 13876 times

No. of allowed errors:
0-9 bp: 0; 10-19 bp: 1; 20-29 bp: 2; 30-34 bp: 3

Bases preceding removed adapters:
  A: 22.2%
  C: 30.2%
  G: 22.4%
  T: 25.2%
  none/other: 0.0%

Overview of removed sequences
length	count	expect	max.err	error counts
3	11621	9111.6	0	11621
4	1843	2277.9	0	1843
5	283	569.5	0	283
6	87	142.4	0	87
7	18	35.6	0	18
8	1	8.9	0	1
9	14	2.2	0	1 13
10	6	0.6	1	0 6
11	3	0.1	1	0 3
