This is cutadapt 2.9 with Python 3.6.6
Command line parameters: --interleaved -a file:/nas02/apps/trimmomatic-0.36/Trimmomatic-0.36/adapters/TruSeq3-PE.fa -A file:/nas02/apps/trimmomatic-0.36/Trimmomatic-0.36/adapters/TruSeq3-PE.fa -m 30 /nas/longleaf/home/zpopkinh/Pvivax_resources/wgs_pe_improved_global/fastq/ERS333073/ERR351952_1.fastq.gz /nas/longleaf/home/zpopkinh/Pvivax_resources/wgs_pe_improved_global/fastq/ERS333073/ERR351952_2.fastq.gz
Processing reads on 1 core in paired-end mode ...
Finished in 3046.98 s (260 us/read; 0.23 M reads/minute).

=== Summary ===

Total read pairs processed:         11,697,668
  Read 1 with adapter:                 341,776 (2.9%)
  Read 2 with adapter:                 336,203 (2.9%)
Pairs written (passing filters):    11,697,666 (100.0%)

Total basepairs processed: 2,339,533,600 bp
  Read 1: 1,169,766,800 bp
  Read 2: 1,169,766,800 bp
Total written (filtered):  2,337,214,631 bp (99.9%)
  Read 1: 1,168,597,870 bp
  Read 2: 1,168,616,761 bp

=== First read: Adapter PrefixPE/1 ===

Sequence: TACACTCTTTCCCTACACGACGCTCTTCCGATCT; Type: regular 3'; Length: 34; Trimmed: 227168 times

No. of allowed errors:
0-9 bp: 0; 10-19 bp: 1; 20-29 bp: 2; 30-34 bp: 3

Bases preceding removed adapters:
  A: 41.8%
  C: 13.0%
  G: 14.0%
  T: 31.2%
  none/other: 0.0%

Overview of removed sequences
length	count	expect	max.err	error counts
3	142727	182776.1	0	142727
4	70636	45694.0	0	70636
5	9673	11423.5	0	9673
6	1980	2855.9	0	1980
7	311	714.0	0	311
8	81	178.5	0	81
9	780	44.6	0	55 725
10	728	11.2	1	16 712
11	183	2.8	1	2 181
12	35	0.7	1	1 34
13	9	0.2	1	0 9
14	7	0.0	1	2 5
15	2	0.0	1	0 2
20	2	0.0	2	1 1
33	2	0.0	3	0 0 1 1
40	1	0.0	3	0 1
41	1	0.0	3	0 1
43	1	0.0	3	0 0 1
45	1	0.0	3	0 0 1
50	1	0.0	3	1
52	2	0.0	3	2
55	1	0.0	3	0 1
56	1	0.0	3	0 0 0 1
59	1	0.0	3	0 1
83	1	0.0	3	0 0 1
100	1	0.0	3	0 0 0 1


=== First read: Adapter PrefixPE/2 ===

Sequence: GTGACTGGAGTTCAGACGTGTGCTCTTCCGATCT; Type: regular 3'; Length: 34; Trimmed: 114608 times

No. of allowed errors:
0-9 bp: 0; 10-19 bp: 1; 20-29 bp: 2; 30-34 bp: 3

Bases preceding removed adapters:
  A: 25.5%
  C: 12.1%
  G: 21.4%
  T: 41.1%
  none/other: 0.0%

Overview of removed sequences
length	count	expect	max.err	error counts
3	86697	182776.1	0	86697
4	24092	45694.0	0	24092
5	2917	11423.5	0	2917
6	567	2855.9	0	567
7	114	714.0	0	114
8	27	178.5	0	27
9	86	44.6	0	6 80
10	73	11.2	1	0 73
11	28	2.8	1	0 28
12	5	0.7	1	0 5
13	2	0.2	1	0 2


=== Second read: Adapter PrefixPE/1 ===

Sequence: TACACTCTTTCCCTACACGACGCTCTTCCGATCT; Type: regular 3'; Length: 34; Trimmed: 224025 times

No. of allowed errors:
0-9 bp: 0; 10-19 bp: 1; 20-29 bp: 2; 30-34 bp: 3

Bases preceding removed adapters:
  A: 42.2%
  C: 13.1%
  G: 13.9%
  T: 30.8%
  none/other: 0.0%

Overview of removed sequences
length	count	expect	max.err	error counts
3	140379	182776.1	0	140379
4	70142	45694.0	0	70142
5	9494	11423.5	0	9494
6	1909	2855.9	0	1909
7	303	714.0	0	303
8	99	178.5	0	99
9	751	44.6	0	55 696
10	719	11.2	1	17 702
11	193	2.8	1	0 193
12	26	0.7	1	0 26
13	6	0.2	1	0 6
14	3	0.0	1	0 3
15	1	0.0	1	0 1


=== Second read: Adapter PrefixPE/2 ===

Sequence: GTGACTGGAGTTCAGACGTGTGCTCTTCCGATCT; Type: regular 3'; Length: 34; Trimmed: 112178 times

No. of allowed errors:
0-9 bp: 0; 10-19 bp: 1; 20-29 bp: 2; 30-34 bp: 3

Bases preceding removed adapters:
  A: 26.4%
  C: 12.0%
  G: 21.3%
  T: 40.3%
  none/other: 0.0%

Overview of removed sequences
length	count	expect	max.err	error counts
3	84301	182776.1	0	84301
4	24156	45694.0	0	24156
5	2881	11423.5	0	2881
6	548	2855.9	0	548
7	97	714.0	0	97
8	13	178.5	0	13
9	81	44.6	0	6 75
10	71	11.2	1	1 70
11	24	2.8	1	0 24
12	6	0.7	1	0 6
