This is cutadapt 2.9 with Python 3.6.6
Command line parameters: --interleaved -a file:/nas02/apps/trimmomatic-0.36/Trimmomatic-0.36/adapters/TruSeq3-PE.fa -A file:/nas02/apps/trimmomatic-0.36/Trimmomatic-0.36/adapters/TruSeq3-PE.fa -m 30 /nas/longleaf/home/zpopkinh/Pvivax_resources/wgs_pe_improved_global/fastq/ERS333073/ERR562996_1.fastq.gz /nas/longleaf/home/zpopkinh/Pvivax_resources/wgs_pe_improved_global/fastq/ERS333073/ERR562996_2.fastq.gz
Processing reads on 1 core in paired-end mode ...
Finished in 10825.69 s (417 us/read; 0.14 M reads/minute).

=== Summary ===

Total read pairs processed:         25,981,125
  Read 1 with adapter:                 732,694 (2.8%)
  Read 2 with adapter:                 741,733 (2.9%)
Pairs written (passing filters):    25,981,122 (100.0%)

Total basepairs processed: 7,794,337,500 bp
  Read 1: 3,897,168,750 bp
  Read 2: 3,897,168,750 bp
Total written (filtered):  7,789,290,226 bp (99.9%)
  Read 1: 3,894,662,725 bp
  Read 2: 3,894,627,501 bp

=== First read: Adapter PrefixPE/1 ===

Sequence: TACACTCTTTCCCTACACGACGCTCTTCCGATCT; Type: regular 3'; Length: 34; Trimmed: 491582 times

No. of allowed errors:
0-9 bp: 0; 10-19 bp: 1; 20-29 bp: 2; 30-34 bp: 3

Bases preceding removed adapters:
  A: 41.8%
  C: 12.9%
  G: 13.7%
  T: 31.6%
  none/other: 0.0%

Overview of removed sequences
length	count	expect	max.err	error counts
3	309793	405955.1	0	309793
4	151686	101488.8	0	151686
5	20942	25372.2	0	20942
6	4291	6343.0	0	4291
7	706	1585.8	0	706
8	228	396.4	0	228
9	1798	99.1	0	122 1676
10	1593	24.8	1	40 1553
11	445	6.2	1	6 439
12	69	1.5	1	2 67
13	7	0.4	1	0 7
14	9	0.1	1	0 9
15	2	0.0	1	0 2
19	1	0.0	1	1
20	1	0.0	2	0 0 1
35	1	0.0	3	0 1
37	1	0.0	3	0 1
40	1	0.0	3	0 0 0 1
66	1	0.0	3	0 0 1
79	1	0.0	3	0 0 0 1
84	1	0.0	3	0 0 1
101	1	0.0	3	0 0 1
102	1	0.0	3	0 0 0 1
145	1	0.0	3	0 1
148	1	0.0	3	1
150	1	0.0	3	0 0 0 1


=== First read: Adapter PrefixPE/2 ===

Sequence: GTGACTGGAGTTCAGACGTGTGCTCTTCCGATCT; Type: regular 3'; Length: 34; Trimmed: 241112 times

No. of allowed errors:
0-9 bp: 0; 10-19 bp: 1; 20-29 bp: 2; 30-34 bp: 3

Bases preceding removed adapters:
  A: 25.8%
  C: 11.8%
  G: 21.0%
  T: 41.4%
  none/other: 0.0%

Overview of removed sequences
length	count	expect	max.err	error counts
3	182449	405955.1	0	182449
4	50779	101488.8	0	50779
5	5997	25372.2	0	5997
6	1217	6343.0	0	1217
7	242	1585.8	0	242
8	40	396.4	0	40
9	159	99.1	0	9 150
10	161	24.8	1	3 158
11	57	6.2	1	0 57
12	10	1.5	1	0 10
13	1	0.4	1	0 1


=== Second read: Adapter PrefixPE/1 ===

Sequence: TACACTCTTTCCCTACACGACGCTCTTCCGATCT; Type: regular 3'; Length: 34; Trimmed: 500208 times

No. of allowed errors:
0-9 bp: 0; 10-19 bp: 1; 20-29 bp: 2; 30-34 bp: 3

Bases preceding removed adapters:
  A: 42.5%
  C: 13.2%
  G: 13.7%
  T: 30.6%
  none/other: 0.0%

Overview of removed sequences
length	count	expect	max.err	error counts
3	312973	405955.1	0	312973
4	156505	101488.8	0	156505
5	21110	25372.2	0	21110
6	4698	6343.0	0	4698
7	755	1585.8	0	755
8	231	396.4	0	231
9	1763	99.1	0	97 1666
10	1636	24.8	1	46 1590
11	429	6.2	1	3 426
12	74	1.5	1	1 73
13	22	0.4	1	0 22
14	9	0.1	1	1 8
15	2	0.0	1	0 2
16	1	0.0	1	0 1


=== Second read: Adapter PrefixPE/2 ===

Sequence: GTGACTGGAGTTCAGACGTGTGCTCTTCCGATCT; Type: regular 3'; Length: 34; Trimmed: 241525 times

No. of allowed errors:
0-9 bp: 0; 10-19 bp: 1; 20-29 bp: 2; 30-34 bp: 3

Bases preceding removed adapters:
  A: 26.5%
  C: 12.1%
  G: 20.3%
  T: 41.0%
  none/other: 0.0%

Overview of removed sequences
length	count	expect	max.err	error counts
3	181336	405955.1	0	181336
4	52064	101488.8	0	52064
5	6128	25372.2	0	6128
6	1299	6343.0	0	1299
7	262	1585.8	0	262
8	48	396.4	0	48
9	177	99.1	0	14 163
10	145	24.8	1	3 142
11	54	6.2	1	1 53
12	12	1.5	1	0 12
