This is cutadapt 2.9 with Python 3.6.6
Command line parameters: --interleaved -a file:/nas02/apps/trimmomatic-0.36/Trimmomatic-0.36/adapters/TruSeq3-PE.fa -A file:/nas02/apps/trimmomatic-0.36/Trimmomatic-0.36/adapters/TruSeq3-PE.fa -m 30 /nas/longleaf/home/zpopkinh/Pvivax_resources/wgs_pe_improved_global/fastq/ERS333073/ERR563002_1.fastq.gz /nas/longleaf/home/zpopkinh/Pvivax_resources/wgs_pe_improved_global/fastq/ERS333073/ERR563002_2.fastq.gz
Processing reads on 1 core in paired-end mode ...
Finished in 9193.15 s (353 us/read; 0.17 M reads/minute).

=== Summary ===

Total read pairs processed:         26,006,081
  Read 1 with adapter:                 734,726 (2.8%)
  Read 2 with adapter:                 747,126 (2.9%)
Pairs written (passing filters):    26,006,075 (100.0%)

Total basepairs processed: 7,801,824,300 bp
  Read 1: 3,900,912,150 bp
  Read 2: 3,900,912,150 bp
Total written (filtered):  7,796,749,168 bp (99.9%)
  Read 1: 3,898,397,953 bp
  Read 2: 3,898,351,215 bp

=== First read: Adapter PrefixPE/1 ===

Sequence: TACACTCTTTCCCTACACGACGCTCTTCCGATCT; Type: regular 3'; Length: 34; Trimmed: 492174 times

No. of allowed errors:
0-9 bp: 0; 10-19 bp: 1; 20-29 bp: 2; 30-34 bp: 3

Bases preceding removed adapters:
  A: 41.7%
  C: 13.1%
  G: 13.7%
  T: 31.6%
  none/other: 0.0%

Overview of removed sequences
length	count	expect	max.err	error counts
3	310438	406345.0	0	310438
4	151404	101586.3	0	151404
5	20918	25396.6	0	20918
6	4561	6349.1	0	4561
7	717	1587.3	0	717
8	205	396.8	0	205
9	1801	99.2	0	121 1680
10	1567	24.8	1	43 1524
11	453	6.2	1	10 443
12	66	1.6	1	0 66
13	18	0.4	1	0 18
14	6	0.1	1	0 6
15	3	0.0	1	0 3
26	1	0.0	2	1
38	1	0.0	3	0 0 0 1
58	1	0.0	3	0 1
59	1	0.0	3	1
62	1	0.0	3	0 1
75	1	0.0	3	0 0 0 1
79	1	0.0	3	1
87	1	0.0	3	0 0 1
94	1	0.0	3	0 0 0 1
97	1	0.0	3	0 1
101	1	0.0	3	0 0 0 1
133	2	0.0	3	0 2
145	1	0.0	3	1
149	2	0.0	3	1 1
150	1	0.0	3	0 0 1


=== First read: Adapter PrefixPE/2 ===

Sequence: GTGACTGGAGTTCAGACGTGTGCTCTTCCGATCT; Type: regular 3'; Length: 34; Trimmed: 242552 times

No. of allowed errors:
0-9 bp: 0; 10-19 bp: 1; 20-29 bp: 2; 30-34 bp: 3

Bases preceding removed adapters:
  A: 25.7%
  C: 11.9%
  G: 21.1%
  T: 41.3%
  none/other: 0.0%

Overview of removed sequences
length	count	expect	max.err	error counts
3	182919	406345.0	0	182919
4	51639	101586.3	0	51639
5	6046	25396.6	0	6046
6	1255	6349.1	0	1255
7	286	1587.3	0	286
8	49	396.8	0	49
9	160	99.2	0	11 149
10	139	24.8	1	3 136
11	47	6.2	1	0 47
12	11	1.6	1	0 11
13	1	0.4	1	0 1


=== Second read: Adapter PrefixPE/1 ===

Sequence: TACACTCTTTCCCTACACGACGCTCTTCCGATCT; Type: regular 3'; Length: 34; Trimmed: 503225 times

No. of allowed errors:
0-9 bp: 0; 10-19 bp: 1; 20-29 bp: 2; 30-34 bp: 3

Bases preceding removed adapters:
  A: 42.5%
  C: 13.3%
  G: 13.7%
  T: 30.5%
  none/other: 0.0%

Overview of removed sequences
length	count	expect	max.err	error counts
3	314673	406345.0	0	314673
4	157299	101586.3	0	157299
5	21602	25396.6	0	21602
6	4727	6349.1	0	4727
7	714	1587.3	0	714
8	259	396.8	0	259
9	1754	99.2	0	116 1638
10	1650	24.8	1	36 1614
11	446	6.2	1	5 441
12	74	1.6	1	0 74
13	18	0.4	1	0 18
14	6	0.1	1	0 6
15	3	0.0	1	0 3


=== Second read: Adapter PrefixPE/2 ===

Sequence: GTGACTGGAGTTCAGACGTGTGCTCTTCCGATCT; Type: regular 3'; Length: 34; Trimmed: 243901 times

No. of allowed errors:
0-9 bp: 0; 10-19 bp: 1; 20-29 bp: 2; 30-34 bp: 3

Bases preceding removed adapters:
  A: 26.6%
  C: 12.2%
  G: 20.4%
  T: 40.8%
  none/other: 0.0%

Overview of removed sequences
length	count	expect	max.err	error counts
3	183038	406345.0	0	183038
4	52438	101586.3	0	52438
5	6336	25396.6	0	6336
6	1357	6349.1	0	1357
7	283	1587.3	0	283
8	58	396.8	0	58
9	179	99.2	0	15 164
10	152	24.8	1	4 148
11	49	6.2	1	0 49
12	11	1.6	1	0 11
