This is cutadapt 2.9 with Python 3.6.6
Command line parameters: --interleaved -a file:/nas02/apps/trimmomatic-0.36/Trimmomatic-0.36/adapters/TruSeq3-PE.fa -A file:/nas02/apps/trimmomatic-0.36/Trimmomatic-0.36/adapters/TruSeq3-PE.fa -m 30 /nas/longleaf/home/zpopkinh/Pvivax_resources/wgs_pe_improved_global/fastq/SRS693570/SRR1562959_1.fastq.gz /nas/longleaf/home/zpopkinh/Pvivax_resources/wgs_pe_improved_global/fastq/SRS693570/SRR1562959_2.fastq.gz
Processing reads on 1 core in paired-end mode ...
Finished in 1096.45 s (70 us/read; 0.86 M reads/minute).

=== Summary ===

Total read pairs processed:         15,678,929
  Read 1 with adapter:                 561,187 (3.6%)
  Read 2 with adapter:                 584,021 (3.7%)
Pairs written (passing filters):    15,678,926 (100.0%)

Total basepairs processed: 3,167,143,658 bp
  Read 1: 1,583,571,829 bp
  Read 2: 1,583,571,829 bp
Total written (filtered):  3,163,311,226 bp (99.9%)
  Read 1: 1,581,686,405 bp
  Read 2: 1,581,624,821 bp

=== First read: Adapter PrefixPE/1 ===

Sequence: TACACTCTTTCCCTACACGACGCTCTTCCGATCT; Type: regular 3'; Length: 34; Trimmed: 251923 times

No. of allowed errors:
0-9 bp: 0; 10-19 bp: 1; 20-29 bp: 2; 30-34 bp: 3

Bases preceding removed adapters:
  A: 23.3%
  C: 24.5%
  G: 27.8%
  T: 24.4%
  none/other: 0.0%

Overview of removed sequences
length	count	expect	max.err	error counts
3	172266	244983.3	0	172266
4	58050	61245.8	0	58050
5	16184	15311.5	0	16184
6	2862	3827.9	0	2862
7	725	957.0	0	725
8	152	239.2	0	152
9	689	59.8	0	57 632
10	624	15.0	1	13 611
11	261	3.7	1	3 258
12	66	0.9	1	1 65
13	26	0.2	1	0 26
14	5	0.1	1	1 4
15	3	0.0	1	0 3
19	2	0.0	1	1 1
21	1	0.0	2	0 0 1
27	1	0.0	2	0 1
37	1	0.0	3	0 0 0 1
53	1	0.0	3	0 0 0 1
54	1	0.0	3	1
59	2	0.0	3	0 0 1 1
62	1	0.0	3	0 0 0 1


=== First read: Adapter PrefixPE/2 ===

Sequence: GTGACTGGAGTTCAGACGTGTGCTCTTCCGATCT; Type: regular 3'; Length: 34; Trimmed: 309264 times

No. of allowed errors:
0-9 bp: 0; 10-19 bp: 1; 20-29 bp: 2; 30-34 bp: 3

Bases preceding removed adapters:
  A: 22.5%
  C: 20.0%
  G: 28.4%
  T: 29.0%
  none/other: 0.0%

Overview of removed sequences
length	count	expect	max.err	error counts
3	241980	244983.3	0	241980
4	54602	61245.8	0	54602
5	9326	15311.5	0	9326
6	1985	3827.9	0	1985
7	501	957.0	0	501
8	72	239.2	0	72
9	360	59.8	0	13 347
10	293	15.0	1	6 287
11	116	3.7	1	0 116
12	21	0.9	1	0 21
13	8	0.2	1	0 8


=== Second read: Adapter PrefixPE/1 ===

Sequence: TACACTCTTTCCCTACACGACGCTCTTCCGATCT; Type: regular 3'; Length: 34; Trimmed: 244642 times

No. of allowed errors:
0-9 bp: 0; 10-19 bp: 1; 20-29 bp: 2; 30-34 bp: 3

Bases preceding removed adapters:
  A: 23.7%
  C: 24.1%
  G: 27.8%
  T: 24.4%
  none/other: 0.0%

Overview of removed sequences
length	count	expect	max.err	error counts
3	167723	244983.3	0	167723
4	56554	61245.8	0	56554
5	15161	15311.5	0	15161
6	2707	3827.9	0	2707
7	689	957.0	0	689
8	154	239.2	0	154
9	627	59.8	0	54 573
10	689	15.0	1	20 669
11	269	3.7	1	1 268
12	50	0.9	1	1 49
13	14	0.2	1	0 14
14	4	0.1	1	0 4
78	1	0.0	3	0 0 1


=== Second read: Adapter PrefixPE/2 ===

Sequence: GTGACTGGAGTTCAGACGTGTGCTCTTCCGATCT; Type: regular 3'; Length: 34; Trimmed: 339379 times

No. of allowed errors:
0-9 bp: 0; 10-19 bp: 1; 20-29 bp: 2; 30-34 bp: 3

Bases preceding removed adapters:
  A: 21.9%
  C: 26.0%
  G: 25.8%
  T: 26.3%
  none/other: 0.0%

Overview of removed sequences
length	count	expect	max.err	error counts
3	273576	244983.3	0	273576
4	53708	61245.8	0	53708
5	8868	15311.5	0	8868
6	1907	3827.9	0	1907
7	467	957.0	0	467
8	91	239.2	0	91
9	339	59.8	0	17 322
10	263	15.0	1	4 259
11	120	3.7	1	1 119
12	25	0.9	1	0 25
13	6	0.2	1	0 6
14	1	0.1	1	0 1
15	3	0.0	1	2 1
18	1	0.0	1	1
41	1	0.0	3	1
52	1	0.0	3	1
93	1	0.0	3	0 0 0 1
101	1	0.0	3	0 0 1
