This is cutadapt 2.9 with Python 3.6.6
Command line parameters: --interleaved -a file:/nas02/apps/trimmomatic-0.36/Trimmomatic-0.36/adapters/TruSeq3-PE.fa -A file:/nas02/apps/trimmomatic-0.36/Trimmomatic-0.36/adapters/TruSeq3-PE.fa -m 30 /nas/longleaf/home/zpopkinh/Pvivax_resources/wgs_pe_improved_global/fastq/SRS693570/SRR1564686_1.fastq.gz /nas/longleaf/home/zpopkinh/Pvivax_resources/wgs_pe_improved_global/fastq/SRS693570/SRR1564686_2.fastq.gz
Processing reads on 1 core in paired-end mode ...
Finished in 24.05 s (58 us/read; 1.04 M reads/minute).

=== Summary ===

Total read pairs processed:            415,145
  Read 1 with adapter:                  14,057 (3.4%)
  Read 2 with adapter:                  15,663 (3.8%)
Pairs written (passing filters):       415,143 (100.0%)

Total basepairs processed:    83,859,290 bp
  Read 1:    41,929,645 bp
  Read 2:    41,929,645 bp
Total written (filtered):     83,759,570 bp (99.9%)
  Read 1:    41,882,248 bp
  Read 2:    41,877,322 bp

=== First read: Adapter PrefixPE/1 ===

Sequence: TACACTCTTTCCCTACACGACGCTCTTCCGATCT; Type: regular 3'; Length: 34; Trimmed: 6489 times

No. of allowed errors:
0-9 bp: 0; 10-19 bp: 1; 20-29 bp: 2; 30-34 bp: 3

Bases preceding removed adapters:
  A: 25.1%
  C: 22.7%
  G: 26.8%
  T: 25.4%
  none/other: 0.0%

Overview of removed sequences
length	count	expect	max.err	error counts
3	4394	6486.6	0	4394
4	1552	1621.7	0	1552
5	410	405.4	0	410
6	77	101.4	0	77
7	19	25.3	0	19
8	5	6.3	0	5
9	16	1.6	0	0 16
10	14	0.4	1	0 14
11	2	0.1	1	0 2


=== First read: Adapter PrefixPE/2 ===

Sequence: GTGACTGGAGTTCAGACGTGTGCTCTTCCGATCT; Type: regular 3'; Length: 34; Trimmed: 7568 times

No. of allowed errors:
0-9 bp: 0; 10-19 bp: 1; 20-29 bp: 2; 30-34 bp: 3

Bases preceding removed adapters:
  A: 23.9%
  C: 19.0%
  G: 28.1%
  T: 29.0%
  none/other: 0.0%

Overview of removed sequences
length	count	expect	max.err	error counts
3	5909	6486.6	0	5909
4	1370	1621.7	0	1370
5	206	405.4	0	206
6	51	101.4	0	51
7	15	25.3	0	15
9	6	1.6	0	0 6
10	9	0.4	1	0 9
11	2	0.1	1	0 2


=== Second read: Adapter PrefixPE/1 ===

Sequence: TACACTCTTTCCCTACACGACGCTCTTCCGATCT; Type: regular 3'; Length: 34; Trimmed: 6313 times

No. of allowed errors:
0-9 bp: 0; 10-19 bp: 1; 20-29 bp: 2; 30-34 bp: 3

Bases preceding removed adapters:
  A: 24.3%
  C: 23.0%
  G: 27.2%
  T: 25.4%
  none/other: 0.0%

Overview of removed sequences
length	count	expect	max.err	error counts
3	4315	6486.6	0	4315
4	1454	1621.7	0	1454
5	410	405.4	0	410
6	63	101.4	0	63
7	26	25.3	0	26
8	5	6.3	0	5
9	16	1.6	0	2 14
10	14	0.4	1	0 14
11	8	0.1	1	0 8
12	1	0.0	1	0 1
13	1	0.0	1	0 1


=== Second read: Adapter PrefixPE/2 ===

Sequence: GTGACTGGAGTTCAGACGTGTGCTCTTCCGATCT; Type: regular 3'; Length: 34; Trimmed: 9350 times

No. of allowed errors:
0-9 bp: 0; 10-19 bp: 1; 20-29 bp: 2; 30-34 bp: 3

Bases preceding removed adapters:
  A: 23.2%
  C: 28.7%
  G: 23.9%
  T: 24.3%
  none/other: 0.0%

Overview of removed sequences
length	count	expect	max.err	error counts
3	7588	6486.6	0	7588
4	1448	1621.7	0	1448
5	228	405.4	0	228
6	44	101.4	0	44
7	14	25.3	0	14
9	11	1.6	0	0 11
10	10	0.4	1	0 10
11	4	0.1	1	0 4
12	1	0.0	1	0 1
94	2	0.0	3	0 0 1 1
