This is cutadapt 2.9 with Python 3.6.6
Command line parameters: --interleaved -a file:/nas02/apps/trimmomatic-0.36/Trimmomatic-0.36/adapters/TruSeq3-PE.fa -A file:/nas02/apps/trimmomatic-0.36/Trimmomatic-0.36/adapters/TruSeq3-PE.fa -m 30 /nas/longleaf/home/zpopkinh/Pvivax_resources/wgs_pe_improved_global/fastq/SRS693570/SRR1565089_1.fastq.gz /nas/longleaf/home/zpopkinh/Pvivax_resources/wgs_pe_improved_global/fastq/SRS693570/SRR1565089_2.fastq.gz
Processing reads on 1 core in paired-end mode ...
Finished in 15.33 s (46 us/read; 1.29 M reads/minute).

=== Summary ===

Total read pairs processed:            330,290
  Read 1 with adapter:                  11,202 (3.4%)
  Read 2 with adapter:                  12,459 (3.8%)
Pairs written (passing filters):       330,192 (100.0%)

Total basepairs processed:    66,718,580 bp
  Read 1:    33,359,290 bp
  Read 2:    33,359,290 bp
Total written (filtered):     66,620,057 bp (99.9%)
  Read 1:    33,311,684 bp
  Read 2:    33,308,373 bp

=== First read: Adapter PrefixPE/1 ===

Sequence: TACACTCTTTCCCTACACGACGCTCTTCCGATCT; Type: regular 3'; Length: 34; Trimmed: 5306 times

No. of allowed errors:
0-9 bp: 0; 10-19 bp: 1; 20-29 bp: 2; 30-34 bp: 3

Bases preceding removed adapters:
  A: 24.8%
  C: 23.1%
  G: 27.0%
  T: 25.1%
  none/other: 0.0%

Overview of removed sequences
length	count	expect	max.err	error counts
3	3541	5160.8	0	3541
4	1342	1290.2	0	1342
5	303	322.5	0	303
6	59	80.6	0	59
7	17	20.2	0	17
8	6	5.0	0	6
9	20	1.3	0	3 17
10	13	0.3	1	1 12
11	3	0.1	1	0 3
12	2	0.0	1	0 2


=== First read: Adapter PrefixPE/2 ===

Sequence: GTGACTGGAGTTCAGACGTGTGCTCTTCCGATCT; Type: regular 3'; Length: 34; Trimmed: 5896 times

No. of allowed errors:
0-9 bp: 0; 10-19 bp: 1; 20-29 bp: 2; 30-34 bp: 3

Bases preceding removed adapters:
  A: 21.7%
  C: 20.0%
  G: 28.8%
  T: 29.5%
  none/other: 0.0%

Overview of removed sequences
length	count	expect	max.err	error counts
3	4614	5160.8	0	4614
4	1060	1290.2	0	1060
5	162	322.5	0	162
6	34	80.6	0	34
7	8	20.2	0	8
8	2	5.0	0	2
9	10	1.3	0	1 9
10	4	0.3	1	0 4
11	1	0.1	1	0 1
12	1	0.0	1	0 1


=== Second read: Adapter PrefixPE/1 ===

Sequence: TACACTCTTTCCCTACACGACGCTCTTCCGATCT; Type: regular 3'; Length: 34; Trimmed: 4832 times

No. of allowed errors:
0-9 bp: 0; 10-19 bp: 1; 20-29 bp: 2; 30-34 bp: 3

Bases preceding removed adapters:
  A: 24.9%
  C: 23.6%
  G: 26.7%
  T: 24.8%
  none/other: 0.0%

Overview of removed sequences
length	count	expect	max.err	error counts
3	3315	5160.8	0	3315
4	1113	1290.2	0	1113
5	296	322.5	0	296
6	56	80.6	0	56
7	15	20.2	0	15
8	3	5.0	0	3
9	16	1.3	0	0 16
10	13	0.3	1	0 13
11	3	0.1	1	0 3
13	2	0.0	1	1 1


=== Second read: Adapter PrefixPE/2 ===

Sequence: GTGACTGGAGTTCAGACGTGTGCTCTTCCGATCT; Type: regular 3'; Length: 34; Trimmed: 7627 times

No. of allowed errors:
0-9 bp: 0; 10-19 bp: 1; 20-29 bp: 2; 30-34 bp: 3

Bases preceding removed adapters:
  A: 23.3%
  C: 28.5%
  G: 24.9%
  T: 23.4%
  none/other: 0.0%

Overview of removed sequences
length	count	expect	max.err	error counts
3	6185	5160.8	0	6185
4	1097	1290.2	0	1097
5	168	322.5	0	168
6	42	80.6	0	42
7	17	20.2	0	17
8	3	5.0	0	3
9	9	1.3	0	0 9
10	5	0.3	1	0 5
11	1	0.1	1	0 1
12	2	0.0	1	0 2
93	98	0.0	3	0 18 27 53
