This is cutadapt 2.9 with Python 3.6.6
Command line parameters: --interleaved -a file:/nas02/apps/trimmomatic-0.36/Trimmomatic-0.36/adapters/TruSeq3-PE.fa -A file:/nas02/apps/trimmomatic-0.36/Trimmomatic-0.36/adapters/TruSeq3-PE.fa -m 30 /nas/longleaf/home/zpopkinh/Pvivax_resources/wgs_pe_improved_global/fastq/ERS333077/ERR351956_1.fastq.gz /nas/longleaf/home/zpopkinh/Pvivax_resources/wgs_pe_improved_global/fastq/ERS333077/ERR351956_2.fastq.gz
Processing reads on 1 core in paired-end mode ...
Finished in 4441.79 s (304 us/read; 0.20 M reads/minute).

=== Summary ===

Total read pairs processed:         14,632,223
  Read 1 with adapter:                 404,856 (2.8%)
  Read 2 with adapter:                 397,297 (2.7%)
Pairs written (passing filters):    14,632,223 (100.0%)

Total basepairs processed: 2,926,444,600 bp
  Read 1: 1,463,222,300 bp
  Read 2: 1,463,222,300 bp
Total written (filtered):  2,923,686,860 bp (99.9%)
  Read 1: 1,461,830,236 bp
  Read 2: 1,461,856,624 bp

=== First read: Adapter PrefixPE/1 ===

Sequence: TACACTCTTTCCCTACACGACGCTCTTCCGATCT; Type: regular 3'; Length: 34; Trimmed: 289335 times

No. of allowed errors:
0-9 bp: 0; 10-19 bp: 1; 20-29 bp: 2; 30-34 bp: 3

Bases preceding removed adapters:
  A: 44.8%
  C: 11.3%
  G: 12.0%
  T: 31.9%
  none/other: 0.0%

Overview of removed sequences
length	count	expect	max.err	error counts
3	179069	228628.5	0	179069
4	93587	57157.1	0	93587
5	11352	14289.3	0	11352
6	2431	3572.3	0	2431
7	350	893.1	0	350
8	126	223.3	0	126
9	1113	55.8	0	64 1049
10	988	14.0	1	33 955
11	239	3.5	1	5 234
12	49	0.9	1	0 49
13	10	0.2	1	0 10
14	3	0.1	1	0 3
15	1	0.0	1	0 1
20	1	0.0	2	0 0 1
21	1	0.0	2	0 1
29	1	0.0	2	0 0 1
32	1	0.0	3	0 1
34	1	0.0	3	1
35	1	0.0	3	0 0 1
39	1	0.0	3	0 0 0 1
40	1	0.0	3	0 1
42	2	0.0	3	1 0 0 1
43	1	0.0	3	0 0 1
45	1	0.0	3	1
52	2	0.0	3	0 1 0 1
54	1	0.0	3	1
58	1	0.0	3	0 0 1
60	1	0.0	3	1


=== First read: Adapter PrefixPE/2 ===

Sequence: GTGACTGGAGTTCAGACGTGTGCTCTTCCGATCT; Type: regular 3'; Length: 34; Trimmed: 115521 times

No. of allowed errors:
0-9 bp: 0; 10-19 bp: 1; 20-29 bp: 2; 30-34 bp: 3

Bases preceding removed adapters:
  A: 27.0%
  C: 8.5%
  G: 18.2%
  T: 46.3%
  none/other: 0.0%

Overview of removed sequences
length	count	expect	max.err	error counts
3	85180	228628.5	0	85180
4	26929	57157.1	0	26929
5	2643	14289.3	0	2643
6	527	3572.3	0	527
7	96	893.1	0	96
8	13	223.3	0	13
9	54	55.8	0	4 50
10	61	14.0	1	1 60
11	15	3.5	1	0 15
12	3	0.9	1	0 3


=== Second read: Adapter PrefixPE/1 ===

Sequence: TACACTCTTTCCCTACACGACGCTCTTCCGATCT; Type: regular 3'; Length: 34; Trimmed: 282925 times

No. of allowed errors:
0-9 bp: 0; 10-19 bp: 1; 20-29 bp: 2; 30-34 bp: 3

Bases preceding removed adapters:
  A: 45.2%
  C: 11.1%
  G: 11.8%
  T: 31.9%
  none/other: 0.0%

Overview of removed sequences
length	count	expect	max.err	error counts
3	174368	228628.5	0	174368
4	92479	57157.1	0	92479
5	10982	14289.3	0	10982
6	2403	3572.3	0	2403
7	347	893.1	0	347
8	131	223.3	0	131
9	1011	55.8	0	68 943
10	897	14.0	1	22 875
11	249	3.5	1	7 242
12	43	0.9	1	1 42
13	9	0.2	1	0 9
14	4	0.1	1	0 4
15	1	0.0	1	0 1
16	1	0.0	1	0 1


=== Second read: Adapter PrefixPE/2 ===

Sequence: GTGACTGGAGTTCAGACGTGTGCTCTTCCGATCT; Type: regular 3'; Length: 34; Trimmed: 114372 times

No. of allowed errors:
0-9 bp: 0; 10-19 bp: 1; 20-29 bp: 2; 30-34 bp: 3

Bases preceding removed adapters:
  A: 27.6%
  C: 8.5%
  G: 18.1%
  T: 45.7%
  none/other: 0.0%

Overview of removed sequences
length	count	expect	max.err	error counts
3	83998	228628.5	0	83998
4	26991	57157.1	0	26991
5	2627	14289.3	0	2627
6	503	3572.3	0	503
7	86	893.1	0	86
8	17	223.3	0	17
9	65	55.8	0	3 62
10	55	14.0	1	0 55
11	23	3.5	1	0 23
12	5	0.9	1	0 5
13	2	0.2	1	0 2
