This is cutadapt 2.9 with Python 3.6.6
Command line parameters: --interleaved -a file:/nas02/apps/trimmomatic-0.36/Trimmomatic-0.36/adapters/TruSeq3-PE.fa -A file:/nas02/apps/trimmomatic-0.36/Trimmomatic-0.36/adapters/TruSeq3-PE.fa -m 30 /nas/longleaf/home/zpopkinh/Pvivax_resources/wgs_pe_improved_global/fastq/ERS333077/ERR351967_1.fastq.gz /nas/longleaf/home/zpopkinh/Pvivax_resources/wgs_pe_improved_global/fastq/ERS333077/ERR351967_2.fastq.gz
Processing reads on 1 core in paired-end mode ...
Finished in 14856.27 s (1022 us/read; 0.06 M reads/minute).

=== Summary ===

Total read pairs processed:         14,529,575
  Read 1 with adapter:                 401,557 (2.8%)
  Read 2 with adapter:                 395,014 (2.7%)
Pairs written (passing filters):    14,529,574 (100.0%)

Total basepairs processed: 2,905,915,000 bp
  Read 1: 1,452,957,500 bp
  Read 2: 1,452,957,500 bp
Total written (filtered):  2,903,177,742 bp (99.9%)
  Read 1: 1,451,577,707 bp
  Read 2: 1,451,600,035 bp

=== First read: Adapter PrefixPE/1 ===

Sequence: TACACTCTTTCCCTACACGACGCTCTTCCGATCT; Type: regular 3'; Length: 34; Trimmed: 286848 times

No. of allowed errors:
0-9 bp: 0; 10-19 bp: 1; 20-29 bp: 2; 30-34 bp: 3

Bases preceding removed adapters:
  A: 45.0%
  C: 11.1%
  G: 11.8%
  T: 32.1%
  none/other: 0.0%

Overview of removed sequences
length	count	expect	max.err	error counts
3	177271	227024.6	0	177271
4	93129	56756.2	0	93129
5	11292	14189.0	0	11292
6	2384	3547.3	0	2384
7	372	886.8	0	372
8	106	221.7	0	106
9	1028	55.4	0	64 964
10	979	13.9	1	31 948
11	215	3.5	1	7 208
12	48	0.9	1	0 48
13	5	0.2	1	0 5
14	3	0.1	1	0 3
15	1	0.0	1	1
21	1	0.0	2	0 0 1
22	1	0.0	2	1
24	1	0.0	2	1
29	1	0.0	2	0 0 1
30	1	0.0	3	1
33	1	0.0	3	1
39	1	0.0	3	0 0 1
43	1	0.0	3	0 0 1
46	2	0.0	3	1 1
47	1	0.0	3	0 1
51	1	0.0	3	0 1
53	1	0.0	3	1
54	1	0.0	3	1
100	1	0.0	3	0 0 0 1


=== First read: Adapter PrefixPE/2 ===

Sequence: GTGACTGGAGTTCAGACGTGTGCTCTTCCGATCT; Type: regular 3'; Length: 34; Trimmed: 114709 times

No. of allowed errors:
0-9 bp: 0; 10-19 bp: 1; 20-29 bp: 2; 30-34 bp: 3

Bases preceding removed adapters:
  A: 26.9%
  C: 8.7%
  G: 18.2%
  T: 46.3%
  none/other: 0.0%

Overview of removed sequences
length	count	expect	max.err	error counts
3	84971	227024.6	0	84971
4	26471	56756.2	0	26471
5	2508	14189.0	0	2508
6	519	3547.3	0	519
7	93	886.8	0	93
8	19	221.7	0	19
9	57	55.4	0	7 50
10	48	13.9	1	1 47
11	18	3.5	1	0 18
12	5	0.9	1	0 5


=== Second read: Adapter PrefixPE/1 ===

Sequence: TACACTCTTTCCCTACACGACGCTCTTCCGATCT; Type: regular 3'; Length: 34; Trimmed: 282266 times

No. of allowed errors:
0-9 bp: 0; 10-19 bp: 1; 20-29 bp: 2; 30-34 bp: 3

Bases preceding removed adapters:
  A: 44.9%
  C: 11.3%
  G: 11.9%
  T: 31.8%
  none/other: 0.0%

Overview of removed sequences
length	count	expect	max.err	error counts
3	174128	227024.6	0	174128
4	92332	56756.2	0	92332
5	10904	14189.0	0	10904
6	2260	3547.3	0	2260
7	329	886.8	0	329
8	100	221.7	0	100
9	1039	55.4	0	74 965
10	915	13.9	1	26 889
11	217	3.5	1	6 211
12	34	0.9	1	1 33
13	8	0.2	1	0 8


=== Second read: Adapter PrefixPE/2 ===

Sequence: GTGACTGGAGTTCAGACGTGTGCTCTTCCGATCT; Type: regular 3'; Length: 34; Trimmed: 112748 times

No. of allowed errors:
0-9 bp: 0; 10-19 bp: 1; 20-29 bp: 2; 30-34 bp: 3

Bases preceding removed adapters:
  A: 27.6%
  C: 8.6%
  G: 18.2%
  T: 45.6%
  none/other: 0.0%

Overview of removed sequences
length	count	expect	max.err	error counts
3	82810	227024.6	0	82810
4	26525	56756.2	0	26525
5	2636	14189.0	0	2636
6	511	3547.3	0	511
7	98	886.8	0	98
8	17	221.7	0	17
9	75	55.4	0	6 69
10	48	13.9	1	0 48
11	20	3.5	1	0 20
12	7	0.9	1	0 7
13	1	0.2	1	0 1
