This is cutadapt 2.9 with Python 3.6.6
Command line parameters: --interleaved -a file:/nas02/apps/trimmomatic-0.36/Trimmomatic-0.36/adapters/TruSeq3-PE.fa -A file:/nas02/apps/trimmomatic-0.36/Trimmomatic-0.36/adapters/TruSeq3-PE.fa -m 30 /nas/longleaf/home/zpopkinh/Pvivax_resources/wgs_pe_improved_global/fastq/ERS333077/ERR563004_1.fastq.gz /nas/longleaf/home/zpopkinh/Pvivax_resources/wgs_pe_improved_global/fastq/ERS333077/ERR563004_2.fastq.gz
Processing reads on 1 core in paired-end mode ...
Finished in 11648.59 s (442 us/read; 0.14 M reads/minute).

=== Summary ===

Total read pairs processed:         26,347,368
  Read 1 with adapter:                 708,046 (2.7%)
  Read 2 with adapter:                 710,144 (2.7%)
Pairs written (passing filters):    26,347,368 (100.0%)

Total basepairs processed: 7,904,210,400 bp
  Read 1: 3,952,105,200 bp
  Read 2: 3,952,105,200 bp
Total written (filtered):  7,899,332,807 bp (99.9%)
  Read 1: 3,949,671,964 bp
  Read 2: 3,949,660,843 bp

=== First read: Adapter PrefixPE/1 ===

Sequence: TACACTCTTTCCCTACACGACGCTCTTCCGATCT; Type: regular 3'; Length: 34; Trimmed: 508469 times

No. of allowed errors:
0-9 bp: 0; 10-19 bp: 1; 20-29 bp: 2; 30-34 bp: 3

Bases preceding removed adapters:
  A: 44.6%
  C: 11.4%
  G: 11.7%
  T: 32.3%
  none/other: 0.0%

Overview of removed sequences
length	count	expect	max.err	error counts
3	315705	411677.6	0	315705
4	163435	102919.4	0	163435
5	19969	25729.9	0	19969
6	4298	6432.5	0	4298
7	633	1608.1	0	633
8	206	402.0	0	206
9	1907	100.5	0	122 1785
10	1784	25.1	1	58 1726
11	425	6.3	1	7 418
12	82	1.6	1	1 81
13	14	0.4	1	0 14
14	6	0.1	1	0 6
35	1	0.0	3	0 0 1
66	1	0.0	3	0 1
77	1	0.0	3	0 0 1
80	1	0.0	3	1
96	1	0.0	3	1


=== First read: Adapter PrefixPE/2 ===

Sequence: GTGACTGGAGTTCAGACGTGTGCTCTTCCGATCT; Type: regular 3'; Length: 34; Trimmed: 199577 times

No. of allowed errors:
0-9 bp: 0; 10-19 bp: 1; 20-29 bp: 2; 30-34 bp: 3

Bases preceding removed adapters:
  A: 27.1%
  C: 8.3%
  G: 18.4%
  T: 46.2%
  none/other: 0.0%

Overview of removed sequences
length	count	expect	max.err	error counts
3	147380	411677.6	0	147380
4	46270	102919.4	0	46270
5	4555	25729.9	0	4555
6	924	6432.5	0	924
7	173	1608.1	0	173
8	26	402.0	0	26
9	112	100.5	0	9 103
10	93	25.1	1	0 93
11	38	6.3	1	0 38
12	5	1.6	1	0 5
13	1	0.4	1	0 1


=== Second read: Adapter PrefixPE/1 ===

Sequence: TACACTCTTTCCCTACACGACGCTCTTCCGATCT; Type: regular 3'; Length: 34; Trimmed: 511667 times

No. of allowed errors:
0-9 bp: 0; 10-19 bp: 1; 20-29 bp: 2; 30-34 bp: 3

Bases preceding removed adapters:
  A: 45.4%
  C: 11.4%
  G: 11.9%
  T: 31.4%
  none/other: 0.0%

Overview of removed sequences
length	count	expect	max.err	error counts
3	314632	411677.6	0	314632
4	167384	102919.4	0	167384
5	20059	25729.9	0	20059
6	4594	6432.5	0	4594
7	669	1608.1	0	669
8	233	402.0	0	233
9	1774	100.5	0	126 1648
10	1755	25.1	1	55 1700
11	466	6.3	1	5 461
12	83	1.6	1	2 81
13	13	0.4	1	0 13
14	5	0.1	1	1 4


=== Second read: Adapter PrefixPE/2 ===

Sequence: GTGACTGGAGTTCAGACGTGTGCTCTTCCGATCT; Type: regular 3'; Length: 34; Trimmed: 198477 times

No. of allowed errors:
0-9 bp: 0; 10-19 bp: 1; 20-29 bp: 2; 30-34 bp: 3

Bases preceding removed adapters:
  A: 27.8%
  C: 8.7%
  G: 17.8%
  T: 45.8%
  none/other: 0.0%

Overview of removed sequences
length	count	expect	max.err	error counts
3	145912	411677.6	0	145912
4	46521	102919.4	0	46521
5	4665	25729.9	0	4665
6	926	6432.5	0	926
7	170	1608.1	0	170
8	20	402.0	0	20
9	110	100.5	0	6 104
10	101	25.1	1	1 100
11	37	6.3	1	0 37
12	12	1.6	1	0 12
13	2	0.4	1	0 2
14	1	0.1	1	0 1
