This is cutadapt 2.9 with Python 3.6.6
Command line parameters: --interleaved -a file:/nas02/apps/trimmomatic-0.36/Trimmomatic-0.36/adapters/TruSeq3-PE.fa -A file:/nas02/apps/trimmomatic-0.36/Trimmomatic-0.36/adapters/TruSeq3-PE.fa -m 30 /nas/longleaf/home/zpopkinh/Pvivax_resources/wgs_pe_improved_global/fastq/ERS333077/ERR562998_1.fastq.gz /nas/longleaf/home/zpopkinh/Pvivax_resources/wgs_pe_improved_global/fastq/ERS333077/ERR562998_2.fastq.gz
Processing reads on 1 core in paired-end mode ...
Finished in 11866.61 s (449 us/read; 0.13 M reads/minute).

=== Summary ===

Total read pairs processed:         26,428,288
  Read 1 with adapter:                 706,354 (2.7%)
  Read 2 with adapter:                 711,048 (2.7%)
Pairs written (passing filters):    26,428,282 (100.0%)

Total basepairs processed: 7,928,486,400 bp
  Read 1: 3,964,243,200 bp
  Read 2: 3,964,243,200 bp
Total written (filtered):  7,923,610,695 bp (99.9%)
  Read 1: 3,961,814,770 bp
  Read 2: 3,961,795,925 bp

=== First read: Adapter PrefixPE/1 ===

Sequence: TACACTCTTTCCCTACACGACGCTCTTCCGATCT; Type: regular 3'; Length: 34; Trimmed: 507840 times

No. of allowed errors:
0-9 bp: 0; 10-19 bp: 1; 20-29 bp: 2; 30-34 bp: 3

Bases preceding removed adapters:
  A: 44.7%
  C: 11.3%
  G: 11.7%
  T: 32.3%
  none/other: 0.0%

Overview of removed sequences
length	count	expect	max.err	error counts
3	315785	412942.0	0	315785
4	162825	103235.5	0	162825
5	19910	25808.9	0	19910
6	4283	6452.2	0	4283
7	621	1613.1	0	621
8	228	403.3	0	228
9	1902	100.8	0	106 1796
10	1683	25.2	1	46 1637
11	464	6.3	1	5 459
12	103	1.6	1	0 103
13	10	0.4	1	0 10
14	5	0.1	1	0 5
15	1	0.0	1	0 1
20	1	0.0	2	0 0 1
69	1	0.0	3	0 0 0 1
70	1	0.0	3	0 0 1
74	2	0.0	3	0 2
81	1	0.0	3	1
87	4	0.0	3	0 2 0 2
95	1	0.0	3	0 0 1
97	1	0.0	3	0 0 0 1
101	1	0.0	3	0 0 0 1
102	1	0.0	3	0 0 0 1
147	2	0.0	3	1 1
149	2	0.0	3	1 1
150	2	0.0	3	0 0 1 1


=== First read: Adapter PrefixPE/2 ===

Sequence: GTGACTGGAGTTCAGACGTGTGCTCTTCCGATCT; Type: regular 3'; Length: 34; Trimmed: 198514 times

No. of allowed errors:
0-9 bp: 0; 10-19 bp: 1; 20-29 bp: 2; 30-34 bp: 3

Bases preceding removed adapters:
  A: 27.2%
  C: 8.4%
  G: 18.1%
  T: 46.4%
  none/other: 0.0%

Overview of removed sequences
length	count	expect	max.err	error counts
3	146732	412942.0	0	146732
4	45863	103235.5	0	45863
5	4511	25808.9	0	4511
6	950	6452.2	0	950
7	186	1613.1	0	186
8	25	403.3	0	25
9	113	100.8	0	7 106
10	86	25.2	1	0 86
11	39	6.3	1	0 39
12	7	1.6	1	0 7
13	1	0.4	1	0 1
14	1	0.1	1	0 1


=== Second read: Adapter PrefixPE/1 ===

Sequence: TACACTCTTTCCCTACACGACGCTCTTCCGATCT; Type: regular 3'; Length: 34; Trimmed: 511396 times

No. of allowed errors:
0-9 bp: 0; 10-19 bp: 1; 20-29 bp: 2; 30-34 bp: 3

Bases preceding removed adapters:
  A: 45.3%
  C: 11.4%
  G: 11.8%
  T: 31.5%
  none/other: 0.0%

Overview of removed sequences
length	count	expect	max.err	error counts
3	314504	412942.0	0	314504
4	167236	103235.5	0	167236
5	20163	25808.9	0	20163
6	4583	6452.2	0	4583
7	658	1613.1	0	658
8	243	403.3	0	243
9	1805	100.8	0	123 1682
10	1648	25.2	1	56 1592
11	434	6.3	1	5 429
12	94	1.6	1	4 90
13	18	0.4	1	0 18
14	8	0.1	1	0 8
15	1	0.0	1	0 1
18	1	0.0	1	0 1


=== Second read: Adapter PrefixPE/2 ===

Sequence: GTGACTGGAGTTCAGACGTGTGCTCTTCCGATCT; Type: regular 3'; Length: 34; Trimmed: 199652 times

No. of allowed errors:
0-9 bp: 0; 10-19 bp: 1; 20-29 bp: 2; 30-34 bp: 3

Bases preceding removed adapters:
  A: 27.6%
  C: 8.5%
  G: 17.8%
  T: 46.1%
  none/other: 0.0%

Overview of removed sequences
length	count	expect	max.err	error counts
3	147176	412942.0	0	147176
4	46467	103235.5	0	46467
5	4587	25808.9	0	4587
6	974	6452.2	0	974
7	168	1613.1	0	168
8	25	403.3	0	25
9	110	100.8	0	7 103
10	100	25.2	1	0 100
11	33	6.3	1	0 33
12	11	1.6	1	0 11
14	1	0.1	1	0 1
