This is cutadapt 2.9 with Python 3.6.6
Command line parameters: --interleaved -a file:/nas02/apps/trimmomatic-0.36/Trimmomatic-0.36/adapters/TruSeq3-PE.fa -A file:/nas02/apps/trimmomatic-0.36/Trimmomatic-0.36/adapters/TruSeq3-PE.fa -m 30 /nas/longleaf/home/zpopkinh/Pvivax_resources/wgs_pe_improved_global/fastq/SRS1061197/SRR2316924_1.fastq.gz /nas/longleaf/home/zpopkinh/Pvivax_resources/wgs_pe_improved_global/fastq/SRS1061197/SRR2316924_2.fastq.gz
Processing reads on 1 core in paired-end mode ...
Finished in 618.09 s (87 us/read; 0.69 M reads/minute).

=== Summary ===

Total read pairs processed:          7,071,010
  Read 1 with adapter:                 257,185 (3.6%)
  Read 2 with adapter:                 250,912 (3.5%)
Pairs written (passing filters):     7,071,003 (100.0%)

Total basepairs processed: 1,414,202,000 bp
  Read 1:   700,029,990 bp
  Read 2:   714,172,010 bp
Total written (filtered):  1,412,476,903 bp (99.9%)
  Read 1:   699,156,817 bp
  Read 2:   713,320,086 bp

=== First read: Adapter PrefixPE/1 ===

Sequence: TACACTCTTTCCCTACACGACGCTCTTCCGATCT; Type: regular 3'; Length: 34; Trimmed: 144725 times

No. of allowed errors:
0-9 bp: 0; 10-19 bp: 1; 20-29 bp: 2; 30-34 bp: 3

Bases preceding removed adapters:
  A: 31.2%
  C: 17.3%
  G: 20.3%
  T: 31.2%
  none/other: 0.0%

Overview of removed sequences
length	count	expect	max.err	error counts
3	95631	110484.5	0	95631
4	38600	27621.1	0	38600
5	7292	6905.3	0	7292
6	1704	1726.3	0	1704
7	307	431.6	0	307
8	80	107.9	0	80
9	414	27.0	0	17 397
10	474	6.7	1	6 468
11	178	1.7	1	1 177
12	28	0.4	1	0 28
13	11	0.1	1	0 11
14	2	0.0	1	0 2
31	1	0.0	3	0 0 0 1
51	1	0.0	3	0 0 1
99	2	0.0	3	0 0 1 1


=== First read: Adapter PrefixPE/2 ===

Sequence: GTGACTGGAGTTCAGACGTGTGCTCTTCCGATCT; Type: regular 3'; Length: 34; Trimmed: 112460 times

No. of allowed errors:
0-9 bp: 0; 10-19 bp: 1; 20-29 bp: 2; 30-34 bp: 3

Bases preceding removed adapters:
  A: 26.1%
  C: 15.4%
  G: 23.7%
  T: 34.7%
  none/other: 0.0%

Overview of removed sequences
length	count	expect	max.err	error counts
3	86496	110484.5	0	86496
4	21340	27621.1	0	21340
5	3275	6905.3	0	3275
6	848	1726.3	0	848
7	166	431.6	0	166
8	31	107.9	0	31
9	125	27.0	0	8 117
10	121	6.7	1	3 118
11	43	1.7	1	0 43
12	11	0.4	1	1 10
13	2	0.1	1	0 2
14	1	0.0	1	0 1
70	1	0.0	3	0 0 1


=== Second read: Adapter PrefixPE/1 ===

Sequence: TACACTCTTTCCCTACACGACGCTCTTCCGATCT; Type: regular 3'; Length: 34; Trimmed: 141978 times

No. of allowed errors:
0-9 bp: 0; 10-19 bp: 1; 20-29 bp: 2; 30-34 bp: 3

Bases preceding removed adapters:
  A: 31.5%
  C: 17.1%
  G: 20.0%
  T: 31.5%
  none/other: 0.0%

Overview of removed sequences
length	count	expect	max.err	error counts
3	93477	110484.5	0	93477
4	38385	27621.1	0	38385
5	6994	6905.3	0	6994
6	1617	1726.3	0	1617
7	274	431.6	0	274
8	83	107.9	0	83
9	422	27.0	0	30 392
10	526	6.7	1	9 517
11	161	1.7	1	3 158
12	31	0.4	1	0 31
13	4	0.1	1	0 4
14	1	0.0	1	0 1
15	1	0.0	1	0 1
101	2	0.0	3	0 1 0 1


=== Second read: Adapter PrefixPE/2 ===

Sequence: GTGACTGGAGTTCAGACGTGTGCTCTTCCGATCT; Type: regular 3'; Length: 34; Trimmed: 108934 times

No. of allowed errors:
0-9 bp: 0; 10-19 bp: 1; 20-29 bp: 2; 30-34 bp: 3

Bases preceding removed adapters:
  A: 25.8%
  C: 15.5%
  G: 24.0%
  T: 34.8%
  none/other: 0.0%

Overview of removed sequences
length	count	expect	max.err	error counts
3	84013	110484.5	0	84013
4	20591	27621.1	0	20591
5	3070	6905.3	0	3070
6	781	1726.3	0	781
7	188	431.6	0	188
8	28	107.9	0	28
9	95	27.0	0	8 87
10	95	6.7	1	1 94
11	51	1.7	1	1 50
12	9	0.4	1	0 9
13	2	0.1	1	0 2
14	3	0.0	1	0 3
17	1	0.0	1	1
20	1	0.0	2	0 0 1
36	1	0.0	3	0 1
46	1	0.0	3	0 0 0 1
70	2	0.0	3	1 0 0 1
88	1	0.0	3	0 0 0 1
94	1	0.0	3	0 0 0 1
