This is cutadapt 2.9 with Python 3.6.6
Command line parameters: --interleaved -a file:/nas02/apps/trimmomatic-0.36/Trimmomatic-0.36/adapters/TruSeq3-PE.fa -A file:/nas02/apps/trimmomatic-0.36/Trimmomatic-0.36/adapters/TruSeq3-PE.fa -m 30 /nas/longleaf/home/zpopkinh/Pvivax_resources/wgs_pe_improved_global/fastq/ERR5740852/ERR5740852_1.fastq.gz /nas/longleaf/home/zpopkinh/Pvivax_resources/wgs_pe_improved_global/fastq/ERR5740852/ERR5740852_2.fastq.gz
Processing reads on 1 core in paired-end mode ...
Finished in 246.02 s (87 us/read; 0.69 M reads/minute).

=== Summary ===

Total read pairs processed:          2,843,638
  Read 1 with adapter:                 114,842 (4.0%)
  Read 2 with adapter:                 115,778 (4.1%)
Pairs written (passing filters):     2,843,631 (100.0%)

Total basepairs processed:   749,030,008 bp
  Read 1:   373,927,291 bp
  Read 2:   375,102,717 bp
Total written (filtered):    748,272,530 bp (99.9%)
  Read 1:   373,550,112 bp
  Read 2:   374,722,418 bp

=== First read: Adapter PrefixPE/1 ===

Sequence: TACACTCTTTCCCTACACGACGCTCTTCCGATCT; Type: regular 3'; Length: 34; Trimmed: 57822 times

No. of allowed errors:
0-9 bp: 0; 10-19 bp: 1; 20-29 bp: 2; 30-34 bp: 3

Bases preceding removed adapters:
  A: 23.7%
  C: 22.9%
  G: 17.4%
  T: 36.0%
  none/other: 0.0%

Overview of removed sequences
length	count	expect	max.err	error counts
3	48822	44431.8	0	48822
4	4684	11108.0	0	4684
5	3068	2777.0	0	3068
6	509	694.2	0	509
7	115	173.6	0	115
8	43	43.4	0	43
9	175	10.8	0	10 165
10	274	2.7	1	8 266
11	96	0.7	1	2 94
12	23	0.2	1	0 23
13	7	0.0	1	0 7
14	2	0.0	1	0 2
15	1	0.0	1	0 1
29	1	0.0	2	0 1
32	1	0.0	3	0 1
73	1	0.0	3	0 0 0 1


=== First read: Adapter PrefixPE/2 ===

Sequence: GTGACTGGAGTTCAGACGTGTGCTCTTCCGATCT; Type: regular 3'; Length: 34; Trimmed: 57020 times

No. of allowed errors:
0-9 bp: 0; 10-19 bp: 1; 20-29 bp: 2; 30-34 bp: 3

Bases preceding removed adapters:
  A: 26.5%
  C: 10.9%
  G: 25.1%
  T: 37.5%
  none/other: 0.0%

Overview of removed sequences
length	count	expect	max.err	error counts
3	48448	44431.8	0	48448
4	4075	11108.0	0	4075
5	3535	2777.0	0	3535
6	517	694.2	0	517
7	148	173.6	0	148
8	38	43.4	0	38
9	92	10.8	0	6 86
10	100	2.7	1	2 98
11	54	0.7	1	1 53
12	10	0.2	1	0 10
13	3	0.0	1	0 3


=== Second read: Adapter PrefixPE/1 ===

Sequence: TACACTCTTTCCCTACACGACGCTCTTCCGATCT; Type: regular 3'; Length: 34; Trimmed: 57199 times

No. of allowed errors:
0-9 bp: 0; 10-19 bp: 1; 20-29 bp: 2; 30-34 bp: 3

Bases preceding removed adapters:
  A: 23.9%
  C: 23.2%
  G: 18.0%
  T: 34.9%
  none/other: 0.0%

Overview of removed sequences
length	count	expect	max.err	error counts
3	48080	44431.8	0	48080
4	4668	11108.0	0	4668
5	3219	2777.0	0	3219
6	546	694.2	0	546
7	105	173.6	0	105
8	45	43.4	0	45
9	139	10.8	0	5 134
10	251	2.7	1	8 243
11	102	0.7	1	1 101
12	32	0.2	1	2 30
13	11	0.0	1	0 11
14	1	0.0	1	0 1


=== Second read: Adapter PrefixPE/2 ===

Sequence: GTGACTGGAGTTCAGACGTGTGCTCTTCCGATCT; Type: regular 3'; Length: 34; Trimmed: 58579 times

No. of allowed errors:
0-9 bp: 0; 10-19 bp: 1; 20-29 bp: 2; 30-34 bp: 3

Bases preceding removed adapters:
  A: 26.5%
  C: 11.8%
  G: 25.3%
  T: 36.4%
  none/other: 0.0%

Overview of removed sequences
length	count	expect	max.err	error counts
3	50122	44431.8	0	50122
4	3912	11108.0	0	3912
5	3618	2777.0	0	3618
6	486	694.2	0	486
7	146	173.6	0	146
8	35	43.4	0	35
9	67	10.8	0	4 63
10	125	2.7	1	5 120
11	53	0.7	1	2 51
12	8	0.2	1	0 8
13	3	0.0	1	0 3
15	1	0.0	1	0 1
20	1	0.0	2	0 1
106	1	0.0	3	0 0 0 1
119	1	0.0	3	0 0 0 1
