This is cutadapt 2.9 with Python 3.6.6
Command line parameters: --interleaved -a file:/nas02/apps/trimmomatic-0.36/Trimmomatic-0.36/adapters/TruSeq3-PE.fa -A file:/nas02/apps/trimmomatic-0.36/Trimmomatic-0.36/adapters/TruSeq3-PE.fa -m 30 /nas/longleaf/home/zpopkinh/Pvivax_resources/wgs_pe_improved_global/fastq/ERR5740825/ERR5740825_1.fastq.gz /nas/longleaf/home/zpopkinh/Pvivax_resources/wgs_pe_improved_global/fastq/ERR5740825/ERR5740825_2.fastq.gz
Processing reads on 1 core in paired-end mode ...
Finished in 504.94 s (154 us/read; 0.39 M reads/minute).

=== Summary ===

Total read pairs processed:          3,270,936
  Read 1 with adapter:                 119,420 (3.7%)
  Read 2 with adapter:                 116,056 (3.5%)
Pairs written (passing filters):     3,270,929 (100.0%)

Total basepairs processed:   987,822,672 bp
  Read 1:   493,911,336 bp
  Read 2:   493,911,336 bp
Total written (filtered):    987,027,215 bp (99.9%)
  Read 1:   493,507,747 bp
  Read 2:   493,519,468 bp

=== First read: Adapter PrefixPE/1 ===

Sequence: TACACTCTTTCCCTACACGACGCTCTTCCGATCT; Type: regular 3'; Length: 34; Trimmed: 54035 times

No. of allowed errors:
0-9 bp: 0; 10-19 bp: 1; 20-29 bp: 2; 30-34 bp: 3

Bases preceding removed adapters:
  A: 25.4%
  C: 24.2%
  G: 24.5%
  T: 26.0%
  none/other: 0.0%

Overview of removed sequences
length	count	expect	max.err	error counts
3	36473	51108.4	0	36473
4	13247	12777.1	0	13247
5	3081	3194.3	0	3081
6	608	798.6	0	608
7	157	199.6	0	157
8	34	49.9	0	34
9	168	12.5	0	10 158
10	171	3.1	1	9 162
11	81	0.8	1	2 79
12	8	0.2	1	0 8
13	2	0.0	1	0 2
14	3	0.0	1	0 3
91	1	0.0	3	0 0 0 1
98	1	0.0	3	0 0 0 1


=== First read: Adapter PrefixPE/2 ===

Sequence: GTGACTGGAGTTCAGACGTGTGCTCTTCCGATCT; Type: regular 3'; Length: 34; Trimmed: 65385 times

No. of allowed errors:
0-9 bp: 0; 10-19 bp: 1; 20-29 bp: 2; 30-34 bp: 3

Bases preceding removed adapters:
  A: 24.7%
  C: 16.5%
  G: 28.3%
  T: 30.5%
  none/other: 0.0%

Overview of removed sequences
length	count	expect	max.err	error counts
3	50944	51108.4	0	50944
4	11675	12777.1	0	11675
5	1930	3194.3	0	1930
6	465	798.6	0	465
7	133	199.6	0	133
8	26	49.9	0	26
9	100	12.5	0	5 95
10	78	3.1	1	1 77
11	26	0.8	1	1 25
12	4	0.2	1	0 4
14	2	0.0	1	0 2
85	1	0.0	3	0 1
143	1	0.0	3	1


=== Second read: Adapter PrefixPE/1 ===

Sequence: TACACTCTTTCCCTACACGACGCTCTTCCGATCT; Type: regular 3'; Length: 34; Trimmed: 52469 times

No. of allowed errors:
0-9 bp: 0; 10-19 bp: 1; 20-29 bp: 2; 30-34 bp: 3

Bases preceding removed adapters:
  A: 25.7%
  C: 24.7%
  G: 24.2%
  T: 25.4%
  none/other: 0.0%

Overview of removed sequences
length	count	expect	max.err	error counts
3	35349	51108.4	0	35349
4	12830	12777.1	0	12830
5	3087	3194.3	0	3087
6	586	798.6	0	586
7	156	199.6	0	156
8	39	49.9	0	39
9	154	12.5	0	15 139
10	169	3.1	1	4 165
11	73	0.8	1	0 73
12	20	0.2	1	0 20
13	4	0.0	1	0 4
14	1	0.0	1	0 1
151	1	0.0	3	0 1


=== Second read: Adapter PrefixPE/2 ===

Sequence: GTGACTGGAGTTCAGACGTGTGCTCTTCCGATCT; Type: regular 3'; Length: 34; Trimmed: 63587 times

No. of allowed errors:
0-9 bp: 0; 10-19 bp: 1; 20-29 bp: 2; 30-34 bp: 3

Bases preceding removed adapters:
  A: 24.5%
  C: 17.9%
  G: 27.9%
  T: 29.8%
  none/other: 0.0%

Overview of removed sequences
length	count	expect	max.err	error counts
3	49848	51108.4	0	49848
4	11097	12777.1	0	11097
5	1850	3194.3	0	1850
6	458	798.6	0	458
7	101	199.6	0	101
8	32	49.9	0	32
9	88	12.5	0	6 82
10	78	3.1	1	3 75
11	17	0.8	1	0 17
12	10	0.2	1	1 9
13	1	0.0	1	0 1
51	1	0.0	3	0 0 0 1
68	1	0.0	3	0 0 0 1
143	5	0.0	3	0 0 3 2
