This is cutadapt 2.9 with Python 3.6.6
Command line parameters: --interleaved -a file:/nas02/apps/trimmomatic-0.36/Trimmomatic-0.36/adapters/TruSeq3-PE.fa -A file:/nas02/apps/trimmomatic-0.36/Trimmomatic-0.36/adapters/TruSeq3-PE.fa -m 30 /nas/longleaf/home/zpopkinh/Pvivax_resources/wgs_pe_improved_global/fastq/ERS980429/ERR1475354_1.fastq.gz /nas/longleaf/home/zpopkinh/Pvivax_resources/wgs_pe_improved_global/fastq/ERS980429/ERR1475354_2.fastq.gz
Processing reads on 1 core in paired-end mode ...
Finished in 829.96 s (82 us/read; 0.73 M reads/minute).

=== Summary ===

Total read pairs processed:         10,117,948
  Read 1 with adapter:                 373,529 (3.7%)
  Read 2 with adapter:                 370,283 (3.7%)
Pairs written (passing filters):    10,117,947 (100.0%)

Total basepairs processed: 2,023,589,600 bp
  Read 1: 1,011,794,800 bp
  Read 2: 1,011,794,800 bp
Total written (filtered):  2,021,072,296 bp (99.9%)
  Read 1: 1,010,530,494 bp
  Read 2: 1,010,541,802 bp

=== First read: Adapter PrefixPE/1 ===

Sequence: TACACTCTTTCCCTACACGACGCTCTTCCGATCT; Type: regular 3'; Length: 34; Trimmed: 200680 times

No. of allowed errors:
0-9 bp: 0; 10-19 bp: 1; 20-29 bp: 2; 30-34 bp: 3

Bases preceding removed adapters:
  A: 28.8%
  C: 18.4%
  G: 24.1%
  T: 28.7%
  none/other: 0.0%

Overview of removed sequences
length	count	expect	max.err	error counts
3	133415	158092.9	0	133415
4	51949	39523.2	0	51949
5	10564	9880.8	0	10564
6	2450	2470.2	0	2450
7	510	617.6	0	510
8	126	154.4	0	126
9	545	38.6	0	44 501
10	840	9.6	1	19 821
11	223	2.4	1	3 220
12	39	0.6	1	1 38
13	12	0.2	1	1 11
14	4	0.0	1	0 4
15	2	0.0	1	0 2
100	1	0.0	3	0 0 0 1


=== First read: Adapter PrefixPE/2 ===

Sequence: GTGACTGGAGTTCAGACGTGTGCTCTTCCGATCT; Type: regular 3'; Length: 34; Trimmed: 172849 times

No. of allowed errors:
0-9 bp: 0; 10-19 bp: 1; 20-29 bp: 2; 30-34 bp: 3

Bases preceding removed adapters:
  A: 24.6%
  C: 17.6%
  G: 25.1%
  T: 32.7%
  none/other: 0.0%

Overview of removed sequences
length	count	expect	max.err	error counts
3	134344	158092.9	0	134344
4	31905	39523.2	0	31905
5	4716	9880.8	0	4716
6	1127	2470.2	0	1127
7	257	617.6	0	257
8	40	154.4	0	40
9	202	38.6	0	8 194
10	185	9.6	1	4 181
11	59	2.4	1	0 59
12	13	0.6	1	0 13
13	1	0.2	1	0 1


=== Second read: Adapter PrefixPE/1 ===

Sequence: TACACTCTTTCCCTACACGACGCTCTTCCGATCT; Type: regular 3'; Length: 34; Trimmed: 199408 times

No. of allowed errors:
0-9 bp: 0; 10-19 bp: 1; 20-29 bp: 2; 30-34 bp: 3

Bases preceding removed adapters:
  A: 28.8%
  C: 18.3%
  G: 24.1%
  T: 28.7%
  none/other: 0.0%

Overview of removed sequences
length	count	expect	max.err	error counts
3	132681	158092.9	0	132681
4	51510	39523.2	0	51510
5	10454	9880.8	0	10454
6	2368	2470.2	0	2368
7	482	617.6	0	482
8	112	154.4	0	112
9	571	38.6	0	55 516
10	938	9.6	1	17 921
11	238	2.4	1	2 236
12	33	0.6	1	0 33
13	18	0.2	1	0 18
14	3	0.0	1	0 3


=== Second read: Adapter PrefixPE/2 ===

Sequence: GTGACTGGAGTTCAGACGTGTGCTCTTCCGATCT; Type: regular 3'; Length: 34; Trimmed: 170875 times

No. of allowed errors:
0-9 bp: 0; 10-19 bp: 1; 20-29 bp: 2; 30-34 bp: 3

Bases preceding removed adapters:
  A: 24.4%
  C: 17.7%
  G: 25.1%
  T: 32.8%
  none/other: 0.0%

Overview of removed sequences
length	count	expect	max.err	error counts
3	133559	158092.9	0	133559
4	30771	39523.2	0	30771
5	4684	9880.8	0	4684
6	1135	2470.2	0	1135
7	269	617.6	0	269
8	41	154.4	0	41
9	190	38.6	0	9 181
10	160	9.6	1	5 155
11	53	2.4	1	0 53
12	6	0.6	1	0 6
13	7	0.2	1	1 6
