This is cutadapt 2.9 with Python 3.6.6
Command line parameters: --interleaved -a file:/nas02/apps/trimmomatic-0.36/Trimmomatic-0.36/adapters/TruSeq3-PE.fa -A file:/nas02/apps/trimmomatic-0.36/Trimmomatic-0.36/adapters/TruSeq3-PE.fa -m 30 /nas/longleaf/home/zpopkinh/Pvivax_resources/wgs_pe_improved_global/fastq/SRS694240/SRR1565000_1.fastq.gz /nas/longleaf/home/zpopkinh/Pvivax_resources/wgs_pe_improved_global/fastq/SRS694240/SRR1565000_2.fastq.gz
Processing reads on 1 core in paired-end mode ...
Finished in 0.73 s (51 us/read; 1.18 M reads/minute).

=== Summary ===

Total read pairs processed:             14,337
  Read 1 with adapter:                     446 (3.1%)
  Read 2 with adapter:                     516 (3.6%)
Pairs written (passing filters):        14,337 (100.0%)

Total basepairs processed:     2,896,074 bp
  Read 1:     1,448,037 bp
  Read 2:     1,448,037 bp
Total written (filtered):      2,892,712 bp (99.9%)
  Read 1:     1,446,494 bp
  Read 2:     1,446,218 bp

=== First read: Adapter PrefixPE/1 ===

Sequence: TACACTCTTTCCCTACACGACGCTCTTCCGATCT; Type: regular 3'; Length: 34; Trimmed: 224 times

No. of allowed errors:
0-9 bp: 0; 10-19 bp: 1; 20-29 bp: 2; 30-34 bp: 3

Bases preceding removed adapters:
  A: 26.3%
  C: 23.7%
  G: 23.7%
  T: 26.3%
  none/other: 0.0%

Overview of removed sequences
length	count	expect	max.err	error counts
3	155	224.0	0	155
4	54	56.0	0	54
5	9	14.0	0	9
6	1	3.5	0	1
10	4	0.0	1	0 4
11	1	0.0	1	0 1


=== First read: Adapter PrefixPE/2 ===

Sequence: GTGACTGGAGTTCAGACGTGTGCTCTTCCGATCT; Type: regular 3'; Length: 34; Trimmed: 222 times

No. of allowed errors:
0-9 bp: 0; 10-19 bp: 1; 20-29 bp: 2; 30-34 bp: 3

Bases preceding removed adapters:
  A: 36.0%
  C: 7.2%
  G: 20.7%
  T: 36.0%
  none/other: 0.0%

Overview of removed sequences
length	count	expect	max.err	error counts
3	168	224.0	0	168
4	38	56.0	0	38
5	7	14.0	0	7
6	5	3.5	0	5
9	2	0.1	0	0 2
10	1	0.0	1	0 1
11	1	0.0	1	0 1


=== Second read: Adapter PrefixPE/1 ===

Sequence: TACACTCTTTCCCTACACGACGCTCTTCCGATCT; Type: regular 3'; Length: 34; Trimmed: 227 times

No. of allowed errors:
0-9 bp: 0; 10-19 bp: 1; 20-29 bp: 2; 30-34 bp: 3

Bases preceding removed adapters:
  A: 27.8%
  C: 22.0%
  G: 18.5%
  T: 31.7%
  none/other: 0.0%

Overview of removed sequences
length	count	expect	max.err	error counts
3	135	224.0	0	135
4	65	56.0	0	65
5	10	14.0	0	10
6	6	3.5	0	6
7	2	0.9	0	2
8	1	0.2	0	1
9	1	0.1	0	1
10	5	0.0	1	0 5
11	2	0.0	1	0 2


=== Second read: Adapter PrefixPE/2 ===

Sequence: GTGACTGGAGTTCAGACGTGTGCTCTTCCGATCT; Type: regular 3'; Length: 34; Trimmed: 289 times

No. of allowed errors:
0-9 bp: 0; 10-19 bp: 1; 20-29 bp: 2; 30-34 bp: 3

Bases preceding removed adapters:
  A: 29.8%
  C: 20.4%
  G: 14.2%
  T: 35.6%
  none/other: 0.0%

Overview of removed sequences
length	count	expect	max.err	error counts
3	223	224.0	0	223
4	51	56.0	0	51
5	8	14.0	0	8
6	3	3.5	0	3
7	1	0.9	0	1
9	3	0.1	0	1 2
