This is cutadapt 2.9 with Python 3.6.6
Command line parameters: --interleaved -a file:/nas02/apps/trimmomatic-0.36/Trimmomatic-0.36/adapters/TruSeq3-PE.fa -A file:/nas02/apps/trimmomatic-0.36/Trimmomatic-0.36/adapters/TruSeq3-PE.fa -m 30 /nas/longleaf/home/zpopkinh/Pvivax_resources/wgs_pe_improved_global/fastq/ERS013104/ERR023161_1.fastq.gz /nas/longleaf/home/zpopkinh/Pvivax_resources/wgs_pe_improved_global/fastq/ERS013104/ERR023161_2.fastq.gz
Processing reads on 1 core in paired-end mode ...
Finished in 789.79 s (65 us/read; 0.92 M reads/minute).

=== Summary ===

Total read pairs processed:         12,134,028
  Read 1 with adapter:                 457,961 (3.8%)
  Read 2 with adapter:                 448,874 (3.7%)
Pairs written (passing filters):    12,134,026 (100.0%)

Total basepairs processed: 1,844,372,256 bp
  Read 1:   922,186,128 bp
  Read 2:   922,186,128 bp
Total written (filtered):  1,841,306,294 bp (99.8%)
  Read 1:   920,637,075 bp
  Read 2:   920,669,219 bp

=== First read: Adapter PrefixPE/1 ===

Sequence: TACACTCTTTCCCTACACGACGCTCTTCCGATCT; Type: regular 3'; Length: 34; Trimmed: 243994 times

No. of allowed errors:
0-9 bp: 0; 10-19 bp: 1; 20-29 bp: 2; 30-34 bp: 3

Bases preceding removed adapters:
  A: 30.0%
  C: 18.4%
  G: 23.5%
  T: 28.1%
  none/other: 0.0%

Overview of removed sequences
length	count	expect	max.err	error counts
3	161001	189594.2	0	161001
4	64710	47398.5	0	64710
5	13331	11849.6	0	13331
6	2706	2962.4	0	2706
7	486	740.6	0	486
8	119	185.2	0	119
9	596	46.3	0	45 551
10	735	11.6	1	22 713
11	245	2.9	1	3 242
12	49	0.7	1	1 48
13	11	0.2	1	2 9
14	2	0.0	1	0 2
15	1	0.0	1	0 1
64	2	0.0	3	2


=== First read: Adapter PrefixPE/2 ===

Sequence: GTGACTGGAGTTCAGACGTGTGCTCTTCCGATCT; Type: regular 3'; Length: 34; Trimmed: 213967 times

No. of allowed errors:
0-9 bp: 0; 10-19 bp: 1; 20-29 bp: 2; 30-34 bp: 3

Bases preceding removed adapters:
  A: 25.7%
  C: 17.5%
  G: 25.4%
  T: 31.3%
  none/other: 0.0%

Overview of removed sequences
length	count	expect	max.err	error counts
3	165508	189594.2	0	165508
4	40081	47398.5	0	40081
5	6071	11849.6	0	6071
6	1370	2962.4	0	1370
7	296	740.6	0	296
8	59	185.2	0	59
9	262	46.3	0	17 245
10	232	11.6	1	10 222
11	71	2.9	1	0 71
12	17	0.7	1	0 17


=== Second read: Adapter PrefixPE/1 ===

Sequence: TACACTCTTTCCCTACACGACGCTCTTCCGATCT; Type: regular 3'; Length: 34; Trimmed: 243326 times

No. of allowed errors:
0-9 bp: 0; 10-19 bp: 1; 20-29 bp: 2; 30-34 bp: 3

Bases preceding removed adapters:
  A: 29.2%
  C: 18.0%
  G: 23.2%
  T: 29.6%
  none/other: 0.0%

Overview of removed sequences
length	count	expect	max.err	error counts
3	161677	189594.2	0	161677
4	62619	47398.5	0	62619
5	13186	11849.6	0	13186
6	3006	2962.4	0	3006
7	603	740.6	0	603
8	173	185.2	0	173
9	731	46.3	0	64 667
10	944	11.6	1	17 927
11	302	2.9	1	2 300
12	69	0.7	1	2 67
13	13	0.2	1	0 13
14	3	0.0	1	0 3


=== Second read: Adapter PrefixPE/2 ===

Sequence: GTGACTGGAGTTCAGACGTGTGCTCTTCCGATCT; Type: regular 3'; Length: 34; Trimmed: 205548 times

No. of allowed errors:
0-9 bp: 0; 10-19 bp: 1; 20-29 bp: 2; 30-34 bp: 3

Bases preceding removed adapters:
  A: 22.6%
  C: 19.2%
  G: 25.1%
  T: 33.2%
  none/other: 0.0%

Overview of removed sequences
length	count	expect	max.err	error counts
3	162959	189594.2	0	162959
4	34800	47398.5	0	34800
5	5615	11849.6	0	5615
6	1402	2962.4	0	1402
7	285	740.6	0	285
8	53	185.2	0	53
9	154	46.3	0	11 143
10	182	11.6	1	6 176
11	68	2.9	1	0 68
12	28	0.7	1	0 28
13	2	0.2	1	0 2
