This is cutadapt 2.9 with Python 3.6.6
Command line parameters: --interleaved -a file:/nas02/apps/trimmomatic-0.36/Trimmomatic-0.36/adapters/TruSeq3-PE.fa -A file:/nas02/apps/trimmomatic-0.36/Trimmomatic-0.36/adapters/TruSeq3-PE.fa -m 30 /nas/longleaf/home/zpopkinh/Pvivax_resources/wgs_pe_improved_global/fastq/SRS696214/SRR1567956_1.fastq.gz /nas/longleaf/home/zpopkinh/Pvivax_resources/wgs_pe_improved_global/fastq/SRS696214/SRR1567956_2.fastq.gz
Processing reads on 1 core in paired-end mode ...
Finished in 1.83 s (69 us/read; 0.86 M reads/minute).

=== Summary ===

Total read pairs processed:             26,394
  Read 1 with adapter:                     879 (3.3%)
  Read 2 with adapter:                     924 (3.5%)
Pairs written (passing filters):        26,394 (100.0%)

Total basepairs processed:     5,331,588 bp
  Read 1:     2,665,794 bp
  Read 2:     2,665,794 bp
Total written (filtered):      5,325,477 bp (99.9%)
  Read 1:     2,662,785 bp
  Read 2:     2,662,692 bp

=== First read: Adapter PrefixPE/1 ===

Sequence: TACACTCTTTCCCTACACGACGCTCTTCCGATCT; Type: regular 3'; Length: 34; Trimmed: 485 times

No. of allowed errors:
0-9 bp: 0; 10-19 bp: 1; 20-29 bp: 2; 30-34 bp: 3

Bases preceding removed adapters:
  A: 28.0%
  C: 25.4%
  G: 20.0%
  T: 26.6%
  none/other: 0.0%

Overview of removed sequences
length	count	expect	max.err	error counts
3	313	412.4	0	313
4	119	103.1	0	119
5	44	25.8	0	44
6	4	6.4	0	4
7	1	1.6	0	1
9	3	0.1	0	0 3
10	1	0.0	1	0 1


=== First read: Adapter PrefixPE/2 ===

Sequence: GTGACTGGAGTTCAGACGTGTGCTCTTCCGATCT; Type: regular 3'; Length: 34; Trimmed: 394 times

No. of allowed errors:
0-9 bp: 0; 10-19 bp: 1; 20-29 bp: 2; 30-34 bp: 3

Bases preceding removed adapters:
  A: 29.7%
  C: 15.7%
  G: 23.9%
  T: 30.7%
  none/other: 0.0%

Overview of removed sequences
length	count	expect	max.err	error counts
3	309	412.4	0	309
4	65	103.1	0	65
5	13	25.8	0	13
6	3	6.4	0	3
7	1	1.6	0	1
9	1	0.1	0	0 1
10	2	0.0	1	0 2


=== Second read: Adapter PrefixPE/1 ===

Sequence: TACACTCTTTCCCTACACGACGCTCTTCCGATCT; Type: regular 3'; Length: 34; Trimmed: 477 times

No. of allowed errors:
0-9 bp: 0; 10-19 bp: 1; 20-29 bp: 2; 30-34 bp: 3

Bases preceding removed adapters:
  A: 34.8%
  C: 25.2%
  G: 16.8%
  T: 23.3%
  none/other: 0.0%

Overview of removed sequences
length	count	expect	max.err	error counts
3	307	412.4	0	307
4	140	103.1	0	140
5	23	25.8	0	23
6	5	6.4	0	5
7	1	1.6	0	1
10	1	0.0	1	0 1


=== Second read: Adapter PrefixPE/2 ===

Sequence: GTGACTGGAGTTCAGACGTGTGCTCTTCCGATCT; Type: regular 3'; Length: 34; Trimmed: 447 times

No. of allowed errors:
0-9 bp: 0; 10-19 bp: 1; 20-29 bp: 2; 30-34 bp: 3

Bases preceding removed adapters:
  A: 22.6%
  C: 26.8%
  G: 24.2%
  T: 26.4%
  none/other: 0.0%

Overview of removed sequences
length	count	expect	max.err	error counts
3	364	412.4	0	364
4	59	103.1	0	59
5	18	25.8	0	18
6	4	6.4	0	4
7	1	1.6	0	1
10	1	0.0	1	0 1
