This is cutadapt 2.9 with Python 3.6.6
Command line parameters: --interleaved -a file:/nas02/apps/trimmomatic-0.36/Trimmomatic-0.36/adapters/TruSeq3-PE.fa -A file:/nas02/apps/trimmomatic-0.36/Trimmomatic-0.36/adapters/TruSeq3-PE.fa -m 30 /nas/longleaf/home/zpopkinh/Pvivax_resources/wgs_pe_improved_global/fastq/SRS696214/SRR1568149_1.fastq.gz /nas/longleaf/home/zpopkinh/Pvivax_resources/wgs_pe_improved_global/fastq/SRS696214/SRR1568149_2.fastq.gz
Processing reads on 1 core in paired-end mode ...
Finished in 1617.23 s (64 us/read; 0.93 M reads/minute).

=== Summary ===

Total read pairs processed:         25,130,850
  Read 1 with adapter:                 918,402 (3.7%)
  Read 2 with adapter:                 962,067 (3.8%)
Pairs written (passing filters):    25,130,849 (100.0%)

Total basepairs processed: 5,076,431,700 bp
  Read 1: 2,538,215,850 bp
  Read 2: 2,538,215,850 bp
Total written (filtered):  5,070,125,320 bp (99.9%)
  Read 1: 2,535,126,961 bp
  Read 2: 2,534,998,359 bp

=== First read: Adapter PrefixPE/1 ===

Sequence: TACACTCTTTCCCTACACGACGCTCTTCCGATCT; Type: regular 3'; Length: 34; Trimmed: 432242 times

No. of allowed errors:
0-9 bp: 0; 10-19 bp: 1; 20-29 bp: 2; 30-34 bp: 3

Bases preceding removed adapters:
  A: 24.7%
  C: 23.5%
  G: 25.9%
  T: 25.9%
  none/other: 0.0%

Overview of removed sequences
length	count	expect	max.err	error counts
3	295172	392669.5	0	295172
4	101731	98167.4	0	101731
5	26043	24541.8	0	26043
6	4912	6135.5	0	4912
7	1175	1533.9	0	1175
8	226	383.5	0	226
9	1080	95.9	0	100 980
10	1307	24.0	1	36 1271
11	436	6.0	1	1 435
12	119	1.5	1	1 118
13	31	0.4	1	0 31
14	7	0.1	1	0 7
15	1	0.0	1	0 1
24	1	0.0	2	0 0 1
101	1	0.0	3	0 0 0 1


=== First read: Adapter PrefixPE/2 ===

Sequence: GTGACTGGAGTTCAGACGTGTGCTCTTCCGATCT; Type: regular 3'; Length: 34; Trimmed: 486160 times

No. of allowed errors:
0-9 bp: 0; 10-19 bp: 1; 20-29 bp: 2; 30-34 bp: 3

Bases preceding removed adapters:
  A: 23.1%
  C: 19.3%
  G: 27.6%
  T: 30.0%
  none/other: 0.0%

Overview of removed sequences
length	count	expect	max.err	error counts
3	378795	392669.5	0	378795
4	87060	98167.4	0	87060
5	14998	24541.8	0	14998
6	3199	6135.5	0	3199
7	753	1533.9	0	753
8	116	383.5	0	116
9	587	95.9	0	35 552
10	443	24.0	1	9 434
11	164	6.0	1	2 162
12	36	1.5	1	0 36
13	9	0.4	1	0 9


=== Second read: Adapter PrefixPE/1 ===

Sequence: TACACTCTTTCCCTACACGACGCTCTTCCGATCT; Type: regular 3'; Length: 34; Trimmed: 428207 times

No. of allowed errors:
0-9 bp: 0; 10-19 bp: 1; 20-29 bp: 2; 30-34 bp: 3

Bases preceding removed adapters:
  A: 24.8%
  C: 23.3%
  G: 25.7%
  T: 26.2%
  none/other: 0.0%

Overview of removed sequences
length	count	expect	max.err	error counts
3	292899	392669.5	0	292899
4	100250	98167.4	0	100250
5	25806	24541.8	0	25806
6	4947	6135.5	0	4947
7	1108	1533.9	0	1108
8	220	383.5	0	220
9	1020	95.9	0	114 906
10	1306	24.0	1	48 1258
11	512	6.0	1	4 508
12	96	1.5	1	1 95
13	32	0.4	1	0 32
14	8	0.1	1	0 8
15	2	0.0	1	0 2
16	1	0.0	1	0 1


=== Second read: Adapter PrefixPE/2 ===

Sequence: GTGACTGGAGTTCAGACGTGTGCTCTTCCGATCT; Type: regular 3'; Length: 34; Trimmed: 533860 times

No. of allowed errors:
0-9 bp: 0; 10-19 bp: 1; 20-29 bp: 2; 30-34 bp: 3

Bases preceding removed adapters:
  A: 22.2%
  C: 25.4%
  G: 25.2%
  T: 27.2%
  none/other: 0.0%

Overview of removed sequences
length	count	expect	max.err	error counts
3	426902	392669.5	0	426902
4	87044	98167.4	0	87044
5	14703	24541.8	0	14703
6	3045	6135.5	0	3045
7	716	1533.9	0	716
8	122	383.5	0	122
9	586	95.9	0	35 551
10	484	24.0	1	12 472
11	209	6.0	1	2 207
12	29	1.5	1	0 29
13	7	0.4	1	0 7
14	4	0.1	1	0 4
20	2	0.0	2	0 0 2
26	2	0.0	2	0 0 2
29	1	0.0	2	0 1
39	1	0.0	3	0 1
44	2	0.0	3	0 1 0 1
56	1	0.0	3	0 1
