This is cutadapt 2.9 with Python 3.6.6
Command line parameters: --interleaved -a file:/nas02/apps/trimmomatic-0.36/Trimmomatic-0.36/adapters/TruSeq3-PE.fa -A file:/nas02/apps/trimmomatic-0.36/Trimmomatic-0.36/adapters/TruSeq3-PE.fa -m 30 /nas/longleaf/home/zpopkinh/Pvivax_resources/wgs_pe_improved_global/fastq/SRS2745846/SRR6361509_1.fastq.gz /nas/longleaf/home/zpopkinh/Pvivax_resources/wgs_pe_improved_global/fastq/SRS2745846/SRR6361509_2.fastq.gz
Processing reads on 1 core in paired-end mode ...
Finished in 2.99 s (81 us/read; 0.74 M reads/minute).

=== Summary ===

Total read pairs processed:             36,905
  Read 1 with adapter:                     720 (2.0%)
  Read 2 with adapter:                   1,092 (3.0%)
Pairs written (passing filters):        36,758 (99.6%)

Total basepairs processed:    18,526,310 bp
  Read 1:     9,263,155 bp
  Read 2:     9,263,155 bp
Total written (filtered):     18,446,594 bp (99.6%)
  Read 1:     9,223,883 bp
  Read 2:     9,222,711 bp

=== First read: Adapter PrefixPE/1 ===

Sequence: TACACTCTTTCCCTACACGACGCTCTTCCGATCT; Type: regular 3'; Length: 34; Trimmed: 576 times

No. of allowed errors:
0-9 bp: 0; 10-19 bp: 1; 20-29 bp: 2; 30-34 bp: 3

Bases preceding removed adapters:
  A: 56.4%
  C: 14.8%
  G: 11.1%
  T: 17.7%
  none/other: 0.0%

Overview of removed sequences
length	count	expect	max.err	error counts
3	239	576.6	0	239
4	253	144.2	0	253
5	17	36.0	0	17
6	6	9.0	0	6
7	2	2.3	0	2
9	1	0.1	0	0 1
10	3	0.0	1	1 2
237	2	0.0	3	0 0 0 2
238	1	0.0	3	0 0 0 1
239	37	0.0	3	0 0 10 27
240	2	0.0	3	0 0 0 2
241	1	0.0	3	0 0 0 1
243	1	0.0	3	0 0 0 1
244	2	0.0	3	0 0 0 2
245	7	0.0	3	0 0 1 6
246	2	0.0	3	0 0 1 1


=== First read: Adapter PrefixPE/2 ===

Sequence: GTGACTGGAGTTCAGACGTGTGCTCTTCCGATCT; Type: regular 3'; Length: 34; Trimmed: 144 times

No. of allowed errors:
0-9 bp: 0; 10-19 bp: 1; 20-29 bp: 2; 30-34 bp: 3

Bases preceding removed adapters:
  A: 38.2%
  C: 6.2%
  G: 14.6%
  T: 41.0%
  none/other: 0.0%

Overview of removed sequences
length	count	expect	max.err	error counts
3	108	576.6	0	108
4	31	144.2	0	31
5	2	36.0	0	2
6	3	9.0	0	3


=== Second read: Adapter PrefixPE/1 ===

Sequence: TACACTCTTTCCCTACACGACGCTCTTCCGATCT; Type: regular 3'; Length: 34; Trimmed: 638 times

No. of allowed errors:
0-9 bp: 0; 10-19 bp: 1; 20-29 bp: 2; 30-34 bp: 3

Bases preceding removed adapters:
  A: 69.1%
  C: 10.0%
  G: 11.6%
  T: 9.2%
  none/other: 0.0%

Overview of removed sequences
length	count	expect	max.err	error counts
3	199	576.6	0	199
4	409	144.2	0	409
5	21	36.0	0	21
6	7	9.0	0	7
7	2	2.3	0	2


=== Second read: Adapter PrefixPE/2 ===

Sequence: GTGACTGGAGTTCAGACGTGTGCTCTTCCGATCT; Type: regular 3'; Length: 34; Trimmed: 454 times

No. of allowed errors:
0-9 bp: 0; 10-19 bp: 1; 20-29 bp: 2; 30-34 bp: 3

Bases preceding removed adapters:
  A: 31.1%
  C: 5.3%
  G: 14.5%
  T: 49.1%
  none/other: 0.0%

Overview of removed sequences
length	count	expect	max.err	error counts
3	297	576.6	0	297
4	59	144.2	0	59
5	4	36.0	0	4
6	1	9.0	0	1
7	1	2.3	0	1
228	1	0.0	3	0 0 1
229	3	0.0	3	0 0 3
230	3	0.0	3	0 0 3
231	1	0.0	3	0 1
232	14	0.0	3	0 0 1 13
234	16	0.0	3	0 7 9
235	13	0.0	3	0 1 10 2
236	10	0.0	3	0 5 4 1
237	2	0.0	3	0 0 0 2
238	20	0.0	3	0 0 7 13
239	1	0.0	3	0 0 1
240	1	0.0	3	0 1
241	1	0.0	3	0 0 0 1
242	4	0.0	3	0 0 3 1
243	2	0.0	3	0 0 1 1
