This is cutadapt 2.9 with Python 3.6.6
Command line parameters: --interleaved -a file:/nas02/apps/trimmomatic-0.36/Trimmomatic-0.36/adapters/TruSeq3-PE.fa -A file:/nas02/apps/trimmomatic-0.36/Trimmomatic-0.36/adapters/TruSeq3-PE.fa -m 30 /nas/longleaf/home/zpopkinh/Pvivax_resources/wgs_pe_improved_global/fastq/SRS2745846/SRR6361415_1.fastq.gz /nas/longleaf/home/zpopkinh/Pvivax_resources/wgs_pe_improved_global/fastq/SRS2745846/SRR6361415_2.fastq.gz
Processing reads on 1 core in paired-end mode ...
Finished in 2446.81 s (72 us/read; 0.83 M reads/minute).

=== Summary ===

Total read pairs processed:         33,961,432
  Read 1 with adapter:               1,462,138 (4.3%)
  Read 2 with adapter:               1,617,791 (4.8%)
Pairs written (passing filters):    33,961,432 (100.0%)

Total basepairs processed: 6,792,286,400 bp
  Read 1: 3,396,143,200 bp
  Read 2: 3,396,143,200 bp
Total written (filtered):  6,781,454,492 bp (99.8%)
  Read 1: 3,390,963,483 bp
  Read 2: 3,390,491,009 bp

=== First read: Adapter PrefixPE/1 ===

Sequence: TACACTCTTTCCCTACACGACGCTCTTCCGATCT; Type: regular 3'; Length: 34; Trimmed: 1092948 times

No. of allowed errors:
0-9 bp: 0; 10-19 bp: 1; 20-29 bp: 2; 30-34 bp: 3

Bases preceding removed adapters:
  A: 58.4%
  C: 6.0%
  G: 27.5%
  T: 8.0%
  none/other: 0.0%

Overview of removed sequences
length	count	expect	max.err	error counts
3	638330	530647.4	0	638330
4	250111	132661.8	0	250111
5	198947	33165.5	0	198947
6	2653	8291.4	0	2653
7	609	2072.8	0	609
8	158	518.2	0	158
9	881	129.6	0	49 832
10	889	32.4	1	46 843
11	294	8.1	1	0 294
12	74	2.0	1	0 74
13	2	0.5	1	0 2


=== First read: Adapter PrefixPE/2 ===

Sequence: GTGACTGGAGTTCAGACGTGTGCTCTTCCGATCT; Type: regular 3'; Length: 34; Trimmed: 369190 times

No. of allowed errors:
0-9 bp: 0; 10-19 bp: 1; 20-29 bp: 2; 30-34 bp: 3

Bases preceding removed adapters:
  A: 20.2%
  C: 25.4%
  G: 31.4%
  T: 22.9%
  none/other: 0.0%

Overview of removed sequences
length	count	expect	max.err	error counts
3	279836	530647.4	0	279836
4	70055	132661.8	0	70055
5	14173	33165.5	0	14173
6	2781	8291.4	0	2781
7	977	2072.8	0	977
8	133	518.2	0	133
9	582	129.6	0	26 556
10	512	32.4	1	52 460
11	106	8.1	1	0 106
12	25	2.0	1	0 25
13	10	0.5	1	0 10


=== Second read: Adapter PrefixPE/1 ===

Sequence: TACACTCTTTCCCTACACGACGCTCTTCCGATCT; Type: regular 3'; Length: 34; Trimmed: 860333 times

No. of allowed errors:
0-9 bp: 0; 10-19 bp: 1; 20-29 bp: 2; 30-34 bp: 3

Bases preceding removed adapters:
  A: 74.1%
  C: 7.8%
  G: 7.8%
  T: 10.3%
  none/other: 0.0%

Overview of removed sequences
length	count	expect	max.err	error counts
3	405448	530647.4	0	405448
4	250856	132661.8	0	250856
5	198486	33165.5	0	198486
6	2543	8291.4	0	2543
7	727	2072.8	0	727
8	99	518.2	0	99
9	883	129.6	0	63 820
10	890	32.4	1	30 860
11	288	8.1	1	11 277
12	83	2.0	1	0 83
13	7	0.5	1	0 7
14	22	0.1	1	0 22
15	1	0.0	1	0 1


=== Second read: Adapter PrefixPE/2 ===

Sequence: GTGACTGGAGTTCAGACGTGTGCTCTTCCGATCT; Type: regular 3'; Length: 34; Trimmed: 757458 times

No. of allowed errors:
0-9 bp: 0; 10-19 bp: 1; 20-29 bp: 2; 30-34 bp: 3

Bases preceding removed adapters:
  A: 39.7%
  C: 13.4%
  G: 34.4%
  T: 12.5%
  none/other: 0.0%

Overview of removed sequences
length	count	expect	max.err	error counts
3	664141	530647.4	0	664141
4	73362	132661.8	0	73362
5	14209	33165.5	0	14209
6	3234	8291.4	0	3234
7	1113	2072.8	0	1113
8	159	518.2	0	159
9	542	129.6	0	30 512
10	538	32.4	1	1 537
11	138	8.1	1	0 138
12	16	2.0	1	0 16
13	6	0.5	1	0 6
