This is cutadapt 2.9 with Python 3.6.6
Command line parameters: --interleaved -a file:/nas02/apps/trimmomatic-0.36/Trimmomatic-0.36/adapters/TruSeq3-PE.fa -A file:/nas02/apps/trimmomatic-0.36/Trimmomatic-0.36/adapters/TruSeq3-PE.fa -m 30 /nas/longleaf/home/zpopkinh/Pvivax_resources/wgs_pe_improved_global/fastq/SRS1061154/SRR2316867_1.fastq.gz /nas/longleaf/home/zpopkinh/Pvivax_resources/wgs_pe_improved_global/fastq/SRS1061154/SRR2316867_2.fastq.gz
Processing reads on 1 core in paired-end mode ...
Finished in 664.28 s (89 us/read; 0.67 M reads/minute).

=== Summary ===

Total read pairs processed:          7,424,003
  Read 1 with adapter:                 264,922 (3.6%)
  Read 2 with adapter:                 270,835 (3.6%)
Pairs written (passing filters):     7,423,989 (100.0%)

Total basepairs processed: 1,484,800,600 bp
  Read 1:   734,976,297 bp
  Read 2:   749,824,303 bp
Total written (filtered):  1,482,976,789 bp (99.9%)
  Read 1:   734,074,432 bp
  Read 2:   748,902,357 bp

=== First read: Adapter PrefixPE/1 ===

Sequence: TACACTCTTTCCCTACACGACGCTCTTCCGATCT; Type: regular 3'; Length: 34; Trimmed: 150095 times

No. of allowed errors:
0-9 bp: 0; 10-19 bp: 1; 20-29 bp: 2; 30-34 bp: 3

Bases preceding removed adapters:
  A: 31.9%
  C: 16.8%
  G: 19.4%
  T: 31.9%
  none/other: 0.0%

Overview of removed sequences
length	count	expect	max.err	error counts
3	98293	116000.0	0	98293
4	41046	29000.0	0	41046
5	7454	7250.0	0	7454
6	1741	1812.5	0	1741
7	318	453.1	0	318
8	83	113.3	0	83
9	437	28.3	0	25 412
10	528	7.1	1	14 514
11	154	1.8	1	2 152
12	21	0.4	1	0 21
13	8	0.1	1	1 7
14	1	0.0	1	0 1
15	2	0.0	1	0 2
99	9	0.0	3	0 1 8


=== First read: Adapter PrefixPE/2 ===

Sequence: GTGACTGGAGTTCAGACGTGTGCTCTTCCGATCT; Type: regular 3'; Length: 34; Trimmed: 114827 times

No. of allowed errors:
0-9 bp: 0; 10-19 bp: 1; 20-29 bp: 2; 30-34 bp: 3

Bases preceding removed adapters:
  A: 26.9%
  C: 14.1%
  G: 23.3%
  T: 35.6%
  none/other: 0.0%

Overview of removed sequences
length	count	expect	max.err	error counts
3	87755	116000.0	0	87755
4	22328	29000.0	0	22328
5	3243	7250.0	0	3243
6	918	1812.5	0	918
7	210	453.1	0	210
8	28	113.3	0	28
9	131	28.3	0	15 116
10	141	7.1	1	3 138
11	57	1.8	1	1 56
12	6	0.4	1	0 6
13	4	0.1	1	0 4
53	1	0.0	3	0 0 1
55	1	0.0	3	0 1
61	1	0.0	3	0 0 1
72	1	0.0	3	0 0 1
90	1	0.0	3	0 0 1
99	1	0.0	3	0 0 1


=== Second read: Adapter PrefixPE/1 ===

Sequence: TACACTCTTTCCCTACACGACGCTCTTCCGATCT; Type: regular 3'; Length: 34; Trimmed: 152557 times

No. of allowed errors:
0-9 bp: 0; 10-19 bp: 1; 20-29 bp: 2; 30-34 bp: 3

Bases preceding removed adapters:
  A: 31.9%
  C: 17.0%
  G: 19.4%
  T: 31.7%
  none/other: 0.0%

Overview of removed sequences
length	count	expect	max.err	error counts
3	99848	116000.0	0	99848
4	41871	29000.0	0	41871
5	7319	7250.0	0	7319
6	1866	1812.5	0	1866
7	308	453.1	0	308
8	104	113.3	0	104
9	447	28.3	0	23 424
10	575	7.1	1	9 566
11	182	1.8	1	4 178
12	24	0.4	1	1 23
13	10	0.1	1	0 10
14	1	0.0	1	0 1
18	1	0.0	1	0 1
101	1	0.0	3	0 0 0 1


=== Second read: Adapter PrefixPE/2 ===

Sequence: GTGACTGGAGTTCAGACGTGTGCTCTTCCGATCT; Type: regular 3'; Length: 34; Trimmed: 118278 times

No. of allowed errors:
0-9 bp: 0; 10-19 bp: 1; 20-29 bp: 2; 30-34 bp: 3

Bases preceding removed adapters:
  A: 27.3%
  C: 14.2%
  G: 23.3%
  T: 35.2%
  none/other: 0.0%

Overview of removed sequences
length	count	expect	max.err	error counts
3	90397	116000.0	0	90397
4	23014	29000.0	0	23014
5	3431	7250.0	0	3431
6	883	1812.5	0	883
7	207	453.1	0	207
8	32	113.3	0	32
9	124	28.3	0	15 109
10	121	7.1	1	5 116
11	54	1.8	1	1 53
12	9	0.4	1	0 9
13	4	0.1	1	0 4
15	1	0.0	1	0 1
90	1	0.0	3	0 0 1
