This is cutadapt 2.9 with Python 3.6.6
Command line parameters: --interleaved -a file:/nas02/apps/trimmomatic-0.36/Trimmomatic-0.36/adapters/TruSeq3-PE.fa -A file:/nas02/apps/trimmomatic-0.36/Trimmomatic-0.36/adapters/TruSeq3-PE.fa -m 30 /nas/longleaf/home/zpopkinh/Pvivax_resources/wgs_pe_improved_global/fastq/ERS224881/ERR490269_1.fastq.gz /nas/longleaf/home/zpopkinh/Pvivax_resources/wgs_pe_improved_global/fastq/ERS224881/ERR490269_2.fastq.gz
Processing reads on 1 core in paired-end mode ...
Finished in 60.10 s (61 us/read; 0.98 M reads/minute).

=== Summary ===

Total read pairs processed:            979,164
  Read 1 with adapter:                  35,191 (3.6%)
  Read 2 with adapter:                  34,991 (3.6%)
Pairs written (passing filters):       979,160 (100.0%)

Total basepairs processed:   195,832,800 bp
  Read 1:    97,916,400 bp
  Read 2:    97,916,400 bp
Total written (filtered):    195,593,300 bp (99.9%)
  Read 1:    97,796,258 bp
  Read 2:    97,797,042 bp

=== First read: Adapter PrefixPE/1 ===

Sequence: TACACTCTTTCCCTACACGACGCTCTTCCGATCT; Type: regular 3'; Length: 34; Trimmed: 18196 times

No. of allowed errors:
0-9 bp: 0; 10-19 bp: 1; 20-29 bp: 2; 30-34 bp: 3

Bases preceding removed adapters:
  A: 29.2%
  C: 19.1%
  G: 22.1%
  T: 29.5%
  none/other: 0.0%

Overview of removed sequences
length	count	expect	max.err	error counts
3	11891	15299.4	0	11891
4	4745	3824.9	0	4745
5	1014	956.2	0	1014
6	232	239.1	0	232
7	66	59.8	0	66
8	12	14.9	0	12
9	48	3.7	0	2 46
10	150	0.9	1	7 143
11	25	0.2	1	0 25
12	5	0.1	1	0 5
13	4	0.0	1	0 4
71	1	0.0	3	0 0 0 1
100	3	0.0	3	0 0 0 3


=== First read: Adapter PrefixPE/2 ===

Sequence: GTGACTGGAGTTCAGACGTGTGCTCTTCCGATCT; Type: regular 3'; Length: 34; Trimmed: 16995 times

No. of allowed errors:
0-9 bp: 0; 10-19 bp: 1; 20-29 bp: 2; 30-34 bp: 3

Bases preceding removed adapters:
  A: 26.5%
  C: 15.2%
  G: 23.5%
  T: 34.8%
  none/other: 0.0%

Overview of removed sequences
length	count	expect	max.err	error counts
3	13306	15299.4	0	13306
4	3069	3824.9	0	3069
5	419	956.2	0	419
6	123	239.1	0	123
7	15	59.8	0	15
8	4	14.9	0	4
9	23	3.7	0	1 22
10	22	0.9	1	1 21
11	9	0.2	1	0 9
12	5	0.1	1	0 5


=== Second read: Adapter PrefixPE/1 ===

Sequence: TACACTCTTTCCCTACACGACGCTCTTCCGATCT; Type: regular 3'; Length: 34; Trimmed: 17999 times

No. of allowed errors:
0-9 bp: 0; 10-19 bp: 1; 20-29 bp: 2; 30-34 bp: 3

Bases preceding removed adapters:
  A: 29.7%
  C: 18.8%
  G: 22.4%
  T: 29.0%
  none/other: 0.0%

Overview of removed sequences
length	count	expect	max.err	error counts
3	11855	15299.4	0	11855
4	4669	3824.9	0	4669
5	932	956.2	0	932
6	222	239.1	0	222
7	68	59.8	0	68
8	16	14.9	0	16
9	43	3.7	0	3 40
10	160	0.9	1	6 154
11	30	0.2	1	0 30
12	4	0.1	1	0 4


=== Second read: Adapter PrefixPE/2 ===

Sequence: GTGACTGGAGTTCAGACGTGTGCTCTTCCGATCT; Type: regular 3'; Length: 34; Trimmed: 16992 times

No. of allowed errors:
0-9 bp: 0; 10-19 bp: 1; 20-29 bp: 2; 30-34 bp: 3

Bases preceding removed adapters:
  A: 27.3%
  C: 14.2%
  G: 24.3%
  T: 34.1%
  none/other: 0.0%

Overview of removed sequences
length	count	expect	max.err	error counts
3	13379	15299.4	0	13379
4	2930	3824.9	0	2930
5	459	956.2	0	459
6	137	239.1	0	137
7	20	59.8	0	20
8	2	14.9	0	2
9	33	3.7	0	0 33
10	25	0.9	1	1 24
11	5	0.2	1	0 5
12	2	0.1	1	0 2
