This is cutadapt 2.9 with Python 3.6.6
Command line parameters: --interleaved -a file:/nas02/apps/trimmomatic-0.36/Trimmomatic-0.36/adapters/TruSeq3-PE.fa -A file:/nas02/apps/trimmomatic-0.36/Trimmomatic-0.36/adapters/TruSeq3-PE.fa -m 30 /nas/longleaf/home/zpopkinh/Pvivax_resources/wgs_pe_improved_global/fastq/ERS174573/ERR216554_1.fastq.gz /nas/longleaf/home/zpopkinh/Pvivax_resources/wgs_pe_improved_global/fastq/ERS174573/ERR216554_2.fastq.gz
Processing reads on 1 core in paired-end mode ...
Finished in 1149.56 s (124 us/read; 0.48 M reads/minute).

=== Summary ===

Total read pairs processed:          9,235,778
  Read 1 with adapter:                 305,707 (3.3%)
  Read 2 with adapter:                 301,274 (3.3%)
Pairs written (passing filters):     9,235,778 (100.0%)

Total basepairs processed: 1,847,155,600 bp
  Read 1:   923,577,800 bp
  Read 2:   923,577,800 bp
Total written (filtered):  1,845,092,775 bp (99.9%)
  Read 1:   922,538,862 bp
  Read 2:   922,553,913 bp

=== First read: Adapter PrefixPE/1 ===

Sequence: TACACTCTTTCCCTACACGACGCTCTTCCGATCT; Type: regular 3'; Length: 34; Trimmed: 191020 times

No. of allowed errors:
0-9 bp: 0; 10-19 bp: 1; 20-29 bp: 2; 30-34 bp: 3

Bases preceding removed adapters:
  A: 35.4%
  C: 14.9%
  G: 18.1%
  T: 31.7%
  none/other: 0.0%

Overview of removed sequences
length	count	expect	max.err	error counts
3	124601	144309.0	0	124601
4	54222	36077.3	0	54222
5	8407	9019.3	0	8407
6	1855	2254.8	0	1855
7	327	563.7	0	327
8	103	140.9	0	103
9	635	35.2	0	36 599
10	626	8.8	1	27 599
11	199	2.2	1	2 197
12	31	0.6	1	1 30
13	8	0.1	1	0 8
14	5	0.0	1	0 5
44	1	0.0	3	0 0 0 1


=== First read: Adapter PrefixPE/2 ===

Sequence: GTGACTGGAGTTCAGACGTGTGCTCTTCCGATCT; Type: regular 3'; Length: 34; Trimmed: 114687 times

No. of allowed errors:
0-9 bp: 0; 10-19 bp: 1; 20-29 bp: 2; 30-34 bp: 3

Bases preceding removed adapters:
  A: 25.4%
  C: 14.8%
  G: 23.1%
  T: 36.6%
  none/other: 0.0%

Overview of removed sequences
length	count	expect	max.err	error counts
3	87693	144309.0	0	87693
4	23002	36077.3	0	23002
5	2963	9019.3	0	2963
6	620	2254.8	0	620
7	122	563.7	0	122
8	34	140.9	0	34
9	109	35.2	0	8 101
10	108	8.8	1	2 106
11	28	2.2	1	0 28
12	6	0.6	1	0 6
13	2	0.1	1	0 2


=== Second read: Adapter PrefixPE/1 ===

Sequence: TACACTCTTTCCCTACACGACGCTCTTCCGATCT; Type: regular 3'; Length: 34; Trimmed: 188909 times

No. of allowed errors:
0-9 bp: 0; 10-19 bp: 1; 20-29 bp: 2; 30-34 bp: 3

Bases preceding removed adapters:
  A: 35.5%
  C: 14.9%
  G: 17.9%
  T: 31.7%
  none/other: 0.0%

Overview of removed sequences
length	count	expect	max.err	error counts
3	123364	144309.0	0	123364
4	53589	36077.3	0	53589
5	8238	9019.3	0	8238
6	1761	2254.8	0	1761
7	337	563.7	0	337
8	95	140.9	0	95
9	621	35.2	0	35 586
10	690	8.8	1	17 673
11	168	2.2	1	1 167
12	34	0.6	1	1 33
13	11	0.1	1	0 11
15	1	0.0	1	0 1


=== Second read: Adapter PrefixPE/2 ===

Sequence: GTGACTGGAGTTCAGACGTGTGCTCTTCCGATCT; Type: regular 3'; Length: 34; Trimmed: 112365 times

No. of allowed errors:
0-9 bp: 0; 10-19 bp: 1; 20-29 bp: 2; 30-34 bp: 3

Bases preceding removed adapters:
  A: 25.6%
  C: 14.4%
  G: 23.1%
  T: 36.9%
  none/other: 0.0%

Overview of removed sequences
length	count	expect	max.err	error counts
3	85818	144309.0	0	85818
4	22712	36077.3	0	22712
5	2821	9019.3	0	2821
6	598	2254.8	0	598
7	135	563.7	0	135
8	26	140.9	0	26
9	116	35.2	0	7 109
10	76	8.8	1	2 74
11	51	2.2	1	0 51
12	8	0.6	1	0 8
13	4	0.1	1	0 4
