This is cutadapt 2.9 with Python 3.6.6
Command line parameters: --interleaved -a file:/nas02/apps/trimmomatic-0.36/Trimmomatic-0.36/adapters/TruSeq3-PE.fa -A file:/nas02/apps/trimmomatic-0.36/Trimmomatic-0.36/adapters/TruSeq3-PE.fa -m 30 /nas/longleaf/home/zpopkinh/Pvivax_resources/wgs_pe_improved_global/fastq/SRS3371814/SRR7255045_1.fastq.gz /nas/longleaf/home/zpopkinh/Pvivax_resources/wgs_pe_improved_global/fastq/SRS3371814/SRR7255045_2.fastq.gz
Processing reads on 1 core in paired-end mode ...
Finished in 129.38 s (90 us/read; 0.67 M reads/minute).

=== Summary ===

Total read pairs processed:          1,436,235
  Read 1 with adapter:                  73,107 (5.1%)
  Read 2 with adapter:                  59,566 (4.1%)
Pairs written (passing filters):     1,435,881 (100.0%)

Total basepairs processed:   349,182,003 bp
  Read 1:   184,768,410 bp
  Read 2:   164,413,593 bp
Total written (filtered):    348,739,613 bp (99.9%)
  Read 1:   184,525,969 bp
  Read 2:   164,213,644 bp

=== First read: Adapter PrefixPE/1 ===

Sequence: TACACTCTTTCCCTACACGACGCTCTTCCGATCT; Type: regular 3'; Length: 34; Trimmed: 39607 times

No. of allowed errors:
0-9 bp: 0; 10-19 bp: 1; 20-29 bp: 2; 30-34 bp: 3

Bases preceding removed adapters:
  A: 50.2%
  C: 12.9%
  G: 17.3%
  T: 19.5%
  none/other: 0.0%

Overview of removed sequences
length	count	expect	max.err	error counts
3	33410	22441.2	0	33410
4	2600	5610.3	0	2600
5	3349	1402.6	0	3349
6	153	350.6	0	153
7	22	87.7	0	22
8	6	21.9	0	6
9	21	5.5	0	0 21
10	28	1.4	1	0 28
11	13	0.3	1	0 13
12	2	0.1	1	0 2
13	2	0.0	1	0 2
14	1	0.0	1	0 1


=== First read: Adapter PrefixPE/2 ===

Sequence: GTGACTGGAGTTCAGACGTGTGCTCTTCCGATCT; Type: regular 3'; Length: 34; Trimmed: 33500 times

No. of allowed errors:
0-9 bp: 0; 10-19 bp: 1; 20-29 bp: 2; 30-34 bp: 3

Bases preceding removed adapters:
  A: 14.4%
  C: 52.0%
  G: 15.2%
  T: 18.4%
  none/other: 0.0%

Overview of removed sequences
length	count	expect	max.err	error counts
3	29923	22441.2	0	29923
4	3296	5610.3	0	3296
5	212	1402.6	0	212
6	52	350.6	0	52
7	6	87.7	0	6
8	1	21.9	0	1
9	7	5.5	0	0 7
10	3	1.4	1	0 3


=== Second read: Adapter PrefixPE/1 ===

Sequence: TACACTCTTTCCCTACACGACGCTCTTCCGATCT; Type: regular 3'; Length: 34; Trimmed: 32664 times

No. of allowed errors:
0-9 bp: 0; 10-19 bp: 1; 20-29 bp: 2; 30-34 bp: 3

Bases preceding removed adapters:
  A: 49.0%
  C: 15.2%
  G: 14.9%
  T: 20.9%
  none/other: 0.0%

Overview of removed sequences
length	count	expect	max.err	error counts
3	27080	22441.2	0	27080
4	2990	5610.3	0	2990
5	2283	1402.6	0	2283
6	175	350.6	0	175
7	42	87.7	0	42
8	2	21.9	0	2
9	35	5.5	0	2 33
10	47	1.4	1	6 41
11	10	0.3	1	0 10


=== Second read: Adapter PrefixPE/2 ===

Sequence: GTGACTGGAGTTCAGACGTGTGCTCTTCCGATCT; Type: regular 3'; Length: 34; Trimmed: 26902 times

No. of allowed errors:
0-9 bp: 0; 10-19 bp: 1; 20-29 bp: 2; 30-34 bp: 3

Bases preceding removed adapters:
  A: 11.0%
  C: 51.2%
  G: 18.0%
  T: 19.8%
  none/other: 0.0%

Overview of removed sequences
length	count	expect	max.err	error counts
3	24039	22441.2	0	24039
4	2615	5610.3	0	2615
5	195	1402.6	0	195
6	44	350.6	0	44
7	4	87.7	0	4
8	1	21.9	0	1
9	1	5.5	0	0 1
10	2	1.4	1	0 2
11	1	0.3	1	0 1
