This is cutadapt 2.9 with Python 3.6.6
Command line parameters: --interleaved -a file:/nas02/apps/trimmomatic-0.36/Trimmomatic-0.36/adapters/TruSeq3-PE.fa -A file:/nas02/apps/trimmomatic-0.36/Trimmomatic-0.36/adapters/TruSeq3-PE.fa -m 30 /nas/longleaf/home/zpopkinh/Pvivax_resources/wgs_pe_improved_global/fastq/SRS3371814/SRR7255044_1.fastq.gz /nas/longleaf/home/zpopkinh/Pvivax_resources/wgs_pe_improved_global/fastq/SRS3371814/SRR7255044_2.fastq.gz
Processing reads on 1 core in paired-end mode ...
Finished in 695.62 s (80 us/read; 0.75 M reads/minute).

=== Summary ===

Total read pairs processed:          8,701,565
  Read 1 with adapter:                 413,620 (4.8%)
  Read 2 with adapter:                 414,227 (4.8%)
Pairs written (passing filters):     8,697,286 (100.0%)

Total basepairs processed: 2,193,378,621 bp
  Read 1: 1,096,819,677 bp
  Read 2: 1,096,558,944 bp
Total written (filtered):  2,190,465,872 bp (99.9%)
  Read 1: 1,095,347,153 bp
  Read 2: 1,095,118,719 bp

=== First read: Adapter PrefixPE/1 ===

Sequence: TACACTCTTTCCCTACACGACGCTCTTCCGATCT; Type: regular 3'; Length: 34; Trimmed: 208659 times

No. of allowed errors:
0-9 bp: 0; 10-19 bp: 1; 20-29 bp: 2; 30-34 bp: 3

Bases preceding removed adapters:
  A: 42.7%
  C: 17.3%
  G: 15.0%
  T: 24.9%
  none/other: 0.0%

Overview of removed sequences
length	count	expect	max.err	error counts
3	164864	135962.0	0	164864
4	20400	33990.5	0	20400
5	21696	8497.6	0	21696
6	1047	2124.4	0	1047
7	165	531.1	0	165
8	57	132.8	0	57
9	151	33.2	0	13 138
10	179	8.3	1	11 168
11	75	2.1	1	0 75
12	4	0.5	1	0 4
13	19	0.1	1	1 18
14	2	0.0	1	0 2


=== First read: Adapter PrefixPE/2 ===

Sequence: GTGACTGGAGTTCAGACGTGTGCTCTTCCGATCT; Type: regular 3'; Length: 34; Trimmed: 204961 times

No. of allowed errors:
0-9 bp: 0; 10-19 bp: 1; 20-29 bp: 2; 30-34 bp: 3

Bases preceding removed adapters:
  A: 10.4%
  C: 66.0%
  G: 11.1%
  T: 12.4%
  none/other: 0.0%

Overview of removed sequences
length	count	expect	max.err	error counts
3	187867	135962.0	0	187867
4	15140	33990.5	0	15140
5	1511	8497.6	0	1511
6	324	2124.4	0	324
7	31	531.1	0	31
8	11	132.8	0	11
9	40	33.2	0	2 38
10	26	8.3	1	0 26
11	9	2.1	1	0 9
12	1	0.5	1	0 1
13	1	0.1	1	0 1


=== Second read: Adapter PrefixPE/1 ===

Sequence: TACACTCTTTCCCTACACGACGCTCTTCCGATCT; Type: regular 3'; Length: 34; Trimmed: 206183 times

No. of allowed errors:
0-9 bp: 0; 10-19 bp: 1; 20-29 bp: 2; 30-34 bp: 3

Bases preceding removed adapters:
  A: 42.7%
  C: 16.5%
  G: 15.0%
  T: 25.8%
  none/other: 0.0%

Overview of removed sequences
length	count	expect	max.err	error counts
3	164921	135962.0	0	164921
4	19296	33990.5	0	19296
5	20251	8497.6	0	20251
6	1038	2124.4	0	1038
7	190	531.1	0	190
8	55	132.8	0	55
9	144	33.2	0	13 131
10	177	8.3	1	10 167
11	84	2.1	1	0 84
12	13	0.5	1	0 13
13	9	0.1	1	0 9
14	5	0.0	1	0 5


=== Second read: Adapter PrefixPE/2 ===

Sequence: GTGACTGGAGTTCAGACGTGTGCTCTTCCGATCT; Type: regular 3'; Length: 34; Trimmed: 208044 times

No. of allowed errors:
0-9 bp: 0; 10-19 bp: 1; 20-29 bp: 2; 30-34 bp: 3

Bases preceding removed adapters:
  A: 10.7%
  C: 63.5%
  G: 12.9%
  T: 12.9%
  none/other: 0.0%

Overview of removed sequences
length	count	expect	max.err	error counts
3	190893	135962.0	0	190893
4	15258	33990.5	0	15258
5	1486	8497.6	0	1486
6	314	2124.4	0	314
7	21	531.1	0	21
8	6	132.8	0	6
9	36	33.2	0	2 34
10	22	8.3	1	0 22
11	6	2.1	1	0 6
12	2	0.5	1	0 2
