This is cutadapt 2.9 with Python 3.6.6
Command line parameters: --interleaved -a file:/nas02/apps/trimmomatic-0.36/Trimmomatic-0.36/adapters/TruSeq3-PE.fa -A file:/nas02/apps/trimmomatic-0.36/Trimmomatic-0.36/adapters/TruSeq3-PE.fa -m 30 /nas/longleaf/home/zpopkinh/Pvivax_resources/wgs_pe_improved_global/fastq/ERR5740798/ERR5740798_1.fastq.gz /nas/longleaf/home/zpopkinh/Pvivax_resources/wgs_pe_improved_global/fastq/ERR5740798/ERR5740798_2.fastq.gz
Processing reads on 1 core in paired-end mode ...
Finished in 401.98 s (122 us/read; 0.49 M reads/minute).

=== Summary ===

Total read pairs processed:          3,302,660
  Read 1 with adapter:                 121,571 (3.7%)
  Read 2 with adapter:                 119,535 (3.6%)
Pairs written (passing filters):     3,302,659 (100.0%)

Total basepairs processed:   997,403,320 bp
  Read 1:   498,701,660 bp
  Read 2:   498,701,660 bp
Total written (filtered):    996,585,297 bp (99.9%)
  Read 1:   498,289,618 bp
  Read 2:   498,295,679 bp

=== First read: Adapter PrefixPE/1 ===

Sequence: TACACTCTTTCCCTACACGACGCTCTTCCGATCT; Type: regular 3'; Length: 34; Trimmed: 61539 times

No. of allowed errors:
0-9 bp: 0; 10-19 bp: 1; 20-29 bp: 2; 30-34 bp: 3

Bases preceding removed adapters:
  A: 28.4%
  C: 19.8%
  G: 22.1%
  T: 29.7%
  none/other: 0.0%

Overview of removed sequences
length	count	expect	max.err	error counts
3	40971	51604.1	0	40971
4	15958	12901.0	0	15958
5	3159	3225.3	0	3159
6	742	806.3	0	742
7	149	201.6	0	149
8	39	50.4	0	39
9	175	12.6	0	21 154
10	223	3.1	1	6 217
11	97	0.8	1	0 97
12	19	0.2	1	0 19
13	4	0.0	1	0 4
14	3	0.0	1	0 3


=== First read: Adapter PrefixPE/2 ===

Sequence: GTGACTGGAGTTCAGACGTGTGCTCTTCCGATCT; Type: regular 3'; Length: 34; Trimmed: 60032 times

No. of allowed errors:
0-9 bp: 0; 10-19 bp: 1; 20-29 bp: 2; 30-34 bp: 3

Bases preceding removed adapters:
  A: 26.2%
  C: 14.6%
  G: 24.8%
  T: 34.4%
  none/other: 0.0%

Overview of removed sequences
length	count	expect	max.err	error counts
3	46191	51604.1	0	46191
4	11181	12901.0	0	11181
5	1783	3225.3	0	1783
6	535	806.3	0	535
7	135	201.6	0	135
8	26	50.4	0	26
9	72	12.6	0	6 66
10	79	3.1	1	1 78
11	25	0.8	1	0 25
12	4	0.2	1	0 4
14	1	0.0	1	0 1


=== Second read: Adapter PrefixPE/1 ===

Sequence: TACACTCTTTCCCTACACGACGCTCTTCCGATCT; Type: regular 3'; Length: 34; Trimmed: 60732 times

No. of allowed errors:
0-9 bp: 0; 10-19 bp: 1; 20-29 bp: 2; 30-34 bp: 3

Bases preceding removed adapters:
  A: 29.2%
  C: 20.6%
  G: 21.6%
  T: 28.7%
  none/other: 0.0%

Overview of removed sequences
length	count	expect	max.err	error counts
3	39831	51604.1	0	39831
4	16110	12901.0	0	16110
5	3293	3225.3	0	3293
6	748	806.3	0	748
7	158	201.6	0	158
8	33	50.4	0	33
9	198	12.6	0	15 183
10	260	3.1	1	14 246
11	69	0.8	1	0 69
12	24	0.2	1	1 23
13	1	0.0	1	0 1
14	4	0.0	1	0 4
18	1	0.0	1	1
82	1	0.0	3	1
124	1	0.0	3	1


=== Second read: Adapter PrefixPE/2 ===

Sequence: GTGACTGGAGTTCAGACGTGTGCTCTTCCGATCT; Type: regular 3'; Length: 34; Trimmed: 58803 times

No. of allowed errors:
0-9 bp: 0; 10-19 bp: 1; 20-29 bp: 2; 30-34 bp: 3

Bases preceding removed adapters:
  A: 26.5%
  C: 15.0%
  G: 25.0%
  T: 33.5%
  none/other: 0.0%

Overview of removed sequences
length	count	expect	max.err	error counts
3	45629	51604.1	0	45629
4	10719	12901.0	0	10719
5	1747	3225.3	0	1747
6	406	806.3	0	406
7	94	201.6	0	94
8	28	50.4	0	28
9	74	12.6	0	6 68
10	60	3.1	1	2 58
11	31	0.8	1	0 31
12	9	0.2	1	0 9
14	1	0.0	1	0 1
67	1	0.0	3	0 0 1
70	1	0.0	3	0 0 1
96	1	0.0	3	1
97	1	0.0	3	0 0 0 1
101	1	0.0	3	1
