This is cutadapt 2.9 with Python 3.6.6
Command line parameters: --interleaved -a file:/nas02/apps/trimmomatic-0.36/Trimmomatic-0.36/adapters/TruSeq3-PE.fa -A file:/nas02/apps/trimmomatic-0.36/Trimmomatic-0.36/adapters/TruSeq3-PE.fa -m 30 /nas/longleaf/home/zpopkinh/Pvivax_resources/wgs_pe_improved_global/fastq/ERR5740770/ERR5740770_1.fastq.gz /nas/longleaf/home/zpopkinh/Pvivax_resources/wgs_pe_improved_global/fastq/ERR5740770/ERR5740770_2.fastq.gz
Processing reads on 1 core in paired-end mode ...
Finished in 533.63 s (162 us/read; 0.37 M reads/minute).

=== Summary ===

Total read pairs processed:          3,303,061
  Read 1 with adapter:                 120,775 (3.7%)
  Read 2 with adapter:                 117,017 (3.5%)
Pairs written (passing filters):     3,303,056 (100.0%)

Total basepairs processed:   997,524,422 bp
  Read 1:   498,762,211 bp
  Read 2:   498,762,211 bp
Total written (filtered):    996,721,590 bp (99.9%)
  Read 1:   498,354,718 bp
  Read 2:   498,366,872 bp

=== First read: Adapter PrefixPE/1 ===

Sequence: TACACTCTTTCCCTACACGACGCTCTTCCGATCT; Type: regular 3'; Length: 34; Trimmed: 54333 times

No. of allowed errors:
0-9 bp: 0; 10-19 bp: 1; 20-29 bp: 2; 30-34 bp: 3

Bases preceding removed adapters:
  A: 24.9%
  C: 24.4%
  G: 24.2%
  T: 26.4%
  none/other: 0.0%

Overview of removed sequences
length	count	expect	max.err	error counts
3	36921	51610.3	0	36921
4	13144	12902.6	0	13144
5	3012	3225.6	0	3012
6	616	806.4	0	616
7	146	201.6	0	146
8	38	50.4	0	38
9	146	12.6	0	16 130
10	221	3.2	1	5 216
11	73	0.8	1	1 72
12	10	0.2	1	0 10
13	4	0.0	1	0 4
14	1	0.0	1	0 1
151	1	0.0	3	0 0 0 1


=== First read: Adapter PrefixPE/2 ===

Sequence: GTGACTGGAGTTCAGACGTGTGCTCTTCCGATCT; Type: regular 3'; Length: 34; Trimmed: 66442 times

No. of allowed errors:
0-9 bp: 0; 10-19 bp: 1; 20-29 bp: 2; 30-34 bp: 3

Bases preceding removed adapters:
  A: 24.8%
  C: 16.1%
  G: 28.6%
  T: 30.5%
  none/other: 0.0%

Overview of removed sequences
length	count	expect	max.err	error counts
3	51734	51610.3	0	51734
4	11868	12902.6	0	11868
5	1962	3225.6	0	1962
6	490	806.4	0	490
7	138	201.6	0	138
8	28	50.4	0	28
9	104	12.6	0	2 102
10	64	3.2	1	0 64
11	38	0.8	1	0 38
12	11	0.2	1	0 11
13	4	0.0	1	0 4
15	1	0.0	1	0 1


=== Second read: Adapter PrefixPE/1 ===

Sequence: TACACTCTTTCCCTACACGACGCTCTTCCGATCT; Type: regular 3'; Length: 34; Trimmed: 52683 times

No. of allowed errors:
0-9 bp: 0; 10-19 bp: 1; 20-29 bp: 2; 30-34 bp: 3

Bases preceding removed adapters:
  A: 26.1%
  C: 24.7%
  G: 24.1%
  T: 25.2%
  none/other: 0.0%

Overview of removed sequences
length	count	expect	max.err	error counts
3	35464	51610.3	0	35464
4	12846	12902.6	0	12846
5	3096	3225.6	0	3096
6	618	806.4	0	618
7	172	201.6	0	172
8	36	50.4	0	36
9	156	12.6	0	13 143
10	171	3.2	1	3 168
11	86	0.8	1	0 86
12	25	0.2	1	1 24
13	6	0.0	1	0 6
14	2	0.0	1	0 2
103	1	0.0	3	0 0 1
121	1	0.0	3	0 0 0 1
127	1	0.0	3	1
151	2	0.0	3	0 1 1


=== Second read: Adapter PrefixPE/2 ===

Sequence: GTGACTGGAGTTCAGACGTGTGCTCTTCCGATCT; Type: regular 3'; Length: 34; Trimmed: 64334 times

No. of allowed errors:
0-9 bp: 0; 10-19 bp: 1; 20-29 bp: 2; 30-34 bp: 3

Bases preceding removed adapters:
  A: 24.7%
  C: 17.4%
  G: 28.2%
  T: 29.7%
  none/other: 0.0%

Overview of removed sequences
length	count	expect	max.err	error counts
3	50499	51610.3	0	50499
4	11029	12902.6	0	11029
5	1942	3225.6	0	1942
6	503	806.4	0	503
7	136	201.6	0	136
8	30	50.4	0	30
9	83	12.6	0	5 78
10	72	3.2	1	0 72
11	32	0.8	1	0 32
12	6	0.2	1	0 6
14	1	0.0	1	0 1
143	1	0.0	3	0 0 0 1
