This is cutadapt 2.9 with Python 3.6.6
Command line parameters: --interleaved -a file:/nas02/apps/trimmomatic-0.36/Trimmomatic-0.36/adapters/TruSeq3-PE.fa -A file:/nas02/apps/trimmomatic-0.36/Trimmomatic-0.36/adapters/TruSeq3-PE.fa -m 30 /nas/longleaf/home/zpopkinh/Pvivax_resources/wgs_pe_improved_global/fastq/ERR5740788/ERR5740788_1.fastq.gz /nas/longleaf/home/zpopkinh/Pvivax_resources/wgs_pe_improved_global/fastq/ERR5740788/ERR5740788_2.fastq.gz
Processing reads on 1 core in paired-end mode ...
Finished in 499.77 s (138 us/read; 0.43 M reads/minute).

=== Summary ===

Total read pairs processed:          3,609,069
  Read 1 with adapter:                 132,327 (3.7%)
  Read 2 with adapter:                 130,866 (3.6%)
Pairs written (passing filters):     3,609,065 (100.0%)

Total basepairs processed: 1,089,938,838 bp
  Read 1:   544,969,419 bp
  Read 2:   544,969,419 bp
Total written (filtered):  1,089,045,213 bp (99.9%)
  Read 1:   544,520,266 bp
  Read 2:   544,524,947 bp

=== First read: Adapter PrefixPE/1 ===

Sequence: TACACTCTTTCCCTACACGACGCTCTTCCGATCT; Type: regular 3'; Length: 34; Trimmed: 66895 times

No. of allowed errors:
0-9 bp: 0; 10-19 bp: 1; 20-29 bp: 2; 30-34 bp: 3

Bases preceding removed adapters:
  A: 28.3%
  C: 19.8%
  G: 22.7%
  T: 29.3%
  none/other: 0.0%

Overview of removed sequences
length	count	expect	max.err	error counts
3	44347	56391.7	0	44347
4	17474	14097.9	0	17474
5	3553	3524.5	0	3553
6	725	881.1	0	725
7	148	220.3	0	148
8	32	55.1	0	32
9	201	13.8	0	22 179
10	280	3.4	1	6 274
11	95	0.9	1	2 93
12	21	0.2	1	0 21
13	11	0.1	1	0 11
28	2	0.0	2	0 1 1
68	1	0.0	3	0 0 0 1
93	1	0.0	3	1
102	1	0.0	3	0 0 0 1
103	1	0.0	3	0 0 0 1
105	1	0.0	3	0 0 0 1
151	1	0.0	3	0 0 1


=== First read: Adapter PrefixPE/2 ===

Sequence: GTGACTGGAGTTCAGACGTGTGCTCTTCCGATCT; Type: regular 3'; Length: 34; Trimmed: 65432 times

No. of allowed errors:
0-9 bp: 0; 10-19 bp: 1; 20-29 bp: 2; 30-34 bp: 3

Bases preceding removed adapters:
  A: 25.9%
  C: 15.2%
  G: 25.0%
  T: 33.8%
  none/other: 0.0%

Overview of removed sequences
length	count	expect	max.err	error counts
3	50515	56391.7	0	50515
4	12153	14097.9	0	12153
5	1896	3524.5	0	1896
6	545	881.1	0	545
7	141	220.3	0	141
8	23	55.1	0	23
9	78	13.8	0	8 70
10	52	3.4	1	1 51
11	20	0.9	1	0 20
12	5	0.2	1	0 5
13	4	0.1	1	0 4


=== Second read: Adapter PrefixPE/1 ===

Sequence: TACACTCTTTCCCTACACGACGCTCTTCCGATCT; Type: regular 3'; Length: 34; Trimmed: 66048 times

No. of allowed errors:
0-9 bp: 0; 10-19 bp: 1; 20-29 bp: 2; 30-34 bp: 3

Bases preceding removed adapters:
  A: 28.8%
  C: 20.8%
  G: 22.7%
  T: 27.7%
  none/other: 0.0%

Overview of removed sequences
length	count	expect	max.err	error counts
3	43304	56391.7	0	43304
4	17473	14097.9	0	17473
5	3692	3524.5	0	3692
6	778	881.1	0	778
7	166	220.3	0	166
8	38	55.1	0	38
9	230	13.8	0	20 210
10	256	3.4	1	6 250
11	88	0.9	1	0 88
12	16	0.2	1	0 16
13	4	0.1	1	0 4
151	3	0.0	3	0 0 3


=== Second read: Adapter PrefixPE/2 ===

Sequence: GTGACTGGAGTTCAGACGTGTGCTCTTCCGATCT; Type: regular 3'; Length: 34; Trimmed: 64818 times

No. of allowed errors:
0-9 bp: 0; 10-19 bp: 1; 20-29 bp: 2; 30-34 bp: 3

Bases preceding removed adapters:
  A: 25.7%
  C: 16.2%
  G: 25.2%
  T: 32.9%
  none/other: 0.0%

Overview of removed sequences
length	count	expect	max.err	error counts
3	50345	56391.7	0	50345
4	11646	14097.9	0	11646
5	1952	3524.5	0	1952
6	524	881.1	0	524
7	132	220.3	0	132
8	25	55.1	0	25
9	71	13.8	0	5 66
10	91	3.4	1	5 86
11	24	0.9	1	0 24
12	6	0.2	1	0 6
15	1	0.0	1	0 1
81	1	0.0	3	0 0 0 1
