This is cutadapt 2.9 with Python 3.6.6
Command line parameters: --interleaved -a file:/nas02/apps/trimmomatic-0.36/Trimmomatic-0.36/adapters/TruSeq3-PE.fa -A file:/nas02/apps/trimmomatic-0.36/Trimmomatic-0.36/adapters/TruSeq3-PE.fa -m 30 /nas/longleaf/home/zpopkinh/Pvivax_resources/wgs_pe_improved_global/fastq/SRS693927/SRR1568233_1.fastq.gz /nas/longleaf/home/zpopkinh/Pvivax_resources/wgs_pe_improved_global/fastq/SRS693927/SRR1568233_2.fastq.gz
Processing reads on 1 core in paired-end mode ...
Finished in 46.30 s (68 us/read; 0.88 M reads/minute).

=== Summary ===

Total read pairs processed:            677,811
  Read 1 with adapter:                  26,287 (3.9%)
  Read 2 with adapter:                  28,770 (4.2%)
Pairs written (passing filters):       677,810 (100.0%)

Total basepairs processed:   136,917,822 bp
  Read 1:    68,458,911 bp
  Read 2:    68,458,911 bp
Total written (filtered):    136,731,583 bp (99.9%)
  Read 1:    68,369,530 bp
  Read 2:    68,362,053 bp

=== First read: Adapter PrefixPE/1 ===

Sequence: TACACTCTTTCCCTACACGACGCTCTTCCGATCT; Type: regular 3'; Length: 34; Trimmed: 11426 times

No. of allowed errors:
0-9 bp: 0; 10-19 bp: 1; 20-29 bp: 2; 30-34 bp: 3

Bases preceding removed adapters:
  A: 28.3%
  C: 25.5%
  G: 20.3%
  T: 25.8%
  none/other: 0.0%

Overview of removed sequences
length	count	expect	max.err	error counts
3	7627	10590.8	0	7627
4	2662	2647.7	0	2662
5	779	661.9	0	779
6	181	165.5	0	181
7	100	41.4	0	100
8	4	10.3	0	4
9	28	2.6	0	1 27
10	19	0.6	1	0 19
11	16	0.2	1	0 16
12	9	0.0	1	0 9
51	1	0.0	3	0 0 0 1


=== First read: Adapter PrefixPE/2 ===

Sequence: GTGACTGGAGTTCAGACGTGTGCTCTTCCGATCT; Type: regular 3'; Length: 34; Trimmed: 14861 times

No. of allowed errors:
0-9 bp: 0; 10-19 bp: 1; 20-29 bp: 2; 30-34 bp: 3

Bases preceding removed adapters:
  A: 20.8%
  C: 14.8%
  G: 30.0%
  T: 34.4%
  none/other: 0.0%

Overview of removed sequences
length	count	expect	max.err	error counts
3	11307	10590.8	0	11307
4	2900	2647.7	0	2900
5	451	661.9	0	451
6	102	165.5	0	102
7	36	41.4	0	36
8	4	10.3	0	4
9	29	2.6	0	1 28
10	21	0.6	1	1 20
11	11	0.2	1	0 11


=== Second read: Adapter PrefixPE/1 ===

Sequence: TACACTCTTTCCCTACACGACGCTCTTCCGATCT; Type: regular 3'; Length: 34; Trimmed: 11213 times

No. of allowed errors:
0-9 bp: 0; 10-19 bp: 1; 20-29 bp: 2; 30-34 bp: 3

Bases preceding removed adapters:
  A: 25.6%
  C: 26.3%
  G: 20.7%
  T: 27.5%
  none/other: 0.0%

Overview of removed sequences
length	count	expect	max.err	error counts
3	7533	10590.8	0	7533
4	2544	2647.7	0	2544
5	865	661.9	0	865
6	113	165.5	0	113
7	78	41.4	0	78
8	8	10.3	0	8
9	27	2.6	0	1 26
10	33	0.6	1	0 33
11	3	0.2	1	0 3
12	8	0.0	1	0 8
74	1	0.0	3	0 0 0 1


=== Second read: Adapter PrefixPE/2 ===

Sequence: GTGACTGGAGTTCAGACGTGTGCTCTTCCGATCT; Type: regular 3'; Length: 34; Trimmed: 17557 times

No. of allowed errors:
0-9 bp: 0; 10-19 bp: 1; 20-29 bp: 2; 30-34 bp: 3

Bases preceding removed adapters:
  A: 19.5%
  C: 19.3%
  G: 27.3%
  T: 34.0%
  none/other: 0.0%

Overview of removed sequences
length	count	expect	max.err	error counts
3	13704	10590.8	0	13704
4	3181	2647.7	0	3181
5	479	661.9	0	479
6	96	165.5	0	96
7	19	41.4	0	19
8	13	10.3	0	13
9	38	2.6	0	0 38
10	20	0.6	1	0 20
11	4	0.2	1	0 4
12	2	0.0	1	0 2
13	1	0.0	1	0 1
