This is cutadapt 2.9 with Python 3.6.6
Command line parameters: --interleaved -a file:/nas02/apps/trimmomatic-0.36/Trimmomatic-0.36/adapters/TruSeq3-PE.fa -A file:/nas02/apps/trimmomatic-0.36/Trimmomatic-0.36/adapters/TruSeq3-PE.fa -m 30 /nas/longleaf/home/zpopkinh/Pvivax_resources/wgs_pe_improved_global/fastq/SRS693927/SRR1564632_1.fastq.gz /nas/longleaf/home/zpopkinh/Pvivax_resources/wgs_pe_improved_global/fastq/SRS693927/SRR1564632_2.fastq.gz
Processing reads on 1 core in paired-end mode ...
Finished in 0.04 s (76 us/read; 0.79 M reads/minute).

=== Summary ===

Total read pairs processed:                469
  Read 1 with adapter:                      19 (4.1%)
  Read 2 with adapter:                      26 (5.5%)
Pairs written (passing filters):           469 (100.0%)

Total basepairs processed:        94,738 bp
  Read 1:        47,369 bp
  Read 2:        47,369 bp
Total written (filtered):         94,587 bp (99.8%)
  Read 1:        47,304 bp
  Read 2:        47,283 bp

=== First read: Adapter PrefixPE/1 ===

Sequence: TACACTCTTTCCCTACACGACGCTCTTCCGATCT; Type: regular 3'; Length: 34; Trimmed: 6 times

No. of allowed errors:
0-9 bp: 0; 10-19 bp: 1; 20-29 bp: 2; 30-34 bp: 3

Bases preceding removed adapters:
  A: 50.0%
  C: 16.7%
  G: 16.7%
  T: 16.7%
  none/other: 0.0%

Overview of removed sequences
length	count	expect	max.err	error counts
3	5	7.3	0	5
8	1	0.0	0	1


=== First read: Adapter PrefixPE/2 ===

Sequence: GTGACTGGAGTTCAGACGTGTGCTCTTCCGATCT; Type: regular 3'; Length: 34; Trimmed: 13 times

No. of allowed errors:
0-9 bp: 0; 10-19 bp: 1; 20-29 bp: 2; 30-34 bp: 3

Bases preceding removed adapters:
  A: 30.8%
  C: 7.7%
  G: 7.7%
  T: 53.8%
  none/other: 0.0%

Overview of removed sequences
length	count	expect	max.err	error counts
3	10	7.3	0	10
4	3	1.8	0	3


=== Second read: Adapter PrefixPE/1 ===

Sequence: TACACTCTTTCCCTACACGACGCTCTTCCGATCT; Type: regular 3'; Length: 34; Trimmed: 15 times

No. of allowed errors:
0-9 bp: 0; 10-19 bp: 1; 20-29 bp: 2; 30-34 bp: 3

Bases preceding removed adapters:
  A: 26.7%
  C: 26.7%
  G: 20.0%
  T: 26.7%
  none/other: 0.0%

Overview of removed sequences
length	count	expect	max.err	error counts
3	12	7.3	0	12
4	2	1.8	0	2
7	1	0.0	0	1


=== Second read: Adapter PrefixPE/2 ===

Sequence: GTGACTGGAGTTCAGACGTGTGCTCTTCCGATCT; Type: regular 3'; Length: 34; Trimmed: 11 times

No. of allowed errors:
0-9 bp: 0; 10-19 bp: 1; 20-29 bp: 2; 30-34 bp: 3

Bases preceding removed adapters:
  A: 45.5%
  C: 18.2%
  G: 18.2%
  T: 18.2%
  none/other: 0.0%

Overview of removed sequences
length	count	expect	max.err	error counts
3	9	7.3	0	9
4	2	1.8	0	2
