This is cutadapt 2.9 with Python 3.6.6
Command line parameters: --interleaved -a file:/nas02/apps/trimmomatic-0.36/Trimmomatic-0.36/adapters/TruSeq3-PE.fa -A file:/nas02/apps/trimmomatic-0.36/Trimmomatic-0.36/adapters/TruSeq3-PE.fa -m 30 /nas/longleaf/home/zpopkinh/Pvivax_resources/wgs_pe_improved_global/fastq/SRS693927/SRR1565062_1.fastq.gz /nas/longleaf/home/zpopkinh/Pvivax_resources/wgs_pe_improved_global/fastq/SRS693927/SRR1565062_2.fastq.gz
Processing reads on 1 core in paired-end mode ...
Finished in 0.60 s (50 us/read; 1.19 M reads/minute).

=== Summary ===

Total read pairs processed:             11,940
  Read 1 with adapter:                     379 (3.2%)
  Read 2 with adapter:                     481 (4.0%)
Pairs written (passing filters):        11,940 (100.0%)

Total basepairs processed:     2,411,880 bp
  Read 1:     1,205,940 bp
  Read 2:     1,205,940 bp
Total written (filtered):      2,408,921 bp (99.9%)
  Read 1:     1,204,656 bp
  Read 2:     1,204,265 bp

=== First read: Adapter PrefixPE/1 ===

Sequence: TACACTCTTTCCCTACACGACGCTCTTCCGATCT; Type: regular 3'; Length: 34; Trimmed: 186 times

No. of allowed errors:
0-9 bp: 0; 10-19 bp: 1; 20-29 bp: 2; 30-34 bp: 3

Bases preceding removed adapters:
  A: 27.4%
  C: 25.8%
  G: 15.1%
  T: 31.7%
  none/other: 0.0%

Overview of removed sequences
length	count	expect	max.err	error counts
3	134	186.6	0	134
4	36	46.6	0	36
5	13	11.7	0	13
6	2	2.9	0	2
11	1	0.0	1	0 1


=== First read: Adapter PrefixPE/2 ===

Sequence: GTGACTGGAGTTCAGACGTGTGCTCTTCCGATCT; Type: regular 3'; Length: 34; Trimmed: 193 times

No. of allowed errors:
0-9 bp: 0; 10-19 bp: 1; 20-29 bp: 2; 30-34 bp: 3

Bases preceding removed adapters:
  A: 25.4%
  C: 13.5%
  G: 28.5%
  T: 32.6%
  none/other: 0.0%

Overview of removed sequences
length	count	expect	max.err	error counts
3	140	186.6	0	140
4	43	46.6	0	43
5	5	11.7	0	5
6	3	2.9	0	3
7	1	0.7	0	1
8	1	0.2	0	1


=== Second read: Adapter PrefixPE/1 ===

Sequence: TACACTCTTTCCCTACACGACGCTCTTCCGATCT; Type: regular 3'; Length: 34; Trimmed: 187 times

No. of allowed errors:
0-9 bp: 0; 10-19 bp: 1; 20-29 bp: 2; 30-34 bp: 3

Bases preceding removed adapters:
  A: 30.5%
  C: 23.5%
  G: 17.1%
  T: 28.9%
  none/other: 0.0%

Overview of removed sequences
length	count	expect	max.err	error counts
3	112	186.6	0	112
4	56	46.6	0	56
5	12	11.7	0	12
6	2	2.9	0	2
9	3	0.0	0	0 3
11	2	0.0	1	0 2


=== Second read: Adapter PrefixPE/2 ===

Sequence: GTGACTGGAGTTCAGACGTGTGCTCTTCCGATCT; Type: regular 3'; Length: 34; Trimmed: 294 times

No. of allowed errors:
0-9 bp: 0; 10-19 bp: 1; 20-29 bp: 2; 30-34 bp: 3

Bases preceding removed adapters:
  A: 29.9%
  C: 23.5%
  G: 20.7%
  T: 25.9%
  none/other: 0.0%

Overview of removed sequences
length	count	expect	max.err	error counts
3	207	186.6	0	207
4	73	46.6	0	73
5	9	11.7	0	9
6	3	2.9	0	3
9	2	0.0	0	0 2
