This is cutadapt 2.9 with Python 3.6.6
Command line parameters: --interleaved -a file:/nas02/apps/trimmomatic-0.36/Trimmomatic-0.36/adapters/TruSeq3-PE.fa -A file:/nas02/apps/trimmomatic-0.36/Trimmomatic-0.36/adapters/TruSeq3-PE.fa -m 30 /nas/longleaf/home/zpopkinh/Pvivax_resources/wgs_pe_improved_global/fastq/SRS694262/SRR1565123_1.fastq.gz /nas/longleaf/home/zpopkinh/Pvivax_resources/wgs_pe_improved_global/fastq/SRS694262/SRR1565123_2.fastq.gz
Processing reads on 1 core in paired-end mode ...
Finished in 0.77 s (50 us/read; 1.21 M reads/minute).

=== Summary ===

Total read pairs processed:             15,536
  Read 1 with adapter:                     514 (3.3%)
  Read 2 with adapter:                     590 (3.8%)
Pairs written (passing filters):        15,536 (100.0%)

Total basepairs processed:     3,138,272 bp
  Read 1:     1,569,136 bp
  Read 2:     1,569,136 bp
Total written (filtered):      3,134,490 bp (99.9%)
  Read 1:     1,567,349 bp
  Read 2:     1,567,141 bp

=== First read: Adapter PrefixPE/1 ===

Sequence: TACACTCTTTCCCTACACGACGCTCTTCCGATCT; Type: regular 3'; Length: 34; Trimmed: 263 times

No. of allowed errors:
0-9 bp: 0; 10-19 bp: 1; 20-29 bp: 2; 30-34 bp: 3

Bases preceding removed adapters:
  A: 30.4%
  C: 22.8%
  G: 21.3%
  T: 25.5%
  none/other: 0.0%

Overview of removed sequences
length	count	expect	max.err	error counts
3	170	242.8	0	170
4	68	60.7	0	68
5	15	15.2	0	15
6	3	3.8	0	3
7	1	0.9	0	1
8	1	0.2	0	1
10	3	0.0	1	0 3
11	1	0.0	1	0 1
12	1	0.0	1	0 1


=== First read: Adapter PrefixPE/2 ===

Sequence: GTGACTGGAGTTCAGACGTGTGCTCTTCCGATCT; Type: regular 3'; Length: 34; Trimmed: 251 times

No. of allowed errors:
0-9 bp: 0; 10-19 bp: 1; 20-29 bp: 2; 30-34 bp: 3

Bases preceding removed adapters:
  A: 31.9%
  C: 9.6%
  G: 17.9%
  T: 40.6%
  none/other: 0.0%

Overview of removed sequences
length	count	expect	max.err	error counts
3	187	242.8	0	187
4	51	60.7	0	51
5	8	15.2	0	8
6	3	3.8	0	3
9	1	0.1	0	0 1
12	1	0.0	1	0 1


=== Second read: Adapter PrefixPE/1 ===

Sequence: TACACTCTTTCCCTACACGACGCTCTTCCGATCT; Type: regular 3'; Length: 34; Trimmed: 247 times

No. of allowed errors:
0-9 bp: 0; 10-19 bp: 1; 20-29 bp: 2; 30-34 bp: 3

Bases preceding removed adapters:
  A: 30.4%
  C: 20.2%
  G: 23.5%
  T: 25.9%
  none/other: 0.0%

Overview of removed sequences
length	count	expect	max.err	error counts
3	166	242.8	0	166
4	65	60.7	0	65
5	9	15.2	0	9
6	3	3.8	0	3
10	2	0.0	1	0 2
11	2	0.0	1	0 2


=== Second read: Adapter PrefixPE/2 ===

Sequence: GTGACTGGAGTTCAGACGTGTGCTCTTCCGATCT; Type: regular 3'; Length: 34; Trimmed: 343 times

No. of allowed errors:
0-9 bp: 0; 10-19 bp: 1; 20-29 bp: 2; 30-34 bp: 3

Bases preceding removed adapters:
  A: 27.7%
  C: 25.4%
  G: 21.3%
  T: 25.7%
  none/other: 0.0%

Overview of removed sequences
length	count	expect	max.err	error counts
3	280	242.8	0	280
4	47	60.7	0	47
5	10	15.2	0	10
6	2	3.8	0	2
8	1	0.2	0	1
10	1	0.0	1	0 1
11	1	0.0	1	0 1
13	1	0.0	1	0 1
