This is cutadapt 2.9 with Python 3.6.6
Command line parameters: --interleaved -a file:/nas02/apps/trimmomatic-0.36/Trimmomatic-0.36/adapters/TruSeq3-PE.fa -A file:/nas02/apps/trimmomatic-0.36/Trimmomatic-0.36/adapters/TruSeq3-PE.fa -m 30 /nas/longleaf/home/zpopkinh/Pvivax_resources/wgs_pe_improved_global/fastq/ERS338599/ERR386538_1.fastq.gz /nas/longleaf/home/zpopkinh/Pvivax_resources/wgs_pe_improved_global/fastq/ERS338599/ERR386538_2.fastq.gz
Processing reads on 1 core in paired-end mode ...
Finished in 268.37 s (81 us/read; 0.74 M reads/minute).

=== Summary ===

Total read pairs processed:          3,315,656
  Read 1 with adapter:                 122,240 (3.7%)
  Read 2 with adapter:                 120,353 (3.6%)
Pairs written (passing filters):     3,315,656 (100.0%)

Total basepairs processed:   663,131,200 bp
  Read 1:   331,565,600 bp
  Read 2:   331,565,600 bp
Total written (filtered):    662,307,890 bp (99.9%)
  Read 1:   331,150,663 bp
  Read 2:   331,157,227 bp

=== First read: Adapter PrefixPE/1 ===

Sequence: TACACTCTTTCCCTACACGACGCTCTTCCGATCT; Type: regular 3'; Length: 34; Trimmed: 66317 times

No. of allowed errors:
0-9 bp: 0; 10-19 bp: 1; 20-29 bp: 2; 30-34 bp: 3

Bases preceding removed adapters:
  A: 29.5%
  C: 17.9%
  G: 23.9%
  T: 28.7%
  none/other: 0.0%

Overview of removed sequences
length	count	expect	max.err	error counts
3	43671	51807.1	0	43671
4	17445	12951.8	0	17445
5	3515	3237.9	0	3515
6	806	809.5	0	806
7	185	202.4	0	185
8	55	50.6	0	55
9	189	12.6	0	18 171
10	356	3.2	1	5 351
11	82	0.8	1	0 82
12	9	0.2	1	0 9
13	4	0.0	1	0 4


=== First read: Adapter PrefixPE/2 ===

Sequence: GTGACTGGAGTTCAGACGTGTGCTCTTCCGATCT; Type: regular 3'; Length: 34; Trimmed: 55923 times

No. of allowed errors:
0-9 bp: 0; 10-19 bp: 1; 20-29 bp: 2; 30-34 bp: 3

Bases preceding removed adapters:
  A: 25.6%
  C: 16.3%
  G: 24.4%
  T: 33.7%
  none/other: 0.0%

Overview of removed sequences
length	count	expect	max.err	error counts
3	43565	51807.1	0	43565
4	10220	12951.8	0	10220
5	1511	3237.9	0	1511
6	370	809.5	0	370
7	66	202.4	0	66
8	4	50.6	0	4
9	68	12.6	0	1 67
10	94	3.2	1	1 93
11	22	0.8	1	1 21
12	2	0.2	1	0 2
13	1	0.0	1	0 1


=== Second read: Adapter PrefixPE/1 ===

Sequence: TACACTCTTTCCCTACACGACGCTCTTCCGATCT; Type: regular 3'; Length: 34; Trimmed: 65334 times

No. of allowed errors:
0-9 bp: 0; 10-19 bp: 1; 20-29 bp: 2; 30-34 bp: 3

Bases preceding removed adapters:
  A: 29.7%
  C: 18.3%
  G: 23.4%
  T: 28.6%
  none/other: 0.0%

Overview of removed sequences
length	count	expect	max.err	error counts
3	43029	51807.1	0	43029
4	17296	12951.8	0	17296
5	3353	3237.9	0	3353
6	797	809.5	0	797
7	166	202.4	0	166
8	41	50.6	0	41
9	157	12.6	0	8 149
10	400	3.2	1	8 392
11	73	0.8	1	1 72
12	14	0.2	1	0 14
13	6	0.0	1	0 6
14	2	0.0	1	0 2


=== Second read: Adapter PrefixPE/2 ===

Sequence: GTGACTGGAGTTCAGACGTGTGCTCTTCCGATCT; Type: regular 3'; Length: 34; Trimmed: 55019 times

No. of allowed errors:
0-9 bp: 0; 10-19 bp: 1; 20-29 bp: 2; 30-34 bp: 3

Bases preceding removed adapters:
  A: 25.6%
  C: 16.4%
  G: 24.4%
  T: 33.5%
  none/other: 0.0%

Overview of removed sequences
length	count	expect	max.err	error counts
3	42802	51807.1	0	42802
4	10163	12951.8	0	10163
5	1445	3237.9	0	1445
6	375	809.5	0	375
7	81	202.4	0	81
8	12	50.6	0	12
9	61	12.6	0	2 59
10	55	3.2	1	1 54
11	21	0.8	1	0 21
12	3	0.2	1	0 3
13	1	0.0	1	0 1
