This is cutadapt 2.9 with Python 3.6.6
Command line parameters: --interleaved -a file:/nas02/apps/trimmomatic-0.36/Trimmomatic-0.36/adapters/TruSeq3-PE.fa -A file:/nas02/apps/trimmomatic-0.36/Trimmomatic-0.36/adapters/TruSeq3-PE.fa -m 30 /nas/longleaf/home/zpopkinh/Pvivax_resources/wgs_pe_improved_global/fastq/ERR5740819/ERR5740819_1.fastq.gz /nas/longleaf/home/zpopkinh/Pvivax_resources/wgs_pe_improved_global/fastq/ERR5740819/ERR5740819_2.fastq.gz
Processing reads on 1 core in paired-end mode ...
Finished in 395.36 s (135 us/read; 0.44 M reads/minute).

=== Summary ===

Total read pairs processed:          2,931,573
  Read 1 with adapter:                 106,656 (3.6%)
  Read 2 with adapter:                 104,079 (3.6%)
Pairs written (passing filters):     2,931,571 (100.0%)

Total basepairs processed:   885,335,046 bp
  Read 1:   442,667,523 bp
  Read 2:   442,667,523 bp
Total written (filtered):    884,624,808 bp (99.9%)
  Read 1:   442,307,679 bp
  Read 2:   442,317,129 bp

=== First read: Adapter PrefixPE/1 ===

Sequence: TACACTCTTTCCCTACACGACGCTCTTCCGATCT; Type: regular 3'; Length: 34; Trimmed: 48071 times

No. of allowed errors:
0-9 bp: 0; 10-19 bp: 1; 20-29 bp: 2; 30-34 bp: 3

Bases preceding removed adapters:
  A: 25.1%
  C: 24.3%
  G: 24.3%
  T: 26.4%
  none/other: 0.0%

Overview of removed sequences
length	count	expect	max.err	error counts
3	32626	45805.8	0	32626
4	11568	11451.5	0	11568
5	2721	2862.9	0	2721
6	556	715.7	0	556
7	127	178.9	0	127
8	33	44.7	0	33
9	165	11.2	0	13 152
10	195	2.8	1	8 187
11	58	0.7	1	2 56
12	12	0.2	1	0 12
13	7	0.0	1	0 7
14	2	0.0	1	0 2
99	1	0.0	3	0 0 1


=== First read: Adapter PrefixPE/2 ===

Sequence: GTGACTGGAGTTCAGACGTGTGCTCTTCCGATCT; Type: regular 3'; Length: 34; Trimmed: 58585 times

No. of allowed errors:
0-9 bp: 0; 10-19 bp: 1; 20-29 bp: 2; 30-34 bp: 3

Bases preceding removed adapters:
  A: 24.7%
  C: 16.4%
  G: 28.2%
  T: 30.7%
  none/other: 0.0%

Overview of removed sequences
length	count	expect	max.err	error counts
3	45514	45805.8	0	45514
4	10597	11451.5	0	10597
5	1723	2862.9	0	1723
6	438	715.7	0	438
7	127	178.9	0	127
8	15	44.7	0	15
9	73	11.2	0	2 71
10	64	2.8	1	0 64
11	24	0.7	1	0 24
12	10	0.2	1	0 10


=== Second read: Adapter PrefixPE/1 ===

Sequence: TACACTCTTTCCCTACACGACGCTCTTCCGATCT; Type: regular 3'; Length: 34; Trimmed: 46946 times

No. of allowed errors:
0-9 bp: 0; 10-19 bp: 1; 20-29 bp: 2; 30-34 bp: 3

Bases preceding removed adapters:
  A: 25.7%
  C: 24.7%
  G: 24.3%
  T: 25.3%
  none/other: 0.0%

Overview of removed sequences
length	count	expect	max.err	error counts
3	31951	45805.8	0	31951
4	11218	11451.5	0	11218
5	2710	2862.9	0	2710
6	500	715.7	0	500
7	157	178.9	0	157
8	32	44.7	0	32
9	131	11.2	0	6 125
10	164	2.8	1	6 158
11	63	0.7	1	0 63
12	13	0.2	1	0 13
13	5	0.0	1	0 5
14	1	0.0	1	0 1
98	1	0.0	3	0 1


=== Second read: Adapter PrefixPE/2 ===

Sequence: GTGACTGGAGTTCAGACGTGTGCTCTTCCGATCT; Type: regular 3'; Length: 34; Trimmed: 57133 times

No. of allowed errors:
0-9 bp: 0; 10-19 bp: 1; 20-29 bp: 2; 30-34 bp: 3

Bases preceding removed adapters:
  A: 24.7%
  C: 17.5%
  G: 27.7%
  T: 30.1%
  none/other: 0.0%

Overview of removed sequences
length	count	expect	max.err	error counts
3	45030	45805.8	0	45030
4	9640	11451.5	0	9640
5	1745	2862.9	0	1745
6	411	715.7	0	411
7	110	178.9	0	110
8	25	44.7	0	25
9	73	11.2	0	5 68
10	59	2.8	1	2 57
11	25	0.7	1	0 25
12	7	0.2	1	0 7
13	4	0.0	1	0 4
57	1	0.0	3	0 0 0 1
91	1	0.0	3	0 0 0 1
143	2	0.0	3	0 0 1 1
