This is cutadapt 2.9 with Python 3.6.6
Command line parameters: --interleaved -a file:/nas02/apps/trimmomatic-0.36/Trimmomatic-0.36/adapters/TruSeq3-PE.fa -A file:/nas02/apps/trimmomatic-0.36/Trimmomatic-0.36/adapters/TruSeq3-PE.fa -m 30 /nas/longleaf/home/zpopkinh/Pvivax_resources/wgs_pe_improved_global/fastq/ERS3516644/ERR3439111_1.fastq.gz /nas/longleaf/home/zpopkinh/Pvivax_resources/wgs_pe_improved_global/fastq/ERS3516644/ERR3439111_2.fastq.gz
Processing reads on 1 core in paired-end mode ...
Finished in 5.31 s (46 us/read; 1.29 M reads/minute).

=== Summary ===

Total read pairs processed:            114,342
  Read 1 with adapter:                   2,889 (2.5%)
  Read 2 with adapter:                   2,539 (2.2%)
Pairs written (passing filters):       114,339 (100.0%)

Total basepairs processed:    34,302,600 bp
  Read 1:    17,151,300 bp
  Read 2:    17,151,300 bp
Total written (filtered):     34,282,310 bp (99.9%)
  Read 1:    17,140,947 bp
  Read 2:    17,141,363 bp

=== First read: Adapter PrefixPE/1 ===

Sequence: TACACTCTTTCCCTACACGACGCTCTTCCGATCT; Type: regular 3'; Length: 34; Trimmed: 1763 times

No. of allowed errors:
0-9 bp: 0; 10-19 bp: 1; 20-29 bp: 2; 30-34 bp: 3

Bases preceding removed adapters:
  A: 67.8%
  C: 11.5%
  G: 7.7%
  T: 12.8%
  none/other: 0.2%

Overview of removed sequences
length	count	expect	max.err	error counts
3	1254	1786.6	0	1254
4	375	446.6	0	375
5	70	111.7	0	70
6	12	27.9	0	12
7	2	7.0	0	2
8	1	1.7	0	1
9	42	0.4	0	0 42
10	2	0.1	1	0 2
11	2	0.0	1	0 2
150	3	0.0	3	0 0 3


=== First read: Adapter PrefixPE/2 ===

Sequence: GTGACTGGAGTTCAGACGTGTGCTCTTCCGATCT; Type: regular 3'; Length: 34; Trimmed: 1126 times

No. of allowed errors:
0-9 bp: 0; 10-19 bp: 1; 20-29 bp: 2; 30-34 bp: 3

Bases preceding removed adapters:
  A: 12.7%
  C: 9.2%
  G: 42.1%
  T: 36.0%
  none/other: 0.0%

Overview of removed sequences
length	count	expect	max.err	error counts
3	772	1786.6	0	772
4	320	446.6	0	320
5	28	111.7	0	28
6	5	27.9	0	5
11	1	0.0	1	0 1


=== Second read: Adapter PrefixPE/1 ===

Sequence: TACACTCTTTCCCTACACGACGCTCTTCCGATCT; Type: regular 3'; Length: 34; Trimmed: 1157 times

No. of allowed errors:
0-9 bp: 0; 10-19 bp: 1; 20-29 bp: 2; 30-34 bp: 3

Bases preceding removed adapters:
  A: 27.3%
  C: 14.4%
  G: 42.9%
  T: 15.4%
  none/other: 0.0%

Overview of removed sequences
length	count	expect	max.err	error counts
3	571	1786.6	0	571
4	249	446.6	0	249
5	33	111.7	0	33
6	302	27.9	0	302
7	1	7.0	0	1
9	1	0.4	0	0 1


=== Second read: Adapter PrefixPE/2 ===

Sequence: GTGACTGGAGTTCAGACGTGTGCTCTTCCGATCT; Type: regular 3'; Length: 34; Trimmed: 1382 times

No. of allowed errors:
0-9 bp: 0; 10-19 bp: 1; 20-29 bp: 2; 30-34 bp: 3

Bases preceding removed adapters:
  A: 20.4%
  C: 26.3%
  G: 30.1%
  T: 23.2%
  none/other: 0.0%

Overview of removed sequences
length	count	expect	max.err	error counts
3	949	1786.6	0	949
4	269	446.6	0	269
5	149	111.7	0	149
6	6	27.9	0	6
7	2	7.0	0	2
9	3	0.4	0	0 3
10	4	0.1	1	0 4
