This is cutadapt 2.9 with Python 3.6.6
Command line parameters: --interleaved -a file:/nas02/apps/trimmomatic-0.36/Trimmomatic-0.36/adapters/TruSeq3-PE.fa -A file:/nas02/apps/trimmomatic-0.36/Trimmomatic-0.36/adapters/TruSeq3-PE.fa -m 30 /nas/longleaf/home/zpopkinh/Pvivax_resources/wgs_pe_improved_global/fastq/SRS2745886/SRR6361469_1.fastq.gz /nas/longleaf/home/zpopkinh/Pvivax_resources/wgs_pe_improved_global/fastq/SRS2745886/SRR6361469_2.fastq.gz
Processing reads on 1 core in paired-end mode ...
Finished in 257.96 s (380 us/read; 0.16 M reads/minute).

=== Summary ===

Total read pairs processed:            678,522
  Read 1 with adapter:                  18,421 (2.7%)
  Read 2 with adapter:                  22,793 (3.4%)
Pairs written (passing filters):       678,254 (100.0%)

Total basepairs processed:   340,618,044 bp
  Read 1:   170,309,022 bp
  Read 2:   170,309,022 bp
Total written (filtered):    340,339,724 bp (99.9%)
  Read 1:   170,176,063 bp
  Read 2:   170,163,661 bp

=== First read: Adapter PrefixPE/1 ===

Sequence: TACACTCTTTCCCTACACGACGCTCTTCCGATCT; Type: regular 3'; Length: 34; Trimmed: 16083 times

No. of allowed errors:
0-9 bp: 0; 10-19 bp: 1; 20-29 bp: 2; 30-34 bp: 3

Bases preceding removed adapters:
  A: 55.8%
  C: 19.4%
  G: 9.8%
  T: 15.0%
  none/other: 0.0%

Overview of removed sequences
length	count	expect	max.err	error counts
3	7841	10601.9	0	7841
4	6937	2650.5	0	6937
5	789	662.6	0	789
6	243	165.7	0	243
7	45	41.4	0	45
8	13	10.4	0	13
9	15	2.6	0	4 11
10	23	0.6	1	0 23
11	7	0.2	1	0 7
13	1	0.0	1	0 1
86	1	0.0	3	0 0 1
237	4	0.0	3	0 0 0 4
238	4	0.0	3	0 0 0 4
239	146	0.0	3	0 0 18 128
240	2	0.0	3	0 0 0 2
241	7	0.0	3	0 0 0 7
242	1	0.0	3	0 0 0 1
243	4	0.0	3	0 0 0 4


=== First read: Adapter PrefixPE/2 ===

Sequence: GTGACTGGAGTTCAGACGTGTGCTCTTCCGATCT; Type: regular 3'; Length: 34; Trimmed: 2338 times

No. of allowed errors:
0-9 bp: 0; 10-19 bp: 1; 20-29 bp: 2; 30-34 bp: 3

Bases preceding removed adapters:
  A: 42.3%
  C: 14.5%
  G: 11.2%
  T: 32.0%
  none/other: 0.0%

Overview of removed sequences
length	count	expect	max.err	error counts
3	1489	10601.9	0	1489
4	729	2650.5	0	729
5	71	662.6	0	71
6	32	165.7	0	32
7	7	41.4	0	7
8	2	10.4	0	2
9	4	2.6	0	0 4
10	3	0.6	1	0 3
11	1	0.2	1	0 1


=== Second read: Adapter PrefixPE/1 ===

Sequence: TACACTCTTTCCCTACACGACGCTCTTCCGATCT; Type: regular 3'; Length: 34; Trimmed: 16357 times

No. of allowed errors:
0-9 bp: 0; 10-19 bp: 1; 20-29 bp: 2; 30-34 bp: 3

Bases preceding removed adapters:
  A: 50.1%
  C: 12.1%
  G: 30.5%
  T: 7.3%
  none/other: 0.0%

Overview of removed sequences
length	count	expect	max.err	error counts
3	9688	10601.9	0	9688
4	5279	2650.5	0	5279
5	1269	662.6	0	1269
6	74	165.7	0	74
7	27	41.4	0	27
8	1	10.4	0	1
9	4	2.6	0	1 3
10	14	0.6	1	0 14
11	1	0.2	1	0 1


=== Second read: Adapter PrefixPE/2 ===

Sequence: GTGACTGGAGTTCAGACGTGTGCTCTTCCGATCT; Type: regular 3'; Length: 34; Trimmed: 6436 times

No. of allowed errors:
0-9 bp: 0; 10-19 bp: 1; 20-29 bp: 2; 30-34 bp: 3

Bases preceding removed adapters:
  A: 45.1%
  C: 11.3%
  G: 22.3%
  T: 21.3%
  none/other: 0.0%

Overview of removed sequences
length	count	expect	max.err	error counts
3	4976	10601.9	0	4976
4	1108	2650.5	0	1108
5	191	662.6	0	191
6	30	165.7	0	30
7	13	41.4	0	13
9	6	2.6	0	0 6
10	8	0.6	1	0 8
11	3	0.2	1	0 3
13	1	0.0	1	0 1
228	18	0.0	3	0 17 1
229	1	0.0	3	0 1
232	2	0.0	3	0 0 0 2
234	73	0.0	3	2 57 11 3
235	2	0.0	3	0 0 2
236	2	0.0	3	0 0 2
237	1	0.0	3	0 0 1
239	1	0.0	3	0 1
