This is cutadapt 2.9 with Python 3.6.6
Command line parameters: --interleaved -a file:/nas02/apps/trimmomatic-0.36/Trimmomatic-0.36/adapters/TruSeq3-PE.fa -A file:/nas02/apps/trimmomatic-0.36/Trimmomatic-0.36/adapters/TruSeq3-PE.fa -m 30 /nas/longleaf/home/zpopkinh/Pvivax_resources/wgs_pe_improved_global/fastq/ERS055892/ERR111724_1.fastq.gz /nas/longleaf/home/zpopkinh/Pvivax_resources/wgs_pe_improved_global/fastq/ERS055892/ERR111724_2.fastq.gz
Processing reads on 1 core in paired-end mode ...
Finished in 781.02 s (91 us/read; 0.66 M reads/minute).

=== Summary ===

Total read pairs processed:          8,576,104
  Read 1 with adapter:                 314,594 (3.7%)
  Read 2 with adapter:                 310,588 (3.6%)
Pairs written (passing filters):     8,576,104 (100.0%)

Total basepairs processed: 1,715,220,800 bp
  Read 1:   857,610,400 bp
  Read 2:   857,610,400 bp
Total written (filtered):  1,713,111,068 bp (99.9%)
  Read 1:   856,548,768 bp
  Read 2:   856,562,300 bp

=== First read: Adapter PrefixPE/1 ===

Sequence: TACACTCTTTCCCTACACGACGCTCTTCCGATCT; Type: regular 3'; Length: 34; Trimmed: 167337 times

No. of allowed errors:
0-9 bp: 0; 10-19 bp: 1; 20-29 bp: 2; 30-34 bp: 3

Bases preceding removed adapters:
  A: 29.0%
  C: 18.8%
  G: 22.6%
  T: 29.6%
  none/other: 0.0%

Overview of removed sequences
length	count	expect	max.err	error counts
3	111531	134001.6	0	111531
4	43058	33500.4	0	43058
5	9145	8375.1	0	9145
6	1946	2093.8	0	1946
7	401	523.4	0	401
8	98	130.9	0	98
9	469	32.7	0	27 442
10	474	8.2	1	7 467
11	161	2.0	1	1 160
12	33	0.5	1	0 33
13	16	0.1	1	0 16
14	4	0.0	1	0 4
52	1	0.0	3	0 0 1


=== First read: Adapter PrefixPE/2 ===

Sequence: GTGACTGGAGTTCAGACGTGTGCTCTTCCGATCT; Type: regular 3'; Length: 34; Trimmed: 147257 times

No. of allowed errors:
0-9 bp: 0; 10-19 bp: 1; 20-29 bp: 2; 30-34 bp: 3

Bases preceding removed adapters:
  A: 23.8%
  C: 18.3%
  G: 26.1%
  T: 31.8%
  none/other: 0.0%

Overview of removed sequences
length	count	expect	max.err	error counts
3	115129	134001.6	0	115129
4	26614	33500.4	0	26614
5	4018	8375.1	0	4018
6	916	2093.8	0	916
7	229	523.4	0	229
8	44	130.9	0	44
9	141	32.7	0	4 137
10	118	8.2	1	1 117
11	40	2.0	1	0 40
12	6	0.5	1	0 6
13	2	0.1	1	0 2


=== Second read: Adapter PrefixPE/1 ===

Sequence: TACACTCTTTCCCTACACGACGCTCTTCCGATCT; Type: regular 3'; Length: 34; Trimmed: 166278 times

No. of allowed errors:
0-9 bp: 0; 10-19 bp: 1; 20-29 bp: 2; 30-34 bp: 3

Bases preceding removed adapters:
  A: 29.3%
  C: 18.7%
  G: 22.4%
  T: 29.6%
  none/other: 0.0%

Overview of removed sequences
length	count	expect	max.err	error counts
3	111194	134001.6	0	111194
4	42479	33500.4	0	42479
5	9014	8375.1	0	9014
6	1921	2093.8	0	1921
7	370	523.4	0	370
8	95	130.9	0	95
9	501	32.7	0	22 479
10	491	8.2	1	17 474
11	169	2.0	1	2 167
12	33	0.5	1	0 33
13	6	0.1	1	0 6
14	5	0.0	1	0 5


=== Second read: Adapter PrefixPE/2 ===

Sequence: GTGACTGGAGTTCAGACGTGTGCTCTTCCGATCT; Type: regular 3'; Length: 34; Trimmed: 144310 times

No. of allowed errors:
0-9 bp: 0; 10-19 bp: 1; 20-29 bp: 2; 30-34 bp: 3

Bases preceding removed adapters:
  A: 23.8%
  C: 18.5%
  G: 25.9%
  T: 31.7%
  none/other: 0.0%

Overview of removed sequences
length	count	expect	max.err	error counts
3	112664	134001.6	0	112664
4	26219	33500.4	0	26219
5	4019	8375.1	0	4019
6	855	2093.8	0	855
7	210	523.4	0	210
8	42	130.9	0	42
9	132	32.7	0	2 130
10	127	8.2	1	3 124
11	30	2.0	1	0 30
12	9	0.5	1	0 9
13	3	0.1	1	0 3
