This is cutadapt 2.9 with Python 3.6.6
Command line parameters: --interleaved -a file:/nas02/apps/trimmomatic-0.36/Trimmomatic-0.36/adapters/TruSeq3-PE.fa -A file:/nas02/apps/trimmomatic-0.36/Trimmomatic-0.36/adapters/TruSeq3-PE.fa -m 30 /nas/longleaf/home/zpopkinh/Pvivax_resources/wgs_pe_improved_global/fastq/SRS2746213/SRR6361805_1.fastq.gz /nas/longleaf/home/zpopkinh/Pvivax_resources/wgs_pe_improved_global/fastq/SRS2746213/SRR6361805_2.fastq.gz
Processing reads on 1 core in paired-end mode ...
Finished in 5619.14 s (82 us/read; 0.73 M reads/minute).

=== Summary ===

Total read pairs processed:         68,140,167
  Read 1 with adapter:               2,293,059 (3.4%)
  Read 2 with adapter:               2,296,059 (3.4%)
Pairs written (passing filters):    68,140,160 (100.0%)

Total basepairs processed: 13,628,033,400 bp
  Read 1: 6,814,016,700 bp
  Read 2: 6,814,016,700 bp
Total written (filtered):  13,612,313,697 bp (99.9%)
  Read 1: 6,806,151,521 bp
  Read 2: 6,806,162,176 bp

=== First read: Adapter PrefixPE/1 ===

Sequence: TACACTCTTTCCCTACACGACGCTCTTCCGATCT; Type: regular 3'; Length: 34; Trimmed: 1268605 times

No. of allowed errors:
0-9 bp: 0; 10-19 bp: 1; 20-29 bp: 2; 30-34 bp: 3

Bases preceding removed adapters:
  A: 38.6%
  C: 16.4%
  G: 18.5%
  T: 26.6%
  none/other: 0.0%

Overview of removed sequences
length	count	expect	max.err	error counts
3	797721	1064690.1	0	797721
4	321852	266172.5	0	321852
5	126579	66543.1	0	126579
6	10729	16635.8	0	10729
7	2016	4158.9	0	2016
8	599	1039.7	0	599
9	3918	259.9	0	203 3715
10	3436	65.0	1	67 3369
11	1346	16.2	1	9 1337
12	287	4.1	1	0 287
13	88	1.0	1	0 88
14	29	0.3	1	0 29
15	2	0.1	1	0 2
100	3	0.0	3	0 1 2


=== First read: Adapter PrefixPE/2 ===

Sequence: GTGACTGGAGTTCAGACGTGTGCTCTTCCGATCT; Type: regular 3'; Length: 34; Trimmed: 1024454 times

No. of allowed errors:
0-9 bp: 0; 10-19 bp: 1; 20-29 bp: 2; 30-34 bp: 3

Bases preceding removed adapters:
  A: 24.4%
  C: 18.8%
  G: 26.0%
  T: 30.8%
  none/other: 0.0%

Overview of removed sequences
length	count	expect	max.err	error counts
3	783755	1064690.1	0	783755
4	198565	266172.5	0	198565
5	31141	66543.1	0	31141
6	6765	16635.8	0	6765
7	1696	4158.9	0	1696
8	204	1039.7	0	204
9	886	259.9	0	34 852
10	969	65.0	1	17 952
11	384	16.2	1	2 382
12	73	4.1	1	0 73
13	15	1.0	1	0 15
100	1	0.0	3	0 0 1


=== Second read: Adapter PrefixPE/1 ===

Sequence: TACACTCTTTCCCTACACGACGCTCTTCCGATCT; Type: regular 3'; Length: 34; Trimmed: 1250418 times

No. of allowed errors:
0-9 bp: 0; 10-19 bp: 1; 20-29 bp: 2; 30-34 bp: 3

Bases preceding removed adapters:
  A: 38.5%
  C: 16.3%
  G: 18.4%
  T: 26.8%
  none/other: 0.0%

Overview of removed sequences
length	count	expect	max.err	error counts
3	785705	1064690.1	0	785705
4	317341	266172.5	0	317341
5	125073	66543.1	0	125073
6	10586	16635.8	0	10586
7	2027	4158.9	0	2027
8	584	1039.7	0	584
9	3902	259.9	0	200 3702
10	3447	65.0	1	64 3383
11	1333	16.2	1	10 1323
12	300	4.1	1	0 300
13	70	1.0	1	0 70
14	43	0.3	1	0 43
15	3	0.1	1	0 3
17	1	0.0	1	0 1
83	2	0.0	3	0 0 2
100	1	0.0	3	0 1


=== Second read: Adapter PrefixPE/2 ===

Sequence: GTGACTGGAGTTCAGACGTGTGCTCTTCCGATCT; Type: regular 3'; Length: 34; Trimmed: 1045641 times

No. of allowed errors:
0-9 bp: 0; 10-19 bp: 1; 20-29 bp: 2; 30-34 bp: 3

Bases preceding removed adapters:
  A: 23.2%
  C: 18.2%
  G: 28.8%
  T: 29.8%
  none/other: 0.0%

Overview of removed sequences
length	count	expect	max.err	error counts
3	814303	1064690.1	0	814303
4	190851	266172.5	0	190851
5	29857	66543.1	0	29857
6	6584	16635.8	0	6584
7	1542	4158.9	0	1542
8	220	1039.7	0	220
9	912	259.9	0	51 861
10	876	65.0	1	24 852
11	414	16.2	1	5 409
12	66	4.1	1	0 66
13	16	1.0	1	0 16
