This is cutadapt 2.9 with Python 3.6.6
Command line parameters: --interleaved -a file:/nas02/apps/trimmomatic-0.36/Trimmomatic-0.36/adapters/TruSeq3-PE.fa -A file:/nas02/apps/trimmomatic-0.36/Trimmomatic-0.36/adapters/TruSeq3-PE.fa -m 30 /nas/longleaf/home/zpopkinh/Pvivax_resources/wgs_pe_improved_global/fastq/ERS014179/ERR027119_1.fastq.gz /nas/longleaf/home/zpopkinh/Pvivax_resources/wgs_pe_improved_global/fastq/ERS014179/ERR027119_2.fastq.gz
Processing reads on 1 core in paired-end mode ...
Finished in 2797.27 s (80 us/read; 0.75 M reads/minute).

=== Summary ===

Total read pairs processed:         34,929,591
  Read 1 with adapter:               1,256,061 (3.6%)
  Read 2 with adapter:               1,214,672 (3.5%)
Pairs written (passing filters):    34,929,570 (100.0%)

Total basepairs processed: 5,309,297,832 bp
  Read 1: 2,654,648,916 bp
  Read 2: 2,654,648,916 bp
Total written (filtered):  5,300,918,486 bp (99.8%)
  Read 1: 2,650,388,540 bp
  Read 2: 2,650,529,946 bp

=== First read: Adapter PrefixPE/1 ===

Sequence: TACACTCTTTCCCTACACGACGCTCTTCCGATCT; Type: regular 3'; Length: 34; Trimmed: 721637 times

No. of allowed errors:
0-9 bp: 0; 10-19 bp: 1; 20-29 bp: 2; 30-34 bp: 3

Bases preceding removed adapters:
  A: 31.1%
  C: 17.2%
  G: 21.3%
  T: 30.3%
  none/other: 0.0%

Overview of removed sequences
length	count	expect	max.err	error counts
3	474899	545774.9	0	474899
4	192388	136443.7	0	192388
5	38819	34110.9	0	38819
6	8475	8527.7	0	8475
7	1487	2131.9	0	1487
8	400	533.0	0	400
9	2059	133.2	0	139 1920
10	2144	33.3	1	52 2092
11	749	8.3	1	12 737
12	140	2.1	1	2 138
13	48	0.5	1	3 45
14	7	0.1	1	0 7
19	1	0.0	1	0 0 1
71	12	0.0	3	2 4 3 3
72	1	0.0	3	0 0 0 1
73	1	0.0	3	1
75	1	0.0	3	0 0 1
76	6	0.0	3	0 0 2 4


=== First read: Adapter PrefixPE/2 ===

Sequence: GTGACTGGAGTTCAGACGTGTGCTCTTCCGATCT; Type: regular 3'; Length: 34; Trimmed: 534424 times

No. of allowed errors:
0-9 bp: 0; 10-19 bp: 1; 20-29 bp: 2; 30-34 bp: 3

Bases preceding removed adapters:
  A: 24.9%
  C: 17.5%
  G: 23.7%
  T: 33.8%
  none/other: 0.0%

Overview of removed sequences
length	count	expect	max.err	error counts
3	413575	545774.9	0	413575
4	100539	136443.7	0	100539
5	14900	34110.9	0	14900
6	3370	8527.7	0	3370
7	732	2131.9	0	732
8	120	533.0	0	120
9	478	133.2	0	43 435
10	500	33.3	1	8 492
11	166	8.3	1	1 165
12	39	2.1	1	0 39
13	5	0.5	1	0 5


=== Second read: Adapter PrefixPE/1 ===

Sequence: TACACTCTTTCCCTACACGACGCTCTTCCGATCT; Type: regular 3'; Length: 34; Trimmed: 708185 times

No. of allowed errors:
0-9 bp: 0; 10-19 bp: 1; 20-29 bp: 2; 30-34 bp: 3

Bases preceding removed adapters:
  A: 31.0%
  C: 17.4%
  G: 20.8%
  T: 30.8%
  none/other: 0.0%

Overview of removed sequences
length	count	expect	max.err	error counts
3	467308	545774.9	0	467308
4	187804	136443.7	0	187804
5	37452	34110.9	0	37452
6	8347	8527.7	0	8347
7	1522	2131.9	0	1522
8	388	533.0	0	388
9	2150	133.2	0	141 2009
10	2252	33.3	1	48 2204
11	740	8.3	1	9 731
12	171	2.1	1	3 168
13	39	0.5	1	1 38
14	12	0.1	1	0 12


=== Second read: Adapter PrefixPE/2 ===

Sequence: GTGACTGGAGTTCAGACGTGTGCTCTTCCGATCT; Type: regular 3'; Length: 34; Trimmed: 506487 times

No. of allowed errors:
0-9 bp: 0; 10-19 bp: 1; 20-29 bp: 2; 30-34 bp: 3

Bases preceding removed adapters:
  A: 24.3%
  C: 18.5%
  G: 23.3%
  T: 33.9%
  none/other: 0.0%

Overview of removed sequences
length	count	expect	max.err	error counts
3	394973	545774.9	0	394973
4	92316	136443.7	0	92316
5	14093	34110.9	0	14093
6	3182	8527.7	0	3182
7	735	2131.9	0	735
8	100	533.0	0	100
9	428	133.2	0	25 403
10	451	33.3	1	11 440
11	158	8.3	1	0 158
12	45	2.1	1	0 45
13	6	0.5	1	0 6
