This is cutadapt 2.9 with Python 3.6.6
Command line parameters: --interleaved -a file:/nas02/apps/trimmomatic-0.36/Trimmomatic-0.36/adapters/TruSeq3-PE.fa -A file:/nas02/apps/trimmomatic-0.36/Trimmomatic-0.36/adapters/TruSeq3-PE.fa -m 30 /nas/longleaf/home/zpopkinh/Pvivax_resources/wgs_pe_improved_global/fastq/ERS403517/ERR527374_1.fastq.gz /nas/longleaf/home/zpopkinh/Pvivax_resources/wgs_pe_improved_global/fastq/ERS403517/ERR527374_2.fastq.gz
Processing reads on 1 core in paired-end mode ...
Finished in 921.99 s (65 us/read; 0.92 M reads/minute).

=== Summary ===

Total read pairs processed:         14,119,794
  Read 1 with adapter:                 519,219 (3.7%)
  Read 2 with adapter:                 507,960 (3.6%)
Pairs written (passing filters):    14,119,792 (100.0%)

Total basepairs processed: 2,823,958,800 bp
  Read 1: 1,411,979,400 bp
  Read 2: 1,411,979,400 bp
Total written (filtered):  2,820,486,303 bp (99.9%)
  Read 1: 1,410,222,946 bp
  Read 2: 1,410,263,357 bp

=== First read: Adapter PrefixPE/1 ===

Sequence: TACACTCTTTCCCTACACGACGCTCTTCCGATCT; Type: regular 3'; Length: 34; Trimmed: 278882 times

No. of allowed errors:
0-9 bp: 0; 10-19 bp: 1; 20-29 bp: 2; 30-34 bp: 3

Bases preceding removed adapters:
  A: 29.1%
  C: 18.5%
  G: 22.6%
  T: 29.8%
  none/other: 0.0%

Overview of removed sequences
length	count	expect	max.err	error counts
3	185614	220621.8	0	185614
4	72109	55155.4	0	72109
5	14874	13788.9	0	14874
6	3244	3447.2	0	3244
7	604	861.8	0	604
8	175	215.5	0	175
9	865	53.9	0	61 804
10	969	13.5	1	28 941
11	355	3.4	1	1 354
12	45	0.8	1	0 45
13	17	0.2	1	1 16
14	8	0.1	1	0 8
15	1	0.0	1	0 1
100	2	0.0	3	0 0 0 2


=== First read: Adapter PrefixPE/2 ===

Sequence: GTGACTGGAGTTCAGACGTGTGCTCTTCCGATCT; Type: regular 3'; Length: 34; Trimmed: 240337 times

No. of allowed errors:
0-9 bp: 0; 10-19 bp: 1; 20-29 bp: 2; 30-34 bp: 3

Bases preceding removed adapters:
  A: 24.1%
  C: 18.3%
  G: 25.4%
  T: 32.3%
  none/other: 0.0%

Overview of removed sequences
length	count	expect	max.err	error counts
3	186758	220621.8	0	186758
4	44240	55155.4	0	44240
5	6750	13788.9	0	6750
6	1568	3447.2	0	1568
7	368	861.8	0	368
8	52	215.5	0	52
9	275	53.9	0	21 254
10	224	13.5	1	3 221
11	81	3.4	1	1 80
12	17	0.8	1	0 17
13	4	0.2	1	0 4


=== Second read: Adapter PrefixPE/1 ===

Sequence: TACACTCTTTCCCTACACGACGCTCTTCCGATCT; Type: regular 3'; Length: 34; Trimmed: 274136 times

No. of allowed errors:
0-9 bp: 0; 10-19 bp: 1; 20-29 bp: 2; 30-34 bp: 3

Bases preceding removed adapters:
  A: 29.0%
  C: 18.5%
  G: 22.5%
  T: 30.1%
  none/other: 0.0%

Overview of removed sequences
length	count	expect	max.err	error counts
3	182848	220621.8	0	182848
4	70792	55155.4	0	70792
5	14422	13788.9	0	14422
6	3152	3447.2	0	3152
7	636	861.8	0	636
8	156	215.5	0	156
9	871	53.9	0	51 820
10	912	13.5	1	17 895
11	265	3.4	1	1 264
12	59	0.8	1	0 59
13	12	0.2	1	1 11
14	10	0.1	1	0 10
15	1	0.0	1	0 1


=== Second read: Adapter PrefixPE/2 ===

Sequence: GTGACTGGAGTTCAGACGTGTGCTCTTCCGATCT; Type: regular 3'; Length: 34; Trimmed: 233824 times

No. of allowed errors:
0-9 bp: 0; 10-19 bp: 1; 20-29 bp: 2; 30-34 bp: 3

Bases preceding removed adapters:
  A: 24.0%
  C: 18.2%
  G: 25.5%
  T: 32.3%
  none/other: 0.0%

Overview of removed sequences
length	count	expect	max.err	error counts
3	182442	220621.8	0	182442
4	42485	55155.4	0	42485
5	6552	13788.9	0	6552
6	1437	3447.2	0	1437
7	339	861.8	0	339
8	46	215.5	0	46
9	219	53.9	0	3 216
10	207	13.5	1	5 202
11	81	3.4	1	1 80
12	13	0.8	1	0 13
13	3	0.2	1	0 3
