This is cutadapt 2.9 with Python 3.6.6
Command line parameters: --interleaved -a file:/nas02/apps/trimmomatic-0.36/Trimmomatic-0.36/adapters/TruSeq3-PE.fa -A file:/nas02/apps/trimmomatic-0.36/Trimmomatic-0.36/adapters/TruSeq3-PE.fa -m 30 /nas/longleaf/home/zpopkinh/Pvivax_resources/wgs_pe_improved_global/fastq/ERS403548/ERR527345_1.fastq.gz /nas/longleaf/home/zpopkinh/Pvivax_resources/wgs_pe_improved_global/fastq/ERS403548/ERR527345_2.fastq.gz
Processing reads on 1 core in paired-end mode ...
Finished in 1292.70 s (83 us/read; 0.72 M reads/minute).

=== Summary ===

Total read pairs processed:         15,540,639
  Read 1 with adapter:                 570,649 (3.7%)
  Read 2 with adapter:                 561,355 (3.6%)
Pairs written (passing filters):    15,540,639 (100.0%)

Total basepairs processed: 3,108,127,800 bp
  Read 1: 1,554,063,900 bp
  Read 2: 1,554,063,900 bp
Total written (filtered):  3,104,302,679 bp (99.9%)
  Read 1: 1,552,134,995 bp
  Read 2: 1,552,167,684 bp

=== First read: Adapter PrefixPE/1 ===

Sequence: TACACTCTTTCCCTACACGACGCTCTTCCGATCT; Type: regular 3'; Length: 34; Trimmed: 307966 times

No. of allowed errors:
0-9 bp: 0; 10-19 bp: 1; 20-29 bp: 2; 30-34 bp: 3

Bases preceding removed adapters:
  A: 29.2%
  C: 18.4%
  G: 22.6%
  T: 29.9%
  none/other: 0.0%

Overview of removed sequences
length	count	expect	max.err	error counts
3	204752	242822.5	0	204752
4	80064	60705.6	0	80064
5	16254	15176.4	0	16254
6	3653	3794.1	0	3653
7	730	948.5	0	730
8	170	237.1	0	170
9	895	59.3	0	54 841
10	1039	14.8	1	32 1007
11	334	3.7	1	2 332
12	46	0.9	1	1 45
13	23	0.2	1	1 22
14	5	0.1	1	0 5
15	1	0.0	1	0 1


=== First read: Adapter PrefixPE/2 ===

Sequence: GTGACTGGAGTTCAGACGTGTGCTCTTCCGATCT; Type: regular 3'; Length: 34; Trimmed: 262683 times

No. of allowed errors:
0-9 bp: 0; 10-19 bp: 1; 20-29 bp: 2; 30-34 bp: 3

Bases preceding removed adapters:
  A: 24.2%
  C: 18.1%
  G: 25.3%
  T: 32.3%
  none/other: 0.0%

Overview of removed sequences
length	count	expect	max.err	error counts
3	204383	242822.5	0	204383
4	48339	60705.6	0	48339
5	7256	15176.4	0	7256
6	1691	3794.1	0	1691
7	370	948.5	0	370
8	60	237.1	0	60
9	280	59.3	0	18 262
10	213	14.8	1	6 207
11	68	3.7	1	0 68
12	18	0.9	1	0 18
13	5	0.2	1	0 5


=== Second read: Adapter PrefixPE/1 ===

Sequence: TACACTCTTTCCCTACACGACGCTCTTCCGATCT; Type: regular 3'; Length: 34; Trimmed: 303654 times

No. of allowed errors:
0-9 bp: 0; 10-19 bp: 1; 20-29 bp: 2; 30-34 bp: 3

Bases preceding removed adapters:
  A: 29.4%
  C: 18.3%
  G: 22.4%
  T: 30.0%
  none/other: 0.0%

Overview of removed sequences
length	count	expect	max.err	error counts
3	201942	242822.5	0	201942
4	78890	60705.6	0	78890
5	16172	15176.4	0	16172
6	3524	3794.1	0	3524
7	698	948.5	0	698
8	161	237.1	0	161
9	926	59.3	0	47 879
10	917	14.8	1	29 888
11	343	3.7	1	2 341
12	55	0.9	1	0 55
13	15	0.2	1	0 15
14	10	0.1	1	0 10
15	1	0.0	1	0 1


=== Second read: Adapter PrefixPE/2 ===

Sequence: GTGACTGGAGTTCAGACGTGTGCTCTTCCGATCT; Type: regular 3'; Length: 34; Trimmed: 257701 times

No. of allowed errors:
0-9 bp: 0; 10-19 bp: 1; 20-29 bp: 2; 30-34 bp: 3

Bases preceding removed adapters:
  A: 23.9%
  C: 18.2%
  G: 25.5%
  T: 32.4%
  none/other: 0.0%

Overview of removed sequences
length	count	expect	max.err	error counts
3	201260	242822.5	0	201260
4	46756	60705.6	0	46756
5	7127	15176.4	0	7127
6	1597	3794.1	0	1597
7	333	948.5	0	333
8	68	237.1	0	68
9	254	59.3	0	16 238
10	209	14.8	1	6 203
11	76	3.7	1	0 76
12	16	0.9	1	0 16
13	5	0.2	1	0 5
