This is cutadapt 2.9 with Python 3.6.6
Command line parameters: --interleaved -a file:/nas02/apps/trimmomatic-0.36/Trimmomatic-0.36/adapters/TruSeq3-PE.fa -A file:/nas02/apps/trimmomatic-0.36/Trimmomatic-0.36/adapters/TruSeq3-PE.fa -m 30 /nas/longleaf/home/zpopkinh/Pvivax_resources/wgs_pe_improved_global/fastq/ERR5740727/ERR5740727_1.fastq.gz /nas/longleaf/home/zpopkinh/Pvivax_resources/wgs_pe_improved_global/fastq/ERR5740727/ERR5740727_2.fastq.gz
Processing reads on 1 core in paired-end mode ...
Finished in 550.47 s (161 us/read; 0.37 M reads/minute).

=== Summary ===

Total read pairs processed:          3,419,571
  Read 1 with adapter:                 124,362 (3.6%)
  Read 2 with adapter:                 119,717 (3.5%)
Pairs written (passing filters):     3,419,569 (100.0%)

Total basepairs processed: 1,032,710,442 bp
  Read 1:   516,355,221 bp
  Read 2:   516,355,221 bp
Total written (filtered):  1,031,886,366 bp (99.9%)
  Read 1:   515,934,683 bp
  Read 2:   515,951,683 bp

=== First read: Adapter PrefixPE/1 ===

Sequence: TACACTCTTTCCCTACACGACGCTCTTCCGATCT; Type: regular 3'; Length: 34; Trimmed: 57427 times

No. of allowed errors:
0-9 bp: 0; 10-19 bp: 1; 20-29 bp: 2; 30-34 bp: 3

Bases preceding removed adapters:
  A: 26.5%
  C: 23.2%
  G: 22.6%
  T: 27.8%
  none/other: 0.0%

Overview of removed sequences
length	count	expect	max.err	error counts
3	38704	53430.8	0	38704
4	14202	13357.7	0	14202
5	3186	3339.4	0	3186
6	700	834.9	0	700
7	141	208.7	0	141
8	32	52.2	0	32
9	174	13.0	0	11 163
10	202	3.3	1	5 197
11	67	0.8	1	1 66
12	9	0.2	1	0 9
13	8	0.1	1	0 8
14	1	0.0	1	0 1
69	1	0.0	3	0 0 1


=== First read: Adapter PrefixPE/2 ===

Sequence: GTGACTGGAGTTCAGACGTGTGCTCTTCCGATCT; Type: regular 3'; Length: 34; Trimmed: 66935 times

No. of allowed errors:
0-9 bp: 0; 10-19 bp: 1; 20-29 bp: 2; 30-34 bp: 3

Bases preceding removed adapters:
  A: 25.9%
  C: 14.0%
  G: 27.5%
  T: 32.6%
  none/other: 0.0%

Overview of removed sequences
length	count	expect	max.err	error counts
3	51470	53430.8	0	51470
4	12432	13357.7	0	12432
5	2103	3339.4	0	2103
6	530	834.9	0	530
7	141	208.7	0	141
8	33	52.2	0	33
9	93	13.0	0	5 88
10	79	3.3	1	0 79
11	41	0.8	1	1 40
12	8	0.2	1	0 8
13	4	0.1	1	0 4
15	1	0.0	1	0 1


=== Second read: Adapter PrefixPE/1 ===

Sequence: TACACTCTTTCCCTACACGACGCTCTTCCGATCT; Type: regular 3'; Length: 34; Trimmed: 55337 times

No. of allowed errors:
0-9 bp: 0; 10-19 bp: 1; 20-29 bp: 2; 30-34 bp: 3

Bases preceding removed adapters:
  A: 26.8%
  C: 24.5%
  G: 22.5%
  T: 26.3%
  none/other: 0.0%

Overview of removed sequences
length	count	expect	max.err	error counts
3	37472	53430.8	0	37472
4	13297	13357.7	0	13297
5	3236	3339.4	0	3236
6	597	834.9	0	597
7	207	208.7	0	207
8	43	52.2	0	43
9	167	13.0	0	19 148
10	198	3.3	1	7 191
11	89	0.8	1	1 88
12	18	0.2	1	1 17
13	6	0.1	1	0 6
14	3	0.0	1	0 3
15	2	0.0	1	0 2
127	1	0.0	3	0 0 0 1
151	1	0.0	3	0 1


=== Second read: Adapter PrefixPE/2 ===

Sequence: GTGACTGGAGTTCAGACGTGTGCTCTTCCGATCT; Type: regular 3'; Length: 34; Trimmed: 64380 times

No. of allowed errors:
0-9 bp: 0; 10-19 bp: 1; 20-29 bp: 2; 30-34 bp: 3

Bases preceding removed adapters:
  A: 24.7%
  C: 16.9%
  G: 27.1%
  T: 31.2%
  none/other: 0.0%

Overview of removed sequences
length	count	expect	max.err	error counts
3	51049	53430.8	0	51049
4	10447	13357.7	0	10447
5	2065	3339.4	0	2065
6	446	834.9	0	446
7	119	208.7	0	119
8	17	52.2	0	17
9	88	13.0	0	3 85
10	98	3.3	1	3 95
11	41	0.8	1	1 40
12	9	0.2	1	0 9
13	1	0.1	1	0 1
