This is cutadapt 2.9 with Python 3.6.6
Command line parameters: --interleaved -a file:/nas02/apps/trimmomatic-0.36/Trimmomatic-0.36/adapters/TruSeq3-PE.fa -A file:/nas02/apps/trimmomatic-0.36/Trimmomatic-0.36/adapters/TruSeq3-PE.fa -m 30 /nas/longleaf/home/zpopkinh/Pvivax_resources/wgs_pe_improved_global/fastq/ERS564523/ERR775191_1.fastq.gz /nas/longleaf/home/zpopkinh/Pvivax_resources/wgs_pe_improved_global/fastq/ERS564523/ERR775191_2.fastq.gz
Processing reads on 1 core in paired-end mode ...
Finished in 1068.19 s (102 us/read; 0.59 M reads/minute).

=== Summary ===

Total read pairs processed:         10,452,474
  Read 1 with adapter:                 382,877 (3.7%)
  Read 2 with adapter:                 376,573 (3.6%)
Pairs written (passing filters):    10,452,474 (100.0%)

Total basepairs processed: 2,090,494,800 bp
  Read 1: 1,045,247,400 bp
  Read 2: 1,045,247,400 bp
Total written (filtered):  2,087,922,668 bp (99.9%)
  Read 1: 1,043,951,106 bp
  Read 2: 1,043,971,562 bp

=== First read: Adapter PrefixPE/1 ===

Sequence: TACACTCTTTCCCTACACGACGCTCTTCCGATCT; Type: regular 3'; Length: 34; Trimmed: 199473 times

No. of allowed errors:
0-9 bp: 0; 10-19 bp: 1; 20-29 bp: 2; 30-34 bp: 3

Bases preceding removed adapters:
  A: 28.5%
  C: 18.5%
  G: 24.6%
  T: 28.4%
  none/other: 0.0%

Overview of removed sequences
length	count	expect	max.err	error counts
3	132131	163319.9	0	132131
4	51982	40830.0	0	51982
5	10564	10207.5	0	10564
6	2324	2551.9	0	2324
7	508	638.0	0	508
8	104	159.5	0	104
9	551	39.9	0	51 500
10	975	10.0	1	20 955
11	257	2.5	1	4 253
12	48	0.6	1	2 46
13	27	0.2	1	0 27
14	2	0.0	1	0 2


=== First read: Adapter PrefixPE/2 ===

Sequence: GTGACTGGAGTTCAGACGTGTGCTCTTCCGATCT; Type: regular 3'; Length: 34; Trimmed: 183404 times

No. of allowed errors:
0-9 bp: 0; 10-19 bp: 1; 20-29 bp: 2; 30-34 bp: 3

Bases preceding removed adapters:
  A: 24.7%
  C: 17.2%
  G: 24.9%
  T: 33.3%
  none/other: 0.0%

Overview of removed sequences
length	count	expect	max.err	error counts
3	142736	163319.9	0	142736
4	33652	40830.0	0	33652
5	5030	10207.5	0	5030
6	1132	2551.9	0	1132
7	262	638.0	0	262
8	39	159.5	0	39
9	237	39.9	0	10 227
10	219	10.0	1	2 217
11	68	2.5	1	0 68
12	22	0.6	1	0 22
13	7	0.2	1	0 7


=== Second read: Adapter PrefixPE/1 ===

Sequence: TACACTCTTTCCCTACACGACGCTCTTCCGATCT; Type: regular 3'; Length: 34; Trimmed: 198342 times

No. of allowed errors:
0-9 bp: 0; 10-19 bp: 1; 20-29 bp: 2; 30-34 bp: 3

Bases preceding removed adapters:
  A: 28.6%
  C: 18.7%
  G: 24.2%
  T: 28.5%
  none/other: 0.0%

Overview of removed sequences
length	count	expect	max.err	error counts
3	131371	163319.9	0	131371
4	51470	40830.0	0	51470
5	10677	10207.5	0	10677
6	2305	2551.9	0	2305
7	539	638.0	0	539
8	115	159.5	0	115
9	563	39.9	0	38 525
10	1022	10.0	1	20 1002
11	221	2.5	1	3 218
12	41	0.6	1	0 41
13	15	0.2	1	0 15
14	3	0.0	1	0 3


=== Second read: Adapter PrefixPE/2 ===

Sequence: GTGACTGGAGTTCAGACGTGTGCTCTTCCGATCT; Type: regular 3'; Length: 34; Trimmed: 178231 times

No. of allowed errors:
0-9 bp: 0; 10-19 bp: 1; 20-29 bp: 2; 30-34 bp: 3

Bases preceding removed adapters:
  A: 24.4%
  C: 17.2%
  G: 25.1%
  T: 33.3%
  none/other: 0.0%

Overview of removed sequences
length	count	expect	max.err	error counts
3	139011	163319.9	0	139011
4	32152	40830.0	0	32152
5	4992	10207.5	0	4992
6	1225	2551.9	0	1225
7	248	638.0	0	248
8	44	159.5	0	44
9	250	39.9	0	14 236
10	219	10.0	1	1 218
11	73	2.5	1	0 73
12	13	0.6	1	0 13
13	4	0.2	1	0 4
