This is cutadapt 2.9 with Python 3.6.6
Command line parameters: --interleaved -a file:/nas02/apps/trimmomatic-0.36/Trimmomatic-0.36/adapters/TruSeq3-PE.fa -A file:/nas02/apps/trimmomatic-0.36/Trimmomatic-0.36/adapters/TruSeq3-PE.fa -m 30 /nas/longleaf/home/zpopkinh/Pvivax_resources/wgs_pe_improved_global/fastq/SRS693267/SRR1565037_1.fastq.gz /nas/longleaf/home/zpopkinh/Pvivax_resources/wgs_pe_improved_global/fastq/SRS693267/SRR1565037_2.fastq.gz
Processing reads on 1 core in paired-end mode ...
Finished in 2.31 s (50 us/read; 1.21 M reads/minute).

=== Summary ===

Total read pairs processed:             46,675
  Read 1 with adapter:                   1,479 (3.2%)
  Read 2 with adapter:                   1,676 (3.6%)
Pairs written (passing filters):        46,674 (100.0%)

Total basepairs processed:     9,428,350 bp
  Read 1:     4,714,175 bp
  Read 2:     4,714,175 bp
Total written (filtered):      9,417,475 bp (99.9%)
  Read 1:     4,709,012 bp
  Read 2:     4,708,463 bp

=== First read: Adapter PrefixPE/1 ===

Sequence: TACACTCTTTCCCTACACGACGCTCTTCCGATCT; Type: regular 3'; Length: 34; Trimmed: 798 times

No. of allowed errors:
0-9 bp: 0; 10-19 bp: 1; 20-29 bp: 2; 30-34 bp: 3

Bases preceding removed adapters:
  A: 32.0%
  C: 17.7%
  G: 22.1%
  T: 28.3%
  none/other: 0.0%

Overview of removed sequences
length	count	expect	max.err	error counts
3	504	729.3	0	504
4	235	182.3	0	235
5	42	45.6	0	42
6	4	11.4	0	4
7	3	2.8	0	3
9	1	0.2	0	0 1
10	5	0.0	1	0 5
11	4	0.0	1	0 4


=== First read: Adapter PrefixPE/2 ===

Sequence: GTGACTGGAGTTCAGACGTGTGCTCTTCCGATCT; Type: regular 3'; Length: 34; Trimmed: 681 times

No. of allowed errors:
0-9 bp: 0; 10-19 bp: 1; 20-29 bp: 2; 30-34 bp: 3

Bases preceding removed adapters:
  A: 23.9%
  C: 17.9%
  G: 25.0%
  T: 33.2%
  none/other: 0.0%

Overview of removed sequences
length	count	expect	max.err	error counts
3	518	729.3	0	518
4	137	182.3	0	137
5	20	45.6	0	20
6	1	11.4	0	1
8	1	0.7	0	1
9	4	0.2	0	1 3


=== Second read: Adapter PrefixPE/1 ===

Sequence: TACACTCTTTCCCTACACGACGCTCTTCCGATCT; Type: regular 3'; Length: 34; Trimmed: 754 times

No. of allowed errors:
0-9 bp: 0; 10-19 bp: 1; 20-29 bp: 2; 30-34 bp: 3

Bases preceding removed adapters:
  A: 31.6%
  C: 18.6%
  G: 23.2%
  T: 26.7%
  none/other: 0.0%

Overview of removed sequences
length	count	expect	max.err	error counts
3	498	729.3	0	498
4	196	182.3	0	196
5	40	45.6	0	40
6	10	11.4	0	10
7	1	2.8	0	1
8	1	0.7	0	1
9	3	0.2	0	0 3
10	4	0.0	1	0 4
11	1	0.0	1	0 1


=== Second read: Adapter PrefixPE/2 ===

Sequence: GTGACTGGAGTTCAGACGTGTGCTCTTCCGATCT; Type: regular 3'; Length: 34; Trimmed: 922 times

No. of allowed errors:
0-9 bp: 0; 10-19 bp: 1; 20-29 bp: 2; 30-34 bp: 3

Bases preceding removed adapters:
  A: 23.9%
  C: 31.0%
  G: 18.0%
  T: 27.1%
  none/other: 0.0%

Overview of removed sequences
length	count	expect	max.err	error counts
3	749	729.3	0	749
4	147	182.3	0	147
5	19	45.6	0	19
6	1	11.4	0	1
7	3	2.8	0	3
10	1	0.0	1	0 1
13	1	0.0	1	0 1
93	1	0.0	3	0 0 1
