This is cutadapt 2.9 with Python 3.6.6
Command line parameters: --interleaved -a file:/nas02/apps/trimmomatic-0.36/Trimmomatic-0.36/adapters/TruSeq3-PE.fa -A file:/nas02/apps/trimmomatic-0.36/Trimmomatic-0.36/adapters/TruSeq3-PE.fa -m 30 /nas/longleaf/home/zpopkinh/Pvivax_resources/wgs_pe_improved_global/fastq/SRS693945/SRR1565102_1.fastq.gz /nas/longleaf/home/zpopkinh/Pvivax_resources/wgs_pe_improved_global/fastq/SRS693945/SRR1565102_2.fastq.gz
Processing reads on 1 core in paired-end mode ...
Finished in 17.29 s (43 us/read; 1.39 M reads/minute).

=== Summary ===

Total read pairs processed:            400,468
  Read 1 with adapter:                  13,728 (3.4%)
  Read 2 with adapter:                  14,885 (3.7%)
Pairs written (passing filters):       400,277 (100.0%)

Total basepairs processed:    80,894,536 bp
  Read 1:    40,447,268 bp
  Read 2:    40,447,268 bp
Total written (filtered):     80,761,026 bp (99.8%)
  Read 1:    40,381,823 bp
  Read 2:    40,379,203 bp

=== First read: Adapter PrefixPE/1 ===

Sequence: TACACTCTTTCCCTACACGACGCTCTTCCGATCT; Type: regular 3'; Length: 34; Trimmed: 6354 times

No. of allowed errors:
0-9 bp: 0; 10-19 bp: 1; 20-29 bp: 2; 30-34 bp: 3

Bases preceding removed adapters:
  A: 22.6%
  C: 24.0%
  G: 26.7%
  T: 26.7%
  none/other: 0.0%

Overview of removed sequences
length	count	expect	max.err	error counts
3	4189	6257.3	0	4189
4	1674	1564.3	0	1674
5	357	391.1	0	357
6	74	97.8	0	74
7	7	24.4	0	7
8	3	6.1	0	3
9	27	1.5	0	1 26
10	16	0.4	1	0 16
11	3	0.1	1	0 3
12	2	0.0	1	0 2
13	1	0.0	1	0 1
31	1	0.0	3	0 0 0 1


=== First read: Adapter PrefixPE/2 ===

Sequence: GTGACTGGAGTTCAGACGTGTGCTCTTCCGATCT; Type: regular 3'; Length: 34; Trimmed: 7374 times

No. of allowed errors:
0-9 bp: 0; 10-19 bp: 1; 20-29 bp: 2; 30-34 bp: 3

Bases preceding removed adapters:
  A: 22.0%
  C: 19.4%
  G: 28.3%
  T: 30.3%
  none/other: 0.0%

Overview of removed sequences
length	count	expect	max.err	error counts
3	5810	6257.3	0	5810
4	1290	1564.3	0	1290
5	192	391.1	0	192
6	53	97.8	0	53
7	10	24.4	0	10
8	3	6.1	0	3
9	6	1.5	0	0 6
10	6	0.4	1	0 6
11	3	0.1	1	0 3
12	1	0.0	1	0 1


=== Second read: Adapter PrefixPE/1 ===

Sequence: TACACTCTTTCCCTACACGACGCTCTTCCGATCT; Type: regular 3'; Length: 34; Trimmed: 5967 times

No. of allowed errors:
0-9 bp: 0; 10-19 bp: 1; 20-29 bp: 2; 30-34 bp: 3

Bases preceding removed adapters:
  A: 23.3%
  C: 23.7%
  G: 26.3%
  T: 26.7%
  none/other: 0.0%

Overview of removed sequences
length	count	expect	max.err	error counts
3	4067	6257.3	0	4067
4	1400	1564.3	0	1400
5	380	391.1	0	380
6	61	97.8	0	61
7	16	24.4	0	16
8	2	6.1	0	2
9	15	1.5	0	1 14
10	17	0.4	1	0 17
11	5	0.1	1	0 5
12	3	0.0	1	0 3
14	1	0.0	1	0 1


=== Second read: Adapter PrefixPE/2 ===

Sequence: GTGACTGGAGTTCAGACGTGTGCTCTTCCGATCT; Type: regular 3'; Length: 34; Trimmed: 8918 times

No. of allowed errors:
0-9 bp: 0; 10-19 bp: 1; 20-29 bp: 2; 30-34 bp: 3

Bases preceding removed adapters:
  A: 22.0%
  C: 27.1%
  G: 24.3%
  T: 26.6%
  none/other: 0.0%

Overview of removed sequences
length	count	expect	max.err	error counts
3	7180	6257.3	0	7180
4	1262	1564.3	0	1262
5	218	391.1	0	218
6	35	97.8	0	35
7	11	24.4	0	11
9	9	1.5	0	1 8
10	9	0.4	1	0 9
11	3	0.1	1	0 3
93	189	0.0	3	0 20 62 107
94	2	0.0	3	0 1 0 1
