This is cutadapt 2.9 with Python 3.6.6
Command line parameters: --interleaved -a file:/nas02/apps/trimmomatic-0.36/Trimmomatic-0.36/adapters/TruSeq3-PE.fa -A file:/nas02/apps/trimmomatic-0.36/Trimmomatic-0.36/adapters/TruSeq3-PE.fa -m 30 /nas/longleaf/home/zpopkinh/Pvivax_resources/wgs_pe_improved_global/fastq/SRS693945/SRR1568205_1.fastq.gz /nas/longleaf/home/zpopkinh/Pvivax_resources/wgs_pe_improved_global/fastq/SRS693945/SRR1568205_2.fastq.gz
Processing reads on 1 core in paired-end mode ...
Finished in 1193.75 s (78 us/read; 0.77 M reads/minute).

=== Summary ===

Total read pairs processed:         15,237,382
  Read 1 with adapter:                 536,632 (3.5%)
  Read 2 with adapter:                 565,286 (3.7%)
Pairs written (passing filters):    15,237,361 (100.0%)

Total basepairs processed: 3,077,951,164 bp
  Read 1: 1,538,975,582 bp
  Read 2: 1,538,975,582 bp
Total written (filtered):  3,074,261,043 bp (99.9%)
  Read 1: 1,537,172,049 bp
  Read 2: 1,537,088,994 bp

=== First read: Adapter PrefixPE/1 ===

Sequence: TACACTCTTTCCCTACACGACGCTCTTCCGATCT; Type: regular 3'; Length: 34; Trimmed: 241201 times

No. of allowed errors:
0-9 bp: 0; 10-19 bp: 1; 20-29 bp: 2; 30-34 bp: 3

Bases preceding removed adapters:
  A: 23.3%
  C: 24.6%
  G: 27.5%
  T: 24.6%
  none/other: 0.0%

Overview of removed sequences
length	count	expect	max.err	error counts
3	165513	238084.1	0	165513
4	55110	59521.0	0	55110
5	15353	14880.3	0	15353
6	2661	3720.1	0	2661
7	727	930.0	0	727
8	161	232.5	0	161
9	651	58.1	0	65 586
10	669	14.5	1	16 653
11	255	3.6	1	2 253
12	59	0.9	1	0 59
13	17	0.2	1	0 17
14	5	0.1	1	0 5
20	2	0.0	2	0 0 2
21	1	0.0	2	1
23	1	0.0	2	0 0 1
27	1	0.0	2	0 0 1
29	1	0.0	2	0 0 1
30	1	0.0	3	0 0 1
44	1	0.0	3	0 0 1
53	1	0.0	3	0 0 1
55	1	0.0	3	0 0 1
58	2	0.0	3	0 0 2
59	1	0.0	3	0 0 1
68	1	0.0	3	0 0 1
70	1	0.0	3	0 0 1
74	1	0.0	3	0 0 1
81	1	0.0	3	0 0 0 1
101	3	0.0	3	0 0 2 1


=== First read: Adapter PrefixPE/2 ===

Sequence: GTGACTGGAGTTCAGACGTGTGCTCTTCCGATCT; Type: regular 3'; Length: 34; Trimmed: 295431 times

No. of allowed errors:
0-9 bp: 0; 10-19 bp: 1; 20-29 bp: 2; 30-34 bp: 3

Bases preceding removed adapters:
  A: 22.4%
  C: 19.9%
  G: 28.6%
  T: 29.0%
  none/other: 0.0%

Overview of removed sequences
length	count	expect	max.err	error counts
3	232117	238084.1	0	232117
4	51465	59521.0	0	51465
5	8620	14880.3	0	8620
6	1883	3720.1	0	1883
7	448	930.0	0	448
8	82	232.5	0	82
9	384	58.1	0	16 368
10	294	14.5	1	5 289
11	115	3.6	1	0 115
12	18	0.9	1	0 18
13	5	0.2	1	0 5


=== Second read: Adapter PrefixPE/1 ===

Sequence: TACACTCTTTCCCTACACGACGCTCTTCCGATCT; Type: regular 3'; Length: 34; Trimmed: 237783 times

No. of allowed errors:
0-9 bp: 0; 10-19 bp: 1; 20-29 bp: 2; 30-34 bp: 3

Bases preceding removed adapters:
  A: 23.5%
  C: 24.4%
  G: 27.5%
  T: 24.5%
  none/other: 0.0%

Overview of removed sequences
length	count	expect	max.err	error counts
3	163488	238084.1	0	163488
4	54451	59521.0	0	54451
5	14872	14880.3	0	14872
6	2633	3720.1	0	2633
7	680	930.0	0	680
8	122	232.5	0	122
9	602	58.1	0	59 543
10	617	14.5	1	23 594
11	236	3.6	1	3 233
12	57	0.9	1	0 57
13	18	0.2	1	0 18
14	6	0.1	1	0 6
101	1	0.0	3	0 0 0 1


=== Second read: Adapter PrefixPE/2 ===

Sequence: GTGACTGGAGTTCAGACGTGTGCTCTTCCGATCT; Type: regular 3'; Length: 34; Trimmed: 327503 times

No. of allowed errors:
0-9 bp: 0; 10-19 bp: 1; 20-29 bp: 2; 30-34 bp: 3

Bases preceding removed adapters:
  A: 22.0%
  C: 25.8%
  G: 26.0%
  T: 26.2%
  none/other: 0.0%

Overview of removed sequences
length	count	expect	max.err	error counts
3	263694	238084.1	0	263694
4	51976	59521.0	0	51976
5	8619	14880.3	0	8619
6	1866	3720.1	0	1866
7	473	930.0	0	473
8	64	232.5	0	64
9	361	58.1	0	19 342
10	311	14.5	1	6 305
11	96	3.6	1	1 95
12	17	0.9	1	0 17
13	2	0.2	1	0 2
14	1	0.1	1	0 1
26	1	0.0	2	1
29	1	0.0	2	0 0 1
33	1	0.0	3	0 0 1
37	1	0.0	3	0 0 0 1
44	1	0.0	3	1
50	1	0.0	3	0 0 0 1
70	1	0.0	3	0 0 1
71	1	0.0	3	0 0 0 1
93	10	0.0	3	0 0 2 8
94	3	0.0	3	0 0 0 3
101	2	0.0	3	0 0 1 1
