This is cutadapt 2.9 with Python 3.6.6
Command line parameters: --interleaved -a file:/nas02/apps/trimmomatic-0.36/Trimmomatic-0.36/adapters/TruSeq3-PE.fa -A file:/nas02/apps/trimmomatic-0.36/Trimmomatic-0.36/adapters/TruSeq3-PE.fa -m 30 /nas/longleaf/home/zpopkinh/Pvivax_resources/wgs_pe_improved_global/fastq/SRS693975/SRR1568189_1.fastq.gz /nas/longleaf/home/zpopkinh/Pvivax_resources/wgs_pe_improved_global/fastq/SRS693975/SRR1568189_2.fastq.gz
Processing reads on 1 core in paired-end mode ...
Finished in 1025.12 s (69 us/read; 0.87 M reads/minute).

=== Summary ===

Total read pairs processed:         14,899,007
  Read 1 with adapter:                 559,118 (3.8%)
  Read 2 with adapter:                 566,875 (3.8%)
Pairs written (passing filters):    14,898,982 (100.0%)

Total basepairs processed: 3,009,599,414 bp
  Read 1: 1,504,799,707 bp
  Read 2: 1,504,799,707 bp
Total written (filtered):  3,005,810,720 bp (99.9%)
  Read 1: 1,502,917,288 bp
  Read 2: 1,502,893,432 bp

=== First read: Adapter PrefixPE/1 ===

Sequence: TACACTCTTTCCCTACACGACGCTCTTCCGATCT; Type: regular 3'; Length: 34; Trimmed: 289299 times

No. of allowed errors:
0-9 bp: 0; 10-19 bp: 1; 20-29 bp: 2; 30-34 bp: 3

Bases preceding removed adapters:
  A: 26.1%
  C: 21.9%
  G: 23.4%
  T: 28.5%
  none/other: 0.0%

Overview of removed sequences
length	count	expect	max.err	error counts
3	197504	232797.0	0	197504
4	70823	58199.2	0	70823
5	15445	14549.8	0	15445
6	2931	3637.5	0	2931
7	525	909.4	0	525
8	139	227.3	0	139
9	626	56.8	0	25 601
10	929	14.2	1	14 915
11	291	3.6	1	1 290
12	60	0.9	1	0 60
13	11	0.2	1	0 11
14	4	0.1	1	0 4
30	1	0.0	3	0 0 0 1
101	10	0.0	3	0 0 1 9


=== First read: Adapter PrefixPE/2 ===

Sequence: GTGACTGGAGTTCAGACGTGTGCTCTTCCGATCT; Type: regular 3'; Length: 34; Trimmed: 269819 times

No. of allowed errors:
0-9 bp: 0; 10-19 bp: 1; 20-29 bp: 2; 30-34 bp: 3

Bases preceding removed adapters:
  A: 24.9%
  C: 17.8%
  G: 26.4%
  T: 30.8%
  none/other: 0.0%

Overview of removed sequences
length	count	expect	max.err	error counts
3	210884	232797.0	0	210884
4	48130	58199.2	0	48130
5	7678	14549.8	0	7678
6	1911	3637.5	0	1911
7	505	909.4	0	505
8	50	227.3	0	50
9	282	56.8	0	14 268
10	275	14.2	1	4 271
11	86	3.6	1	3 83
12	13	0.9	1	0 13
13	5	0.2	1	0 5


=== Second read: Adapter PrefixPE/1 ===

Sequence: TACACTCTTTCCCTACACGACGCTCTTCCGATCT; Type: regular 3'; Length: 34; Trimmed: 286965 times

No. of allowed errors:
0-9 bp: 0; 10-19 bp: 1; 20-29 bp: 2; 30-34 bp: 3

Bases preceding removed adapters:
  A: 26.4%
  C: 21.7%
  G: 23.5%
  T: 28.4%
  none/other: 0.0%

Overview of removed sequences
length	count	expect	max.err	error counts
3	195219	232797.0	0	195219
4	70175	58199.2	0	70175
5	15853	14549.8	0	15853
6	3080	3637.5	0	3080
7	644	909.4	0	644
8	140	227.3	0	140
9	616	56.8	0	29 587
10	902	14.2	1	14 888
11	250	3.6	1	1 249
12	76	0.9	1	0 76
13	6	0.2	1	0 6
14	4	0.1	1	0 4


=== Second read: Adapter PrefixPE/2 ===

Sequence: GTGACTGGAGTTCAGACGTGTGCTCTTCCGATCT; Type: regular 3'; Length: 34; Trimmed: 279910 times

No. of allowed errors:
0-9 bp: 0; 10-19 bp: 1; 20-29 bp: 2; 30-34 bp: 3

Bases preceding removed adapters:
  A: 24.1%
  C: 20.8%
  G: 25.4%
  T: 29.7%
  none/other: 0.0%

Overview of removed sequences
length	count	expect	max.err	error counts
3	221232	232797.0	0	221232
4	47833	58199.2	0	47833
5	7619	14549.8	0	7619
6	2005	3637.5	0	2005
7	506	909.4	0	506
8	64	227.3	0	64
9	243	56.8	0	23 220
10	268	14.2	1	5 263
11	103	3.6	1	0 103
12	6	0.9	1	0 6
13	10	0.2	1	0 10
30	1	0.0	3	0 0 1
36	1	0.0	3	0 0 0 1
39	1	0.0	3	0 0 0 1
45	1	0.0	3	0 1
49	1	0.0	3	0 0 0 1
52	1	0.0	3	0 1
86	4	0.0	3	0 0 2 2
95	11	0.0	3	0 7 4
