This is cutadapt 2.9 with Python 3.6.6
Command line parameters: --interleaved -a file:/nas02/apps/trimmomatic-0.36/Trimmomatic-0.36/adapters/TruSeq3-PE.fa -A file:/nas02/apps/trimmomatic-0.36/Trimmomatic-0.36/adapters/TruSeq3-PE.fa -m 30 /nas/longleaf/home/zpopkinh/Pvivax_resources/wgs_pe_improved_global/fastq/SRS1885925/SRR5136535_1.fastq.gz /nas/longleaf/home/zpopkinh/Pvivax_resources/wgs_pe_improved_global/fastq/SRS1885925/SRR5136535_2.fastq.gz
Processing reads on 1 core in paired-end mode ...
Finished in 357.42 s (75 us/read; 0.80 M reads/minute).

=== Summary ===

Total read pairs processed:          4,778,333
  Read 1 with adapter:                 237,616 (5.0%)
  Read 2 with adapter:                 235,425 (4.9%)
Pairs written (passing filters):     4,778,333 (100.0%)

Total basepairs processed:   955,666,600 bp
  Read 1:   477,833,300 bp
  Read 2:   477,833,300 bp
Total written (filtered):    954,010,311 bp (99.8%)
  Read 1:   476,990,819 bp
  Read 2:   477,019,492 bp

=== First read: Adapter PrefixPE/1 ===

Sequence: TACACTCTTTCCCTACACGACGCTCTTCCGATCT; Type: regular 3'; Length: 34; Trimmed: 163645 times

No. of allowed errors:
0-9 bp: 0; 10-19 bp: 1; 20-29 bp: 2; 30-34 bp: 3

Bases preceding removed adapters:
  A: 45.7%
  C: 34.7%
  G: 10.3%
  T: 9.3%
  none/other: 0.0%

Overview of removed sequences
length	count	expect	max.err	error counts
3	83714	74661.5	0	83714
4	54407	18665.4	0	54407
5	24176	4666.3	0	24176
6	708	1166.6	0	708
7	150	291.6	0	150
8	51	72.9	0	51
9	198	18.2	0	11 187
10	143	4.6	1	4 139
11	73	1.1	1	0 73
12	18	0.3	1	0 18
13	7	0.1	1	0 7


=== First read: Adapter PrefixPE/2 ===

Sequence: GTGACTGGAGTTCAGACGTGTGCTCTTCCGATCT; Type: regular 3'; Length: 34; Trimmed: 73971 times

No. of allowed errors:
0-9 bp: 0; 10-19 bp: 1; 20-29 bp: 2; 30-34 bp: 3

Bases preceding removed adapters:
  A: 23.0%
  C: 19.5%
  G: 29.5%
  T: 28.1%
  none/other: 0.0%

Overview of removed sequences
length	count	expect	max.err	error counts
3	57922	74661.5	0	57922
4	12998	18665.4	0	12998
5	2146	4666.3	0	2146
6	521	1166.6	0	521
7	184	291.6	0	184
8	16	72.9	0	16
9	100	18.2	0	4 96
10	55	4.6	1	2 53
11	25	1.1	1	0 25
12	4	0.3	1	0 4


=== Second read: Adapter PrefixPE/1 ===

Sequence: TACACTCTTTCCCTACACGACGCTCTTCCGATCT; Type: regular 3'; Length: 34; Trimmed: 121608 times

No. of allowed errors:
0-9 bp: 0; 10-19 bp: 1; 20-29 bp: 2; 30-34 bp: 3

Bases preceding removed adapters:
  A: 61.3%
  C: 12.5%
  G: 13.9%
  T: 12.3%
  none/other: 0.0%

Overview of removed sequences
length	count	expect	max.err	error counts
3	62999	74661.5	0	62999
4	33518	18665.4	0	33518
5	23792	4666.3	0	23792
6	718	1166.6	0	718
7	160	291.6	0	160
8	34	72.9	0	34
9	179	18.2	0	12 167
10	121	4.6	1	5 116
11	68	1.1	1	1 67
12	12	0.3	1	0 12
13	7	0.1	1	0 7


=== Second read: Adapter PrefixPE/2 ===

Sequence: GTGACTGGAGTTCAGACGTGTGCTCTTCCGATCT; Type: regular 3'; Length: 34; Trimmed: 113817 times

No. of allowed errors:
0-9 bp: 0; 10-19 bp: 1; 20-29 bp: 2; 30-34 bp: 3

Bases preceding removed adapters:
  A: 14.7%
  C: 13.1%
  G: 53.7%
  T: 18.5%
  none/other: 0.0%

Overview of removed sequences
length	count	expect	max.err	error counts
3	97785	74661.5	0	97785
4	12971	18665.4	0	12971
5	2165	4666.3	0	2165
6	539	1166.6	0	539
7	175	291.6	0	175
8	10	72.9	0	10
9	89	18.2	0	5 84
10	53	4.6	1	1 52
11	23	1.1	1	0 23
12	3	0.3	1	0 3
13	4	0.1	1	0 4
