This is cutadapt 2.9 with Python 3.6.6
Command line parameters: --interleaved -a file:/nas02/apps/trimmomatic-0.36/Trimmomatic-0.36/adapters/TruSeq3-PE.fa -A file:/nas02/apps/trimmomatic-0.36/Trimmomatic-0.36/adapters/TruSeq3-PE.fa -m 30 /nas/longleaf/home/zpopkinh/Pvivax_resources/wgs_pe_improved_global/fastq/ERR5740847/ERR5740847_1.fastq.gz /nas/longleaf/home/zpopkinh/Pvivax_resources/wgs_pe_improved_global/fastq/ERR5740847/ERR5740847_2.fastq.gz
Processing reads on 1 core in paired-end mode ...
Finished in 425.52 s (133 us/read; 0.45 M reads/minute).

=== Summary ===

Total read pairs processed:          3,207,148
  Read 1 with adapter:                 116,773 (3.6%)
  Read 2 with adapter:                 115,505 (3.6%)
Pairs written (passing filters):     3,207,147 (100.0%)

Total basepairs processed:   968,558,696 bp
  Read 1:   484,279,348 bp
  Read 2:   484,279,348 bp
Total written (filtered):    967,770,464 bp (99.9%)
  Read 1:   483,882,815 bp
  Read 2:   483,887,649 bp

=== First read: Adapter PrefixPE/1 ===

Sequence: TACACTCTTTCCCTACACGACGCTCTTCCGATCT; Type: regular 3'; Length: 34; Trimmed: 53290 times

No. of allowed errors:
0-9 bp: 0; 10-19 bp: 1; 20-29 bp: 2; 30-34 bp: 3

Bases preceding removed adapters:
  A: 27.6%
  C: 23.3%
  G: 20.3%
  T: 28.8%
  none/other: 0.0%

Overview of removed sequences
length	count	expect	max.err	error counts
3	35513	50111.7	0	35513
4	13822	12527.9	0	13822
5	2651	3132.0	0	2651
6	655	783.0	0	655
7	126	195.7	0	126
8	44	48.9	0	44
9	144	12.2	0	10 134
10	237	3.1	1	3 234
11	77	0.8	1	4 73
12	10	0.2	1	0 10
13	5	0.0	1	0 5
14	3	0.0	1	0 3
44	1	0.0	3	0 0 0 1
97	1	0.0	3	0 1
103	1	0.0	3	0 0 0 1


=== First read: Adapter PrefixPE/2 ===

Sequence: GTGACTGGAGTTCAGACGTGTGCTCTTCCGATCT; Type: regular 3'; Length: 34; Trimmed: 63483 times

No. of allowed errors:
0-9 bp: 0; 10-19 bp: 1; 20-29 bp: 2; 30-34 bp: 3

Bases preceding removed adapters:
  A: 28.0%
  C: 11.9%
  G: 26.1%
  T: 34.0%
  none/other: 0.0%

Overview of removed sequences
length	count	expect	max.err	error counts
3	48124	50111.7	0	48124
4	12268	12527.9	0	12268
5	2037	3132.0	0	2037
6	588	783.0	0	588
7	176	195.7	0	176
8	40	48.9	0	40
9	116	12.2	0	9 107
10	88	3.1	1	0 88
11	38	0.8	1	1 37
12	6	0.2	1	0 6
13	1	0.0	1	0 1
16	1	0.0	1	0 1


=== Second read: Adapter PrefixPE/1 ===

Sequence: TACACTCTTTCCCTACACGACGCTCTTCCGATCT; Type: regular 3'; Length: 34; Trimmed: 52924 times

No. of allowed errors:
0-9 bp: 0; 10-19 bp: 1; 20-29 bp: 2; 30-34 bp: 3

Bases preceding removed adapters:
  A: 28.3%
  C: 24.0%
  G: 20.4%
  T: 27.3%
  none/other: 0.0%

Overview of removed sequences
length	count	expect	max.err	error counts
3	35020	50111.7	0	35020
4	13853	12527.9	0	13853
5	2738	3132.0	0	2738
6	677	783.0	0	677
7	129	195.7	0	129
8	36	48.9	0	36
9	166	12.2	0	15 151
10	212	3.1	1	3 209
11	66	0.8	1	1 65
12	17	0.2	1	0 17
13	5	0.0	1	0 5
14	2	0.0	1	0 2
15	1	0.0	1	0 1
36	1	0.0	3	0 0 1
151	1	0.0	3	0 0 0 1


=== Second read: Adapter PrefixPE/2 ===

Sequence: GTGACTGGAGTTCAGACGTGTGCTCTTCCGATCT; Type: regular 3'; Length: 34; Trimmed: 62581 times

No. of allowed errors:
0-9 bp: 0; 10-19 bp: 1; 20-29 bp: 2; 30-34 bp: 3

Bases preceding removed adapters:
  A: 27.5%
  C: 13.0%
  G: 26.4%
  T: 33.1%
  none/other: 0.0%

Overview of removed sequences
length	count	expect	max.err	error counts
3	48064	50111.7	0	48064
4	11511	12527.9	0	11511
5	2024	3132.0	0	2024
6	564	783.0	0	564
7	143	195.7	0	143
8	43	48.9	0	43
9	96	12.2	0	8 88
10	86	3.1	1	4 82
11	35	0.8	1	0 35
12	11	0.2	1	1 10
13	3	0.0	1	0 3
80	1	0.0	3	0 1
