This is cutadapt 2.9 with Python 3.6.6
Command line parameters: --interleaved -a file:/nas02/apps/trimmomatic-0.36/Trimmomatic-0.36/adapters/TruSeq3-PE.fa -A file:/nas02/apps/trimmomatic-0.36/Trimmomatic-0.36/adapters/TruSeq3-PE.fa -m 30 /nas/longleaf/home/zpopkinh/Pvivax_resources/wgs_pe_improved_global/fastq/ERS017708/ERR034096_1.fastq.gz /nas/longleaf/home/zpopkinh/Pvivax_resources/wgs_pe_improved_global/fastq/ERS017708/ERR034096_2.fastq.gz
Processing reads on 1 core in paired-end mode ...
Finished in 2248.83 s (84 us/read; 0.72 M reads/minute).

=== Summary ===

Total read pairs processed:         26,911,430
  Read 1 with adapter:                 975,999 (3.6%)
  Read 2 with adapter:                 956,857 (3.6%)
Pairs written (passing filters):    26,911,399 (100.0%)

Total basepairs processed: 4,090,537,360 bp
  Read 1: 2,045,268,680 bp
  Read 2: 2,045,268,680 bp
Total written (filtered):  4,083,999,470 bp (99.8%)
  Read 1: 2,041,963,682 bp
  Read 2: 2,042,035,788 bp

=== First read: Adapter PrefixPE/1 ===

Sequence: TACACTCTTTCCCTACACGACGCTCTTCCGATCT; Type: regular 3'; Length: 34; Trimmed: 533185 times

No. of allowed errors:
0-9 bp: 0; 10-19 bp: 1; 20-29 bp: 2; 30-34 bp: 3

Bases preceding removed adapters:
  A: 29.5%
  C: 18.3%
  G: 22.9%
  T: 29.3%
  none/other: 0.0%

Overview of removed sequences
length	count	expect	max.err	error counts
3	353864	420491.1	0	353864
4	138636	105122.8	0	138636
5	28747	26280.7	0	28747
6	6237	6570.2	0	6237
7	1265	1642.5	0	1265
8	276	410.6	0	276
9	1547	102.7	0	120 1427
10	1763	25.7	1	60 1703
11	625	6.4	1	9 616
12	128	1.6	1	2 126
13	40	0.4	1	1 39
14	12	0.1	1	3 9
15	4	0.0	1	0 4
16	1	0.0	1	0 1
18	1	0.0	1	0 1
19	1	0.0	1	0 1
21	1	0.0	2	1
23	1	0.0	2	1
26	1	0.0	2	0 0 1
28	2	0.0	2	0 1 1
31	1	0.0	3	0 0 0 1
37	1	0.0	3	0 0 1
71	31	0.0	3	6 12 5 8


=== First read: Adapter PrefixPE/2 ===

Sequence: GTGACTGGAGTTCAGACGTGTGCTCTTCCGATCT; Type: regular 3'; Length: 34; Trimmed: 442814 times

No. of allowed errors:
0-9 bp: 0; 10-19 bp: 1; 20-29 bp: 2; 30-34 bp: 3

Bases preceding removed adapters:
  A: 24.3%
  C: 17.9%
  G: 24.9%
  T: 32.9%
  none/other: 0.0%

Overview of removed sequences
length	count	expect	max.err	error counts
3	344431	420491.1	0	344431
4	81463	105122.8	0	81463
5	12201	26280.7	0	12201
6	2882	6570.2	0	2882
7	674	1642.5	0	674
8	125	410.6	0	125
9	463	102.7	0	26 437
10	381	25.7	1	11 370
11	150	6.4	1	2 148
12	32	1.6	1	0 32
13	12	0.4	1	0 12


=== Second read: Adapter PrefixPE/1 ===

Sequence: TACACTCTTTCCCTACACGACGCTCTTCCGATCT; Type: regular 3'; Length: 34; Trimmed: 524019 times

No. of allowed errors:
0-9 bp: 0; 10-19 bp: 1; 20-29 bp: 2; 30-34 bp: 3

Bases preceding removed adapters:
  A: 29.7%
  C: 18.9%
  G: 22.0%
  T: 29.4%
  none/other: 0.0%

Overview of removed sequences
length	count	expect	max.err	error counts
3	348797	420491.1	0	348797
4	134826	105122.8	0	134826
5	28817	26280.7	0	28817
6	5972	6570.2	0	5972
7	1221	1642.5	0	1221
8	268	410.6	0	268
9	1593	102.7	0	118 1475
10	1781	25.7	1	53 1728
11	580	6.4	1	6 574
12	117	1.6	1	2 115
13	40	0.4	1	2 38
14	7	0.1	1	0 7


=== Second read: Adapter PrefixPE/2 ===

Sequence: GTGACTGGAGTTCAGACGTGTGCTCTTCCGATCT; Type: regular 3'; Length: 34; Trimmed: 432838 times

No. of allowed errors:
0-9 bp: 0; 10-19 bp: 1; 20-29 bp: 2; 30-34 bp: 3

Bases preceding removed adapters:
  A: 25.4%
  C: 21.2%
  G: 22.8%
  T: 30.6%
  none/other: 0.0%

Overview of removed sequences
length	count	expect	max.err	error counts
3	342403	420491.1	0	342403
4	74397	105122.8	0	74397
5	11765	26280.7	0	11765
6	2586	6570.2	0	2586
7	655	1642.5	0	655
8	81	410.6	0	81
9	416	102.7	0	30 386
10	366	25.7	1	7 359
11	127	6.4	1	0 127
12	34	1.6	1	0 34
13	8	0.4	1	0 8
