This is cutadapt 2.9 with Python 3.6.6
Command line parameters: --interleaved -a file:/nas02/apps/trimmomatic-0.36/Trimmomatic-0.36/adapters/TruSeq3-PE.fa -A file:/nas02/apps/trimmomatic-0.36/Trimmomatic-0.36/adapters/TruSeq3-PE.fa -m 30 /nas/longleaf/home/zpopkinh/Pvivax_resources/wgs_pe_improved_global/fastq/ERS338617/ERR386544_1.fastq.gz /nas/longleaf/home/zpopkinh/Pvivax_resources/wgs_pe_improved_global/fastq/ERS338617/ERR386544_2.fastq.gz
Processing reads on 1 core in paired-end mode ...
Finished in 143.67 s (108 us/read; 0.56 M reads/minute).

=== Summary ===

Total read pairs processed:          1,329,255
  Read 1 with adapter:                  47,756 (3.6%)
  Read 2 with adapter:                  46,738 (3.5%)
Pairs written (passing filters):     1,329,254 (100.0%)

Total basepairs processed:   265,851,000 bp
  Read 1:   132,925,500 bp
  Read 2:   132,925,500 bp
Total written (filtered):    265,527,662 bp (99.9%)
  Read 1:   132,762,141 bp
  Read 2:   132,765,521 bp

=== First read: Adapter PrefixPE/1 ===

Sequence: TACACTCTTTCCCTACACGACGCTCTTCCGATCT; Type: regular 3'; Length: 34; Trimmed: 25003 times

No. of allowed errors:
0-9 bp: 0; 10-19 bp: 1; 20-29 bp: 2; 30-34 bp: 3

Bases preceding removed adapters:
  A: 29.4%
  C: 18.9%
  G: 23.1%
  T: 28.6%
  none/other: 0.0%

Overview of removed sequences
length	count	expect	max.err	error counts
3	16311	20769.6	0	16311
4	6617	5192.4	0	6617
5	1268	1298.1	0	1268
6	321	324.5	0	321
7	108	81.1	0	108
8	11	20.3	0	11
9	50	5.1	0	3 47
10	270	1.3	1	8 262
11	38	0.3	1	0 38
12	3	0.1	1	0 3
13	4	0.0	1	0 4
14	1	0.0	1	0 1
100	1	0.0	3	0 0 0 1


=== First read: Adapter PrefixPE/2 ===

Sequence: GTGACTGGAGTTCAGACGTGTGCTCTTCCGATCT; Type: regular 3'; Length: 34; Trimmed: 22753 times

No. of allowed errors:
0-9 bp: 0; 10-19 bp: 1; 20-29 bp: 2; 30-34 bp: 3

Bases preceding removed adapters:
  A: 28.8%
  C: 13.2%
  G: 22.1%
  T: 35.8%
  none/other: 0.0%

Overview of removed sequences
length	count	expect	max.err	error counts
3	17652	20769.6	0	17652
4	4142	5192.4	0	4142
5	635	1298.1	0	635
6	176	324.5	0	176
7	35	81.1	0	35
8	8	20.3	0	8
9	50	5.1	0	4 46
10	45	1.3	1	1 44
11	7	0.3	1	0 7
12	2	0.1	1	0 2
13	1	0.0	1	0 1


=== Second read: Adapter PrefixPE/1 ===

Sequence: TACACTCTTTCCCTACACGACGCTCTTCCGATCT; Type: regular 3'; Length: 34; Trimmed: 24368 times

No. of allowed errors:
0-9 bp: 0; 10-19 bp: 1; 20-29 bp: 2; 30-34 bp: 3

Bases preceding removed adapters:
  A: 29.2%
  C: 18.8%
  G: 23.1%
  T: 28.9%
  none/other: 0.0%

Overview of removed sequences
length	count	expect	max.err	error counts
3	15863	20769.6	0	15863
4	6379	5192.4	0	6379
5	1284	1298.1	0	1284
6	302	324.5	0	302
7	127	81.1	0	127
8	16	20.3	0	16
9	58	5.1	0	11 47
10	281	1.3	1	2 279
11	49	0.3	1	0 49
12	9	0.1	1	0 9


=== Second read: Adapter PrefixPE/2 ===

Sequence: GTGACTGGAGTTCAGACGTGTGCTCTTCCGATCT; Type: regular 3'; Length: 34; Trimmed: 22370 times

No. of allowed errors:
0-9 bp: 0; 10-19 bp: 1; 20-29 bp: 2; 30-34 bp: 3

Bases preceding removed adapters:
  A: 28.1%
  C: 13.7%
  G: 22.2%
  T: 36.0%
  none/other: 0.0%

Overview of removed sequences
length	count	expect	max.err	error counts
3	17573	20769.6	0	17573
4	3915	5192.4	0	3915
5	552	1298.1	0	552
6	188	324.5	0	188
7	34	81.1	0	34
8	6	20.3	0	6
9	51	5.1	0	1 50
10	38	1.3	1	2 36
11	5	0.3	1	0 5
12	5	0.1	1	0 5
13	3	0.0	1	0 3
