This is cutadapt 2.9 with Python 3.6.6
Command line parameters: --interleaved -a file:/nas02/apps/trimmomatic-0.36/Trimmomatic-0.36/adapters/TruSeq3-PE.fa -A file:/nas02/apps/trimmomatic-0.36/Trimmomatic-0.36/adapters/TruSeq3-PE.fa -m 30 /nas/longleaf/home/zpopkinh/Pvivax_resources/wgs_pe_improved_global/fastq/SRS693934/SRR1568192_1.fastq.gz /nas/longleaf/home/zpopkinh/Pvivax_resources/wgs_pe_improved_global/fastq/SRS693934/SRR1568192_2.fastq.gz
Processing reads on 1 core in paired-end mode ...
Finished in 2983.22 s (80 us/read; 0.75 M reads/minute).

=== Summary ===

Total read pairs processed:         37,268,669
  Read 1 with adapter:               1,372,234 (3.7%)
  Read 2 with adapter:               1,466,195 (3.9%)
Pairs written (passing filters):    37,268,502 (100.0%)

Total basepairs processed: 7,528,271,138 bp
  Read 1: 3,764,135,569 bp
  Read 2: 3,764,135,569 bp
Total written (filtered):  7,518,811,357 bp (99.9%)
  Read 1: 3,759,538,071 bp
  Read 2: 3,759,273,286 bp

=== First read: Adapter PrefixPE/1 ===

Sequence: TACACTCTTTCCCTACACGACGCTCTTCCGATCT; Type: regular 3'; Length: 34; Trimmed: 577794 times

No. of allowed errors:
0-9 bp: 0; 10-19 bp: 1; 20-29 bp: 2; 30-34 bp: 3

Bases preceding removed adapters:
  A: 30.2%
  C: 27.5%
  G: 20.9%
  T: 21.3%
  none/other: 0.0%

Overview of removed sequences
length	count	expect	max.err	error counts
3	412209	582323.0	0	412209
4	115576	145580.7	0	115576
5	38757	36395.2	0	38757
6	6178	9098.8	0	6178
7	1465	2274.7	0	1465
8	398	568.7	0	398
9	1347	142.2	0	80 1267
10	1200	35.5	1	29 1171
11	498	8.9	1	9 489
12	91	2.2	1	2 89
13	43	0.6	1	0 43
14	16	0.1	1	0 16
18	1	0.0	1	1
48	1	0.0	3	0 0 0 1
101	14	0.0	3	0 0 1 13


=== First read: Adapter PrefixPE/2 ===

Sequence: GTGACTGGAGTTCAGACGTGTGCTCTTCCGATCT; Type: regular 3'; Length: 34; Trimmed: 794440 times

No. of allowed errors:
0-9 bp: 0; 10-19 bp: 1; 20-29 bp: 2; 30-34 bp: 3

Bases preceding removed adapters:
  A: 20.0%
  C: 29.0%
  G: 24.8%
  T: 26.2%
  none/other: 0.0%

Overview of removed sequences
length	count	expect	max.err	error counts
3	616078	582323.0	0	616078
4	145575	145580.7	0	145575
5	27123	36395.2	0	27123
6	3442	9098.8	0	3442
7	893	2274.7	0	893
8	135	568.7	0	135
9	532	142.2	0	14 518
10	382	35.5	1	10 372
11	242	8.9	1	3 239
12	32	2.2	1	0 32
13	5	0.6	1	0 5
15	1	0.0	1	0 1


=== Second read: Adapter PrefixPE/1 ===

Sequence: TACACTCTTTCCCTACACGACGCTCTTCCGATCT; Type: regular 3'; Length: 34; Trimmed: 562508 times

No. of allowed errors:
0-9 bp: 0; 10-19 bp: 1; 20-29 bp: 2; 30-34 bp: 3

Bases preceding removed adapters:
  A: 30.6%
  C: 26.5%
  G: 21.4%
  T: 21.5%
  none/other: 0.0%

Overview of removed sequences
length	count	expect	max.err	error counts
3	402179	582323.0	0	402179
4	114135	145580.7	0	114135
5	35703	36395.2	0	35703
6	5622	9098.8	0	5622
7	1462	2274.7	0	1462
8	355	568.7	0	355
9	1345	142.2	0	93 1252
10	1078	35.5	1	29 1049
11	481	8.9	1	3 478
12	100	2.2	1	0 100
13	25	0.6	1	0 25
14	19	0.1	1	0 19
15	3	0.0	1	0 3
16	1	0.0	1	0 1


=== Second read: Adapter PrefixPE/2 ===

Sequence: GTGACTGGAGTTCAGACGTGTGCTCTTCCGATCT; Type: regular 3'; Length: 34; Trimmed: 903687 times

No. of allowed errors:
0-9 bp: 0; 10-19 bp: 1; 20-29 bp: 2; 30-34 bp: 3

Bases preceding removed adapters:
  A: 19.8%
  C: 35.1%
  G: 22.0%
  T: 23.1%
  none/other: 0.0%

Overview of removed sequences
length	count	expect	max.err	error counts
3	731409	582323.0	0	731409
4	140530	145580.7	0	140530
5	25623	36395.2	0	25623
6	3543	9098.8	0	3543
7	966	2274.7	0	966
8	136	568.7	0	136
9	523	142.2	0	22 501
10	444	35.5	1	13 431
11	308	8.9	1	6 302
12	33	2.2	1	0 33
13	10	0.6	1	2 8
14	1	0.1	1	0 1
20	1	0.0	2	0 0 1
21	1	0.0	2	0 1
22	1	0.0	2	1
40	1	0.0	3	0 0 0 1
49	1	0.0	3	0 0 0 1
51	1	0.0	3	0 0 1
71	2	0.0	3	0 0 0 2
72	10	0.0	3	0 0 2 8
79	1	0.0	3	0 0 1
86	5	0.0	3	0 0 0 5
87	1	0.0	3	0 0 0 1
88	2	0.0	3	0 1 0 1
93	3	0.0	3	0 0 1 2
94	1	0.0	3	0 0 0 1
95	116	0.0	3	0 7 33 76
96	6	0.0	3	0 0 1 5
97	1	0.0	3	0 0 0 1
98	3	0.0	3	0 0 2 1
101	4	0.0	3	0 0 0 4
