This is cutadapt 2.9 with Python 3.6.6
Command line parameters: --interleaved -a file:/nas02/apps/trimmomatic-0.36/Trimmomatic-0.36/adapters/TruSeq3-PE.fa -A file:/nas02/apps/trimmomatic-0.36/Trimmomatic-0.36/adapters/TruSeq3-PE.fa -m 30 /nas/longleaf/home/zpopkinh/Pvivax_resources/wgs_pe_improved_global/fastq/SRS2745937/SRR6361752_1.fastq.gz /nas/longleaf/home/zpopkinh/Pvivax_resources/wgs_pe_improved_global/fastq/SRS2745937/SRR6361752_2.fastq.gz
Processing reads on 1 core in paired-end mode ...
Finished in 4.07 s (100 us/read; 0.60 M reads/minute).

=== Summary ===

Total read pairs processed:             40,766
  Read 1 with adapter:                   1,631 (4.0%)
  Read 2 with adapter:                   2,038 (5.0%)
Pairs written (passing filters):        40,441 (99.2%)

Total basepairs processed:    20,464,532 bp
  Read 1:    10,232,266 bp
  Read 2:    10,232,266 bp
Total written (filtered):     20,289,432 bp (99.1%)
  Read 1:    10,145,284 bp
  Read 2:    10,144,148 bp

=== First read: Adapter PrefixPE/1 ===

Sequence: TACACTCTTTCCCTACACGACGCTCTTCCGATCT; Type: regular 3'; Length: 34; Trimmed: 1401 times

No. of allowed errors:
0-9 bp: 0; 10-19 bp: 1; 20-29 bp: 2; 30-34 bp: 3

Bases preceding removed adapters:
  A: 46.2%
  C: 22.8%
  G: 14.2%
  T: 16.8%
  none/other: 0.0%

Overview of removed sequences
length	count	expect	max.err	error counts
3	584	637.0	0	584
4	535	159.2	0	535
5	50	39.8	0	50
6	27	10.0	0	27
7	3	2.5	0	3
8	1	0.6	0	1
9	5	0.2	0	3 2
10	5	0.0	1	0 5
11	1	0.0	1	0 1
195	1	0.0	3	0 0 0 1
235	2	0.0	3	0 0 0 2
238	65	0.0	3	0 0 6 59
239	105	0.0	3	0 0 10 95
240	9	0.0	3	0 0 0 9
241	3	0.0	3	0 0 0 3
242	1	0.0	3	0 0 0 1
245	1	0.0	3	0 0 1
246	1	0.0	3	0 0 0 1
247	1	0.0	3	0 0 0 1
249	1	0.0	3	0 0 0 1


=== First read: Adapter PrefixPE/2 ===

Sequence: GTGACTGGAGTTCAGACGTGTGCTCTTCCGATCT; Type: regular 3'; Length: 34; Trimmed: 230 times

No. of allowed errors:
0-9 bp: 0; 10-19 bp: 1; 20-29 bp: 2; 30-34 bp: 3

Bases preceding removed adapters:
  A: 40.4%
  C: 11.3%
  G: 11.7%
  T: 36.5%
  none/other: 0.0%

Overview of removed sequences
length	count	expect	max.err	error counts
3	147	637.0	0	147
4	67	159.2	0	67
5	9	39.8	0	9
6	6	10.0	0	6
7	1	2.5	0	1


=== Second read: Adapter PrefixPE/1 ===

Sequence: TACACTCTTTCCCTACACGACGCTCTTCCGATCT; Type: regular 3'; Length: 34; Trimmed: 1393 times

No. of allowed errors:
0-9 bp: 0; 10-19 bp: 1; 20-29 bp: 2; 30-34 bp: 3

Bases preceding removed adapters:
  A: 56.2%
  C: 20.1%
  G: 13.6%
  T: 10.1%
  none/other: 0.0%

Overview of removed sequences
length	count	expect	max.err	error counts
3	879	637.0	0	879
4	329	159.2	0	329
5	167	39.8	0	167
6	11	10.0	0	11
7	5	2.5	0	5
10	1	0.0	1	0 1
12	1	0.0	1	0 1


=== Second read: Adapter PrefixPE/2 ===

Sequence: GTGACTGGAGTTCAGACGTGTGCTCTTCCGATCT; Type: regular 3'; Length: 34; Trimmed: 645 times

No. of allowed errors:
0-9 bp: 0; 10-19 bp: 1; 20-29 bp: 2; 30-34 bp: 3

Bases preceding removed adapters:
  A: 42.9%
  C: 14.7%
  G: 12.2%
  T: 30.1%
  none/other: 0.0%

Overview of removed sequences
length	count	expect	max.err	error counts
3	409	637.0	0	409
4	75	159.2	0	75
5	17	39.8	0	17
6	1	10.0	0	1
7	3	2.5	0	3
9	2	0.2	0	0 2
10	1	0.0	1	0 1
228	2	0.0	3	0 1 1
229	4	0.0	3	0 0 4
230	10	0.0	3	0 0 8 2
231	3	0.0	3	0 0 3
232	8	0.0	3	0 0 3 5
233	7	0.0	3	0 1 5 1
234	24	0.0	3	0 1 15 8
235	10	0.0	3	0 0 10
236	25	0.0	3	0 1 18 6
237	16	0.0	3	0 2 9 5
238	18	0.0	3	0 0 7 11
239	4	0.0	3	0 0 1 3
240	2	0.0	3	0 1 1
241	1	0.0	3	0 0 1
242	2	0.0	3	0 0 1 1
247	1	0.0	3	0 1
