This is cutadapt 2.9 with Python 3.6.6
Command line parameters: --interleaved -a file:/nas02/apps/trimmomatic-0.36/Trimmomatic-0.36/adapters/TruSeq3-PE.fa -A file:/nas02/apps/trimmomatic-0.36/Trimmomatic-0.36/adapters/TruSeq3-PE.fa -m 30 /nas/longleaf/home/zpopkinh/Pvivax_resources/wgs_pe_improved_global/fastq/SRS819479/SRR1759139_1.fastq.gz /nas/longleaf/home/zpopkinh/Pvivax_resources/wgs_pe_improved_global/fastq/SRS819479/SRR1759139_2.fastq.gz
Processing reads on 1 core in paired-end mode ...
Finished in 2549.73 s (98 us/read; 0.62 M reads/minute).

=== Summary ===

Total read pairs processed:         26,148,922
  Read 1 with adapter:                 933,808 (3.6%)
  Read 2 with adapter:               1,006,506 (3.8%)
Pairs written (passing filters):    26,148,922 (100.0%)

Total basepairs processed: 5,282,082,244 bp
  Read 1: 2,641,041,122 bp
  Read 2: 2,641,041,122 bp
Total written (filtered):  5,275,524,250 bp (99.9%)
  Read 1: 2,637,871,127 bp
  Read 2: 2,637,653,123 bp

=== First read: Adapter PrefixPE/1 ===

Sequence: TACACTCTTTCCCTACACGACGCTCTTCCGATCT; Type: regular 3'; Length: 34; Trimmed: 393411 times

No. of allowed errors:
0-9 bp: 0; 10-19 bp: 1; 20-29 bp: 2; 30-34 bp: 3

Bases preceding removed adapters:
  A: 30.2%
  C: 23.6%
  G: 15.9%
  T: 30.4%
  none/other: 0.0%

Overview of removed sequences
length	count	expect	max.err	error counts
3	256063	408576.9	0	256063
4	108104	102144.2	0	108104
5	19456	25536.1	0	19456
6	4650	6384.0	0	4650
7	1199	1596.0	0	1199
8	316	399.0	0	316
9	1138	99.8	0	101 1037
10	1700	24.9	1	32 1668
11	595	6.2	1	5 590
12	139	1.6	1	3 136
13	29	0.4	1	3 26
14	14	0.1	1	0 14
15	4	0.0	1	0 4
17	1	0.0	1	1
30	1	0.0	3	0 1
45	1	0.0	3	0 0 1
53	1	0.0	3	0 0 0 1


=== First read: Adapter PrefixPE/2 ===

Sequence: GTGACTGGAGTTCAGACGTGTGCTCTTCCGATCT; Type: regular 3'; Length: 34; Trimmed: 540397 times

No. of allowed errors:
0-9 bp: 0; 10-19 bp: 1; 20-29 bp: 2; 30-34 bp: 3

Bases preceding removed adapters:
  A: 28.9%
  C: 6.8%
  G: 24.9%
  T: 39.4%
  none/other: 0.0%

Overview of removed sequences
length	count	expect	max.err	error counts
3	411796	408576.9	0	411796
4	103171	102144.2	0	103171
5	16117	25536.1	0	16117
6	4867	6384.0	0	4867
7	1488	1596.0	0	1488
8	409	399.0	0	409
9	894	99.8	0	136 758
10	1077	24.9	1	28 1049
11	416	6.2	1	10 406
12	120	1.6	1	0 120
13	20	0.4	1	0 20
14	11	0.1	1	0 11
15	3	0.0	1	0 3
19	6	0.0	1	0 0 6
52	2	0.0	3	0 2


=== Second read: Adapter PrefixPE/1 ===

Sequence: TACACTCTTTCCCTACACGACGCTCTTCCGATCT; Type: regular 3'; Length: 34; Trimmed: 380689 times

No. of allowed errors:
0-9 bp: 0; 10-19 bp: 1; 20-29 bp: 2; 30-34 bp: 3

Bases preceding removed adapters:
  A: 30.1%
  C: 23.4%
  G: 16.2%
  T: 30.3%
  none/other: 0.0%

Overview of removed sequences
length	count	expect	max.err	error counts
3	246862	408576.9	0	246862
4	105600	102144.2	0	105600
5	18666	25536.1	0	18666
6	4671	6384.0	0	4671
7	1053	1596.0	0	1053
8	337	399.0	0	337
9	1053	99.8	0	97 956
10	1695	24.9	1	41 1654
11	581	6.2	1	20 561
12	94	1.6	1	4 90
13	70	0.4	1	0 70
14	5	0.1	1	0 5
16	2	0.0	1	0 2


=== Second read: Adapter PrefixPE/2 ===

Sequence: GTGACTGGAGTTCAGACGTGTGCTCTTCCGATCT; Type: regular 3'; Length: 34; Trimmed: 625817 times

No. of allowed errors:
0-9 bp: 0; 10-19 bp: 1; 20-29 bp: 2; 30-34 bp: 3

Bases preceding removed adapters:
  A: 27.7%
  C: 13.9%
  G: 23.0%
  T: 35.5%
  none/other: 0.0%

Overview of removed sequences
length	count	expect	max.err	error counts
3	492699	408576.9	0	492699
4	107221	102144.2	0	107221
5	16425	25536.1	0	16425
6	4987	6384.0	0	4987
7	1555	1596.0	0	1555
8	288	399.0	0	288
9	938	99.8	0	97 841
10	1155	24.9	1	46 1109
11	384	6.2	1	8 376
12	124	1.6	1	0 124
13	19	0.4	1	0 19
14	16	0.1	1	0 16
29	1	0.0	2	0 1
34	2	0.0	3	0 2
38	1	0.0	3	0 0 1
46	1	0.0	3	0 0 1
59	1	0.0	3	0 0 1
