This is cutadapt 2.9 with Python 3.6.6
Command line parameters: --interleaved -a file:/nas02/apps/trimmomatic-0.36/Trimmomatic-0.36/adapters/TruSeq3-PE.fa -A file:/nas02/apps/trimmomatic-0.36/Trimmomatic-0.36/adapters/TruSeq3-PE.fa -m 30 /nas/longleaf/home/zpopkinh/Pvivax_resources/wgs_pe_improved_global/fastq/SRS693345/SRR1568175_1.fastq.gz /nas/longleaf/home/zpopkinh/Pvivax_resources/wgs_pe_improved_global/fastq/SRS693345/SRR1568175_2.fastq.gz
Processing reads on 1 core in paired-end mode ...
Finished in 312.85 s (71 us/read; 0.85 M reads/minute).

=== Summary ===

Total read pairs processed:          4,436,191
  Read 1 with adapter:                 158,016 (3.6%)
  Read 2 with adapter:                 164,584 (3.7%)
Pairs written (passing filters):     4,436,191 (100.0%)

Total basepairs processed:   896,110,582 bp
  Read 1:   448,055,291 bp
  Read 2:   448,055,291 bp
Total written (filtered):    895,015,716 bp (99.9%)
  Read 1:   447,518,612 bp
  Read 2:   447,497,104 bp

=== First read: Adapter PrefixPE/1 ===

Sequence: TACACTCTTTCCCTACACGACGCTCTTCCGATCT; Type: regular 3'; Length: 34; Trimmed: 76125 times

No. of allowed errors:
0-9 bp: 0; 10-19 bp: 1; 20-29 bp: 2; 30-34 bp: 3

Bases preceding removed adapters:
  A: 25.9%
  C: 22.5%
  G: 24.9%
  T: 26.7%
  none/other: 0.0%

Overview of removed sequences
length	count	expect	max.err	error counts
3	51052	69315.5	0	51052
4	18549	17328.9	0	18549
5	4424	4332.2	0	4424
6	831	1083.1	0	831
7	243	270.8	0	243
8	57	67.7	0	57
9	220	16.9	0	29 191
10	576	4.2	1	15 561
11	158	1.1	1	0 158
12	12	0.3	1	0 12
13	1	0.1	1	0 1
14	2	0.0	1	0 2


=== First read: Adapter PrefixPE/2 ===

Sequence: GTGACTGGAGTTCAGACGTGTGCTCTTCCGATCT; Type: regular 3'; Length: 34; Trimmed: 81891 times

No. of allowed errors:
0-9 bp: 0; 10-19 bp: 1; 20-29 bp: 2; 30-34 bp: 3

Bases preceding removed adapters:
  A: 25.0%
  C: 16.8%
  G: 25.6%
  T: 32.6%
  none/other: 0.0%

Overview of removed sequences
length	count	expect	max.err	error counts
3	63493	69315.5	0	63493
4	14720	17328.9	0	14720
5	2460	4332.2	0	2460
6	719	1083.1	0	719
7	135	270.8	0	135
8	5	67.7	0	5
9	196	16.9	0	0 196
10	124	4.2	1	1 123
11	29	1.1	1	0 29
12	10	0.3	1	0 10


=== Second read: Adapter PrefixPE/1 ===

Sequence: TACACTCTTTCCCTACACGACGCTCTTCCGATCT; Type: regular 3'; Length: 34; Trimmed: 77880 times

No. of allowed errors:
0-9 bp: 0; 10-19 bp: 1; 20-29 bp: 2; 30-34 bp: 3

Bases preceding removed adapters:
  A: 26.3%
  C: 22.6%
  G: 24.9%
  T: 26.3%
  none/other: 0.0%

Overview of removed sequences
length	count	expect	max.err	error counts
3	51623	69315.5	0	51623
4	19481	17328.9	0	19481
5	4496	4332.2	0	4496
6	976	1083.1	0	976
7	278	270.8	0	278
8	69	67.7	0	69
9	247	16.9	0	24 223
10	527	4.2	1	34 493
11	166	1.1	1	4 162
12	14	0.3	1	0 14
13	2	0.1	1	0 2
14	1	0.0	1	0 1


=== Second read: Adapter PrefixPE/2 ===

Sequence: GTGACTGGAGTTCAGACGTGTGCTCTTCCGATCT; Type: regular 3'; Length: 34; Trimmed: 86704 times

No. of allowed errors:
0-9 bp: 0; 10-19 bp: 1; 20-29 bp: 2; 30-34 bp: 3

Bases preceding removed adapters:
  A: 25.2%
  C: 20.2%
  G: 24.6%
  T: 29.9%
  none/other: 0.0%

Overview of removed sequences
length	count	expect	max.err	error counts
3	67760	69315.5	0	67760
4	15329	17328.9	0	15329
5	2452	4332.2	0	2452
6	707	1083.1	0	707
7	153	270.8	0	153
8	28	67.7	0	28
9	143	16.9	0	2 141
10	100	4.2	1	0 100
11	31	1.1	1	0 31
12	1	0.3	1	0 1
