This is cutadapt 2.9 with Python 3.6.6
Command line parameters: --interleaved -a file:/nas02/apps/trimmomatic-0.36/Trimmomatic-0.36/adapters/TruSeq3-PE.fa -A file:/nas02/apps/trimmomatic-0.36/Trimmomatic-0.36/adapters/TruSeq3-PE.fa -m 30 /nas/longleaf/home/zpopkinh/Pvivax_resources/wgs_pe_improved_global/fastq/SRS693345/SRR1568168_1.fastq.gz /nas/longleaf/home/zpopkinh/Pvivax_resources/wgs_pe_improved_global/fastq/SRS693345/SRR1568168_2.fastq.gz
Processing reads on 1 core in paired-end mode ...
Finished in 323.85 s (72 us/read; 0.83 M reads/minute).

=== Summary ===

Total read pairs processed:          4,485,527
  Read 1 with adapter:                 162,668 (3.6%)
  Read 2 with adapter:                 167,060 (3.7%)
Pairs written (passing filters):     4,485,527 (100.0%)

Total basepairs processed:   906,076,454 bp
  Read 1:   453,038,227 bp
  Read 2:   453,038,227 bp
Total written (filtered):    904,961,394 bp (99.9%)
  Read 1:   452,489,210 bp
  Read 2:   452,472,184 bp

=== First read: Adapter PrefixPE/1 ===

Sequence: TACACTCTTTCCCTACACGACGCTCTTCCGATCT; Type: regular 3'; Length: 34; Trimmed: 78432 times

No. of allowed errors:
0-9 bp: 0; 10-19 bp: 1; 20-29 bp: 2; 30-34 bp: 3

Bases preceding removed adapters:
  A: 26.1%
  C: 22.5%
  G: 24.4%
  T: 27.0%
  none/other: 0.0%

Overview of removed sequences
length	count	expect	max.err	error counts
3	53154	70086.4	0	53154
4	19184	17521.6	0	19184
5	4215	4380.4	0	4215
6	845	1095.1	0	845
7	318	273.8	0	318
8	42	68.4	0	42
9	161	17.1	0	31 130
10	344	4.3	1	38 306
11	140	1.1	1	0 140
12	22	0.3	1	0 22
13	7	0.1	1	0 7


=== First read: Adapter PrefixPE/2 ===

Sequence: GTGACTGGAGTTCAGACGTGTGCTCTTCCGATCT; Type: regular 3'; Length: 34; Trimmed: 84236 times

No. of allowed errors:
0-9 bp: 0; 10-19 bp: 1; 20-29 bp: 2; 30-34 bp: 3

Bases preceding removed adapters:
  A: 25.0%
  C: 18.4%
  G: 25.3%
  T: 31.3%
  none/other: 0.0%

Overview of removed sequences
length	count	expect	max.err	error counts
3	64996	70086.4	0	64996
4	15867	17521.6	0	15867
5	2475	4380.4	0	2475
6	525	1095.1	0	525
7	111	273.8	0	111
8	15	68.4	0	15
9	83	17.1	0	1 82
10	110	4.3	1	0 110
11	45	1.1	1	0 45
12	9	0.3	1	0 9


=== Second read: Adapter PrefixPE/1 ===

Sequence: TACACTCTTTCCCTACACGACGCTCTTCCGATCT; Type: regular 3'; Length: 34; Trimmed: 79154 times

No. of allowed errors:
0-9 bp: 0; 10-19 bp: 1; 20-29 bp: 2; 30-34 bp: 3

Bases preceding removed adapters:
  A: 25.7%
  C: 22.9%
  G: 25.0%
  T: 26.4%
  none/other: 0.0%

Overview of removed sequences
length	count	expect	max.err	error counts
3	52858	70086.4	0	52858
4	19653	17521.6	0	19653
5	4389	4380.4	0	4389
6	916	1095.1	0	916
7	294	273.8	0	294
8	79	68.4	0	79
9	150	17.1	0	8 142
10	630	4.3	1	45 585
11	165	1.1	1	0 165
12	16	0.3	1	0 16
13	3	0.1	1	0 3
14	1	0.0	1	0 1


=== Second read: Adapter PrefixPE/2 ===

Sequence: GTGACTGGAGTTCAGACGTGTGCTCTTCCGATCT; Type: regular 3'; Length: 34; Trimmed: 87906 times

No. of allowed errors:
0-9 bp: 0; 10-19 bp: 1; 20-29 bp: 2; 30-34 bp: 3

Bases preceding removed adapters:
  A: 23.9%
  C: 20.2%
  G: 25.3%
  T: 30.7%
  none/other: 0.0%

Overview of removed sequences
length	count	expect	max.err	error counts
3	68523	70086.4	0	68523
4	15598	17521.6	0	15598
5	2571	4380.4	0	2571
6	843	1095.1	0	843
7	153	273.8	0	153
8	23	68.4	0	23
9	103	17.1	0	1 102
10	64	4.3	1	1 63
11	17	1.1	1	6 11
12	10	0.3	1	0 10
13	1	0.1	1	0 1
