This is cutadapt 2.9 with Python 3.6.6
Command line parameters: --interleaved -a file:/nas02/apps/trimmomatic-0.36/Trimmomatic-0.36/adapters/TruSeq3-PE.fa -A file:/nas02/apps/trimmomatic-0.36/Trimmomatic-0.36/adapters/TruSeq3-PE.fa -m 30 /nas/longleaf/home/zpopkinh/Pvivax_resources/wgs_pe_improved_global/fastq/SRS693345/SRR1564593_1.fastq.gz /nas/longleaf/home/zpopkinh/Pvivax_resources/wgs_pe_improved_global/fastq/SRS693345/SRR1564593_2.fastq.gz
Processing reads on 1 core in paired-end mode ...
Finished in 0.55 s (48 us/read; 1.24 M reads/minute).

=== Summary ===

Total read pairs processed:             11,414
  Read 1 with adapter:                     362 (3.2%)
  Read 2 with adapter:                     352 (3.1%)
Pairs written (passing filters):        11,414 (100.0%)

Total basepairs processed:     2,305,628 bp
  Read 1:     1,152,814 bp
  Read 2:     1,152,814 bp
Total written (filtered):      2,303,177 bp (99.9%)
  Read 1:     1,151,571 bp
  Read 2:     1,151,606 bp

=== First read: Adapter PrefixPE/1 ===

Sequence: TACACTCTTTCCCTACACGACGCTCTTCCGATCT; Type: regular 3'; Length: 34; Trimmed: 201 times

No. of allowed errors:
0-9 bp: 0; 10-19 bp: 1; 20-29 bp: 2; 30-34 bp: 3

Bases preceding removed adapters:
  A: 32.3%
  C: 24.4%
  G: 18.9%
  T: 24.4%
  none/other: 0.0%

Overview of removed sequences
length	count	expect	max.err	error counts
3	122	178.3	0	122
4	63	44.6	0	63
5	12	11.1	0	12
6	1	2.8	0	1
10	3	0.0	1	0 3


=== First read: Adapter PrefixPE/2 ===

Sequence: GTGACTGGAGTTCAGACGTGTGCTCTTCCGATCT; Type: regular 3'; Length: 34; Trimmed: 161 times

No. of allowed errors:
0-9 bp: 0; 10-19 bp: 1; 20-29 bp: 2; 30-34 bp: 3

Bases preceding removed adapters:
  A: 31.7%
  C: 10.6%
  G: 21.7%
  T: 36.0%
  none/other: 0.0%

Overview of removed sequences
length	count	expect	max.err	error counts
3	121	178.3	0	121
4	35	44.6	0	35
5	4	11.1	0	4
6	1	2.8	0	1


=== Second read: Adapter PrefixPE/1 ===

Sequence: TACACTCTTTCCCTACACGACGCTCTTCCGATCT; Type: regular 3'; Length: 34; Trimmed: 180 times

No. of allowed errors:
0-9 bp: 0; 10-19 bp: 1; 20-29 bp: 2; 30-34 bp: 3

Bases preceding removed adapters:
  A: 32.2%
  C: 27.2%
  G: 15.6%
  T: 25.0%
  none/other: 0.0%

Overview of removed sequences
length	count	expect	max.err	error counts
3	115	178.3	0	115
4	49	44.6	0	49
5	9	11.1	0	9
6	3	2.8	0	3
7	2	0.7	0	2
10	1	0.0	1	0 1
11	1	0.0	1	0 1


=== Second read: Adapter PrefixPE/2 ===

Sequence: GTGACTGGAGTTCAGACGTGTGCTCTTCCGATCT; Type: regular 3'; Length: 34; Trimmed: 172 times

No. of allowed errors:
0-9 bp: 0; 10-19 bp: 1; 20-29 bp: 2; 30-34 bp: 3

Bases preceding removed adapters:
  A: 26.2%
  C: 24.4%
  G: 25.6%
  T: 23.8%
  none/other: 0.0%

Overview of removed sequences
length	count	expect	max.err	error counts
3	132	178.3	0	132
4	31	44.6	0	31
5	5	11.1	0	5
6	4	2.8	0	4
