This is cutadapt 2.9 with Python 3.6.6
Command line parameters: --interleaved -a file:/nas02/apps/trimmomatic-0.36/Trimmomatic-0.36/adapters/TruSeq3-PE.fa -A file:/nas02/apps/trimmomatic-0.36/Trimmomatic-0.36/adapters/TruSeq3-PE.fa -m 30 /nas/longleaf/home/zpopkinh/Pvivax_resources/new_seqs_2021/fastq/MDP3577/MDP3577_1.fastq.gz /nas/longleaf/home/zpopkinh/Pvivax_resources/new_seqs_2021/fastq/MDP3577/MDP3577_2.fastq.gz
Processing reads on 1 core in paired-end mode ...
Finished in 844.89 s (121 us/read; 0.49 M reads/minute).

=== Summary ===

Total read pairs processed:          6,962,835
  Read 1 with adapter:                 216,315 (3.1%)
  Read 2 with adapter:                 273,119 (3.9%)
Pairs written (passing filters):     6,962,834 (100.0%)

Total basepairs processed: 2,088,850,500 bp
  Read 1: 1,044,425,250 bp
  Read 2: 1,044,425,250 bp
Total written (filtered):  2,087,233,758 bp (99.9%)
  Read 1: 1,043,700,615 bp
  Read 2: 1,043,533,143 bp

=== First read: Adapter PrefixPE/1 ===

Sequence: TACACTCTTTCCCTACACGACGCTCTTCCGATCT; Type: regular 3'; Length: 34; Trimmed: 119333 times

No. of allowed errors:
0-9 bp: 0; 10-19 bp: 1; 20-29 bp: 2; 30-34 bp: 3

Bases preceding removed adapters:
  A: 22.4%
  C: 18.5%
  G: 19.7%
  T: 39.4%
  none/other: 0.0%

Overview of removed sequences
length	count	expect	max.err	error counts
3	85313	108794.3	0	85313
4	25866	27198.6	0	25866
5	5850	6799.6	0	5850
6	1167	1699.9	0	1167
7	267	425.0	0	267
8	52	106.2	0	52
9	333	26.6	0	22 311
10	343	6.6	1	10 333
11	103	1.7	1	1 102
12	24	0.4	1	0 24
13	10	0.1	1	0 10
15	1	0.0	1	0 1
72	1	0.0	3	0 0 0 1
114	2	0.0	3	0 1 1
121	1	0.0	3	0 1


=== First read: Adapter PrefixPE/2 ===

Sequence: GTGACTGGAGTTCAGACGTGTGCTCTTCCGATCT; Type: regular 3'; Length: 34; Trimmed: 96982 times

No. of allowed errors:
0-9 bp: 0; 10-19 bp: 1; 20-29 bp: 2; 30-34 bp: 3

Bases preceding removed adapters:
  A: 23.8%
  C: 19.0%
  G: 27.1%
  T: 30.1%
  none/other: 0.0%

Overview of removed sequences
length	count	expect	max.err	error counts
3	75614	108794.3	0	75614
4	17554	27198.6	0	17554
5	2785	6799.6	0	2785
6	606	1699.9	0	606
7	161	425.0	0	161
8	26	106.2	0	26
9	106	26.6	0	4 102
10	95	6.6	1	0 95
11	26	1.7	1	0 26
12	9	0.4	1	0 9


=== Second read: Adapter PrefixPE/1 ===

Sequence: TACACTCTTTCCCTACACGACGCTCTTCCGATCT; Type: regular 3'; Length: 34; Trimmed: 96213 times

No. of allowed errors:
0-9 bp: 0; 10-19 bp: 1; 20-29 bp: 2; 30-34 bp: 3

Bases preceding removed adapters:
  A: 26.7%
  C: 22.3%
  G: 23.9%
  T: 27.1%
  none/other: 0.0%

Overview of removed sequences
length	count	expect	max.err	error counts
3	64219	108794.3	0	64219
4	24194	27198.6	0	24194
5	5517	6799.6	0	5517
6	1142	1699.9	0	1142
7	266	425.0	0	266
8	48	106.2	0	48
9	342	26.6	0	26 316
10	323	6.6	1	4 319
11	125	1.7	1	2 123
12	32	0.4	1	0 32
13	4	0.1	1	0 4
14	1	0.0	1	0 1


=== Second read: Adapter PrefixPE/2 ===

Sequence: GTGACTGGAGTTCAGACGTGTGCTCTTCCGATCT; Type: regular 3'; Length: 34; Trimmed: 176906 times

No. of allowed errors:
0-9 bp: 0; 10-19 bp: 1; 20-29 bp: 2; 30-34 bp: 3

Bases preceding removed adapters:
  A: 24.7%
  C: 33.8%
  G: 24.8%
  T: 16.7%
  none/other: 0.0%

Overview of removed sequences
length	count	expect	max.err	error counts
3	155976	108794.3	0	155976
4	17126	27198.6	0	17126
5	2773	6799.6	0	2773
6	598	1699.9	0	598
7	132	425.0	0	132
8	33	106.2	0	33
9	127	26.6	0	4 123
10	89	6.6	1	1 88
11	38	1.7	1	0 38
12	10	0.4	1	0 10
13	2	0.1	1	0 2
14	1	0.0	1	0 1
24	1	0.0	2	1
