This is cutadapt 2.9 with Python 3.6.6
Command line parameters: --interleaved -a file:/nas02/apps/trimmomatic-0.36/Trimmomatic-0.36/adapters/TruSeq3-PE.fa -A file:/nas02/apps/trimmomatic-0.36/Trimmomatic-0.36/adapters/TruSeq3-PE.fa -m 30 /nas/longleaf/home/zpopkinh/Pvivax_resources/wgs_pe_improved_global/fastq/SRS1061044/SRR2316044_1.fastq.gz /nas/longleaf/home/zpopkinh/Pvivax_resources/wgs_pe_improved_global/fastq/SRS1061044/SRR2316044_2.fastq.gz
Processing reads on 1 core in paired-end mode ...
Finished in 1369.95 s (84 us/read; 0.71 M reads/minute).

=== Summary ===

Total read pairs processed:         16,233,192
  Read 1 with adapter:                 588,614 (3.6%)
  Read 2 with adapter:                 588,281 (3.6%)
Pairs written (passing filters):    16,233,184 (100.0%)

Total basepairs processed: 3,246,638,400 bp
  Read 1: 1,607,086,008 bp
  Read 2: 1,639,552,392 bp
Total written (filtered):  3,242,637,367 bp (99.9%)
  Read 1: 1,605,084,679 bp
  Read 2: 1,637,552,688 bp

=== First read: Adapter PrefixPE/1 ===

Sequence: TACACTCTTTCCCTACACGACGCTCTTCCGATCT; Type: regular 3'; Length: 34; Trimmed: 316966 times

No. of allowed errors:
0-9 bp: 0; 10-19 bp: 1; 20-29 bp: 2; 30-34 bp: 3

Bases preceding removed adapters:
  A: 30.9%
  C: 18.2%
  G: 19.4%
  T: 31.4%
  none/other: 0.0%

Overview of removed sequences
length	count	expect	max.err	error counts
3	209139	253643.6	0	209139
4	85071	63410.9	0	85071
5	15398	15852.7	0	15398
6	3781	3963.2	0	3781
7	708	990.8	0	708
8	203	247.7	0	203
9	975	61.9	0	75 900
10	1204	15.5	1	20 1184
11	387	3.9	1	1 386
12	67	1.0	1	2 65
13	15	0.2	1	0 15
14	8	0.1	1	0 8
15	6	0.0	1	0 6
16	1	0.0	1	0 1
18	1	0.0	1	1
44	1	0.0	3	0 0 0 1
99	1	0.0	3	0 0 1


=== First read: Adapter PrefixPE/2 ===

Sequence: GTGACTGGAGTTCAGACGTGTGCTCTTCCGATCT; Type: regular 3'; Length: 34; Trimmed: 271648 times

No. of allowed errors:
0-9 bp: 0; 10-19 bp: 1; 20-29 bp: 2; 30-34 bp: 3

Bases preceding removed adapters:
  A: 27.3%
  C: 13.2%
  G: 23.7%
  T: 35.7%
  none/other: 0.0%

Overview of removed sequences
length	count	expect	max.err	error counts
3	206298	253643.6	0	206298
4	53312	63410.9	0	53312
5	8244	15852.7	0	8244
6	2281	3963.2	0	2281
7	559	990.8	0	559
8	113	247.7	0	113
9	323	61.9	0	28 295
10	355	15.5	1	10 345
11	114	3.9	1	2 112
12	33	1.0	1	1 32
13	10	0.2	1	0 10
14	2	0.1	1	0 2
15	1	0.0	1	0 1
35	1	0.0	3	0 0 1
49	1	0.0	3	0 0 1
99	1	0.0	3	0 0 0 1


=== Second read: Adapter PrefixPE/1 ===

Sequence: TACACTCTTTCCCTACACGACGCTCTTCCGATCT; Type: regular 3'; Length: 34; Trimmed: 317623 times

No. of allowed errors:
0-9 bp: 0; 10-19 bp: 1; 20-29 bp: 2; 30-34 bp: 3

Bases preceding removed adapters:
  A: 31.0%
  C: 18.2%
  G: 19.5%
  T: 31.3%
  none/other: 0.0%

Overview of removed sequences
length	count	expect	max.err	error counts
3	208704	253643.6	0	208704
4	86297	63410.9	0	86297
5	15315	15852.7	0	15315
6	3797	3963.2	0	3797
7	702	990.8	0	702
8	154	247.7	0	154
9	909	61.9	0	71 838
10	1236	15.5	1	24 1212
11	395	3.9	1	3 392
12	78	1.0	1	1 77
13	22	0.2	1	0 22
14	10	0.1	1	0 10
15	1	0.0	1	0 1
101	3	0.0	3	0 1 1 1


=== Second read: Adapter PrefixPE/2 ===

Sequence: GTGACTGGAGTTCAGACGTGTGCTCTTCCGATCT; Type: regular 3'; Length: 34; Trimmed: 270658 times

No. of allowed errors:
0-9 bp: 0; 10-19 bp: 1; 20-29 bp: 2; 30-34 bp: 3

Bases preceding removed adapters:
  A: 27.4%
  C: 13.2%
  G: 23.7%
  T: 35.7%
  none/other: 0.0%

Overview of removed sequences
length	count	expect	max.err	error counts
3	206096	253643.6	0	206096
4	52867	63410.9	0	52867
5	8062	15852.7	0	8062
6	2181	3963.2	0	2181
7	519	990.8	0	519
8	109	247.7	0	109
9	314	61.9	0	37 277
10	331	15.5	1	5 326
11	128	3.9	1	2 126
12	37	1.0	1	1 36
13	9	0.2	1	0 9
16	1	0.0	1	0 1
52	1	0.0	3	1
74	1	0.0	3	0 0 0 1
88	1	0.0	3	0 0 1
91	1	0.0	3	0 1
