This is cutadapt 2.9 with Python 3.6.6
Command line parameters: --interleaved -a file:/nas02/apps/trimmomatic-0.36/Trimmomatic-0.36/adapters/TruSeq3-PE.fa -A file:/nas02/apps/trimmomatic-0.36/Trimmomatic-0.36/adapters/TruSeq3-PE.fa -m 30 /nas/longleaf/home/zpopkinh/Pvivax_resources/wgs_pe_improved_global/fastq/ERS3516655/ERR3439122_1.fastq.gz /nas/longleaf/home/zpopkinh/Pvivax_resources/wgs_pe_improved_global/fastq/ERS3516655/ERR3439122_2.fastq.gz
Processing reads on 1 core in paired-end mode ...
Finished in 2.44 s (48 us/read; 1.24 M reads/minute).

=== Summary ===

Total read pairs processed:             50,410
  Read 1 with adapter:                   1,154 (2.3%)
  Read 2 with adapter:                   1,113 (2.2%)
Pairs written (passing filters):        50,410 (100.0%)

Total basepairs processed:    15,123,000 bp
  Read 1:     7,561,500 bp
  Read 2:     7,561,500 bp
Total written (filtered):     15,115,061 bp (99.9%)
  Read 1:     7,557,538 bp
  Read 2:     7,557,523 bp

=== First read: Adapter PrefixPE/1 ===

Sequence: TACACTCTTTCCCTACACGACGCTCTTCCGATCT; Type: regular 3'; Length: 34; Trimmed: 727 times

No. of allowed errors:
0-9 bp: 0; 10-19 bp: 1; 20-29 bp: 2; 30-34 bp: 3

Bases preceding removed adapters:
  A: 68.1%
  C: 11.8%
  G: 5.9%
  T: 14.2%
  none/other: 0.0%

Overview of removed sequences
length	count	expect	max.err	error counts
3	534	787.7	0	534
4	136	196.9	0	136
5	20	49.2	0	20
6	2	12.3	0	2
7	1	3.1	0	1
9	34	0.2	0	0 34


=== First read: Adapter PrefixPE/2 ===

Sequence: GTGACTGGAGTTCAGACGTGTGCTCTTCCGATCT; Type: regular 3'; Length: 34; Trimmed: 427 times

No. of allowed errors:
0-9 bp: 0; 10-19 bp: 1; 20-29 bp: 2; 30-34 bp: 3

Bases preceding removed adapters:
  A: 9.4%
  C: 6.6%
  G: 38.2%
  T: 45.9%
  none/other: 0.0%

Overview of removed sequences
length	count	expect	max.err	error counts
3	325	787.7	0	325
4	95	196.9	0	95
5	6	49.2	0	6
6	1	12.3	0	1


=== Second read: Adapter PrefixPE/1 ===

Sequence: TACACTCTTTCCCTACACGACGCTCTTCCGATCT; Type: regular 3'; Length: 34; Trimmed: 408 times

No. of allowed errors:
0-9 bp: 0; 10-19 bp: 1; 20-29 bp: 2; 30-34 bp: 3

Bases preceding removed adapters:
  A: 27.2%
  C: 14.0%
  G: 40.7%
  T: 18.1%
  none/other: 0.0%

Overview of removed sequences
length	count	expect	max.err	error counts
3	214	787.7	0	214
4	79	196.9	0	79
5	9	49.2	0	9
6	103	12.3	0	103
7	1	3.1	0	1
9	1	0.2	0	0 1
10	1	0.0	1	0 1


=== Second read: Adapter PrefixPE/2 ===

Sequence: GTGACTGGAGTTCAGACGTGTGCTCTTCCGATCT; Type: regular 3'; Length: 34; Trimmed: 705 times

No. of allowed errors:
0-9 bp: 0; 10-19 bp: 1; 20-29 bp: 2; 30-34 bp: 3

Bases preceding removed adapters:
  A: 13.5%
  C: 16.7%
  G: 36.2%
  T: 33.6%
  none/other: 0.0%

Overview of removed sequences
length	count	expect	max.err	error counts
3	554	787.7	0	554
4	94	196.9	0	94
5	55	49.2	0	55
6	1	12.3	0	1
11	1	0.0	1	0 1
