This is cutadapt 2.9 with Python 3.6.6
Command line parameters: --interleaved -a file:/nas02/apps/trimmomatic-0.36/Trimmomatic-0.36/adapters/TruSeq3-PE.fa -A file:/nas02/apps/trimmomatic-0.36/Trimmomatic-0.36/adapters/TruSeq3-PE.fa -m 30 /nas/longleaf/home/zpopkinh/Pvivax_resources/wgs_pe_improved_global/fastq/ERS403556/ERR527348_1.fastq.gz /nas/longleaf/home/zpopkinh/Pvivax_resources/wgs_pe_improved_global/fastq/ERS403556/ERR527348_2.fastq.gz
Processing reads on 1 core in paired-end mode ...
Finished in 458.47 s (74 us/read; 0.81 M reads/minute).

=== Summary ===

Total read pairs processed:          6,162,621
  Read 1 with adapter:                 228,702 (3.7%)
  Read 2 with adapter:                 225,513 (3.7%)
Pairs written (passing filters):     6,162,620 (100.0%)

Total basepairs processed: 1,232,524,200 bp
  Read 1:   616,262,100 bp
  Read 2:   616,262,100 bp
Total written (filtered):  1,230,986,922 bp (99.9%)
  Read 1:   615,487,801 bp
  Read 2:   615,499,121 bp

=== First read: Adapter PrefixPE/1 ===

Sequence: TACACTCTTTCCCTACACGACGCTCTTCCGATCT; Type: regular 3'; Length: 34; Trimmed: 126129 times

No. of allowed errors:
0-9 bp: 0; 10-19 bp: 1; 20-29 bp: 2; 30-34 bp: 3

Bases preceding removed adapters:
  A: 29.2%
  C: 17.7%
  G: 24.4%
  T: 28.6%
  none/other: 0.0%

Overview of removed sequences
length	count	expect	max.err	error counts
3	83200	96291.0	0	83200
4	33553	24072.7	0	33553
5	6511	6018.2	0	6511
6	1464	1504.5	0	1464
7	326	376.1	0	326
8	86	94.0	0	86
9	328	23.5	0	30 298
10	473	5.9	1	7 466
11	155	1.5	1	0 155
12	25	0.4	1	0 25
13	5	0.1	1	0 5
14	2	0.0	1	0 2
100	1	0.0	3	0 0 1


=== First read: Adapter PrefixPE/2 ===

Sequence: GTGACTGGAGTTCAGACGTGTGCTCTTCCGATCT; Type: regular 3'; Length: 34; Trimmed: 102573 times

No. of allowed errors:
0-9 bp: 0; 10-19 bp: 1; 20-29 bp: 2; 30-34 bp: 3

Bases preceding removed adapters:
  A: 24.8%
  C: 17.2%
  G: 25.0%
  T: 33.0%
  none/other: 0.0%

Overview of removed sequences
length	count	expect	max.err	error counts
3	80162	96291.0	0	80162
4	18573	24072.7	0	18573
5	2734	6018.2	0	2734
6	666	1504.5	0	666
7	148	376.1	0	148
8	20	94.0	0	20
9	106	23.5	0	9 97
10	114	5.9	1	4 110
11	38	1.5	1	0 38
12	10	0.4	1	0 10
13	2	0.1	1	0 2


=== Second read: Adapter PrefixPE/1 ===

Sequence: TACACTCTTTCCCTACACGACGCTCTTCCGATCT; Type: regular 3'; Length: 34; Trimmed: 124226 times

No. of allowed errors:
0-9 bp: 0; 10-19 bp: 1; 20-29 bp: 2; 30-34 bp: 3

Bases preceding removed adapters:
  A: 29.1%
  C: 17.5%
  G: 24.3%
  T: 29.1%
  none/other: 0.0%

Overview of removed sequences
length	count	expect	max.err	error counts
3	82241	96291.0	0	82241
4	32822	24072.7	0	32822
5	6365	6018.2	0	6365
6	1444	1504.5	0	1444
7	296	376.1	0	296
8	76	94.0	0	76
9	350	23.5	0	29 321
10	470	5.9	1	8 462
11	120	1.5	1	0 120
12	30	0.4	1	0 30
13	8	0.1	1	0 8
14	3	0.0	1	0 3
15	1	0.0	1	0 1


=== Second read: Adapter PrefixPE/2 ===

Sequence: GTGACTGGAGTTCAGACGTGTGCTCTTCCGATCT; Type: regular 3'; Length: 34; Trimmed: 101287 times

No. of allowed errors:
0-9 bp: 0; 10-19 bp: 1; 20-29 bp: 2; 30-34 bp: 3

Bases preceding removed adapters:
  A: 24.5%
  C: 17.4%
  G: 24.8%
  T: 33.3%
  none/other: 0.0%

Overview of removed sequences
length	count	expect	max.err	error counts
3	79073	96291.0	0	79073
4	18459	24072.7	0	18459
5	2711	6018.2	0	2711
6	636	1504.5	0	636
7	135	376.1	0	135
8	20	94.0	0	20
9	107	23.5	0	5 102
10	102	5.9	1	0 102
11	37	1.5	1	0 37
12	4	0.4	1	0 4
13	3	0.1	1	0 3
