This is cutadapt 2.9 with Python 3.6.6
Command line parameters: --interleaved -a file:/nas02/apps/trimmomatic-0.36/Trimmomatic-0.36/adapters/TruSeq3-PE.fa -A file:/nas02/apps/trimmomatic-0.36/Trimmomatic-0.36/adapters/TruSeq3-PE.fa -m 30 /nas/longleaf/home/zpopkinh/Pvivax_resources/wgs_pe_improved_global/fastq/SRS2745839/SRR6361516_1.fastq.gz /nas/longleaf/home/zpopkinh/Pvivax_resources/wgs_pe_improved_global/fastq/SRS2745839/SRR6361516_2.fastq.gz
Processing reads on 1 core in paired-end mode ...
Finished in 2602.12 s (117 us/read; 0.51 M reads/minute).

=== Summary ===

Total read pairs processed:         22,332,711
  Read 1 with adapter:                 844,868 (3.8%)
  Read 2 with adapter:                 846,261 (3.8%)
Pairs written (passing filters):    22,332,708 (100.0%)

Total basepairs processed: 4,466,542,200 bp
  Read 1: 2,233,271,100 bp
  Read 2: 2,233,271,100 bp
Total written (filtered):  4,460,740,458 bp (99.9%)
  Read 1: 2,230,369,019 bp
  Read 2: 2,230,371,439 bp

=== First read: Adapter PrefixPE/1 ===

Sequence: TACACTCTTTCCCTACACGACGCTCTTCCGATCT; Type: regular 3'; Length: 34; Trimmed: 508716 times

No. of allowed errors:
0-9 bp: 0; 10-19 bp: 1; 20-29 bp: 2; 30-34 bp: 3

Bases preceding removed adapters:
  A: 41.6%
  C: 14.2%
  G: 20.2%
  T: 24.1%
  none/other: 0.0%

Overview of removed sequences
length	count	expect	max.err	error counts
3	317884	348948.6	0	317884
4	130327	87237.2	0	130327
5	52335	21809.3	0	52335
6	4329	5452.3	0	4329
7	808	1363.1	0	808
8	223	340.8	0	223
9	1182	85.2	0	71 1111
10	1066	21.3	1	24 1042
11	459	5.3	1	3 456
12	73	1.3	1	0 73
13	21	0.3	1	1 20
14	9	0.1	1	0 9


=== First read: Adapter PrefixPE/2 ===

Sequence: GTGACTGGAGTTCAGACGTGTGCTCTTCCGATCT; Type: regular 3'; Length: 34; Trimmed: 336152 times

No. of allowed errors:
0-9 bp: 0; 10-19 bp: 1; 20-29 bp: 2; 30-34 bp: 3

Bases preceding removed adapters:
  A: 24.1%
  C: 18.5%
  G: 26.0%
  T: 31.4%
  none/other: 0.0%

Overview of removed sequences
length	count	expect	max.err	error counts
3	260217	348948.6	0	260217
4	63010	87237.2	0	63010
5	9544	21809.3	0	9544
6	2096	5452.3	0	2096
7	492	1363.1	0	492
8	59	340.8	0	59
9	307	85.2	0	23 284
10	280	21.3	1	7 273
11	123	5.3	1	0 123
12	21	1.3	1	0 21
13	3	0.3	1	0 3


=== Second read: Adapter PrefixPE/1 ===

Sequence: TACACTCTTTCCCTACACGACGCTCTTCCGATCT; Type: regular 3'; Length: 34; Trimmed: 484237 times

No. of allowed errors:
0-9 bp: 0; 10-19 bp: 1; 20-29 bp: 2; 30-34 bp: 3

Bases preceding removed adapters:
  A: 42.9%
  C: 14.7%
  G: 17.1%
  T: 25.3%
  none/other: 0.0%

Overview of removed sequences
length	count	expect	max.err	error counts
3	296145	348948.6	0	296145
4	128494	87237.2	0	128494
5	51402	21809.3	0	51402
6	4250	5452.3	0	4250
7	818	1363.1	0	818
8	247	340.8	0	247
9	1198	85.2	0	61 1137
10	1102	21.3	1	21 1081
11	469	5.3	1	3 466
12	76	1.3	1	0 76
13	18	0.3	1	0 18
14	14	0.1	1	0 14
15	1	0.0	1	0 1
100	3	0.0	3	0 1 0 2


=== Second read: Adapter PrefixPE/2 ===

Sequence: GTGACTGGAGTTCAGACGTGTGCTCTTCCGATCT; Type: regular 3'; Length: 34; Trimmed: 362024 times

No. of allowed errors:
0-9 bp: 0; 10-19 bp: 1; 20-29 bp: 2; 30-34 bp: 3

Bases preceding removed adapters:
  A: 26.1%
  C: 16.8%
  G: 24.6%
  T: 32.5%
  none/other: 0.0%

Overview of removed sequences
length	count	expect	max.err	error counts
3	289270	348948.6	0	289270
4	60013	87237.2	0	60013
5	9288	21809.3	0	9288
6	2140	5452.3	0	2140
7	518	1363.1	0	518
8	69	340.8	0	69
9	303	85.2	0	18 285
10	302	21.3	1	8 294
11	102	5.3	1	0 102
12	16	1.3	1	0 16
13	3	0.3	1	0 3
