This is cutadapt 2.9 with Python 3.6.6
Command line parameters: --interleaved -a file:/nas02/apps/trimmomatic-0.36/Trimmomatic-0.36/adapters/TruSeq3-PE.fa -A file:/nas02/apps/trimmomatic-0.36/Trimmomatic-0.36/adapters/TruSeq3-PE.fa -m 30 /nas/longleaf/home/zpopkinh/Pvivax_resources/wgs_pe_improved_global/fastq/SRS2745839/SRR6361714_1.fastq.gz /nas/longleaf/home/zpopkinh/Pvivax_resources/wgs_pe_improved_global/fastq/SRS2745839/SRR6361714_2.fastq.gz
Processing reads on 1 core in paired-end mode ...
Finished in 247.92 s (576 us/read; 0.10 M reads/minute).

=== Summary ===

Total read pairs processed:            430,137
  Read 1 with adapter:                  10,850 (2.5%)
  Read 2 with adapter:                  18,139 (4.2%)
Pairs written (passing filters):       429,798 (99.9%)

Total basepairs processed:   215,928,774 bp
  Read 1:   107,964,387 bp
  Read 2:   107,964,387 bp
Total written (filtered):    215,657,939 bp (99.9%)
  Read 1:   107,840,540 bp
  Read 2:   107,817,399 bp

=== First read: Adapter PrefixPE/1 ===

Sequence: TACACTCTTTCCCTACACGACGCTCTTCCGATCT; Type: regular 3'; Length: 34; Trimmed: 9902 times

No. of allowed errors:
0-9 bp: 0; 10-19 bp: 1; 20-29 bp: 2; 30-34 bp: 3

Bases preceding removed adapters:
  A: 54.3%
  C: 24.4%
  G: 7.4%
  T: 13.8%
  none/other: 0.0%

Overview of removed sequences
length	count	expect	max.err	error counts
3	4563	6720.9	0	4563
4	4603	1680.2	0	4603
5	364	420.1	0	364
6	136	105.0	0	136
7	23	26.3	0	23
8	9	6.6	0	9
9	27	1.6	0	5 22
10	27	0.4	1	0 27
11	8	0.1	1	0 8
12	1	0.0	1	0 1
236	1	0.0	3	0 0 0 1
237	5	0.0	3	0 0 0 5
238	5	0.0	3	0 0 1 4
239	115	0.0	3	0 1 17 97
240	6	0.0	3	0 0 0 6
241	1	0.0	3	0 0 0 1
243	2	0.0	3	0 0 0 2
245	4	0.0	3	0 0 1 3
246	2	0.0	3	0 0 0 2


=== First read: Adapter PrefixPE/2 ===

Sequence: GTGACTGGAGTTCAGACGTGTGCTCTTCCGATCT; Type: regular 3'; Length: 34; Trimmed: 948 times

No. of allowed errors:
0-9 bp: 0; 10-19 bp: 1; 20-29 bp: 2; 30-34 bp: 3

Bases preceding removed adapters:
  A: 39.9%
  C: 17.6%
  G: 11.3%
  T: 31.2%
  none/other: 0.0%

Overview of removed sequences
length	count	expect	max.err	error counts
3	660	6720.9	0	660
4	248	1680.2	0	248
5	26	420.1	0	26
6	10	105.0	0	10
7	4	26.3	0	4


=== Second read: Adapter PrefixPE/1 ===

Sequence: TACACTCTTTCCCTACACGACGCTCTTCCGATCT; Type: regular 3'; Length: 34; Trimmed: 15651 times

No. of allowed errors:
0-9 bp: 0; 10-19 bp: 1; 20-29 bp: 2; 30-34 bp: 3

Bases preceding removed adapters:
  A: 40.0%
  C: 14.8%
  G: 37.5%
  T: 7.6%
  none/other: 0.0%

Overview of removed sequences
length	count	expect	max.err	error counts
3	10717	6720.9	0	10717
4	2617	1680.2	0	2617
5	2179	420.1	0	2179
6	78	105.0	0	78
7	31	26.3	0	31
8	5	6.6	0	5
9	4	1.6	0	0 4
10	17	0.4	1	1 16
12	2	0.0	1	0 2
15	1	0.0	1	0 1


=== Second read: Adapter PrefixPE/2 ===

Sequence: GTGACTGGAGTTCAGACGTGTGCTCTTCCGATCT; Type: regular 3'; Length: 34; Trimmed: 2488 times

No. of allowed errors:
0-9 bp: 0; 10-19 bp: 1; 20-29 bp: 2; 30-34 bp: 3

Bases preceding removed adapters:
  A: 37.7%
  C: 18.7%
  G: 9.6%
  T: 34.0%
  none/other: 0.0%

Overview of removed sequences
length	count	expect	max.err	error counts
3	1947	6720.9	0	1947
4	194	1680.2	0	194
5	122	420.1	0	122
6	9	105.0	0	9
7	13	26.3	0	13
9	2	1.6	0	1 1
10	2	0.4	1	0 2
11	1	0.1	1	0 1
229	3	0.0	3	0 0 3
230	8	0.0	3	0 0 5 3
231	2	0.0	3	0 0 1 1
232	10	0.0	3	0 1 1 8
233	7	0.0	3	0 2 0 5
234	46	0.0	3	1 27 12 6
235	26	0.0	3	3 5 16 2
236	37	0.0	3	0 1 30 6
237	20	0.0	3	0 0 1 19
238	33	0.0	3	0 4 11 18
240	2	0.0	3	0 0 0 2
242	3	0.0	3	0 0 2 1
243	1	0.0	3	0 0 0 1
