This is cutadapt 2.9 with Python 3.6.6
Command line parameters: --interleaved -a file:/nas02/apps/trimmomatic-0.36/Trimmomatic-0.36/adapters/TruSeq3-PE.fa -A file:/nas02/apps/trimmomatic-0.36/Trimmomatic-0.36/adapters/TruSeq3-PE.fa -m 30 /nas/longleaf/home/zpopkinh/Pvivax_resources/wgs_pe_improved_global/fastq/ERS3516659/ERR3439126_1.fastq.gz /nas/longleaf/home/zpopkinh/Pvivax_resources/wgs_pe_improved_global/fastq/ERS3516659/ERR3439126_2.fastq.gz
Processing reads on 1 core in paired-end mode ...
Finished in 4.08 s (54 us/read; 1.12 M reads/minute).

=== Summary ===

Total read pairs processed:             76,074
  Read 1 with adapter:                   1,670 (2.2%)
  Read 2 with adapter:                   1,756 (2.3%)
Pairs written (passing filters):        76,073 (100.0%)

Total basepairs processed:    22,822,200 bp
  Read 1:    11,411,100 bp
  Read 2:    11,411,100 bp
Total written (filtered):     22,810,153 bp (99.9%)
  Read 1:    11,405,237 bp
  Read 2:    11,404,916 bp

=== First read: Adapter PrefixPE/1 ===

Sequence: TACACTCTTTCCCTACACGACGCTCTTCCGATCT; Type: regular 3'; Length: 34; Trimmed: 1134 times

No. of allowed errors:
0-9 bp: 0; 10-19 bp: 1; 20-29 bp: 2; 30-34 bp: 3

Bases preceding removed adapters:
  A: 69.4%
  C: 11.5%
  G: 6.3%
  T: 12.9%
  none/other: 0.0%

Overview of removed sequences
length	count	expect	max.err	error counts
3	841	1188.7	0	841
4	214	297.2	0	214
5	33	74.3	0	33
6	5	18.6	0	5
7	3	4.6	0	3
9	33	0.3	0	0 33
10	4	0.1	1	0 4
139	1	0.0	3	0 1


=== First read: Adapter PrefixPE/2 ===

Sequence: GTGACTGGAGTTCAGACGTGTGCTCTTCCGATCT; Type: regular 3'; Length: 34; Trimmed: 536 times

No. of allowed errors:
0-9 bp: 0; 10-19 bp: 1; 20-29 bp: 2; 30-34 bp: 3

Bases preceding removed adapters:
  A: 13.8%
  C: 11.2%
  G: 38.4%
  T: 36.6%
  none/other: 0.0%

Overview of removed sequences
length	count	expect	max.err	error counts
3	398	1188.7	0	398
4	119	297.2	0	119
5	11	74.3	0	11
6	4	18.6	0	4
7	2	4.6	0	2
9	2	0.3	0	0 2


=== Second read: Adapter PrefixPE/1 ===

Sequence: TACACTCTTTCCCTACACGACGCTCTTCCGATCT; Type: regular 3'; Length: 34; Trimmed: 606 times

No. of allowed errors:
0-9 bp: 0; 10-19 bp: 1; 20-29 bp: 2; 30-34 bp: 3

Bases preceding removed adapters:
  A: 29.0%
  C: 20.0%
  G: 36.1%
  T: 14.9%
  none/other: 0.0%

Overview of removed sequences
length	count	expect	max.err	error counts
3	337	1188.7	0	337
4	149	297.2	0	149
5	12	74.3	0	12
6	108	18.6	0	108


=== Second read: Adapter PrefixPE/2 ===

Sequence: GTGACTGGAGTTCAGACGTGTGCTCTTCCGATCT; Type: regular 3'; Length: 34; Trimmed: 1150 times

No. of allowed errors:
0-9 bp: 0; 10-19 bp: 1; 20-29 bp: 2; 30-34 bp: 3

Bases preceding removed adapters:
  A: 12.0%
  C: 17.2%
  G: 39.2%
  T: 31.6%
  none/other: 0.0%

Overview of removed sequences
length	count	expect	max.err	error counts
3	951	1188.7	0	951
4	139	297.2	0	139
5	56	74.3	0	56
6	2	18.6	0	2
9	2	0.3	0	0 2
