This is cutadapt 2.9 with Python 3.6.6
Command line parameters: --interleaved -a file:/nas02/apps/trimmomatic-0.36/Trimmomatic-0.36/adapters/TruSeq3-PE.fa -A file:/nas02/apps/trimmomatic-0.36/Trimmomatic-0.36/adapters/TruSeq3-PE.fa -m 30 /nas/longleaf/home/zpopkinh/Pvivax_resources/wgs_pe_improved_global/fastq/SRS693581/SRR1564685_1.fastq.gz /nas/longleaf/home/zpopkinh/Pvivax_resources/wgs_pe_improved_global/fastq/SRS693581/SRR1564685_2.fastq.gz
Processing reads on 1 core in paired-end mode ...
Finished in 1.09 s (51 us/read; 1.18 M reads/minute).

=== Summary ===

Total read pairs processed:             21,537
  Read 1 with adapter:                     673 (3.1%)
  Read 2 with adapter:                     711 (3.3%)
Pairs written (passing filters):        21,537 (100.0%)

Total basepairs processed:     4,350,474 bp
  Read 1:     2,175,237 bp
  Read 2:     2,175,237 bp
Total written (filtered):      4,345,670 bp (99.9%)
  Read 1:     2,172,869 bp
  Read 2:     2,172,801 bp

=== First read: Adapter PrefixPE/1 ===

Sequence: TACACTCTTTCCCTACACGACGCTCTTCCGATCT; Type: regular 3'; Length: 34; Trimmed: 377 times

No. of allowed errors:
0-9 bp: 0; 10-19 bp: 1; 20-29 bp: 2; 30-34 bp: 3

Bases preceding removed adapters:
  A: 32.6%
  C: 20.4%
  G: 18.3%
  T: 28.6%
  none/other: 0.0%

Overview of removed sequences
length	count	expect	max.err	error counts
3	232	336.5	0	232
4	104	84.1	0	104
5	24	21.0	0	24
6	8	5.3	0	8
10	6	0.0	1	0 6
11	1	0.0	1	0 1
12	1	0.0	1	0 1
13	1	0.0	1	0 1


=== First read: Adapter PrefixPE/2 ===

Sequence: GTGACTGGAGTTCAGACGTGTGCTCTTCCGATCT; Type: regular 3'; Length: 34; Trimmed: 296 times

No. of allowed errors:
0-9 bp: 0; 10-19 bp: 1; 20-29 bp: 2; 30-34 bp: 3

Bases preceding removed adapters:
  A: 28.4%
  C: 10.1%
  G: 23.0%
  T: 38.5%
  none/other: 0.0%

Overview of removed sequences
length	count	expect	max.err	error counts
3	216	336.5	0	216
4	66	84.1	0	66
5	10	21.0	0	10
6	2	5.3	0	2
7	1	1.3	0	1
11	1	0.0	1	0 1


=== Second read: Adapter PrefixPE/1 ===

Sequence: TACACTCTTTCCCTACACGACGCTCTTCCGATCT; Type: regular 3'; Length: 34; Trimmed: 346 times

No. of allowed errors:
0-9 bp: 0; 10-19 bp: 1; 20-29 bp: 2; 30-34 bp: 3

Bases preceding removed adapters:
  A: 35.3%
  C: 24.6%
  G: 18.2%
  T: 22.0%
  none/other: 0.0%

Overview of removed sequences
length	count	expect	max.err	error counts
3	209	336.5	0	209
4	109	84.1	0	109
5	18	21.0	0	18
6	5	5.3	0	5
10	4	0.0	1	0 4
11	1	0.0	1	0 1


=== Second read: Adapter PrefixPE/2 ===

Sequence: GTGACTGGAGTTCAGACGTGTGCTCTTCCGATCT; Type: regular 3'; Length: 34; Trimmed: 365 times

No. of allowed errors:
0-9 bp: 0; 10-19 bp: 1; 20-29 bp: 2; 30-34 bp: 3

Bases preceding removed adapters:
  A: 29.9%
  C: 23.6%
  G: 16.2%
  T: 30.4%
  none/other: 0.0%

Overview of removed sequences
length	count	expect	max.err	error counts
3	283	336.5	0	283
4	67	84.1	0	67
5	11	21.0	0	11
6	2	5.3	0	2
9	2	0.1	0	0 2
