This is cutadapt 2.9 with Python 3.6.6
Command line parameters: --interleaved -a file:/nas02/apps/trimmomatic-0.36/Trimmomatic-0.36/adapters/TruSeq3-PE.fa -A file:/nas02/apps/trimmomatic-0.36/Trimmomatic-0.36/adapters/TruSeq3-PE.fa -m 30 /nas/longleaf/home/zpopkinh/Pvivax_resources/wgs_pe_improved_global/fastq/SRS693581/SRR1562972_1.fastq.gz /nas/longleaf/home/zpopkinh/Pvivax_resources/wgs_pe_improved_global/fastq/SRS693581/SRR1562972_2.fastq.gz
Processing reads on 1 core in paired-end mode ...
Finished in 949.94 s (94 us/read; 0.64 M reads/minute).

=== Summary ===

Total read pairs processed:         10,067,941
  Read 1 with adapter:                 378,908 (3.8%)
  Read 2 with adapter:                 375,716 (3.7%)
Pairs written (passing filters):    10,067,941 (100.0%)

Total basepairs processed: 2,033,724,082 bp
  Read 1: 1,016,862,041 bp
  Read 2: 1,016,862,041 bp
Total written (filtered):  2,031,173,606 bp (99.9%)
  Read 1: 1,015,580,291 bp
  Read 2: 1,015,593,315 bp

=== First read: Adapter PrefixPE/1 ===

Sequence: TACACTCTTTCCCTACACGACGCTCTTCCGATCT; Type: regular 3'; Length: 34; Trimmed: 186767 times

No. of allowed errors:
0-9 bp: 0; 10-19 bp: 1; 20-29 bp: 2; 30-34 bp: 3

Bases preceding removed adapters:
  A: 25.8%
  C: 22.4%
  G: 25.2%
  T: 26.6%
  none/other: 0.0%

Overview of removed sequences
length	count	expect	max.err	error counts
3	125529	157311.6	0	125529
4	45631	39327.9	0	45631
5	10852	9832.0	0	10852
6	2290	2458.0	0	2290
7	582	614.5	0	582
8	130	153.6	0	130
9	507	38.4	0	73 434
10	829	9.6	1	40 789
11	344	2.4	1	0 344
12	60	0.6	1	0 60
13	13	0.2	1	0 13


=== First read: Adapter PrefixPE/2 ===

Sequence: GTGACTGGAGTTCAGACGTGTGCTCTTCCGATCT; Type: regular 3'; Length: 34; Trimmed: 192141 times

No. of allowed errors:
0-9 bp: 0; 10-19 bp: 1; 20-29 bp: 2; 30-34 bp: 3

Bases preceding removed adapters:
  A: 24.5%
  C: 18.0%
  G: 26.3%
  T: 31.3%
  none/other: 0.0%

Overview of removed sequences
length	count	expect	max.err	error counts
3	149321	157311.6	0	149321
4	34939	39327.9	0	34939
5	5602	9832.0	0	5602
6	1328	2458.0	0	1328
7	315	614.5	0	315
8	65	153.6	0	65
9	270	38.4	0	18 252
10	184	9.6	1	1 183
11	100	2.4	1	0 100
12	14	0.6	1	0 14
13	3	0.2	1	0 3


=== Second read: Adapter PrefixPE/1 ===

Sequence: TACACTCTTTCCCTACACGACGCTCTTCCGATCT; Type: regular 3'; Length: 34; Trimmed: 182912 times

No. of allowed errors:
0-9 bp: 0; 10-19 bp: 1; 20-29 bp: 2; 30-34 bp: 3

Bases preceding removed adapters:
  A: 26.1%
  C: 22.6%
  G: 24.8%
  T: 26.6%
  none/other: 0.0%

Overview of removed sequences
length	count	expect	max.err	error counts
3	123507	157311.6	0	123507
4	43962	39327.9	0	43962
5	10845	9832.0	0	10845
6	2365	2458.0	0	2365
7	500	614.5	0	500
8	115	153.6	0	115
9	496	38.4	0	33 463
10	829	9.6	1	26 803
11	237	2.4	1	2 235
12	27	0.6	1	1 26
13	28	0.2	1	0 28
14	1	0.0	1	0 1


=== Second read: Adapter PrefixPE/2 ===

Sequence: GTGACTGGAGTTCAGACGTGTGCTCTTCCGATCT; Type: regular 3'; Length: 34; Trimmed: 192804 times

No. of allowed errors:
0-9 bp: 0; 10-19 bp: 1; 20-29 bp: 2; 30-34 bp: 3

Bases preceding removed adapters:
  A: 24.5%
  C: 19.3%
  G: 25.9%
  T: 30.4%
  none/other: 0.0%

Overview of removed sequences
length	count	expect	max.err	error counts
3	150897	157311.6	0	150897
4	33855	39327.9	0	33855
5	5661	9832.0	0	5661
6	1449	2458.0	0	1449
7	295	614.5	0	295
8	33	153.6	0	33
9	304	38.4	0	18 286
10	220	9.6	1	0 220
11	71	2.4	1	0 71
12	14	0.6	1	0 14
13	3	0.2	1	0 3
41	1	0.0	3	0 0 1
55	1	0.0	3	0 1
