This is cutadapt 2.9 with Python 3.6.6
Command line parameters: --interleaved -a file:/nas02/apps/trimmomatic-0.36/Trimmomatic-0.36/adapters/TruSeq3-PE.fa -A file:/nas02/apps/trimmomatic-0.36/Trimmomatic-0.36/adapters/TruSeq3-PE.fa -m 30 /nas/longleaf/home/zpopkinh/Pvivax_resources/wgs_pe_improved_global/fastq/SRS694263/SRR1565124_1.fastq.gz /nas/longleaf/home/zpopkinh/Pvivax_resources/wgs_pe_improved_global/fastq/SRS694263/SRR1565124_2.fastq.gz
Processing reads on 1 core in paired-end mode ...
Finished in 0.94 s (49 us/read; 1.22 M reads/minute).

=== Summary ===

Total read pairs processed:             19,095
  Read 1 with adapter:                     617 (3.2%)
  Read 2 with adapter:                     683 (3.6%)
Pairs written (passing filters):        19,095 (100.0%)

Total basepairs processed:     3,857,190 bp
  Read 1:     1,928,595 bp
  Read 2:     1,928,595 bp
Total written (filtered):      3,852,762 bp (99.9%)
  Read 1:     1,926,455 bp
  Read 2:     1,926,307 bp

=== First read: Adapter PrefixPE/1 ===

Sequence: TACACTCTTTCCCTACACGACGCTCTTCCGATCT; Type: regular 3'; Length: 34; Trimmed: 360 times

No. of allowed errors:
0-9 bp: 0; 10-19 bp: 1; 20-29 bp: 2; 30-34 bp: 3

Bases preceding removed adapters:
  A: 31.4%
  C: 18.3%
  G: 27.8%
  T: 22.5%
  none/other: 0.0%

Overview of removed sequences
length	count	expect	max.err	error counts
3	227	298.4	0	227
4	102	74.6	0	102
5	19	18.6	0	19
6	5	4.7	0	5
9	1	0.1	0	0 1
10	6	0.0	1	0 6


=== First read: Adapter PrefixPE/2 ===

Sequence: GTGACTGGAGTTCAGACGTGTGCTCTTCCGATCT; Type: regular 3'; Length: 34; Trimmed: 257 times

No. of allowed errors:
0-9 bp: 0; 10-19 bp: 1; 20-29 bp: 2; 30-34 bp: 3

Bases preceding removed adapters:
  A: 33.5%
  C: 10.1%
  G: 19.1%
  T: 37.4%
  none/other: 0.0%

Overview of removed sequences
length	count	expect	max.err	error counts
3	194	298.4	0	194
4	51	74.6	0	51
5	7	18.6	0	7
6	3	4.7	0	3
8	1	0.3	0	1
10	1	0.0	1	0 1


=== Second read: Adapter PrefixPE/1 ===

Sequence: TACACTCTTTCCCTACACGACGCTCTTCCGATCT; Type: regular 3'; Length: 34; Trimmed: 295 times

No. of allowed errors:
0-9 bp: 0; 10-19 bp: 1; 20-29 bp: 2; 30-34 bp: 3

Bases preceding removed adapters:
  A: 26.8%
  C: 19.3%
  G: 23.1%
  T: 30.8%
  none/other: 0.0%

Overview of removed sequences
length	count	expect	max.err	error counts
3	187	298.4	0	187
4	94	74.6	0	94
5	8	18.6	0	8
6	3	4.7	0	3
10	2	0.0	1	0 2
11	1	0.0	1	0 1


=== Second read: Adapter PrefixPE/2 ===

Sequence: GTGACTGGAGTTCAGACGTGTGCTCTTCCGATCT; Type: regular 3'; Length: 34; Trimmed: 388 times

No. of allowed errors:
0-9 bp: 0; 10-19 bp: 1; 20-29 bp: 2; 30-34 bp: 3

Bases preceding removed adapters:
  A: 31.4%
  C: 26.8%
  G: 14.7%
  T: 27.1%
  none/other: 0.0%

Overview of removed sequences
length	count	expect	max.err	error counts
3	309	298.4	0	309
4	70	74.6	0	70
5	5	18.6	0	5
6	2	4.7	0	2
8	1	0.3	0	1
10	1	0.0	1	0 1
