This is cutadapt 2.9 with Python 3.6.6
Command line parameters: --interleaved -a file:/nas02/apps/trimmomatic-0.36/Trimmomatic-0.36/adapters/TruSeq3-PE.fa -A file:/nas02/apps/trimmomatic-0.36/Trimmomatic-0.36/adapters/TruSeq3-PE.fa -m 30 /nas/longleaf/home/zpopkinh/Pvivax_resources/wgs_pe_improved_global/fastq/SRS694263/SRR1568118_1.fastq.gz /nas/longleaf/home/zpopkinh/Pvivax_resources/wgs_pe_improved_global/fastq/SRS694263/SRR1568118_2.fastq.gz
Processing reads on 1 core in paired-end mode ...
Finished in 1232.55 s (94 us/read; 0.64 M reads/minute).

=== Summary ===

Total read pairs processed:         13,151,517
  Read 1 with adapter:                 488,204 (3.7%)
  Read 2 with adapter:                 497,027 (3.8%)
Pairs written (passing filters):    13,151,517 (100.0%)

Total basepairs processed: 2,656,606,434 bp
  Read 1: 1,328,303,217 bp
  Read 2: 1,328,303,217 bp
Total written (filtered):  2,653,286,371 bp (99.9%)
  Read 1: 1,326,654,864 bp
  Read 2: 1,326,631,507 bp

=== First read: Adapter PrefixPE/1 ===

Sequence: TACACTCTTTCCCTACACGACGCTCTTCCGATCT; Type: regular 3'; Length: 34; Trimmed: 238218 times

No. of allowed errors:
0-9 bp: 0; 10-19 bp: 1; 20-29 bp: 2; 30-34 bp: 3

Bases preceding removed adapters:
  A: 25.2%
  C: 22.5%
  G: 26.2%
  T: 26.1%
  none/other: 0.0%

Overview of removed sequences
length	count	expect	max.err	error counts
3	160256	205492.5	0	160256
4	58075	51373.1	0	58075
5	14271	12843.3	0	14271
6	2860	3210.8	0	2860
7	703	802.7	0	703
8	158	200.7	0	158
9	652	50.2	0	58 594
10	864	12.5	1	26 838
11	320	3.1	1	1 319
12	44	0.8	1	0 44
13	11	0.2	1	0 11
14	2	0.0	1	0 2
15	2	0.0	1	0 2


=== First read: Adapter PrefixPE/2 ===

Sequence: GTGACTGGAGTTCAGACGTGTGCTCTTCCGATCT; Type: regular 3'; Length: 34; Trimmed: 249986 times

No. of allowed errors:
0-9 bp: 0; 10-19 bp: 1; 20-29 bp: 2; 30-34 bp: 3

Bases preceding removed adapters:
  A: 23.6%
  C: 18.8%
  G: 27.1%
  T: 30.4%
  none/other: 0.0%

Overview of removed sequences
length	count	expect	max.err	error counts
3	194588	205492.5	0	194588
4	44869	51373.1	0	44869
5	7642	12843.3	0	7642
6	1735	3210.8	0	1735
7	419	802.7	0	419
8	78	200.7	0	78
9	294	50.2	0	10 284
10	235	12.5	1	8 227
11	99	3.1	1	4 95
12	25	0.8	1	0 25
13	2	0.2	1	0 2


=== Second read: Adapter PrefixPE/1 ===

Sequence: TACACTCTTTCCCTACACGACGCTCTTCCGATCT; Type: regular 3'; Length: 34; Trimmed: 234315 times

No. of allowed errors:
0-9 bp: 0; 10-19 bp: 1; 20-29 bp: 2; 30-34 bp: 3

Bases preceding removed adapters:
  A: 25.4%
  C: 22.3%
  G: 26.2%
  T: 26.0%
  none/other: 0.0%

Overview of removed sequences
length	count	expect	max.err	error counts
3	158044	205492.5	0	158044
4	56564	51373.1	0	56564
5	14115	12843.3	0	14115
6	2792	3210.8	0	2792
7	724	802.7	0	724
8	167	200.7	0	167
9	643	50.2	0	76 567
10	911	12.5	1	21 890
11	287	3.1	1	2 285
12	53	0.8	1	0 53
13	9	0.2	1	0 9
14	4	0.0	1	0 4
35	1	0.0	3	0 0 1
65	1	0.0	3	0 0 1


=== Second read: Adapter PrefixPE/2 ===

Sequence: GTGACTGGAGTTCAGACGTGTGCTCTTCCGATCT; Type: regular 3'; Length: 34; Trimmed: 262712 times

No. of allowed errors:
0-9 bp: 0; 10-19 bp: 1; 20-29 bp: 2; 30-34 bp: 3

Bases preceding removed adapters:
  A: 22.9%
  C: 22.5%
  G: 25.5%
  T: 29.2%
  none/other: 0.0%

Overview of removed sequences
length	count	expect	max.err	error counts
3	208521	205492.5	0	208521
4	43745	51373.1	0	43745
5	7619	12843.3	0	7619
6	1689	3210.8	0	1689
7	416	802.7	0	416
8	84	200.7	0	84
9	274	50.2	0	15 259
10	240	12.5	1	6 234
11	89	3.1	1	1 88
12	28	0.8	1	0 28
13	7	0.2	1	0 7
