This is cutadapt 2.9 with Python 3.6.6
Command line parameters: --interleaved -a file:/nas02/apps/trimmomatic-0.36/Trimmomatic-0.36/adapters/TruSeq3-PE.fa -A file:/nas02/apps/trimmomatic-0.36/Trimmomatic-0.36/adapters/TruSeq3-PE.fa -m 30 /nas/longleaf/home/zpopkinh/Pvivax_resources/wgs_pe_improved_global/fastq/SRS693899/SRR1564941_1.fastq.gz /nas/longleaf/home/zpopkinh/Pvivax_resources/wgs_pe_improved_global/fastq/SRS693899/SRR1564941_2.fastq.gz
Processing reads on 1 core in paired-end mode ...
Finished in 18.39 s (46 us/read; 1.31 M reads/minute).

=== Summary ===

Total read pairs processed:            400,205
  Read 1 with adapter:                  12,972 (3.2%)
  Read 2 with adapter:                  16,146 (4.0%)
Pairs written (passing filters):       399,627 (99.9%)

Total basepairs processed:    80,841,410 bp
  Read 1:    40,420,705 bp
  Read 2:    40,420,705 bp
Total written (filtered):     80,627,646 bp (99.7%)
  Read 1:    40,317,689 bp
  Read 2:    40,309,957 bp

=== First read: Adapter PrefixPE/1 ===

Sequence: TACACTCTTTCCCTACACGACGCTCTTCCGATCT; Type: regular 3'; Length: 34; Trimmed: 6269 times

No. of allowed errors:
0-9 bp: 0; 10-19 bp: 1; 20-29 bp: 2; 30-34 bp: 3

Bases preceding removed adapters:
  A: 30.2%
  C: 21.8%
  G: 17.2%
  T: 30.8%
  none/other: 0.0%

Overview of removed sequences
length	count	expect	max.err	error counts
3	3921	6253.2	0	3921
4	1894	1563.3	0	1894
5	276	390.8	0	276
6	92	97.7	0	92
7	21	24.4	0	21
8	10	6.1	0	10
9	16	1.5	0	3 13
10	21	0.4	1	0 21
11	15	0.1	1	0 15
12	2	0.0	1	0 2
13	1	0.0	1	0 1


=== First read: Adapter PrefixPE/2 ===

Sequence: GTGACTGGAGTTCAGACGTGTGCTCTTCCGATCT; Type: regular 3'; Length: 34; Trimmed: 6703 times

No. of allowed errors:
0-9 bp: 0; 10-19 bp: 1; 20-29 bp: 2; 30-34 bp: 3

Bases preceding removed adapters:
  A: 32.4%
  C: 6.5%
  G: 23.7%
  T: 37.4%
  none/other: 0.0%

Overview of removed sequences
length	count	expect	max.err	error counts
3	4883	6253.2	0	4883
4	1421	1563.3	0	1421
5	263	390.8	0	263
6	77	97.7	0	77
7	20	24.4	0	20
8	3	6.1	0	3
9	13	1.5	0	0 13
10	12	0.4	1	0 12
11	10	0.1	1	0 10
12	1	0.0	1	0 1


=== Second read: Adapter PrefixPE/1 ===

Sequence: TACACTCTTTCCCTACACGACGCTCTTCCGATCT; Type: regular 3'; Length: 34; Trimmed: 5976 times

No. of allowed errors:
0-9 bp: 0; 10-19 bp: 1; 20-29 bp: 2; 30-34 bp: 3

Bases preceding removed adapters:
  A: 29.8%
  C: 21.7%
  G: 16.7%
  T: 31.7%
  none/other: 0.0%

Overview of removed sequences
length	count	expect	max.err	error counts
3	3905	6253.2	0	3905
4	1660	1563.3	0	1660
5	274	390.8	0	274
6	72	97.7	0	72
7	20	24.4	0	20
8	2	6.1	0	2
9	18	1.5	0	2 16
10	14	0.4	1	0 14
11	9	0.1	1	0 9
12	1	0.0	1	0 1
14	1	0.0	1	0 1


=== Second read: Adapter PrefixPE/2 ===

Sequence: GTGACTGGAGTTCAGACGTGTGCTCTTCCGATCT; Type: regular 3'; Length: 34; Trimmed: 10170 times

No. of allowed errors:
0-9 bp: 0; 10-19 bp: 1; 20-29 bp: 2; 30-34 bp: 3

Bases preceding removed adapters:
  A: 31.8%
  C: 20.2%
  G: 17.5%
  T: 30.4%
  none/other: 0.0%

Overview of removed sequences
length	count	expect	max.err	error counts
3	7441	6253.2	0	7441
4	1786	1563.3	0	1786
5	225	390.8	0	225
6	72	97.7	0	72
7	16	24.4	0	16
8	12	6.1	0	12
9	14	1.5	0	3 11
10	17	0.4	1	1 16
11	7	0.1	1	1 6
12	1	0.0	1	0 1
13	1	0.0	1	0 1
92	5	0.0	3	0 1 1 3
93	567	0.0	3	0 114 190 263
94	6	0.0	3	0 1 3 2
