This is cutadapt 2.9 with Python 3.6.6
Command line parameters: --interleaved -a file:/nas02/apps/trimmomatic-0.36/Trimmomatic-0.36/adapters/TruSeq3-PE.fa -A file:/nas02/apps/trimmomatic-0.36/Trimmomatic-0.36/adapters/TruSeq3-PE.fa -m 30 /nas/longleaf/home/zpopkinh/Pvivax_resources/wgs_pe_improved_global/fastq/SRS693899/SRR1564530_1.fastq.gz /nas/longleaf/home/zpopkinh/Pvivax_resources/wgs_pe_improved_global/fastq/SRS693899/SRR1564530_2.fastq.gz
Processing reads on 1 core in paired-end mode ...
Finished in 22.84 s (47 us/read; 1.26 M reads/minute).

=== Summary ===

Total read pairs processed:            481,368
  Read 1 with adapter:                  15,465 (3.2%)
  Read 2 with adapter:                  18,841 (3.9%)
Pairs written (passing filters):       481,367 (100.0%)

Total basepairs processed:    97,236,336 bp
  Read 1:    48,618,168 bp
  Read 2:    48,618,168 bp
Total written (filtered):     97,119,829 bp (99.9%)
  Read 1:    48,565,225 bp
  Read 2:    48,554,604 bp

=== First read: Adapter PrefixPE/1 ===

Sequence: TACACTCTTTCCCTACACGACGCTCTTCCGATCT; Type: regular 3'; Length: 34; Trimmed: 7430 times

No. of allowed errors:
0-9 bp: 0; 10-19 bp: 1; 20-29 bp: 2; 30-34 bp: 3

Bases preceding removed adapters:
  A: 31.5%
  C: 21.6%
  G: 15.6%
  T: 31.3%
  none/other: 0.0%

Overview of removed sequences
length	count	expect	max.err	error counts
3	4905	7521.4	0	4905
4	2028	1880.3	0	2028
5	313	470.1	0	313
6	99	117.5	0	99
7	18	29.4	0	18
8	6	7.3	0	6
9	26	1.8	0	2 24
10	18	0.5	1	0 18
11	16	0.1	1	0 16
12	1	0.0	1	0 1


=== First read: Adapter PrefixPE/2 ===

Sequence: GTGACTGGAGTTCAGACGTGTGCTCTTCCGATCT; Type: regular 3'; Length: 34; Trimmed: 8035 times

No. of allowed errors:
0-9 bp: 0; 10-19 bp: 1; 20-29 bp: 2; 30-34 bp: 3

Bases preceding removed adapters:
  A: 32.7%
  C: 5.7%
  G: 24.5%
  T: 37.1%
  none/other: 0.0%

Overview of removed sequences
length	count	expect	max.err	error counts
3	5900	7521.4	0	5900
4	1683	1880.3	0	1683
5	273	470.1	0	273
6	103	117.5	0	103
7	29	29.4	0	29
8	3	7.3	0	3
9	19	1.8	0	3 16
10	14	0.5	1	0 14
11	7	0.1	1	0 7
12	3	0.0	1	0 3
14	1	0.0	1	0 1


=== Second read: Adapter PrefixPE/1 ===

Sequence: TACACTCTTTCCCTACACGACGCTCTTCCGATCT; Type: regular 3'; Length: 34; Trimmed: 7274 times

No. of allowed errors:
0-9 bp: 0; 10-19 bp: 1; 20-29 bp: 2; 30-34 bp: 3

Bases preceding removed adapters:
  A: 30.4%
  C: 21.9%
  G: 16.5%
  T: 31.2%
  none/other: 0.0%

Overview of removed sequences
length	count	expect	max.err	error counts
3	4752	7521.4	0	4752
4	2012	1880.3	0	2012
5	324	470.1	0	324
6	96	117.5	0	96
7	21	29.4	0	21
8	5	7.3	0	5
9	15	1.8	0	2 13
10	35	0.5	1	1 34
11	10	0.1	1	0 10
12	3	0.0	1	0 3
13	1	0.0	1	0 1


=== Second read: Adapter PrefixPE/2 ===

Sequence: GTGACTGGAGTTCAGACGTGTGCTCTTCCGATCT; Type: regular 3'; Length: 34; Trimmed: 11567 times

No. of allowed errors:
0-9 bp: 0; 10-19 bp: 1; 20-29 bp: 2; 30-34 bp: 3

Bases preceding removed adapters:
  A: 29.0%
  C: 21.0%
  G: 17.4%
  T: 32.5%
  none/other: 0.0%

Overview of removed sequences
length	count	expect	max.err	error counts
3	9014	7521.4	0	9014
4	2074	1880.3	0	2074
5	303	470.1	0	303
6	94	117.5	0	94
7	30	29.4	0	30
8	7	7.3	0	7
9	22	1.8	0	4 18
10	10	0.5	1	0 10
11	5	0.1	1	0 5
12	2	0.0	1	0 2
13	2	0.0	1	0 2
15	2	0.0	1	0 2
16	1	0.0	1	0 1
94	1	0.0	3	0 0 0 1
