This is cutadapt 2.9 with Python 3.6.6
Command line parameters: --interleaved -a file:/nas02/apps/trimmomatic-0.36/Trimmomatic-0.36/adapters/TruSeq3-PE.fa -A file:/nas02/apps/trimmomatic-0.36/Trimmomatic-0.36/adapters/TruSeq3-PE.fa -m 30 /nas/longleaf/home/zpopkinh/Pvivax_resources/wgs_pe_improved_global/fastq/SRS693899/SRR1568106_1.fastq.gz /nas/longleaf/home/zpopkinh/Pvivax_resources/wgs_pe_improved_global/fastq/SRS693899/SRR1568106_2.fastq.gz
Processing reads on 1 core in paired-end mode ...
Finished in 1137.14 s (68 us/read; 0.88 M reads/minute).

=== Summary ===

Total read pairs processed:         16,604,426
  Read 1 with adapter:                 603,326 (3.6%)
  Read 2 with adapter:                 612,851 (3.7%)
Pairs written (passing filters):    16,604,410 (100.0%)

Total basepairs processed: 3,354,094,052 bp
  Read 1: 1,677,047,026 bp
  Read 2: 1,677,047,026 bp
Total written (filtered):  3,349,979,015 bp (99.9%)
  Read 1: 1,675,002,455 bp
  Read 2: 1,674,976,560 bp

=== First read: Adapter PrefixPE/1 ===

Sequence: TACACTCTTTCCCTACACGACGCTCTTCCGATCT; Type: regular 3'; Length: 34; Trimmed: 273765 times

No. of allowed errors:
0-9 bp: 0; 10-19 bp: 1; 20-29 bp: 2; 30-34 bp: 3

Bases preceding removed adapters:
  A: 27.7%
  C: 22.8%
  G: 22.6%
  T: 26.9%
  none/other: 0.0%

Overview of removed sequences
length	count	expect	max.err	error counts
3	182925	259444.2	0	182925
4	70402	64861.0	0	70402
5	14620	16215.3	0	14620
6	2807	4053.8	0	2807
7	662	1013.5	0	662
8	242	253.4	0	242
9	902	63.3	0	14 888
10	820	15.8	1	24 796
11	258	4.0	1	11 247
12	99	1.0	1	0 99
13	10	0.2	1	0 10
14	1	0.1	1	0 1
15	7	0.0	1	0 7
53	1	0.0	3	1
57	1	0.0	3	0 1
58	1	0.0	3	0 0 1
59	1	0.0	3	0 0 0 1
60	1	0.0	3	0 0 0 1
63	1	0.0	3	0 0 0 1
101	4	0.0	3	0 0 1 3


=== First read: Adapter PrefixPE/2 ===

Sequence: GTGACTGGAGTTCAGACGTGTGCTCTTCCGATCT; Type: regular 3'; Length: 34; Trimmed: 329561 times

No. of allowed errors:
0-9 bp: 0; 10-19 bp: 1; 20-29 bp: 2; 30-34 bp: 3

Bases preceding removed adapters:
  A: 26.4%
  C: 10.6%
  G: 26.5%
  T: 36.4%
  none/other: 0.0%

Overview of removed sequences
length	count	expect	max.err	error counts
3	249596	259444.2	0	249596
4	65119	64861.0	0	65119
5	9355	16215.3	0	9355
6	3241	4053.8	0	3241
7	718	1013.5	0	718
8	305	253.4	0	305
9	392	63.3	0	50 342
10	627	15.8	1	21 606
11	142	4.0	1	6 136
12	52	1.0	1	0 52
13	14	0.2	1	0 14


=== Second read: Adapter PrefixPE/1 ===

Sequence: TACACTCTTTCCCTACACGACGCTCTTCCGATCT; Type: regular 3'; Length: 34; Trimmed: 267079 times

No. of allowed errors:
0-9 bp: 0; 10-19 bp: 1; 20-29 bp: 2; 30-34 bp: 3

Bases preceding removed adapters:
  A: 27.5%
  C: 22.8%
  G: 22.3%
  T: 27.4%
  none/other: 0.0%

Overview of removed sequences
length	count	expect	max.err	error counts
3	176881	259444.2	0	176881
4	69060	64861.0	0	69060
5	15380	16215.3	0	15380
6	2968	4053.8	0	2968
7	633	1013.5	0	633
8	153	253.4	0	153
9	652	63.3	0	28 624
10	821	15.8	1	31 790
11	368	4.0	1	0 368
12	123	1.0	1	0 123
13	15	0.2	1	0 15
14	10	0.1	1	0 10
15	15	0.0	1	0 15


=== Second read: Adapter PrefixPE/2 ===

Sequence: GTGACTGGAGTTCAGACGTGTGCTCTTCCGATCT; Type: regular 3'; Length: 34; Trimmed: 345772 times

No. of allowed errors:
0-9 bp: 0; 10-19 bp: 1; 20-29 bp: 2; 30-34 bp: 3

Bases preceding removed adapters:
  A: 26.0%
  C: 14.6%
  G: 25.5%
  T: 33.9%
  none/other: 0.0%

Overview of removed sequences
length	count	expect	max.err	error counts
3	267288	259444.2	0	267288
4	63865	64861.0	0	63865
5	9369	16215.3	0	9369
6	3166	4053.8	0	3166
7	716	1013.5	0	716
8	153	253.4	0	153
9	434	63.3	0	69 365
10	572	15.8	1	9 563
11	182	4.0	1	0 182
12	2	1.0	1	0 2
13	6	0.2	1	0 6
37	1	0.0	3	0 0 0 1
38	1	0.0	3	0 1
39	1	0.0	3	0 0 1
40	1	0.0	3	1
46	1	0.0	3	0 0 0 1
55	1	0.0	3	0 0 0 1
56	1	0.0	3	1
93	12	0.0	3	0 1 5 6
