This is cutadapt 2.9 with Python 3.6.6
Command line parameters: --interleaved -a file:/nas02/apps/trimmomatic-0.36/Trimmomatic-0.36/adapters/TruSeq3-PE.fa -A file:/nas02/apps/trimmomatic-0.36/Trimmomatic-0.36/adapters/TruSeq3-PE.fa -m 30 /nas/longleaf/home/zpopkinh/Pvivax_resources/wgs_pe_improved_global/fastq/SRR10969354/SRR10969354_1.fastq.gz /nas/longleaf/home/zpopkinh/Pvivax_resources/wgs_pe_improved_global/fastq/SRR10969354/SRR10969354_2.fastq.gz
Processing reads on 1 core in paired-end mode ...
Finished in 982.78 s (113 us/read; 0.53 M reads/minute).

=== Summary ===

Total read pairs processed:          8,681,908
  Read 1 with adapter:                 320,504 (3.7%)
  Read 2 with adapter:                 321,985 (3.7%)
Pairs written (passing filters):     8,681,908 (100.0%)

Total basepairs processed: 2,604,572,400 bp
  Read 1: 1,302,286,200 bp
  Read 2: 1,302,286,200 bp
Total written (filtered):  2,602,379,315 bp (99.9%)
  Read 1: 1,301,192,032 bp
  Read 2: 1,301,187,283 bp

=== First read: Adapter PrefixPE/1 ===

Sequence: TACACTCTTTCCCTACACGACGCTCTTCCGATCT; Type: regular 3'; Length: 34; Trimmed: 150774 times

No. of allowed errors:
0-9 bp: 0; 10-19 bp: 1; 20-29 bp: 2; 30-34 bp: 3

Bases preceding removed adapters:
  A: 30.4%
  C: 22.0%
  G: 16.6%
  T: 31.1%
  none/other: 0.0%

Overview of removed sequences
length	count	expect	max.err	error counts
3	98979	135654.8	0	98979
4	41199	33913.7	0	41199
5	6781	8478.4	0	6781
6	1823	2119.6	0	1823
7	396	529.9	0	396
8	117	132.5	0	117
9	393	33.1	0	38 355
10	817	8.3	1	22 795
11	201	2.1	1	3 198
12	52	0.5	1	2 50
13	11	0.1	1	1 10
14	3	0.0	1	0 3
15	2	0.0	1	0 2


=== First read: Adapter PrefixPE/2 ===

Sequence: GTGACTGGAGTTCAGACGTGTGCTCTTCCGATCT; Type: regular 3'; Length: 34; Trimmed: 169730 times

No. of allowed errors:
0-9 bp: 0; 10-19 bp: 1; 20-29 bp: 2; 30-34 bp: 3

Bases preceding removed adapters:
  A: 30.4%
  C: 7.2%
  G: 25.2%
  T: 37.1%
  none/other: 0.0%

Overview of removed sequences
length	count	expect	max.err	error counts
3	126231	135654.8	0	126231
4	34432	33913.7	0	34432
5	5850	8478.4	0	5850
6	1739	2119.6	0	1739
7	482	529.9	0	482
8	145	132.5	0	145
9	306	33.1	0	33 273
10	352	8.3	1	5 347
11	134	2.1	1	1 133
12	35	0.5	1	0 35
13	19	0.1	1	0 19
14	3	0.0	1	0 3
15	1	0.0	1	0 1
16	1	0.0	1	0 1


=== Second read: Adapter PrefixPE/1 ===

Sequence: TACACTCTTTCCCTACACGACGCTCTTCCGATCT; Type: regular 3'; Length: 34; Trimmed: 152203 times

No. of allowed errors:
0-9 bp: 0; 10-19 bp: 1; 20-29 bp: 2; 30-34 bp: 3

Bases preceding removed adapters:
  A: 30.6%
  C: 21.9%
  G: 16.7%
  T: 30.8%
  none/other: 0.0%

Overview of removed sequences
length	count	expect	max.err	error counts
3	100124	135654.8	0	100124
4	41348	33913.7	0	41348
5	6827	8478.4	0	6827
6	1848	2119.6	0	1848
7	392	529.9	0	392
8	121	132.5	0	121
9	422	33.1	0	44 378
10	812	8.3	1	26 786
11	230	2.1	1	1 229
12	53	0.5	1	1 52
13	21	0.1	1	0 21
14	4	0.0	1	0 4
15	1	0.0	1	0 1


=== Second read: Adapter PrefixPE/2 ===

Sequence: GTGACTGGAGTTCAGACGTGTGCTCTTCCGATCT; Type: regular 3'; Length: 34; Trimmed: 169782 times

No. of allowed errors:
0-9 bp: 0; 10-19 bp: 1; 20-29 bp: 2; 30-34 bp: 3

Bases preceding removed adapters:
  A: 30.7%
  C: 7.8%
  G: 25.5%
  T: 36.0%
  none/other: 0.0%

Overview of removed sequences
length	count	expect	max.err	error counts
3	126866	135654.8	0	126866
4	33865	33913.7	0	33865
5	5798	8478.4	0	5798
6	1824	2119.6	0	1824
7	480	529.9	0	480
8	123	132.5	0	123
9	288	33.1	0	39 249
10	354	8.3	1	15 339
11	139	2.1	1	1 138
12	31	0.5	1	0 31
13	7	0.1	1	0 7
14	3	0.0	1	0 3
15	1	0.0	1	0 1
82	1	0.0	3	0 0 1
92	1	0.0	3	0 0 0 1
99	1	0.0	3	0 1
