This is cutadapt 2.9 with Python 3.6.6
Command line parameters: --interleaved -a file:/nas02/apps/trimmomatic-0.36/Trimmomatic-0.36/adapters/TruSeq3-PE.fa -A file:/nas02/apps/trimmomatic-0.36/Trimmomatic-0.36/adapters/TruSeq3-PE.fa -m 30 /nas/longleaf/home/zpopkinh/Pvivax_resources/wgs_pe_improved_global/fastq/ERS123116/ERR152408_1.fastq.gz /nas/longleaf/home/zpopkinh/Pvivax_resources/wgs_pe_improved_global/fastq/ERS123116/ERR152408_2.fastq.gz
Processing reads on 1 core in paired-end mode ...
Finished in 114.98 s (76 us/read; 0.78 M reads/minute).

=== Summary ===

Total read pairs processed:          1,504,097
  Read 1 with adapter:                  55,254 (3.7%)
  Read 2 with adapter:                  54,921 (3.7%)
Pairs written (passing filters):     1,504,095 (100.0%)

Total basepairs processed:   300,819,400 bp
  Read 1:   150,409,700 bp
  Read 2:   150,409,700 bp
Total written (filtered):    300,443,839 bp (99.9%)
  Read 1:   150,221,501 bp
  Read 2:   150,222,338 bp

=== First read: Adapter PrefixPE/1 ===

Sequence: TACACTCTTTCCCTACACGACGCTCTTCCGATCT; Type: regular 3'; Length: 34; Trimmed: 30666 times

No. of allowed errors:
0-9 bp: 0; 10-19 bp: 1; 20-29 bp: 2; 30-34 bp: 3

Bases preceding removed adapters:
  A: 29.9%
  C: 17.0%
  G: 25.7%
  T: 27.4%
  none/other: 0.0%

Overview of removed sequences
length	count	expect	max.err	error counts
3	20153	23501.5	0	20153
4	8087	5875.4	0	8087
5	1578	1468.8	0	1578
6	362	367.2	0	362
7	110	91.8	0	110
8	17	23.0	0	17
9	66	5.7	0	9 57
10	241	1.4	1	3 238
11	42	0.4	1	0 42
12	4	0.1	1	0 4
13	3	0.0	1	0 3
14	1	0.0	1	0 1
100	2	0.0	3	0 0 0 2


=== First read: Adapter PrefixPE/2 ===

Sequence: GTGACTGGAGTTCAGACGTGTGCTCTTCCGATCT; Type: regular 3'; Length: 34; Trimmed: 24588 times

No. of allowed errors:
0-9 bp: 0; 10-19 bp: 1; 20-29 bp: 2; 30-34 bp: 3

Bases preceding removed adapters:
  A: 27.0%
  C: 14.9%
  G: 23.0%
  T: 35.1%
  none/other: 0.0%

Overview of removed sequences
length	count	expect	max.err	error counts
3	19233	23501.5	0	19233
4	4419	5875.4	0	4419
5	659	1468.8	0	659
6	161	367.2	0	161
7	35	91.8	0	35
8	7	23.0	0	7
9	40	5.7	0	1 39
10	23	1.4	1	1 22
11	6	0.4	1	0 6
12	2	0.1	1	0 2
13	2	0.0	1	0 2
14	1	0.0	1	0 1


=== Second read: Adapter PrefixPE/1 ===

Sequence: TACACTCTTTCCCTACACGACGCTCTTCCGATCT; Type: regular 3'; Length: 34; Trimmed: 30249 times

No. of allowed errors:
0-9 bp: 0; 10-19 bp: 1; 20-29 bp: 2; 30-34 bp: 3

Bases preceding removed adapters:
  A: 29.6%
  C: 17.6%
  G: 25.2%
  T: 27.5%
  none/other: 0.0%

Overview of removed sequences
length	count	expect	max.err	error counts
3	19635	23501.5	0	19635
4	8198	5875.4	0	8198
5	1577	1468.8	0	1577
6	360	367.2	0	360
7	88	91.8	0	88
8	20	23.0	0	20
9	69	5.7	0	14 55
10	236	1.4	1	4 232
11	53	0.4	1	0 53
12	8	0.1	1	0 8
13	4	0.0	1	0 4
15	1	0.0	1	0 1


=== Second read: Adapter PrefixPE/2 ===

Sequence: GTGACTGGAGTTCAGACGTGTGCTCTTCCGATCT; Type: regular 3'; Length: 34; Trimmed: 24672 times

No. of allowed errors:
0-9 bp: 0; 10-19 bp: 1; 20-29 bp: 2; 30-34 bp: 3

Bases preceding removed adapters:
  A: 26.7%
  C: 14.5%
  G: 23.6%
  T: 35.2%
  none/other: 0.0%

Overview of removed sequences
length	count	expect	max.err	error counts
3	19363	23501.5	0	19363
4	4405	5875.4	0	4405
5	600	1468.8	0	600
6	173	367.2	0	173
7	39	91.8	0	39
8	3	23.0	0	3
9	39	5.7	0	1 38
10	37	1.4	1	1 36
11	8	0.4	1	0 8
12	2	0.1	1	0 2
13	2	0.0	1	0 2
14	1	0.0	1	0 1
