This is cutadapt 2.9 with Python 3.6.6
Command line parameters: --interleaved -a file:/nas02/apps/trimmomatic-0.36/Trimmomatic-0.36/adapters/TruSeq3-PE.fa -A file:/nas02/apps/trimmomatic-0.36/Trimmomatic-0.36/adapters/TruSeq3-PE.fa -m 30 /nas/longleaf/home/zpopkinh/Pvivax_resources/wgs_pe_improved_global/fastq/SRS258091/SRR332414_1.fastq.gz /nas/longleaf/home/zpopkinh/Pvivax_resources/wgs_pe_improved_global/fastq/SRS258091/SRR332414_2.fastq.gz
Processing reads on 1 core in paired-end mode ...
Finished in 1058.07 s (91 us/read; 0.66 M reads/minute).

=== Summary ===

Total read pairs processed:         11,601,630
  Read 1 with adapter:                 374,978 (3.2%)
  Read 2 with adapter:                 612,519 (5.3%)
Pairs written (passing filters):    11,601,622 (100.0%)

Total basepairs processed: 2,343,529,260 bp
  Read 1: 1,171,764,630 bp
  Read 2: 1,171,764,630 bp
Total written (filtered):  2,340,121,133 bp (99.9%)
  Read 1: 1,170,488,989 bp
  Read 2: 1,169,632,144 bp

=== First read: Adapter PrefixPE/1 ===

Sequence: TACACTCTTTCCCTACACGACGCTCTTCCGATCT; Type: regular 3'; Length: 34; Trimmed: 188754 times

No. of allowed errors:
0-9 bp: 0; 10-19 bp: 1; 20-29 bp: 2; 30-34 bp: 3

Bases preceding removed adapters:
  A: 29.2%
  C: 22.7%
  G: 20.6%
  T: 27.5%
  none/other: 0.0%

Overview of removed sequences
length	count	expect	max.err	error counts
3	123300	181275.5	0	123300
4	48684	45318.9	0	48684
5	11554	11329.7	0	11554
6	2776	2832.4	0	2776
7	637	708.1	0	637
8	193	177.0	0	193
9	592	44.3	0	59 533
10	673	11.1	1	20 653
11	255	2.8	1	0 255
12	63	0.7	1	0 63
13	19	0.2	1	0 19
14	3	0.0	1	0 3
15	1	0.0	1	0 1
17	1	0.0	1	0 1
101	3	0.0	3	0 2 0 1


=== First read: Adapter PrefixPE/2 ===

Sequence: GTGACTGGAGTTCAGACGTGTGCTCTTCCGATCT; Type: regular 3'; Length: 34; Trimmed: 186224 times

No. of allowed errors:
0-9 bp: 0; 10-19 bp: 1; 20-29 bp: 2; 30-34 bp: 3

Bases preceding removed adapters:
  A: 23.0%
  C: 15.9%
  G: 25.8%
  T: 35.3%
  none/other: 0.0%

Overview of removed sequences
length	count	expect	max.err	error counts
3	145787	181275.5	0	145787
4	31611	45318.9	0	31611
5	6110	11329.7	0	6110
6	1542	2832.4	0	1542
7	397	708.1	0	397
8	120	177.0	0	120
9	272	44.3	0	18 254
10	253	11.1	1	8 245
11	101	2.8	1	1 100
12	21	0.7	1	0 21
13	5	0.2	1	0 5
14	4	0.0	1	0 4
20	1	0.0	2	0 0 1


=== Second read: Adapter PrefixPE/1 ===

Sequence: TACACTCTTTCCCTACACGACGCTCTTCCGATCT; Type: regular 3'; Length: 34; Trimmed: 300661 times

No. of allowed errors:
0-9 bp: 0; 10-19 bp: 1; 20-29 bp: 2; 30-34 bp: 3

Bases preceding removed adapters:
  A: 30.2%
  C: 29.0%
  G: 20.6%
  T: 20.2%
  none/other: 0.0%

Overview of removed sequences
length	count	expect	max.err	error counts
3	173750	181275.5	0	173750
4	78976	45318.9	0	78976
5	33122	11329.7	0	33122
6	7901	2832.4	0	7901
7	2613	708.1	0	2613
8	1000	177.0	0	1000
9	921	44.3	0	223 698
10	1588	11.1	1	66 1522
11	602	2.8	1	9 593
12	138	0.7	1	1 137
13	29	0.2	1	0 29
14	11	0.0	1	0 11
15	8	0.0	1	0 8
16	1	0.0	1	0 1
20	1	0.0	2	0 0 1


=== Second read: Adapter PrefixPE/2 ===

Sequence: GTGACTGGAGTTCAGACGTGTGCTCTTCCGATCT; Type: regular 3'; Length: 34; Trimmed: 311858 times

No. of allowed errors:
0-9 bp: 0; 10-19 bp: 1; 20-29 bp: 2; 30-34 bp: 3

Bases preceding removed adapters:
  A: 18.9%
  C: 28.7%
  G: 15.8%
  T: 36.6%
  none/other: 0.0%

Overview of removed sequences
length	count	expect	max.err	error counts
3	251614	181275.5	0	251614
4	42604	45318.9	0	42604
5	13065	11329.7	0	13065
6	2887	2832.4	0	2887
7	788	708.1	0	788
8	125	177.0	0	125
9	282	44.3	0	27 255
10	342	11.1	1	6 336
11	113	2.8	1	2 111
12	26	0.7	1	0 26
13	5	0.2	1	0 5
14	1	0.0	1	0 1
70	1	0.0	3	0 0 0 1
79	2	0.0	3	0 1 1
93	1	0.0	3	0 0 1
101	2	0.0	3	0 0 0 2
