This is cutadapt 2.9 with Python 3.6.6
Command line parameters: --interleaved -a file:/nas02/apps/trimmomatic-0.36/Trimmomatic-0.36/adapters/TruSeq3-PE.fa -A file:/nas02/apps/trimmomatic-0.36/Trimmomatic-0.36/adapters/TruSeq3-PE.fa -m 30 /nas/longleaf/home/zpopkinh/Pvivax_resources/wgs_pe_improved_global/fastq/SRS258091/SRR332415_1.fastq.gz /nas/longleaf/home/zpopkinh/Pvivax_resources/wgs_pe_improved_global/fastq/SRS258091/SRR332415_2.fastq.gz
Processing reads on 1 core in paired-end mode ...
Finished in 23381.31 s (338 us/read; 0.18 M reads/minute).

=== Summary ===

Total read pairs processed:         69,179,667
  Read 1 with adapter:               2,918,710 (4.2%)
  Read 2 with adapter:               2,624,261 (3.8%)
Pairs written (passing filters):    69,179,665 (100.0%)

Total basepairs processed: 13,974,292,734 bp
  Read 1: 6,987,146,367 bp
  Read 2: 6,987,146,367 bp
Total written (filtered):  13,955,310,454 bp (99.9%)
  Read 1: 6,977,104,782 bp
  Read 2: 6,978,205,672 bp

=== First read: Adapter PrefixPE/1 ===

Sequence: TACACTCTTTCCCTACACGACGCTCTTCCGATCT; Type: regular 3'; Length: 34; Trimmed: 1489452 times

No. of allowed errors:
0-9 bp: 0; 10-19 bp: 1; 20-29 bp: 2; 30-34 bp: 3

Bases preceding removed adapters:
  A: 29.2%
  C: 24.5%
  G: 19.7%
  T: 26.6%
  none/other: 0.0%

Overview of removed sequences
length	count	expect	max.err	error counts
3	900414	1080932.3	0	900414
4	411139	270233.1	0	411139
5	125472	67558.3	0	125472
6	27943	16889.6	0	27943
7	7945	4222.4	0	7945
8	2311	1055.6	0	2311
9	4528	263.9	0	528 4000
10	6446	66.0	1	176 6270
11	2460	16.5	1	35 2425
12	590	4.1	1	6 584
13	142	1.0	1	1 141
14	44	0.3	1	0 44
15	11	0.1	1	0 11
16	1	0.0	1	0 1
18	2	0.0	1	0 1 1
19	1	0.0	1	0 0 1
45	1	0.0	3	0 0 0 1
90	1	0.0	3	0 0 0 1
101	1	0.0	3	0 0 1


=== First read: Adapter PrefixPE/2 ===

Sequence: GTGACTGGAGTTCAGACGTGTGCTCTTCCGATCT; Type: regular 3'; Length: 34; Trimmed: 1429258 times

No. of allowed errors:
0-9 bp: 0; 10-19 bp: 1; 20-29 bp: 2; 30-34 bp: 3

Bases preceding removed adapters:
  A: 23.7%
  C: 17.7%
  G: 24.6%
  T: 34.0%
  none/other: 0.0%

Overview of removed sequences
length	count	expect	max.err	error counts
3	1143355	1080932.3	0	1143355
4	216971	270233.1	0	216971
5	48883	67558.3	0	48883
6	11687	16889.6	0	11687
7	3199	4222.4	0	3199
8	718	1055.6	0	718
9	1802	263.9	0	161 1641
10	1895	66.0	1	56 1839
11	543	16.5	1	0 543
12	124	4.1	1	2 122
13	30	1.0	1	0 30
14	43	0.3	1	0 43
15	6	0.1	1	0 6
16	1	0.0	1	0 1
19	1	0.0	1	0 0 1


=== Second read: Adapter PrefixPE/1 ===

Sequence: TACACTCTTTCCCTACACGACGCTCTTCCGATCT; Type: regular 3'; Length: 34; Trimmed: 1313398 times

No. of allowed errors:
0-9 bp: 0; 10-19 bp: 1; 20-29 bp: 2; 30-34 bp: 3

Bases preceding removed adapters:
  A: 28.0%
  C: 23.4%
  G: 20.1%
  T: 28.5%
  none/other: 0.0%

Overview of removed sequences
length	count	expect	max.err	error counts
3	836950	1080932.3	0	836950
4	344242	270233.1	0	344242
5	93237	67558.3	0	93237
6	20131	16889.6	0	20131
7	5022	4222.4	0	5022
8	1386	1055.6	0	1386
9	4426	263.9	0	415 4011
10	5246	66.0	1	154 5092
11	2045	16.5	1	33 2012
12	533	4.1	1	2 531
13	150	1.0	1	0 150
14	22	0.3	1	0 22
15	4	0.1	1	0 4
16	2	0.0	1	0 2
19	2	0.0	1	0 0 2


=== Second read: Adapter PrefixPE/2 ===

Sequence: GTGACTGGAGTTCAGACGTGTGCTCTTCCGATCT; Type: regular 3'; Length: 34; Trimmed: 1310863 times

No. of allowed errors:
0-9 bp: 0; 10-19 bp: 1; 20-29 bp: 2; 30-34 bp: 3

Bases preceding removed adapters:
  A: 24.1%
  C: 16.8%
  G: 26.2%
  T: 33.0%
  none/other: 0.0%

Overview of removed sequences
length	count	expect	max.err	error counts
3	1045317	1080932.3	0	1045317
4	205433	270233.1	0	205433
5	42525	67558.3	0	42525
6	9841	16889.6	0	9841
7	2909	4222.4	0	2909
8	712	1055.6	0	712
9	1735	263.9	0	152 1583
10	1668	66.0	1	67 1601
11	557	16.5	1	3 554
12	125	4.1	1	0 125
13	22	1.0	1	0 22
14	17	0.3	1	0 17
15	2	0.1	1	0 2
