This is cutadapt 2.9 with Python 3.6.6
Command line parameters: --interleaved -a file:/nas02/apps/trimmomatic-0.36/Trimmomatic-0.36/adapters/TruSeq3-PE.fa -A file:/nas02/apps/trimmomatic-0.36/Trimmomatic-0.36/adapters/TruSeq3-PE.fa -m 30 /nas/longleaf/home/zpopkinh/Pvivax_resources/wgs_pe_improved_global/fastq/SRS258091/SRR332411_1.fastq.gz /nas/longleaf/home/zpopkinh/Pvivax_resources/wgs_pe_improved_global/fastq/SRS258091/SRR332411_2.fastq.gz
Processing reads on 1 core in paired-end mode ...
Finished in 16496.52 s (484 us/read; 0.12 M reads/minute).

=== Summary ===

Total read pairs processed:         34,077,574
  Read 1 with adapter:               1,231,702 (3.6%)
  Read 2 with adapter:               1,220,786 (3.6%)
Pairs written (passing filters):    34,077,570 (100.0%)

Total basepairs processed: 6,883,669,948 bp
  Read 1: 3,441,834,974 bp
  Read 2: 3,441,834,974 bp
Total written (filtered):  6,875,385,211 bp (99.9%)
  Read 1: 3,437,677,031 bp
  Read 2: 3,437,708,180 bp

=== First read: Adapter PrefixPE/1 ===

Sequence: TACACTCTTTCCCTACACGACGCTCTTCCGATCT; Type: regular 3'; Length: 34; Trimmed: 597712 times

No. of allowed errors:
0-9 bp: 0; 10-19 bp: 1; 20-29 bp: 2; 30-34 bp: 3

Bases preceding removed adapters:
  A: 27.6%
  C: 21.3%
  G: 22.1%
  T: 28.9%
  none/other: 0.0%

Overview of removed sequences
length	count	expect	max.err	error counts
3	400247	532462.1	0	400247
4	151338	133115.5	0	151338
5	32761	33278.9	0	32761
6	7019	8319.7	0	7019
7	1679	2079.9	0	1679
8	367	520.0	0	367
9	1706	130.0	0	204 1502
10	1766	32.5	1	32 1734
11	565	8.1	1	0 565
12	190	2.0	1	0 190
13	66	0.5	1	0 66
14	2	0.1	1	0 2
15	3	0.0	1	0 3
17	1	0.0	1	0 1
35	1	0.0	3	0 0 0 1
101	1	0.0	3	0 1


=== First read: Adapter PrefixPE/2 ===

Sequence: GTGACTGGAGTTCAGACGTGTGCTCTTCCGATCT; Type: regular 3'; Length: 34; Trimmed: 633990 times

No. of allowed errors:
0-9 bp: 0; 10-19 bp: 1; 20-29 bp: 2; 30-34 bp: 3

Bases preceding removed adapters:
  A: 25.4%
  C: 14.6%
  G: 26.5%
  T: 33.6%
  none/other: 0.0%

Overview of removed sequences
length	count	expect	max.err	error counts
3	492698	532462.1	0	492698
4	113976	133115.5	0	113976
5	18835	33278.9	0	18835
6	5021	8319.7	0	5021
7	1225	2079.9	0	1225
8	267	520.0	0	267
9	775	130.0	0	60 715
10	870	32.5	1	23 847
11	227	8.1	1	0 227
12	84	2.0	1	0 84
13	12	0.5	1	0 12


=== Second read: Adapter PrefixPE/1 ===

Sequence: TACACTCTTTCCCTACACGACGCTCTTCCGATCT; Type: regular 3'; Length: 34; Trimmed: 594198 times

No. of allowed errors:
0-9 bp: 0; 10-19 bp: 1; 20-29 bp: 2; 30-34 bp: 3

Bases preceding removed adapters:
  A: 27.8%
  C: 21.3%
  G: 21.7%
  T: 29.2%
  none/other: 0.0%

Overview of removed sequences
length	count	expect	max.err	error counts
3	397085	532462.1	0	397085
4	150499	133115.5	0	150499
5	32602	33278.9	0	32602
6	7183	8319.7	0	7183
7	1650	2079.9	0	1650
8	401	520.0	0	401
9	1724	130.0	0	202 1522
10	2054	32.5	1	61 1993
11	715	8.1	1	6 709
12	236	2.0	1	12 224
13	36	0.5	1	0 36
14	8	0.1	1	0 8
15	5	0.0	1	0 5


=== Second read: Adapter PrefixPE/2 ===

Sequence: GTGACTGGAGTTCAGACGTGTGCTCTTCCGATCT; Type: regular 3'; Length: 34; Trimmed: 626588 times

No. of allowed errors:
0-9 bp: 0; 10-19 bp: 1; 20-29 bp: 2; 30-34 bp: 3

Bases preceding removed adapters:
  A: 25.0%
  C: 14.9%
  G: 26.6%
  T: 33.5%
  none/other: 0.0%

Overview of removed sequences
length	count	expect	max.err	error counts
3	486723	532462.1	0	486723
4	112216	133115.5	0	112216
5	19071	33278.9	0	19071
6	5148	8319.7	0	5148
7	1339	2079.9	0	1339
8	219	520.0	0	219
9	685	130.0	0	73 612
10	814	32.5	1	19 795
11	310	8.1	1	0 310
12	31	2.0	1	0 31
13	29	0.5	1	0 29
101	3	0.0	3	0 0 0 3
