This is cutadapt 2.9 with Python 3.6.6
Command line parameters: --interleaved -a file:/nas02/apps/trimmomatic-0.36/Trimmomatic-0.36/adapters/TruSeq3-PE.fa -A file:/nas02/apps/trimmomatic-0.36/Trimmomatic-0.36/adapters/TruSeq3-PE.fa -m 30 /nas/longleaf/home/zpopkinh/Pvivax_resources/wgs_pe_improved_global/fastq/SRS258091/SRR332409_1.fastq.gz /nas/longleaf/home/zpopkinh/Pvivax_resources/wgs_pe_improved_global/fastq/SRS258091/SRR332409_2.fastq.gz
Processing reads on 1 core in paired-end mode ...
Finished in 8577.77 s (461 us/read; 0.13 M reads/minute).

=== Summary ===

Total read pairs processed:         18,596,512
  Read 1 with adapter:                 655,077 (3.5%)
  Read 2 with adapter:                 660,842 (3.6%)
Pairs written (passing filters):    18,596,511 (100.0%)

Total basepairs processed: 3,756,495,424 bp
  Read 1: 1,878,247,712 bp
  Read 2: 1,878,247,712 bp
Total written (filtered):  3,752,054,551 bp (99.9%)
  Read 1: 1,876,038,833 bp
  Read 2: 1,876,015,718 bp

=== First read: Adapter PrefixPE/1 ===

Sequence: TACACTCTTTCCCTACACGACGCTCTTCCGATCT; Type: regular 3'; Length: 34; Trimmed: 315759 times

No. of allowed errors:
0-9 bp: 0; 10-19 bp: 1; 20-29 bp: 2; 30-34 bp: 3

Bases preceding removed adapters:
  A: 27.6%
  C: 21.9%
  G: 22.2%
  T: 28.4%
  none/other: 0.0%

Overview of removed sequences
length	count	expect	max.err	error counts
3	212621	290570.5	0	212621
4	78351	72642.6	0	78351
5	17602	18160.7	0	17602
6	3781	4540.2	0	3781
7	803	1135.0	0	803
8	233	283.8	0	233
9	861	70.9	0	60 801
10	989	17.7	1	19 970
11	381	4.4	1	2 379
12	102	1.1	1	0 102
13	24	0.3	1	0 24
14	7	0.1	1	0 7
15	3	0.0	1	0 3
99	1	0.0	3	0 1


=== First read: Adapter PrefixPE/2 ===

Sequence: GTGACTGGAGTTCAGACGTGTGCTCTTCCGATCT; Type: regular 3'; Length: 34; Trimmed: 339318 times

No. of allowed errors:
0-9 bp: 0; 10-19 bp: 1; 20-29 bp: 2; 30-34 bp: 3

Bases preceding removed adapters:
  A: 25.1%
  C: 14.7%
  G: 27.1%
  T: 33.1%
  none/other: 0.0%

Overview of removed sequences
length	count	expect	max.err	error counts
3	265691	290570.5	0	265691
4	58984	72642.6	0	58984
5	10057	18160.7	0	10057
6	2669	4540.2	0	2669
7	717	1135.0	0	717
8	207	283.8	0	207
9	410	70.9	0	34 376
10	377	17.7	1	9 368
11	137	4.4	1	1 136
12	44	1.1	1	0 44
13	11	0.3	1	0 11
14	10	0.1	1	0 10
15	4	0.0	1	0 4


=== Second read: Adapter PrefixPE/1 ===

Sequence: TACACTCTTTCCCTACACGACGCTCTTCCGATCT; Type: regular 3'; Length: 34; Trimmed: 317258 times

No. of allowed errors:
0-9 bp: 0; 10-19 bp: 1; 20-29 bp: 2; 30-34 bp: 3

Bases preceding removed adapters:
  A: 27.2%
  C: 22.1%
  G: 22.0%
  T: 28.7%
  none/other: 0.0%

Overview of removed sequences
length	count	expect	max.err	error counts
3	212097	290570.5	0	212097
4	79926	72642.6	0	79926
5	17636	18160.7	0	17636
6	3861	4540.2	0	3861
7	892	1135.0	0	892
8	220	283.8	0	220
9	982	70.9	0	69 913
10	1087	17.7	1	26 1061
11	400	4.4	1	1 399
12	125	1.1	1	1 124
13	24	0.3	1	0 24
14	8	0.1	1	0 8


=== Second read: Adapter PrefixPE/2 ===

Sequence: GTGACTGGAGTTCAGACGTGTGCTCTTCCGATCT; Type: regular 3'; Length: 34; Trimmed: 343584 times

No. of allowed errors:
0-9 bp: 0; 10-19 bp: 1; 20-29 bp: 2; 30-34 bp: 3

Bases preceding removed adapters:
  A: 24.8%
  C: 15.3%
  G: 27.4%
  T: 32.5%
  none/other: 0.0%

Overview of removed sequences
length	count	expect	max.err	error counts
3	268718	290570.5	0	268718
4	59865	72642.6	0	59865
5	10462	18160.7	0	10462
6	2528	4540.2	0	2528
7	736	1135.0	0	736
8	181	283.8	0	181
9	413	70.9	0	61 352
10	463	17.7	1	12 451
11	158	4.4	1	1 157
12	48	1.1	1	0 48
13	7	0.3	1	0 7
14	4	0.1	1	0 4
16	1	0.0	1	0 1
