This is cutadapt 2.9 with Python 3.6.6
Command line parameters: --interleaved -a file:/nas02/apps/trimmomatic-0.36/Trimmomatic-0.36/adapters/TruSeq3-PE.fa -A file:/nas02/apps/trimmomatic-0.36/Trimmomatic-0.36/adapters/TruSeq3-PE.fa -m 30 /nas/longleaf/home/zpopkinh/Pvivax_resources/wgs_pe_improved_global/fastq/SRS258091/SRR332412_1.fastq.gz /nas/longleaf/home/zpopkinh/Pvivax_resources/wgs_pe_improved_global/fastq/SRS258091/SRR332412_2.fastq.gz
Processing reads on 1 core in paired-end mode ...
Finished in 878.06 s (75 us/read; 0.80 M reads/minute).

=== Summary ===

Total read pairs processed:         11,734,506
  Read 1 with adapter:                 371,966 (3.2%)
  Read 2 with adapter:                 637,135 (5.4%)
Pairs written (passing filters):    11,734,491 (100.0%)

Total basepairs processed: 2,370,370,212 bp
  Read 1: 1,185,185,106 bp
  Read 2: 1,185,185,106 bp
Total written (filtered):  2,366,881,468 bp (99.9%)
  Read 1: 1,183,920,663 bp
  Read 2: 1,182,960,805 bp

=== First read: Adapter PrefixPE/1 ===

Sequence: TACACTCTTTCCCTACACGACGCTCTTCCGATCT; Type: regular 3'; Length: 34; Trimmed: 188997 times

No. of allowed errors:
0-9 bp: 0; 10-19 bp: 1; 20-29 bp: 2; 30-34 bp: 3

Bases preceding removed adapters:
  A: 29.4%
  C: 22.1%
  G: 20.3%
  T: 28.2%
  none/other: 0.0%

Overview of removed sequences
length	count	expect	max.err	error counts
3	124225	183351.7	0	124225
4	48646	45837.9	0	48646
5	11090	11459.5	0	11090
6	2616	2864.9	0	2616
7	606	716.2	0	606
8	176	179.1	0	176
9	585	44.8	0	54 531
10	695	11.2	1	19 676
11	264	2.8	1	2 262
12	63	0.7	1	2 61
13	14	0.2	1	1 13
14	4	0.0	1	0 4
15	2	0.0	1	0 2
17	1	0.0	1	0 1
49	1	0.0	3	0 0 0 1
101	9	0.0	3	0 3 5 1


=== First read: Adapter PrefixPE/2 ===

Sequence: GTGACTGGAGTTCAGACGTGTGCTCTTCCGATCT; Type: regular 3'; Length: 34; Trimmed: 182969 times

No. of allowed errors:
0-9 bp: 0; 10-19 bp: 1; 20-29 bp: 2; 30-34 bp: 3

Bases preceding removed adapters:
  A: 22.9%
  C: 15.9%
  G: 25.9%
  T: 35.2%
  none/other: 0.0%

Overview of removed sequences
length	count	expect	max.err	error counts
3	143591	183351.7	0	143591
4	30839	45837.9	0	30839
5	5894	11459.5	0	5894
6	1460	2864.9	0	1460
7	406	716.2	0	406
8	95	179.1	0	95
9	297	44.8	0	24 273
10	253	11.2	1	6 247
11	114	2.8	1	2 112
12	14	0.7	1	0 14
13	6	0.2	1	0 6


=== Second read: Adapter PrefixPE/1 ===

Sequence: TACACTCTTTCCCTACACGACGCTCTTCCGATCT; Type: regular 3'; Length: 34; Trimmed: 317207 times

No. of allowed errors:
0-9 bp: 0; 10-19 bp: 1; 20-29 bp: 2; 30-34 bp: 3

Bases preceding removed adapters:
  A: 31.2%
  C: 29.2%
  G: 20.5%
  T: 19.1%
  none/other: 0.0%

Overview of removed sequences
length	count	expect	max.err	error counts
3	182182	183351.7	0	182182
4	82710	45837.9	0	82710
5	36422	11459.5	0	36422
6	8437	2864.9	0	8437
7	2870	716.2	0	2870
8	1132	179.1	0	1132
9	995	44.8	0	191 804
10	1614	11.2	1	74 1540
11	670	2.8	1	16 654
12	133	0.7	1	0 133
13	31	0.2	1	2 29
14	6	0.0	1	0 6
15	4	0.0	1	0 4
20	1	0.0	2	0 0 1


=== Second read: Adapter PrefixPE/2 ===

Sequence: GTGACTGGAGTTCAGACGTGTGCTCTTCCGATCT; Type: regular 3'; Length: 34; Trimmed: 319928 times

No. of allowed errors:
0-9 bp: 0; 10-19 bp: 1; 20-29 bp: 2; 30-34 bp: 3

Bases preceding removed adapters:
  A: 19.3%
  C: 28.8%
  G: 14.9%
  T: 37.0%
  none/other: 0.0%

Overview of removed sequences
length	count	expect	max.err	error counts
3	258166	183351.7	0	258166
4	43411	45837.9	0	43411
5	13698	11459.5	0	13698
6	2931	2864.9	0	2931
7	824	716.2	0	824
8	129	179.1	0	129
9	287	44.8	0	25 262
10	333	11.2	1	6 327
11	112	2.8	1	4 108
12	16	0.7	1	0 16
13	5	0.2	1	0 5
14	2	0.0	1	0 2
15	2	0.0	1	0 2
70	5	0.0	3	0 0 1 4
71	1	0.0	3	0 0 1
93	1	0.0	3	0 0 1
99	1	0.0	3	0 0 0 1
101	4	0.0	3	0 1 1 2
