This is cutadapt 2.9 with Python 3.6.6
Command line parameters: --interleaved -a file:/nas02/apps/trimmomatic-0.36/Trimmomatic-0.36/adapters/TruSeq3-PE.fa -A file:/nas02/apps/trimmomatic-0.36/Trimmomatic-0.36/adapters/TruSeq3-PE.fa -m 30 /nas/longleaf/home/zpopkinh/Pvivax_resources/wgs_pe_improved_global/fastq/SRS258091/SRR332413_1.fastq.gz /nas/longleaf/home/zpopkinh/Pvivax_resources/wgs_pe_improved_global/fastq/SRS258091/SRR332413_2.fastq.gz
Processing reads on 1 core in paired-end mode ...
Finished in 12275.98 s (94 us/read; 0.64 M reads/minute).

=== Summary ===

Total read pairs processed:        130,982,283
  Read 1 with adapter:               4,308,769 (3.3%)
  Read 2 with adapter:               4,684,538 (3.6%)
Pairs written (passing filters):   130,982,252 (100.0%)

Total basepairs processed: 26,458,421,166 bp
  Read 1: 13,229,210,583 bp
  Read 2: 13,229,210,583 bp
Total written (filtered):  26,428,130,273 bp (99.9%)
  Read 1: 13,214,609,315 bp
  Read 2: 13,213,520,958 bp

=== First read: Adapter PrefixPE/1 ===

Sequence: TACACTCTTTCCCTACACGACGCTCTTCCGATCT; Type: regular 3'; Length: 34; Trimmed: 2116864 times

No. of allowed errors:
0-9 bp: 0; 10-19 bp: 1; 20-29 bp: 2; 30-34 bp: 3

Bases preceding removed adapters:
  A: 29.1%
  C: 20.5%
  G: 21.7%
  T: 28.7%
  none/other: 0.0%

Overview of removed sequences
length	count	expect	max.err	error counts
3	1413116	2046598.2	0	1413116
4	545707	511649.5	0	545707
5	109144	127912.4	0	109144
6	25920	31978.1	0	25920
7	5546	7994.5	0	5546
8	1500	1998.6	0	1500
9	6130	499.7	0	502 5628
10	6699	124.9	1	169 6530
11	2329	31.2	1	23 2306
12	558	7.8	1	8 550
13	147	2.0	1	1 146
14	45	0.5	1	0 45
15	7	0.1	1	0 7
16	4	0.0	1	0 4
20	1	0.0	2	0 0 1
22	2	0.0	2	0 1 1
26	1	0.0	2	0 1
49	1	0.0	3	0 0 0 1
51	1	0.0	3	0 0 0 1
54	1	0.0	3	0 1
58	1	0.0	3	0 0 0 1
61	1	0.0	3	0 0 0 1
101	3	0.0	3	0 0 1 2


=== First read: Adapter PrefixPE/2 ===

Sequence: GTGACTGGAGTTCAGACGTGTGCTCTTCCGATCT; Type: regular 3'; Length: 34; Trimmed: 2191905 times

No. of allowed errors:
0-9 bp: 0; 10-19 bp: 1; 20-29 bp: 2; 30-34 bp: 3

Bases preceding removed adapters:
  A: 26.0%
  C: 13.6%
  G: 25.1%
  T: 35.3%
  none/other: 0.0%

Overview of removed sequences
length	count	expect	max.err	error counts
3	1675202	2046598.2	0	1675202
4	413994	511649.5	0	413994
5	69990	127912.4	0	69990
6	18484	31978.1	0	18484
7	4981	7994.5	0	4981
8	1218	1998.6	0	1218
9	3111	499.7	0	301 2810
10	3432	124.9	1	74 3358
11	1107	31.2	1	14 1093
12	260	7.8	1	7 253
13	90	2.0	1	0 90
14	28	0.5	1	0 28
15	5	0.1	1	0 5
16	1	0.0	1	0 1
17	1	0.0	1	0 1
18	1	0.0	1	0 0 1


=== Second read: Adapter PrefixPE/1 ===

Sequence: TACACTCTTTCCCTACACGACGCTCTTCCGATCT; Type: regular 3'; Length: 34; Trimmed: 2062285 times

No. of allowed errors:
0-9 bp: 0; 10-19 bp: 1; 20-29 bp: 2; 30-34 bp: 3

Bases preceding removed adapters:
  A: 29.4%
  C: 20.2%
  G: 21.2%
  T: 29.2%
  none/other: 0.0%

Overview of removed sequences
length	count	expect	max.err	error counts
3	1381932	2046598.2	0	1381932
4	528296	511649.5	0	528296
5	104834	127912.4	0	104834
6	24821	31978.1	0	24821
7	5183	7994.5	0	5183
8	1500	1998.6	0	1500
9	6087	499.7	0	458 5629
10	6631	124.9	1	169 6462
11	2251	31.2	1	37 2214
12	533	7.8	1	3 530
13	159	2.0	1	1 158
14	48	0.5	1	0 48
15	8	0.1	1	0 8
16	1	0.0	1	0 1
19	1	0.0	1	0 0 1


=== Second read: Adapter PrefixPE/2 ===

Sequence: GTGACTGGAGTTCAGACGTGTGCTCTTCCGATCT; Type: regular 3'; Length: 34; Trimmed: 2622253 times

No. of allowed errors:
0-9 bp: 0; 10-19 bp: 1; 20-29 bp: 2; 30-34 bp: 3

Bases preceding removed adapters:
  A: 23.2%
  C: 26.1%
  G: 21.2%
  T: 29.5%
  none/other: 0.0%

Overview of removed sequences
length	count	expect	max.err	error counts
3	2106023	2046598.2	0	2106023
4	416801	511649.5	0	416801
5	68418	127912.4	0	68418
6	17326	31978.1	0	17326
7	4795	7994.5	0	4795
8	1155	1998.6	0	1155
9	3004	499.7	0	252 2752
10	3222	124.9	1	80 3142
11	1107	31.2	1	11 1096
12	246	7.8	1	4 242
13	86	2.0	1	1 85
14	15	0.5	1	0 15
15	6	0.1	1	0 6
16	3	0.0	1	0 3
17	1	0.0	1	0 1
18	1	0.0	1	0 1
20	1	0.0	2	0 0 1
28	1	0.0	2	0 0 1
45	1	0.0	3	0 0 0 1
50	1	0.0	3	0 0 0 1
69	1	0.0	3	0 0 0 1
70	10	0.0	3	0 2 1 7
71	1	0.0	3	0 0 1
72	5	0.0	3	0 0 1 4
74	2	0.0	3	0 0 1 1
81	1	0.0	3	0 0 1
93	11	0.0	3	0 1 9 1
97	2	0.0	3	0 2
98	2	0.0	3	0 0 1 1
99	1	0.0	3	0 0 1
101	4	0.0	3	0 0 1 3
