This is cutadapt 2.9 with Python 3.6.6
Command line parameters: --interleaved -a file:/nas02/apps/trimmomatic-0.36/Trimmomatic-0.36/adapters/TruSeq3-PE.fa -A file:/nas02/apps/trimmomatic-0.36/Trimmomatic-0.36/adapters/TruSeq3-PE.fa -m 30 /nas/longleaf/home/zpopkinh/Pvivax_resources/wgs_pe_improved_global/fastq/SRS258091/SRR340129_1.fastq.gz /nas/longleaf/home/zpopkinh/Pvivax_resources/wgs_pe_improved_global/fastq/SRS258091/SRR340129_2.fastq.gz
Processing reads on 1 core in paired-end mode ...
Finished in 3388.51 s (74 us/read; 0.81 M reads/minute).

=== Summary ===

Total read pairs processed:         45,606,818
  Read 1 with adapter:               1,656,508 (3.6%)
  Read 2 with adapter:               1,703,150 (3.7%)
Pairs written (passing filters):    45,606,817 (100.0%)

Total basepairs processed: 6,932,236,336 bp
  Read 1: 3,466,118,168 bp
  Read 2: 3,466,118,168 bp
Total written (filtered):  6,920,844,573 bp (99.8%)
  Read 1: 3,460,510,180 bp
  Read 2: 3,460,334,393 bp

=== First read: Adapter PrefixPE/1 ===

Sequence: TACACTCTTTCCCTACACGACGCTCTTCCGATCT; Type: regular 3'; Length: 34; Trimmed: 876218 times

No. of allowed errors:
0-9 bp: 0; 10-19 bp: 1; 20-29 bp: 2; 30-34 bp: 3

Bases preceding removed adapters:
  A: 32.5%
  C: 18.0%
  G: 19.2%
  T: 30.3%
  none/other: 0.0%

Overview of removed sequences
length	count	expect	max.err	error counts
3	582748	712606.5	0	582748
4	230614	178151.6	0	230614
5	42931	44537.9	0	42931
6	10451	11134.5	0	10451
7	2110	2783.6	0	2110
8	609	695.9	0	609
9	2656	174.0	0	193 2463
10	2883	43.5	1	70 2813
11	917	10.9	1	13 904
12	216	2.7	1	4 212
13	60	0.7	1	0 60
14	17	0.2	1	0 17
15	5	0.0	1	0 5
16	1	0.0	1	0 1


=== First read: Adapter PrefixPE/2 ===

Sequence: GTGACTGGAGTTCAGACGTGTGCTCTTCCGATCT; Type: regular 3'; Length: 34; Trimmed: 780290 times

No. of allowed errors:
0-9 bp: 0; 10-19 bp: 1; 20-29 bp: 2; 30-34 bp: 3

Bases preceding removed adapters:
  A: 25.8%
  C: 12.7%
  G: 24.0%
  T: 37.4%
  none/other: 0.0%

Overview of removed sequences
length	count	expect	max.err	error counts
3	604399	712606.5	0	604399
4	141510	178151.6	0	141510
5	23806	44537.9	0	23806
6	6078	11134.5	0	6078
7	1631	2783.6	0	1631
8	389	695.9	0	389
9	926	174.0	0	84 842
10	1115	43.5	1	20 1095
11	319	10.9	1	2 317
12	88	2.7	1	3 85
13	20	0.7	1	0 20
14	6	0.2	1	0 6
15	2	0.0	1	0 2
76	1	0.0	3	0 0 1


=== Second read: Adapter PrefixPE/1 ===

Sequence: TACACTCTTTCCCTACACGACGCTCTTCCGATCT; Type: regular 3'; Length: 34; Trimmed: 920013 times

No. of allowed errors:
0-9 bp: 0; 10-19 bp: 1; 20-29 bp: 2; 30-34 bp: 3

Bases preceding removed adapters:
  A: 32.7%
  C: 18.5%
  G: 19.0%
  T: 29.8%
  none/other: 0.0%

Overview of removed sequences
length	count	expect	max.err	error counts
3	609714	712606.5	0	609714
4	242072	178151.6	0	242072
5	46277	44537.9	0	46277
6	11392	11134.5	0	11392
7	2548	2783.6	0	2548
8	667	695.9	0	667
9	2766	174.0	0	215 2551
10	3073	43.5	1	88 2985
11	1155	10.9	1	16 1139
12	233	2.7	1	6 227
13	81	0.7	1	2 79
14	25	0.2	1	0 25
15	10	0.0	1	0 10


=== Second read: Adapter PrefixPE/2 ===

Sequence: GTGACTGGAGTTCAGACGTGTGCTCTTCCGATCT; Type: regular 3'; Length: 34; Trimmed: 783137 times

No. of allowed errors:
0-9 bp: 0; 10-19 bp: 1; 20-29 bp: 2; 30-34 bp: 3

Bases preceding removed adapters:
  A: 26.0%
  C: 13.3%
  G: 22.7%
  T: 38.0%
  none/other: 0.0%

Overview of removed sequences
length	count	expect	max.err	error counts
3	600499	712606.5	0	600499
4	147079	178151.6	0	147079
5	24557	44537.9	0	24557
6	6469	11134.5	0	6469
7	1699	2783.6	0	1699
8	368	695.9	0	368
9	916	174.0	0	80 836
10	1049	43.5	1	26 1023
11	367	10.9	1	4 363
12	92	2.7	1	3 89
13	33	0.7	1	0 33
14	6	0.2	1	0 6
15	3	0.0	1	0 3
