This is cutadapt 2.9 with Python 3.6.6
Command line parameters: --interleaved -a file:/nas02/apps/trimmomatic-0.36/Trimmomatic-0.36/adapters/TruSeq3-PE.fa -A file:/nas02/apps/trimmomatic-0.36/Trimmomatic-0.36/adapters/TruSeq3-PE.fa -m 30 /nas/longleaf/home/zpopkinh/Pvivax_resources/wgs_pe_improved_global/fastq/SRS1885921/SRR5136531_1.fastq.gz /nas/longleaf/home/zpopkinh/Pvivax_resources/wgs_pe_improved_global/fastq/SRS1885921/SRR5136531_2.fastq.gz
Processing reads on 1 core in paired-end mode ...
Finished in 50.61 s (54 us/read; 1.10 M reads/minute).

=== Summary ===

Total read pairs processed:            929,866
  Read 1 with adapter:                  38,579 (4.1%)
  Read 2 with adapter:                  49,373 (5.3%)
Pairs written (passing filters):       929,866 (100.0%)

Total basepairs processed:   185,973,200 bp
  Read 1:    92,986,600 bp
  Read 2:    92,986,600 bp
Total written (filtered):    185,667,267 bp (99.8%)
  Read 1:    92,849,726 bp
  Read 2:    92,817,541 bp

=== First read: Adapter PrefixPE/1 ===

Sequence: TACACTCTTTCCCTACACGACGCTCTTCCGATCT; Type: regular 3'; Length: 34; Trimmed: 23804 times

No. of allowed errors:
0-9 bp: 0; 10-19 bp: 1; 20-29 bp: 2; 30-34 bp: 3

Bases preceding removed adapters:
  A: 62.8%
  C: 12.8%
  G: 12.4%
  T: 12.0%
  none/other: 0.0%

Overview of removed sequences
length	count	expect	max.err	error counts
3	12297	14529.2	0	12297
4	6564	3632.3	0	6564
5	4733	908.1	0	4733
6	101	227.0	0	101
7	35	56.8	0	35
8	6	14.2	0	6
9	29	3.5	0	11 18
10	33	0.9	1	1 32
11	4	0.2	1	0 4
12	2	0.1	1	0 2


=== First read: Adapter PrefixPE/2 ===

Sequence: GTGACTGGAGTTCAGACGTGTGCTCTTCCGATCT; Type: regular 3'; Length: 34; Trimmed: 14775 times

No. of allowed errors:
0-9 bp: 0; 10-19 bp: 1; 20-29 bp: 2; 30-34 bp: 3

Bases preceding removed adapters:
  A: 22.4%
  C: 18.0%
  G: 28.7%
  T: 30.8%
  none/other: 0.0%

Overview of removed sequences
length	count	expect	max.err	error counts
3	11575	14529.2	0	11575
4	2619	3632.3	0	2619
5	371	908.1	0	371
6	124	227.0	0	124
7	50	56.8	0	50
8	1	14.2	0	1
9	15	3.5	0	0 15
10	11	0.9	1	2 9
11	7	0.2	1	0 7
12	2	0.1	1	0 2


=== Second read: Adapter PrefixPE/1 ===

Sequence: TACACTCTTTCCCTACACGACGCTCTTCCGATCT; Type: regular 3'; Length: 34; Trimmed: 27736 times

No. of allowed errors:
0-9 bp: 0; 10-19 bp: 1; 20-29 bp: 2; 30-34 bp: 3

Bases preceding removed adapters:
  A: 54.0%
  C: 25.3%
  G: 10.6%
  T: 10.2%
  none/other: 0.0%

Overview of removed sequences
length	count	expect	max.err	error counts
3	16188	14529.2	0	16188
4	6594	3632.3	0	6594
5	4743	908.1	0	4743
6	137	227.0	0	137
7	26	56.8	0	26
8	9	14.2	0	9
9	16	3.5	0	1 15
10	20	0.9	1	0 20
11	3	0.2	1	0 3


=== Second read: Adapter PrefixPE/2 ===

Sequence: GTGACTGGAGTTCAGACGTGTGCTCTTCCGATCT; Type: regular 3'; Length: 34; Trimmed: 21637 times

No. of allowed errors:
0-9 bp: 0; 10-19 bp: 1; 20-29 bp: 2; 30-34 bp: 3

Bases preceding removed adapters:
  A: 14.4%
  C: 12.2%
  G: 36.2%
  T: 37.2%
  none/other: 0.0%

Overview of removed sequences
length	count	expect	max.err	error counts
3	18516	14529.2	0	18516
4	2493	3632.3	0	2493
5	459	908.1	0	459
6	111	227.0	0	111
7	34	56.8	0	34
8	1	14.2	0	1
9	12	3.5	0	0 12
10	6	0.9	1	1 5
11	4	0.2	1	0 4
12	1	0.1	1	0 1
