This is cutadapt 2.9 with Python 3.6.6
Command line parameters: --interleaved -a file:/nas02/apps/trimmomatic-0.36/Trimmomatic-0.36/adapters/TruSeq3-PE.fa -A file:/nas02/apps/trimmomatic-0.36/Trimmomatic-0.36/adapters/TruSeq3-PE.fa -m 30 /nas/longleaf/home/zpopkinh/Pvivax_resources/wgs_pe_improved_global/fastq/ERR5740802/ERR5740802_1.fastq.gz /nas/longleaf/home/zpopkinh/Pvivax_resources/wgs_pe_improved_global/fastq/ERR5740802/ERR5740802_2.fastq.gz
Processing reads on 1 core in paired-end mode ...
Finished in 415.58 s (127 us/read; 0.47 M reads/minute).

=== Summary ===

Total read pairs processed:          3,279,309
  Read 1 with adapter:                 119,685 (3.6%)
  Read 2 with adapter:                 119,109 (3.6%)
Pairs written (passing filters):     3,279,305 (100.0%)

Total basepairs processed:   990,351,318 bp
  Read 1:   495,175,659 bp
  Read 2:   495,175,659 bp
Total written (filtered):    989,538,345 bp (99.9%)
  Read 1:   494,768,172 bp
  Read 2:   494,770,173 bp

=== First read: Adapter PrefixPE/1 ===

Sequence: TACACTCTTTCCCTACACGACGCTCTTCCGATCT; Type: regular 3'; Length: 34; Trimmed: 59364 times

No. of allowed errors:
0-9 bp: 0; 10-19 bp: 1; 20-29 bp: 2; 30-34 bp: 3

Bases preceding removed adapters:
  A: 29.2%
  C: 20.7%
  G: 20.1%
  T: 30.0%
  none/other: 0.0%

Overview of removed sequences
length	count	expect	max.err	error counts
3	39165	51239.2	0	39165
4	15845	12809.8	0	15845
5	2896	3202.5	0	2896
6	698	800.6	0	698
7	154	200.2	0	154
8	47	50.0	0	47
9	184	12.5	0	10 174
10	251	3.1	1	3 248
11	94	0.8	1	1 93
12	24	0.2	1	0 24
13	2	0.0	1	0 2
14	2	0.0	1	0 2
93	1	0.0	3	0 1
108	1	0.0	3	0 0 1


=== First read: Adapter PrefixPE/2 ===

Sequence: GTGACTGGAGTTCAGACGTGTGCTCTTCCGATCT; Type: regular 3'; Length: 34; Trimmed: 60321 times

No. of allowed errors:
0-9 bp: 0; 10-19 bp: 1; 20-29 bp: 2; 30-34 bp: 3

Bases preceding removed adapters:
  A: 27.8%
  C: 12.1%
  G: 25.4%
  T: 34.7%
  none/other: 0.0%

Overview of removed sequences
length	count	expect	max.err	error counts
3	45847	51239.2	0	45847
4	11740	12809.8	0	11740
5	1793	3202.5	0	1793
6	552	800.6	0	552
7	143	200.2	0	143
8	34	50.0	0	34
9	80	12.5	0	5 75
10	81	3.1	1	5 76
11	29	0.8	1	0 29
12	18	0.2	1	0 18
13	1	0.0	1	0 1
14	1	0.0	1	0 1
143	2	0.0	3	2


=== Second read: Adapter PrefixPE/1 ===

Sequence: TACACTCTTTCCCTACACGACGCTCTTCCGATCT; Type: regular 3'; Length: 34; Trimmed: 59141 times

No. of allowed errors:
0-9 bp: 0; 10-19 bp: 1; 20-29 bp: 2; 30-34 bp: 3

Bases preceding removed adapters:
  A: 29.7%
  C: 21.2%
  G: 20.1%
  T: 29.0%
  none/other: 0.0%

Overview of removed sequences
length	count	expect	max.err	error counts
3	38887	51239.2	0	38887
4	15796	12809.8	0	15796
5	3010	3202.5	0	3010
6	707	800.6	0	707
7	162	200.2	0	162
8	50	50.0	0	50
9	190	12.5	0	18 172
10	236	3.1	1	10 226
11	82	0.8	1	2 80
12	17	0.2	1	0 17
13	4	0.0	1	0 4


=== Second read: Adapter PrefixPE/2 ===

Sequence: GTGACTGGAGTTCAGACGTGTGCTCTTCCGATCT; Type: regular 3'; Length: 34; Trimmed: 59968 times

No. of allowed errors:
0-9 bp: 0; 10-19 bp: 1; 20-29 bp: 2; 30-34 bp: 3

Bases preceding removed adapters:
  A: 27.8%
  C: 13.1%
  G: 25.0%
  T: 34.1%
  none/other: 0.0%

Overview of removed sequences
length	count	expect	max.err	error counts
3	45747	51239.2	0	45747
4	11421	12809.8	0	11421
5	1911	3202.5	0	1911
6	492	800.6	0	492
7	129	200.2	0	129
8	36	50.0	0	36
9	90	12.5	0	7 83
10	84	3.1	1	3 81
11	43	0.8	1	0 43
12	8	0.2	1	0 8
13	2	0.0	1	0 2
14	2	0.0	1	0 2
87	1	0.0	3	0 0 0 1
143	2	0.0	3	0 0 0 2
