This is cutadapt 2.9 with Python 3.6.6
Command line parameters: --interleaved -a file:/nas02/apps/trimmomatic-0.36/Trimmomatic-0.36/adapters/TruSeq3-PE.fa -A file:/nas02/apps/trimmomatic-0.36/Trimmomatic-0.36/adapters/TruSeq3-PE.fa -m 30 /nas/longleaf/home/zpopkinh/Pvivax_resources/wgs_pe_improved_global/fastq/SRS693910/SRR1568212_1.fastq.gz /nas/longleaf/home/zpopkinh/Pvivax_resources/wgs_pe_improved_global/fastq/SRS693910/SRR1568212_2.fastq.gz
Processing reads on 1 core in paired-end mode ...
Finished in 771.31 s (77 us/read; 0.78 M reads/minute).

=== Summary ===

Total read pairs processed:         10,035,324
  Read 1 with adapter:                 356,127 (3.5%)
  Read 2 with adapter:                 365,337 (3.6%)
Pairs written (passing filters):    10,035,321 (100.0%)

Total basepairs processed: 2,027,135,448 bp
  Read 1: 1,013,567,724 bp
  Read 2: 1,013,567,724 bp
Total written (filtered):  2,024,714,464 bp (99.9%)
  Read 1: 1,012,370,238 bp
  Read 2: 1,012,344,226 bp

=== First read: Adapter PrefixPE/1 ===

Sequence: TACACTCTTTCCCTACACGACGCTCTTCCGATCT; Type: regular 3'; Length: 34; Trimmed: 173012 times

No. of allowed errors:
0-9 bp: 0; 10-19 bp: 1; 20-29 bp: 2; 30-34 bp: 3

Bases preceding removed adapters:
  A: 24.1%
  C: 21.3%
  G: 24.4%
  T: 30.1%
  none/other: 0.0%

Overview of removed sequences
length	count	expect	max.err	error counts
3	119994	156801.9	0	119994
4	38336	39200.5	0	38336
5	9785	9800.1	0	9785
6	2471	2450.0	0	2471
7	405	612.5	0	405
8	117	153.1	0	117
9	648	38.3	0	5 643
10	820	9.6	1	5 815
11	264	2.4	1	54 210
12	55	0.6	1	45 10
13	66	0.1	1	57 9
14	16	0.0	1	0 16
15	35	0.0	1	0 35


=== First read: Adapter PrefixPE/2 ===

Sequence: GTGACTGGAGTTCAGACGTGTGCTCTTCCGATCT; Type: regular 3'; Length: 34; Trimmed: 183115 times

No. of allowed errors:
0-9 bp: 0; 10-19 bp: 1; 20-29 bp: 2; 30-34 bp: 3

Bases preceding removed adapters:
  A: 27.4%
  C: 17.0%
  G: 29.0%
  T: 26.6%
  none/other: 0.0%

Overview of removed sequences
length	count	expect	max.err	error counts
3	144341	156801.9	0	144341
4	33744	39200.5	0	33744
5	3561	9800.1	0	3561
6	637	2450.0	0	637
7	150	612.5	0	150
8	53	153.1	0	53
9	418	38.3	0	63 355
10	120	9.6	1	24 96
11	30	2.4	1	2 28
12	53	0.6	1	0 53
13	8	0.1	1	0 8


=== Second read: Adapter PrefixPE/1 ===

Sequence: TACACTCTTTCCCTACACGACGCTCTTCCGATCT; Type: regular 3'; Length: 34; Trimmed: 167794 times

No. of allowed errors:
0-9 bp: 0; 10-19 bp: 1; 20-29 bp: 2; 30-34 bp: 3

Bases preceding removed adapters:
  A: 25.3%
  C: 20.8%
  G: 24.5%
  T: 29.4%
  none/other: 0.0%

Overview of removed sequences
length	count	expect	max.err	error counts
3	116989	156801.9	0	116989
4	36858	39200.5	0	36858
5	9032	9800.1	0	9032
6	2326	2450.0	0	2326
7	445	612.5	0	445
8	83	153.1	0	83
9	845	38.3	0	40 805
10	859	9.6	1	31 828
11	198	2.4	1	11 187
12	52	0.6	1	36 16
13	16	0.1	1	13 3
14	37	0.0	1	0 37
15	54	0.0	1	0 54


=== Second read: Adapter PrefixPE/2 ===

Sequence: GTGACTGGAGTTCAGACGTGTGCTCTTCCGATCT; Type: regular 3'; Length: 34; Trimmed: 197543 times

No. of allowed errors:
0-9 bp: 0; 10-19 bp: 1; 20-29 bp: 2; 30-34 bp: 3

Bases preceding removed adapters:
  A: 27.3%
  C: 19.4%
  G: 28.9%
  T: 24.5%
  none/other: 0.0%

Overview of removed sequences
length	count	expect	max.err	error counts
3	158076	156801.9	0	158076
4	34332	39200.5	0	34332
5	3625	9800.1	0	3625
6	714	2450.0	0	714
7	153	612.5	0	153
8	55	153.1	0	55
9	341	38.3	0	32 309
10	175	9.6	1	12 163
11	41	2.4	1	0 41
12	16	0.6	1	0 16
13	3	0.1	1	0 3
15	1	0.0	1	1
16	1	0.0	1	0 1
21	1	0.0	2	0 0 1
33	1	0.0	3	0 0 0 1
41	1	0.0	3	0 0 0 1
52	1	0.0	3	0 0 1
71	3	0.0	3	0 0 0 3
72	1	0.0	3	0 0 0 1
96	2	0.0	3	0 0 2
