This is cutadapt 2.9 with Python 3.6.6
Command line parameters: --interleaved -a file:/nas02/apps/trimmomatic-0.36/Trimmomatic-0.36/adapters/TruSeq3-PE.fa -A file:/nas02/apps/trimmomatic-0.36/Trimmomatic-0.36/adapters/TruSeq3-PE.fa -m 30 /nas/longleaf/home/zpopkinh/Pvivax_resources/wgs_pe_improved_global/fastq/SRS693910/SRR1564594_1.fastq.gz /nas/longleaf/home/zpopkinh/Pvivax_resources/wgs_pe_improved_global/fastq/SRS693910/SRR1564594_2.fastq.gz
Processing reads on 1 core in paired-end mode ...
Finished in 4.19 s (55 us/read; 1.10 M reads/minute).

=== Summary ===

Total read pairs processed:             76,722
  Read 1 with adapter:                   2,374 (3.1%)
  Read 2 with adapter:                   2,825 (3.7%)
Pairs written (passing filters):        76,721 (100.0%)

Total basepairs processed:    15,497,844 bp
  Read 1:     7,748,922 bp
  Read 2:     7,748,922 bp
Total written (filtered):     15,479,887 bp (99.9%)
  Read 1:     7,740,673 bp
  Read 2:     7,739,214 bp

=== First read: Adapter PrefixPE/1 ===

Sequence: TACACTCTTTCCCTACACGACGCTCTTCCGATCT; Type: regular 3'; Length: 34; Trimmed: 1468 times

No. of allowed errors:
0-9 bp: 0; 10-19 bp: 1; 20-29 bp: 2; 30-34 bp: 3

Bases preceding removed adapters:
  A: 35.4%
  C: 25.7%
  G: 13.6%
  T: 25.3%
  none/other: 0.0%

Overview of removed sequences
length	count	expect	max.err	error counts
3	966	1198.8	0	966
4	378	299.7	0	378
5	90	74.9	0	90
6	17	18.7	0	17
7	3	4.7	0	3
8	1	1.2	0	1
9	4	0.3	0	0 4
10	4	0.1	1	1 3
11	4	0.0	1	1 3
12	1	0.0	1	1


=== First read: Adapter PrefixPE/2 ===

Sequence: GTGACTGGAGTTCAGACGTGTGCTCTTCCGATCT; Type: regular 3'; Length: 34; Trimmed: 906 times

No. of allowed errors:
0-9 bp: 0; 10-19 bp: 1; 20-29 bp: 2; 30-34 bp: 3

Bases preceding removed adapters:
  A: 28.7%
  C: 14.6%
  G: 28.7%
  T: 28.0%
  none/other: 0.0%

Overview of removed sequences
length	count	expect	max.err	error counts
3	679	1198.8	0	679
4	189	299.7	0	189
5	22	74.9	0	22
6	8	18.7	0	8
9	6	0.3	0	0 6
10	2	0.1	1	0 2


=== Second read: Adapter PrefixPE/1 ===

Sequence: TACACTCTTTCCCTACACGACGCTCTTCCGATCT; Type: regular 3'; Length: 34; Trimmed: 1668 times

No. of allowed errors:
0-9 bp: 0; 10-19 bp: 1; 20-29 bp: 2; 30-34 bp: 3

Bases preceding removed adapters:
  A: 34.4%
  C: 29.4%
  G: 13.5%
  T: 22.7%
  none/other: 0.0%

Overview of removed sequences
length	count	expect	max.err	error counts
3	1083	1198.8	0	1083
4	478	299.7	0	478
5	75	74.9	0	75
6	9	18.7	0	9
7	2	4.7	0	2
8	1	1.2	0	1
9	8	0.3	0	2 6
10	9	0.1	1	0 9
11	1	0.0	1	1
12	1	0.0	1	1
13	1	0.0	1	1


=== Second read: Adapter PrefixPE/2 ===

Sequence: GTGACTGGAGTTCAGACGTGTGCTCTTCCGATCT; Type: regular 3'; Length: 34; Trimmed: 1157 times

No. of allowed errors:
0-9 bp: 0; 10-19 bp: 1; 20-29 bp: 2; 30-34 bp: 3

Bases preceding removed adapters:
  A: 29.0%
  C: 30.3%
  G: 21.6%
  T: 19.1%
  none/other: 0.0%

Overview of removed sequences
length	count	expect	max.err	error counts
3	907	1198.8	0	907
4	204	299.7	0	204
5	33	74.9	0	33
6	3	18.7	0	3
7	3	4.7	0	3
9	4	0.3	0	0 4
10	2	0.1	1	0 2
96	1	0.0	3	0 0 1
