This is cutadapt 2.9 with Python 3.6.6
Command line parameters: --interleaved -a file:/nas02/apps/trimmomatic-0.36/Trimmomatic-0.36/adapters/TruSeq3-PE.fa -A file:/nas02/apps/trimmomatic-0.36/Trimmomatic-0.36/adapters/TruSeq3-PE.fa -m 30 /nas/longleaf/home/zpopkinh/Pvivax_resources/wgs_pe_improved_global/fastq/SRR10969363/SRR10969363_1.fastq.gz /nas/longleaf/home/zpopkinh/Pvivax_resources/wgs_pe_improved_global/fastq/SRR10969363/SRR10969363_2.fastq.gz
Processing reads on 1 core in paired-end mode ...
Finished in 1071.04 s (129 us/read; 0.46 M reads/minute).

=== Summary ===

Total read pairs processed:          8,270,987
  Read 1 with adapter:                 303,437 (3.7%)
  Read 2 with adapter:                 307,512 (3.7%)
Pairs written (passing filters):     8,270,985 (100.0%)

Total basepairs processed: 2,481,296,100 bp
  Read 1: 1,240,648,050 bp
  Read 2: 1,240,648,050 bp
Total written (filtered):  2,479,212,028 bp (99.9%)
  Read 1: 1,239,612,585 bp
  Read 2: 1,239,599,443 bp

=== First read: Adapter PrefixPE/1 ===

Sequence: TACACTCTTTCCCTACACGACGCTCTTCCGATCT; Type: regular 3'; Length: 34; Trimmed: 144411 times

No. of allowed errors:
0-9 bp: 0; 10-19 bp: 1; 20-29 bp: 2; 30-34 bp: 3

Bases preceding removed adapters:
  A: 30.6%
  C: 21.5%
  G: 17.2%
  T: 30.8%
  none/other: 0.0%

Overview of removed sequences
length	count	expect	max.err	error counts
3	95302	129234.2	0	95302
4	38869	32308.5	0	38869
5	6559	8077.1	0	6559
6	1783	2019.3	0	1783
7	362	504.8	0	362
8	114	126.2	0	114
9	373	31.6	0	28 345
10	785	7.9	1	20 765
11	190	2.0	1	0 190
12	51	0.5	1	2 49
13	17	0.1	1	0 17
14	3	0.0	1	0 3
15	1	0.0	1	0 1
45	1	0.0	3	0 0 1
146	1	0.0	3	0 1


=== First read: Adapter PrefixPE/2 ===

Sequence: GTGACTGGAGTTCAGACGTGTGCTCTTCCGATCT; Type: regular 3'; Length: 34; Trimmed: 159026 times

No. of allowed errors:
0-9 bp: 0; 10-19 bp: 1; 20-29 bp: 2; 30-34 bp: 3

Bases preceding removed adapters:
  A: 30.3%
  C: 8.1%
  G: 25.2%
  T: 36.5%
  none/other: 0.0%

Overview of removed sequences
length	count	expect	max.err	error counts
3	118460	129234.2	0	118460
4	32144	32308.5	0	32144
5	5436	8077.1	0	5436
6	1681	2019.3	0	1681
7	452	504.8	0	452
8	119	126.2	0	119
9	273	31.6	0	31 242
10	304	7.9	1	7 297
11	117	2.0	1	1 116
12	33	0.5	1	0 33
13	4	0.1	1	0 4
14	3	0.0	1	0 3


=== Second read: Adapter PrefixPE/1 ===

Sequence: TACACTCTTTCCCTACACGACGCTCTTCCGATCT; Type: regular 3'; Length: 34; Trimmed: 147066 times

No. of allowed errors:
0-9 bp: 0; 10-19 bp: 1; 20-29 bp: 2; 30-34 bp: 3

Bases preceding removed adapters:
  A: 30.5%
  C: 21.7%
  G: 17.0%
  T: 30.7%
  none/other: 0.0%

Overview of removed sequences
length	count	expect	max.err	error counts
3	96865	129234.2	0	96865
4	39627	32308.5	0	39627
5	6776	8077.1	0	6776
6	1833	2019.3	0	1833
7	390	504.8	0	390
8	114	126.2	0	114
9	414	31.6	0	46 368
10	774	7.9	1	17 757
11	208	2.0	1	3 205
12	51	0.5	1	0 51
13	8	0.1	1	0 8
14	4	0.0	1	0 4
15	2	0.0	1	0 2


=== Second read: Adapter PrefixPE/2 ===

Sequence: GTGACTGGAGTTCAGACGTGTGCTCTTCCGATCT; Type: regular 3'; Length: 34; Trimmed: 160446 times

No. of allowed errors:
0-9 bp: 0; 10-19 bp: 1; 20-29 bp: 2; 30-34 bp: 3

Bases preceding removed adapters:
  A: 30.0%
  C: 8.8%
  G: 25.4%
  T: 35.8%
  none/other: 0.0%

Overview of removed sequences
length	count	expect	max.err	error counts
3	120265	129234.2	0	120265
4	31983	32308.5	0	31983
5	5350	8077.1	0	5350
6	1600	2019.3	0	1600
7	419	504.8	0	419
8	101	126.2	0	101
9	272	31.6	0	23 249
10	287	7.9	1	9 278
11	130	2.0	1	0 130
12	29	0.5	1	0 29
13	8	0.1	1	0 8
110	1	0.0	3	1
121	1	0.0	3	0 0 0 1
