This is cutadapt 2.9 with Python 3.6.6
Command line parameters: --interleaved -a file:/nas02/apps/trimmomatic-0.36/Trimmomatic-0.36/adapters/TruSeq3-PE.fa -A file:/nas02/apps/trimmomatic-0.36/Trimmomatic-0.36/adapters/TruSeq3-PE.fa -m 30 /nas/longleaf/home/zpopkinh/Pvivax_resources/wgs_pe_improved_global/fastq/ERS012699/ERR022864_1.fastq.gz /nas/longleaf/home/zpopkinh/Pvivax_resources/wgs_pe_improved_global/fastq/ERS012699/ERR022864_2.fastq.gz
Processing reads on 1 core in paired-end mode ...
Finished in 601.75 s (112 us/read; 0.54 M reads/minute).

=== Summary ===

Total read pairs processed:          5,391,938
  Read 1 with adapter:                 199,531 (3.7%)
  Read 2 with adapter:                 192,843 (3.6%)
Pairs written (passing filters):     5,391,936 (100.0%)

Total basepairs processed:   819,574,576 bp
  Read 1:   409,787,288 bp
  Read 2:   409,787,288 bp
Total written (filtered):    818,234,833 bp (99.8%)
  Read 1:   409,105,337 bp
  Read 2:   409,129,496 bp

=== First read: Adapter PrefixPE/1 ===

Sequence: TACACTCTTTCCCTACACGACGCTCTTCCGATCT; Type: regular 3'; Length: 34; Trimmed: 113976 times

No. of allowed errors:
0-9 bp: 0; 10-19 bp: 1; 20-29 bp: 2; 30-34 bp: 3

Bases preceding removed adapters:
  A: 32.3%
  C: 16.9%
  G: 23.4%
  T: 27.4%
  none/other: 0.0%

Overview of removed sequences
length	count	expect	max.err	error counts
3	73282	84249.0	0	73282
4	31858	21062.3	0	31858
5	5903	5265.6	0	5903
6	1353	1316.4	0	1353
7	359	329.1	0	359
8	86	82.3	0	86
9	278	20.6	0	38 240
10	632	5.1	1	33 599
11	185	1.3	1	1 184
12	24	0.3	1	0 24
13	7	0.1	1	1 6
14	4	0.0	1	1 3
16	1	0.0	1	0 1
17	1	0.0	1	1
21	1	0.0	2	0 0 1
71	1	0.0	3	0 0 0 1
74	1	0.0	3	0 0 1


=== First read: Adapter PrefixPE/2 ===

Sequence: GTGACTGGAGTTCAGACGTGTGCTCTTCCGATCT; Type: regular 3'; Length: 34; Trimmed: 85555 times

No. of allowed errors:
0-9 bp: 0; 10-19 bp: 1; 20-29 bp: 2; 30-34 bp: 3

Bases preceding removed adapters:
  A: 27.0%
  C: 15.3%
  G: 22.8%
  T: 34.9%
  none/other: 0.0%

Overview of removed sequences
length	count	expect	max.err	error counts
3	65815	84249.0	0	65815
4	16019	21062.3	0	16019
5	2678	5265.6	0	2678
6	623	1316.4	0	623
7	132	329.1	0	132
8	23	82.3	0	23
9	120	20.6	0	3 117
10	105	5.1	1	1 104
11	30	1.3	1	0 30
12	8	0.3	1	0 8
13	1	0.1	1	0 1
15	1	0.0	1	0 1


=== Second read: Adapter PrefixPE/1 ===

Sequence: TACACTCTTTCCCTACACGACGCTCTTCCGATCT; Type: regular 3'; Length: 34; Trimmed: 108866 times

No. of allowed errors:
0-9 bp: 0; 10-19 bp: 1; 20-29 bp: 2; 30-34 bp: 3

Bases preceding removed adapters:
  A: 32.5%
  C: 16.8%
  G: 23.1%
  T: 27.7%
  none/other: 0.0%

Overview of removed sequences
length	count	expect	max.err	error counts
3	69966	84249.0	0	69966
4	30732	21062.3	0	30732
5	5341	5265.6	0	5341
6	1257	1316.4	0	1257
7	318	329.1	0	318
8	76	82.3	0	76
9	249	20.6	0	51 198
10	679	5.1	1	26 653
11	221	1.3	1	2 219
12	15	0.3	1	2 13
13	11	0.1	1	0 11
14	1	0.0	1	0 1


=== Second read: Adapter PrefixPE/2 ===

Sequence: GTGACTGGAGTTCAGACGTGTGCTCTTCCGATCT; Type: regular 3'; Length: 34; Trimmed: 83977 times

No. of allowed errors:
0-9 bp: 0; 10-19 bp: 1; 20-29 bp: 2; 30-34 bp: 3

Bases preceding removed adapters:
  A: 27.7%
  C: 16.4%
  G: 22.7%
  T: 33.3%
  none/other: 0.0%

Overview of removed sequences
length	count	expect	max.err	error counts
3	65424	84249.0	0	65424
4	15267	21062.3	0	15267
5	2284	5265.6	0	2284
6	586	1316.4	0	586
7	122	329.1	0	122
8	19	82.3	0	19
9	132	20.6	0	5 127
10	115	5.1	1	3 112
11	22	1.3	1	0 22
12	6	0.3	1	0 6
