This is cutadapt 2.9 with Python 3.6.6
Command line parameters: --interleaved -a file:/nas02/apps/trimmomatic-0.36/Trimmomatic-0.36/adapters/TruSeq3-PE.fa -A file:/nas02/apps/trimmomatic-0.36/Trimmomatic-0.36/adapters/TruSeq3-PE.fa -m 30 /nas/longleaf/home/zpopkinh/Pvivax_resources/wgs_pe_improved_global/fastq/SRS2910025/SRR6668529_1.fastq.gz /nas/longleaf/home/zpopkinh/Pvivax_resources/wgs_pe_improved_global/fastq/SRS2910025/SRR6668529_2.fastq.gz
Processing reads on 1 core in paired-end mode ...
Finished in 395.04 s (69 us/read; 0.87 M reads/minute).

=== Summary ===

Total read pairs processed:          5,745,959
  Read 1 with adapter:                 237,601 (4.1%)
  Read 2 with adapter:                 256,277 (4.5%)
Pairs written (passing filters):     5,745,959 (100.0%)

Total basepairs processed: 1,149,191,800 bp
  Read 1:   574,595,900 bp
  Read 2:   574,595,900 bp
Total written (filtered):  1,147,490,715 bp (99.9%)
  Read 1:   573,773,384 bp
  Read 2:   573,717,331 bp

=== First read: Adapter PrefixPE/1 ===

Sequence: TACACTCTTTCCCTACACGACGCTCTTCCGATCT; Type: regular 3'; Length: 34; Trimmed: 128399 times

No. of allowed errors:
0-9 bp: 0; 10-19 bp: 1; 20-29 bp: 2; 30-34 bp: 3

Bases preceding removed adapters:
  A: 46.3%
  C: 16.6%
  G: 19.3%
  T: 17.8%
  none/other: 0.0%

Overview of removed sequences
length	count	expect	max.err	error counts
3	75082	89780.6	0	75082
4	33071	22445.2	0	33071
5	18279	5611.3	0	18279
6	971	1402.8	0	971
7	253	350.7	0	253
8	68	87.7	0	68
9	251	21.9	0	16 235
10	244	5.5	1	14 230
11	140	1.4	1	0 140
12	30	0.3	1	0 30
13	8	0.1	1	0 8
14	2	0.0	1	0 2


=== First read: Adapter PrefixPE/2 ===

Sequence: GTGACTGGAGTTCAGACGTGTGCTCTTCCGATCT; Type: regular 3'; Length: 34; Trimmed: 109202 times

No. of allowed errors:
0-9 bp: 0; 10-19 bp: 1; 20-29 bp: 2; 30-34 bp: 3

Bases preceding removed adapters:
  A: 23.1%
  C: 19.4%
  G: 28.4%
  T: 29.1%
  none/other: 0.0%

Overview of removed sequences
length	count	expect	max.err	error counts
3	85357	89780.6	0	85357
4	19336	22445.2	0	19336
5	3168	5611.3	0	3168
6	818	1402.8	0	818
7	205	350.7	0	205
8	14	87.7	0	14
9	119	21.9	0	3 116
10	109	5.5	1	3 106
11	65	1.4	1	1 64
12	10	0.3	1	0 10
13	1	0.1	1	0 1


=== Second read: Adapter PrefixPE/1 ===

Sequence: TACACTCTTTCCCTACACGACGCTCTTCCGATCT; Type: regular 3'; Length: 34; Trimmed: 137013 times

No. of allowed errors:
0-9 bp: 0; 10-19 bp: 1; 20-29 bp: 2; 30-34 bp: 3

Bases preceding removed adapters:
  A: 49.8%
  C: 15.3%
  G: 18.2%
  T: 16.7%
  none/other: 0.0%

Overview of removed sequences
length	count	expect	max.err	error counts
3	83315	89780.6	0	83315
4	33049	22445.2	0	33049
5	18634	5611.3	0	18634
6	1076	1402.8	0	1076
7	249	350.7	0	249
8	59	87.7	0	59
9	259	21.9	0	20 239
10	219	5.5	1	2 217
11	120	1.4	1	0 120
12	19	0.3	1	0 19
13	9	0.1	1	0 9
14	4	0.0	1	0 4
15	1	0.0	1	0 1


=== Second read: Adapter PrefixPE/2 ===

Sequence: GTGACTGGAGTTCAGACGTGTGCTCTTCCGATCT; Type: regular 3'; Length: 34; Trimmed: 119264 times

No. of allowed errors:
0-9 bp: 0; 10-19 bp: 1; 20-29 bp: 2; 30-34 bp: 3

Bases preceding removed adapters:
  A: 20.8%
  C: 17.8%
  G: 29.4%
  T: 32.0%
  none/other: 0.0%

Overview of removed sequences
length	count	expect	max.err	error counts
3	95818	89780.6	0	95818
4	19024	22445.2	0	19024
5	3127	5611.3	0	3127
6	778	1402.8	0	778
7	211	350.7	0	211
8	13	87.7	0	13
9	116	21.9	0	4 112
10	105	5.5	1	5 100
11	63	1.4	1	0 63
12	8	0.3	1	0 8
13	1	0.1	1	0 1
