This is cutadapt 2.9 with Python 3.6.6
Command line parameters: --interleaved -a file:/nas02/apps/trimmomatic-0.36/Trimmomatic-0.36/adapters/TruSeq3-PE.fa -A file:/nas02/apps/trimmomatic-0.36/Trimmomatic-0.36/adapters/TruSeq3-PE.fa -m 30 /nas/longleaf/home/zpopkinh/Pvivax_resources/wgs_pe_improved_global/fastq/SRS694256/SRR1568158_1.fastq.gz /nas/longleaf/home/zpopkinh/Pvivax_resources/wgs_pe_improved_global/fastq/SRS694256/SRR1568158_2.fastq.gz
Processing reads on 1 core in paired-end mode ...
Finished in 801.50 s (59 us/read; 1.02 M reads/minute).

=== Summary ===

Total read pairs processed:         13,662,590
  Read 1 with adapter:                 500,835 (3.7%)
  Read 2 with adapter:                 511,716 (3.7%)
Pairs written (passing filters):    13,662,589 (100.0%)

Total basepairs processed: 2,759,843,180 bp
  Read 1: 1,379,921,590 bp
  Read 2: 1,379,921,590 bp
Total written (filtered):  2,756,434,881 bp (99.9%)
  Read 1: 1,378,231,309 bp
  Read 2: 1,378,203,572 bp

=== First read: Adapter PrefixPE/1 ===

Sequence: TACACTCTTTCCCTACACGACGCTCTTCCGATCT; Type: regular 3'; Length: 34; Trimmed: 236836 times

No. of allowed errors:
0-9 bp: 0; 10-19 bp: 1; 20-29 bp: 2; 30-34 bp: 3

Bases preceding removed adapters:
  A: 24.8%
  C: 23.4%
  G: 26.4%
  T: 25.5%
  none/other: 0.0%

Overview of removed sequences
length	count	expect	max.err	error counts
3	159448	213478.0	0	159448
4	56873	53369.5	0	56873
5	14793	13342.4	0	14793
6	2784	3335.6	0	2784
7	795	833.9	0	795
8	169	208.5	0	169
9	648	52.1	0	44 604
10	948	13.0	1	36 912
11	300	3.3	1	0 300
12	59	0.8	1	4 55
13	13	0.2	1	0 13
14	4	0.1	1	0 4
19	1	0.0	1	0 0 1
21	1	0.0	2	0 1


=== First read: Adapter PrefixPE/2 ===

Sequence: GTGACTGGAGTTCAGACGTGTGCTCTTCCGATCT; Type: regular 3'; Length: 34; Trimmed: 263999 times

No. of allowed errors:
0-9 bp: 0; 10-19 bp: 1; 20-29 bp: 2; 30-34 bp: 3

Bases preceding removed adapters:
  A: 23.3%
  C: 19.3%
  G: 27.1%
  T: 30.2%
  none/other: 0.0%

Overview of removed sequences
length	count	expect	max.err	error counts
3	206461	213478.0	0	206461
4	46350	53369.5	0	46350
5	8069	13342.4	0	8069
6	1870	3335.6	0	1870
7	462	833.9	0	462
8	55	208.5	0	55
9	337	52.1	0	23 314
10	247	13.0	1	4 243
11	130	3.3	1	4 126
12	16	0.8	1	0 16
13	2	0.2	1	0 2


=== Second read: Adapter PrefixPE/1 ===

Sequence: TACACTCTTTCCCTACACGACGCTCTTCCGATCT; Type: regular 3'; Length: 34; Trimmed: 233492 times

No. of allowed errors:
0-9 bp: 0; 10-19 bp: 1; 20-29 bp: 2; 30-34 bp: 3

Bases preceding removed adapters:
  A: 24.7%
  C: 23.2%
  G: 26.1%
  T: 26.0%
  none/other: 0.0%

Overview of removed sequences
length	count	expect	max.err	error counts
3	158177	213478.0	0	158177
4	55506	53369.5	0	55506
5	14258	13342.4	0	14258
6	2747	3335.6	0	2747
7	715	833.9	0	715
8	161	208.5	0	161
9	663	52.1	0	72 591
10	867	13.0	1	31 836
11	307	3.3	1	2 305
12	73	0.8	1	0 73
13	12	0.2	1	0 12
14	2	0.1	1	0 2
32	1	0.0	3	0 1
41	1	0.0	3	0 0 0 1
62	1	0.0	3	0 0 1
77	1	0.0	3	0 0 1


=== Second read: Adapter PrefixPE/2 ===

Sequence: GTGACTGGAGTTCAGACGTGTGCTCTTCCGATCT; Type: regular 3'; Length: 34; Trimmed: 278224 times

No. of allowed errors:
0-9 bp: 0; 10-19 bp: 1; 20-29 bp: 2; 30-34 bp: 3

Bases preceding removed adapters:
  A: 22.8%
  C: 23.3%
  G: 25.4%
  T: 28.4%
  none/other: 0.0%

Overview of removed sequences
length	count	expect	max.err	error counts
3	221967	213478.0	0	221967
4	45232	53369.5	0	45232
5	7960	13342.4	0	7960
6	1906	3335.6	0	1906
7	437	833.9	0	437
8	47	208.5	0	47
9	318	52.1	0	20 298
10	235	13.0	1	8 227
11	93	3.3	1	1 92
12	24	0.8	1	0 24
13	5	0.2	1	0 5
