This is cutadapt 2.9 with Python 3.6.6
Command line parameters: --interleaved -a file:/nas02/apps/trimmomatic-0.36/Trimmomatic-0.36/adapters/TruSeq3-PE.fa -A file:/nas02/apps/trimmomatic-0.36/Trimmomatic-0.36/adapters/TruSeq3-PE.fa -m 30 /nas/longleaf/home/zpopkinh/Pvivax_resources/wgs_pe_improved_global/fastq/SRS694256/SRR1565086_1.fastq.gz /nas/longleaf/home/zpopkinh/Pvivax_resources/wgs_pe_improved_global/fastq/SRS694256/SRR1565086_2.fastq.gz
Processing reads on 1 core in paired-end mode ...
Finished in 0.86 s (49 us/read; 1.23 M reads/minute).

=== Summary ===

Total read pairs processed:             17,578
  Read 1 with adapter:                     483 (2.7%)
  Read 2 with adapter:                     604 (3.4%)
Pairs written (passing filters):        17,578 (100.0%)

Total basepairs processed:     3,550,756 bp
  Read 1:     1,775,378 bp
  Read 2:     1,775,378 bp
Total written (filtered):      3,547,042 bp (99.9%)
  Read 1:     1,773,690 bp
  Read 2:     1,773,352 bp

=== First read: Adapter PrefixPE/1 ===

Sequence: TACACTCTTTCCCTACACGACGCTCTTCCGATCT; Type: regular 3'; Length: 34; Trimmed: 239 times

No. of allowed errors:
0-9 bp: 0; 10-19 bp: 1; 20-29 bp: 2; 30-34 bp: 3

Bases preceding removed adapters:
  A: 27.6%
  C: 24.7%
  G: 18.4%
  T: 29.3%
  none/other: 0.0%

Overview of removed sequences
length	count	expect	max.err	error counts
3	144	274.7	0	144
4	73	68.7	0	73
5	8	17.2	0	8
6	3	4.3	0	3
7	3	1.1	0	3
8	1	0.3	0	1
9	1	0.1	0	0 1
10	5	0.0	1	0 5
11	1	0.0	1	0 1


=== First read: Adapter PrefixPE/2 ===

Sequence: GTGACTGGAGTTCAGACGTGTGCTCTTCCGATCT; Type: regular 3'; Length: 34; Trimmed: 244 times

No. of allowed errors:
0-9 bp: 0; 10-19 bp: 1; 20-29 bp: 2; 30-34 bp: 3

Bases preceding removed adapters:
  A: 34.8%
  C: 12.7%
  G: 22.1%
  T: 30.3%
  none/other: 0.0%

Overview of removed sequences
length	count	expect	max.err	error counts
3	186	274.7	0	186
4	47	68.7	0	47
5	7	17.2	0	7
6	2	4.3	0	2
7	2	1.1	0	2


=== Second read: Adapter PrefixPE/1 ===

Sequence: TACACTCTTTCCCTACACGACGCTCTTCCGATCT; Type: regular 3'; Length: 34; Trimmed: 268 times

No. of allowed errors:
0-9 bp: 0; 10-19 bp: 1; 20-29 bp: 2; 30-34 bp: 3

Bases preceding removed adapters:
  A: 25.7%
  C: 24.3%
  G: 20.1%
  T: 29.9%
  none/other: 0.0%

Overview of removed sequences
length	count	expect	max.err	error counts
3	186	274.7	0	186
4	55	68.7	0	55
5	12	17.2	0	12
6	3	4.3	0	3
7	6	1.1	0	6
10	5	0.0	1	0 5
11	1	0.0	1	0 1


=== Second read: Adapter PrefixPE/2 ===

Sequence: GTGACTGGAGTTCAGACGTGTGCTCTTCCGATCT; Type: regular 3'; Length: 34; Trimmed: 336 times

No. of allowed errors:
0-9 bp: 0; 10-19 bp: 1; 20-29 bp: 2; 30-34 bp: 3

Bases preceding removed adapters:
  A: 29.8%
  C: 29.5%
  G: 17.0%
  T: 23.8%
  none/other: 0.0%

Overview of removed sequences
length	count	expect	max.err	error counts
3	283	274.7	0	283
4	47	68.7	0	47
5	6	17.2	0	6
