This is cutadapt 2.9 with Python 3.6.6
Command line parameters: --interleaved -a file:/nas02/apps/trimmomatic-0.36/Trimmomatic-0.36/adapters/TruSeq3-PE.fa -A file:/nas02/apps/trimmomatic-0.36/Trimmomatic-0.36/adapters/TruSeq3-PE.fa -m 30 /nas/longleaf/home/zpopkinh/Pvivax_resources/wgs_pe_improved_global/fastq/SRS2910045/SRR6668508_1.fastq.gz /nas/longleaf/home/zpopkinh/Pvivax_resources/wgs_pe_improved_global/fastq/SRS2910045/SRR6668508_2.fastq.gz
Processing reads on 1 core in paired-end mode ...
Finished in 337.25 s (87 us/read; 0.69 M reads/minute).

=== Summary ===

Total read pairs processed:          3,893,690
  Read 1 with adapter:                 157,458 (4.0%)
  Read 2 with adapter:                 204,686 (5.3%)
Pairs written (passing filters):     3,893,690 (100.0%)

Total basepairs processed:   778,738,000 bp
  Read 1:   389,369,000 bp
  Read 2:   389,369,000 bp
Total written (filtered):    777,476,488 bp (99.8%)
  Read 1:   388,809,470 bp
  Read 2:   388,667,018 bp

=== First read: Adapter PrefixPE/1 ===

Sequence: TACACTCTTTCCCTACACGACGCTCTTCCGATCT; Type: regular 3'; Length: 34; Trimmed: 95692 times

No. of allowed errors:
0-9 bp: 0; 10-19 bp: 1; 20-29 bp: 2; 30-34 bp: 3

Bases preceding removed adapters:
  A: 61.8%
  C: 11.9%
  G: 13.8%
  T: 12.5%
  none/other: 0.0%

Overview of removed sequences
length	count	expect	max.err	error counts
3	49357	60838.9	0	49357
4	26094	15209.7	0	26094
5	19164	3802.4	0	19164
6	472	950.6	0	472
7	144	237.7	0	144
8	31	59.4	0	31
9	158	14.9	0	15 143
10	162	3.7	1	3 159
11	91	0.9	1	0 91
12	12	0.2	1	0 12
13	4	0.1	1	0 4
14	2	0.0	1	0 2
15	1	0.0	1	0 1


=== First read: Adapter PrefixPE/2 ===

Sequence: GTGACTGGAGTTCAGACGTGTGCTCTTCCGATCT; Type: regular 3'; Length: 34; Trimmed: 61766 times

No. of allowed errors:
0-9 bp: 0; 10-19 bp: 1; 20-29 bp: 2; 30-34 bp: 3

Bases preceding removed adapters:
  A: 21.6%
  C: 21.7%
  G: 28.4%
  T: 28.3%
  none/other: 0.0%

Overview of removed sequences
length	count	expect	max.err	error counts
3	48576	60838.9	0	48576
4	10523	15209.7	0	10523
5	1858	3802.4	0	1858
6	452	950.6	0	452
7	152	237.7	0	152
8	14	59.4	0	14
9	91	14.9	0	3 88
10	48	3.7	1	0 48
11	39	0.9	1	9 30
12	2	0.2	1	0 2
13	11	0.1	1	0 11


=== Second read: Adapter PrefixPE/1 ===

Sequence: TACACTCTTTCCCTACACGACGCTCTTCCGATCT; Type: regular 3'; Length: 34; Trimmed: 112165 times

No. of allowed errors:
0-9 bp: 0; 10-19 bp: 1; 20-29 bp: 2; 30-34 bp: 3

Bases preceding removed adapters:
  A: 52.8%
  C: 24.6%
  G: 11.7%
  T: 10.9%
  none/other: 0.0%

Overview of removed sequences
length	count	expect	max.err	error counts
3	65401	60838.9	0	65401
4	26122	15209.7	0	26122
5	19426	3802.4	0	19426
6	593	950.6	0	593
7	138	237.7	0	138
8	42	59.4	0	42
9	161	14.9	0	11 150
10	154	3.7	1	3 151
11	108	0.9	1	0 108
12	13	0.2	1	0 13
13	1	0.1	1	0 1
14	6	0.0	1	0 6


=== Second read: Adapter PrefixPE/2 ===

Sequence: GTGACTGGAGTTCAGACGTGTGCTCTTCCGATCT; Type: regular 3'; Length: 34; Trimmed: 92521 times

No. of allowed errors:
0-9 bp: 0; 10-19 bp: 1; 20-29 bp: 2; 30-34 bp: 3

Bases preceding removed adapters:
  A: 14.4%
  C: 14.1%
  G: 35.4%
  T: 36.1%
  none/other: 0.0%

Overview of removed sequences
length	count	expect	max.err	error counts
3	79533	60838.9	0	79533
4	10339	15209.7	0	10339
5	1842	3802.4	0	1842
6	467	950.6	0	467
7	159	237.7	0	159
8	9	59.4	0	9
9	72	14.9	0	5 67
10	49	3.7	1	0 49
11	40	0.9	1	3 37
12	2	0.2	1	0 2
13	9	0.1	1	0 9
