This is cutadapt 2.9 with Python 3.6.6
Command line parameters: --interleaved -a file:/nas02/apps/trimmomatic-0.36/Trimmomatic-0.36/adapters/TruSeq3-PE.fa -A file:/nas02/apps/trimmomatic-0.36/Trimmomatic-0.36/adapters/TruSeq3-PE.fa -m 30 /nas/longleaf/home/zpopkinh/Pvivax_resources/wgs_pe_improved_global/fastq/ERR5740761/ERR5740761_1.fastq.gz /nas/longleaf/home/zpopkinh/Pvivax_resources/wgs_pe_improved_global/fastq/ERR5740761/ERR5740761_2.fastq.gz
Processing reads on 1 core in paired-end mode ...
Finished in 499.11 s (150 us/read; 0.40 M reads/minute).

=== Summary ===

Total read pairs processed:          3,328,077
  Read 1 with adapter:                 120,525 (3.6%)
  Read 2 with adapter:                 114,502 (3.4%)
Pairs written (passing filters):     3,328,075 (100.0%)

Total basepairs processed: 1,005,079,254 bp
  Read 1:   502,539,627 bp
  Read 2:   502,539,627 bp
Total written (filtered):  1,004,287,274 bp (99.9%)
  Read 1:   502,132,888 bp
  Read 2:   502,154,386 bp

=== First read: Adapter PrefixPE/1 ===

Sequence: TACACTCTTTCCCTACACGACGCTCTTCCGATCT; Type: regular 3'; Length: 34; Trimmed: 54644 times

No. of allowed errors:
0-9 bp: 0; 10-19 bp: 1; 20-29 bp: 2; 30-34 bp: 3

Bases preceding removed adapters:
  A: 25.1%
  C: 24.0%
  G: 24.1%
  T: 26.8%
  none/other: 0.0%

Overview of removed sequences
length	count	expect	max.err	error counts
3	36969	52001.2	0	36969
4	13425	13000.3	0	13425
5	2932	3250.1	0	2932
6	647	812.5	0	647
7	154	203.1	0	154
8	40	50.8	0	40
9	167	12.7	0	11 156
10	205	3.2	1	4 201
11	77	0.8	1	0 77
12	22	0.2	1	0 22
13	2	0.0	1	0 2
14	1	0.0	1	0 1
15	1	0.0	1	0 1
82	1	0.0	3	0 0 0 1
105	1	0.0	3	0 0 1


=== First read: Adapter PrefixPE/2 ===

Sequence: GTGACTGGAGTTCAGACGTGTGCTCTTCCGATCT; Type: regular 3'; Length: 34; Trimmed: 65881 times

No. of allowed errors:
0-9 bp: 0; 10-19 bp: 1; 20-29 bp: 2; 30-34 bp: 3

Bases preceding removed adapters:
  A: 24.7%
  C: 16.1%
  G: 28.1%
  T: 31.0%
  none/other: 0.0%

Overview of removed sequences
length	count	expect	max.err	error counts
3	51276	52001.2	0	51276
4	11757	13000.3	0	11757
5	1976	3250.1	0	1976
6	486	812.5	0	486
7	140	203.1	0	140
8	25	50.8	0	25
9	100	12.7	0	4 96
10	90	3.2	1	1 89
11	23	0.8	1	0 23
12	6	0.2	1	0 6
13	1	0.0	1	0 1
14	1	0.0	1	0 1


=== Second read: Adapter PrefixPE/1 ===

Sequence: TACACTCTTTCCCTACACGACGCTCTTCCGATCT; Type: regular 3'; Length: 34; Trimmed: 51703 times

No. of allowed errors:
0-9 bp: 0; 10-19 bp: 1; 20-29 bp: 2; 30-34 bp: 3

Bases preceding removed adapters:
  A: 25.7%
  C: 25.2%
  G: 24.0%
  T: 25.1%
  none/other: 0.0%

Overview of removed sequences
length	count	expect	max.err	error counts
3	35213	52001.2	0	35213
4	12237	13000.3	0	12237
5	3017	3250.1	0	3017
6	565	812.5	0	565
7	153	203.1	0	153
8	35	50.8	0	35
9	171	12.7	0	11 160
10	209	3.2	1	6 203
11	63	0.8	1	1 62
12	25	0.2	1	0 25
13	7	0.0	1	0 7
14	2	0.0	1	0 2
15	1	0.0	1	0 1
64	1	0.0	3	0 0 0 1
86	1	0.0	3	0 0 1
114	1	0.0	3	1
125	1	0.0	3	0 1
151	1	0.0	3	0 0 1


=== Second read: Adapter PrefixPE/2 ===

Sequence: GTGACTGGAGTTCAGACGTGTGCTCTTCCGATCT; Type: regular 3'; Length: 34; Trimmed: 62799 times

No. of allowed errors:
0-9 bp: 0; 10-19 bp: 1; 20-29 bp: 2; 30-34 bp: 3

Bases preceding removed adapters:
  A: 23.4%
  C: 19.0%
  G: 27.9%
  T: 29.7%
  none/other: 0.0%

Overview of removed sequences
length	count	expect	max.err	error counts
3	50146	52001.2	0	50146
4	9944	13000.3	0	9944
5	1920	3250.1	0	1920
6	458	812.5	0	458
7	123	203.1	0	123
8	29	50.8	0	29
9	83	12.7	0	8 75
10	59	3.2	1	2 57
11	24	0.8	1	0 24
12	9	0.2	1	0 9
13	2	0.0	1	0 2
14	1	0.0	1	0 1
102	1	0.0	3	0 0 1
