This is cutadapt 2.9 with Python 3.6.6
Command line parameters: --interleaved -a file:/nas02/apps/trimmomatic-0.36/Trimmomatic-0.36/adapters/TruSeq3-PE.fa -A file:/nas02/apps/trimmomatic-0.36/Trimmomatic-0.36/adapters/TruSeq3-PE.fa -m 30 /nas/longleaf/home/zpopkinh/Pvivax_resources/wgs_pe_improved_global/fastq/SRS693573/SRR1564548_1.fastq.gz /nas/longleaf/home/zpopkinh/Pvivax_resources/wgs_pe_improved_global/fastq/SRS693573/SRR1564548_2.fastq.gz
Processing reads on 1 core in paired-end mode ...
Finished in 35.04 s (67 us/read; 0.89 M reads/minute).

=== Summary ===

Total read pairs processed:            520,784
  Read 1 with adapter:                  17,691 (3.4%)
  Read 2 with adapter:                  19,457 (3.7%)
Pairs written (passing filters):       520,784 (100.0%)

Total basepairs processed:   105,198,368 bp
  Read 1:    52,599,184 bp
  Read 2:    52,599,184 bp
Total written (filtered):    105,074,022 bp (99.9%)
  Read 1:    52,539,637 bp
  Read 2:    52,534,385 bp

=== First read: Adapter PrefixPE/1 ===

Sequence: TACACTCTTTCCCTACACGACGCTCTTCCGATCT; Type: regular 3'; Length: 34; Trimmed: 8049 times

No. of allowed errors:
0-9 bp: 0; 10-19 bp: 1; 20-29 bp: 2; 30-34 bp: 3

Bases preceding removed adapters:
  A: 24.4%
  C: 23.5%
  G: 26.7%
  T: 25.4%
  none/other: 0.0%

Overview of removed sequences
length	count	expect	max.err	error counts
3	5502	8137.2	0	5502
4	1908	2034.3	0	1908
5	454	508.6	0	454
6	93	127.1	0	93
7	28	31.8	0	28
8	9	7.9	0	9
9	15	2.0	0	1 14
10	26	0.5	1	0 26
11	6	0.1	1	0 6
12	4	0.0	1	0 4
13	2	0.0	1	0 2
25	1	0.0	2	0 0 1
50	1	0.0	3	0 0 1


=== First read: Adapter PrefixPE/2 ===

Sequence: GTGACTGGAGTTCAGACGTGTGCTCTTCCGATCT; Type: regular 3'; Length: 34; Trimmed: 9642 times

No. of allowed errors:
0-9 bp: 0; 10-19 bp: 1; 20-29 bp: 2; 30-34 bp: 3

Bases preceding removed adapters:
  A: 23.0%
  C: 19.2%
  G: 28.5%
  T: 29.3%
  none/other: 0.0%

Overview of removed sequences
length	count	expect	max.err	error counts
3	7487	8137.2	0	7487
4	1739	2034.3	0	1739
5	328	508.6	0	328
6	45	127.1	0	45
7	17	31.8	0	17
8	1	7.9	0	1
9	10	2.0	0	0 10
10	7	0.5	1	0 7
11	7	0.1	1	1 6
12	1	0.0	1	0 1


=== Second read: Adapter PrefixPE/1 ===

Sequence: TACACTCTTTCCCTACACGACGCTCTTCCGATCT; Type: regular 3'; Length: 34; Trimmed: 7973 times

No. of allowed errors:
0-9 bp: 0; 10-19 bp: 1; 20-29 bp: 2; 30-34 bp: 3

Bases preceding removed adapters:
  A: 24.3%
  C: 23.9%
  G: 27.1%
  T: 24.7%
  none/other: 0.0%

Overview of removed sequences
length	count	expect	max.err	error counts
3	5387	8137.2	0	5387
4	1897	2034.3	0	1897
5	510	508.6	0	510
6	89	127.1	0	89
7	18	31.8	0	18
8	5	7.9	0	5
9	36	2.0	0	0 36
10	19	0.5	1	0 19
11	5	0.1	1	0 5
12	5	0.0	1	0 5
13	2	0.0	1	0 2


=== Second read: Adapter PrefixPE/2 ===

Sequence: GTGACTGGAGTTCAGACGTGTGCTCTTCCGATCT; Type: regular 3'; Length: 34; Trimmed: 11484 times

No. of allowed errors:
0-9 bp: 0; 10-19 bp: 1; 20-29 bp: 2; 30-34 bp: 3

Bases preceding removed adapters:
  A: 22.8%
  C: 26.8%
  G: 24.3%
  T: 26.1%
  none/other: 0.0%

Overview of removed sequences
length	count	expect	max.err	error counts
3	9365	8137.2	0	9365
4	1725	2034.3	0	1725
5	304	508.6	0	304
6	56	127.1	0	56
7	12	31.8	0	12
8	3	7.9	0	3
9	8	2.0	0	0 8
10	8	0.5	1	0 8
11	2	0.1	1	0 2
12	1	0.0	1	0 1
