This is cutadapt 2.9 with Python 3.6.6
Command line parameters: --interleaved -a file:/nas02/apps/trimmomatic-0.36/Trimmomatic-0.36/adapters/TruSeq3-PE.fa -A file:/nas02/apps/trimmomatic-0.36/Trimmomatic-0.36/adapters/TruSeq3-PE.fa -m 30 /nas/longleaf/home/zpopkinh/Pvivax_resources/wgs_pe_improved_global/fastq/SRS693573/SRR1565016_1.fastq.gz /nas/longleaf/home/zpopkinh/Pvivax_resources/wgs_pe_improved_global/fastq/SRS693573/SRR1565016_2.fastq.gz
Processing reads on 1 core in paired-end mode ...
Finished in 18.60 s (48 us/read; 1.25 M reads/minute).

=== Summary ===

Total read pairs processed:            388,953
  Read 1 with adapter:                  13,499 (3.5%)
  Read 2 with adapter:                  14,718 (3.8%)
Pairs written (passing filters):       388,652 (99.9%)

Total basepairs processed:    78,568,506 bp
  Read 1:    39,284,253 bp
  Read 2:    39,284,253 bp
Total written (filtered):     78,414,414 bp (99.8%)
  Read 1:    39,208,345 bp
  Read 2:    39,206,069 bp

=== First read: Adapter PrefixPE/1 ===

Sequence: TACACTCTTTCCCTACACGACGCTCTTCCGATCT; Type: regular 3'; Length: 34; Trimmed: 6306 times

No. of allowed errors:
0-9 bp: 0; 10-19 bp: 1; 20-29 bp: 2; 30-34 bp: 3

Bases preceding removed adapters:
  A: 23.1%
  C: 23.4%
  G: 27.9%
  T: 25.6%
  none/other: 0.0%

Overview of removed sequences
length	count	expect	max.err	error counts
3	4183	6077.4	0	4183
4	1614	1519.3	0	1614
5	373	379.8	0	373
6	64	95.0	0	64
7	20	23.7	0	20
8	9	5.9	0	9
9	9	1.5	0	0 9
10	26	0.4	1	1 25
11	7	0.1	1	1 6
12	1	0.0	1	0 1


=== First read: Adapter PrefixPE/2 ===

Sequence: GTGACTGGAGTTCAGACGTGTGCTCTTCCGATCT; Type: regular 3'; Length: 34; Trimmed: 7193 times

No. of allowed errors:
0-9 bp: 0; 10-19 bp: 1; 20-29 bp: 2; 30-34 bp: 3

Bases preceding removed adapters:
  A: 22.3%
  C: 19.4%
  G: 28.8%
  T: 29.5%
  none/other: 0.0%

Overview of removed sequences
length	count	expect	max.err	error counts
3	5601	6077.4	0	5601
4	1280	1519.3	0	1280
5	240	379.8	0	240
6	35	95.0	0	35
7	15	23.7	0	15
9	9	1.5	0	0 9
10	7	0.4	1	0 7
11	6	0.1	1	0 6


=== Second read: Adapter PrefixPE/1 ===

Sequence: TACACTCTTTCCCTACACGACGCTCTTCCGATCT; Type: regular 3'; Length: 34; Trimmed: 5837 times

No. of allowed errors:
0-9 bp: 0; 10-19 bp: 1; 20-29 bp: 2; 30-34 bp: 3

Bases preceding removed adapters:
  A: 24.1%
  C: 23.4%
  G: 26.8%
  T: 25.7%
  none/other: 0.0%

Overview of removed sequences
length	count	expect	max.err	error counts
3	4036	6077.4	0	4036
4	1337	1519.3	0	1337
5	346	379.8	0	346
6	56	95.0	0	56
7	15	23.7	0	15
8	5	5.9	0	5
9	16	1.5	0	0 16
10	17	0.4	1	1 16
11	7	0.1	1	0 7
12	2	0.0	1	1 1


=== Second read: Adapter PrefixPE/2 ===

Sequence: GTGACTGGAGTTCAGACGTGTGCTCTTCCGATCT; Type: regular 3'; Length: 34; Trimmed: 8881 times

No. of allowed errors:
0-9 bp: 0; 10-19 bp: 1; 20-29 bp: 2; 30-34 bp: 3

Bases preceding removed adapters:
  A: 24.5%
  C: 25.2%
  G: 25.5%
  T: 24.7%
  none/other: 0.0%

Overview of removed sequences
length	count	expect	max.err	error counts
3	7078	6077.4	0	7078
4	1232	1519.3	0	1232
5	193	379.8	0	193
6	42	95.0	0	42
7	7	23.7	0	7
9	15	1.5	0	1 14
10	5	0.4	1	0 5
11	8	0.1	1	0 8
92	5	0.0	3	0 1 0 4
93	291	0.0	3	0 36 112 143
94	2	0.0	3	0 1 0 1
95	2	0.0	3	0 1 0 1
98	1	0.0	3	0 0 1
