This is cutadapt 2.9 with Python 3.6.6
Command line parameters: --interleaved -a file:/nas02/apps/trimmomatic-0.36/Trimmomatic-0.36/adapters/TruSeq3-PE.fa -A file:/nas02/apps/trimmomatic-0.36/Trimmomatic-0.36/adapters/TruSeq3-PE.fa -m 30 /nas/longleaf/home/zpopkinh/Pvivax_resources/wgs_pe_improved_global/fastq/ERR5740821/ERR5740821_1.fastq.gz /nas/longleaf/home/zpopkinh/Pvivax_resources/wgs_pe_improved_global/fastq/ERR5740821/ERR5740821_2.fastq.gz
Processing reads on 1 core in paired-end mode ...
Finished in 359.05 s (114 us/read; 0.53 M reads/minute).

=== Summary ===

Total read pairs processed:          3,161,538
  Read 1 with adapter:                 115,183 (3.6%)
  Read 2 with adapter:                 111,693 (3.5%)
Pairs written (passing filters):     3,161,534 (100.0%)

Total basepairs processed:   954,784,476 bp
  Read 1:   477,392,238 bp
  Read 2:   477,392,238 bp
Total written (filtered):    954,020,247 bp (99.9%)
  Read 1:   477,004,212 bp
  Read 2:   477,016,035 bp

=== First read: Adapter PrefixPE/1 ===

Sequence: TACACTCTTTCCCTACACGACGCTCTTCCGATCT; Type: regular 3'; Length: 34; Trimmed: 51596 times

No. of allowed errors:
0-9 bp: 0; 10-19 bp: 1; 20-29 bp: 2; 30-34 bp: 3

Bases preceding removed adapters:
  A: 24.2%
  C: 24.6%
  G: 24.9%
  T: 26.3%
  none/other: 0.0%

Overview of removed sequences
length	count	expect	max.err	error counts
3	35132	49399.0	0	35132
4	12428	12349.8	0	12428
5	2795	3087.4	0	2795
6	615	771.9	0	615
7	163	193.0	0	163
8	49	48.2	0	49
9	171	12.1	0	11 160
10	166	3.0	1	4 162
11	51	0.8	1	0 51
12	21	0.2	1	0 21
13	4	0.0	1	0 4
15	1	0.0	1	0 1


=== First read: Adapter PrefixPE/2 ===

Sequence: GTGACTGGAGTTCAGACGTGTGCTCTTCCGATCT; Type: regular 3'; Length: 34; Trimmed: 63587 times

No. of allowed errors:
0-9 bp: 0; 10-19 bp: 1; 20-29 bp: 2; 30-34 bp: 3

Bases preceding removed adapters:
  A: 24.4%
  C: 16.9%
  G: 28.6%
  T: 30.1%
  none/other: 0.0%

Overview of removed sequences
length	count	expect	max.err	error counts
3	49789	49399.0	0	49789
4	11116	12349.8	0	11116
5	1890	3087.4	0	1890
6	432	771.9	0	432
7	125	193.0	0	125
8	23	48.2	0	23
9	82	12.1	0	9 73
10	83	3.0	1	2 81
11	30	0.8	1	0 30
12	14	0.2	1	0 14
13	3	0.0	1	0 3


=== Second read: Adapter PrefixPE/1 ===

Sequence: TACACTCTTTCCCTACACGACGCTCTTCCGATCT; Type: regular 3'; Length: 34; Trimmed: 49780 times

No. of allowed errors:
0-9 bp: 0; 10-19 bp: 1; 20-29 bp: 2; 30-34 bp: 3

Bases preceding removed adapters:
  A: 25.3%
  C: 24.5%
  G: 25.1%
  T: 25.1%
  none/other: 0.0%

Overview of removed sequences
length	count	expect	max.err	error counts
3	33663	49399.0	0	33663
4	11994	12349.8	0	11994
5	2949	3087.4	0	2949
6	596	771.9	0	596
7	142	193.0	0	142
8	36	48.2	0	36
9	159	12.1	0	9 150
10	159	3.0	1	7 152
11	64	0.8	1	0 64
12	9	0.2	1	0 9
13	4	0.0	1	1 3
14	2	0.0	1	0 2
109	1	0.0	3	0 0 1
123	1	0.0	3	1
151	1	0.0	3	0 0 1


=== Second read: Adapter PrefixPE/2 ===

Sequence: GTGACTGGAGTTCAGACGTGTGCTCTTCCGATCT; Type: regular 3'; Length: 34; Trimmed: 61913 times

No. of allowed errors:
0-9 bp: 0; 10-19 bp: 1; 20-29 bp: 2; 30-34 bp: 3

Bases preceding removed adapters:
  A: 24.0%
  C: 18.0%
  G: 28.5%
  T: 29.4%
  none/other: 0.0%

Overview of removed sequences
length	count	expect	max.err	error counts
3	49002	49399.0	0	49002
4	10338	12349.8	0	10338
5	1806	3087.4	0	1806
6	423	771.9	0	423
7	107	193.0	0	107
8	23	48.2	0	23
9	104	12.1	0	5 99
10	75	3.0	1	3 72
11	27	0.8	1	0 27
12	3	0.2	1	0 3
13	2	0.0	1	0 2
105	1	0.0	3	0 0 0 1
143	2	0.0	3	0 0 0 2
