This is cutadapt 2.9 with Python 3.6.6
Command line parameters: --interleaved -a file:/nas02/apps/trimmomatic-0.36/Trimmomatic-0.36/adapters/TruSeq3-PE.fa -A file:/nas02/apps/trimmomatic-0.36/Trimmomatic-0.36/adapters/TruSeq3-PE.fa -m 30 /nas/longleaf/home/zpopkinh/Pvivax_resources/wgs_pe_improved_global/fastq/SRS2910037/SRR6668517_1.fastq.gz /nas/longleaf/home/zpopkinh/Pvivax_resources/wgs_pe_improved_global/fastq/SRS2910037/SRR6668517_2.fastq.gz
Processing reads on 1 core in paired-end mode ...
Finished in 481.08 s (76 us/read; 0.79 M reads/minute).

=== Summary ===

Total read pairs processed:          6,367,250
  Read 1 with adapter:                 264,337 (4.2%)
  Read 2 with adapter:                 276,876 (4.3%)
Pairs written (passing filters):     6,367,250 (100.0%)

Total basepairs processed: 1,273,450,000 bp
  Read 1:   636,725,000 bp
  Read 2:   636,725,000 bp
Total written (filtered):  1,271,576,438 bp (99.9%)
  Read 1:   635,806,801 bp
  Read 2:   635,769,637 bp

=== First read: Adapter PrefixPE/1 ===

Sequence: TACACTCTTTCCCTACACGACGCTCTTCCGATCT; Type: regular 3'; Length: 34; Trimmed: 143763 times

No. of allowed errors:
0-9 bp: 0; 10-19 bp: 1; 20-29 bp: 2; 30-34 bp: 3

Bases preceding removed adapters:
  A: 49.3%
  C: 16.3%
  G: 17.7%
  T: 16.7%
  none/other: 0.0%

Overview of removed sequences
length	count	expect	max.err	error counts
3	81767	99488.3	0	81767
4	37692	24872.1	0	37692
5	22199	6218.0	0	22199
6	1101	1554.5	0	1101
7	282	388.6	0	282
8	62	97.2	0	62
9	301	24.3	0	20 281
10	227	6.1	1	1 226
11	108	1.5	1	0 108
12	17	0.4	1	0 17
13	6	0.1	1	0 6
14	1	0.0	1	0 1


=== First read: Adapter PrefixPE/2 ===

Sequence: GTGACTGGAGTTCAGACGTGTGCTCTTCCGATCT; Type: regular 3'; Length: 34; Trimmed: 120574 times

No. of allowed errors:
0-9 bp: 0; 10-19 bp: 1; 20-29 bp: 2; 30-34 bp: 3

Bases preceding removed adapters:
  A: 22.5%
  C: 19.8%
  G: 29.6%
  T: 28.1%
  none/other: 0.0%

Overview of removed sequences
length	count	expect	max.err	error counts
3	94506	99488.3	0	94506
4	21284	24872.1	0	21284
5	3324	6218.0	0	3324
6	859	1554.5	0	859
7	250	388.6	0	250
8	31	97.2	0	31
9	144	24.3	0	2 142
10	84	6.1	1	1 83
11	75	1.5	1	0 75
12	12	0.4	1	0 12
13	5	0.1	1	0 5


=== Second read: Adapter PrefixPE/1 ===

Sequence: TACACTCTTTCCCTACACGACGCTCTTCCGATCT; Type: regular 3'; Length: 34; Trimmed: 143196 times

No. of allowed errors:
0-9 bp: 0; 10-19 bp: 1; 20-29 bp: 2; 30-34 bp: 3

Bases preceding removed adapters:
  A: 49.6%
  C: 16.3%
  G: 17.6%
  T: 16.6%
  none/other: 0.0%

Overview of removed sequences
length	count	expect	max.err	error counts
3	81615	99488.3	0	81615
4	37395	24872.1	0	37395
5	22116	6218.0	0	22116
6	1103	1554.5	0	1103
7	273	388.6	0	273
8	60	97.2	0	60
9	276	24.3	0	18 258
10	231	6.1	1	2 229
11	92	1.5	1	1 91
12	27	0.4	1	0 27
13	5	0.1	1	0 5
14	3	0.0	1	0 3


=== Second read: Adapter PrefixPE/2 ===

Sequence: GTGACTGGAGTTCAGACGTGTGCTCTTCCGATCT; Type: regular 3'; Length: 34; Trimmed: 133680 times

No. of allowed errors:
0-9 bp: 0; 10-19 bp: 1; 20-29 bp: 2; 30-34 bp: 3

Bases preceding removed adapters:
  A: 20.2%
  C: 18.0%
  G: 36.3%
  T: 25.4%
  none/other: 0.0%

Overview of removed sequences
length	count	expect	max.err	error counts
3	107272	99488.3	0	107272
4	21620	24872.1	0	21620
5	3352	6218.0	0	3352
6	872	1554.5	0	872
7	247	388.6	0	247
8	19	97.2	0	19
9	134	24.3	0	5 129
10	76	6.1	1	2 74
11	82	1.5	1	1 81
12	3	0.4	1	0 3
13	3	0.1	1	0 3
