This is cutadapt 2.9 with Python 3.6.6
Command line parameters: --interleaved -a file:/nas02/apps/trimmomatic-0.36/Trimmomatic-0.36/adapters/TruSeq3-PE.fa -A file:/nas02/apps/trimmomatic-0.36/Trimmomatic-0.36/adapters/TruSeq3-PE.fa -m 30 /nas/longleaf/home/zpopkinh/Pvivax_resources/wgs_pe_improved_global/fastq/SRS2910029/SRR6668525_1.fastq.gz /nas/longleaf/home/zpopkinh/Pvivax_resources/wgs_pe_improved_global/fastq/SRS2910029/SRR6668525_2.fastq.gz
Processing reads on 1 core in paired-end mode ...
Finished in 289.57 s (75 us/read; 0.80 M reads/minute).

=== Summary ===

Total read pairs processed:          3,870,033
  Read 1 with adapter:                 162,198 (4.2%)
  Read 2 with adapter:                 169,128 (4.4%)
Pairs written (passing filters):     3,870,033 (100.0%)

Total basepairs processed:   774,006,600 bp
  Read 1:   387,003,300 bp
  Read 2:   387,003,300 bp
Total written (filtered):    772,860,972 bp (99.9%)
  Read 1:   386,440,551 bp
  Read 2:   386,420,421 bp

=== First read: Adapter PrefixPE/1 ===

Sequence: TACACTCTTTCCCTACACGACGCTCTTCCGATCT; Type: regular 3'; Length: 34; Trimmed: 90120 times

No. of allowed errors:
0-9 bp: 0; 10-19 bp: 1; 20-29 bp: 2; 30-34 bp: 3

Bases preceding removed adapters:
  A: 49.0%
  C: 15.4%
  G: 17.9%
  T: 17.7%
  none/other: 0.0%

Overview of removed sequences
length	count	expect	max.err	error counts
3	52194	60469.3	0	52194
4	23003	15117.3	0	23003
5	13450	3779.3	0	13450
6	824	944.8	0	824
7	198	236.2	0	198
8	34	59.1	0	34
9	180	14.8	0	19 161
10	146	3.7	1	5 141
11	76	0.9	1	1 75
12	10	0.2	1	0 10
13	2	0.1	1	0 2
14	3	0.0	1	0 3


=== First read: Adapter PrefixPE/2 ===

Sequence: GTGACTGGAGTTCAGACGTGTGCTCTTCCGATCT; Type: regular 3'; Length: 34; Trimmed: 72078 times

No. of allowed errors:
0-9 bp: 0; 10-19 bp: 1; 20-29 bp: 2; 30-34 bp: 3

Bases preceding removed adapters:
  A: 23.3%
  C: 19.5%
  G: 28.7%
  T: 28.4%
  none/other: 0.0%

Overview of removed sequences
length	count	expect	max.err	error counts
3	56369	60469.3	0	56369
4	12929	15117.3	0	12929
5	2020	3779.3	0	2020
6	474	944.8	0	474
7	123	236.2	0	123
8	11	59.1	0	11
9	65	14.8	0	3 62
10	63	3.7	1	1 62
11	20	0.9	1	0 20
12	4	0.2	1	0 4


=== Second read: Adapter PrefixPE/1 ===

Sequence: TACACTCTTTCCCTACACGACGCTCTTCCGATCT; Type: regular 3'; Length: 34; Trimmed: 89631 times

No. of allowed errors:
0-9 bp: 0; 10-19 bp: 1; 20-29 bp: 2; 30-34 bp: 3

Bases preceding removed adapters:
  A: 49.3%
  C: 15.6%
  G: 17.6%
  T: 17.5%
  none/other: 0.0%

Overview of removed sequences
length	count	expect	max.err	error counts
3	52052	60469.3	0	52052
4	22828	15117.3	0	22828
5	13327	3779.3	0	13327
6	756	944.8	0	756
7	192	236.2	0	192
8	36	59.1	0	36
9	192	14.8	0	23 169
10	155	3.7	1	3 152
11	74	0.9	1	0 74
12	11	0.2	1	0 11
13	6	0.1	1	0 6
14	1	0.0	1	0 1
15	1	0.0	1	0 1


=== Second read: Adapter PrefixPE/2 ===

Sequence: GTGACTGGAGTTCAGACGTGTGCTCTTCCGATCT; Type: regular 3'; Length: 34; Trimmed: 79497 times

No. of allowed errors:
0-9 bp: 0; 10-19 bp: 1; 20-29 bp: 2; 30-34 bp: 3

Bases preceding removed adapters:
  A: 20.9%
  C: 17.9%
  G: 34.8%
  T: 26.4%
  none/other: 0.0%

Overview of removed sequences
length	count	expect	max.err	error counts
3	63845	60469.3	0	63845
4	12878	15117.3	0	12878
5	2037	3779.3	0	2037
6	480	944.8	0	480
7	116	236.2	0	116
8	7	59.1	0	7
9	61	14.8	0	1 60
10	59	3.7	1	1 58
11	11	0.9	1	0 11
12	2	0.2	1	0 2
13	1	0.1	1	0 1
