This is cutadapt 2.9 with Python 3.6.6
Command line parameters: --interleaved -a file:/nas02/apps/trimmomatic-0.36/Trimmomatic-0.36/adapters/TruSeq3-PE.fa -A file:/nas02/apps/trimmomatic-0.36/Trimmomatic-0.36/adapters/TruSeq3-PE.fa -m 30 /nas/longleaf/home/zpopkinh/Pvivax_resources/wgs_pe_improved_global/fastq/ERS666244/ERR925421_1.fastq.gz /nas/longleaf/home/zpopkinh/Pvivax_resources/wgs_pe_improved_global/fastq/ERS666244/ERR925421_2.fastq.gz
Processing reads on 1 core in paired-end mode ...
Finished in 207.14 s (78 us/read; 0.77 M reads/minute).

=== Summary ===

Total read pairs processed:          2,653,228
  Read 1 with adapter:                  96,937 (3.7%)
  Read 2 with adapter:                  96,142 (3.6%)
Pairs written (passing filters):     2,653,228 (100.0%)

Total basepairs processed:   530,645,600 bp
  Read 1:   265,322,800 bp
  Read 2:   265,322,800 bp
Total written (filtered):    529,984,589 bp (99.9%)
  Read 1:   264,990,526 bp
  Read 2:   264,994,063 bp

=== First read: Adapter PrefixPE/1 ===

Sequence: TACACTCTTTCCCTACACGACGCTCTTCCGATCT; Type: regular 3'; Length: 34; Trimmed: 52930 times

No. of allowed errors:
0-9 bp: 0; 10-19 bp: 1; 20-29 bp: 2; 30-34 bp: 3

Bases preceding removed adapters:
  A: 27.4%
  C: 16.9%
  G: 29.6%
  T: 26.2%
  none/other: 0.0%

Overview of removed sequences
length	count	expect	max.err	error counts
3	33902	41456.7	0	33902
4	14655	10364.2	0	14655
5	2651	2591.0	0	2651
6	718	647.8	0	718
7	228	161.9	0	228
8	37	40.5	0	37
9	122	10.1	0	9 113
10	517	2.5	1	2 515
11	84	0.6	1	0 84
12	12	0.2	1	0 12
13	3	0.0	1	0 3
14	1	0.0	1	0 1


=== First read: Adapter PrefixPE/2 ===

Sequence: GTGACTGGAGTTCAGACGTGTGCTCTTCCGATCT; Type: regular 3'; Length: 34; Trimmed: 44007 times

No. of allowed errors:
0-9 bp: 0; 10-19 bp: 1; 20-29 bp: 2; 30-34 bp: 3

Bases preceding removed adapters:
  A: 28.1%
  C: 14.0%
  G: 21.8%
  T: 36.0%
  none/other: 0.0%

Overview of removed sequences
length	count	expect	max.err	error counts
3	34215	41456.7	0	34215
4	8022	10364.2	0	8022
5	1135	2591.0	0	1135
6	348	647.8	0	348
7	51	161.9	0	51
8	6	40.5	0	6
9	128	10.1	0	1 127
10	77	2.5	1	0 77
11	20	0.6	1	0 20
12	4	0.2	1	0 4
13	1	0.0	1	0 1


=== Second read: Adapter PrefixPE/1 ===

Sequence: TACACTCTTTCCCTACACGACGCTCTTCCGATCT; Type: regular 3'; Length: 34; Trimmed: 52620 times

No. of allowed errors:
0-9 bp: 0; 10-19 bp: 1; 20-29 bp: 2; 30-34 bp: 3

Bases preceding removed adapters:
  A: 27.5%
  C: 16.8%
  G: 29.5%
  T: 26.1%
  none/other: 0.0%

Overview of removed sequences
length	count	expect	max.err	error counts
3	34143	41456.7	0	34143
4	14282	10364.2	0	14282
5	2582	2591.0	0	2582
6	655	647.8	0	655
7	244	161.9	0	244
8	23	40.5	0	23
9	95	10.1	0	13 82
10	498	2.5	1	3 495
11	73	0.6	1	0 73
12	14	0.2	1	0 14
13	9	0.0	1	0 9
14	2	0.0	1	0 2


=== Second read: Adapter PrefixPE/2 ===

Sequence: GTGACTGGAGTTCAGACGTGTGCTCTTCCGATCT; Type: regular 3'; Length: 34; Trimmed: 43522 times

No. of allowed errors:
0-9 bp: 0; 10-19 bp: 1; 20-29 bp: 2; 30-34 bp: 3

Bases preceding removed adapters:
  A: 28.3%
  C: 14.2%
  G: 22.1%
  T: 35.3%
  none/other: 0.0%

Overview of removed sequences
length	count	expect	max.err	error counts
3	33834	41456.7	0	33834
4	8023	10364.2	0	8023
5	1032	2591.0	0	1032
6	320	647.8	0	320
7	61	161.9	0	61
8	6	40.5	0	6
9	146	10.1	0	3 143
10	75	2.5	1	2 73
11	17	0.6	1	0 17
12	7	0.2	1	0 7
13	1	0.0	1	0 1
