This is cutadapt 2.9 with Python 3.6.6
Command line parameters: --interleaved -a file:/nas02/apps/trimmomatic-0.36/Trimmomatic-0.36/adapters/TruSeq3-PE.fa -A file:/nas02/apps/trimmomatic-0.36/Trimmomatic-0.36/adapters/TruSeq3-PE.fa -m 30 /nas/longleaf/home/zpopkinh/Pvivax_resources/wgs_pe_improved_global/fastq/SRS1061134/SRR2316478_1.fastq.gz /nas/longleaf/home/zpopkinh/Pvivax_resources/wgs_pe_improved_global/fastq/SRS1061134/SRR2316478_2.fastq.gz
Processing reads on 1 core in paired-end mode ...
Finished in 685.76 s (77 us/read; 0.78 M reads/minute).

=== Summary ===

Total read pairs processed:          8,879,849
  Read 1 with adapter:                 323,465 (3.6%)
  Read 2 with adapter:                 330,792 (3.7%)
Pairs written (passing filters):     8,879,804 (100.0%)

Total basepairs processed: 1,775,969,800 bp
  Read 1:   887,984,900 bp
  Read 2:   887,984,900 bp
Total written (filtered):  1,773,744,948 bp (99.9%)
  Read 1:   886,884,596 bp
  Read 2:   886,860,352 bp

=== First read: Adapter PrefixPE/1 ===

Sequence: TACACTCTTTCCCTACACGACGCTCTTCCGATCT; Type: regular 3'; Length: 34; Trimmed: 155536 times

No. of allowed errors:
0-9 bp: 0; 10-19 bp: 1; 20-29 bp: 2; 30-34 bp: 3

Bases preceding removed adapters:
  A: 27.3%
  C: 22.2%
  G: 21.1%
  T: 29.5%
  none/other: 0.0%

Overview of removed sequences
length	count	expect	max.err	error counts
3	103934	138747.6	0	103934
4	39955	34686.9	0	39955
5	7936	8671.7	0	7936
6	1879	2167.9	0	1879
7	384	542.0	0	384
8	111	135.5	0	111
9	495	33.9	0	46 449
10	598	8.5	1	10 588
11	196	2.1	1	3 193
12	29	0.5	1	0 29
13	13	0.1	1	0 13
14	1	0.0	1	0 1
94	2	0.0	3	0 0 2
95	2	0.0	3	1 0 0 1
96	1	0.0	3	1


=== First read: Adapter PrefixPE/2 ===

Sequence: GTGACTGGAGTTCAGACGTGTGCTCTTCCGATCT; Type: regular 3'; Length: 34; Trimmed: 167929 times

No. of allowed errors:
0-9 bp: 0; 10-19 bp: 1; 20-29 bp: 2; 30-34 bp: 3

Bases preceding removed adapters:
  A: 27.5%
  C: 13.3%
  G: 26.1%
  T: 33.2%
  none/other: 0.0%

Overview of removed sequences
length	count	expect	max.err	error counts
3	128318	138747.6	0	128318
4	31935	34686.9	0	31935
5	5125	8671.7	0	5125
6	1519	2167.9	0	1519
7	369	542.0	0	369
8	87	135.5	0	87
9	226	33.9	0	20 206
10	202	8.5	1	10 192
11	87	2.1	1	0 87
12	28	0.5	1	0 28
13	16	0.1	1	0 16
14	2	0.0	1	0 2
15	1	0.0	1	0 1
35	1	0.0	3	0 1
39	1	0.0	3	0 0 0 1
50	2	0.0	3	0 0 1 1
54	1	0.0	3	0 1
74	7	0.0	3	3 0 0 4
91	1	0.0	3	1
99	1	0.0	3	0 0 0 1


=== Second read: Adapter PrefixPE/1 ===

Sequence: TACACTCTTTCCCTACACGACGCTCTTCCGATCT; Type: regular 3'; Length: 34; Trimmed: 157680 times

No. of allowed errors:
0-9 bp: 0; 10-19 bp: 1; 20-29 bp: 2; 30-34 bp: 3

Bases preceding removed adapters:
  A: 27.6%
  C: 22.1%
  G: 21.0%
  T: 29.2%
  none/other: 0.0%

Overview of removed sequences
length	count	expect	max.err	error counts
3	105573	138747.6	0	105573
4	40316	34686.9	0	40316
5	8045	8671.7	0	8045
6	1886	2167.9	0	1886
7	378	542.0	0	378
8	119	135.5	0	119
9	442	33.9	0	33 409
10	609	8.5	1	7 602
11	217	2.1	1	1 216
12	41	0.5	1	0 41
13	15	0.1	1	0 15
14	1	0.0	1	0 1
16	3	0.0	1	0 3
22	1	0.0	2	0 0 1
38	1	0.0	3	0 0 0 1
76	22	0.0	3	21 0 0 1
77	1	0.0	3	1
78	2	0.0	3	2
83	3	0.0	3	3
84	1	0.0	3	1
95	2	0.0	3	2
96	2	0.0	3	2


=== Second read: Adapter PrefixPE/2 ===

Sequence: GTGACTGGAGTTCAGACGTGTGCTCTTCCGATCT; Type: regular 3'; Length: 34; Trimmed: 173112 times

No. of allowed errors:
0-9 bp: 0; 10-19 bp: 1; 20-29 bp: 2; 30-34 bp: 3

Bases preceding removed adapters:
  A: 27.6%
  C: 13.0%
  G: 26.1%
  T: 33.2%
  none/other: 0.0%

Overview of removed sequences
length	count	expect	max.err	error counts
3	132093	138747.6	0	132093
4	33175	34686.9	0	33175
5	5265	8671.7	0	5265
6	1530	2167.9	0	1530
7	364	542.0	0	364
8	94	135.5	0	94
9	200	33.9	0	22 178
10	254	8.5	1	3 251
11	92	2.1	1	0 92
12	37	0.5	1	0 37
13	4	0.1	1	0 4
15	2	0.0	1	0 2
99	2	0.0	3	0 2
