This is cutadapt 2.9 with Python 3.6.6
Command line parameters: --interleaved -a file:/nas02/apps/trimmomatic-0.36/Trimmomatic-0.36/adapters/TruSeq3-PE.fa -A file:/nas02/apps/trimmomatic-0.36/Trimmomatic-0.36/adapters/TruSeq3-PE.fa -m 30 /nas/longleaf/home/zpopkinh/Pvivax_resources/wgs_pe_improved_global/fastq/SRS1061045/SRR2316048_1.fastq.gz /nas/longleaf/home/zpopkinh/Pvivax_resources/wgs_pe_improved_global/fastq/SRS1061045/SRR2316048_2.fastq.gz
Processing reads on 1 core in paired-end mode ...
Finished in 4161.12 s (102 us/read; 0.59 M reads/minute).

=== Summary ===

Total read pairs processed:         40,703,559
  Read 1 with adapter:               1,496,767 (3.7%)
  Read 2 with adapter:               1,480,446 (3.6%)
Pairs written (passing filters):    40,703,553 (100.0%)

Total basepairs processed: 8,140,711,800 bp
  Read 1: 4,029,652,341 bp
  Read 2: 4,111,059,459 bp
Total written (filtered):  8,130,536,973 bp (99.9%)
  Read 1: 4,024,536,092 bp
  Read 2: 4,106,000,881 bp

=== First read: Adapter PrefixPE/1 ===

Sequence: TACACTCTTTCCCTACACGACGCTCTTCCGATCT; Type: regular 3'; Length: 34; Trimmed: 756574 times

No. of allowed errors:
0-9 bp: 0; 10-19 bp: 1; 20-29 bp: 2; 30-34 bp: 3

Bases preceding removed adapters:
  A: 31.3%
  C: 19.9%
  G: 17.6%
  T: 31.3%
  none/other: 0.0%

Overview of removed sequences
length	count	expect	max.err	error counts
3	494439	635993.1	0	494439
4	207514	158998.3	0	207514
5	35248	39749.6	0	35248
6	9472	9937.4	0	9472
7	1879	2484.3	0	1879
8	620	621.1	0	620
9	2107	155.3	0	206 1901
10	3899	38.8	1	103 3796
11	1072	9.7	1	17 1055
12	224	2.4	1	2 222
13	66	0.6	1	0 66
14	22	0.2	1	0 22
15	4	0.0	1	0 4
16	2	0.0	1	0 2
17	2	0.0	1	0 2
26	1	0.0	2	0 0 1
34	1	0.0	3	0 0 0 1
37	1	0.0	3	0 1
99	1	0.0	3	0 0 0 1


=== First read: Adapter PrefixPE/2 ===

Sequence: GTGACTGGAGTTCAGACGTGTGCTCTTCCGATCT; Type: regular 3'; Length: 34; Trimmed: 740193 times

No. of allowed errors:
0-9 bp: 0; 10-19 bp: 1; 20-29 bp: 2; 30-34 bp: 3

Bases preceding removed adapters:
  A: 30.6%
  C: 8.3%
  G: 23.1%
  T: 37.9%
  none/other: 0.0%

Overview of removed sequences
length	count	expect	max.err	error counts
3	549618	635993.1	0	549618
4	153252	158998.3	0	153252
5	23829	39749.6	0	23829
6	7910	9937.4	0	7910
7	1947	2484.3	0	1947
8	454	621.1	0	454
9	1203	155.3	0	147 1056
10	1290	38.8	1	36 1254
11	510	9.7	1	8 502
12	132	2.4	1	1 131
13	29	0.6	1	0 29
14	11	0.2	1	0 11
15	5	0.0	1	0 5
20	1	0.0	2	0 0 1
78	1	0.0	3	0 0 1
85	1	0.0	3	0 0 0 1


=== Second read: Adapter PrefixPE/1 ===

Sequence: TACACTCTTTCCCTACACGACGCTCTTCCGATCT; Type: regular 3'; Length: 34; Trimmed: 754342 times

No. of allowed errors:
0-9 bp: 0; 10-19 bp: 1; 20-29 bp: 2; 30-34 bp: 3

Bases preceding removed adapters:
  A: 31.2%
  C: 19.8%
  G: 17.5%
  T: 31.4%
  none/other: 0.0%

Overview of removed sequences
length	count	expect	max.err	error counts
3	492713	635993.1	0	492713
4	207594	158998.3	0	207594
5	34771	39749.6	0	34771
6	9502	9937.4	0	9502
7	1818	2484.3	0	1818
8	616	621.1	0	616
9	2072	155.3	0	200 1872
10	3931	38.8	1	102 3829
11	1026	9.7	1	13 1013
12	207	2.4	1	2 205
13	66	0.6	1	3 63
14	20	0.2	1	0 20
15	2	0.0	1	1 1
16	1	0.0	1	0 1
101	3	0.0	3	0 0 0 3


=== Second read: Adapter PrefixPE/2 ===

Sequence: GTGACTGGAGTTCAGACGTGTGCTCTTCCGATCT; Type: regular 3'; Length: 34; Trimmed: 726104 times

No. of allowed errors:
0-9 bp: 0; 10-19 bp: 1; 20-29 bp: 2; 30-34 bp: 3

Bases preceding removed adapters:
  A: 30.4%
  C: 8.5%
  G: 23.0%
  T: 38.0%
  none/other: 0.0%

Overview of removed sequences
length	count	expect	max.err	error counts
3	540488	635993.1	0	540488
4	149206	158998.3	0	149206
5	23357	39749.6	0	23357
6	7657	9937.4	0	7657
7	2024	2484.3	0	2024
8	428	621.1	0	428
9	1127	155.3	0	128 999
10	1173	38.8	1	47 1126
11	460	9.7	1	8 452
12	120	2.4	1	2 118
13	41	0.6	1	2 39
14	14	0.2	1	0 14
15	3	0.0	1	1 2
25	1	0.0	2	0 0 1
44	1	0.0	3	0 0 1
47	1	0.0	3	0 1
51	1	0.0	3	1
52	1	0.0	3	0 0 1
54	1	0.0	3	1
