This is cutadapt 2.9 with Python 3.6.6
Command line parameters: --interleaved -a file:/nas02/apps/trimmomatic-0.36/Trimmomatic-0.36/adapters/TruSeq3-PE.fa -A file:/nas02/apps/trimmomatic-0.36/Trimmomatic-0.36/adapters/TruSeq3-PE.fa -m 30 /nas/longleaf/home/zpopkinh/Pvivax_resources/wgs_pe_improved_global/fastq/ERS338621/ERR386547_1.fastq.gz /nas/longleaf/home/zpopkinh/Pvivax_resources/wgs_pe_improved_global/fastq/ERS338621/ERR386547_2.fastq.gz
Processing reads on 1 core in paired-end mode ...
Finished in 96.70 s (89 us/read; 0.67 M reads/minute).

=== Summary ===

Total read pairs processed:          1,081,999
  Read 1 with adapter:                  39,183 (3.6%)
  Read 2 with adapter:                  38,394 (3.5%)
Pairs written (passing filters):     1,081,999 (100.0%)

Total basepairs processed:   216,399,800 bp
  Read 1:   108,199,900 bp
  Read 2:   108,199,900 bp
Total written (filtered):    216,134,136 bp (99.9%)
  Read 1:   108,065,716 bp
  Read 2:   108,068,420 bp

=== First read: Adapter PrefixPE/1 ===

Sequence: TACACTCTTTCCCTACACGACGCTCTTCCGATCT; Type: regular 3'; Length: 34; Trimmed: 20375 times

No. of allowed errors:
0-9 bp: 0; 10-19 bp: 1; 20-29 bp: 2; 30-34 bp: 3

Bases preceding removed adapters:
  A: 28.5%
  C: 18.4%
  G: 24.4%
  T: 28.7%
  none/other: 0.0%

Overview of removed sequences
length	count	expect	max.err	error counts
3	13181	16906.2	0	13181
4	5407	4226.6	0	5407
5	1057	1056.6	0	1057
6	286	264.2	0	286
7	102	66.0	0	102
8	17	16.5	0	17
9	54	4.1	0	6 48
10	226	1.0	1	5 221
11	32	0.3	1	0 32
12	10	0.1	1	0 10
13	3	0.0	1	0 3


=== First read: Adapter PrefixPE/2 ===

Sequence: GTGACTGGAGTTCAGACGTGTGCTCTTCCGATCT; Type: regular 3'; Length: 34; Trimmed: 18808 times

No. of allowed errors:
0-9 bp: 0; 10-19 bp: 1; 20-29 bp: 2; 30-34 bp: 3

Bases preceding removed adapters:
  A: 28.6%
  C: 13.0%
  G: 22.3%
  T: 36.1%
  none/other: 0.0%

Overview of removed sequences
length	count	expect	max.err	error counts
3	14691	16906.2	0	14691
4	3375	4226.6	0	3375
5	476	1056.6	0	476
6	146	264.2	0	146
7	30	66.0	0	30
8	4	16.5	0	4
9	39	4.1	0	2 37
10	34	1.0	1	2 32
11	13	0.3	1	0 13


=== Second read: Adapter PrefixPE/1 ===

Sequence: TACACTCTTTCCCTACACGACGCTCTTCCGATCT; Type: regular 3'; Length: 34; Trimmed: 20087 times

No. of allowed errors:
0-9 bp: 0; 10-19 bp: 1; 20-29 bp: 2; 30-34 bp: 3

Bases preceding removed adapters:
  A: 29.6%
  C: 18.8%
  G: 23.4%
  T: 28.2%
  none/other: 0.0%

Overview of removed sequences
length	count	expect	max.err	error counts
3	12908	16906.2	0	12908
4	5405	4226.6	0	5405
5	1036	1056.6	0	1036
6	271	264.2	0	271
7	113	66.0	0	113
8	26	16.5	0	26
9	42	4.1	0	4 38
10	246	1.0	1	2 244
11	30	0.3	1	0 30
12	7	0.1	1	0 7
13	2	0.0	1	0 2
14	1	0.0	1	0 1


=== Second read: Adapter PrefixPE/2 ===

Sequence: GTGACTGGAGTTCAGACGTGTGCTCTTCCGATCT; Type: regular 3'; Length: 34; Trimmed: 18307 times

No. of allowed errors:
0-9 bp: 0; 10-19 bp: 1; 20-29 bp: 2; 30-34 bp: 3

Bases preceding removed adapters:
  A: 28.7%
  C: 13.7%
  G: 22.2%
  T: 35.4%
  none/other: 0.0%

Overview of removed sequences
length	count	expect	max.err	error counts
3	14433	16906.2	0	14433
4	3174	4226.6	0	3174
5	464	1056.6	0	464
6	136	264.2	0	136
7	18	66.0	0	18
8	6	16.5	0	6
9	39	4.1	0	1 38
10	29	1.0	1	1 28
11	5	0.3	1	0 5
12	2	0.1	1	0 2
14	1	0.0	1	0 1
