This is cutadapt 2.9 with Python 3.6.6
Command line parameters: --interleaved -a file:/nas02/apps/trimmomatic-0.36/Trimmomatic-0.36/adapters/TruSeq3-PE.fa -A file:/nas02/apps/trimmomatic-0.36/Trimmomatic-0.36/adapters/TruSeq3-PE.fa -m 30 /nas/longleaf/home/zpopkinh/Pvivax_resources/wgs_pe_improved_global/fastq/ERS338621/ERR484722_1.fastq.gz /nas/longleaf/home/zpopkinh/Pvivax_resources/wgs_pe_improved_global/fastq/ERS338621/ERR484722_2.fastq.gz
Processing reads on 1 core in paired-end mode ...
Finished in 10.03 s (48 us/read; 1.24 M reads/minute).

=== Summary ===

Total read pairs processed:            207,900
  Read 1 with adapter:                   7,412 (3.6%)
  Read 2 with adapter:                   7,249 (3.5%)
Pairs written (passing filters):       207,900 (100.0%)

Total basepairs processed:    41,580,000 bp
  Read 1:    20,790,000 bp
  Read 2:    20,790,000 bp
Total written (filtered):     41,529,996 bp (99.9%)
  Read 1:    20,764,710 bp
  Read 2:    20,765,286 bp

=== First read: Adapter PrefixPE/1 ===

Sequence: TACACTCTTTCCCTACACGACGCTCTTCCGATCT; Type: regular 3'; Length: 34; Trimmed: 3847 times

No. of allowed errors:
0-9 bp: 0; 10-19 bp: 1; 20-29 bp: 2; 30-34 bp: 3

Bases preceding removed adapters:
  A: 29.0%
  C: 18.0%
  G: 24.5%
  T: 28.5%
  none/other: 0.0%

Overview of removed sequences
length	count	expect	max.err	error counts
3	2472	3248.4	0	2472
4	1052	812.1	0	1052
5	195	203.0	0	195
6	52	50.8	0	52
7	22	12.7	0	22
9	8	0.8	0	0 8
10	40	0.2	1	0 40
11	6	0.0	1	0 6


=== First read: Adapter PrefixPE/2 ===

Sequence: GTGACTGGAGTTCAGACGTGTGCTCTTCCGATCT; Type: regular 3'; Length: 34; Trimmed: 3565 times

No. of allowed errors:
0-9 bp: 0; 10-19 bp: 1; 20-29 bp: 2; 30-34 bp: 3

Bases preceding removed adapters:
  A: 29.4%
  C: 12.0%
  G: 21.7%
  T: 36.9%
  none/other: 0.0%

Overview of removed sequences
length	count	expect	max.err	error counts
3	2801	3248.4	0	2801
4	625	812.1	0	625
5	99	203.0	0	99
6	23	50.8	0	23
7	5	12.7	0	5
8	1	3.2	0	1
9	7	0.8	0	0 7
10	1	0.2	1	0 1
11	1	0.0	1	0 1
12	2	0.0	1	0 2


=== Second read: Adapter PrefixPE/1 ===

Sequence: TACACTCTTTCCCTACACGACGCTCTTCCGATCT; Type: regular 3'; Length: 34; Trimmed: 3773 times

No. of allowed errors:
0-9 bp: 0; 10-19 bp: 1; 20-29 bp: 2; 30-34 bp: 3

Bases preceding removed adapters:
  A: 29.1%
  C: 18.8%
  G: 25.1%
  T: 27.0%
  none/other: 0.0%

Overview of removed sequences
length	count	expect	max.err	error counts
3	2434	3248.4	0	2434
4	1006	812.1	0	1006
5	197	203.0	0	197
6	54	50.8	0	54
7	18	12.7	0	18
8	5	3.2	0	5
9	8	0.8	0	1 7
10	39	0.2	1	0 39
11	10	0.0	1	0 10
12	2	0.0	1	0 2


=== Second read: Adapter PrefixPE/2 ===

Sequence: GTGACTGGAGTTCAGACGTGTGCTCTTCCGATCT; Type: regular 3'; Length: 34; Trimmed: 3476 times

No. of allowed errors:
0-9 bp: 0; 10-19 bp: 1; 20-29 bp: 2; 30-34 bp: 3

Bases preceding removed adapters:
  A: 28.9%
  C: 14.2%
  G: 20.7%
  T: 36.1%
  none/other: 0.0%

Overview of removed sequences
length	count	expect	max.err	error counts
3	2771	3248.4	0	2771
4	596	812.1	0	596
5	74	203.0	0	74
6	22	50.8	0	22
7	1	12.7	0	1
8	2	3.2	0	2
9	6	0.8	0	0 6
10	3	0.2	1	0 3
11	1	0.0	1	0 1
