This is cutadapt 2.9 with Python 3.6.6
Command line parameters: --interleaved -a file:/nas02/apps/trimmomatic-0.36/Trimmomatic-0.36/adapters/TruSeq3-PE.fa -A file:/nas02/apps/trimmomatic-0.36/Trimmomatic-0.36/adapters/TruSeq3-PE.fa -m 30 /nas/longleaf/home/zpopkinh/Pvivax_resources/wgs_pe_improved_global/fastq/ERS338621/ERR484731_1.fastq.gz /nas/longleaf/home/zpopkinh/Pvivax_resources/wgs_pe_improved_global/fastq/ERS338621/ERR484731_2.fastq.gz
Processing reads on 1 core in paired-end mode ...
Finished in 10.17 s (49 us/read; 1.22 M reads/minute).

=== Summary ===

Total read pairs processed:            206,152
  Read 1 with adapter:                   7,434 (3.6%)
  Read 2 with adapter:                   7,326 (3.6%)
Pairs written (passing filters):       206,152 (100.0%)

Total basepairs processed:    41,230,400 bp
  Read 1:    20,615,200 bp
  Read 2:    20,615,200 bp
Total written (filtered):     41,179,775 bp (99.9%)
  Read 1:    20,589,761 bp
  Read 2:    20,590,014 bp

=== First read: Adapter PrefixPE/1 ===

Sequence: TACACTCTTTCCCTACACGACGCTCTTCCGATCT; Type: regular 3'; Length: 34; Trimmed: 3885 times

No. of allowed errors:
0-9 bp: 0; 10-19 bp: 1; 20-29 bp: 2; 30-34 bp: 3

Bases preceding removed adapters:
  A: 29.0%
  C: 18.5%
  G: 24.2%
  T: 28.4%
  none/other: 0.0%

Overview of removed sequences
length	count	expect	max.err	error counts
3	2518	3221.1	0	2518
4	1030	805.3	0	1030
5	193	201.3	0	193
6	53	50.3	0	53
7	19	12.6	0	19
8	4	3.1	0	4
9	9	0.8	0	1 8
10	49	0.2	1	0 49
11	6	0.0	1	0 6
12	3	0.0	1	0 3
13	1	0.0	1	0 1


=== First read: Adapter PrefixPE/2 ===

Sequence: GTGACTGGAGTTCAGACGTGTGCTCTTCCGATCT; Type: regular 3'; Length: 34; Trimmed: 3549 times

No. of allowed errors:
0-9 bp: 0; 10-19 bp: 1; 20-29 bp: 2; 30-34 bp: 3

Bases preceding removed adapters:
  A: 29.2%
  C: 12.9%
  G: 21.8%
  T: 36.1%
  none/other: 0.0%

Overview of removed sequences
length	count	expect	max.err	error counts
3	2771	3221.1	0	2771
4	654	805.3	0	654
5	86	201.3	0	86
6	24	50.3	0	24
7	2	12.6	0	2
8	1	3.1	0	1
9	4	0.8	0	0 4
10	7	0.2	1	0 7


=== Second read: Adapter PrefixPE/1 ===

Sequence: TACACTCTTTCCCTACACGACGCTCTTCCGATCT; Type: regular 3'; Length: 34; Trimmed: 3853 times

No. of allowed errors:
0-9 bp: 0; 10-19 bp: 1; 20-29 bp: 2; 30-34 bp: 3

Bases preceding removed adapters:
  A: 30.2%
  C: 18.6%
  G: 23.7%
  T: 27.5%
  none/other: 0.0%

Overview of removed sequences
length	count	expect	max.err	error counts
3	2459	3221.1	0	2459
4	1058	805.3	0	1058
5	190	201.3	0	190
6	52	50.3	0	52
7	16	12.6	0	16
8	5	3.1	0	5
9	6	0.8	0	2 4
10	54	0.2	1	1 53
11	13	0.0	1	0 13


=== Second read: Adapter PrefixPE/2 ===

Sequence: GTGACTGGAGTTCAGACGTGTGCTCTTCCGATCT; Type: regular 3'; Length: 34; Trimmed: 3473 times

No. of allowed errors:
0-9 bp: 0; 10-19 bp: 1; 20-29 bp: 2; 30-34 bp: 3

Bases preceding removed adapters:
  A: 29.0%
  C: 12.4%
  G: 22.6%
  T: 36.0%
  none/other: 0.0%

Overview of removed sequences
length	count	expect	max.err	error counts
3	2720	3221.1	0	2720
4	608	805.3	0	608
5	97	201.3	0	97
6	27	50.3	0	27
7	5	12.6	0	5
9	8	0.8	0	1 7
10	8	0.2	1	0 8
