This is cutadapt 2.9 with Python 3.6.6
Command line parameters: --interleaved -a file:/nas02/apps/trimmomatic-0.36/Trimmomatic-0.36/adapters/TruSeq3-PE.fa -A file:/nas02/apps/trimmomatic-0.36/Trimmomatic-0.36/adapters/TruSeq3-PE.fa -m 30 /nas/longleaf/home/zpopkinh/Pvivax_resources/wgs_pe_improved_global/fastq/ERS338621/ERR490263_1.fastq.gz /nas/longleaf/home/zpopkinh/Pvivax_resources/wgs_pe_improved_global/fastq/ERS338621/ERR490263_2.fastq.gz
Processing reads on 1 core in paired-end mode ...
Finished in 6.42 s (47 us/read; 1.26 M reads/minute).

=== Summary ===

Total read pairs processed:            135,116
  Read 1 with adapter:                   4,864 (3.6%)
  Read 2 with adapter:                   4,892 (3.6%)
Pairs written (passing filters):       135,115 (100.0%)

Total basepairs processed:    27,023,200 bp
  Read 1:    13,511,600 bp
  Read 2:    13,511,600 bp
Total written (filtered):     26,989,749 bp (99.9%)
  Read 1:    13,494,969 bp
  Read 2:    13,494,780 bp

=== First read: Adapter PrefixPE/1 ===

Sequence: TACACTCTTTCCCTACACGACGCTCTTCCGATCT; Type: regular 3'; Length: 34; Trimmed: 2499 times

No. of allowed errors:
0-9 bp: 0; 10-19 bp: 1; 20-29 bp: 2; 30-34 bp: 3

Bases preceding removed adapters:
  A: 27.6%
  C: 18.6%
  G: 25.7%
  T: 28.1%
  none/other: 0.0%

Overview of removed sequences
length	count	expect	max.err	error counts
3	1676	2111.2	0	1676
4	640	527.8	0	640
5	105	131.9	0	105
6	28	33.0	0	28
7	13	8.2	0	13
8	1	2.1	0	1
9	5	0.5	0	1 4
10	24	0.1	1	0 24
11	5	0.0	1	0 5
12	1	0.0	1	0 1
100	1	0.0	3	0 0 0 1


=== First read: Adapter PrefixPE/2 ===

Sequence: GTGACTGGAGTTCAGACGTGTGCTCTTCCGATCT; Type: regular 3'; Length: 34; Trimmed: 2365 times

No. of allowed errors:
0-9 bp: 0; 10-19 bp: 1; 20-29 bp: 2; 30-34 bp: 3

Bases preceding removed adapters:
  A: 29.4%
  C: 12.1%
  G: 21.3%
  T: 37.2%
  none/other: 0.0%

Overview of removed sequences
length	count	expect	max.err	error counts
3	1849	2111.2	0	1849
4	418	527.8	0	418
5	63	131.9	0	63
6	18	33.0	0	18
7	4	8.2	0	4
9	3	0.5	0	0 3
10	8	0.1	1	1 7
11	2	0.0	1	0 2


=== Second read: Adapter PrefixPE/1 ===

Sequence: TACACTCTTTCCCTACACGACGCTCTTCCGATCT; Type: regular 3'; Length: 34; Trimmed: 2552 times

No. of allowed errors:
0-9 bp: 0; 10-19 bp: 1; 20-29 bp: 2; 30-34 bp: 3

Bases preceding removed adapters:
  A: 29.9%
  C: 17.8%
  G: 23.8%
  T: 28.5%
  none/other: 0.0%

Overview of removed sequences
length	count	expect	max.err	error counts
3	1674	2111.2	0	1674
4	648	527.8	0	648
5	142	131.9	0	142
6	26	33.0	0	26
7	11	8.2	0	11
8	3	2.1	0	3
9	5	0.5	0	0 5
10	38	0.1	1	0 38
11	4	0.0	1	0 4
13	1	0.0	1	0 1


=== Second read: Adapter PrefixPE/2 ===

Sequence: GTGACTGGAGTTCAGACGTGTGCTCTTCCGATCT; Type: regular 3'; Length: 34; Trimmed: 2340 times

No. of allowed errors:
0-9 bp: 0; 10-19 bp: 1; 20-29 bp: 2; 30-34 bp: 3

Bases preceding removed adapters:
  A: 28.7%
  C: 13.8%
  G: 22.2%
  T: 35.3%
  none/other: 0.0%

Overview of removed sequences
length	count	expect	max.err	error counts
3	1838	2111.2	0	1838
4	439	527.8	0	439
5	36	131.9	0	36
6	13	33.0	0	13
7	2	8.2	0	2
9	6	0.5	0	1 5
10	5	0.1	1	0 5
11	1	0.0	1	0 1
