This is cutadapt 2.9 with Python 3.6.6
Command line parameters: --interleaved -a file:/nas02/apps/trimmomatic-0.36/Trimmomatic-0.36/adapters/TruSeq3-PE.fa -A file:/nas02/apps/trimmomatic-0.36/Trimmomatic-0.36/adapters/TruSeq3-PE.fa -m 30 /nas/longleaf/home/zpopkinh/Pvivax_resources/wgs_pe_improved_global/fastq/SRS1061156/SRR2316875_1.fastq.gz /nas/longleaf/home/zpopkinh/Pvivax_resources/wgs_pe_improved_global/fastq/SRS1061156/SRR2316875_2.fastq.gz
Processing reads on 1 core in paired-end mode ...
Finished in 1440.09 s (78 us/read; 0.77 M reads/minute).

=== Summary ===

Total read pairs processed:         18,412,703
  Read 1 with adapter:                 669,521 (3.6%)
  Read 2 with adapter:                 675,657 (3.7%)
Pairs written (passing filters):    18,412,688 (100.0%)

Total basepairs processed: 3,682,540,600 bp
  Read 1: 1,841,270,300 bp
  Read 2: 1,841,270,300 bp
Total written (filtered):  3,677,936,123 bp (99.9%)
  Read 1: 1,838,979,142 bp
  Read 2: 1,838,956,981 bp

=== First read: Adapter PrefixPE/1 ===

Sequence: TACACTCTTTCCCTACACGACGCTCTTCCGATCT; Type: regular 3'; Length: 34; Trimmed: 342602 times

No. of allowed errors:
0-9 bp: 0; 10-19 bp: 1; 20-29 bp: 2; 30-34 bp: 3

Bases preceding removed adapters:
  A: 31.2%
  C: 19.8%
  G: 17.4%
  T: 31.6%
  none/other: 0.0%

Overview of removed sequences
length	count	expect	max.err	error counts
3	223783	287698.5	0	223783
4	94487	71924.6	0	94487
5	15454	17981.2	0	15454
6	4279	4495.3	0	4279
7	834	1123.8	0	834
8	264	281.0	0	264
9	987	70.2	0	77 910
10	1831	17.6	1	43 1788
11	545	4.4	1	2 543
12	88	1.1	1	2 86
13	31	0.3	1	1 30
14	14	0.1	1	0 14
15	1	0.0	1	0 1
95	1	0.0	3	0 1
97	2	0.0	3	0 1 1
100	1	0.0	3	0 0 1


=== First read: Adapter PrefixPE/2 ===

Sequence: GTGACTGGAGTTCAGACGTGTGCTCTTCCGATCT; Type: regular 3'; Length: 34; Trimmed: 326919 times

No. of allowed errors:
0-9 bp: 0; 10-19 bp: 1; 20-29 bp: 2; 30-34 bp: 3

Bases preceding removed adapters:
  A: 30.9%
  C: 8.0%
  G: 22.8%
  T: 38.3%
  none/other: 0.0%

Overview of removed sequences
length	count	expect	max.err	error counts
3	242236	287698.5	0	242236
4	68262	71924.6	0	68262
5	10422	17981.2	0	10422
6	3545	4495.3	0	3545
7	887	1123.8	0	887
8	203	281.0	0	203
9	476	70.2	0	58 418
10	579	17.6	1	15 564
11	214	4.4	1	2 212
12	66	1.1	1	1 65
13	20	0.3	1	0 20
14	5	0.1	1	0 5
15	3	0.0	1	0 3
48	1	0.0	3	0 0 1


=== Second read: Adapter PrefixPE/1 ===

Sequence: TACACTCTTTCCCTACACGACGCTCTTCCGATCT; Type: regular 3'; Length: 34; Trimmed: 342715 times

No. of allowed errors:
0-9 bp: 0; 10-19 bp: 1; 20-29 bp: 2; 30-34 bp: 3

Bases preceding removed adapters:
  A: 31.5%
  C: 19.8%
  G: 17.3%
  T: 31.3%
  none/other: 0.0%

Overview of removed sequences
length	count	expect	max.err	error counts
3	222764	287698.5	0	222764
4	95276	71924.6	0	95276
5	15635	17981.2	0	15635
6	4389	4495.3	0	4389
7	868	1123.8	0	868
8	288	281.0	0	288
9	967	70.2	0	91 876
10	1909	17.6	1	35 1874
11	487	4.4	1	5 482
12	86	1.1	1	3 83
13	29	0.3	1	0 29
14	4	0.1	1	0 4
15	3	0.0	1	0 3
16	1	0.0	1	0 1
30	1	0.0	3	0 0 1
31	1	0.0	3	0 0 0 1
48	1	0.0	3	0 0 1
96	1	0.0	3	0 0 1
98	2	0.0	3	0 2
100	3	0.0	3	0 1 0 2


=== Second read: Adapter PrefixPE/2 ===

Sequence: GTGACTGGAGTTCAGACGTGTGCTCTTCCGATCT; Type: regular 3'; Length: 34; Trimmed: 332942 times

No. of allowed errors:
0-9 bp: 0; 10-19 bp: 1; 20-29 bp: 2; 30-34 bp: 3

Bases preceding removed adapters:
  A: 31.1%
  C: 7.6%
  G: 23.0%
  T: 38.2%
  none/other: 0.0%

Overview of removed sequences
length	count	expect	max.err	error counts
3	247114	287698.5	0	247114
4	68956	71924.6	0	68956
5	10697	17981.2	0	10697
6	3567	4495.3	0	3567
7	927	1123.8	0	927
8	238	281.0	0	238
9	520	70.2	0	66 454
10	596	17.6	1	16 580
11	235	4.4	1	3 232
12	63	1.1	1	1 62
13	17	0.3	1	0 17
14	4	0.1	1	0 4
15	3	0.0	1	0 3
81	1	0.0	3	0 1
82	1	0.0	3	0 1
91	1	0.0	3	0 0 1
94	1	0.0	3	0 0 0 1
99	1	0.0	3	0 0 1
