This is cutadapt 2.9 with Python 3.6.6
Command line parameters: --interleaved -a file:/nas02/apps/trimmomatic-0.36/Trimmomatic-0.36/adapters/TruSeq3-PE.fa -A file:/nas02/apps/trimmomatic-0.36/Trimmomatic-0.36/adapters/TruSeq3-PE.fa -m 30 /nas/longleaf/home/zpopkinh/Pvivax_resources/wgs_pe_improved_global/fastq/ERR3813233/ERR3813233_1.fastq.gz /nas/longleaf/home/zpopkinh/Pvivax_resources/wgs_pe_improved_global/fastq/ERR3813233/ERR3813233_2.fastq.gz
Processing reads on 1 core in paired-end mode ...
Finished in 877.37 s (127 us/read; 0.47 M reads/minute).

=== Summary ===

Total read pairs processed:          6,916,318
  Read 1 with adapter:                 252,388 (3.6%)
  Read 2 with adapter:                 252,297 (3.6%)
Pairs written (passing filters):     6,916,318 (100.0%)

Total basepairs processed: 2,074,895,400 bp
  Read 1: 1,037,447,700 bp
  Read 2: 1,037,447,700 bp
Total written (filtered):  2,073,192,547 bp (99.9%)
  Read 1: 1,036,595,484 bp
  Read 2: 1,036,597,063 bp

=== First read: Adapter PrefixPE/1 ===

Sequence: TACACTCTTTCCCTACACGACGCTCTTCCGATCT; Type: regular 3'; Length: 34; Trimmed: 129862 times

No. of allowed errors:
0-9 bp: 0; 10-19 bp: 1; 20-29 bp: 2; 30-34 bp: 3

Bases preceding removed adapters:
  A: 29.3%
  C: 19.9%
  G: 20.6%
  T: 30.2%
  none/other: 0.0%

Overview of removed sequences
length	count	expect	max.err	error counts
3	87372	108067.5	0	87372
4	33100	27016.9	0	33100
5	6525	6754.2	0	6525
6	1437	1688.6	0	1437
7	339	422.1	0	339
8	84	105.5	0	84
9	389	26.4	0	14 375
10	408	6.6	1	9 399
11	163	1.6	1	1 162
12	29	0.4	1	0 29
13	13	0.1	1	0 13
14	2	0.0	1	0 2
66	1	0.0	3	0 0 1


=== First read: Adapter PrefixPE/2 ===

Sequence: GTGACTGGAGTTCAGACGTGTGCTCTTCCGATCT; Type: regular 3'; Length: 34; Trimmed: 122526 times

No. of allowed errors:
0-9 bp: 0; 10-19 bp: 1; 20-29 bp: 2; 30-34 bp: 3

Bases preceding removed adapters:
  A: 25.1%
  C: 15.5%
  G: 26.6%
  T: 32.7%
  none/other: 0.0%

Overview of removed sequences
length	count	expect	max.err	error counts
3	95084	108067.5	0	95084
4	22243	27016.9	0	22243
5	3628	6754.2	0	3628
6	976	1688.6	0	976
7	204	422.1	0	204
8	44	105.5	0	44
9	148	26.4	0	12 136
10	119	6.6	1	3 116
11	60	1.6	1	1 59
12	19	0.4	1	0 19
13	1	0.1	1	0 1


=== Second read: Adapter PrefixPE/1 ===

Sequence: TACACTCTTTCCCTACACGACGCTCTTCCGATCT; Type: regular 3'; Length: 34; Trimmed: 129371 times

No. of allowed errors:
0-9 bp: 0; 10-19 bp: 1; 20-29 bp: 2; 30-34 bp: 3

Bases preceding removed adapters:
  A: 29.5%
  C: 20.5%
  G: 20.5%
  T: 29.5%
  none/other: 0.0%

Overview of removed sequences
length	count	expect	max.err	error counts
3	87388	108067.5	0	87388
4	32526	27016.9	0	32526
5	6622	6754.2	0	6622
6	1472	1688.6	0	1472
7	282	422.1	0	282
8	94	105.5	0	94
9	365	26.4	0	31 334
10	463	6.6	1	12 451
11	127	1.6	1	5 122
12	23	0.4	1	0 23
13	3	0.1	1	0 3
14	5	0.0	1	0 5
15	1	0.0	1	0 1


=== Second read: Adapter PrefixPE/2 ===

Sequence: GTGACTGGAGTTCAGACGTGTGCTCTTCCGATCT; Type: regular 3'; Length: 34; Trimmed: 122926 times

No. of allowed errors:
0-9 bp: 0; 10-19 bp: 1; 20-29 bp: 2; 30-34 bp: 3

Bases preceding removed adapters:
  A: 25.0%
  C: 17.1%
  G: 26.2%
  T: 31.7%
  none/other: 0.0%

Overview of removed sequences
length	count	expect	max.err	error counts
3	96116	108067.5	0	96116
4	21642	27016.9	0	21642
5	3605	6754.2	0	3605
6	941	1688.6	0	941
7	231	422.1	0	231
8	34	105.5	0	34
9	164	26.4	0	15 149
10	120	6.6	1	9 111
11	50	1.6	1	1 49
12	15	0.4	1	0 15
13	6	0.1	1	0 6
14	1	0.0	1	0 1
15	1	0.0	1	0 1
