This is cutadapt 2.9 with Python 3.6.6
Command line parameters: --interleaved -a file:/nas02/apps/trimmomatic-0.36/Trimmomatic-0.36/adapters/TruSeq3-PE.fa -A file:/nas02/apps/trimmomatic-0.36/Trimmomatic-0.36/adapters/TruSeq3-PE.fa -m 30 /nas/longleaf/home/zpopkinh/Pvivax_resources/wgs_pe_improved_global/fastq/SRS363193/SRR572651_1.fastq.gz /nas/longleaf/home/zpopkinh/Pvivax_resources/wgs_pe_improved_global/fastq/SRS363193/SRR572651_2.fastq.gz
Processing reads on 1 core in paired-end mode ...
Finished in 6969.60 s (109 us/read; 0.55 M reads/minute).

=== Summary ===

Total read pairs processed:         63,799,908
  Read 1 with adapter:               2,257,127 (3.5%)
  Read 2 with adapter:               2,237,981 (3.5%)
Pairs written (passing filters):    63,799,898 (100.0%)

Total basepairs processed: 12,759,981,600 bp
  Read 1: 6,379,990,800 bp
  Read 2: 6,379,990,800 bp
Total written (filtered):  12,744,807,715 bp (99.9%)
  Read 1: 6,372,363,642 bp
  Read 2: 6,372,444,073 bp

=== First read: Adapter PrefixPE/1 ===

Sequence: TACACTCTTTCCCTACACGACGCTCTTCCGATCT; Type: regular 3'; Length: 34; Trimmed: 1220741 times

No. of allowed errors:
0-9 bp: 0; 10-19 bp: 1; 20-29 bp: 2; 30-34 bp: 3

Bases preceding removed adapters:
  A: 29.1%
  C: 19.0%
  G: 22.8%
  T: 29.1%
  none/other: 0.0%

Overview of removed sequences
length	count	expect	max.err	error counts
3	814480	996873.6	0	814480
4	311788	249218.4	0	311788
5	67352	62304.6	0	67352
6	14234	15576.1	0	14234
7	2883	3894.0	0	2883
8	658	973.5	0	658
9	3663	243.4	0	255 3408
10	3966	60.8	1	126 3840
11	1345	15.2	1	16 1329
12	265	3.8	1	3 262
13	60	1.0	1	1 59
14	33	0.2	1	0 33
15	4	0.1	1	0 4
50	1	0.0	3	0 0 0 1
69	2	0.0	3	0 2
71	1	0.0	3	0 0 1
100	6	0.0	3	0 0 1 5


=== First read: Adapter PrefixPE/2 ===

Sequence: GTGACTGGAGTTCAGACGTGTGCTCTTCCGATCT; Type: regular 3'; Length: 34; Trimmed: 1036386 times

No. of allowed errors:
0-9 bp: 0; 10-19 bp: 1; 20-29 bp: 2; 30-34 bp: 3

Bases preceding removed adapters:
  A: 24.1%
  C: 18.5%
  G: 25.1%
  T: 32.4%
  none/other: 0.0%

Overview of removed sequences
length	count	expect	max.err	error counts
3	811309	996873.6	0	811309
4	185478	249218.4	0	185478
5	28942	62304.6	0	28942
6	6432	15576.1	0	6432
7	1458	3894.0	0	1458
8	278	973.5	0	278
9	1101	243.4	0	65 1036
10	992	60.8	1	26 966
11	314	15.2	1	0 314
12	55	3.8	1	0 55
13	27	1.0	1	0 27


=== Second read: Adapter PrefixPE/1 ===

Sequence: TACACTCTTTCCCTACACGACGCTCTTCCGATCT; Type: regular 3'; Length: 34; Trimmed: 1191206 times

No. of allowed errors:
0-9 bp: 0; 10-19 bp: 1; 20-29 bp: 2; 30-34 bp: 3

Bases preceding removed adapters:
  A: 29.1%
  C: 18.7%
  G: 22.6%
  T: 29.7%
  none/other: 0.0%

Overview of removed sequences
length	count	expect	max.err	error counts
3	795896	996873.6	0	795896
4	304611	249218.4	0	304611
5	64420	62304.6	0	64420
6	13516	15576.1	0	13516
7	2839	3894.0	0	2839
8	604	973.5	0	604
9	3620	243.4	0	255 3365
10	3977	60.8	1	115 3862
11	1335	15.2	1	9 1326
12	297	3.8	1	6 291
13	61	1.0	1	0 61
14	23	0.2	1	0 23
15	4	0.1	1	0 4
100	3	0.0	3	0 1 0 2


=== Second read: Adapter PrefixPE/2 ===

Sequence: GTGACTGGAGTTCAGACGTGTGCTCTTCCGATCT; Type: regular 3'; Length: 34; Trimmed: 1046775 times

No. of allowed errors:
0-9 bp: 0; 10-19 bp: 1; 20-29 bp: 2; 30-34 bp: 3

Bases preceding removed adapters:
  A: 24.4%
  C: 18.7%
  G: 25.5%
  T: 31.4%
  none/other: 0.0%

Overview of removed sequences
length	count	expect	max.err	error counts
3	827777	996873.6	0	827777
4	179970	249218.4	0	179970
5	28538	62304.6	0	28538
6	6353	15576.1	0	6353
7	1465	3894.0	0	1465
8	282	973.5	0	282
9	1056	243.4	0	68 988
10	918	60.8	1	24 894
11	311	15.2	1	0 311
12	81	3.8	1	0 81
13	23	1.0	1	0 23
14	1	0.2	1	1
