This is cutadapt 2.9 with Python 3.6.6
Command line parameters: --interleaved -a file:/nas02/apps/trimmomatic-0.36/Trimmomatic-0.36/adapters/TruSeq3-PE.fa -A file:/nas02/apps/trimmomatic-0.36/Trimmomatic-0.36/adapters/TruSeq3-PE.fa -m 30 /nas/longleaf/home/zpopkinh/Pvivax_resources/wgs_pe_improved_global/fastq/SRS693276/SRR1567969_1.fastq.gz /nas/longleaf/home/zpopkinh/Pvivax_resources/wgs_pe_improved_global/fastq/SRS693276/SRR1567969_2.fastq.gz
Processing reads on 1 core in paired-end mode ...
Finished in 1.60 s (47 us/read; 1.27 M reads/minute).

=== Summary ===

Total read pairs processed:             33,850
  Read 1 with adapter:                   1,014 (3.0%)
  Read 2 with adapter:                   1,221 (3.6%)
Pairs written (passing filters):        33,850 (100.0%)

Total basepairs processed:     6,837,700 bp
  Read 1:     3,418,850 bp
  Read 2:     3,418,850 bp
Total written (filtered):      6,830,117 bp (99.9%)
  Read 1:     3,415,389 bp
  Read 2:     3,414,728 bp

=== First read: Adapter PrefixPE/1 ===

Sequence: TACACTCTTTCCCTACACGACGCTCTTCCGATCT; Type: regular 3'; Length: 34; Trimmed: 464 times

No. of allowed errors:
0-9 bp: 0; 10-19 bp: 1; 20-29 bp: 2; 30-34 bp: 3

Bases preceding removed adapters:
  A: 31.2%
  C: 24.1%
  G: 18.8%
  T: 25.9%
  none/other: 0.0%

Overview of removed sequences
length	count	expect	max.err	error counts
3	302	528.9	0	302
4	131	132.2	0	131
5	20	33.1	0	20
6	3	8.3	0	3
7	2	2.1	0	2
8	1	0.5	0	1
10	5	0.0	1	0 5


=== First read: Adapter PrefixPE/2 ===

Sequence: GTGACTGGAGTTCAGACGTGTGCTCTTCCGATCT; Type: regular 3'; Length: 34; Trimmed: 550 times

No. of allowed errors:
0-9 bp: 0; 10-19 bp: 1; 20-29 bp: 2; 30-34 bp: 3

Bases preceding removed adapters:
  A: 27.5%
  C: 13.3%
  G: 29.5%
  T: 29.8%
  none/other: 0.0%

Overview of removed sequences
length	count	expect	max.err	error counts
3	421	528.9	0	421
4	103	132.2	0	103
5	14	33.1	0	14
6	6	8.3	0	6
9	2	0.1	0	0 2
10	2	0.0	1	0 2
11	2	0.0	1	0 2


=== Second read: Adapter PrefixPE/1 ===

Sequence: TACACTCTTTCCCTACACGACGCTCTTCCGATCT; Type: regular 3'; Length: 34; Trimmed: 583 times

No. of allowed errors:
0-9 bp: 0; 10-19 bp: 1; 20-29 bp: 2; 30-34 bp: 3

Bases preceding removed adapters:
  A: 30.9%
  C: 26.6%
  G: 17.0%
  T: 25.6%
  none/other: 0.0%

Overview of removed sequences
length	count	expect	max.err	error counts
3	383	528.9	0	383
4	151	132.2	0	151
5	37	33.1	0	37
6	4	8.3	0	4
7	1	2.1	0	1
9	1	0.1	0	0 1
10	4	0.0	1	0 4
11	2	0.0	1	0 2


=== Second read: Adapter PrefixPE/2 ===

Sequence: GTGACTGGAGTTCAGACGTGTGCTCTTCCGATCT; Type: regular 3'; Length: 34; Trimmed: 638 times

No. of allowed errors:
0-9 bp: 0; 10-19 bp: 1; 20-29 bp: 2; 30-34 bp: 3

Bases preceding removed adapters:
  A: 24.9%
  C: 29.2%
  G: 22.3%
  T: 23.7%
  none/other: 0.0%

Overview of removed sequences
length	count	expect	max.err	error counts
3	511	528.9	0	511
4	103	132.2	0	103
5	18	33.1	0	18
6	4	8.3	0	4
11	1	0.0	1	0 1
12	1	0.0	1	0 1
