This is cutadapt 2.9 with Python 3.6.6
Command line parameters: --interleaved -a file:/nas02/apps/trimmomatic-0.36/Trimmomatic-0.36/adapters/TruSeq3-PE.fa -A file:/nas02/apps/trimmomatic-0.36/Trimmomatic-0.36/adapters/TruSeq3-PE.fa -m 30 /nas/longleaf/home/zpopkinh/Pvivax_resources/wgs_pe_improved_global/fastq/SRS693276/SRR1562534_1.fastq.gz /nas/longleaf/home/zpopkinh/Pvivax_resources/wgs_pe_improved_global/fastq/SRS693276/SRR1562534_2.fastq.gz
Processing reads on 1 core in paired-end mode ...
Finished in 2447.39 s (97 us/read; 0.62 M reads/minute).

=== Summary ===

Total read pairs processed:         25,219,022
  Read 1 with adapter:                 920,354 (3.6%)
  Read 2 with adapter:                 962,269 (3.8%)
Pairs written (passing filters):    25,219,021 (100.0%)

Total basepairs processed: 5,094,242,444 bp
  Read 1: 2,547,121,222 bp
  Read 2: 2,547,121,222 bp
Total written (filtered):  5,087,929,865 bp (99.9%)
  Read 1: 2,544,027,066 bp
  Read 2: 2,543,902,799 bp

=== First read: Adapter PrefixPE/1 ===

Sequence: TACACTCTTTCCCTACACGACGCTCTTCCGATCT; Type: regular 3'; Length: 34; Trimmed: 427865 times

No. of allowed errors:
0-9 bp: 0; 10-19 bp: 1; 20-29 bp: 2; 30-34 bp: 3

Bases preceding removed adapters:
  A: 24.9%
  C: 23.8%
  G: 25.6%
  T: 25.8%
  none/other: 0.0%

Overview of removed sequences
length	count	expect	max.err	error counts
3	291525	394047.2	0	291525
4	101044	98511.8	0	101044
5	26453	24628.0	0	26453
6	4823	6157.0	0	4823
7	1139	1539.2	0	1139
8	217	384.8	0	217
9	1019	96.2	0	81 938
10	1110	24.1	1	38 1072
11	406	6.0	1	8 398
12	79	1.5	1	2 77
13	40	0.4	1	0 40
14	8	0.1	1	0 8
15	1	0.0	1	0 1
57	1	0.0	3	0 1


=== First read: Adapter PrefixPE/2 ===

Sequence: GTGACTGGAGTTCAGACGTGTGCTCTTCCGATCT; Type: regular 3'; Length: 34; Trimmed: 492489 times

No. of allowed errors:
0-9 bp: 0; 10-19 bp: 1; 20-29 bp: 2; 30-34 bp: 3

Bases preceding removed adapters:
  A: 22.6%
  C: 19.3%
  G: 28.1%
  T: 30.1%
  none/other: 0.0%

Overview of removed sequences
length	count	expect	max.err	error counts
3	384270	394047.2	0	384270
4	87823	98511.8	0	87823
5	14901	24628.0	0	14901
6	3155	6157.0	0	3155
7	798	1539.2	0	798
8	130	384.8	0	130
9	593	96.2	0	36 557
10	556	24.1	1	13 543
11	221	6.0	1	1 220
12	36	1.5	1	0 36
13	4	0.4	1	0 4
14	2	0.1	1	0 2


=== Second read: Adapter PrefixPE/1 ===

Sequence: TACACTCTTTCCCTACACGACGCTCTTCCGATCT; Type: regular 3'; Length: 34; Trimmed: 421507 times

No. of allowed errors:
0-9 bp: 0; 10-19 bp: 1; 20-29 bp: 2; 30-34 bp: 3

Bases preceding removed adapters:
  A: 25.2%
  C: 23.4%
  G: 25.5%
  T: 25.8%
  none/other: 0.0%

Overview of removed sequences
length	count	expect	max.err	error counts
3	286314	394047.2	0	286314
4	100242	98511.8	0	100242
5	25942	24628.0	0	25942
6	4851	6157.0	0	4851
7	1129	1539.2	0	1129
8	231	384.8	0	231
9	1118	96.2	0	75 1043
10	1101	24.1	1	34 1067
11	432	6.0	1	5 427
12	110	1.5	1	1 109
13	31	0.4	1	1 30
14	4	0.1	1	0 4
15	2	0.0	1	0 2


=== Second read: Adapter PrefixPE/2 ===

Sequence: GTGACTGGAGTTCAGACGTGTGCTCTTCCGATCT; Type: regular 3'; Length: 34; Trimmed: 540762 times

No. of allowed errors:
0-9 bp: 0; 10-19 bp: 1; 20-29 bp: 2; 30-34 bp: 3

Bases preceding removed adapters:
  A: 21.8%
  C: 26.1%
  G: 25.3%
  T: 26.9%
  none/other: 0.0%

Overview of removed sequences
length	count	expect	max.err	error counts
3	433240	394047.2	0	433240
4	87194	98511.8	0	87194
5	14750	24628.0	0	14750
6	3319	6157.0	0	3319
7	737	1539.2	0	737
8	140	384.8	0	140
9	597	96.2	0	29 568
10	512	24.1	1	4 508
11	227	6.0	1	1 226
12	32	1.5	1	1 31
13	6	0.4	1	0 6
30	1	0.0	3	0 0 1
41	1	0.0	3	0 0 0 1
46	1	0.0	3	0 0 0 1
47	2	0.0	3	0 0 0 2
53	1	0.0	3	0 0 0 1
57	1	0.0	3	0 0 1
82	1	0.0	3	0 0 0 1
