This is cutadapt 2.9 with Python 3.6.6
Command line parameters: --interleaved -a file:/nas02/apps/trimmomatic-0.36/Trimmomatic-0.36/adapters/TruSeq3-PE.fa -A file:/nas02/apps/trimmomatic-0.36/Trimmomatic-0.36/adapters/TruSeq3-PE.fa -m 30 /nas/longleaf/home/zpopkinh/Pvivax_resources/wgs_pe_improved_global/fastq/SRS694241/SRR1565001_1.fastq.gz /nas/longleaf/home/zpopkinh/Pvivax_resources/wgs_pe_improved_global/fastq/SRS694241/SRR1565001_2.fastq.gz
Processing reads on 1 core in paired-end mode ...
Finished in 1.03 s (48 us/read; 1.25 M reads/minute).

=== Summary ===

Total read pairs processed:             21,412
  Read 1 with adapter:                     657 (3.1%)
  Read 2 with adapter:                     739 (3.5%)
Pairs written (passing filters):        21,412 (100.0%)

Total basepairs processed:     4,325,224 bp
  Read 1:     2,162,612 bp
  Read 2:     2,162,612 bp
Total written (filtered):      4,320,452 bp (99.9%)
  Read 1:     2,160,376 bp
  Read 2:     2,160,076 bp

=== First read: Adapter PrefixPE/1 ===

Sequence: TACACTCTTTCCCTACACGACGCTCTTCCGATCT; Type: regular 3'; Length: 34; Trimmed: 330 times

No. of allowed errors:
0-9 bp: 0; 10-19 bp: 1; 20-29 bp: 2; 30-34 bp: 3

Bases preceding removed adapters:
  A: 28.2%
  C: 18.8%
  G: 29.1%
  T: 23.9%
  none/other: 0.0%

Overview of removed sequences
length	count	expect	max.err	error counts
3	219	334.6	0	219
4	85	83.6	0	85
5	13	20.9	0	13
6	3	5.2	0	3
7	5	1.3	0	5
9	2	0.1	0	1 1
10	3	0.0	1	0 3


=== First read: Adapter PrefixPE/2 ===

Sequence: GTGACTGGAGTTCAGACGTGTGCTCTTCCGATCT; Type: regular 3'; Length: 34; Trimmed: 327 times

No. of allowed errors:
0-9 bp: 0; 10-19 bp: 1; 20-29 bp: 2; 30-34 bp: 3

Bases preceding removed adapters:
  A: 27.5%
  C: 16.5%
  G: 24.2%
  T: 31.8%
  none/other: 0.0%

Overview of removed sequences
length	count	expect	max.err	error counts
3	254	334.6	0	254
4	62	83.6	0	62
5	7	20.9	0	7
6	2	5.2	0	2
7	1	1.3	0	1
9	1	0.1	0	0 1


=== Second read: Adapter PrefixPE/1 ===

Sequence: TACACTCTTTCCCTACACGACGCTCTTCCGATCT; Type: regular 3'; Length: 34; Trimmed: 341 times

No. of allowed errors:
0-9 bp: 0; 10-19 bp: 1; 20-29 bp: 2; 30-34 bp: 3

Bases preceding removed adapters:
  A: 29.0%
  C: 21.7%
  G: 23.5%
  T: 25.8%
  none/other: 0.0%

Overview of removed sequences
length	count	expect	max.err	error counts
3	206	334.6	0	206
4	105	83.6	0	105
5	16	20.9	0	16
6	6	5.2	0	6
7	2	1.3	0	2
8	1	0.3	0	1
9	3	0.1	0	0 3
10	1	0.0	1	0 1
11	1	0.0	1	0 1


=== Second read: Adapter PrefixPE/2 ===

Sequence: GTGACTGGAGTTCAGACGTGTGCTCTTCCGATCT; Type: regular 3'; Length: 34; Trimmed: 398 times

No. of allowed errors:
0-9 bp: 0; 10-19 bp: 1; 20-29 bp: 2; 30-34 bp: 3

Bases preceding removed adapters:
  A: 27.6%
  C: 30.4%
  G: 17.6%
  T: 24.4%
  none/other: 0.0%

Overview of removed sequences
length	count	expect	max.err	error counts
3	317	334.6	0	317
4	61	83.6	0	61
5	12	20.9	0	12
6	4	5.2	0	4
7	2	1.3	0	2
9	1	0.1	0	1
10	1	0.0	1	0 1
