This is cutadapt 2.9 with Python 3.6.6
Command line parameters: --interleaved -a file:/nas02/apps/trimmomatic-0.36/Trimmomatic-0.36/adapters/TruSeq3-PE.fa -A file:/nas02/apps/trimmomatic-0.36/Trimmomatic-0.36/adapters/TruSeq3-PE.fa -m 30 /nas/longleaf/home/zpopkinh/Pvivax_resources/wgs_pe_improved_global/fastq/SRS694241/SRR1568160_1.fastq.gz /nas/longleaf/home/zpopkinh/Pvivax_resources/wgs_pe_improved_global/fastq/SRS694241/SRR1568160_2.fastq.gz
Processing reads on 1 core in paired-end mode ...
Finished in 1868.27 s (76 us/read; 0.79 M reads/minute).

=== Summary ===

Total read pairs processed:         24,619,655
  Read 1 with adapter:                 902,912 (3.7%)
  Read 2 with adapter:                 938,004 (3.8%)
Pairs written (passing filters):    24,619,649 (100.0%)

Total basepairs processed: 4,973,170,310 bp
  Read 1: 2,486,585,155 bp
  Read 2: 2,486,585,155 bp
Total written (filtered):  4,966,973,095 bp (99.9%)
  Read 1: 2,483,537,435 bp
  Read 2: 2,483,435,660 bp

=== First read: Adapter PrefixPE/1 ===

Sequence: TACACTCTTTCCCTACACGACGCTCTTCCGATCT; Type: regular 3'; Length: 34; Trimmed: 432765 times

No. of allowed errors:
0-9 bp: 0; 10-19 bp: 1; 20-29 bp: 2; 30-34 bp: 3

Bases preceding removed adapters:
  A: 24.9%
  C: 23.1%
  G: 26.5%
  T: 25.5%
  none/other: 0.0%

Overview of removed sequences
length	count	expect	max.err	error counts
3	291665	384682.1	0	291665
4	104278	96170.5	0	104278
5	26524	24042.6	0	26524
6	5251	6010.7	0	5251
7	1262	1502.7	0	1262
8	303	375.7	0	303
9	1227	93.9	0	113 1114
10	1558	23.5	1	41 1517
11	557	5.9	1	1 556
12	103	1.5	1	0 103
13	24	0.4	1	1 23
14	11	0.1	1	0 11
15	1	0.0	1	0 1
101	1	0.0	3	0 0 0 1


=== First read: Adapter PrefixPE/2 ===

Sequence: GTGACTGGAGTTCAGACGTGTGCTCTTCCGATCT; Type: regular 3'; Length: 34; Trimmed: 470147 times

No. of allowed errors:
0-9 bp: 0; 10-19 bp: 1; 20-29 bp: 2; 30-34 bp: 3

Bases preceding removed adapters:
  A: 23.2%
  C: 19.5%
  G: 27.1%
  T: 30.3%
  none/other: 0.0%

Overview of removed sequences
length	count	expect	max.err	error counts
3	367098	384682.1	0	367098
4	83023	96170.5	0	83023
5	14472	24042.6	0	14472
6	3299	6010.7	0	3299
7	797	1502.7	0	797
8	123	375.7	0	123
9	587	93.9	0	27 560
10	523	23.5	1	12 511
11	177	5.9	1	0 177
12	34	1.5	1	0 34
13	12	0.4	1	0 12
14	1	0.1	1	0 1
15	1	0.0	1	0 1


=== Second read: Adapter PrefixPE/1 ===

Sequence: TACACTCTTTCCCTACACGACGCTCTTCCGATCT; Type: regular 3'; Length: 34; Trimmed: 430221 times

No. of allowed errors:
0-9 bp: 0; 10-19 bp: 1; 20-29 bp: 2; 30-34 bp: 3

Bases preceding removed adapters:
  A: 25.0%
  C: 22.9%
  G: 26.3%
  T: 25.7%
  none/other: 0.0%

Overview of removed sequences
length	count	expect	max.err	error counts
3	290648	384682.1	0	290648
4	102719	96170.5	0	102719
5	26736	24042.6	0	26736
6	5120	6010.7	0	5120
7	1315	1502.7	0	1315
8	304	375.7	0	304
9	1191	93.9	0	111 1080
10	1441	23.5	1	46 1395
11	570	5.9	1	8 562
12	122	1.5	1	2 120
13	40	0.4	1	1 39
14	9	0.1	1	0 9
34	1	0.0	3	0 0 0 1
62	1	0.0	3	0 0 0 1
72	2	0.0	3	0 0 2
79	1	0.0	3	1
94	1	0.0	3	0 0 1


=== Second read: Adapter PrefixPE/2 ===

Sequence: GTGACTGGAGTTCAGACGTGTGCTCTTCCGATCT; Type: regular 3'; Length: 34; Trimmed: 507783 times

No. of allowed errors:
0-9 bp: 0; 10-19 bp: 1; 20-29 bp: 2; 30-34 bp: 3

Bases preceding removed adapters:
  A: 22.7%
  C: 24.5%
  G: 24.8%
  T: 28.0%
  none/other: 0.0%

Overview of removed sequences
length	count	expect	max.err	error counts
3	405468	384682.1	0	405468
4	82709	96170.5	0	82709
5	14245	24042.6	0	14245
6	3221	6010.7	0	3221
7	762	1502.7	0	762
8	123	375.7	0	123
9	528	93.9	0	31 497
10	503	23.5	1	10 493
11	181	5.9	1	3 178
12	34	1.5	1	0 34
13	6	0.4	1	0 6
23	1	0.0	2	0 1
36	1	0.0	3	0 0 0 1
96	1	0.0	3	0 1
