This is cutadapt 2.9 with Python 3.6.6
Command line parameters: --interleaved -a file:/nas02/apps/trimmomatic-0.36/Trimmomatic-0.36/adapters/TruSeq3-PE.fa -A file:/nas02/apps/trimmomatic-0.36/Trimmomatic-0.36/adapters/TruSeq3-PE.fa -m 30 /nas/longleaf/home/zpopkinh/Pvivax_resources/wgs_pe_improved_global/fastq/SRS2745986/SRR6361364_1.fastq.gz /nas/longleaf/home/zpopkinh/Pvivax_resources/wgs_pe_improved_global/fastq/SRS2745986/SRR6361364_2.fastq.gz
Processing reads on 1 core in paired-end mode ...
Finished in 6603.14 s (80 us/read; 0.75 M reads/minute).

=== Summary ===

Total read pairs processed:         82,626,319
  Read 1 with adapter:               2,792,884 (3.4%)
  Read 2 with adapter:               2,796,958 (3.4%)
Pairs written (passing filters):    82,626,313 (100.0%)

Total basepairs processed: 16,525,263,800 bp
  Read 1: 8,262,631,900 bp
  Read 2: 8,262,631,900 bp
Total written (filtered):  16,506,380,016 bp (99.9%)
  Read 1: 8,253,183,777 bp
  Read 2: 8,253,196,239 bp

=== First read: Adapter PrefixPE/1 ===

Sequence: TACACTCTTTCCCTACACGACGCTCTTCCGATCT; Type: regular 3'; Length: 34; Trimmed: 1415564 times

No. of allowed errors:
0-9 bp: 0; 10-19 bp: 1; 20-29 bp: 2; 30-34 bp: 3

Bases preceding removed adapters:
  A: 29.7%
  C: 19.9%
  G: 22.1%
  T: 28.3%
  none/other: 0.0%

Overview of removed sequences
length	count	expect	max.err	error counts
3	947314	1291036.2	0	947314
4	336401	322759.1	0	336401
5	102749	80689.8	0	102749
6	14168	20172.4	0	14168
7	3014	5043.1	0	3014
8	773	1260.8	0	773
9	4811	315.2	0	280 4531
10	4199	78.8	1	86 4113
11	1580	19.7	1	11 1569
12	416	4.9	1	0 416
13	85	1.2	1	1 84
14	52	0.3	1	0 52
84	1	0.0	3	0 0 1
100	1	0.0	3	0 1


=== First read: Adapter PrefixPE/2 ===

Sequence: GTGACTGGAGTTCAGACGTGTGCTCTTCCGATCT; Type: regular 3'; Length: 34; Trimmed: 1377320 times

No. of allowed errors:
0-9 bp: 0; 10-19 bp: 1; 20-29 bp: 2; 30-34 bp: 3

Bases preceding removed adapters:
  A: 24.1%
  C: 19.2%
  G: 26.7%
  T: 30.0%
  none/other: 0.0%

Overview of removed sequences
length	count	expect	max.err	error counts
3	1068909	1291036.2	0	1068909
4	253449	322759.1	0	253449
5	40730	80689.8	0	40730
6	8562	20172.4	0	8562
7	2157	5043.1	0	2157
8	290	1260.8	0	290
9	1400	315.2	0	61 1339
10	1261	78.8	1	25 1236
11	477	19.7	1	2 475
12	65	4.9	1	0 65
13	19	1.2	1	0 19
81	1	0.0	3	0 1


=== Second read: Adapter PrefixPE/1 ===

Sequence: TACACTCTTTCCCTACACGACGCTCTTCCGATCT; Type: regular 3'; Length: 34; Trimmed: 1422606 times

No. of allowed errors:
0-9 bp: 0; 10-19 bp: 1; 20-29 bp: 2; 30-34 bp: 3

Bases preceding removed adapters:
  A: 31.0%
  C: 19.5%
  G: 21.4%
  T: 28.0%
  none/other: 0.0%

Overview of removed sequences
length	count	expect	max.err	error counts
3	960562	1291036.2	0	960562
4	330916	322759.1	0	330916
5	102101	80689.8	0	102101
6	14067	20172.4	0	14067
7	2952	5043.1	0	2952
8	765	1260.8	0	765
9	4744	315.2	0	256 4488
10	4287	78.8	1	84 4203
11	1606	19.7	1	20 1586
12	466	4.9	1	2 464
13	84	1.2	1	1 83
14	52	0.3	1	0 52
15	1	0.1	1	0 1
82	1	0.0	3	0 0 0 1
83	1	0.0	3	0 0 0 1
100	1	0.0	3	0 1


=== Second read: Adapter PrefixPE/2 ===

Sequence: GTGACTGGAGTTCAGACGTGTGCTCTTCCGATCT; Type: regular 3'; Length: 34; Trimmed: 1374352 times

No. of allowed errors:
0-9 bp: 0; 10-19 bp: 1; 20-29 bp: 2; 30-34 bp: 3

Bases preceding removed adapters:
  A: 23.4%
  C: 18.9%
  G: 26.9%
  T: 30.9%
  none/other: 0.0%

Overview of removed sequences
length	count	expect	max.err	error counts
3	1081588	1291036.2	0	1081588
4	239154	322759.1	0	239154
5	39844	80689.8	0	39844
6	8331	20172.4	0	8331
7	2126	5043.1	0	2126
8	296	1260.8	0	296
9	1286	315.2	0	59 1227
10	1176	78.8	1	20 1156
11	447	19.7	1	1 446
12	78	4.9	1	0 78
13	26	1.2	1	0 26
