This is cutadapt 2.9 with Python 3.6.6
Command line parameters: --interleaved -a file:/nas02/apps/trimmomatic-0.36/Trimmomatic-0.36/adapters/TruSeq3-PE.fa -A file:/nas02/apps/trimmomatic-0.36/Trimmomatic-0.36/adapters/TruSeq3-PE.fa -m 30 /nas/longleaf/home/zpopkinh/Pvivax_resources/wgs_pe_improved_global/fastq/ERS403533/ERR527341_1.fastq.gz /nas/longleaf/home/zpopkinh/Pvivax_resources/wgs_pe_improved_global/fastq/ERS403533/ERR527341_2.fastq.gz
Processing reads on 1 core in paired-end mode ...
Finished in 1396.94 s (96 us/read; 0.62 M reads/minute).

=== Summary ===

Total read pairs processed:         14,512,835
  Read 1 with adapter:                 533,366 (3.7%)
  Read 2 with adapter:                 526,534 (3.6%)
Pairs written (passing filters):    14,512,833 (100.0%)

Total basepairs processed: 2,902,567,000 bp
  Read 1: 1,451,283,500 bp
  Read 2: 1,451,283,500 bp
Total written (filtered):  2,898,986,866 bp (99.9%)
  Read 1: 1,449,481,895 bp
  Read 2: 1,449,504,971 bp

=== First read: Adapter PrefixPE/1 ===

Sequence: TACACTCTTTCCCTACACGACGCTCTTCCGATCT; Type: regular 3'; Length: 34; Trimmed: 283552 times

No. of allowed errors:
0-9 bp: 0; 10-19 bp: 1; 20-29 bp: 2; 30-34 bp: 3

Bases preceding removed adapters:
  A: 28.7%
  C: 18.9%
  G: 22.8%
  T: 29.6%
  none/other: 0.0%

Overview of removed sequences
length	count	expect	max.err	error counts
3	189093	226763.0	0	189093
4	73193	56690.8	0	73193
5	15163	14172.7	0	15163
6	3187	3543.2	0	3187
7	593	885.8	0	593
8	158	221.4	0	158
9	855	55.4	0	56 799
10	910	13.8	1	30 880
11	310	3.5	1	4 306
12	66	0.9	1	1 65
13	16	0.2	1	0 16
14	5	0.1	1	0 5
15	1	0.0	1	0 1
100	2	0.0	3	0 0 0 2


=== First read: Adapter PrefixPE/2 ===

Sequence: GTGACTGGAGTTCAGACGTGTGCTCTTCCGATCT; Type: regular 3'; Length: 34; Trimmed: 249814 times

No. of allowed errors:
0-9 bp: 0; 10-19 bp: 1; 20-29 bp: 2; 30-34 bp: 3

Bases preceding removed adapters:
  A: 23.9%
  C: 18.3%
  G: 25.7%
  T: 32.1%
  none/other: 0.0%

Overview of removed sequences
length	count	expect	max.err	error counts
3	194359	226763.0	0	194359
4	45897	56690.8	0	45897
5	6942	14172.7	0	6942
6	1596	3543.2	0	1596
7	404	885.8	0	404
8	54	221.4	0	54
9	236	55.4	0	8 228
10	234	13.8	1	7 227
11	71	3.5	1	2 69
12	17	0.9	1	0 17
13	4	0.2	1	0 4


=== Second read: Adapter PrefixPE/1 ===

Sequence: TACACTCTTTCCCTACACGACGCTCTTCCGATCT; Type: regular 3'; Length: 34; Trimmed: 281581 times

No. of allowed errors:
0-9 bp: 0; 10-19 bp: 1; 20-29 bp: 2; 30-34 bp: 3

Bases preceding removed adapters:
  A: 29.0%
  C: 18.6%
  G: 22.8%
  T: 29.6%
  none/other: 0.0%

Overview of removed sequences
length	count	expect	max.err	error counts
3	187986	226763.0	0	187986
4	72283	56690.8	0	72283
5	15164	14172.7	0	15164
6	3157	3543.2	0	3157
7	658	885.8	0	658
8	140	221.4	0	140
9	898	55.4	0	73 825
10	895	13.8	1	36 859
11	307	3.5	1	4 303
12	84	0.9	1	0 84
13	5	0.2	1	0 5
14	3	0.1	1	0 3
15	1	0.0	1	0 1


=== Second read: Adapter PrefixPE/2 ===

Sequence: GTGACTGGAGTTCAGACGTGTGCTCTTCCGATCT; Type: regular 3'; Length: 34; Trimmed: 244953 times

No. of allowed errors:
0-9 bp: 0; 10-19 bp: 1; 20-29 bp: 2; 30-34 bp: 3

Bases preceding removed adapters:
  A: 23.9%
  C: 18.4%
  G: 25.8%
  T: 31.9%
  none/other: 0.0%

Overview of removed sequences
length	count	expect	max.err	error counts
3	191252	226763.0	0	191252
4	44215	56690.8	0	44215
5	6884	14172.7	0	6884
6	1627	3543.2	0	1627
7	381	885.8	0	381
8	55	221.4	0	55
9	218	55.4	0	13 205
10	212	13.8	1	6 206
11	86	3.5	1	1 85
12	20	0.9	1	0 20
13	3	0.2	1	0 3
