This is cutadapt 2.9 with Python 3.6.6
Command line parameters: --interleaved -a file:/nas02/apps/trimmomatic-0.36/Trimmomatic-0.36/adapters/TruSeq3-PE.fa -A file:/nas02/apps/trimmomatic-0.36/Trimmomatic-0.36/adapters/TruSeq3-PE.fa -m 30 /nas/longleaf/home/zpopkinh/Pvivax_resources/wgs_pe_improved_global/fastq/SRS693355/SRR1564584_1.fastq.gz /nas/longleaf/home/zpopkinh/Pvivax_resources/wgs_pe_improved_global/fastq/SRS693355/SRR1564584_2.fastq.gz
Processing reads on 1 core in paired-end mode ...
Finished in 0.94 s (50 us/read; 1.21 M reads/minute).

=== Summary ===

Total read pairs processed:             18,943
  Read 1 with adapter:                     612 (3.2%)
  Read 2 with adapter:                     660 (3.5%)
Pairs written (passing filters):        18,943 (100.0%)

Total basepairs processed:     3,826,486 bp
  Read 1:     1,913,243 bp
  Read 2:     1,913,243 bp
Total written (filtered):      3,822,108 bp (99.9%)
  Read 1:     1,911,128 bp
  Read 2:     1,910,980 bp

=== First read: Adapter PrefixPE/1 ===

Sequence: TACACTCTTTCCCTACACGACGCTCTTCCGATCT; Type: regular 3'; Length: 34; Trimmed: 323 times

No. of allowed errors:
0-9 bp: 0; 10-19 bp: 1; 20-29 bp: 2; 30-34 bp: 3

Bases preceding removed adapters:
  A: 27.2%
  C: 23.5%
  G: 21.7%
  T: 27.6%
  none/other: 0.0%

Overview of removed sequences
length	count	expect	max.err	error counts
3	204	296.0	0	204
4	85	74.0	0	85
5	21	18.5	0	21
6	5	4.6	0	5
8	2	0.3	0	2
9	1	0.1	0	0 1
10	4	0.0	1	0 4
11	1	0.0	1	0 1


=== First read: Adapter PrefixPE/2 ===

Sequence: GTGACTGGAGTTCAGACGTGTGCTCTTCCGATCT; Type: regular 3'; Length: 34; Trimmed: 289 times

No. of allowed errors:
0-9 bp: 0; 10-19 bp: 1; 20-29 bp: 2; 30-34 bp: 3

Bases preceding removed adapters:
  A: 32.2%
  C: 11.1%
  G: 19.7%
  T: 37.0%
  none/other: 0.0%

Overview of removed sequences
length	count	expect	max.err	error counts
3	227	296.0	0	227
4	48	74.0	0	48
5	10	18.5	0	10
6	1	4.6	0	1
7	2	1.2	0	2
9	1	0.1	0	0 1


=== Second read: Adapter PrefixPE/1 ===

Sequence: TACACTCTTTCCCTACACGACGCTCTTCCGATCT; Type: regular 3'; Length: 34; Trimmed: 329 times

No. of allowed errors:
0-9 bp: 0; 10-19 bp: 1; 20-29 bp: 2; 30-34 bp: 3

Bases preceding removed adapters:
  A: 30.7%
  C: 21.6%
  G: 18.2%
  T: 29.5%
  none/other: 0.0%

Overview of removed sequences
length	count	expect	max.err	error counts
3	208	296.0	0	208
4	93	74.0	0	93
5	19	18.5	0	19
6	2	4.6	0	2
9	3	0.1	0	1 2
10	3	0.0	1	0 3
11	1	0.0	1	0 1


=== Second read: Adapter PrefixPE/2 ===

Sequence: GTGACTGGAGTTCAGACGTGTGCTCTTCCGATCT; Type: regular 3'; Length: 34; Trimmed: 331 times

No. of allowed errors:
0-9 bp: 0; 10-19 bp: 1; 20-29 bp: 2; 30-34 bp: 3

Bases preceding removed adapters:
  A: 29.0%
  C: 26.3%
  G: 19.6%
  T: 25.1%
  none/other: 0.0%

Overview of removed sequences
length	count	expect	max.err	error counts
3	264	296.0	0	264
4	48	74.0	0	48
5	11	18.5	0	11
6	6	4.6	0	6
8	1	0.3	0	1
9	1	0.1	0	1
