This is cutadapt 2.9 with Python 3.6.6
Command line parameters: --interleaved -a file:/nas02/apps/trimmomatic-0.36/Trimmomatic-0.36/adapters/TruSeq3-PE.fa -A file:/nas02/apps/trimmomatic-0.36/Trimmomatic-0.36/adapters/TruSeq3-PE.fa -m 30 /nas/longleaf/home/zpopkinh/Pvivax_resources/wgs_pe_improved_global/fastq/SRS693265/SRR1562516_1.fastq.gz /nas/longleaf/home/zpopkinh/Pvivax_resources/wgs_pe_improved_global/fastq/SRS693265/SRR1562516_2.fastq.gz
Processing reads on 1 core in paired-end mode ...
Finished in 1254.56 s (64 us/read; 0.94 M reads/minute).

=== Summary ===

Total read pairs processed:         19,648,251
  Read 1 with adapter:                 731,735 (3.7%)
  Read 2 with adapter:                 761,474 (3.9%)
Pairs written (passing filters):    19,648,251 (100.0%)

Total basepairs processed: 3,968,946,702 bp
  Read 1: 1,984,473,351 bp
  Read 2: 1,984,473,351 bp
Total written (filtered):  3,963,929,015 bp (99.9%)
  Read 1: 1,982,009,652 bp
  Read 2: 1,981,919,363 bp

=== First read: Adapter PrefixPE/1 ===

Sequence: TACACTCTTTCCCTACACGACGCTCTTCCGATCT; Type: regular 3'; Length: 34; Trimmed: 360586 times

No. of allowed errors:
0-9 bp: 0; 10-19 bp: 1; 20-29 bp: 2; 30-34 bp: 3

Bases preceding removed adapters:
  A: 25.4%
  C: 22.8%
  G: 25.0%
  T: 26.8%
  none/other: 0.0%

Overview of removed sequences
length	count	expect	max.err	error counts
3	245342	307003.9	0	245342
4	85834	76751.0	0	85834
5	21504	19187.7	0	21504
6	4267	4796.9	0	4267
7	894	1199.2	0	894
8	224	299.8	0	224
9	909	75.0	0	88 821
10	1128	18.7	1	29 1099
11	367	4.7	1	5 362
12	76	1.2	1	0 76
13	26	0.3	1	0 26
14	13	0.1	1	1 12
15	1	0.0	1	0 1
67	1	0.0	3	1


=== First read: Adapter PrefixPE/2 ===

Sequence: GTGACTGGAGTTCAGACGTGTGCTCTTCCGATCT; Type: regular 3'; Length: 34; Trimmed: 371149 times

No. of allowed errors:
0-9 bp: 0; 10-19 bp: 1; 20-29 bp: 2; 30-34 bp: 3

Bases preceding removed adapters:
  A: 23.1%
  C: 19.7%
  G: 27.0%
  T: 30.3%
  none/other: 0.0%

Overview of removed sequences
length	count	expect	max.err	error counts
3	290955	307003.9	0	290955
4	64704	76751.0	0	64704
5	11069	19187.7	0	11069
6	2711	4796.9	0	2711
7	622	1199.2	0	622
8	112	299.8	0	112
9	415	75.0	0	29 386
10	357	18.7	1	7 350
11	156	4.7	1	3 153
12	37	1.2	1	0 37
13	10	0.3	1	0 10
16	1	0.0	1	0 1


=== Second read: Adapter PrefixPE/1 ===

Sequence: TACACTCTTTCCCTACACGACGCTCTTCCGATCT; Type: regular 3'; Length: 34; Trimmed: 359137 times

No. of allowed errors:
0-9 bp: 0; 10-19 bp: 1; 20-29 bp: 2; 30-34 bp: 3

Bases preceding removed adapters:
  A: 25.6%
  C: 22.7%
  G: 24.7%
  T: 26.9%
  none/other: 0.0%

Overview of removed sequences
length	count	expect	max.err	error counts
3	242948	307003.9	0	242948
4	86372	76751.0	0	86372
5	21592	19187.7	0	21592
6	4442	4796.9	0	4442
7	965	1199.2	0	965
8	228	299.8	0	228
9	909	75.0	0	84 825
10	1139	18.7	1	42 1097
11	416	4.7	1	6 410
12	93	1.2	1	3 90
13	24	0.3	1	0 24
14	7	0.1	1	0 7
15	1	0.0	1	0 1
64	1	0.0	3	0 0 0 1


=== Second read: Adapter PrefixPE/2 ===

Sequence: GTGACTGGAGTTCAGACGTGTGCTCTTCCGATCT; Type: regular 3'; Length: 34; Trimmed: 402337 times

No. of allowed errors:
0-9 bp: 0; 10-19 bp: 1; 20-29 bp: 2; 30-34 bp: 3

Bases preceding removed adapters:
  A: 22.6%
  C: 24.6%
  G: 24.9%
  T: 27.9%
  none/other: 0.0%

Overview of removed sequences
length	count	expect	max.err	error counts
3	322735	307003.9	0	322735
4	64282	76751.0	0	64282
5	11055	19187.7	0	11055
6	2561	4796.9	0	2561
7	626	1199.2	0	626
8	144	299.8	0	144
9	405	75.0	0	28 377
10	373	18.7	1	10 363
11	124	4.7	1	0 124
12	22	1.2	1	0 22
13	7	0.3	1	0 7
20	1	0.0	2	0 0 1
44	1	0.0	3	0 0 0 1
47	1	0.0	3	0 1
