This is cutadapt 2.9 with Python 3.6.6
Command line parameters: --interleaved -a file:/nas02/apps/trimmomatic-0.36/Trimmomatic-0.36/adapters/TruSeq3-PE.fa -A file:/nas02/apps/trimmomatic-0.36/Trimmomatic-0.36/adapters/TruSeq3-PE.fa -m 30 /nas/longleaf/home/zpopkinh/Pvivax_resources/wgs_pe_improved_global/fastq/SRS1885933/SRR5136543_1.fastq.gz /nas/longleaf/home/zpopkinh/Pvivax_resources/wgs_pe_improved_global/fastq/SRS1885933/SRR5136543_2.fastq.gz
Processing reads on 1 core in paired-end mode ...
Finished in 259.92 s (91 us/read; 0.66 M reads/minute).

=== Summary ===

Total read pairs processed:          2,852,469
  Read 1 with adapter:                 127,568 (4.5%)
  Read 2 with adapter:                 137,411 (4.8%)
Pairs written (passing filters):     2,852,469 (100.0%)

Total basepairs processed:   570,493,800 bp
  Read 1:   285,246,900 bp
  Read 2:   285,246,900 bp
Total written (filtered):    569,571,415 bp (99.8%)
  Read 1:   284,800,308 bp
  Read 2:   284,771,107 bp

=== First read: Adapter PrefixPE/1 ===

Sequence: TACACTCTTTCCCTACACGACGCTCTTCCGATCT; Type: regular 3'; Length: 34; Trimmed: 81508 times

No. of allowed errors:
0-9 bp: 0; 10-19 bp: 1; 20-29 bp: 2; 30-34 bp: 3

Bases preceding removed adapters:
  A: 51.5%
  C: 25.2%
  G: 12.1%
  T: 11.2%
  none/other: 0.0%

Overview of removed sequences
length	count	expect	max.err	error counts
3	47440	44569.8	0	47440
4	18976	11142.5	0	18976
5	14310	2785.6	0	14310
6	401	696.4	0	401
7	77	174.1	0	77
8	16	43.5	0	16
9	100	10.9	0	12 88
10	114	2.7	1	0 114
11	66	0.7	1	0 66
12	2	0.2	1	0 2
13	6	0.0	1	0 6


=== First read: Adapter PrefixPE/2 ===

Sequence: GTGACTGGAGTTCAGACGTGTGCTCTTCCGATCT; Type: regular 3'; Length: 34; Trimmed: 46060 times

No. of allowed errors:
0-9 bp: 0; 10-19 bp: 1; 20-29 bp: 2; 30-34 bp: 3

Bases preceding removed adapters:
  A: 22.1%
  C: 20.9%
  G: 29.5%
  T: 27.4%
  none/other: 0.0%

Overview of removed sequences
length	count	expect	max.err	error counts
3	36199	44569.8	0	36199
4	8000	11142.5	0	8000
5	1353	2785.6	0	1353
6	318	696.4	0	318
7	93	174.1	0	93
8	4	43.5	0	4
9	28	10.9	0	0 28
10	45	2.7	1	3 42
11	19	0.7	1	0 19
13	1	0.0	1	0 1


=== Second read: Adapter PrefixPE/1 ===

Sequence: TACACTCTTTCCCTACACGACGCTCTTCCGATCT; Type: regular 3'; Length: 34; Trimmed: 69172 times

No. of allowed errors:
0-9 bp: 0; 10-19 bp: 1; 20-29 bp: 2; 30-34 bp: 3

Bases preceding removed adapters:
  A: 60.4%
  C: 12.3%
  G: 14.2%
  T: 13.1%
  none/other: 0.0%

Overview of removed sequences
length	count	expect	max.err	error counts
3	35207	44569.8	0	35207
4	18942	11142.5	0	18942
5	14357	2785.6	0	14357
6	331	696.4	0	331
7	57	174.1	0	57
8	18	43.5	0	18
9	77	10.9	0	9 68
10	118	2.7	1	2 116
11	47	0.7	1	0 47
12	9	0.2	1	0 9
13	8	0.0	1	0 8
15	1	0.0	1	0 1


=== Second read: Adapter PrefixPE/2 ===

Sequence: GTGACTGGAGTTCAGACGTGTGCTCTTCCGATCT; Type: regular 3'; Length: 34; Trimmed: 68239 times

No. of allowed errors:
0-9 bp: 0; 10-19 bp: 1; 20-29 bp: 2; 30-34 bp: 3

Bases preceding removed adapters:
  A: 14.6%
  C: 13.9%
  G: 52.7%
  T: 18.7%
  none/other: 0.0%

Overview of removed sequences
length	count	expect	max.err	error counts
3	58324	44569.8	0	58324
4	8120	11142.5	0	8120
5	1299	2785.6	0	1299
6	293	696.4	0	293
7	79	174.1	0	79
8	4	43.5	0	4
9	41	10.9	0	1 40
10	55	2.7	1	1 54
11	24	0.7	1	1 23
