This is cutadapt 2.9 with Python 3.6.6
Command line parameters: --interleaved -a file:/nas02/apps/trimmomatic-0.36/Trimmomatic-0.36/adapters/TruSeq3-PE.fa -A file:/nas02/apps/trimmomatic-0.36/Trimmomatic-0.36/adapters/TruSeq3-PE.fa -m 30 /nas/longleaf/home/zpopkinh/Pvivax_resources/wgs_pe_improved_global/fastq/ERS164639/ERR484719_1.fastq.gz /nas/longleaf/home/zpopkinh/Pvivax_resources/wgs_pe_improved_global/fastq/ERS164639/ERR484719_2.fastq.gz
Processing reads on 1 core in paired-end mode ...
Finished in 290.09 s (84 us/read; 0.71 M reads/minute).

=== Summary ===

Total read pairs processed:          3,446,409
  Read 1 with adapter:                 121,800 (3.5%)
  Read 2 with adapter:                 121,020 (3.5%)
Pairs written (passing filters):     3,446,408 (100.0%)

Total basepairs processed:   689,281,800 bp
  Read 1:   344,640,900 bp
  Read 2:   344,640,900 bp
Total written (filtered):    688,452,122 bp (99.9%)
  Read 1:   344,224,822 bp
  Read 2:   344,227,300 bp

=== First read: Adapter PrefixPE/1 ===

Sequence: TACACTCTTTCCCTACACGACGCTCTTCCGATCT; Type: regular 3'; Length: 34; Trimmed: 70658 times

No. of allowed errors:
0-9 bp: 0; 10-19 bp: 1; 20-29 bp: 2; 30-34 bp: 3

Bases preceding removed adapters:
  A: 31.7%
  C: 15.3%
  G: 24.6%
  T: 28.4%
  none/other: 0.0%

Overview of removed sequences
length	count	expect	max.err	error counts
3	45704	53850.1	0	45704
4	19647	13462.5	0	19647
5	3353	3365.6	0	3353
6	830	841.4	0	830
7	247	210.4	0	247
8	46	52.6	0	46
9	177	13.1	0	19 158
10	534	3.3	1	14 520
11	100	0.8	1	1 99
12	15	0.2	1	0 15
13	4	0.1	1	0 4
71	1	0.0	3	0 0 0 1


=== First read: Adapter PrefixPE/2 ===

Sequence: GTGACTGGAGTTCAGACGTGTGCTCTTCCGATCT; Type: regular 3'; Length: 34; Trimmed: 51142 times

No. of allowed errors:
0-9 bp: 0; 10-19 bp: 1; 20-29 bp: 2; 30-34 bp: 3

Bases preceding removed adapters:
  A: 28.1%
  C: 13.4%
  G: 21.9%
  T: 36.7%
  none/other: 0.0%

Overview of removed sequences
length	count	expect	max.err	error counts
3	39621	53850.1	0	39621
4	9672	13462.5	0	9672
5	1277	3365.6	0	1277
6	315	841.4	0	315
7	47	210.4	0	47
8	13	52.6	0	13
9	86	13.1	0	3 83
10	88	3.3	1	0 88
11	20	0.8	1	0 20
12	2	0.2	1	0 2
14	1	0.0	1	0 1


=== Second read: Adapter PrefixPE/1 ===

Sequence: TACACTCTTTCCCTACACGACGCTCTTCCGATCT; Type: regular 3'; Length: 34; Trimmed: 70012 times

No. of allowed errors:
0-9 bp: 0; 10-19 bp: 1; 20-29 bp: 2; 30-34 bp: 3

Bases preceding removed adapters:
  A: 31.6%
  C: 15.8%
  G: 24.4%
  T: 28.2%
  none/other: 0.0%

Overview of removed sequences
length	count	expect	max.err	error counts
3	45305	53850.1	0	45305
4	19438	13462.5	0	19438
5	3274	3365.6	0	3274
6	851	841.4	0	851
7	234	210.4	0	234
8	24	52.6	0	24
9	185	13.1	0	21 164
10	583	3.3	1	12 571
11	96	0.8	1	0 96
12	15	0.2	1	0 15
13	7	0.1	1	0 7


=== Second read: Adapter PrefixPE/2 ===

Sequence: GTGACTGGAGTTCAGACGTGTGCTCTTCCGATCT; Type: regular 3'; Length: 34; Trimmed: 51008 times

No. of allowed errors:
0-9 bp: 0; 10-19 bp: 1; 20-29 bp: 2; 30-34 bp: 3

Bases preceding removed adapters:
  A: 28.1%
  C: 13.6%
  G: 22.1%
  T: 36.1%
  none/other: 0.0%

Overview of removed sequences
length	count	expect	max.err	error counts
3	39591	53850.1	0	39591
4	9585	13462.5	0	9585
5	1248	3365.6	0	1248
6	311	841.4	0	311
7	59	210.4	0	59
8	6	52.6	0	6
9	95	13.1	0	3 92
10	82	3.3	1	1 81
11	25	0.8	1	0 25
12	3	0.2	1	0 3
13	3	0.1	1	0 3
