This is cutadapt 2.9 with Python 3.6.6
Command line parameters: --interleaved -a file:/nas02/apps/trimmomatic-0.36/Trimmomatic-0.36/adapters/TruSeq3-PE.fa -A file:/nas02/apps/trimmomatic-0.36/Trimmomatic-0.36/adapters/TruSeq3-PE.fa -m 30 /nas/longleaf/home/zpopkinh/Pvivax_resources/wgs_pe_improved_global/fastq/ERR5740790/ERR5740790_1.fastq.gz /nas/longleaf/home/zpopkinh/Pvivax_resources/wgs_pe_improved_global/fastq/ERR5740790/ERR5740790_2.fastq.gz
Processing reads on 1 core in paired-end mode ...
Finished in 506.31 s (145 us/read; 0.41 M reads/minute).

=== Summary ===

Total read pairs processed:          3,499,920
  Read 1 with adapter:                 128,786 (3.7%)
  Read 2 with adapter:                 127,864 (3.7%)
Pairs written (passing filters):     3,499,918 (100.0%)

Total basepairs processed: 1,056,975,840 bp
  Read 1:   528,487,920 bp
  Read 2:   528,487,920 bp
Total written (filtered):  1,056,104,019 bp (99.9%)
  Read 1:   528,050,507 bp
  Read 2:   528,053,512 bp

=== First read: Adapter PrefixPE/1 ===

Sequence: TACACTCTTTCCCTACACGACGCTCTTCCGATCT; Type: regular 3'; Length: 34; Trimmed: 64303 times

No. of allowed errors:
0-9 bp: 0; 10-19 bp: 1; 20-29 bp: 2; 30-34 bp: 3

Bases preceding removed adapters:
  A: 28.3%
  C: 20.5%
  G: 21.9%
  T: 29.3%
  none/other: 0.0%

Overview of removed sequences
length	count	expect	max.err	error counts
3	42559	54686.2	0	42559
4	16689	13671.6	0	16689
5	3430	3417.9	0	3430
6	811	854.5	0	811
7	148	213.6	0	148
8	40	53.4	0	40
9	227	13.4	0	14 213
10	286	3.3	1	6 280
11	84	0.8	1	1 83
12	18	0.2	1	0 18
13	5	0.1	1	0 5
14	4	0.0	1	0 4
93	1	0.0	3	0 0 0 1
151	1	0.0	3	0 0 0 1


=== First read: Adapter PrefixPE/2 ===

Sequence: GTGACTGGAGTTCAGACGTGTGCTCTTCCGATCT; Type: regular 3'; Length: 34; Trimmed: 64483 times

No. of allowed errors:
0-9 bp: 0; 10-19 bp: 1; 20-29 bp: 2; 30-34 bp: 3

Bases preceding removed adapters:
  A: 26.2%
  C: 14.4%
  G: 25.3%
  T: 34.1%
  none/other: 0.0%

Overview of removed sequences
length	count	expect	max.err	error counts
3	49656	54686.2	0	49656
4	12041	13671.6	0	12041
5	1843	3417.9	0	1843
6	546	854.5	0	546
7	154	213.6	0	154
8	27	53.4	0	27
9	91	13.4	0	12 79
10	79	3.3	1	3 76
11	33	0.8	1	2 31
12	9	0.2	1	0 9
13	4	0.1	1	0 4


=== Second read: Adapter PrefixPE/1 ===

Sequence: TACACTCTTTCCCTACACGACGCTCTTCCGATCT; Type: regular 3'; Length: 34; Trimmed: 63827 times

No. of allowed errors:
0-9 bp: 0; 10-19 bp: 1; 20-29 bp: 2; 30-34 bp: 3

Bases preceding removed adapters:
  A: 28.7%
  C: 21.1%
  G: 22.1%
  T: 28.1%
  none/other: 0.0%

Overview of removed sequences
length	count	expect	max.err	error counts
3	42009	54686.2	0	42009
4	16725	13671.6	0	16725
5	3544	3417.9	0	3544
6	733	854.5	0	733
7	171	213.6	0	171
8	40	53.4	0	40
9	242	13.4	0	20 222
10	256	3.3	1	4 252
11	82	0.8	1	1 81
12	15	0.2	1	0 15
13	5	0.1	1	0 5
14	2	0.0	1	0 2
15	1	0.0	1	0 1
110	1	0.0	3	0 0 0 1
151	1	0.0	3	0 1


=== Second read: Adapter PrefixPE/2 ===

Sequence: GTGACTGGAGTTCAGACGTGTGCTCTTCCGATCT; Type: regular 3'; Length: 34; Trimmed: 64037 times

No. of allowed errors:
0-9 bp: 0; 10-19 bp: 1; 20-29 bp: 2; 30-34 bp: 3

Bases preceding removed adapters:
  A: 26.0%
  C: 15.6%
  G: 25.5%
  T: 32.9%
  none/other: 0.0%

Overview of removed sequences
length	count	expect	max.err	error counts
3	49391	54686.2	0	49391
4	11790	13671.6	0	11790
5	1993	3417.9	0	1993
6	513	854.5	0	513
7	122	213.6	0	122
8	34	53.4	0	34
9	81	13.4	0	6 75
10	71	3.3	1	2 69
11	22	0.8	1	1 21
12	17	0.2	1	0 17
13	1	0.1	1	0 1
15	1	0.0	1	0 1
91	1	0.0	3	0 0 1
