This is cutadapt 2.9 with Python 3.6.6
Command line parameters: --interleaved -a file:/nas02/apps/trimmomatic-0.36/Trimmomatic-0.36/adapters/TruSeq3-PE.fa -A file:/nas02/apps/trimmomatic-0.36/Trimmomatic-0.36/adapters/TruSeq3-PE.fa -m 30 /nas/longleaf/home/zpopkinh/Pvivax_resources/wgs_pe_improved_global/fastq/ERR5740718/ERR5740718_1.fastq.gz /nas/longleaf/home/zpopkinh/Pvivax_resources/wgs_pe_improved_global/fastq/ERR5740718/ERR5740718_2.fastq.gz
Processing reads on 1 core in paired-end mode ...
Finished in 338.92 s (106 us/read; 0.56 M reads/minute).

=== Summary ===

Total read pairs processed:          3,187,557
  Read 1 with adapter:                 116,795 (3.7%)
  Read 2 with adapter:                 112,490 (3.5%)
Pairs written (passing filters):     3,187,557 (100.0%)

Total basepairs processed:   962,642,214 bp
  Read 1:   481,321,107 bp
  Read 2:   481,321,107 bp
Total written (filtered):    961,864,410 bp (99.9%)
  Read 1:   480,924,522 bp
  Read 2:   480,939,888 bp

=== First read: Adapter PrefixPE/1 ===

Sequence: TACACTCTTTCCCTACACGACGCTCTTCCGATCT; Type: regular 3'; Length: 34; Trimmed: 54767 times

No. of allowed errors:
0-9 bp: 0; 10-19 bp: 1; 20-29 bp: 2; 30-34 bp: 3

Bases preceding removed adapters:
  A: 28.6%
  C: 23.4%
  G: 19.5%
  T: 28.5%
  none/other: 0.0%

Overview of removed sequences
length	count	expect	max.err	error counts
3	36583	49805.6	0	36583
4	14143	12451.4	0	14143
5	2667	3112.8	0	2667
6	646	778.2	0	646
7	176	194.6	0	176
8	42	48.6	0	42
9	154	12.2	0	16 138
10	247	3.0	1	7 240
11	72	0.8	1	1 71
12	29	0.2	1	1 28
13	2	0.0	1	0 2
14	4	0.0	1	0 4
15	1	0.0	1	0 1
97	1	0.0	3	0 0 0 1


=== First read: Adapter PrefixPE/2 ===

Sequence: GTGACTGGAGTTCAGACGTGTGCTCTTCCGATCT; Type: regular 3'; Length: 34; Trimmed: 62028 times

No. of allowed errors:
0-9 bp: 0; 10-19 bp: 1; 20-29 bp: 2; 30-34 bp: 3

Bases preceding removed adapters:
  A: 27.7%
  C: 11.4%
  G: 26.4%
  T: 34.5%
  none/other: 0.0%

Overview of removed sequences
length	count	expect	max.err	error counts
3	47271	49805.6	0	47271
4	11721	12451.4	0	11721
5	1920	3112.8	0	1920
6	634	778.2	0	634
7	164	194.6	0	164
8	48	48.6	0	48
9	113	12.2	0	13 100
10	105	3.0	1	2 103
11	36	0.8	1	0 36
12	13	0.2	1	0 13
13	1	0.0	1	0 1
15	2	0.0	1	0 2


=== Second read: Adapter PrefixPE/1 ===

Sequence: TACACTCTTTCCCTACACGACGCTCTTCCGATCT; Type: regular 3'; Length: 34; Trimmed: 52557 times

No. of allowed errors:
0-9 bp: 0; 10-19 bp: 1; 20-29 bp: 2; 30-34 bp: 3

Bases preceding removed adapters:
  A: 28.8%
  C: 24.1%
  G: 20.0%
  T: 27.1%
  none/other: 0.0%

Overview of removed sequences
length	count	expect	max.err	error counts
3	34871	49805.6	0	34871
4	13556	12451.4	0	13556
5	2812	3112.8	0	2812
6	653	778.2	0	653
7	156	194.6	0	156
8	50	48.6	0	50
9	170	12.2	0	16 154
10	182	3.0	1	5 177
11	73	0.8	1	2 71
12	26	0.2	1	1 25
13	7	0.0	1	0 7
14	1	0.0	1	0 1


=== Second read: Adapter PrefixPE/2 ===

Sequence: GTGACTGGAGTTCAGACGTGTGCTCTTCCGATCT; Type: regular 3'; Length: 34; Trimmed: 59933 times

No. of allowed errors:
0-9 bp: 0; 10-19 bp: 1; 20-29 bp: 2; 30-34 bp: 3

Bases preceding removed adapters:
  A: 27.0%
  C: 13.7%
  G: 25.9%
  T: 33.4%
  none/other: 0.0%

Overview of removed sequences
length	count	expect	max.err	error counts
3	46407	49805.6	0	46407
4	10626	12451.4	0	10626
5	1948	3112.8	0	1948
6	518	778.2	0	518
7	143	194.6	0	143
8	51	48.6	0	51
9	93	12.2	0	13 80
10	107	3.0	1	2 105
11	30	0.8	1	0 30
12	7	0.2	1	0 7
13	3	0.0	1	0 3
