This is cutadapt 2.9 with Python 3.6.6
Command line parameters: --interleaved -a file:/nas02/apps/trimmomatic-0.36/Trimmomatic-0.36/adapters/TruSeq3-PE.fa -A file:/nas02/apps/trimmomatic-0.36/Trimmomatic-0.36/adapters/TruSeq3-PE.fa -m 30 /nas/longleaf/home/zpopkinh/Pvivax_resources/wgs_pe_improved_global/fastq/ERS164688/ERR216474_1.fastq.gz /nas/longleaf/home/zpopkinh/Pvivax_resources/wgs_pe_improved_global/fastq/ERS164688/ERR216474_2.fastq.gz
Processing reads on 1 core in paired-end mode ...
Finished in 199.13 s (98 us/read; 0.61 M reads/minute).

=== Summary ===

Total read pairs processed:          2,032,207
  Read 1 with adapter:                  75,535 (3.7%)
  Read 2 with adapter:                  75,431 (3.7%)
Pairs written (passing filters):     2,032,207 (100.0%)

Total basepairs processed:   406,441,400 bp
  Read 1:   203,220,700 bp
  Read 2:   203,220,700 bp
Total written (filtered):    405,927,343 bp (99.9%)
  Read 1:   202,963,803 bp
  Read 2:   202,963,540 bp

=== First read: Adapter PrefixPE/1 ===

Sequence: TACACTCTTTCCCTACACGACGCTCTTCCGATCT; Type: regular 3'; Length: 34; Trimmed: 41853 times

No. of allowed errors:
0-9 bp: 0; 10-19 bp: 1; 20-29 bp: 2; 30-34 bp: 3

Bases preceding removed adapters:
  A: 30.7%
  C: 16.8%
  G: 25.0%
  T: 27.5%
  none/other: 0.0%

Overview of removed sequences
length	count	expect	max.err	error counts
3	27418	31753.2	0	27418
4	11095	7938.3	0	11095
5	2154	1984.6	0	2154
6	517	496.1	0	517
7	136	124.0	0	136
8	25	31.0	0	25
9	100	7.8	0	13 87
10	323	1.9	1	4 319
11	69	0.5	1	0 69
12	13	0.1	1	0 13
13	3	0.0	1	0 3


=== First read: Adapter PrefixPE/2 ===

Sequence: GTGACTGGAGTTCAGACGTGTGCTCTTCCGATCT; Type: regular 3'; Length: 34; Trimmed: 33682 times

No. of allowed errors:
0-9 bp: 0; 10-19 bp: 1; 20-29 bp: 2; 30-34 bp: 3

Bases preceding removed adapters:
  A: 26.7%
  C: 14.9%
  G: 23.2%
  T: 35.3%
  none/other: 0.0%

Overview of removed sequences
length	count	expect	max.err	error counts
3	26703	31753.2	0	26703
4	5726	7938.3	0	5726
5	871	1984.6	0	871
6	200	496.1	0	200
7	51	124.0	0	51
8	9	31.0	0	9
9	75	7.8	0	3 72
10	36	1.9	1	2 34
11	9	0.5	1	0 9
12	2	0.1	1	0 2


=== Second read: Adapter PrefixPE/1 ===

Sequence: TACACTCTTTCCCTACACGACGCTCTTCCGATCT; Type: regular 3'; Length: 34; Trimmed: 42347 times

No. of allowed errors:
0-9 bp: 0; 10-19 bp: 1; 20-29 bp: 2; 30-34 bp: 3

Bases preceding removed adapters:
  A: 30.7%
  C: 16.6%
  G: 24.7%
  T: 28.0%
  none/other: 0.0%

Overview of removed sequences
length	count	expect	max.err	error counts
3	27510	31753.2	0	27510
4	11453	7938.3	0	11453
5	2128	1984.6	0	2128
6	579	496.1	0	579
7	160	124.0	0	160
8	24	31.0	0	24
9	107	7.8	0	18 89
10	320	1.9	1	4 316
11	55	0.5	1	0 55
12	8	0.1	1	0 8
13	3	0.0	1	0 3


=== Second read: Adapter PrefixPE/2 ===

Sequence: GTGACTGGAGTTCAGACGTGTGCTCTTCCGATCT; Type: regular 3'; Length: 34; Trimmed: 33084 times

No. of allowed errors:
0-9 bp: 0; 10-19 bp: 1; 20-29 bp: 2; 30-34 bp: 3

Bases preceding removed adapters:
  A: 27.0%
  C: 14.2%
  G: 23.3%
  T: 35.4%
  none/other: 0.0%

Overview of removed sequences
length	count	expect	max.err	error counts
3	26000	31753.2	0	26000
4	5799	7938.3	0	5799
5	890	1984.6	0	890
6	232	496.1	0	232
7	41	124.0	0	41
8	11	31.0	0	11
9	50	7.8	0	0 50
10	47	1.9	1	2 45
11	12	0.5	1	0 12
12	2	0.1	1	0 2
