This is cutadapt 2.9 with Python 3.6.6
Command line parameters: --interleaved -a file:/nas02/apps/trimmomatic-0.36/Trimmomatic-0.36/adapters/TruSeq3-PE.fa -A file:/nas02/apps/trimmomatic-0.36/Trimmomatic-0.36/adapters/TruSeq3-PE.fa -m 30 /nas/longleaf/home/zpopkinh/Pvivax_resources/wgs_pe_improved_global/fastq/SRS2746112/SRR6361651_1.fastq.gz /nas/longleaf/home/zpopkinh/Pvivax_resources/wgs_pe_improved_global/fastq/SRS2746112/SRR6361651_2.fastq.gz
Processing reads on 1 core in paired-end mode ...
Finished in 5616.24 s (87 us/read; 0.69 M reads/minute).

=== Summary ===

Total read pairs processed:         64,701,732
  Read 1 with adapter:               2,116,596 (3.3%)
  Read 2 with adapter:               2,096,165 (3.2%)
Pairs written (passing filters):    64,701,728 (100.0%)

Total basepairs processed: 12,940,346,400 bp
  Read 1: 6,470,173,200 bp
  Read 2: 6,470,173,200 bp
Total written (filtered):  12,926,050,964 bp (99.9%)
  Read 1: 6,462,985,435 bp
  Read 2: 6,463,065,529 bp

=== First read: Adapter PrefixPE/1 ===

Sequence: TACACTCTTTCCCTACACGACGCTCTTCCGATCT; Type: regular 3'; Length: 34; Trimmed: 1181597 times

No. of allowed errors:
0-9 bp: 0; 10-19 bp: 1; 20-29 bp: 2; 30-34 bp: 3

Bases preceding removed adapters:
  A: 31.9%
  C: 16.7%
  G: 19.4%
  T: 31.9%
  none/other: 0.0%

Overview of removed sequences
length	count	expect	max.err	error counts
3	778990	1010964.6	0	778990
4	303665	252741.1	0	303665
5	75312	63185.3	0	75312
6	11909	15796.3	0	11909
7	2142	3949.1	0	2142
8	613	987.3	0	613
9	3681	246.8	0	201 3480
10	3518	61.7	1	53 3465
11	1366	15.4	1	14 1352
12	304	3.9	1	1 303
13	62	1.0	1	0 62
14	31	0.2	1	0 31
15	2	0.1	1	0 2
100	2	0.0	3	0 1 1


=== First read: Adapter PrefixPE/2 ===

Sequence: GTGACTGGAGTTCAGACGTGTGCTCTTCCGATCT; Type: regular 3'; Length: 34; Trimmed: 934999 times

No. of allowed errors:
0-9 bp: 0; 10-19 bp: 1; 20-29 bp: 2; 30-34 bp: 3

Bases preceding removed adapters:
  A: 24.8%
  C: 17.9%
  G: 24.8%
  T: 32.5%
  none/other: 0.0%

Overview of removed sequences
length	count	expect	max.err	error counts
3	715453	1010964.6	0	715453
4	183383	252741.1	0	183383
5	26774	63185.3	0	26774
6	5958	15796.3	0	5958
7	1197	3949.1	0	1197
8	160	987.3	0	160
9	864	246.8	0	62 802
10	785	61.7	1	20 765
11	341	15.4	1	1 340
12	67	3.9	1	0 67
13	17	1.0	1	0 17


=== Second read: Adapter PrefixPE/1 ===

Sequence: TACACTCTTTCCCTACACGACGCTCTTCCGATCT; Type: regular 3'; Length: 34; Trimmed: 1173429 times

No. of allowed errors:
0-9 bp: 0; 10-19 bp: 1; 20-29 bp: 2; 30-34 bp: 3

Bases preceding removed adapters:
  A: 31.8%
  C: 16.6%
  G: 19.0%
  T: 32.6%
  none/other: 0.0%

Overview of removed sequences
length	count	expect	max.err	error counts
3	777861	1010964.6	0	777861
4	298420	252741.1	0	298420
5	73991	63185.3	0	73991
6	11378	15796.3	0	11378
7	2085	3949.1	0	2085
8	615	987.3	0	615
9	3817	246.8	0	179 3638
10	3599	61.7	1	64 3535
11	1302	15.4	1	10 1292
12	269	3.9	1	0 269
13	56	1.0	1	0 56
14	33	0.2	1	0 33
15	1	0.1	1	0 1
100	2	0.0	3	0 0 2


=== Second read: Adapter PrefixPE/2 ===

Sequence: GTGACTGGAGTTCAGACGTGTGCTCTTCCGATCT; Type: regular 3'; Length: 34; Trimmed: 922736 times

No. of allowed errors:
0-9 bp: 0; 10-19 bp: 1; 20-29 bp: 2; 30-34 bp: 3

Bases preceding removed adapters:
  A: 24.3%
  C: 18.5%
  G: 24.8%
  T: 32.3%
  none/other: 0.0%

Overview of removed sequences
length	count	expect	max.err	error counts
3	711618	1010964.6	0	711618
4	175848	252741.1	0	175848
5	26000	63185.3	0	26000
6	5828	15796.3	0	5828
7	1254	3949.1	0	1254
8	193	987.3	0	193
9	808	246.8	0	56 752
10	789	61.7	1	22 767
11	315	15.4	1	8 307
12	70	3.9	1	0 70
13	13	1.0	1	0 13
