This is cutadapt 2.9 with Python 3.6.6
Command line parameters: --interleaved -a file:/nas02/apps/trimmomatic-0.36/Trimmomatic-0.36/adapters/TruSeq3-PE.fa -A file:/nas02/apps/trimmomatic-0.36/Trimmomatic-0.36/adapters/TruSeq3-PE.fa -m 30 /nas/longleaf/home/zpopkinh/Pvivax_resources/wgs_pe_improved_global/fastq/SRS694260/SRR1565114_1.fastq.gz /nas/longleaf/home/zpopkinh/Pvivax_resources/wgs_pe_improved_global/fastq/SRS694260/SRR1565114_2.fastq.gz
Processing reads on 1 core in paired-end mode ...
Finished in 1.33 s (76 us/read; 0.79 M reads/minute).

=== Summary ===

Total read pairs processed:             17,519
  Read 1 with adapter:                     535 (3.1%)
  Read 2 with adapter:                     592 (3.4%)
Pairs written (passing filters):        17,519 (100.0%)

Total basepairs processed:     3,538,838 bp
  Read 1:     1,769,419 bp
  Read 2:     1,769,419 bp
Total written (filtered):      3,534,995 bp (99.9%)
  Read 1:     1,767,555 bp
  Read 2:     1,767,440 bp

=== First read: Adapter PrefixPE/1 ===

Sequence: TACACTCTTTCCCTACACGACGCTCTTCCGATCT; Type: regular 3'; Length: 34; Trimmed: 283 times

No. of allowed errors:
0-9 bp: 0; 10-19 bp: 1; 20-29 bp: 2; 30-34 bp: 3

Bases preceding removed adapters:
  A: 30.0%
  C: 18.0%
  G: 18.0%
  T: 33.9%
  none/other: 0.0%

Overview of removed sequences
length	count	expect	max.err	error counts
3	175	273.7	0	175
4	81	68.4	0	81
5	14	17.1	0	14
6	4	4.3	0	4
7	3	1.1	0	3
8	1	0.3	0	1
9	1	0.1	0	1
10	4	0.0	1	0 4


=== First read: Adapter PrefixPE/2 ===

Sequence: GTGACTGGAGTTCAGACGTGTGCTCTTCCGATCT; Type: regular 3'; Length: 34; Trimmed: 252 times

No. of allowed errors:
0-9 bp: 0; 10-19 bp: 1; 20-29 bp: 2; 30-34 bp: 3

Bases preceding removed adapters:
  A: 25.0%
  C: 12.7%
  G: 21.8%
  T: 40.5%
  none/other: 0.0%

Overview of removed sequences
length	count	expect	max.err	error counts
3	177	273.7	0	177
4	65	68.4	0	65
5	8	17.1	0	8
6	2	4.3	0	2


=== Second read: Adapter PrefixPE/1 ===

Sequence: TACACTCTTTCCCTACACGACGCTCTTCCGATCT; Type: regular 3'; Length: 34; Trimmed: 241 times

No. of allowed errors:
0-9 bp: 0; 10-19 bp: 1; 20-29 bp: 2; 30-34 bp: 3

Bases preceding removed adapters:
  A: 26.6%
  C: 23.2%
  G: 19.5%
  T: 30.7%
  none/other: 0.0%

Overview of removed sequences
length	count	expect	max.err	error counts
3	165	273.7	0	165
4	62	68.4	0	62
5	11	17.1	0	11
6	1	4.3	0	1
9	1	0.1	0	0 1
10	1	0.0	1	0 1


=== Second read: Adapter PrefixPE/2 ===

Sequence: GTGACTGGAGTTCAGACGTGTGCTCTTCCGATCT; Type: regular 3'; Length: 34; Trimmed: 351 times

No. of allowed errors:
0-9 bp: 0; 10-19 bp: 1; 20-29 bp: 2; 30-34 bp: 3

Bases preceding removed adapters:
  A: 29.9%
  C: 27.1%
  G: 19.7%
  T: 23.4%
  none/other: 0.0%

Overview of removed sequences
length	count	expect	max.err	error counts
3	264	273.7	0	264
4	74	68.4	0	74
5	10	17.1	0	10
6	3	4.3	0	3
