This is cutadapt 2.9 with Python 3.6.6
Command line parameters: --interleaved -a file:/nas02/apps/trimmomatic-0.36/Trimmomatic-0.36/adapters/TruSeq3-PE.fa -A file:/nas02/apps/trimmomatic-0.36/Trimmomatic-0.36/adapters/TruSeq3-PE.fa -m 30 /nas/longleaf/home/zpopkinh/Pvivax_resources/wgs_pe_improved_global/fastq/SRS693951/SRR1564664_1.fastq.gz /nas/longleaf/home/zpopkinh/Pvivax_resources/wgs_pe_improved_global/fastq/SRS693951/SRR1564664_2.fastq.gz
Processing reads on 1 core in paired-end mode ...
Finished in 836.18 s (62 us/read; 0.96 M reads/minute).

=== Summary ===

Total read pairs processed:         13,393,658
  Read 1 with adapter:                 500,944 (3.7%)
  Read 2 with adapter:                 509,729 (3.8%)
Pairs written (passing filters):    13,393,657 (100.0%)

Total basepairs processed: 2,705,518,916 bp
  Read 1: 1,352,759,458 bp
  Read 2: 1,352,759,458 bp
Total written (filtered):  2,702,110,722 bp (99.9%)
  Read 1: 1,351,068,332 bp
  Read 2: 1,351,042,390 bp

=== First read: Adapter PrefixPE/1 ===

Sequence: TACACTCTTTCCCTACACGACGCTCTTCCGATCT; Type: regular 3'; Length: 34; Trimmed: 242656 times

No. of allowed errors:
0-9 bp: 0; 10-19 bp: 1; 20-29 bp: 2; 30-34 bp: 3

Bases preceding removed adapters:
  A: 24.9%
  C: 22.9%
  G: 25.9%
  T: 26.3%
  none/other: 0.0%

Overview of removed sequences
length	count	expect	max.err	error counts
3	163053	209275.9	0	163053
4	59170	52319.0	0	59170
5	14647	13079.7	0	14647
6	2840	3269.9	0	2840
7	738	817.5	0	738
8	152	204.4	0	152
9	673	51.1	0	80 593
10	966	12.8	1	24 942
11	333	3.2	1	1 332
12	64	0.8	1	2 62
13	12	0.2	1	0 12
14	6	0.0	1	0 6
15	1	0.0	1	0 1
101	1	0.0	3	0 0 0 1


=== First read: Adapter PrefixPE/2 ===

Sequence: GTGACTGGAGTTCAGACGTGTGCTCTTCCGATCT; Type: regular 3'; Length: 34; Trimmed: 258288 times

No. of allowed errors:
0-9 bp: 0; 10-19 bp: 1; 20-29 bp: 2; 30-34 bp: 3

Bases preceding removed adapters:
  A: 23.4%
  C: 19.0%
  G: 26.9%
  T: 30.6%
  none/other: 0.0%

Overview of removed sequences
length	count	expect	max.err	error counts
3	202004	209275.9	0	202004
4	45486	52319.0	0	45486
5	7807	13079.7	0	7807
6	1786	3269.9	0	1786
7	444	817.5	0	444
8	72	204.4	0	72
9	287	51.1	0	16 271
10	297	12.8	1	1 296
11	84	3.2	1	2 82
12	15	0.8	1	0 15
13	6	0.2	1	0 6


=== Second read: Adapter PrefixPE/1 ===

Sequence: TACACTCTTTCCCTACACGACGCTCTTCCGATCT; Type: regular 3'; Length: 34; Trimmed: 240634 times

No. of allowed errors:
0-9 bp: 0; 10-19 bp: 1; 20-29 bp: 2; 30-34 bp: 3

Bases preceding removed adapters:
  A: 25.4%
  C: 22.9%
  G: 25.5%
  T: 26.2%
  none/other: 0.0%

Overview of removed sequences
length	count	expect	max.err	error counts
3	162182	209275.9	0	162182
4	57909	52319.0	0	57909
5	14673	13079.7	0	14673
6	2907	3269.9	0	2907
7	707	817.5	0	707
8	170	204.4	0	170
9	688	51.1	0	70 618
10	987	12.8	1	27 960
11	327	3.2	1	3 324
12	65	0.8	1	0 65
13	16	0.2	1	0 16
14	2	0.0	1	0 2
15	1	0.0	1	0 1


=== Second read: Adapter PrefixPE/2 ===

Sequence: GTGACTGGAGTTCAGACGTGTGCTCTTCCGATCT; Type: regular 3'; Length: 34; Trimmed: 269095 times

No. of allowed errors:
0-9 bp: 0; 10-19 bp: 1; 20-29 bp: 2; 30-34 bp: 3

Bases preceding removed adapters:
  A: 23.5%
  C: 21.0%
  G: 26.3%
  T: 29.1%
  none/other: 0.0%

Overview of removed sequences
length	count	expect	max.err	error counts
3	212479	209275.9	0	212479
4	45710	52319.0	0	45710
5	7903	13079.7	0	7903
6	1861	3269.9	0	1861
7	399	817.5	0	399
8	76	204.4	0	76
9	275	51.1	0	18 257
10	252	12.8	1	12 240
11	95	3.2	1	2 93
12	35	0.8	1	0 35
13	9	0.2	1	0 9
43	1	0.0	3	0 0 0 1
