This is cutadapt 2.9 with Python 3.6.6
Command line parameters: --interleaved -a file:/nas02/apps/trimmomatic-0.36/Trimmomatic-0.36/adapters/TruSeq3-PE.fa -A file:/nas02/apps/trimmomatic-0.36/Trimmomatic-0.36/adapters/TruSeq3-PE.fa -m 30 /nas/longleaf/home/zpopkinh/Pvivax_resources/wgs_pe_improved_global/fastq/SRS693951/SRR1565087_1.fastq.gz /nas/longleaf/home/zpopkinh/Pvivax_resources/wgs_pe_improved_global/fastq/SRS693951/SRR1565087_2.fastq.gz
Processing reads on 1 core in paired-end mode ...
Finished in 1.44 s (84 us/read; 0.72 M reads/minute).

=== Summary ===

Total read pairs processed:             17,118
  Read 1 with adapter:                     546 (3.2%)
  Read 2 with adapter:                     650 (3.8%)
Pairs written (passing filters):        17,118 (100.0%)

Total basepairs processed:     3,457,836 bp
  Read 1:     1,728,918 bp
  Read 2:     1,728,918 bp
Total written (filtered):      3,453,737 bp (99.9%)
  Read 1:     1,727,042 bp
  Read 2:     1,726,695 bp

=== First read: Adapter PrefixPE/1 ===

Sequence: TACACTCTTTCCCTACACGACGCTCTTCCGATCT; Type: regular 3'; Length: 34; Trimmed: 306 times

No. of allowed errors:
0-9 bp: 0; 10-19 bp: 1; 20-29 bp: 2; 30-34 bp: 3

Bases preceding removed adapters:
  A: 33.7%
  C: 19.0%
  G: 24.2%
  T: 23.2%
  none/other: 0.0%

Overview of removed sequences
length	count	expect	max.err	error counts
3	205	267.5	0	205
4	70	66.9	0	70
5	20	16.7	0	20
6	4	4.2	0	4
7	2	1.0	0	2
9	1	0.1	0	0 1
10	3	0.0	1	0 3
11	1	0.0	1	0 1


=== First read: Adapter PrefixPE/2 ===

Sequence: GTGACTGGAGTTCAGACGTGTGCTCTTCCGATCT; Type: regular 3'; Length: 34; Trimmed: 240 times

No. of allowed errors:
0-9 bp: 0; 10-19 bp: 1; 20-29 bp: 2; 30-34 bp: 3

Bases preceding removed adapters:
  A: 29.2%
  C: 14.2%
  G: 20.4%
  T: 36.2%
  none/other: 0.0%

Overview of removed sequences
length	count	expect	max.err	error counts
3	185	267.5	0	185
4	45	66.9	0	45
5	7	16.7	0	7
6	2	4.2	0	2
11	1	0.0	1	0 1


=== Second read: Adapter PrefixPE/1 ===

Sequence: TACACTCTTTCCCTACACGACGCTCTTCCGATCT; Type: regular 3'; Length: 34; Trimmed: 323 times

No. of allowed errors:
0-9 bp: 0; 10-19 bp: 1; 20-29 bp: 2; 30-34 bp: 3

Bases preceding removed adapters:
  A: 23.5%
  C: 28.2%
  G: 14.9%
  T: 33.4%
  none/other: 0.0%

Overview of removed sequences
length	count	expect	max.err	error counts
3	215	267.5	0	215
4	87	66.9	0	87
5	13	16.7	0	13
6	4	4.2	0	4
7	1	1.0	0	1
9	2	0.1	0	0 2
11	1	0.0	1	0 1


=== Second read: Adapter PrefixPE/2 ===

Sequence: GTGACTGGAGTTCAGACGTGTGCTCTTCCGATCT; Type: regular 3'; Length: 34; Trimmed: 327 times

No. of allowed errors:
0-9 bp: 0; 10-19 bp: 1; 20-29 bp: 2; 30-34 bp: 3

Bases preceding removed adapters:
  A: 30.3%
  C: 23.2%
  G: 19.0%
  T: 27.5%
  none/other: 0.0%

Overview of removed sequences
length	count	expect	max.err	error counts
3	237	267.5	0	237
4	73	66.9	0	73
5	11	16.7	0	11
6	3	4.2	0	3
7	1	1.0	0	1
11	2	0.0	1	0 2
