This is cutadapt 2.9 with Python 3.6.6
Command line parameters: --interleaved -a file:/nas02/apps/trimmomatic-0.36/Trimmomatic-0.36/adapters/TruSeq3-PE.fa -A file:/nas02/apps/trimmomatic-0.36/Trimmomatic-0.36/adapters/TruSeq3-PE.fa -m 30 /nas/longleaf/home/zpopkinh/Pvivax_resources/wgs_pe_improved_global/fastq/SRS1885926/SRR5136536_1.fastq.gz /nas/longleaf/home/zpopkinh/Pvivax_resources/wgs_pe_improved_global/fastq/SRS1885926/SRR5136536_2.fastq.gz
Processing reads on 1 core in paired-end mode ...
Finished in 528.28 s (78 us/read; 0.77 M reads/minute).

=== Summary ===

Total read pairs processed:          6,799,022
  Read 1 with adapter:                 305,893 (4.5%)
  Read 2 with adapter:                 365,223 (5.4%)
Pairs written (passing filters):     6,799,022 (100.0%)

Total basepairs processed: 1,359,804,400 bp
  Read 1:   679,902,200 bp
  Read 2:   679,902,200 bp
Total written (filtered):  1,357,477,663 bp (99.8%)
  Read 1:   678,827,451 bp
  Read 2:   678,650,212 bp

=== First read: Adapter PrefixPE/1 ===

Sequence: TACACTCTTTCCCTACACGACGCTCTTCCGATCT; Type: regular 3'; Length: 34; Trimmed: 203984 times

No. of allowed errors:
0-9 bp: 0; 10-19 bp: 1; 20-29 bp: 2; 30-34 bp: 3

Bases preceding removed adapters:
  A: 53.8%
  C: 25.3%
  G: 11.1%
  T: 9.9%
  none/other: 0.0%

Overview of removed sequences
length	count	expect	max.err	error counts
3	118471	106234.7	0	118471
4	47990	26558.7	0	47990
5	35560	6639.7	0	35560
6	1006	1659.9	0	1006
7	272	415.0	0	272
8	64	103.7	0	64
9	261	25.9	0	25 236
10	224	6.5	1	9 215
11	105	1.6	1	2 103
12	22	0.4	1	0 22
13	9	0.1	1	1 8


=== First read: Adapter PrefixPE/2 ===

Sequence: GTGACTGGAGTTCAGACGTGTGCTCTTCCGATCT; Type: regular 3'; Length: 34; Trimmed: 101909 times

No. of allowed errors:
0-9 bp: 0; 10-19 bp: 1; 20-29 bp: 2; 30-34 bp: 3

Bases preceding removed adapters:
  A: 23.0%
  C: 20.2%
  G: 29.3%
  T: 27.6%
  none/other: 0.0%

Overview of removed sequences
length	count	expect	max.err	error counts
3	79335	106234.7	0	79335
4	18328	26558.7	0	18328
5	3044	6639.7	0	3044
6	702	1659.9	0	702
7	230	415.0	0	230
8	10	103.7	0	10
9	111	25.9	0	6 105
10	85	6.5	1	2 83
11	57	1.6	1	0 57
12	7	0.4	1	0 7


=== Second read: Adapter PrefixPE/1 ===

Sequence: TACACTCTTTCCCTACACGACGCTCTTCCGATCT; Type: regular 3'; Length: 34; Trimmed: 204131 times

No. of allowed errors:
0-9 bp: 0; 10-19 bp: 1; 20-29 bp: 2; 30-34 bp: 3

Bases preceding removed adapters:
  A: 53.7%
  C: 10.0%
  G: 11.2%
  T: 25.1%
  none/other: 0.0%

Overview of removed sequences
length	count	expect	max.err	error counts
3	118715	106234.7	0	118715
4	48176	26558.7	0	48176
5	35346	6639.7	0	35346
6	922	1659.9	0	922
7	276	415.0	0	276
8	65	103.7	0	65
9	272	25.9	0	14 258
10	210	6.5	1	4 206
11	114	1.6	1	0 114
12	23	0.4	1	0 23
13	12	0.1	1	1 11


=== Second read: Adapter PrefixPE/2 ===

Sequence: GTGACTGGAGTTCAGACGTGTGCTCTTCCGATCT; Type: regular 3'; Length: 34; Trimmed: 161092 times

No. of allowed errors:
0-9 bp: 0; 10-19 bp: 1; 20-29 bp: 2; 30-34 bp: 3

Bases preceding removed adapters:
  A: 14.5%
  C: 32.1%
  G: 35.9%
  T: 17.5%
  none/other: 0.0%

Overview of removed sequences
length	count	expect	max.err	error counts
3	138791	106234.7	0	138791
4	18070	26558.7	0	18070
5	3046	6639.7	0	3046
6	696	1659.9	0	696
7	229	415.0	0	229
8	23	103.7	0	23
9	95	25.9	0	5 90
10	84	6.5	1	3 81
11	47	1.6	1	1 46
12	10	0.4	1	0 10
13	1	0.1	1	0 1
