This is cutadapt 2.9 with Python 3.6.6
Command line parameters: --interleaved -a file:/nas02/apps/trimmomatic-0.36/Trimmomatic-0.36/adapters/TruSeq3-PE.fa -A file:/nas02/apps/trimmomatic-0.36/Trimmomatic-0.36/adapters/TruSeq3-PE.fa -m 30 /nas/longleaf/home/zpopkinh/Pvivax_resources/wgs_pe_improved_global/fastq/ERS3516645/ERR3439112_1.fastq.gz /nas/longleaf/home/zpopkinh/Pvivax_resources/wgs_pe_improved_global/fastq/ERS3516645/ERR3439112_2.fastq.gz
Processing reads on 1 core in paired-end mode ...
Finished in 1.93 s (53 us/read; 1.13 M reads/minute).

=== Summary ===

Total read pairs processed:             36,424
  Read 1 with adapter:                     918 (2.5%)
  Read 2 with adapter:                     915 (2.5%)
Pairs written (passing filters):        36,424 (100.0%)

Total basepairs processed:    10,927,200 bp
  Read 1:     5,463,600 bp
  Read 2:     5,463,600 bp
Total written (filtered):     10,920,833 bp (99.9%)
  Read 1:     5,460,479 bp
  Read 2:     5,460,354 bp

=== First read: Adapter PrefixPE/1 ===

Sequence: TACACTCTTTCCCTACACGACGCTCTTCCGATCT; Type: regular 3'; Length: 34; Trimmed: 581 times

No. of allowed errors:
0-9 bp: 0; 10-19 bp: 1; 20-29 bp: 2; 30-34 bp: 3

Bases preceding removed adapters:
  A: 69.7%
  C: 9.3%
  G: 7.7%
  T: 13.3%
  none/other: 0.0%

Overview of removed sequences
length	count	expect	max.err	error counts
3	442	569.1	0	442
4	98	142.3	0	98
5	20	35.6	0	20
6	1	8.9	0	1
7	2	2.2	0	2
9	18	0.1	0	0 18


=== First read: Adapter PrefixPE/2 ===

Sequence: GTGACTGGAGTTCAGACGTGTGCTCTTCCGATCT; Type: regular 3'; Length: 34; Trimmed: 337 times

No. of allowed errors:
0-9 bp: 0; 10-19 bp: 1; 20-29 bp: 2; 30-34 bp: 3

Bases preceding removed adapters:
  A: 10.4%
  C: 8.9%
  G: 41.2%
  T: 39.5%
  none/other: 0.0%

Overview of removed sequences
length	count	expect	max.err	error counts
3	243	569.1	0	243
4	89	142.3	0	89
5	3	35.6	0	3
10	1	0.0	1	1
11	1	0.0	1	0 1


=== Second read: Adapter PrefixPE/1 ===

Sequence: TACACTCTTTCCCTACACGACGCTCTTCCGATCT; Type: regular 3'; Length: 34; Trimmed: 305 times

No. of allowed errors:
0-9 bp: 0; 10-19 bp: 1; 20-29 bp: 2; 30-34 bp: 3

Bases preceding removed adapters:
  A: 26.9%
  C: 15.4%
  G: 46.2%
  T: 11.5%
  none/other: 0.0%

Overview of removed sequences
length	count	expect	max.err	error counts
3	144	569.1	0	144
4	74	142.3	0	74
5	8	35.6	0	8
6	79	8.9	0	79


=== Second read: Adapter PrefixPE/2 ===

Sequence: GTGACTGGAGTTCAGACGTGTGCTCTTCCGATCT; Type: regular 3'; Length: 34; Trimmed: 610 times

No. of allowed errors:
0-9 bp: 0; 10-19 bp: 1; 20-29 bp: 2; 30-34 bp: 3

Bases preceding removed adapters:
  A: 13.8%
  C: 16.9%
  G: 36.9%
  T: 32.5%
  none/other: 0.0%

Overview of removed sequences
length	count	expect	max.err	error counts
3	487	569.1	0	487
4	77	142.3	0	77
5	44	35.6	0	44
6	1	8.9	0	1
9	1	0.1	0	0 1
