This is cutadapt 2.9 with Python 3.6.6
Command line parameters: --interleaved -a file:/nas02/apps/trimmomatic-0.36/Trimmomatic-0.36/adapters/TruSeq3-PE.fa -A file:/nas02/apps/trimmomatic-0.36/Trimmomatic-0.36/adapters/TruSeq3-PE.fa -m 30 /nas/longleaf/home/zpopkinh/Pvivax_resources/wgs_pe_improved_global/fastq/ERS338607/ERR386535_1.fastq.gz /nas/longleaf/home/zpopkinh/Pvivax_resources/wgs_pe_improved_global/fastq/ERS338607/ERR386535_2.fastq.gz
Processing reads on 1 core in paired-end mode ...
Finished in 167.10 s (94 us/read; 0.64 M reads/minute).

=== Summary ===

Total read pairs processed:          1,774,102
  Read 1 with adapter:                  65,753 (3.7%)
  Read 2 with adapter:                  64,453 (3.6%)
Pairs written (passing filters):     1,774,102 (100.0%)

Total basepairs processed:   354,820,400 bp
  Read 1:   177,410,200 bp
  Read 2:   177,410,200 bp
Total written (filtered):    354,374,999 bp (99.9%)
  Read 1:   177,185,055 bp
  Read 2:   177,189,944 bp

=== First read: Adapter PrefixPE/1 ===

Sequence: TACACTCTTTCCCTACACGACGCTCTTCCGATCT; Type: regular 3'; Length: 34; Trimmed: 35882 times

No. of allowed errors:
0-9 bp: 0; 10-19 bp: 1; 20-29 bp: 2; 30-34 bp: 3

Bases preceding removed adapters:
  A: 29.5%
  C: 17.3%
  G: 25.6%
  T: 27.6%
  none/other: 0.0%

Overview of removed sequences
length	count	expect	max.err	error counts
3	23194	27720.3	0	23194
4	9716	6930.1	0	9716
5	1788	1732.5	0	1788
6	489	433.1	0	489
7	143	108.3	0	143
8	29	27.1	0	29
9	105	6.8	0	12 93
10	346	1.7	1	6 340
11	54	0.4	1	0 54
12	12	0.1	1	1 11
13	6	0.0	1	0 6


=== First read: Adapter PrefixPE/2 ===

Sequence: GTGACTGGAGTTCAGACGTGTGCTCTTCCGATCT; Type: regular 3'; Length: 34; Trimmed: 29871 times

No. of allowed errors:
0-9 bp: 0; 10-19 bp: 1; 20-29 bp: 2; 30-34 bp: 3

Bases preceding removed adapters:
  A: 27.8%
  C: 13.3%
  G: 22.8%
  T: 36.1%
  none/other: 0.0%

Overview of removed sequences
length	count	expect	max.err	error counts
3	23209	27720.3	0	23209
4	5455	6930.1	0	5455
5	810	1732.5	0	810
6	227	433.1	0	227
7	47	108.3	0	47
8	13	27.1	0	13
9	48	6.8	0	3 45
10	39	1.7	1	1 38
11	19	0.4	1	0 19
12	4	0.1	1	0 4


=== Second read: Adapter PrefixPE/1 ===

Sequence: TACACTCTTTCCCTACACGACGCTCTTCCGATCT; Type: regular 3'; Length: 34; Trimmed: 35389 times

No. of allowed errors:
0-9 bp: 0; 10-19 bp: 1; 20-29 bp: 2; 30-34 bp: 3

Bases preceding removed adapters:
  A: 29.8%
  C: 17.2%
  G: 25.9%
  T: 27.1%
  none/other: 0.0%

Overview of removed sequences
length	count	expect	max.err	error counts
3	22901	27720.3	0	22901
4	9552	6930.1	0	9552
5	1831	1732.5	0	1831
6	446	433.1	0	446
7	138	108.3	0	138
8	15	27.1	0	15
9	101	6.8	0	8 93
10	342	1.7	1	5 337
11	54	0.4	1	0 54
12	6	0.1	1	0 6
13	3	0.0	1	0 3


=== Second read: Adapter PrefixPE/2 ===

Sequence: GTGACTGGAGTTCAGACGTGTGCTCTTCCGATCT; Type: regular 3'; Length: 34; Trimmed: 29064 times

No. of allowed errors:
0-9 bp: 0; 10-19 bp: 1; 20-29 bp: 2; 30-34 bp: 3

Bases preceding removed adapters:
  A: 28.1%
  C: 13.4%
  G: 22.3%
  T: 36.2%
  none/other: 0.0%

Overview of removed sequences
length	count	expect	max.err	error counts
3	22826	27720.3	0	22826
4	5138	6930.1	0	5138
5	721	1732.5	0	721
6	215	433.1	0	215
7	36	108.3	0	36
8	16	27.1	0	16
9	52	6.8	0	0 52
10	43	1.7	1	0 43
11	14	0.4	1	0 14
12	2	0.1	1	0 2
13	1	0.0	1	0 1
