This is cutadapt 2.9 with Python 3.6.6
Command line parameters: --interleaved -a file:/nas02/apps/trimmomatic-0.36/Trimmomatic-0.36/adapters/TruSeq3-PE.fa -A file:/nas02/apps/trimmomatic-0.36/Trimmomatic-0.36/adapters/TruSeq3-PE.fa -m 30 /nas/longleaf/home/zpopkinh/Pvivax_resources/wgs_pe_improved_global/fastq/ERS338607/ERR490268_1.fastq.gz /nas/longleaf/home/zpopkinh/Pvivax_resources/wgs_pe_improved_global/fastq/ERS338607/ERR490268_2.fastq.gz
Processing reads on 1 core in paired-end mode ...
Finished in 77.81 s (106 us/read; 0.57 M reads/minute).

=== Summary ===

Total read pairs processed:            736,486
  Read 1 with adapter:                  27,293 (3.7%)
  Read 2 with adapter:                  26,872 (3.6%)
Pairs written (passing filters):       736,486 (100.0%)

Total basepairs processed:   147,297,200 bp
  Read 1:    73,648,600 bp
  Read 2:    73,648,600 bp
Total written (filtered):    147,111,781 bp (99.9%)
  Read 1:    73,555,135 bp
  Read 2:    73,556,646 bp

=== First read: Adapter PrefixPE/1 ===

Sequence: TACACTCTTTCCCTACACGACGCTCTTCCGATCT; Type: regular 3'; Length: 34; Trimmed: 14578 times

No. of allowed errors:
0-9 bp: 0; 10-19 bp: 1; 20-29 bp: 2; 30-34 bp: 3

Bases preceding removed adapters:
  A: 28.7%
  C: 17.4%
  G: 26.5%
  T: 27.5%
  none/other: 0.0%

Overview of removed sequences
length	count	expect	max.err	error counts
3	9341	11507.6	0	9341
4	4029	2876.9	0	4029
5	714	719.2	0	714
6	191	179.8	0	191
7	66	45.0	0	66
8	14	11.2	0	14
9	44	2.8	0	5 39
10	157	0.7	1	0 157
11	16	0.2	1	0 16
12	5	0.0	1	0 5
13	1	0.0	1	0 1


=== First read: Adapter PrefixPE/2 ===

Sequence: GTGACTGGAGTTCAGACGTGTGCTCTTCCGATCT; Type: regular 3'; Length: 34; Trimmed: 12715 times

No. of allowed errors:
0-9 bp: 0; 10-19 bp: 1; 20-29 bp: 2; 30-34 bp: 3

Bases preceding removed adapters:
  A: 27.1%
  C: 13.5%
  G: 22.7%
  T: 36.7%
  none/other: 0.0%

Overview of removed sequences
length	count	expect	max.err	error counts
3	9949	11507.6	0	9949
4	2290	2876.9	0	2290
5	298	719.2	0	298
6	96	179.8	0	96
7	15	45.0	0	15
8	2	11.2	0	2
9	32	2.8	0	0 32
10	25	0.7	1	0 25
11	7	0.2	1	0 7
12	1	0.0	1	0 1


=== Second read: Adapter PrefixPE/1 ===

Sequence: TACACTCTTTCCCTACACGACGCTCTTCCGATCT; Type: regular 3'; Length: 34; Trimmed: 14594 times

No. of allowed errors:
0-9 bp: 0; 10-19 bp: 1; 20-29 bp: 2; 30-34 bp: 3

Bases preceding removed adapters:
  A: 28.7%
  C: 17.2%
  G: 26.5%
  T: 27.6%
  none/other: 0.0%

Overview of removed sequences
length	count	expect	max.err	error counts
3	9296	11507.6	0	9296
4	4049	2876.9	0	4049
5	794	719.2	0	794
6	189	179.8	0	189
7	58	45.0	0	58
8	9	11.2	0	9
9	31	2.8	0	3 28
10	144	0.7	1	1 143
11	20	0.2	1	0 20
12	4	0.0	1	1 3


=== Second read: Adapter PrefixPE/2 ===

Sequence: GTGACTGGAGTTCAGACGTGTGCTCTTCCGATCT; Type: regular 3'; Length: 34; Trimmed: 12278 times

No. of allowed errors:
0-9 bp: 0; 10-19 bp: 1; 20-29 bp: 2; 30-34 bp: 3

Bases preceding removed adapters:
  A: 28.7%
  C: 14.1%
  G: 22.0%
  T: 35.2%
  none/other: 0.0%

Overview of removed sequences
length	count	expect	max.err	error counts
3	9643	11507.6	0	9643
4	2175	2876.9	0	2175
5	309	719.2	0	309
6	81	179.8	0	81
7	9	45.0	0	9
8	6	11.2	0	6
9	29	2.8	0	0 29
10	20	0.7	1	0 20
11	4	0.2	1	0 4
12	1	0.0	1	0 1
13	1	0.0	1	0 1
