This is cutadapt 2.9 with Python 3.6.6
Command line parameters: --interleaved -a file:/nas02/apps/trimmomatic-0.36/Trimmomatic-0.36/adapters/TruSeq3-PE.fa -A file:/nas02/apps/trimmomatic-0.36/Trimmomatic-0.36/adapters/TruSeq3-PE.fa -m 30 /nas/longleaf/home/zpopkinh/Pvivax_resources/wgs_pe_improved_global/fastq/ERS123119/ERR152413_1.fastq.gz /nas/longleaf/home/zpopkinh/Pvivax_resources/wgs_pe_improved_global/fastq/ERS123119/ERR152413_2.fastq.gz
Processing reads on 1 core in paired-end mode ...
Finished in 1267.64 s (90 us/read; 0.67 M reads/minute).

=== Summary ===

Total read pairs processed:         14,052,807
  Read 1 with adapter:                 507,670 (3.6%)
  Read 2 with adapter:                 507,870 (3.6%)
Pairs written (passing filters):    14,052,805 (100.0%)

Total basepairs processed: 2,810,561,400 bp
  Read 1: 1,405,280,700 bp
  Read 2: 1,405,280,700 bp
Total written (filtered):  2,807,134,390 bp (99.9%)
  Read 1: 1,403,567,731 bp
  Read 2: 1,403,566,659 bp

=== First read: Adapter PrefixPE/1 ===

Sequence: TACACTCTTTCCCTACACGACGCTCTTCCGATCT; Type: regular 3'; Length: 34; Trimmed: 270775 times

No. of allowed errors:
0-9 bp: 0; 10-19 bp: 1; 20-29 bp: 2; 30-34 bp: 3

Bases preceding removed adapters:
  A: 28.8%
  C: 18.9%
  G: 22.7%
  T: 29.5%
  none/other: 0.0%

Overview of removed sequences
length	count	expect	max.err	error counts
3	181263	219575.1	0	181263
4	69027	54893.8	0	69027
5	14555	13723.4	0	14555
6	3157	3430.9	0	3157
7	624	857.7	0	624
8	143	214.4	0	143
9	805	53.6	0	57 748
10	820	13.4	1	26 794
11	276	3.4	1	3 273
12	81	0.8	1	1 80
13	14	0.2	1	0 14
14	7	0.1	1	0 7
15	1	0.0	1	0 1
100	2	0.0	3	0 0 0 2


=== First read: Adapter PrefixPE/2 ===

Sequence: GTGACTGGAGTTCAGACGTGTGCTCTTCCGATCT; Type: regular 3'; Length: 34; Trimmed: 236895 times

No. of allowed errors:
0-9 bp: 0; 10-19 bp: 1; 20-29 bp: 2; 30-34 bp: 3

Bases preceding removed adapters:
  A: 23.8%
  C: 18.6%
  G: 25.6%
  T: 32.0%
  none/other: 0.0%

Overview of removed sequences
length	count	expect	max.err	error counts
3	185616	219575.1	0	185616
4	42227	54893.8	0	42227
5	6652	13723.4	0	6652
6	1429	3430.9	0	1429
7	371	857.7	0	371
8	73	214.4	0	73
9	244	53.6	0	11 233
10	207	13.4	1	4 203
11	58	3.4	1	0 58
12	14	0.8	1	0 14
13	4	0.2	1	0 4


=== Second read: Adapter PrefixPE/1 ===

Sequence: TACACTCTTTCCCTACACGACGCTCTTCCGATCT; Type: regular 3'; Length: 34; Trimmed: 269218 times

No. of allowed errors:
0-9 bp: 0; 10-19 bp: 1; 20-29 bp: 2; 30-34 bp: 3

Bases preceding removed adapters:
  A: 28.9%
  C: 19.0%
  G: 22.4%
  T: 29.7%
  none/other: 0.0%

Overview of removed sequences
length	count	expect	max.err	error counts
3	179334	219575.1	0	179334
4	69296	54893.8	0	69296
5	14758	13723.4	0	14758
6	3114	3430.9	0	3114
7	632	857.7	0	632
8	150	214.4	0	150
9	774	53.6	0	49 725
10	805	13.4	1	23 782
11	285	3.4	1	3 282
12	54	0.8	1	1 53
13	11	0.2	1	0 11
14	4	0.1	1	0 4
15	1	0.0	1	0 1


=== Second read: Adapter PrefixPE/2 ===

Sequence: GTGACTGGAGTTCAGACGTGTGCTCTTCCGATCT; Type: regular 3'; Length: 34; Trimmed: 238652 times

No. of allowed errors:
0-9 bp: 0; 10-19 bp: 1; 20-29 bp: 2; 30-34 bp: 3

Bases preceding removed adapters:
  A: 23.7%
  C: 18.7%
  G: 25.9%
  T: 31.7%
  none/other: 0.0%

Overview of removed sequences
length	count	expect	max.err	error counts
3	187235	219575.1	0	187235
4	42223	54893.8	0	42223
5	6710	13723.4	0	6710
6	1516	3430.9	0	1516
7	377	857.7	0	377
8	48	214.4	0	48
9	250	53.6	0	12 238
10	219	13.4	1	4 215
11	57	3.4	1	0 57
12	10	0.8	1	0 10
13	7	0.2	1	0 7
