This is cutadapt 2.9 with Python 3.6.6
Command line parameters: --interleaved -a file:/nas02/apps/trimmomatic-0.36/Trimmomatic-0.36/adapters/TruSeq3-PE.fa -A file:/nas02/apps/trimmomatic-0.36/Trimmomatic-0.36/adapters/TruSeq3-PE.fa -m 30 /nas/longleaf/home/zpopkinh/Pvivax_resources/wgs_pe_improved_global/fastq/SRS693263/SRR1564696_1.fastq.gz /nas/longleaf/home/zpopkinh/Pvivax_resources/wgs_pe_improved_global/fastq/SRS693263/SRR1564696_2.fastq.gz
Processing reads on 1 core in paired-end mode ...
Finished in 1.59 s (49 us/read; 1.23 M reads/minute).

=== Summary ===

Total read pairs processed:             32,553
  Read 1 with adapter:                   1,025 (3.1%)
  Read 2 with adapter:                   1,163 (3.6%)
Pairs written (passing filters):        32,553 (100.0%)

Total basepairs processed:     6,575,706 bp
  Read 1:     3,287,853 bp
  Read 2:     3,287,853 bp
Total written (filtered):      6,568,319 bp (99.9%)
  Read 1:     3,284,315 bp
  Read 2:     3,284,004 bp

=== First read: Adapter PrefixPE/1 ===

Sequence: TACACTCTTTCCCTACACGACGCTCTTCCGATCT; Type: regular 3'; Length: 34; Trimmed: 486 times

No. of allowed errors:
0-9 bp: 0; 10-19 bp: 1; 20-29 bp: 2; 30-34 bp: 3

Bases preceding removed adapters:
  A: 33.7%
  C: 20.8%
  G: 19.5%
  T: 25.9%
  none/other: 0.0%

Overview of removed sequences
length	count	expect	max.err	error counts
3	322	508.6	0	322
4	130	127.2	0	130
5	21	31.8	0	21
6	4	7.9	0	4
7	2	2.0	0	2
10	5	0.0	1	0 5
11	2	0.0	1	0 2


=== First read: Adapter PrefixPE/2 ===

Sequence: GTGACTGGAGTTCAGACGTGTGCTCTTCCGATCT; Type: regular 3'; Length: 34; Trimmed: 539 times

No. of allowed errors:
0-9 bp: 0; 10-19 bp: 1; 20-29 bp: 2; 30-34 bp: 3

Bases preceding removed adapters:
  A: 28.9%
  C: 15.8%
  G: 25.6%
  T: 29.7%
  none/other: 0.0%

Overview of removed sequences
length	count	expect	max.err	error counts
3	406	508.6	0	406
4	90	127.2	0	90
5	22	31.8	0	22
6	11	7.9	0	11
7	3	2.0	0	3
8	3	0.5	0	3
9	2	0.1	0	0 2
10	2	0.0	1	0 2


=== Second read: Adapter PrefixPE/1 ===

Sequence: TACACTCTTTCCCTACACGACGCTCTTCCGATCT; Type: regular 3'; Length: 34; Trimmed: 511 times

No. of allowed errors:
0-9 bp: 0; 10-19 bp: 1; 20-29 bp: 2; 30-34 bp: 3

Bases preceding removed adapters:
  A: 31.3%
  C: 22.9%
  G: 16.2%
  T: 29.5%
  none/other: 0.0%

Overview of removed sequences
length	count	expect	max.err	error counts
3	345	508.6	0	345
4	135	127.2	0	135
5	21	31.8	0	21
6	4	7.9	0	4
7	2	2.0	0	2
8	2	0.5	0	2
10	2	0.0	1	0 2


=== Second read: Adapter PrefixPE/2 ===

Sequence: GTGACTGGAGTTCAGACGTGTGCTCTTCCGATCT; Type: regular 3'; Length: 34; Trimmed: 652 times

No. of allowed errors:
0-9 bp: 0; 10-19 bp: 1; 20-29 bp: 2; 30-34 bp: 3

Bases preceding removed adapters:
  A: 23.5%
  C: 29.4%
  G: 20.2%
  T: 26.8%
  none/other: 0.0%

Overview of removed sequences
length	count	expect	max.err	error counts
3	542	508.6	0	542
4	96	127.2	0	96
5	7	31.8	0	7
6	4	7.9	0	4
7	1	2.0	0	1
9	1	0.1	0	0 1
10	1	0.0	1	0 1
