This is cutadapt 2.9 with Python 3.6.6
Command line parameters: --interleaved -a file:/nas02/apps/trimmomatic-0.36/Trimmomatic-0.36/adapters/TruSeq3-PE.fa -A file:/nas02/apps/trimmomatic-0.36/Trimmomatic-0.36/adapters/TruSeq3-PE.fa -m 30 /nas/longleaf/home/zpopkinh/Pvivax_resources/wgs_pe_improved_global/fastq/SRS693263/SRR1562512_1.fastq.gz /nas/longleaf/home/zpopkinh/Pvivax_resources/wgs_pe_improved_global/fastq/SRS693263/SRR1562512_2.fastq.gz
Processing reads on 1 core in paired-end mode ...
Finished in 5074.05 s (68 us/read; 0.89 M reads/minute).

=== Summary ===

Total read pairs processed:         75,056,179
  Read 1 with adapter:               2,804,130 (3.7%)
  Read 2 with adapter:               2,810,641 (3.7%)
Pairs written (passing filters):    75,056,163 (100.0%)

Total basepairs processed: 15,161,348,158 bp
  Read 1: 7,580,674,079 bp
  Read 2: 7,580,674,079 bp
Total written (filtered):  15,142,532,194 bp (99.9%)
  Read 1: 7,571,274,493 bp
  Read 2: 7,571,257,701 bp

=== First read: Adapter PrefixPE/1 ===

Sequence: TACACTCTTTCCCTACACGACGCTCTTCCGATCT; Type: regular 3'; Length: 34; Trimmed: 1545182 times

No. of allowed errors:
0-9 bp: 0; 10-19 bp: 1; 20-29 bp: 2; 30-34 bp: 3

Bases preceding removed adapters:
  A: 27.9%
  C: 21.6%
  G: 19.6%
  T: 30.9%
  none/other: 0.0%

Overview of removed sequences
length	count	expect	max.err	error counts
3	1070895	1172752.8	0	1070895
4	377495	293188.2	0	377495
5	70371	73297.0	0	70371
6	15005	18324.3	0	15005
7	2491	4581.1	0	2491
8	459	1145.3	0	459
9	2300	286.3	0	256 2044
10	4769	71.6	1	117 4652
11	969	17.9	1	22 947
12	345	4.5	1	1 344
13	39	1.1	1	0 39
14	24	0.3	1	0 24
15	3	0.1	1	0 3
46	1	0.0	3	0 0 0 1
101	16	0.0	3	0 14 1 1


=== First read: Adapter PrefixPE/2 ===

Sequence: GTGACTGGAGTTCAGACGTGTGCTCTTCCGATCT; Type: regular 3'; Length: 34; Trimmed: 1258948 times

No. of allowed errors:
0-9 bp: 0; 10-19 bp: 1; 20-29 bp: 2; 30-34 bp: 3

Bases preceding removed adapters:
  A: 24.9%
  C: 18.0%
  G: 29.2%
  T: 27.9%
  none/other: 0.0%

Overview of removed sequences
length	count	expect	max.err	error counts
3	987203	1172752.8	0	987203
4	220469	293188.2	0	220469
5	36136	73297.0	0	36136
6	10168	18324.3	0	10168
7	1780	4581.1	0	1780
8	352	1145.3	0	352
9	1303	286.3	0	24 1279
10	989	71.6	1	22 967
11	460	17.9	1	1 459
12	84	4.5	1	0 84
13	2	1.1	1	0 2
14	2	0.3	1	0 2


=== Second read: Adapter PrefixPE/1 ===

Sequence: TACACTCTTTCCCTACACGACGCTCTTCCGATCT; Type: regular 3'; Length: 34; Trimmed: 1521286 times

No. of allowed errors:
0-9 bp: 0; 10-19 bp: 1; 20-29 bp: 2; 30-34 bp: 3

Bases preceding removed adapters:
  A: 28.7%
  C: 21.4%
  G: 19.4%
  T: 30.5%
  none/other: 0.0%

Overview of removed sequences
length	count	expect	max.err	error counts
3	1050980	1172752.8	0	1050980
4	371366	293188.2	0	371366
5	70890	73297.0	0	70890
6	16618	18324.3	0	16618
7	2344	4581.1	0	2344
8	621	1145.3	0	621
9	2252	286.3	0	311 1941
10	4875	71.6	1	139 4736
11	1001	17.9	1	24 977
12	291	4.5	1	19 272
13	27	1.1	1	0 27
14	10	0.3	1	0 10
15	11	0.1	1	0 11


=== Second read: Adapter PrefixPE/2 ===

Sequence: GTGACTGGAGTTCAGACGTGTGCTCTTCCGATCT; Type: regular 3'; Length: 34; Trimmed: 1289355 times

No. of allowed errors:
0-9 bp: 0; 10-19 bp: 1; 20-29 bp: 2; 30-34 bp: 3

Bases preceding removed adapters:
  A: 24.9%
  C: 20.2%
  G: 28.4%
  T: 26.5%
  none/other: 0.0%

Overview of removed sequences
length	count	expect	max.err	error counts
3	1019838	1172752.8	0	1019838
4	218819	293188.2	0	218819
5	35492	73297.0	0	35492
6	10201	18324.3	0	10201
7	1810	4581.1	0	1810
8	307	1145.3	0	307
9	1335	286.3	0	68 1267
10	1116	71.6	1	78 1038
11	359	17.9	1	0 359
12	73	4.5	1	1 72
13	5	1.1	1	0 5
