This is cutadapt 2.9 with Python 3.6.6
Command line parameters: --interleaved -a file:/nas02/apps/trimmomatic-0.36/Trimmomatic-0.36/adapters/TruSeq3-PE.fa -A file:/nas02/apps/trimmomatic-0.36/Trimmomatic-0.36/adapters/TruSeq3-PE.fa -m 30 /nas/longleaf/home/zpopkinh/Pvivax_resources/wgs_pe_improved_global/fastq/SRS693263/SRR1562525_1.fastq.gz /nas/longleaf/home/zpopkinh/Pvivax_resources/wgs_pe_improved_global/fastq/SRS693263/SRR1562525_2.fastq.gz
Processing reads on 1 core in paired-end mode ...
Finished in 2003.09 s (71 us/read; 0.84 M reads/minute).

=== Summary ===

Total read pairs processed:         28,089,676
  Read 1 with adapter:               1,023,677 (3.6%)
  Read 2 with adapter:               1,060,938 (3.8%)
Pairs written (passing filters):    28,089,674 (100.0%)

Total basepairs processed: 5,674,114,552 bp
  Read 1: 2,837,057,276 bp
  Read 2: 2,837,057,276 bp
Total written (filtered):  5,667,126,886 bp (99.9%)
  Read 1: 2,833,617,950 bp
  Read 2: 2,833,508,936 bp

=== First read: Adapter PrefixPE/1 ===

Sequence: TACACTCTTTCCCTACACGACGCTCTTCCGATCT; Type: regular 3'; Length: 34; Trimmed: 529004 times

No. of allowed errors:
0-9 bp: 0; 10-19 bp: 1; 20-29 bp: 2; 30-34 bp: 3

Bases preceding removed adapters:
  A: 27.0%
  C: 22.8%
  G: 21.3%
  T: 28.9%
  none/other: 0.0%

Overview of removed sequences
length	count	expect	max.err	error counts
3	362510	438901.2	0	362510
4	129365	109725.3	0	129365
5	26849	27431.3	0	26849
6	5828	6857.8	0	5828
7	1084	1714.5	0	1084
8	266	428.6	0	266
9	915	107.2	0	115 800
10	1603	26.8	1	58 1545
11	456	6.7	1	2 454
12	99	1.7	1	2 97
13	18	0.4	1	1 17
14	8	0.1	1	0 8
15	1	0.0	1	0 1
72	1	0.0	3	0 0 1
101	1	0.0	3	0 0 0 1


=== First read: Adapter PrefixPE/2 ===

Sequence: GTGACTGGAGTTCAGACGTGTGCTCTTCCGATCT; Type: regular 3'; Length: 34; Trimmed: 494673 times

No. of allowed errors:
0-9 bp: 0; 10-19 bp: 1; 20-29 bp: 2; 30-34 bp: 3

Bases preceding removed adapters:
  A: 23.7%
  C: 18.8%
  G: 29.3%
  T: 28.2%
  none/other: 0.0%

Overview of removed sequences
length	count	expect	max.err	error counts
3	386970	438901.2	0	386970
4	86878	109725.3	0	86878
5	14863	27431.3	0	14863
6	3747	6857.8	0	3747
7	783	1714.5	0	783
8	161	428.6	0	161
9	595	107.2	0	31 564
10	464	26.8	1	9 455
11	163	6.7	1	3 160
12	38	1.7	1	0 38
13	11	0.4	1	0 11


=== Second read: Adapter PrefixPE/1 ===

Sequence: TACACTCTTTCCCTACACGACGCTCTTCCGATCT; Type: regular 3'; Length: 34; Trimmed: 520119 times

No. of allowed errors:
0-9 bp: 0; 10-19 bp: 1; 20-29 bp: 2; 30-34 bp: 3

Bases preceding removed adapters:
  A: 27.5%
  C: 22.4%
  G: 21.3%
  T: 28.8%
  none/other: 0.0%

Overview of removed sequences
length	count	expect	max.err	error counts
3	355544	438901.2	0	355544
4	127677	109725.3	0	127677
5	26850	27431.3	0	26850
6	5771	6857.8	0	5771
7	1062	1714.5	0	1062
8	237	428.6	0	237
9	908	107.2	0	113 795
10	1506	26.8	1	82 1424
11	411	6.7	1	2 409
12	116	1.7	1	4 112
13	29	0.4	1	1 28
14	6	0.1	1	0 6
15	2	0.0	1	0 2


=== Second read: Adapter PrefixPE/2 ===

Sequence: GTGACTGGAGTTCAGACGTGTGCTCTTCCGATCT; Type: regular 3'; Length: 34; Trimmed: 540819 times

No. of allowed errors:
0-9 bp: 0; 10-19 bp: 1; 20-29 bp: 2; 30-34 bp: 3

Bases preceding removed adapters:
  A: 23.0%
  C: 25.1%
  G: 26.6%
  T: 25.3%
  none/other: 0.0%

Overview of removed sequences
length	count	expect	max.err	error counts
3	433415	438901.2	0	433415
4	86250	109725.3	0	86250
5	15162	27431.3	0	15162
6	3743	6857.8	0	3743
7	829	1714.5	0	829
8	161	428.6	0	161
9	578	107.2	0	15 563
10	494	26.8	1	5 489
11	154	6.7	1	1 153
12	20	1.7	1	0 20
13	7	0.4	1	1 6
14	1	0.1	1	0 1
15	2	0.0	1	0 2
40	1	0.0	3	0 0 1
48	1	0.0	3	0 1
53	1	0.0	3	0 0 1
