This is cutadapt 2.9 with Python 3.6.6
Command line parameters: --interleaved -a file:/nas02/apps/trimmomatic-0.36/Trimmomatic-0.36/adapters/TruSeq3-PE.fa -A file:/nas02/apps/trimmomatic-0.36/Trimmomatic-0.36/adapters/TruSeq3-PE.fa -m 30 /nas/longleaf/home/zpopkinh/Pvivax_resources/wgs_pe_improved_global/fastq/SRS693263/SRR1568226_1.fastq.gz /nas/longleaf/home/zpopkinh/Pvivax_resources/wgs_pe_improved_global/fastq/SRS693263/SRR1568226_2.fastq.gz
Processing reads on 1 core in paired-end mode ...
Finished in 2336.24 s (68 us/read; 0.88 M reads/minute).

=== Summary ===

Total read pairs processed:         34,373,862
  Read 1 with adapter:               1,261,084 (3.7%)
  Read 2 with adapter:               1,296,115 (3.8%)
Pairs written (passing filters):    34,373,862 (100.0%)

Total basepairs processed: 6,943,520,124 bp
  Read 1: 3,471,760,062 bp
  Read 2: 3,471,760,062 bp
Total written (filtered):  6,934,942,269 bp (99.9%)
  Read 1: 3,467,523,731 bp
  Read 2: 3,467,418,538 bp

=== First read: Adapter PrefixPE/1 ===

Sequence: TACACTCTTTCCCTACACGACGCTCTTCCGATCT; Type: regular 3'; Length: 34; Trimmed: 634334 times

No. of allowed errors:
0-9 bp: 0; 10-19 bp: 1; 20-29 bp: 2; 30-34 bp: 3

Bases preceding removed adapters:
  A: 26.4%
  C: 23.4%
  G: 21.7%
  T: 28.6%
  none/other: 0.0%

Overview of removed sequences
length	count	expect	max.err	error counts
3	437846	537091.6	0	437846
4	151053	134272.9	0	151053
5	32870	33568.2	0	32870
6	7035	8392.1	0	7035
7	1285	2098.0	0	1285
8	308	524.5	0	308
9	1215	131.1	0	165 1050
10	1931	32.8	1	72 1859
11	614	8.2	1	5 609
12	126	2.0	1	4 122
13	38	0.5	1	0 38
14	8	0.1	1	0 8
15	5	0.0	1	0 5


=== First read: Adapter PrefixPE/2 ===

Sequence: GTGACTGGAGTTCAGACGTGTGCTCTTCCGATCT; Type: regular 3'; Length: 34; Trimmed: 626750 times

No. of allowed errors:
0-9 bp: 0; 10-19 bp: 1; 20-29 bp: 2; 30-34 bp: 3

Bases preceding removed adapters:
  A: 23.8%
  C: 18.9%
  G: 29.4%
  T: 27.9%
  none/other: 0.0%

Overview of removed sequences
length	count	expect	max.err	error counts
3	488360	537091.6	0	488360
4	111538	134272.9	0	111538
5	18915	33568.2	0	18915
6	4923	8392.1	0	4923
7	1058	2098.0	0	1058
8	212	524.5	0	212
9	886	131.1	0	19 867
10	557	32.8	1	10 547
11	247	8.2	1	4 243
12	40	2.0	1	1 39
13	14	0.5	1	0 14


=== Second read: Adapter PrefixPE/1 ===

Sequence: TACACTCTTTCCCTACACGACGCTCTTCCGATCT; Type: regular 3'; Length: 34; Trimmed: 631795 times

No. of allowed errors:
0-9 bp: 0; 10-19 bp: 1; 20-29 bp: 2; 30-34 bp: 3

Bases preceding removed adapters:
  A: 26.6%
  C: 23.2%
  G: 22.0%
  T: 28.2%
  none/other: 0.0%

Overview of removed sequences
length	count	expect	max.err	error counts
3	433922	537091.6	0	433922
4	152182	134272.9	0	152182
5	33189	33568.2	0	33189
6	6935	8392.1	0	6935
7	1368	2098.0	0	1368
8	331	524.5	0	331
9	1212	131.1	0	152 1060
10	1970	32.8	1	100 1870
11	525	8.2	1	8 517
12	126	2.0	1	0 126
13	19	0.5	1	0 19
14	16	0.1	1	0 16


=== Second read: Adapter PrefixPE/2 ===

Sequence: GTGACTGGAGTTCAGACGTGTGCTCTTCCGATCT; Type: regular 3'; Length: 34; Trimmed: 664320 times

No. of allowed errors:
0-9 bp: 0; 10-19 bp: 1; 20-29 bp: 2; 30-34 bp: 3

Bases preceding removed adapters:
  A: 23.3%
  C: 23.2%
  G: 27.7%
  T: 25.8%
  none/other: 0.0%

Overview of removed sequences
length	count	expect	max.err	error counts
3	526690	537091.6	0	526690
4	110481	134272.9	0	110481
5	19551	33568.2	0	19551
6	4797	8392.1	0	4797
7	931	2098.0	0	931
8	175	524.5	0	175
9	816	131.1	0	37 779
10	613	32.8	1	19 594
11	235	8.2	1	2 233
12	28	2.0	1	0 28
13	2	0.5	1	0 2
16	1	0.0	1	0 1
