This is cutadapt 2.9 with Python 3.6.6
Command line parameters: --interleaved -a file:/nas02/apps/trimmomatic-0.36/Trimmomatic-0.36/adapters/TruSeq3-PE.fa -A file:/nas02/apps/trimmomatic-0.36/Trimmomatic-0.36/adapters/TruSeq3-PE.fa -m 30 /nas/longleaf/home/zpopkinh/Pvivax_resources/wgs_pe_improved_global/fastq/ERS3516646/ERR3439113_1.fastq.gz /nas/longleaf/home/zpopkinh/Pvivax_resources/wgs_pe_improved_global/fastq/ERS3516646/ERR3439113_2.fastq.gz
Processing reads on 1 core in paired-end mode ...
Finished in 3.37 s (51 us/read; 1.18 M reads/minute).

=== Summary ===

Total read pairs processed:             66,098
  Read 1 with adapter:                   1,556 (2.4%)
  Read 2 with adapter:                   1,258 (1.9%)
Pairs written (passing filters):        66,098 (100.0%)

Total basepairs processed:    19,829,400 bp
  Read 1:     9,914,700 bp
  Read 2:     9,914,700 bp
Total written (filtered):     19,819,546 bp (100.0%)
  Read 1:     9,909,399 bp
  Read 2:     9,910,147 bp

=== First read: Adapter PrefixPE/1 ===

Sequence: TACACTCTTTCCCTACACGACGCTCTTCCGATCT; Type: regular 3'; Length: 34; Trimmed: 1002 times

No. of allowed errors:
0-9 bp: 0; 10-19 bp: 1; 20-29 bp: 2; 30-34 bp: 3

Bases preceding removed adapters:
  A: 75.0%
  C: 7.1%
  G: 6.4%
  T: 11.6%
  none/other: 0.0%

Overview of removed sequences
length	count	expect	max.err	error counts
3	788	1032.8	0	788
4	157	258.2	0	157
5	15	64.5	0	15
6	3	16.1	0	3
9	39	0.3	0	0 39


=== First read: Adapter PrefixPE/2 ===

Sequence: GTGACTGGAGTTCAGACGTGTGCTCTTCCGATCT; Type: regular 3'; Length: 34; Trimmed: 554 times

No. of allowed errors:
0-9 bp: 0; 10-19 bp: 1; 20-29 bp: 2; 30-34 bp: 3

Bases preceding removed adapters:
  A: 8.7%
  C: 8.5%
  G: 38.6%
  T: 44.2%
  none/other: 0.0%

Overview of removed sequences
length	count	expect	max.err	error counts
3	393	1032.8	0	393
4	139	258.2	0	139
5	15	64.5	0	15
6	3	16.1	0	3
7	1	4.0	0	1
8	1	1.0	0	1
11	2	0.0	1	0 2


=== Second read: Adapter PrefixPE/1 ===

Sequence: TACACTCTTTCCCTACACGACGCTCTTCCGATCT; Type: regular 3'; Length: 34; Trimmed: 467 times

No. of allowed errors:
0-9 bp: 0; 10-19 bp: 1; 20-29 bp: 2; 30-34 bp: 3

Bases preceding removed adapters:
  A: 24.6%
  C: 13.3%
  G: 48.2%
  T: 13.9%
  none/other: 0.0%

Overview of removed sequences
length	count	expect	max.err	error counts
3	221	1032.8	0	221
4	88	258.2	0	88
5	3	64.5	0	3
6	153	16.1	0	153
7	1	4.0	0	1
9	1	0.3	0	0 1


=== Second read: Adapter PrefixPE/2 ===

Sequence: GTGACTGGAGTTCAGACGTGTGCTCTTCCGATCT; Type: regular 3'; Length: 34; Trimmed: 791 times

No. of allowed errors:
0-9 bp: 0; 10-19 bp: 1; 20-29 bp: 2; 30-34 bp: 3

Bases preceding removed adapters:
  A: 11.1%
  C: 17.7%
  G: 39.9%
  T: 31.2%
  none/other: 0.0%

Overview of removed sequences
length	count	expect	max.err	error counts
3	654	1032.8	0	654
4	76	258.2	0	76
5	56	64.5	0	56
7	2	4.0	0	2
9	1	0.3	0	0 1
10	2	0.1	1	0 2
