This is cutadapt 2.9 with Python 3.6.6
Command line parameters: --interleaved -a file:/nas02/apps/trimmomatic-0.36/Trimmomatic-0.36/adapters/TruSeq3-PE.fa -A file:/nas02/apps/trimmomatic-0.36/Trimmomatic-0.36/adapters/TruSeq3-PE.fa -m 30 /nas/longleaf/home/zpopkinh/Pvivax_resources/wgs_pe_improved_global/fastq/ERS241412/ERR337602_1.fastq.gz /nas/longleaf/home/zpopkinh/Pvivax_resources/wgs_pe_improved_global/fastq/ERS241412/ERR337602_2.fastq.gz
Processing reads on 1 core in paired-end mode ...
Finished in 2089.51 s (90 us/read; 0.67 M reads/minute).

=== Summary ===

Total read pairs processed:         23,240,511
  Read 1 with adapter:                 851,163 (3.7%)
  Read 2 with adapter:                 842,481 (3.6%)
Pairs written (passing filters):    23,240,439 (100.0%)

Total basepairs processed: 4,648,102,200 bp
  Read 1: 2,324,051,100 bp
  Read 2: 2,324,051,100 bp
Total written (filtered):  4,642,370,210 bp (99.9%)
  Read 1: 2,321,171,006 bp
  Read 2: 2,321,199,204 bp

=== First read: Adapter PrefixPE/1 ===

Sequence: TACACTCTTTCCCTACACGACGCTCTTCCGATCT; Type: regular 3'; Length: 34; Trimmed: 453484 times

No. of allowed errors:
0-9 bp: 0; 10-19 bp: 1; 20-29 bp: 2; 30-34 bp: 3

Bases preceding removed adapters:
  A: 28.9%
  C: 18.9%
  G: 22.8%
  T: 29.4%
  none/other: 0.0%

Overview of removed sequences
length	count	expect	max.err	error counts
3	303346	363133.0	0	303346
4	115789	90783.2	0	115789
5	24544	22695.8	0	24544
6	5180	5674.0	0	5180
7	1026	1418.5	0	1026
8	208	354.6	0	208
9	1399	88.7	0	99 1300
10	1353	22.2	1	37 1316
11	455	5.5	1	5 450
12	84	1.4	1	1 83
13	22	0.3	1	0 22
14	4	0.1	1	0 4
31	1	0.0	3	0 0 0 1
70	1	0.0	3	0 0 0 1
71	5	0.0	3	0 0 0 5
75	1	0.0	3	0 0 0 1
100	66	0.0	3	0 0 2 64


=== First read: Adapter PrefixPE/2 ===

Sequence: GTGACTGGAGTTCAGACGTGTGCTCTTCCGATCT; Type: regular 3'; Length: 34; Trimmed: 397679 times

No. of allowed errors:
0-9 bp: 0; 10-19 bp: 1; 20-29 bp: 2; 30-34 bp: 3

Bases preceding removed adapters:
  A: 23.9%
  C: 18.3%
  G: 25.8%
  T: 32.0%
  none/other: 0.0%

Overview of removed sequences
length	count	expect	max.err	error counts
3	310934	363133.0	0	310934
4	70448	90783.2	0	70448
5	12126	22695.8	0	12126
6	2563	5674.0	0	2563
7	593	1418.5	0	593
8	88	354.6	0	88
9	429	88.7	0	19 410
10	356	22.2	1	10 346
11	110	5.5	1	1 109
12	27	1.4	1	0 27
13	5	0.3	1	0 5


=== Second read: Adapter PrefixPE/1 ===

Sequence: TACACTCTTTCCCTACACGACGCTCTTCCGATCT; Type: regular 3'; Length: 34; Trimmed: 450638 times

No. of allowed errors:
0-9 bp: 0; 10-19 bp: 1; 20-29 bp: 2; 30-34 bp: 3

Bases preceding removed adapters:
  A: 29.0%
  C: 19.0%
  G: 22.6%
  T: 29.5%
  none/other: 0.0%

Overview of removed sequences
length	count	expect	max.err	error counts
3	301179	363133.0	0	301179
4	115240	90783.2	0	115240
5	24381	22695.8	0	24381
6	5224	5674.0	0	5224
7	1022	1418.5	0	1022
8	238	354.6	0	238
9	1321	88.7	0	83 1238
10	1408	22.2	1	31 1377
11	487	5.5	1	4 483
12	108	1.4	1	2 106
13	25	0.3	1	0 25
14	4	0.1	1	0 4
15	1	0.0	1	0 1


=== Second read: Adapter PrefixPE/2 ===

Sequence: GTGACTGGAGTTCAGACGTGTGCTCTTCCGATCT; Type: regular 3'; Length: 34; Trimmed: 391843 times

No. of allowed errors:
0-9 bp: 0; 10-19 bp: 1; 20-29 bp: 2; 30-34 bp: 3

Bases preceding removed adapters:
  A: 23.8%
  C: 18.4%
  G: 25.8%
  T: 32.0%
  none/other: 0.0%

Overview of removed sequences
length	count	expect	max.err	error counts
3	306529	363133.0	0	306529
4	69253	90783.2	0	69253
5	12073	22695.8	0	12073
6	2460	5674.0	0	2460
7	581	1418.5	0	581
8	101	354.6	0	101
9	365	88.7	0	19 346
10	341	22.2	1	7 334
11	106	5.5	1	1 105
12	28	1.4	1	0 28
13	6	0.3	1	0 6
