This is cutadapt 2.9 with Python 3.6.6
Command line parameters: --interleaved -a file:/nas02/apps/trimmomatic-0.36/Trimmomatic-0.36/adapters/TruSeq3-PE.fa -A file:/nas02/apps/trimmomatic-0.36/Trimmomatic-0.36/adapters/TruSeq3-PE.fa -m 30 /nas/longleaf/home/zpopkinh/Pvivax_resources/wgs_pe_improved_global/fastq/ERR5740774/ERR5740774_1.fastq.gz /nas/longleaf/home/zpopkinh/Pvivax_resources/wgs_pe_improved_global/fastq/ERR5740774/ERR5740774_2.fastq.gz
Processing reads on 1 core in paired-end mode ...
Finished in 537.56 s (145 us/read; 0.42 M reads/minute).

=== Summary ===

Total read pairs processed:          3,719,418
  Read 1 with adapter:                 122,121 (3.3%)
  Read 2 with adapter:                 124,643 (3.4%)
Pairs written (passing filters):     3,719,418 (100.0%)

Total basepairs processed: 1,123,264,236 bp
  Read 1:   561,632,118 bp
  Read 2:   561,632,118 bp
Total written (filtered):  1,122,435,918 bp (99.9%)
  Read 1:   561,220,646 bp
  Read 2:   561,215,272 bp

=== First read: Adapter PrefixPE/1 ===

Sequence: TACACTCTTTCCCTACACGACGCTCTTCCGATCT; Type: regular 3'; Length: 34; Trimmed: 57719 times

No. of allowed errors:
0-9 bp: 0; 10-19 bp: 1; 20-29 bp: 2; 30-34 bp: 3

Bases preceding removed adapters:
  A: 26.1%
  C: 22.1%
  G: 25.2%
  T: 26.6%
  none/other: 0.0%

Overview of removed sequences
length	count	expect	max.err	error counts
3	38544	58115.9	0	38544
4	14713	14529.0	0	14713
5	3197	3632.2	0	3197
6	660	908.1	0	660
7	137	227.0	0	137
8	17	56.8	0	17
9	174	14.2	0	12 162
10	196	3.5	1	4 192
11	65	0.9	1	0 65
12	11	0.2	1	0 11
13	2	0.1	1	0 2
15	1	0.0	1	0 1
37	1	0.0	3	0 0 0 1
89	1	0.0	3	0 0 0 1


=== First read: Adapter PrefixPE/2 ===

Sequence: GTGACTGGAGTTCAGACGTGTGCTCTTCCGATCT; Type: regular 3'; Length: 34; Trimmed: 64402 times

No. of allowed errors:
0-9 bp: 0; 10-19 bp: 1; 20-29 bp: 2; 30-34 bp: 3

Bases preceding removed adapters:
  A: 20.6%
  C: 27.3%
  G: 25.9%
  T: 26.2%
  none/other: 0.0%

Overview of removed sequences
length	count	expect	max.err	error counts
3	50325	58115.9	0	50325
4	11273	14529.0	0	11273
5	2175	3632.2	0	2175
6	380	908.1	0	380
7	107	227.0	0	107
8	16	56.8	0	16
9	60	14.2	0	3 57
10	42	3.5	1	1 41
11	14	0.9	1	0 14
12	9	0.2	1	0 9
87	1	0.0	3	0 1


=== Second read: Adapter PrefixPE/1 ===

Sequence: TACACTCTTTCCCTACACGACGCTCTTCCGATCT; Type: regular 3'; Length: 34; Trimmed: 54163 times

No. of allowed errors:
0-9 bp: 0; 10-19 bp: 1; 20-29 bp: 2; 30-34 bp: 3

Bases preceding removed adapters:
  A: 26.9%
  C: 21.4%
  G: 25.9%
  T: 25.8%
  none/other: 0.0%

Overview of removed sequences
length	count	expect	max.err	error counts
3	35627	58115.9	0	35627
4	14311	14529.0	0	14311
5	3011	3632.2	0	3011
6	615	908.1	0	615
7	124	227.0	0	124
8	25	56.8	0	25
9	175	14.2	0	9 166
10	185	3.5	1	7 178
11	69	0.9	1	1 68
12	18	0.2	1	0 18
13	1	0.1	1	0 1
14	1	0.0	1	0 1
70	1	0.0	3	0 1


=== Second read: Adapter PrefixPE/2 ===

Sequence: GTGACTGGAGTTCAGACGTGTGCTCTTCCGATCT; Type: regular 3'; Length: 34; Trimmed: 70480 times

No. of allowed errors:
0-9 bp: 0; 10-19 bp: 1; 20-29 bp: 2; 30-34 bp: 3

Bases preceding removed adapters:
  A: 22.3%
  C: 25.8%
  G: 29.3%
  T: 22.5%
  none/other: 0.0%

Overview of removed sequences
length	count	expect	max.err	error counts
3	57502	58115.9	0	57502
4	10506	14529.0	0	10506
5	1929	3632.2	0	1929
6	282	908.1	0	282
7	76	227.0	0	76
8	16	56.8	0	16
9	82	14.2	0	11 71
10	68	3.5	1	1 67
11	15	0.9	1	0 15
12	1	0.2	1	0 1
91	1	0.0	3	0 0 0 1
94	1	0.0	3	0 0 0 1
104	1	0.0	3	0 0 1
