This is cutadapt 2.9 with Python 3.6.6
Command line parameters: --interleaved -a file:/nas02/apps/trimmomatic-0.36/Trimmomatic-0.36/adapters/TruSeq3-PE.fa -A file:/nas02/apps/trimmomatic-0.36/Trimmomatic-0.36/adapters/TruSeq3-PE.fa -m 30 /nas/longleaf/home/zpopkinh/Pvivax_resources/wgs_pe_improved_global/fastq/ERR5740803/ERR5740803_1.fastq.gz /nas/longleaf/home/zpopkinh/Pvivax_resources/wgs_pe_improved_global/fastq/ERR5740803/ERR5740803_2.fastq.gz
Processing reads on 1 core in paired-end mode ...
Finished in 433.75 s (138 us/read; 0.43 M reads/minute).

=== Summary ===

Total read pairs processed:          3,142,803
  Read 1 with adapter:                 115,494 (3.7%)
  Read 2 with adapter:                 113,901 (3.6%)
Pairs written (passing filters):     3,142,801 (100.0%)

Total basepairs processed:   949,126,506 bp
  Read 1:   474,563,253 bp
  Read 2:   474,563,253 bp
Total written (filtered):    948,346,419 bp (99.9%)
  Read 1:   474,170,617 bp
  Read 2:   474,175,802 bp

=== First read: Adapter PrefixPE/1 ===

Sequence: TACACTCTTTCCCTACACGACGCTCTTCCGATCT; Type: regular 3'; Length: 34; Trimmed: 57888 times

No. of allowed errors:
0-9 bp: 0; 10-19 bp: 1; 20-29 bp: 2; 30-34 bp: 3

Bases preceding removed adapters:
  A: 29.2%
  C: 21.0%
  G: 20.1%
  T: 29.7%
  none/other: 0.0%

Overview of removed sequences
length	count	expect	max.err	error counts
3	38224	49106.3	0	38224
4	15379	12276.6	0	15379
5	2884	3069.1	0	2884
6	706	767.3	0	706
7	148	191.8	0	148
8	52	48.0	0	52
9	192	12.0	0	16 176
10	230	3.0	1	9 221
11	54	0.7	1	2 52
12	14	0.2	1	0 14
13	2	0.0	1	0 2
14	1	0.0	1	0 1
15	1	0.0	1	0 1
56	1	0.0	3	1


=== First read: Adapter PrefixPE/2 ===

Sequence: GTGACTGGAGTTCAGACGTGTGCTCTTCCGATCT; Type: regular 3'; Length: 34; Trimmed: 57606 times

No. of allowed errors:
0-9 bp: 0; 10-19 bp: 1; 20-29 bp: 2; 30-34 bp: 3

Bases preceding removed adapters:
  A: 27.3%
  C: 12.3%
  G: 25.1%
  T: 35.3%
  none/other: 0.0%

Overview of removed sequences
length	count	expect	max.err	error counts
3	43781	49106.3	0	43781
4	11154	12276.6	0	11154
5	1826	3069.1	0	1826
6	498	767.3	0	498
7	114	191.8	0	114
8	34	48.0	0	34
9	70	12.0	0	8 62
10	82	3.0	1	1 81
11	29	0.7	1	0 29
12	15	0.2	1	0 15
13	1	0.0	1	0 1
14	2	0.0	1	0 2


=== Second read: Adapter PrefixPE/1 ===

Sequence: TACACTCTTTCCCTACACGACGCTCTTCCGATCT; Type: regular 3'; Length: 34; Trimmed: 56638 times

No. of allowed errors:
0-9 bp: 0; 10-19 bp: 1; 20-29 bp: 2; 30-34 bp: 3

Bases preceding removed adapters:
  A: 29.8%
  C: 21.2%
  G: 20.4%
  T: 28.6%
  none/other: 0.0%

Overview of removed sequences
length	count	expect	max.err	error counts
3	37354	49106.3	0	37354
4	15004	12276.6	0	15004
5	2864	3069.1	0	2864
6	693	767.3	0	693
7	144	191.8	0	144
8	43	48.0	0	43
9	189	12.0	0	24 165
10	240	3.0	1	6 234
11	73	0.7	1	2 71
12	19	0.2	1	0 19
13	6	0.0	1	0 6
14	3	0.0	1	0 3
15	1	0.0	1	0 1
54	1	0.0	3	0 1
91	1	0.0	3	0 1
115	1	0.0	3	0 1
151	2	0.0	3	0 0 2


=== Second read: Adapter PrefixPE/2 ===

Sequence: GTGACTGGAGTTCAGACGTGTGCTCTTCCGATCT; Type: regular 3'; Length: 34; Trimmed: 57263 times

No. of allowed errors:
0-9 bp: 0; 10-19 bp: 1; 20-29 bp: 2; 30-34 bp: 3

Bases preceding removed adapters:
  A: 27.4%
  C: 13.3%
  G: 25.1%
  T: 34.2%
  none/other: 0.0%

Overview of removed sequences
length	count	expect	max.err	error counts
3	43809	49106.3	0	43809
4	10793	12276.6	0	10793
5	1847	3069.1	0	1847
6	475	767.3	0	475
7	134	191.8	0	134
8	21	48.0	0	21
9	69	12.0	0	7 62
10	75	3.0	1	1 74
11	24	0.7	1	1 23
12	10	0.2	1	0 10
13	4	0.0	1	0 4
14	1	0.0	1	0 1
103	1	0.0	3	0 0 0 1
