This is cutadapt 2.9 with Python 3.6.6
Command line parameters: --interleaved -a file:/nas02/apps/trimmomatic-0.36/Trimmomatic-0.36/adapters/TruSeq3-PE.fa -A file:/nas02/apps/trimmomatic-0.36/Trimmomatic-0.36/adapters/TruSeq3-PE.fa -m 30 /nas/longleaf/home/zpopkinh/Pvivax_resources/wgs_pe_improved_global/fastq/SRS694264/SRR1568159_1.fastq.gz /nas/longleaf/home/zpopkinh/Pvivax_resources/wgs_pe_improved_global/fastq/SRS694264/SRR1568159_2.fastq.gz
Processing reads on 1 core in paired-end mode ...
Finished in 1546.00 s (75 us/read; 0.80 M reads/minute).

=== Summary ===

Total read pairs processed:         20,557,419
  Read 1 with adapter:                 752,882 (3.7%)
  Read 2 with adapter:                 794,239 (3.9%)
Pairs written (passing filters):    20,557,413 (100.0%)

Total basepairs processed: 4,152,598,638 bp
  Read 1: 2,076,299,319 bp
  Read 2: 2,076,299,319 bp
Total written (filtered):  4,147,410,457 bp (99.9%)
  Read 1: 2,073,764,769 bp
  Read 2: 2,073,645,688 bp

=== First read: Adapter PrefixPE/1 ===

Sequence: TACACTCTTTCCCTACACGACGCTCTTCCGATCT; Type: regular 3'; Length: 34; Trimmed: 357006 times

No. of allowed errors:
0-9 bp: 0; 10-19 bp: 1; 20-29 bp: 2; 30-34 bp: 3

Bases preceding removed adapters:
  A: 24.9%
  C: 23.2%
  G: 25.8%
  T: 26.1%
  none/other: 0.0%

Overview of removed sequences
length	count	expect	max.err	error counts
3	241760	321209.7	0	241760
4	85467	80302.4	0	85467
5	22330	20075.6	0	22330
6	3936	5018.9	0	3936
7	825	1254.7	0	825
8	226	313.7	0	226
9	879	78.4	0	65 814
10	1070	19.6	1	25 1045
11	403	4.9	1	4 399
12	80	1.2	1	0 80
13	22	0.3	1	0 22
14	3	0.1	1	0 3
18	1	0.0	1	0 1
39	1	0.0	3	0 0 1
42	1	0.0	3	0 0 1
101	2	0.0	3	0 0 2


=== First read: Adapter PrefixPE/2 ===

Sequence: GTGACTGGAGTTCAGACGTGTGCTCTTCCGATCT; Type: regular 3'; Length: 34; Trimmed: 395876 times

No. of allowed errors:
0-9 bp: 0; 10-19 bp: 1; 20-29 bp: 2; 30-34 bp: 3

Bases preceding removed adapters:
  A: 23.1%
  C: 19.5%
  G: 27.4%
  T: 29.9%
  none/other: 0.0%

Overview of removed sequences
length	count	expect	max.err	error counts
3	310115	321209.7	0	310115
4	69044	80302.4	0	69044
5	12263	20075.6	0	12263
6	2593	5018.9	0	2593
7	691	1254.7	0	691
8	100	313.7	0	100
9	447	78.4	0	26 421
10	443	19.6	1	5 438
11	137	4.9	1	2 135
12	35	1.2	1	0 35
13	7	0.3	1	0 7
14	1	0.1	1	0 1


=== Second read: Adapter PrefixPE/1 ===

Sequence: TACACTCTTTCCCTACACGACGCTCTTCCGATCT; Type: regular 3'; Length: 34; Trimmed: 351527 times

No. of allowed errors:
0-9 bp: 0; 10-19 bp: 1; 20-29 bp: 2; 30-34 bp: 3

Bases preceding removed adapters:
  A: 25.3%
  C: 23.0%
  G: 25.5%
  T: 26.2%
  none/other: 0.0%

Overview of removed sequences
length	count	expect	max.err	error counts
3	238590	321209.7	0	238590
4	83495	80302.4	0	83495
5	21923	20075.6	0	21923
6	4031	5018.9	0	4031
7	902	1254.7	0	902
8	213	313.7	0	213
9	825	78.4	0	58 767
10	1036	19.6	1	23 1013
11	387	4.9	1	3 384
12	91	1.2	1	0 91
13	26	0.3	1	0 26
14	5	0.1	1	0 5
15	1	0.0	1	0 1
67	1	0.0	3	0 0 1
76	1	0.0	3	0 0 1


=== Second read: Adapter PrefixPE/2 ===

Sequence: GTGACTGGAGTTCAGACGTGTGCTCTTCCGATCT; Type: regular 3'; Length: 34; Trimmed: 442712 times

No. of allowed errors:
0-9 bp: 0; 10-19 bp: 1; 20-29 bp: 2; 30-34 bp: 3

Bases preceding removed adapters:
  A: 22.4%
  C: 26.7%
  G: 24.4%
  T: 26.5%
  none/other: 0.0%

Overview of removed sequences
length	count	expect	max.err	error counts
3	358881	321209.7	0	358881
4	67334	80302.4	0	67334
5	12018	20075.6	0	12018
6	2611	5018.9	0	2611
7	691	1254.7	0	691
8	109	313.7	0	109
9	487	78.4	0	42 445
10	404	19.6	1	8 396
11	137	4.9	1	1 136
12	26	1.2	1	0 26
13	9	0.3	1	0 9
14	1	0.1	1	1
15	1	0.0	1	1
95	3	0.0	3	2 0 0 1
