This is cutadapt 2.9 with Python 3.6.6
Command line parameters: --interleaved -a file:/nas02/apps/trimmomatic-0.36/Trimmomatic-0.36/adapters/TruSeq3-PE.fa -A file:/nas02/apps/trimmomatic-0.36/Trimmomatic-0.36/adapters/TruSeq3-PE.fa -m 30 /nas/longleaf/home/zpopkinh/Pvivax_resources/wgs_pe_improved_global/fastq/SRS694264/SRR1565136_1.fastq.gz /nas/longleaf/home/zpopkinh/Pvivax_resources/wgs_pe_improved_global/fastq/SRS694264/SRR1565136_2.fastq.gz
Processing reads on 1 core in paired-end mode ...
Finished in 2.10 s (48 us/read; 1.24 M reads/minute).

=== Summary ===

Total read pairs processed:             43,430
  Read 1 with adapter:                   1,471 (3.4%)
  Read 2 with adapter:                   1,585 (3.6%)
Pairs written (passing filters):        43,428 (100.0%)

Total basepairs processed:     8,772,860 bp
  Read 1:     4,386,430 bp
  Read 2:     4,386,430 bp
Total written (filtered):      8,762,163 bp (99.9%)
  Read 1:     4,381,200 bp
  Read 2:     4,380,963 bp

=== First read: Adapter PrefixPE/1 ===

Sequence: TACACTCTTTCCCTACACGACGCTCTTCCGATCT; Type: regular 3'; Length: 34; Trimmed: 731 times

No. of allowed errors:
0-9 bp: 0; 10-19 bp: 1; 20-29 bp: 2; 30-34 bp: 3

Bases preceding removed adapters:
  A: 29.3%
  C: 23.3%
  G: 19.7%
  T: 27.8%
  none/other: 0.0%

Overview of removed sequences
length	count	expect	max.err	error counts
3	467	678.6	0	467
4	208	169.6	0	208
5	31	42.4	0	31
6	11	10.6	0	11
7	3	2.7	0	3
9	2	0.2	0	1 1
10	4	0.0	1	0 4
11	4	0.0	1	0 4
14	1	0.0	1	0 1


=== First read: Adapter PrefixPE/2 ===

Sequence: GTGACTGGAGTTCAGACGTGTGCTCTTCCGATCT; Type: regular 3'; Length: 34; Trimmed: 740 times

No. of allowed errors:
0-9 bp: 0; 10-19 bp: 1; 20-29 bp: 2; 30-34 bp: 3

Bases preceding removed adapters:
  A: 27.2%
  C: 14.9%
  G: 27.6%
  T: 30.4%
  none/other: 0.0%

Overview of removed sequences
length	count	expect	max.err	error counts
3	567	678.6	0	567
4	145	169.6	0	145
5	16	42.4	0	16
6	10	10.6	0	10
7	1	2.7	0	1
9	1	0.2	0	0 1


=== Second read: Adapter PrefixPE/1 ===

Sequence: TACACTCTTTCCCTACACGACGCTCTTCCGATCT; Type: regular 3'; Length: 34; Trimmed: 664 times

No. of allowed errors:
0-9 bp: 0; 10-19 bp: 1; 20-29 bp: 2; 30-34 bp: 3

Bases preceding removed adapters:
  A: 29.7%
  C: 20.6%
  G: 21.1%
  T: 28.6%
  none/other: 0.0%

Overview of removed sequences
length	count	expect	max.err	error counts
3	419	678.6	0	419
4	200	169.6	0	200
5	35	42.4	0	35
6	6	10.6	0	6
7	1	2.7	0	1
9	1	0.2	0	0 1
10	2	0.0	1	0 2


=== Second read: Adapter PrefixPE/2 ===

Sequence: GTGACTGGAGTTCAGACGTGTGCTCTTCCGATCT; Type: regular 3'; Length: 34; Trimmed: 921 times

No. of allowed errors:
0-9 bp: 0; 10-19 bp: 1; 20-29 bp: 2; 30-34 bp: 3

Bases preceding removed adapters:
  A: 24.2%
  C: 26.8%
  G: 24.3%
  T: 24.6%
  none/other: 0.0%

Overview of removed sequences
length	count	expect	max.err	error counts
3	750	678.6	0	750
4	144	169.6	0	144
5	19	42.4	0	19
6	5	10.6	0	5
10	1	0.0	1	0 1
93	2	0.0	3	0 0 2
