This is cutadapt 2.9 with Python 3.6.6
Command line parameters: --interleaved -a file:/nas02/apps/trimmomatic-0.36/Trimmomatic-0.36/adapters/TruSeq3-PE.fa -A file:/nas02/apps/trimmomatic-0.36/Trimmomatic-0.36/adapters/TruSeq3-PE.fa -m 30 /nas/longleaf/home/zpopkinh/Pvivax_resources/wgs_pe_improved_global/fastq/SRS2746066/SRR6361781_1.fastq.gz /nas/longleaf/home/zpopkinh/Pvivax_resources/wgs_pe_improved_global/fastq/SRS2746066/SRR6361781_2.fastq.gz
Processing reads on 1 core in paired-end mode ...
Finished in 129.91 s (325 us/read; 0.18 M reads/minute).

=== Summary ===

Total read pairs processed:            399,377
  Read 1 with adapter:                  10,366 (2.6%)
  Read 2 with adapter:                  12,025 (3.0%)
Pairs written (passing filters):       399,272 (100.0%)

Total basepairs processed:   200,487,254 bp
  Read 1:   100,243,627 bp
  Read 2:   100,243,627 bp
Total written (filtered):    200,356,019 bp (99.9%)
  Read 1:   100,180,209 bp
  Read 2:   100,175,810 bp

=== First read: Adapter PrefixPE/1 ===

Sequence: TACACTCTTTCCCTACACGACGCTCTTCCGATCT; Type: regular 3'; Length: 34; Trimmed: 8759 times

No. of allowed errors:
0-9 bp: 0; 10-19 bp: 1; 20-29 bp: 2; 30-34 bp: 3

Bases preceding removed adapters:
  A: 55.2%
  C: 19.1%
  G: 9.8%
  T: 16.0%
  none/other: 0.0%

Overview of removed sequences
length	count	expect	max.err	error counts
3	4387	6240.3	0	4387
4	3674	1560.1	0	3674
5	413	390.0	0	413
6	126	97.5	0	126
7	26	24.4	0	26
8	5	6.1	0	5
9	19	1.5	0	4 15
10	24	0.4	1	2 22
11	6	0.1	1	0 6
12	1	0.0	1	0 1
195	1	0.0	3	0 0 0 1
236	1	0.0	3	0 0 0 1
237	2	0.0	3	0 0 0 2
238	1	0.0	3	0 0 0 1
239	62	0.0	3	0 0 10 52
240	6	0.0	3	0 0 1 5
241	3	0.0	3	0 0 0 3
242	1	0.0	3	0 0 0 1
243	1	0.0	3	0 0 0 1


=== First read: Adapter PrefixPE/2 ===

Sequence: GTGACTGGAGTTCAGACGTGTGCTCTTCCGATCT; Type: regular 3'; Length: 34; Trimmed: 1607 times

No. of allowed errors:
0-9 bp: 0; 10-19 bp: 1; 20-29 bp: 2; 30-34 bp: 3

Bases preceding removed adapters:
  A: 43.1%
  C: 13.9%
  G: 12.1%
  T: 31.0%
  none/other: 0.0%

Overview of removed sequences
length	count	expect	max.err	error counts
3	1055	6240.3	0	1055
4	487	1560.1	0	487
5	40	390.0	0	40
6	18	97.5	0	18
7	2	24.4	0	2
9	3	1.5	0	1 2
10	2	0.4	1	0 2


=== Second read: Adapter PrefixPE/1 ===

Sequence: TACACTCTTTCCCTACACGACGCTCTTCCGATCT; Type: regular 3'; Length: 34; Trimmed: 8494 times

No. of allowed errors:
0-9 bp: 0; 10-19 bp: 1; 20-29 bp: 2; 30-34 bp: 3

Bases preceding removed adapters:
  A: 52.4%
  C: 12.1%
  G: 28.3%
  T: 7.3%
  none/other: 0.0%

Overview of removed sequences
length	count	expect	max.err	error counts
3	4810	6240.3	0	4810
4	2917	1560.1	0	2917
5	696	390.0	0	696
6	39	97.5	0	39
7	22	24.4	0	22
8	1	6.1	0	1
9	3	1.5	0	1 2
10	5	0.4	1	0 5
12	1	0.0	1	1


=== Second read: Adapter PrefixPE/2 ===

Sequence: GTGACTGGAGTTCAGACGTGTGCTCTTCCGATCT; Type: regular 3'; Length: 34; Trimmed: 3531 times

No. of allowed errors:
0-9 bp: 0; 10-19 bp: 1; 20-29 bp: 2; 30-34 bp: 3

Bases preceding removed adapters:
  A: 45.0%
  C: 12.1%
  G: 22.1%
  T: 20.8%
  none/other: 0.0%

Overview of removed sequences
length	count	expect	max.err	error counts
3	2825	6240.3	0	2825
4	536	1560.1	0	536
5	104	390.0	0	104
6	15	97.5	0	15
7	12	24.4	0	12
8	3	6.1	0	3
9	2	1.5	0	0 2
10	3	0.4	1	0 3
11	3	0.1	1	0 3
230	1	0.0	3	0 0 1
232	1	0.0	3	0 1
233	2	0.0	3	0 1 0 1
234	1	0.0	3	0 0 1
235	4	0.0	3	0 1 1 2
236	7	0.0	3	0 5 1 1
237	3	0.0	3	0 2 0 1
238	8	0.0	3	0 2 2 4
242	1	0.0	3	0 0 0 1
