This is cutadapt 2.9 with Python 3.6.6
Command line parameters: --interleaved -a file:/nas02/apps/trimmomatic-0.36/Trimmomatic-0.36/adapters/TruSeq3-PE.fa -A file:/nas02/apps/trimmomatic-0.36/Trimmomatic-0.36/adapters/TruSeq3-PE.fa -m 30 /nas/longleaf/home/zpopkinh/Pvivax_resources/wgs_pe_improved_global/fastq/ERR3813236/ERR3813236_1.fastq.gz /nas/longleaf/home/zpopkinh/Pvivax_resources/wgs_pe_improved_global/fastq/ERR3813236/ERR3813236_2.fastq.gz
Processing reads on 1 core in paired-end mode ...
Finished in 2902.86 s (137 us/read; 0.44 M reads/minute).

=== Summary ===

Total read pairs processed:         21,144,022
  Read 1 with adapter:                 763,442 (3.6%)
  Read 2 with adapter:                 767,887 (3.6%)
Pairs written (passing filters):    21,144,016 (100.0%)

Total basepairs processed: 6,343,206,600 bp
  Read 1: 3,171,603,300 bp
  Read 2: 3,171,603,300 bp
Total written (filtered):  6,338,038,659 bp (99.9%)
  Read 1: 3,169,025,221 bp
  Read 2: 3,169,013,438 bp

=== First read: Adapter PrefixPE/1 ===

Sequence: TACACTCTTTCCCTACACGACGCTCTTCCGATCT; Type: regular 3'; Length: 34; Trimmed: 403222 times

No. of allowed errors:
0-9 bp: 0; 10-19 bp: 1; 20-29 bp: 2; 30-34 bp: 3

Bases preceding removed adapters:
  A: 29.4%
  C: 19.2%
  G: 21.3%
  T: 30.1%
  none/other: 0.0%

Overview of removed sequences
length	count	expect	max.err	error counts
3	270391	330375.3	0	270391
4	103202	82593.8	0	103202
5	20579	20648.5	0	20579
6	4759	5162.1	0	4759
7	906	1290.5	0	906
8	250	322.6	0	250
9	1216	80.7	0	84 1132
10	1385	20.2	1	24 1361
11	391	5.0	1	5 386
12	105	1.3	1	5 100
13	22	0.3	1	0 22
14	12	0.1	1	0 12
15	1	0.0	1	0 1
91	1	0.0	3	0 0 0 1
96	1	0.0	3	1
104	1	0.0	3	0 0 0 1


=== First read: Adapter PrefixPE/2 ===

Sequence: GTGACTGGAGTTCAGACGTGTGCTCTTCCGATCT; Type: regular 3'; Length: 34; Trimmed: 360220 times

No. of allowed errors:
0-9 bp: 0; 10-19 bp: 1; 20-29 bp: 2; 30-34 bp: 3

Bases preceding removed adapters:
  A: 24.6%
  C: 16.7%
  G: 26.3%
  T: 32.3%
  none/other: 0.0%

Overview of removed sequences
length	count	expect	max.err	error counts
3	281195	330375.3	0	281195
4	64702	82593.8	0	64702
5	10330	20648.5	0	10330
6	2390	5162.1	0	2390
7	615	1290.5	0	615
8	97	322.6	0	97
9	370	80.7	0	13 357
10	370	20.2	1	6 364
11	113	5.0	1	1 112
12	27	1.3	1	0 27
13	4	0.3	1	0 4
14	4	0.1	1	0 4
15	1	0.0	1	0 1
108	1	0.0	3	1
142	1	0.0	3	1


=== Second read: Adapter PrefixPE/1 ===

Sequence: TACACTCTTTCCCTACACGACGCTCTTCCGATCT; Type: regular 3'; Length: 34; Trimmed: 398966 times

No. of allowed errors:
0-9 bp: 0; 10-19 bp: 1; 20-29 bp: 2; 30-34 bp: 3

Bases preceding removed adapters:
  A: 29.6%
  C: 19.4%
  G: 21.2%
  T: 29.8%
  none/other: 0.0%

Overview of removed sequences
length	count	expect	max.err	error counts
3	267264	330375.3	0	267264
4	101987	82593.8	0	101987
5	20689	20648.5	0	20689
6	4621	5162.1	0	4621
7	938	1290.5	0	938
8	305	322.6	0	305
9	1209	80.7	0	93 1116
10	1359	20.2	1	40 1319
11	453	5.0	1	4 449
12	99	1.3	1	3 96
13	25	0.3	1	0 25
14	8	0.1	1	2 6
16	2	0.0	1	1 1
57	1	0.0	3	0 1
115	1	0.0	3	0 0 1
122	1	0.0	3	0 0 1
125	1	0.0	3	0 0 1
126	1	0.0	3	1
144	1	0.0	3	0 0 0 1
150	1	0.0	3	0 0 0 1


=== Second read: Adapter PrefixPE/2 ===

Sequence: GTGACTGGAGTTCAGACGTGTGCTCTTCCGATCT; Type: regular 3'; Length: 34; Trimmed: 368921 times

No. of allowed errors:
0-9 bp: 0; 10-19 bp: 1; 20-29 bp: 2; 30-34 bp: 3

Bases preceding removed adapters:
  A: 24.1%
  C: 18.9%
  G: 26.2%
  T: 30.9%
  none/other: 0.0%

Overview of removed sequences
length	count	expect	max.err	error counts
3	291426	330375.3	0	291426
4	62887	82593.8	0	62887
5	10498	20648.5	0	10498
6	2441	5162.1	0	2441
7	604	1290.5	0	604
8	143	322.6	0	143
9	405	80.7	0	18 387
10	346	20.2	1	12 334
11	117	5.0	1	1 116
12	37	1.3	1	1 36
13	10	0.3	1	0 10
14	1	0.1	1	0 1
36	1	0.0	3	0 0 0 1
43	1	0.0	3	1
73	1	0.0	3	0 0 1
90	1	0.0	3	0 1
101	1	0.0	3	0 0 0 1
105	1	0.0	3	0 0 1
