This is cutadapt 2.9 with Python 3.6.6
Command line parameters: --interleaved -a file:/nas02/apps/trimmomatic-0.36/Trimmomatic-0.36/adapters/TruSeq3-PE.fa -A file:/nas02/apps/trimmomatic-0.36/Trimmomatic-0.36/adapters/TruSeq3-PE.fa -m 30 /nas/longleaf/home/zpopkinh/Pvivax_resources/wgs_pe_improved_global/fastq/SRS2909997/SRR6668560_1.fastq.gz /nas/longleaf/home/zpopkinh/Pvivax_resources/wgs_pe_improved_global/fastq/SRS2909997/SRR6668560_2.fastq.gz
Processing reads on 1 core in paired-end mode ...
Finished in 133.58 s (79 us/read; 0.76 M reads/minute).

=== Summary ===

Total read pairs processed:          1,697,487
  Read 1 with adapter:                  73,116 (4.3%)
  Read 2 with adapter:                  92,904 (5.5%)
Pairs written (passing filters):     1,697,487 (100.0%)

Total basepairs processed:   339,497,400 bp
  Read 1:   169,748,700 bp
  Read 2:   169,748,700 bp
Total written (filtered):    338,916,693 bp (99.8%)
  Read 1:   169,488,369 bp
  Read 2:   169,428,324 bp

=== First read: Adapter PrefixPE/1 ===

Sequence: TACACTCTTTCCCTACACGACGCTCTTCCGATCT; Type: regular 3'; Length: 34; Trimmed: 45318 times

No. of allowed errors:
0-9 bp: 0; 10-19 bp: 1; 20-29 bp: 2; 30-34 bp: 3

Bases preceding removed adapters:
  A: 62.4%
  C: 12.4%
  G: 12.7%
  T: 12.5%
  none/other: 0.0%

Overview of removed sequences
length	count	expect	max.err	error counts
3	23280	26523.2	0	23280
4	12581	6630.8	0	12581
5	8907	1657.7	0	8907
6	281	414.4	0	281
7	60	103.6	0	60
8	24	25.9	0	24
9	57	6.5	0	5 52
10	78	1.6	1	2 76
11	44	0.4	1	0 44
12	3	0.1	1	0 3
13	2	0.0	1	0 2
14	1	0.0	1	0 1


=== First read: Adapter PrefixPE/2 ===

Sequence: GTGACTGGAGTTCAGACGTGTGCTCTTCCGATCT; Type: regular 3'; Length: 34; Trimmed: 27798 times

No. of allowed errors:
0-9 bp: 0; 10-19 bp: 1; 20-29 bp: 2; 30-34 bp: 3

Bases preceding removed adapters:
  A: 24.0%
  C: 17.8%
  G: 30.2%
  T: 28.0%
  none/other: 0.0%

Overview of removed sequences
length	count	expect	max.err	error counts
3	21566	26523.2	0	21566
4	5122	6630.8	0	5122
5	754	1657.7	0	754
6	203	414.4	0	203
7	70	103.6	0	70
8	4	25.9	0	4
9	31	6.5	0	4 27
10	29	1.6	1	0 29
11	12	0.4	1	1 11
12	7	0.1	1	0 7


=== Second read: Adapter PrefixPE/1 ===

Sequence: TACACTCTTTCCCTACACGACGCTCTTCCGATCT; Type: regular 3'; Length: 34; Trimmed: 52591 times

No. of allowed errors:
0-9 bp: 0; 10-19 bp: 1; 20-29 bp: 2; 30-34 bp: 3

Bases preceding removed adapters:
  A: 67.9%
  C: 10.6%
  G: 10.7%
  T: 10.8%
  none/other: 0.0%

Overview of removed sequences
length	count	expect	max.err	error counts
3	30135	26523.2	0	30135
4	12937	6630.8	0	12937
5	8978	1657.7	0	8978
6	291	414.4	0	291
7	59	103.6	0	59
8	19	25.9	0	19
9	57	6.5	0	3 54
10	68	1.6	1	1 67
11	42	0.4	1	2 40
12	2	0.1	1	0 2
13	3	0.0	1	0 3


=== Second read: Adapter PrefixPE/2 ===

Sequence: GTGACTGGAGTTCAGACGTGTGCTCTTCCGATCT; Type: regular 3'; Length: 34; Trimmed: 40313 times

No. of allowed errors:
0-9 bp: 0; 10-19 bp: 1; 20-29 bp: 2; 30-34 bp: 3

Bases preceding removed adapters:
  A: 16.8%
  C: 12.7%
  G: 34.6%
  T: 35.9%
  none/other: 0.0%

Overview of removed sequences
length	count	expect	max.err	error counts
3	33959	26523.2	0	33959
4	5170	6630.8	0	5170
5	808	1657.7	0	808
6	207	414.4	0	207
7	64	103.6	0	64
8	12	25.9	0	12
9	32	6.5	0	2 30
10	45	1.6	1	3 42
11	11	0.4	1	0 11
12	3	0.1	1	0 3
13	2	0.0	1	0 2
