This is cutadapt 2.9 with Python 3.6.6
Command line parameters: --interleaved -a file:/nas02/apps/trimmomatic-0.36/Trimmomatic-0.36/adapters/TruSeq3-PE.fa -A file:/nas02/apps/trimmomatic-0.36/Trimmomatic-0.36/adapters/TruSeq3-PE.fa -m 30 /nas/longleaf/home/zpopkinh/Pvivax_resources/wgs_pe_improved_global/fastq/SRS2746090/SRR6361809_1.fastq.gz /nas/longleaf/home/zpopkinh/Pvivax_resources/wgs_pe_improved_global/fastq/SRS2746090/SRR6361809_2.fastq.gz
Processing reads on 1 core in paired-end mode ...
Finished in 678.02 s (90 us/read; 0.67 M reads/minute).

=== Summary ===

Total read pairs processed:          7,575,490
  Read 1 with adapter:                 245,676 (3.2%)
  Read 2 with adapter:                 269,923 (3.6%)
Pairs written (passing filters):     7,575,490 (100.0%)

Total basepairs processed: 1,515,098,000 bp
  Read 1:   757,549,000 bp
  Read 2:   757,549,000 bp
Total written (filtered):  1,513,332,441 bp (99.9%)
  Read 1:   756,701,093 bp
  Read 2:   756,631,348 bp

=== First read: Adapter PrefixPE/1 ===

Sequence: TACACTCTTTCCCTACACGACGCTCTTCCGATCT; Type: regular 3'; Length: 34; Trimmed: 130753 times

No. of allowed errors:
0-9 bp: 0; 10-19 bp: 1; 20-29 bp: 2; 30-34 bp: 3

Bases preceding removed adapters:
  A: 50.8%
  C: 14.8%
  G: 14.7%
  T: 19.7%
  none/other: 0.0%

Overview of removed sequences
length	count	expect	max.err	error counts
3	79016	118367.0	0	79016
4	32441	29591.8	0	32441
5	17752	7397.9	0	17752
6	836	1849.5	0	836
7	137	462.4	0	137
8	27	115.6	0	27
9	232	28.9	0	32 200
10	216	7.2	1	6 210
11	75	1.8	1	2 73
12	7	0.5	1	0 7
13	1	0.1	1	0 1
14	13	0.0	1	0 13


=== First read: Adapter PrefixPE/2 ===

Sequence: GTGACTGGAGTTCAGACGTGTGCTCTTCCGATCT; Type: regular 3'; Length: 34; Trimmed: 114923 times

No. of allowed errors:
0-9 bp: 0; 10-19 bp: 1; 20-29 bp: 2; 30-34 bp: 3

Bases preceding removed adapters:
  A: 20.2%
  C: 26.6%
  G: 32.9%
  T: 20.3%
  none/other: 0.0%

Overview of removed sequences
length	count	expect	max.err	error counts
3	87787	118367.0	0	87787
4	21359	29591.8	0	21359
5	4306	7397.9	0	4306
6	824	1849.5	0	824
7	229	462.4	0	229
8	65	115.6	0	65
9	180	28.9	0	22 158
10	132	7.2	1	1 131
11	34	1.8	1	0 34
12	7	0.5	1	0 7


=== Second read: Adapter PrefixPE/1 ===

Sequence: TACACTCTTTCCCTACACGACGCTCTTCCGATCT; Type: regular 3'; Length: 34; Trimmed: 131003 times

No. of allowed errors:
0-9 bp: 0; 10-19 bp: 1; 20-29 bp: 2; 30-34 bp: 3

Bases preceding removed adapters:
  A: 51.0%
  C: 14.4%
  G: 14.9%
  T: 19.7%
  none/other: 0.0%

Overview of removed sequences
length	count	expect	max.err	error counts
3	80221	118367.0	0	80221
4	32122	29591.8	0	32122
5	17525	7397.9	0	17525
6	555	1849.5	0	555
7	121	462.4	0	121
8	55	115.6	0	55
9	168	28.9	0	2 166
10	187	7.2	1	1 186
11	41	1.8	1	0 41
12	8	0.5	1	0 8


=== Second read: Adapter PrefixPE/2 ===

Sequence: GTGACTGGAGTTCAGACGTGTGCTCTTCCGATCT; Type: regular 3'; Length: 34; Trimmed: 138920 times

No. of allowed errors:
0-9 bp: 0; 10-19 bp: 1; 20-29 bp: 2; 30-34 bp: 3

Bases preceding removed adapters:
  A: 16.3%
  C: 21.4%
  G: 44.0%
  T: 18.3%
  none/other: 0.0%

Overview of removed sequences
length	count	expect	max.err	error counts
3	111748	118367.0	0	111748
4	21572	29591.8	0	21572
5	4226	7397.9	0	4226
6	833	1849.5	0	833
7	197	462.4	0	197
8	48	115.6	0	48
9	121	28.9	0	18 103
10	120	7.2	1	0 120
11	46	1.8	1	0 46
12	5	0.5	1	0 5
13	4	0.1	1	0 4
