This is cutadapt 2.9 with Python 3.6.6
Command line parameters: --interleaved -a file:/nas02/apps/trimmomatic-0.36/Trimmomatic-0.36/adapters/TruSeq3-PE.fa -A file:/nas02/apps/trimmomatic-0.36/Trimmomatic-0.36/adapters/TruSeq3-PE.fa -m 30 /nas/longleaf/home/zpopkinh/Pvivax_resources/wgs_pe_improved_global/fastq/SRS1061085/SRR2316108_1.fastq.gz /nas/longleaf/home/zpopkinh/Pvivax_resources/wgs_pe_improved_global/fastq/SRS1061085/SRR2316108_2.fastq.gz
Processing reads on 1 core in paired-end mode ...
Finished in 3760.68 s (89 us/read; 0.67 M reads/minute).

=== Summary ===

Total read pairs processed:         42,075,718
  Read 1 with adapter:               1,553,433 (3.7%)
  Read 2 with adapter:               1,545,741 (3.7%)
Pairs written (passing filters):    42,075,665 (100.0%)

Total basepairs processed: 8,415,143,600 bp
  Read 1: 4,207,571,800 bp
  Read 2: 4,207,571,800 bp
Total written (filtered):  8,404,535,003 bp (99.9%)
  Read 1: 4,202,254,555 bp
  Read 2: 4,202,280,448 bp

=== First read: Adapter PrefixPE/1 ===

Sequence: TACACTCTTTCCCTACACGACGCTCTTCCGATCT; Type: regular 3'; Length: 34; Trimmed: 749425 times

No. of allowed errors:
0-9 bp: 0; 10-19 bp: 1; 20-29 bp: 2; 30-34 bp: 3

Bases preceding removed adapters:
  A: 31.0%
  C: 21.1%
  G: 16.6%
  T: 31.3%
  none/other: 0.0%

Overview of removed sequences
length	count	expect	max.err	error counts
3	488458	657433.1	0	488458
4	207824	164358.3	0	207824
5	33148	41089.6	0	33148
6	9660	10272.4	0	9660
7	1886	2568.1	0	1886
8	652	642.0	0	652
9	2043	160.5	0	210 1833
10	4246	40.1	1	76 4170
11	1120	10.0	1	7 1113
12	268	2.5	1	4 264
13	71	0.6	1	0 71
14	28	0.2	1	0 28
15	5	0.0	1	0 5
16	2	0.0	1	0 2
17	1	0.0	1	0 1
28	1	0.0	2	1
29	1	0.0	2	0 0 1
31	1	0.0	3	0 0 1
51	1	0.0	3	0 0 1
52	1	0.0	3	0 0 0 1
53	1	0.0	3	0 0 0 1
95	1	0.0	3	0 0 1
97	2	0.0	3	0 0 2
99	2	0.0	3	0 2
100	2	0.0	3	0 0 0 2


=== First read: Adapter PrefixPE/2 ===

Sequence: GTGACTGGAGTTCAGACGTGTGCTCTTCCGATCT; Type: regular 3'; Length: 34; Trimmed: 804008 times

No. of allowed errors:
0-9 bp: 0; 10-19 bp: 1; 20-29 bp: 2; 30-34 bp: 3

Bases preceding removed adapters:
  A: 32.3%
  C: 6.0%
  G: 23.4%
  T: 38.3%
  none/other: 0.0%

Overview of removed sequences
length	count	expect	max.err	error counts
3	595929	657433.1	0	595929
4	165909	164358.3	0	165909
5	26772	41089.6	0	26772
6	8902	10272.4	0	8902
7	2363	2568.1	0	2363
8	580	642.0	0	580
9	1310	160.5	0	163 1147
10	1439	40.1	1	50 1389
11	600	10.0	1	7 593
12	148	2.5	1	1 147
13	31	0.6	1	0 31
14	8	0.2	1	0 8
15	3	0.0	1	0 3
16	2	0.0	1	0 2
67	1	0.0	3	1
74	1	0.0	3	1
76	1	0.0	3	0 1
78	1	0.0	3	0 1
79	1	0.0	3	0 1
85	1	0.0	3	0 0 0 1
86	1	0.0	3	0 0 1
87	1	0.0	3	0 1
88	1	0.0	3	0 0 0 1
89	1	0.0	3	0 0 1
90	1	0.0	3	0 1
92	1	0.0	3	0 0 1


=== Second read: Adapter PrefixPE/1 ===

Sequence: TACACTCTTTCCCTACACGACGCTCTTCCGATCT; Type: regular 3'; Length: 34; Trimmed: 742973 times

No. of allowed errors:
0-9 bp: 0; 10-19 bp: 1; 20-29 bp: 2; 30-34 bp: 3

Bases preceding removed adapters:
  A: 30.9%
  C: 21.0%
  G: 16.7%
  T: 31.4%
  none/other: 0.0%

Overview of removed sequences
length	count	expect	max.err	error counts
3	484125	657433.1	0	484125
4	206439	164358.3	0	206439
5	32769	41089.6	0	32769
6	9386	10272.4	0	9386
7	1882	2568.1	0	1882
8	607	642.0	0	607
9	2041	160.5	0	225 1816
10	4219	40.1	1	98 4121
11	1138	10.0	1	16 1122
12	252	2.5	1	5 247
13	63	0.6	1	1 62
14	21	0.2	1	2 19
15	2	0.0	1	0 2
16	2	0.0	1	0 2
98	1	0.0	3	0 0 0 1
100	26	0.0	3	0 6 10 10


=== Second read: Adapter PrefixPE/2 ===

Sequence: GTGACTGGAGTTCAGACGTGTGCTCTTCCGATCT; Type: regular 3'; Length: 34; Trimmed: 802768 times

No. of allowed errors:
0-9 bp: 0; 10-19 bp: 1; 20-29 bp: 2; 30-34 bp: 3

Bases preceding removed adapters:
  A: 32.2%
  C: 6.1%
  G: 23.6%
  T: 38.1%
  none/other: 0.0%

Overview of removed sequences
length	count	expect	max.err	error counts
3	594984	657433.1	0	594984
4	165509	164358.3	0	165509
5	26778	41089.6	0	26778
6	8838	10272.4	0	8838
7	2303	2568.1	0	2303
8	591	642.0	0	591
9	1327	160.5	0	159 1168
10	1564	40.1	1	58 1506
11	597	10.0	1	12 585
12	189	2.5	1	2 187
13	44	0.6	1	0 44
14	20	0.2	1	1 19
15	7	0.0	1	0 7
16	2	0.0	1	0 2
26	1	0.0	2	0 1
32	1	0.0	3	0 0 0 1
40	1	0.0	3	0 0 0 1
45	1	0.0	3	0 0 0 1
47	1	0.0	3	0 0 0 1
48	1	0.0	3	0 0 0 1
54	1	0.0	3	0 0 0 1
72	1	0.0	3	0 1
93	1	0.0	3	0 0 0 1
94	3	0.0	3	0 0 0 3
98	1	0.0	3	0 0 1
100	2	0.0	3	0 1 0 1
