This is cutadapt 2.9 with Python 3.6.6
Command line parameters: --interleaved -a file:/nas02/apps/trimmomatic-0.36/Trimmomatic-0.36/adapters/TruSeq3-PE.fa -A file:/nas02/apps/trimmomatic-0.36/Trimmomatic-0.36/adapters/TruSeq3-PE.fa -m 30 /nas/longleaf/home/zpopkinh/Pvivax_resources/wgs_pe_improved_global/fastq/SRS2746067/SRR6361698_1.fastq.gz /nas/longleaf/home/zpopkinh/Pvivax_resources/wgs_pe_improved_global/fastq/SRS2746067/SRR6361698_2.fastq.gz
Processing reads on 1 core in paired-end mode ...
Finished in 17311.96 s (87 us/read; 0.69 M reads/minute).

=== Summary ===

Total read pairs processed:        199,887,889
  Read 1 with adapter:              11,080,008 (5.5%)
  Read 2 with adapter:               9,960,097 (5.0%)
Pairs written (passing filters):   199,887,822 (100.0%)

Total basepairs processed: 39,977,577,800 bp
  Read 1: 19,988,788,900 bp
  Read 2: 19,988,788,900 bp
Total written (filtered):  39,901,799,623 bp (99.8%)
  Read 1: 19,948,601,243 bp
  Read 2: 19,953,198,380 bp

=== First read: Adapter PrefixPE/1 ===

Sequence: TACACTCTTTCCCTACACGACGCTCTTCCGATCT; Type: regular 3'; Length: 34; Trimmed: 9005099 times

No. of allowed errors:
0-9 bp: 0; 10-19 bp: 1; 20-29 bp: 2; 30-34 bp: 3

Bases preceding removed adapters:
  A: 53.0%
  C: 31.9%
  G: 6.1%
  T: 9.0%
  none/other: 0.0%

Overview of removed sequences
length	count	expect	max.err	error counts
3	4342099	3123248.3	0	4342099
4	3129379	780812.1	0	3129379
5	1476556	195203.0	0	1476556
6	31137	48800.8	0	31137
7	5354	12200.2	0	5354
8	1576	3050.0	0	1576
9	7467	762.5	0	385 7082
10	7518	190.6	1	134 7384
11	3294	47.7	1	21 3273
12	545	11.9	1	0 545
13	117	3.0	1	0 117
14	43	0.7	1	0 43
15	8	0.2	1	0 8
17	1	0.0	1	0 1
21	1	0.0	2	0 0 1
83	2	0.0	3	0 0 0 2
92	1	0.0	3	0 0 0 1
100	1	0.0	3	0 0 0 1


=== First read: Adapter PrefixPE/2 ===

Sequence: GTGACTGGAGTTCAGACGTGTGCTCTTCCGATCT; Type: regular 3'; Length: 34; Trimmed: 2074909 times

No. of allowed errors:
0-9 bp: 0; 10-19 bp: 1; 20-29 bp: 2; 30-34 bp: 3

Bases preceding removed adapters:
  A: 24.3%
  C: 18.2%
  G: 26.0%
  T: 31.5%
  none/other: 0.0%

Overview of removed sequences
length	count	expect	max.err	error counts
3	1606156	3123248.3	0	1606156
4	381949	780812.1	0	381949
5	61329	195203.0	0	61329
6	15319	48800.8	0	15319
7	4923	12200.2	0	4923
8	374	3050.0	0	374
9	1887	762.5	0	88 1799
10	2062	190.6	1	38 2024
11	776	47.7	1	7 769
12	92	11.9	1	0 92
13	24	3.0	1	0 24
20	1	0.0	2	1
41	1	0.0	3	0 0 0 1
60	1	0.0	3	1
70	1	0.0	3	1
71	1	0.0	3	1
100	13	0.0	3	2 4 4 3


=== Second read: Adapter PrefixPE/1 ===

Sequence: TACACTCTTTCCCTACACGACGCTCTTCCGATCT; Type: regular 3'; Length: 34; Trimmed: 6595765 times

No. of allowed errors:
0-9 bp: 0; 10-19 bp: 1; 20-29 bp: 2; 30-34 bp: 3

Bases preceding removed adapters:
  A: 72.0%
  C: 7.2%
  G: 8.4%
  T: 12.4%
  none/other: 0.0%

Overview of removed sequences
length	count	expect	max.err	error counts
3	3140597	3123248.3	0	3140597
4	1958479	780812.1	0	1958479
5	1439647	195203.0	0	1439647
6	30458	48800.8	0	30458
7	5389	12200.2	0	5389
8	1742	3050.0	0	1742
9	7884	762.5	0	442 7442
10	7440	190.6	1	153 7287
11	3230	47.7	1	25 3205
12	608	11.9	1	0 608
13	172	3.0	1	2 170
14	61	0.7	1	1 60
15	8	0.2	1	0 8
18	1	0.0	1	0 1
80	1	0.0	3	0 1
82	4	0.0	3	0 2 1 1
83	6	0.0	3	0 0 6
84	1	0.0	3	0 0 0 1
85	1	0.0	3	0 0 1
95	1	0.0	3	0 1
100	35	0.0	3	0 19 7 9


=== Second read: Adapter PrefixPE/2 ===

Sequence: GTGACTGGAGTTCAGACGTGTGCTCTTCCGATCT; Type: regular 3'; Length: 34; Trimmed: 3364332 times

No. of allowed errors:
0-9 bp: 0; 10-19 bp: 1; 20-29 bp: 2; 30-34 bp: 3

Bases preceding removed adapters:
  A: 41.0%
  C: 12.1%
  G: 25.4%
  T: 21.4%
  none/other: 0.0%

Overview of removed sequences
length	count	expect	max.err	error counts
3	2888821	3123248.3	0	2888821
4	388536	780812.1	0	388536
5	61751	195203.0	0	61751
6	15294	48800.8	0	15294
7	4891	12200.2	0	4891
8	446	3050.0	0	446
9	1836	762.5	0	94 1742
10	1886	190.6	1	44 1842
11	725	47.7	1	10 715
12	127	11.9	1	0 127
13	19	3.0	1	0 19
