This is cutadapt 2.9 with Python 3.6.6
Command line parameters: --interleaved -a file:/nas02/apps/trimmomatic-0.36/Trimmomatic-0.36/adapters/TruSeq3-PE.fa -A file:/nas02/apps/trimmomatic-0.36/Trimmomatic-0.36/adapters/TruSeq3-PE.fa -m 30 /nas/longleaf/home/zpopkinh/Pvivax_resources/wgs_pe_improved_global/fastq/ERR5740773/ERR5740773_1.fastq.gz /nas/longleaf/home/zpopkinh/Pvivax_resources/wgs_pe_improved_global/fastq/ERR5740773/ERR5740773_2.fastq.gz
Processing reads on 1 core in paired-end mode ...
Finished in 455.68 s (131 us/read; 0.46 M reads/minute).

=== Summary ===

Total read pairs processed:          3,481,605
  Read 1 with adapter:                 126,426 (3.6%)
  Read 2 with adapter:                 124,839 (3.6%)
Pairs written (passing filters):     3,481,604 (100.0%)

Total basepairs processed: 1,051,444,710 bp
  Read 1:   525,722,355 bp
  Read 2:   525,722,355 bp
Total written (filtered):  1,050,594,187 bp (99.9%)
  Read 1:   525,294,359 bp
  Read 2:   525,299,828 bp

=== First read: Adapter PrefixPE/1 ===

Sequence: TACACTCTTTCCCTACACGACGCTCTTCCGATCT; Type: regular 3'; Length: 34; Trimmed: 57923 times

No. of allowed errors:
0-9 bp: 0; 10-19 bp: 1; 20-29 bp: 2; 30-34 bp: 3

Bases preceding removed adapters:
  A: 27.2%
  C: 23.5%
  G: 21.2%
  T: 28.0%
  none/other: 0.0%

Overview of removed sequences
length	count	expect	max.err	error counts
3	38756	54400.1	0	38756
4	14758	13600.0	0	14758
5	2980	3400.0	0	2980
6	734	850.0	0	734
7	157	212.5	0	157
8	45	53.1	0	45
9	188	13.3	0	11 177
10	213	3.3	1	1 212
11	70	0.8	1	0 70
12	18	0.2	1	0 18
13	3	0.1	1	0 3
14	1	0.0	1	0 1


=== First read: Adapter PrefixPE/2 ===

Sequence: GTGACTGGAGTTCAGACGTGTGCTCTTCCGATCT; Type: regular 3'; Length: 34; Trimmed: 68503 times

No. of allowed errors:
0-9 bp: 0; 10-19 bp: 1; 20-29 bp: 2; 30-34 bp: 3

Bases preceding removed adapters:
  A: 27.0%
  C: 13.0%
  G: 26.9%
  T: 33.2%
  none/other: 0.0%

Overview of removed sequences
length	count	expect	max.err	error counts
3	52596	54400.1	0	52596
4	12716	13600.0	0	12716
5	2111	3400.0	0	2111
6	622	850.0	0	622
7	156	212.5	0	156
8	37	53.1	0	37
9	120	13.3	0	9 111
10	96	3.3	1	1 95
11	35	0.8	1	2 33
12	13	0.2	1	0 13
13	1	0.1	1	0 1


=== Second read: Adapter PrefixPE/1 ===

Sequence: TACACTCTTTCCCTACACGACGCTCTTCCGATCT; Type: regular 3'; Length: 34; Trimmed: 56797 times

No. of allowed errors:
0-9 bp: 0; 10-19 bp: 1; 20-29 bp: 2; 30-34 bp: 3

Bases preceding removed adapters:
  A: 27.8%
  C: 24.0%
  G: 21.2%
  T: 27.0%
  none/other: 0.0%

Overview of removed sequences
length	count	expect	max.err	error counts
3	38116	54400.1	0	38116
4	14320	13600.0	0	14320
5	2999	3400.0	0	2999
6	667	850.0	0	667
7	152	212.5	0	152
8	57	53.1	0	57
9	169	13.3	0	13 156
10	196	3.3	1	9 187
11	85	0.8	1	0 85
12	21	0.2	1	0 21
13	8	0.1	1	1 7
14	3	0.0	1	0 3
15	1	0.0	1	0 1
82	1	0.0	3	0 1
108	1	0.0	3	0 1
151	1	0.0	3	0 0 1


=== Second read: Adapter PrefixPE/2 ===

Sequence: GTGACTGGAGTTCAGACGTGTGCTCTTCCGATCT; Type: regular 3'; Length: 34; Trimmed: 68042 times

No. of allowed errors:
0-9 bp: 0; 10-19 bp: 1; 20-29 bp: 2; 30-34 bp: 3

Bases preceding removed adapters:
  A: 26.6%
  C: 14.2%
  G: 27.2%
  T: 31.9%
  none/other: 0.0%

Overview of removed sequences
length	count	expect	max.err	error counts
3	52610	54400.1	0	52610
4	12251	13600.0	0	12251
5	2142	3400.0	0	2142
6	569	850.0	0	569
7	177	212.5	0	177
8	38	53.1	0	38
9	112	13.3	0	7 105
10	102	3.3	1	0 102
11	28	0.8	1	0 28
12	10	0.2	1	0 10
63	1	0.0	3	0 0 0 1
93	1	0.0	3	0 0 0 1
99	1	0.0	3	0 1
