This is cutadapt 2.9 with Python 3.6.6
Command line parameters: --interleaved -a file:/nas02/apps/trimmomatic-0.36/Trimmomatic-0.36/adapters/TruSeq3-PE.fa -A file:/nas02/apps/trimmomatic-0.36/Trimmomatic-0.36/adapters/TruSeq3-PE.fa -m 30 /nas/longleaf/home/zpopkinh/Pvivax_resources/wgs_pe_improved_global/fastq/SRS694257/SRR1565099_1.fastq.gz /nas/longleaf/home/zpopkinh/Pvivax_resources/wgs_pe_improved_global/fastq/SRS694257/SRR1565099_2.fastq.gz
Processing reads on 1 core in paired-end mode ...
Finished in 0.83 s (53 us/read; 1.13 M reads/minute).

=== Summary ===

Total read pairs processed:             15,653
  Read 1 with adapter:                     531 (3.4%)
  Read 2 with adapter:                     575 (3.7%)
Pairs written (passing filters):        15,653 (100.0%)

Total basepairs processed:     3,161,906 bp
  Read 1:     1,580,953 bp
  Read 2:     1,580,953 bp
Total written (filtered):      3,158,078 bp (99.9%)
  Read 1:     1,579,094 bp
  Read 2:     1,578,984 bp

=== First read: Adapter PrefixPE/1 ===

Sequence: TACACTCTTTCCCTACACGACGCTCTTCCGATCT; Type: regular 3'; Length: 34; Trimmed: 269 times

No. of allowed errors:
0-9 bp: 0; 10-19 bp: 1; 20-29 bp: 2; 30-34 bp: 3

Bases preceding removed adapters:
  A: 27.1%
  C: 21.2%
  G: 24.5%
  T: 27.1%
  none/other: 0.0%

Overview of removed sequences
length	count	expect	max.err	error counts
3	163	244.6	0	163
4	77	61.1	0	77
5	13	15.3	0	13
6	7	3.8	0	7
7	4	1.0	0	4
8	1	0.2	0	1
9	1	0.1	0	0 1
10	1	0.0	1	0 1
11	2	0.0	1	0 2


=== First read: Adapter PrefixPE/2 ===

Sequence: GTGACTGGAGTTCAGACGTGTGCTCTTCCGATCT; Type: regular 3'; Length: 34; Trimmed: 262 times

No. of allowed errors:
0-9 bp: 0; 10-19 bp: 1; 20-29 bp: 2; 30-34 bp: 3

Bases preceding removed adapters:
  A: 32.1%
  C: 6.5%
  G: 21.4%
  T: 40.1%
  none/other: 0.0%

Overview of removed sequences
length	count	expect	max.err	error counts
3	195	244.6	0	195
4	54	61.1	0	54
5	7	15.3	0	7
6	4	3.8	0	4
8	1	0.2	0	1
10	1	0.0	1	0 1


=== Second read: Adapter PrefixPE/1 ===

Sequence: TACACTCTTTCCCTACACGACGCTCTTCCGATCT; Type: regular 3'; Length: 34; Trimmed: 224 times

No. of allowed errors:
0-9 bp: 0; 10-19 bp: 1; 20-29 bp: 2; 30-34 bp: 3

Bases preceding removed adapters:
  A: 25.9%
  C: 23.7%
  G: 19.6%
  T: 30.8%
  none/other: 0.0%

Overview of removed sequences
length	count	expect	max.err	error counts
3	132	244.6	0	132
4	71	61.1	0	71
5	12	15.3	0	12
6	2	3.8	0	2
7	2	1.0	0	2
8	1	0.2	0	1
10	2	0.0	1	0 2
11	1	0.0	1	0 1
13	1	0.0	1	0 1


=== Second read: Adapter PrefixPE/2 ===

Sequence: GTGACTGGAGTTCAGACGTGTGCTCTTCCGATCT; Type: regular 3'; Length: 34; Trimmed: 351 times

No. of allowed errors:
0-9 bp: 0; 10-19 bp: 1; 20-29 bp: 2; 30-34 bp: 3

Bases preceding removed adapters:
  A: 31.6%
  C: 23.6%
  G: 18.2%
  T: 26.5%
  none/other: 0.0%

Overview of removed sequences
length	count	expect	max.err	error counts
3	281	244.6	0	281
4	53	61.1	0	53
5	11	15.3	0	11
6	4	3.8	0	4
7	1	1.0	0	1
10	1	0.0	1	0 1
