This is cutadapt 2.9 with Python 3.6.6
Command line parameters: --interleaved -a file:/nas02/apps/trimmomatic-0.36/Trimmomatic-0.36/adapters/TruSeq3-PE.fa -A file:/nas02/apps/trimmomatic-0.36/Trimmomatic-0.36/adapters/TruSeq3-PE.fa -m 30 /nas/longleaf/home/zpopkinh/Pvivax_resources/wgs_pe_improved_global/fastq/ERS333070/ERR351960_1.fastq.gz /nas/longleaf/home/zpopkinh/Pvivax_resources/wgs_pe_improved_global/fastq/ERS333070/ERR351960_2.fastq.gz
Processing reads on 1 core in paired-end mode ...
Finished in 2162.20 s (239 us/read; 0.25 M reads/minute).

=== Summary ===

Total read pairs processed:          9,059,294
  Read 1 with adapter:                 254,222 (2.8%)
  Read 2 with adapter:                 251,215 (2.8%)
Pairs written (passing filters):     9,059,292 (100.0%)

Total basepairs processed: 1,811,858,800 bp
  Read 1:   905,929,400 bp
  Read 2:   905,929,400 bp
Total written (filtered):  1,810,127,039 bp (99.9%)
  Read 1:   905,058,617 bp
  Read 2:   905,068,422 bp

=== First read: Adapter PrefixPE/1 ===

Sequence: TACACTCTTTCCCTACACGACGCTCTTCCGATCT; Type: regular 3'; Length: 34; Trimmed: 177453 times

No. of allowed errors:
0-9 bp: 0; 10-19 bp: 1; 20-29 bp: 2; 30-34 bp: 3

Bases preceding removed adapters:
  A: 43.5%
  C: 12.1%
  G: 12.6%
  T: 31.8%
  none/other: 0.0%

Overview of removed sequences
length	count	expect	max.err	error counts
3	110887	141551.5	0	110887
4	56357	35387.9	0	56357
5	7108	8847.0	0	7108
6	1483	2211.7	0	1483
7	203	552.9	0	203
8	71	138.2	0	71
9	590	34.6	0	38 552
10	560	8.6	1	13 547
11	146	2.2	1	1 145
12	28	0.5	1	1 27
13	8	0.1	1	0 8
14	2	0.0	1	1 1
26	1	0.0	2	1
35	1	0.0	3	0 0 1
36	1	0.0	3	0 0 0 1
38	1	0.0	3	0 0 0 1
40	1	0.0	3	0 0 0 1
42	1	0.0	3	0 0 1
58	1	0.0	3	1
62	1	0.0	3	0 1
95	2	0.0	3	2


=== First read: Adapter PrefixPE/2 ===

Sequence: GTGACTGGAGTTCAGACGTGTGCTCTTCCGATCT; Type: regular 3'; Length: 34; Trimmed: 76769 times

No. of allowed errors:
0-9 bp: 0; 10-19 bp: 1; 20-29 bp: 2; 30-34 bp: 3

Bases preceding removed adapters:
  A: 26.6%
  C: 9.9%
  G: 19.7%
  T: 43.8%
  none/other: 0.0%

Overview of removed sequences
length	count	expect	max.err	error counts
3	57702	141551.5	0	57702
4	16752	35387.9	0	16752
5	1738	8847.0	0	1738
6	385	2211.7	0	385
7	75	552.9	0	75
8	18	138.2	0	18
9	49	34.6	0	5 44
10	34	8.6	1	0 34
11	12	2.2	1	0 12
12	2	0.5	1	0 2
13	2	0.1	1	0 2


=== Second read: Adapter PrefixPE/1 ===

Sequence: TACACTCTTTCCCTACACGACGCTCTTCCGATCT; Type: regular 3'; Length: 34; Trimmed: 173996 times

No. of allowed errors:
0-9 bp: 0; 10-19 bp: 1; 20-29 bp: 2; 30-34 bp: 3

Bases preceding removed adapters:
  A: 43.8%
  C: 12.1%
  G: 12.5%
  T: 31.6%
  none/other: 0.0%

Overview of removed sequences
length	count	expect	max.err	error counts
3	108269	141551.5	0	108269
4	55704	35387.9	0	55704
5	6953	8847.0	0	6953
6	1470	2211.7	0	1470
7	223	552.9	0	223
8	66	138.2	0	66
9	559	34.6	0	28 531
10	569	8.6	1	16 553
11	156	2.2	1	0 156
12	19	0.5	1	0 19
13	3	0.1	1	0 3
14	5	0.0	1	0 5


=== Second read: Adapter PrefixPE/2 ===

Sequence: GTGACTGGAGTTCAGACGTGTGCTCTTCCGATCT; Type: regular 3'; Length: 34; Trimmed: 77219 times

No. of allowed errors:
0-9 bp: 0; 10-19 bp: 1; 20-29 bp: 2; 30-34 bp: 3

Bases preceding removed adapters:
  A: 27.0%
  C: 10.0%
  G: 19.8%
  T: 43.2%
  none/other: 0.0%

Overview of removed sequences
length	count	expect	max.err	error counts
3	57543	141551.5	0	57543
4	17298	35387.9	0	17298
5	1855	8847.0	0	1855
6	346	2211.7	0	346
7	62	552.9	0	62
8	10	138.2	0	10
9	54	34.6	0	8 46
10	31	8.6	1	0 31
11	15	2.2	1	0 15
12	5	0.5	1	0 5
