This is cutadapt 2.9 with Python 3.6.6
Command line parameters: --interleaved -a file:/nas02/apps/trimmomatic-0.36/Trimmomatic-0.36/adapters/TruSeq3-PE.fa -A file:/nas02/apps/trimmomatic-0.36/Trimmomatic-0.36/adapters/TruSeq3-PE.fa -m 30 /nas/longleaf/home/zpopkinh/Pvivax_resources/wgs_pe_improved_global/fastq/ERS333070/ERR351949_1.fastq.gz /nas/longleaf/home/zpopkinh/Pvivax_resources/wgs_pe_improved_global/fastq/ERS333070/ERR351949_2.fastq.gz
Processing reads on 1 core in paired-end mode ...
Finished in 2454.18 s (270 us/read; 0.22 M reads/minute).

=== Summary ===

Total read pairs processed:          9,105,070
  Read 1 with adapter:                 256,579 (2.8%)
  Read 2 with adapter:                 253,002 (2.8%)
Pairs written (passing filters):     9,105,068 (100.0%)

Total basepairs processed: 1,821,014,000 bp
  Read 1:   910,507,000 bp
  Read 2:   910,507,000 bp
Total written (filtered):  1,819,265,108 bp (99.9%)
  Read 1:   909,626,917 bp
  Read 2:   909,638,191 bp

=== First read: Adapter PrefixPE/1 ===

Sequence: TACACTCTTTCCCTACACGACGCTCTTCCGATCT; Type: regular 3'; Length: 34; Trimmed: 178363 times

No. of allowed errors:
0-9 bp: 0; 10-19 bp: 1; 20-29 bp: 2; 30-34 bp: 3

Bases preceding removed adapters:
  A: 43.5%
  C: 12.1%
  G: 12.4%
  T: 32.0%
  none/other: 0.0%

Overview of removed sequences
length	count	expect	max.err	error counts
3	110998	142266.7	0	110998
4	56880	35566.7	0	56880
5	7269	8891.7	0	7269
6	1518	2222.9	0	1518
7	212	555.7	0	212
8	66	138.9	0	66
9	626	34.7	0	43 583
10	576	8.7	1	12 564
11	177	2.2	1	1 176
12	22	0.5	1	0 22
13	5	0.1	1	0 5
14	4	0.0	1	2 2
15	1	0.0	1	1
17	1	0.0	1	1
20	1	0.0	2	0 0 1
38	1	0.0	3	0 0 1
42	1	0.0	3	0 1
43	1	0.0	3	0 0 0 1
52	1	0.0	3	0 1
61	1	0.0	3	0 0 0 1
95	2	0.0	3	1 1


=== First read: Adapter PrefixPE/2 ===

Sequence: GTGACTGGAGTTCAGACGTGTGCTCTTCCGATCT; Type: regular 3'; Length: 34; Trimmed: 78216 times

No. of allowed errors:
0-9 bp: 0; 10-19 bp: 1; 20-29 bp: 2; 30-34 bp: 3

Bases preceding removed adapters:
  A: 26.3%
  C: 10.1%
  G: 19.9%
  T: 43.7%
  none/other: 0.0%

Overview of removed sequences
length	count	expect	max.err	error counts
3	58378	142266.7	0	58378
4	17403	35566.7	0	17403
5	1888	8891.7	0	1888
6	389	2222.9	0	389
7	54	555.7	0	54
8	12	138.9	0	12
9	39	34.7	0	1 38
10	43	8.7	1	0 43
11	6	2.2	1	0 6
12	3	0.5	1	0 3
13	1	0.1	1	0 1


=== Second read: Adapter PrefixPE/1 ===

Sequence: TACACTCTTTCCCTACACGACGCTCTTCCGATCT; Type: regular 3'; Length: 34; Trimmed: 175690 times

No. of allowed errors:
0-9 bp: 0; 10-19 bp: 1; 20-29 bp: 2; 30-34 bp: 3

Bases preceding removed adapters:
  A: 43.7%
  C: 12.1%
  G: 12.6%
  T: 31.5%
  none/other: 0.0%

Overview of removed sequences
length	count	expect	max.err	error counts
3	108802	142266.7	0	108802
4	56445	35566.7	0	56445
5	7177	8891.7	0	7177
6	1522	2222.9	0	1522
7	222	555.7	0	222
8	85	138.9	0	85
9	616	34.7	0	36 580
10	649	8.7	1	19 630
11	134	2.2	1	3 131
12	28	0.5	1	1 27
13	6	0.1	1	0 6
14	4	0.0	1	0 4


=== Second read: Adapter PrefixPE/2 ===

Sequence: GTGACTGGAGTTCAGACGTGTGCTCTTCCGATCT; Type: regular 3'; Length: 34; Trimmed: 77312 times

No. of allowed errors:
0-9 bp: 0; 10-19 bp: 1; 20-29 bp: 2; 30-34 bp: 3

Bases preceding removed adapters:
  A: 27.0%
  C: 10.0%
  G: 19.7%
  T: 43.3%
  none/other: 0.0%

Overview of removed sequences
length	count	expect	max.err	error counts
3	57483	142266.7	0	57483
4	17471	35566.7	0	17471
5	1785	8891.7	0	1785
6	397	2222.9	0	397
7	59	555.7	0	59
8	9	138.9	0	9
9	40	34.7	0	0 40
10	43	8.7	1	0 43
11	21	2.2	1	0 21
12	4	0.5	1	0 4
