This is cutadapt 2.9 with Python 3.6.6
Command line parameters: --interleaved -a file:/nas02/apps/trimmomatic-0.36/Trimmomatic-0.36/adapters/TruSeq3-PE.fa -A file:/nas02/apps/trimmomatic-0.36/Trimmomatic-0.36/adapters/TruSeq3-PE.fa -m 30 /nas/longleaf/home/zpopkinh/Pvivax_resources/wgs_pe_improved_global/fastq/ERS333070/ERR563000_1.fastq.gz /nas/longleaf/home/zpopkinh/Pvivax_resources/wgs_pe_improved_global/fastq/ERS333070/ERR563000_2.fastq.gz
Processing reads on 1 core in paired-end mode ...
Finished in 8954.60 s (469 us/read; 0.13 M reads/minute).

=== Summary ===

Total read pairs processed:         19,080,836
  Read 1 with adapter:                 522,944 (2.7%)
  Read 2 with adapter:                 527,506 (2.8%)
Pairs written (passing filters):    19,080,832 (100.0%)

Total basepairs processed: 5,724,250,800 bp
  Read 1: 2,862,125,400 bp
  Read 2: 2,862,125,400 bp
Total written (filtered):  5,720,645,322 bp (99.9%)
  Read 1: 2,860,331,036 bp
  Read 2: 2,860,314,286 bp

=== First read: Adapter PrefixPE/1 ===

Sequence: TACACTCTTTCCCTACACGACGCTCTTCCGATCT; Type: regular 3'; Length: 34; Trimmed: 364669 times

No. of allowed errors:
0-9 bp: 0; 10-19 bp: 1; 20-29 bp: 2; 30-34 bp: 3

Bases preceding removed adapters:
  A: 43.5%
  C: 12.1%
  G: 12.3%
  T: 32.2%
  none/other: 0.0%

Overview of removed sequences
length	count	expect	max.err	error counts
3	227933	298138.1	0	227933
4	115142	74534.5	0	115142
5	14760	18633.6	0	14760
6	3218	4658.4	0	3218
7	458	1164.6	0	458
8	163	291.2	0	163
9	1335	72.8	0	75 1260
10	1243	18.2	1	33 1210
11	341	4.5	1	6 335
12	49	1.1	1	1 48
13	8	0.3	1	0 8
14	7	0.1	1	0 7
15	3	0.0	1	0 3
54	1	0.0	3	0 0 1
72	1	0.0	3	0 1
79	1	0.0	3	1
89	1	0.0	3	1
94	1	0.0	3	0 0 1
145	4	0.0	3	0 4


=== First read: Adapter PrefixPE/2 ===

Sequence: GTGACTGGAGTTCAGACGTGTGCTCTTCCGATCT; Type: regular 3'; Length: 34; Trimmed: 158275 times

No. of allowed errors:
0-9 bp: 0; 10-19 bp: 1; 20-29 bp: 2; 30-34 bp: 3

Bases preceding removed adapters:
  A: 26.6%
  C: 9.8%
  G: 19.7%
  T: 43.9%
  none/other: 0.0%

Overview of removed sequences
length	count	expect	max.err	error counts
3	118074	298138.1	0	118074
4	35191	74534.5	0	35191
5	3777	18633.6	0	3777
6	827	4658.4	0	827
7	144	1164.6	0	144
8	26	291.2	0	26
9	107	72.8	0	10 97
10	83	18.2	1	0 83
11	36	4.5	1	1 35
12	8	1.1	1	0 8
13	2	0.3	1	0 2


=== Second read: Adapter PrefixPE/1 ===

Sequence: TACACTCTTTCCCTACACGACGCTCTTCCGATCT; Type: regular 3'; Length: 34; Trimmed: 367835 times

No. of allowed errors:
0-9 bp: 0; 10-19 bp: 1; 20-29 bp: 2; 30-34 bp: 3

Bases preceding removed adapters:
  A: 44.0%
  C: 12.2%
  G: 12.5%
  T: 31.3%
  none/other: 0.0%

Overview of removed sequences
length	count	expect	max.err	error counts
3	228460	298138.1	0	228460
4	117470	74534.5	0	117470
5	14998	18633.6	0	14998
6	3345	4658.4	0	3345
7	463	1164.6	0	463
8	146	291.2	0	146
9	1302	72.8	0	93 1209
10	1258	18.2	1	41 1217
11	334	4.5	1	4 330
12	38	1.1	1	1 37
13	16	0.3	1	0 16
14	5	0.1	1	0 5


=== Second read: Adapter PrefixPE/2 ===

Sequence: GTGACTGGAGTTCAGACGTGTGCTCTTCCGATCT; Type: regular 3'; Length: 34; Trimmed: 159671 times

No. of allowed errors:
0-9 bp: 0; 10-19 bp: 1; 20-29 bp: 2; 30-34 bp: 3

Bases preceding removed adapters:
  A: 27.1%
  C: 9.9%
  G: 19.3%
  T: 43.7%
  none/other: 0.0%

Overview of removed sequences
length	count	expect	max.err	error counts
3	118709	298138.1	0	118709
4	36075	74534.5	0	36075
5	3667	18633.6	0	3667
6	818	4658.4	0	818
7	172	1164.6	0	172
8	15	291.2	0	15
9	101	72.8	0	6 95
10	82	18.2	1	2 80
11	28	4.5	1	1 27
12	4	1.1	1	0 4
