This is cutadapt 2.9 with Python 3.6.6
Command line parameters: --interleaved -a file:/nas02/apps/trimmomatic-0.36/Trimmomatic-0.36/adapters/TruSeq3-PE.fa -A file:/nas02/apps/trimmomatic-0.36/Trimmomatic-0.36/adapters/TruSeq3-PE.fa -m 30 /nas/longleaf/home/zpopkinh/Pvivax_resources/wgs_pe_improved_global/fastq/ERS403560/ERR527383_1.fastq.gz /nas/longleaf/home/zpopkinh/Pvivax_resources/wgs_pe_improved_global/fastq/ERS403560/ERR527383_2.fastq.gz
Processing reads on 1 core in paired-end mode ...
Finished in 1173.09 s (80 us/read; 0.75 M reads/minute).

=== Summary ===

Total read pairs processed:         14,691,744
  Read 1 with adapter:                 542,204 (3.7%)
  Read 2 with adapter:                 533,652 (3.6%)
Pairs written (passing filters):    14,691,742 (100.0%)

Total basepairs processed: 2,938,348,800 bp
  Read 1: 1,469,174,400 bp
  Read 2: 1,469,174,400 bp
Total written (filtered):  2,934,715,058 bp (99.9%)
  Read 1: 1,467,342,052 bp
  Read 2: 1,467,373,006 bp

=== First read: Adapter PrefixPE/1 ===

Sequence: TACACTCTTTCCCTACACGACGCTCTTCCGATCT; Type: regular 3'; Length: 34; Trimmed: 290159 times

No. of allowed errors:
0-9 bp: 0; 10-19 bp: 1; 20-29 bp: 2; 30-34 bp: 3

Bases preceding removed adapters:
  A: 29.0%
  C: 18.6%
  G: 22.9%
  T: 29.6%
  none/other: 0.0%

Overview of removed sequences
length	count	expect	max.err	error counts
3	193466	229558.5	0	193466
4	74569	57389.6	0	74569
5	15581	14347.4	0	15581
6	3463	3586.9	0	3463
7	664	896.7	0	664
8	163	224.2	0	163
9	897	56.0	0	61 836
10	981	14.0	1	25 956
11	284	3.5	1	5 279
12	63	0.9	1	2 61
13	18	0.2	1	0 18
14	4	0.1	1	0 4
15	4	0.0	1	0 4
100	2	0.0	3	0 0 0 2


=== First read: Adapter PrefixPE/2 ===

Sequence: GTGACTGGAGTTCAGACGTGTGCTCTTCCGATCT; Type: regular 3'; Length: 34; Trimmed: 252045 times

No. of allowed errors:
0-9 bp: 0; 10-19 bp: 1; 20-29 bp: 2; 30-34 bp: 3

Bases preceding removed adapters:
  A: 24.0%
  C: 18.2%
  G: 25.6%
  T: 32.1%
  none/other: 0.0%

Overview of removed sequences
length	count	expect	max.err	error counts
3	196383	229558.5	0	196383
4	46025	57389.6	0	46025
5	7020	14347.4	0	7020
6	1595	3586.9	0	1595
7	402	896.7	0	402
8	56	224.2	0	56
9	246	56.0	0	13 233
10	207	14.0	1	5 202
11	79	3.5	1	1 78
12	24	0.9	1	0 24
13	8	0.2	1	0 8


=== Second read: Adapter PrefixPE/1 ===

Sequence: TACACTCTTTCCCTACACGACGCTCTTCCGATCT; Type: regular 3'; Length: 34; Trimmed: 286806 times

No. of allowed errors:
0-9 bp: 0; 10-19 bp: 1; 20-29 bp: 2; 30-34 bp: 3

Bases preceding removed adapters:
  A: 28.9%
  C: 18.6%
  G: 22.7%
  T: 29.8%
  none/other: 0.0%

Overview of removed sequences
length	count	expect	max.err	error counts
3	191614	229558.5	0	191614
4	73960	57389.6	0	73960
5	15172	14347.4	0	15172
6	3220	3586.9	0	3220
7	613	896.7	0	613
8	175	224.2	0	175
9	861	56.0	0	50 811
10	824	14.0	1	19 805
11	284	3.5	1	4 280
12	58	0.9	1	1 57
13	17	0.2	1	0 17
14	5	0.1	1	0 5
15	3	0.0	1	0 3


=== Second read: Adapter PrefixPE/2 ===

Sequence: GTGACTGGAGTTCAGACGTGTGCTCTTCCGATCT; Type: regular 3'; Length: 34; Trimmed: 246846 times

No. of allowed errors:
0-9 bp: 0; 10-19 bp: 1; 20-29 bp: 2; 30-34 bp: 3

Bases preceding removed adapters:
  A: 24.0%
  C: 18.4%
  G: 25.7%
  T: 32.0%
  none/other: 0.0%

Overview of removed sequences
length	count	expect	max.err	error counts
3	192548	229558.5	0	192548
4	44917	57389.6	0	44917
5	6767	14347.4	0	6767
6	1612	3586.9	0	1612
7	373	896.7	0	373
8	59	224.2	0	59
9	247	56.0	0	16 231
10	216	14.0	1	6 210
11	79	3.5	1	1 78
12	22	0.9	1	0 22
13	6	0.2	1	0 6
