This is cutadapt 2.9 with Python 3.6.6
Command line parameters: --interleaved -a file:/nas02/apps/trimmomatic-0.36/Trimmomatic-0.36/adapters/TruSeq3-PE.fa -A file:/nas02/apps/trimmomatic-0.36/Trimmomatic-0.36/adapters/TruSeq3-PE.fa -m 30 /nas/longleaf/home/zpopkinh/Pvivax_resources/wgs_pe_improved_global/fastq/SRS693579/SRR1564702_1.fastq.gz /nas/longleaf/home/zpopkinh/Pvivax_resources/wgs_pe_improved_global/fastq/SRS693579/SRR1564702_2.fastq.gz
Processing reads on 1 core in paired-end mode ...
Finished in 17.85 s (54 us/read; 1.11 M reads/minute).

=== Summary ===

Total read pairs processed:            331,461
  Read 1 with adapter:                  12,277 (3.7%)
  Read 2 with adapter:                  13,827 (4.2%)
Pairs written (passing filters):       331,129 (99.9%)

Total basepairs processed:    66,955,122 bp
  Read 1:    33,477,561 bp
  Read 2:    33,477,561 bp
Total written (filtered):     66,800,905 bp (99.8%)
  Read 1:    33,402,864 bp
  Read 2:    33,398,041 bp

=== First read: Adapter PrefixPE/1 ===

Sequence: TACACTCTTTCCCTACACGACGCTCTTCCGATCT; Type: regular 3'; Length: 34; Trimmed: 7297 times

No. of allowed errors:
0-9 bp: 0; 10-19 bp: 1; 20-29 bp: 2; 30-34 bp: 3

Bases preceding removed adapters:
  A: 34.8%
  C: 20.1%
  G: 19.8%
  T: 22.5%
  none/other: 2.8%

Overview of removed sequences
length	count	expect	max.err	error counts
3	4610	5179.1	0	4610
4	1993	1294.8	0	1993
5	354	323.7	0	354
6	77	80.9	0	77
7	15	20.2	0	15
8	3	5.1	0	3
9	16	1.3	0	2 14
10	13	0.3	1	0 13
11	7	0.1	1	0 7
14	2	0.0	1	0 2
101	207	0.0	3	0 23 122 62


=== First read: Adapter PrefixPE/2 ===

Sequence: GTGACTGGAGTTCAGACGTGTGCTCTTCCGATCT; Type: regular 3'; Length: 34; Trimmed: 4980 times

No. of allowed errors:
0-9 bp: 0; 10-19 bp: 1; 20-29 bp: 2; 30-34 bp: 3

Bases preceding removed adapters:
  A: 28.9%
  C: 17.2%
  G: 25.2%
  T: 28.7%
  none/other: 0.0%

Overview of removed sequences
length	count	expect	max.err	error counts
3	3643	5179.1	0	3643
4	1118	1294.8	0	1118
5	155	323.7	0	155
6	39	80.9	0	39
7	9	20.2	0	9
8	2	5.1	0	2
9	8	1.3	0	3 5
10	4	0.3	1	0 4
11	2	0.1	1	0 2


=== Second read: Adapter PrefixPE/1 ===

Sequence: TACACTCTTTCCCTACACGACGCTCTTCCGATCT; Type: regular 3'; Length: 34; Trimmed: 5275 times

No. of allowed errors:
0-9 bp: 0; 10-19 bp: 1; 20-29 bp: 2; 30-34 bp: 3

Bases preceding removed adapters:
  A: 28.0%
  C: 20.1%
  G: 31.5%
  T: 20.4%
  none/other: 0.0%

Overview of removed sequences
length	count	expect	max.err	error counts
3	3733	5179.1	0	3733
4	1215	1294.8	0	1215
5	242	323.7	0	242
6	49	80.9	0	49
7	12	20.2	0	12
8	4	5.1	0	4
9	7	1.3	0	0 7
10	11	0.3	1	0 11
11	2	0.1	1	0 2


=== Second read: Adapter PrefixPE/2 ===

Sequence: GTGACTGGAGTTCAGACGTGTGCTCTTCCGATCT; Type: regular 3'; Length: 34; Trimmed: 8552 times

No. of allowed errors:
0-9 bp: 0; 10-19 bp: 1; 20-29 bp: 2; 30-34 bp: 3

Bases preceding removed adapters:
  A: 26.0%
  C: 18.3%
  G: 34.9%
  T: 20.8%
  none/other: 0.0%

Overview of removed sequences
length	count	expect	max.err	error counts
3	6362	5179.1	0	6362
4	1724	1294.8	0	1724
5	224	323.7	0	224
6	58	80.9	0	58
7	28	20.2	0	28
8	5	5.1	0	5
9	8	1.3	0	1 7
10	11	0.3	1	0 11
11	4	0.1	1	0 4
70	1	0.0	3	0 0 1
71	2	0.0	3	0 1 0 1
93	123	0.0	3	17 11 32 63
94	1	0.0	3	0 0 0 1
97	1	0.0	3	0 0 1
