This is cutadapt 2.9 with Python 3.6.6
Command line parameters: --interleaved -a file:/nas02/apps/trimmomatic-0.36/Trimmomatic-0.36/adapters/TruSeq3-PE.fa -A file:/nas02/apps/trimmomatic-0.36/Trimmomatic-0.36/adapters/TruSeq3-PE.fa -m 30 /nas/longleaf/home/zpopkinh/Pvivax_resources/new_seqs_2021/fastq/MDP3863/MDP3863_1.fastq.gz /nas/longleaf/home/zpopkinh/Pvivax_resources/new_seqs_2021/fastq/MDP3863/MDP3863_2.fastq.gz
Processing reads on 1 core in paired-end mode ...
Finished in 2740.55 s (147 us/read; 0.41 M reads/minute).

=== Summary ===

Total read pairs processed:         18,631,550
  Read 1 with adapter:                 520,157 (2.8%)
  Read 2 with adapter:                 733,722 (3.9%)
Pairs written (passing filters):    18,631,545 (100.0%)

Total basepairs processed: 5,589,465,000 bp
  Read 1: 2,794,732,500 bp
  Read 2: 2,794,732,500 bp
Total written (filtered):  5,585,328,834 bp (99.9%)
  Read 1: 2,792,982,246 bp
  Read 2: 2,792,346,588 bp

=== First read: Adapter PrefixPE/1 ===

Sequence: TACACTCTTTCCCTACACGACGCTCTTCCGATCT; Type: regular 3'; Length: 34; Trimmed: 248365 times

No. of allowed errors:
0-9 bp: 0; 10-19 bp: 1; 20-29 bp: 2; 30-34 bp: 3

Bases preceding removed adapters:
  A: 25.1%
  C: 22.9%
  G: 25.3%
  T: 26.7%
  none/other: 0.0%

Overview of removed sequences
length	count	expect	max.err	error counts
3	168957	291118.0	0	168957
4	59267	72779.5	0	59267
5	14295	18194.9	0	14295
6	2894	4548.7	0	2894
7	692	1137.2	0	692
8	145	284.3	0	145
9	856	71.1	0	76 780
10	879	17.8	1	26 853
11	284	4.4	1	3 281
12	58	1.1	1	2 56
13	26	0.3	1	0 26
14	7	0.1	1	0 7
15	2	0.0	1	0 2
113	1	0.0	3	0 0 1
114	2	0.0	3	0 2


=== First read: Adapter PrefixPE/2 ===

Sequence: GTGACTGGAGTTCAGACGTGTGCTCTTCCGATCT; Type: regular 3'; Length: 34; Trimmed: 271792 times

No. of allowed errors:
0-9 bp: 0; 10-19 bp: 1; 20-29 bp: 2; 30-34 bp: 3

Bases preceding removed adapters:
  A: 22.7%
  C: 19.6%
  G: 28.2%
  T: 29.6%
  none/other: 0.0%

Overview of removed sequences
length	count	expect	max.err	error counts
3	214633	291118.0	0	214633
4	46247	72779.5	0	46247
5	7917	18194.9	0	7917
6	1786	4548.7	0	1786
7	459	1137.2	0	459
8	76	284.3	0	76
9	299	71.1	0	16 283
10	259	17.8	1	6 253
11	86	4.4	1	1 85
12	25	1.1	1	0 25
13	5	0.3	1	0 5


=== Second read: Adapter PrefixPE/1 ===

Sequence: TACACTCTTTCCCTACACGACGCTCTTCCGATCT; Type: regular 3'; Length: 34; Trimmed: 239666 times

No. of allowed errors:
0-9 bp: 0; 10-19 bp: 1; 20-29 bp: 2; 30-34 bp: 3

Bases preceding removed adapters:
  A: 25.8%
  C: 22.9%
  G: 24.8%
  T: 26.4%
  none/other: 0.0%

Overview of removed sequences
length	count	expect	max.err	error counts
3	161288	291118.0	0	161288
4	58809	72779.5	0	58809
5	14048	18194.9	0	14048
6	2667	4548.7	0	2667
7	655	1137.2	0	655
8	151	284.3	0	151
9	813	71.1	0	54 759
10	852	17.8	1	17 835
11	286	4.4	1	3 283
12	66	1.1	1	5 61
13	21	0.3	1	0 21
14	9	0.1	1	0 9
15	1	0.0	1	0 1


=== Second read: Adapter PrefixPE/2 ===

Sequence: GTGACTGGAGTTCAGACGTGTGCTCTTCCGATCT; Type: regular 3'; Length: 34; Trimmed: 494056 times

No. of allowed errors:
0-9 bp: 0; 10-19 bp: 1; 20-29 bp: 2; 30-34 bp: 3

Bases preceding removed adapters:
  A: 35.1%
  C: 23.4%
  G: 25.4%
  T: 16.1%
  none/other: 0.0%

Overview of removed sequences
length	count	expect	max.err	error counts
3	438817	291118.0	0	438817
4	44842	72779.5	0	44842
5	7658	18194.9	0	7658
6	1607	4548.7	0	1607
7	388	1137.2	0	388
8	76	284.3	0	76
9	281	71.1	0	11 270
10	254	17.8	1	6 248
11	94	4.4	1	0 94
12	22	1.1	1	0 22
13	3	0.3	1	0 3
17	1	0.0	1	1
21	1	0.0	2	1
23	1	0.0	2	1
28	1	0.0	2	1
42	1	0.0	3	1
47	2	0.0	3	0 0 1 1
62	1	0.0	3	0 0 1
70	1	0.0	3	1
122	3	0.0	3	0 0 1 2
123	1	0.0	3	0 0 0 1
143	1	0.0	3	0 0 1
