This is cutadapt 2.9 with Python 3.6.6
Command line parameters: --interleaved -a file:/nas02/apps/trimmomatic-0.36/Trimmomatic-0.36/adapters/TruSeq3-PE.fa -A file:/nas02/apps/trimmomatic-0.36/Trimmomatic-0.36/adapters/TruSeq3-PE.fa -m 30 /nas/longleaf/home/zpopkinh/Pvivax_resources/wgs_pe_improved_global/fastq/ERS989903/ERR1475430_1.fastq.gz /nas/longleaf/home/zpopkinh/Pvivax_resources/wgs_pe_improved_global/fastq/ERS989903/ERR1475430_2.fastq.gz
Processing reads on 1 core in paired-end mode ...
Finished in 860.70 s (127 us/read; 0.47 M reads/minute).

=== Summary ===

Total read pairs processed:          6,799,647
  Read 1 with adapter:                 252,070 (3.7%)
  Read 2 with adapter:                 248,508 (3.7%)
Pairs written (passing filters):     6,799,646 (100.0%)

Total basepairs processed: 1,359,929,400 bp
  Read 1:   679,964,700 bp
  Read 2:   679,964,700 bp
Total written (filtered):  1,358,239,691 bp (99.9%)
  Read 1:   679,113,859 bp
  Read 2:   679,125,832 bp

=== First read: Adapter PrefixPE/1 ===

Sequence: TACACTCTTTCCCTACACGACGCTCTTCCGATCT; Type: regular 3'; Length: 34; Trimmed: 128381 times

No. of allowed errors:
0-9 bp: 0; 10-19 bp: 1; 20-29 bp: 2; 30-34 bp: 3

Bases preceding removed adapters:
  A: 27.2%
  C: 19.8%
  G: 24.6%
  T: 28.5%
  none/other: 0.0%

Overview of removed sequences
length	count	expect	max.err	error counts
3	86217	106244.5	0	86217
4	32257	26561.1	0	32257
5	6971	6640.3	0	6971
6	1475	1660.1	0	1475
7	329	415.0	0	329
8	71	103.8	0	71
9	372	25.9	0	28 344
10	506	6.5	1	14 492
11	132	1.6	1	1 131
12	34	0.4	1	2 32
13	14	0.1	1	0 14
14	1	0.0	1	0 1
15	1	0.0	1	0 1
76	1	0.0	3	0 0 1


=== First read: Adapter PrefixPE/2 ===

Sequence: GTGACTGGAGTTCAGACGTGTGCTCTTCCGATCT; Type: regular 3'; Length: 34; Trimmed: 123689 times

No. of allowed errors:
0-9 bp: 0; 10-19 bp: 1; 20-29 bp: 2; 30-34 bp: 3

Bases preceding removed adapters:
  A: 24.0%
  C: 18.5%
  G: 26.1%
  T: 31.4%
  none/other: 0.0%

Overview of removed sequences
length	count	expect	max.err	error counts
3	96317	106244.5	0	96317
4	22565	26561.1	0	22565
5	3496	6640.3	0	3496
6	772	1660.1	0	772
7	190	415.0	0	190
8	28	103.8	0	28
9	150	25.9	0	7 143
10	117	6.5	1	2 115
11	39	1.6	1	0 39
12	14	0.4	1	0 14
13	1	0.1	1	0 1


=== Second read: Adapter PrefixPE/1 ===

Sequence: TACACTCTTTCCCTACACGACGCTCTTCCGATCT; Type: regular 3'; Length: 34; Trimmed: 126806 times

No. of allowed errors:
0-9 bp: 0; 10-19 bp: 1; 20-29 bp: 2; 30-34 bp: 3

Bases preceding removed adapters:
  A: 27.4%
  C: 19.6%
  G: 24.3%
  T: 28.7%
  none/other: 0.0%

Overview of removed sequences
length	count	expect	max.err	error counts
3	85081	106244.5	0	85081
4	31790	26561.1	0	31790
5	6980	6640.3	0	6980
6	1478	1660.1	0	1478
7	347	415.0	0	347
8	71	103.8	0	71
9	384	25.9	0	26 358
10	505	6.5	1	11 494
11	131	1.6	1	1 130
12	29	0.4	1	0 29
13	7	0.1	1	0 7
14	1	0.0	1	0 1
15	1	0.0	1	0 1
100	1	0.0	3	0 0 0 1


=== Second read: Adapter PrefixPE/2 ===

Sequence: GTGACTGGAGTTCAGACGTGTGCTCTTCCGATCT; Type: regular 3'; Length: 34; Trimmed: 121702 times

No. of allowed errors:
0-9 bp: 0; 10-19 bp: 1; 20-29 bp: 2; 30-34 bp: 3

Bases preceding removed adapters:
  A: 24.0%
  C: 18.4%
  G: 26.1%
  T: 31.4%
  none/other: 0.0%

Overview of removed sequences
length	count	expect	max.err	error counts
3	95166	106244.5	0	95166
4	21718	26561.1	0	21718
5	3459	6640.3	0	3459
6	840	1660.1	0	840
7	196	415.0	0	196
8	26	103.8	0	26
9	131	25.9	0	6 125
10	117	6.5	1	2 115
11	38	1.6	1	0 38
12	10	0.4	1	0 10
13	1	0.1	1	0 1
