This is cutadapt 2.9 with Python 3.6.6
Command line parameters: --interleaved -a file:/nas02/apps/trimmomatic-0.36/Trimmomatic-0.36/adapters/TruSeq3-PE.fa -A file:/nas02/apps/trimmomatic-0.36/Trimmomatic-0.36/adapters/TruSeq3-PE.fa -m 30 /nas/longleaf/home/zpopkinh/Pvivax_resources/wgs_pe_improved_global/fastq/SRS693904/SRR1565004_1.fastq.gz /nas/longleaf/home/zpopkinh/Pvivax_resources/wgs_pe_improved_global/fastq/SRS693904/SRR1565004_2.fastq.gz
Processing reads on 1 core in paired-end mode ...
Finished in 23.79 s (53 us/read; 1.12 M reads/minute).

=== Summary ===

Total read pairs processed:            446,030
  Read 1 with adapter:                  15,246 (3.4%)
  Read 2 with adapter:                  17,085 (3.8%)
Pairs written (passing filters):       445,847 (100.0%)

Total basepairs processed:    90,098,060 bp
  Read 1:    45,049,030 bp
  Read 2:    45,049,030 bp
Total written (filtered):     89,953,642 bp (99.8%)
  Read 1:    44,979,127 bp
  Read 2:    44,974,515 bp

=== First read: Adapter PrefixPE/1 ===

Sequence: TACACTCTTTCCCTACACGACGCTCTTCCGATCT; Type: regular 3'; Length: 34; Trimmed: 7486 times

No. of allowed errors:
0-9 bp: 0; 10-19 bp: 1; 20-29 bp: 2; 30-34 bp: 3

Bases preceding removed adapters:
  A: 25.3%
  C: 23.5%
  G: 25.1%
  T: 26.1%
  none/other: 0.0%

Overview of removed sequences
length	count	expect	max.err	error counts
3	4949	6969.2	0	4949
4	1983	1742.3	0	1983
5	394	435.6	0	394
6	83	108.9	0	83
7	9	27.2	0	9
8	4	6.8	0	4
9	20	1.7	0	1 19
10	28	0.4	1	4 24
11	11	0.1	1	0 11
12	3	0.0	1	0 3
13	1	0.0	1	0 1
47	1	0.0	3	0 0 0 1


=== First read: Adapter PrefixPE/2 ===

Sequence: GTGACTGGAGTTCAGACGTGTGCTCTTCCGATCT; Type: regular 3'; Length: 34; Trimmed: 7760 times

No. of allowed errors:
0-9 bp: 0; 10-19 bp: 1; 20-29 bp: 2; 30-34 bp: 3

Bases preceding removed adapters:
  A: 22.3%
  C: 19.4%
  G: 28.5%
  T: 29.9%
  none/other: 0.0%

Overview of removed sequences
length	count	expect	max.err	error counts
3	6076	6969.2	0	6076
4	1388	1742.3	0	1388
5	229	435.6	0	229
6	37	108.9	0	37
7	8	27.2	0	8
9	9	1.7	0	0 9
10	11	0.4	1	0 11
11	2	0.1	1	0 2


=== Second read: Adapter PrefixPE/1 ===

Sequence: TACACTCTTTCCCTACACGACGCTCTTCCGATCT; Type: regular 3'; Length: 34; Trimmed: 6664 times

No. of allowed errors:
0-9 bp: 0; 10-19 bp: 1; 20-29 bp: 2; 30-34 bp: 3

Bases preceding removed adapters:
  A: 24.2%
  C: 22.7%
  G: 28.0%
  T: 25.0%
  none/other: 0.0%

Overview of removed sequences
length	count	expect	max.err	error counts
3	4641	6969.2	0	4641
4	1484	1742.3	0	1484
5	393	435.6	0	393
6	72	108.9	0	72
7	18	27.2	0	18
8	3	6.8	0	3
9	19	1.7	0	1 18
10	22	0.4	1	0 22
11	8	0.1	1	0 8
12	2	0.0	1	0 2
13	1	0.0	1	0 1
14	1	0.0	1	0 1


=== Second read: Adapter PrefixPE/2 ===

Sequence: GTGACTGGAGTTCAGACGTGTGCTCTTCCGATCT; Type: regular 3'; Length: 34; Trimmed: 10421 times

No. of allowed errors:
0-9 bp: 0; 10-19 bp: 1; 20-29 bp: 2; 30-34 bp: 3

Bases preceding removed adapters:
  A: 23.5%
  C: 23.8%
  G: 30.1%
  T: 22.5%
  none/other: 0.0%

Overview of removed sequences
length	count	expect	max.err	error counts
3	8419	6969.2	0	8419
4	1476	1742.3	0	1476
5	248	435.6	0	248
6	49	108.9	0	49
7	19	27.2	0	19
8	1	6.8	0	1
9	14	1.7	0	2 12
10	7	0.4	1	0 7
11	4	0.1	1	0 4
20	1	0.0	2	0 1
92	2	0.0	3	0 0 1 1
93	172	0.0	3	0 21 64 87
94	9	0.0	3	0 0 4 5
