This is cutadapt 2.9 with Python 3.6.6
Command line parameters: --interleaved -a file:/nas02/apps/trimmomatic-0.36/Trimmomatic-0.36/adapters/TruSeq3-PE.fa -A file:/nas02/apps/trimmomatic-0.36/Trimmomatic-0.36/adapters/TruSeq3-PE.fa -m 30 /nas/longleaf/home/zpopkinh/Pvivax_resources/wgs_pe_improved_global/fastq/SRS2745934/SRR6361418_1.fastq.gz /nas/longleaf/home/zpopkinh/Pvivax_resources/wgs_pe_improved_global/fastq/SRS2745934/SRR6361418_2.fastq.gz
Processing reads on 1 core in paired-end mode ...
Finished in 1936.18 s (67 us/read; 0.89 M reads/minute).

=== Summary ===

Total read pairs processed:         28,729,209
  Read 1 with adapter:                 885,960 (3.1%)
  Read 2 with adapter:               1,487,440 (5.2%)
Pairs written (passing filters):    28,729,209 (100.0%)

Total basepairs processed: 5,745,841,800 bp
  Read 1: 2,872,920,900 bp
  Read 2: 2,872,920,900 bp
Total written (filtered):  5,737,438,917 bp (99.9%)
  Read 1: 2,869,627,597 bp
  Read 2: 2,867,811,320 bp

=== First read: Adapter PrefixPE/1 ===

Sequence: TACACTCTTTCCCTACACGACGCTCTTCCGATCT; Type: regular 3'; Length: 34; Trimmed: 671241 times

No. of allowed errors:
0-9 bp: 0; 10-19 bp: 1; 20-29 bp: 2; 30-34 bp: 3

Bases preceding removed adapters:
  A: 82.5%
  C: 5.8%
  G: 5.2%
  T: 6.4%
  none/other: 0.0%
WARNING:
    The adapter is preceded by "A" extremely often.
    The provided adapter sequence could be incomplete at its 3' end.

Overview of removed sequences
length	count	expect	max.err	error counts
3	291434	448893.9	0	291434
4	199913	112223.5	0	199913
5	177486	28055.9	0	177486
6	1188	7014.0	0	1188
7	296	1753.5	0	296
8	78	438.4	0	78
9	252	109.6	0	20 232
10	430	27.4	1	0 430
11	139	6.8	1	0 139
12	23	1.7	1	0 23
14	2	0.1	1	0 2


=== First read: Adapter PrefixPE/2 ===

Sequence: GTGACTGGAGTTCAGACGTGTGCTCTTCCGATCT; Type: regular 3'; Length: 34; Trimmed: 214719 times

No. of allowed errors:
0-9 bp: 0; 10-19 bp: 1; 20-29 bp: 2; 30-34 bp: 3

Bases preceding removed adapters:
  A: 18.1%
  C: 28.5%
  G: 35.1%
  T: 18.4%
  none/other: 0.0%

Overview of removed sequences
length	count	expect	max.err	error counts
3	163706	448893.9	0	163706
4	39146	112223.5	0	39146
5	8712	28055.9	0	8712
6	1722	7014.0	0	1722
7	638	1753.5	0	638
8	84	438.4	0	84
9	320	109.6	0	14 306
10	259	27.4	1	0 259
11	107	6.8	1	1 106
12	10	1.7	1	0 10
13	15	0.4	1	0 15


=== Second read: Adapter PrefixPE/1 ===

Sequence: TACACTCTTTCCCTACACGACGCTCTTCCGATCT; Type: regular 3'; Length: 34; Trimmed: 671723 times

No. of allowed errors:
0-9 bp: 0; 10-19 bp: 1; 20-29 bp: 2; 30-34 bp: 3

Bases preceding removed adapters:
  A: 82.1%
  C: 5.7%
  G: 5.3%
  T: 6.8%
  none/other: 0.0%
WARNING:
    The adapter is preceded by "A" extremely often.
    The provided adapter sequence could be incomplete at its 3' end.

Overview of removed sequences
length	count	expect	max.err	error counts
3	292389	448893.9	0	292389
4	200340	112223.5	0	200340
5	176555	28055.9	0	176555
6	1232	7014.0	0	1232
7	260	1753.5	0	260
8	59	438.4	0	59
9	227	109.6	0	13 214
10	444	27.4	1	9 435
11	159	6.8	1	1 158
12	44	1.7	1	0 44
13	12	0.4	1	0 12
14	2	0.1	1	0 2


=== Second read: Adapter PrefixPE/2 ===

Sequence: GTGACTGGAGTTCAGACGTGTGCTCTTCCGATCT; Type: regular 3'; Length: 34; Trimmed: 815717 times

No. of allowed errors:
0-9 bp: 0; 10-19 bp: 1; 20-29 bp: 2; 30-34 bp: 3

Bases preceding removed adapters:
  A: 46.2%
  C: 9.2%
  G: 37.6%
  T: 7.0%
  none/other: 0.0%

Overview of removed sequences
length	count	expect	max.err	error counts
3	754381	448893.9	0	754381
4	48205	112223.5	0	48205
5	9678	28055.9	0	9678
6	1644	7014.0	0	1644
7	717	1753.5	0	717
8	136	438.4	0	136
9	463	109.6	0	34 429
10	352	27.4	1	26 326
11	83	6.8	1	0 83
12	33	1.7	1	0 33
13	20	0.4	1	0 20
14	5	0.1	1	0 5


WARNING:
    One or more of your adapter sequences may be incomplete.
    Please see the detailed output above.
