This is cutadapt 2.9 with Python 3.6.6
Command line parameters: --interleaved -a file:/nas02/apps/trimmomatic-0.36/Trimmomatic-0.36/adapters/TruSeq3-PE.fa -A file:/nas02/apps/trimmomatic-0.36/Trimmomatic-0.36/adapters/TruSeq3-PE.fa -m 30 /nas/longleaf/home/zpopkinh/Pvivax_resources/wgs_pe_improved_global/fastq/SRS2745934/SRR6361729_1.fastq.gz /nas/longleaf/home/zpopkinh/Pvivax_resources/wgs_pe_improved_global/fastq/SRS2745934/SRR6361729_2.fastq.gz
Processing reads on 1 core in paired-end mode ...
Finished in 12.30 s (87 us/read; 0.69 M reads/minute).

=== Summary ===

Total read pairs processed:            141,632
  Read 1 with adapter:                   5,642 (4.0%)
  Read 2 with adapter:                   8,074 (5.7%)
Pairs written (passing filters):       140,742 (99.4%)

Total basepairs processed:    71,099,264 bp
  Read 1:    35,549,632 bp
  Read 2:    35,549,632 bp
Total written (filtered):     70,607,098 bp (99.3%)
  Read 1:    35,307,487 bp
  Read 2:    35,299,611 bp

=== First read: Adapter PrefixPE/1 ===

Sequence: TACACTCTTTCCCTACACGACGCTCTTCCGATCT; Type: regular 3'; Length: 34; Trimmed: 4667 times

No. of allowed errors:
0-9 bp: 0; 10-19 bp: 1; 20-29 bp: 2; 30-34 bp: 3

Bases preceding removed adapters:
  A: 43.3%
  C: 24.2%
  G: 15.4%
  T: 17.1%
  none/other: 0.0%

Overview of removed sequences
length	count	expect	max.err	error counts
3	1935	2213.0	0	1935
4	1708	553.2	0	1708
5	192	138.3	0	192
6	49	34.6	0	49
7	10	8.6	0	10
8	2	2.2	0	2
9	6	0.5	0	1 5
10	3	0.1	1	0 3
11	3	0.0	1	0 3
193	2	0.0	3	0 0 0 2
194	1	0.0	3	0 0 0 1
195	2	0.0	3	0 0 0 2
197	1	0.0	3	0 0 0 1
219	1	0.0	3	0 0 1
223	32	0.0	3	0 0 0 32
225	1	0.0	3	0 0 0 1
226	2	0.0	3	0 0 0 2
227	1	0.0	3	0 0 0 1
236	16	0.0	3	0 0 0 16
237	26	0.0	3	0 1 3 22
238	216	0.0	3	0 1 32 183
239	319	0.0	3	0 0 42 277
240	59	0.0	3	0 1 1 57
241	13	0.0	3	0 0 0 13
242	7	0.0	3	0 0 0 7
243	15	0.0	3	0 0 3 12
244	3	0.0	3	0 0 0 3
245	21	0.0	3	0 0 10 11
246	15	0.0	3	0 0 1 14
247	1	0.0	3	0 0 0 1
249	3	0.0	3	0 0 1 2
250	2	0.0	3	0 0 0 2


=== First read: Adapter PrefixPE/2 ===

Sequence: GTGACTGGAGTTCAGACGTGTGCTCTTCCGATCT; Type: regular 3'; Length: 34; Trimmed: 975 times

No. of allowed errors:
0-9 bp: 0; 10-19 bp: 1; 20-29 bp: 2; 30-34 bp: 3

Bases preceding removed adapters:
  A: 50.7%
  C: 10.9%
  G: 15.3%
  T: 23.2%
  none/other: 0.0%

Overview of removed sequences
length	count	expect	max.err	error counts
3	680	2213.0	0	680
4	254	553.2	0	254
5	23	138.3	0	23
6	14	34.6	0	14
7	3	8.6	0	3
10	1	0.1	1	0 1


=== Second read: Adapter PrefixPE/1 ===

Sequence: TACACTCTTTCCCTACACGACGCTCTTCCGATCT; Type: regular 3'; Length: 34; Trimmed: 4794 times

No. of allowed errors:
0-9 bp: 0; 10-19 bp: 1; 20-29 bp: 2; 30-34 bp: 3

Bases preceding removed adapters:
  A: 54.4%
  C: 18.7%
  G: 15.9%
  T: 11.0%
  none/other: 0.0%

Overview of removed sequences
length	count	expect	max.err	error counts
3	3171	2213.0	0	3171
4	1026	553.2	0	1026
5	540	138.3	0	540
6	31	34.6	0	31
7	12	8.6	0	12
9	3	0.5	0	0 3
10	9	0.1	1	1 8
11	1	0.0	1	0 1
12	1	0.0	1	0 1


=== Second read: Adapter PrefixPE/2 ===

Sequence: GTGACTGGAGTTCAGACGTGTGCTCTTCCGATCT; Type: regular 3'; Length: 34; Trimmed: 3280 times

No. of allowed errors:
0-9 bp: 0; 10-19 bp: 1; 20-29 bp: 2; 30-34 bp: 3

Bases preceding removed adapters:
  A: 29.3%
  C: 8.6%
  G: 11.5%
  T: 50.6%
  none/other: 0.0%

Overview of removed sequences
length	count	expect	max.err	error counts
3	2706	2213.0	0	2706
4	326	553.2	0	326
5	93	138.3	0	93
6	6	34.6	0	6
7	7	8.6	0	7
10	2	0.1	1	0 2
228	1	0.0	3	0 1
229	1	0.0	3	0 0 1
230	14	0.0	3	0 0 9 5
231	2	0.0	3	0 0 2
232	4	0.0	3	0 0 1 3
233	14	0.0	3	0 11 1 2
234	17	0.0	3	0 7 6 4
235	9	0.0	3	0 2 7
236	28	0.0	3	0 0 21 7
237	19	0.0	3	0 1 7 11
238	12	0.0	3	0 1 3 8
239	4	0.0	3	0 2 1 1
240	3	0.0	3	0 1 1 1
241	2	0.0	3	0 0 0 2
242	6	0.0	3	0 0 3 3
243	1	0.0	3	0 0 0 1
244	1	0.0	3	0 1
245	2	0.0	3	0 0 1 1
