This is cutadapt 2.9 with Python 3.6.6
Command line parameters: --interleaved -a file:/nas02/apps/trimmomatic-0.36/Trimmomatic-0.36/adapters/TruSeq3-PE.fa -A file:/nas02/apps/trimmomatic-0.36/Trimmomatic-0.36/adapters/TruSeq3-PE.fa -m 30 /nas/longleaf/home/zpopkinh/Pvivax_resources/wgs_pe_improved_global/fastq/ERR3813227/ERR3813227_1.fastq.gz /nas/longleaf/home/zpopkinh/Pvivax_resources/wgs_pe_improved_global/fastq/ERR3813227/ERR3813227_2.fastq.gz
Processing reads on 1 core in paired-end mode ...
Finished in 3118.00 s (144 us/read; 0.42 M reads/minute).

=== Summary ===

Total read pairs processed:         21,721,472
  Read 1 with adapter:                 790,131 (3.6%)
  Read 2 with adapter:                 797,881 (3.7%)
Pairs written (passing filters):    21,721,470 (100.0%)

Total basepairs processed: 6,516,441,600 bp
  Read 1: 3,258,220,800 bp
  Read 2: 3,258,220,800 bp
Total written (filtered):  6,511,045,908 bp (99.9%)
  Read 1: 3,255,533,437 bp
  Read 2: 3,255,512,471 bp

=== First read: Adapter PrefixPE/1 ===

Sequence: TACACTCTTTCCCTACACGACGCTCTTCCGATCT; Type: regular 3'; Length: 34; Trimmed: 396845 times

No. of allowed errors:
0-9 bp: 0; 10-19 bp: 1; 20-29 bp: 2; 30-34 bp: 3

Bases preceding removed adapters:
  A: 30.4%
  C: 20.2%
  G: 18.8%
  T: 30.7%
  none/other: 0.0%

Overview of removed sequences
length	count	expect	max.err	error counts
3	261794	339398.0	0	261794
4	106373	84849.5	0	106373
5	18983	21212.4	0	18983
6	4796	5303.1	0	4796
7	909	1325.8	0	909
8	277	331.4	0	277
9	1197	82.9	0	82 1115
10	1827	20.7	1	50 1777
11	546	5.2	1	5 541
12	99	1.3	1	3 96
13	27	0.3	1	0 27
14	9	0.1	1	0 9
15	1	0.0	1	0 1
17	1	0.0	1	0 1
70	1	0.0	3	0 0 0 1
73	1	0.0	3	0 0 0 1
98	1	0.0	3	0 0 1
100	2	0.0	3	0 0 2
101	1	0.0	3	0 0 0 1


=== First read: Adapter PrefixPE/2 ===

Sequence: GTGACTGGAGTTCAGACGTGTGCTCTTCCGATCT; Type: regular 3'; Length: 34; Trimmed: 393286 times

No. of allowed errors:
0-9 bp: 0; 10-19 bp: 1; 20-29 bp: 2; 30-34 bp: 3

Bases preceding removed adapters:
  A: 28.3%
  C: 11.1%
  G: 25.1%
  T: 35.5%
  none/other: 0.0%

Overview of removed sequences
length	count	expect	max.err	error counts
3	298919	339398.0	0	298919
4	75869	84849.5	0	75869
5	12223	21212.4	0	12223
6	3499	5303.1	0	3499
7	901	1325.8	0	901
8	269	331.4	0	269
9	629	82.9	0	61 568
10	666	20.7	1	17 649
11	236	5.2	1	5 231
12	52	1.3	1	0 52
13	12	0.3	1	0 12
14	5	0.1	1	0 5
15	1	0.0	1	0 1
16	3	0.0	1	0 3
142	1	0.0	3	1
148	1	0.0	3	1


=== Second read: Adapter PrefixPE/1 ===

Sequence: TACACTCTTTCCCTACACGACGCTCTTCCGATCT; Type: regular 3'; Length: 34; Trimmed: 395913 times

No. of allowed errors:
0-9 bp: 0; 10-19 bp: 1; 20-29 bp: 2; 30-34 bp: 3

Bases preceding removed adapters:
  A: 30.5%
  C: 20.5%
  G: 18.8%
  T: 30.2%
  none/other: 0.0%

Overview of removed sequences
length	count	expect	max.err	error counts
3	262745	339398.0	0	262745
4	104418	84849.5	0	104418
5	19114	21212.4	0	19114
6	4816	5303.1	0	4816
7	994	1325.8	0	994
8	311	331.4	0	311
9	1098	82.9	0	112 986
10	1686	20.7	1	32 1654
11	563	5.2	1	4 559
12	124	1.3	1	2 122
13	27	0.3	1	0 27
14	6	0.1	1	0 6
15	8	0.0	1	0 8
21	1	0.0	2	0 0 1
88	1	0.0	3	0 0 1
101	1	0.0	3	0 0 0 1


=== Second read: Adapter PrefixPE/2 ===

Sequence: GTGACTGGAGTTCAGACGTGTGCTCTTCCGATCT; Type: regular 3'; Length: 34; Trimmed: 401968 times

No. of allowed errors:
0-9 bp: 0; 10-19 bp: 1; 20-29 bp: 2; 30-34 bp: 3

Bases preceding removed adapters:
  A: 27.6%
  C: 12.8%
  G: 25.5%
  T: 34.1%
  none/other: 0.0%

Overview of removed sequences
length	count	expect	max.err	error counts
3	307351	339398.0	0	307351
4	75596	84849.5	0	75596
5	12763	21212.4	0	12763
6	3607	5303.1	0	3607
7	952	1325.8	0	952
8	181	331.4	0	181
9	581	82.9	0	50 531
10	620	20.7	1	12 608
11	238	5.2	1	3 235
12	62	1.3	1	3 59
13	13	0.3	1	0 13
14	4	0.1	1	0 4
