This is cutadapt 2.9 with Python 3.6.6
Command line parameters: --interleaved -a file:/nas02/apps/trimmomatic-0.36/Trimmomatic-0.36/adapters/TruSeq3-PE.fa -A file:/nas02/apps/trimmomatic-0.36/Trimmomatic-0.36/adapters/TruSeq3-PE.fa -m 30 /nas/longleaf/home/zpopkinh/Pvivax_resources/wgs_pe_improved_global/fastq/SRS2746208/SRR6361543_1.fastq.gz /nas/longleaf/home/zpopkinh/Pvivax_resources/wgs_pe_improved_global/fastq/SRS2746208/SRR6361543_2.fastq.gz
Processing reads on 1 core in paired-end mode ...
Finished in 6906.98 s (75 us/read; 0.80 M reads/minute).

=== Summary ===

Total read pairs processed:         92,113,876
  Read 1 with adapter:               3,641,178 (4.0%)
  Read 2 with adapter:               4,175,174 (4.5%)
Pairs written (passing filters):    92,113,761 (100.0%)

Total basepairs processed: 18,422,775,200 bp
  Read 1: 9,211,387,600 bp
  Read 2: 9,211,387,600 bp
Total written (filtered):  18,394,891,418 bp (99.8%)
  Read 1: 9,198,242,364 bp
  Read 2: 9,196,649,054 bp

=== First read: Adapter PrefixPE/1 ===

Sequence: TACACTCTTTCCCTACACGACGCTCTTCCGATCT; Type: regular 3'; Length: 34; Trimmed: 2477215 times

No. of allowed errors:
0-9 bp: 0; 10-19 bp: 1; 20-29 bp: 2; 30-34 bp: 3

Bases preceding removed adapters:
  A: 70.5%
  C: 9.0%
  G: 9.0%
  T: 11.5%
  none/other: 0.0%

Overview of removed sequences
length	count	expect	max.err	error counts
3	1215267	1439279.3	0	1215267
4	706275	359819.8	0	706275
5	537876	89955.0	0	537876
6	9912	22488.7	0	9912
7	1815	5622.2	0	1815
8	445	1405.5	0	445
9	2303	351.4	0	114 2189
10	2363	87.8	1	88 2275
11	708	22.0	1	4 704
12	212	5.5	1	0 212
13	10	1.4	1	0 10
14	29	0.3	1	0 29


=== First read: Adapter PrefixPE/2 ===

Sequence: GTGACTGGAGTTCAGACGTGTGCTCTTCCGATCT; Type: regular 3'; Length: 34; Trimmed: 1163963 times

No. of allowed errors:
0-9 bp: 0; 10-19 bp: 1; 20-29 bp: 2; 30-34 bp: 3

Bases preceding removed adapters:
  A: 19.7%
  C: 24.9%
  G: 32.2%
  T: 23.2%
  none/other: 0.0%

Overview of removed sequences
length	count	expect	max.err	error counts
3	902285	1439279.3	0	902285
4	204850	359819.8	0	204850
5	42197	89955.0	0	42197
6	7252	22488.7	0	7252
7	3103	5622.2	0	3103
8	433	1405.5	0	433
9	1858	351.4	0	69 1789
10	1304	87.8	1	3 1301
11	495	22.0	1	5 490
12	84	5.5	1	0 84
13	20	1.4	1	0 20
14	9	0.3	1	0 9
79	1	0.0	3	0 0 0 1
81	9	0.0	3	8 1
82	1	0.0	3	1
88	5	0.0	3	5
90	4	0.0	3	4
91	3	0.0	3	3
92	8	0.0	3	4 0 1 3
99	18	0.0	3	18
100	24	0.0	3	0 24


=== Second read: Adapter PrefixPE/1 ===

Sequence: TACACTCTTTCCCTACACGACGCTCTTCCGATCT; Type: regular 3'; Length: 34; Trimmed: 2459331 times

No. of allowed errors:
0-9 bp: 0; 10-19 bp: 1; 20-29 bp: 2; 30-34 bp: 3

Bases preceding removed adapters:
  A: 70.4%
  C: 8.7%
  G: 9.0%
  T: 11.9%
  none/other: 0.0%

Overview of removed sequences
length	count	expect	max.err	error counts
3	1203046	1439279.3	0	1203046
4	704986	359819.8	0	704986
5	533988	89955.0	0	533988
6	9230	22488.7	0	9230
7	1610	5622.2	0	1610
8	535	1405.5	0	535
9	2151	351.4	0	88 2063
10	2504	87.8	1	83 2421
11	913	22.0	1	1 912
12	225	5.5	1	0 225
13	66	1.4	1	0 66
14	21	0.3	1	0 21
15	8	0.1	1	0 8
89	4	0.0	3	4
91	9	0.0	3	9
94	1	0.0	3	1
96	20	0.0	3	13 7
98	4	0.0	3	2 0 0 2
99	1	0.0	3	0 1
100	9	0.0	3	0 9


=== Second read: Adapter PrefixPE/2 ===

Sequence: GTGACTGGAGTTCAGACGTGTGCTCTTCCGATCT; Type: regular 3'; Length: 34; Trimmed: 1715843 times

No. of allowed errors:
0-9 bp: 0; 10-19 bp: 1; 20-29 bp: 2; 30-34 bp: 3

Bases preceding removed adapters:
  A: 33.8%
  C: 17.1%
  G: 31.7%
  T: 17.4%
  none/other: 0.0%

Overview of removed sequences
length	count	expect	max.err	error counts
3	1452212	1439279.3	0	1452212
4	208077	359819.8	0	208077
5	41027	89955.0	0	41027
6	7564	22488.7	0	7564
7	2819	5622.2	0	2819
8	505	1405.5	0	505
9	1678	351.4	0	123 1555
10	1454	87.8	1	7 1447
11	327	22.0	1	0 327
12	136	5.5	1	0 136
13	40	1.4	1	0 40
14	1	0.3	1	0 1
15	3	0.1	1	0 3
