This is cutadapt 2.9 with Python 3.6.6
Command line parameters: --interleaved -a file:/nas02/apps/trimmomatic-0.36/Trimmomatic-0.36/adapters/TruSeq3-PE.fa -A file:/nas02/apps/trimmomatic-0.36/Trimmomatic-0.36/adapters/TruSeq3-PE.fa -m 30 /nas/longleaf/home/zpopkinh/Pvivax_resources/wgs_pe_improved_global/fastq/SRS2910054/SRR6668521_1.fastq.gz /nas/longleaf/home/zpopkinh/Pvivax_resources/wgs_pe_improved_global/fastq/SRS2910054/SRR6668521_2.fastq.gz
Processing reads on 1 core in paired-end mode ...
Finished in 325.86 s (67 us/read; 0.90 M reads/minute).

=== Summary ===

Total read pairs processed:          4,893,889
  Read 1 with adapter:                 208,429 (4.3%)
  Read 2 with adapter:                 225,066 (4.6%)
Pairs written (passing filters):     4,893,889 (100.0%)

Total basepairs processed:   978,777,800 bp
  Read 1:   489,388,900 bp
  Read 2:   489,388,900 bp
Total written (filtered):    977,275,199 bp (99.8%)
  Read 1:   488,661,482 bp
  Read 2:   488,613,717 bp

=== First read: Adapter PrefixPE/1 ===

Sequence: TACACTCTTTCCCTACACGACGCTCTTCCGATCT; Type: regular 3'; Length: 34; Trimmed: 115082 times

No. of allowed errors:
0-9 bp: 0; 10-19 bp: 1; 20-29 bp: 2; 30-34 bp: 3

Bases preceding removed adapters:
  A: 50.9%
  C: 15.0%
  G: 18.1%
  T: 16.0%
  none/other: 0.0%

Overview of removed sequences
length	count	expect	max.err	error counts
3	64723	76467.0	0	64723
4	30380	19116.8	0	30380
5	18313	4779.2	0	18313
6	817	1194.8	0	817
7	218	298.7	0	218
8	84	74.7	0	84
9	206	18.7	0	10 196
10	209	4.7	1	5 204
11	100	1.2	1	0 100
12	20	0.3	1	0 20
13	8	0.1	1	0 8
14	4	0.0	1	0 4


=== First read: Adapter PrefixPE/2 ===

Sequence: GTGACTGGAGTTCAGACGTGTGCTCTTCCGATCT; Type: regular 3'; Length: 34; Trimmed: 93347 times

No. of allowed errors:
0-9 bp: 0; 10-19 bp: 1; 20-29 bp: 2; 30-34 bp: 3

Bases preceding removed adapters:
  A: 22.5%
  C: 19.5%
  G: 29.5%
  T: 28.5%
  none/other: 0.0%

Overview of removed sequences
length	count	expect	max.err	error counts
3	72267	76467.0	0	72267
4	16964	19116.8	0	16964
5	2885	4779.2	0	2885
6	804	1194.8	0	804
7	168	298.7	0	168
8	23	74.7	0	23
9	75	18.7	0	7 68
10	104	4.7	1	3 101
11	47	1.2	1	1 46
12	8	0.3	1	0 8
13	2	0.1	1	0 2


=== Second read: Adapter PrefixPE/1 ===

Sequence: TACACTCTTTCCCTACACGACGCTCTTCCGATCT; Type: regular 3'; Length: 34; Trimmed: 114060 times

No. of allowed errors:
0-9 bp: 0; 10-19 bp: 1; 20-29 bp: 2; 30-34 bp: 3

Bases preceding removed adapters:
  A: 50.7%
  C: 15.3%
  G: 18.1%
  T: 16.0%
  none/other: 0.0%

Overview of removed sequences
length	count	expect	max.err	error counts
3	64185	76467.0	0	64185
4	30317	19116.8	0	30317
5	17929	4779.2	0	17929
6	841	1194.8	0	841
7	205	298.7	0	205
8	81	74.7	0	81
9	213	18.7	0	13 200
10	187	4.7	1	9 178
11	73	1.2	1	1 72
12	22	0.3	1	0 22
13	2	0.1	1	0 2
14	5	0.0	1	0 5


=== Second read: Adapter PrefixPE/2 ===

Sequence: GTGACTGGAGTTCAGACGTGTGCTCTTCCGATCT; Type: regular 3'; Length: 34; Trimmed: 111006 times

No. of allowed errors:
0-9 bp: 0; 10-19 bp: 1; 20-29 bp: 2; 30-34 bp: 3

Bases preceding removed adapters:
  A: 25.4%
  C: 16.4%
  G: 28.4%
  T: 29.8%
  none/other: 0.0%

Overview of removed sequences
length	count	expect	max.err	error counts
3	90625	76467.0	0	90625
4	16538	19116.8	0	16538
5	2679	4779.2	0	2679
6	694	1194.8	0	694
7	194	298.7	0	194
8	19	74.7	0	19
9	94	18.7	0	7 87
10	111	4.7	1	1 110
11	43	1.2	1	0 43
12	6	0.3	1	0 6
13	3	0.1	1	0 3
