This is cutadapt 2.9 with Python 3.6.6
Command line parameters: --interleaved -a file:/nas02/apps/trimmomatic-0.36/Trimmomatic-0.36/adapters/TruSeq3-PE.fa -A file:/nas02/apps/trimmomatic-0.36/Trimmomatic-0.36/adapters/TruSeq3-PE.fa -m 30 /nas/longleaf/home/zpopkinh/Pvivax_resources/wgs_pe_improved_global/fastq/SRS2745857/SRR6361335_1.fastq.gz /nas/longleaf/home/zpopkinh/Pvivax_resources/wgs_pe_improved_global/fastq/SRS2745857/SRR6361335_2.fastq.gz
Processing reads on 1 core in paired-end mode ...
Finished in 223.29 s (448 us/read; 0.13 M reads/minute).

=== Summary ===

Total read pairs processed:            498,111
  Read 1 with adapter:                  12,530 (2.5%)
  Read 2 with adapter:                  22,310 (4.5%)
Pairs written (passing filters):       497,934 (100.0%)

Total basepairs processed:   250,051,722 bp
  Read 1:   125,025,861 bp
  Read 2:   125,025,861 bp
Total written (filtered):    249,841,656 bp (99.9%)
  Read 1:   124,936,305 bp
  Read 2:   124,905,351 bp

=== First read: Adapter PrefixPE/1 ===

Sequence: TACACTCTTTCCCTACACGACGCTCTTCCGATCT; Type: regular 3'; Length: 34; Trimmed: 11640 times

No. of allowed errors:
0-9 bp: 0; 10-19 bp: 1; 20-29 bp: 2; 30-34 bp: 3

Bases preceding removed adapters:
  A: 55.5%
  C: 25.3%
  G: 6.1%
  T: 13.1%
  none/other: 0.0%

Overview of removed sequences
length	count	expect	max.err	error counts
3	5483	7783.0	0	5483
4	5342	1945.7	0	5342
5	469	486.4	0	469
6	165	121.6	0	165
7	31	30.4	0	31
8	11	7.6	0	11
9	20	1.9	0	7 13
10	29	0.5	1	1 28
11	9	0.1	1	0 9
12	6	0.0	1	0 6
13	1	0.0	1	0 1
230	3	0.0	3	0 0 0 3
237	3	0.0	3	0 0 0 3
238	1	0.0	3	0 0 0 1
239	51	0.0	3	0 0 4 47
240	3	0.0	3	0 0 0 3
241	2	0.0	3	0 0 0 2
242	1	0.0	3	0 0 0 1
243	2	0.0	3	0 0 0 2
244	6	0.0	3	0 0 0 6
245	2	0.0	3	0 0 0 2


=== First read: Adapter PrefixPE/2 ===

Sequence: GTGACTGGAGTTCAGACGTGTGCTCTTCCGATCT; Type: regular 3'; Length: 34; Trimmed: 890 times

No. of allowed errors:
0-9 bp: 0; 10-19 bp: 1; 20-29 bp: 2; 30-34 bp: 3

Bases preceding removed adapters:
  A: 40.0%
  C: 16.7%
  G: 11.2%
  T: 32.0%
  none/other: 0.0%

Overview of removed sequences
length	count	expect	max.err	error counts
3	607	7783.0	0	607
4	234	1945.7	0	234
5	37	486.4	0	37
6	8	121.6	0	8
7	2	30.4	0	2
9	2	1.9	0	0 2


=== Second read: Adapter PrefixPE/1 ===

Sequence: TACACTCTTTCCCTACACGACGCTCTTCCGATCT; Type: regular 3'; Length: 34; Trimmed: 19384 times

No. of allowed errors:
0-9 bp: 0; 10-19 bp: 1; 20-29 bp: 2; 30-34 bp: 3

Bases preceding removed adapters:
  A: 37.8%
  C: 13.2%
  G: 41.4%
  T: 7.6%
  none/other: 0.0%

Overview of removed sequences
length	count	expect	max.err	error counts
3	13550	7783.0	0	13550
4	3185	1945.7	0	3185
5	2476	486.4	0	2476
6	94	121.6	0	94
7	47	30.4	0	47
8	4	7.6	0	4
9	7	1.9	0	2 5
10	14	0.5	1	1 13
11	3	0.1	1	0 3
12	3	0.0	1	0 3
14	1	0.0	1	0 1


=== Second read: Adapter PrefixPE/2 ===

Sequence: GTGACTGGAGTTCAGACGTGTGCTCTTCCGATCT; Type: regular 3'; Length: 34; Trimmed: 2926 times

No. of allowed errors:
0-9 bp: 0; 10-19 bp: 1; 20-29 bp: 2; 30-34 bp: 3

Bases preceding removed adapters:
  A: 38.8%
  C: 16.7%
  G: 20.0%
  T: 24.6%
  none/other: 0.0%

Overview of removed sequences
length	count	expect	max.err	error counts
3	2433	7783.0	0	2433
4	200	1945.7	0	200
5	155	486.4	0	155
6	20	121.6	0	20
7	11	30.4	0	11
8	2	7.6	0	2
9	1	1.9	0	0 1
12	1	0.0	1	0 1
228	1	0.0	3	0 1
230	2	0.0	3	0 0 2
231	3	0.0	3	0 0 3
232	6	0.0	3	0 0 4 2
233	2	0.0	3	0 2
234	45	0.0	3	0 35 6 4
235	9	0.0	3	0 3 6
236	11	0.0	3	0 0 10 1
237	7	0.0	3	0 2 4 1
238	12	0.0	3	0 0 6 6
239	1	0.0	3	0 0 1
240	2	0.0	3	0 0 1 1
242	1	0.0	3	0 0 1
243	1	0.0	3	0 0 0 1
