This is cutadapt 2.9 with Python 3.6.6
Command line parameters: --interleaved -a file:/nas02/apps/trimmomatic-0.36/Trimmomatic-0.36/adapters/TruSeq3-PE.fa -A file:/nas02/apps/trimmomatic-0.36/Trimmomatic-0.36/adapters/TruSeq3-PE.fa -m 30 /nas/longleaf/home/zpopkinh/Pvivax_resources/wgs_pe_improved_global/fastq/SRS694245/SRR1568201_1.fastq.gz /nas/longleaf/home/zpopkinh/Pvivax_resources/wgs_pe_improved_global/fastq/SRS694245/SRR1568201_2.fastq.gz
Processing reads on 1 core in paired-end mode ...
Finished in 1157.26 s (77 us/read; 0.78 M reads/minute).

=== Summary ===

Total read pairs processed:         14,993,593
  Read 1 with adapter:                 559,337 (3.7%)
  Read 2 with adapter:                 568,843 (3.8%)
Pairs written (passing filters):    14,993,588 (100.0%)

Total basepairs processed: 3,028,705,786 bp
  Read 1: 1,514,352,893 bp
  Read 2: 1,514,352,893 bp
Total written (filtered):  3,024,904,102 bp (99.9%)
  Read 1: 1,512,465,089 bp
  Read 2: 1,512,439,013 bp

=== First read: Adapter PrefixPE/1 ===

Sequence: TACACTCTTTCCCTACACGACGCTCTTCCGATCT; Type: regular 3'; Length: 34; Trimmed: 270705 times

No. of allowed errors:
0-9 bp: 0; 10-19 bp: 1; 20-29 bp: 2; 30-34 bp: 3

Bases preceding removed adapters:
  A: 25.2%
  C: 22.6%
  G: 25.9%
  T: 26.4%
  none/other: 0.0%

Overview of removed sequences
length	count	expect	max.err	error counts
3	182688	234274.9	0	182688
4	65058	58568.7	0	65058
5	16471	14642.2	0	16471
6	3223	3660.5	0	3223
7	822	915.1	0	822
8	192	228.8	0	192
9	760	57.2	0	61 699
10	1065	14.3	1	22 1043
11	360	3.6	1	1 359
12	54	0.9	1	0 54
13	10	0.2	1	0 10
15	2	0.0	1	0 2


=== First read: Adapter PrefixPE/2 ===

Sequence: GTGACTGGAGTTCAGACGTGTGCTCTTCCGATCT; Type: regular 3'; Length: 34; Trimmed: 288632 times

No. of allowed errors:
0-9 bp: 0; 10-19 bp: 1; 20-29 bp: 2; 30-34 bp: 3

Bases preceding removed adapters:
  A: 23.4%
  C: 19.0%
  G: 26.8%
  T: 30.8%
  none/other: 0.0%

Overview of removed sequences
length	count	expect	max.err	error counts
3	225719	234274.9	0	225719
4	50855	58568.7	0	50855
5	8641	14642.2	0	8641
6	2106	3660.5	0	2106
7	511	915.1	0	511
8	85	228.8	0	85
9	302	57.2	0	13 289
10	270	14.3	1	5 265
11	107	3.6	1	0 107
12	26	0.9	1	0 26
13	7	0.2	1	0 7
14	2	0.1	1	0 2
61	1	0.0	3	0 1


=== Second read: Adapter PrefixPE/1 ===

Sequence: TACACTCTTTCCCTACACGACGCTCTTCCGATCT; Type: regular 3'; Length: 34; Trimmed: 268145 times

No. of allowed errors:
0-9 bp: 0; 10-19 bp: 1; 20-29 bp: 2; 30-34 bp: 3

Bases preceding removed adapters:
  A: 25.4%
  C: 22.5%
  G: 25.8%
  T: 26.3%
  none/other: 0.0%

Overview of removed sequences
length	count	expect	max.err	error counts
3	181287	234274.9	0	181287
4	64577	58568.7	0	64577
5	16068	14642.2	0	16068
6	3011	3660.5	0	3011
7	780	915.1	0	780
8	187	228.8	0	187
9	752	57.2	0	58 694
10	1007	14.3	1	29 978
11	358	3.6	1	4 354
12	87	0.9	1	0 87
13	14	0.2	1	0 14
14	4	0.1	1	0 4
15	2	0.0	1	0 2
27	1	0.0	2	0 1
47	1	0.0	3	0 0 1
56	1	0.0	3	0 1
58	2	0.0	3	0 2
61	1	0.0	3	0 1
82	1	0.0	3	1
83	1	0.0	3	0 0 0 1
84	1	0.0	3	0 1
101	2	0.0	3	0 0 2


=== Second read: Adapter PrefixPE/2 ===

Sequence: GTGACTGGAGTTCAGACGTGTGCTCTTCCGATCT; Type: regular 3'; Length: 34; Trimmed: 300698 times

No. of allowed errors:
0-9 bp: 0; 10-19 bp: 1; 20-29 bp: 2; 30-34 bp: 3

Bases preceding removed adapters:
  A: 23.2%
  C: 21.8%
  G: 25.6%
  T: 29.4%
  none/other: 0.0%

Overview of removed sequences
length	count	expect	max.err	error counts
3	237968	234274.9	0	237968
4	50844	58568.7	0	50844
5	8699	14642.2	0	8699
6	1893	3660.5	0	1893
7	482	915.1	0	482
8	75	228.8	0	75
9	311	57.2	0	23 288
10	276	14.3	1	8 268
11	111	3.6	1	4 107
12	29	0.9	1	0 29
13	7	0.2	1	0 7
22	1	0.0	2	0 0 1
49	1	0.0	3	0 1
52	1	0.0	3	0 0 0 1
