This is cutadapt 2.9 with Python 3.6.6
Command line parameters: --interleaved -a file:/nas02/apps/trimmomatic-0.36/Trimmomatic-0.36/adapters/TruSeq3-PE.fa -A file:/nas02/apps/trimmomatic-0.36/Trimmomatic-0.36/adapters/TruSeq3-PE.fa -m 30 /nas/longleaf/home/zpopkinh/Pvivax_resources/wgs_pe_improved_global/fastq/SRR10969368/SRR10969368_1.fastq.gz /nas/longleaf/home/zpopkinh/Pvivax_resources/wgs_pe_improved_global/fastq/SRR10969368/SRR10969368_2.fastq.gz
Processing reads on 1 core in paired-end mode ...
Finished in 1129.05 s (134 us/read; 0.45 M reads/minute).

=== Summary ===

Total read pairs processed:          8,443,602
  Read 1 with adapter:                 312,040 (3.7%)
  Read 2 with adapter:                 313,879 (3.7%)
Pairs written (passing filters):     8,443,602 (100.0%)

Total basepairs processed: 2,533,080,600 bp
  Read 1: 1,266,540,300 bp
  Read 2: 1,266,540,300 bp
Total written (filtered):  2,530,943,080 bp (99.9%)
  Read 1: 1,265,473,977 bp
  Read 2: 1,265,469,103 bp

=== First read: Adapter PrefixPE/1 ===

Sequence: TACACTCTTTCCCTACACGACGCTCTTCCGATCT; Type: regular 3'; Length: 34; Trimmed: 147862 times

No. of allowed errors:
0-9 bp: 0; 10-19 bp: 1; 20-29 bp: 2; 30-34 bp: 3

Bases preceding removed adapters:
  A: 30.4%
  C: 21.9%
  G: 16.6%
  T: 31.1%
  none/other: 0.0%

Overview of removed sequences
length	count	expect	max.err	error counts
3	96801	131931.3	0	96801
4	40507	32982.8	0	40507
5	6682	8245.7	0	6682
6	1861	2061.4	0	1861
7	397	515.4	0	397
8	111	128.8	0	111
9	418	32.2	0	31 387
10	801	8.1	1	26 775
11	208	2.0	1	4 204
12	57	0.5	1	2 55
13	16	0.1	1	0 16
14	1	0.0	1	0 1
16	1	0.0	1	0 1
94	1	0.0	3	0 1


=== First read: Adapter PrefixPE/2 ===

Sequence: GTGACTGGAGTTCAGACGTGTGCTCTTCCGATCT; Type: regular 3'; Length: 34; Trimmed: 164178 times

No. of allowed errors:
0-9 bp: 0; 10-19 bp: 1; 20-29 bp: 2; 30-34 bp: 3

Bases preceding removed adapters:
  A: 30.7%
  C: 7.4%
  G: 25.2%
  T: 36.7%
  none/other: 0.0%

Overview of removed sequences
length	count	expect	max.err	error counts
3	122034	131931.3	0	122034
4	33284	32982.8	0	33284
5	5690	8245.7	0	5690
6	1782	2061.4	0	1782
7	464	515.4	0	464
8	129	128.8	0	129
9	305	32.2	0	32 273
10	316	8.1	1	9 307
11	114	2.0	1	3 111
12	41	0.5	1	1 40
13	11	0.1	1	1 10
14	5	0.0	1	0 5
15	1	0.0	1	0 1
16	1	0.0	1	0 1
18	1	0.0	1	0 0 1


=== Second read: Adapter PrefixPE/1 ===

Sequence: TACACTCTTTCCCTACACGACGCTCTTCCGATCT; Type: regular 3'; Length: 34; Trimmed: 148701 times

No. of allowed errors:
0-9 bp: 0; 10-19 bp: 1; 20-29 bp: 2; 30-34 bp: 3

Bases preceding removed adapters:
  A: 30.7%
  C: 21.6%
  G: 16.8%
  T: 30.9%
  none/other: 0.0%

Overview of removed sequences
length	count	expect	max.err	error counts
3	97506	131931.3	0	97506
4	40546	32982.8	0	40546
5	6731	8245.7	0	6731
6	1939	2061.4	0	1939
7	387	515.4	0	387
8	113	128.8	0	113
9	403	32.2	0	44 359
10	796	8.1	1	22 774
11	212	2.0	1	3 209
12	42	0.5	1	0 42
13	18	0.1	1	0 18
14	7	0.0	1	0 7
15	1	0.0	1	0 1


=== Second read: Adapter PrefixPE/2 ===

Sequence: GTGACTGGAGTTCAGACGTGTGCTCTTCCGATCT; Type: regular 3'; Length: 34; Trimmed: 165178 times

No. of allowed errors:
0-9 bp: 0; 10-19 bp: 1; 20-29 bp: 2; 30-34 bp: 3

Bases preceding removed adapters:
  A: 30.4%
  C: 8.0%
  G: 25.5%
  T: 36.1%
  none/other: 0.0%

Overview of removed sequences
length	count	expect	max.err	error counts
3	123497	131931.3	0	123497
4	32990	32982.8	0	32990
5	5590	8245.7	0	5590
6	1754	2061.4	0	1754
7	463	515.4	0	463
8	105	128.8	0	105
9	280	32.2	0	34 246
10	338	8.1	1	3 335
11	113	2.0	1	4 109
12	37	0.5	1	0 37
13	7	0.1	1	0 7
15	2	0.0	1	0 2
16	1	0.0	1	0 1
93	1	0.0	3	0 0 0 1
