This is cutadapt 2.9 with Python 3.6.6
Command line parameters: --interleaved -a file:/nas02/apps/trimmomatic-0.36/Trimmomatic-0.36/adapters/TruSeq3-PE.fa -A file:/nas02/apps/trimmomatic-0.36/Trimmomatic-0.36/adapters/TruSeq3-PE.fa -m 30 /nas/longleaf/home/zpopkinh/Pvivax_resources/new_seqs_2021/fastq/MDP6054/MDP6054_1.fastq.gz /nas/longleaf/home/zpopkinh/Pvivax_resources/new_seqs_2021/fastq/MDP6054/MDP6054_2.fastq.gz
Processing reads on 1 core in paired-end mode ...
Finished in 726.46 s (163 us/read; 0.37 M reads/minute).

=== Summary ===

Total read pairs processed:          4,459,741
  Read 1 with adapter:                 126,279 (2.8%)
  Read 2 with adapter:                 176,078 (3.9%)
Pairs written (passing filters):     4,459,739 (100.0%)

Total basepairs processed: 1,337,922,300 bp
  Read 1:   668,961,150 bp
  Read 2:   668,961,150 bp
Total written (filtered):  1,336,924,519 bp (99.9%)
  Read 1:   668,535,942 bp
  Read 2:   668,388,577 bp

=== First read: Adapter PrefixPE/1 ===

Sequence: TACACTCTTTCCCTACACGACGCTCTTCCGATCT; Type: regular 3'; Length: 34; Trimmed: 60418 times

No. of allowed errors:
0-9 bp: 0; 10-19 bp: 1; 20-29 bp: 2; 30-34 bp: 3

Bases preceding removed adapters:
  A: 24.6%
  C: 22.8%
  G: 24.5%
  T: 28.1%
  none/other: 0.0%

Overview of removed sequences
length	count	expect	max.err	error counts
3	41206	69683.5	0	41206
4	14240	17420.9	0	14240
5	3571	4355.2	0	3571
6	681	1088.8	0	681
7	161	272.2	0	161
8	39	68.1	0	39
9	227	17.0	0	13 214
10	195	4.3	1	8 187
11	74	1.1	1	1 73
12	15	0.3	1	0 15
13	6	0.1	1	0 6
14	1	0.0	1	0 1
15	1	0.0	1	0 1
123	1	0.0	3	0 1


=== First read: Adapter PrefixPE/2 ===

Sequence: GTGACTGGAGTTCAGACGTGTGCTCTTCCGATCT; Type: regular 3'; Length: 34; Trimmed: 65861 times

No. of allowed errors:
0-9 bp: 0; 10-19 bp: 1; 20-29 bp: 2; 30-34 bp: 3

Bases preceding removed adapters:
  A: 22.7%
  C: 19.0%
  G: 28.3%
  T: 30.0%
  none/other: 0.0%

Overview of removed sequences
length	count	expect	max.err	error counts
3	51910	69683.5	0	51910
4	11231	17420.9	0	11231
5	1943	4355.2	0	1943
6	456	1088.8	0	456
7	126	272.2	0	126
8	22	68.1	0	22
9	81	17.0	0	4 77
10	61	4.3	1	1 60
11	21	1.1	1	0 21
12	7	0.3	1	0 7
13	3	0.1	1	0 3


=== Second read: Adapter PrefixPE/1 ===

Sequence: TACACTCTTTCCCTACACGACGCTCTTCCGATCT; Type: regular 3'; Length: 34; Trimmed: 57392 times

No. of allowed errors:
0-9 bp: 0; 10-19 bp: 1; 20-29 bp: 2; 30-34 bp: 3

Bases preceding removed adapters:
  A: 25.6%
  C: 23.1%
  G: 24.9%
  T: 26.4%
  none/other: 0.0%

Overview of removed sequences
length	count	expect	max.err	error counts
3	39011	69683.5	0	39011
4	13628	17420.9	0	13628
5	3427	4355.2	0	3427
6	680	1088.8	0	680
7	154	272.2	0	154
8	22	68.1	0	22
9	168	17.0	0	15 153
10	192	4.3	1	4 188
11	80	1.1	1	0 80
12	21	0.3	1	0 21
13	6	0.1	1	0 6
14	3	0.0	1	0 3


=== Second read: Adapter PrefixPE/2 ===

Sequence: GTGACTGGAGTTCAGACGTGTGCTCTTCCGATCT; Type: regular 3'; Length: 34; Trimmed: 118686 times

No. of allowed errors:
0-9 bp: 0; 10-19 bp: 1; 20-29 bp: 2; 30-34 bp: 3

Bases preceding removed adapters:
  A: 24.5%
  C: 34.4%
  G: 25.1%
  T: 16.0%
  none/other: 0.0%

Overview of removed sequences
length	count	expect	max.err	error counts
3	105308	69683.5	0	105308
4	10795	17420.9	0	10795
5	1860	4355.2	0	1860
6	429	1088.8	0	429
7	99	272.2	0	99
8	28	68.1	0	28
9	76	17.0	0	5 71
10	57	4.3	1	2 55
11	27	1.1	1	0 27
12	4	0.3	1	0 4
13	1	0.1	1	0 1
68	1	0.0	3	0 1
122	1	0.0	3	1
