This is cutadapt 2.9 with Python 3.6.6
Command line parameters: --interleaved -a file:/nas02/apps/trimmomatic-0.36/Trimmomatic-0.36/adapters/TruSeq3-PE.fa -A file:/nas02/apps/trimmomatic-0.36/Trimmomatic-0.36/adapters/TruSeq3-PE.fa -m 30 /nas/longleaf/home/zpopkinh/Pvivax_resources/wgs_pe_improved_global/fastq/ERS989833/ERR1475441_1.fastq.gz /nas/longleaf/home/zpopkinh/Pvivax_resources/wgs_pe_improved_global/fastq/ERS989833/ERR1475441_2.fastq.gz
Processing reads on 1 core in paired-end mode ...
Finished in 788.65 s (92 us/read; 0.65 M reads/minute).

=== Summary ===

Total read pairs processed:          8,581,191
  Read 1 with adapter:                 318,184 (3.7%)
  Read 2 with adapter:                 314,925 (3.7%)
Pairs written (passing filters):     8,581,190 (100.0%)

Total basepairs processed: 1,716,238,200 bp
  Read 1:   858,119,100 bp
  Read 2:   858,119,100 bp
Total written (filtered):  1,714,101,248 bp (99.9%)
  Read 1:   857,044,840 bp
  Read 2:   857,056,408 bp

=== First read: Adapter PrefixPE/1 ===

Sequence: TACACTCTTTCCCTACACGACGCTCTTCCGATCT; Type: regular 3'; Length: 34; Trimmed: 164572 times

No. of allowed errors:
0-9 bp: 0; 10-19 bp: 1; 20-29 bp: 2; 30-34 bp: 3

Bases preceding removed adapters:
  A: 27.9%
  C: 19.5%
  G: 23.8%
  T: 28.8%
  none/other: 0.0%

Overview of removed sequences
length	count	expect	max.err	error counts
3	110067	134081.1	0	110067
4	41777	33520.3	0	41777
5	9036	8380.1	0	9036
6	1926	2095.0	0	1926
7	400	523.8	0	400
8	109	130.9	0	109
9	453	32.7	0	29 424
10	559	8.2	1	17 542
11	199	2.0	1	1 198
12	35	0.5	1	0 35
13	4	0.1	1	0 4
14	5	0.0	1	0 5
15	1	0.0	1	0 1
77	1	0.0	3	0 0 1


=== First read: Adapter PrefixPE/2 ===

Sequence: GTGACTGGAGTTCAGACGTGTGCTCTTCCGATCT; Type: regular 3'; Length: 34; Trimmed: 153612 times

No. of allowed errors:
0-9 bp: 0; 10-19 bp: 1; 20-29 bp: 2; 30-34 bp: 3

Bases preceding removed adapters:
  A: 23.7%
  C: 18.5%
  G: 25.9%
  T: 31.9%
  none/other: 0.0%

Overview of removed sequences
length	count	expect	max.err	error counts
3	119826	134081.1	0	119826
4	27776	33520.3	0	27776
5	4381	8380.1	0	4381
6	973	2095.0	0	973
7	233	523.8	0	233
8	40	130.9	0	40
9	155	32.7	0	10 145
10	163	8.2	1	2 161
11	55	2.0	1	1 54
12	6	0.5	1	0 6
13	4	0.1	1	0 4


=== Second read: Adapter PrefixPE/1 ===

Sequence: TACACTCTTTCCCTACACGACGCTCTTCCGATCT; Type: regular 3'; Length: 34; Trimmed: 163901 times

No. of allowed errors:
0-9 bp: 0; 10-19 bp: 1; 20-29 bp: 2; 30-34 bp: 3

Bases preceding removed adapters:
  A: 28.0%
  C: 19.5%
  G: 23.6%
  T: 28.9%
  none/other: 0.0%

Overview of removed sequences
length	count	expect	max.err	error counts
3	109550	134081.1	0	109550
4	41726	33520.3	0	41726
5	9043	8380.1	0	9043
6	1881	2095.0	0	1881
7	390	523.8	0	390
8	83	130.9	0	83
9	478	32.7	0	41 437
10	546	8.2	1	12 534
11	161	2.0	1	1 160
12	28	0.5	1	0 28
13	10	0.1	1	1 9
14	4	0.0	1	0 4
78	1	0.0	3	0 0 1


=== Second read: Adapter PrefixPE/2 ===

Sequence: GTGACTGGAGTTCAGACGTGTGCTCTTCCGATCT; Type: regular 3'; Length: 34; Trimmed: 151024 times

No. of allowed errors:
0-9 bp: 0; 10-19 bp: 1; 20-29 bp: 2; 30-34 bp: 3

Bases preceding removed adapters:
  A: 23.7%
  C: 18.4%
  G: 26.0%
  T: 31.8%
  none/other: 0.0%

Overview of removed sequences
length	count	expect	max.err	error counts
3	118203	134081.1	0	118203
4	26994	33520.3	0	26994
5	4189	8380.1	0	4189
6	986	2095.0	0	986
7	244	523.8	0	244
8	31	130.9	0	31
9	166	32.7	0	11 155
10	143	8.2	1	3 140
11	57	2.0	1	0 57
12	8	0.5	1	0 8
13	3	0.1	1	0 3
