This is cutadapt 2.9 with Python 3.6.6
Command line parameters: --interleaved -a file:/nas02/apps/trimmomatic-0.36/Trimmomatic-0.36/adapters/TruSeq3-PE.fa -A file:/nas02/apps/trimmomatic-0.36/Trimmomatic-0.36/adapters/TruSeq3-PE.fa -m 30 /nas/longleaf/home/zpopkinh/Pvivax_resources/wgs_pe_improved_global/fastq/SRS2745840/SRR6361712_1.fastq.gz /nas/longleaf/home/zpopkinh/Pvivax_resources/wgs_pe_improved_global/fastq/SRS2745840/SRR6361712_2.fastq.gz
Processing reads on 1 core in paired-end mode ...
Finished in 14.14 s (84 us/read; 0.72 M reads/minute).

=== Summary ===

Total read pairs processed:            169,219
  Read 1 with adapter:                   5,823 (3.4%)
  Read 2 with adapter:                   7,358 (4.3%)
Pairs written (passing filters):       168,695 (99.7%)

Total basepairs processed:    84,947,938 bp
  Read 1:    42,473,969 bp
  Read 2:    42,473,969 bp
Total written (filtered):     84,639,092 bp (99.6%)
  Read 1:    42,321,842 bp
  Read 2:    42,317,250 bp

=== First read: Adapter PrefixPE/1 ===

Sequence: TACACTCTTTCCCTACACGACGCTCTTCCGATCT; Type: regular 3'; Length: 34; Trimmed: 5262 times

No. of allowed errors:
0-9 bp: 0; 10-19 bp: 1; 20-29 bp: 2; 30-34 bp: 3

Bases preceding removed adapters:
  A: 50.2%
  C: 25.2%
  G: 10.5%
  T: 14.1%
  none/other: 0.0%

Overview of removed sequences
length	count	expect	max.err	error counts
3	2433	2644.0	0	2433
4	2245	661.0	0	2245
5	208	165.3	0	208
6	90	41.3	0	90
7	14	10.3	0	14
8	2	2.6	0	2
9	8	0.6	0	3 5
10	12	0.2	1	0 12
11	3	0.0	1	0 3
12	2	0.0	1	0 2
149	1	0.0	3	0 0 0 1
194	1	0.0	3	0 0 0 1
197	1	0.0	3	0 0 0 1
238	2	0.0	3	0 0 0 2
239	220	0.0	3	0 0 20 200
240	12	0.0	3	0 0 0 12
241	5	0.0	3	0 0 0 5
243	3	0.0	3	0 0 0 3


=== First read: Adapter PrefixPE/2 ===

Sequence: GTGACTGGAGTTCAGACGTGTGCTCTTCCGATCT; Type: regular 3'; Length: 34; Trimmed: 561 times

No. of allowed errors:
0-9 bp: 0; 10-19 bp: 1; 20-29 bp: 2; 30-34 bp: 3

Bases preceding removed adapters:
  A: 39.2%
  C: 14.1%
  G: 13.4%
  T: 33.3%
  none/other: 0.0%

Overview of removed sequences
length	count	expect	max.err	error counts
3	396	2644.0	0	396
4	139	661.0	0	139
5	19	165.3	0	19
6	5	41.3	0	5
9	2	0.6	0	0 2


=== Second read: Adapter PrefixPE/1 ===

Sequence: TACACTCTTTCCCTACACGACGCTCTTCCGATCT; Type: regular 3'; Length: 34; Trimmed: 5940 times

No. of allowed errors:
0-9 bp: 0; 10-19 bp: 1; 20-29 bp: 2; 30-34 bp: 3

Bases preceding removed adapters:
  A: 47.3%
  C: 19.3%
  G: 23.9%
  T: 9.4%
  none/other: 0.0%

Overview of removed sequences
length	count	expect	max.err	error counts
3	3506	2644.0	0	3506
4	1389	661.0	0	1389
5	966	165.3	0	966
6	45	41.3	0	45
7	12	10.3	0	12
8	3	2.6	0	3
9	4	0.6	0	1 3
10	12	0.2	1	0 12
11	2	0.0	1	0 2
13	1	0.0	1	0 1


=== Second read: Adapter PrefixPE/2 ===

Sequence: GTGACTGGAGTTCAGACGTGTGCTCTTCCGATCT; Type: regular 3'; Length: 34; Trimmed: 1418 times

No. of allowed errors:
0-9 bp: 0; 10-19 bp: 1; 20-29 bp: 2; 30-34 bp: 3

Bases preceding removed adapters:
  A: 38.3%
  C: 15.7%
  G: 11.4%
  T: 34.7%
  none/other: 0.0%

Overview of removed sequences
length	count	expect	max.err	error counts
3	935	2644.0	0	935
4	100	661.0	0	100
5	84	165.3	0	84
6	7	41.3	0	7
7	6	10.3	0	6
8	2	2.6	0	2
10	1	0.2	1	0 1
11	1	0.0	1	0 1
228	1	0.0	3	0 1
230	16	0.0	3	0 0 16
231	2	0.0	3	0 0 2
232	31	0.0	3	0 1 1 29
233	5	0.0	3	0 0 3 2
234	35	0.0	3	0 21 11 3
235	40	0.0	3	0 5 26 9
236	60	0.0	3	0 0 53 7
237	19	0.0	3	0 4 9 6
238	53	0.0	3	0 0 4 49
239	9	0.0	3	0 1 6 2
240	5	0.0	3	0 0 2 3
242	6	0.0	3	0 0 3 3
