This is cutadapt 2.9 with Python 3.6.6
Command line parameters: --interleaved -a file:/nas02/apps/trimmomatic-0.36/Trimmomatic-0.36/adapters/TruSeq3-PE.fa -A file:/nas02/apps/trimmomatic-0.36/Trimmomatic-0.36/adapters/TruSeq3-PE.fa -m 30 /nas/longleaf/home/zpopkinh/Pvivax_resources/wgs_pe_improved_global/fastq/SRS693354/SRR1562614_1.fastq.gz /nas/longleaf/home/zpopkinh/Pvivax_resources/wgs_pe_improved_global/fastq/SRS693354/SRR1562614_2.fastq.gz
Processing reads on 1 core in paired-end mode ...
Finished in 2555.80 s (84 us/read; 0.71 M reads/minute).

=== Summary ===

Total read pairs processed:         30,354,235
  Read 1 with adapter:               1,042,580 (3.4%)
  Read 2 with adapter:               1,155,907 (3.8%)
Pairs written (passing filters):    30,354,172 (100.0%)

Total basepairs processed: 6,131,555,470 bp
  Read 1: 3,065,777,735 bp
  Read 2: 3,065,777,735 bp
Total written (filtered):  6,124,179,279 bp (99.9%)
  Read 1: 3,062,257,568 bp
  Read 2: 3,061,921,711 bp

=== First read: Adapter PrefixPE/1 ===

Sequence: TACACTCTTTCCCTACACGACGCTCTTCCGATCT; Type: regular 3'; Length: 34; Trimmed: 485203 times

No. of allowed errors:
0-9 bp: 0; 10-19 bp: 1; 20-29 bp: 2; 30-34 bp: 3

Bases preceding removed adapters:
  A: 24.5%
  C: 24.4%
  G: 26.8%
  T: 24.2%
  none/other: 0.0%

Overview of removed sequences
length	count	expect	max.err	error counts
3	328847	474284.9	0	328847
4	114184	118571.2	0	114184
5	31172	29642.8	0	31172
6	5810	7410.7	0	5810
7	1475	1852.7	0	1475
8	321	463.2	0	321
9	1278	115.8	0	139 1139
10	1374	28.9	1	53 1321
11	576	7.2	1	11 565
12	127	1.8	1	1 126
13	29	0.5	1	0 29
14	7	0.1	1	0 7
19	1	0.0	1	0 0 1
101	2	0.0	3	0 0 0 2


=== First read: Adapter PrefixPE/2 ===

Sequence: GTGACTGGAGTTCAGACGTGTGCTCTTCCGATCT; Type: regular 3'; Length: 34; Trimmed: 557377 times

No. of allowed errors:
0-9 bp: 0; 10-19 bp: 1; 20-29 bp: 2; 30-34 bp: 3

Bases preceding removed adapters:
  A: 22.7%
  C: 19.9%
  G: 27.8%
  T: 29.5%
  none/other: 0.0%

Overview of removed sequences
length	count	expect	max.err	error counts
3	433298	474284.9	0	433298
4	100449	118571.2	0	100449
5	17268	29642.8	0	17268
6	3677	7410.7	0	3677
7	979	1852.7	0	979
8	144	463.2	0	144
9	744	115.8	0	40 704
10	540	28.9	1	20 520
11	227	7.2	1	2 225
12	37	1.8	1	0 37
13	13	0.5	1	0 13
15	1	0.0	1	0 1


=== Second read: Adapter PrefixPE/1 ===

Sequence: TACACTCTTTCCCTACACGACGCTCTTCCGATCT; Type: regular 3'; Length: 34; Trimmed: 481966 times

No. of allowed errors:
0-9 bp: 0; 10-19 bp: 1; 20-29 bp: 2; 30-34 bp: 3

Bases preceding removed adapters:
  A: 24.5%
  C: 24.2%
  G: 26.8%
  T: 24.5%
  none/other: 0.0%

Overview of removed sequences
length	count	expect	max.err	error counts
3	326484	474284.9	0	326484
4	114325	118571.2	0	114325
5	30682	29642.8	0	30682
6	5580	7410.7	0	5580
7	1370	1852.7	0	1370
8	288	463.2	0	288
9	1272	115.8	0	131 1141
10	1276	28.9	1	51 1225
11	532	7.2	1	6 526
12	109	1.8	1	1 108
13	37	0.5	1	0 37
14	10	0.1	1	0 10
15	1	0.0	1	0 1


=== Second read: Adapter PrefixPE/2 ===

Sequence: GTGACTGGAGTTCAGACGTGTGCTCTTCCGATCT; Type: regular 3'; Length: 34; Trimmed: 673941 times

No. of allowed errors:
0-9 bp: 0; 10-19 bp: 1; 20-29 bp: 2; 30-34 bp: 3

Bases preceding removed adapters:
  A: 21.8%
  C: 31.0%
  G: 23.1%
  T: 24.2%
  none/other: 0.0%

Overview of removed sequences
length	count	expect	max.err	error counts
3	550477	474284.9	0	550477
4	99918	118571.2	0	99918
5	17197	29642.8	0	17197
6	3628	7410.7	0	3628
7	919	1852.7	0	919
8	132	463.2	0	132
9	740	115.8	0	35 705
10	580	28.9	1	12 568
11	229	7.2	1	0 229
12	46	1.8	1	0 46
13	10	0.5	1	0 10
15	1	0.0	1	0 1
19	1	0.0	1	1
36	1	0.0	3	0 0 1
45	1	0.0	3	1
76	2	0.0	3	0 0 1 1
84	1	0.0	3	0 1
85	1	0.0	3	0 0 0 1
87	1	0.0	3	0 0 0 1
95	50	0.0	3	1 14 9 26
96	1	0.0	3	0 0 0 1
97	1	0.0	3	0 1
101	4	0.0	3	0 0 0 4
