This is cutadapt 2.9 with Python 3.6.6
Command line parameters: --interleaved -a file:/nas02/apps/trimmomatic-0.36/Trimmomatic-0.36/adapters/TruSeq3-PE.fa -A file:/nas02/apps/trimmomatic-0.36/Trimmomatic-0.36/adapters/TruSeq3-PE.fa -m 30 /nas/longleaf/home/zpopkinh/Pvivax_resources/wgs_pe_improved_global/fastq/ERS792633/ERR1138873_1.fastq.gz /nas/longleaf/home/zpopkinh/Pvivax_resources/wgs_pe_improved_global/fastq/ERS792633/ERR1138873_2.fastq.gz
Processing reads on 1 core in paired-end mode ...
Finished in 837.75 s (76 us/read; 0.79 M reads/minute).

=== Summary ===

Total read pairs processed:         10,971,130
  Read 1 with adapter:                 399,554 (3.6%)
  Read 2 with adapter:                 393,428 (3.6%)
Pairs written (passing filters):    10,971,130 (100.0%)

Total basepairs processed: 2,194,226,000 bp
  Read 1: 1,097,113,000 bp
  Read 2: 1,097,113,000 bp
Total written (filtered):  2,191,549,503 bp (99.9%)
  Read 1: 1,095,764,557 bp
  Read 2: 1,095,784,946 bp

=== First read: Adapter PrefixPE/1 ===

Sequence: TACACTCTTTCCCTACACGACGCTCTTCCGATCT; Type: regular 3'; Length: 34; Trimmed: 210496 times

No. of allowed errors:
0-9 bp: 0; 10-19 bp: 1; 20-29 bp: 2; 30-34 bp: 3

Bases preceding removed adapters:
  A: 28.5%
  C: 19.0%
  G: 23.5%
  T: 29.0%
  none/other: 0.0%

Overview of removed sequences
length	count	expect	max.err	error counts
3	140333	171423.9	0	140333
4	54087	42856.0	0	54087
5	11325	10714.0	0	11325
6	2422	2678.5	0	2422
7	525	669.6	0	525
8	134	167.4	0	134
9	643	41.9	0	43 600
10	745	10.5	1	17 728
11	217	2.6	1	2 215
12	47	0.7	1	0 47
13	14	0.2	1	0 14
14	4	0.0	1	0 4


=== First read: Adapter PrefixPE/2 ===

Sequence: GTGACTGGAGTTCAGACGTGTGCTCTTCCGATCT; Type: regular 3'; Length: 34; Trimmed: 189058 times

No. of allowed errors:
0-9 bp: 0; 10-19 bp: 1; 20-29 bp: 2; 30-34 bp: 3

Bases preceding removed adapters:
  A: 23.7%
  C: 18.5%
  G: 25.6%
  T: 32.2%
  none/other: 0.0%

Overview of removed sequences
length	count	expect	max.err	error counts
3	148695	171423.9	0	148695
4	33252	42856.0	0	33252
5	5129	10714.0	0	5129
6	1191	2678.5	0	1191
7	270	669.6	0	270
8	47	167.4	0	47
9	217	41.9	0	10 207
10	181	10.5	1	3 178
11	61	2.6	1	0 61
12	13	0.7	1	0 13
13	2	0.2	1	0 2


=== Second read: Adapter PrefixPE/1 ===

Sequence: TACACTCTTTCCCTACACGACGCTCTTCCGATCT; Type: regular 3'; Length: 34; Trimmed: 209091 times

No. of allowed errors:
0-9 bp: 0; 10-19 bp: 1; 20-29 bp: 2; 30-34 bp: 3

Bases preceding removed adapters:
  A: 28.6%
  C: 18.9%
  G: 23.3%
  T: 29.2%
  none/other: 0.0%

Overview of removed sequences
length	count	expect	max.err	error counts
3	139258	171423.9	0	139258
4	53890	42856.0	0	53890
5	11260	10714.0	0	11260
6	2407	2678.5	0	2407
7	476	669.6	0	476
8	128	167.4	0	128
9	653	41.9	0	40 613
10	729	10.5	1	15 714
11	217	2.6	1	2 215
12	54	0.7	1	0 54
13	14	0.2	1	0 14
14	5	0.0	1	0 5


=== Second read: Adapter PrefixPE/2 ===

Sequence: GTGACTGGAGTTCAGACGTGTGCTCTTCCGATCT; Type: regular 3'; Length: 34; Trimmed: 184337 times

No. of allowed errors:
0-9 bp: 0; 10-19 bp: 1; 20-29 bp: 2; 30-34 bp: 3

Bases preceding removed adapters:
  A: 24.0%
  C: 18.3%
  G: 25.7%
  T: 32.1%
  none/other: 0.0%

Overview of removed sequences
length	count	expect	max.err	error counts
3	144764	171423.9	0	144764
4	32618	42856.0	0	32618
5	5117	10714.0	0	5117
6	1150	2678.5	0	1150
7	250	669.6	0	250
8	48	167.4	0	48
9	186	41.9	0	9 177
10	150	10.5	1	3 147
11	40	2.6	1	0 40
12	11	0.7	1	0 11
13	3	0.2	1	0 3
