This is cutadapt 2.9 with Python 3.6.6
Command line parameters: --interleaved -a file:/nas02/apps/trimmomatic-0.36/Trimmomatic-0.36/adapters/TruSeq3-PE.fa -A file:/nas02/apps/trimmomatic-0.36/Trimmomatic-0.36/adapters/TruSeq3-PE.fa -m 30 /nas/longleaf/home/zpopkinh/Pvivax_resources/wgs_pe_improved_global/fastq/SRS693928/SRR1564633_1.fastq.gz /nas/longleaf/home/zpopkinh/Pvivax_resources/wgs_pe_improved_global/fastq/SRS693928/SRR1564633_2.fastq.gz
Processing reads on 1 core in paired-end mode ...
Finished in 0.91 s (47 us/read; 1.29 M reads/minute).

=== Summary ===

Total read pairs processed:             19,497
  Read 1 with adapter:                     566 (2.9%)
  Read 2 with adapter:                     638 (3.3%)
Pairs written (passing filters):        19,497 (100.0%)

Total basepairs processed:     3,938,394 bp
  Read 1:     1,969,197 bp
  Read 2:     1,969,197 bp
Total written (filtered):      3,934,364 bp (99.9%)
  Read 1:     1,967,307 bp
  Read 2:     1,967,057 bp

=== First read: Adapter PrefixPE/1 ===

Sequence: TACACTCTTTCCCTACACGACGCTCTTCCGATCT; Type: regular 3'; Length: 34; Trimmed: 254 times

No. of allowed errors:
0-9 bp: 0; 10-19 bp: 1; 20-29 bp: 2; 30-34 bp: 3

Bases preceding removed adapters:
  A: 36.2%
  C: 28.0%
  G: 17.7%
  T: 18.1%
  none/other: 0.0%

Overview of removed sequences
length	count	expect	max.err	error counts
3	163	304.6	0	163
4	65	76.2	0	65
5	22	19.0	0	22
6	3	4.8	0	3
11	1	0.0	1	0 1


=== First read: Adapter PrefixPE/2 ===

Sequence: GTGACTGGAGTTCAGACGTGTGCTCTTCCGATCT; Type: regular 3'; Length: 34; Trimmed: 312 times

No. of allowed errors:
0-9 bp: 0; 10-19 bp: 1; 20-29 bp: 2; 30-34 bp: 3

Bases preceding removed adapters:
  A: 18.6%
  C: 20.8%
  G: 39.1%
  T: 21.5%
  none/other: 0.0%

Overview of removed sequences
length	count	expect	max.err	error counts
3	263	304.6	0	263
4	39	76.2	0	39
5	6	19.0	0	6
6	3	4.8	0	3
9	1	0.1	0	0 1


=== Second read: Adapter PrefixPE/1 ===

Sequence: TACACTCTTTCCCTACACGACGCTCTTCCGATCT; Type: regular 3'; Length: 34; Trimmed: 289 times

No. of allowed errors:
0-9 bp: 0; 10-19 bp: 1; 20-29 bp: 2; 30-34 bp: 3

Bases preceding removed adapters:
  A: 30.4%
  C: 27.3%
  G: 15.9%
  T: 26.3%
  none/other: 0.0%

Overview of removed sequences
length	count	expect	max.err	error counts
3	187	304.6	0	187
4	78	76.2	0	78
5	20	19.0	0	20
6	3	4.8	0	3
7	1	1.2	0	1


=== Second read: Adapter PrefixPE/2 ===

Sequence: GTGACTGGAGTTCAGACGTGTGCTCTTCCGATCT; Type: regular 3'; Length: 34; Trimmed: 349 times

No. of allowed errors:
0-9 bp: 0; 10-19 bp: 1; 20-29 bp: 2; 30-34 bp: 3

Bases preceding removed adapters:
  A: 23.8%
  C: 31.8%
  G: 24.9%
  T: 19.5%
  none/other: 0.0%

Overview of removed sequences
length	count	expect	max.err	error counts
3	281	304.6	0	281
4	55	76.2	0	55
5	7	19.0	0	7
6	3	4.8	0	3
7	1	1.2	0	1
9	1	0.1	0	0 1
10	1	0.0	1	0 1
