This is cutadapt 2.9 with Python 3.6.6
Command line parameters: --interleaved -a file:/nas02/apps/trimmomatic-0.36/Trimmomatic-0.36/adapters/TruSeq3-PE.fa -A file:/nas02/apps/trimmomatic-0.36/Trimmomatic-0.36/adapters/TruSeq3-PE.fa -m 30 /nas/longleaf/home/zpopkinh/Pvivax_resources/wgs_pe_improved_global/fastq/ERS150862/ERR175557_1.fastq.gz /nas/longleaf/home/zpopkinh/Pvivax_resources/wgs_pe_improved_global/fastq/ERS150862/ERR175557_2.fastq.gz
Processing reads on 1 core in paired-end mode ...
Finished in 132.27 s (86 us/read; 0.70 M reads/minute).

=== Summary ===

Total read pairs processed:          1,535,521
  Read 1 with adapter:                  56,741 (3.7%)
  Read 2 with adapter:                  54,996 (3.6%)
Pairs written (passing filters):     1,535,520 (100.0%)

Total basepairs processed:   307,104,200 bp
  Read 1:   153,552,100 bp
  Read 2:   153,552,100 bp
Total written (filtered):    306,722,991 bp (99.9%)
  Read 1:   153,358,845 bp
  Read 2:   153,364,146 bp

=== First read: Adapter PrefixPE/1 ===

Sequence: TACACTCTTTCCCTACACGACGCTCTTCCGATCT; Type: regular 3'; Length: 34; Trimmed: 30822 times

No. of allowed errors:
0-9 bp: 0; 10-19 bp: 1; 20-29 bp: 2; 30-34 bp: 3

Bases preceding removed adapters:
  A: 29.1%
  C: 16.8%
  G: 26.6%
  T: 27.4%
  none/other: 0.0%

Overview of removed sequences
length	count	expect	max.err	error counts
3	20193	23992.5	0	20193
4	8137	5998.1	0	8137
5	1599	1499.5	0	1599
6	378	374.9	0	378
7	120	93.7	0	120
8	17	23.4	0	17
9	78	5.9	0	8 70
10	238	1.5	1	6 232
11	52	0.4	1	1 51
12	6	0.1	1	0 6
13	2	0.0	1	0 2
14	1	0.0	1	0 1
100	1	0.0	3	0 0 0 1


=== First read: Adapter PrefixPE/2 ===

Sequence: GTGACTGGAGTTCAGACGTGTGCTCTTCCGATCT; Type: regular 3'; Length: 34; Trimmed: 25919 times

No. of allowed errors:
0-9 bp: 0; 10-19 bp: 1; 20-29 bp: 2; 30-34 bp: 3

Bases preceding removed adapters:
  A: 27.3%
  C: 14.6%
  G: 23.3%
  T: 34.8%
  none/other: 0.0%

Overview of removed sequences
length	count	expect	max.err	error counts
3	20377	23992.5	0	20377
4	4586	5998.1	0	4586
5	651	1499.5	0	651
6	163	374.9	0	163
7	20	93.7	0	20
8	4	23.4	0	4
9	59	5.9	0	1 58
10	41	1.5	1	0 41
11	15	0.4	1	0 15
12	2	0.1	1	0 2
13	1	0.0	1	0 1


=== Second read: Adapter PrefixPE/1 ===

Sequence: TACACTCTTTCCCTACACGACGCTCTTCCGATCT; Type: regular 3'; Length: 34; Trimmed: 30433 times

No. of allowed errors:
0-9 bp: 0; 10-19 bp: 1; 20-29 bp: 2; 30-34 bp: 3

Bases preceding removed adapters:
  A: 29.1%
  C: 16.9%
  G: 26.2%
  T: 27.8%
  none/other: 0.0%

Overview of removed sequences
length	count	expect	max.err	error counts
3	19721	23992.5	0	19721
4	8270	5998.1	0	8270
5	1547	1499.5	0	1547
6	379	374.9	0	379
7	100	93.7	0	100
8	19	23.4	0	19
9	65	5.9	0	5 60
10	272	1.5	1	3 269
11	51	0.4	1	0 51
12	5	0.1	1	0 5
13	3	0.0	1	0 3
14	1	0.0	1	0 1


=== Second read: Adapter PrefixPE/2 ===

Sequence: GTGACTGGAGTTCAGACGTGTGCTCTTCCGATCT; Type: regular 3'; Length: 34; Trimmed: 24563 times

No. of allowed errors:
0-9 bp: 0; 10-19 bp: 1; 20-29 bp: 2; 30-34 bp: 3

Bases preceding removed adapters:
  A: 27.3%
  C: 14.8%
  G: 23.1%
  T: 34.8%
  none/other: 0.0%

Overview of removed sequences
length	count	expect	max.err	error counts
3	19131	23992.5	0	19131
4	4456	5998.1	0	4456
5	670	1499.5	0	670
6	180	374.9	0	180
7	28	93.7	0	28
8	5	23.4	0	5
9	57	5.9	0	0 57
10	24	1.5	1	0 24
11	9	0.4	1	1 8
12	3	0.1	1	0 3
