This is cutadapt 2.9 with Python 3.6.6
Command line parameters: --interleaved -a file:/nas02/apps/trimmomatic-0.36/Trimmomatic-0.36/adapters/TruSeq3-PE.fa -A file:/nas02/apps/trimmomatic-0.36/Trimmomatic-0.36/adapters/TruSeq3-PE.fa -m 30 /nas/longleaf/home/zpopkinh/Pvivax_resources/wgs_pe_improved_global/fastq/ERS150862/ERR490258_1.fastq.gz /nas/longleaf/home/zpopkinh/Pvivax_resources/wgs_pe_improved_global/fastq/ERS150862/ERR490258_2.fastq.gz
Processing reads on 1 core in paired-end mode ...
Finished in 7.68 s (45 us/read; 1.32 M reads/minute).

=== Summary ===

Total read pairs processed:            169,451
  Read 1 with adapter:                   6,269 (3.7%)
  Read 2 with adapter:                   6,131 (3.6%)
Pairs written (passing filters):       169,451 (100.0%)

Total basepairs processed:    33,890,200 bp
  Read 1:    16,945,100 bp
  Read 2:    16,945,100 bp
Total written (filtered):     33,847,824 bp (99.9%)
  Read 1:    16,923,643 bp
  Read 2:    16,924,181 bp

=== First read: Adapter PrefixPE/1 ===

Sequence: TACACTCTTTCCCTACACGACGCTCTTCCGATCT; Type: regular 3'; Length: 34; Trimmed: 3457 times

No. of allowed errors:
0-9 bp: 0; 10-19 bp: 1; 20-29 bp: 2; 30-34 bp: 3

Bases preceding removed adapters:
  A: 29.4%
  C: 16.8%
  G: 27.7%
  T: 26.1%
  none/other: 0.0%

Overview of removed sequences
length	count	expect	max.err	error counts
3	2213	2647.7	0	2213
4	945	661.9	0	945
5	188	165.5	0	188
6	50	41.4	0	50
7	14	10.3	0	14
8	1	2.6	0	1
9	7	0.6	0	1 6
10	33	0.2	1	0 33
11	5	0.0	1	0 5
12	1	0.0	1	0 1


=== First read: Adapter PrefixPE/2 ===

Sequence: GTGACTGGAGTTCAGACGTGTGCTCTTCCGATCT; Type: regular 3'; Length: 34; Trimmed: 2812 times

No. of allowed errors:
0-9 bp: 0; 10-19 bp: 1; 20-29 bp: 2; 30-34 bp: 3

Bases preceding removed adapters:
  A: 28.9%
  C: 14.3%
  G: 22.5%
  T: 34.2%
  none/other: 0.0%

Overview of removed sequences
length	count	expect	max.err	error counts
3	2179	2647.7	0	2179
4	536	661.9	0	536
5	64	165.5	0	64
6	22	41.4	0	22
7	2	10.3	0	2
9	5	0.6	0	0 5
10	4	0.2	1	0 4


=== Second read: Adapter PrefixPE/1 ===

Sequence: TACACTCTTTCCCTACACGACGCTCTTCCGATCT; Type: regular 3'; Length: 34; Trimmed: 3410 times

No. of allowed errors:
0-9 bp: 0; 10-19 bp: 1; 20-29 bp: 2; 30-34 bp: 3

Bases preceding removed adapters:
  A: 29.6%
  C: 16.1%
  G: 27.0%
  T: 27.4%
  none/other: 0.0%

Overview of removed sequences
length	count	expect	max.err	error counts
3	2200	2647.7	0	2200
4	929	661.9	0	929
5	175	165.5	0	175
6	49	41.4	0	49
7	21	10.3	0	21
8	3	2.6	0	3
9	2	0.6	0	0 2
10	23	0.2	1	1 22
11	7	0.0	1	0 7
12	1	0.0	1	0 1


=== Second read: Adapter PrefixPE/2 ===

Sequence: GTGACTGGAGTTCAGACGTGTGCTCTTCCGATCT; Type: regular 3'; Length: 34; Trimmed: 2721 times

No. of allowed errors:
0-9 bp: 0; 10-19 bp: 1; 20-29 bp: 2; 30-34 bp: 3

Bases preceding removed adapters:
  A: 26.3%
  C: 14.0%
  G: 24.1%
  T: 35.6%
  none/other: 0.0%

Overview of removed sequences
length	count	expect	max.err	error counts
3	2137	2647.7	0	2137
4	485	661.9	0	485
5	67	165.5	0	67
6	18	41.4	0	18
7	3	10.3	0	3
9	5	0.6	0	0 5
10	3	0.2	1	0 3
11	1	0.0	1	0 1
12	1	0.0	1	0 1
13	1	0.0	1	0 1
