This is cutadapt 2.9 with Python 3.6.6
Command line parameters: --interleaved -a file:/nas02/apps/trimmomatic-0.36/Trimmomatic-0.36/adapters/TruSeq3-PE.fa -A file:/nas02/apps/trimmomatic-0.36/Trimmomatic-0.36/adapters/TruSeq3-PE.fa -m 30 /nas/longleaf/home/zpopkinh/Pvivax_resources/wgs_pe_improved_global/fastq/ERS055894/ERR111726_1.fastq.gz /nas/longleaf/home/zpopkinh/Pvivax_resources/wgs_pe_improved_global/fastq/ERS055894/ERR111726_2.fastq.gz
Processing reads on 1 core in paired-end mode ...
Finished in 1322.18 s (93 us/read; 0.65 M reads/minute).

=== Summary ===

Total read pairs processed:         14,217,867
  Read 1 with adapter:                 521,701 (3.7%)
  Read 2 with adapter:                 517,318 (3.6%)
Pairs written (passing filters):    14,217,860 (100.0%)

Total basepairs processed: 2,843,573,400 bp
  Read 1: 1,421,786,700 bp
  Read 2: 1,421,786,700 bp
Total written (filtered):  2,840,062,850 bp (99.9%)
  Read 1: 1,420,023,810 bp
  Read 2: 1,420,039,040 bp

=== First read: Adapter PrefixPE/1 ===

Sequence: TACACTCTTTCCCTACACGACGCTCTTCCGATCT; Type: regular 3'; Length: 34; Trimmed: 285457 times

No. of allowed errors:
0-9 bp: 0; 10-19 bp: 1; 20-29 bp: 2; 30-34 bp: 3

Bases preceding removed adapters:
  A: 30.0%
  C: 18.0%
  G: 21.8%
  T: 30.1%
  none/other: 0.0%

Overview of removed sequences
length	count	expect	max.err	error counts
3	189921	222154.2	0	189921
4	74348	55538.5	0	74348
5	15020	13884.6	0	15020
6	3270	3471.2	0	3270
7	637	867.8	0	637
8	158	216.9	0	158
9	864	54.2	0	51 813
10	853	13.6	1	7 846
11	302	3.4	1	4 298
12	58	0.8	1	0 58
13	14	0.2	1	1 13
14	4	0.1	1	0 4
70	1	0.0	3	0 0 0 1
100	7	0.0	3	0 0 0 7


=== First read: Adapter PrefixPE/2 ===

Sequence: GTGACTGGAGTTCAGACGTGTGCTCTTCCGATCT; Type: regular 3'; Length: 34; Trimmed: 236244 times

No. of allowed errors:
0-9 bp: 0; 10-19 bp: 1; 20-29 bp: 2; 30-34 bp: 3

Bases preceding removed adapters:
  A: 23.7%
  C: 18.1%
  G: 25.6%
  T: 32.5%
  none/other: 0.0%

Overview of removed sequences
length	count	expect	max.err	error counts
3	184343	222154.2	0	184343
4	43206	55538.5	0	43206
5	6426	13884.6	0	6426
6	1378	3471.2	0	1378
7	339	867.8	0	339
8	44	216.9	0	44
9	215	54.2	0	6 209
10	200	13.6	1	7 193
11	73	3.4	1	0 73
12	14	0.8	1	0 14
13	6	0.2	1	0 6


=== Second read: Adapter PrefixPE/1 ===

Sequence: TACACTCTTTCCCTACACGACGCTCTTCCGATCT; Type: regular 3'; Length: 34; Trimmed: 282310 times

No. of allowed errors:
0-9 bp: 0; 10-19 bp: 1; 20-29 bp: 2; 30-34 bp: 3

Bases preceding removed adapters:
  A: 29.9%
  C: 18.0%
  G: 21.9%
  T: 30.2%
  none/other: 0.0%

Overview of removed sequences
length	count	expect	max.err	error counts
3	188001	222154.2	0	188001
4	73487	55538.5	0	73487
5	14778	13884.6	0	14778
6	3243	3471.2	0	3243
7	599	867.8	0	599
8	126	216.9	0	126
9	886	54.2	0	58 828
10	861	13.6	1	21 840
11	250	3.4	1	3 247
12	60	0.8	1	3 57
13	11	0.2	1	0 11
14	8	0.1	1	0 8


=== Second read: Adapter PrefixPE/2 ===

Sequence: GTGACTGGAGTTCAGACGTGTGCTCTTCCGATCT; Type: regular 3'; Length: 34; Trimmed: 235008 times

No. of allowed errors:
0-9 bp: 0; 10-19 bp: 1; 20-29 bp: 2; 30-34 bp: 3

Bases preceding removed adapters:
  A: 24.2%
  C: 18.1%
  G: 25.4%
  T: 32.4%
  none/other: 0.0%

Overview of removed sequences
length	count	expect	max.err	error counts
3	183266	222154.2	0	183266
4	43015	55538.5	0	43015
5	6408	13884.6	0	6408
6	1424	3471.2	0	1424
7	323	867.8	0	323
8	65	216.9	0	65
9	238	54.2	0	9 229
10	188	13.6	1	1 187
11	68	3.4	1	0 68
12	11	0.8	1	0 11
13	2	0.2	1	0 2
