This is cutadapt 2.9 with Python 3.6.6
Command line parameters: --interleaved -a file:/nas02/apps/trimmomatic-0.36/Trimmomatic-0.36/adapters/TruSeq3-PE.fa -A file:/nas02/apps/trimmomatic-0.36/Trimmomatic-0.36/adapters/TruSeq3-PE.fa -m 30 /nas/longleaf/home/zpopkinh/Pvivax_resources/wgs_pe_improved_global/fastq/ERR5740787/ERR5740787_1.fastq.gz /nas/longleaf/home/zpopkinh/Pvivax_resources/wgs_pe_improved_global/fastq/ERR5740787/ERR5740787_2.fastq.gz
Processing reads on 1 core in paired-end mode ...
Finished in 476.31 s (139 us/read; 0.43 M reads/minute).

=== Summary ===

Total read pairs processed:          3,434,910
  Read 1 with adapter:                 125,570 (3.7%)
  Read 2 with adapter:                 124,853 (3.6%)
Pairs written (passing filters):     3,434,909 (100.0%)

Total basepairs processed: 1,037,342,820 bp
  Read 1:   518,671,410 bp
  Read 2:   518,671,410 bp
Total written (filtered):  1,036,491,406 bp (99.9%)
  Read 1:   518,244,528 bp
  Read 2:   518,246,878 bp

=== First read: Adapter PrefixPE/1 ===

Sequence: TACACTCTTTCCCTACACGACGCTCTTCCGATCT; Type: regular 3'; Length: 34; Trimmed: 62674 times

No. of allowed errors:
0-9 bp: 0; 10-19 bp: 1; 20-29 bp: 2; 30-34 bp: 3

Bases preceding removed adapters:
  A: 28.5%
  C: 20.5%
  G: 21.3%
  T: 29.7%
  none/other: 0.0%

Overview of removed sequences
length	count	expect	max.err	error counts
3	41453	53670.5	0	41453
4	16510	13417.6	0	16510
5	3230	3354.4	0	3230
6	725	838.6	0	725
7	157	209.7	0	157
8	45	52.4	0	45
9	189	13.1	0	21 168
10	252	3.3	1	3 249
11	82	0.8	1	3 79
12	18	0.2	1	0 18
13	7	0.1	1	0 7
14	1	0.0	1	0 1
85	1	0.0	3	0 0 1
95	1	0.0	3	0 0 0 1
96	1	0.0	3	0 0 0 1
98	1	0.0	3	0 1
107	1	0.0	3	0 1


=== First read: Adapter PrefixPE/2 ===

Sequence: GTGACTGGAGTTCAGACGTGTGCTCTTCCGATCT; Type: regular 3'; Length: 34; Trimmed: 62896 times

No. of allowed errors:
0-9 bp: 0; 10-19 bp: 1; 20-29 bp: 2; 30-34 bp: 3

Bases preceding removed adapters:
  A: 27.1%
  C: 13.3%
  G: 25.3%
  T: 34.2%
  none/other: 0.0%

Overview of removed sequences
length	count	expect	max.err	error counts
3	47988	53670.5	0	47988
4	12144	13417.6	0	12144
5	1827	3354.4	0	1827
6	510	838.6	0	510
7	160	209.7	0	160
8	35	52.4	0	35
9	81	13.1	0	9 72
10	100	3.3	1	1 99
11	34	0.8	1	1 33
12	12	0.2	1	0 12
13	4	0.1	1	0 4
14	1	0.0	1	0 1


=== Second read: Adapter PrefixPE/1 ===

Sequence: TACACTCTTTCCCTACACGACGCTCTTCCGATCT; Type: regular 3'; Length: 34; Trimmed: 62160 times

No. of allowed errors:
0-9 bp: 0; 10-19 bp: 1; 20-29 bp: 2; 30-34 bp: 3

Bases preceding removed adapters:
  A: 29.6%
  C: 21.2%
  G: 21.1%
  T: 28.1%
  none/other: 0.0%

Overview of removed sequences
length	count	expect	max.err	error counts
3	40610	53670.5	0	40610
4	16690	13417.6	0	16690
5	3260	3354.4	0	3260
6	825	838.6	0	825
7	197	209.7	0	197
8	33	52.4	0	33
9	191	13.1	0	9 182
10	246	3.3	1	8 238
11	77	0.8	1	1 76
12	26	0.2	1	0 26
13	2	0.1	1	0 2
14	1	0.0	1	0 1
83	1	0.0	3	0 1
127	1	0.0	3	0 1


=== Second read: Adapter PrefixPE/2 ===

Sequence: GTGACTGGAGTTCAGACGTGTGCTCTTCCGATCT; Type: regular 3'; Length: 34; Trimmed: 62693 times

No. of allowed errors:
0-9 bp: 0; 10-19 bp: 1; 20-29 bp: 2; 30-34 bp: 3

Bases preceding removed adapters:
  A: 26.8%
  C: 14.6%
  G: 25.5%
  T: 33.1%
  none/other: 0.0%

Overview of removed sequences
length	count	expect	max.err	error counts
3	48038	53670.5	0	48038
4	11867	13417.6	0	11867
5	1883	3354.4	0	1883
6	532	838.6	0	532
7	143	209.7	0	143
8	43	52.4	0	43
9	83	13.1	0	12 71
10	69	3.3	1	3 66
11	28	0.8	1	0 28
12	6	0.2	1	0 6
86	1	0.0	3	0 0 1
