This is cutadapt 2.9 with Python 3.6.6
Command line parameters: --interleaved -a file:/nas02/apps/trimmomatic-0.36/Trimmomatic-0.36/adapters/TruSeq3-PE.fa -A file:/nas02/apps/trimmomatic-0.36/Trimmomatic-0.36/adapters/TruSeq3-PE.fa -m 30 /nas/longleaf/home/zpopkinh/Pvivax_resources/wgs_pe_improved_global/fastq/ERS2593859/ERR2679000_1.fastq.gz /nas/longleaf/home/zpopkinh/Pvivax_resources/wgs_pe_improved_global/fastq/ERS2593859/ERR2679000_2.fastq.gz
Processing reads on 1 core in paired-end mode ...
Finished in 4686.03 s (149 us/read; 0.40 M reads/minute).

=== Summary ===

Total read pairs processed:         31,540,811
  Read 1 with adapter:               1,081,865 (3.4%)
  Read 2 with adapter:               1,026,347 (3.3%)
Pairs written (passing filters):    31,540,811 (100.0%)

Total basepairs processed: 9,525,324,922 bp
  Read 1: 4,762,662,461 bp
  Read 2: 4,762,662,461 bp
Total written (filtered):  9,518,244,424 bp (99.9%)
  Read 1: 4,759,022,484 bp
  Read 2: 4,759,221,940 bp

=== First read: Adapter PrefixPE/1 ===

Sequence: TACACTCTTTCCCTACACGACGCTCTTCCGATCT; Type: regular 3'; Length: 34; Trimmed: 512916 times

No. of allowed errors:
0-9 bp: 0; 10-19 bp: 1; 20-29 bp: 2; 30-34 bp: 3

Bases preceding removed adapters:
  A: 28.2%
  C: 20.8%
  G: 23.3%
  T: 27.7%
  none/other: 0.0%

Overview of removed sequences
length	count	expect	max.err	error counts
3	343235	492825.2	0	343235
4	131541	123206.3	0	131541
5	27010	30801.6	0	27010
6	5615	7700.4	0	5615
7	1106	1925.1	0	1106
8	232	481.3	0	232
9	1565	120.3	0	112 1453
10	1830	30.1	1	40 1790
11	577	7.5	1	4 573
12	129	1.9	1	3 126
13	35	0.5	1	0 35
14	21	0.1	1	0 21
15	10	0.0	1	0 10
41	1	0.0	3	0 0 1
49	1	0.0	3	1
79	1	0.0	3	0 0 0 1
81	1	0.0	3	0 0 1
86	1	0.0	3	0 0 1
89	1	0.0	3	0 0 0 1
90	1	0.0	3	0 0 1
91	2	0.0	3	0 0 2
100	1	0.0	3	1


=== First read: Adapter PrefixPE/2 ===

Sequence: GTGACTGGAGTTCAGACGTGTGCTCTTCCGATCT; Type: regular 3'; Length: 34; Trimmed: 568949 times

No. of allowed errors:
0-9 bp: 0; 10-19 bp: 1; 20-29 bp: 2; 30-34 bp: 3

Bases preceding removed adapters:
  A: 21.0%
  C: 21.5%
  G: 30.2%
  T: 27.3%
  none/other: 0.0%

Overview of removed sequences
length	count	expect	max.err	error counts
3	448666	492825.2	0	448666
4	96390	123206.3	0	96390
5	18030	30801.6	0	18030
6	3278	7700.4	0	3278
7	869	1925.1	0	869
8	195	481.3	0	195
9	720	120.3	0	55 665
10	565	30.1	1	18 547
11	198	7.5	1	1 197
12	32	1.9	1	0 32
13	3	0.5	1	0 3
14	1	0.1	1	0 1
15	2	0.0	1	0 2


=== Second read: Adapter PrefixPE/1 ===

Sequence: TACACTCTTTCCCTACACGACGCTCTTCCGATCT; Type: regular 3'; Length: 34; Trimmed: 467097 times

No. of allowed errors:
0-9 bp: 0; 10-19 bp: 1; 20-29 bp: 2; 30-34 bp: 3

Bases preceding removed adapters:
  A: 27.3%
  C: 22.2%
  G: 23.4%
  T: 27.0%
  none/other: 0.0%

Overview of removed sequences
length	count	expect	max.err	error counts
3	310660	492825.2	0	310660
4	119710	123206.3	0	119710
5	25699	30801.6	0	25699
6	5350	7700.4	0	5350
7	1189	1925.1	0	1189
8	274	481.3	0	274
9	1573	120.3	0	97 1476
10	1887	30.1	1	56 1831
11	569	7.5	1	3 566
12	133	1.9	1	5 128
13	31	0.5	1	0 31
14	15	0.1	1	0 15
15	7	0.0	1	0 7


=== Second read: Adapter PrefixPE/2 ===

Sequence: GTGACTGGAGTTCAGACGTGTGCTCTTCCGATCT; Type: regular 3'; Length: 34; Trimmed: 559250 times

No. of allowed errors:
0-9 bp: 0; 10-19 bp: 1; 20-29 bp: 2; 30-34 bp: 3

Bases preceding removed adapters:
  A: 20.3%
  C: 22.6%
  G: 30.4%
  T: 26.7%
  none/other: 0.0%

Overview of removed sequences
length	count	expect	max.err	error counts
3	455402	492825.2	0	455402
4	81170	123206.3	0	81170
5	17148	30801.6	0	17148
6	2954	7700.4	0	2954
7	748	1925.1	0	748
8	242	481.3	0	242
9	700	120.3	0	43 657
10	636	30.1	1	22 614
11	203	7.5	1	0 203
12	36	1.9	1	0 36
13	10	0.5	1	0 10
14	1	0.1	1	0 1
