This is cutadapt 2.9 with Python 3.6.6
Command line parameters: --interleaved -a file:/nas02/apps/trimmomatic-0.36/Trimmomatic-0.36/adapters/TruSeq3-PE.fa -A file:/nas02/apps/trimmomatic-0.36/Trimmomatic-0.36/adapters/TruSeq3-PE.fa -m 30 /nas/longleaf/home/zpopkinh/Pvivax_resources/wgs_pe_improved_global/fastq/ERS055885/ERR111717_1.fastq.gz /nas/longleaf/home/zpopkinh/Pvivax_resources/wgs_pe_improved_global/fastq/ERS055885/ERR111717_2.fastq.gz
Processing reads on 1 core in paired-end mode ...
Finished in 442.84 s (90 us/read; 0.67 M reads/minute).

=== Summary ===

Total read pairs processed:          4,937,397
  Read 1 with adapter:                 183,172 (3.7%)
  Read 2 with adapter:                 181,271 (3.7%)
Pairs written (passing filters):     4,937,396 (100.0%)

Total basepairs processed:   987,479,400 bp
  Read 1:   493,739,700 bp
  Read 2:   493,739,700 bp
Total written (filtered):    986,250,204 bp (99.9%)
  Read 1:   493,121,930 bp
  Read 2:   493,128,274 bp

=== First read: Adapter PrefixPE/1 ===

Sequence: TACACTCTTTCCCTACACGACGCTCTTCCGATCT; Type: regular 3'; Length: 34; Trimmed: 96682 times

No. of allowed errors:
0-9 bp: 0; 10-19 bp: 1; 20-29 bp: 2; 30-34 bp: 3

Bases preceding removed adapters:
  A: 28.8%
  C: 19.1%
  G: 22.8%
  T: 29.3%
  none/other: 0.0%

Overview of removed sequences
length	count	expect	max.err	error counts
3	64874	77146.8	0	64874
4	24474	19286.7	0	24474
5	5238	4821.7	0	5238
6	1116	1205.4	0	1116
7	221	301.4	0	221
8	56	75.3	0	56
9	270	18.8	0	10 260
10	296	4.7	1	5 291
11	99	1.2	1	2 97
12	27	0.3	1	0 27
13	7	0.1	1	0 7
14	3	0.0	1	0 3
100	1	0.0	3	0 0 0 1


=== First read: Adapter PrefixPE/2 ===

Sequence: GTGACTGGAGTTCAGACGTGTGCTCTTCCGATCT; Type: regular 3'; Length: 34; Trimmed: 86490 times

No. of allowed errors:
0-9 bp: 0; 10-19 bp: 1; 20-29 bp: 2; 30-34 bp: 3

Bases preceding removed adapters:
  A: 23.4%
  C: 18.6%
  G: 26.2%
  T: 31.7%
  none/other: 0.0%

Overview of removed sequences
length	count	expect	max.err	error counts
3	67768	77146.8	0	67768
4	15325	19286.7	0	15325
5	2505	4821.7	0	2505
6	553	1205.4	0	553
7	136	301.4	0	136
8	16	75.3	0	16
9	90	18.8	0	5 85
10	72	4.7	1	1 71
11	23	1.2	1	0 23
12	1	0.3	1	0 1
13	1	0.1	1	0 1


=== Second read: Adapter PrefixPE/1 ===

Sequence: TACACTCTTTCCCTACACGACGCTCTTCCGATCT; Type: regular 3'; Length: 34; Trimmed: 95241 times

No. of allowed errors:
0-9 bp: 0; 10-19 bp: 1; 20-29 bp: 2; 30-34 bp: 3

Bases preceding removed adapters:
  A: 28.7%
  C: 19.0%
  G: 22.9%
  T: 29.5%
  none/other: 0.0%

Overview of removed sequences
length	count	expect	max.err	error counts
3	63599	77146.8	0	63599
4	24424	19286.7	0	24424
5	5200	4821.7	0	5200
6	1072	1205.4	0	1072
7	213	301.4	0	213
8	53	75.3	0	53
9	281	18.8	0	17 264
10	291	4.7	1	9 282
11	85	1.2	1	1 84
12	17	0.3	1	0 17
13	4	0.1	1	0 4
14	2	0.0	1	0 2


=== Second read: Adapter PrefixPE/2 ===

Sequence: GTGACTGGAGTTCAGACGTGTGCTCTTCCGATCT; Type: regular 3'; Length: 34; Trimmed: 86030 times

No. of allowed errors:
0-9 bp: 0; 10-19 bp: 1; 20-29 bp: 2; 30-34 bp: 3

Bases preceding removed adapters:
  A: 23.6%
  C: 18.7%
  G: 26.2%
  T: 31.5%
  none/other: 0.0%

Overview of removed sequences
length	count	expect	max.err	error counts
3	67304	77146.8	0	67304
4	15485	19286.7	0	15485
5	2381	4821.7	0	2381
6	520	1205.4	0	520
7	129	301.4	0	129
8	19	75.3	0	19
9	78	18.8	0	4 74
10	74	4.7	1	2 72
11	28	1.2	1	0 28
12	10	0.3	1	0 10
13	2	0.1	1	0 2
