This is cutadapt 2.9 with Python 3.6.6
Command line parameters: --interleaved -a file:/nas02/apps/trimmomatic-0.36/Trimmomatic-0.36/adapters/TruSeq3-PE.fa -A file:/nas02/apps/trimmomatic-0.36/Trimmomatic-0.36/adapters/TruSeq3-PE.fa -m 30 /nas/longleaf/home/zpopkinh/Pvivax_resources/wgs_pe_improved_global/fastq/SRS693952/SRR1564666_1.fastq.gz /nas/longleaf/home/zpopkinh/Pvivax_resources/wgs_pe_improved_global/fastq/SRS693952/SRR1564666_2.fastq.gz
Processing reads on 1 core in paired-end mode ...
Finished in 0.69 s (49 us/read; 1.24 M reads/minute).

=== Summary ===

Total read pairs processed:             14,248
  Read 1 with adapter:                     399 (2.8%)
  Read 2 with adapter:                     484 (3.4%)
Pairs written (passing filters):        14,248 (100.0%)

Total basepairs processed:     2,878,096 bp
  Read 1:     1,439,048 bp
  Read 2:     1,439,048 bp
Total written (filtered):      2,875,021 bp (99.9%)
  Read 1:     1,437,649 bp
  Read 2:     1,437,372 bp

=== First read: Adapter PrefixPE/1 ===

Sequence: TACACTCTTTCCCTACACGACGCTCTTCCGATCT; Type: regular 3'; Length: 34; Trimmed: 209 times

No. of allowed errors:
0-9 bp: 0; 10-19 bp: 1; 20-29 bp: 2; 30-34 bp: 3

Bases preceding removed adapters:
  A: 30.6%
  C: 24.9%
  G: 19.6%
  T: 24.9%
  none/other: 0.0%

Overview of removed sequences
length	count	expect	max.err	error counts
3	135	222.6	0	135
4	59	55.7	0	59
5	5	13.9	0	5
6	2	3.5	0	2
9	3	0.1	0	1 2
10	2	0.0	1	0 2
11	3	0.0	1	0 3


=== First read: Adapter PrefixPE/2 ===

Sequence: GTGACTGGAGTTCAGACGTGTGCTCTTCCGATCT; Type: regular 3'; Length: 34; Trimmed: 190 times

No. of allowed errors:
0-9 bp: 0; 10-19 bp: 1; 20-29 bp: 2; 30-34 bp: 3

Bases preceding removed adapters:
  A: 25.8%
  C: 8.4%
  G: 23.7%
  T: 42.1%
  none/other: 0.0%

Overview of removed sequences
length	count	expect	max.err	error counts
3	145	222.6	0	145
4	33	55.7	0	33
5	7	13.9	0	7
6	3	3.5	0	3
10	1	0.0	1	0 1
11	1	0.0	1	0 1


=== Second read: Adapter PrefixPE/1 ===

Sequence: TACACTCTTTCCCTACACGACGCTCTTCCGATCT; Type: regular 3'; Length: 34; Trimmed: 221 times

No. of allowed errors:
0-9 bp: 0; 10-19 bp: 1; 20-29 bp: 2; 30-34 bp: 3

Bases preceding removed adapters:
  A: 38.0%
  C: 19.9%
  G: 19.0%
  T: 23.1%
  none/other: 0.0%

Overview of removed sequences
length	count	expect	max.err	error counts
3	139	222.6	0	139
4	60	55.7	0	60
5	13	13.9	0	13
6	2	3.5	0	2
8	1	0.2	0	1
9	2	0.1	0	1 1
10	4	0.0	1	0 4


=== Second read: Adapter PrefixPE/2 ===

Sequence: GTGACTGGAGTTCAGACGTGTGCTCTTCCGATCT; Type: regular 3'; Length: 34; Trimmed: 263 times

No. of allowed errors:
0-9 bp: 0; 10-19 bp: 1; 20-29 bp: 2; 30-34 bp: 3

Bases preceding removed adapters:
  A: 24.0%
  C: 22.1%
  G: 17.1%
  T: 36.9%
  none/other: 0.0%

Overview of removed sequences
length	count	expect	max.err	error counts
3	194	222.6	0	194
4	57	55.7	0	57
5	6	13.9	0	6
6	6	3.5	0	6
