This is cutadapt 2.9 with Python 3.6.6
Command line parameters: --interleaved -a file:/nas02/apps/trimmomatic-0.36/Trimmomatic-0.36/adapters/TruSeq3-PE.fa -A file:/nas02/apps/trimmomatic-0.36/Trimmomatic-0.36/adapters/TruSeq3-PE.fa -m 30 /nas/longleaf/home/zpopkinh/Pvivax_resources/wgs_pe_improved_global/fastq/ERS164678/ERR211565_1.fastq.gz /nas/longleaf/home/zpopkinh/Pvivax_resources/wgs_pe_improved_global/fastq/ERS164678/ERR211565_2.fastq.gz
Processing reads on 1 core in paired-end mode ...
Finished in 289.95 s (98 us/read; 0.61 M reads/minute).

=== Summary ===

Total read pairs processed:          2,944,331
  Read 1 with adapter:                 108,363 (3.7%)
  Read 2 with adapter:                 105,910 (3.6%)
Pairs written (passing filters):     2,944,331 (100.0%)

Total basepairs processed:   588,866,200 bp
  Read 1:   294,433,100 bp
  Read 2:   294,433,100 bp
Total written (filtered):    588,131,419 bp (99.9%)
  Read 1:   294,061,213 bp
  Read 2:   294,070,206 bp

=== First read: Adapter PrefixPE/1 ===

Sequence: TACACTCTTTCCCTACACGACGCTCTTCCGATCT; Type: regular 3'; Length: 34; Trimmed: 68710 times

No. of allowed errors:
0-9 bp: 0; 10-19 bp: 1; 20-29 bp: 2; 30-34 bp: 3

Bases preceding removed adapters:
  A: 31.6%
  C: 13.6%
  G: 25.4%
  T: 29.4%
  none/other: 0.0%

Overview of removed sequences
length	count	expect	max.err	error counts
3	44067	46005.2	0	44067
4	19551	11501.3	0	19551
5	3200	2875.3	0	3200
6	845	718.8	0	845
7	217	179.7	0	217
8	44	44.9	0	44
9	170	11.2	0	23 147
10	506	2.8	1	11 495
11	95	0.7	1	2 93
12	10	0.2	1	0 10
13	5	0.0	1	0 5


=== First read: Adapter PrefixPE/2 ===

Sequence: GTGACTGGAGTTCAGACGTGTGCTCTTCCGATCT; Type: regular 3'; Length: 34; Trimmed: 39653 times

No. of allowed errors:
0-9 bp: 0; 10-19 bp: 1; 20-29 bp: 2; 30-34 bp: 3

Bases preceding removed adapters:
  A: 27.6%
  C: 13.2%
  G: 19.3%
  T: 39.9%
  none/other: 0.0%

Overview of removed sequences
length	count	expect	max.err	error counts
3	30352	46005.2	0	30352
4	7778	11501.3	0	7778
5	1052	2875.3	0	1052
6	304	718.8	0	304
7	45	179.7	0	45
8	12	44.9	0	12
9	62	11.2	0	2 60
10	31	2.8	1	0 31
11	14	0.7	1	0 14
12	3	0.2	1	0 3


=== Second read: Adapter PrefixPE/1 ===

Sequence: TACACTCTTTCCCTACACGACGCTCTTCCGATCT; Type: regular 3'; Length: 34; Trimmed: 66696 times

No. of allowed errors:
0-9 bp: 0; 10-19 bp: 1; 20-29 bp: 2; 30-34 bp: 3

Bases preceding removed adapters:
  A: 32.3%
  C: 13.7%
  G: 24.2%
  T: 29.8%
  none/other: 0.0%

Overview of removed sequences
length	count	expect	max.err	error counts
3	42995	46005.2	0	42995
4	18766	11501.3	0	18766
5	3053	2875.3	0	3053
6	848	718.8	0	848
7	197	179.7	0	197
8	29	44.9	0	29
9	164	11.2	0	20 144
10	533	2.8	1	13 520
11	87	0.7	1	0 87
12	13	0.2	1	0 13
13	10	0.0	1	0 10
14	1	0.0	1	0 1


=== Second read: Adapter PrefixPE/2 ===

Sequence: GTGACTGGAGTTCAGACGTGTGCTCTTCCGATCT; Type: regular 3'; Length: 34; Trimmed: 39214 times

No. of allowed errors:
0-9 bp: 0; 10-19 bp: 1; 20-29 bp: 2; 30-34 bp: 3

Bases preceding removed adapters:
  A: 27.9%
  C: 12.9%
  G: 20.2%
  T: 39.1%
  none/other: 0.0%

Overview of removed sequences
length	count	expect	max.err	error counts
3	30332	46005.2	0	30332
4	7508	11501.3	0	7508
5	951	2875.3	0	951
6	249	718.8	0	249
7	46	179.7	0	46
8	5	44.9	0	5
9	67	11.2	0	5 62
10	45	2.8	1	2 43
11	8	0.7	1	0 8
12	2	0.2	1	0 2
14	1	0.0	1	0 1
