This is cutadapt 2.9 with Python 3.6.6
Command line parameters: --interleaved -a file:/nas02/apps/trimmomatic-0.36/Trimmomatic-0.36/adapters/TruSeq3-PE.fa -A file:/nas02/apps/trimmomatic-0.36/Trimmomatic-0.36/adapters/TruSeq3-PE.fa -m 30 /nas/longleaf/home/zpopkinh/Pvivax_resources/wgs_pe_improved_global/fastq/ERS164678/ERR484730_1.fastq.gz /nas/longleaf/home/zpopkinh/Pvivax_resources/wgs_pe_improved_global/fastq/ERS164678/ERR484730_2.fastq.gz
Processing reads on 1 core in paired-end mode ...
Finished in 8.55 s (46 us/read; 1.32 M reads/minute).

=== Summary ===

Total read pairs processed:            187,530
  Read 1 with adapter:                   6,811 (3.6%)
  Read 2 with adapter:                   6,804 (3.6%)
Pairs written (passing filters):       187,530 (100.0%)

Total basepairs processed:    37,506,000 bp
  Read 1:    18,753,000 bp
  Read 2:    18,753,000 bp
Total written (filtered):     37,459,477 bp (99.9%)
  Read 1:    18,729,589 bp
  Read 2:    18,729,888 bp

=== First read: Adapter PrefixPE/1 ===

Sequence: TACACTCTTTCCCTACACGACGCTCTTCCGATCT; Type: regular 3'; Length: 34; Trimmed: 4130 times

No. of allowed errors:
0-9 bp: 0; 10-19 bp: 1; 20-29 bp: 2; 30-34 bp: 3

Bases preceding removed adapters:
  A: 31.9%
  C: 14.0%
  G: 25.5%
  T: 28.6%
  none/other: 0.0%

Overview of removed sequences
length	count	expect	max.err	error counts
3	2606	2930.2	0	2606
4	1191	732.5	0	1191
5	204	183.1	0	204
6	60	45.8	0	60
7	16	11.4	0	16
8	4	2.9	0	4
9	12	0.7	0	1 11
10	25	0.2	1	0 25
11	11	0.0	1	0 11
12	1	0.0	1	0 1


=== First read: Adapter PrefixPE/2 ===

Sequence: GTGACTGGAGTTCAGACGTGTGCTCTTCCGATCT; Type: regular 3'; Length: 34; Trimmed: 2681 times

No. of allowed errors:
0-9 bp: 0; 10-19 bp: 1; 20-29 bp: 2; 30-34 bp: 3

Bases preceding removed adapters:
  A: 29.3%
  C: 13.1%
  G: 18.6%
  T: 39.0%
  none/other: 0.0%

Overview of removed sequences
length	count	expect	max.err	error counts
3	2085	2930.2	0	2085
4	487	732.5	0	487
5	83	183.1	0	83
6	12	45.8	0	12
7	4	11.4	0	4
9	5	0.7	0	0 5
10	4	0.2	1	0 4
11	1	0.0	1	0 1


=== Second read: Adapter PrefixPE/1 ===

Sequence: TACACTCTTTCCCTACACGACGCTCTTCCGATCT; Type: regular 3'; Length: 34; Trimmed: 4155 times

No. of allowed errors:
0-9 bp: 0; 10-19 bp: 1; 20-29 bp: 2; 30-34 bp: 3

Bases preceding removed adapters:
  A: 31.1%
  C: 14.4%
  G: 24.8%
  T: 29.7%
  none/other: 0.0%

Overview of removed sequences
length	count	expect	max.err	error counts
3	2699	2930.2	0	2699
4	1198	732.5	0	1198
5	155	183.1	0	155
6	45	45.8	0	45
7	12	11.4	0	12
8	3	2.9	0	3
9	8	0.7	0	2 6
10	26	0.2	1	1 25
11	8	0.0	1	0 8
12	1	0.0	1	0 1


=== Second read: Adapter PrefixPE/2 ===

Sequence: GTGACTGGAGTTCAGACGTGTGCTCTTCCGATCT; Type: regular 3'; Length: 34; Trimmed: 2649 times

No. of allowed errors:
0-9 bp: 0; 10-19 bp: 1; 20-29 bp: 2; 30-34 bp: 3

Bases preceding removed adapters:
  A: 27.3%
  C: 14.0%
  G: 19.6%
  T: 39.2%
  none/other: 0.0%

Overview of removed sequences
length	count	expect	max.err	error counts
3	2090	2930.2	0	2090
4	477	732.5	0	477
5	56	183.1	0	56
6	18	45.8	0	18
7	2	11.4	0	2
9	3	0.7	0	0 3
10	2	0.2	1	0 2
11	1	0.0	1	0 1
