This is cutadapt 2.9 with Python 3.6.6
Command line parameters: --interleaved -a file:/nas02/apps/trimmomatic-0.36/Trimmomatic-0.36/adapters/TruSeq3-PE.fa -A file:/nas02/apps/trimmomatic-0.36/Trimmomatic-0.36/adapters/TruSeq3-PE.fa -m 30 /nas/longleaf/home/zpopkinh/Pvivax_resources/wgs_pe_improved_global/fastq/ERS164678/ERR490262_1.fastq.gz /nas/longleaf/home/zpopkinh/Pvivax_resources/wgs_pe_improved_global/fastq/ERS164678/ERR490262_2.fastq.gz
Processing reads on 1 core in paired-end mode ...
Finished in 6.66 s (56 us/read; 1.07 M reads/minute).

=== Summary ===

Total read pairs processed:            119,017
  Read 1 with adapter:                   4,202 (3.5%)
  Read 2 with adapter:                   4,291 (3.6%)
Pairs written (passing filters):       119,017 (100.0%)

Total basepairs processed:    23,803,400 bp
  Read 1:    11,901,700 bp
  Read 2:    11,901,700 bp
Total written (filtered):     23,774,325 bp (99.9%)
  Read 1:    11,887,308 bp
  Read 2:    11,887,017 bp

=== First read: Adapter PrefixPE/1 ===

Sequence: TACACTCTTTCCCTACACGACGCTCTTCCGATCT; Type: regular 3'; Length: 34; Trimmed: 2589 times

No. of allowed errors:
0-9 bp: 0; 10-19 bp: 1; 20-29 bp: 2; 30-34 bp: 3

Bases preceding removed adapters:
  A: 32.0%
  C: 12.6%
  G: 25.0%
  T: 30.4%
  none/other: 0.0%

Overview of removed sequences
length	count	expect	max.err	error counts
3	1664	1859.6	0	1664
4	708	464.9	0	708
5	144	116.2	0	144
6	32	29.1	0	32
7	8	7.3	0	8
8	2	1.8	0	2
9	8	0.5	0	0 8
10	17	0.1	1	1 16
11	5	0.0	1	0 5
12	1	0.0	1	0 1


=== First read: Adapter PrefixPE/2 ===

Sequence: GTGACTGGAGTTCAGACGTGTGCTCTTCCGATCT; Type: regular 3'; Length: 34; Trimmed: 1613 times

No. of allowed errors:
0-9 bp: 0; 10-19 bp: 1; 20-29 bp: 2; 30-34 bp: 3

Bases preceding removed adapters:
  A: 29.2%
  C: 13.5%
  G: 18.4%
  T: 38.9%
  none/other: 0.0%

Overview of removed sequences
length	count	expect	max.err	error counts
3	1261	1859.6	0	1261
4	299	464.9	0	299
5	36	116.2	0	36
6	12	29.1	0	12
7	1	7.3	0	1
9	3	0.5	0	0 3
10	1	0.1	1	0 1


=== Second read: Adapter PrefixPE/1 ===

Sequence: TACACTCTTTCCCTACACGACGCTCTTCCGATCT; Type: regular 3'; Length: 34; Trimmed: 2599 times

No. of allowed errors:
0-9 bp: 0; 10-19 bp: 1; 20-29 bp: 2; 30-34 bp: 3

Bases preceding removed adapters:
  A: 34.2%
  C: 14.2%
  G: 24.3%
  T: 27.4%
  none/other: 0.0%

Overview of removed sequences
length	count	expect	max.err	error counts
3	1672	1859.6	0	1672
4	730	464.9	0	730
5	127	116.2	0	127
6	26	29.1	0	26
7	9	7.3	0	9
8	1	1.8	0	1
9	5	0.5	0	1 4
10	24	0.1	1	0 24
11	3	0.0	1	0 3
12	2	0.0	1	0 2


=== Second read: Adapter PrefixPE/2 ===

Sequence: GTGACTGGAGTTCAGACGTGTGCTCTTCCGATCT; Type: regular 3'; Length: 34; Trimmed: 1692 times

No. of allowed errors:
0-9 bp: 0; 10-19 bp: 1; 20-29 bp: 2; 30-34 bp: 3

Bases preceding removed adapters:
  A: 28.8%
  C: 13.5%
  G: 19.9%
  T: 37.8%
  none/other: 0.0%

Overview of removed sequences
length	count	expect	max.err	error counts
3	1306	1859.6	0	1306
4	333	464.9	0	333
5	36	116.2	0	36
6	12	29.1	0	12
7	2	7.3	0	2
8	1	1.8	0	1
9	1	0.5	0	0 1
10	1	0.1	1	0 1
