This is cutadapt 2.9 with Python 3.6.6
Command line parameters: --interleaved -a file:/nas02/apps/trimmomatic-0.36/Trimmomatic-0.36/adapters/TruSeq3-PE.fa -A file:/nas02/apps/trimmomatic-0.36/Trimmomatic-0.36/adapters/TruSeq3-PE.fa -m 30 /nas/longleaf/home/zpopkinh/Pvivax_resources/wgs_pe_improved_global/fastq/ERS164678/ERR484721_1.fastq.gz /nas/longleaf/home/zpopkinh/Pvivax_resources/wgs_pe_improved_global/fastq/ERS164678/ERR484721_2.fastq.gz
Processing reads on 1 core in paired-end mode ...
Finished in 8.94 s (47 us/read; 1.27 M reads/minute).

=== Summary ===

Total read pairs processed:            188,779
  Read 1 with adapter:                   6,730 (3.6%)
  Read 2 with adapter:                   6,803 (3.6%)
Pairs written (passing filters):       188,779 (100.0%)

Total basepairs processed:    37,755,800 bp
  Read 1:    18,877,900 bp
  Read 2:    18,877,900 bp
Total written (filtered):     37,709,470 bp (99.9%)
  Read 1:    18,854,873 bp
  Read 2:    18,854,597 bp

=== First read: Adapter PrefixPE/1 ===

Sequence: TACACTCTTTCCCTACACGACGCTCTTCCGATCT; Type: regular 3'; Length: 34; Trimmed: 4179 times

No. of allowed errors:
0-9 bp: 0; 10-19 bp: 1; 20-29 bp: 2; 30-34 bp: 3

Bases preceding removed adapters:
  A: 31.4%
  C: 14.3%
  G: 25.1%
  T: 29.1%
  none/other: 0.0%

Overview of removed sequences
length	count	expect	max.err	error counts
3	2728	2949.7	0	2728
4	1130	737.4	0	1130
5	184	184.4	0	184
6	66	46.1	0	66
7	17	11.5	0	17
8	3	2.9	0	3
9	16	0.7	0	2 14
10	25	0.2	1	0 25
11	8	0.0	1	0 8
12	1	0.0	1	0 1
13	1	0.0	1	0 1


=== First read: Adapter PrefixPE/2 ===

Sequence: GTGACTGGAGTTCAGACGTGTGCTCTTCCGATCT; Type: regular 3'; Length: 34; Trimmed: 2551 times

No. of allowed errors:
0-9 bp: 0; 10-19 bp: 1; 20-29 bp: 2; 30-34 bp: 3

Bases preceding removed adapters:
  A: 28.4%
  C: 14.5%
  G: 19.8%
  T: 37.3%
  none/other: 0.0%

Overview of removed sequences
length	count	expect	max.err	error counts
3	2000	2949.7	0	2000
4	464	737.4	0	464
5	56	184.4	0	56
6	20	46.1	0	20
7	2	11.5	0	2
8	1	2.9	0	1
9	4	0.7	0	0 4
10	3	0.2	1	0 3
13	1	0.0	1	0 1


=== Second read: Adapter PrefixPE/1 ===

Sequence: TACACTCTTTCCCTACACGACGCTCTTCCGATCT; Type: regular 3'; Length: 34; Trimmed: 4224 times

No. of allowed errors:
0-9 bp: 0; 10-19 bp: 1; 20-29 bp: 2; 30-34 bp: 3

Bases preceding removed adapters:
  A: 31.9%
  C: 13.5%
  G: 25.4%
  T: 29.2%
  none/other: 0.0%

Overview of removed sequences
length	count	expect	max.err	error counts
3	2696	2949.7	0	2696
4	1218	737.4	0	1218
5	190	184.4	0	190
6	61	46.1	0	61
7	14	11.5	0	14
8	2	2.9	0	2
9	12	0.7	0	1 11
10	24	0.2	1	0 24
11	4	0.0	1	0 4
12	2	0.0	1	0 2
13	1	0.0	1	0 1


=== Second read: Adapter PrefixPE/2 ===

Sequence: GTGACTGGAGTTCAGACGTGTGCTCTTCCGATCT; Type: regular 3'; Length: 34; Trimmed: 2579 times

No. of allowed errors:
0-9 bp: 0; 10-19 bp: 1; 20-29 bp: 2; 30-34 bp: 3

Bases preceding removed adapters:
  A: 27.1%
  C: 14.1%
  G: 19.6%
  T: 39.2%
  none/other: 0.0%

Overview of removed sequences
length	count	expect	max.err	error counts
3	1989	2949.7	0	1989
4	498	737.4	0	498
5	61	184.4	0	61
6	19	46.1	0	19
7	3	11.5	0	3
9	6	0.7	0	1 5
10	2	0.2	1	0 2
11	1	0.0	1	0 1
