This is cutadapt 2.9 with Python 3.6.6
Command line parameters: --interleaved -a file:/nas02/apps/trimmomatic-0.36/Trimmomatic-0.36/adapters/TruSeq3-PE.fa -A file:/nas02/apps/trimmomatic-0.36/Trimmomatic-0.36/adapters/TruSeq3-PE.fa -m 30 /nas/longleaf/home/zpopkinh/Pvivax_resources/wgs_pe_improved_global/fastq/SRS2746064/SRR6361593_1.fastq.gz /nas/longleaf/home/zpopkinh/Pvivax_resources/wgs_pe_improved_global/fastq/SRS2746064/SRR6361593_2.fastq.gz
Processing reads on 1 core in paired-end mode ...
Finished in 40.13 s (148 us/read; 0.40 M reads/minute).

=== Summary ===

Total read pairs processed:            270,668
  Read 1 with adapter:                   7,332 (2.7%)
  Read 2 with adapter:                  13,365 (4.9%)
Pairs written (passing filters):       270,412 (99.9%)

Total basepairs processed:   135,875,336 bp
  Read 1:    67,937,668 bp
  Read 2:    67,937,668 bp
Total written (filtered):    135,675,609 bp (99.9%)
  Read 1:    67,846,592 bp
  Read 2:    67,829,017 bp

=== First read: Adapter PrefixPE/1 ===

Sequence: TACACTCTTTCCCTACACGACGCTCTTCCGATCT; Type: regular 3'; Length: 34; Trimmed: 6769 times

No. of allowed errors:
0-9 bp: 0; 10-19 bp: 1; 20-29 bp: 2; 30-34 bp: 3

Bases preceding removed adapters:
  A: 57.0%
  C: 22.2%
  G: 8.4%
  T: 12.4%
  none/other: 0.0%

Overview of removed sequences
length	count	expect	max.err	error counts
3	2935	4229.2	0	2935
4	3243	1057.3	0	3243
5	292	264.3	0	292
6	75	66.1	0	75
7	11	16.5	0	11
8	2	4.1	0	2
9	13	1.0	0	4 9
10	11	0.3	1	0 11
11	6	0.1	1	0 6
195	1	0.0	3	0 0 0 1
197	1	0.0	3	0 0 0 1
208	1	0.0	3	0 0 0 1
209	1	0.0	3	0 0 0 1
236	1	0.0	3	0 0 0 1
237	9	0.0	3	0 0 0 9
238	6	0.0	3	0 0 0 6
239	121	0.0	3	0 1 28 92
240	25	0.0	3	0 0 1 24
241	3	0.0	3	0 0 0 3
243	1	0.0	3	0 0 0 1
244	1	0.0	3	0 0 1
245	6	0.0	3	0 0 0 6
246	3	0.0	3	0 0 0 3
247	1	0.0	3	0 0 0 1


=== First read: Adapter PrefixPE/2 ===

Sequence: GTGACTGGAGTTCAGACGTGTGCTCTTCCGATCT; Type: regular 3'; Length: 34; Trimmed: 563 times

No. of allowed errors:
0-9 bp: 0; 10-19 bp: 1; 20-29 bp: 2; 30-34 bp: 3

Bases preceding removed adapters:
  A: 42.6%
  C: 15.5%
  G: 13.9%
  T: 28.1%
  none/other: 0.0%

Overview of removed sequences
length	count	expect	max.err	error counts
3	349	4229.2	0	349
4	189	1057.3	0	189
5	16	264.3	0	16
6	8	66.1	0	8
11	1	0.1	1	0 1


=== Second read: Adapter PrefixPE/1 ===

Sequence: TACACTCTTTCCCTACACGACGCTCTTCCGATCT; Type: regular 3'; Length: 34; Trimmed: 10439 times

No. of allowed errors:
0-9 bp: 0; 10-19 bp: 1; 20-29 bp: 2; 30-34 bp: 3

Bases preceding removed adapters:
  A: 48.4%
  C: 12.5%
  G: 31.0%
  T: 8.0%
  none/other: 0.0%

Overview of removed sequences
length	count	expect	max.err	error counts
3	7659	4229.2	0	7659
4	1730	1057.3	0	1730
5	993	264.3	0	993
6	33	66.1	0	33
7	15	16.5	0	15
9	1	1.0	0	0 1
10	5	0.3	1	0 5
12	2	0.0	1	0 2
13	1	0.0	1	0 1


=== Second read: Adapter PrefixPE/2 ===

Sequence: GTGACTGGAGTTCAGACGTGTGCTCTTCCGATCT; Type: regular 3'; Length: 34; Trimmed: 2926 times

No. of allowed errors:
0-9 bp: 0; 10-19 bp: 1; 20-29 bp: 2; 30-34 bp: 3

Bases preceding removed adapters:
  A: 49.2%
  C: 12.8%
  G: 10.9%
  T: 27.1%
  none/other: 0.0%

Overview of removed sequences
length	count	expect	max.err	error counts
3	2381	4229.2	0	2381
4	348	1057.3	0	348
5	102	264.3	0	102
6	9	66.1	0	9
7	5	16.5	0	5
8	1	4.1	0	1
9	1	1.0	0	0 1
229	1	0.0	3	0 0 1
230	2	0.0	3	0 0 2
232	3	0.0	3	0 0 1 2
233	2	0.0	3	0 0 0 2
234	14	0.0	3	1 5 4 4
235	18	0.0	3	0 3 6 9
236	15	0.0	3	0 1 9 5
237	7	0.0	3	0 2 4 1
238	13	0.0	3	0 1 2 10
239	3	0.0	3	0 1 0 2
242	1	0.0	3	0 0 1
