This is cutadapt 2.9 with Python 3.6.6
Command line parameters: --interleaved -a file:/nas02/apps/trimmomatic-0.36/Trimmomatic-0.36/adapters/TruSeq3-PE.fa -A file:/nas02/apps/trimmomatic-0.36/Trimmomatic-0.36/adapters/TruSeq3-PE.fa -m 30 /nas/longleaf/home/zpopkinh/Pvivax_resources/wgs_pe_improved_global/fastq/SRS3371815/SRR7255042_1.fastq.gz /nas/longleaf/home/zpopkinh/Pvivax_resources/wgs_pe_improved_global/fastq/SRS3371815/SRR7255042_2.fastq.gz
Processing reads on 1 core in paired-end mode ...
Finished in 170.10 s (140 us/read; 0.43 M reads/minute).

=== Summary ===

Total read pairs processed:          1,214,219
  Read 1 with adapter:                  70,380 (5.8%)
  Read 2 with adapter:                  70,339 (5.8%)
Pairs written (passing filters):     1,213,304 (99.9%)

Total basepairs processed:   319,250,799 bp
  Read 1:   159,637,323 bp
  Read 2:   159,613,476 bp
Total written (filtered):    318,736,755 bp (99.8%)
  Read 1:   159,379,648 bp
  Read 2:   159,357,107 bp

=== First read: Adapter PrefixPE/1 ===

Sequence: TACACTCTTTCCCTACACGACGCTCTTCCGATCT; Type: regular 3'; Length: 34; Trimmed: 40631 times

No. of allowed errors:
0-9 bp: 0; 10-19 bp: 1; 20-29 bp: 2; 30-34 bp: 3

Bases preceding removed adapters:
  A: 41.8%
  C: 14.6%
  G: 26.3%
  T: 17.3%
  none/other: 0.0%

Overview of removed sequences
length	count	expect	max.err	error counts
3	29869	18972.2	0	29869
4	6283	4743.0	0	6283
5	4010	1185.8	0	4010
6	231	296.4	0	231
7	78	74.1	0	78
8	9	18.5	0	9
9	53	4.6	0	3 50
10	34	1.2	1	1 33
11	46	0.3	1	0 46
12	12	0.1	1	4 8
13	5	0.0	1	0 5
14	1	0.0	1	0 1


=== First read: Adapter PrefixPE/2 ===

Sequence: GTGACTGGAGTTCAGACGTGTGCTCTTCCGATCT; Type: regular 3'; Length: 34; Trimmed: 29749 times

No. of allowed errors:
0-9 bp: 0; 10-19 bp: 1; 20-29 bp: 2; 30-34 bp: 3

Bases preceding removed adapters:
  A: 31.3%
  C: 10.3%
  G: 31.6%
  T: 26.9%
  none/other: 0.0%

Overview of removed sequences
length	count	expect	max.err	error counts
3	24997	18972.2	0	24997
4	3628	4743.0	0	3628
5	873	1185.8	0	873
6	121	296.4	0	121
7	17	74.1	0	17
8	4	18.5	0	4
9	28	4.6	0	1 27
10	52	1.2	1	1 51
11	11	0.3	1	0 11
12	18	0.1	1	0 18


=== Second read: Adapter PrefixPE/1 ===

Sequence: TACACTCTTTCCCTACACGACGCTCTTCCGATCT; Type: regular 3'; Length: 34; Trimmed: 40144 times

No. of allowed errors:
0-9 bp: 0; 10-19 bp: 1; 20-29 bp: 2; 30-34 bp: 3

Bases preceding removed adapters:
  A: 41.5%
  C: 14.3%
  G: 26.5%
  T: 17.7%
  none/other: 0.0%

Overview of removed sequences
length	count	expect	max.err	error counts
3	29701	18972.2	0	29701
4	6003	4743.0	0	6003
5	3979	1185.8	0	3979
6	212	296.4	0	212
7	76	74.1	0	76
8	11	18.5	0	11
9	48	4.6	0	2 46
10	47	1.2	1	5 42
11	58	0.3	1	2 56
12	5	0.1	1	1 4
13	2	0.0	1	0 2
14	1	0.0	1	0 1
15	1	0.0	1	0 1


=== Second read: Adapter PrefixPE/2 ===

Sequence: GTGACTGGAGTTCAGACGTGTGCTCTTCCGATCT; Type: regular 3'; Length: 34; Trimmed: 30195 times

No. of allowed errors:
0-9 bp: 0; 10-19 bp: 1; 20-29 bp: 2; 30-34 bp: 3

Bases preceding removed adapters:
  A: 30.7%
  C: 10.0%
  G: 32.4%
  T: 26.9%
  none/other: 0.0%

Overview of removed sequences
length	count	expect	max.err	error counts
3	25504	18972.2	0	25504
4	3491	4743.0	0	3491
5	963	1185.8	0	963
6	144	296.4	0	144
7	9	74.1	0	9
8	6	18.5	0	6
9	24	4.6	0	2 22
10	36	1.2	1	2 34
11	5	0.3	1	0 5
12	12	0.1	1	0 12
13	1	0.0	1	0 1
