This is cutadapt 2.9 with Python 3.6.6
Command line parameters: --interleaved -a file:/nas02/apps/trimmomatic-0.36/Trimmomatic-0.36/adapters/TruSeq3-PE.fa -A file:/nas02/apps/trimmomatic-0.36/Trimmomatic-0.36/adapters/TruSeq3-PE.fa -m 30 /nas/longleaf/home/zpopkinh/Pvivax_resources/wgs_pe_improved_global/fastq/SRS3371815/SRR7255043_1.fastq.gz /nas/longleaf/home/zpopkinh/Pvivax_resources/wgs_pe_improved_global/fastq/SRS3371815/SRR7255043_2.fastq.gz
Processing reads on 1 core in paired-end mode ...
Finished in 632.46 s (116 us/read; 0.52 M reads/minute).

=== Summary ===

Total read pairs processed:          5,438,262
  Read 1 with adapter:                 339,009 (6.2%)
  Read 2 with adapter:                 332,578 (6.1%)
Pairs written (passing filters):     5,428,132 (99.8%)

Total basepairs processed: 1,336,039,347 bp
  Read 1:   667,426,797 bp
  Read 2:   668,612,550 bp
Total written (filtered):  1,333,303,409 bp (99.8%)
  Read 1:   666,057,914 bp
  Read 2:   667,245,495 bp

=== First read: Adapter PrefixPE/1 ===

Sequence: TACACTCTTTCCCTACACGACGCTCTTCCGATCT; Type: regular 3'; Length: 34; Trimmed: 178008 times

No. of allowed errors:
0-9 bp: 0; 10-19 bp: 1; 20-29 bp: 2; 30-34 bp: 3

Bases preceding removed adapters:
  A: 35.5%
  C: 16.7%
  G: 20.4%
  T: 27.3%
  none/other: 0.0%

Overview of removed sequences
length	count	expect	max.err	error counts
3	121564	84972.8	0	121564
4	34251	21243.2	0	34251
5	19761	5310.8	0	19761
6	1249	1327.7	0	1249
7	433	331.9	0	433
8	119	83.0	0	119
9	231	20.7	0	72 159
10	178	5.2	1	10 168
11	183	1.3	1	1 182
12	24	0.3	1	8 16
13	9	0.1	1	0 9
14	1	0.0	1	0 1
15	5	0.0	1	0 5


=== First read: Adapter PrefixPE/2 ===

Sequence: GTGACTGGAGTTCAGACGTGTGCTCTTCCGATCT; Type: regular 3'; Length: 34; Trimmed: 161001 times

No. of allowed errors:
0-9 bp: 0; 10-19 bp: 1; 20-29 bp: 2; 30-34 bp: 3

Bases preceding removed adapters:
  A: 28.5%
  C: 6.2%
  G: 44.9%
  T: 20.4%
  none/other: 0.0%

Overview of removed sequences
length	count	expect	max.err	error counts
3	138430	84972.8	0	138430
4	19086	21243.2	0	19086
5	2562	5310.8	0	2562
6	539	1327.7	0	539
7	59	331.9	0	59
8	29	83.0	0	29
9	90	20.7	0	1 89
10	151	5.2	1	0 151
11	35	1.3	1	0 35
12	18	0.3	1	0 18
13	2	0.1	1	0 2


=== Second read: Adapter PrefixPE/1 ===

Sequence: TACACTCTTTCCCTACACGACGCTCTTCCGATCT; Type: regular 3'; Length: 34; Trimmed: 176026 times

No. of allowed errors:
0-9 bp: 0; 10-19 bp: 1; 20-29 bp: 2; 30-34 bp: 3

Bases preceding removed adapters:
  A: 35.3%
  C: 16.7%
  G: 20.3%
  T: 27.7%
  none/other: 0.0%

Overview of removed sequences
length	count	expect	max.err	error counts
3	119293	84972.8	0	119293
4	35113	21243.2	0	35113
5	19089	5310.8	0	19089
6	1250	1327.7	0	1250
7	453	331.9	0	453
8	136	83.0	0	136
9	221	20.7	0	62 159
10	201	5.2	1	11 190
11	186	1.3	1	3 183
12	44	0.3	1	14 30
13	21	0.1	1	0 21
14	12	0.0	1	0 12
15	7	0.0	1	0 7


=== Second read: Adapter PrefixPE/2 ===

Sequence: GTGACTGGAGTTCAGACGTGTGCTCTTCCGATCT; Type: regular 3'; Length: 34; Trimmed: 156552 times

No. of allowed errors:
0-9 bp: 0; 10-19 bp: 1; 20-29 bp: 2; 30-34 bp: 3

Bases preceding removed adapters:
  A: 28.2%
  C: 6.7%
  G: 43.7%
  T: 21.4%
  none/other: 0.0%

Overview of removed sequences
length	count	expect	max.err	error counts
3	134110	84972.8	0	134110
4	18940	21243.2	0	18940
5	2501	5310.8	0	2501
6	557	1327.7	0	557
7	75	331.9	0	75
8	33	83.0	0	33
9	113	20.7	0	4 109
10	161	5.2	1	1 160
11	28	1.3	1	0 28
12	34	0.3	1	0 34
