This is cutadapt 2.9 with Python 3.6.6
Command line parameters: --interleaved -a file:/nas02/apps/trimmomatic-0.36/Trimmomatic-0.36/adapters/TruSeq3-PE.fa -A file:/nas02/apps/trimmomatic-0.36/Trimmomatic-0.36/adapters/TruSeq3-PE.fa -m 30 /nas/longleaf/home/zpopkinh/Pvivax_resources/wgs_pe_improved_global/fastq/ERS792610/ERR1138861_1.fastq.gz /nas/longleaf/home/zpopkinh/Pvivax_resources/wgs_pe_improved_global/fastq/ERS792610/ERR1138861_2.fastq.gz
Processing reads on 1 core in paired-end mode ...
Finished in 237.35 s (78 us/read; 0.77 M reads/minute).

=== Summary ===

Total read pairs processed:          3,036,515
  Read 1 with adapter:                 111,438 (3.7%)
  Read 2 with adapter:                 109,303 (3.6%)
Pairs written (passing filters):     3,036,515 (100.0%)

Total basepairs processed:   607,303,000 bp
  Read 1:   303,651,500 bp
  Read 2:   303,651,500 bp
Total written (filtered):    606,554,870 bp (99.9%)
  Read 1:   303,273,651 bp
  Read 2:   303,281,219 bp

=== First read: Adapter PrefixPE/1 ===

Sequence: TACACTCTTTCCCTACACGACGCTCTTCCGATCT; Type: regular 3'; Length: 34; Trimmed: 57627 times

No. of allowed errors:
0-9 bp: 0; 10-19 bp: 1; 20-29 bp: 2; 30-34 bp: 3

Bases preceding removed adapters:
  A: 27.8%
  C: 19.0%
  G: 25.0%
  T: 28.1%
  none/other: 0.0%

Overview of removed sequences
length	count	expect	max.err	error counts
3	38058	47445.5	0	38058
4	14889	11861.4	0	14889
5	3166	2965.3	0	3166
6	680	741.3	0	680
7	166	185.3	0	166
8	36	46.3	0	36
9	172	11.6	0	9 163
10	368	2.9	1	11 357
11	75	0.7	1	0 75
12	10	0.2	1	0 10
13	7	0.0	1	0 7


=== First read: Adapter PrefixPE/2 ===

Sequence: GTGACTGGAGTTCAGACGTGTGCTCTTCCGATCT; Type: regular 3'; Length: 34; Trimmed: 53811 times

No. of allowed errors:
0-9 bp: 0; 10-19 bp: 1; 20-29 bp: 2; 30-34 bp: 3

Bases preceding removed adapters:
  A: 24.8%
  C: 16.9%
  G: 24.6%
  T: 33.6%
  none/other: 0.0%

Overview of removed sequences
length	count	expect	max.err	error counts
3	42107	47445.5	0	42107
4	9642	11861.4	0	9642
5	1456	2965.3	0	1456
6	358	741.3	0	358
7	76	185.3	0	76
8	8	46.3	0	8
9	85	11.6	0	5 80
10	57	2.9	1	0 57
11	17	0.7	1	0 17
12	5	0.2	1	0 5


=== Second read: Adapter PrefixPE/1 ===

Sequence: TACACTCTTTCCCTACACGACGCTCTTCCGATCT; Type: regular 3'; Length: 34; Trimmed: 56871 times

No. of allowed errors:
0-9 bp: 0; 10-19 bp: 1; 20-29 bp: 2; 30-34 bp: 3

Bases preceding removed adapters:
  A: 27.9%
  C: 19.1%
  G: 24.5%
  T: 28.4%
  none/other: 0.0%

Overview of removed sequences
length	count	expect	max.err	error counts
3	37645	47445.5	0	37645
4	14678	11861.4	0	14678
5	3062	2965.3	0	3062
6	694	741.3	0	694
7	164	185.3	0	164
8	31	46.3	0	31
9	144	11.6	0	10 134
10	357	2.9	1	9 348
11	81	0.7	1	0 81
12	11	0.2	1	0 11
13	4	0.0	1	0 4


=== Second read: Adapter PrefixPE/2 ===

Sequence: GTGACTGGAGTTCAGACGTGTGCTCTTCCGATCT; Type: regular 3'; Length: 34; Trimmed: 52432 times

No. of allowed errors:
0-9 bp: 0; 10-19 bp: 1; 20-29 bp: 2; 30-34 bp: 3

Bases preceding removed adapters:
  A: 24.7%
  C: 16.8%
  G: 24.8%
  T: 33.6%
  none/other: 0.0%

Overview of removed sequences
length	count	expect	max.err	error counts
3	41251	47445.5	0	41251
4	9132	11861.4	0	9132
5	1435	2965.3	0	1435
6	373	741.3	0	373
7	80	185.3	0	80
8	7	46.3	0	7
9	67	11.6	0	2 65
10	58	2.9	1	2 56
11	21	0.7	1	0 21
12	6	0.2	1	0 6
13	1	0.0	1	0 1
14	1	0.0	1	0 1
