This is cutadapt 2.9 with Python 3.6.6
Command line parameters: --interleaved -a file:/nas02/apps/trimmomatic-0.36/Trimmomatic-0.36/adapters/TruSeq3-PE.fa -A file:/nas02/apps/trimmomatic-0.36/Trimmomatic-0.36/adapters/TruSeq3-PE.fa -m 30 /nas/longleaf/home/zpopkinh/Pvivax_resources/wgs_pe_improved_global/fastq/ERR5740794/ERR5740794_1.fastq.gz /nas/longleaf/home/zpopkinh/Pvivax_resources/wgs_pe_improved_global/fastq/ERR5740794/ERR5740794_2.fastq.gz
Processing reads on 1 core in paired-end mode ...
Finished in 449.62 s (122 us/read; 0.49 M reads/minute).

=== Summary ===

Total read pairs processed:          3,690,028
  Read 1 with adapter:                 136,898 (3.7%)
  Read 2 with adapter:                 133,487 (3.6%)
Pairs written (passing filters):     3,690,025 (100.0%)

Total basepairs processed: 1,114,388,456 bp
  Read 1:   557,194,228 bp
  Read 2:   557,194,228 bp
Total written (filtered):  1,113,470,582 bp (99.9%)
  Read 1:   556,729,782 bp
  Read 2:   556,740,800 bp

=== First read: Adapter PrefixPE/1 ===

Sequence: TACACTCTTTCCCTACACGACGCTCTTCCGATCT; Type: regular 3'; Length: 34; Trimmed: 68814 times

No. of allowed errors:
0-9 bp: 0; 10-19 bp: 1; 20-29 bp: 2; 30-34 bp: 3

Bases preceding removed adapters:
  A: 28.1%
  C: 20.4%
  G: 22.3%
  T: 29.2%
  none/other: 0.0%

Overview of removed sequences
length	count	expect	max.err	error counts
3	45741	57656.7	0	45741
4	17923	14414.2	0	17923
5	3531	3603.5	0	3531
6	810	900.9	0	810
7	153	225.2	0	153
8	55	56.3	0	55
9	220	14.1	0	21 199
10	260	3.5	1	4 256
11	92	0.9	1	1 91
12	23	0.2	1	0 23
13	3	0.1	1	0 3
15	1	0.0	1	0 1
85	1	0.0	3	0 1
90	1	0.0	3	0 0 0 1


=== First read: Adapter PrefixPE/2 ===

Sequence: GTGACTGGAGTTCAGACGTGTGCTCTTCCGATCT; Type: regular 3'; Length: 34; Trimmed: 68084 times

No. of allowed errors:
0-9 bp: 0; 10-19 bp: 1; 20-29 bp: 2; 30-34 bp: 3

Bases preceding removed adapters:
  A: 26.4%
  C: 14.5%
  G: 24.8%
  T: 34.3%
  none/other: 0.0%

Overview of removed sequences
length	count	expect	max.err	error counts
3	52282	57656.7	0	52282
4	12847	14414.2	0	12847
5	2034	3603.5	0	2034
6	532	900.9	0	532
7	156	225.2	0	156
8	23	56.3	0	23
9	81	14.1	0	7 74
10	76	3.5	1	6 70
11	43	0.9	1	0 43
12	9	0.2	1	0 9
13	1	0.1	1	0 1


=== Second read: Adapter PrefixPE/1 ===

Sequence: TACACTCTTTCCCTACACGACGCTCTTCCGATCT; Type: regular 3'; Length: 34; Trimmed: 67116 times

No. of allowed errors:
0-9 bp: 0; 10-19 bp: 1; 20-29 bp: 2; 30-34 bp: 3

Bases preceding removed adapters:
  A: 28.9%
  C: 20.8%
  G: 21.9%
  T: 28.4%
  none/other: 0.0%

Overview of removed sequences
length	count	expect	max.err	error counts
3	44018	57656.7	0	44018
4	17798	14414.2	0	17798
5	3621	3603.5	0	3621
6	812	900.9	0	812
7	181	225.2	0	181
8	46	56.3	0	46
9	243	14.1	0	15 228
10	268	3.5	1	5 263
11	104	0.9	1	0 104
12	17	0.2	1	0 17
13	5	0.1	1	0 5
14	1	0.0	1	0 1
33	1	0.0	3	0 0 0 1
151	1	0.0	3	0 0 1


=== Second read: Adapter PrefixPE/2 ===

Sequence: GTGACTGGAGTTCAGACGTGTGCTCTTCCGATCT; Type: regular 3'; Length: 34; Trimmed: 66371 times

No. of allowed errors:
0-9 bp: 0; 10-19 bp: 1; 20-29 bp: 2; 30-34 bp: 3

Bases preceding removed adapters:
  A: 26.3%
  C: 15.2%
  G: 25.5%
  T: 32.9%
  none/other: 0.0%

Overview of removed sequences
length	count	expect	max.err	error counts
3	51297	57656.7	0	51297
4	12256	14414.2	0	12256
5	1937	3603.5	0	1937
6	532	900.9	0	532
7	126	225.2	0	126
8	30	56.3	0	30
9	78	14.1	0	12 66
10	79	3.5	1	0 79
11	25	0.9	1	0 25
12	8	0.2	1	1 7
13	1	0.1	1	0 1
143	2	0.0	3	0 0 1 1
