This is cutadapt 2.9 with Python 3.6.6
Command line parameters: --interleaved -a file:/nas02/apps/trimmomatic-0.36/Trimmomatic-0.36/adapters/TruSeq3-PE.fa -A file:/nas02/apps/trimmomatic-0.36/Trimmomatic-0.36/adapters/TruSeq3-PE.fa -m 30 /nas/longleaf/home/zpopkinh/Pvivax_resources/wgs_pe_improved_global/fastq/ERS241431/ERR337620_1.fastq.gz /nas/longleaf/home/zpopkinh/Pvivax_resources/wgs_pe_improved_global/fastq/ERS241431/ERR337620_2.fastq.gz
Processing reads on 1 core in paired-end mode ...
Finished in 2008.45 s (120 us/read; 0.50 M reads/minute).

=== Summary ===

Total read pairs processed:         16,760,885
  Read 1 with adapter:                 600,415 (3.6%)
  Read 2 with adapter:                 595,385 (3.6%)
Pairs written (passing filters):    16,760,882 (100.0%)

Total basepairs processed: 3,352,177,000 bp
  Read 1: 1,676,088,500 bp
  Read 2: 1,676,088,500 bp
Total written (filtered):  3,348,128,864 bp (99.9%)
  Read 1: 1,674,056,416 bp
  Read 2: 1,674,072,448 bp

=== First read: Adapter PrefixPE/1 ===

Sequence: TACACTCTTTCCCTACACGACGCTCTTCCGATCT; Type: regular 3'; Length: 34; Trimmed: 341177 times

No. of allowed errors:
0-9 bp: 0; 10-19 bp: 1; 20-29 bp: 2; 30-34 bp: 3

Bases preceding removed adapters:
  A: 31.2%
  C: 16.7%
  G: 21.1%
  T: 31.0%
  none/other: 0.0%

Overview of removed sequences
length	count	expect	max.err	error counts
3	224988	261888.8	0	224988
4	91501	65472.2	0	91501
5	17313	16368.1	0	17313
6	3970	4092.0	0	3970
7	698	1023.0	0	698
8	175	255.8	0	175
9	1042	63.9	0	70 972
10	1076	16.0	1	25 1051
11	307	4.0	1	7 300
12	75	1.0	1	0 75
13	19	0.2	1	0 19
14	6	0.1	1	1 5
15	3	0.0	1	0 3
70	1	0.0	3	0 0 0 1
100	3	0.0	3	0 0 0 3


=== First read: Adapter PrefixPE/2 ===

Sequence: GTGACTGGAGTTCAGACGTGTGCTCTTCCGATCT; Type: regular 3'; Length: 34; Trimmed: 259238 times

No. of allowed errors:
0-9 bp: 0; 10-19 bp: 1; 20-29 bp: 2; 30-34 bp: 3

Bases preceding removed adapters:
  A: 24.4%
  C: 17.4%
  G: 24.6%
  T: 33.6%
  none/other: 0.0%

Overview of removed sequences
length	count	expect	max.err	error counts
3	202437	261888.8	0	202437
4	47235	65472.2	0	47235
5	6918	16368.1	0	6918
6	1677	4092.0	0	1677
7	376	1023.0	0	376
8	41	255.8	0	41
9	238	63.9	0	12 226
10	231	16.0	1	4 227
11	61	4.0	1	1 60
12	15	1.0	1	0 15
13	8	0.2	1	0 8
14	1	0.1	1	0 1


=== Second read: Adapter PrefixPE/1 ===

Sequence: TACACTCTTTCCCTACACGACGCTCTTCCGATCT; Type: regular 3'; Length: 34; Trimmed: 340318 times

No. of allowed errors:
0-9 bp: 0; 10-19 bp: 1; 20-29 bp: 2; 30-34 bp: 3

Bases preceding removed adapters:
  A: 31.2%
  C: 16.8%
  G: 20.8%
  T: 31.2%
  none/other: 0.0%

Overview of removed sequences
length	count	expect	max.err	error counts
3	224623	261888.8	0	224623
4	90928	65472.2	0	90928
5	17457	16368.1	0	17457
6	3825	4092.0	0	3825
7	733	1023.0	0	733
8	175	255.8	0	175
9	999	63.9	0	55 944
10	1120	16.0	1	16 1104
11	367	4.0	1	3 364
12	70	1.0	1	0 70
13	17	0.2	1	1 16
14	4	0.1	1	0 4


=== Second read: Adapter PrefixPE/2 ===

Sequence: GTGACTGGAGTTCAGACGTGTGCTCTTCCGATCT; Type: regular 3'; Length: 34; Trimmed: 255067 times

No. of allowed errors:
0-9 bp: 0; 10-19 bp: 1; 20-29 bp: 2; 30-34 bp: 3

Bases preceding removed adapters:
  A: 24.4%
  C: 17.6%
  G: 24.4%
  T: 33.5%
  none/other: 0.0%

Overview of removed sequences
length	count	expect	max.err	error counts
3	198969	261888.8	0	198969
4	46710	65472.2	0	46710
5	6743	16368.1	0	6743
6	1596	4092.0	0	1596
7	399	1023.0	0	399
8	60	255.8	0	60
9	272	63.9	0	15 257
10	229	16.0	1	4 225
11	63	4.0	1	0 63
12	20	1.0	1	0 20
13	6	0.2	1	0 6
