This is cutadapt 2.9 with Python 3.6.6
Command line parameters: --interleaved -a file:/nas02/apps/trimmomatic-0.36/Trimmomatic-0.36/adapters/TruSeq3-PE.fa -A file:/nas02/apps/trimmomatic-0.36/Trimmomatic-0.36/adapters/TruSeq3-PE.fa -m 30 /nas/longleaf/home/zpopkinh/Pvivax_resources/wgs_pe_improved_global/fastq/ERS055882/ERR111714_1.fastq.gz /nas/longleaf/home/zpopkinh/Pvivax_resources/wgs_pe_improved_global/fastq/ERS055882/ERR111714_2.fastq.gz
Processing reads on 1 core in paired-end mode ...
Finished in 1633.93 s (111 us/read; 0.54 M reads/minute).

=== Summary ===

Total read pairs processed:         14,762,731
  Read 1 with adapter:                 550,595 (3.7%)
  Read 2 with adapter:                 543,215 (3.7%)
Pairs written (passing filters):    14,762,726 (100.0%)

Total basepairs processed: 2,952,546,200 bp
  Read 1: 1,476,273,100 bp
  Read 2: 1,476,273,100 bp
Total written (filtered):  2,948,861,047 bp (99.9%)
  Read 1: 1,474,417,602 bp
  Read 2: 1,474,443,445 bp

=== First read: Adapter PrefixPE/1 ===

Sequence: TACACTCTTTCCCTACACGACGCTCTTCCGATCT; Type: regular 3'; Length: 34; Trimmed: 283466 times

No. of allowed errors:
0-9 bp: 0; 10-19 bp: 1; 20-29 bp: 2; 30-34 bp: 3

Bases preceding removed adapters:
  A: 28.0%
  C: 19.8%
  G: 23.4%
  T: 28.8%
  none/other: 0.0%

Overview of removed sequences
length	count	expect	max.err	error counts
3	190711	230667.7	0	190711
4	70771	57666.9	0	70771
5	15876	14416.7	0	15876
6	3172	3604.2	0	3172
7	707	901.0	0	707
8	142	225.3	0	142
9	883	56.3	0	59 824
10	812	14.1	1	9 803
11	298	3.5	1	4 294
12	71	0.9	1	1 70
13	14	0.2	1	0 14
14	3	0.1	1	0 3
54	1	0.0	3	0 0 0 1
100	5	0.0	3	0 0 0 5


=== First read: Adapter PrefixPE/2 ===

Sequence: GTGACTGGAGTTCAGACGTGTGCTCTTCCGATCT; Type: regular 3'; Length: 34; Trimmed: 267129 times

No. of allowed errors:
0-9 bp: 0; 10-19 bp: 1; 20-29 bp: 2; 30-34 bp: 3

Bases preceding removed adapters:
  A: 23.4%
  C: 18.7%
  G: 26.9%
  T: 31.1%
  none/other: 0.0%

Overview of removed sequences
length	count	expect	max.err	error counts
3	209124	230667.7	0	209124
4	47855	57666.9	0	47855
5	7481	14416.7	0	7481
6	1613	3604.2	0	1613
7	447	901.0	0	447
8	64	225.3	0	64
9	261	56.3	0	12 249
10	204	14.1	1	5 199
11	61	3.5	1	0 61
12	14	0.9	1	0 14
13	5	0.2	1	0 5


=== Second read: Adapter PrefixPE/1 ===

Sequence: TACACTCTTTCCCTACACGACGCTCTTCCGATCT; Type: regular 3'; Length: 34; Trimmed: 279518 times

No. of allowed errors:
0-9 bp: 0; 10-19 bp: 1; 20-29 bp: 2; 30-34 bp: 3

Bases preceding removed adapters:
  A: 28.2%
  C: 19.6%
  G: 23.4%
  T: 28.8%
  none/other: 0.0%

Overview of removed sequences
length	count	expect	max.err	error counts
3	187371	230667.7	0	187371
4	70763	57666.9	0	70763
5	15337	14416.7	0	15337
6	3141	3604.2	0	3141
7	691	901.0	0	691
8	171	225.3	0	171
9	837	56.3	0	65 772
10	810	14.1	1	22 788
11	298	3.5	1	2 296
12	72	0.9	1	2 70
13	22	0.2	1	1 21
14	5	0.1	1	0 5


=== Second read: Adapter PrefixPE/2 ===

Sequence: GTGACTGGAGTTCAGACGTGTGCTCTTCCGATCT; Type: regular 3'; Length: 34; Trimmed: 263697 times

No. of allowed errors:
0-9 bp: 0; 10-19 bp: 1; 20-29 bp: 2; 30-34 bp: 3

Bases preceding removed adapters:
  A: 23.4%
  C: 18.8%
  G: 26.9%
  T: 30.9%
  none/other: 0.0%

Overview of removed sequences
length	count	expect	max.err	error counts
3	207555	230667.7	0	207555
4	46389	57666.9	0	46389
5	7142	14416.7	0	7142
6	1632	3604.2	0	1632
7	379	901.0	0	379
8	50	225.3	0	50
9	253	56.3	0	12 241
10	221	14.1	1	4 217
11	56	3.5	1	1 55
12	16	0.9	1	0 16
13	4	0.2	1	0 4
