This is cutadapt 2.9 with Python 3.6.6
Command line parameters: --interleaved -a file:/nas02/apps/trimmomatic-0.36/Trimmomatic-0.36/adapters/TruSeq3-PE.fa -A file:/nas02/apps/trimmomatic-0.36/Trimmomatic-0.36/adapters/TruSeq3-PE.fa -m 30 /nas/longleaf/home/zpopkinh/Pvivax_resources/wgs_pe_improved_global/fastq/ERS012693/ERR021981_1.fastq.gz /nas/longleaf/home/zpopkinh/Pvivax_resources/wgs_pe_improved_global/fastq/ERS012693/ERR021981_2.fastq.gz
Processing reads on 1 core in paired-end mode ...
Finished in 434.62 s (87 us/read; 0.69 M reads/minute).

=== Summary ===

Total read pairs processed:          5,018,323
  Read 1 with adapter:                 190,586 (3.8%)
  Read 2 with adapter:                 184,053 (3.7%)
Pairs written (passing filters):     5,018,321 (100.0%)

Total basepairs processed:   762,785,096 bp
  Read 1:   381,392,548 bp
  Read 2:   381,392,548 bp
Total written (filtered):    761,517,707 bp (99.8%)
  Read 1:   380,748,576 bp
  Read 2:   380,769,131 bp

=== First read: Adapter PrefixPE/1 ===

Sequence: TACACTCTTTCCCTACACGACGCTCTTCCGATCT; Type: regular 3'; Length: 34; Trimmed: 96321 times

No. of allowed errors:
0-9 bp: 0; 10-19 bp: 1; 20-29 bp: 2; 30-34 bp: 3

Bases preceding removed adapters:
  A: 28.8%
  C: 19.8%
  G: 25.8%
  T: 25.7%
  none/other: 0.0%

Overview of removed sequences
length	count	expect	max.err	error counts
3	64218	78411.3	0	64218
4	24756	19602.8	0	24756
5	5352	4900.7	0	5352
6	1000	1225.2	0	1000
7	212	306.3	0	212
8	60	76.6	0	60
9	236	19.1	0	25 211
10	354	4.8	1	11 343
11	100	1.2	1	0 100
12	19	0.3	1	0 19
13	12	0.1	1	0 12
14	2	0.0	1	0 2


=== First read: Adapter PrefixPE/2 ===

Sequence: GTGACTGGAGTTCAGACGTGTGCTCTTCCGATCT; Type: regular 3'; Length: 34; Trimmed: 94265 times

No. of allowed errors:
0-9 bp: 0; 10-19 bp: 1; 20-29 bp: 2; 30-34 bp: 3

Bases preceding removed adapters:
  A: 26.9%
  C: 16.8%
  G: 26.0%
  T: 30.3%
  none/other: 0.0%

Overview of removed sequences
length	count	expect	max.err	error counts
3	73045	78411.3	0	73045
4	17350	19602.8	0	17350
5	2790	4900.7	0	2790
6	611	1225.2	0	611
7	147	306.3	0	147
8	22	76.6	0	22
9	151	19.1	0	6 145
10	114	4.8	1	2 112
11	30	1.2	1	0 30
12	4	0.3	1	0 4
13	1	0.1	1	0 1


=== Second read: Adapter PrefixPE/1 ===

Sequence: TACACTCTTTCCCTACACGACGCTCTTCCGATCT; Type: regular 3'; Length: 34; Trimmed: 97772 times

No. of allowed errors:
0-9 bp: 0; 10-19 bp: 1; 20-29 bp: 2; 30-34 bp: 3

Bases preceding removed adapters:
  A: 26.3%
  C: 20.1%
  G: 24.7%
  T: 28.8%
  none/other: 0.0%

Overview of removed sequences
length	count	expect	max.err	error counts
3	65591	78411.3	0	65591
4	24136	19602.8	0	24136
5	5361	4900.7	0	5361
6	1296	1225.2	0	1296
7	309	306.3	0	309
8	77	76.6	0	77
9	345	19.1	0	34 311
10	453	4.8	1	14 439
11	157	1.2	1	0 157
12	31	0.3	1	2 29
13	9	0.1	1	0 9
14	3	0.0	1	0 3
15	2	0.0	1	0 2
64	1	0.0	3	0 0 1
74	1	0.0	3	1


=== Second read: Adapter PrefixPE/2 ===

Sequence: GTGACTGGAGTTCAGACGTGTGCTCTTCCGATCT; Type: regular 3'; Length: 34; Trimmed: 86281 times

No. of allowed errors:
0-9 bp: 0; 10-19 bp: 1; 20-29 bp: 2; 30-34 bp: 3

Bases preceding removed adapters:
  A: 22.2%
  C: 18.9%
  G: 25.2%
  T: 33.7%
  none/other: 0.0%

Overview of removed sequences
length	count	expect	max.err	error counts
3	68230	78411.3	0	68230
4	14397	19602.8	0	14397
5	2579	4900.7	0	2579
6	675	1225.2	0	675
7	167	306.3	0	167
8	26	76.6	0	26
9	83	19.1	0	5 78
10	75	4.8	1	0 75
11	32	1.2	1	0 32
12	13	0.3	1	0 13
13	3	0.1	1	0 3
21	1	0.0	2	0 0 1
