This is cutadapt 2.9 with Python 3.6.6
Command line parameters: --interleaved -a file:/nas02/apps/trimmomatic-0.36/Trimmomatic-0.36/adapters/TruSeq3-PE.fa -A file:/nas02/apps/trimmomatic-0.36/Trimmomatic-0.36/adapters/TruSeq3-PE.fa -m 30 /nas/longleaf/home/zpopkinh/Pvivax_resources/wgs_pe_improved_global/fastq/SRS1061008/SRR2316010_1.fastq.gz /nas/longleaf/home/zpopkinh/Pvivax_resources/wgs_pe_improved_global/fastq/SRS1061008/SRR2316010_2.fastq.gz
Processing reads on 1 core in paired-end mode ...
Finished in 785.02 s (98 us/read; 0.62 M reads/minute).

=== Summary ===

Total read pairs processed:          8,046,607
  Read 1 with adapter:                 296,302 (3.7%)
  Read 2 with adapter:                 293,986 (3.7%)
Pairs written (passing filters):     8,046,564 (100.0%)

Total basepairs processed: 1,609,321,400 bp
  Read 1:   804,660,700 bp
  Read 2:   804,660,700 bp
Total written (filtered):  1,607,313,835 bp (99.9%)
  Read 1:   803,652,077 bp
  Read 2:   803,661,758 bp

=== First read: Adapter PrefixPE/1 ===

Sequence: TACACTCTTTCCCTACACGACGCTCTTCCGATCT; Type: regular 3'; Length: 34; Trimmed: 154353 times

No. of allowed errors:
0-9 bp: 0; 10-19 bp: 1; 20-29 bp: 2; 30-34 bp: 3

Bases preceding removed adapters:
  A: 29.7%
  C: 19.1%
  G: 21.3%
  T: 29.8%
  none/other: 0.0%

Overview of removed sequences
length	count	expect	max.err	error counts
3	102368	125728.2	0	102368
4	40572	31432.1	0	40572
5	7887	7858.0	0	7887
6	1785	1964.5	0	1785
7	390	491.1	0	390
8	92	122.8	0	92
9	441	30.7	0	40 401
10	554	7.7	1	11 543
11	175	1.9	1	2 173
12	36	0.5	1	2 34
13	13	0.1	1	1 12
14	3	0.0	1	0 3
18	1	0.0	1	1
32	1	0.0	3	0 0 0 1
37	1	0.0	3	0 0 1
48	1	0.0	3	0 0 1
54	1	0.0	3	0 0 1
56	1	0.0	3	1
76	20	0.0	3	19 1
82	1	0.0	3	1
83	6	0.0	3	5 1
98	2	0.0	3	2
99	1	0.0	3	1
100	1	0.0	3	0 1


=== First read: Adapter PrefixPE/2 ===

Sequence: GTGACTGGAGTTCAGACGTGTGCTCTTCCGATCT; Type: regular 3'; Length: 34; Trimmed: 141949 times

No. of allowed errors:
0-9 bp: 0; 10-19 bp: 1; 20-29 bp: 2; 30-34 bp: 3

Bases preceding removed adapters:
  A: 26.2%
  C: 14.9%
  G: 25.3%
  T: 33.6%
  none/other: 0.0%

Overview of removed sequences
length	count	expect	max.err	error counts
3	108747	125728.2	0	108747
4	27309	31432.1	0	27309
5	3996	7858.0	0	3996
6	1119	1964.5	0	1119
7	285	491.1	0	285
8	48	122.8	0	48
9	166	30.7	0	14 152
10	174	7.7	1	3 171
11	68	1.9	1	1 67
12	21	0.5	1	0 21
13	14	0.1	1	0 14
16	2	0.0	1	0 2


=== Second read: Adapter PrefixPE/1 ===

Sequence: TACACTCTTTCCCTACACGACGCTCTTCCGATCT; Type: regular 3'; Length: 34; Trimmed: 153859 times

No. of allowed errors:
0-9 bp: 0; 10-19 bp: 1; 20-29 bp: 2; 30-34 bp: 3

Bases preceding removed adapters:
  A: 29.6%
  C: 19.0%
  G: 21.0%
  T: 30.4%
  none/other: 0.0%

Overview of removed sequences
length	count	expect	max.err	error counts
3	102342	125728.2	0	102342
4	40377	31432.1	0	40377
5	7742	7858.0	0	7742
6	1811	1964.5	0	1811
7	356	491.1	0	356
8	91	122.8	0	91
9	419	30.7	0	29 390
10	521	7.7	1	11 510
11	161	1.9	1	0 161
12	30	0.5	1	0 30
13	4	0.1	1	0 4
14	4	0.0	1	0 4
90	1	0.0	3	0 0 1


=== Second read: Adapter PrefixPE/2 ===

Sequence: GTGACTGGAGTTCAGACGTGTGCTCTTCCGATCT; Type: regular 3'; Length: 34; Trimmed: 140127 times

No. of allowed errors:
0-9 bp: 0; 10-19 bp: 1; 20-29 bp: 2; 30-34 bp: 3

Bases preceding removed adapters:
  A: 26.1%
  C: 15.1%
  G: 25.3%
  T: 33.4%
  none/other: 0.0%

Overview of removed sequences
length	count	expect	max.err	error counts
3	108177	125728.2	0	108177
4	26031	31432.1	0	26031
5	4069	7858.0	0	4069
6	1090	1964.5	0	1090
7	272	491.1	0	272
8	54	122.8	0	54
9	159	30.7	0	12 147
10	181	7.7	1	1 180
11	61	1.9	1	2 59
12	10	0.5	1	0 10
13	2	0.1	1	0 2
21	1	0.0	2	1
22	1	0.0	2	0 0 1
32	1	0.0	3	0 1
41	1	0.0	3	0 0 1
47	1	0.0	3	0 1
71	3	0.0	3	1 1 1
73	1	0.0	3	0 0 1
74	9	0.0	3	4 1 2 2
78	1	0.0	3	0 1
98	2	0.0	3	1 0 1
