This is cutadapt 2.9 with Python 3.6.6
Command line parameters: --interleaved -a file:/nas02/apps/trimmomatic-0.36/Trimmomatic-0.36/adapters/TruSeq3-PE.fa -A file:/nas02/apps/trimmomatic-0.36/Trimmomatic-0.36/adapters/TruSeq3-PE.fa -m 30 /nas/longleaf/home/zpopkinh/Pvivax_resources/wgs_pe_improved_global/fastq/ERS792644/ERR1106846_1.fastq.gz /nas/longleaf/home/zpopkinh/Pvivax_resources/wgs_pe_improved_global/fastq/ERS792644/ERR1106846_2.fastq.gz
Processing reads on 1 core in paired-end mode ...
Finished in 631.34 s (85 us/read; 0.70 M reads/minute).

=== Summary ===

Total read pairs processed:          7,404,335
  Read 1 with adapter:                 272,660 (3.7%)
  Read 2 with adapter:                 269,466 (3.6%)
Pairs written (passing filters):     7,404,335 (100.0%)

Total basepairs processed: 1,480,867,000 bp
  Read 1:   740,433,500 bp
  Read 2:   740,433,500 bp
Total written (filtered):  1,479,024,988 bp (99.9%)
  Read 1:   739,506,592 bp
  Read 2:   739,518,396 bp

=== First read: Adapter PrefixPE/1 ===

Sequence: TACACTCTTTCCCTACACGACGCTCTTCCGATCT; Type: regular 3'; Length: 34; Trimmed: 147898 times

No. of allowed errors:
0-9 bp: 0; 10-19 bp: 1; 20-29 bp: 2; 30-34 bp: 3

Bases preceding removed adapters:
  A: 29.6%
  C: 17.4%
  G: 24.5%
  T: 28.6%
  none/other: 0.0%

Overview of removed sequences
length	count	expect	max.err	error counts
3	96871	115692.7	0	96871
4	39418	28923.2	0	39418
5	7798	7230.8	0	7798
6	1754	1807.7	0	1754
7	440	451.9	0	440
8	101	113.0	0	101
9	374	28.2	0	36 338
10	886	7.1	1	23 863
11	211	1.8	1	5 206
12	33	0.4	1	0 33
13	9	0.1	1	0 9
14	2	0.0	1	0 2
15	1	0.0	1	0 1


=== First read: Adapter PrefixPE/2 ===

Sequence: GTGACTGGAGTTCAGACGTGTGCTCTTCCGATCT; Type: regular 3'; Length: 34; Trimmed: 124762 times

No. of allowed errors:
0-9 bp: 0; 10-19 bp: 1; 20-29 bp: 2; 30-34 bp: 3

Bases preceding removed adapters:
  A: 26.3%
  C: 16.0%
  G: 23.5%
  T: 34.2%
  none/other: 0.0%

Overview of removed sequences
length	count	expect	max.err	error counts
3	96909	115692.7	0	96909
4	23098	28923.2	0	23098
5	3280	7230.8	0	3280
6	873	1807.7	0	873
7	171	451.9	0	171
8	26	113.0	0	26
9	182	28.2	0	8 174
10	162	7.1	1	0 162
11	39	1.8	1	0 39
12	17	0.4	1	0 17
13	5	0.1	1	0 5


=== Second read: Adapter PrefixPE/1 ===

Sequence: TACACTCTTTCCCTACACGACGCTCTTCCGATCT; Type: regular 3'; Length: 34; Trimmed: 146762 times

No. of allowed errors:
0-9 bp: 0; 10-19 bp: 1; 20-29 bp: 2; 30-34 bp: 3

Bases preceding removed adapters:
  A: 29.4%
  C: 17.5%
  G: 24.7%
  T: 28.4%
  none/other: 0.0%

Overview of removed sequences
length	count	expect	max.err	error counts
3	96200	115692.7	0	96200
4	39021	28923.2	0	39021
5	7776	7230.8	0	7776
6	1779	1807.7	0	1779
7	435	451.9	0	435
8	84	113.0	0	84
9	391	28.2	0	28 363
10	849	7.1	1	11 838
11	179	1.8	1	2 177
12	37	0.4	1	1 36
13	10	0.1	1	0 10
14	1	0.0	1	0 1


=== Second read: Adapter PrefixPE/2 ===

Sequence: GTGACTGGAGTTCAGACGTGTGCTCTTCCGATCT; Type: regular 3'; Length: 34; Trimmed: 122704 times

No. of allowed errors:
0-9 bp: 0; 10-19 bp: 1; 20-29 bp: 2; 30-34 bp: 3

Bases preceding removed adapters:
  A: 25.7%
  C: 16.1%
  G: 23.8%
  T: 34.3%
  none/other: 0.0%

Overview of removed sequences
length	count	expect	max.err	error counts
3	95788	115692.7	0	95788
4	22343	28923.2	0	22343
5	3197	7230.8	0	3197
6	815	1807.7	0	815
7	179	451.9	0	179
8	18	113.0	0	18
9	145	28.2	0	4 141
10	160	7.1	1	1 159
11	41	1.8	1	2 39
12	15	0.4	1	0 15
13	3	0.1	1	0 3
