This is cutadapt 2.9 with Python 3.6.6
Command line parameters: --interleaved -a file:/nas02/apps/trimmomatic-0.36/Trimmomatic-0.36/adapters/TruSeq3-PE.fa -A file:/nas02/apps/trimmomatic-0.36/Trimmomatic-0.36/adapters/TruSeq3-PE.fa -m 30 /nas/longleaf/home/zpopkinh/Pvivax_resources/wgs_pe_improved_global/fastq/ERS980428/ERR1475353_1.fastq.gz /nas/longleaf/home/zpopkinh/Pvivax_resources/wgs_pe_improved_global/fastq/ERS980428/ERR1475353_2.fastq.gz
Processing reads on 1 core in paired-end mode ...
Finished in 2327.99 s (107 us/read; 0.56 M reads/minute).

=== Summary ===

Total read pairs processed:         21,796,940
  Read 1 with adapter:                 802,248 (3.7%)
  Read 2 with adapter:                 791,419 (3.6%)
Pairs written (passing filters):    21,796,940 (100.0%)

Total basepairs processed: 4,359,388,000 bp
  Read 1: 2,179,694,000 bp
  Read 2: 2,179,694,000 bp
Total written (filtered):  4,354,005,434 bp (99.9%)
  Read 1: 2,176,983,414 bp
  Read 2: 2,177,022,020 bp

=== First read: Adapter PrefixPE/1 ===

Sequence: TACACTCTTTCCCTACACGACGCTCTTCCGATCT; Type: regular 3'; Length: 34; Trimmed: 427145 times

No. of allowed errors:
0-9 bp: 0; 10-19 bp: 1; 20-29 bp: 2; 30-34 bp: 3

Bases preceding removed adapters:
  A: 28.5%
  C: 18.7%
  G: 23.2%
  T: 29.6%
  none/other: 0.0%

Overview of removed sequences
length	count	expect	max.err	error counts
3	284591	340577.2	0	284591
4	110042	85144.3	0	110042
5	23036	21286.1	0	23036
6	4902	5321.5	0	4902
7	1028	1330.4	0	1028
8	247	332.6	0	247
9	1280	83.1	0	91 1189
10	1439	20.8	1	43 1396
11	460	5.2	1	3 457
12	90	1.3	1	1 89
13	25	0.3	1	0 25
14	3	0.1	1	0 3
15	2	0.0	1	0 2


=== First read: Adapter PrefixPE/2 ===

Sequence: GTGACTGGAGTTCAGACGTGTGCTCTTCCGATCT; Type: regular 3'; Length: 34; Trimmed: 375103 times

No. of allowed errors:
0-9 bp: 0; 10-19 bp: 1; 20-29 bp: 2; 30-34 bp: 3

Bases preceding removed adapters:
  A: 24.1%
  C: 18.4%
  G: 25.6%
  T: 32.0%
  none/other: 0.0%

Overview of removed sequences
length	count	expect	max.err	error counts
3	292077	340577.2	0	292077
4	68749	85144.3	0	68749
5	10404	21286.1	0	10404
6	2355	5321.5	0	2355
7	569	1330.4	0	569
8	85	332.6	0	85
9	395	83.1	0	25 370
10	347	20.8	1	10 337
11	97	5.2	1	1 96
12	23	1.3	1	0 23
13	2	0.3	1	0 2


=== Second read: Adapter PrefixPE/1 ===

Sequence: TACACTCTTTCCCTACACGACGCTCTTCCGATCT; Type: regular 3'; Length: 34; Trimmed: 422154 times

No. of allowed errors:
0-9 bp: 0; 10-19 bp: 1; 20-29 bp: 2; 30-34 bp: 3

Bases preceding removed adapters:
  A: 28.6%
  C: 18.9%
  G: 23.0%
  T: 29.5%
  none/other: 0.0%

Overview of removed sequences
length	count	expect	max.err	error counts
3	282073	340577.2	0	282073
4	108123	85144.3	0	108123
5	22617	21286.1	0	22617
6	4920	5321.5	0	4920
7	1031	1330.4	0	1031
8	243	332.6	0	243
9	1233	83.1	0	103 1130
10	1322	20.8	1	53 1269
11	452	5.2	1	3 449
12	98	1.3	1	1 97
13	31	0.3	1	0 31
14	9	0.1	1	0 9
15	2	0.0	1	0 2


=== Second read: Adapter PrefixPE/2 ===

Sequence: GTGACTGGAGTTCAGACGTGTGCTCTTCCGATCT; Type: regular 3'; Length: 34; Trimmed: 369265 times

No. of allowed errors:
0-9 bp: 0; 10-19 bp: 1; 20-29 bp: 2; 30-34 bp: 3

Bases preceding removed adapters:
  A: 23.9%
  C: 18.5%
  G: 25.6%
  T: 32.0%
  none/other: 0.0%

Overview of removed sequences
length	count	expect	max.err	error counts
3	288604	340577.2	0	288604
4	66583	85144.3	0	66583
5	10218	21286.1	0	10218
6	2306	5321.5	0	2306
7	584	1330.4	0	584
8	89	332.6	0	89
9	395	83.1	0	23 372
10	338	20.8	1	15 323
11	110	5.2	1	1 109
12	30	1.3	1	0 30
13	8	0.3	1	0 8
