This is cutadapt 2.9 with Python 3.6.6
Command line parameters: --interleaved -a file:/nas02/apps/trimmomatic-0.36/Trimmomatic-0.36/adapters/TruSeq3-PE.fa -A file:/nas02/apps/trimmomatic-0.36/Trimmomatic-0.36/adapters/TruSeq3-PE.fa -m 30 /nas/longleaf/home/zpopkinh/Pvivax_resources/wgs_pe_improved_global/fastq/ERS403530/ERR527353_1.fastq.gz /nas/longleaf/home/zpopkinh/Pvivax_resources/wgs_pe_improved_global/fastq/ERS403530/ERR527353_2.fastq.gz
Processing reads on 1 core in paired-end mode ...
Finished in 1346.71 s (81 us/read; 0.74 M reads/minute).

=== Summary ===

Total read pairs processed:         16,532,584
  Read 1 with adapter:                 606,434 (3.7%)
  Read 2 with adapter:                 597,987 (3.6%)
Pairs written (passing filters):    16,532,582 (100.0%)

Total basepairs processed: 3,306,516,800 bp
  Read 1: 1,653,258,400 bp
  Read 2: 1,653,258,400 bp
Total written (filtered):  3,302,446,291 bp (99.9%)
  Read 1: 1,651,208,713 bp
  Read 2: 1,651,237,578 bp

=== First read: Adapter PrefixPE/1 ===

Sequence: TACACTCTTTCCCTACACGACGCTCTTCCGATCT; Type: regular 3'; Length: 34; Trimmed: 329334 times

No. of allowed errors:
0-9 bp: 0; 10-19 bp: 1; 20-29 bp: 2; 30-34 bp: 3

Bases preceding removed adapters:
  A: 29.4%
  C: 18.2%
  G: 22.2%
  T: 30.2%
  none/other: 0.0%

Overview of removed sequences
length	count	expect	max.err	error counts
3	219121	258321.6	0	219121
4	85665	64580.4	0	85665
5	17417	16145.1	0	17417
6	3789	4036.3	0	3789
7	712	1009.1	0	712
8	182	252.3	0	182
9	1004	63.1	0	57 947
10	987	15.8	1	27 960
11	362	3.9	1	3 359
12	74	1.0	1	0 74
13	17	0.2	1	0 17
14	2	0.1	1	0 2
100	2	0.0	3	0 0 0 2


=== First read: Adapter PrefixPE/2 ===

Sequence: GTGACTGGAGTTCAGACGTGTGCTCTTCCGATCT; Type: regular 3'; Length: 34; Trimmed: 277100 times

No. of allowed errors:
0-9 bp: 0; 10-19 bp: 1; 20-29 bp: 2; 30-34 bp: 3

Bases preceding removed adapters:
  A: 24.2%
  C: 18.2%
  G: 25.2%
  T: 32.4%
  none/other: 0.0%

Overview of removed sequences
length	count	expect	max.err	error counts
3	215715	258321.6	0	215715
4	50801	64580.4	0	50801
5	7714	16145.1	0	7714
6	1742	4036.3	0	1742
7	396	1009.1	0	396
8	76	252.3	0	76
9	290	63.1	0	9 281
10	236	15.8	1	3 233
11	101	3.9	1	1 100
12	29	1.0	1	0 29


=== Second read: Adapter PrefixPE/1 ===

Sequence: TACACTCTTTCCCTACACGACGCTCTTCCGATCT; Type: regular 3'; Length: 34; Trimmed: 326206 times

No. of allowed errors:
0-9 bp: 0; 10-19 bp: 1; 20-29 bp: 2; 30-34 bp: 3

Bases preceding removed adapters:
  A: 29.7%
  C: 18.0%
  G: 22.1%
  T: 30.2%
  none/other: 0.0%

Overview of removed sequences
length	count	expect	max.err	error counts
3	217177	258321.6	0	217177
4	84616	64580.4	0	84616
5	17375	16145.1	0	17375
6	3764	4036.3	0	3764
7	728	1009.1	0	728
8	159	252.3	0	159
9	981	63.1	0	76 905
10	1012	15.8	1	24 988
11	307	3.9	1	6 301
12	69	1.0	1	0 69
13	11	0.2	1	0 11
14	4	0.1	1	0 4
15	3	0.0	1	0 3


=== Second read: Adapter PrefixPE/2 ===

Sequence: GTGACTGGAGTTCAGACGTGTGCTCTTCCGATCT; Type: regular 3'; Length: 34; Trimmed: 271781 times

No. of allowed errors:
0-9 bp: 0; 10-19 bp: 1; 20-29 bp: 2; 30-34 bp: 3

Bases preceding removed adapters:
  A: 24.1%
  C: 18.1%
  G: 25.3%
  T: 32.5%
  none/other: 0.0%

Overview of removed sequences
length	count	expect	max.err	error counts
3	211658	258321.6	0	211658
4	49748	64580.4	0	49748
5	7592	16145.1	0	7592
6	1725	4036.3	0	1725
7	406	1009.1	0	406
8	60	252.3	0	60
9	253	63.1	0	16 237
10	228	15.8	1	4 224
11	88	3.9	1	0 88
12	20	1.0	1	0 20
13	3	0.2	1	0 3
