This is cutadapt 2.9 with Python 3.6.6
Command line parameters: --interleaved -a file:/nas02/apps/trimmomatic-0.36/Trimmomatic-0.36/adapters/TruSeq3-PE.fa -A file:/nas02/apps/trimmomatic-0.36/Trimmomatic-0.36/adapters/TruSeq3-PE.fa -m 30 /nas/longleaf/home/zpopkinh/Pvivax_resources/wgs_pe_improved_global/fastq/ERR5740710/ERR5740710_1.fastq.gz /nas/longleaf/home/zpopkinh/Pvivax_resources/wgs_pe_improved_global/fastq/ERR5740710/ERR5740710_2.fastq.gz
Processing reads on 1 core in paired-end mode ...
Finished in 373.35 s (128 us/read; 0.47 M reads/minute).

=== Summary ===

Total read pairs processed:          2,911,531
  Read 1 with adapter:                 106,267 (3.6%)
  Read 2 with adapter:                 103,018 (3.5%)
Pairs written (passing filters):     2,911,528 (100.0%)

Total basepairs processed:   879,282,362 bp
  Read 1:   439,641,181 bp
  Read 2:   439,641,181 bp
Total written (filtered):    878,572,237 bp (99.9%)
  Read 1:   439,280,609 bp
  Read 2:   439,291,628 bp

=== First read: Adapter PrefixPE/1 ===

Sequence: TACACTCTTTCCCTACACGACGCTCTTCCGATCT; Type: regular 3'; Length: 34; Trimmed: 48765 times

No. of allowed errors:
0-9 bp: 0; 10-19 bp: 1; 20-29 bp: 2; 30-34 bp: 3

Bases preceding removed adapters:
  A: 27.8%
  C: 23.4%
  G: 19.3%
  T: 29.4%
  none/other: 0.0%

Overview of removed sequences
length	count	expect	max.err	error counts
3	32713	45492.7	0	32713
4	12384	11373.2	0	12384
5	2466	2843.3	0	2466
6	619	710.8	0	619
7	146	177.7	0	146
8	33	44.4	0	33
9	97	11.1	0	7 90
10	204	2.8	1	6 198
11	77	0.7	1	1 76
12	19	0.2	1	0 19
13	3	0.0	1	0 3
14	2	0.0	1	0 2
36	1	0.0	3	0 1
103	1	0.0	3	0 0 0 1


=== First read: Adapter PrefixPE/2 ===

Sequence: GTGACTGGAGTTCAGACGTGTGCTCTTCCGATCT; Type: regular 3'; Length: 34; Trimmed: 57502 times

No. of allowed errors:
0-9 bp: 0; 10-19 bp: 1; 20-29 bp: 2; 30-34 bp: 3

Bases preceding removed adapters:
  A: 28.3%
  C: 11.1%
  G: 26.5%
  T: 34.2%
  none/other: 0.0%

Overview of removed sequences
length	count	expect	max.err	error counts
3	43883	45492.7	0	43883
4	10899	11373.2	0	10899
5	1790	2843.3	0	1790
6	520	710.8	0	520
7	124	177.7	0	124
8	36	44.4	0	36
9	96	11.1	0	9 87
10	106	2.8	1	2 104
11	29	0.7	1	0 29
12	15	0.2	1	0 15
13	2	0.0	1	0 2
143	2	0.0	3	2


=== Second read: Adapter PrefixPE/1 ===

Sequence: TACACTCTTTCCCTACACGACGCTCTTCCGATCT; Type: regular 3'; Length: 34; Trimmed: 46973 times

No. of allowed errors:
0-9 bp: 0; 10-19 bp: 1; 20-29 bp: 2; 30-34 bp: 3

Bases preceding removed adapters:
  A: 28.3%
  C: 24.8%
  G: 19.4%
  T: 27.5%
  none/other: 0.0%

Overview of removed sequences
length	count	expect	max.err	error counts
3	31305	45492.7	0	31305
4	11951	11373.2	0	11951
5	2543	2843.3	0	2543
6	567	710.8	0	567
7	111	177.7	0	111
8	35	44.4	0	35
9	154	11.1	0	16 138
10	212	2.8	1	3 209
11	66	0.7	1	2 64
12	20	0.2	1	0 20
13	5	0.0	1	0 5
14	3	0.0	1	0 3
151	1	0.0	3	0 1


=== Second read: Adapter PrefixPE/2 ===

Sequence: GTGACTGGAGTTCAGACGTGTGCTCTTCCGATCT; Type: regular 3'; Length: 34; Trimmed: 56045 times

No. of allowed errors:
0-9 bp: 0; 10-19 bp: 1; 20-29 bp: 2; 30-34 bp: 3

Bases preceding removed adapters:
  A: 26.7%
  C: 13.6%
  G: 26.1%
  T: 33.6%
  none/other: 0.0%

Overview of removed sequences
length	count	expect	max.err	error counts
3	43496	45492.7	0	43496
4	9723	11373.2	0	9723
5	1916	2843.3	0	1916
6	469	710.8	0	469
7	134	177.7	0	134
8	41	44.4	0	41
9	115	11.1	0	6 109
10	115	2.8	1	2 113
11	29	0.7	1	1 28
12	7	0.2	1	1 6
