This is cutadapt 2.9 with Python 3.6.6
Command line parameters: --interleaved -a file:/nas02/apps/trimmomatic-0.36/Trimmomatic-0.36/adapters/TruSeq3-PE.fa -A file:/nas02/apps/trimmomatic-0.36/Trimmomatic-0.36/adapters/TruSeq3-PE.fa -m 30 /nas/longleaf/home/zpopkinh/Pvivax_resources/new_seqs_2021/fastq/MDP3364/MDP3364_1.fastq.gz /nas/longleaf/home/zpopkinh/Pvivax_resources/new_seqs_2021/fastq/MDP3364/MDP3364_2.fastq.gz
Processing reads on 1 core in paired-end mode ...
Finished in 855.27 s (187 us/read; 0.32 M reads/minute).

=== Summary ===

Total read pairs processed:          4,584,330
  Read 1 with adapter:                 139,457 (3.0%)
  Read 2 with adapter:                 181,811 (4.0%)
Pairs written (passing filters):     4,584,326 (100.0%)

Total basepairs processed: 1,375,299,000 bp
  Read 1:   687,649,500 bp
  Read 2:   687,649,500 bp
Total written (filtered):  1,374,239,930 bp (99.9%)
  Read 1:   687,182,456 bp
  Read 2:   687,057,474 bp

=== First read: Adapter PrefixPE/1 ===

Sequence: TACACTCTTTCCCTACACGACGCTCTTCCGATCT; Type: regular 3'; Length: 34; Trimmed: 78309 times

No. of allowed errors:
0-9 bp: 0; 10-19 bp: 1; 20-29 bp: 2; 30-34 bp: 3

Bases preceding removed adapters:
  A: 22.2%
  C: 18.1%
  G: 19.0%
  T: 40.8%
  none/other: 0.0%

Overview of removed sequences
length	count	expect	max.err	error counts
3	56552	71630.2	0	56552
4	16641	17907.5	0	16641
5	3582	4476.9	0	3582
6	760	1119.2	0	760
7	181	279.8	0	181
8	37	70.0	0	37
9	233	17.5	0	16 217
10	229	4.4	1	10 219
11	67	1.1	1	1 66
12	19	0.3	1	1 18
13	6	0.1	1	0 6
14	2	0.0	1	0 2


=== First read: Adapter PrefixPE/2 ===

Sequence: GTGACTGGAGTTCAGACGTGTGCTCTTCCGATCT; Type: regular 3'; Length: 34; Trimmed: 61148 times

No. of allowed errors:
0-9 bp: 0; 10-19 bp: 1; 20-29 bp: 2; 30-34 bp: 3

Bases preceding removed adapters:
  A: 23.6%
  C: 19.1%
  G: 27.3%
  T: 30.0%
  none/other: 0.0%

Overview of removed sequences
length	count	expect	max.err	error counts
3	47629	71630.2	0	47629
4	11051	17907.5	0	11051
5	1801	4476.9	0	1801
6	416	1119.2	0	416
7	105	279.8	0	105
8	11	70.0	0	11
9	60	17.5	0	0 60
10	55	4.4	1	1 54
11	13	1.1	1	0 13
12	6	0.3	1	0 6
13	1	0.1	1	0 1


=== Second read: Adapter PrefixPE/1 ===

Sequence: TACACTCTTTCCCTACACGACGCTCTTCCGATCT; Type: regular 3'; Length: 34; Trimmed: 60615 times

No. of allowed errors:
0-9 bp: 0; 10-19 bp: 1; 20-29 bp: 2; 30-34 bp: 3

Bases preceding removed adapters:
  A: 26.4%
  C: 22.6%
  G: 23.9%
  T: 27.1%
  none/other: 0.0%

Overview of removed sequences
length	count	expect	max.err	error counts
3	40493	71630.2	0	40493
4	15239	17907.5	0	15239
5	3447	4476.9	0	3447
6	723	1119.2	0	723
7	160	279.8	0	160
8	38	70.0	0	38
9	214	17.5	0	11 203
10	211	4.4	1	9 202
11	73	1.1	1	4 69
12	13	0.3	1	0 13
14	3	0.0	1	0 3
145	1	0.0	3	0 0 0 1


=== Second read: Adapter PrefixPE/2 ===

Sequence: GTGACTGGAGTTCAGACGTGTGCTCTTCCGATCT; Type: regular 3'; Length: 34; Trimmed: 121196 times

No. of allowed errors:
0-9 bp: 0; 10-19 bp: 1; 20-29 bp: 2; 30-34 bp: 3

Bases preceding removed adapters:
  A: 36.0%
  C: 23.7%
  G: 24.7%
  T: 15.6%
  none/other: 0.0%

Overview of removed sequences
length	count	expect	max.err	error counts
3	107617	71630.2	0	107617
4	11210	17907.5	0	11210
5	1724	4476.9	0	1724
6	356	1119.2	0	356
7	95	279.8	0	95
8	18	70.0	0	18
9	76	17.5	0	6 70
10	68	4.4	1	2 66
11	18	1.1	1	0 18
12	8	0.3	1	1 7
13	2	0.1	1	1 1
17	1	0.0	1	0 1
122	2	0.0	3	1 0 1
150	1	0.0	3	0 0 1
