This is cutadapt 2.9 with Python 3.6.6
Command line parameters: --interleaved -a file:/nas02/apps/trimmomatic-0.36/Trimmomatic-0.36/adapters/TruSeq3-PE.fa -A file:/nas02/apps/trimmomatic-0.36/Trimmomatic-0.36/adapters/TruSeq3-PE.fa -m 30 /nas/longleaf/home/zpopkinh/Pvivax_resources/wgs_pe_improved_global/fastq/SRS693468/SRR1564980_1.fastq.gz /nas/longleaf/home/zpopkinh/Pvivax_resources/wgs_pe_improved_global/fastq/SRS693468/SRR1564980_2.fastq.gz
Processing reads on 1 core in paired-end mode ...
Finished in 17.28 s (46 us/read; 1.30 M reads/minute).

=== Summary ===

Total read pairs processed:            375,778
  Read 1 with adapter:                  12,417 (3.3%)
  Read 2 with adapter:                  14,772 (3.9%)
Pairs written (passing filters):       375,280 (99.9%)

Total basepairs processed:    75,907,156 bp
  Read 1:    37,953,578 bp
  Read 2:    37,953,578 bp
Total written (filtered):     75,717,458 bp (99.8%)
  Read 1:    37,861,439 bp
  Read 2:    37,856,019 bp

=== First read: Adapter PrefixPE/1 ===

Sequence: TACACTCTTTCCCTACACGACGCTCTTCCGATCT; Type: regular 3'; Length: 34; Trimmed: 5764 times

No. of allowed errors:
0-9 bp: 0; 10-19 bp: 1; 20-29 bp: 2; 30-34 bp: 3

Bases preceding removed adapters:
  A: 23.3%
  C: 23.3%
  G: 26.8%
  T: 26.6%
  none/other: 0.0%

Overview of removed sequences
length	count	expect	max.err	error counts
3	3834	5871.5	0	3834
4	1508	1467.9	0	1508
5	299	367.0	0	299
6	67	91.7	0	67
7	12	22.9	0	12
8	4	5.7	0	4
9	16	1.4	0	3 13
10	18	0.4	1	0 18
11	6	0.1	1	0 6


=== First read: Adapter PrefixPE/2 ===

Sequence: GTGACTGGAGTTCAGACGTGTGCTCTTCCGATCT; Type: regular 3'; Length: 34; Trimmed: 6653 times

No. of allowed errors:
0-9 bp: 0; 10-19 bp: 1; 20-29 bp: 2; 30-34 bp: 3

Bases preceding removed adapters:
  A: 22.6%
  C: 19.3%
  G: 28.6%
  T: 29.6%
  none/other: 0.0%

Overview of removed sequences
length	count	expect	max.err	error counts
3	5153	5871.5	0	5153
4	1225	1467.9	0	1225
5	199	367.0	0	199
6	39	91.7	0	39
7	11	22.9	0	11
8	3	5.7	0	3
9	6	1.4	0	1 5
10	8	0.4	1	0 8
11	7	0.1	1	0 7
12	1	0.0	1	0 1
50	1	0.0	3	0 0 1


=== Second read: Adapter PrefixPE/1 ===

Sequence: TACACTCTTTCCCTACACGACGCTCTTCCGATCT; Type: regular 3'; Length: 34; Trimmed: 5490 times

No. of allowed errors:
0-9 bp: 0; 10-19 bp: 1; 20-29 bp: 2; 30-34 bp: 3

Bases preceding removed adapters:
  A: 24.0%
  C: 24.2%
  G: 26.8%
  T: 24.9%
  none/other: 0.0%

Overview of removed sequences
length	count	expect	max.err	error counts
3	3702	5871.5	0	3702
4	1324	1467.9	0	1324
5	352	367.0	0	352
6	61	91.7	0	61
7	12	22.9	0	12
8	4	5.7	0	4
9	8	1.4	0	0 8
10	20	0.4	1	2 18
11	6	0.1	1	0 6
12	1	0.0	1	0 1


=== Second read: Adapter PrefixPE/2 ===

Sequence: GTGACTGGAGTTCAGACGTGTGCTCTTCCGATCT; Type: regular 3'; Length: 34; Trimmed: 9282 times

No. of allowed errors:
0-9 bp: 0; 10-19 bp: 1; 20-29 bp: 2; 30-34 bp: 3

Bases preceding removed adapters:
  A: 21.7%
  C: 28.4%
  G: 26.1%
  T: 23.8%
  none/other: 0.0%

Overview of removed sequences
length	count	expect	max.err	error counts
3	7277	5871.5	0	7277
4	1241	1467.9	0	1241
5	201	367.0	0	201
6	34	91.7	0	34
7	14	22.9	0	14
8	1	5.7	0	1
9	6	1.4	0	0 6
10	7	0.4	1	0 7
11	3	0.1	1	0 3
92	7	0.0	3	0 1 0 6
93	475	0.0	3	0 48 167 260
94	10	0.0	3	0 1 7 2
95	5	0.0	3	0 1 1 3
99	1	0.0	3	0 0 1
