This is cutadapt 2.9 with Python 3.6.6
Command line parameters: --interleaved -a file:/nas02/apps/trimmomatic-0.36/Trimmomatic-0.36/adapters/TruSeq3-PE.fa -A file:/nas02/apps/trimmomatic-0.36/Trimmomatic-0.36/adapters/TruSeq3-PE.fa -m 30 /nas/longleaf/home/zpopkinh/Pvivax_resources/wgs_pe_improved_global/fastq/SRS693468/SRR1564610_1.fastq.gz /nas/longleaf/home/zpopkinh/Pvivax_resources/wgs_pe_improved_global/fastq/SRS693468/SRR1564610_2.fastq.gz
Processing reads on 1 core in paired-end mode ...
Finished in 21.40 s (45 us/read; 1.33 M reads/minute).

=== Summary ===

Total read pairs processed:            474,581
  Read 1 with adapter:                  15,812 (3.3%)
  Read 2 with adapter:                  18,128 (3.8%)
Pairs written (passing filters):       474,571 (100.0%)

Total basepairs processed:    95,865,362 bp
  Read 1:    47,932,681 bp
  Read 2:    47,932,681 bp
Total written (filtered):     95,750,071 bp (99.9%)
  Read 1:    47,878,193 bp
  Read 2:    47,871,878 bp

=== First read: Adapter PrefixPE/1 ===

Sequence: TACACTCTTTCCCTACACGACGCTCTTCCGATCT; Type: regular 3'; Length: 34; Trimmed: 7203 times

No. of allowed errors:
0-9 bp: 0; 10-19 bp: 1; 20-29 bp: 2; 30-34 bp: 3

Bases preceding removed adapters:
  A: 24.5%
  C: 24.0%
  G: 27.2%
  T: 24.3%
  none/other: 0.0%

Overview of removed sequences
length	count	expect	max.err	error counts
3	4809	7415.3	0	4809
4	1750	1853.8	0	1750
5	471	463.5	0	471
6	75	115.9	0	75
7	19	29.0	0	19
8	5	7.2	0	5
9	20	1.8	0	4 16
10	30	0.5	1	1 29
11	15	0.1	1	0 15
12	8	0.0	1	1 7
101	1	0.0	3	0 0 0 1


=== First read: Adapter PrefixPE/2 ===

Sequence: GTGACTGGAGTTCAGACGTGTGCTCTTCCGATCT; Type: regular 3'; Length: 34; Trimmed: 8609 times

No. of allowed errors:
0-9 bp: 0; 10-19 bp: 1; 20-29 bp: 2; 30-34 bp: 3

Bases preceding removed adapters:
  A: 22.9%
  C: 19.2%
  G: 28.8%
  T: 29.0%
  none/other: 0.0%

Overview of removed sequences
length	count	expect	max.err	error counts
3	6650	7415.3	0	6650
4	1603	1853.8	0	1603
5	267	463.5	0	267
6	51	115.9	0	51
7	15	29.0	0	15
8	2	7.2	0	2
9	7	1.8	0	0 7
10	10	0.5	1	0 10
11	3	0.1	1	0 3
12	1	0.0	1	0 1


=== Second read: Adapter PrefixPE/1 ===

Sequence: TACACTCTTTCCCTACACGACGCTCTTCCGATCT; Type: regular 3'; Length: 34; Trimmed: 6863 times

No. of allowed errors:
0-9 bp: 0; 10-19 bp: 1; 20-29 bp: 2; 30-34 bp: 3

Bases preceding removed adapters:
  A: 24.5%
  C: 23.4%
  G: 27.2%
  T: 24.9%
  none/other: 0.0%

Overview of removed sequences
length	count	expect	max.err	error counts
3	4670	7415.3	0	4670
4	1612	1853.8	0	1612
5	456	463.5	0	456
6	66	115.9	0	66
7	19	29.0	0	19
8	5	7.2	0	5
9	21	1.8	0	2 19
10	10	0.5	1	0 10
11	4	0.1	1	0 4


=== Second read: Adapter PrefixPE/2 ===

Sequence: GTGACTGGAGTTCAGACGTGTGCTCTTCCGATCT; Type: regular 3'; Length: 34; Trimmed: 11265 times

No. of allowed errors:
0-9 bp: 0; 10-19 bp: 1; 20-29 bp: 2; 30-34 bp: 3

Bases preceding removed adapters:
  A: 23.3%
  C: 29.1%
  G: 23.1%
  T: 24.5%
  none/other: 0.0%

Overview of removed sequences
length	count	expect	max.err	error counts
3	9373	7415.3	0	9373
4	1565	1853.8	0	1565
5	229	463.5	0	229
6	55	115.9	0	55
7	10	29.0	0	10
8	3	7.2	0	3
9	10	1.8	0	0 10
10	7	0.5	1	1 6
11	3	0.1	1	0 3
12	1	0.0	1	0 1
93	4	0.0	3	0 0 0 4
95	5	0.0	3	0 0 2 3
