This is cutadapt 2.9 with Python 3.6.6
Command line parameters: --interleaved -a file:/nas02/apps/trimmomatic-0.36/Trimmomatic-0.36/adapters/TruSeq3-PE.fa -A file:/nas02/apps/trimmomatic-0.36/Trimmomatic-0.36/adapters/TruSeq3-PE.fa -m 30 /nas/longleaf/home/zpopkinh/Pvivax_resources/wgs_pe_improved_global/fastq/ERS1452911/ERR1739851_1.fastq.gz /nas/longleaf/home/zpopkinh/Pvivax_resources/wgs_pe_improved_global/fastq/ERS1452911/ERR1739851_2.fastq.gz
Processing reads on 1 core in paired-end mode ...
Finished in 194.17 s (194 us/read; 0.31 M reads/minute).

=== Summary ===

Total read pairs processed:            999,141
  Read 1 with adapter:                  39,398 (3.9%)
  Read 2 with adapter:                  37,273 (3.7%)
Pairs written (passing filters):       999,141 (100.0%)

Total basepairs processed:   299,742,300 bp
  Read 1:   149,871,150 bp
  Read 2:   149,871,150 bp
Total written (filtered):    299,479,639 bp (99.9%)
  Read 1:   149,736,380 bp
  Read 2:   149,743,259 bp

=== First read: Adapter PrefixPE/1 ===

Sequence: TACACTCTTTCCCTACACGACGCTCTTCCGATCT; Type: regular 3'; Length: 34; Trimmed: 28822 times

No. of allowed errors:
0-9 bp: 0; 10-19 bp: 1; 20-29 bp: 2; 30-34 bp: 3

Bases preceding removed adapters:
  A: 39.9%
  C: 12.4%
  G: 18.7%
  T: 29.0%
  none/other: 0.0%

Overview of removed sequences
length	count	expect	max.err	error counts
3	18504	15611.6	0	18504
4	8300	3902.9	0	8300
5	1382	975.7	0	1382
6	325	243.9	0	325
7	52	61.0	0	52
8	18	15.2	0	18
9	101	3.8	0	6 95
10	94	1.0	1	5 89
11	40	0.2	1	1 39
12	5	0.1	1	0 5
13	1	0.0	1	0 1


=== First read: Adapter PrefixPE/2 ===

Sequence: GTGACTGGAGTTCAGACGTGTGCTCTTCCGATCT; Type: regular 3'; Length: 34; Trimmed: 10576 times

No. of allowed errors:
0-9 bp: 0; 10-19 bp: 1; 20-29 bp: 2; 30-34 bp: 3

Bases preceding removed adapters:
  A: 29.7%
  C: 12.1%
  G: 14.5%
  T: 43.7%
  none/other: 0.0%

Overview of removed sequences
length	count	expect	max.err	error counts
3	8303	15611.6	0	8303
4	2068	3902.9	0	2068
5	147	975.7	0	147
6	32	243.9	0	32
7	12	61.0	0	12
8	1	15.2	0	1
9	4	3.8	0	0 4
10	7	1.0	1	0 7
11	2	0.2	1	0 2


=== Second read: Adapter PrefixPE/1 ===

Sequence: TACACTCTTTCCCTACACGACGCTCTTCCGATCT; Type: regular 3'; Length: 34; Trimmed: 27141 times

No. of allowed errors:
0-9 bp: 0; 10-19 bp: 1; 20-29 bp: 2; 30-34 bp: 3

Bases preceding removed adapters:
  A: 39.9%
  C: 12.3%
  G: 19.1%
  T: 28.7%
  none/other: 0.0%

Overview of removed sequences
length	count	expect	max.err	error counts
3	17073	15611.6	0	17073
4	8149	3902.9	0	8149
5	1340	975.7	0	1340
6	282	243.9	0	282
7	38	61.0	0	38
8	24	15.2	0	24
9	96	3.8	0	4 92
10	101	1.0	1	5 96
11	33	0.2	1	0 33
12	5	0.1	1	0 5


=== Second read: Adapter PrefixPE/2 ===

Sequence: GTGACTGGAGTTCAGACGTGTGCTCTTCCGATCT; Type: regular 3'; Length: 34; Trimmed: 10132 times

No. of allowed errors:
0-9 bp: 0; 10-19 bp: 1; 20-29 bp: 2; 30-34 bp: 3

Bases preceding removed adapters:
  A: 30.2%
  C: 12.4%
  G: 14.7%
  T: 42.6%
  none/other: 0.0%

Overview of removed sequences
length	count	expect	max.err	error counts
3	7947	15611.6	0	7947
4	1981	3902.9	0	1981
5	141	975.7	0	141
6	34	243.9	0	34
7	9	61.0	0	9
8	4	15.2	0	4
9	6	3.8	0	1 5
10	7	1.0	1	0 7
11	2	0.2	1	0 2
14	1	0.0	1	0 1
