This is cutadapt 2.9 with Python 3.6.6
Command line parameters: --interleaved -a file:/nas02/apps/trimmomatic-0.36/Trimmomatic-0.36/adapters/TruSeq3-PE.fa -A file:/nas02/apps/trimmomatic-0.36/Trimmomatic-0.36/adapters/TruSeq3-PE.fa -m 30 /nas/longleaf/home/zpopkinh/Pvivax_resources/wgs_pe_improved_global/fastq/SRS693939/SRR1568111_1.fastq.gz /nas/longleaf/home/zpopkinh/Pvivax_resources/wgs_pe_improved_global/fastq/SRS693939/SRR1568111_2.fastq.gz
Processing reads on 1 core in paired-end mode ...
Finished in 1018.97 s (67 us/read; 0.89 M reads/minute).

=== Summary ===

Total read pairs processed:         15,172,513
  Read 1 with adapter:                 545,472 (3.6%)
  Read 2 with adapter:                 570,783 (3.8%)
Pairs written (passing filters):    15,172,512 (100.0%)

Total basepairs processed: 3,064,847,626 bp
  Read 1: 1,532,423,813 bp
  Read 2: 1,532,423,813 bp
Total written (filtered):  3,061,106,682 bp (99.9%)
  Read 1: 1,530,592,338 bp
  Read 2: 1,530,514,344 bp

=== First read: Adapter PrefixPE/1 ===

Sequence: TACACTCTTTCCCTACACGACGCTCTTCCGATCT; Type: regular 3'; Length: 34; Trimmed: 241158 times

No. of allowed errors:
0-9 bp: 0; 10-19 bp: 1; 20-29 bp: 2; 30-34 bp: 3

Bases preceding removed adapters:
  A: 25.0%
  C: 22.2%
  G: 27.8%
  T: 25.1%
  none/other: 0.0%

Overview of removed sequences
length	count	expect	max.err	error counts
3	165771	237070.5	0	165771
4	53834	59267.6	0	53834
5	15841	14816.9	0	15841
6	3241	3704.2	0	3241
7	836	926.1	0	836
8	124	231.5	0	124
9	603	57.9	0	52 551
10	712	14.5	1	54 658
11	168	3.6	1	0 168
12	24	0.9	1	1 23
13	4	0.2	1	0 4


=== First read: Adapter PrefixPE/2 ===

Sequence: GTGACTGGAGTTCAGACGTGTGCTCTTCCGATCT; Type: regular 3'; Length: 34; Trimmed: 304314 times

No. of allowed errors:
0-9 bp: 0; 10-19 bp: 1; 20-29 bp: 2; 30-34 bp: 3

Bases preceding removed adapters:
  A: 22.4%
  C: 20.7%
  G: 26.8%
  T: 30.2%
  none/other: 0.0%

Overview of removed sequences
length	count	expect	max.err	error counts
3	237930	237070.5	0	237930
4	53453	59267.6	0	53453
5	9867	14816.9	0	9867
6	1866	3704.2	0	1866
7	326	926.1	0	326
8	164	231.5	0	164
9	410	57.9	0	15 395
10	228	14.5	1	2 226
11	44	3.6	1	0 44
12	24	0.9	1	0 24
13	2	0.2	1	0 2


=== Second read: Adapter PrefixPE/1 ===

Sequence: TACACTCTTTCCCTACACGACGCTCTTCCGATCT; Type: regular 3'; Length: 34; Trimmed: 238982 times

No. of allowed errors:
0-9 bp: 0; 10-19 bp: 1; 20-29 bp: 2; 30-34 bp: 3

Bases preceding removed adapters:
  A: 25.5%
  C: 22.0%
  G: 27.7%
  T: 24.8%
  none/other: 0.0%

Overview of removed sequences
length	count	expect	max.err	error counts
3	163957	237070.5	0	163957
4	54066	59267.6	0	54066
5	15222	14816.9	0	15222
6	3154	3704.2	0	3154
7	871	926.1	0	871
8	125	231.5	0	125
9	641	57.9	0	74 567
10	699	14.5	1	60 639
11	204	3.6	1	0 204
12	36	0.9	1	1 35
13	3	0.2	1	0 3
14	2	0.1	1	0 2
15	1	0.0	1	0 1
64	1	0.0	3	0 0 0 1


=== Second read: Adapter PrefixPE/2 ===

Sequence: GTGACTGGAGTTCAGACGTGTGCTCTTCCGATCT; Type: regular 3'; Length: 34; Trimmed: 331801 times

No. of allowed errors:
0-9 bp: 0; 10-19 bp: 1; 20-29 bp: 2; 30-34 bp: 3

Bases preceding removed adapters:
  A: 22.0%
  C: 25.5%
  G: 25.1%
  T: 27.4%
  none/other: 0.0%

Overview of removed sequences
length	count	expect	max.err	error counts
3	264349	237070.5	0	264349
4	53860	59267.6	0	53860
5	10303	14816.9	0	10303
6	1958	3704.2	0	1958
7	345	926.1	0	345
8	195	231.5	0	195
9	423	57.9	0	17 406
10	250	14.5	1	0 250
11	80	3.6	1	0 80
12	28	0.9	1	0 28
13	2	0.2	1	0 2
14	2	0.1	1	0 2
29	1	0.0	2	0 0 1
31	1	0.0	3	0 1
46	1	0.0	3	0 0 1
55	1	0.0	3	0 1
58	1	0.0	3	0 0 1
72	1	0.0	3	0 0 0 1
