This is cutadapt 2.9 with Python 3.6.6
Command line parameters: --interleaved -a file:/nas02/apps/trimmomatic-0.36/Trimmomatic-0.36/adapters/TruSeq3-PE.fa -A file:/nas02/apps/trimmomatic-0.36/Trimmomatic-0.36/adapters/TruSeq3-PE.fa -m 30 /nas/longleaf/home/zpopkinh/Pvivax_resources/wgs_pe_improved_global/fastq/ERS3516637/ERR3439104_1.fastq.gz /nas/longleaf/home/zpopkinh/Pvivax_resources/wgs_pe_improved_global/fastq/ERS3516637/ERR3439104_2.fastq.gz
Processing reads on 1 core in paired-end mode ...
Finished in 3.17 s (52 us/read; 1.16 M reads/minute).

=== Summary ===

Total read pairs processed:             61,401
  Read 1 with adapter:                   1,445 (2.4%)
  Read 2 with adapter:                   1,130 (1.8%)
Pairs written (passing filters):        61,401 (100.0%)

Total basepairs processed:    18,420,300 bp
  Read 1:     9,210,150 bp
  Read 2:     9,210,150 bp
Total written (filtered):     18,411,422 bp (100.0%)
  Read 1:     9,205,344 bp
  Read 2:     9,206,078 bp

=== First read: Adapter PrefixPE/1 ===

Sequence: TACACTCTTTCCCTACACGACGCTCTTCCGATCT; Type: regular 3'; Length: 34; Trimmed: 976 times

No. of allowed errors:
0-9 bp: 0; 10-19 bp: 1; 20-29 bp: 2; 30-34 bp: 3

Bases preceding removed adapters:
  A: 77.8%
  C: 7.5%
  G: 5.8%
  T: 8.9%
  none/other: 0.0%

Overview of removed sequences
length	count	expect	max.err	error counts
3	762	959.4	0	762
4	166	239.8	0	166
5	24	60.0	0	24
6	4	15.0	0	4
7	1	3.7	0	1
9	17	0.2	0	0 17
10	1	0.1	1	0 1
11	1	0.0	1	0 1


=== First read: Adapter PrefixPE/2 ===

Sequence: GTGACTGGAGTTCAGACGTGTGCTCTTCCGATCT; Type: regular 3'; Length: 34; Trimmed: 469 times

No. of allowed errors:
0-9 bp: 0; 10-19 bp: 1; 20-29 bp: 2; 30-34 bp: 3

Bases preceding removed adapters:
  A: 9.2%
  C: 7.2%
  G: 29.9%
  T: 53.7%
  none/other: 0.0%

Overview of removed sequences
length	count	expect	max.err	error counts
3	353	959.4	0	353
4	108	239.8	0	108
5	8	60.0	0	8


=== Second read: Adapter PrefixPE/1 ===

Sequence: TACACTCTTTCCCTACACGACGCTCTTCCGATCT; Type: regular 3'; Length: 34; Trimmed: 428 times

No. of allowed errors:
0-9 bp: 0; 10-19 bp: 1; 20-29 bp: 2; 30-34 bp: 3

Bases preceding removed adapters:
  A: 30.1%
  C: 13.3%
  G: 40.9%
  T: 15.7%
  none/other: 0.0%

Overview of removed sequences
length	count	expect	max.err	error counts
3	196	959.4	0	196
4	111	239.8	0	111
5	12	60.0	0	12
6	107	15.0	0	107
9	1	0.2	0	0 1
10	1	0.1	1	0 1


=== Second read: Adapter PrefixPE/2 ===

Sequence: GTGACTGGAGTTCAGACGTGTGCTCTTCCGATCT; Type: regular 3'; Length: 34; Trimmed: 702 times

No. of allowed errors:
0-9 bp: 0; 10-19 bp: 1; 20-29 bp: 2; 30-34 bp: 3

Bases preceding removed adapters:
  A: 14.2%
  C: 19.7%
  G: 34.8%
  T: 31.3%
  none/other: 0.0%

Overview of removed sequences
length	count	expect	max.err	error counts
3	558	959.4	0	558
4	102	239.8	0	102
5	36	60.0	0	36
6	1	15.0	0	1
9	2	0.2	0	0 2
10	1	0.1	1	0 1
11	1	0.0	1	0 1
12	1	0.0	1	0 1
