This is cutadapt 2.9 with Python 3.6.6
Command line parameters: --interleaved -a file:/nas02/apps/trimmomatic-0.36/Trimmomatic-0.36/adapters/TruSeq3-PE.fa -A file:/nas02/apps/trimmomatic-0.36/Trimmomatic-0.36/adapters/TruSeq3-PE.fa -m 30 /nas/longleaf/home/zpopkinh/Pvivax_resources/wgs_pe_improved_global/fastq/SRS693569/SRR1564669_1.fastq.gz /nas/longleaf/home/zpopkinh/Pvivax_resources/wgs_pe_improved_global/fastq/SRS693569/SRR1564669_2.fastq.gz
Processing reads on 1 core in paired-end mode ...
Finished in 1.15 s (48 us/read; 1.25 M reads/minute).

=== Summary ===

Total read pairs processed:             23,971
  Read 1 with adapter:                     773 (3.2%)
  Read 2 with adapter:                     872 (3.6%)
Pairs written (passing filters):        23,971 (100.0%)

Total basepairs processed:     4,842,142 bp
  Read 1:     2,421,071 bp
  Read 2:     2,421,071 bp
Total written (filtered):      4,836,563 bp (99.9%)
  Read 1:     2,418,445 bp
  Read 2:     2,418,118 bp

=== First read: Adapter PrefixPE/1 ===

Sequence: TACACTCTTTCCCTACACGACGCTCTTCCGATCT; Type: regular 3'; Length: 34; Trimmed: 404 times

No. of allowed errors:
0-9 bp: 0; 10-19 bp: 1; 20-29 bp: 2; 30-34 bp: 3

Bases preceding removed adapters:
  A: 28.0%
  C: 25.0%
  G: 20.0%
  T: 27.0%
  none/other: 0.0%

Overview of removed sequences
length	count	expect	max.err	error counts
3	254	374.5	0	254
4	123	93.6	0	123
5	21	23.4	0	21
6	2	5.9	0	2
7	1	1.5	0	1
8	1	0.4	0	1
11	2	0.0	1	0 2


=== First read: Adapter PrefixPE/2 ===

Sequence: GTGACTGGAGTTCAGACGTGTGCTCTTCCGATCT; Type: regular 3'; Length: 34; Trimmed: 369 times

No. of allowed errors:
0-9 bp: 0; 10-19 bp: 1; 20-29 bp: 2; 30-34 bp: 3

Bases preceding removed adapters:
  A: 22.2%
  C: 18.7%
  G: 25.2%
  T: 33.9%
  none/other: 0.0%

Overview of removed sequences
length	count	expect	max.err	error counts
3	287	374.5	0	287
4	61	93.6	0	61
5	16	23.4	0	16
6	3	5.9	0	3
7	1	1.5	0	1
8	1	0.4	0	1


=== Second read: Adapter PrefixPE/1 ===

Sequence: TACACTCTTTCCCTACACGACGCTCTTCCGATCT; Type: regular 3'; Length: 34; Trimmed: 409 times

No. of allowed errors:
0-9 bp: 0; 10-19 bp: 1; 20-29 bp: 2; 30-34 bp: 3

Bases preceding removed adapters:
  A: 28.4%
  C: 26.4%
  G: 21.5%
  T: 23.7%
  none/other: 0.0%

Overview of removed sequences
length	count	expect	max.err	error counts
3	259	374.5	0	259
4	115	93.6	0	115
5	25	23.4	0	25
6	5	5.9	0	5
7	1	1.5	0	1
8	1	0.4	0	1
10	2	0.0	1	0 2
11	1	0.0	1	0 1


=== Second read: Adapter PrefixPE/2 ===

Sequence: GTGACTGGAGTTCAGACGTGTGCTCTTCCGATCT; Type: regular 3'; Length: 34; Trimmed: 463 times

No. of allowed errors:
0-9 bp: 0; 10-19 bp: 1; 20-29 bp: 2; 30-34 bp: 3

Bases preceding removed adapters:
  A: 22.9%
  C: 31.1%
  G: 21.0%
  T: 25.1%
  none/other: 0.0%

Overview of removed sequences
length	count	expect	max.err	error counts
3	369	374.5	0	369
4	76	93.6	0	76
5	11	23.4	0	11
6	3	5.9	0	3
7	3	1.5	0	3
10	1	0.0	1	0 1
