This is cutadapt 2.9 with Python 3.6.6
Command line parameters: --interleaved -a file:/nas02/apps/trimmomatic-0.36/Trimmomatic-0.36/adapters/TruSeq3-PE.fa -A file:/nas02/apps/trimmomatic-0.36/Trimmomatic-0.36/adapters/TruSeq3-PE.fa -m 30 /nas/longleaf/home/zpopkinh/Pvivax_resources/wgs_pe_improved_global/fastq/SRS693569/SRR1562958_1.fastq.gz /nas/longleaf/home/zpopkinh/Pvivax_resources/wgs_pe_improved_global/fastq/SRS693569/SRR1562958_2.fastq.gz
Processing reads on 1 core in paired-end mode ...
Finished in 1525.02 s (66 us/read; 0.91 M reads/minute).

=== Summary ===

Total read pairs processed:         23,127,595
  Read 1 with adapter:                 842,363 (3.6%)
  Read 2 with adapter:                 874,201 (3.8%)
Pairs written (passing filters):    23,127,591 (100.0%)

Total basepairs processed: 4,671,774,190 bp
  Read 1: 2,335,887,095 bp
  Read 2: 2,335,887,095 bp
Total written (filtered):  4,666,010,080 bp (99.9%)
  Read 1: 2,333,052,146 bp
  Read 2: 2,332,957,934 bp

=== First read: Adapter PrefixPE/1 ===

Sequence: TACACTCTTTCCCTACACGACGCTCTTCCGATCT; Type: regular 3'; Length: 34; Trimmed: 395539 times

No. of allowed errors:
0-9 bp: 0; 10-19 bp: 1; 20-29 bp: 2; 30-34 bp: 3

Bases preceding removed adapters:
  A: 24.4%
  C: 23.6%
  G: 26.3%
  T: 25.6%
  none/other: 0.0%

Overview of removed sequences
length	count	expect	max.err	error counts
3	270153	361368.7	0	270153
4	92265	90342.2	0	92265
5	24280	22585.5	0	24280
6	4652	5646.4	0	4652
7	1087	1411.6	0	1087
8	249	352.9	0	249
9	1105	88.2	0	111 994
10	1123	22.1	1	40 1083
11	490	5.5	1	5 485
12	97	1.4	1	0 97
13	26	0.3	1	2 24
14	9	0.1	1	0 9
15	1	0.0	1	0 1
101	2	0.0	3	0 0 0 2


=== First read: Adapter PrefixPE/2 ===

Sequence: GTGACTGGAGTTCAGACGTGTGCTCTTCCGATCT; Type: regular 3'; Length: 34; Trimmed: 446824 times

No. of allowed errors:
0-9 bp: 0; 10-19 bp: 1; 20-29 bp: 2; 30-34 bp: 3

Bases preceding removed adapters:
  A: 23.1%
  C: 19.3%
  G: 27.4%
  T: 30.3%
  none/other: 0.0%

Overview of removed sequences
length	count	expect	max.err	error counts
3	348849	361368.7	0	348849
4	79193	90342.2	0	79193
5	13714	22585.5	0	13714
6	2959	5646.4	0	2959
7	778	1411.6	0	778
8	95	352.9	0	95
9	573	88.2	0	26 547
10	449	22.1	1	9 440
11	170	5.5	1	4 166
12	34	1.4	1	0 34
13	9	0.3	1	0 9
14	1	0.1	1	0 1


=== Second read: Adapter PrefixPE/1 ===

Sequence: TACACTCTTTCCCTACACGACGCTCTTCCGATCT; Type: regular 3'; Length: 34; Trimmed: 391559 times

No. of allowed errors:
0-9 bp: 0; 10-19 bp: 1; 20-29 bp: 2; 30-34 bp: 3

Bases preceding removed adapters:
  A: 24.7%
  C: 23.6%
  G: 26.3%
  T: 25.5%
  none/other: 0.0%

Overview of removed sequences
length	count	expect	max.err	error counts
3	266979	361368.7	0	266979
4	92428	90342.2	0	92428
5	23568	22585.5	0	23568
6	4472	5646.4	0	4472
7	1081	1411.6	0	1081
8	252	352.9	0	252
9	1066	88.2	0	96 970
10	1190	22.1	1	38 1152
11	403	5.5	1	3 400
12	94	1.4	1	0 94
13	17	0.3	1	0 17
14	6	0.1	1	0 6
15	2	0.0	1	0 2
53	1	0.0	3	0 0 1


=== Second read: Adapter PrefixPE/2 ===

Sequence: GTGACTGGAGTTCAGACGTGTGCTCTTCCGATCT; Type: regular 3'; Length: 34; Trimmed: 482642 times

No. of allowed errors:
0-9 bp: 0; 10-19 bp: 1; 20-29 bp: 2; 30-34 bp: 3

Bases preceding removed adapters:
  A: 22.4%
  C: 24.5%
  G: 25.4%
  T: 27.6%
  none/other: 0.0%

Overview of removed sequences
length	count	expect	max.err	error counts
3	384170	361368.7	0	384170
4	79364	90342.2	0	79364
5	13997	22585.5	0	13997
6	2998	5646.4	0	2998
7	737	1411.6	0	737
8	110	352.9	0	110
9	591	88.2	0	28 563
10	432	22.1	1	11 421
11	201	5.5	1	0 201
12	31	1.4	1	1 30
13	4	0.3	1	0 4
20	1	0.0	2	0 1
27	1	0.0	2	0 0 1
28	1	0.0	2	1
35	1	0.0	3	0 0 0 1
48	1	0.0	3	0 0 0 1
72	1	0.0	3	0 1
93	1	0.0	3	0 0 0 1
