This is cutadapt 2.9 with Python 3.6.6
Command line parameters: --interleaved -a file:/nas02/apps/trimmomatic-0.36/Trimmomatic-0.36/adapters/TruSeq3-PE.fa -A file:/nas02/apps/trimmomatic-0.36/Trimmomatic-0.36/adapters/TruSeq3-PE.fa -m 30 /nas/longleaf/home/zpopkinh/Pvivax_resources/wgs_pe_improved_global/fastq/SRS1061036/SRR2316034_1.fastq.gz /nas/longleaf/home/zpopkinh/Pvivax_resources/wgs_pe_improved_global/fastq/SRS1061036/SRR2316034_2.fastq.gz
Processing reads on 1 core in paired-end mode ...
Finished in 2446.88 s (110 us/read; 0.54 M reads/minute).

=== Summary ===

Total read pairs processed:         22,145,821
  Read 1 with adapter:                 809,608 (3.7%)
  Read 2 with adapter:                 821,266 (3.7%)
Pairs written (passing filters):    22,145,802 (100.0%)

Total basepairs processed: 4,429,164,200 bp
  Read 1: 2,192,436,279 bp
  Read 2: 2,236,727,921 bp
Total written (filtered):  4,423,594,866 bp (99.9%)
  Read 1: 2,189,671,432 bp
  Read 2: 2,233,923,434 bp

=== First read: Adapter PrefixPE/1 ===

Sequence: TACACTCTTTCCCTACACGACGCTCTTCCGATCT; Type: regular 3'; Length: 34; Trimmed: 410220 times

No. of allowed errors:
0-9 bp: 0; 10-19 bp: 1; 20-29 bp: 2; 30-34 bp: 3

Bases preceding removed adapters:
  A: 31.4%
  C: 20.1%
  G: 18.0%
  T: 30.5%
  none/other: 0.0%

Overview of removed sequences
length	count	expect	max.err	error counts
3	268575	346028.5	0	268575
4	111956	86507.1	0	111956
5	19609	21626.8	0	19609
6	5000	5406.7	0	5000
7	1008	1351.7	0	1008
8	283	337.9	0	283
9	1139	84.5	0	101 1038
10	1937	21.1	1	43 1894
11	531	5.3	1	3 528
12	128	1.3	1	0 128
13	37	0.3	1	0 37
14	10	0.1	1	0 10
15	4	0.0	1	0 4
16	1	0.0	1	0 1
99	2	0.0	3	0 1 1


=== First read: Adapter PrefixPE/2 ===

Sequence: GTGACTGGAGTTCAGACGTGTGCTCTTCCGATCT; Type: regular 3'; Length: 34; Trimmed: 399388 times

No. of allowed errors:
0-9 bp: 0; 10-19 bp: 1; 20-29 bp: 2; 30-34 bp: 3

Bases preceding removed adapters:
  A: 29.9%
  C: 9.0%
  G: 24.3%
  T: 36.8%
  none/other: 0.0%

Overview of removed sequences
length	count	expect	max.err	error counts
3	298199	346028.5	0	298199
4	80940	86507.1	0	80940
5	13392	21626.8	0	13392
6	4044	5406.7	0	4044
7	990	1351.7	0	990
8	241	337.9	0	241
9	572	84.5	0	62 510
10	633	21.1	1	22 611
11	249	5.3	1	4 245
12	89	1.3	1	1 88
13	19	0.3	1	0 19
14	2	0.1	1	0 2
15	1	0.0	1	0 1
16	1	0.0	1	0 1
22	1	0.0	2	0 1
37	1	0.0	3	0 0 0 1
38	1	0.0	3	0 0 1
43	1	0.0	3	0 0 0 1
51	1	0.0	3	0 1
67	1	0.0	3	0 0 0 1
69	1	0.0	3	0 0 1
72	1	0.0	3	0 1
75	1	0.0	3	0 0 0 1
87	1	0.0	3	0 1
90	1	0.0	3	0 0 1
93	1	0.0	3	0 0 0 1
99	4	0.0	3	0 0 0 4


=== Second read: Adapter PrefixPE/1 ===

Sequence: TACACTCTTTCCCTACACGACGCTCTTCCGATCT; Type: regular 3'; Length: 34; Trimmed: 416208 times

No. of allowed errors:
0-9 bp: 0; 10-19 bp: 1; 20-29 bp: 2; 30-34 bp: 3

Bases preceding removed adapters:
  A: 31.0%
  C: 20.1%
  G: 18.0%
  T: 30.8%
  none/other: 0.0%

Overview of removed sequences
length	count	expect	max.err	error counts
3	272077	346028.5	0	272077
4	114434	86507.1	0	114434
5	19306	21626.8	0	19306
6	5090	5406.7	0	5090
7	1009	1351.7	0	1009
8	314	337.9	0	314
9	1163	84.5	0	100 1063
10	2091	21.1	1	68 2023
11	550	5.3	1	6 544
12	111	1.3	1	1 110
13	27	0.3	1	0 27
14	22	0.1	1	3 19
15	5	0.0	1	0 5
16	1	0.0	1	0 1
21	1	0.0	2	1
101	7	0.0	3	0 0 0 7


=== Second read: Adapter PrefixPE/2 ===

Sequence: GTGACTGGAGTTCAGACGTGTGCTCTTCCGATCT; Type: regular 3'; Length: 34; Trimmed: 405058 times

No. of allowed errors:
0-9 bp: 0; 10-19 bp: 1; 20-29 bp: 2; 30-34 bp: 3

Bases preceding removed adapters:
  A: 30.3%
  C: 8.9%
  G: 23.9%
  T: 36.9%
  none/other: 0.0%

Overview of removed sequences
length	count	expect	max.err	error counts
3	303680	346028.5	0	303680
4	80607	86507.1	0	80607
5	13732	21626.8	0	13732
6	4094	5406.7	0	4094
7	1049	1351.7	0	1049
8	228	337.9	0	228
9	629	84.5	0	67 562
10	665	21.1	1	14 651
11	267	5.3	1	4 263
12	76	1.3	1	0 76
13	18	0.3	1	1 17
14	8	0.1	1	0 8
15	1	0.0	1	0 1
16	2	0.0	1	0 2
17	1	0.0	1	0 1
101	1	0.0	3	0 0 0 1
