This is cutadapt 2.9 with Python 3.6.6
Command line parameters: --interleaved -a file:/nas02/apps/trimmomatic-0.36/Trimmomatic-0.36/adapters/TruSeq3-PE.fa -A file:/nas02/apps/trimmomatic-0.36/Trimmomatic-0.36/adapters/TruSeq3-PE.fa -m 30 /nas/longleaf/home/zpopkinh/Pvivax_resources/wgs_pe_improved_global/fastq/ERS403542/ERR527356_1.fastq.gz /nas/longleaf/home/zpopkinh/Pvivax_resources/wgs_pe_improved_global/fastq/ERS403542/ERR527356_2.fastq.gz
Processing reads on 1 core in paired-end mode ...
Finished in 1346.67 s (81 us/read; 0.74 M reads/minute).

=== Summary ===

Total read pairs processed:         16,580,144
  Read 1 with adapter:                 607,024 (3.7%)
  Read 2 with adapter:                 595,411 (3.6%)
Pairs written (passing filters):    16,580,144 (100.0%)

Total basepairs processed: 3,316,028,800 bp
  Read 1: 1,658,014,400 bp
  Read 2: 1,658,014,400 bp
Total written (filtered):  3,311,964,679 bp (99.9%)
  Read 1: 1,655,962,424 bp
  Read 2: 1,656,002,255 bp

=== First read: Adapter PrefixPE/1 ===

Sequence: TACACTCTTTCCCTACACGACGCTCTTCCGATCT; Type: regular 3'; Length: 34; Trimmed: 332829 times

No. of allowed errors:
0-9 bp: 0; 10-19 bp: 1; 20-29 bp: 2; 30-34 bp: 3

Bases preceding removed adapters:
  A: 30.0%
  C: 17.8%
  G: 22.0%
  T: 30.3%
  none/other: 0.0%

Overview of removed sequences
length	count	expect	max.err	error counts
3	221473	259064.8	0	221473
4	86665	64766.2	0	86665
5	17540	16191.5	0	17540
6	3815	4047.9	0	3815
7	722	1012.0	0	722
8	156	253.0	0	156
9	992	63.2	0	64 928
10	1055	15.8	1	22 1033
11	323	4.0	1	6 317
12	69	1.0	1	0 69
13	13	0.2	1	0 13
14	4	0.1	1	0 4
15	1	0.0	1	0 1
22	1	0.0	2	0 0 1


=== First read: Adapter PrefixPE/2 ===

Sequence: GTGACTGGAGTTCAGACGTGTGCTCTTCCGATCT; Type: regular 3'; Length: 34; Trimmed: 274195 times

No. of allowed errors:
0-9 bp: 0; 10-19 bp: 1; 20-29 bp: 2; 30-34 bp: 3

Bases preceding removed adapters:
  A: 24.1%
  C: 18.1%
  G: 25.4%
  T: 32.4%
  none/other: 0.0%

Overview of removed sequences
length	count	expect	max.err	error counts
3	213109	259064.8	0	213109
4	50540	64766.2	0	50540
5	7703	16191.5	0	7703
6	1790	4047.9	0	1790
7	388	1012.0	0	388
8	58	253.0	0	58
9	252	63.2	0	12 240
10	246	15.8	1	3 243
11	82	4.0	1	0 82
12	19	1.0	1	0 19
13	8	0.2	1	0 8


=== Second read: Adapter PrefixPE/1 ===

Sequence: TACACTCTTTCCCTACACGACGCTCTTCCGATCT; Type: regular 3'; Length: 34; Trimmed: 327315 times

No. of allowed errors:
0-9 bp: 0; 10-19 bp: 1; 20-29 bp: 2; 30-34 bp: 3

Bases preceding removed adapters:
  A: 30.0%
  C: 17.8%
  G: 21.8%
  T: 30.4%
  none/other: 0.0%

Overview of removed sequences
length	count	expect	max.err	error counts
3	217495	259064.8	0	217495
4	85658	64766.2	0	85658
5	17077	16191.5	0	17077
6	3779	4047.9	0	3779
7	665	1012.0	0	665
8	191	253.0	0	191
9	986	63.2	0	64 922
10	1061	15.8	1	26 1035
11	322	4.0	1	2 320
12	61	1.0	1	0 61
13	15	0.2	1	0 15
14	4	0.1	1	1 3
15	1	0.0	1	0 1


=== Second read: Adapter PrefixPE/2 ===

Sequence: GTGACTGGAGTTCAGACGTGTGCTCTTCCGATCT; Type: regular 3'; Length: 34; Trimmed: 268096 times

No. of allowed errors:
0-9 bp: 0; 10-19 bp: 1; 20-29 bp: 2; 30-34 bp: 3

Bases preceding removed adapters:
  A: 24.0%
  C: 18.1%
  G: 25.2%
  T: 32.7%
  none/other: 0.0%

Overview of removed sequences
length	count	expect	max.err	error counts
3	209429	259064.8	0	209429
4	48540	64766.2	0	48540
5	7362	16191.5	0	7362
6	1649	4047.9	0	1649
7	423	1012.0	0	423
8	66	253.0	0	66
9	272	63.2	0	15 257
10	261	15.8	1	5 256
11	68	4.0	1	0 68
12	22	1.0	1	0 22
13	4	0.2	1	0 4
