This is cutadapt 2.9 with Python 3.6.6
Command line parameters: --interleaved -a file:/nas02/apps/trimmomatic-0.36/Trimmomatic-0.36/adapters/TruSeq3-PE.fa -A file:/nas02/apps/trimmomatic-0.36/Trimmomatic-0.36/adapters/TruSeq3-PE.fa -m 30 /nas/longleaf/home/zpopkinh/Pvivax_resources/wgs_pe_improved_global/fastq/SRS694229/SRR1568150_1.fastq.gz /nas/longleaf/home/zpopkinh/Pvivax_resources/wgs_pe_improved_global/fastq/SRS694229/SRR1568150_2.fastq.gz
Processing reads on 1 core in paired-end mode ...
Finished in 1524.68 s (82 us/read; 0.73 M reads/minute).

=== Summary ===

Total read pairs processed:         18,669,546
  Read 1 with adapter:                 694,910 (3.7%)
  Read 2 with adapter:                 715,006 (3.8%)
Pairs written (passing filters):    18,669,540 (100.0%)

Total basepairs processed: 3,771,248,292 bp
  Read 1: 1,885,624,146 bp
  Read 2: 1,885,624,146 bp
Total written (filtered):  3,766,496,862 bp (99.9%)
  Read 1: 1,883,277,347 bp
  Read 2: 1,883,219,515 bp

=== First read: Adapter PrefixPE/1 ===

Sequence: TACACTCTTTCCCTACACGACGCTCTTCCGATCT; Type: regular 3'; Length: 34; Trimmed: 331350 times

No. of allowed errors:
0-9 bp: 0; 10-19 bp: 1; 20-29 bp: 2; 30-34 bp: 3

Bases preceding removed adapters:
  A: 24.7%
  C: 23.5%
  G: 26.1%
  T: 25.7%
  none/other: 0.0%

Overview of removed sequences
length	count	expect	max.err	error counts
3	223084	291711.7	0	223084
4	79437	72927.9	0	79437
5	20763	18232.0	0	20763
6	4051	4558.0	0	4051
7	1044	1139.5	0	1044
8	246	284.9	0	246
9	907	71.2	0	94 813
10	1245	17.8	1	33 1212
11	472	4.5	1	8 464
12	75	1.1	1	1 74
13	20	0.3	1	0 20
14	3	0.1	1	0 3
15	1	0.0	1	0 1
71	1	0.0	3	0 0 1
101	1	0.0	3	0 0 0 1


=== First read: Adapter PrefixPE/2 ===

Sequence: GTGACTGGAGTTCAGACGTGTGCTCTTCCGATCT; Type: regular 3'; Length: 34; Trimmed: 363560 times

No. of allowed errors:
0-9 bp: 0; 10-19 bp: 1; 20-29 bp: 2; 30-34 bp: 3

Bases preceding removed adapters:
  A: 23.4%
  C: 19.4%
  G: 26.8%
  T: 30.4%
  none/other: 0.0%

Overview of removed sequences
length	count	expect	max.err	error counts
3	284060	291711.7	0	284060
4	63993	72927.9	0	63993
5	11129	18232.0	0	11129
6	2653	4558.0	0	2653
7	613	1139.5	0	613
8	78	284.9	0	78
9	479	71.2	0	18 461
10	386	17.8	1	8 378
11	131	4.5	1	3 128
12	20	1.1	1	0 20
13	17	0.3	1	0 17
93	1	0.0	3	0 0 0 1


=== Second read: Adapter PrefixPE/1 ===

Sequence: TACACTCTTTCCCTACACGACGCTCTTCCGATCT; Type: regular 3'; Length: 34; Trimmed: 328846 times

No. of allowed errors:
0-9 bp: 0; 10-19 bp: 1; 20-29 bp: 2; 30-34 bp: 3

Bases preceding removed adapters:
  A: 24.9%
  C: 23.3%
  G: 26.2%
  T: 25.7%
  none/other: 0.0%

Overview of removed sequences
length	count	expect	max.err	error counts
3	221440	291711.7	0	221440
4	78942	72927.9	0	78942
5	20463	18232.0	0	20463
6	4006	4558.0	0	4006
7	1056	1139.5	0	1056
8	240	284.9	0	240
9	919	71.2	0	80 839
10	1263	17.8	1	44 1219
11	404	4.5	1	8 396
12	77	1.1	1	1 76
13	29	0.3	1	0 29
14	3	0.1	1	0 3
15	1	0.0	1	0 1
60	1	0.0	3	0 0 0 1
68	1	0.0	3	0 1
89	1	0.0	3	0 0 1


=== Second read: Adapter PrefixPE/2 ===

Sequence: GTGACTGGAGTTCAGACGTGTGCTCTTCCGATCT; Type: regular 3'; Length: 34; Trimmed: 386160 times

No. of allowed errors:
0-9 bp: 0; 10-19 bp: 1; 20-29 bp: 2; 30-34 bp: 3

Bases preceding removed adapters:
  A: 22.9%
  C: 23.8%
  G: 25.0%
  T: 28.3%
  none/other: 0.0%

Overview of removed sequences
length	count	expect	max.err	error counts
3	307212	291711.7	0	307212
4	63718	72927.9	0	63718
5	10989	18232.0	0	10989
6	2543	4558.0	0	2543
7	637	1139.5	0	637
8	78	284.9	0	78
9	439	71.2	0	15 424
10	355	17.8	1	6 349
11	151	4.5	1	2 149
12	22	1.1	1	0 22
13	11	0.3	1	0 11
24	1	0.0	2	0 0 1
56	1	0.0	3	0 1
72	3	0.0	3	0 1 1 1
