This is cutadapt 2.9 with Python 3.6.6
Command line parameters: --interleaved -a file:/nas02/apps/trimmomatic-0.36/Trimmomatic-0.36/adapters/TruSeq3-PE.fa -A file:/nas02/apps/trimmomatic-0.36/Trimmomatic-0.36/adapters/TruSeq3-PE.fa -m 30 /nas/longleaf/home/zpopkinh/Pvivax_resources/wgs_pe_improved_global/fastq/SRS694229/SRR1564938_1.fastq.gz /nas/longleaf/home/zpopkinh/Pvivax_resources/wgs_pe_improved_global/fastq/SRS694229/SRR1564938_2.fastq.gz
Processing reads on 1 core in paired-end mode ...
Finished in 1.18 s (50 us/read; 1.21 M reads/minute).

=== Summary ===

Total read pairs processed:             23,712
  Read 1 with adapter:                     761 (3.2%)
  Read 2 with adapter:                     891 (3.8%)
Pairs written (passing filters):        23,709 (100.0%)

Total basepairs processed:     4,789,824 bp
  Read 1:     2,394,912 bp
  Read 2:     2,394,912 bp
Total written (filtered):      4,783,611 bp (99.9%)
  Read 1:     2,392,026 bp
  Read 2:     2,391,585 bp

=== First read: Adapter PrefixPE/1 ===

Sequence: TACACTCTTTCCCTACACGACGCTCTTCCGATCT; Type: regular 3'; Length: 34; Trimmed: 368 times

No. of allowed errors:
0-9 bp: 0; 10-19 bp: 1; 20-29 bp: 2; 30-34 bp: 3

Bases preceding removed adapters:
  A: 25.3%
  C: 20.4%
  G: 21.7%
  T: 32.3%
  none/other: 0.3%

Overview of removed sequences
length	count	expect	max.err	error counts
3	242	370.5	0	242
4	91	92.6	0	91
5	22	23.2	0	22
6	3	5.8	0	3
7	3	1.4	0	3
8	1	0.4	0	1
9	1	0.1	0	0 1
10	3	0.0	1	0 3
11	1	0.0	1	0 1
101	1	0.0	3	0 0 1


=== First read: Adapter PrefixPE/2 ===

Sequence: GTGACTGGAGTTCAGACGTGTGCTCTTCCGATCT; Type: regular 3'; Length: 34; Trimmed: 393 times

No. of allowed errors:
0-9 bp: 0; 10-19 bp: 1; 20-29 bp: 2; 30-34 bp: 3

Bases preceding removed adapters:
  A: 23.4%
  C: 14.8%
  G: 24.7%
  T: 37.2%
  none/other: 0.0%

Overview of removed sequences
length	count	expect	max.err	error counts
3	314	370.5	0	314
4	62	92.6	0	62
5	11	23.2	0	11
6	4	5.8	0	4
7	1	1.4	0	1
10	1	0.0	1	0 1


=== Second read: Adapter PrefixPE/1 ===

Sequence: TACACTCTTTCCCTACACGACGCTCTTCCGATCT; Type: regular 3'; Length: 34; Trimmed: 384 times

No. of allowed errors:
0-9 bp: 0; 10-19 bp: 1; 20-29 bp: 2; 30-34 bp: 3

Bases preceding removed adapters:
  A: 29.4%
  C: 22.9%
  G: 18.0%
  T: 29.7%
  none/other: 0.0%

Overview of removed sequences
length	count	expect	max.err	error counts
3	239	370.5	0	239
4	113	92.6	0	113
5	20	23.2	0	20
6	5	5.8	0	5
7	1	1.4	0	1
10	4	0.0	1	0 4
11	2	0.0	1	0 2


=== Second read: Adapter PrefixPE/2 ===

Sequence: GTGACTGGAGTTCAGACGTGTGCTCTTCCGATCT; Type: regular 3'; Length: 34; Trimmed: 507 times

No. of allowed errors:
0-9 bp: 0; 10-19 bp: 1; 20-29 bp: 2; 30-34 bp: 3

Bases preceding removed adapters:
  A: 26.6%
  C: 24.9%
  G: 19.7%
  T: 28.8%
  none/other: 0.0%

Overview of removed sequences
length	count	expect	max.err	error counts
3	398	370.5	0	398
4	90	92.6	0	90
5	6	23.2	0	6
6	7	5.8	0	7
7	3	1.4	0	3
9	1	0.1	0	0 1
93	2	0.0	3	0 0 0 2
