This is cutadapt 2.9 with Python 3.6.6
Command line parameters: --interleaved -a file:/nas02/apps/trimmomatic-0.36/Trimmomatic-0.36/adapters/TruSeq3-PE.fa -A file:/nas02/apps/trimmomatic-0.36/Trimmomatic-0.36/adapters/TruSeq3-PE.fa -m 30 /nas/longleaf/home/zpopkinh/Pvivax_resources/wgs_pe_improved_global/fastq/SRS1885939/SRR5136550_1.fastq.gz /nas/longleaf/home/zpopkinh/Pvivax_resources/wgs_pe_improved_global/fastq/SRS1885939/SRR5136550_2.fastq.gz
Processing reads on 1 core in paired-end mode ...
Finished in 114.81 s (59 us/read; 1.02 M reads/minute).

=== Summary ===

Total read pairs processed:          1,960,151
  Read 1 with adapter:                  78,881 (4.0%)
  Read 2 with adapter:                  96,812 (4.9%)
Pairs written (passing filters):     1,960,151 (100.0%)

Total basepairs processed:   392,030,200 bp
  Read 1:   196,015,100 bp
  Read 2:   196,015,100 bp
Total written (filtered):    391,422,841 bp (99.8%)
  Read 1:   195,738,215 bp
  Read 2:   195,684,626 bp

=== First read: Adapter PrefixPE/1 ===

Sequence: TACACTCTTTCCCTACACGACGCTCTTCCGATCT; Type: regular 3'; Length: 34; Trimmed: 44654 times

No. of allowed errors:
0-9 bp: 0; 10-19 bp: 1; 20-29 bp: 2; 30-34 bp: 3

Bases preceding removed adapters:
  A: 57.8%
  C: 13.7%
  G: 14.7%
  T: 13.8%
  none/other: 0.0%

Overview of removed sequences
length	count	expect	max.err	error counts
3	23689	30627.4	0	23689
4	12192	7656.8	0	12192
5	8247	1914.2	0	8247
6	279	478.6	0	279
7	60	119.6	0	60
8	8	29.9	0	8
9	87	7.5	0	2 85
10	52	1.9	1	0 52
11	37	0.5	1	1 36
12	3	0.1	1	0 3


=== First read: Adapter PrefixPE/2 ===

Sequence: GTGACTGGAGTTCAGACGTGTGCTCTTCCGATCT; Type: regular 3'; Length: 34; Trimmed: 34227 times

No. of allowed errors:
0-9 bp: 0; 10-19 bp: 1; 20-29 bp: 2; 30-34 bp: 3

Bases preceding removed adapters:
  A: 22.2%
  C: 17.5%
  G: 30.9%
  T: 29.4%
  none/other: 0.0%

Overview of removed sequences
length	count	expect	max.err	error counts
3	27183	30627.4	0	27183
4	5812	7656.8	0	5812
5	836	1914.2	0	836
6	210	478.6	0	210
7	56	119.6	0	56
8	4	29.9	0	4
9	29	7.5	0	3 26
10	81	1.9	1	0 81
11	13	0.5	1	0 13
12	3	0.1	1	0 3


=== Second read: Adapter PrefixPE/1 ===

Sequence: TACACTCTTTCCCTACACGACGCTCTTCCGATCT; Type: regular 3'; Length: 34; Trimmed: 51038 times

No. of allowed errors:
0-9 bp: 0; 10-19 bp: 1; 20-29 bp: 2; 30-34 bp: 3

Bases preceding removed adapters:
  A: 50.5%
  C: 12.0%
  G: 12.8%
  T: 24.7%
  none/other: 0.0%

Overview of removed sequences
length	count	expect	max.err	error counts
3	30150	30627.4	0	30150
4	12179	7656.8	0	12179
5	8194	1914.2	0	8194
6	258	478.6	0	258
7	62	119.6	0	62
8	22	29.9	0	22
9	87	7.5	0	2 85
10	56	1.9	1	2 54
11	21	0.5	1	0 21
12	7	0.1	1	0 7
13	2	0.0	1	0 2


=== Second read: Adapter PrefixPE/2 ===

Sequence: GTGACTGGAGTTCAGACGTGTGCTCTTCCGATCT; Type: regular 3'; Length: 34; Trimmed: 45774 times

No. of allowed errors:
0-9 bp: 0; 10-19 bp: 1; 20-29 bp: 2; 30-34 bp: 3

Bases preceding removed adapters:
  A: 16.1%
  C: 27.3%
  G: 34.6%
  T: 22.0%
  none/other: 0.0%

Overview of removed sequences
length	count	expect	max.err	error counts
3	38815	30627.4	0	38815
4	5710	7656.8	0	5710
5	859	1914.2	0	859
6	204	478.6	0	204
7	49	119.6	0	49
8	9	29.9	0	9
9	24	7.5	0	1 23
10	88	1.9	1	0 88
11	12	0.5	1	0 12
12	3	0.1	1	0 3
13	1	0.0	1	0 1
