This is cutadapt 2.9 with Python 3.6.6
Command line parameters: --interleaved -a file:/nas02/apps/trimmomatic-0.36/Trimmomatic-0.36/adapters/TruSeq3-PE.fa -A file:/nas02/apps/trimmomatic-0.36/Trimmomatic-0.36/adapters/TruSeq3-PE.fa -m 30 /nas/longleaf/home/zpopkinh/Pvivax_resources/wgs_pe_improved_global/fastq/SRS694235/SRR1564964_1.fastq.gz /nas/longleaf/home/zpopkinh/Pvivax_resources/wgs_pe_improved_global/fastq/SRS694235/SRR1564964_2.fastq.gz
Processing reads on 1 core in paired-end mode ...
Finished in 1.33 s (49 us/read; 1.21 M reads/minute).

=== Summary ===

Total read pairs processed:             26,955
  Read 1 with adapter:                     850 (3.2%)
  Read 2 with adapter:                   1,014 (3.8%)
Pairs written (passing filters):        26,955 (100.0%)

Total basepairs processed:     5,444,910 bp
  Read 1:     2,722,455 bp
  Read 2:     2,722,455 bp
Total written (filtered):      5,438,607 bp (99.9%)
  Read 1:     2,719,538 bp
  Read 2:     2,719,069 bp

=== First read: Adapter PrefixPE/1 ===

Sequence: TACACTCTTTCCCTACACGACGCTCTTCCGATCT; Type: regular 3'; Length: 34; Trimmed: 430 times

No. of allowed errors:
0-9 bp: 0; 10-19 bp: 1; 20-29 bp: 2; 30-34 bp: 3

Bases preceding removed adapters:
  A: 30.5%
  C: 22.8%
  G: 19.1%
  T: 27.7%
  none/other: 0.0%

Overview of removed sequences
length	count	expect	max.err	error counts
3	275	421.2	0	275
4	116	105.3	0	116
5	27	26.3	0	27
6	4	6.6	0	4
7	2	1.6	0	2
10	4	0.0	1	0 4
11	1	0.0	1	0 1
13	1	0.0	1	0 1


=== First read: Adapter PrefixPE/2 ===

Sequence: GTGACTGGAGTTCAGACGTGTGCTCTTCCGATCT; Type: regular 3'; Length: 34; Trimmed: 420 times

No. of allowed errors:
0-9 bp: 0; 10-19 bp: 1; 20-29 bp: 2; 30-34 bp: 3

Bases preceding removed adapters:
  A: 27.9%
  C: 20.0%
  G: 26.4%
  T: 25.7%
  none/other: 0.0%

Overview of removed sequences
length	count	expect	max.err	error counts
3	321	421.2	0	321
4	75	105.3	0	75
5	17	26.3	0	17
6	6	6.6	0	6
7	1	1.6	0	1


=== Second read: Adapter PrefixPE/1 ===

Sequence: TACACTCTTTCCCTACACGACGCTCTTCCGATCT; Type: regular 3'; Length: 34; Trimmed: 432 times

No. of allowed errors:
0-9 bp: 0; 10-19 bp: 1; 20-29 bp: 2; 30-34 bp: 3

Bases preceding removed adapters:
  A: 24.8%
  C: 21.8%
  G: 20.8%
  T: 32.6%
  none/other: 0.0%

Overview of removed sequences
length	count	expect	max.err	error counts
3	285	421.2	0	285
4	105	105.3	0	105
5	28	26.3	0	28
6	7	6.6	0	7
7	2	1.6	0	2
8	1	0.4	0	1
9	3	0.1	0	0 3
10	1	0.0	1	0 1


=== Second read: Adapter PrefixPE/2 ===

Sequence: GTGACTGGAGTTCAGACGTGTGCTCTTCCGATCT; Type: regular 3'; Length: 34; Trimmed: 582 times

No. of allowed errors:
0-9 bp: 0; 10-19 bp: 1; 20-29 bp: 2; 30-34 bp: 3

Bases preceding removed adapters:
  A: 25.1%
  C: 28.4%
  G: 21.6%
  T: 24.9%
  none/other: 0.0%

Overview of removed sequences
length	count	expect	max.err	error counts
3	489	421.2	0	489
4	73	105.3	0	73
5	14	26.3	0	14
6	4	6.6	0	4
7	1	1.6	0	1
10	1	0.0	1	0 1
