This is cutadapt 2.9 with Python 3.6.6
Command line parameters: --interleaved -a file:/nas02/apps/trimmomatic-0.36/Trimmomatic-0.36/adapters/TruSeq3-PE.fa -A file:/nas02/apps/trimmomatic-0.36/Trimmomatic-0.36/adapters/TruSeq3-PE.fa -m 30 /nas/longleaf/home/zpopkinh/Pvivax_resources/wgs_pe_improved_global/fastq/SRS1061165/SRR2316894_1.fastq.gz /nas/longleaf/home/zpopkinh/Pvivax_resources/wgs_pe_improved_global/fastq/SRS1061165/SRR2316894_2.fastq.gz
Processing reads on 1 core in paired-end mode ...
Finished in 578.80 s (103 us/read; 0.58 M reads/minute).

=== Summary ===

Total read pairs processed:          5,603,765
  Read 1 with adapter:                 198,312 (3.5%)
  Read 2 with adapter:                 201,767 (3.6%)
Pairs written (passing filters):     5,603,760 (100.0%)

Total basepairs processed: 1,120,753,000 bp
  Read 1:   554,772,735 bp
  Read 2:   565,980,265 bp
Total written (filtered):  1,119,394,310 bp (99.9%)
  Read 1:   554,099,145 bp
  Read 2:   565,295,165 bp

=== First read: Adapter PrefixPE/1 ===

Sequence: TACACTCTTTCCCTACACGACGCTCTTCCGATCT; Type: regular 3'; Length: 34; Trimmed: 116926 times

No. of allowed errors:
0-9 bp: 0; 10-19 bp: 1; 20-29 bp: 2; 30-34 bp: 3

Bases preceding removed adapters:
  A: 32.6%
  C: 16.0%
  G: 19.3%
  T: 32.1%
  none/other: 0.0%

Overview of removed sequences
length	count	expect	max.err	error counts
3	76971	87558.8	0	76971
4	31720	21889.7	0	31720
5	5648	5472.4	0	5648
6	1414	1368.1	0	1414
7	214	342.0	0	214
8	61	85.5	0	61
9	371	21.4	0	24 347
10	395	5.3	1	7 388
11	107	1.3	1	1 106
12	14	0.3	1	0 14
13	7	0.1	1	0 7
14	2	0.0	1	0 2
15	1	0.0	1	0 1
96	1	0.0	3	0 1


=== First read: Adapter PrefixPE/2 ===

Sequence: GTGACTGGAGTTCAGACGTGTGCTCTTCCGATCT; Type: regular 3'; Length: 34; Trimmed: 81386 times

No. of allowed errors:
0-9 bp: 0; 10-19 bp: 1; 20-29 bp: 2; 30-34 bp: 3

Bases preceding removed adapters:
  A: 25.4%
  C: 16.3%
  G: 23.1%
  T: 35.2%
  none/other: 0.0%

Overview of removed sequences
length	count	expect	max.err	error counts
3	62715	87558.8	0	62715
4	15527	21889.7	0	15527
5	2258	5472.4	0	2258
6	536	1368.1	0	536
7	121	342.0	0	121
8	27	85.5	0	27
9	80	21.4	0	5 75
10	78	5.3	1	2 76
11	26	1.3	1	0 26
12	9	0.3	1	0 9
13	4	0.1	1	0 4
14	1	0.0	1	0 1
42	1	0.0	3	0 0 1
80	1	0.0	3	0 0 1
84	1	0.0	3	0 0 0 1
93	1	0.0	3	0 0 0 1


=== Second read: Adapter PrefixPE/1 ===

Sequence: TACACTCTTTCCCTACACGACGCTCTTCCGATCT; Type: regular 3'; Length: 34; Trimmed: 118571 times

No. of allowed errors:
0-9 bp: 0; 10-19 bp: 1; 20-29 bp: 2; 30-34 bp: 3

Bases preceding removed adapters:
  A: 32.6%
  C: 15.9%
  G: 19.7%
  T: 31.8%
  none/other: 0.0%

Overview of removed sequences
length	count	expect	max.err	error counts
3	77783	87558.8	0	77783
4	32729	21889.7	0	32729
5	5533	5472.4	0	5533
6	1366	1368.1	0	1366
7	254	342.0	0	254
8	58	85.5	0	58
9	354	21.4	0	20 334
10	371	5.3	1	12 359
11	97	1.3	1	1 96
12	23	0.3	1	0 23
13	2	0.1	1	0 2
97	1	0.0	3	0 1


=== Second read: Adapter PrefixPE/2 ===

Sequence: GTGACTGGAGTTCAGACGTGTGCTCTTCCGATCT; Type: regular 3'; Length: 34; Trimmed: 83196 times

No. of allowed errors:
0-9 bp: 0; 10-19 bp: 1; 20-29 bp: 2; 30-34 bp: 3

Bases preceding removed adapters:
  A: 25.9%
  C: 15.9%
  G: 23.3%
  T: 34.8%
  none/other: 0.0%

Overview of removed sequences
length	count	expect	max.err	error counts
3	63876	87558.8	0	63876
4	16044	21889.7	0	16044
5	2380	5472.4	0	2380
6	563	1368.1	0	563
7	125	342.0	0	125
8	28	85.5	0	28
9	69	21.4	0	4 65
10	77	5.3	1	1 76
11	24	1.3	1	1 23
12	4	0.3	1	0 4
13	6	0.1	1	0 6
