This is cutadapt 2.9 with Python 3.6.6
Command line parameters: --interleaved -a file:/nas02/apps/trimmomatic-0.36/Trimmomatic-0.36/adapters/TruSeq3-PE.fa -A file:/nas02/apps/trimmomatic-0.36/Trimmomatic-0.36/adapters/TruSeq3-PE.fa -m 30 /nas/longleaf/home/zpopkinh/Pvivax_resources/wgs_pe_improved_global/fastq/ERS241430/ERR337619_1.fastq.gz /nas/longleaf/home/zpopkinh/Pvivax_resources/wgs_pe_improved_global/fastq/ERS241430/ERR337619_2.fastq.gz
Processing reads on 1 core in paired-end mode ...
Finished in 1342.47 s (81 us/read; 0.74 M reads/minute).

=== Summary ===

Total read pairs processed:         16,573,698
  Read 1 with adapter:                 595,559 (3.6%)
  Read 2 with adapter:                 590,413 (3.6%)
Pairs written (passing filters):    16,573,693 (100.0%)

Total basepairs processed: 3,314,739,600 bp
  Read 1: 1,657,369,800 bp
  Read 2: 1,657,369,800 bp
Total written (filtered):  3,310,730,832 bp (99.9%)
  Read 1: 1,655,356,256 bp
  Read 2: 1,655,374,576 bp

=== First read: Adapter PrefixPE/1 ===

Sequence: TACACTCTTTCCCTACACGACGCTCTTCCGATCT; Type: regular 3'; Length: 34; Trimmed: 327879 times

No. of allowed errors:
0-9 bp: 0; 10-19 bp: 1; 20-29 bp: 2; 30-34 bp: 3

Bases preceding removed adapters:
  A: 30.5%
  C: 17.6%
  G: 21.7%
  T: 30.2%
  none/other: 0.0%

Overview of removed sequences
length	count	expect	max.err	error counts
3	217253	258964.0	0	217253
4	86132	64741.0	0	86132
5	17309	16185.3	0	17309
6	3773	4046.3	0	3773
7	724	1011.6	0	724
8	181	252.9	0	181
9	1012	63.2	0	81 931
10	1075	15.8	1	23 1052
11	326	4.0	1	2 324
12	62	1.0	1	0 62
13	24	0.2	1	0 24
14	3	0.1	1	0 3
100	5	0.0	3	0 0 0 5


=== First read: Adapter PrefixPE/2 ===

Sequence: GTGACTGGAGTTCAGACGTGTGCTCTTCCGATCT; Type: regular 3'; Length: 34; Trimmed: 267680 times

No. of allowed errors:
0-9 bp: 0; 10-19 bp: 1; 20-29 bp: 2; 30-34 bp: 3

Bases preceding removed adapters:
  A: 24.2%
  C: 18.0%
  G: 25.0%
  T: 32.8%
  none/other: 0.0%

Overview of removed sequences
length	count	expect	max.err	error counts
3	209595	258964.0	0	209595
4	48080	64741.0	0	48080
5	7277	16185.3	0	7277
6	1688	4046.3	0	1688
7	410	1011.6	0	410
8	65	252.9	0	65
9	264	63.2	0	16 248
10	213	15.8	1	5 208
11	62	4.0	1	0 62
12	18	1.0	1	0 18
13	8	0.2	1	0 8


=== Second read: Adapter PrefixPE/1 ===

Sequence: TACACTCTTTCCCTACACGACGCTCTTCCGATCT; Type: regular 3'; Length: 34; Trimmed: 327008 times

No. of allowed errors:
0-9 bp: 0; 10-19 bp: 1; 20-29 bp: 2; 30-34 bp: 3

Bases preceding removed adapters:
  A: 30.4%
  C: 17.8%
  G: 21.5%
  T: 30.3%
  none/other: 0.0%

Overview of removed sequences
length	count	expect	max.err	error counts
3	217234	258964.0	0	217234
4	85690	64741.0	0	85690
5	16990	16185.3	0	16990
6	3721	4046.3	0	3721
7	744	1011.6	0	744
8	151	252.9	0	151
9	996	63.2	0	78 918
10	1089	15.8	1	18 1071
11	307	4.0	1	3 304
12	60	1.0	1	1 59
13	19	0.2	1	0 19
14	6	0.1	1	0 6
15	1	0.0	1	0 1


=== Second read: Adapter PrefixPE/2 ===

Sequence: GTGACTGGAGTTCAGACGTGTGCTCTTCCGATCT; Type: regular 3'; Length: 34; Trimmed: 263405 times

No. of allowed errors:
0-9 bp: 0; 10-19 bp: 1; 20-29 bp: 2; 30-34 bp: 3

Bases preceding removed adapters:
  A: 24.3%
  C: 18.1%
  G: 25.1%
  T: 32.5%
  none/other: 0.0%

Overview of removed sequences
length	count	expect	max.err	error counts
3	206525	258964.0	0	206525
4	47033	64741.0	0	47033
5	7202	16185.3	0	7202
6	1617	4046.3	0	1617
7	398	1011.6	0	398
8	64	252.9	0	64
9	254	63.2	0	7 247
10	203	15.8	1	6 197
11	77	4.0	1	1 76
12	23	1.0	1	0 23
13	9	0.2	1	0 9
