This is cutadapt 2.9 with Python 3.6.6
Command line parameters: --interleaved -a file:/nas02/apps/trimmomatic-0.36/Trimmomatic-0.36/adapters/TruSeq3-PE.fa -A file:/nas02/apps/trimmomatic-0.36/Trimmomatic-0.36/adapters/TruSeq3-PE.fa -m 30 /nas/longleaf/home/zpopkinh/Pvivax_resources/wgs_pe_improved_global/fastq/SRS1061136/SRR2316625_1.fastq.gz /nas/longleaf/home/zpopkinh/Pvivax_resources/wgs_pe_improved_global/fastq/SRS1061136/SRR2316625_2.fastq.gz
Processing reads on 1 core in paired-end mode ...
Finished in 2143.17 s (95 us/read; 0.63 M reads/minute).

=== Summary ===

Total read pairs processed:         22,629,503
  Read 1 with adapter:                 827,299 (3.7%)
  Read 2 with adapter:                 820,841 (3.6%)
Pairs written (passing filters):    22,629,483 (100.0%)

Total basepairs processed: 4,525,900,600 bp
  Read 1: 2,240,320,797 bp
  Read 2: 2,285,579,803 bp
Total written (filtered):  4,520,269,686 bp (99.9%)
  Read 1: 2,237,493,188 bp
  Read 2: 2,282,776,498 bp

=== First read: Adapter PrefixPE/1 ===

Sequence: TACACTCTTTCCCTACACGACGCTCTTCCGATCT; Type: regular 3'; Length: 34; Trimmed: 427418 times

No. of allowed errors:
0-9 bp: 0; 10-19 bp: 1; 20-29 bp: 2; 30-34 bp: 3

Bases preceding removed adapters:
  A: 31.6%
  C: 19.2%
  G: 17.7%
  T: 31.5%
  none/other: 0.0%

Overview of removed sequences
length	count	expect	max.err	error counts
3	279131	353586.0	0	279131
4	117527	88396.5	0	117527
5	19899	22099.1	0	19899
6	5441	5524.8	0	5441
7	1022	1381.2	0	1022
8	329	345.3	0	329
9	1197	86.3	0	109 1088
10	2099	21.6	1	68 2031
11	623	5.4	1	3 620
12	106	1.3	1	2 104
13	23	0.3	1	0 23
14	9	0.1	1	1 8
15	1	0.0	1	0 1
16	1	0.0	1	0 1
18	1	0.0	1	0 1
36	1	0.0	3	0 0 1
95	1	0.0	3	0 0 1
96	1	0.0	3	1
98	1	0.0	3	0 1
99	5	0.0	3	0 2 1 2


=== First read: Adapter PrefixPE/2 ===

Sequence: GTGACTGGAGTTCAGACGTGTGCTCTTCCGATCT; Type: regular 3'; Length: 34; Trimmed: 399881 times

No. of allowed errors:
0-9 bp: 0; 10-19 bp: 1; 20-29 bp: 2; 30-34 bp: 3

Bases preceding removed adapters:
  A: 30.2%
  C: 9.2%
  G: 23.0%
  T: 37.6%
  none/other: 0.0%

Overview of removed sequences
length	count	expect	max.err	error counts
3	298128	353586.0	0	298128
4	81954	88396.5	0	81954
5	12860	22099.1	0	12860
6	4113	5524.8	0	4113
7	1009	1381.2	0	1009
8	247	345.3	0	247
9	592	86.3	0	72 520
10	636	21.6	1	19 617
11	244	5.4	1	3 241
12	66	1.3	1	2 64
13	20	0.3	1	2 18
14	4	0.1	1	0 4
15	3	0.0	1	0 3
16	2	0.0	1	0 2
29	1	0.0	2	0 0 1
80	1	0.0	3	0 0 1
84	1	0.0	3	1


=== Second read: Adapter PrefixPE/1 ===

Sequence: TACACTCTTTCCCTACACGACGCTCTTCCGATCT; Type: regular 3'; Length: 34; Trimmed: 426106 times

No. of allowed errors:
0-9 bp: 0; 10-19 bp: 1; 20-29 bp: 2; 30-34 bp: 3

Bases preceding removed adapters:
  A: 31.4%
  C: 19.3%
  G: 17.7%
  T: 31.6%
  none/other: 0.0%

Overview of removed sequences
length	count	expect	max.err	error counts
3	279003	353586.0	0	279003
4	116906	88396.5	0	116906
5	19476	22099.1	0	19476
6	5296	5524.8	0	5296
7	1063	1381.2	0	1063
8	301	345.3	0	301
9	1144	86.3	0	105 1039
10	2162	21.6	1	43 2119
11	585	5.4	1	9 576
12	105	1.3	1	0 105
13	42	0.3	1	0 42
14	8	0.1	1	0 8
15	6	0.0	1	1 5
16	1	0.0	1	0 1
20	1	0.0	2	0 0 1
60	1	0.0	3	1
97	1	0.0	3	0 1
101	5	0.0	3	0 1 1 3


=== Second read: Adapter PrefixPE/2 ===

Sequence: GTGACTGGAGTTCAGACGTGTGCTCTTCCGATCT; Type: regular 3'; Length: 34; Trimmed: 394735 times

No. of allowed errors:
0-9 bp: 0; 10-19 bp: 1; 20-29 bp: 2; 30-34 bp: 3

Bases preceding removed adapters:
  A: 30.0%
  C: 9.2%
  G: 23.3%
  T: 37.5%
  none/other: 0.0%

Overview of removed sequences
length	count	expect	max.err	error counts
3	295137	353586.0	0	295137
4	80458	88396.5	0	80458
5	12396	22099.1	0	12396
6	3996	5524.8	0	3996
7	1010	1381.2	0	1010
8	230	345.3	0	230
9	560	86.3	0	71 489
10	615	21.6	1	17 598
11	224	5.4	1	4 220
12	68	1.3	1	0 68
13	23	0.3	1	0 23
14	8	0.1	1	0 8
15	1	0.0	1	0 1
16	1	0.0	1	0 1
19	1	0.0	1	0 0 1
36	1	0.0	3	0 1
46	1	0.0	3	0 0 0 1
70	1	0.0	3	0 0 1
84	1	0.0	3	1
91	2	0.0	3	0 0 0 2
97	1	0.0	3	0 1
