This is cutadapt 2.9 with Python 3.6.6
Command line parameters: --interleaved -a file:/nas02/apps/trimmomatic-0.36/Trimmomatic-0.36/adapters/TruSeq3-PE.fa -A file:/nas02/apps/trimmomatic-0.36/Trimmomatic-0.36/adapters/TruSeq3-PE.fa -m 30 /nas/longleaf/home/zpopkinh/Pvivax_resources/wgs_pe_improved_global/fastq/SRS2745932/SRR6361422_1.fastq.gz /nas/longleaf/home/zpopkinh/Pvivax_resources/wgs_pe_improved_global/fastq/SRS2745932/SRR6361422_2.fastq.gz
Processing reads on 1 core in paired-end mode ...
Finished in 9967.06 s (83 us/read; 0.72 M reads/minute).

=== Summary ===

Total read pairs processed:        119,528,328
  Read 1 with adapter:               3,852,552 (3.2%)
  Read 2 with adapter:               3,819,788 (3.2%)
Pairs written (passing filters):   119,528,318 (100.0%)

Total basepairs processed: 23,905,665,600 bp
  Read 1: 11,952,832,800 bp
  Read 2: 11,952,832,800 bp
Total written (filtered):  23,879,710,751 bp (99.9%)
  Read 1: 11,939,791,341 bp
  Read 2: 11,939,919,410 bp

=== First read: Adapter PrefixPE/1 ===

Sequence: TACACTCTTTCCCTACACGACGCTCTTCCGATCT; Type: regular 3'; Length: 34; Trimmed: 2153191 times

No. of allowed errors:
0-9 bp: 0; 10-19 bp: 1; 20-29 bp: 2; 30-34 bp: 3

Bases preceding removed adapters:
  A: 31.0%
  C: 16.5%
  G: 20.1%
  T: 32.5%
  none/other: 0.0%

Overview of removed sequences
length	count	expect	max.err	error counts
3	1444492	1867630.1	0	1444492
4	541425	466907.5	0	541425
5	126612	116726.9	0	126612
6	20161	29181.7	0	20161
7	3502	7295.4	0	3502
8	900	1823.9	0	900
9	6834	456.0	0	272 6562
10	6323	114.0	1	113 6210
11	2328	28.5	1	18 2310
12	463	7.1	1	0 463
13	90	1.8	1	0 90
14	57	0.4	1	0 57
68	1	0.0	3	0 0 1
83	1	0.0	3	0 0 1
100	2	0.0	3	0 2


=== First read: Adapter PrefixPE/2 ===

Sequence: GTGACTGGAGTTCAGACGTGTGCTCTTCCGATCT; Type: regular 3'; Length: 34; Trimmed: 1699361 times

No. of allowed errors:
0-9 bp: 0; 10-19 bp: 1; 20-29 bp: 2; 30-34 bp: 3

Bases preceding removed adapters:
  A: 24.6%
  C: 18.5%
  G: 25.2%
  T: 31.7%
  none/other: 0.0%

Overview of removed sequences
length	count	expect	max.err	error counts
3	1301574	1867630.1	0	1301574
4	332026	466907.5	0	332026
5	48323	116726.9	0	48323
6	10722	29181.7	0	10722
7	2354	7295.4	0	2354
8	391	1823.9	0	391
9	1409	456.0	0	69 1340
10	1749	114.0	1	34 1715
11	662	28.5	1	13 649
12	123	7.1	1	0 123
13	23	1.8	1	0 23
100	5	0.0	3	0 4 0 1


=== Second read: Adapter PrefixPE/1 ===

Sequence: TACACTCTTTCCCTACACGACGCTCTTCCGATCT; Type: regular 3'; Length: 34; Trimmed: 2131776 times

No. of allowed errors:
0-9 bp: 0; 10-19 bp: 1; 20-29 bp: 2; 30-34 bp: 3

Bases preceding removed adapters:
  A: 32.5%
  C: 16.3%
  G: 18.5%
  T: 32.7%
  none/other: 0.0%

Overview of removed sequences
length	count	expect	max.err	error counts
3	1428375	1867630.1	0	1428375
4	538804	466907.5	0	538804
5	124814	116726.9	0	124814
6	19409	29181.7	0	19409
7	3640	7295.4	0	3640
8	1064	1823.9	0	1064
9	6466	456.0	0	352 6114
10	6174	114.0	1	134 6040
11	2315	28.5	1	12 2303
12	561	7.1	1	0 561
13	96	1.8	1	0 96
14	55	0.4	1	0 55
15	1	0.1	1	0 1
93	1	0.0	3	0 0 1
100	1	0.0	3	0 1


=== Second read: Adapter PrefixPE/2 ===

Sequence: GTGACTGGAGTTCAGACGTGTGCTCTTCCGATCT; Type: regular 3'; Length: 34; Trimmed: 1688012 times

No. of allowed errors:
0-9 bp: 0; 10-19 bp: 1; 20-29 bp: 2; 30-34 bp: 3

Bases preceding removed adapters:
  A: 23.9%
  C: 18.3%
  G: 25.2%
  T: 32.6%
  none/other: 0.0%

Overview of removed sequences
length	count	expect	max.err	error counts
3	1306127	1867630.1	0	1306127
4	318485	466907.5	0	318485
5	46852	116726.9	0	46852
6	10082	29181.7	0	10082
7	2341	7295.4	0	2341
8	372	1823.9	0	372
9	1454	456.0	0	54 1400
10	1618	114.0	1	32 1586
11	531	28.5	1	1 530
12	121	7.1	1	0 121
13	29	1.8	1	0 29
