This is cutadapt 2.9 with Python 3.6.6
Command line parameters: --interleaved -a file:/nas02/apps/trimmomatic-0.36/Trimmomatic-0.36/adapters/TruSeq3-PE.fa -A file:/nas02/apps/trimmomatic-0.36/Trimmomatic-0.36/adapters/TruSeq3-PE.fa -m 30 /nas/longleaf/home/zpopkinh/Pvivax_resources/wgs_pe_improved_global/fastq/SRS693407/SRR1565053_1.fastq.gz /nas/longleaf/home/zpopkinh/Pvivax_resources/wgs_pe_improved_global/fastq/SRS693407/SRR1565053_2.fastq.gz
Processing reads on 1 core in paired-end mode ...
Finished in 7.13 s (47 us/read; 1.27 M reads/minute).

=== Summary ===

Total read pairs processed:            151,402
  Read 1 with adapter:                   5,183 (3.4%)
  Read 2 with adapter:                   5,812 (3.8%)
Pairs written (passing filters):       151,316 (99.9%)

Total basepairs processed:    30,583,204 bp
  Read 1:    15,291,602 bp
  Read 2:    15,291,602 bp
Total written (filtered):     30,529,149 bp (99.8%)
  Read 1:    15,265,276 bp
  Read 2:    15,263,873 bp

=== First read: Adapter PrefixPE/1 ===

Sequence: TACACTCTTTCCCTACACGACGCTCTTCCGATCT; Type: regular 3'; Length: 34; Trimmed: 2501 times

No. of allowed errors:
0-9 bp: 0; 10-19 bp: 1; 20-29 bp: 2; 30-34 bp: 3

Bases preceding removed adapters:
  A: 24.3%
  C: 23.3%
  G: 26.3%
  T: 26.1%
  none/other: 0.0%

Overview of removed sequences
length	count	expect	max.err	error counts
3	1625	2365.7	0	1625
4	662	591.4	0	662
5	151	147.9	0	151
6	26	37.0	0	26
7	11	9.2	0	11
9	10	0.6	0	1 9
10	8	0.1	1	0 8
11	5	0.0	1	0 5
12	2	0.0	1	0 2
27	1	0.0	2	0 1


=== First read: Adapter PrefixPE/2 ===

Sequence: GTGACTGGAGTTCAGACGTGTGCTCTTCCGATCT; Type: regular 3'; Length: 34; Trimmed: 2682 times

No. of allowed errors:
0-9 bp: 0; 10-19 bp: 1; 20-29 bp: 2; 30-34 bp: 3

Bases preceding removed adapters:
  A: 22.5%
  C: 19.1%
  G: 26.4%
  T: 32.0%
  none/other: 0.0%

Overview of removed sequences
length	count	expect	max.err	error counts
3	2064	2365.7	0	2064
4	499	591.4	0	499
5	74	147.9	0	74
6	31	37.0	0	31
7	6	9.2	0	6
9	5	0.6	0	1 4
10	3	0.1	1	0 3


=== Second read: Adapter PrefixPE/1 ===

Sequence: TACACTCTTTCCCTACACGACGCTCTTCCGATCT; Type: regular 3'; Length: 34; Trimmed: 2284 times

No. of allowed errors:
0-9 bp: 0; 10-19 bp: 1; 20-29 bp: 2; 30-34 bp: 3

Bases preceding removed adapters:
  A: 25.4%
  C: 23.2%
  G: 25.3%
  T: 26.1%
  none/other: 0.0%

Overview of removed sequences
length	count	expect	max.err	error counts
3	1568	2365.7	0	1568
4	541	591.4	0	541
5	134	147.9	0	134
6	26	37.0	0	26
7	3	9.2	0	3
8	2	2.3	0	2
9	1	0.6	0	0 1
10	3	0.1	1	0 3
11	4	0.0	1	0 4
12	2	0.0	1	0 2


=== Second read: Adapter PrefixPE/2 ===

Sequence: GTGACTGGAGTTCAGACGTGTGCTCTTCCGATCT; Type: regular 3'; Length: 34; Trimmed: 3528 times

No. of allowed errors:
0-9 bp: 0; 10-19 bp: 1; 20-29 bp: 2; 30-34 bp: 3

Bases preceding removed adapters:
  A: 21.6%
  C: 28.1%
  G: 24.3%
  T: 26.0%
  none/other: 0.0%

Overview of removed sequences
length	count	expect	max.err	error counts
3	2757	2365.7	0	2757
4	564	591.4	0	564
5	89	147.9	0	89
6	19	37.0	0	19
7	3	9.2	0	3
9	5	0.6	0	0 5
10	3	0.1	1	0 3
11	1	0.0	1	0 1
12	1	0.0	1	0 1
93	84	0.0	3	0 13 34 37
94	2	0.0	3	0 0 1 1
