This is cutadapt 2.9 with Python 3.6.6
Command line parameters: --interleaved -a file:/nas02/apps/trimmomatic-0.36/Trimmomatic-0.36/adapters/TruSeq3-PE.fa -A file:/nas02/apps/trimmomatic-0.36/Trimmomatic-0.36/adapters/TruSeq3-PE.fa -m 30 /nas/longleaf/home/zpopkinh/Pvivax_resources/wgs_pe_improved_global/fastq/SRS693944/SRR1568229_1.fastq.gz /nas/longleaf/home/zpopkinh/Pvivax_resources/wgs_pe_improved_global/fastq/SRS693944/SRR1568229_2.fastq.gz
Processing reads on 1 core in paired-end mode ...
Finished in 1512.15 s (60 us/read; 1.00 M reads/minute).

=== Summary ===

Total read pairs processed:         25,126,142
  Read 1 with adapter:                 877,563 (3.5%)
  Read 2 with adapter:                 934,757 (3.7%)
Pairs written (passing filters):    25,126,094 (100.0%)

Total basepairs processed: 5,075,480,684 bp
  Read 1: 2,537,740,342 bp
  Read 2: 2,537,740,342 bp
Total written (filtered):  5,069,413,527 bp (99.9%)
  Read 1: 2,534,789,227 bp
  Read 2: 2,534,624,300 bp

=== First read: Adapter PrefixPE/1 ===

Sequence: TACACTCTTTCCCTACACGACGCTCTTCCGATCT; Type: regular 3'; Length: 34; Trimmed: 390593 times

No. of allowed errors:
0-9 bp: 0; 10-19 bp: 1; 20-29 bp: 2; 30-34 bp: 3

Bases preceding removed adapters:
  A: 23.3%
  C: 24.4%
  G: 27.9%
  T: 24.4%
  none/other: 0.0%

Overview of removed sequences
length	count	expect	max.err	error counts
3	267126	392596.0	0	267126
4	90430	98149.0	0	90430
5	24689	24537.2	0	24689
6	4358	6134.3	0	4358
7	1174	1533.6	0	1174
8	227	383.4	0	227
9	989	95.8	0	94 895
10	1037	24.0	1	33 1004
11	408	6.0	1	1 407
12	96	1.5	1	0 96
13	30	0.4	1	1 29
14	7	0.1	1	0 7
15	2	0.0	1	0 2
18	1	0.0	1	1
21	1	0.0	2	1
24	1	0.0	2	1
27	1	0.0	2	0 0 1
36	1	0.0	3	0 0 0 1
37	1	0.0	3	0 0 1
49	1	0.0	3	0 1
52	1	0.0	3	0 0 0 1
53	1	0.0	3	0 1
62	2	0.0	3	0 1 1
64	2	0.0	3	0 0 2
101	7	0.0	3	0 3 3 1


=== First read: Adapter PrefixPE/2 ===

Sequence: GTGACTGGAGTTCAGACGTGTGCTCTTCCGATCT; Type: regular 3'; Length: 34; Trimmed: 486970 times

No. of allowed errors:
0-9 bp: 0; 10-19 bp: 1; 20-29 bp: 2; 30-34 bp: 3

Bases preceding removed adapters:
  A: 22.5%
  C: 20.0%
  G: 28.6%
  T: 28.9%
  none/other: 0.0%

Overview of removed sequences
length	count	expect	max.err	error counts
3	381681	392596.0	0	381681
4	85509	98149.0	0	85509
5	14329	24537.2	0	14329
6	3140	6134.3	0	3140
7	863	1533.6	0	863
8	139	383.4	0	139
9	574	95.8	0	25 549
10	477	24.0	1	10 467
11	201	6.0	1	3 198
12	47	1.5	1	0 47
13	10	0.4	1	0 10


=== Second read: Adapter PrefixPE/1 ===

Sequence: TACACTCTTTCCCTACACGACGCTCTTCCGATCT; Type: regular 3'; Length: 34; Trimmed: 380998 times

No. of allowed errors:
0-9 bp: 0; 10-19 bp: 1; 20-29 bp: 2; 30-34 bp: 3

Bases preceding removed adapters:
  A: 23.4%
  C: 24.3%
  G: 27.9%
  T: 24.4%
  none/other: 0.0%

Overview of removed sequences
length	count	expect	max.err	error counts
3	260677	392596.0	0	260677
4	87900	98149.0	0	87900
5	24100	24537.2	0	24100
6	4318	6134.3	0	4318
7	1139	1533.6	0	1139
8	271	383.4	0	271
9	1034	95.8	0	88 946
10	1012	24.0	1	33 979
11	433	6.0	1	6 427
12	71	1.5	1	0 71
13	32	0.4	1	0 32
14	8	0.1	1	0 8
15	1	0.0	1	0 1
53	1	0.0	3	0 0 0 1
61	1	0.0	3	0 0 0 1


=== Second read: Adapter PrefixPE/2 ===

Sequence: GTGACTGGAGTTCAGACGTGTGCTCTTCCGATCT; Type: regular 3'; Length: 34; Trimmed: 553759 times

No. of allowed errors:
0-9 bp: 0; 10-19 bp: 1; 20-29 bp: 2; 30-34 bp: 3

Bases preceding removed adapters:
  A: 21.9%
  C: 27.8%
  G: 25.2%
  T: 25.2%
  none/other: 0.0%

Overview of removed sequences
length	count	expect	max.err	error counts
3	450263	392596.0	0	450263
4	84358	98149.0	0	84358
5	13951	24537.2	0	13951
6	2964	6134.3	0	2964
7	768	1533.6	0	768
8	130	383.4	0	130
9	556	95.8	0	28 528
10	487	24.0	1	7 480
11	172	6.0	1	3 169
12	36	1.5	1	0 36
13	17	0.4	1	0 17
18	1	0.0	1	0 1
20	1	0.0	2	0 1
33	1	0.0	3	0 0 0 1
44	2	0.0	3	1 1
45	1	0.0	3	1
46	3	0.0	3	0 0 1 2
47	1	0.0	3	0 0 1
48	1	0.0	3	0 0 1
52	2	0.0	3	0 0 0 2
55	1	0.0	3	0 0 0 1
57	1	0.0	3	0 0 0 1
71	1	0.0	3	0 0 1
72	1	0.0	3	0 1
73	1	0.0	3	0 0 1
93	38	0.0	3	0 3 6 29
94	1	0.0	3	0 0 0 1
