This is cutadapt 2.9 with Python 3.6.6
Command line parameters: --interleaved -a file:/nas02/apps/trimmomatic-0.36/Trimmomatic-0.36/adapters/TruSeq3-PE.fa -A file:/nas02/apps/trimmomatic-0.36/Trimmomatic-0.36/adapters/TruSeq3-PE.fa -m 30 /nas/longleaf/home/zpopkinh/Pvivax_resources/wgs_pe_improved_global/fastq/SRS1061259/SRR2317560_1.fastq.gz /nas/longleaf/home/zpopkinh/Pvivax_resources/wgs_pe_improved_global/fastq/SRS1061259/SRR2317560_2.fastq.gz
Processing reads on 1 core in paired-end mode ...
Finished in 903.83 s (125 us/read; 0.48 M reads/minute).

=== Summary ===

Total read pairs processed:          7,259,021
  Read 1 with adapter:                 264,078 (3.6%)
  Read 2 with adapter:                 267,638 (3.7%)
Pairs written (passing filters):     7,259,003 (100.0%)

Total basepairs processed: 1,451,804,200 bp
  Read 1:   725,902,100 bp
  Read 2:   725,902,100 bp
Total written (filtered):  1,450,001,059 bp (99.9%)
  Read 1:   725,006,602 bp
  Read 2:   724,994,457 bp

=== First read: Adapter PrefixPE/1 ===

Sequence: TACACTCTTTCCCTACACGACGCTCTTCCGATCT; Type: regular 3'; Length: 34; Trimmed: 141797 times

No. of allowed errors:
0-9 bp: 0; 10-19 bp: 1; 20-29 bp: 2; 30-34 bp: 3

Bases preceding removed adapters:
  A: 30.1%
  C: 18.3%
  G: 21.1%
  T: 30.5%
  none/other: 0.0%

Overview of removed sequences
length	count	expect	max.err	error counts
3	94147	113422.2	0	94147
4	37554	28355.6	0	37554
5	6998	7088.9	0	6998
6	1614	1772.2	0	1614
7	311	443.1	0	311
8	70	110.8	0	70
9	413	27.7	0	27 386
10	489	6.9	1	6 483
11	166	1.7	1	0 166
12	25	0.4	1	0 25
13	8	0.1	1	0 8
14	2	0.0	1	0 2


=== First read: Adapter PrefixPE/2 ===

Sequence: GTGACTGGAGTTCAGACGTGTGCTCTTCCGATCT; Type: regular 3'; Length: 34; Trimmed: 122281 times

No. of allowed errors:
0-9 bp: 0; 10-19 bp: 1; 20-29 bp: 2; 30-34 bp: 3

Bases preceding removed adapters:
  A: 25.6%
  C: 16.3%
  G: 25.0%
  T: 33.1%
  none/other: 0.0%

Overview of removed sequences
length	count	expect	max.err	error counts
3	94558	113422.2	0	94558
4	22761	28355.6	0	22761
5	3500	7088.9	0	3500
6	870	1772.2	0	870
7	216	443.1	0	216
8	45	110.8	0	45
9	122	27.7	0	11 111
10	117	6.9	1	6 111
11	55	1.7	1	0 55
12	23	0.4	1	0 23
13	1	0.1	1	0 1
15	3	0.0	1	0 3
23	1	0.0	2	0 0 1
37	1	0.0	3	0 0 0 1
42	1	0.0	3	0 0 1
47	1	0.0	3	0 0 1
48	1	0.0	3	1
51	1	0.0	3	0 0 0 1
74	2	0.0	3	0 1 1
91	1	0.0	3	0 0 1
94	1	0.0	3	0 0 0 1


=== Second read: Adapter PrefixPE/1 ===

Sequence: TACACTCTTTCCCTACACGACGCTCTTCCGATCT; Type: regular 3'; Length: 34; Trimmed: 143133 times

No. of allowed errors:
0-9 bp: 0; 10-19 bp: 1; 20-29 bp: 2; 30-34 bp: 3

Bases preceding removed adapters:
  A: 30.1%
  C: 18.3%
  G: 21.5%
  T: 30.1%
  none/other: 0.0%

Overview of removed sequences
length	count	expect	max.err	error counts
3	94775	113422.2	0	94775
4	37908	28355.6	0	37908
5	7251	7088.9	0	7251
6	1698	1772.2	0	1698
7	311	443.1	0	311
8	79	110.8	0	79
9	394	27.7	0	21 373
10	511	6.9	1	8 503
11	150	1.7	1	0 150
12	32	0.4	1	0 32
13	7	0.1	1	0 7
14	3	0.0	1	0 3
15	1	0.0	1	0 1
53	1	0.0	3	0 0 1
76	7	0.0	3	7
78	1	0.0	3	0 1
80	1	0.0	3	0 0 0 1
95	1	0.0	3	0 0 1
96	1	0.0	3	1
100	1	0.0	3	0 0 0 1


=== Second read: Adapter PrefixPE/2 ===

Sequence: GTGACTGGAGTTCAGACGTGTGCTCTTCCGATCT; Type: regular 3'; Length: 34; Trimmed: 124505 times

No. of allowed errors:
0-9 bp: 0; 10-19 bp: 1; 20-29 bp: 2; 30-34 bp: 3

Bases preceding removed adapters:
  A: 25.4%
  C: 16.0%
  G: 25.4%
  T: 33.2%
  none/other: 0.0%

Overview of removed sequences
length	count	expect	max.err	error counts
3	96184	113422.2	0	96184
4	23428	28355.6	0	23428
5	3468	7088.9	0	3468
6	855	1772.2	0	855
7	213	443.1	0	213
8	28	110.8	0	28
9	114	27.7	0	9 105
10	147	6.9	1	3 144
11	52	1.7	1	0 52
12	12	0.4	1	0 12
13	1	0.1	1	0 1
69	1	0.0	3	0 0 0 1
71	1	0.0	3	0 0 0 1
94	1	0.0	3	0 0 1
