This is cutadapt 2.9 with Python 3.6.6
Command line parameters: --interleaved -a file:/nas02/apps/trimmomatic-0.36/Trimmomatic-0.36/adapters/TruSeq3-PE.fa -A file:/nas02/apps/trimmomatic-0.36/Trimmomatic-0.36/adapters/TruSeq3-PE.fa -m 30 /nas/longleaf/home/zpopkinh/Pvivax_resources/wgs_pe_improved_global/fastq/SRS819715/SRR1759522_1.fastq.gz /nas/longleaf/home/zpopkinh/Pvivax_resources/wgs_pe_improved_global/fastq/SRS819715/SRR1759522_2.fastq.gz
Processing reads on 1 core in paired-end mode ...
Finished in 4760.57 s (72 us/read; 0.83 M reads/minute).

=== Summary ===

Total read pairs processed:         66,181,190
  Read 1 with adapter:               2,166,093 (3.3%)
  Read 2 with adapter:               2,547,160 (3.8%)
Pairs written (passing filters):    66,181,171 (100.0%)

Total basepairs processed: 13,368,600,380 bp
  Read 1: 6,684,300,190 bp
  Read 2: 6,684,300,190 bp
Total written (filtered):  13,352,764,389 bp (99.9%)
  Read 1: 6,676,951,828 bp
  Read 2: 6,675,812,561 bp

=== First read: Adapter PrefixPE/1 ===

Sequence: TACACTCTTTCCCTACACGACGCTCTTCCGATCT; Type: regular 3'; Length: 34; Trimmed: 995282 times

No. of allowed errors:
0-9 bp: 0; 10-19 bp: 1; 20-29 bp: 2; 30-34 bp: 3

Bases preceding removed adapters:
  A: 28.0%
  C: 22.8%
  G: 20.7%
  T: 28.5%
  none/other: 0.0%

Overview of removed sequences
length	count	expect	max.err	error counts
3	661646	1034081.1	0	661646
4	257688	258520.3	0	257688
5	52607	64630.1	0	52607
6	11994	16157.5	0	11994
7	2603	4039.4	0	2603
8	754	1009.8	0	754
9	2740	252.5	0	255 2485
10	3594	63.1	1	89 3505
11	1233	15.8	1	13 1220
12	302	3.9	1	3 299
13	70	1.0	1	0 70
14	23	0.2	1	0 23
15	10	0.1	1	0 10
16	4	0.0	1	0 4
32	1	0.0	3	0 0 0 1
34	1	0.0	3	0 0 0 1
35	1	0.0	3	0 1
37	1	0.0	3	0 1
39	1	0.0	3	0 0 0 1
40	1	0.0	3	0 1
48	1	0.0	3	0 0 0 1
50	2	0.0	3	0 1 0 1
52	1	0.0	3	0 0 0 1
54	2	0.0	3	1 0 1
62	1	0.0	3	0 1
101	1	0.0	3	0 0 1


=== First read: Adapter PrefixPE/2 ===

Sequence: GTGACTGGAGTTCAGACGTGTGCTCTTCCGATCT; Type: regular 3'; Length: 34; Trimmed: 1170811 times

No. of allowed errors:
0-9 bp: 0; 10-19 bp: 1; 20-29 bp: 2; 30-34 bp: 3

Bases preceding removed adapters:
  A: 27.6%
  C: 11.7%
  G: 25.7%
  T: 35.0%
  none/other: 0.0%

Overview of removed sequences
length	count	expect	max.err	error counts
3	887522	1034081.1	0	887522
4	228677	258520.3	0	228677
5	36329	64630.1	0	36329
6	10000	16157.5	0	10000
7	2847	4039.4	0	2847
8	643	1009.8	0	643
9	1750	252.5	0	185 1565
10	1970	63.1	1	64 1906
11	747	15.8	1	8 739
12	236	3.9	1	4 232
13	74	1.0	1	0 74
14	12	0.2	1	0 12
15	4	0.1	1	0 4


=== Second read: Adapter PrefixPE/1 ===

Sequence: TACACTCTTTCCCTACACGACGCTCTTCCGATCT; Type: regular 3'; Length: 34; Trimmed: 979918 times

No. of allowed errors:
0-9 bp: 0; 10-19 bp: 1; 20-29 bp: 2; 30-34 bp: 3

Bases preceding removed adapters:
  A: 28.1%
  C: 22.6%
  G: 20.7%
  T: 28.6%
  none/other: 0.0%

Overview of removed sequences
length	count	expect	max.err	error counts
3	649691	1034081.1	0	649691
4	256161	258520.3	0	256161
5	51195	64630.1	0	51195
6	11607	16157.5	0	11607
7	2551	4039.4	0	2551
8	738	1009.8	0	738
9	2772	252.5	0	233 2539
10	3574	63.1	1	90 3484
11	1224	15.8	1	14 1210
12	306	3.9	1	0 306
13	67	1.0	1	1 66
14	23	0.2	1	0 23
15	7	0.1	1	4 3
16	2	0.0	1	0 2


=== Second read: Adapter PrefixPE/2 ===

Sequence: GTGACTGGAGTTCAGACGTGTGCTCTTCCGATCT; Type: regular 3'; Length: 34; Trimmed: 1567242 times

No. of allowed errors:
0-9 bp: 0; 10-19 bp: 1; 20-29 bp: 2; 30-34 bp: 3

Bases preceding removed adapters:
  A: 27.4%
  C: 25.7%
  G: 20.4%
  T: 26.5%
  none/other: 0.0%

Overview of removed sequences
length	count	expect	max.err	error counts
3	1281323	1034081.1	0	1281323
4	231608	258520.3	0	231608
5	36053	64630.1	0	36053
6	10029	16157.5	0	10029
7	2672	4039.4	0	2672
8	613	1009.8	0	613
9	1968	252.5	0	164 1804
10	1917	63.1	1	64 1853
11	782	15.8	1	13 769
12	168	3.9	1	0 168
13	54	1.0	1	1 53
14	15	0.2	1	0 15
15	6	0.1	1	0 6
19	1	0.0	1	0 1
20	1	0.0	2	1
22	1	0.0	2	0 1
23	1	0.0	2	0 1
24	1	0.0	2	1
26	2	0.0	2	0 1 1
27	1	0.0	2	0 1
28	2	0.0	2	2
36	1	0.0	3	0 0 1
37	1	0.0	3	0 0 0 1
46	1	0.0	3	0 0 0 1
47	1	0.0	3	0 0 1
49	1	0.0	3	0 0 1
53	1	0.0	3	1
76	1	0.0	3	0 0 0 1
86	1	0.0	3	0 0 0 1
88	2	0.0	3	0 0 1 1
90	4	0.0	3	0 0 0 4
93	4	0.0	3	0 0 2 2
101	6	0.0	3	0 0 0 6
