This is cutadapt 2.9 with Python 3.6.6
Command line parameters: --interleaved -a file:/nas02/apps/trimmomatic-0.36/Trimmomatic-0.36/adapters/TruSeq3-PE.fa -A file:/nas02/apps/trimmomatic-0.36/Trimmomatic-0.36/adapters/TruSeq3-PE.fa -m 30 /nas/longleaf/home/zpopkinh/Pvivax_resources/wgs_pe_improved_global/fastq/SRS693925/SRR1564630_1.fastq.gz /nas/longleaf/home/zpopkinh/Pvivax_resources/wgs_pe_improved_global/fastq/SRS693925/SRR1564630_2.fastq.gz
Processing reads on 1 core in paired-end mode ...
Finished in 2303.75 s (68 us/read; 0.88 M reads/minute).

=== Summary ===

Total read pairs processed:         33,848,932
  Read 1 with adapter:               1,122,652 (3.3%)
  Read 2 with adapter:               1,308,348 (3.9%)
Pairs written (passing filters):    33,848,932 (100.0%)

Total basepairs processed: 6,837,484,264 bp
  Read 1: 3,418,742,132 bp
  Read 2: 3,418,742,132 bp
Total written (filtered):  6,829,366,536 bp (99.9%)
  Read 1: 3,414,960,083 bp
  Read 2: 3,414,406,453 bp

=== First read: Adapter PrefixPE/1 ===

Sequence: TACACTCTTTCCCTACACGACGCTCTTCCGATCT; Type: regular 3'; Length: 34; Trimmed: 517390 times

No. of allowed errors:
0-9 bp: 0; 10-19 bp: 1; 20-29 bp: 2; 30-34 bp: 3

Bases preceding removed adapters:
  A: 23.6%
  C: 24.5%
  G: 27.2%
  T: 24.6%
  none/other: 0.0%

Overview of removed sequences
length	count	expect	max.err	error counts
3	350349	528889.6	0	350349
4	122109	132222.4	0	122109
5	33324	33055.6	0	33324
6	6170	8263.9	0	6170
7	1547	2066.0	0	1547
8	356	516.5	0	356
9	1326	129.1	0	128 1198
10	1464	32.3	1	46 1418
11	579	8.1	1	5 574
12	123	2.0	1	4 119
13	30	0.5	1	1 29
14	10	0.1	1	0 10
15	2	0.0	1	0 2
16	1	0.0	1	0 1


=== First read: Adapter PrefixPE/2 ===

Sequence: GTGACTGGAGTTCAGACGTGTGCTCTTCCGATCT; Type: regular 3'; Length: 34; Trimmed: 605262 times

No. of allowed errors:
0-9 bp: 0; 10-19 bp: 1; 20-29 bp: 2; 30-34 bp: 3

Bases preceding removed adapters:
  A: 22.3%
  C: 20.8%
  G: 27.8%
  T: 29.0%
  none/other: 0.0%

Overview of removed sequences
length	count	expect	max.err	error counts
3	472260	528889.6	0	472260
4	106796	132222.4	0	106796
5	18980	33055.6	0	18980
6	4208	8263.9	0	4208
7	1082	2066.0	0	1082
8	165	516.5	0	165
9	828	129.1	0	40 788
10	639	32.3	1	14 625
11	254	8.1	1	4 250
12	38	2.0	1	0 38
13	12	0.5	1	0 12


=== Second read: Adapter PrefixPE/1 ===

Sequence: TACACTCTTTCCCTACACGACGCTCTTCCGATCT; Type: regular 3'; Length: 34; Trimmed: 504489 times

No. of allowed errors:
0-9 bp: 0; 10-19 bp: 1; 20-29 bp: 2; 30-34 bp: 3

Bases preceding removed adapters:
  A: 24.0%
  C: 24.0%
  G: 27.2%
  T: 24.9%
  none/other: 0.0%

Overview of removed sequences
length	count	expect	max.err	error counts
3	341928	528889.6	0	341928
4	119281	132222.4	0	119281
5	32187	33055.6	0	32187
6	5950	8263.9	0	5950
7	1436	2066.0	0	1436
8	309	516.5	0	309
9	1304	129.1	0	125 1179
10	1364	32.3	1	44 1320
11	532	8.1	1	7 525
12	144	2.0	1	2 142
13	41	0.5	1	0 41
14	11	0.1	1	0 11
50	1	0.0	3	0 1
59	1	0.0	3	0 0 1


=== Second read: Adapter PrefixPE/2 ===

Sequence: GTGACTGGAGTTCAGACGTGTGCTCTTCCGATCT; Type: regular 3'; Length: 34; Trimmed: 803859 times

No. of allowed errors:
0-9 bp: 0; 10-19 bp: 1; 20-29 bp: 2; 30-34 bp: 3

Bases preceding removed adapters:
  A: 20.8%
  C: 35.0%
  G: 21.9%
  T: 22.3%
  none/other: 0.0%

Overview of removed sequences
length	count	expect	max.err	error counts
3	665188	528889.6	0	665188
4	113478	132222.4	0	113478
5	18413	33055.6	0	18413
6	3968	8263.9	0	3968
7	974	2066.0	0	974
8	177	516.5	0	177
9	757	129.1	0	27 730
10	625	32.3	1	12 613
11	211	8.1	1	3 208
12	54	2.0	1	1 53
13	11	0.5	1	0 11
18	1	0.0	1	0 1
35	1	0.0	3	0 0 0 1
49	1	0.0	3	0 0 0 1
