This is cutadapt 2.9 with Python 3.6.6
Command line parameters: --interleaved -a file:/nas02/apps/trimmomatic-0.36/Trimmomatic-0.36/adapters/TruSeq3-PE.fa -A file:/nas02/apps/trimmomatic-0.36/Trimmomatic-0.36/adapters/TruSeq3-PE.fa -m 30 /nas/longleaf/home/zpopkinh/Pvivax_resources/wgs_pe_improved_global/fastq/SRS693925/SRR1568004_1.fastq.gz /nas/longleaf/home/zpopkinh/Pvivax_resources/wgs_pe_improved_global/fastq/SRS693925/SRR1568004_2.fastq.gz
Processing reads on 1 core in paired-end mode ...
Finished in 0.29 s (52 us/read; 1.16 M reads/minute).

=== Summary ===

Total read pairs processed:              5,708
  Read 1 with adapter:                     198 (3.5%)
  Read 2 with adapter:                     205 (3.6%)
Pairs written (passing filters):         5,708 (100.0%)

Total basepairs processed:     1,153,016 bp
  Read 1:       576,508 bp
  Read 2:       576,508 bp
Total written (filtered):      1,151,678 bp (99.9%)
  Read 1:       575,848 bp
  Read 2:       575,830 bp

=== First read: Adapter PrefixPE/1 ===

Sequence: TACACTCTTTCCCTACACGACGCTCTTCCGATCT; Type: regular 3'; Length: 34; Trimmed: 84 times

No. of allowed errors:
0-9 bp: 0; 10-19 bp: 1; 20-29 bp: 2; 30-34 bp: 3

Bases preceding removed adapters:
  A: 22.6%
  C: 28.6%
  G: 34.5%
  T: 14.3%
  none/other: 0.0%

Overview of removed sequences
length	count	expect	max.err	error counts
3	61	89.2	0	61
4	18	22.3	0	18
5	1	5.6	0	1
6	3	1.4	0	3
10	1	0.0	1	0 1


=== First read: Adapter PrefixPE/2 ===

Sequence: GTGACTGGAGTTCAGACGTGTGCTCTTCCGATCT; Type: regular 3'; Length: 34; Trimmed: 114 times

No. of allowed errors:
0-9 bp: 0; 10-19 bp: 1; 20-29 bp: 2; 30-34 bp: 3

Bases preceding removed adapters:
  A: 20.2%
  C: 25.4%
  G: 22.8%
  T: 31.6%
  none/other: 0.0%

Overview of removed sequences
length	count	expect	max.err	error counts
3	92	89.2	0	92
4	17	22.3	0	17
5	3	5.6	0	3
6	1	1.4	0	1
7	1	0.3	0	1


=== Second read: Adapter PrefixPE/1 ===

Sequence: TACACTCTTTCCCTACACGACGCTCTTCCGATCT; Type: regular 3'; Length: 34; Trimmed: 86 times

No. of allowed errors:
0-9 bp: 0; 10-19 bp: 1; 20-29 bp: 2; 30-34 bp: 3

Bases preceding removed adapters:
  A: 23.3%
  C: 23.3%
  G: 27.9%
  T: 25.6%
  none/other: 0.0%

Overview of removed sequences
length	count	expect	max.err	error counts
3	54	89.2	0	54
4	26	22.3	0	26
5	5	5.6	0	5
10	1	0.0	1	0 1


=== Second read: Adapter PrefixPE/2 ===

Sequence: GTGACTGGAGTTCAGACGTGTGCTCTTCCGATCT; Type: regular 3'; Length: 34; Trimmed: 119 times

No. of allowed errors:
0-9 bp: 0; 10-19 bp: 1; 20-29 bp: 2; 30-34 bp: 3

Bases preceding removed adapters:
  A: 20.2%
  C: 33.6%
  G: 20.2%
  T: 26.1%
  none/other: 0.0%

Overview of removed sequences
length	count	expect	max.err	error counts
3	101	89.2	0	101
4	16	22.3	0	16
5	2	5.6	0	2
