This is cutadapt 2.9 with Python 3.6.6
Command line parameters: --interleaved -a file:/nas02/apps/trimmomatic-0.36/Trimmomatic-0.36/adapters/TruSeq3-PE.fa -A file:/nas02/apps/trimmomatic-0.36/Trimmomatic-0.36/adapters/TruSeq3-PE.fa -m 30 /nas/longleaf/home/zpopkinh/Pvivax_resources/wgs_pe_improved_global/fastq/ERS055881/ERR111713_1.fastq.gz /nas/longleaf/home/zpopkinh/Pvivax_resources/wgs_pe_improved_global/fastq/ERS055881/ERR111713_2.fastq.gz
Processing reads on 1 core in paired-end mode ...
Finished in 1300.50 s (104 us/read; 0.58 M reads/minute).

=== Summary ===

Total read pairs processed:         12,550,161
  Read 1 with adapter:                 466,691 (3.7%)
  Read 2 with adapter:                 460,421 (3.7%)
Pairs written (passing filters):    12,550,150 (100.0%)

Total basepairs processed: 2,510,032,200 bp
  Read 1: 1,255,016,100 bp
  Read 2: 1,255,016,100 bp
Total written (filtered):  2,506,903,609 bp (99.9%)
  Read 1: 1,253,440,620 bp
  Read 2: 1,253,462,989 bp

=== First read: Adapter PrefixPE/1 ===

Sequence: TACACTCTTTCCCTACACGACGCTCTTCCGATCT; Type: regular 3'; Length: 34; Trimmed: 247461 times

No. of allowed errors:
0-9 bp: 0; 10-19 bp: 1; 20-29 bp: 2; 30-34 bp: 3

Bases preceding removed adapters:
  A: 28.9%
  C: 18.8%
  G: 22.7%
  T: 29.6%
  none/other: 0.0%

Overview of removed sequences
length	count	expect	max.err	error counts
3	165892	196096.3	0	165892
4	62851	49024.1	0	62851
5	13380	12256.0	0	13380
6	2770	3064.0	0	2770
7	611	766.0	0	611
8	139	191.5	0	139
9	742	47.9	0	60 682
10	732	12.0	1	15 717
11	264	3.0	1	4 260
12	54	0.7	1	0 54
13	13	0.2	1	0 13
14	2	0.0	1	0 2
100	11	0.0	3	0 0 0 11


=== First read: Adapter PrefixPE/2 ===

Sequence: GTGACTGGAGTTCAGACGTGTGCTCTTCCGATCT; Type: regular 3'; Length: 34; Trimmed: 219230 times

No. of allowed errors:
0-9 bp: 0; 10-19 bp: 1; 20-29 bp: 2; 30-34 bp: 3

Bases preceding removed adapters:
  A: 23.6%
  C: 18.2%
  G: 26.2%
  T: 31.9%
  none/other: 0.0%

Overview of removed sequences
length	count	expect	max.err	error counts
3	171263	196096.3	0	171263
4	39513	49024.1	0	39513
5	6253	12256.0	0	6253
6	1308	3064.0	0	1308
7	328	766.0	0	328
8	58	191.5	0	58
9	231	47.9	0	10 221
10	204	12.0	1	4 200
11	58	3.0	1	0 58
12	9	0.7	1	0 9
13	5	0.2	1	0 5


=== Second read: Adapter PrefixPE/1 ===

Sequence: TACACTCTTTCCCTACACGACGCTCTTCCGATCT; Type: regular 3'; Length: 34; Trimmed: 243723 times

No. of allowed errors:
0-9 bp: 0; 10-19 bp: 1; 20-29 bp: 2; 30-34 bp: 3

Bases preceding removed adapters:
  A: 29.0%
  C: 18.9%
  G: 22.8%
  T: 29.3%
  none/other: 0.0%

Overview of removed sequences
length	count	expect	max.err	error counts
3	163304	196096.3	0	163304
4	62143	49024.1	0	62143
5	13144	12256.0	0	13144
6	2725	3064.0	0	2725
7	528	766.0	0	528
8	116	191.5	0	116
9	702	47.9	0	52 650
10	718	12.0	1	13 705
11	284	3.0	1	1 283
12	47	0.7	1	0 47
13	10	0.2	1	0 10
14	2	0.0	1	0 2


=== Second read: Adapter PrefixPE/2 ===

Sequence: GTGACTGGAGTTCAGACGTGTGCTCTTCCGATCT; Type: regular 3'; Length: 34; Trimmed: 216698 times

No. of allowed errors:
0-9 bp: 0; 10-19 bp: 1; 20-29 bp: 2; 30-34 bp: 3

Bases preceding removed adapters:
  A: 23.7%
  C: 18.4%
  G: 26.4%
  T: 31.5%
  none/other: 0.0%

Overview of removed sequences
length	count	expect	max.err	error counts
3	169645	196096.3	0	169645
4	39002	49024.1	0	39002
5	5944	12256.0	0	5944
6	1267	3064.0	0	1267
7	316	766.0	0	316
8	61	191.5	0	61
9	206	47.9	0	10 196
10	179	12.0	1	3 176
11	63	3.0	1	0 63
12	9	0.7	1	0 9
13	5	0.2	1	0 5
14	1	0.0	1	0 1
