This is cutadapt 2.9 with Python 3.6.6
Command line parameters: --interleaved -a file:/nas02/apps/trimmomatic-0.36/Trimmomatic-0.36/adapters/TruSeq3-PE.fa -A file:/nas02/apps/trimmomatic-0.36/Trimmomatic-0.36/adapters/TruSeq3-PE.fa -m 30 /nas/longleaf/home/zpopkinh/Pvivax_resources/wgs_pe_improved_global/fastq/ERS2593857/ERR2678998_1.fastq.gz /nas/longleaf/home/zpopkinh/Pvivax_resources/wgs_pe_improved_global/fastq/ERS2593857/ERR2678998_2.fastq.gz
Processing reads on 1 core in paired-end mode ...
Finished in 835.86 s (122 us/read; 0.49 M reads/minute).

=== Summary ===

Total read pairs processed:          6,865,208
  Read 1 with adapter:                 245,433 (3.6%)
  Read 2 with adapter:                 232,691 (3.4%)
Pairs written (passing filters):     6,865,207 (100.0%)

Total basepairs processed: 2,073,292,816 bp
  Read 1: 1,036,646,408 bp
  Read 2: 1,036,646,408 bp
Total written (filtered):  2,071,681,576 bp (99.9%)
  Read 1: 1,035,818,174 bp
  Read 2: 1,035,863,402 bp

=== First read: Adapter PrefixPE/1 ===

Sequence: TACACTCTTTCCCTACACGACGCTCTTCCGATCT; Type: regular 3'; Length: 34; Trimmed: 124635 times

No. of allowed errors:
0-9 bp: 0; 10-19 bp: 1; 20-29 bp: 2; 30-34 bp: 3

Bases preceding removed adapters:
  A: 28.4%
  C: 19.4%
  G: 23.4%
  T: 28.8%
  none/other: 0.0%

Overview of removed sequences
length	count	expect	max.err	error counts
3	82254	107268.9	0	82254
4	32647	26817.2	0	32647
5	6863	6704.3	0	6863
6	1468	1676.1	0	1468
7	289	419.0	0	289
8	64	104.8	0	64
9	399	26.2	0	27 372
10	459	6.5	1	6 453
11	145	1.6	1	0 145
12	34	0.4	1	0 34
13	7	0.1	1	1 6
14	2	0.0	1	0 2
15	1	0.0	1	0 1
78	1	0.0	3	1
79	1	0.0	3	1
151	1	0.0	3	0 0 0 1


=== First read: Adapter PrefixPE/2 ===

Sequence: GTGACTGGAGTTCAGACGTGTGCTCTTCCGATCT; Type: regular 3'; Length: 34; Trimmed: 120798 times

No. of allowed errors:
0-9 bp: 0; 10-19 bp: 1; 20-29 bp: 2; 30-34 bp: 3

Bases preceding removed adapters:
  A: 22.9%
  C: 19.4%
  G: 27.3%
  T: 30.4%
  none/other: 0.0%

Overview of removed sequences
length	count	expect	max.err	error counts
3	95584	107268.9	0	95584
4	20642	26817.2	0	20642
5	3396	6704.3	0	3396
6	696	1676.1	0	696
7	186	419.0	0	186
8	31	104.8	0	31
9	123	26.2	0	5 118
10	92	6.5	1	0 92
11	36	1.6	1	0 36
12	5	0.4	1	0 5
13	7	0.1	1	0 7


=== Second read: Adapter PrefixPE/1 ===

Sequence: TACACTCTTTCCCTACACGACGCTCTTCCGATCT; Type: regular 3'; Length: 34; Trimmed: 111448 times

No. of allowed errors:
0-9 bp: 0; 10-19 bp: 1; 20-29 bp: 2; 30-34 bp: 3

Bases preceding removed adapters:
  A: 28.0%
  C: 20.6%
  G: 23.4%
  T: 28.1%
  none/other: 0.0%

Overview of removed sequences
length	count	expect	max.err	error counts
3	72609	107268.9	0	72609
4	29751	26817.2	0	29751
5	6368	6704.3	0	6368
6	1337	1676.1	0	1337
7	303	419.0	0	303
8	69	104.8	0	69
9	385	26.2	0	29 356
10	438	6.5	1	9 429
11	140	1.6	1	1 139
12	37	0.4	1	0 37
13	10	0.1	1	1 9
14	1	0.0	1	0 1


=== Second read: Adapter PrefixPE/2 ===

Sequence: GTGACTGGAGTTCAGACGTGTGCTCTTCCGATCT; Type: regular 3'; Length: 34; Trimmed: 121243 times

No. of allowed errors:
0-9 bp: 0; 10-19 bp: 1; 20-29 bp: 2; 30-34 bp: 3

Bases preceding removed adapters:
  A: 22.2%
  C: 20.6%
  G: 28.1%
  T: 29.2%
  none/other: 0.0%

Overview of removed sequences
length	count	expect	max.err	error counts
3	98527	107268.9	0	98527
4	18240	26817.2	0	18240
5	3249	6704.3	0	3249
6	716	1676.1	0	716
7	176	419.0	0	176
8	37	104.8	0	37
9	132	26.2	0	7 125
10	121	6.5	1	2 119
11	34	1.6	1	1 33
12	9	0.4	1	0 9
13	2	0.1	1	0 2
