This is cutadapt 2.9 with Python 3.6.6
Command line parameters: --interleaved -a file:/nas02/apps/trimmomatic-0.36/Trimmomatic-0.36/adapters/TruSeq3-PE.fa -A file:/nas02/apps/trimmomatic-0.36/Trimmomatic-0.36/adapters/TruSeq3-PE.fa -m 30 /nas/longleaf/home/zpopkinh/Pvivax_resources/wgs_pe_improved_global/fastq/ERR5740729/ERR5740729_1.fastq.gz /nas/longleaf/home/zpopkinh/Pvivax_resources/wgs_pe_improved_global/fastq/ERR5740729/ERR5740729_2.fastq.gz
Processing reads on 1 core in paired-end mode ...
Finished in 454.18 s (131 us/read; 0.46 M reads/minute).

=== Summary ===

Total read pairs processed:          3,456,195
  Read 1 with adapter:                 125,593 (3.6%)
  Read 2 with adapter:                 122,426 (3.5%)
Pairs written (passing filters):     3,456,192 (100.0%)

Total basepairs processed: 1,043,770,890 bp
  Read 1:   521,885,445 bp
  Read 2:   521,885,445 bp
Total written (filtered):  1,042,927,593 bp (99.9%)
  Read 1:   521,458,231 bp
  Read 2:   521,469,362 bp

=== First read: Adapter PrefixPE/1 ===

Sequence: TACACTCTTTCCCTACACGACGCTCTTCCGATCT; Type: regular 3'; Length: 34; Trimmed: 59219 times

No. of allowed errors:
0-9 bp: 0; 10-19 bp: 1; 20-29 bp: 2; 30-34 bp: 3

Bases preceding removed adapters:
  A: 29.1%
  C: 22.2%
  G: 19.7%
  T: 29.0%
  none/other: 0.0%

Overview of removed sequences
length	count	expect	max.err	error counts
3	39220	54003.0	0	39220
4	15571	13500.8	0	15571
5	3007	3375.2	0	3007
6	697	843.8	0	697
7	148	210.9	0	148
8	48	52.7	0	48
9	179	13.2	0	18 161
10	242	3.3	1	5 237
11	81	0.8	1	0 81
12	16	0.2	1	0 16
13	7	0.1	1	2 5
15	1	0.0	1	0 1
95	1	0.0	3	0 1
151	1	0.0	3	0 0 0 1


=== First read: Adapter PrefixPE/2 ===

Sequence: GTGACTGGAGTTCAGACGTGTGCTCTTCCGATCT; Type: regular 3'; Length: 34; Trimmed: 66374 times

No. of allowed errors:
0-9 bp: 0; 10-19 bp: 1; 20-29 bp: 2; 30-34 bp: 3

Bases preceding removed adapters:
  A: 28.4%
  C: 10.7%
  G: 25.7%
  T: 35.3%
  none/other: 0.0%

Overview of removed sequences
length	count	expect	max.err	error counts
3	50326	54003.0	0	50326
4	12732	13500.8	0	12732
5	2154	3375.2	0	2154
6	679	843.8	0	679
7	197	210.9	0	197
8	52	52.7	0	52
9	96	13.2	0	12 84
10	85	3.3	1	3 82
11	32	0.8	1	0 32
12	17	0.2	1	1 16
13	3	0.1	1	0 3
14	1	0.0	1	0 1


=== Second read: Adapter PrefixPE/1 ===

Sequence: TACACTCTTTCCCTACACGACGCTCTTCCGATCT; Type: regular 3'; Length: 34; Trimmed: 58042 times

No. of allowed errors:
0-9 bp: 0; 10-19 bp: 1; 20-29 bp: 2; 30-34 bp: 3

Bases preceding removed adapters:
  A: 28.6%
  C: 23.8%
  G: 19.5%
  T: 28.0%
  none/other: 0.0%

Overview of removed sequences
length	count	expect	max.err	error counts
3	38693	54003.0	0	38693
4	14758	13500.8	0	14758
5	3077	3375.2	0	3077
6	734	843.8	0	734
7	182	210.9	0	182
8	45	52.7	0	45
9	194	13.2	0	23 171
10	253	3.3	1	5 248
11	73	0.8	1	1 72
12	22	0.2	1	0 22
13	8	0.1	1	0 8
14	2	0.0	1	0 2
15	1	0.0	1	0 1


=== Second read: Adapter PrefixPE/2 ===

Sequence: GTGACTGGAGTTCAGACGTGTGCTCTTCCGATCT; Type: regular 3'; Length: 34; Trimmed: 64384 times

No. of allowed errors:
0-9 bp: 0; 10-19 bp: 1; 20-29 bp: 2; 30-34 bp: 3

Bases preceding removed adapters:
  A: 27.2%
  C: 13.1%
  G: 25.7%
  T: 34.1%
  none/other: 0.0%

Overview of removed sequences
length	count	expect	max.err	error counts
3	49483	54003.0	0	49483
4	11643	13500.8	0	11643
5	2182	3375.2	0	2182
6	607	843.8	0	607
7	162	210.9	0	162
8	41	52.7	0	41
9	117	13.2	0	10 107
10	104	3.3	1	2 102
11	36	0.8	1	1 35
12	6	0.2	1	0 6
13	1	0.1	1	0 1
143	2	0.0	3	0 0 1 1
