This is cutadapt 2.9 with Python 3.6.6
Command line parameters: --interleaved -a file:/nas02/apps/trimmomatic-0.36/Trimmomatic-0.36/adapters/TruSeq3-PE.fa -A file:/nas02/apps/trimmomatic-0.36/Trimmomatic-0.36/adapters/TruSeq3-PE.fa -m 30 /nas/longleaf/home/zpopkinh/Pvivax_resources/wgs_pe_improved_global/fastq/SRS2909999/SRR6668558_1.fastq.gz /nas/longleaf/home/zpopkinh/Pvivax_resources/wgs_pe_improved_global/fastq/SRS2909999/SRR6668558_2.fastq.gz
Processing reads on 1 core in paired-end mode ...
Finished in 239.06 s (75 us/read; 0.80 M reads/minute).

=== Summary ===

Total read pairs processed:          3,193,169
  Read 1 with adapter:                 132,884 (4.2%)
  Read 2 with adapter:                 154,862 (4.8%)
Pairs written (passing filters):     3,193,169 (100.0%)

Total basepairs processed:   638,633,800 bp
  Read 1:   319,316,900 bp
  Read 2:   319,316,900 bp
Total written (filtered):    637,626,175 bp (99.8%)
  Read 1:   318,845,931 bp
  Read 2:   318,780,244 bp

=== First read: Adapter PrefixPE/1 ===

Sequence: TACACTCTTTCCCTACACGACGCTCTTCCGATCT; Type: regular 3'; Length: 34; Trimmed: 80603 times

No. of allowed errors:
0-9 bp: 0; 10-19 bp: 1; 20-29 bp: 2; 30-34 bp: 3

Bases preceding removed adapters:
  A: 59.8%
  C: 13.0%
  G: 14.0%
  T: 13.2%
  none/other: 0.0%

Overview of removed sequences
length	count	expect	max.err	error counts
3	41943	49893.3	0	41943
4	22315	12473.3	0	22315
5	15353	3118.3	0	15353
6	513	779.6	0	513
7	120	194.9	0	120
8	28	48.7	0	28
9	138	12.2	0	12 126
10	122	3.0	1	4 118
11	62	0.8	1	0 62
12	7	0.2	1	0 7
13	1	0.0	1	0 1
14	1	0.0	1	0 1


=== First read: Adapter PrefixPE/2 ===

Sequence: GTGACTGGAGTTCAGACGTGTGCTCTTCCGATCT; Type: regular 3'; Length: 34; Trimmed: 52281 times

No. of allowed errors:
0-9 bp: 0; 10-19 bp: 1; 20-29 bp: 2; 30-34 bp: 3

Bases preceding removed adapters:
  A: 23.0%
  C: 19.5%
  G: 28.7%
  T: 28.8%
  none/other: 0.0%

Overview of removed sequences
length	count	expect	max.err	error counts
3	40877	49893.3	0	40877
4	9235	12473.3	0	9235
5	1516	3118.3	0	1516
6	387	779.6	0	387
7	121	194.9	0	121
8	10	48.7	0	10
9	63	12.2	0	0 63
10	49	3.0	1	1 48
11	16	0.8	1	0 16
12	6	0.2	1	0 6
13	1	0.0	1	0 1


=== Second read: Adapter PrefixPE/1 ===

Sequence: TACACTCTTTCCCTACACGACGCTCTTCCGATCT; Type: regular 3'; Length: 34; Trimmed: 80438 times

No. of allowed errors:
0-9 bp: 0; 10-19 bp: 1; 20-29 bp: 2; 30-34 bp: 3

Bases preceding removed adapters:
  A: 59.8%
  C: 12.8%
  G: 14.0%
  T: 13.3%
  none/other: 0.0%

Overview of removed sequences
length	count	expect	max.err	error counts
3	41957	49893.3	0	41957
4	22272	12473.3	0	22272
5	15230	3118.3	0	15230
6	525	779.6	0	525
7	121	194.9	0	121
8	36	48.7	0	36
9	120	12.2	0	10 110
10	119	3.0	1	4 115
11	44	0.8	1	0 44
12	11	0.2	1	0 11
13	3	0.0	1	0 3


=== Second read: Adapter PrefixPE/2 ===

Sequence: GTGACTGGAGTTCAGACGTGTGCTCTTCCGATCT; Type: regular 3'; Length: 34; Trimmed: 74424 times

No. of allowed errors:
0-9 bp: 0; 10-19 bp: 1; 20-29 bp: 2; 30-34 bp: 3

Bases preceding removed adapters:
  A: 15.9%
  C: 13.8%
  G: 50.0%
  T: 20.4%
  none/other: 0.0%

Overview of removed sequences
length	count	expect	max.err	error counts
3	62768	49893.3	0	62768
4	9495	12473.3	0	9495
5	1549	3118.3	0	1549
6	362	779.6	0	362
7	106	194.9	0	106
8	10	48.7	0	10
9	63	12.2	0	2 61
10	46	3.0	1	3 43
11	17	0.8	1	1 16
12	4	0.2	1	0 4
13	4	0.0	1	0 4
