This is cutadapt 2.9 with Python 3.6.6
Command line parameters: --interleaved -a file:/nas02/apps/trimmomatic-0.36/Trimmomatic-0.36/adapters/TruSeq3-PE.fa -A file:/nas02/apps/trimmomatic-0.36/Trimmomatic-0.36/adapters/TruSeq3-PE.fa -m 30 /nas/longleaf/home/zpopkinh/Pvivax_resources/wgs_pe_improved_global/fastq/SRS693584/SRR1565098_1.fastq.gz /nas/longleaf/home/zpopkinh/Pvivax_resources/wgs_pe_improved_global/fastq/SRS693584/SRR1565098_2.fastq.gz
Processing reads on 1 core in paired-end mode ...
Finished in 1.80 s (50 us/read; 1.20 M reads/minute).

=== Summary ===

Total read pairs processed:             35,983
  Read 1 with adapter:                   1,169 (3.2%)
  Read 2 with adapter:                   1,318 (3.7%)
Pairs written (passing filters):        35,983 (100.0%)

Total basepairs processed:     7,268,566 bp
  Read 1:     3,634,283 bp
  Read 2:     3,634,283 bp
Total written (filtered):      7,260,197 bp (99.9%)
  Read 1:     3,630,332 bp
  Read 2:     3,629,865 bp

=== First read: Adapter PrefixPE/1 ===

Sequence: TACACTCTTTCCCTACACGACGCTCTTCCGATCT; Type: regular 3'; Length: 34; Trimmed: 587 times

No. of allowed errors:
0-9 bp: 0; 10-19 bp: 1; 20-29 bp: 2; 30-34 bp: 3

Bases preceding removed adapters:
  A: 31.9%
  C: 20.6%
  G: 22.3%
  T: 25.2%
  none/other: 0.0%

Overview of removed sequences
length	count	expect	max.err	error counts
3	386	562.2	0	386
4	159	140.6	0	159
5	25	35.1	0	25
6	8	8.8	0	8
7	2	2.2	0	2
8	1	0.5	0	1
9	2	0.1	0	0 2
10	4	0.0	1	0 4


=== First read: Adapter PrefixPE/2 ===

Sequence: GTGACTGGAGTTCAGACGTGTGCTCTTCCGATCT; Type: regular 3'; Length: 34; Trimmed: 582 times

No. of allowed errors:
0-9 bp: 0; 10-19 bp: 1; 20-29 bp: 2; 30-34 bp: 3

Bases preceding removed adapters:
  A: 25.4%
  C: 16.3%
  G: 26.6%
  T: 31.6%
  none/other: 0.0%

Overview of removed sequences
length	count	expect	max.err	error counts
3	448	562.2	0	448
4	114	140.6	0	114
5	16	35.1	0	16
6	4	8.8	0	4


=== Second read: Adapter PrefixPE/1 ===

Sequence: TACACTCTTTCCCTACACGACGCTCTTCCGATCT; Type: regular 3'; Length: 34; Trimmed: 583 times

No. of allowed errors:
0-9 bp: 0; 10-19 bp: 1; 20-29 bp: 2; 30-34 bp: 3

Bases preceding removed adapters:
  A: 28.1%
  C: 22.6%
  G: 24.9%
  T: 24.4%
  none/other: 0.0%

Overview of removed sequences
length	count	expect	max.err	error counts
3	388	562.2	0	388
4	141	140.6	0	141
5	36	35.1	0	36
6	6	8.8	0	6
7	2	2.2	0	2
9	2	0.1	0	0 2
10	5	0.0	1	0 5
11	2	0.0	1	0 2
12	1	0.0	1	0 1


=== Second read: Adapter PrefixPE/2 ===

Sequence: GTGACTGGAGTTCAGACGTGTGCTCTTCCGATCT; Type: regular 3'; Length: 34; Trimmed: 735 times

No. of allowed errors:
0-9 bp: 0; 10-19 bp: 1; 20-29 bp: 2; 30-34 bp: 3

Bases preceding removed adapters:
  A: 24.5%
  C: 27.2%
  G: 21.2%
  T: 27.1%
  none/other: 0.0%

Overview of removed sequences
length	count	expect	max.err	error counts
3	608	562.2	0	608
4	109	140.6	0	109
5	12	35.1	0	12
6	5	8.8	0	5
8	1	0.5	0	1
