This is cutadapt 2.9 with Python 3.6.6
Command line parameters: --interleaved -a file:/nas02/apps/trimmomatic-0.36/Trimmomatic-0.36/adapters/TruSeq3-PE.fa -A file:/nas02/apps/trimmomatic-0.36/Trimmomatic-0.36/adapters/TruSeq3-PE.fa -m 30 /nas/longleaf/home/zpopkinh/Pvivax_resources/wgs_pe_improved_global/fastq/ERS2593853/ERR2678994_1.fastq.gz /nas/longleaf/home/zpopkinh/Pvivax_resources/wgs_pe_improved_global/fastq/ERS2593853/ERR2678994_2.fastq.gz
Processing reads on 1 core in paired-end mode ...
Finished in 551.31 s (140 us/read; 0.43 M reads/minute).

=== Summary ===

Total read pairs processed:          3,937,909
  Read 1 with adapter:                 138,142 (3.5%)
  Read 2 with adapter:                 132,076 (3.4%)
Pairs written (passing filters):     3,937,909 (100.0%)

Total basepairs processed: 1,189,248,518 bp
  Read 1:   594,624,259 bp
  Read 2:   594,624,259 bp
Total written (filtered):  1,188,334,725 bp (99.9%)
  Read 1:   594,156,194 bp
  Read 2:   594,178,531 bp

=== First read: Adapter PrefixPE/1 ===

Sequence: TACACTCTTTCCCTACACGACGCTCTTCCGATCT; Type: regular 3'; Length: 34; Trimmed: 72959 times

No. of allowed errors:
0-9 bp: 0; 10-19 bp: 1; 20-29 bp: 2; 30-34 bp: 3

Bases preceding removed adapters:
  A: 29.9%
  C: 18.5%
  G: 22.3%
  T: 29.4%
  none/other: 0.0%

Overview of removed sequences
length	count	expect	max.err	error counts
3	47347	61529.8	0	47347
4	19992	15382.5	0	19992
5	3882	3845.6	0	3882
6	849	961.4	0	849
7	173	240.4	0	173
8	46	60.1	0	46
9	212	15.0	0	14 198
10	356	3.8	1	6 350
11	70	0.9	1	0 70
12	28	0.2	1	1 27
13	2	0.1	1	0 2
14	1	0.0	1	0 1
93	1	0.0	3	1


=== First read: Adapter PrefixPE/2 ===

Sequence: GTGACTGGAGTTCAGACGTGTGCTCTTCCGATCT; Type: regular 3'; Length: 34; Trimmed: 65183 times

No. of allowed errors:
0-9 bp: 0; 10-19 bp: 1; 20-29 bp: 2; 30-34 bp: 3

Bases preceding removed adapters:
  A: 24.2%
  C: 17.6%
  G: 25.9%
  T: 32.3%
  none/other: 0.0%

Overview of removed sequences
length	count	expect	max.err	error counts
3	51364	61529.8	0	51364
4	11364	15382.5	0	11364
5	1740	3845.6	0	1740
6	434	961.4	0	434
7	113	240.4	0	113
8	16	60.1	0	16
9	68	15.0	0	9 59
10	54	3.8	1	0 54
11	22	0.9	1	2 20
12	4	0.2	1	0 4
13	3	0.1	1	0 3
14	1	0.0	1	0 1


=== Second read: Adapter PrefixPE/1 ===

Sequence: TACACTCTTTCCCTACACGACGCTCTTCCGATCT; Type: regular 3'; Length: 34; Trimmed: 65179 times

No. of allowed errors:
0-9 bp: 0; 10-19 bp: 1; 20-29 bp: 2; 30-34 bp: 3

Bases preceding removed adapters:
  A: 29.1%
  C: 20.3%
  G: 22.1%
  T: 28.4%
  none/other: 0.0%

Overview of removed sequences
length	count	expect	max.err	error counts
3	42001	61529.8	0	42001
4	18011	15382.5	0	18011
5	3524	3845.6	0	3524
6	754	961.4	0	754
7	181	240.4	0	181
8	33	60.1	0	33
9	257	15.0	0	25 232
10	302	3.8	1	3 299
11	80	0.9	1	1 79
12	23	0.2	1	1 22
13	10	0.1	1	0 10
14	2	0.0	1	0 2
16	1	0.0	1	0 1


=== Second read: Adapter PrefixPE/2 ===

Sequence: GTGACTGGAGTTCAGACGTGTGCTCTTCCGATCT; Type: regular 3'; Length: 34; Trimmed: 66897 times

No. of allowed errors:
0-9 bp: 0; 10-19 bp: 1; 20-29 bp: 2; 30-34 bp: 3

Bases preceding removed adapters:
  A: 23.2%
  C: 19.3%
  G: 27.3%
  T: 30.1%
  none/other: 0.0%

Overview of removed sequences
length	count	expect	max.err	error counts
3	54210	61529.8	0	54210
4	10206	15382.5	0	10206
5	1820	3845.6	0	1820
6	356	961.4	0	356
7	88	240.4	0	88
8	30	60.1	0	30
9	99	15.0	0	6 93
10	66	3.8	1	2 64
11	20	0.9	1	0 20
13	2	0.1	1	0 2
