This is cutadapt 2.9 with Python 3.6.6
Command line parameters: --interleaved -a file:/nas02/apps/trimmomatic-0.36/Trimmomatic-0.36/adapters/TruSeq3-PE.fa -A file:/nas02/apps/trimmomatic-0.36/Trimmomatic-0.36/adapters/TruSeq3-PE.fa -m 30 /nas/longleaf/home/zpopkinh/Pvivax_resources/wgs_pe_improved_global/fastq/SRS2745933/SRR6361421_1.fastq.gz /nas/longleaf/home/zpopkinh/Pvivax_resources/wgs_pe_improved_global/fastq/SRS2745933/SRR6361421_2.fastq.gz
Processing reads on 1 core in paired-end mode ...
Finished in 3292.79 s (79 us/read; 0.76 M reads/minute).

=== Summary ===

Total read pairs processed:         41,849,539
  Read 1 with adapter:               1,354,780 (3.2%)
  Read 2 with adapter:               2,121,996 (5.1%)
Pairs written (passing filters):    41,849,538 (100.0%)

Total basepairs processed: 8,369,907,800 bp
  Read 1: 4,184,953,900 bp
  Read 2: 4,184,953,900 bp
Total written (filtered):  8,357,616,439 bp (99.9%)
  Read 1: 4,179,966,303 bp
  Read 2: 4,177,650,136 bp

=== First read: Adapter PrefixPE/1 ===

Sequence: TACACTCTTTCCCTACACGACGCTCTTCCGATCT; Type: regular 3'; Length: 34; Trimmed: 998528 times

No. of allowed errors:
0-9 bp: 0; 10-19 bp: 1; 20-29 bp: 2; 30-34 bp: 3

Bases preceding removed adapters:
  A: 77.1%
  C: 6.8%
  G: 7.0%
  T: 9.0%
  none/other: 0.0%

Overview of removed sequences
length	count	expect	max.err	error counts
3	451410	653899.0	0	451410
4	297209	163474.8	0	297209
5	244326	40868.7	0	244326
6	2759	10217.2	0	2759
7	624	2554.3	0	624
8	91	638.6	0	91
9	647	159.6	0	26 621
10	1034	39.9	1	10 1024
11	301	10.0	1	0 301
12	115	2.5	1	0 115
13	5	0.6	1	0 5
14	7	0.2	1	0 7


=== First read: Adapter PrefixPE/2 ===

Sequence: GTGACTGGAGTTCAGACGTGTGCTCTTCCGATCT; Type: regular 3'; Length: 34; Trimmed: 356252 times

No. of allowed errors:
0-9 bp: 0; 10-19 bp: 1; 20-29 bp: 2; 30-34 bp: 3

Bases preceding removed adapters:
  A: 21.4%
  C: 23.6%
  G: 30.6%
  T: 24.4%
  none/other: 0.0%

Overview of removed sequences
length	count	expect	max.err	error counts
3	273067	653899.0	0	273067
4	65348	163474.8	0	65348
5	12723	40868.7	0	12723
6	2887	10217.2	0	2887
7	1009	2554.3	0	1009
8	176	638.6	0	176
9	481	159.6	0	32 449
10	405	39.9	1	6 399
11	124	10.0	1	0 124
12	23	2.5	1	0 23
13	3	0.6	1	0 3
15	5	0.0	1	0 5
89	1	0.0	3	0 0 0 1


=== Second read: Adapter PrefixPE/1 ===

Sequence: TACACTCTTTCCCTACACGACGCTCTTCCGATCT; Type: regular 3'; Length: 34; Trimmed: 1000838 times

No. of allowed errors:
0-9 bp: 0; 10-19 bp: 1; 20-29 bp: 2; 30-34 bp: 3

Bases preceding removed adapters:
  A: 76.8%
  C: 6.8%
  G: 7.0%
  T: 9.3%
  none/other: 0.0%

Overview of removed sequences
length	count	expect	max.err	error counts
3	453667	653899.0	0	453667
4	297142	163474.8	0	297142
5	243885	40868.7	0	243885
6	2854	10217.2	0	2854
7	649	2554.3	0	649
8	200	638.6	0	200
9	869	159.6	0	38 831
10	1127	39.9	1	0 1127
11	361	10.0	1	0 361
12	67	2.5	1	0 67
13	13	0.6	1	0 13
14	2	0.2	1	0 2
15	2	0.0	1	0 2


=== Second read: Adapter PrefixPE/2 ===

Sequence: GTGACTGGAGTTCAGACGTGTGCTCTTCCGATCT; Type: regular 3'; Length: 34; Trimmed: 1121158 times

No. of allowed errors:
0-9 bp: 0; 10-19 bp: 1; 20-29 bp: 2; 30-34 bp: 3

Bases preceding removed adapters:
  A: 44.9%
  C: 9.2%
  G: 36.2%
  T: 9.7%
  none/other: 0.0%

Overview of removed sequences
length	count	expect	max.err	error counts
3	1025962	653899.0	0	1025962
4	76961	163474.8	0	76961
5	13269	40868.7	0	13269
6	2759	10217.2	0	2759
7	978	2554.3	0	978
8	95	638.6	0	95
9	521	159.6	0	13 508
10	412	39.9	1	0 412
11	153	10.0	1	3 150
12	44	2.5	1	0 44
13	3	0.6	1	0 3
16	1	0.0	1	0 1
