This is cutadapt 2.9 with Python 3.6.6
Command line parameters: --interleaved -a file:/nas02/apps/trimmomatic-0.36/Trimmomatic-0.36/adapters/TruSeq3-PE.fa -A file:/nas02/apps/trimmomatic-0.36/Trimmomatic-0.36/adapters/TruSeq3-PE.fa -m 30 /nas/longleaf/home/zpopkinh/Pvivax_resources/wgs_pe_improved_global/fastq/SRS693916/SRR1568188_1.fastq.gz /nas/longleaf/home/zpopkinh/Pvivax_resources/wgs_pe_improved_global/fastq/SRS693916/SRR1568188_2.fastq.gz
Processing reads on 1 core in paired-end mode ...
Finished in 143.54 s (73 us/read; 0.82 M reads/minute).

=== Summary ===

Total read pairs processed:          1,957,373
  Read 1 with adapter:                  66,529 (3.4%)
  Read 2 with adapter:                  68,828 (3.5%)
Pairs written (passing filters):     1,957,373 (100.0%)

Total basepairs processed:   395,389,346 bp
  Read 1:   197,694,673 bp
  Read 2:   197,694,673 bp
Total written (filtered):    394,930,426 bp (99.9%)
  Read 1:   197,467,927 bp
  Read 2:   197,462,499 bp

=== First read: Adapter PrefixPE/1 ===

Sequence: TACACTCTTTCCCTACACGACGCTCTTCCGATCT; Type: regular 3'; Length: 34; Trimmed: 32160 times

No. of allowed errors:
0-9 bp: 0; 10-19 bp: 1; 20-29 bp: 2; 30-34 bp: 3

Bases preceding removed adapters:
  A: 26.0%
  C: 32.8%
  G: 15.7%
  T: 25.5%
  none/other: 0.0%

Overview of removed sequences
length	count	expect	max.err	error counts
3	20045	30584.0	0	20045
4	8604	7646.0	0	8604
5	2710	1911.5	0	2710
6	404	477.9	0	404
7	115	119.5	0	115
8	21	29.9	0	21
9	120	7.5	0	2 118
10	77	1.9	1	1 76
11	57	0.5	1	0 57
12	4	0.1	1	0 4
13	1	0.0	1	0 1
14	2	0.0	1	0 2


=== First read: Adapter PrefixPE/2 ===

Sequence: GTGACTGGAGTTCAGACGTGTGCTCTTCCGATCT; Type: regular 3'; Length: 34; Trimmed: 34369 times

No. of allowed errors:
0-9 bp: 0; 10-19 bp: 1; 20-29 bp: 2; 30-34 bp: 3

Bases preceding removed adapters:
  A: 26.3%
  C: 16.0%
  G: 21.8%
  T: 36.0%
  none/other: 0.0%

Overview of removed sequences
length	count	expect	max.err	error counts
3	26702	30584.0	0	26702
4	6523	7646.0	0	6523
5	791	1911.5	0	791
6	189	477.9	0	189
7	58	119.5	0	58
8	27	29.9	0	27
9	33	7.5	0	1 32
10	31	1.9	1	1 30
11	14	0.5	1	0 14
12	1	0.1	1	0 1


=== Second read: Adapter PrefixPE/1 ===

Sequence: TACACTCTTTCCCTACACGACGCTCTTCCGATCT; Type: regular 3'; Length: 34; Trimmed: 31056 times

No. of allowed errors:
0-9 bp: 0; 10-19 bp: 1; 20-29 bp: 2; 30-34 bp: 3

Bases preceding removed adapters:
  A: 26.5%
  C: 30.7%
  G: 15.4%
  T: 27.4%
  none/other: 0.0%

Overview of removed sequences
length	count	expect	max.err	error counts
3	19523	30584.0	0	19523
4	8527	7646.0	0	8527
5	2201	1911.5	0	2201
6	463	477.9	0	463
7	71	119.5	0	71
8	27	29.9	0	27
9	63	7.5	0	2 61
10	121	1.9	1	1 120
11	55	0.5	1	0 55
12	2	0.1	1	0 2
13	3	0.0	1	0 3


=== Second read: Adapter PrefixPE/2 ===

Sequence: GTGACTGGAGTTCAGACGTGTGCTCTTCCGATCT; Type: regular 3'; Length: 34; Trimmed: 37772 times

No. of allowed errors:
0-9 bp: 0; 10-19 bp: 1; 20-29 bp: 2; 30-34 bp: 3

Bases preceding removed adapters:
  A: 24.5%
  C: 20.6%
  G: 20.6%
  T: 34.3%
  none/other: 0.0%

Overview of removed sequences
length	count	expect	max.err	error counts
3	30312	30584.0	0	30312
4	6316	7646.0	0	6316
5	780	1911.5	0	780
6	249	477.9	0	249
7	56	119.5	0	56
8	6	29.9	0	6
9	20	7.5	0	1 19
10	22	1.9	1	0 22
11	10	0.5	1	0 10
12	1	0.1	1	0 1
