This is cutadapt 2.9 with Python 3.6.6
Command line parameters: --interleaved -a file:/nas02/apps/trimmomatic-0.36/Trimmomatic-0.36/adapters/TruSeq3-PE.fa -A file:/nas02/apps/trimmomatic-0.36/Trimmomatic-0.36/adapters/TruSeq3-PE.fa -m 30 /nas/longleaf/home/zpopkinh/Pvivax_resources/wgs_pe_improved_global/fastq/SRS2746099/SRR6361665_1.fastq.gz /nas/longleaf/home/zpopkinh/Pvivax_resources/wgs_pe_improved_global/fastq/SRS2746099/SRR6361665_2.fastq.gz
Processing reads on 1 core in paired-end mode ...
Finished in 60.70 s (180 us/read; 0.33 M reads/minute).

=== Summary ===

Total read pairs processed:            337,019
  Read 1 with adapter:                   9,195 (2.7%)
  Read 2 with adapter:                   7,525 (2.2%)
Pairs written (passing filters):       336,688 (99.9%)

Total basepairs processed:   169,183,538 bp
  Read 1:    84,591,769 bp
  Read 2:    84,591,769 bp
Total written (filtered):    168,958,628 bp (99.9%)
  Read 1:    84,476,200 bp
  Read 2:    84,482,428 bp

=== First read: Adapter PrefixPE/1 ===

Sequence: TACACTCTTTCCCTACACGACGCTCTTCCGATCT; Type: regular 3'; Length: 34; Trimmed: 7881 times

No. of allowed errors:
0-9 bp: 0; 10-19 bp: 1; 20-29 bp: 2; 30-34 bp: 3

Bases preceding removed adapters:
  A: 56.7%
  C: 18.2%
  G: 11.2%
  T: 13.8%
  none/other: 0.0%

Overview of removed sequences
length	count	expect	max.err	error counts
3	3724	5265.9	0	3724
4	3402	1316.5	0	3402
5	391	329.1	0	391
6	122	82.3	0	122
7	19	20.6	0	19
8	2	5.1	0	2
9	6	1.3	0	0 6
10	14	0.3	1	0 14
11	5	0.1	1	0 5
12	1	0.0	1	0 1
151	1	0.0	3	0 0 1
237	5	0.0	3	0 0 0 5
238	9	0.0	3	0 0 0 9
239	156	0.0	3	0 0 31 125
240	8	0.0	3	0 0 1 7
241	9	0.0	3	0 0 0 9
243	4	0.0	3	0 0 0 4
244	1	0.0	3	0 0 0 1
245	1	0.0	3	0 0 0 1
249	1	0.0	3	0 0 0 1


=== First read: Adapter PrefixPE/2 ===

Sequence: GTGACTGGAGTTCAGACGTGTGCTCTTCCGATCT; Type: regular 3'; Length: 34; Trimmed: 1314 times

No. of allowed errors:
0-9 bp: 0; 10-19 bp: 1; 20-29 bp: 2; 30-34 bp: 3

Bases preceding removed adapters:
  A: 45.1%
  C: 13.8%
  G: 12.7%
  T: 28.5%
  none/other: 0.0%

Overview of removed sequences
length	count	expect	max.err	error counts
3	889	5265.9	0	889
4	368	1316.5	0	368
5	30	329.1	0	30
6	19	82.3	0	19
7	3	20.6	0	3
10	3	0.3	1	0 3
11	2	0.1	1	0 2


=== Second read: Adapter PrefixPE/1 ===

Sequence: TACACTCTTTCCCTACACGACGCTCTTCCGATCT; Type: regular 3'; Length: 34; Trimmed: 4613 times

No. of allowed errors:
0-9 bp: 0; 10-19 bp: 1; 20-29 bp: 2; 30-34 bp: 3

Bases preceding removed adapters:
  A: 64.0%
  C: 10.7%
  G: 18.0%
  T: 7.4%
  none/other: 0.0%

Overview of removed sequences
length	count	expect	max.err	error counts
3	1748	5265.9	0	1748
4	2502	1316.5	0	2502
5	287	329.1	0	287
6	66	82.3	0	66
7	2	20.6	0	2
8	3	5.1	0	3
9	2	1.3	0	1 1
10	3	0.3	1	0 3


=== Second read: Adapter PrefixPE/2 ===

Sequence: GTGACTGGAGTTCAGACGTGTGCTCTTCCGATCT; Type: regular 3'; Length: 34; Trimmed: 2912 times

No. of allowed errors:
0-9 bp: 0; 10-19 bp: 1; 20-29 bp: 2; 30-34 bp: 3

Bases preceding removed adapters:
  A: 52.5%
  C: 9.1%
  G: 13.6%
  T: 24.9%
  none/other: 0.0%

Overview of removed sequences
length	count	expect	max.err	error counts
3	2180	5265.9	0	2180
4	503	1316.5	0	503
5	48	329.1	0	48
6	25	82.3	0	25
7	6	20.6	0	6
8	1	5.1	0	1
9	4	1.3	0	0 4
10	2	0.3	1	0 2
11	5	0.1	1	0 5
13	1	0.0	1	0 1
229	4	0.0	3	0 0 4
230	4	0.0	3	0 0 3 1
231	1	0.0	3	0 1
232	5	0.0	3	0 3 0 2
233	2	0.0	3	0 1 0 1
234	67	0.0	3	2 50 11 4
235	5	0.0	3	0 1 4
236	25	0.0	3	0 3 8 14
237	3	0.0	3	0 0 1 2
238	16	0.0	3	0 0 3 13
239	4	0.0	3	0 0 0 4
240	1	0.0	3	0 0 0 1
