This is cutadapt 2.9 with Python 3.6.6
Command line parameters: --interleaved -a file:/nas02/apps/trimmomatic-0.36/Trimmomatic-0.36/adapters/TruSeq3-PE.fa -A file:/nas02/apps/trimmomatic-0.36/Trimmomatic-0.36/adapters/TruSeq3-PE.fa -m 30 /nas/longleaf/home/zpopkinh/Pvivax_resources/wgs_pe_improved_global/fastq/ERR5740709/ERR5740709_1.fastq.gz /nas/longleaf/home/zpopkinh/Pvivax_resources/wgs_pe_improved_global/fastq/ERR5740709/ERR5740709_2.fastq.gz
Processing reads on 1 core in paired-end mode ...
Finished in 427.39 s (153 us/read; 0.39 M reads/minute).

=== Summary ===

Total read pairs processed:          2,791,267
  Read 1 with adapter:                 101,552 (3.6%)
  Read 2 with adapter:                  98,285 (3.5%)
Pairs written (passing filters):     2,791,264 (100.0%)

Total basepairs processed:   842,962,634 bp
  Read 1:   421,481,317 bp
  Read 2:   421,481,317 bp
Total written (filtered):    842,284,263 bp (99.9%)
  Read 1:   421,136,271 bp
  Read 2:   421,147,992 bp

=== First read: Adapter PrefixPE/1 ===

Sequence: TACACTCTTTCCCTACACGACGCTCTTCCGATCT; Type: regular 3'; Length: 34; Trimmed: 46506 times

No. of allowed errors:
0-9 bp: 0; 10-19 bp: 1; 20-29 bp: 2; 30-34 bp: 3

Bases preceding removed adapters:
  A: 28.0%
  C: 23.5%
  G: 19.5%
  T: 28.9%
  none/other: 0.0%

Overview of removed sequences
length	count	expect	max.err	error counts
3	31087	43613.5	0	31087
4	11979	10903.4	0	11979
5	2317	2725.8	0	2317
6	560	681.5	0	560
7	112	170.4	0	112
8	43	42.6	0	43
9	130	10.6	0	13 117
10	213	2.7	1	5 208
11	49	0.7	1	1 48
12	12	0.2	1	0 12
13	1	0.0	1	0 1
15	1	0.0	1	0 1
104	1	0.0	3	0 0 1
151	1	0.0	3	0 0 0 1


=== First read: Adapter PrefixPE/2 ===

Sequence: GTGACTGGAGTTCAGACGTGTGCTCTTCCGATCT; Type: regular 3'; Length: 34; Trimmed: 55046 times

No. of allowed errors:
0-9 bp: 0; 10-19 bp: 1; 20-29 bp: 2; 30-34 bp: 3

Bases preceding removed adapters:
  A: 28.2%
  C: 11.1%
  G: 26.2%
  T: 34.4%
  none/other: 0.0%

Overview of removed sequences
length	count	expect	max.err	error counts
3	41836	43613.5	0	41836
4	10477	10903.4	0	10477
5	1750	2725.8	0	1750
6	546	681.5	0	546
7	147	170.4	0	147
8	46	42.6	0	46
9	103	10.6	0	17 86
10	97	2.7	1	2 95
11	26	0.7	1	0 26
12	15	0.2	1	0 15
13	2	0.0	1	0 2
143	1	0.0	3	1


=== Second read: Adapter PrefixPE/1 ===

Sequence: TACACTCTTTCCCTACACGACGCTCTTCCGATCT; Type: regular 3'; Length: 34; Trimmed: 45262 times

No. of allowed errors:
0-9 bp: 0; 10-19 bp: 1; 20-29 bp: 2; 30-34 bp: 3

Bases preceding removed adapters:
  A: 28.3%
  C: 24.9%
  G: 19.3%
  T: 27.5%
  none/other: 0.0%

Overview of removed sequences
length	count	expect	max.err	error counts
3	30247	43613.5	0	30247
4	11547	10903.4	0	11547
5	2357	2725.8	0	2357
6	553	681.5	0	553
7	132	170.4	0	132
8	31	42.6	0	31
9	119	10.6	0	9 110
10	175	2.7	1	6 169
11	74	0.7	1	0 74
12	14	0.2	1	1 13
13	6	0.0	1	0 6
14	4	0.0	1	0 4
15	1	0.0	1	0 1
16	1	0.0	1	0 1
151	1	0.0	3	0 0 0 1


=== Second read: Adapter PrefixPE/2 ===

Sequence: GTGACTGGAGTTCAGACGTGTGCTCTTCCGATCT; Type: regular 3'; Length: 34; Trimmed: 53023 times

No. of allowed errors:
0-9 bp: 0; 10-19 bp: 1; 20-29 bp: 2; 30-34 bp: 3

Bases preceding removed adapters:
  A: 26.4%
  C: 13.6%
  G: 26.1%
  T: 33.8%
  none/other: 0.0%

Overview of removed sequences
length	count	expect	max.err	error counts
3	41051	43613.5	0	41051
4	9402	10903.4	0	9402
5	1685	2725.8	0	1685
6	500	681.5	0	500
7	129	170.4	0	129
8	33	42.6	0	33
9	100	10.6	0	8 92
10	83	2.7	1	7 76
11	29	0.7	1	1 28
12	9	0.2	1	0 9
93	1	0.0	3	0 1
97	1	0.0	3	0 1
