This is cutadapt 2.9 with Python 3.6.6
Command line parameters: --interleaved -a file:/nas02/apps/trimmomatic-0.36/Trimmomatic-0.36/adapters/TruSeq3-PE.fa -A file:/nas02/apps/trimmomatic-0.36/Trimmomatic-0.36/adapters/TruSeq3-PE.fa -m 30 /nas/longleaf/home/zpopkinh/Pvivax_resources/wgs_pe_improved_global/fastq/ERS403523/ERR527376_1.fastq.gz /nas/longleaf/home/zpopkinh/Pvivax_resources/wgs_pe_improved_global/fastq/ERS403523/ERR527376_2.fastq.gz
Processing reads on 1 core in paired-end mode ...
Finished in 1360.30 s (84 us/read; 0.71 M reads/minute).

=== Summary ===

Total read pairs processed:         16,151,647
  Read 1 with adapter:                 593,890 (3.7%)
  Read 2 with adapter:                 584,965 (3.6%)
Pairs written (passing filters):    16,151,647 (100.0%)

Total basepairs processed: 3,230,329,400 bp
  Read 1: 1,615,164,700 bp
  Read 2: 1,615,164,700 bp
Total written (filtered):  3,226,347,554 bp (99.9%)
  Read 1: 1,613,158,470 bp
  Read 2: 1,613,189,084 bp

=== First read: Adapter PrefixPE/1 ===

Sequence: TACACTCTTTCCCTACACGACGCTCTTCCGATCT; Type: regular 3'; Length: 34; Trimmed: 315933 times

No. of allowed errors:
0-9 bp: 0; 10-19 bp: 1; 20-29 bp: 2; 30-34 bp: 3

Bases preceding removed adapters:
  A: 28.6%
  C: 18.7%
  G: 23.0%
  T: 29.6%
  none/other: 0.0%

Overview of removed sequences
length	count	expect	max.err	error counts
3	210737	252369.5	0	210737
4	81161	63092.4	0	81161
5	16938	15773.1	0	16938
6	3834	3943.3	0	3834
7	680	985.8	0	680
8	160	246.5	0	160
9	944	61.6	0	67 877
10	1021	15.4	1	24 997
11	375	3.9	1	6 369
12	57	1.0	1	1 56
13	18	0.2	1	0 18
14	8	0.1	1	0 8


=== First read: Adapter PrefixPE/2 ===

Sequence: GTGACTGGAGTTCAGACGTGTGCTCTTCCGATCT; Type: regular 3'; Length: 34; Trimmed: 277957 times

No. of allowed errors:
0-9 bp: 0; 10-19 bp: 1; 20-29 bp: 2; 30-34 bp: 3

Bases preceding removed adapters:
  A: 24.2%
  C: 18.3%
  G: 25.6%
  T: 31.9%
  none/other: 0.0%

Overview of removed sequences
length	count	expect	max.err	error counts
3	216773	252369.5	0	216773
4	50352	63092.4	0	50352
5	7853	15773.1	0	7853
6	1872	3943.3	0	1872
7	438	985.8	0	438
8	53	246.5	0	53
9	247	61.6	0	15 232
10	243	15.4	1	4 239
11	103	3.9	1	0 103
12	19	1.0	1	0 19
13	4	0.2	1	0 4


=== Second read: Adapter PrefixPE/1 ===

Sequence: TACACTCTTTCCCTACACGACGCTCTTCCGATCT; Type: regular 3'; Length: 34; Trimmed: 311779 times

No. of allowed errors:
0-9 bp: 0; 10-19 bp: 1; 20-29 bp: 2; 30-34 bp: 3

Bases preceding removed adapters:
  A: 28.6%
  C: 18.7%
  G: 22.8%
  T: 29.8%
  none/other: 0.0%

Overview of removed sequences
length	count	expect	max.err	error counts
3	208069	252369.5	0	208069
4	79860	63092.4	0	79860
5	16925	15773.1	0	16925
6	3626	3943.3	0	3626
7	728	985.8	0	728
8	150	246.5	0	150
9	920	61.6	0	75 845
10	1051	15.4	1	32 1019
11	356	3.9	1	1 355
12	82	1.0	1	1 81
13	10	0.2	1	0 10
14	2	0.1	1	0 2


=== Second read: Adapter PrefixPE/2 ===

Sequence: GTGACTGGAGTTCAGACGTGTGCTCTTCCGATCT; Type: regular 3'; Length: 34; Trimmed: 273186 times

No. of allowed errors:
0-9 bp: 0; 10-19 bp: 1; 20-29 bp: 2; 30-34 bp: 3

Bases preceding removed adapters:
  A: 23.8%
  C: 18.5%
  G: 25.7%
  T: 32.0%
  none/other: 0.0%

Overview of removed sequences
length	count	expect	max.err	error counts
3	213091	252369.5	0	213091
4	49900	63092.4	0	49900
5	7410	15773.1	0	7410
6	1726	3943.3	0	1726
7	394	985.8	0	394
8	50	246.5	0	50
9	282	61.6	0	22 260
10	221	15.4	1	7 214
11	88	3.9	1	0 88
12	21	1.0	1	0 21
13	3	0.2	1	0 3
