This is cutadapt 2.9 with Python 3.6.6
Command line parameters: --interleaved -a file:/nas02/apps/trimmomatic-0.36/Trimmomatic-0.36/adapters/TruSeq3-PE.fa -A file:/nas02/apps/trimmomatic-0.36/Trimmomatic-0.36/adapters/TruSeq3-PE.fa -m 30 /nas/longleaf/home/zpopkinh/Pvivax_resources/wgs_pe_improved_global/fastq/SRS696217/SRR1568157_1.fastq.gz /nas/longleaf/home/zpopkinh/Pvivax_resources/wgs_pe_improved_global/fastq/SRS696217/SRR1568157_2.fastq.gz
Processing reads on 1 core in paired-end mode ...
Finished in 912.17 s (69 us/read; 0.87 M reads/minute).

=== Summary ===

Total read pairs processed:         13,178,770
  Read 1 with adapter:                 490,047 (3.7%)
  Read 2 with adapter:                 492,811 (3.7%)
Pairs written (passing filters):    13,178,770 (100.0%)

Total basepairs processed: 2,662,111,540 bp
  Read 1: 1,331,055,770 bp
  Read 2: 1,331,055,770 bp
Total written (filtered):  2,658,795,499 bp (99.9%)
  Read 1: 1,329,401,639 bp
  Read 2: 1,329,393,860 bp

=== First read: Adapter PrefixPE/1 ===

Sequence: TACACTCTTTCCCTACACGACGCTCTTCCGATCT; Type: regular 3'; Length: 34; Trimmed: 242128 times

No. of allowed errors:
0-9 bp: 0; 10-19 bp: 1; 20-29 bp: 2; 30-34 bp: 3

Bases preceding removed adapters:
  A: 25.7%
  C: 22.0%
  G: 25.7%
  T: 26.6%
  none/other: 0.0%

Overview of removed sequences
length	count	expect	max.err	error counts
3	163845	205918.3	0	163845
4	58629	51479.6	0	58629
5	13889	12869.9	0	13889
6	2826	3217.5	0	2826
7	734	804.4	0	734
8	183	201.1	0	183
9	713	50.3	0	82 631
10	957	12.6	1	9 948
11	280	3.1	1	2 278
12	59	0.8	1	0 59
13	6	0.2	1	0 6
14	7	0.0	1	0 7


=== First read: Adapter PrefixPE/2 ===

Sequence: GTGACTGGAGTTCAGACGTGTGCTCTTCCGATCT; Type: regular 3'; Length: 34; Trimmed: 247919 times

No. of allowed errors:
0-9 bp: 0; 10-19 bp: 1; 20-29 bp: 2; 30-34 bp: 3

Bases preceding removed adapters:
  A: 24.2%
  C: 18.0%
  G: 26.6%
  T: 31.1%
  none/other: 0.0%

Overview of removed sequences
length	count	expect	max.err	error counts
3	193128	205918.3	0	193128
4	44399	51479.6	0	44399
5	7540	12869.9	0	7540
6	1638	3217.5	0	1638
7	397	804.4	0	397
8	62	201.1	0	62
9	352	50.3	0	22 330
10	286	12.6	1	6 280
11	94	3.1	1	6 88
12	18	0.8	1	0 18
13	5	0.2	1	0 5


=== Second read: Adapter PrefixPE/1 ===

Sequence: TACACTCTTTCCCTACACGACGCTCTTCCGATCT; Type: regular 3'; Length: 34; Trimmed: 239420 times

No. of allowed errors:
0-9 bp: 0; 10-19 bp: 1; 20-29 bp: 2; 30-34 bp: 3

Bases preceding removed adapters:
  A: 26.2%
  C: 22.0%
  G: 25.3%
  T: 26.5%
  none/other: 0.0%

Overview of removed sequences
length	count	expect	max.err	error counts
3	161559	205918.3	0	161559
4	57912	51479.6	0	57912
5	14142	12869.9	0	14142
6	3002	3217.5	0	3002
7	692	804.4	0	692
8	156	201.1	0	156
9	589	50.3	0	61 528
10	970	12.6	1	22 948
11	320	3.1	1	1 319
12	49	0.8	1	0 49
13	20	0.2	1	0 20
14	8	0.0	1	0 8
19	1	0.0	1	0 0 1


=== Second read: Adapter PrefixPE/2 ===

Sequence: GTGACTGGAGTTCAGACGTGTGCTCTTCCGATCT; Type: regular 3'; Length: 34; Trimmed: 253391 times

No. of allowed errors:
0-9 bp: 0; 10-19 bp: 1; 20-29 bp: 2; 30-34 bp: 3

Bases preceding removed adapters:
  A: 24.5%
  C: 19.8%
  G: 25.9%
  T: 29.8%
  none/other: 0.0%

Overview of removed sequences
length	count	expect	max.err	error counts
3	198521	205918.3	0	198521
4	44679	51479.6	0	44679
5	7422	12869.9	0	7422
6	1620	3217.5	0	1620
7	362	804.4	0	362
8	46	201.1	0	46
9	353	50.3	0	30 323
10	258	12.6	1	2 256
11	111	3.1	1	1 110
12	10	0.8	1	0 10
13	7	0.2	1	0 7
22	1	0.0	2	0 0 1
49	1	0.0	3	0 0 0 1
