This is cutadapt 2.9 with Python 3.6.6
Command line parameters: --interleaved -a file:/nas02/apps/trimmomatic-0.36/Trimmomatic-0.36/adapters/TruSeq3-PE.fa -A file:/nas02/apps/trimmomatic-0.36/Trimmomatic-0.36/adapters/TruSeq3-PE.fa -m 30 /nas/longleaf/home/zpopkinh/Pvivax_resources/wgs_pe_improved_global/fastq/SRS2746215/SRR6361802_1.fastq.gz /nas/longleaf/home/zpopkinh/Pvivax_resources/wgs_pe_improved_global/fastq/SRS2746215/SRR6361802_2.fastq.gz
Processing reads on 1 core in paired-end mode ...
Finished in 1122.69 s (75 us/read; 0.80 M reads/minute).

=== Summary ===

Total read pairs processed:         14,928,410
  Read 1 with adapter:                 559,192 (3.7%)
  Read 2 with adapter:                 557,730 (3.7%)
Pairs written (passing filters):    14,928,410 (100.0%)

Total basepairs processed: 2,985,682,000 bp
  Read 1: 1,492,841,000 bp
  Read 2: 1,492,841,000 bp
Total written (filtered):  2,981,824,065 bp (99.9%)
  Read 1: 1,490,908,057 bp
  Read 2: 1,490,916,008 bp

=== First read: Adapter PrefixPE/1 ===

Sequence: TACACTCTTTCCCTACACGACGCTCTTCCGATCT; Type: regular 3'; Length: 34; Trimmed: 338172 times

No. of allowed errors:
0-9 bp: 0; 10-19 bp: 1; 20-29 bp: 2; 30-34 bp: 3

Bases preceding removed adapters:
  A: 45.3%
  C: 14.2%
  G: 16.2%
  T: 24.3%
  none/other: 0.0%

Overview of removed sequences
length	count	expect	max.err	error counts
3	203359	233256.4	0	203359
4	90996	58314.1	0	90996
5	38574	14578.5	0	38574
6	2711	3644.6	0	2711
7	498	911.2	0	498
8	147	227.8	0	147
9	767	56.9	0	29 738
10	769	14.2	1	16 753
11	281	3.6	1	1 280
12	40	0.9	1	1 39
13	17	0.2	1	0 17
14	9	0.1	1	0 9
15	3	0.0	1	0 3
29	1	0.0	2	0 0 1


=== First read: Adapter PrefixPE/2 ===

Sequence: GTGACTGGAGTTCAGACGTGTGCTCTTCCGATCT; Type: regular 3'; Length: 34; Trimmed: 221020 times

No. of allowed errors:
0-9 bp: 0; 10-19 bp: 1; 20-29 bp: 2; 30-34 bp: 3

Bases preceding removed adapters:
  A: 24.5%
  C: 18.3%
  G: 25.9%
  T: 31.3%
  none/other: 0.0%

Overview of removed sequences
length	count	expect	max.err	error counts
3	171034	233256.4	0	171034
4	41297	58314.1	0	41297
5	6368	14578.5	0	6368
6	1388	3644.6	0	1388
7	382	911.2	0	382
8	39	227.8	0	39
9	193	56.9	0	9 184
10	208	14.2	1	2 206
11	95	3.6	1	1 94
12	15	0.9	1	0 15
13	1	0.2	1	0 1


=== Second read: Adapter PrefixPE/1 ===

Sequence: TACACTCTTTCCCTACACGACGCTCTTCCGATCT; Type: regular 3'; Length: 34; Trimmed: 334829 times

No. of allowed errors:
0-9 bp: 0; 10-19 bp: 1; 20-29 bp: 2; 30-34 bp: 3

Bases preceding removed adapters:
  A: 45.2%
  C: 14.0%
  G: 16.2%
  T: 24.6%
  none/other: 0.0%

Overview of removed sequences
length	count	expect	max.err	error counts
3	201184	233256.4	0	201184
4	89919	58314.1	0	89919
5	38432	14578.5	0	38432
6	2744	3644.6	0	2744
7	538	911.2	0	538
8	140	227.8	0	140
9	772	56.9	0	33 739
10	735	14.2	1	18 717
11	285	3.6	1	4 281
12	51	0.9	1	0 51
13	23	0.2	1	2 21
14	5	0.1	1	0 5
15	1	0.0	1	0 1


=== Second read: Adapter PrefixPE/2 ===

Sequence: GTGACTGGAGTTCAGACGTGTGCTCTTCCGATCT; Type: regular 3'; Length: 34; Trimmed: 222901 times

No. of allowed errors:
0-9 bp: 0; 10-19 bp: 1; 20-29 bp: 2; 30-34 bp: 3

Bases preceding removed adapters:
  A: 23.1%
  C: 17.9%
  G: 28.4%
  T: 30.7%
  none/other: 0.0%

Overview of removed sequences
length	count	expect	max.err	error counts
3	174989	233256.4	0	174989
4	39413	58314.1	0	39413
5	6218	14578.5	0	6218
6	1347	3644.6	0	1347
7	375	911.2	0	375
8	51	227.8	0	51
9	199	56.9	0	10 189
10	207	14.2	1	6 201
11	85	3.6	1	0 85
12	16	0.9	1	0 16
13	1	0.2	1	0 1
