This is cutadapt 2.9 with Python 3.6.6
Command line parameters: --interleaved -a file:/nas02/apps/trimmomatic-0.36/Trimmomatic-0.36/adapters/TruSeq3-PE.fa -A file:/nas02/apps/trimmomatic-0.36/Trimmomatic-0.36/adapters/TruSeq3-PE.fa -m 30 /nas/longleaf/home/zpopkinh/Pvivax_resources/wgs_pe_improved_global/fastq/ERS3516648/ERR3439115_1.fastq.gz /nas/longleaf/home/zpopkinh/Pvivax_resources/wgs_pe_improved_global/fastq/ERS3516648/ERR3439115_2.fastq.gz
Processing reads on 1 core in paired-end mode ...
Finished in 1.21 s (53 us/read; 1.13 M reads/minute).

=== Summary ===

Total read pairs processed:             22,644
  Read 1 with adapter:                     524 (2.3%)
  Read 2 with adapter:                     406 (1.8%)
Pairs written (passing filters):        22,644 (100.0%)

Total basepairs processed:     6,793,200 bp
  Read 1:     3,396,600 bp
  Read 2:     3,396,600 bp
Total written (filtered):      6,789,995 bp (100.0%)
  Read 1:     3,394,880 bp
  Read 2:     3,395,115 bp

=== First read: Adapter PrefixPE/1 ===

Sequence: TACACTCTTTCCCTACACGACGCTCTTCCGATCT; Type: regular 3'; Length: 34; Trimmed: 348 times

No. of allowed errors:
0-9 bp: 0; 10-19 bp: 1; 20-29 bp: 2; 30-34 bp: 3

Bases preceding removed adapters:
  A: 72.4%
  C: 9.2%
  G: 9.2%
  T: 9.2%
  none/other: 0.0%

Overview of removed sequences
length	count	expect	max.err	error counts
3	274	353.8	0	274
4	58	88.5	0	58
5	12	22.1	0	12
6	2	5.5	0	2
9	2	0.1	0	0 2


=== First read: Adapter PrefixPE/2 ===

Sequence: GTGACTGGAGTTCAGACGTGTGCTCTTCCGATCT; Type: regular 3'; Length: 34; Trimmed: 176 times

No. of allowed errors:
0-9 bp: 0; 10-19 bp: 1; 20-29 bp: 2; 30-34 bp: 3

Bases preceding removed adapters:
  A: 13.6%
  C: 5.1%
  G: 33.5%
  T: 47.7%
  none/other: 0.0%

Overview of removed sequences
length	count	expect	max.err	error counts
3	133	353.8	0	133
4	38	88.5	0	38
5	5	22.1	0	5


=== Second read: Adapter PrefixPE/1 ===

Sequence: TACACTCTTTCCCTACACGACGCTCTTCCGATCT; Type: regular 3'; Length: 34; Trimmed: 201 times

No. of allowed errors:
0-9 bp: 0; 10-19 bp: 1; 20-29 bp: 2; 30-34 bp: 3

Bases preceding removed adapters:
  A: 35.8%
  C: 18.4%
  G: 32.3%
  T: 13.4%
  none/other: 0.0%

Overview of removed sequences
length	count	expect	max.err	error counts
3	104	353.8	0	104
4	54	88.5	0	54
5	7	22.1	0	7
6	34	5.5	0	34
9	2	0.1	0	0 2


=== Second read: Adapter PrefixPE/2 ===

Sequence: GTGACTGGAGTTCAGACGTGTGCTCTTCCGATCT; Type: regular 3'; Length: 34; Trimmed: 205 times

No. of allowed errors:
0-9 bp: 0; 10-19 bp: 1; 20-29 bp: 2; 30-34 bp: 3

Bases preceding removed adapters:
  A: 20.0%
  C: 17.1%
  G: 32.7%
  T: 30.2%
  none/other: 0.0%

Overview of removed sequences
length	count	expect	max.err	error counts
3	146	353.8	0	146
4	39	88.5	0	39
5	19	22.1	0	19
11	1	0.0	1	0 1
