This is cutadapt 2.9 with Python 3.6.6
Command line parameters: --interleaved -a file:/nas02/apps/trimmomatic-0.36/Trimmomatic-0.36/adapters/TruSeq3-PE.fa -A file:/nas02/apps/trimmomatic-0.36/Trimmomatic-0.36/adapters/TruSeq3-PE.fa -m 30 /nas/longleaf/home/zpopkinh/Pvivax_resources/wgs_pe_improved_global/fastq/ERS403538/ERR527355_1.fastq.gz /nas/longleaf/home/zpopkinh/Pvivax_resources/wgs_pe_improved_global/fastq/ERS403538/ERR527355_2.fastq.gz
Processing reads on 1 core in paired-end mode ...
Finished in 1107.95 s (73 us/read; 0.82 M reads/minute).

=== Summary ===

Total read pairs processed:         15,225,308
  Read 1 with adapter:                 557,487 (3.7%)
  Read 2 with adapter:                 549,225 (3.6%)
Pairs written (passing filters):    15,225,308 (100.0%)

Total basepairs processed: 3,045,061,600 bp
  Read 1: 1,522,530,800 bp
  Read 2: 1,522,530,800 bp
Total written (filtered):  3,041,319,002 bp (99.9%)
  Read 1: 1,520,645,109 bp
  Read 2: 1,520,673,893 bp

=== First read: Adapter PrefixPE/1 ===

Sequence: TACACTCTTTCCCTACACGACGCTCTTCCGATCT; Type: regular 3'; Length: 34; Trimmed: 304858 times

No. of allowed errors:
0-9 bp: 0; 10-19 bp: 1; 20-29 bp: 2; 30-34 bp: 3

Bases preceding removed adapters:
  A: 29.8%
  C: 17.9%
  G: 22.1%
  T: 30.1%
  none/other: 0.0%

Overview of removed sequences
length	count	expect	max.err	error counts
3	202474	237895.4	0	202474
4	79665	59473.9	0	79665
5	16125	14868.5	0	16125
6	3486	3717.1	0	3486
7	642	929.3	0	642
8	176	232.3	0	176
9	912	58.1	0	42 870
10	956	14.5	1	14 942
11	327	3.6	1	6 321
12	73	0.9	1	0 73
13	18	0.2	1	1 17
14	3	0.1	1	0 3
15	1	0.0	1	0 1


=== First read: Adapter PrefixPE/2 ===

Sequence: GTGACTGGAGTTCAGACGTGTGCTCTTCCGATCT; Type: regular 3'; Length: 34; Trimmed: 252629 times

No. of allowed errors:
0-9 bp: 0; 10-19 bp: 1; 20-29 bp: 2; 30-34 bp: 3

Bases preceding removed adapters:
  A: 24.1%
  C: 18.0%
  G: 25.1%
  T: 32.8%
  none/other: 0.0%

Overview of removed sequences
length	count	expect	max.err	error counts
3	196170	237895.4	0	196170
4	46716	59473.9	0	46716
5	7048	14868.5	0	7048
6	1618	3717.1	0	1618
7	386	929.3	0	386
8	79	232.3	0	79
9	260	58.1	0	16 244
10	257	14.5	1	2 255
11	76	3.6	1	0 76
12	15	0.9	1	0 15
13	4	0.2	1	0 4


=== Second read: Adapter PrefixPE/1 ===

Sequence: TACACTCTTTCCCTACACGACGCTCTTCCGATCT; Type: regular 3'; Length: 34; Trimmed: 300986 times

No. of allowed errors:
0-9 bp: 0; 10-19 bp: 1; 20-29 bp: 2; 30-34 bp: 3

Bases preceding removed adapters:
  A: 29.8%
  C: 18.0%
  G: 21.9%
  T: 30.2%
  none/other: 0.0%

Overview of removed sequences
length	count	expect	max.err	error counts
3	199477	237895.4	0	199477
4	79144	59473.9	0	79144
5	15896	14868.5	0	15896
6	3469	3717.1	0	3469
7	665	929.3	0	665
8	136	232.3	0	136
9	871	58.1	0	62 809
10	957	14.5	1	19 938
11	280	3.6	1	4 276
12	71	0.9	1	0 71
13	15	0.2	1	0 15
14	5	0.1	1	0 5


=== Second read: Adapter PrefixPE/2 ===

Sequence: GTGACTGGAGTTCAGACGTGTGCTCTTCCGATCT; Type: regular 3'; Length: 34; Trimmed: 248239 times

No. of allowed errors:
0-9 bp: 0; 10-19 bp: 1; 20-29 bp: 2; 30-34 bp: 3

Bases preceding removed adapters:
  A: 24.0%
  C: 18.2%
  G: 25.2%
  T: 32.5%
  none/other: 0.0%

Overview of removed sequences
length	count	expect	max.err	error counts
3	193563	237895.4	0	193563
4	45170	59473.9	0	45170
5	6886	14868.5	0	6886
6	1570	3717.1	0	1570
7	409	929.3	0	409
8	54	232.3	0	54
9	252	58.1	0	11 241
10	235	14.5	1	6 229
11	78	3.6	1	0 78
12	19	0.9	1	0 19
13	3	0.2	1	0 3
