This is cutadapt 2.9 with Python 3.6.6
Command line parameters: --interleaved -a file:/nas02/apps/trimmomatic-0.36/Trimmomatic-0.36/adapters/TruSeq3-PE.fa -A file:/nas02/apps/trimmomatic-0.36/Trimmomatic-0.36/adapters/TruSeq3-PE.fa -m 30 /nas/longleaf/home/zpopkinh/Pvivax_resources/wgs_pe_improved_global/fastq/ERS040110/ERR054082_1.fastq.gz /nas/longleaf/home/zpopkinh/Pvivax_resources/wgs_pe_improved_global/fastq/ERS040110/ERR054082_2.fastq.gz
Processing reads on 1 core in paired-end mode ...
Finished in 493.69 s (83 us/read; 0.73 M reads/minute).

=== Summary ===

Total read pairs processed:          5,972,251
  Read 1 with adapter:                 217,256 (3.6%)
  Read 2 with adapter:                 208,739 (3.5%)
Pairs written (passing filters):     5,972,251 (100.0%)

Total basepairs processed:   895,837,650 bp
  Read 1:   447,918,825 bp
  Read 2:   447,918,825 bp
Total written (filtered):    894,396,833 bp (99.8%)
  Read 1:   447,183,923 bp
  Read 2:   447,212,910 bp

=== First read: Adapter PrefixPE/1 ===

Sequence: TACACTCTTTCCCTACACGACGCTCTTCCGATCT; Type: regular 3'; Length: 34; Trimmed: 119324 times

No. of allowed errors:
0-9 bp: 0; 10-19 bp: 1; 20-29 bp: 2; 30-34 bp: 3

Bases preceding removed adapters:
  A: 29.5%
  C: 17.9%
  G: 22.3%
  T: 30.2%
  none/other: 0.0%

Overview of removed sequences
length	count	expect	max.err	error counts
3	79083	93316.4	0	79083
4	31311	23329.1	0	31311
5	6308	5832.3	0	6308
6	1332	1458.1	0	1332
7	289	364.5	0	289
8	67	91.1	0	67
9	323	22.8	0	29 294
10	430	5.7	1	11 419
11	150	1.4	1	0 150
12	19	0.4	1	1 18
13	10	0.1	1	0 10
14	1	0.0	1	0 1
22	1	0.0	2	0 0 1


=== First read: Adapter PrefixPE/2 ===

Sequence: GTGACTGGAGTTCAGACGTGTGCTCTTCCGATCT; Type: regular 3'; Length: 34; Trimmed: 97932 times

No. of allowed errors:
0-9 bp: 0; 10-19 bp: 1; 20-29 bp: 2; 30-34 bp: 3

Bases preceding removed adapters:
  A: 24.3%
  C: 17.8%
  G: 25.0%
  T: 32.9%
  none/other: 0.0%

Overview of removed sequences
length	count	expect	max.err	error counts
3	76408	93316.4	0	76408
4	17755	23329.1	0	17755
5	2767	5832.3	0	2767
6	636	1458.1	0	636
7	127	364.5	0	127
8	23	91.1	0	23
9	96	22.8	0	7 89
10	92	5.7	1	1 91
11	21	1.4	1	0 21
12	7	0.4	1	0 7


=== Second read: Adapter PrefixPE/1 ===

Sequence: TACACTCTTTCCCTACACGACGCTCTTCCGATCT; Type: regular 3'; Length: 34; Trimmed: 114345 times

No. of allowed errors:
0-9 bp: 0; 10-19 bp: 1; 20-29 bp: 2; 30-34 bp: 3

Bases preceding removed adapters:
  A: 29.8%
  C: 18.0%
  G: 22.0%
  T: 30.2%
  none/other: 0.0%

Overview of removed sequences
length	count	expect	max.err	error counts
3	76168	93316.4	0	76168
4	29739	23329.1	0	29739
5	5808	5832.3	0	5808
6	1361	1458.1	0	1361
7	266	364.5	0	266
8	65	91.1	0	65
9	343	22.8	0	30 313
10	436	5.7	1	12 424
11	126	1.4	1	1 125
12	22	0.4	1	0 22
13	8	0.1	1	0 8
14	3	0.0	1	0 3


=== Second read: Adapter PrefixPE/2 ===

Sequence: GTGACTGGAGTTCAGACGTGTGCTCTTCCGATCT; Type: regular 3'; Length: 34; Trimmed: 94394 times

No. of allowed errors:
0-9 bp: 0; 10-19 bp: 1; 20-29 bp: 2; 30-34 bp: 3

Bases preceding removed adapters:
  A: 24.5%
  C: 17.5%
  G: 25.0%
  T: 33.0%
  none/other: 0.0%

Overview of removed sequences
length	count	expect	max.err	error counts
3	73711	93316.4	0	73711
4	17075	23329.1	0	17075
5	2599	5832.3	0	2599
6	595	1458.1	0	595
7	136	364.5	0	136
8	23	91.1	0	23
9	104	22.8	0	4 100
10	115	5.7	1	4 111
11	29	1.4	1	0 29
12	6	0.4	1	0 6
13	1	0.1	1	0 1
