This is cutadapt 2.9 with Python 3.6.6
Command line parameters: --interleaved -a file:/nas02/apps/trimmomatic-0.36/Trimmomatic-0.36/adapters/TruSeq3-PE.fa -A file:/nas02/apps/trimmomatic-0.36/Trimmomatic-0.36/adapters/TruSeq3-PE.fa -m 30 /nas/longleaf/home/zpopkinh/Pvivax_resources/wgs_pe_improved_global/fastq/ERS666227/ERR925411_1.fastq.gz /nas/longleaf/home/zpopkinh/Pvivax_resources/wgs_pe_improved_global/fastq/ERS666227/ERR925411_2.fastq.gz
Processing reads on 1 core in paired-end mode ...
Finished in 433.75 s (83 us/read; 0.72 M reads/minute).

=== Summary ===

Total read pairs processed:          5,217,748
  Read 1 with adapter:                 191,373 (3.7%)
  Read 2 with adapter:                 187,925 (3.6%)
Pairs written (passing filters):     5,217,746 (100.0%)

Total basepairs processed: 1,043,549,600 bp
  Read 1:   521,774,800 bp
  Read 2:   521,774,800 bp
Total written (filtered):  1,042,258,355 bp (99.9%)
  Read 1:   521,123,807 bp
  Read 2:   521,134,548 bp

=== First read: Adapter PrefixPE/1 ===

Sequence: TACACTCTTTCCCTACACGACGCTCTTCCGATCT; Type: regular 3'; Length: 34; Trimmed: 104657 times

No. of allowed errors:
0-9 bp: 0; 10-19 bp: 1; 20-29 bp: 2; 30-34 bp: 3

Bases preceding removed adapters:
  A: 28.7%
  C: 17.5%
  G: 25.5%
  T: 28.4%
  none/other: 0.0%

Overview of removed sequences
length	count	expect	max.err	error counts
3	68453	81527.3	0	68453
4	27993	20381.8	0	27993
5	5435	5095.5	0	5435
6	1318	1273.9	0	1318
7	310	318.5	0	310
8	54	79.6	0	54
9	263	19.9	0	19 244
10	673	5.0	1	8 665
11	131	1.2	1	0 131
12	15	0.3	1	0 15
13	8	0.1	1	0 8
14	2	0.0	1	0 2
100	2	0.0	3	0 0 0 2


=== First read: Adapter PrefixPE/2 ===

Sequence: GTGACTGGAGTTCAGACGTGTGCTCTTCCGATCT; Type: regular 3'; Length: 34; Trimmed: 86716 times

No. of allowed errors:
0-9 bp: 0; 10-19 bp: 1; 20-29 bp: 2; 30-34 bp: 3

Bases preceding removed adapters:
  A: 26.2%
  C: 16.3%
  G: 23.5%
  T: 34.0%
  none/other: 0.0%

Overview of removed sequences
length	count	expect	max.err	error counts
3	67509	81527.3	0	67509
4	15912	20381.8	0	15912
5	2252	5095.5	0	2252
6	598	1273.9	0	598
7	136	318.5	0	136
8	23	79.6	0	23
9	135	19.9	0	8 127
10	115	5.0	1	0 115
11	30	1.2	1	2 28
12	5	0.3	1	0 5
13	1	0.1	1	0 1


=== Second read: Adapter PrefixPE/1 ===

Sequence: TACACTCTTTCCCTACACGACGCTCTTCCGATCT; Type: regular 3'; Length: 34; Trimmed: 102848 times

No. of allowed errors:
0-9 bp: 0; 10-19 bp: 1; 20-29 bp: 2; 30-34 bp: 3

Bases preceding removed adapters:
  A: 29.1%
  C: 17.3%
  G: 25.4%
  T: 28.2%
  none/other: 0.0%

Overview of removed sequences
length	count	expect	max.err	error counts
3	66924	81527.3	0	66924
4	27757	20381.8	0	27757
5	5387	5095.5	0	5387
6	1245	1273.9	0	1245
7	351	318.5	0	351
8	59	79.6	0	59
9	254	19.9	0	20 234
10	702	5.0	1	11 691
11	134	1.2	1	0 134
12	30	0.3	1	1 29
13	3	0.1	1	0 3
14	2	0.0	1	0 2


=== Second read: Adapter PrefixPE/2 ===

Sequence: GTGACTGGAGTTCAGACGTGTGCTCTTCCGATCT; Type: regular 3'; Length: 34; Trimmed: 85077 times

No. of allowed errors:
0-9 bp: 0; 10-19 bp: 1; 20-29 bp: 2; 30-34 bp: 3

Bases preceding removed adapters:
  A: 25.8%
  C: 16.4%
  G: 23.7%
  T: 34.1%
  none/other: 0.0%

Overview of removed sequences
length	count	expect	max.err	error counts
3	66228	81527.3	0	66228
4	15466	20381.8	0	15466
5	2314	5095.5	0	2314
6	647	1273.9	0	647
7	134	318.5	0	134
8	15	79.6	0	15
9	127	19.9	0	5 122
10	106	5.0	1	1 105
11	32	1.2	1	0 32
12	6	0.3	1	0 6
13	2	0.1	1	0 2
