This is cutadapt 2.9 with Python 3.6.6
Command line parameters: --interleaved -a file:/nas02/apps/trimmomatic-0.36/Trimmomatic-0.36/adapters/TruSeq3-PE.fa -A file:/nas02/apps/trimmomatic-0.36/Trimmomatic-0.36/adapters/TruSeq3-PE.fa -m 30 /nas/longleaf/home/zpopkinh/Pvivax_resources/wgs_pe_improved_global/fastq/SRS805943/SRR1740119_1.fastq.gz /nas/longleaf/home/zpopkinh/Pvivax_resources/wgs_pe_improved_global/fastq/SRS805943/SRR1740119_2.fastq.gz
Processing reads on 1 core in paired-end mode ...
Finished in 2024.54 s (92 us/read; 0.65 M reads/minute).

=== Summary ===

Total read pairs processed:         21,910,042
  Read 1 with adapter:                 722,387 (3.3%)
  Read 2 with adapter:                 775,029 (3.5%)
Pairs written (passing filters):    21,909,921 (100.0%)

Total basepairs processed: 4,425,828,484 bp
  Read 1: 2,212,914,242 bp
  Read 2: 2,212,914,242 bp
Total written (filtered):  4,420,706,932 bp (99.9%)
  Read 1: 2,210,429,224 bp
  Read 2: 2,210,277,708 bp

=== First read: Adapter PrefixPE/1 ===

Sequence: TACACTCTTTCCCTACACGACGCTCTTCCGATCT; Type: regular 3'; Length: 34; Trimmed: 328091 times

No. of allowed errors:
0-9 bp: 0; 10-19 bp: 1; 20-29 bp: 2; 30-34 bp: 3

Bases preceding removed adapters:
  A: 30.8%
  C: 23.2%
  G: 15.6%
  T: 30.5%
  none/other: 0.0%

Overview of removed sequences
length	count	expect	max.err	error counts
3	212313	342344.4	0	212313
4	92555	85586.1	0	92555
5	15418	21396.5	0	15418
6	4006	5349.1	0	4006
7	887	1337.3	0	887
8	260	334.3	0	260
9	871	83.6	0	73 798
10	1167	20.9	1	27 1140
11	431	5.2	1	4 427
12	96	1.3	1	1 95
13	29	0.3	1	2 27
14	12	0.1	1	0 12
15	1	0.0	1	0 1
16	1	0.0	1	0 1
19	1	0.0	1	0 1
25	2	0.0	2	1 1
29	2	0.0	2	2
30	1	0.0	3	1
31	3	0.0	3	1 0 0 2
32	13	0.0	3	0 4 5 4
33	6	0.0	3	4 1 0 1
35	1	0.0	3	1
36	1	0.0	3	0 1
40	1	0.0	3	0 0 1
41	1	0.0	3	0 0 0 1
42	1	0.0	3	1
43	1	0.0	3	0 0 1
44	2	0.0	3	0 0 1 1
45	1	0.0	3	0 0 1
80	1	0.0	3	0 1
83	1	0.0	3	1
84	1	0.0	3	0 0 0 1
101	4	0.0	3	0 0 3 1


=== First read: Adapter PrefixPE/2 ===

Sequence: GTGACTGGAGTTCAGACGTGTGCTCTTCCGATCT; Type: regular 3'; Length: 34; Trimmed: 394296 times

No. of allowed errors:
0-9 bp: 0; 10-19 bp: 1; 20-29 bp: 2; 30-34 bp: 3

Bases preceding removed adapters:
  A: 32.9%
  C: 7.0%
  G: 25.2%
  T: 34.9%
  none/other: 0.0%

Overview of removed sequences
length	count	expect	max.err	error counts
3	285954	342344.4	0	285954
4	87649	85586.1	0	87649
5	13115	21396.5	0	13115
6	4099	5349.1	0	4099
7	1143	1337.3	0	1143
8	307	334.3	0	307
9	697	83.6	0	66 631
10	917	20.9	1	15 902
11	296	5.2	1	1 295
12	94	1.3	1	1 93
13	16	0.3	1	0 16
14	4	0.1	1	0 4
15	4	0.0	1	0 4
90	1	0.0	3	1


=== Second read: Adapter PrefixPE/1 ===

Sequence: TACACTCTTTCCCTACACGACGCTCTTCCGATCT; Type: regular 3'; Length: 34; Trimmed: 323008 times

No. of allowed errors:
0-9 bp: 0; 10-19 bp: 1; 20-29 bp: 2; 30-34 bp: 3

Bases preceding removed adapters:
  A: 30.8%
  C: 22.9%
  G: 15.6%
  T: 30.7%
  none/other: 0.0%

Overview of removed sequences
length	count	expect	max.err	error counts
3	209286	342344.4	0	209286
4	91448	85586.1	0	91448
5	14494	21396.5	0	14494
6	4115	5349.1	0	4115
7	873	1337.3	0	873
8	288	334.3	0	288
9	816	83.6	0	70 746
10	1149	20.9	1	22 1127
11	411	5.2	1	4 407
12	92	1.3	1	1 91
13	25	0.3	1	1 24
14	5	0.1	1	0 5
15	5	0.0	1	0 5
101	1	0.0	3	0 0 0 1


=== Second read: Adapter PrefixPE/2 ===

Sequence: GTGACTGGAGTTCAGACGTGTGCTCTTCCGATCT; Type: regular 3'; Length: 34; Trimmed: 452021 times

No. of allowed errors:
0-9 bp: 0; 10-19 bp: 1; 20-29 bp: 2; 30-34 bp: 3

Bases preceding removed adapters:
  A: 29.4%
  C: 17.6%
  G: 22.5%
  T: 30.6%
  none/other: 0.0%

Overview of removed sequences
length	count	expect	max.err	error counts
3	345868	342344.4	0	345868
4	85272	85586.1	0	85272
5	13127	21396.5	0	13127
6	4169	5349.1	0	4169
7	1133	1337.3	0	1133
8	293	334.3	0	293
9	722	83.6	0	87 635
10	864	20.9	1	27 837
11	332	5.2	1	7 325
12	83	1.3	1	3 80
13	21	0.3	1	0 21
14	11	0.1	1	0 11
15	5	0.0	1	0 5
16	1	0.0	1	1
25	3	0.0	2	3
31	2	0.0	3	0 1 1
32	1	0.0	3	1
33	1	0.0	3	0 0 0 1
37	1	0.0	3	0 0 0 1
72	2	0.0	3	0 1 0 1
73	13	0.0	3	0 2 4 7
74	50	0.0	3	0 8 21 21
75	6	0.0	3	0 0 2 4
76	7	0.0	3	0 2 2 3
77	11	0.0	3	0 0 6 5
78	5	0.0	3	0 2 1 2
79	2	0.0	3	0 0 1 1
80	1	0.0	3	0 0 1
84	3	0.0	3	0 0 1 2
86	4	0.0	3	0 0 2 2
88	4	0.0	3	0 0 2 2
95	1	0.0	3	0 0 0 1
101	3	0.0	3	0 0 0 3
