This is cutadapt 2.9 with Python 3.6.6
Command line parameters: --interleaved -a file:/nas02/apps/trimmomatic-0.36/Trimmomatic-0.36/adapters/TruSeq3-PE.fa -A file:/nas02/apps/trimmomatic-0.36/Trimmomatic-0.36/adapters/TruSeq3-PE.fa -m 30 /nas/longleaf/home/zpopkinh/Pvivax_resources/wgs_pe_improved_global/fastq/SRS2746138/SRR6361760_1.fastq.gz /nas/longleaf/home/zpopkinh/Pvivax_resources/wgs_pe_improved_global/fastq/SRS2746138/SRR6361760_2.fastq.gz
Processing reads on 1 core in paired-end mode ...
Finished in 251.61 s (382 us/read; 0.16 M reads/minute).

=== Summary ===

Total read pairs processed:            658,240
  Read 1 with adapter:                  17,502 (2.7%)
  Read 2 with adapter:                  27,101 (4.1%)
Pairs written (passing filters):       657,736 (99.9%)

Total basepairs processed:   330,436,480 bp
  Read 1:   165,218,240 bp
  Read 2:   165,218,240 bp
Total written (filtered):    330,028,498 bp (99.9%)
  Read 1:   165,029,128 bp
  Read 2:   164,999,370 bp

=== First read: Adapter PrefixPE/1 ===

Sequence: TACACTCTTTCCCTACACGACGCTCTTCCGATCT; Type: regular 3'; Length: 34; Trimmed: 15725 times

No. of allowed errors:
0-9 bp: 0; 10-19 bp: 1; 20-29 bp: 2; 30-34 bp: 3

Bases preceding removed adapters:
  A: 54.8%
  C: 23.6%
  G: 8.3%
  T: 13.3%
  none/other: 0.0%

Overview of removed sequences
length	count	expect	max.err	error counts
3	7541	10285.0	0	7541
4	6824	2571.2	0	6824
5	731	642.8	0	731
6	228	160.7	0	228
7	48	40.2	0	48
8	8	10.0	0	8
9	32	2.5	0	8 24
10	34	0.6	1	1 33
11	12	0.2	1	0 12
12	6	0.0	1	0 6
63	1	0.0	3	0 0 1
193	1	0.0	3	0 0 0 1
194	1	0.0	3	0 0 0 1
235	2	0.0	3	0 0 0 2
236	3	0.0	3	0 0 0 3
237	12	0.0	3	0 0 0 12
238	9	0.0	3	0 0 0 9
239	200	0.0	3	0 0 33 167
240	15	0.0	3	0 0 1 14
241	5	0.0	3	0 0 0 5
243	6	0.0	3	0 0 0 6
244	2	0.0	3	0 0 1 1
245	3	0.0	3	0 0 1 2
246	1	0.0	3	0 0 0 1


=== First read: Adapter PrefixPE/2 ===

Sequence: GTGACTGGAGTTCAGACGTGTGCTCTTCCGATCT; Type: regular 3'; Length: 34; Trimmed: 1777 times

No. of allowed errors:
0-9 bp: 0; 10-19 bp: 1; 20-29 bp: 2; 30-34 bp: 3

Bases preceding removed adapters:
  A: 41.9%
  C: 15.8%
  G: 11.6%
  T: 30.8%
  none/other: 0.0%

Overview of removed sequences
length	count	expect	max.err	error counts
3	1196	10285.0	0	1196
4	498	2571.2	0	498
5	67	642.8	0	67
6	13	160.7	0	13
7	1	40.2	0	1
9	1	2.5	0	0 1
10	1	0.6	1	0 1


=== Second read: Adapter PrefixPE/1 ===

Sequence: TACACTCTTTCCCTACACGACGCTCTTCCGATCT; Type: regular 3'; Length: 34; Trimmed: 22104 times

No. of allowed errors:
0-9 bp: 0; 10-19 bp: 1; 20-29 bp: 2; 30-34 bp: 3

Bases preceding removed adapters:
  A: 42.1%
  C: 13.8%
  G: 36.4%
  T: 7.7%
  none/other: 0.0%

Overview of removed sequences
length	count	expect	max.err	error counts
3	14660	10285.0	0	14660
4	4520	2571.2	0	4520
5	2720	642.8	0	2720
6	121	160.7	0	121
7	50	40.2	0	50
8	4	10.0	0	4
9	5	2.5	0	1 4
10	16	0.6	1	1 15
11	5	0.2	1	0 5
12	2	0.0	1	0 2
13	1	0.0	1	0 1


=== Second read: Adapter PrefixPE/2 ===

Sequence: GTGACTGGAGTTCAGACGTGTGCTCTTCCGATCT; Type: regular 3'; Length: 34; Trimmed: 4997 times

No. of allowed errors:
0-9 bp: 0; 10-19 bp: 1; 20-29 bp: 2; 30-34 bp: 3

Bases preceding removed adapters:
  A: 38.8%
  C: 15.5%
  G: 13.5%
  T: 32.1%
  none/other: 0.0%

Overview of removed sequences
length	count	expect	max.err	error counts
3	3978	10285.0	0	3978
4	537	2571.2	0	537
5	192	642.8	0	192
6	28	160.7	0	28
7	9	40.2	0	9
8	1	10.0	0	1
9	1	2.5	0	0 1
10	1	0.6	1	0 1
11	2	0.2	1	0 2
12	2	0.0	1	0 2
228	2	0.0	3	0 0 2
229	2	0.0	3	0 1 1
230	4	0.0	3	0 0 1 3
231	5	0.0	3	0 2 3
232	24	0.0	3	0 0 5 19
233	17	0.0	3	0 3 9 5
234	61	0.0	3	0 35 21 5
235	10	0.0	3	0 2 7 1
236	40	0.0	3	0 4 32 4
237	22	0.0	3	0 1 3 18
238	41	0.0	3	0 0 9 32
239	6	0.0	3	0 1 2 3
240	1	0.0	3	0 0 0 1
241	5	0.0	3	0 0 1 4
242	6	0.0	3	0 0 4 2
