This is cutadapt 2.9 with Python 3.6.6
Command line parameters: --interleaved -a file:/nas02/apps/trimmomatic-0.36/Trimmomatic-0.36/adapters/TruSeq3-PE.fa -A file:/nas02/apps/trimmomatic-0.36/Trimmomatic-0.36/adapters/TruSeq3-PE.fa -m 30 /nas/longleaf/home/zpopkinh/Pvivax_resources/wgs_pe_improved_global/fastq/SRS2746138/SRR6361623_1.fastq.gz /nas/longleaf/home/zpopkinh/Pvivax_resources/wgs_pe_improved_global/fastq/SRS2746138/SRR6361623_2.fastq.gz
Processing reads on 1 core in paired-end mode ...
Finished in 8624.72 s (101 us/read; 0.59 M reads/minute).

=== Summary ===

Total read pairs processed:         85,341,608
  Read 1 with adapter:               3,163,804 (3.7%)
  Read 2 with adapter:               3,430,301 (4.0%)
Pairs written (passing filters):    85,341,600 (100.0%)

Total basepairs processed: 17,068,321,600 bp
  Read 1: 8,534,160,800 bp
  Read 2: 8,534,160,800 bp
Total written (filtered):  17,045,404,703 bp (99.9%)
  Read 1: 8,523,090,882 bp
  Read 2: 8,522,313,821 bp

=== First read: Adapter PrefixPE/1 ===

Sequence: TACACTCTTTCCCTACACGACGCTCTTCCGATCT; Type: regular 3'; Length: 34; Trimmed: 1904925 times

No. of allowed errors:
0-9 bp: 0; 10-19 bp: 1; 20-29 bp: 2; 30-34 bp: 3

Bases preceding removed adapters:
  A: 52.4%
  C: 13.7%
  G: 14.8%
  T: 19.1%
  none/other: 0.0%

Overview of removed sequences
length	count	expect	max.err	error counts
3	1078941	1333462.6	0	1078941
4	507641	333365.7	0	507641
5	292535	83341.4	0	292535
6	12614	20835.4	0	12614
7	2699	5208.8	0	2699
8	693	1302.2	0	693
9	4072	325.6	0	243 3829
10	3755	81.4	1	111 3644
11	1488	20.3	1	9 1479
12	375	5.1	1	0 375
13	69	1.3	1	2 67
14	41	0.3	1	0 41
94	1	0.0	3	0 0 0 1
100	1	0.0	3	0 0 0 1


=== First read: Adapter PrefixPE/2 ===

Sequence: GTGACTGGAGTTCAGACGTGTGCTCTTCCGATCT; Type: regular 3'; Length: 34; Trimmed: 1258879 times

No. of allowed errors:
0-9 bp: 0; 10-19 bp: 1; 20-29 bp: 2; 30-34 bp: 3

Bases preceding removed adapters:
  A: 23.9%
  C: 19.3%
  G: 27.5%
  T: 29.3%
  none/other: 0.0%

Overview of removed sequences
length	count	expect	max.err	error counts
3	972086	1333462.6	0	972086
4	235411	333365.7	0	235411
5	37649	83341.4	0	37649
6	8293	20835.4	0	8293
7	2277	5208.8	0	2277
8	261	1302.2	0	261
9	1215	325.6	0	61 1154
10	1096	81.4	1	25 1071
11	501	20.3	1	2 499
12	71	5.1	1	0 71
13	15	1.3	1	0 15
16	1	0.0	1	0 1
100	3	0.0	3	0 1 0 2


=== Second read: Adapter PrefixPE/1 ===

Sequence: TACACTCTTTCCCTACACGACGCTCTTCCGATCT; Type: regular 3'; Length: 34; Trimmed: 2025904 times

No. of allowed errors:
0-9 bp: 0; 10-19 bp: 1; 20-29 bp: 2; 30-34 bp: 3

Bases preceding removed adapters:
  A: 48.5%
  C: 12.7%
  G: 13.7%
  T: 25.1%
  none/other: 0.0%

Overview of removed sequences
length	count	expect	max.err	error counts
3	1211633	1333462.6	0	1211633
4	500386	333365.7	0	500386
5	288039	83341.4	0	288039
6	12517	20835.4	0	12517
7	2643	5208.8	0	2643
8	775	1302.2	0	775
9	4136	325.6	0	229 3907
10	3776	81.4	1	105 3671
11	1461	20.3	1	11 1450
12	400	5.1	1	2 398
13	82	1.3	1	2 80
14	52	0.3	1	0 52
15	1	0.1	1	0 1
96	1	0.0	3	1
100	2	0.0	3	0 1 1


=== Second read: Adapter PrefixPE/2 ===

Sequence: GTGACTGGAGTTCAGACGTGTGCTCTTCCGATCT; Type: regular 3'; Length: 34; Trimmed: 1404397 times

No. of allowed errors:
0-9 bp: 0; 10-19 bp: 1; 20-29 bp: 2; 30-34 bp: 3

Bases preceding removed adapters:
  A: 20.9%
  C: 25.5%
  G: 27.4%
  T: 26.2%
  none/other: 0.0%

Overview of removed sequences
length	count	expect	max.err	error counts
3	1123641	1333462.6	0	1123641
4	229959	333365.7	0	229959
5	37297	83341.4	0	37297
6	8078	20835.4	0	8078
7	2241	5208.8	0	2241
8	276	1302.2	0	276
9	1240	325.6	0	65 1175
10	1121	81.4	1	22 1099
11	451	20.3	1	1 450
12	73	5.1	1	0 73
13	20	1.3	1	0 20
