This is cutadapt 2.9 with Python 3.6.6
Command line parameters: --interleaved -a file:/nas02/apps/trimmomatic-0.36/Trimmomatic-0.36/adapters/TruSeq3-PE.fa -A file:/nas02/apps/trimmomatic-0.36/Trimmomatic-0.36/adapters/TruSeq3-PE.fa -m 30 /nas/longleaf/home/zpopkinh/Pvivax_resources/new_seqs_2021/fastq/MDP4260/MDP4260_1.fastq.gz /nas/longleaf/home/zpopkinh/Pvivax_resources/new_seqs_2021/fastq/MDP4260/MDP4260_2.fastq.gz
Processing reads on 1 core in paired-end mode ...
Finished in 607.42 s (138 us/read; 0.44 M reads/minute).

=== Summary ===

Total read pairs processed:          4,406,340
  Read 1 with adapter:                 134,335 (3.0%)
  Read 2 with adapter:                 173,076 (3.9%)
Pairs written (passing filters):     4,406,340 (100.0%)

Total basepairs processed: 1,321,902,000 bp
  Read 1:   660,951,000 bp
  Read 2:   660,951,000 bp
Total written (filtered):  1,320,888,690 bp (99.9%)
  Read 1:   660,501,408 bp
  Read 2:   660,387,282 bp

=== First read: Adapter PrefixPE/1 ===

Sequence: TACACTCTTTCCCTACACGACGCTCTTCCGATCT; Type: regular 3'; Length: 34; Trimmed: 74422 times

No. of allowed errors:
0-9 bp: 0; 10-19 bp: 1; 20-29 bp: 2; 30-34 bp: 3

Bases preceding removed adapters:
  A: 22.0%
  C: 18.6%
  G: 19.4%
  T: 40.0%
  none/other: 0.0%

Overview of removed sequences
length	count	expect	max.err	error counts
3	53636	68849.1	0	53636
4	15956	17212.3	0	15956
5	3429	4303.1	0	3429
6	681	1075.8	0	681
7	163	268.9	0	163
8	36	67.2	0	36
9	216	16.8	0	9 207
10	225	4.2	1	4 221
11	64	1.1	1	2 62
12	11	0.3	1	0 11
13	4	0.1	1	0 4
15	1	0.0	1	0 1


=== First read: Adapter PrefixPE/2 ===

Sequence: GTGACTGGAGTTCAGACGTGTGCTCTTCCGATCT; Type: regular 3'; Length: 34; Trimmed: 59913 times

No. of allowed errors:
0-9 bp: 0; 10-19 bp: 1; 20-29 bp: 2; 30-34 bp: 3

Bases preceding removed adapters:
  A: 24.0%
  C: 18.7%
  G: 27.5%
  T: 29.8%
  none/other: 0.0%

Overview of removed sequences
length	count	expect	max.err	error counts
3	46466	68849.1	0	46466
4	10965	17212.3	0	10965
5	1812	4303.1	0	1812
6	400	1075.8	0	400
7	82	268.9	0	82
8	14	67.2	0	14
9	86	16.8	0	4 82
10	53	4.2	1	2 51
11	26	1.1	1	0 26
12	8	0.3	1	0 8
13	1	0.1	1	0 1


=== Second read: Adapter PrefixPE/1 ===

Sequence: TACACTCTTTCCCTACACGACGCTCTTCCGATCT; Type: regular 3'; Length: 34; Trimmed: 58792 times

No. of allowed errors:
0-9 bp: 0; 10-19 bp: 1; 20-29 bp: 2; 30-34 bp: 3

Bases preceding removed adapters:
  A: 26.5%
  C: 22.6%
  G: 24.3%
  T: 26.6%
  none/other: 0.0%

Overview of removed sequences
length	count	expect	max.err	error counts
3	39433	68849.1	0	39433
4	14531	17212.3	0	14531
5	3440	4303.1	0	3440
6	720	1075.8	0	720
7	155	268.9	0	155
8	28	67.2	0	28
9	209	16.8	0	10 199
10	187	4.2	1	7 180
11	72	1.1	1	1 71
12	13	0.3	1	1 12
13	2	0.1	1	0 2
15	2	0.0	1	0 2


=== Second read: Adapter PrefixPE/2 ===

Sequence: GTGACTGGAGTTCAGACGTGTGCTCTTCCGATCT; Type: regular 3'; Length: 34; Trimmed: 114284 times

No. of allowed errors:
0-9 bp: 0; 10-19 bp: 1; 20-29 bp: 2; 30-34 bp: 3

Bases preceding removed adapters:
  A: 24.4%
  C: 23.4%
  G: 25.2%
  T: 27.0%
  none/other: 0.0%

Overview of removed sequences
length	count	expect	max.err	error counts
3	101387	68849.1	0	101387
4	10479	17212.3	0	10479
5	1702	4303.1	0	1702
6	426	1075.8	0	426
7	100	268.9	0	100
8	23	67.2	0	23
9	67	16.8	0	6 61
10	69	4.2	1	3 66
11	23	1.1	1	0 23
12	6	0.3	1	1 5
21	1	0.0	2	0 1
45	1	0.0	3	0 0 1
