This is cutadapt 2.9 with Python 3.6.6
Command line parameters: --interleaved -a file:/nas02/apps/trimmomatic-0.36/Trimmomatic-0.36/adapters/TruSeq3-PE.fa -A file:/nas02/apps/trimmomatic-0.36/Trimmomatic-0.36/adapters/TruSeq3-PE.fa -m 30 /nas/longleaf/home/zpopkinh/Pvivax_resources/new_seqs_2021/fastq/MDP6046/MDP6046_1.fastq.gz /nas/longleaf/home/zpopkinh/Pvivax_resources/new_seqs_2021/fastq/MDP6046/MDP6046_2.fastq.gz
Processing reads on 1 core in paired-end mode ...
Finished in 489.15 s (125 us/read; 0.48 M reads/minute).

=== Summary ===

Total read pairs processed:          3,898,457
  Read 1 with adapter:                 108,868 (2.8%)
  Read 2 with adapter:                 155,005 (4.0%)
Pairs written (passing filters):     3,898,452 (100.0%)

Total basepairs processed: 1,169,537,100 bp
  Read 1:   584,768,550 bp
  Read 2:   584,768,550 bp
Total written (filtered):  1,168,665,440 bp (99.9%)
  Read 1:   584,401,561 bp
  Read 2:   584,263,879 bp

=== First read: Adapter PrefixPE/1 ===

Sequence: TACACTCTTTCCCTACACGACGCTCTTCCGATCT; Type: regular 3'; Length: 34; Trimmed: 52556 times

No. of allowed errors:
0-9 bp: 0; 10-19 bp: 1; 20-29 bp: 2; 30-34 bp: 3

Bases preceding removed adapters:
  A: 25.5%
  C: 22.5%
  G: 25.0%
  T: 27.0%
  none/other: 0.0%

Overview of removed sequences
length	count	expect	max.err	error counts
3	35561	60913.4	0	35561
4	12780	15228.3	0	12780
5	3015	3807.1	0	3015
6	571	951.8	0	571
7	142	237.9	0	142
8	30	59.5	0	30
9	170	14.9	0	9 161
10	201	3.7	1	2 199
11	64	0.9	1	0 64
12	14	0.2	1	0 14
13	1	0.1	1	0 1
14	1	0.0	1	0 1
114	2	0.0	3	0 1 0 1
121	1	0.0	3	0 1
142	1	0.0	3	0 0 0 1
143	2	0.0	3	0 1 1


=== First read: Adapter PrefixPE/2 ===

Sequence: GTGACTGGAGTTCAGACGTGTGCTCTTCCGATCT; Type: regular 3'; Length: 34; Trimmed: 56312 times

No. of allowed errors:
0-9 bp: 0; 10-19 bp: 1; 20-29 bp: 2; 30-34 bp: 3

Bases preceding removed adapters:
  A: 23.1%
  C: 19.2%
  G: 27.9%
  T: 29.8%
  none/other: 0.0%

Overview of removed sequences
length	count	expect	max.err	error counts
3	44661	60913.4	0	44661
4	9483	15228.3	0	9483
5	1592	3807.1	0	1592
6	325	951.8	0	325
7	81	237.9	0	81
8	15	59.5	0	15
9	70	14.9	0	4 66
10	52	3.7	1	1 51
11	27	0.9	1	0 27
12	3	0.2	1	1 2
13	3	0.1	1	0 3


=== Second read: Adapter PrefixPE/1 ===

Sequence: TACACTCTTTCCCTACACGACGCTCTTCCGATCT; Type: regular 3'; Length: 34; Trimmed: 51222 times

No. of allowed errors:
0-9 bp: 0; 10-19 bp: 1; 20-29 bp: 2; 30-34 bp: 3

Bases preceding removed adapters:
  A: 26.2%
  C: 23.0%
  G: 24.4%
  T: 26.4%
  none/other: 0.0%

Overview of removed sequences
length	count	expect	max.err	error counts
3	34533	60913.4	0	34533
4	12486	15228.3	0	12486
5	3007	3807.1	0	3007
6	597	951.8	0	597
7	133	237.9	0	133
8	25	59.5	0	25
9	186	14.9	0	15 171
10	174	3.7	1	7 167
11	55	0.9	1	0 55
12	22	0.2	1	0 22
13	2	0.1	1	0 2
14	1	0.0	1	0 1
15	1	0.0	1	0 1


=== Second read: Adapter PrefixPE/2 ===

Sequence: GTGACTGGAGTTCAGACGTGTGCTCTTCCGATCT; Type: regular 3'; Length: 34; Trimmed: 103783 times

No. of allowed errors:
0-9 bp: 0; 10-19 bp: 1; 20-29 bp: 2; 30-34 bp: 3

Bases preceding removed adapters:
  A: 24.4%
  C: 23.9%
  G: 24.7%
  T: 27.0%
  none/other: 0.0%

Overview of removed sequences
length	count	expect	max.err	error counts
3	92135	60913.4	0	92135
4	9482	15228.3	0	9482
5	1611	3807.1	0	1611
6	338	951.8	0	338
7	82	237.9	0	82
8	18	59.5	0	18
9	50	14.9	0	1 49
10	42	3.7	1	1 41
11	21	0.9	1	0 21
12	2	0.2	1	0 2
33	1	0.0	3	0 0 0 1
122	1	0.0	3	0 0 0 1
