This is cutadapt 2.9 with Python 3.6.6
Command line parameters: --interleaved -a file:/nas02/apps/trimmomatic-0.36/Trimmomatic-0.36/adapters/TruSeq3-PE.fa -A file:/nas02/apps/trimmomatic-0.36/Trimmomatic-0.36/adapters/TruSeq3-PE.fa -m 30 /nas/longleaf/home/zpopkinh/Pvivax_resources/wgs_pe_improved_global/fastq/SRS694246/SRR1568077_1.fastq.gz /nas/longleaf/home/zpopkinh/Pvivax_resources/wgs_pe_improved_global/fastq/SRS694246/SRR1568077_2.fastq.gz
Processing reads on 1 core in paired-end mode ...
Finished in 1090.92 s (64 us/read; 0.94 M reads/minute).

=== Summary ===

Total read pairs processed:         17,074,991
  Read 1 with adapter:                 625,249 (3.7%)
  Read 2 with adapter:                 648,456 (3.8%)
Pairs written (passing filters):    17,074,991 (100.0%)

Total basepairs processed: 3,449,148,182 bp
  Read 1: 1,724,574,091 bp
  Read 2: 1,724,574,091 bp
Total written (filtered):  3,444,878,729 bp (99.9%)
  Read 1: 1,722,473,314 bp
  Read 2: 1,722,405,415 bp

=== First read: Adapter PrefixPE/1 ===

Sequence: TACACTCTTTCCCTACACGACGCTCTTCCGATCT; Type: regular 3'; Length: 34; Trimmed: 282111 times

No. of allowed errors:
0-9 bp: 0; 10-19 bp: 1; 20-29 bp: 2; 30-34 bp: 3

Bases preceding removed adapters:
  A: 23.2%
  C: 25.3%
  G: 27.4%
  T: 24.1%
  none/other: 0.0%

Overview of removed sequences
length	count	expect	max.err	error counts
3	193590	266796.7	0	193590
4	64198	66699.2	0	64198
5	18114	16674.8	0	18114
6	3199	4168.7	0	3199
7	872	1042.2	0	872
8	191	260.5	0	191
9	718	65.1	0	64 654
10	838	16.3	1	25 813
11	280	4.1	1	3 277
12	83	1.0	1	5 78
13	25	0.3	1	0 25
14	3	0.1	1	0 3


=== First read: Adapter PrefixPE/2 ===

Sequence: GTGACTGGAGTTCAGACGTGTGCTCTTCCGATCT; Type: regular 3'; Length: 34; Trimmed: 343138 times

No. of allowed errors:
0-9 bp: 0; 10-19 bp: 1; 20-29 bp: 2; 30-34 bp: 3

Bases preceding removed adapters:
  A: 22.2%
  C: 20.3%
  G: 28.6%
  T: 28.9%
  none/other: 0.0%

Overview of removed sequences
length	count	expect	max.err	error counts
3	269031	266796.7	0	269031
4	59542	66699.2	0	59542
5	10622	16674.8	0	10622
6	2271	4168.7	0	2271
7	570	1042.2	0	570
8	121	260.5	0	121
9	454	65.1	0	15 439
10	355	16.3	1	10 345
11	132	4.1	1	1 131
12	32	1.0	1	0 32
13	6	0.3	1	0 6
14	1	0.1	1	0 1
15	1	0.0	1	0 1


=== Second read: Adapter PrefixPE/1 ===

Sequence: TACACTCTTTCCCTACACGACGCTCTTCCGATCT; Type: regular 3'; Length: 34; Trimmed: 280714 times

No. of allowed errors:
0-9 bp: 0; 10-19 bp: 1; 20-29 bp: 2; 30-34 bp: 3

Bases preceding removed adapters:
  A: 23.4%
  C: 25.0%
  G: 27.1%
  T: 24.5%
  none/other: 0.0%

Overview of removed sequences
length	count	expect	max.err	error counts
3	191918	266796.7	0	191918
4	64719	66699.2	0	64719
5	17972	16674.8	0	17972
6	3197	4168.7	0	3197
7	800	1042.2	0	800
8	211	260.5	0	211
9	693	65.1	0	71 622
10	793	16.3	1	31 762
11	291	4.1	1	3 288
12	93	1.0	1	3 90
13	19	0.3	1	1 18
14	6	0.1	1	0 6
36	1	0.0	3	0 1
39	1	0.0	3	0 0 1


=== Second read: Adapter PrefixPE/2 ===

Sequence: GTGACTGGAGTTCAGACGTGTGCTCTTCCGATCT; Type: regular 3'; Length: 34; Trimmed: 367742 times

No. of allowed errors:
0-9 bp: 0; 10-19 bp: 1; 20-29 bp: 2; 30-34 bp: 3

Bases preceding removed adapters:
  A: 21.6%
  C: 25.1%
  G: 26.4%
  T: 27.0%
  none/other: 0.0%

Overview of removed sequences
length	count	expect	max.err	error counts
3	294678	266796.7	0	294678
4	58690	66699.2	0	58690
5	10472	16674.8	0	10472
6	2298	4168.7	0	2298
7	611	1042.2	0	611
8	107	260.5	0	107
9	399	65.1	0	18 381
10	318	16.3	1	9 309
11	137	4.1	1	1 136
12	25	1.0	1	0 25
13	3	0.3	1	0 3
25	1	0.0	2	0 0 1
26	1	0.0	2	0 0 1
31	1	0.0	3	0 0 1
52	1	0.0	3	0 0 1
