This is cutadapt 2.9 with Python 3.6.6
Command line parameters: --interleaved -a file:/nas02/apps/trimmomatic-0.36/Trimmomatic-0.36/adapters/TruSeq3-PE.fa -A file:/nas02/apps/trimmomatic-0.36/Trimmomatic-0.36/adapters/TruSeq3-PE.fa -m 30 /nas/longleaf/home/zpopkinh/Pvivax_resources/wgs_pe_improved_global/fastq/ERS150822/ERR175555_1.fastq.gz /nas/longleaf/home/zpopkinh/Pvivax_resources/wgs_pe_improved_global/fastq/ERS150822/ERR175555_2.fastq.gz
Processing reads on 1 core in paired-end mode ...
Finished in 133.82 s (88 us/read; 0.68 M reads/minute).

=== Summary ===

Total read pairs processed:          1,524,582
  Read 1 with adapter:                  55,713 (3.7%)
  Read 2 with adapter:                  54,356 (3.6%)
Pairs written (passing filters):     1,524,582 (100.0%)

Total basepairs processed:   304,916,400 bp
  Read 1:   152,458,200 bp
  Read 2:   152,458,200 bp
Total written (filtered):    304,541,681 bp (99.9%)
  Read 1:   152,268,808 bp
  Read 2:   152,272,873 bp

=== First read: Adapter PrefixPE/1 ===

Sequence: TACACTCTTTCCCTACACGACGCTCTTCCGATCT; Type: regular 3'; Length: 34; Trimmed: 30363 times

No. of allowed errors:
0-9 bp: 0; 10-19 bp: 1; 20-29 bp: 2; 30-34 bp: 3

Bases preceding removed adapters:
  A: 30.0%
  C: 17.3%
  G: 24.3%
  T: 28.5%
  none/other: 0.0%

Overview of removed sequences
length	count	expect	max.err	error counts
3	19905	23821.6	0	19905
4	8125	5955.4	0	8125
5	1551	1488.8	0	1551
6	340	372.2	0	340
7	95	93.1	0	95
8	18	23.3	0	18
9	74	5.8	0	6 68
10	199	1.5	1	2 197
11	45	0.4	1	0 45
12	8	0.1	1	0 8
13	3	0.0	1	0 3


=== First read: Adapter PrefixPE/2 ===

Sequence: GTGACTGGAGTTCAGACGTGTGCTCTTCCGATCT; Type: regular 3'; Length: 34; Trimmed: 25350 times

No. of allowed errors:
0-9 bp: 0; 10-19 bp: 1; 20-29 bp: 2; 30-34 bp: 3

Bases preceding removed adapters:
  A: 26.6%
  C: 15.5%
  G: 23.6%
  T: 34.3%
  none/other: 0.0%

Overview of removed sequences
length	count	expect	max.err	error counts
3	19759	23821.6	0	19759
4	4608	5955.4	0	4608
5	697	1488.8	0	697
6	165	372.2	0	165
7	31	93.1	0	31
8	5	23.3	0	5
9	29	5.8	0	2 27
10	37	1.5	1	2 35
11	14	0.4	1	0 14
12	4	0.1	1	0 4
13	1	0.0	1	0 1


=== Second read: Adapter PrefixPE/1 ===

Sequence: TACACTCTTTCCCTACACGACGCTCTTCCGATCT; Type: regular 3'; Length: 34; Trimmed: 30282 times

No. of allowed errors:
0-9 bp: 0; 10-19 bp: 1; 20-29 bp: 2; 30-34 bp: 3

Bases preceding removed adapters:
  A: 29.8%
  C: 17.1%
  G: 23.7%
  T: 29.4%
  none/other: 0.0%

Overview of removed sequences
length	count	expect	max.err	error counts
3	19698	23821.6	0	19698
4	8166	5955.4	0	8166
5	1580	1488.8	0	1580
6	367	372.2	0	367
7	108	93.1	0	108
8	16	23.3	0	16
9	72	5.8	0	11 61
10	225	1.5	1	6 219
11	44	0.4	1	0 44
12	4	0.1	1	0 4
13	2	0.0	1	0 2


=== Second read: Adapter PrefixPE/2 ===

Sequence: GTGACTGGAGTTCAGACGTGTGCTCTTCCGATCT; Type: regular 3'; Length: 34; Trimmed: 24074 times

No. of allowed errors:
0-9 bp: 0; 10-19 bp: 1; 20-29 bp: 2; 30-34 bp: 3

Bases preceding removed adapters:
  A: 25.6%
  C: 15.8%
  G: 23.3%
  T: 35.4%
  none/other: 0.0%

Overview of removed sequences
length	count	expect	max.err	error counts
3	18718	23821.6	0	18718
4	4430	5955.4	0	4430
5	645	1488.8	0	645
6	164	372.2	0	164
7	34	93.1	0	34
8	5	23.3	0	5
9	37	5.8	0	2 35
10	24	1.5	1	2 22
11	11	0.4	1	0 11
12	6	0.1	1	0 6
