This is cutadapt 2.9 with Python 3.6.6
Command line parameters: --interleaved -a file:/nas02/apps/trimmomatic-0.36/Trimmomatic-0.36/adapters/TruSeq3-PE.fa -A file:/nas02/apps/trimmomatic-0.36/Trimmomatic-0.36/adapters/TruSeq3-PE.fa -m 30 /nas/longleaf/home/zpopkinh/Pvivax_resources/wgs_pe_improved_global/fastq/ERS150822/ERR484716_1.fastq.gz /nas/longleaf/home/zpopkinh/Pvivax_resources/wgs_pe_improved_global/fastq/ERS150822/ERR484716_2.fastq.gz
Processing reads on 1 core in paired-end mode ...
Finished in 7.98 s (47 us/read; 1.28 M reads/minute).

=== Summary ===

Total read pairs processed:            169,759
  Read 1 with adapter:                   6,315 (3.7%)
  Read 2 with adapter:                   6,278 (3.7%)
Pairs written (passing filters):       169,759 (100.0%)

Total basepairs processed:    33,951,800 bp
  Read 1:    16,975,900 bp
  Read 2:    16,975,900 bp
Total written (filtered):     33,908,922 bp (99.9%)
  Read 1:    16,954,431 bp
  Read 2:    16,954,491 bp

=== First read: Adapter PrefixPE/1 ===

Sequence: TACACTCTTTCCCTACACGACGCTCTTCCGATCT; Type: regular 3'; Length: 34; Trimmed: 3556 times

No. of allowed errors:
0-9 bp: 0; 10-19 bp: 1; 20-29 bp: 2; 30-34 bp: 3

Bases preceding removed adapters:
  A: 31.8%
  C: 16.3%
  G: 23.8%
  T: 28.0%
  none/other: 0.0%

Overview of removed sequences
length	count	expect	max.err	error counts
3	2344	2652.5	0	2344
4	954	663.1	0	954
5	165	165.8	0	165
6	37	41.4	0	37
7	14	10.4	0	14
8	3	2.6	0	3
9	11	0.6	0	3 8
10	23	0.2	1	0 23
11	5	0.0	1	0 5


=== First read: Adapter PrefixPE/2 ===

Sequence: GTGACTGGAGTTCAGACGTGTGCTCTTCCGATCT; Type: regular 3'; Length: 34; Trimmed: 2759 times

No. of allowed errors:
0-9 bp: 0; 10-19 bp: 1; 20-29 bp: 2; 30-34 bp: 3

Bases preceding removed adapters:
  A: 27.6%
  C: 16.1%
  G: 23.0%
  T: 33.3%
  none/other: 0.0%

Overview of removed sequences
length	count	expect	max.err	error counts
3	2124	2652.5	0	2124
4	537	663.1	0	537
5	68	165.8	0	68
6	20	41.4	0	20
7	3	10.4	0	3
9	4	0.6	0	0 4
10	2	0.2	1	0 2
11	1	0.0	1	0 1


=== Second read: Adapter PrefixPE/1 ===

Sequence: TACACTCTTTCCCTACACGACGCTCTTCCGATCT; Type: regular 3'; Length: 34; Trimmed: 3577 times

No. of allowed errors:
0-9 bp: 0; 10-19 bp: 1; 20-29 bp: 2; 30-34 bp: 3

Bases preceding removed adapters:
  A: 29.0%
  C: 17.4%
  G: 23.8%
  T: 29.8%
  none/other: 0.0%

Overview of removed sequences
length	count	expect	max.err	error counts
3	2335	2652.5	0	2335
4	931	663.1	0	931
5	198	165.8	0	198
6	56	41.4	0	56
7	10	10.4	0	10
8	3	2.6	0	3
9	11	0.6	0	2 9
10	28	0.2	1	1 27
11	3	0.0	1	0 3
12	1	0.0	1	0 1
14	1	0.0	1	0 1


=== Second read: Adapter PrefixPE/2 ===

Sequence: GTGACTGGAGTTCAGACGTGTGCTCTTCCGATCT; Type: regular 3'; Length: 34; Trimmed: 2701 times

No. of allowed errors:
0-9 bp: 0; 10-19 bp: 1; 20-29 bp: 2; 30-34 bp: 3

Bases preceding removed adapters:
  A: 26.7%
  C: 16.1%
  G: 21.5%
  T: 35.7%
  none/other: 0.0%

Overview of removed sequences
length	count	expect	max.err	error counts
3	2114	2652.5	0	2114
4	497	663.1	0	497
5	71	165.8	0	71
6	10	41.4	0	10
7	3	10.4	0	3
9	4	0.6	0	1 3
10	2	0.2	1	0 2
