This is cutadapt 2.9 with Python 3.6.6
Command line parameters: --interleaved -a file:/nas02/apps/trimmomatic-0.36/Trimmomatic-0.36/adapters/TruSeq3-PE.fa -A file:/nas02/apps/trimmomatic-0.36/Trimmomatic-0.36/adapters/TruSeq3-PE.fa -m 30 /nas/longleaf/home/zpopkinh/Pvivax_resources/wgs_pe_improved_global/fastq/ERS150822/ERR490257_1.fastq.gz /nas/longleaf/home/zpopkinh/Pvivax_resources/wgs_pe_improved_global/fastq/ERS150822/ERR490257_2.fastq.gz
Processing reads on 1 core in paired-end mode ...
Finished in 5.20 s (50 us/read; 1.21 M reads/minute).

=== Summary ===

Total read pairs processed:            104,897
  Read 1 with adapter:                   3,891 (3.7%)
  Read 2 with adapter:                   3,795 (3.6%)
Pairs written (passing filters):       104,896 (100.0%)

Total basepairs processed:    20,979,400 bp
  Read 1:    10,489,700 bp
  Read 2:    10,489,700 bp
Total written (filtered):     20,952,997 bp (99.9%)
  Read 1:    10,476,354 bp
  Read 2:    10,476,643 bp

=== First read: Adapter PrefixPE/1 ===

Sequence: TACACTCTTTCCCTACACGACGCTCTTCCGATCT; Type: regular 3'; Length: 34; Trimmed: 2184 times

No. of allowed errors:
0-9 bp: 0; 10-19 bp: 1; 20-29 bp: 2; 30-34 bp: 3

Bases preceding removed adapters:
  A: 29.4%
  C: 17.7%
  G: 24.5%
  T: 28.3%
  none/other: 0.0%

Overview of removed sequences
length	count	expect	max.err	error counts
3	1428	1639.0	0	1428
4	598	409.8	0	598
5	104	102.4	0	104
6	23	25.6	0	23
7	11	6.4	0	11
8	1	1.6	0	1
9	2	0.4	0	0 2
10	14	0.1	1	0 14
11	2	0.0	1	0 2
100	1	0.0	3	0 0 0 1


=== First read: Adapter PrefixPE/2 ===

Sequence: GTGACTGGAGTTCAGACGTGTGCTCTTCCGATCT; Type: regular 3'; Length: 34; Trimmed: 1707 times

No. of allowed errors:
0-9 bp: 0; 10-19 bp: 1; 20-29 bp: 2; 30-34 bp: 3

Bases preceding removed adapters:
  A: 25.8%
  C: 15.1%
  G: 24.1%
  T: 35.0%
  none/other: 0.0%

Overview of removed sequences
length	count	expect	max.err	error counts
3	1313	1639.0	0	1313
4	318	409.8	0	318
5	54	102.4	0	54
6	10	25.6	0	10
7	2	6.4	0	2
8	1	1.6	0	1
9	7	0.4	0	0 7
10	1	0.1	1	0 1
11	1	0.0	1	0 1


=== Second read: Adapter PrefixPE/1 ===

Sequence: TACACTCTTTCCCTACACGACGCTCTTCCGATCT; Type: regular 3'; Length: 34; Trimmed: 2134 times

No. of allowed errors:
0-9 bp: 0; 10-19 bp: 1; 20-29 bp: 2; 30-34 bp: 3

Bases preceding removed adapters:
  A: 31.2%
  C: 17.6%
  G: 23.0%
  T: 28.2%
  none/other: 0.0%

Overview of removed sequences
length	count	expect	max.err	error counts
3	1376	1639.0	0	1376
4	592	409.8	0	592
5	114	102.4	0	114
6	18	25.6	0	18
7	6	6.4	0	6
8	2	1.6	0	2
9	5	0.4	0	0 5
10	15	0.1	1	1 14
11	5	0.0	1	0 5
12	1	0.0	1	0 1


=== Second read: Adapter PrefixPE/2 ===

Sequence: GTGACTGGAGTTCAGACGTGTGCTCTTCCGATCT; Type: regular 3'; Length: 34; Trimmed: 1661 times

No. of allowed errors:
0-9 bp: 0; 10-19 bp: 1; 20-29 bp: 2; 30-34 bp: 3

Bases preceding removed adapters:
  A: 25.6%
  C: 17.6%
  G: 23.5%
  T: 33.3%
  none/other: 0.0%

Overview of removed sequences
length	count	expect	max.err	error counts
3	1290	1639.0	0	1290
4	305	409.8	0	305
5	48	102.4	0	48
6	9	25.6	0	9
7	2	6.4	0	2
8	2	1.6	0	2
9	2	0.4	0	1 1
10	2	0.1	1	0 2
11	1	0.0	1	0 1
