This is cutadapt 2.9 with Python 3.6.6
Command line parameters: --interleaved -a file:/nas02/apps/trimmomatic-0.36/Trimmomatic-0.36/adapters/TruSeq3-PE.fa -A file:/nas02/apps/trimmomatic-0.36/Trimmomatic-0.36/adapters/TruSeq3-PE.fa -m 30 /nas/longleaf/home/zpopkinh/Pvivax_resources/wgs_pe_improved_global/fastq/SRS2746068/SRR6361696_1.fastq.gz /nas/longleaf/home/zpopkinh/Pvivax_resources/wgs_pe_improved_global/fastq/SRS2746068/SRR6361696_2.fastq.gz
Processing reads on 1 core in paired-end mode ...
Finished in 2147.67 s (77 us/read; 0.78 M reads/minute).

=== Summary ===

Total read pairs processed:         27,865,929
  Read 1 with adapter:               1,108,710 (4.0%)
  Read 2 with adapter:               1,460,112 (5.2%)
Pairs written (passing filters):    27,865,926 (100.0%)

Total basepairs processed: 5,573,185,800 bp
  Read 1: 2,786,592,900 bp
  Read 2: 2,786,592,900 bp
Total written (filtered):  5,564,185,456 bp (99.8%)
  Read 1: 2,782,618,364 bp
  Read 2: 2,781,567,092 bp

=== First read: Adapter PrefixPE/1 ===

Sequence: TACACTCTTTCCCTACACGACGCTCTTCCGATCT; Type: regular 3'; Length: 34; Trimmed: 694999 times

No. of allowed errors:
0-9 bp: 0; 10-19 bp: 1; 20-29 bp: 2; 30-34 bp: 3

Bases preceding removed adapters:
  A: 72.8%
  C: 9.2%
  G: 10.3%
  T: 7.8%
  none/other: 0.0%

Overview of removed sequences
length	count	expect	max.err	error counts
3	332511	435405.1	0	332511
4	198244	108851.3	0	198244
5	160243	27212.8	0	160243
6	2100	6803.2	0	2100
7	377	1700.8	0	377
8	158	425.2	0	158
9	502	106.3	0	28 474
10	506	26.6	1	22 484
11	274	6.6	1	0 274
12	61	1.7	1	0 61
13	16	0.4	1	0 16
14	6	0.1	1	0 6
15	1	0.0	1	0 1


=== First read: Adapter PrefixPE/2 ===

Sequence: GTGACTGGAGTTCAGACGTGTGCTCTTCCGATCT; Type: regular 3'; Length: 34; Trimmed: 413711 times

No. of allowed errors:
0-9 bp: 0; 10-19 bp: 1; 20-29 bp: 2; 30-34 bp: 3

Bases preceding removed adapters:
  A: 15.5%
  C: 32.1%
  G: 32.8%
  T: 19.6%
  none/other: 0.0%

Overview of removed sequences
length	count	expect	max.err	error counts
3	331000	435405.1	0	331000
4	64000	108851.3	0	64000
5	14350	27212.8	0	14350
6	2220	6803.2	0	2220
7	793	1700.8	0	793
8	127	425.2	0	127
9	642	106.3	0	11 631
10	434	26.6	1	4 430
11	118	6.6	1	1 117
12	23	1.7	1	0 23
13	4	0.4	1	0 4


=== Second read: Adapter PrefixPE/1 ===

Sequence: TACACTCTTTCCCTACACGACGCTCTTCCGATCT; Type: regular 3'; Length: 34; Trimmed: 831338 times

No. of allowed errors:
0-9 bp: 0; 10-19 bp: 1; 20-29 bp: 2; 30-34 bp: 3

Bases preceding removed adapters:
  A: 60.1%
  C: 7.7%
  G: 8.7%
  T: 23.4%
  none/other: 0.0%

Overview of removed sequences
length	count	expect	max.err	error counts
3	470151	435405.1	0	470151
4	197602	108851.3	0	197602
5	159503	27212.8	0	159503
6	2134	6803.2	0	2134
7	452	1700.8	0	452
8	142	425.2	0	142
9	562	106.3	0	37 525
10	497	26.6	1	16 481
11	212	6.6	1	0 212
12	51	1.7	1	0 51
13	17	0.4	1	0 17
14	8	0.1	1	0 8
15	4	0.0	1	0 4
82	1	0.0	3	0 0 0 1
83	1	0.0	3	0 0 1
100	1	0.0	3	0 0 1


=== Second read: Adapter PrefixPE/2 ===

Sequence: GTGACTGGAGTTCAGACGTGTGCTCTTCCGATCT; Type: regular 3'; Length: 34; Trimmed: 628774 times

No. of allowed errors:
0-9 bp: 0; 10-19 bp: 1; 20-29 bp: 2; 30-34 bp: 3

Bases preceding removed adapters:
  A: 10.1%
  C: 41.6%
  G: 34.0%
  T: 14.2%
  none/other: 0.0%

Overview of removed sequences
length	count	expect	max.err	error counts
3	546379	435405.1	0	546379
4	63624	108851.3	0	63624
5	14568	27212.8	0	14568
6	2219	6803.2	0	2219
7	762	1700.8	0	762
8	111	425.2	0	111
9	630	106.3	0	12 618
10	334	26.6	1	5 329
11	124	6.6	1	1 123
12	19	1.7	1	0 19
13	4	0.4	1	0 4
