This is cutadapt 2.9 with Python 3.6.6
Command line parameters: --interleaved -a file:/nas02/apps/trimmomatic-0.36/Trimmomatic-0.36/adapters/TruSeq3-PE.fa -A file:/nas02/apps/trimmomatic-0.36/Trimmomatic-0.36/adapters/TruSeq3-PE.fa -m 30 /nas/longleaf/home/zpopkinh/Pvivax_resources/wgs_pe_improved_global/fastq/SRS693272/SRR1564562_1.fastq.gz /nas/longleaf/home/zpopkinh/Pvivax_resources/wgs_pe_improved_global/fastq/SRS693272/SRR1564562_2.fastq.gz
Processing reads on 1 core in paired-end mode ...
Finished in 1.23 s (48 us/read; 1.26 M reads/minute).

=== Summary ===

Total read pairs processed:             25,756
  Read 1 with adapter:                     743 (2.9%)
  Read 2 with adapter:                     964 (3.7%)
Pairs written (passing filters):        25,756 (100.0%)

Total basepairs processed:     5,202,712 bp
  Read 1:     2,601,356 bp
  Read 2:     2,601,356 bp
Total written (filtered):      5,196,821 bp (99.9%)
  Read 1:     2,598,774 bp
  Read 2:     2,598,047 bp

=== First read: Adapter PrefixPE/1 ===

Sequence: TACACTCTTTCCCTACACGACGCTCTTCCGATCT; Type: regular 3'; Length: 34; Trimmed: 446 times

No. of allowed errors:
0-9 bp: 0; 10-19 bp: 1; 20-29 bp: 2; 30-34 bp: 3

Bases preceding removed adapters:
  A: 37.7%
  C: 27.8%
  G: 17.0%
  T: 17.5%
  none/other: 0.0%

Overview of removed sequences
length	count	expect	max.err	error counts
3	270	402.4	0	270
4	136	100.6	0	136
5	30	25.2	0	30
6	5	6.3	0	5
9	1	0.1	0	0 1
10	3	0.0	1	0 3
11	1	0.0	1	0 1


=== First read: Adapter PrefixPE/2 ===

Sequence: GTGACTGGAGTTCAGACGTGTGCTCTTCCGATCT; Type: regular 3'; Length: 34; Trimmed: 297 times

No. of allowed errors:
0-9 bp: 0; 10-19 bp: 1; 20-29 bp: 2; 30-34 bp: 3

Bases preceding removed adapters:
  A: 32.0%
  C: 11.1%
  G: 26.6%
  T: 30.3%
  none/other: 0.0%

Overview of removed sequences
length	count	expect	max.err	error counts
3	217	402.4	0	217
4	64	100.6	0	64
5	10	25.2	0	10
6	5	6.3	0	5
11	1	0.0	1	0 1


=== Second read: Adapter PrefixPE/1 ===

Sequence: TACACTCTTTCCCTACACGACGCTCTTCCGATCT; Type: regular 3'; Length: 34; Trimmed: 617 times

No. of allowed errors:
0-9 bp: 0; 10-19 bp: 1; 20-29 bp: 2; 30-34 bp: 3

Bases preceding removed adapters:
  A: 35.3%
  C: 28.7%
  G: 16.9%
  T: 19.1%
  none/other: 0.0%

Overview of removed sequences
length	count	expect	max.err	error counts
3	391	402.4	0	391
4	194	100.6	0	194
5	24	25.2	0	24
6	2	6.3	0	2
9	1	0.1	0	0 1
10	2	0.0	1	0 2
11	2	0.0	1	0 2
12	1	0.0	1	0 1


=== Second read: Adapter PrefixPE/2 ===

Sequence: GTGACTGGAGTTCAGACGTGTGCTCTTCCGATCT; Type: regular 3'; Length: 34; Trimmed: 347 times

No. of allowed errors:
0-9 bp: 0; 10-19 bp: 1; 20-29 bp: 2; 30-34 bp: 3

Bases preceding removed adapters:
  A: 30.0%
  C: 27.4%
  G: 17.0%
  T: 25.6%
  none/other: 0.0%

Overview of removed sequences
length	count	expect	max.err	error counts
3	250	402.4	0	250
4	79	100.6	0	79
5	14	25.2	0	14
6	2	6.3	0	2
7	1	1.6	0	1
10	1	0.0	1	0 1
