This is cutadapt 2.9 with Python 3.6.6
Command line parameters: --interleaved -a file:/nas02/apps/trimmomatic-0.36/Trimmomatic-0.36/adapters/TruSeq3-PE.fa -A file:/nas02/apps/trimmomatic-0.36/Trimmomatic-0.36/adapters/TruSeq3-PE.fa -m 30 /nas/longleaf/home/zpopkinh/Pvivax_resources/wgs_pe_improved_global/fastq/SRS693272/SRR1562523_1.fastq.gz /nas/longleaf/home/zpopkinh/Pvivax_resources/wgs_pe_improved_global/fastq/SRS693272/SRR1562523_2.fastq.gz
Processing reads on 1 core in paired-end mode ...
Finished in 1300.44 s (80 us/read; 0.75 M reads/minute).

=== Summary ===

Total read pairs processed:         16,190,426
  Read 1 with adapter:                 589,460 (3.6%)
  Read 2 with adapter:                 608,823 (3.8%)
Pairs written (passing filters):    16,190,421 (100.0%)

Total basepairs processed: 3,270,466,052 bp
  Read 1: 1,635,233,026 bp
  Read 2: 1,635,233,026 bp
Total written (filtered):  3,266,438,986 bp (99.9%)
  Read 1: 1,633,248,503 bp
  Read 2: 1,633,190,483 bp

=== First read: Adapter PrefixPE/1 ===

Sequence: TACACTCTTTCCCTACACGACGCTCTTCCGATCT; Type: regular 3'; Length: 34; Trimmed: 290439 times

No. of allowed errors:
0-9 bp: 0; 10-19 bp: 1; 20-29 bp: 2; 30-34 bp: 3

Bases preceding removed adapters:
  A: 25.5%
  C: 23.0%
  G: 24.9%
  T: 26.6%
  none/other: 0.0%

Overview of removed sequences
length	count	expect	max.err	error counts
3	198536	252975.4	0	198536
4	68883	63243.9	0	68883
5	16711	15811.0	0	16711
6	3351	3952.7	0	3351
7	741	988.2	0	741
8	140	247.0	0	140
9	713	61.8	0	86 627
10	921	15.4	1	28 893
11	342	3.9	1	4 338
12	72	1.0	1	0 72
13	25	0.2	1	0 25
14	4	0.1	1	0 4


=== First read: Adapter PrefixPE/2 ===

Sequence: GTGACTGGAGTTCAGACGTGTGCTCTTCCGATCT; Type: regular 3'; Length: 34; Trimmed: 299021 times

No. of allowed errors:
0-9 bp: 0; 10-19 bp: 1; 20-29 bp: 2; 30-34 bp: 3

Bases preceding removed adapters:
  A: 23.6%
  C: 18.6%
  G: 27.6%
  T: 30.1%
  none/other: 0.0%

Overview of removed sequences
length	count	expect	max.err	error counts
3	233029	252975.4	0	233029
4	53664	63243.9	0	53664
5	8950	15811.0	0	8950
6	2049	3952.7	0	2049
7	483	988.2	0	483
8	70	247.0	0	70
9	386	61.8	0	16 370
10	249	15.4	1	9 240
11	111	3.9	1	0 111
12	27	1.0	1	0 27
13	3	0.2	1	0 3


=== Second read: Adapter PrefixPE/1 ===

Sequence: TACACTCTTTCCCTACACGACGCTCTTCCGATCT; Type: regular 3'; Length: 34; Trimmed: 287315 times

No. of allowed errors:
0-9 bp: 0; 10-19 bp: 1; 20-29 bp: 2; 30-34 bp: 3

Bases preceding removed adapters:
  A: 25.7%
  C: 22.7%
  G: 24.8%
  T: 26.8%
  none/other: 0.0%

Overview of removed sequences
length	count	expect	max.err	error counts
3	196037	252975.4	0	196037
4	68238	63243.9	0	68238
5	16830	15811.0	0	16830
6	3389	3952.7	0	3389
7	738	988.2	0	738
8	138	247.0	0	138
9	705	61.8	0	69 636
10	871	15.4	1	15 856
11	280	3.9	1	0 280
12	77	1.0	1	0 77
13	10	0.2	1	0 10
14	1	0.1	1	0 1
15	1	0.0	1	0 1


=== Second read: Adapter PrefixPE/2 ===

Sequence: GTGACTGGAGTTCAGACGTGTGCTCTTCCGATCT; Type: regular 3'; Length: 34; Trimmed: 321508 times

No. of allowed errors:
0-9 bp: 0; 10-19 bp: 1; 20-29 bp: 2; 30-34 bp: 3

Bases preceding removed adapters:
  A: 23.4%
  C: 23.4%
  G: 25.4%
  T: 27.8%
  none/other: 0.0%

Overview of removed sequences
length	count	expect	max.err	error counts
3	254979	252975.4	0	254979
4	54026	63243.9	0	54026
5	8982	15811.0	0	8982
6	2081	3952.7	0	2081
7	504	988.2	0	504
8	87	247.0	0	87
9	387	61.8	0	21 366
10	296	15.4	1	10 286
11	130	3.9	1	1 129
12	24	1.0	1	0 24
13	5	0.2	1	0 5
58	2	0.0	3	0 0 2
90	1	0.0	3	0 1
93	3	0.0	3	0 1 1 1
99	1	0.0	3	0 0 1
