This is cutadapt 2.9 with Python 3.6.6
Command line parameters: --interleaved -a file:/nas02/apps/trimmomatic-0.36/Trimmomatic-0.36/adapters/TruSeq3-PE.fa -A file:/nas02/apps/trimmomatic-0.36/Trimmomatic-0.36/adapters/TruSeq3-PE.fa -m 30 /nas/longleaf/home/zpopkinh/Pvivax_resources/wgs_pe_improved_global/fastq/ERS403559/ERR527372_1.fastq.gz /nas/longleaf/home/zpopkinh/Pvivax_resources/wgs_pe_improved_global/fastq/ERS403559/ERR527372_2.fastq.gz
Processing reads on 1 core in paired-end mode ...
Finished in 1186.46 s (75 us/read; 0.79 M reads/minute).

=== Summary ===

Total read pairs processed:         15,717,513
  Read 1 with adapter:                 578,299 (3.7%)
  Read 2 with adapter:                 570,550 (3.6%)
Pairs written (passing filters):    15,717,513 (100.0%)

Total basepairs processed: 3,143,502,600 bp
  Read 1: 1,571,751,300 bp
  Read 2: 1,571,751,300 bp
Total written (filtered):  3,139,621,890 bp (99.9%)
  Read 1: 1,569,796,291 bp
  Read 2: 1,569,825,599 bp

=== First read: Adapter PrefixPE/1 ===

Sequence: TACACTCTTTCCCTACACGACGCTCTTCCGATCT; Type: regular 3'; Length: 34; Trimmed: 309789 times

No. of allowed errors:
0-9 bp: 0; 10-19 bp: 1; 20-29 bp: 2; 30-34 bp: 3

Bases preceding removed adapters:
  A: 28.9%
  C: 18.5%
  G: 22.8%
  T: 29.8%
  none/other: 0.0%

Overview of removed sequences
length	count	expect	max.err	error counts
3	206166	245586.1	0	206166
4	80045	61396.5	0	80045
5	16701	15349.1	0	16701
6	3696	3837.3	0	3696
7	684	959.3	0	684
8	177	239.8	0	177
9	911	60.0	0	59 852
10	970	15.0	1	25 945
11	336	3.7	1	4 332
12	75	0.9	1	3 72
13	22	0.2	1	0 22
14	5	0.1	1	0 5
15	1	0.0	1	0 1


=== First read: Adapter PrefixPE/2 ===

Sequence: GTGACTGGAGTTCAGACGTGTGCTCTTCCGATCT; Type: regular 3'; Length: 34; Trimmed: 268510 times

No. of allowed errors:
0-9 bp: 0; 10-19 bp: 1; 20-29 bp: 2; 30-34 bp: 3

Bases preceding removed adapters:
  A: 24.1%
  C: 18.3%
  G: 25.5%
  T: 32.1%
  none/other: 0.0%

Overview of removed sequences
length	count	expect	max.err	error counts
3	208780	245586.1	0	208780
4	49194	61396.5	0	49194
5	7672	15349.1	0	7672
6	1742	3837.3	0	1742
7	431	959.3	0	431
8	61	239.8	0	61
9	273	60.0	0	16 257
10	263	15.0	1	1 262
11	75	3.7	1	0 75
12	12	0.9	1	0 12
13	7	0.2	1	0 7


=== Second read: Adapter PrefixPE/1 ===

Sequence: TACACTCTTTCCCTACACGACGCTCTTCCGATCT; Type: regular 3'; Length: 34; Trimmed: 305791 times

No. of allowed errors:
0-9 bp: 0; 10-19 bp: 1; 20-29 bp: 2; 30-34 bp: 3

Bases preceding removed adapters:
  A: 28.9%
  C: 18.6%
  G: 22.6%
  T: 29.8%
  none/other: 0.0%

Overview of removed sequences
length	count	expect	max.err	error counts
3	204302	245586.1	0	204302
4	78584	61396.5	0	78584
5	16370	15349.1	0	16370
6	3441	3837.3	0	3441
7	676	959.3	0	676
8	154	239.8	0	154
9	914	60.0	0	67 847
10	937	15.0	1	29 908
11	315	3.7	1	6 309
12	67	0.9	1	3 64
13	19	0.2	1	0 19
14	10	0.1	1	0 10
15	2	0.0	1	0 2


=== Second read: Adapter PrefixPE/2 ===

Sequence: GTGACTGGAGTTCAGACGTGTGCTCTTCCGATCT; Type: regular 3'; Length: 34; Trimmed: 264759 times

No. of allowed errors:
0-9 bp: 0; 10-19 bp: 1; 20-29 bp: 2; 30-34 bp: 3

Bases preceding removed adapters:
  A: 23.8%
  C: 18.3%
  G: 25.6%
  T: 32.3%
  none/other: 0.0%

Overview of removed sequences
length	count	expect	max.err	error counts
3	206537	245586.1	0	206537
4	48354	61396.5	0	48354
5	7174	15349.1	0	7174
6	1700	3837.3	0	1700
7	359	959.3	0	359
8	60	239.8	0	60
9	257	60.0	0	12 245
10	215	15.0	1	5 210
11	78	3.7	1	0 78
12	19	0.9	1	0 19
13	6	0.2	1	0 6
