This is cutadapt 2.9 with Python 3.6.6
Command line parameters: --interleaved -a file:/nas02/apps/trimmomatic-0.36/Trimmomatic-0.36/adapters/TruSeq3-PE.fa -A file:/nas02/apps/trimmomatic-0.36/Trimmomatic-0.36/adapters/TruSeq3-PE.fa -m 30 /nas/longleaf/home/zpopkinh/Pvivax_resources/wgs_pe_improved_global/fastq/SRS2910007/SRR6668548_1.fastq.gz /nas/longleaf/home/zpopkinh/Pvivax_resources/wgs_pe_improved_global/fastq/SRS2910007/SRR6668548_2.fastq.gz
Processing reads on 1 core in paired-end mode ...
Finished in 188.85 s (83 us/read; 0.73 M reads/minute).

=== Summary ===

Total read pairs processed:          2,284,812
  Read 1 with adapter:                  95,266 (4.2%)
  Read 2 with adapter:                 110,993 (4.9%)
Pairs written (passing filters):     2,284,812 (100.0%)

Total basepairs processed:   456,962,400 bp
  Read 1:   228,481,200 bp
  Read 2:   228,481,200 bp
Total written (filtered):    456,244,830 bp (99.8%)
  Read 1:   228,146,256 bp
  Read 2:   228,098,574 bp

=== First read: Adapter PrefixPE/1 ===

Sequence: TACACTCTTTCCCTACACGACGCTCTTCCGATCT; Type: regular 3'; Length: 34; Trimmed: 56271 times

No. of allowed errors:
0-9 bp: 0; 10-19 bp: 1; 20-29 bp: 2; 30-34 bp: 3

Bases preceding removed adapters:
  A: 55.8%
  C: 14.3%
  G: 14.7%
  T: 15.2%
  none/other: 0.0%

Overview of removed sequences
length	count	expect	max.err	error counts
3	30830	35700.2	0	30830
4	14818	8925.0	0	14818
5	10058	2231.3	0	10058
6	306	557.8	0	306
7	39	139.5	0	39
8	11	34.9	0	11
9	85	8.7	0	1 84
10	100	2.2	1	0 100
11	19	0.5	1	0 19
12	5	0.1	1	0 5


=== First read: Adapter PrefixPE/2 ===

Sequence: GTGACTGGAGTTCAGACGTGTGCTCTTCCGATCT; Type: regular 3'; Length: 34; Trimmed: 38995 times

No. of allowed errors:
0-9 bp: 0; 10-19 bp: 1; 20-29 bp: 2; 30-34 bp: 3

Bases preceding removed adapters:
  A: 23.6%
  C: 19.7%
  G: 28.2%
  T: 28.5%
  none/other: 0.0%

Overview of removed sequences
length	count	expect	max.err	error counts
3	29904	35700.2	0	29904
4	7333	8925.0	0	7333
5	1222	2231.3	0	1222
6	404	557.8	0	404
7	66	139.5	0	66
8	10	34.9	0	10
9	27	8.7	0	0 27
10	23	2.2	1	1 22
11	5	0.5	1	0 5
13	1	0.0	1	0 1


=== Second read: Adapter PrefixPE/1 ===

Sequence: TACACTCTTTCCCTACACGACGCTCTTCCGATCT; Type: regular 3'; Length: 34; Trimmed: 56143 times

No. of allowed errors:
0-9 bp: 0; 10-19 bp: 1; 20-29 bp: 2; 30-34 bp: 3

Bases preceding removed adapters:
  A: 56.2%
  C: 13.8%
  G: 14.6%
  T: 15.4%
  none/other: 0.0%

Overview of removed sequences
length	count	expect	max.err	error counts
3	30671	35700.2	0	30671
4	14816	8925.0	0	14816
5	10094	2231.3	0	10094
6	283	557.8	0	283
7	24	139.5	0	24
8	19	34.9	0	19
9	92	8.7	0	2 90
10	122	2.2	1	0 122
11	14	0.5	1	0 14
12	7	0.1	1	0 7
14	1	0.0	1	0 1


=== Second read: Adapter PrefixPE/2 ===

Sequence: GTGACTGGAGTTCAGACGTGTGCTCTTCCGATCT; Type: regular 3'; Length: 34; Trimmed: 54850 times

No. of allowed errors:
0-9 bp: 0; 10-19 bp: 1; 20-29 bp: 2; 30-34 bp: 3

Bases preceding removed adapters:
  A: 31.3%
  C: 14.3%
  G: 34.5%
  T: 19.9%
  none/other: 0.0%

Overview of removed sequences
length	count	expect	max.err	error counts
3	45500	35700.2	0	45500
4	7558	8925.0	0	7558
5	1218	2231.3	0	1218
6	429	557.8	0	429
7	81	139.5	0	81
8	9	34.9	0	9
9	28	8.7	0	0 28
10	23	2.2	1	0 23
11	4	0.5	1	0 4
