This is cutadapt 2.9 with Python 3.6.6
Command line parameters: --interleaved -a file:/nas02/apps/trimmomatic-0.36/Trimmomatic-0.36/adapters/TruSeq3-PE.fa -A file:/nas02/apps/trimmomatic-0.36/Trimmomatic-0.36/adapters/TruSeq3-PE.fa -m 30 /nas/longleaf/home/zpopkinh/Pvivax_resources/wgs_pe_improved_global/fastq/ERS403532/ERR527340_1.fastq.gz /nas/longleaf/home/zpopkinh/Pvivax_resources/wgs_pe_improved_global/fastq/ERS403532/ERR527340_2.fastq.gz
Processing reads on 1 core in paired-end mode ...
Finished in 1444.44 s (87 us/read; 0.69 M reads/minute).

=== Summary ===

Total read pairs processed:         16,685,981
  Read 1 with adapter:                 611,842 (3.7%)
  Read 2 with adapter:                 603,453 (3.6%)
Pairs written (passing filters):    16,685,981 (100.0%)

Total basepairs processed: 3,337,196,200 bp
  Read 1: 1,668,598,100 bp
  Read 2: 1,668,598,100 bp
Total written (filtered):  3,333,089,591 bp (99.9%)
  Read 1: 1,666,530,923 bp
  Read 2: 1,666,558,668 bp

=== First read: Adapter PrefixPE/1 ===

Sequence: TACACTCTTTCCCTACACGACGCTCTTCCGATCT; Type: regular 3'; Length: 34; Trimmed: 332751 times

No. of allowed errors:
0-9 bp: 0; 10-19 bp: 1; 20-29 bp: 2; 30-34 bp: 3

Bases preceding removed adapters:
  A: 29.5%
  C: 18.2%
  G: 22.2%
  T: 30.1%
  none/other: 0.0%

Overview of removed sequences
length	count	expect	max.err	error counts
3	221474	260718.5	0	221474
4	86398	65179.6	0	86398
5	17562	16294.9	0	17562
6	3849	4073.7	0	3849
7	717	1018.4	0	717
8	198	254.6	0	198
9	1009	63.7	0	83 926
10	1059	15.9	1	19 1040
11	386	4.0	1	4 382
12	59	1.0	1	0 59
13	26	0.2	1	2 24
14	11	0.1	1	0 11
15	3	0.0	1	0 3


=== First read: Adapter PrefixPE/2 ===

Sequence: GTGACTGGAGTTCAGACGTGTGCTCTTCCGATCT; Type: regular 3'; Length: 34; Trimmed: 279091 times

No. of allowed errors:
0-9 bp: 0; 10-19 bp: 1; 20-29 bp: 2; 30-34 bp: 3

Bases preceding removed adapters:
  A: 24.0%
  C: 18.2%
  G: 25.3%
  T: 32.5%
  none/other: 0.0%

Overview of removed sequences
length	count	expect	max.err	error counts
3	217843	260718.5	0	217843
4	50814	65179.6	0	50814
5	7606	16294.9	0	7606
6	1746	4073.7	0	1746
7	453	1018.4	0	453
8	64	254.6	0	64
9	248	63.7	0	16 232
10	225	15.9	1	5 220
11	69	4.0	1	0 69
12	20	1.0	1	0 20
13	3	0.2	1	0 3


=== Second read: Adapter PrefixPE/1 ===

Sequence: TACACTCTTTCCCTACACGACGCTCTTCCGATCT; Type: regular 3'; Length: 34; Trimmed: 328710 times

No. of allowed errors:
0-9 bp: 0; 10-19 bp: 1; 20-29 bp: 2; 30-34 bp: 3

Bases preceding removed adapters:
  A: 29.8%
  C: 18.2%
  G: 22.2%
  T: 29.9%
  none/other: 0.0%

Overview of removed sequences
length	count	expect	max.err	error counts
3	218676	260718.5	0	218676
4	85606	65179.6	0	85606
5	17227	16294.9	0	17227
6	3826	4073.7	0	3826
7	717	1018.4	0	717
8	166	254.6	0	166
9	1009	63.7	0	74 935
10	1024	15.9	1	28 996
11	341	4.0	1	5 336
12	88	1.0	1	0 88
13	17	0.2	1	0 17
14	10	0.1	1	0 10
15	1	0.0	1	0 1
16	2	0.0	1	0 2


=== Second read: Adapter PrefixPE/2 ===

Sequence: GTGACTGGAGTTCAGACGTGTGCTCTTCCGATCT; Type: regular 3'; Length: 34; Trimmed: 274743 times

No. of allowed errors:
0-9 bp: 0; 10-19 bp: 1; 20-29 bp: 2; 30-34 bp: 3

Bases preceding removed adapters:
  A: 24.1%
  C: 18.0%
  G: 25.4%
  T: 32.5%
  none/other: 0.0%

Overview of removed sequences
length	count	expect	max.err	error counts
3	214022	260718.5	0	214022
4	50342	65179.6	0	50342
5	7578	16294.9	0	7578
6	1711	4073.7	0	1711
7	415	1018.4	0	415
8	58	254.6	0	58
9	254	63.7	0	12 242
10	259	15.9	1	3 256
11	81	4.0	1	0 81
12	19	1.0	1	0 19
13	4	0.2	1	0 4
