This is cutadapt 2.9 with Python 3.6.6
Command line parameters: --interleaved -a file:/nas02/apps/trimmomatic-0.36/Trimmomatic-0.36/adapters/TruSeq3-PE.fa -A file:/nas02/apps/trimmomatic-0.36/Trimmomatic-0.36/adapters/TruSeq3-PE.fa -m 30 /nas/longleaf/home/zpopkinh/Pvivax_resources/wgs_pe_improved_global/fastq/SRS1061151/SRR2316807_1.fastq.gz /nas/longleaf/home/zpopkinh/Pvivax_resources/wgs_pe_improved_global/fastq/SRS1061151/SRR2316807_2.fastq.gz
Processing reads on 1 core in paired-end mode ...
Finished in 1170.03 s (115 us/read; 0.52 M reads/minute).

=== Summary ===

Total read pairs processed:         10,165,187
  Read 1 with adapter:                 367,406 (3.6%)
  Read 2 with adapter:                 374,273 (3.7%)
Pairs written (passing filters):    10,165,183 (100.0%)

Total basepairs processed: 2,033,037,400 bp
  Read 1: 1,006,353,513 bp
  Read 2: 1,026,683,887 bp
Total written (filtered):  2,030,513,851 bp (99.9%)
  Read 1: 1,005,103,784 bp
  Read 2: 1,025,410,067 bp

=== First read: Adapter PrefixPE/1 ===

Sequence: TACACTCTTTCCCTACACGACGCTCTTCCGATCT; Type: regular 3'; Length: 34; Trimmed: 194211 times

No. of allowed errors:
0-9 bp: 0; 10-19 bp: 1; 20-29 bp: 2; 30-34 bp: 3

Bases preceding removed adapters:
  A: 31.0%
  C: 19.1%
  G: 18.9%
  T: 31.0%
  none/other: 0.0%

Overview of removed sequences
length	count	expect	max.err	error counts
3	128137	158831.0	0	128137
4	51916	39707.8	0	51916
5	9527	9926.9	0	9527
6	2352	2481.7	0	2352
7	462	620.4	0	462
8	139	155.1	0	139
9	548	38.8	0	27 521
10	825	9.7	1	26 799
11	240	2.4	1	2 238
12	46	0.6	1	0 46
13	16	0.2	1	1 15
14	2	0.0	1	0 2
15	1	0.0	1	0 1


=== First read: Adapter PrefixPE/2 ===

Sequence: GTGACTGGAGTTCAGACGTGTGCTCTTCCGATCT; Type: regular 3'; Length: 34; Trimmed: 173195 times

No. of allowed errors:
0-9 bp: 0; 10-19 bp: 1; 20-29 bp: 2; 30-34 bp: 3

Bases preceding removed adapters:
  A: 28.1%
  C: 11.8%
  G: 23.8%
  T: 36.3%
  none/other: 0.0%

Overview of removed sequences
length	count	expect	max.err	error counts
3	131460	158831.0	0	131460
4	34003	39707.8	0	34003
5	5200	9926.9	0	5200
6	1459	2481.7	0	1459
7	381	620.4	0	381
8	85	155.1	0	85
9	224	38.8	0	25 199
10	250	9.7	1	3 247
11	108	2.4	1	5 103
12	18	0.6	1	0 18
13	2	0.2	1	0 2
14	1	0.0	1	0 1
15	1	0.0	1	0 1
25	1	0.0	2	0 1
47	1	0.0	3	1
99	1	0.0	3	0 0 1


=== Second read: Adapter PrefixPE/1 ===

Sequence: TACACTCTTTCCCTACACGACGCTCTTCCGATCT; Type: regular 3'; Length: 34; Trimmed: 196334 times

No. of allowed errors:
0-9 bp: 0; 10-19 bp: 1; 20-29 bp: 2; 30-34 bp: 3

Bases preceding removed adapters:
  A: 31.0%
  C: 19.0%
  G: 19.0%
  T: 31.0%
  none/other: 0.0%

Overview of removed sequences
length	count	expect	max.err	error counts
3	128804	158831.0	0	128804
4	53347	39707.8	0	53347
5	9513	9926.9	0	9513
6	2364	2481.7	0	2364
7	432	620.4	0	432
8	119	155.1	0	119
9	561	38.8	0	50 511
10	903	9.7	1	14 889
11	224	2.4	1	2 222
12	50	0.6	1	0 50
13	11	0.2	1	0 11
14	2	0.0	1	0 2
15	1	0.0	1	0 1
98	2	0.0	3	0 2
101	1	0.0	3	0 0 0 1


=== Second read: Adapter PrefixPE/2 ===

Sequence: GTGACTGGAGTTCAGACGTGTGCTCTTCCGATCT; Type: regular 3'; Length: 34; Trimmed: 177939 times

No. of allowed errors:
0-9 bp: 0; 10-19 bp: 1; 20-29 bp: 2; 30-34 bp: 3

Bases preceding removed adapters:
  A: 28.1%
  C: 11.8%
  G: 23.8%
  T: 36.3%
  none/other: 0.0%

Overview of removed sequences
length	count	expect	max.err	error counts
3	134806	158831.0	0	134806
4	35021	39707.8	0	35021
5	5450	9926.9	0	5450
6	1606	2481.7	0	1606
7	383	620.4	0	383
8	108	155.1	0	108
9	204	38.8	0	15 189
10	241	9.7	1	4 237
11	82	2.4	1	0 82
12	29	0.6	1	0 29
13	5	0.2	1	0 5
14	1	0.0	1	0 1
16	2	0.0	1	0 2
22	1	0.0	2	0 1
