This is cutadapt 2.9 with Python 3.6.6
Command line parameters: --interleaved -a file:/nas02/apps/trimmomatic-0.36/Trimmomatic-0.36/adapters/TruSeq3-PE.fa -A file:/nas02/apps/trimmomatic-0.36/Trimmomatic-0.36/adapters/TruSeq3-PE.fa -m 30 /nas/longleaf/home/zpopkinh/Pvivax_resources/wgs_pe_improved_global/fastq/SRS694248/SRR1568204_1.fastq.gz /nas/longleaf/home/zpopkinh/Pvivax_resources/wgs_pe_improved_global/fastq/SRS694248/SRR1568204_2.fastq.gz
Processing reads on 1 core in paired-end mode ...
Finished in 1704.23 s (70 us/read; 0.86 M reads/minute).

=== Summary ===

Total read pairs processed:         24,473,413
  Read 1 with adapter:                 911,193 (3.7%)
  Read 2 with adapter:                 958,731 (3.9%)
Pairs written (passing filters):    24,473,409 (100.0%)

Total basepairs processed: 4,943,629,426 bp
  Read 1: 2,471,814,713 bp
  Read 2: 2,471,814,713 bp
Total written (filtered):  4,937,362,199 bp (99.9%)
  Read 1: 2,468,749,729 bp
  Read 2: 2,468,612,470 bp

=== First read: Adapter PrefixPE/1 ===

Sequence: TACACTCTTTCCCTACACGACGCTCTTCCGATCT; Type: regular 3'; Length: 34; Trimmed: 403248 times

No. of allowed errors:
0-9 bp: 0; 10-19 bp: 1; 20-29 bp: 2; 30-34 bp: 3

Bases preceding removed adapters:
  A: 23.5%
  C: 24.6%
  G: 27.4%
  T: 24.4%
  none/other: 0.0%

Overview of removed sequences
length	count	expect	max.err	error counts
3	275031	382397.1	0	275031
4	92748	95599.3	0	92748
5	26458	23899.8	0	26458
6	4987	5975.0	0	4987
7	1134	1493.7	0	1134
8	257	373.4	0	257
9	953	93.4	0	82 871
10	1090	23.3	1	39 1051
11	417	5.8	1	6 411
12	128	1.5	1	0 128
13	34	0.4	1	1 33
14	8	0.1	1	0 8
15	1	0.0	1	0 1
51	1	0.0	3	0 1
101	1	0.0	3	0 0 1


=== First read: Adapter PrefixPE/2 ===

Sequence: GTGACTGGAGTTCAGACGTGTGCTCTTCCGATCT; Type: regular 3'; Length: 34; Trimmed: 507945 times

No. of allowed errors:
0-9 bp: 0; 10-19 bp: 1; 20-29 bp: 2; 30-34 bp: 3

Bases preceding removed adapters:
  A: 22.1%
  C: 20.5%
  G: 27.9%
  T: 29.4%
  none/other: 0.0%

Overview of removed sequences
length	count	expect	max.err	error counts
3	397373	382397.1	0	397373
4	88260	95599.3	0	88260
5	16132	23899.8	0	16132
6	3373	5975.0	0	3373
7	1026	1493.7	0	1026
8	329	373.4	0	329
9	646	93.4	0	28 618
10	550	23.3	1	12 538
11	199	5.8	1	2 197
12	47	1.5	1	0 47
13	9	0.4	1	0 9
14	1	0.1	1	0 1


=== Second read: Adapter PrefixPE/1 ===

Sequence: TACACTCTTTCCCTACACGACGCTCTTCCGATCT; Type: regular 3'; Length: 34; Trimmed: 399745 times

No. of allowed errors:
0-9 bp: 0; 10-19 bp: 1; 20-29 bp: 2; 30-34 bp: 3

Bases preceding removed adapters:
  A: 23.7%
  C: 24.2%
  G: 27.4%
  T: 24.7%
  none/other: 0.0%

Overview of removed sequences
length	count	expect	max.err	error counts
3	272487	382397.1	0	272487
4	92572	95599.3	0	92572
5	25857	23899.8	0	25857
6	4869	5975.0	0	4869
7	1128	1493.7	0	1128
8	244	373.4	0	244
9	956	93.4	0	93 863
10	1105	23.3	1	30 1075
11	394	5.8	1	2 392
12	94	1.5	1	0 94
13	31	0.4	1	1 30
14	5	0.1	1	0 5
49	1	0.0	3	0 0 0 1
74	1	0.0	3	0 0 1
79	1	0.0	3	0 0 1


=== Second read: Adapter PrefixPE/2 ===

Sequence: GTGACTGGAGTTCAGACGTGTGCTCTTCCGATCT; Type: regular 3'; Length: 34; Trimmed: 558986 times

No. of allowed errors:
0-9 bp: 0; 10-19 bp: 1; 20-29 bp: 2; 30-34 bp: 3

Bases preceding removed adapters:
  A: 21.6%
  C: 26.8%
  G: 25.1%
  T: 26.4%
  none/other: 0.0%

Overview of removed sequences
length	count	expect	max.err	error counts
3	450773	382397.1	0	450773
4	86505	95599.3	0	86505
5	15582	23899.8	0	15582
6	3474	5975.0	0	3474
7	918	1493.7	0	918
8	268	373.4	0	268
9	654	93.4	0	22 632
10	526	23.3	1	9 517
11	227	5.8	1	3 224
12	48	1.5	1	0 48
13	4	0.4	1	0 4
14	1	0.1	1	0 1
15	2	0.0	1	0 2
29	1	0.0	2	0 1
48	1	0.0	3	0 1
50	1	0.0	3	0 0 0 1
86	1	0.0	3	0 0 0 1
