This is cutadapt 2.9 with Python 3.6.6
Command line parameters: --interleaved -a file:/nas02/apps/trimmomatic-0.36/Trimmomatic-0.36/adapters/TruSeq3-PE.fa -A file:/nas02/apps/trimmomatic-0.36/Trimmomatic-0.36/adapters/TruSeq3-PE.fa -m 30 /nas/longleaf/home/zpopkinh/Pvivax_resources/wgs_pe_improved_global/fastq/SRS694248/SRR1565027_1.fastq.gz /nas/longleaf/home/zpopkinh/Pvivax_resources/wgs_pe_improved_global/fastq/SRS694248/SRR1565027_2.fastq.gz
Processing reads on 1 core in paired-end mode ...
Finished in 2.42 s (47 us/read; 1.26 M reads/minute).

=== Summary ===

Total read pairs processed:             51,059
  Read 1 with adapter:                   1,750 (3.4%)
  Read 2 with adapter:                   1,934 (3.8%)
Pairs written (passing filters):        51,056 (100.0%)

Total basepairs processed:    10,313,918 bp
  Read 1:     5,156,959 bp
  Read 2:     5,156,959 bp
Total written (filtered):     10,301,055 bp (99.9%)
  Read 1:     5,150,820 bp
  Read 2:     5,150,235 bp

=== First read: Adapter PrefixPE/1 ===

Sequence: TACACTCTTTCCCTACACGACGCTCTTCCGATCT; Type: regular 3'; Length: 34; Trimmed: 769 times

No. of allowed errors:
0-9 bp: 0; 10-19 bp: 1; 20-29 bp: 2; 30-34 bp: 3

Bases preceding removed adapters:
  A: 23.3%
  C: 27.2%
  G: 24.3%
  T: 25.2%
  none/other: 0.0%

Overview of removed sequences
length	count	expect	max.err	error counts
3	518	797.8	0	518
4	190	199.4	0	190
5	47	49.9	0	47
6	12	12.5	0	12
7	1	3.1	0	1
10	1	0.0	1	0 1


=== First read: Adapter PrefixPE/2 ===

Sequence: GTGACTGGAGTTCAGACGTGTGCTCTTCCGATCT; Type: regular 3'; Length: 34; Trimmed: 981 times

No. of allowed errors:
0-9 bp: 0; 10-19 bp: 1; 20-29 bp: 2; 30-34 bp: 3

Bases preceding removed adapters:
  A: 22.0%
  C: 19.1%
  G: 28.3%
  T: 30.6%
  none/other: 0.0%

Overview of removed sequences
length	count	expect	max.err	error counts
3	780	797.8	0	780
4	168	199.4	0	168
5	23	49.9	0	23
6	6	12.5	0	6
7	1	3.1	0	1
10	2	0.0	1	0 2
11	1	0.0	1	0 1


=== Second read: Adapter PrefixPE/1 ===

Sequence: TACACTCTTTCCCTACACGACGCTCTTCCGATCT; Type: regular 3'; Length: 34; Trimmed: 755 times

No. of allowed errors:
0-9 bp: 0; 10-19 bp: 1; 20-29 bp: 2; 30-34 bp: 3

Bases preceding removed adapters:
  A: 25.4%
  C: 26.0%
  G: 21.2%
  T: 27.4%
  none/other: 0.0%

Overview of removed sequences
length	count	expect	max.err	error counts
3	505	797.8	0	505
4	184	199.4	0	184
5	51	49.9	0	51
6	7	12.5	0	7
7	3	3.1	0	3
8	2	0.8	0	2
9	1	0.2	0	0 1
10	1	0.0	1	0 1
11	1	0.0	1	0 1


=== Second read: Adapter PrefixPE/2 ===

Sequence: GTGACTGGAGTTCAGACGTGTGCTCTTCCGATCT; Type: regular 3'; Length: 34; Trimmed: 1179 times

No. of allowed errors:
0-9 bp: 0; 10-19 bp: 1; 20-29 bp: 2; 30-34 bp: 3

Bases preceding removed adapters:
  A: 22.1%
  C: 29.5%
  G: 24.1%
  T: 24.3%
  none/other: 0.0%

Overview of removed sequences
length	count	expect	max.err	error counts
3	960	797.8	0	960
4	179	199.4	0	179
5	27	49.9	0	27
6	5	12.5	0	5
7	1	3.1	0	1
9	2	0.2	0	0 2
10	2	0.0	1	0 2
93	3	0.0	3	0 0 2 1
