This is cutadapt 2.9 with Python 3.6.6
Command line parameters: --interleaved -a file:/nas02/apps/trimmomatic-0.36/Trimmomatic-0.36/adapters/TruSeq3-PE.fa -A file:/nas02/apps/trimmomatic-0.36/Trimmomatic-0.36/adapters/TruSeq3-PE.fa -m 30 /nas/longleaf/home/zpopkinh/Pvivax_resources/wgs_pe_improved_global/fastq/ERR3813224/ERR3813224_1.fastq.gz /nas/longleaf/home/zpopkinh/Pvivax_resources/wgs_pe_improved_global/fastq/ERR3813224/ERR3813224_2.fastq.gz
Processing reads on 1 core in paired-end mode ...
Finished in 2792.48 s (163 us/read; 0.37 M reads/minute).

=== Summary ===

Total read pairs processed:         17,103,005
  Read 1 with adapter:                 621,556 (3.6%)
  Read 2 with adapter:                 626,543 (3.7%)
Pairs written (passing filters):    17,102,998 (100.0%)

Total basepairs processed: 5,130,901,500 bp
  Read 1: 2,565,450,750 bp
  Read 2: 2,565,450,750 bp
Total written (filtered):  5,126,667,490 bp (99.9%)
  Read 1: 2,563,341,134 bp
  Read 2: 2,563,326,356 bp

=== First read: Adapter PrefixPE/1 ===

Sequence: TACACTCTTTCCCTACACGACGCTCTTCCGATCT; Type: regular 3'; Length: 34; Trimmed: 321675 times

No. of allowed errors:
0-9 bp: 0; 10-19 bp: 1; 20-29 bp: 2; 30-34 bp: 3

Bases preceding removed adapters:
  A: 30.5%
  C: 19.3%
  G: 19.3%
  T: 30.9%
  none/other: 0.0%

Overview of removed sequences
length	count	expect	max.err	error counts
3	213567	267234.5	0	213567
4	84948	66808.6	0	84948
5	15690	16702.2	0	15690
6	3747	4175.5	0	3747
7	721	1043.9	0	721
8	228	261.0	0	228
9	946	65.2	0	65 881
10	1319	16.3	1	31 1288
11	388	4.1	1	5 383
12	75	1.0	1	1 74
13	23	0.3	1	0 23
14	17	0.1	1	0 17
15	1	0.0	1	0 1
17	1	0.0	1	0 1
53	1	0.0	3	0 0 1
105	1	0.0	3	0 0 0 1
150	2	0.0	3	0 0 0 2


=== First read: Adapter PrefixPE/2 ===

Sequence: GTGACTGGAGTTCAGACGTGTGCTCTTCCGATCT; Type: regular 3'; Length: 34; Trimmed: 299881 times

No. of allowed errors:
0-9 bp: 0; 10-19 bp: 1; 20-29 bp: 2; 30-34 bp: 3

Bases preceding removed adapters:
  A: 27.1%
  C: 12.9%
  G: 25.4%
  T: 34.6%
  none/other: 0.0%

Overview of removed sequences
length	count	expect	max.err	error counts
3	229588	267234.5	0	229588
4	57045	66808.6	0	57045
5	8921	16702.2	0	8921
6	2448	4175.5	0	2448
7	659	1043.9	0	659
8	146	261.0	0	146
9	393	65.2	0	36 357
10	442	16.3	1	9 433
11	159	4.1	1	2 157
12	67	1.0	1	0 67
13	11	0.3	1	0 11
142	2	0.0	3	1 0 1


=== Second read: Adapter PrefixPE/1 ===

Sequence: TACACTCTTTCCCTACACGACGCTCTTCCGATCT; Type: regular 3'; Length: 34; Trimmed: 321810 times

No. of allowed errors:
0-9 bp: 0; 10-19 bp: 1; 20-29 bp: 2; 30-34 bp: 3

Bases preceding removed adapters:
  A: 30.6%
  C: 19.5%
  G: 19.3%
  T: 30.5%
  none/other: 0.0%

Overview of removed sequences
length	count	expect	max.err	error counts
3	213570	267234.5	0	213570
4	84984	66808.6	0	84984
5	15741	16702.2	0	15741
6	3793	4175.5	0	3793
7	821	1043.9	0	821
8	251	261.0	0	251
9	958	65.2	0	72 886
10	1220	16.3	1	23 1197
11	353	4.1	1	1 352
12	86	1.0	1	0 86
13	15	0.3	1	0 15
14	10	0.1	1	0 10
17	1	0.0	1	0 1
51	1	0.0	3	0 1
96	1	0.0	3	1
106	1	0.0	3	1
107	1	0.0	3	0 0 0 1
113	1	0.0	3	0 0 0 1
126	1	0.0	3	0 0 1
150	1	0.0	3	0 0 0 1


=== Second read: Adapter PrefixPE/2 ===

Sequence: GTGACTGGAGTTCAGACGTGTGCTCTTCCGATCT; Type: regular 3'; Length: 34; Trimmed: 304733 times

No. of allowed errors:
0-9 bp: 0; 10-19 bp: 1; 20-29 bp: 2; 30-34 bp: 3

Bases preceding removed adapters:
  A: 26.6%
  C: 14.4%
  G: 25.7%
  T: 33.4%
  none/other: 0.0%

Overview of removed sequences
length	count	expect	max.err	error counts
3	235096	267234.5	0	235096
4	55967	66808.6	0	55967
5	9323	16702.2	0	9323
6	2522	4175.5	0	2522
7	629	1043.9	0	629
8	133	261.0	0	133
9	430	65.2	0	33 397
10	436	16.3	1	17 419
11	133	4.1	1	0 133
12	53	1.0	1	1 52
13	8	0.3	1	0 8
14	1	0.1	1	0 1
101	1	0.0	3	0 0 0 1
122	1	0.0	3	1
