This is cutadapt 2.9 with Python 3.6.6
Command line parameters: --interleaved -a file:/nas02/apps/trimmomatic-0.36/Trimmomatic-0.36/adapters/TruSeq3-PE.fa -A file:/nas02/apps/trimmomatic-0.36/Trimmomatic-0.36/adapters/TruSeq3-PE.fa -m 30 /nas/longleaf/home/zpopkinh/Pvivax_resources/wgs_pe_improved_global/fastq/ERS792629/ERR1138869_1.fastq.gz /nas/longleaf/home/zpopkinh/Pvivax_resources/wgs_pe_improved_global/fastq/ERS792629/ERR1138869_2.fastq.gz
Processing reads on 1 core in paired-end mode ...
Finished in 1016.67 s (94 us/read; 0.64 M reads/minute).

=== Summary ===

Total read pairs processed:         10,849,355
  Read 1 with adapter:                 397,181 (3.7%)
  Read 2 with adapter:                 391,224 (3.6%)
Pairs written (passing filters):    10,849,355 (100.0%)

Total basepairs processed: 2,169,871,000 bp
  Read 1: 1,084,935,500 bp
  Read 2: 1,084,935,500 bp
Total written (filtered):  2,167,211,417 bp (99.9%)
  Read 1: 1,083,595,922 bp
  Read 2: 1,083,615,495 bp

=== First read: Adapter PrefixPE/1 ===

Sequence: TACACTCTTTCCCTACACGACGCTCTTCCGATCT; Type: regular 3'; Length: 34; Trimmed: 207447 times

No. of allowed errors:
0-9 bp: 0; 10-19 bp: 1; 20-29 bp: 2; 30-34 bp: 3

Bases preceding removed adapters:
  A: 28.1%
  C: 19.3%
  G: 23.7%
  T: 28.8%
  none/other: 0.0%

Overview of removed sequences
length	count	expect	max.err	error counts
3	138855	169521.2	0	138855
4	52877	42380.3	0	52877
5	11072	10595.1	0	11072
6	2366	2648.8	0	2366
7	533	662.2	0	533
8	140	165.5	0	140
9	578	41.4	0	46 532
10	701	10.3	1	11 690
11	250	2.6	1	1 249
12	55	0.6	1	1 54
13	18	0.2	1	1 17
14	2	0.0	1	0 2


=== First read: Adapter PrefixPE/2 ===

Sequence: GTGACTGGAGTTCAGACGTGTGCTCTTCCGATCT; Type: regular 3'; Length: 34; Trimmed: 189734 times

No. of allowed errors:
0-9 bp: 0; 10-19 bp: 1; 20-29 bp: 2; 30-34 bp: 3

Bases preceding removed adapters:
  A: 23.7%
  C: 18.4%
  G: 25.9%
  T: 32.0%
  none/other: 0.0%

Overview of removed sequences
length	count	expect	max.err	error counts
3	149053	169521.2	0	149053
4	33411	42380.3	0	33411
5	5248	10595.1	0	5248
6	1223	2648.8	0	1223
7	309	662.2	0	309
8	55	165.5	0	55
9	202	41.4	0	9 193
10	172	10.3	1	2 170
11	46	2.6	1	1 45
12	10	0.6	1	0 10
13	4	0.2	1	0 4
14	1	0.0	1	0 1


=== Second read: Adapter PrefixPE/1 ===

Sequence: TACACTCTTTCCCTACACGACGCTCTTCCGATCT; Type: regular 3'; Length: 34; Trimmed: 205571 times

No. of allowed errors:
0-9 bp: 0; 10-19 bp: 1; 20-29 bp: 2; 30-34 bp: 3

Bases preceding removed adapters:
  A: 27.8%
  C: 19.5%
  G: 23.6%
  T: 29.1%
  none/other: 0.0%

Overview of removed sequences
length	count	expect	max.err	error counts
3	137314	169521.2	0	137314
4	52636	42380.3	0	52636
5	11165	10595.1	0	11165
6	2284	2648.8	0	2284
7	462	662.2	0	462
8	102	165.5	0	102
9	600	41.4	0	41 559
10	717	10.3	1	17 700
11	227	2.6	1	6 221
12	45	0.6	1	0 45
13	14	0.2	1	0 14
14	4	0.0	1	0 4
15	1	0.0	1	0 1


=== Second read: Adapter PrefixPE/2 ===

Sequence: GTGACTGGAGTTCAGACGTGTGCTCTTCCGATCT; Type: regular 3'; Length: 34; Trimmed: 185653 times

No. of allowed errors:
0-9 bp: 0; 10-19 bp: 1; 20-29 bp: 2; 30-34 bp: 3

Bases preceding removed adapters:
  A: 23.7%
  C: 18.5%
  G: 25.6%
  T: 32.2%
  none/other: 0.0%

Overview of removed sequences
length	count	expect	max.err	error counts
3	145698	169521.2	0	145698
4	32771	42380.3	0	32771
5	5181	10595.1	0	5181
6	1237	2648.8	0	1237
7	299	662.2	0	299
8	48	165.5	0	48
9	167	41.4	0	13 154
10	195	10.3	1	4 191
11	45	2.6	1	0 45
12	6	0.6	1	0 6
13	6	0.2	1	0 6
