This is cutadapt 2.9 with Python 3.6.6
Command line parameters: --interleaved -a file:/nas02/apps/trimmomatic-0.36/Trimmomatic-0.36/adapters/TruSeq3-PE.fa -A file:/nas02/apps/trimmomatic-0.36/Trimmomatic-0.36/adapters/TruSeq3-PE.fa -m 30 /nas/longleaf/home/zpopkinh/Pvivax_resources/wgs_pe_improved_global/fastq/ERS3516642/ERR3439109_1.fastq.gz /nas/longleaf/home/zpopkinh/Pvivax_resources/wgs_pe_improved_global/fastq/ERS3516642/ERR3439109_2.fastq.gz
Processing reads on 1 core in paired-end mode ...
Finished in 2.64 s (53 us/read; 1.14 M reads/minute).

=== Summary ===

Total read pairs processed:             50,199
  Read 1 with adapter:                   1,205 (2.4%)
  Read 2 with adapter:                   1,010 (2.0%)
Pairs written (passing filters):        50,195 (100.0%)

Total basepairs processed:    15,059,700 bp
  Read 1:     7,529,850 bp
  Read 2:     7,529,850 bp
Total written (filtered):     15,050,648 bp (99.9%)
  Read 1:     7,525,139 bp
  Read 2:     7,525,509 bp

=== First read: Adapter PrefixPE/1 ===

Sequence: TACACTCTTTCCCTACACGACGCTCTTCCGATCT; Type: regular 3'; Length: 34; Trimmed: 718 times

No. of allowed errors:
0-9 bp: 0; 10-19 bp: 1; 20-29 bp: 2; 30-34 bp: 3

Bases preceding removed adapters:
  A: 67.0%
  C: 11.4%
  G: 9.5%
  T: 12.1%
  none/other: 0.0%

Overview of removed sequences
length	count	expect	max.err	error counts
3	503	784.4	0	503
4	167	196.1	0	167
5	24	49.0	0	24
6	3	12.3	0	3
9	15	0.2	0	0 15
10	1	0.0	1	0 1
13	1	0.0	1	0 1
146	4	0.0	3	0 4


=== First read: Adapter PrefixPE/2 ===

Sequence: GTGACTGGAGTTCAGACGTGTGCTCTTCCGATCT; Type: regular 3'; Length: 34; Trimmed: 487 times

No. of allowed errors:
0-9 bp: 0; 10-19 bp: 1; 20-29 bp: 2; 30-34 bp: 3

Bases preceding removed adapters:
  A: 11.9%
  C: 7.0%
  G: 34.1%
  T: 47.0%
  none/other: 0.0%

Overview of removed sequences
length	count	expect	max.err	error counts
3	331	784.4	0	331
4	144	196.1	0	144
5	10	49.0	0	10
7	1	3.1	0	1
12	1	0.0	1	0 1


=== Second read: Adapter PrefixPE/1 ===

Sequence: TACACTCTTTCCCTACACGACGCTCTTCCGATCT; Type: regular 3'; Length: 34; Trimmed: 507 times

No. of allowed errors:
0-9 bp: 0; 10-19 bp: 1; 20-29 bp: 2; 30-34 bp: 3

Bases preceding removed adapters:
  A: 27.0%
  C: 16.6%
  G: 40.2%
  T: 16.2%
  none/other: 0.0%

Overview of removed sequences
length	count	expect	max.err	error counts
3	239	784.4	0	239
4	126	196.1	0	126
5	19	49.0	0	19
6	122	12.3	0	122
7	1	3.1	0	1


=== Second read: Adapter PrefixPE/2 ===

Sequence: GTGACTGGAGTTCAGACGTGTGCTCTTCCGATCT; Type: regular 3'; Length: 34; Trimmed: 503 times

No. of allowed errors:
0-9 bp: 0; 10-19 bp: 1; 20-29 bp: 2; 30-34 bp: 3

Bases preceding removed adapters:
  A: 24.5%
  C: 20.1%
  G: 34.6%
  T: 20.9%
  none/other: 0.0%

Overview of removed sequences
length	count	expect	max.err	error counts
3	370	784.4	0	370
4	103	196.1	0	103
5	24	49.0	0	24
6	3	12.3	0	3
7	1	3.1	0	1
9	1	0.2	0	0 1
10	1	0.0	1	0 1
