This is cutadapt 2.9 with Python 3.6.6
Command line parameters: --interleaved -a file:/nas02/apps/trimmomatic-0.36/Trimmomatic-0.36/adapters/TruSeq3-PE.fa -A file:/nas02/apps/trimmomatic-0.36/Trimmomatic-0.36/adapters/TruSeq3-PE.fa -m 30 /nas/longleaf/home/zpopkinh/Pvivax_resources/wgs_pe_improved_global/fastq/SRS2745892/SRR6361463_1.fastq.gz /nas/longleaf/home/zpopkinh/Pvivax_resources/wgs_pe_improved_global/fastq/SRS2745892/SRR6361463_2.fastq.gz
Processing reads on 1 core in paired-end mode ...
Finished in 52.43 s (169 us/read; 0.35 M reads/minute).

=== Summary ===

Total read pairs processed:            309,416
  Read 1 with adapter:                   7,129 (2.3%)
  Read 2 with adapter:                   5,117 (1.7%)
Pairs written (passing filters):       309,317 (100.0%)

Total basepairs processed:   155,326,832 bp
  Read 1:    77,663,416 bp
  Read 2:    77,663,416 bp
Total written (filtered):    155,233,591 bp (99.9%)
  Read 1:    77,613,010 bp
  Read 2:    77,620,581 bp

=== First read: Adapter PrefixPE/1 ===

Sequence: TACACTCTTTCCCTACACGACGCTCTTCCGATCT; Type: regular 3'; Length: 34; Trimmed: 6280 times

No. of allowed errors:
0-9 bp: 0; 10-19 bp: 1; 20-29 bp: 2; 30-34 bp: 3

Bases preceding removed adapters:
  A: 59.7%
  C: 18.1%
  G: 8.9%
  T: 13.3%
  none/other: 0.0%

Overview of removed sequences
length	count	expect	max.err	error counts
3	2978	4834.6	0	2978
4	2822	1208.7	0	2822
5	277	302.2	0	277
6	101	75.5	0	101
7	22	18.9	0	22
8	4	4.7	0	4
9	6	1.2	0	2 4
10	13	0.3	1	1 12
11	2	0.1	1	0 2
12	2	0.0	1	0 2
236	1	0.0	3	0 0 0 1
237	3	0.0	3	0 0 1 2
238	1	0.0	3	0 0 0 1
239	42	0.0	3	0 0 3 39
240	1	0.0	3	0 0 0 1
241	1	0.0	3	0 0 0 1
243	2	0.0	3	0 0 0 2
245	1	0.0	3	0 0 0 1
246	1	0.0	3	0 0 0 1


=== First read: Adapter PrefixPE/2 ===

Sequence: GTGACTGGAGTTCAGACGTGTGCTCTTCCGATCT; Type: regular 3'; Length: 34; Trimmed: 849 times

No. of allowed errors:
0-9 bp: 0; 10-19 bp: 1; 20-29 bp: 2; 30-34 bp: 3

Bases preceding removed adapters:
  A: 45.1%
  C: 13.0%
  G: 9.4%
  T: 32.5%
  none/other: 0.0%

Overview of removed sequences
length	count	expect	max.err	error counts
3	547	4834.6	0	547
4	256	1208.7	0	256
5	26	302.2	0	26
6	15	75.5	0	15
7	1	18.9	0	1
9	1	1.2	0	0 1
10	2	0.3	1	0 2
11	1	0.1	1	0 1


=== Second read: Adapter PrefixPE/1 ===

Sequence: TACACTCTTTCCCTACACGACGCTCTTCCGATCT; Type: regular 3'; Length: 34; Trimmed: 3269 times

No. of allowed errors:
0-9 bp: 0; 10-19 bp: 1; 20-29 bp: 2; 30-34 bp: 3

Bases preceding removed adapters:
  A: 64.4%
  C: 10.0%
  G: 18.0%
  T: 7.6%
  none/other: 0.0%

Overview of removed sequences
length	count	expect	max.err	error counts
3	1215	4834.6	0	1215
4	1838	1208.7	0	1838
5	170	302.2	0	170
6	37	75.5	0	37
7	7	18.9	0	7
8	1	4.7	0	1
9	1	1.2	0	0 1


=== Second read: Adapter PrefixPE/2 ===

Sequence: GTGACTGGAGTTCAGACGTGTGCTCTTCCGATCT; Type: regular 3'; Length: 34; Trimmed: 1848 times

No. of allowed errors:
0-9 bp: 0; 10-19 bp: 1; 20-29 bp: 2; 30-34 bp: 3

Bases preceding removed adapters:
  A: 59.0%
  C: 10.1%
  G: 12.1%
  T: 18.8%
  none/other: 0.0%

Overview of removed sequences
length	count	expect	max.err	error counts
3	1444	4834.6	0	1444
4	304	1208.7	0	304
5	35	302.2	0	35
6	11	75.5	0	11
7	4	18.9	0	4
9	2	1.2	0	0 2
10	2	0.3	1	0 2
229	1	0.0	3	0 0 0 1
230	1	0.0	3	0 0 1
232	3	0.0	3	0 0 0 3
233	3	0.0	3	0 2 1
234	14	0.0	3	0 12 0 2
235	6	0.0	3	0 1 4 1
236	6	0.0	3	0 0 4 2
237	3	0.0	3	0 0 1 2
238	4	0.0	3	0 1 1 2
239	1	0.0	3	0 0 1
240	1	0.0	3	0 0 0 1
241	1	0.0	3	0 1
242	1	0.0	3	0 0 1
247	1	0.0	3	0 1
