This is cutadapt 2.9 with Python 3.6.6
Command line parameters: --interleaved -a file:/nas02/apps/trimmomatic-0.36/Trimmomatic-0.36/adapters/TruSeq3-PE.fa -A file:/nas02/apps/trimmomatic-0.36/Trimmomatic-0.36/adapters/TruSeq3-PE.fa -m 30 /nas/longleaf/home/zpopkinh/Pvivax_resources/wgs_pe_improved_global/fastq/SRS696218/SRR1567968_1.fastq.gz /nas/longleaf/home/zpopkinh/Pvivax_resources/wgs_pe_improved_global/fastq/SRS696218/SRR1567968_2.fastq.gz
Processing reads on 1 core in paired-end mode ...
Finished in 2.23 s (50 us/read; 1.21 M reads/minute).

=== Summary ===

Total read pairs processed:             45,062
  Read 1 with adapter:                   1,406 (3.1%)
  Read 2 with adapter:                   1,556 (3.5%)
Pairs written (passing filters):        45,061 (100.0%)

Total basepairs processed:     9,102,524 bp
  Read 1:     4,551,262 bp
  Read 2:     4,551,262 bp
Total written (filtered):      9,092,323 bp (99.9%)
  Read 1:     4,546,419 bp
  Read 2:     4,545,904 bp

=== First read: Adapter PrefixPE/1 ===

Sequence: TACACTCTTTCCCTACACGACGCTCTTCCGATCT; Type: regular 3'; Length: 34; Trimmed: 686 times

No. of allowed errors:
0-9 bp: 0; 10-19 bp: 1; 20-29 bp: 2; 30-34 bp: 3

Bases preceding removed adapters:
  A: 29.3%
  C: 25.9%
  G: 20.1%
  T: 24.6%
  none/other: 0.0%

Overview of removed sequences
length	count	expect	max.err	error counts
3	470	704.1	0	470
4	175	176.0	0	175
5	33	44.0	0	33
6	6	11.0	0	6
7	1	2.8	0	1
8	1	0.7	0	1


=== First read: Adapter PrefixPE/2 ===

Sequence: GTGACTGGAGTTCAGACGTGTGCTCTTCCGATCT; Type: regular 3'; Length: 34; Trimmed: 720 times

No. of allowed errors:
0-9 bp: 0; 10-19 bp: 1; 20-29 bp: 2; 30-34 bp: 3

Bases preceding removed adapters:
  A: 25.4%
  C: 18.2%
  G: 27.9%
  T: 28.5%
  none/other: 0.0%

Overview of removed sequences
length	count	expect	max.err	error counts
3	530	704.1	0	530
4	152	176.0	0	152
5	22	44.0	0	22
6	12	11.0	0	12
7	1	2.8	0	1
9	1	0.2	0	0 1
10	2	0.0	1	1 1


=== Second read: Adapter PrefixPE/1 ===

Sequence: TACACTCTTTCCCTACACGACGCTCTTCCGATCT; Type: regular 3'; Length: 34; Trimmed: 679 times

No. of allowed errors:
0-9 bp: 0; 10-19 bp: 1; 20-29 bp: 2; 30-34 bp: 3

Bases preceding removed adapters:
  A: 29.9%
  C: 26.5%
  G: 17.8%
  T: 25.8%
  none/other: 0.0%

Overview of removed sequences
length	count	expect	max.err	error counts
3	459	704.1	0	459
4	163	176.0	0	163
5	43	44.0	0	43
6	5	11.0	0	5
7	2	2.8	0	2
8	1	0.7	0	1
10	4	0.0	1	0 4
11	1	0.0	1	0 1
12	1	0.0	1	0 1


=== Second read: Adapter PrefixPE/2 ===

Sequence: GTGACTGGAGTTCAGACGTGTGCTCTTCCGATCT; Type: regular 3'; Length: 34; Trimmed: 877 times

No. of allowed errors:
0-9 bp: 0; 10-19 bp: 1; 20-29 bp: 2; 30-34 bp: 3

Bases preceding removed adapters:
  A: 23.3%
  C: 31.4%
  G: 21.8%
  T: 23.6%
  none/other: 0.0%

Overview of removed sequences
length	count	expect	max.err	error counts
3	676	704.1	0	676
4	160	176.0	0	160
5	29	44.0	0	29
6	4	11.0	0	4
7	2	2.8	0	2
8	1	0.7	0	1
9	2	0.2	0	0 2
10	1	0.0	1	0 1
11	1	0.0	1	0 1
95	1	0.0	3	0 0 0 1
