This is cutadapt 2.9 with Python 3.6.6
Command line parameters: --interleaved -a file:/nas02/apps/trimmomatic-0.36/Trimmomatic-0.36/adapters/TruSeq3-PE.fa -A file:/nas02/apps/trimmomatic-0.36/Trimmomatic-0.36/adapters/TruSeq3-PE.fa -m 30 /nas/longleaf/home/zpopkinh/Pvivax_resources/wgs_pe_improved_global/fastq/SRS1885922/SRR5136532_1.fastq.gz /nas/longleaf/home/zpopkinh/Pvivax_resources/wgs_pe_improved_global/fastq/SRS1885922/SRR5136532_2.fastq.gz
Processing reads on 1 core in paired-end mode ...
Finished in 441.78 s (122 us/read; 0.49 M reads/minute).

=== Summary ===

Total read pairs processed:          3,608,294
  Read 1 with adapter:                 149,798 (4.2%)
  Read 2 with adapter:                 184,845 (5.1%)
Pairs written (passing filters):     3,608,294 (100.0%)

Total basepairs processed:   721,658,800 bp
  Read 1:   360,829,400 bp
  Read 2:   360,829,400 bp
Total written (filtered):    720,496,584 bp (99.8%)
  Read 1:   360,301,260 bp
  Read 2:   360,195,324 bp

=== First read: Adapter PrefixPE/1 ===

Sequence: TACACTCTTTCCCTACACGACGCTCTTCCGATCT; Type: regular 3'; Length: 34; Trimmed: 90042 times

No. of allowed errors:
0-9 bp: 0; 10-19 bp: 1; 20-29 bp: 2; 30-34 bp: 3

Bases preceding removed adapters:
  A: 56.2%
  C: 13.6%
  G: 15.8%
  T: 14.3%
  none/other: 0.0%

Overview of removed sequences
length	count	expect	max.err	error counts
3	47835	56379.6	0	47835
4	25185	14094.9	0	25185
5	15743	3523.7	0	15743
6	650	880.9	0	650
7	154	220.2	0	154
8	20	55.1	0	20
9	161	13.8	0	15 146
10	163	3.4	1	2 161
11	111	0.9	1	0 111
12	14	0.2	1	0 14
13	5	0.1	1	0 5
14	1	0.0	1	0 1


=== First read: Adapter PrefixPE/2 ===

Sequence: GTGACTGGAGTTCAGACGTGTGCTCTTCCGATCT; Type: regular 3'; Length: 34; Trimmed: 59756 times

No. of allowed errors:
0-9 bp: 0; 10-19 bp: 1; 20-29 bp: 2; 30-34 bp: 3

Bases preceding removed adapters:
  A: 22.4%
  C: 19.1%
  G: 28.7%
  T: 29.8%
  none/other: 0.0%

Overview of removed sequences
length	count	expect	max.err	error counts
3	47158	56379.6	0	47158
4	10313	14094.9	0	10313
5	1653	3523.7	0	1653
6	354	880.9	0	354
7	111	220.2	0	111
8	18	55.1	0	18
9	69	13.8	0	4 65
10	49	3.4	1	0 49
11	24	0.9	1	1 23
12	7	0.2	1	0 7


=== Second read: Adapter PrefixPE/1 ===

Sequence: TACACTCTTTCCCTACACGACGCTCTTCCGATCT; Type: regular 3'; Length: 34; Trimmed: 102858 times

No. of allowed errors:
0-9 bp: 0; 10-19 bp: 1; 20-29 bp: 2; 30-34 bp: 3

Bases preceding removed adapters:
  A: 49.4%
  C: 12.0%
  G: 14.0%
  T: 24.5%
  none/other: 0.0%

Overview of removed sequences
length	count	expect	max.err	error counts
3	60413	56379.6	0	60413
4	25332	14094.9	0	25332
5	15871	3523.7	0	15871
6	650	880.9	0	650
7	158	220.2	0	158
8	30	55.1	0	30
9	148	13.8	0	7 141
10	151	3.4	1	5 146
11	89	0.9	1	0 89
12	14	0.2	1	0 14
13	1	0.1	1	0 1
14	1	0.0	1	0 1


=== Second read: Adapter PrefixPE/2 ===

Sequence: GTGACTGGAGTTCAGACGTGTGCTCTTCCGATCT; Type: regular 3'; Length: 34; Trimmed: 81987 times

No. of allowed errors:
0-9 bp: 0; 10-19 bp: 1; 20-29 bp: 2; 30-34 bp: 3

Bases preceding removed adapters:
  A: 16.7%
  C: 28.6%
  G: 31.7%
  T: 23.0%
  none/other: 0.0%

Overview of removed sequences
length	count	expect	max.err	error counts
3	68993	56379.6	0	68993
4	10508	14094.9	0	10508
5	1787	3523.7	0	1787
6	383	880.9	0	383
7	146	220.2	0	146
8	15	55.1	0	15
9	76	13.8	0	2 74
10	49	3.4	1	3 46
11	28	0.9	1	1 27
12	2	0.2	1	0 2
