This is cutadapt 2.9 with Python 3.6.6
Command line parameters: --interleaved -a file:/nas02/apps/trimmomatic-0.36/Trimmomatic-0.36/adapters/TruSeq3-PE.fa -A file:/nas02/apps/trimmomatic-0.36/Trimmomatic-0.36/adapters/TruSeq3-PE.fa -m 30 /nas/longleaf/home/zpopkinh/Pvivax_resources/wgs_pe_improved_global/fastq/SRS694255/SRR1565077_1.fastq.gz /nas/longleaf/home/zpopkinh/Pvivax_resources/wgs_pe_improved_global/fastq/SRS694255/SRR1565077_2.fastq.gz
Processing reads on 1 core in paired-end mode ...
Finished in 2.71 s (47 us/read; 1.26 M reads/minute).

=== Summary ===

Total read pairs processed:             57,150
  Read 1 with adapter:                   1,883 (3.3%)
  Read 2 with adapter:                   2,187 (3.8%)
Pairs written (passing filters):        57,149 (100.0%)

Total basepairs processed:    11,544,300 bp
  Read 1:     5,772,150 bp
  Read 2:     5,772,150 bp
Total written (filtered):     11,530,379 bp (99.9%)
  Read 1:     5,765,706 bp
  Read 2:     5,764,673 bp

=== First read: Adapter PrefixPE/1 ===

Sequence: TACACTCTTTCCCTACACGACGCTCTTCCGATCT; Type: regular 3'; Length: 34; Trimmed: 872 times

No. of allowed errors:
0-9 bp: 0; 10-19 bp: 1; 20-29 bp: 2; 30-34 bp: 3

Bases preceding removed adapters:
  A: 30.2%
  C: 24.2%
  G: 20.5%
  T: 25.1%
  none/other: 0.0%

Overview of removed sequences
length	count	expect	max.err	error counts
3	580	893.0	0	580
4	228	223.2	0	228
5	50	55.8	0	50
6	8	14.0	0	8
7	2	3.5	0	2
9	3	0.2	0	1 2
10	1	0.1	1	0 1


=== First read: Adapter PrefixPE/2 ===

Sequence: GTGACTGGAGTTCAGACGTGTGCTCTTCCGATCT; Type: regular 3'; Length: 34; Trimmed: 1011 times

No. of allowed errors:
0-9 bp: 0; 10-19 bp: 1; 20-29 bp: 2; 30-34 bp: 3

Bases preceding removed adapters:
  A: 25.4%
  C: 18.9%
  G: 26.2%
  T: 29.5%
  none/other: 0.0%

Overview of removed sequences
length	count	expect	max.err	error counts
3	772	893.0	0	772
4	197	223.2	0	197
5	31	55.8	0	31
6	4	14.0	0	4
7	4	3.5	0	4
10	2	0.1	1	0 2
11	1	0.0	1	0 1


=== Second read: Adapter PrefixPE/1 ===

Sequence: TACACTCTTTCCCTACACGACGCTCTTCCGATCT; Type: regular 3'; Length: 34; Trimmed: 887 times

No. of allowed errors:
0-9 bp: 0; 10-19 bp: 1; 20-29 bp: 2; 30-34 bp: 3

Bases preceding removed adapters:
  A: 25.8%
  C: 25.5%
  G: 21.9%
  T: 26.8%
  none/other: 0.0%

Overview of removed sequences
length	count	expect	max.err	error counts
3	596	893.0	0	596
4	220	223.2	0	220
5	48	55.8	0	48
6	10	14.0	0	10
7	2	3.5	0	2
8	3	0.9	0	3
9	3	0.2	0	0 3
10	3	0.1	1	0 3
11	1	0.0	1	0 1
14	1	0.0	1	0 1


=== Second read: Adapter PrefixPE/2 ===

Sequence: GTGACTGGAGTTCAGACGTGTGCTCTTCCGATCT; Type: regular 3'; Length: 34; Trimmed: 1300 times

No. of allowed errors:
0-9 bp: 0; 10-19 bp: 1; 20-29 bp: 2; 30-34 bp: 3

Bases preceding removed adapters:
  A: 24.5%
  C: 30.2%
  G: 21.1%
  T: 24.2%
  none/other: 0.0%

Overview of removed sequences
length	count	expect	max.err	error counts
3	1032	893.0	0	1032
4	202	223.2	0	202
5	38	55.8	0	38
6	13	14.0	0	13
7	6	3.5	0	6
8	2	0.9	0	2
9	2	0.2	0	0 2
10	4	0.1	1	0 4
93	1	0.0	3	0 0 0 1
