This is cutadapt 2.9 with Python 3.6.6
Command line parameters: --interleaved -a file:/nas02/apps/trimmomatic-0.36/Trimmomatic-0.36/adapters/TruSeq3-PE.fa -A file:/nas02/apps/trimmomatic-0.36/Trimmomatic-0.36/adapters/TruSeq3-PE.fa -m 30 /nas/longleaf/home/zpopkinh/Pvivax_resources/wgs_pe_improved_global/fastq/SRS694255/SRR1568114_1.fastq.gz /nas/longleaf/home/zpopkinh/Pvivax_resources/wgs_pe_improved_global/fastq/SRS694255/SRR1568114_2.fastq.gz
Processing reads on 1 core in paired-end mode ...
Finished in 2019.27 s (71 us/read; 0.85 M reads/minute).

=== Summary ===

Total read pairs processed:         28,595,319
  Read 1 with adapter:               1,049,468 (3.7%)
  Read 2 with adapter:               1,117,087 (3.9%)
Pairs written (passing filters):    28,595,310 (100.0%)

Total basepairs processed: 5,776,254,438 bp
  Read 1: 2,888,127,219 bp
  Read 2: 2,888,127,219 bp
Total written (filtered):  5,768,992,894 bp (99.9%)
  Read 1: 2,884,595,072 bp
  Read 2: 2,884,397,822 bp

=== First read: Adapter PrefixPE/1 ===

Sequence: TACACTCTTTCCCTACACGACGCTCTTCCGATCT; Type: regular 3'; Length: 34; Trimmed: 478814 times

No. of allowed errors:
0-9 bp: 0; 10-19 bp: 1; 20-29 bp: 2; 30-34 bp: 3

Bases preceding removed adapters:
  A: 24.2%
  C: 24.4%
  G: 26.0%
  T: 25.4%
  none/other: 0.0%

Overview of removed sequences
length	count	expect	max.err	error counts
3	324942	446801.9	0	324942
4	112304	111700.5	0	112304
5	31221	27925.1	0	31221
6	5747	6981.3	0	5747
7	1327	1745.3	0	1327
8	264	436.3	0	264
9	1044	109.1	0	90 954
10	1309	27.3	1	49 1260
11	477	6.8	1	4 473
12	128	1.7	1	1 127
13	30	0.4	1	2 28
14	13	0.1	1	0 13
15	1	0.0	1	0 1
18	1	0.0	1	0 1
21	1	0.0	2	0 0 1
40	1	0.0	3	0 1
72	1	0.0	3	0 1
101	3	0.0	3	0 0 2 1


=== First read: Adapter PrefixPE/2 ===

Sequence: GTGACTGGAGTTCAGACGTGTGCTCTTCCGATCT; Type: regular 3'; Length: 34; Trimmed: 570654 times

No. of allowed errors:
0-9 bp: 0; 10-19 bp: 1; 20-29 bp: 2; 30-34 bp: 3

Bases preceding removed adapters:
  A: 22.4%
  C: 20.2%
  G: 27.7%
  T: 29.6%
  none/other: 0.0%

Overview of removed sequences
length	count	expect	max.err	error counts
3	446226	446801.9	0	446226
4	100313	111700.5	0	100313
5	17135	27925.1	0	17135
6	3883	6981.3	0	3883
7	1169	1745.3	0	1169
8	368	436.3	0	368
9	691	109.1	0	25 666
10	613	27.3	1	13 600
11	197	6.8	1	1 196
12	44	1.7	1	2 42
13	14	0.4	1	0 14
17	1	0.0	1	0 1


=== Second read: Adapter PrefixPE/1 ===

Sequence: TACACTCTTTCCCTACACGACGCTCTTCCGATCT; Type: regular 3'; Length: 34; Trimmed: 472887 times

No. of allowed errors:
0-9 bp: 0; 10-19 bp: 1; 20-29 bp: 2; 30-34 bp: 3

Bases preceding removed adapters:
  A: 24.5%
  C: 24.1%
  G: 25.9%
  T: 25.5%
  none/other: 0.0%

Overview of removed sequences
length	count	expect	max.err	error counts
3	321476	446801.9	0	321476
4	110639	111700.5	0	110639
5	30378	27925.1	0	30378
6	5764	6981.3	0	5764
7	1297	1745.3	0	1297
8	286	436.3	0	286
9	1087	109.1	0	101 986
10	1341	27.3	1	41 1300
11	448	6.8	1	4 444
12	118	1.7	1	2 116
13	25	0.4	1	0 25
14	9	0.1	1	0 9
15	1	0.0	1	0 1
35	2	0.0	3	0 0 0 2
42	1	0.0	3	0 0 1
44	1	0.0	3	0 0 1
45	1	0.0	3	1
50	1	0.0	3	0 1
51	1	0.0	3	0 1
52	1	0.0	3	0 0 1
54	2	0.0	3	0 0 0 2
57	1	0.0	3	0 0 1
66	1	0.0	3	0 0 0 1
68	1	0.0	3	0 0 1
77	2	0.0	3	0 0 2
80	1	0.0	3	0 0 0 1
94	1	0.0	3	0 0 0 1
97	1	0.0	3	0 0 0 1


=== Second read: Adapter PrefixPE/2 ===

Sequence: GTGACTGGAGTTCAGACGTGTGCTCTTCCGATCT; Type: regular 3'; Length: 34; Trimmed: 644200 times

No. of allowed errors:
0-9 bp: 0; 10-19 bp: 1; 20-29 bp: 2; 30-34 bp: 3

Bases preceding removed adapters:
  A: 21.8%
  C: 27.7%
  G: 24.5%
  T: 26.0%
  none/other: 0.0%

Overview of removed sequences
length	count	expect	max.err	error counts
3	521895	446801.9	0	521895
4	98568	111700.5	0	98568
5	17096	27925.1	0	17096
6	3707	6981.3	0	3707
7	1059	1745.3	0	1059
8	316	436.3	0	316
9	693	109.1	0	27 666
10	587	27.3	1	12 575
11	220	6.8	1	3 217
12	44	1.7	1	0 44
13	9	0.4	1	0 9
14	1	0.1	1	0 1
16	1	0.0	1	0 1
35	1	0.0	3	0 1
46	1	0.0	3	0 1
48	1	0.0	3	0 0 0 1
56	1	0.0	3	0 0 0 1
