This is cutadapt 2.9 with Python 3.6.6
Command line parameters: --interleaved -a file:/nas02/apps/trimmomatic-0.36/Trimmomatic-0.36/adapters/TruSeq3-PE.fa -A file:/nas02/apps/trimmomatic-0.36/Trimmomatic-0.36/adapters/TruSeq3-PE.fa -m 30 /nas/longleaf/home/zpopkinh/Pvivax_resources/wgs_pe_improved_global/fastq/SRS2745858/SRR6361626_1.fastq.gz /nas/longleaf/home/zpopkinh/Pvivax_resources/wgs_pe_improved_global/fastq/SRS2745858/SRR6361626_2.fastq.gz
Processing reads on 1 core in paired-end mode ...
Finished in 345.15 s (475 us/read; 0.13 M reads/minute).

=== Summary ===

Total read pairs processed:            726,650
  Read 1 with adapter:                  19,361 (2.7%)
  Read 2 with adapter:                  19,555 (2.7%)
Pairs written (passing filters):       725,700 (99.9%)

Total basepairs processed:   364,778,300 bp
  Read 1:   182,389,150 bp
  Read 2:   182,389,150 bp
Total written (filtered):    364,166,217 bp (99.8%)
  Read 1:   182,082,184 bp
  Read 2:   182,084,033 bp

=== First read: Adapter PrefixPE/1 ===

Sequence: TACACTCTTTCCCTACACGACGCTCTTCCGATCT; Type: regular 3'; Length: 34; Trimmed: 16975 times

No. of allowed errors:
0-9 bp: 0; 10-19 bp: 1; 20-29 bp: 2; 30-34 bp: 3

Bases preceding removed adapters:
  A: 57.5%
  C: 19.0%
  G: 9.8%
  T: 13.7%
  none/other: 0.0%

Overview of removed sequences
length	count	expect	max.err	error counts
3	8046	11353.9	0	8046
4	7364	2838.5	0	7364
5	877	709.6	0	877
6	248	177.4	0	248
7	36	44.4	0	36
8	7	11.1	0	7
9	13	2.8	0	4 9
10	22	0.7	1	1 21
11	10	0.2	1	0 10
12	6	0.0	1	0 6
13	1	0.0	1	0 1
14	2	0.0	1	0 2
236	2	0.0	3	0 0 0 2
237	11	0.0	3	0 0 1 10
238	8	0.0	3	0 0 1 7
239	238	0.0	3	0 0 26 212
240	16	0.0	3	0 0 1 15
241	10	0.0	3	0 0 0 10
242	15	0.0	3	0 0 0 15
243	20	0.0	3	0 0 1 19
244	2	0.0	3	0 0 0 2
245	9	0.0	3	0 0 2 7
246	10	0.0	3	0 0 0 10
248	1	0.0	3	0 0 0 1
249	1	0.0	3	0 0 0 1


=== First read: Adapter PrefixPE/2 ===

Sequence: GTGACTGGAGTTCAGACGTGTGCTCTTCCGATCT; Type: regular 3'; Length: 34; Trimmed: 2386 times

No. of allowed errors:
0-9 bp: 0; 10-19 bp: 1; 20-29 bp: 2; 30-34 bp: 3

Bases preceding removed adapters:
  A: 43.9%
  C: 15.0%
  G: 11.4%
  T: 29.7%
  none/other: 0.0%

Overview of removed sequences
length	count	expect	max.err	error counts
3	1503	11353.9	0	1503
4	757	2838.5	0	757
5	90	709.6	0	90
6	22	177.4	0	22
7	9	44.4	0	9
8	1	11.1	0	1
10	2	0.7	1	0 2
11	1	0.2	1	0 1
12	1	0.0	1	0 1


=== Second read: Adapter PrefixPE/1 ===

Sequence: TACACTCTTTCCCTACACGACGCTCTTCCGATCT; Type: regular 3'; Length: 34; Trimmed: 12920 times

No. of allowed errors:
0-9 bp: 0; 10-19 bp: 1; 20-29 bp: 2; 30-34 bp: 3

Bases preceding removed adapters:
  A: 56.4%
  C: 11.4%
  G: 24.8%
  T: 7.5%
  none/other: 0.0%

Overview of removed sequences
length	count	expect	max.err	error counts
3	6370	11353.9	0	6370
4	5532	2838.5	0	5532
5	874	709.6	0	874
6	110	177.4	0	110
7	22	44.4	0	22
8	1	11.1	0	1
9	1	2.8	0	0 1
10	7	0.7	1	1 6
11	3	0.2	1	0 3


=== Second read: Adapter PrefixPE/2 ===

Sequence: GTGACTGGAGTTCAGACGTGTGCTCTTCCGATCT; Type: regular 3'; Length: 34; Trimmed: 6635 times

No. of allowed errors:
0-9 bp: 0; 10-19 bp: 1; 20-29 bp: 2; 30-34 bp: 3

Bases preceding removed adapters:
  A: 46.2%
  C: 11.6%
  G: 16.9%
  T: 25.3%
  none/other: 0.0%

Overview of removed sequences
length	count	expect	max.err	error counts
3	4709	11353.9	0	4709
4	1087	2838.5	0	1087
5	148	709.6	0	148
6	46	177.4	0	46
7	15	44.4	0	15
8	1	11.1	0	1
9	5	2.8	0	0 5
10	8	0.7	1	0 8
11	4	0.2	1	0 4
192	1	0.0	3	0 1
209	1	0.0	3	0 1
227	3	0.0	3	0 3
228	19	0.0	3	0 16 3
229	3	0.0	3	0 0 3
230	32	0.0	3	0 7 19 6
231	6	0.0	3	0 2 3 1
232	36	0.0	3	0 1 6 29
233	19	0.0	3	0 11 4 4
234	277	0.0	3	2 235 29 11
235	34	0.0	3	0 8 23 3
236	52	0.0	3	0 7 32 13
237	47	0.0	3	0 4 4 39
238	60	0.0	3	0 5 12 43
239	5	0.0	3	0 1 1 3
240	5	0.0	3	0 0 1 4
242	6	0.0	3	0 0 4 2
243	4	0.0	3	0 0 2 2
244	1	0.0	3	0 0 1
246	1	0.0	3	0 1
