This is cutadapt 2.9 with Python 3.6.6
Command line parameters: --interleaved -a file:/nas02/apps/trimmomatic-0.36/Trimmomatic-0.36/adapters/TruSeq3-PE.fa -A file:/nas02/apps/trimmomatic-0.36/Trimmomatic-0.36/adapters/TruSeq3-PE.fa -m 30 /nas/longleaf/home/zpopkinh/Pvivax_resources/wgs_pe_improved_global/fastq/SRS819437/SRR1759122_1.fastq.gz /nas/longleaf/home/zpopkinh/Pvivax_resources/wgs_pe_improved_global/fastq/SRS819437/SRR1759122_2.fastq.gz
Processing reads on 1 core in paired-end mode ...
Finished in 2245.34 s (72 us/read; 0.83 M reads/minute).

=== Summary ===

Total read pairs processed:         31,073,565
  Read 1 with adapter:               1,076,090 (3.5%)
  Read 2 with adapter:               1,169,430 (3.8%)
Pairs written (passing filters):    31,073,561 (100.0%)

Total basepairs processed: 6,276,860,130 bp
  Read 1: 3,138,430,065 bp
  Read 2: 3,138,430,065 bp
Total written (filtered):  6,269,282,184 bp (99.9%)
  Read 1: 3,134,779,250 bp
  Read 2: 3,134,502,934 bp

=== First read: Adapter PrefixPE/1 ===

Sequence: TACACTCTTTCCCTACACGACGCTCTTCCGATCT; Type: regular 3'; Length: 34; Trimmed: 492185 times

No. of allowed errors:
0-9 bp: 0; 10-19 bp: 1; 20-29 bp: 2; 30-34 bp: 3

Bases preceding removed adapters:
  A: 27.8%
  C: 22.8%
  G: 20.6%
  T: 28.8%
  none/other: 0.0%

Overview of removed sequences
length	count	expect	max.err	error counts
3	327364	485524.5	0	327364
4	127666	121381.1	0	127666
5	25310	30345.3	0	25310
6	5851	7586.3	0	5851
7	1319	1896.6	0	1319
8	429	474.1	0	429
9	1425	118.5	0	110 1315
10	1979	29.6	1	47 1932
11	643	7.4	1	9 634
12	140	1.9	1	0 140
13	33	0.5	1	1 32
14	7	0.1	1	0 7
15	7	0.0	1	0 7
16	6	0.0	1	0 6
23	1	0.0	2	0 1
41	1	0.0	3	0 0 0 1
56	1	0.0	3	0 0 0 1
58	1	0.0	3	0 1
101	2	0.0	3	0 0 0 2


=== First read: Adapter PrefixPE/2 ===

Sequence: GTGACTGGAGTTCAGACGTGTGCTCTTCCGATCT; Type: regular 3'; Length: 34; Trimmed: 583905 times

No. of allowed errors:
0-9 bp: 0; 10-19 bp: 1; 20-29 bp: 2; 30-34 bp: 3

Bases preceding removed adapters:
  A: 27.8%
  C: 11.6%
  G: 25.8%
  T: 34.8%
  none/other: 0.0%

Overview of removed sequences
length	count	expect	max.err	error counts
3	443181	485524.5	0	443181
4	112913	121381.1	0	112913
5	18523	30345.3	0	18523
6	5075	7586.3	0	5075
7	1394	1896.6	0	1394
8	322	474.1	0	322
9	1062	118.5	0	92 970
10	998	29.6	1	22 976
11	350	7.4	1	5 345
12	62	1.9	1	0 62
13	7	0.5	1	0 7
14	12	0.1	1	0 12
15	5	0.0	1	0 5
93	1	0.0	3	1


=== Second read: Adapter PrefixPE/1 ===

Sequence: TACACTCTTTCCCTACACGACGCTCTTCCGATCT; Type: regular 3'; Length: 34; Trimmed: 483739 times

No. of allowed errors:
0-9 bp: 0; 10-19 bp: 1; 20-29 bp: 2; 30-34 bp: 3

Bases preceding removed adapters:
  A: 28.0%
  C: 22.6%
  G: 20.6%
  T: 28.8%
  none/other: 0.0%

Overview of removed sequences
length	count	expect	max.err	error counts
3	321722	485524.5	0	321722
4	125838	121381.1	0	125838
5	25006	30345.3	0	25006
6	5670	7586.3	0	5670
7	1283	1896.6	0	1283
8	345	474.1	0	345
9	1293	118.5	0	114 1179
10	1791	29.6	1	28 1763
11	617	7.4	1	7 610
12	118	1.9	1	3 115
13	44	0.5	1	1 43
14	8	0.1	1	0 8
15	3	0.0	1	0 3
16	1	0.0	1	0 1


=== Second read: Adapter PrefixPE/2 ===

Sequence: GTGACTGGAGTTCAGACGTGTGCTCTTCCGATCT; Type: regular 3'; Length: 34; Trimmed: 685691 times

No. of allowed errors:
0-9 bp: 0; 10-19 bp: 1; 20-29 bp: 2; 30-34 bp: 3

Bases preceding removed adapters:
  A: 26.8%
  C: 20.1%
  G: 22.8%
  T: 30.2%
  none/other: 0.0%

Overview of removed sequences
length	count	expect	max.err	error counts
3	542344	485524.5	0	542344
4	115650	121381.1	0	115650
5	18401	30345.3	0	18401
6	5182	7586.3	0	5182
7	1385	1896.6	0	1385
8	319	474.1	0	319
9	899	118.5	0	71 828
10	1010	29.6	1	24 986
11	371	7.4	1	7 364
12	97	1.9	1	2 95
13	19	0.5	1	1 18
14	4	0.1	1	0 4
15	3	0.0	1	0 3
19	3	0.0	1	0 0 3
20	1	0.0	2	1
40	1	0.0	3	0 0 1
49	1	0.0	3	0 1
94	1	0.0	3	0 0 1
