This is cutadapt 2.9 with Python 3.6.6
Command line parameters: --interleaved -a file:/nas02/apps/trimmomatic-0.36/Trimmomatic-0.36/adapters/TruSeq3-PE.fa -A file:/nas02/apps/trimmomatic-0.36/Trimmomatic-0.36/adapters/TruSeq3-PE.fa -m 30 /nas/longleaf/home/zpopkinh/Pvivax_resources/wgs_pe_improved_global/fastq/ERS241410/ERR337600_1.fastq.gz /nas/longleaf/home/zpopkinh/Pvivax_resources/wgs_pe_improved_global/fastq/ERS241410/ERR337600_2.fastq.gz
Processing reads on 1 core in paired-end mode ...
Finished in 1446.76 s (91 us/read; 0.66 M reads/minute).

=== Summary ===

Total read pairs processed:         15,900,332
  Read 1 with adapter:                 573,881 (3.6%)
  Read 2 with adapter:                 568,338 (3.6%)
Pairs written (passing filters):    15,900,330 (100.0%)

Total basepairs processed: 3,180,066,400 bp
  Read 1: 1,590,033,200 bp
  Read 2: 1,590,033,200 bp
Total written (filtered):  3,176,205,274 bp (99.9%)
  Read 1: 1,588,093,670 bp
  Read 2: 1,588,111,604 bp

=== First read: Adapter PrefixPE/1 ===

Sequence: TACACTCTTTCCCTACACGACGCTCTTCCGATCT; Type: regular 3'; Length: 34; Trimmed: 313548 times

No. of allowed errors:
0-9 bp: 0; 10-19 bp: 1; 20-29 bp: 2; 30-34 bp: 3

Bases preceding removed adapters:
  A: 29.9%
  C: 17.9%
  G: 22.2%
  T: 30.0%
  none/other: 0.0%

Overview of removed sequences
length	count	expect	max.err	error counts
3	208434	248442.7	0	208434
4	81822	62110.7	0	81822
5	16492	15527.7	0	16492
6	3550	3881.9	0	3550
7	711	970.5	0	711
8	161	242.6	0	161
9	972	60.7	0	66 906
10	998	15.2	1	16 982
11	335	3.8	1	6 329
12	49	0.9	1	3 46
13	17	0.2	1	0 17
14	2	0.1	1	0 2
15	3	0.0	1	0 3
100	2	0.0	3	0 0 0 2


=== First read: Adapter PrefixPE/2 ===

Sequence: GTGACTGGAGTTCAGACGTGTGCTCTTCCGATCT; Type: regular 3'; Length: 34; Trimmed: 260333 times

No. of allowed errors:
0-9 bp: 0; 10-19 bp: 1; 20-29 bp: 2; 30-34 bp: 3

Bases preceding removed adapters:
  A: 24.1%
  C: 18.0%
  G: 25.2%
  T: 32.7%
  none/other: 0.0%

Overview of removed sequences
length	count	expect	max.err	error counts
3	203529	248442.7	0	203529
4	46614	62110.7	0	46614
5	7535	15527.7	0	7535
6	1611	3881.9	0	1611
7	395	970.5	0	395
8	65	242.6	0	65
9	233	60.7	0	13 220
10	244	15.2	1	3 241
11	78	3.8	1	1 77
12	21	0.9	1	0 21
13	8	0.2	1	0 8


=== Second read: Adapter PrefixPE/1 ===

Sequence: TACACTCTTTCCCTACACGACGCTCTTCCGATCT; Type: regular 3'; Length: 34; Trimmed: 313003 times

No. of allowed errors:
0-9 bp: 0; 10-19 bp: 1; 20-29 bp: 2; 30-34 bp: 3

Bases preceding removed adapters:
  A: 30.0%
  C: 17.9%
  G: 21.9%
  T: 30.2%
  none/other: 0.0%

Overview of removed sequences
length	count	expect	max.err	error counts
3	207637	248442.7	0	207637
4	81978	62110.7	0	81978
5	16522	15527.7	0	16522
6	3649	3881.9	0	3649
7	706	970.5	0	706
8	151	242.6	0	151
9	914	60.7	0	64 850
10	1013	15.2	1	30 983
11	342	3.8	1	3 339
12	72	0.9	1	1 71
13	12	0.2	1	0 12
14	7	0.1	1	0 7


=== Second read: Adapter PrefixPE/2 ===

Sequence: GTGACTGGAGTTCAGACGTGTGCTCTTCCGATCT; Type: regular 3'; Length: 34; Trimmed: 255335 times

No. of allowed errors:
0-9 bp: 0; 10-19 bp: 1; 20-29 bp: 2; 30-34 bp: 3

Bases preceding removed adapters:
  A: 24.0%
  C: 18.2%
  G: 25.3%
  T: 32.5%
  none/other: 0.0%

Overview of removed sequences
length	count	expect	max.err	error counts
3	199728	248442.7	0	199728
4	45782	62110.7	0	45782
5	7232	15527.7	0	7232
6	1564	3881.9	0	1564
7	392	970.5	0	392
8	77	242.6	0	77
9	253	60.7	0	10 243
10	217	15.2	1	4 213
11	64	3.8	1	0 64
12	22	0.9	1	0 22
13	4	0.2	1	0 4
