This is cutadapt 2.9 with Python 3.6.6
Command line parameters: --interleaved -a file:/nas02/apps/trimmomatic-0.36/Trimmomatic-0.36/adapters/TruSeq3-PE.fa -A file:/nas02/apps/trimmomatic-0.36/Trimmomatic-0.36/adapters/TruSeq3-PE.fa -m 30 /nas/longleaf/home/zpopkinh/Pvivax_resources/wgs_pe_improved_global/fastq/SRS693268/SRR1568203_1.fastq.gz /nas/longleaf/home/zpopkinh/Pvivax_resources/wgs_pe_improved_global/fastq/SRS693268/SRR1568203_2.fastq.gz
Processing reads on 1 core in paired-end mode ...
Finished in 2620.80 s (71 us/read; 0.84 M reads/minute).

=== Summary ===

Total read pairs processed:         36,786,038
  Read 1 with adapter:               1,370,658 (3.7%)
  Read 2 with adapter:               1,376,356 (3.7%)
Pairs written (passing filters):    36,786,038 (100.0%)

Total basepairs processed: 7,430,779,676 bp
  Read 1: 3,715,389,838 bp
  Read 2: 3,715,389,838 bp
Total written (filtered):  7,421,523,119 bp (99.9%)
  Read 1: 3,710,767,588 bp
  Read 2: 3,710,755,531 bp

=== First read: Adapter PrefixPE/1 ===

Sequence: TACACTCTTTCCCTACACGACGCTCTTCCGATCT; Type: regular 3'; Length: 34; Trimmed: 678275 times

No. of allowed errors:
0-9 bp: 0; 10-19 bp: 1; 20-29 bp: 2; 30-34 bp: 3

Bases preceding removed adapters:
  A: 25.8%
  C: 22.3%
  G: 25.1%
  T: 26.9%
  none/other: 0.0%

Overview of removed sequences
length	count	expect	max.err	error counts
3	459963	574781.8	0	459963
4	163177	143695.5	0	163177
5	40041	35923.9	0	40041
6	7639	8981.0	0	7639
7	1842	2245.2	0	1842
8	504	561.3	0	504
9	1865	140.3	0	177 1688
10	2295	35.1	1	94 2201
11	739	8.8	1	15 724
12	161	2.2	1	0 161
13	32	0.5	1	0 32
14	13	0.1	1	0 13
15	1	0.0	1	0 1
20	1	0.0	2	0 0 1
24	1	0.0	2	0 1
62	1	0.0	3	0 0 0 1


=== First read: Adapter PrefixPE/2 ===

Sequence: GTGACTGGAGTTCAGACGTGTGCTCTTCCGATCT; Type: regular 3'; Length: 34; Trimmed: 692383 times

No. of allowed errors:
0-9 bp: 0; 10-19 bp: 1; 20-29 bp: 2; 30-34 bp: 3

Bases preceding removed adapters:
  A: 24.1%
  C: 18.3%
  G: 26.7%
  T: 30.8%
  none/other: 0.0%

Overview of removed sequences
length	count	expect	max.err	error counts
3	539258	574781.8	0	539258
4	123904	143695.5	0	123904
5	20813	35923.9	0	20813
6	5397	8981.0	0	5397
7	1044	2245.2	0	1044
8	185	561.3	0	185
9	721	140.3	0	47 674
10	671	35.1	1	9 662
11	348	8.8	1	0 348
12	26	2.2	1	0 26
13	15	0.5	1	0 15
14	1	0.1	1	0 1


=== Second read: Adapter PrefixPE/1 ===

Sequence: TACACTCTTTCCCTACACGACGCTCTTCCGATCT; Type: regular 3'; Length: 34; Trimmed: 677296 times

No. of allowed errors:
0-9 bp: 0; 10-19 bp: 1; 20-29 bp: 2; 30-34 bp: 3

Bases preceding removed adapters:
  A: 26.1%
  C: 22.1%
  G: 24.9%
  T: 26.9%
  none/other: 0.0%

Overview of removed sequences
length	count	expect	max.err	error counts
3	460372	574781.8	0	460372
4	161272	143695.5	0	161272
5	40374	35923.9	0	40374
6	7542	8981.0	0	7542
7	1752	2245.2	0	1752
8	418	561.3	0	418
9	1862	140.3	0	172 1690
10	2644	35.1	1	60 2584
11	871	8.8	1	16 855
12	141	2.2	1	2 139
13	39	0.5	1	0 39
14	8	0.1	1	0 8
19	1	0.0	1	0 0 1


=== Second read: Adapter PrefixPE/2 ===

Sequence: GTGACTGGAGTTCAGACGTGTGCTCTTCCGATCT; Type: regular 3'; Length: 34; Trimmed: 699060 times

No. of allowed errors:
0-9 bp: 0; 10-19 bp: 1; 20-29 bp: 2; 30-34 bp: 3

Bases preceding removed adapters:
  A: 23.8%
  C: 19.7%
  G: 26.3%
  T: 30.2%
  none/other: 0.0%

Overview of removed sequences
length	count	expect	max.err	error counts
3	549448	574781.8	0	549448
4	121707	143695.5	0	121707
5	20489	35923.9	0	20489
6	4368	8981.0	0	4368
7	1070	2245.2	0	1070
8	177	561.3	0	177
9	827	140.3	0	16 811
10	701	35.1	1	38 663
11	222	8.8	1	0 222
12	25	2.2	1	0 25
13	26	0.5	1	0 26
