This is cutadapt 2.9 with Python 3.6.6
Command line parameters: --interleaved -a file:/nas02/apps/trimmomatic-0.36/Trimmomatic-0.36/adapters/TruSeq3-PE.fa -A file:/nas02/apps/trimmomatic-0.36/Trimmomatic-0.36/adapters/TruSeq3-PE.fa -m 30 /nas/longleaf/home/zpopkinh/Pvivax_resources/wgs_pe_improved_global/fastq/SRS693268/SRR1568113_1.fastq.gz /nas/longleaf/home/zpopkinh/Pvivax_resources/wgs_pe_improved_global/fastq/SRS693268/SRR1568113_2.fastq.gz
Processing reads on 1 core in paired-end mode ...
Finished in 2355.63 s (70 us/read; 0.86 M reads/minute).

=== Summary ===

Total read pairs processed:         33,676,224
  Read 1 with adapter:               1,245,994 (3.7%)
  Read 2 with adapter:               1,257,189 (3.7%)
Pairs written (passing filters):    33,676,219 (100.0%)

Total basepairs processed: 6,802,597,248 bp
  Read 1: 3,401,298,624 bp
  Read 2: 3,401,298,624 bp
Total written (filtered):  6,794,151,625 bp (99.9%)
  Read 1: 3,397,091,090 bp
  Read 2: 3,397,060,535 bp

=== First read: Adapter PrefixPE/1 ===

Sequence: TACACTCTTTCCCTACACGACGCTCTTCCGATCT; Type: regular 3'; Length: 34; Trimmed: 617948 times

No. of allowed errors:
0-9 bp: 0; 10-19 bp: 1; 20-29 bp: 2; 30-34 bp: 3

Bases preceding removed adapters:
  A: 25.9%
  C: 22.4%
  G: 25.0%
  T: 26.8%
  none/other: 0.0%

Overview of removed sequences
length	count	expect	max.err	error counts
3	416952	526191.0	0	416952
4	150582	131547.8	0	150582
5	35815	32886.9	0	35815
6	7708	8221.7	0	7708
7	1692	2055.4	0	1692
8	397	513.9	0	397
9	1762	128.5	0	160 1602
10	2146	32.1	1	65 2081
11	701	8.0	1	19 682
12	146	2.0	1	0 146
13	33	0.5	1	0 33
14	8	0.1	1	0 8
15	1	0.0	1	0 1
101	5	0.0	3	0 0 5


=== First read: Adapter PrefixPE/2 ===

Sequence: GTGACTGGAGTTCAGACGTGTGCTCTTCCGATCT; Type: regular 3'; Length: 34; Trimmed: 628046 times

No. of allowed errors:
0-9 bp: 0; 10-19 bp: 1; 20-29 bp: 2; 30-34 bp: 3

Bases preceding removed adapters:
  A: 24.3%
  C: 18.2%
  G: 26.7%
  T: 30.8%
  none/other: 0.0%

Overview of removed sequences
length	count	expect	max.err	error counts
3	487985	526191.0	0	487985
4	113927	131547.8	0	113927
5	18879	32886.9	0	18879
6	4144	8221.7	0	4144
7	1058	2055.4	0	1058
8	174	513.9	0	174
9	762	128.5	0	75 687
10	797	32.1	1	16 781
11	251	8.0	1	0 251
12	41	2.0	1	0 41
13	28	0.5	1	0 28


=== Second read: Adapter PrefixPE/1 ===

Sequence: TACACTCTTTCCCTACACGACGCTCTTCCGATCT; Type: regular 3'; Length: 34; Trimmed: 617891 times

No. of allowed errors:
0-9 bp: 0; 10-19 bp: 1; 20-29 bp: 2; 30-34 bp: 3

Bases preceding removed adapters:
  A: 26.2%
  C: 21.9%
  G: 25.1%
  T: 26.8%
  none/other: 0.0%

Overview of removed sequences
length	count	expect	max.err	error counts
3	418592	526191.0	0	418592
4	147578	131547.8	0	147578
5	37130	32886.9	0	37130
6	7265	8221.7	0	7265
7	1839	2055.4	0	1839
8	402	513.9	0	402
9	1864	128.5	0	133 1731
10	2273	32.1	1	85 2188
11	718	8.0	1	12 706
12	183	2.0	1	1 182
13	35	0.5	1	0 35
14	12	0.1	1	1 11


=== Second read: Adapter PrefixPE/2 ===

Sequence: GTGACTGGAGTTCAGACGTGTGCTCTTCCGATCT; Type: regular 3'; Length: 34; Trimmed: 639298 times

No. of allowed errors:
0-9 bp: 0; 10-19 bp: 1; 20-29 bp: 2; 30-34 bp: 3

Bases preceding removed adapters:
  A: 23.6%
  C: 19.9%
  G: 26.0%
  T: 30.5%
  none/other: 0.0%

Overview of removed sequences
length	count	expect	max.err	error counts
3	502029	526191.0	0	502029
4	111157	131547.8	0	111157
5	19030	32886.9	0	19030
6	4251	8221.7	0	4251
7	1086	2055.4	0	1086
8	159	513.9	0	159
9	615	128.5	0	42 573
10	665	32.1	1	7 658
11	244	8.0	1	0 244
12	39	2.0	1	0 39
13	18	0.5	1	0 18
14	1	0.1	1	0 1
16	1	0.0	1	0 1
22	1	0.0	2	0 0 1
23	1	0.0	2	0 0 1
53	1	0.0	3	0 0 0 1
