This is cutadapt 2.9 with Python 3.6.6
Command line parameters: --interleaved -a file:/nas02/apps/trimmomatic-0.36/Trimmomatic-0.36/adapters/TruSeq3-PE.fa -A file:/nas02/apps/trimmomatic-0.36/Trimmomatic-0.36/adapters/TruSeq3-PE.fa -m 30 /nas/longleaf/home/zpopkinh/Pvivax_resources/wgs_pe_improved_global/fastq/SRS693268/SRR1562519_1.fastq.gz /nas/longleaf/home/zpopkinh/Pvivax_resources/wgs_pe_improved_global/fastq/SRS693268/SRR1562519_2.fastq.gz
Processing reads on 1 core in paired-end mode ...
Finished in 1283.16 s (72 us/read; 0.83 M reads/minute).

=== Summary ===

Total read pairs processed:         17,828,686
  Read 1 with adapter:                 659,851 (3.7%)
  Read 2 with adapter:                 665,190 (3.7%)
Pairs written (passing filters):    17,828,685 (100.0%)

Total basepairs processed: 3,601,394,572 bp
  Read 1: 1,800,697,286 bp
  Read 2: 1,800,697,286 bp
Total written (filtered):  3,596,923,632 bp (99.9%)
  Read 1: 1,798,468,669 bp
  Read 2: 1,798,454,963 bp

=== First read: Adapter PrefixPE/1 ===

Sequence: TACACTCTTTCCCTACACGACGCTCTTCCGATCT; Type: regular 3'; Length: 34; Trimmed: 330148 times

No. of allowed errors:
0-9 bp: 0; 10-19 bp: 1; 20-29 bp: 2; 30-34 bp: 3

Bases preceding removed adapters:
  A: 25.7%
  C: 22.2%
  G: 25.2%
  T: 27.0%
  none/other: 0.0%

Overview of removed sequences
length	count	expect	max.err	error counts
3	223010	278573.2	0	223010
4	79843	69643.3	0	79843
5	19556	17410.8	0	19556
6	3908	4352.7	0	3908
7	865	1088.2	0	865
8	228	272.0	0	228
9	912	68.0	0	91 821
10	1257	17.0	1	20 1237
11	437	4.3	1	0 437
12	108	1.1	1	0 108
13	18	0.3	1	0 18
14	5	0.1	1	0 5
15	1	0.0	1	0 1


=== First read: Adapter PrefixPE/2 ===

Sequence: GTGACTGGAGTTCAGACGTGTGCTCTTCCGATCT; Type: regular 3'; Length: 34; Trimmed: 329703 times

No. of allowed errors:
0-9 bp: 0; 10-19 bp: 1; 20-29 bp: 2; 30-34 bp: 3

Bases preceding removed adapters:
  A: 24.3%
  C: 18.0%
  G: 26.6%
  T: 31.1%
  none/other: 0.0%

Overview of removed sequences
length	count	expect	max.err	error counts
3	256327	278573.2	0	256327
4	59949	69643.3	0	59949
5	9705	17410.8	0	9705
6	2186	4352.7	0	2186
7	536	1088.2	0	536
8	87	272.0	0	87
9	395	68.0	0	29 366
10	357	17.0	1	6 351
11	125	4.3	1	0 125
12	29	1.1	1	0 29
13	6	0.3	1	0 6
15	1	0.0	1	0 1


=== Second read: Adapter PrefixPE/1 ===

Sequence: TACACTCTTTCCCTACACGACGCTCTTCCGATCT; Type: regular 3'; Length: 34; Trimmed: 326943 times

No. of allowed errors:
0-9 bp: 0; 10-19 bp: 1; 20-29 bp: 2; 30-34 bp: 3

Bases preceding removed adapters:
  A: 26.2%
  C: 22.0%
  G: 24.7%
  T: 27.1%
  none/other: 0.0%

Overview of removed sequences
length	count	expect	max.err	error counts
3	220951	278573.2	0	220951
4	79262	69643.3	0	79262
5	19108	17410.8	0	19108
6	3851	4352.7	0	3851
7	928	1088.2	0	928
8	197	272.0	0	197
9	861	68.0	0	91 770
10	1305	17.0	1	33 1272
11	357	4.3	1	2 355
12	105	1.1	1	1 104
13	12	0.3	1	0 12
14	3	0.1	1	0 3
15	2	0.0	1	0 2
101	1	0.0	3	0 1


=== Second read: Adapter PrefixPE/2 ===

Sequence: GTGACTGGAGTTCAGACGTGTGCTCTTCCGATCT; Type: regular 3'; Length: 34; Trimmed: 338247 times

No. of allowed errors:
0-9 bp: 0; 10-19 bp: 1; 20-29 bp: 2; 30-34 bp: 3

Bases preceding removed adapters:
  A: 23.9%
  C: 20.3%
  G: 25.6%
  T: 30.3%
  none/other: 0.0%

Overview of removed sequences
length	count	expect	max.err	error counts
3	265175	278573.2	0	265175
4	59412	69643.3	0	59412
5	9936	17410.8	0	9936
6	2196	4352.7	0	2196
7	553	1088.2	0	553
8	81	272.0	0	81
9	361	68.0	0	19 342
10	345	17.0	1	11 334
11	157	4.3	1	0 157
12	26	1.1	1	0 26
13	4	0.3	1	0 4
51	1	0.0	3	0 0 1
