This is cutadapt 2.9 with Python 3.6.6
Command line parameters: --interleaved -a file:/nas02/apps/trimmomatic-0.36/Trimmomatic-0.36/adapters/TruSeq3-PE.fa -A file:/nas02/apps/trimmomatic-0.36/Trimmomatic-0.36/adapters/TruSeq3-PE.fa -m 30 /nas/longleaf/home/zpopkinh/Pvivax_resources/wgs_pe_improved_global/fastq/SRS693268/SRR1568107_1.fastq.gz /nas/longleaf/home/zpopkinh/Pvivax_resources/wgs_pe_improved_global/fastq/SRS693268/SRR1568107_2.fastq.gz
Processing reads on 1 core in paired-end mode ...
Finished in 886.31 s (73 us/read; 0.83 M reads/minute).

=== Summary ===

Total read pairs processed:         12,220,936
  Read 1 with adapter:                 451,498 (3.7%)
  Read 2 with adapter:                 456,149 (3.7%)
Pairs written (passing filters):    12,220,936 (100.0%)

Total basepairs processed: 2,468,629,072 bp
  Read 1: 1,234,314,536 bp
  Read 2: 1,234,314,536 bp
Total written (filtered):  2,465,565,334 bp (99.9%)
  Read 1: 1,232,789,790 bp
  Read 2: 1,232,775,544 bp

=== First read: Adapter PrefixPE/1 ===

Sequence: TACACTCTTTCCCTACACGACGCTCTTCCGATCT; Type: regular 3'; Length: 34; Trimmed: 219668 times

No. of allowed errors:
0-9 bp: 0; 10-19 bp: 1; 20-29 bp: 2; 30-34 bp: 3

Bases preceding removed adapters:
  A: 25.9%
  C: 21.9%
  G: 26.0%
  T: 26.2%
  none/other: 0.0%

Overview of removed sequences
length	count	expect	max.err	error counts
3	148779	190952.1	0	148779
4	52597	47738.0	0	52597
5	13198	11934.5	0	13198
6	2455	2983.6	0	2455
7	653	745.9	0	653
8	126	186.5	0	126
9	620	46.6	0	105 515
10	903	11.7	1	49 854
11	290	2.9	1	4 286
12	34	0.7	1	0 34
13	2	0.2	1	0 2
14	10	0.0	1	0 10
15	1	0.0	1	0 1


=== First read: Adapter PrefixPE/2 ===

Sequence: GTGACTGGAGTTCAGACGTGTGCTCTTCCGATCT; Type: regular 3'; Length: 34; Trimmed: 231830 times

No. of allowed errors:
0-9 bp: 0; 10-19 bp: 1; 20-29 bp: 2; 30-34 bp: 3

Bases preceding removed adapters:
  A: 24.2%
  C: 18.2%
  G: 26.6%
  T: 31.0%
  none/other: 0.0%

Overview of removed sequences
length	count	expect	max.err	error counts
3	179651	190952.1	0	179651
4	42409	47738.0	0	42409
5	7143	11934.5	0	7143
6	1426	2983.6	0	1426
7	401	745.9	0	401
8	60	186.5	0	60
9	377	46.6	0	13 364
10	221	11.7	1	1 220
11	131	2.9	1	0 131
12	1	0.7	1	0 1
13	10	0.2	1	0 10


=== Second read: Adapter PrefixPE/1 ===

Sequence: TACACTCTTTCCCTACACGACGCTCTTCCGATCT; Type: regular 3'; Length: 34; Trimmed: 220519 times

No. of allowed errors:
0-9 bp: 0; 10-19 bp: 1; 20-29 bp: 2; 30-34 bp: 3

Bases preceding removed adapters:
  A: 25.9%
  C: 22.5%
  G: 25.6%
  T: 26.1%
  none/other: 0.0%

Overview of removed sequences
length	count	expect	max.err	error counts
3	148236	190952.1	0	148236
4	53769	47738.0	0	53769
5	13174	11934.5	0	13174
6	2726	2983.6	0	2726
7	610	745.9	0	610
8	111	186.5	0	111
9	718	46.6	0	32 686
10	813	11.7	1	24 789
11	278	2.9	1	10 268
12	73	0.7	1	1 72
13	6	0.2	1	0 6
14	4	0.0	1	0 4
16	1	0.0	1	0 1


=== Second read: Adapter PrefixPE/2 ===

Sequence: GTGACTGGAGTTCAGACGTGTGCTCTTCCGATCT; Type: regular 3'; Length: 34; Trimmed: 235630 times

No. of allowed errors:
0-9 bp: 0; 10-19 bp: 1; 20-29 bp: 2; 30-34 bp: 3

Bases preceding removed adapters:
  A: 23.8%
  C: 20.0%
  G: 26.0%
  T: 30.2%
  none/other: 0.0%

Overview of removed sequences
length	count	expect	max.err	error counts
3	184617	190952.1	0	184617
4	41383	47738.0	0	41383
5	6991	11934.5	0	6991
6	1544	2983.6	0	1544
7	387	745.9	0	387
8	51	186.5	0	51
9	302	46.6	0	40 262
10	227	11.7	1	15 212
11	97	2.9	1	0 97
12	29	0.7	1	0 29
13	2	0.2	1	0 2
