This is cutadapt 2.9 with Python 3.6.6
Command line parameters: --interleaved -a file:/nas02/apps/trimmomatic-0.36/Trimmomatic-0.36/adapters/TruSeq3-PE.fa -A file:/nas02/apps/trimmomatic-0.36/Trimmomatic-0.36/adapters/TruSeq3-PE.fa -m 30 /nas/longleaf/home/zpopkinh/Pvivax_resources/wgs_pe_improved_global/fastq/SRS693268/SRR1564563_1.fastq.gz /nas/longleaf/home/zpopkinh/Pvivax_resources/wgs_pe_improved_global/fastq/SRS693268/SRR1564563_2.fastq.gz
Processing reads on 1 core in paired-end mode ...
Finished in 0.89 s (49 us/read; 1.23 M reads/minute).

=== Summary ===

Total read pairs processed:             18,191
  Read 1 with adapter:                     539 (3.0%)
  Read 2 with adapter:                     643 (3.5%)
Pairs written (passing filters):        18,191 (100.0%)

Total basepairs processed:     3,674,582 bp
  Read 1:     1,837,291 bp
  Read 2:     1,837,291 bp
Total written (filtered):      3,670,540 bp (99.9%)
  Read 1:     1,835,396 bp
  Read 2:     1,835,144 bp

=== First read: Adapter PrefixPE/1 ===

Sequence: TACACTCTTTCCCTACACGACGCTCTTCCGATCT; Type: regular 3'; Length: 34; Trimmed: 322 times

No. of allowed errors:
0-9 bp: 0; 10-19 bp: 1; 20-29 bp: 2; 30-34 bp: 3

Bases preceding removed adapters:
  A: 32.9%
  C: 23.9%
  G: 18.9%
  T: 24.2%
  none/other: 0.0%

Overview of removed sequences
length	count	expect	max.err	error counts
3	187	284.2	0	187
4	102	71.1	0	102
5	22	17.8	0	22
6	6	4.4	0	6
7	2	1.1	0	2
10	3	0.0	1	0 3


=== First read: Adapter PrefixPE/2 ===

Sequence: GTGACTGGAGTTCAGACGTGTGCTCTTCCGATCT; Type: regular 3'; Length: 34; Trimmed: 217 times

No. of allowed errors:
0-9 bp: 0; 10-19 bp: 1; 20-29 bp: 2; 30-34 bp: 3

Bases preceding removed adapters:
  A: 30.0%
  C: 13.4%
  G: 22.1%
  T: 34.6%
  none/other: 0.0%

Overview of removed sequences
length	count	expect	max.err	error counts
3	154	284.2	0	154
4	52	71.1	0	52
5	8	17.8	0	8
6	1	4.4	0	1
9	1	0.1	0	0 1
11	1	0.0	1	0 1


=== Second read: Adapter PrefixPE/1 ===

Sequence: TACACTCTTTCCCTACACGACGCTCTTCCGATCT; Type: regular 3'; Length: 34; Trimmed: 299 times

No. of allowed errors:
0-9 bp: 0; 10-19 bp: 1; 20-29 bp: 2; 30-34 bp: 3

Bases preceding removed adapters:
  A: 34.4%
  C: 21.1%
  G: 17.4%
  T: 27.1%
  none/other: 0.0%

Overview of removed sequences
length	count	expect	max.err	error counts
3	199	284.2	0	199
4	83	71.1	0	83
5	14	17.8	0	14
6	1	4.4	0	1
9	1	0.1	0	0 1
10	1	0.0	1	0 1


=== Second read: Adapter PrefixPE/2 ===

Sequence: GTGACTGGAGTTCAGACGTGTGCTCTTCCGATCT; Type: regular 3'; Length: 34; Trimmed: 344 times

No. of allowed errors:
0-9 bp: 0; 10-19 bp: 1; 20-29 bp: 2; 30-34 bp: 3

Bases preceding removed adapters:
  A: 27.9%
  C: 26.7%
  G: 16.9%
  T: 28.5%
  none/other: 0.0%

Overview of removed sequences
length	count	expect	max.err	error counts
3	271	284.2	0	271
4	66	71.1	0	66
5	2	17.8	0	2
6	3	4.4	0	3
9	2	0.1	0	0 2
