This is cutadapt 2.9 with Python 3.6.6
Command line parameters: --interleaved -a file:/nas02/apps/trimmomatic-0.36/Trimmomatic-0.36/adapters/TruSeq3-PE.fa -A file:/nas02/apps/trimmomatic-0.36/Trimmomatic-0.36/adapters/TruSeq3-PE.fa -m 30 /nas/longleaf/home/zpopkinh/Pvivax_resources/wgs_pe_improved_global/fastq/SRS258178/SRR332572_1.fastq.gz /nas/longleaf/home/zpopkinh/Pvivax_resources/wgs_pe_improved_global/fastq/SRS258178/SRR332572_2.fastq.gz
Processing reads on 1 core in paired-end mode ...
Finished in 27745.46 s (445 us/read; 0.13 M reads/minute).

=== Summary ===

Total read pairs processed:         62,280,962
  Read 1 with adapter:               2,249,705 (3.6%)
  Read 2 with adapter:               2,384,827 (3.8%)
Pairs written (passing filters):    62,280,937 (100.0%)

Total basepairs processed: 12,580,754,324 bp
  Read 1: 6,290,377,162 bp
  Read 2: 6,290,377,162 bp
Total written (filtered):  12,565,044,416 bp (99.9%)
  Read 1: 6,282,759,227 bp
  Read 2: 6,282,285,189 bp

=== First read: Adapter PrefixPE/1 ===

Sequence: TACACTCTTTCCCTACACGACGCTCTTCCGATCT; Type: regular 3'; Length: 34; Trimmed: 1066755 times

No. of allowed errors:
0-9 bp: 0; 10-19 bp: 1; 20-29 bp: 2; 30-34 bp: 3

Bases preceding removed adapters:
  A: 28.6%
  C: 22.0%
  G: 20.0%
  T: 29.4%
  none/other: 0.0%

Overview of removed sequences
length	count	expect	max.err	error counts
3	707468	973140.0	0	707468
4	272536	243285.0	0	272536
5	59172	60821.3	0	59172
6	14314	15205.3	0	14314
7	3433	3801.3	0	3433
8	738	950.3	0	738
9	3475	237.6	0	280 3195
10	3740	59.4	1	104 3636
11	1388	14.8	1	37 1351
12	340	3.7	1	2 338
13	81	0.9	1	0 81
14	52	0.2	1	10 42
15	13	0.1	1	3 10
20	1	0.0	2	0 0 1
24	1	0.0	2	0 0 1
53	1	0.0	3	0 0 0 1
64	1	0.0	3	0 0 1
66	1	0.0	3	0 0 1


=== First read: Adapter PrefixPE/2 ===

Sequence: GTGACTGGAGTTCAGACGTGTGCTCTTCCGATCT; Type: regular 3'; Length: 34; Trimmed: 1182950 times

No. of allowed errors:
0-9 bp: 0; 10-19 bp: 1; 20-29 bp: 2; 30-34 bp: 3

Bases preceding removed adapters:
  A: 26.0%
  C: 12.1%
  G: 26.2%
  T: 35.7%
  none/other: 0.0%

Overview of removed sequences
length	count	expect	max.err	error counts
3	923827	973140.0	0	923827
4	205112	243285.0	0	205112
5	35671	60821.3	0	35671
6	10380	15205.3	0	10380
7	3078	3801.3	0	3078
8	803	950.3	0	803
9	1426	237.6	0	164 1262
10	1811	59.4	1	50 1761
11	636	14.8	1	4 632
12	144	3.7	1	6 138
13	43	0.9	1	0 43
14	14	0.2	1	0 14
101	5	0.0	3	0 0 0 5


=== Second read: Adapter PrefixPE/1 ===

Sequence: TACACTCTTTCCCTACACGACGCTCTTCCGATCT; Type: regular 3'; Length: 34; Trimmed: 1121818 times

No. of allowed errors:
0-9 bp: 0; 10-19 bp: 1; 20-29 bp: 2; 30-34 bp: 3

Bases preceding removed adapters:
  A: 29.0%
  C: 22.5%
  G: 19.5%
  T: 29.1%
  none/other: 0.0%

Overview of removed sequences
length	count	expect	max.err	error counts
3	729040	973140.0	0	729040
4	291395	243285.0	0	291395
5	68778	60821.3	0	68778
6	17044	15205.3	0	17044
7	4090	3801.3	0	4090
8	1172	950.3	0	1172
9	3852	237.6	0	367 3485
10	4283	59.4	1	117 4166
11	1639	14.8	1	18 1621
12	344	3.7	1	2 342
13	106	0.9	1	5 101
14	37	0.2	1	7 30
15	18	0.1	1	11 7
101	20	0.0	3	0 12 8


=== Second read: Adapter PrefixPE/2 ===

Sequence: GTGACTGGAGTTCAGACGTGTGCTCTTCCGATCT; Type: regular 3'; Length: 34; Trimmed: 1263009 times

No. of allowed errors:
0-9 bp: 0; 10-19 bp: 1; 20-29 bp: 2; 30-34 bp: 3

Bases preceding removed adapters:
  A: 24.5%
  C: 13.1%
  G: 26.5%
  T: 35.9%
  none/other: 0.0%

Overview of removed sequences
length	count	expect	max.err	error counts
3	999925	973140.0	0	999925
4	205192	243285.0	0	205192
5	38587	60821.3	0	38587
6	11035	15205.3	0	11035
7	3198	3801.3	0	3198
8	841	950.3	0	841
9	1465	237.6	0	167 1298
10	1925	59.4	1	40 1885
11	649	14.8	1	0 649
12	138	3.7	1	1 137
13	22	0.9	1	0 22
14	31	0.2	1	0 31
15	1	0.1	1	0 1
