This is cutadapt 2.9 with Python 3.6.6
Command line parameters: --interleaved -a file:/nas02/apps/trimmomatic-0.36/Trimmomatic-0.36/adapters/TruSeq3-PE.fa -A file:/nas02/apps/trimmomatic-0.36/Trimmomatic-0.36/adapters/TruSeq3-PE.fa -m 30 /nas/longleaf/home/zpopkinh/Pvivax_resources/wgs_pe_improved_global/fastq/SRS258178/SRR340133_1.fastq.gz /nas/longleaf/home/zpopkinh/Pvivax_resources/wgs_pe_improved_global/fastq/SRS258178/SRR340133_2.fastq.gz
Processing reads on 1 core in paired-end mode ...
Finished in 2218.04 s (65 us/read; 0.92 M reads/minute).

=== Summary ===

Total read pairs processed:         34,036,283
  Read 1 with adapter:               1,249,220 (3.7%)
  Read 2 with adapter:               1,245,891 (3.7%)
Pairs written (passing filters):    34,036,281 (100.0%)

Total basepairs processed: 5,173,515,016 bp
  Read 1: 2,586,757,508 bp
  Read 2: 2,586,757,508 bp
Total written (filtered):  5,165,028,389 bp (99.8%)
  Read 1: 2,582,511,572 bp
  Read 2: 2,582,516,817 bp

=== First read: Adapter PrefixPE/1 ===

Sequence: TACACTCTTTCCCTACACGACGCTCTTCCGATCT; Type: regular 3'; Length: 34; Trimmed: 627412 times

No. of allowed errors:
0-9 bp: 0; 10-19 bp: 1; 20-29 bp: 2; 30-34 bp: 3

Bases preceding removed adapters:
  A: 32.8%
  C: 19.4%
  G: 17.1%
  T: 30.8%
  none/other: 0.0%

Overview of removed sequences
length	count	expect	max.err	error counts
3	410221	531816.9	0	410221
4	171256	132954.2	0	171256
5	31353	33238.6	0	31353
6	7664	8309.6	0	7664
7	1609	2077.4	0	1609
8	476	519.4	0	476
9	1927	129.8	0	158 1769
10	1983	32.5	1	50 1933
11	699	8.1	1	13 686
12	174	2.0	1	2 172
13	38	0.5	1	0 38
14	9	0.1	1	0 9
15	2	0.0	1	0 2
16	1	0.0	1	0 1


=== First read: Adapter PrefixPE/2 ===

Sequence: GTGACTGGAGTTCAGACGTGTGCTCTTCCGATCT; Type: regular 3'; Length: 34; Trimmed: 621808 times

No. of allowed errors:
0-9 bp: 0; 10-19 bp: 1; 20-29 bp: 2; 30-34 bp: 3

Bases preceding removed adapters:
  A: 27.9%
  C: 10.1%
  G: 24.7%
  T: 37.3%
  none/other: 0.0%

Overview of removed sequences
length	count	expect	max.err	error counts
3	474227	531816.9	0	474227
4	117665	132954.2	0	117665
5	19627	33238.6	0	19627
6	5869	8309.6	0	5869
7	1713	2077.4	0	1713
8	422	519.4	0	422
9	845	129.8	0	82 763
10	993	32.5	1	25 968
11	334	8.1	1	3 331
12	71	2.0	1	1 70
13	25	0.5	1	1 24
14	10	0.1	1	0 10
15	4	0.0	1	0 4
18	1	0.0	1	0 0 1
76	2	0.0	3	0 0 1 1


=== Second read: Adapter PrefixPE/1 ===

Sequence: TACACTCTTTCCCTACACGACGCTCTTCCGATCT; Type: regular 3'; Length: 34; Trimmed: 634026 times

No. of allowed errors:
0-9 bp: 0; 10-19 bp: 1; 20-29 bp: 2; 30-34 bp: 3

Bases preceding removed adapters:
  A: 32.8%
  C: 19.4%
  G: 17.1%
  T: 30.7%
  none/other: 0.0%

Overview of removed sequences
length	count	expect	max.err	error counts
3	414133	531816.9	0	414133
4	172950	132954.2	0	172950
5	31967	33238.6	0	31967
6	7881	8309.6	0	7881
7	1594	2077.4	0	1594
8	466	519.4	0	466
9	1979	129.8	0	142 1837
10	2045	32.5	1	49 1996
11	748	8.1	1	3 745
12	196	2.0	1	5 191
13	42	0.5	1	1 41
14	19	0.1	1	1 18
15	5	0.0	1	0 5
17	1	0.0	1	0 1


=== Second read: Adapter PrefixPE/2 ===

Sequence: GTGACTGGAGTTCAGACGTGTGCTCTTCCGATCT; Type: regular 3'; Length: 34; Trimmed: 611865 times

No. of allowed errors:
0-9 bp: 0; 10-19 bp: 1; 20-29 bp: 2; 30-34 bp: 3

Bases preceding removed adapters:
  A: 27.8%
  C: 10.2%
  G: 24.6%
  T: 37.3%
  none/other: 0.0%

Overview of removed sequences
length	count	expect	max.err	error counts
3	464774	531816.9	0	464774
4	116973	132954.2	0	116973
5	19758	33238.6	0	19758
6	5931	8309.6	0	5931
7	1787	2077.4	0	1787
8	369	519.4	0	369
9	850	129.8	0	93 757
10	941	32.5	1	30 911
11	355	8.1	1	10 345
12	89	2.0	1	1 88
13	31	0.5	1	0 31
14	5	0.1	1	0 5
15	1	0.0	1	0 1
16	1	0.0	1	0 1
