This is cutadapt 2.9 with Python 3.6.6
Command line parameters: --interleaved -a file:/nas02/apps/trimmomatic-0.36/Trimmomatic-0.36/adapters/TruSeq3-PE.fa -A file:/nas02/apps/trimmomatic-0.36/Trimmomatic-0.36/adapters/TruSeq3-PE.fa -m 30 /nas/longleaf/home/zpopkinh/Pvivax_resources/wgs_pe_improved_global/fastq/SRS258178/SRR332568_1.fastq.gz /nas/longleaf/home/zpopkinh/Pvivax_resources/wgs_pe_improved_global/fastq/SRS258178/SRR332568_2.fastq.gz
Processing reads on 1 core in paired-end mode ...
Finished in 28386.57 s (370 us/read; 0.16 M reads/minute).

=== Summary ===

Total read pairs processed:         76,646,153
  Read 1 with adapter:               2,979,535 (3.9%)
  Read 2 with adapter:               5,161,700 (6.7%)
Pairs written (passing filters):    76,646,120 (100.0%)

Total basepairs processed: 15,482,522,906 bp
  Read 1: 7,741,261,453 bp
  Read 2: 7,741,261,453 bp
Total written (filtered):  15,454,013,218 bp (99.8%)
  Read 1: 7,731,159,559 bp
  Read 2: 7,722,853,659 bp

=== First read: Adapter PrefixPE/1 ===

Sequence: TACACTCTTTCCCTACACGACGCTCTTCCGATCT; Type: regular 3'; Length: 34; Trimmed: 1337611 times

No. of allowed errors:
0-9 bp: 0; 10-19 bp: 1; 20-29 bp: 2; 30-34 bp: 3

Bases preceding removed adapters:
  A: 28.4%
  C: 23.7%
  G: 19.7%
  T: 28.2%
  none/other: 0.0%

Overview of removed sequences
length	count	expect	max.err	error counts
3	865083	1197596.1	0	865083
4	344608	299399.0	0	344608
5	88784	74849.8	0	88784
6	20090	18712.4	0	20090
7	5404	4678.1	0	5404
8	1400	1169.5	0	1400
9	4430	292.4	0	449 3981
10	5161	73.1	1	145 5016
11	1920	18.3	1	49 1871
12	501	4.6	1	9 492
13	125	1.1	1	0 125
14	67	0.3	1	12 55
15	23	0.1	1	10 13
17	2	0.0	1	1 1
20	1	0.0	2	0 0 1
40	1	0.0	3	0 0 0 1
54	1	0.0	3	0 0 1
60	1	0.0	3	0 0 0 1
65	1	0.0	3	0 1
100	1	0.0	3	0 0 1
101	7	0.0	3	0 0 1 6


=== First read: Adapter PrefixPE/2 ===

Sequence: GTGACTGGAGTTCAGACGTGTGCTCTTCCGATCT; Type: regular 3'; Length: 34; Trimmed: 1641924 times

No. of allowed errors:
0-9 bp: 0; 10-19 bp: 1; 20-29 bp: 2; 30-34 bp: 3

Bases preceding removed adapters:
  A: 23.5%
  C: 15.2%
  G: 26.7%
  T: 34.6%
  none/other: 0.0%

Overview of removed sequences
length	count	expect	max.err	error counts
3	1307159	1197596.1	0	1307159
4	257611	299399.0	0	257611
5	53043	74849.8	0	53043
6	13335	18712.4	0	13335
7	4139	4678.1	0	4139
8	1035	1169.5	0	1035
9	2099	292.4	0	230 1869
10	2479	73.1	1	71 2408
11	788	18.3	1	3 785
12	162	4.6	1	3 159
13	37	1.1	1	0 37
14	24	0.3	1	0 24
15	6	0.1	1	0 6
101	7	0.0	3	0 0 0 7


=== Second read: Adapter PrefixPE/1 ===

Sequence: TACACTCTTTCCCTACACGACGCTCTTCCGATCT; Type: regular 3'; Length: 34; Trimmed: 3262205 times

No. of allowed errors:
0-9 bp: 0; 10-19 bp: 1; 20-29 bp: 2; 30-34 bp: 3

Bases preceding removed adapters:
  A: 43.7%
  C: 32.2%
  G: 19.1%
  T: 5.1%
  none/other: 0.0%

Overview of removed sequences
length	count	expect	max.err	error counts
3	1801558	1197596.1	0	1801558
4	1004884	299399.0	0	1004884
5	330322	74849.8	0	330322
6	74944	18712.4	0	74944
7	29074	4678.1	0	29074
8	11167	1169.5	0	11167
9	1874	292.4	0	955 919
10	5671	73.1	1	90 5581
11	2343	18.3	1	17 2326
12	307	4.6	1	0 307
13	30	1.1	1	0 30
14	11	0.3	1	0 11
15	2	0.1	1	0 2
101	18	0.0	3	0 12 5 1


=== Second read: Adapter PrefixPE/2 ===

Sequence: GTGACTGGAGTTCAGACGTGTGCTCTTCCGATCT; Type: regular 3'; Length: 34; Trimmed: 1899495 times

No. of allowed errors:
0-9 bp: 0; 10-19 bp: 1; 20-29 bp: 2; 30-34 bp: 3

Bases preceding removed adapters:
  A: 31.1%
  C: 26.4%
  G: 6.2%
  T: 36.3%
  none/other: 0.0%

Overview of removed sequences
length	count	expect	max.err	error counts
3	1321561	1197596.1	0	1321561
4	438247	299399.0	0	438247
5	101521	74849.8	0	101521
6	26083	18712.4	0	26083
7	6421	4678.1	0	6421
8	268	1169.5	0	268
9	1799	292.4	0	105 1694
10	2324	73.1	1	48 2276
11	1087	18.3	1	13 1074
12	150	4.6	1	1 149
13	27	1.1	1	1 26
14	2	0.3	1	0 2
15	2	0.1	1	0 2
16	1	0.0	1	0 1
19	1	0.0	1	0 0 1
22	1	0.0	2	0 0 1
