This is cutadapt 2.9 with Python 3.6.6
Command line parameters: --interleaved -a file:/nas02/apps/trimmomatic-0.36/Trimmomatic-0.36/adapters/TruSeq3-PE.fa -A file:/nas02/apps/trimmomatic-0.36/Trimmomatic-0.36/adapters/TruSeq3-PE.fa -m 30 /nas/longleaf/home/zpopkinh/Pvivax_resources/wgs_pe_improved_global/fastq/SRS258178/SRR332569_1.fastq.gz /nas/longleaf/home/zpopkinh/Pvivax_resources/wgs_pe_improved_global/fastq/SRS258178/SRR332569_2.fastq.gz
Processing reads on 1 core in paired-end mode ...
Finished in 14618.26 s (109 us/read; 0.55 M reads/minute).

=== Summary ===

Total read pairs processed:        133,804,387
  Read 1 with adapter:               4,388,659 (3.3%)
  Read 2 with adapter:               4,793,760 (3.6%)
Pairs written (passing filters):   133,804,281 (100.0%)

Total basepairs processed: 27,028,486,174 bp
  Read 1: 13,514,243,087 bp
  Read 2: 13,514,243,087 bp
Total written (filtered):  26,997,415,423 bp (99.9%)
  Read 1: 13,499,294,117 bp
  Read 2: 13,498,121,306 bp

=== First read: Adapter PrefixPE/1 ===

Sequence: TACACTCTTTCCCTACACGACGCTCTTCCGATCT; Type: regular 3'; Length: 34; Trimmed: 2145426 times

No. of allowed errors:
0-9 bp: 0; 10-19 bp: 1; 20-29 bp: 2; 30-34 bp: 3

Bases preceding removed adapters:
  A: 31.1%
  C: 20.8%
  G: 18.3%
  T: 29.8%
  none/other: 0.0%

Overview of removed sequences
length	count	expect	max.err	error counts
3	1402230	2090693.5	0	1402230
4	578668	522673.4	0	578668
5	113579	130668.3	0	113579
6	26682	32667.1	0	26682
7	5732	8166.8	0	5732
8	1637	2041.7	0	1637
9	6548	510.4	0	469 6079
10	6999	127.6	1	167 6832
11	2433	31.9	1	32 2401
12	620	8.0	1	11 609
13	169	2.0	1	1 168
14	58	0.5	1	0 58
15	17	0.1	1	0 17
16	3	0.0	1	0 3
17	5	0.0	1	1 4
24	1	0.0	2	0 1
28	1	0.0	2	0 0 1
42	1	0.0	3	0 0 0 1
47	1	0.0	3	0 1
48	1	0.0	3	0 1
49	1	0.0	3	0 0 1
66	1	0.0	3	0 0 1
97	1	0.0	3	0 0 0 1
101	38	0.0	3	0 8 7 23


=== First read: Adapter PrefixPE/2 ===

Sequence: GTGACTGGAGTTCAGACGTGTGCTCTTCCGATCT; Type: regular 3'; Length: 34; Trimmed: 2243233 times

No. of allowed errors:
0-9 bp: 0; 10-19 bp: 1; 20-29 bp: 2; 30-34 bp: 3

Bases preceding removed adapters:
  A: 27.8%
  C: 10.8%
  G: 25.6%
  T: 35.8%
  none/other: 0.0%

Overview of removed sequences
length	count	expect	max.err	error counts
3	1704857	2090693.5	0	1704857
4	425511	522673.4	0	425511
5	72274	130668.3	0	72274
6	22460	32667.1	0	22460
7	7020	8166.8	0	7020
8	1627	2041.7	0	1627
9	3496	510.4	0	394 3102
10	4061	127.6	1	111 3950
11	1425	31.9	1	17 1408
12	370	8.0	1	5 365
13	82	2.0	1	0 82
14	38	0.5	1	1 37
15	7	0.1	1	0 7
16	2	0.0	1	0 2
17	1	0.0	1	0 1
18	2	0.0	1	0 2


=== Second read: Adapter PrefixPE/1 ===

Sequence: TACACTCTTTCCCTACACGACGCTCTTCCGATCT; Type: regular 3'; Length: 34; Trimmed: 2084590 times

No. of allowed errors:
0-9 bp: 0; 10-19 bp: 1; 20-29 bp: 2; 30-34 bp: 3

Bases preceding removed adapters:
  A: 31.4%
  C: 20.5%
  G: 17.9%
  T: 30.2%
  none/other: 0.0%

Overview of removed sequences
length	count	expect	max.err	error counts
3	1368368	2090693.5	0	1368368
4	561695	522673.4	0	561695
5	106412	130668.3	0	106412
6	24958	32667.1	0	24958
7	5203	8166.8	0	5203
8	1526	2041.7	0	1526
9	6390	510.4	0	514 5876
10	6724	127.6	1	165 6559
11	2450	31.9	1	35 2415
12	641	8.0	1	8 633
13	153	2.0	1	0 153
14	50	0.5	1	1 49
15	16	0.1	1	0 16
16	2	0.0	1	0 2
17	2	0.0	1	0 2


=== Second read: Adapter PrefixPE/2 ===

Sequence: GTGACTGGAGTTCAGACGTGTGCTCTTCCGATCT; Type: regular 3'; Length: 34; Trimmed: 2709170 times

No. of allowed errors:
0-9 bp: 0; 10-19 bp: 1; 20-29 bp: 2; 30-34 bp: 3

Bases preceding removed adapters:
  A: 24.7%
  C: 23.6%
  G: 21.8%
  T: 29.9%
  none/other: 0.0%

Overview of removed sequences
length	count	expect	max.err	error counts
3	2167561	2090693.5	0	2167561
4	432371	522673.4	0	432371
5	70592	130668.3	0	70592
6	21272	32667.1	0	21272
7	6601	8166.8	0	6601
8	1513	2041.7	0	1513
9	3461	510.4	0	362 3099
10	3794	127.6	1	85 3709
11	1413	31.9	1	16 1397
12	320	8.0	1	3 317
13	99	2.0	1	1 98
14	15	0.5	1	1 14
15	8	0.1	1	0 8
16	3	0.0	1	0 3
17	1	0.0	1	0 1
19	1	0.0	1	0 0 1
21	1	0.0	2	1
22	2	0.0	2	1 0 1
31	1	0.0	3	0 1
39	1	0.0	3	0 0 1
44	1	0.0	3	1
46	1	0.0	3	0 0 1
47	1	0.0	3	0 0 0 1
50	1	0.0	3	1
52	1	0.0	3	0 0 1
55	1	0.0	3	0 1
59	1	0.0	3	0 0 0 1
70	44	0.0	3	3 6 8 27
71	22	0.0	3	0 0 8 14
72	18	0.0	3	0 0 3 15
73	5	0.0	3	0 0 2 3
74	3	0.0	3	0 0 2 1
75	1	0.0	3	0 0 1
80	2	0.0	3	0 0 0 2
95	32	0.0	3	2 11 8 11
96	2	0.0	3	0 1 0 1
99	2	0.0	3	0 0 1 1
101	2	0.0	3	0 0 0 2
