This is cutadapt 2.9 with Python 3.6.6
Command line parameters: --interleaved -a file:/nas02/apps/trimmomatic-0.36/Trimmomatic-0.36/adapters/TruSeq3-PE.fa -A file:/nas02/apps/trimmomatic-0.36/Trimmomatic-0.36/adapters/TruSeq3-PE.fa -m 30 /nas/longleaf/home/zpopkinh/Pvivax_resources/wgs_pe_improved_global/fastq/SRS258178/SRR332570_1.fastq.gz /nas/longleaf/home/zpopkinh/Pvivax_resources/wgs_pe_improved_global/fastq/SRS258178/SRR332570_2.fastq.gz
Processing reads on 1 core in paired-end mode ...
Finished in 1254.01 s (88 us/read; 0.68 M reads/minute).

=== Summary ===

Total read pairs processed:         14,248,546
  Read 1 with adapter:                 466,893 (3.3%)
  Read 2 with adapter:                 769,181 (5.4%)
Pairs written (passing filters):    14,248,506 (100.0%)

Total basepairs processed: 2,878,206,292 bp
  Read 1: 1,439,103,146 bp
  Read 2: 1,439,103,146 bp
Total written (filtered):  2,873,916,414 bp (99.9%)
  Read 1: 1,437,504,403 bp
  Read 2: 1,436,412,011 bp

=== First read: Adapter PrefixPE/1 ===

Sequence: TACACTCTTTCCCTACACGACGCTCTTCCGATCT; Type: regular 3'; Length: 34; Trimmed: 236677 times

No. of allowed errors:
0-9 bp: 0; 10-19 bp: 1; 20-29 bp: 2; 30-34 bp: 3

Bases preceding removed adapters:
  A: 30.9%
  C: 23.3%
  G: 17.9%
  T: 28.0%
  none/other: 0.0%

Overview of removed sequences
length	count	expect	max.err	error counts
3	151142	222633.5	0	151142
4	63903	55658.4	0	63903
5	14867	13914.6	0	14867
6	3457	3478.6	0	3457
7	856	869.7	0	856
8	275	217.4	0	275
9	800	54.4	0	72 728
10	937	13.6	1	21 916
11	300	3.4	1	4 296
12	90	0.8	1	0 90
13	20	0.2	1	0 20
14	5	0.1	1	0 5
15	1	0.0	1	0 1
29	1	0.0	2	0 1
101	23	0.0	3	0 1 13 9


=== First read: Adapter PrefixPE/2 ===

Sequence: GTGACTGGAGTTCAGACGTGTGCTCTTCCGATCT; Type: regular 3'; Length: 34; Trimmed: 230216 times

No. of allowed errors:
0-9 bp: 0; 10-19 bp: 1; 20-29 bp: 2; 30-34 bp: 3

Bases preceding removed adapters:
  A: 24.6%
  C: 13.7%
  G: 26.0%
  T: 35.8%
  none/other: 0.0%

Overview of removed sequences
length	count	expect	max.err	error counts
3	179490	222633.5	0	179490
4	39172	55658.4	0	39172
5	7698	13914.6	0	7698
6	2166	3478.6	0	2166
7	673	869.7	0	673
8	171	217.4	0	171
9	328	54.4	0	30 298
10	363	13.6	1	7 356
11	110	3.4	1	3 107
12	31	0.8	1	0 31
13	11	0.2	1	0 11
14	3	0.1	1	0 3


=== Second read: Adapter PrefixPE/1 ===

Sequence: TACACTCTTTCCCTACACGACGCTCTTCCGATCT; Type: regular 3'; Length: 34; Trimmed: 378786 times

No. of allowed errors:
0-9 bp: 0; 10-19 bp: 1; 20-29 bp: 2; 30-34 bp: 3

Bases preceding removed adapters:
  A: 30.8%
  C: 29.6%
  G: 19.7%
  T: 19.8%
  none/other: 0.0%

Overview of removed sequences
length	count	expect	max.err	error counts
3	216331	222633.5	0	216331
4	101153	55658.4	0	101153
5	42357	13914.6	0	42357
6	10278	3478.6	0	10278
7	3219	869.7	0	3219
8	1340	217.4	0	1340
9	1157	54.4	0	263 894
10	1950	13.6	1	56 1894
11	771	3.4	1	15 756
12	170	0.8	1	1 169
13	39	0.2	1	0 39
14	17	0.1	1	1 16
15	3	0.0	1	0 3
16	1	0.0	1	0 1


=== Second read: Adapter PrefixPE/2 ===

Sequence: GTGACTGGAGTTCAGACGTGTGCTCTTCCGATCT; Type: regular 3'; Length: 34; Trimmed: 390395 times

No. of allowed errors:
0-9 bp: 0; 10-19 bp: 1; 20-29 bp: 2; 30-34 bp: 3

Bases preceding removed adapters:
  A: 19.4%
  C: 28.0%
  G: 15.5%
  T: 37.0%
  none/other: 0.0%

Overview of removed sequences
length	count	expect	max.err	error counts
3	314135	222633.5	0	314135
4	53397	55658.4	0	53397
5	16568	13914.6	0	16568
6	3932	3478.6	0	3932
7	1084	869.7	0	1084
8	160	217.4	0	160
9	363	54.4	0	39 324
10	464	13.6	1	16 448
11	171	3.4	1	2 169
12	39	0.8	1	1 38
13	7	0.2	1	0 7
14	1	0.1	1	0 1
15	1	0.0	1	0 1
16	1	0.0	1	0 1
69	1	0.0	3	0 0 0 1
70	34	0.0	3	0 1 19 14
71	20	0.0	3	0 1 9 10
72	4	0.0	3	0 0 0 4
73	1	0.0	3	0 0 1
75	1	0.0	3	0 0 1
81	1	0.0	3	0 0 1
95	8	0.0	3	1 2 3 2
96	1	0.0	3	0 0 0 1
99	1	0.0	3	0 0 0 1
