This is cutadapt 2.9 with Python 3.6.6
Command line parameters: --interleaved -a file:/nas02/apps/trimmomatic-0.36/Trimmomatic-0.36/adapters/TruSeq3-PE.fa -A file:/nas02/apps/trimmomatic-0.36/Trimmomatic-0.36/adapters/TruSeq3-PE.fa -m 30 /nas/longleaf/home/zpopkinh/Pvivax_resources/wgs_pe_improved_global/fastq/SRS1885938/SRR5136548_1.fastq.gz /nas/longleaf/home/zpopkinh/Pvivax_resources/wgs_pe_improved_global/fastq/SRS1885938/SRR5136548_2.fastq.gz
Processing reads on 1 core in paired-end mode ...
Finished in 355.53 s (75 us/read; 0.80 M reads/minute).

=== Summary ===

Total read pairs processed:          4,766,848
  Read 1 with adapter:                 209,515 (4.4%)
  Read 2 with adapter:                 245,202 (5.1%)
Pairs written (passing filters):     4,766,848 (100.0%)

Total basepairs processed:   953,369,600 bp
  Read 1:   476,684,800 bp
  Read 2:   476,684,800 bp
Total written (filtered):    951,797,174 bp (99.8%)
  Read 1:   475,952,092 bp
  Read 2:   475,845,082 bp

=== First read: Adapter PrefixPE/1 ===

Sequence: TACACTCTTTCCCTACACGACGCTCTTCCGATCT; Type: regular 3'; Length: 34; Trimmed: 133704 times

No. of allowed errors:
0-9 bp: 0; 10-19 bp: 1; 20-29 bp: 2; 30-34 bp: 3

Bases preceding removed adapters:
  A: 52.0%
  C: 24.3%
  G: 12.6%
  T: 11.1%
  none/other: 0.0%

Overview of removed sequences
length	count	expect	max.err	error counts
3	77817	74482.0	0	77817
4	32244	18620.5	0	32244
5	22325	4655.1	0	22325
6	694	1163.8	0	694
7	142	290.9	0	142
8	39	72.7	0	39
9	167	18.2	0	9 158
10	182	4.5	1	1 181
11	78	1.1	1	0 78
12	11	0.3	1	0 11
13	4	0.1	1	0 4
14	1	0.0	1	0 1


=== First read: Adapter PrefixPE/2 ===

Sequence: GTGACTGGAGTTCAGACGTGTGCTCTTCCGATCT; Type: regular 3'; Length: 34; Trimmed: 75811 times

No. of allowed errors:
0-9 bp: 0; 10-19 bp: 1; 20-29 bp: 2; 30-34 bp: 3

Bases preceding removed adapters:
  A: 22.6%
  C: 19.5%
  G: 30.3%
  T: 27.6%
  none/other: 0.0%

Overview of removed sequences
length	count	expect	max.err	error counts
3	59416	74482.0	0	59416
4	13183	18620.5	0	13183
5	2274	4655.1	0	2274
6	592	1163.8	0	592
7	155	290.9	0	155
8	18	72.7	0	18
9	93	18.2	0	1 92
10	49	4.5	1	0 49
11	26	1.1	1	0 26
12	2	0.3	1	0 2
13	3	0.1	1	0 3


=== Second read: Adapter PrefixPE/1 ===

Sequence: TACACTCTTTCCCTACACGACGCTCTTCCGATCT; Type: regular 3'; Length: 34; Trimmed: 133360 times

No. of allowed errors:
0-9 bp: 0; 10-19 bp: 1; 20-29 bp: 2; 30-34 bp: 3

Bases preceding removed adapters:
  A: 51.9%
  C: 24.6%
  G: 12.4%
  T: 11.2%
  none/other: 0.0%

Overview of removed sequences
length	count	expect	max.err	error counts
3	77544	74482.0	0	77544
4	32107	18620.5	0	32107
5	22342	4655.1	0	22342
6	765	1163.8	0	765
7	134	290.9	0	134
8	49	72.7	0	49
9	165	18.2	0	12 153
10	172	4.5	1	1 171
11	62	1.1	1	1 61
12	14	0.3	1	0 14
13	5	0.1	1	0 5
14	1	0.0	1	0 1


=== Second read: Adapter PrefixPE/2 ===

Sequence: GTGACTGGAGTTCAGACGTGTGCTCTTCCGATCT; Type: regular 3'; Length: 34; Trimmed: 111842 times

No. of allowed errors:
0-9 bp: 0; 10-19 bp: 1; 20-29 bp: 2; 30-34 bp: 3

Bases preceding removed adapters:
  A: 15.1%
  C: 13.0%
  G: 36.7%
  T: 35.2%
  none/other: 0.0%

Overview of removed sequences
length	count	expect	max.err	error counts
3	95338	74482.0	0	95338
4	13400	18620.5	0	13400
5	2206	4655.1	0	2206
6	542	1163.8	0	542
7	162	290.9	0	162
8	16	72.7	0	16
9	85	18.2	0	0 85
10	56	4.5	1	0 56
11	33	1.1	1	0 33
12	4	0.3	1	0 4
