This is cutadapt 2.9 with Python 3.6.6
Command line parameters: --interleaved -a file:/nas02/apps/trimmomatic-0.36/Trimmomatic-0.36/adapters/TruSeq3-PE.fa -A file:/nas02/apps/trimmomatic-0.36/Trimmomatic-0.36/adapters/TruSeq3-PE.fa -m 30 /nas/longleaf/home/zpopkinh/Pvivax_resources/wgs_pe_improved_global/fastq/SRS1061258/SRR2317489_1.fastq.gz /nas/longleaf/home/zpopkinh/Pvivax_resources/wgs_pe_improved_global/fastq/SRS1061258/SRR2317489_2.fastq.gz
Processing reads on 1 core in paired-end mode ...
Finished in 561.16 s (86 us/read; 0.70 M reads/minute).

=== Summary ===

Total read pairs processed:          6,545,270
  Read 1 with adapter:                 242,534 (3.7%)
  Read 2 with adapter:                 239,122 (3.7%)
Pairs written (passing filters):     6,545,230 (100.0%)

Total basepairs processed: 1,309,054,000 bp
  Read 1:   654,527,000 bp
  Read 2:   654,527,000 bp
Total written (filtered):  1,307,419,186 bp (99.9%)
  Read 1:   653,703,608 bp
  Read 2:   653,715,578 bp

=== First read: Adapter PrefixPE/1 ===

Sequence: TACACTCTTTCCCTACACGACGCTCTTCCGATCT; Type: regular 3'; Length: 34; Trimmed: 123829 times

No. of allowed errors:
0-9 bp: 0; 10-19 bp: 1; 20-29 bp: 2; 30-34 bp: 3

Bases preceding removed adapters:
  A: 28.9%
  C: 19.8%
  G: 22.2%
  T: 29.1%
  none/other: 0.0%

Overview of removed sequences
length	count	expect	max.err	error counts
3	82632	102269.8	0	82632
4	31893	25567.5	0	31893
5	6596	6391.9	0	6596
6	1420	1598.0	0	1420
7	306	399.5	0	306
8	66	99.9	0	66
9	301	25.0	0	19 282
10	413	6.2	1	6 407
11	129	1.6	1	1 128
12	27	0.4	1	0 27
13	7	0.1	1	0 7
14	1	0.0	1	0 1
15	4	0.0	1	0 4
32	1	0.0	3	0 1
58	1	0.0	3	0 1
76	20	0.0	3	18 1 0 1
83	3	0.0	3	3
95	2	0.0	3	2
96	1	0.0	3	1
98	3	0.0	3	3
100	3	0.0	3	0 2 0 1


=== First read: Adapter PrefixPE/2 ===

Sequence: GTGACTGGAGTTCAGACGTGTGCTCTTCCGATCT; Type: regular 3'; Length: 34; Trimmed: 118705 times

No. of allowed errors:
0-9 bp: 0; 10-19 bp: 1; 20-29 bp: 2; 30-34 bp: 3

Bases preceding removed adapters:
  A: 25.5%
  C: 16.3%
  G: 25.9%
  T: 32.3%
  none/other: 0.0%

Overview of removed sequences
length	count	expect	max.err	error counts
3	92016	102269.8	0	92016
4	21759	25567.5	0	21759
5	3405	6391.9	0	3405
6	897	1598.0	0	897
7	261	399.5	0	261
8	33	99.9	0	33
9	124	25.0	0	11 113
10	134	6.2	1	2 132
11	64	1.6	1	1 63
12	7	0.4	1	0 7
13	1	0.1	1	0 1
15	1	0.0	1	0 1
69	1	0.0	3	0 0 0 1
72	1	0.0	3	0 0 0 1
96	1	0.0	3	0 0 0 1


=== Second read: Adapter PrefixPE/1 ===

Sequence: TACACTCTTTCCCTACACGACGCTCTTCCGATCT; Type: regular 3'; Length: 34; Trimmed: 123588 times

No. of allowed errors:
0-9 bp: 0; 10-19 bp: 1; 20-29 bp: 2; 30-34 bp: 3

Bases preceding removed adapters:
  A: 28.8%
  C: 20.1%
  G: 21.7%
  T: 29.4%
  none/other: 0.0%

Overview of removed sequences
length	count	expect	max.err	error counts
3	82231	102269.8	0	82231
4	32163	25567.5	0	32163
5	6532	6391.9	0	6532
6	1446	1598.0	0	1446
7	275	399.5	0	275
8	78	99.9	0	78
9	337	25.0	0	22 315
10	366	6.2	1	11 355
11	116	1.6	1	1 115
12	28	0.4	1	0 28
13	9	0.1	1	0 9
14	4	0.0	1	0 4
97	3	0.0	3	0 3


=== Second read: Adapter PrefixPE/2 ===

Sequence: GTGACTGGAGTTCAGACGTGTGCTCTTCCGATCT; Type: regular 3'; Length: 34; Trimmed: 115534 times

No. of allowed errors:
0-9 bp: 0; 10-19 bp: 1; 20-29 bp: 2; 30-34 bp: 3

Bases preceding removed adapters:
  A: 25.4%
  C: 16.0%
  G: 26.2%
  T: 32.4%
  none/other: 0.0%

Overview of removed sequences
length	count	expect	max.err	error counts
3	89725	102269.8	0	89725
4	21231	25567.5	0	21231
5	3239	6391.9	0	3239
6	807	1598.0	0	807
7	189	399.5	0	189
8	44	99.9	0	44
9	114	25.0	0	10 104
10	118	6.2	1	4 114
11	52	1.6	1	0 52
12	2	0.4	1	0 2
13	3	0.1	1	0 3
14	1	0.0	1	1
54	1	0.0	3	1
73	2	0.0	3	1 0 0 1
74	6	0.0	3	2 1 2 1
