This is cutadapt 2.9 with Python 3.6.6
Command line parameters: --interleaved -a file:/nas02/apps/trimmomatic-0.36/Trimmomatic-0.36/adapters/TruSeq3-PE.fa -A file:/nas02/apps/trimmomatic-0.36/Trimmomatic-0.36/adapters/TruSeq3-PE.fa -m 30 /nas/longleaf/home/zpopkinh/Pvivax_resources/wgs_pe_improved_global/fastq/ERS055880/ERR111712_1.fastq.gz /nas/longleaf/home/zpopkinh/Pvivax_resources/wgs_pe_improved_global/fastq/ERS055880/ERR111712_2.fastq.gz
Processing reads on 1 core in paired-end mode ...
Finished in 1247.78 s (98 us/read; 0.62 M reads/minute).

=== Summary ===

Total read pairs processed:         12,797,740
  Read 1 with adapter:                 476,833 (3.7%)
  Read 2 with adapter:                 471,686 (3.7%)
Pairs written (passing filters):    12,797,735 (100.0%)

Total basepairs processed: 2,559,548,000 bp
  Read 1: 1,279,774,000 bp
  Read 2: 1,279,774,000 bp
Total written (filtered):  2,556,349,646 bp (99.9%)
  Read 1: 1,278,165,792 bp
  Read 2: 1,278,183,854 bp

=== First read: Adapter PrefixPE/1 ===

Sequence: TACACTCTTTCCCTACACGACGCTCTTCCGATCT; Type: regular 3'; Length: 34; Trimmed: 247261 times

No. of allowed errors:
0-9 bp: 0; 10-19 bp: 1; 20-29 bp: 2; 30-34 bp: 3

Bases preceding removed adapters:
  A: 28.0%
  C: 19.5%
  G: 23.4%
  T: 29.1%
  none/other: 0.0%

Overview of removed sequences
length	count	expect	max.err	error counts
3	166179	199964.7	0	166179
4	61913	49991.2	0	61913
5	13811	12497.8	0	13811
6	2818	3124.4	0	2818
7	620	781.1	0	620
8	144	195.3	0	144
9	687	48.8	0	48 639
10	732	12.2	1	13 719
11	272	3.1	1	4 268
12	57	0.8	1	1 56
13	17	0.2	1	0 17
14	5	0.0	1	0 5
15	1	0.0	1	0 1
100	5	0.0	3	0 0 1 4


=== First read: Adapter PrefixPE/2 ===

Sequence: GTGACTGGAGTTCAGACGTGTGCTCTTCCGATCT; Type: regular 3'; Length: 34; Trimmed: 229572 times

No. of allowed errors:
0-9 bp: 0; 10-19 bp: 1; 20-29 bp: 2; 30-34 bp: 3

Bases preceding removed adapters:
  A: 23.4%
  C: 18.6%
  G: 26.4%
  T: 31.5%
  none/other: 0.0%

Overview of removed sequences
length	count	expect	max.err	error counts
3	179030	199964.7	0	179030
4	41737	49991.2	0	41737
5	6537	12497.8	0	6537
6	1393	3124.4	0	1393
7	356	781.1	0	356
8	59	195.3	0	59
9	187	48.8	0	11 176
10	182	12.2	1	2 180
11	68	3.1	1	1 67
12	16	0.8	1	0 16
13	7	0.2	1	0 7


=== Second read: Adapter PrefixPE/1 ===

Sequence: TACACTCTTTCCCTACACGACGCTCTTCCGATCT; Type: regular 3'; Length: 34; Trimmed: 244623 times

No. of allowed errors:
0-9 bp: 0; 10-19 bp: 1; 20-29 bp: 2; 30-34 bp: 3

Bases preceding removed adapters:
  A: 28.3%
  C: 19.5%
  G: 23.1%
  T: 29.0%
  none/other: 0.0%

Overview of removed sequences
length	count	expect	max.err	error counts
3	163763	199964.7	0	163763
4	62042	49991.2	0	62042
5	13578	12497.8	0	13578
6	2678	3124.4	0	2678
7	595	781.1	0	595
8	137	195.3	0	137
9	745	48.8	0	42 703
10	753	12.2	1	17 736
11	258	3.1	1	5 253
12	56	0.8	1	2 54
13	11	0.2	1	0 11
14	6	0.0	1	0 6
15	1	0.0	1	0 1


=== Second read: Adapter PrefixPE/2 ===

Sequence: GTGACTGGAGTTCAGACGTGTGCTCTTCCGATCT; Type: regular 3'; Length: 34; Trimmed: 227063 times

No. of allowed errors:
0-9 bp: 0; 10-19 bp: 1; 20-29 bp: 2; 30-34 bp: 3

Bases preceding removed adapters:
  A: 23.6%
  C: 18.7%
  G: 26.4%
  T: 31.3%
  none/other: 0.0%

Overview of removed sequences
length	count	expect	max.err	error counts
3	178312	199964.7	0	178312
4	40286	49991.2	0	40286
5	6220	12497.8	0	6220
6	1356	3124.4	0	1356
7	332	781.1	0	332
8	50	195.3	0	50
9	231	48.8	0	5 226
10	193	12.2	1	1 192
11	65	3.1	1	1 64
12	15	0.8	1	1 14
13	3	0.2	1	0 3
