This is cutadapt 2.9 with Python 3.6.6
Command line parameters: --interleaved -a file:/nas02/apps/trimmomatic-0.36/Trimmomatic-0.36/adapters/TruSeq3-PE.fa -A file:/nas02/apps/trimmomatic-0.36/Trimmomatic-0.36/adapters/TruSeq3-PE.fa -m 30 /nas/longleaf/home/zpopkinh/Pvivax_resources/wgs_pe_improved_global/fastq/SRS2910040/SRR6668527_1.fastq.gz /nas/longleaf/home/zpopkinh/Pvivax_resources/wgs_pe_improved_global/fastq/SRS2910040/SRR6668527_2.fastq.gz
Processing reads on 1 core in paired-end mode ...
Finished in 210.86 s (76 us/read; 0.79 M reads/minute).

=== Summary ===

Total read pairs processed:          2,762,131
  Read 1 with adapter:                 116,650 (4.2%)
  Read 2 with adapter:                 127,936 (4.6%)
Pairs written (passing filters):     2,762,131 (100.0%)

Total basepairs processed:   552,426,200 bp
  Read 1:   276,213,100 bp
  Read 2:   276,213,100 bp
Total written (filtered):    551,578,175 bp (99.8%)
  Read 1:   275,805,781 bp
  Read 2:   275,772,394 bp

=== First read: Adapter PrefixPE/1 ===

Sequence: TACACTCTTTCCCTACACGACGCTCTTCCGATCT; Type: regular 3'; Length: 34; Trimmed: 65194 times

No. of allowed errors:
0-9 bp: 0; 10-19 bp: 1; 20-29 bp: 2; 30-34 bp: 3

Bases preceding removed adapters:
  A: 51.5%
  C: 14.4%
  G: 17.6%
  T: 16.5%
  none/other: 0.0%

Overview of removed sequences
length	count	expect	max.err	error counts
3	36292	43158.3	0	36292
4	17556	10789.6	0	17556
5	10310	2697.4	0	10310
6	538	674.3	0	538
7	134	168.6	0	134
8	21	42.1	0	21
9	183	10.5	0	8 175
10	99	2.6	1	0 99
11	49	0.7	1	0 49
12	8	0.2	1	0 8
13	2	0.0	1	0 2
14	2	0.0	1	0 2


=== First read: Adapter PrefixPE/2 ===

Sequence: GTGACTGGAGTTCAGACGTGTGCTCTTCCGATCT; Type: regular 3'; Length: 34; Trimmed: 51456 times

No. of allowed errors:
0-9 bp: 0; 10-19 bp: 1; 20-29 bp: 2; 30-34 bp: 3

Bases preceding removed adapters:
  A: 23.4%
  C: 20.0%
  G: 28.3%
  T: 28.2%
  none/other: 0.0%

Overview of removed sequences
length	count	expect	max.err	error counts
3	40019	43158.3	0	40019
4	9283	10789.6	0	9283
5	1628	2697.4	0	1628
6	309	674.3	0	309
7	104	168.6	0	104
8	9	42.1	0	9
9	43	10.5	0	3 40
10	36	2.6	1	0 36
11	21	0.7	1	0 21
12	4	0.2	1	0 4


=== Second read: Adapter PrefixPE/1 ===

Sequence: TACACTCTTTCCCTACACGACGCTCTTCCGATCT; Type: regular 3'; Length: 34; Trimmed: 69850 times

No. of allowed errors:
0-9 bp: 0; 10-19 bp: 1; 20-29 bp: 2; 30-34 bp: 3

Bases preceding removed adapters:
  A: 48.3%
  C: 13.1%
  G: 16.6%
  T: 22.0%
  none/other: 0.0%

Overview of removed sequences
length	count	expect	max.err	error counts
3	41120	43158.3	0	41120
4	17445	10789.6	0	17445
5	10307	2697.4	0	10307
6	549	674.3	0	549
7	132	168.6	0	132
8	22	42.1	0	22
9	129	10.5	0	7 122
10	88	2.6	1	0 88
11	55	0.7	1	0 55
12	2	0.2	1	0 2
13	1	0.0	1	0 1


=== Second read: Adapter PrefixPE/2 ===

Sequence: GTGACTGGAGTTCAGACGTGTGCTCTTCCGATCT; Type: regular 3'; Length: 34; Trimmed: 58086 times

No. of allowed errors:
0-9 bp: 0; 10-19 bp: 1; 20-29 bp: 2; 30-34 bp: 3

Bases preceding removed adapters:
  A: 20.8%
  C: 25.0%
  G: 28.7%
  T: 25.5%
  none/other: 0.0%

Overview of removed sequences
length	count	expect	max.err	error counts
3	46593	43158.3	0	46593
4	9369	10789.6	0	9369
5	1579	2697.4	0	1579
6	331	674.3	0	331
7	89	168.6	0	89
8	7	42.1	0	7
9	62	10.5	0	1 61
10	38	2.6	1	0 38
11	15	0.7	1	0 15
12	3	0.2	1	0 3
