This is cutadapt 2.9 with Python 3.6.6
Command line parameters: --interleaved -a file:/nas02/apps/trimmomatic-0.36/Trimmomatic-0.36/adapters/TruSeq3-PE.fa -A file:/nas02/apps/trimmomatic-0.36/Trimmomatic-0.36/adapters/TruSeq3-PE.fa -m 30 /nas/longleaf/home/zpopkinh/Pvivax_resources/wgs_pe_improved_global/fastq/SRS694259/SRR1565100_1.fastq.gz /nas/longleaf/home/zpopkinh/Pvivax_resources/wgs_pe_improved_global/fastq/SRS694259/SRR1565100_2.fastq.gz
Processing reads on 1 core in paired-end mode ...
Finished in 2.22 s (50 us/read; 1.20 M reads/minute).

=== Summary ===

Total read pairs processed:             44,461
  Read 1 with adapter:                   1,508 (3.4%)
  Read 2 with adapter:                   1,644 (3.7%)
Pairs written (passing filters):        44,460 (100.0%)

Total basepairs processed:     8,981,122 bp
  Read 1:     4,490,561 bp
  Read 2:     4,490,561 bp
Total written (filtered):      8,970,313 bp (99.9%)
  Read 1:     4,485,359 bp
  Read 2:     4,484,954 bp

=== First read: Adapter PrefixPE/1 ===

Sequence: TACACTCTTTCCCTACACGACGCTCTTCCGATCT; Type: regular 3'; Length: 34; Trimmed: 728 times

No. of allowed errors:
0-9 bp: 0; 10-19 bp: 1; 20-29 bp: 2; 30-34 bp: 3

Bases preceding removed adapters:
  A: 29.5%
  C: 21.0%
  G: 23.5%
  T: 26.0%
  none/other: 0.0%

Overview of removed sequences
length	count	expect	max.err	error counts
3	499	694.7	0	499
4	170	173.7	0	170
5	42	43.4	0	42
6	10	10.9	0	10
8	2	0.7	0	2
9	1	0.2	0	0 1
10	4	0.0	1	0 4


=== First read: Adapter PrefixPE/2 ===

Sequence: GTGACTGGAGTTCAGACGTGTGCTCTTCCGATCT; Type: regular 3'; Length: 34; Trimmed: 780 times

No. of allowed errors:
0-9 bp: 0; 10-19 bp: 1; 20-29 bp: 2; 30-34 bp: 3

Bases preceding removed adapters:
  A: 24.2%
  C: 19.1%
  G: 25.4%
  T: 31.3%
  none/other: 0.0%

Overview of removed sequences
length	count	expect	max.err	error counts
3	597	694.7	0	597
4	146	173.7	0	146
5	24	43.4	0	24
6	6	10.9	0	6
7	4	2.7	0	4
10	3	0.0	1	0 3


=== Second read: Adapter PrefixPE/1 ===

Sequence: TACACTCTTTCCCTACACGACGCTCTTCCGATCT; Type: regular 3'; Length: 34; Trimmed: 690 times

No. of allowed errors:
0-9 bp: 0; 10-19 bp: 1; 20-29 bp: 2; 30-34 bp: 3

Bases preceding removed adapters:
  A: 24.5%
  C: 21.3%
  G: 26.8%
  T: 27.4%
  none/other: 0.0%

Overview of removed sequences
length	count	expect	max.err	error counts
3	455	694.7	0	455
4	167	173.7	0	167
5	55	43.4	0	55
6	4	10.9	0	4
7	1	2.7	0	1
9	3	0.2	0	1 2
10	3	0.0	1	0 3
11	2	0.0	1	0 2


=== Second read: Adapter PrefixPE/2 ===

Sequence: GTGACTGGAGTTCAGACGTGTGCTCTTCCGATCT; Type: regular 3'; Length: 34; Trimmed: 954 times

No. of allowed errors:
0-9 bp: 0; 10-19 bp: 1; 20-29 bp: 2; 30-34 bp: 3

Bases preceding removed adapters:
  A: 26.6%
  C: 29.8%
  G: 21.0%
  T: 22.6%
  none/other: 0.0%

Overview of removed sequences
length	count	expect	max.err	error counts
3	779	694.7	0	779
4	141	173.7	0	141
5	24	43.4	0	24
6	5	10.9	0	5
7	1	2.7	0	1
9	1	0.2	0	0 1
10	1	0.0	1	0 1
11	1	0.0	1	0 1
93	1	0.0	3	0 0 0 1
