This is cutadapt 2.9 with Python 3.6.6
Command line parameters: --interleaved -a file:/nas02/apps/trimmomatic-0.36/Trimmomatic-0.36/adapters/TruSeq3-PE.fa -A file:/nas02/apps/trimmomatic-0.36/Trimmomatic-0.36/adapters/TruSeq3-PE.fa -m 30 /nas/longleaf/home/zpopkinh/Pvivax_resources/wgs_pe_improved_global/fastq/ERS241413/ERR337603_1.fastq.gz /nas/longleaf/home/zpopkinh/Pvivax_resources/wgs_pe_improved_global/fastq/ERS241413/ERR337603_2.fastq.gz
Processing reads on 1 core in paired-end mode ...
Finished in 1573.87 s (84 us/read; 0.72 M reads/minute).

=== Summary ===

Total read pairs processed:         18,770,648
  Read 1 with adapter:                 675,112 (3.6%)
  Read 2 with adapter:                 669,527 (3.6%)
Pairs written (passing filters):    18,770,633 (100.0%)

Total basepairs processed: 3,754,129,600 bp
  Read 1: 1,877,064,800 bp
  Read 2: 1,877,064,800 bp
Total written (filtered):  3,749,577,803 bp (99.9%)
  Read 1: 1,874,779,537 bp
  Read 2: 1,874,798,266 bp

=== First read: Adapter PrefixPE/1 ===

Sequence: TACACTCTTTCCCTACACGACGCTCTTCCGATCT; Type: regular 3'; Length: 34; Trimmed: 379393 times

No. of allowed errors:
0-9 bp: 0; 10-19 bp: 1; 20-29 bp: 2; 30-34 bp: 3

Bases preceding removed adapters:
  A: 30.9%
  C: 17.0%
  G: 21.3%
  T: 30.8%
  none/other: 0.0%

Overview of removed sequences
length	count	expect	max.err	error counts
3	251283	293291.4	0	251283
4	100464	73322.8	0	100464
5	19451	18330.7	0	19451
6	4341	4582.7	0	4341
7	797	1145.7	0	797
8	194	286.4	0	194
9	1141	71.6	0	86 1055
10	1216	17.9	1	25 1191
11	378	4.5	1	1 377
12	85	1.1	1	2 83
13	24	0.3	1	0 24
14	3	0.1	1	1 2
15	1	0.0	1	0 1
71	2	0.0	3	0 0 0 2
100	13	0.0	3	0 0 0 13


=== First read: Adapter PrefixPE/2 ===

Sequence: GTGACTGGAGTTCAGACGTGTGCTCTTCCGATCT; Type: regular 3'; Length: 34; Trimmed: 295719 times

No. of allowed errors:
0-9 bp: 0; 10-19 bp: 1; 20-29 bp: 2; 30-34 bp: 3

Bases preceding removed adapters:
  A: 24.4%
  C: 17.7%
  G: 24.7%
  T: 33.2%
  none/other: 0.0%

Overview of removed sequences
length	count	expect	max.err	error counts
3	230571	293291.4	0	230571
4	54054	73322.8	0	54054
5	8048	18330.7	0	8048
6	1836	4582.7	0	1836
7	458	1145.7	0	458
8	67	286.4	0	67
9	293	71.6	0	17 276
10	264	17.9	1	3 261
11	96	4.5	1	2 94
12	26	1.1	1	0 26
13	6	0.3	1	0 6


=== Second read: Adapter PrefixPE/1 ===

Sequence: TACACTCTTTCCCTACACGACGCTCTTCCGATCT; Type: regular 3'; Length: 34; Trimmed: 378815 times

No. of allowed errors:
0-9 bp: 0; 10-19 bp: 1; 20-29 bp: 2; 30-34 bp: 3

Bases preceding removed adapters:
  A: 31.0%
  C: 17.2%
  G: 20.9%
  T: 30.8%
  none/other: 0.0%

Overview of removed sequences
length	count	expect	max.err	error counts
3	251151	293291.4	0	251151
4	100170	73322.8	0	100170
5	19174	18330.7	0	19174
6	4414	4582.7	0	4414
7	838	1145.7	0	838
8	176	286.4	0	176
9	1201	71.6	0	73 1128
10	1199	17.9	1	34 1165
11	380	4.5	1	4 376
12	85	1.1	1	3 82
13	19	0.3	1	0 19
14	7	0.1	1	0 7
15	1	0.0	1	0 1


=== Second read: Adapter PrefixPE/2 ===

Sequence: GTGACTGGAGTTCAGACGTGTGCTCTTCCGATCT; Type: regular 3'; Length: 34; Trimmed: 290712 times

No. of allowed errors:
0-9 bp: 0; 10-19 bp: 1; 20-29 bp: 2; 30-34 bp: 3

Bases preceding removed adapters:
  A: 24.3%
  C: 17.9%
  G: 24.8%
  T: 33.0%
  none/other: 0.0%

Overview of removed sequences
length	count	expect	max.err	error counts
3	227186	293291.4	0	227186
4	52415	73322.8	0	52415
5	8089	18330.7	0	8089
6	1848	4582.7	0	1848
7	426	1145.7	0	426
8	83	286.4	0	83
9	280	71.6	0	21 259
10	263	17.9	1	5 258
11	96	4.5	1	1 95
12	24	1.1	1	0 24
13	2	0.3	1	0 2
