This is cutadapt 2.9 with Python 3.6.6
Command line parameters: --interleaved -a file:/nas02/apps/trimmomatic-0.36/Trimmomatic-0.36/adapters/TruSeq3-PE.fa -A file:/nas02/apps/trimmomatic-0.36/Trimmomatic-0.36/adapters/TruSeq3-PE.fa -m 30 /nas/longleaf/home/zpopkinh/Pvivax_resources/wgs_pe_improved_global/fastq/SRS805922/SRR1738015_1.fastq.gz /nas/longleaf/home/zpopkinh/Pvivax_resources/wgs_pe_improved_global/fastq/SRS805922/SRR1738015_2.fastq.gz
Processing reads on 1 core in paired-end mode ...
Finished in 3055.77 s (85 us/read; 0.71 M reads/minute).

=== Summary ===

Total read pairs processed:         35,961,443
  Read 1 with adapter:               1,320,583 (3.7%)
  Read 2 with adapter:               1,325,707 (3.7%)
Pairs written (passing filters):    35,961,439 (100.0%)

Total basepairs processed: 7,264,211,486 bp
  Read 1: 3,632,105,743 bp
  Read 2: 3,632,105,743 bp
Total written (filtered):  7,255,186,976 bp (99.9%)
  Read 1: 3,627,600,181 bp
  Read 2: 3,627,586,795 bp

=== First read: Adapter PrefixPE/1 ===

Sequence: TACACTCTTTCCCTACACGACGCTCTTCCGATCT; Type: regular 3'; Length: 34; Trimmed: 591651 times

No. of allowed errors:
0-9 bp: 0; 10-19 bp: 1; 20-29 bp: 2; 30-34 bp: 3

Bases preceding removed adapters:
  A: 29.9%
  C: 23.0%
  G: 15.7%
  T: 31.4%
  none/other: 0.0%

Overview of removed sequences
length	count	expect	max.err	error counts
3	388028	561897.5	0	388028
4	162880	140474.4	0	162880
5	26313	35118.6	0	26313
6	7589	8779.6	0	7589
7	1510	2194.9	0	1510
8	520	548.7	0	520
9	1579	137.2	0	127 1452
10	2166	34.3	1	70 2096
11	812	8.6	1	15 797
12	162	2.1	1	7 155
13	59	0.5	1	6 53
14	15	0.1	1	0 15
15	4	0.0	1	0 4
16	5	0.0	1	0 5
17	1	0.0	1	0 1
20	1	0.0	2	1
32	5	0.0	3	0 0 3 2
57	1	0.0	3	0 0 1
96	1	0.0	3	1


=== First read: Adapter PrefixPE/2 ===

Sequence: GTGACTGGAGTTCAGACGTGTGCTCTTCCGATCT; Type: regular 3'; Length: 34; Trimmed: 728932 times

No. of allowed errors:
0-9 bp: 0; 10-19 bp: 1; 20-29 bp: 2; 30-34 bp: 3

Bases preceding removed adapters:
  A: 31.6%
  C: 6.9%
  G: 25.4%
  T: 36.0%
  none/other: 0.0%

Overview of removed sequences
length	count	expect	max.err	error counts
3	536083	561897.5	0	536083
4	154590	140474.4	0	154590
5	24122	35118.6	0	24122
6	7742	8779.6	0	7742
7	2236	2194.9	0	2236
8	543	548.7	0	543
9	1266	137.2	0	143 1123
10	1548	34.3	1	36 1512
11	625	8.6	1	18 607
12	135	2.1	1	4 131
13	32	0.5	1	1 31
14	4	0.1	1	0 4
15	2	0.0	1	0 2
16	3	0.0	1	0 3
21	1	0.0	2	0 0 1


=== Second read: Adapter PrefixPE/1 ===

Sequence: TACACTCTTTCCCTACACGACGCTCTTCCGATCT; Type: regular 3'; Length: 34; Trimmed: 588366 times

No. of allowed errors:
0-9 bp: 0; 10-19 bp: 1; 20-29 bp: 2; 30-34 bp: 3

Bases preceding removed adapters:
  A: 29.9%
  C: 22.9%
  G: 15.8%
  T: 31.4%
  none/other: 0.0%

Overview of removed sequences
length	count	expect	max.err	error counts
3	385328	561897.5	0	385328
4	162411	140474.4	0	162411
5	26301	35118.6	0	26301
6	7338	8779.6	0	7338
7	1575	2194.9	0	1575
8	554	548.7	0	554
9	1586	137.2	0	156 1430
10	2219	34.3	1	45 2174
11	769	8.6	1	12 757
12	189	2.1	1	3 186
13	66	0.5	1	1 65
14	21	0.1	1	1 20
15	6	0.0	1	0 6
16	1	0.0	1	0 1
17	1	0.0	1	0 1
19	1	0.0	1	0 0 1


=== Second read: Adapter PrefixPE/2 ===

Sequence: GTGACTGGAGTTCAGACGTGTGCTCTTCCGATCT; Type: regular 3'; Length: 34; Trimmed: 737341 times

No. of allowed errors:
0-9 bp: 0; 10-19 bp: 1; 20-29 bp: 2; 30-34 bp: 3

Bases preceding removed adapters:
  A: 31.3%
  C: 8.3%
  G: 25.0%
  T: 35.4%
  none/other: 0.0%

Overview of removed sequences
length	count	expect	max.err	error counts
3	545131	561897.5	0	545131
4	153941	140474.4	0	153941
5	24310	35118.6	0	24310
6	7816	8779.6	0	7816
7	2125	2194.9	0	2125
8	536	548.7	0	536
9	1222	137.2	0	130 1092
10	1491	34.3	1	50 1441
11	560	8.6	1	8 552
12	153	2.1	1	2 151
13	33	0.5	1	0 33
14	14	0.1	1	0 14
15	2	0.0	1	1 1
16	1	0.0	1	0 1
17	1	0.0	1	1
37	1	0.0	3	0 0 0 1
49	1	0.0	3	0 0 0 1
74	2	0.0	3	0 0 1 1
101	1	0.0	3	0 0 0 1
