This is cutadapt 2.9 with Python 3.6.6
Command line parameters: --interleaved -a file:/nas02/apps/trimmomatic-0.36/Trimmomatic-0.36/adapters/TruSeq3-PE.fa -A file:/nas02/apps/trimmomatic-0.36/Trimmomatic-0.36/adapters/TruSeq3-PE.fa -m 30 /nas/longleaf/home/zpopkinh/Pvivax_resources/wgs_pe_improved_global/fastq/ERS241421/ERR337610_1.fastq.gz /nas/longleaf/home/zpopkinh/Pvivax_resources/wgs_pe_improved_global/fastq/ERS241421/ERR337610_2.fastq.gz
Processing reads on 1 core in paired-end mode ...
Finished in 1488.73 s (96 us/read; 0.62 M reads/minute).

=== Summary ===

Total read pairs processed:         15,473,885
  Read 1 with adapter:                 555,722 (3.6%)
  Read 2 with adapter:                 552,611 (3.6%)
Pairs written (passing filters):    15,473,826 (100.0%)

Total basepairs processed: 3,094,777,000 bp
  Read 1: 1,547,388,500 bp
  Read 2: 1,547,388,500 bp
Total written (filtered):  3,091,015,852 bp (99.9%)
  Read 1: 1,545,503,338 bp
  Read 2: 1,545,512,514 bp

=== First read: Adapter PrefixPE/1 ===

Sequence: TACACTCTTTCCCTACACGACGCTCTTCCGATCT; Type: regular 3'; Length: 34; Trimmed: 313100 times

No. of allowed errors:
0-9 bp: 0; 10-19 bp: 1; 20-29 bp: 2; 30-34 bp: 3

Bases preceding removed adapters:
  A: 31.0%
  C: 17.1%
  G: 21.2%
  T: 30.6%
  none/other: 0.0%

Overview of removed sequences
length	count	expect	max.err	error counts
3	207067	241779.5	0	207067
4	83394	60444.9	0	83394
5	15903	15111.2	0	15903
6	3562	3777.8	0	3562
7	638	944.5	0	638
8	163	236.1	0	163
9	901	59.0	0	60 841
10	979	14.8	1	12 967
11	356	3.7	1	4 352
12	57	0.9	1	2 55
13	17	0.2	1	1 16
14	2	0.1	1	0 2
70	2	0.0	3	0 0 0 2
71	4	0.0	3	0 0 0 4
72	1	0.0	3	0 0 0 1
100	54	0.0	3	0 0 2 52


=== First read: Adapter PrefixPE/2 ===

Sequence: GTGACTGGAGTTCAGACGTGTGCTCTTCCGATCT; Type: regular 3'; Length: 34; Trimmed: 242622 times

No. of allowed errors:
0-9 bp: 0; 10-19 bp: 1; 20-29 bp: 2; 30-34 bp: 3

Bases preceding removed adapters:
  A: 24.3%
  C: 17.7%
  G: 24.7%
  T: 33.3%
  none/other: 0.0%

Overview of removed sequences
length	count	expect	max.err	error counts
3	189507	241779.5	0	189507
4	44029	60444.9	0	44029
5	6659	15111.2	0	6659
6	1516	3777.8	0	1516
7	315	944.5	0	315
8	60	236.1	0	60
9	244	59.0	0	14 230
10	203	14.8	1	6 197
11	70	3.7	1	0 70
12	16	0.9	1	0 16
13	3	0.2	1	0 3


=== Second read: Adapter PrefixPE/1 ===

Sequence: TACACTCTTTCCCTACACGACGCTCTTCCGATCT; Type: regular 3'; Length: 34; Trimmed: 313244 times

No. of allowed errors:
0-9 bp: 0; 10-19 bp: 1; 20-29 bp: 2; 30-34 bp: 3

Bases preceding removed adapters:
  A: 31.0%
  C: 17.1%
  G: 21.0%
  T: 30.9%
  none/other: 0.0%

Overview of removed sequences
length	count	expect	max.err	error counts
3	206999	241779.5	0	206999
4	83527	60444.9	0	83527
5	15877	15111.2	0	15877
6	3682	3777.8	0	3682
7	653	944.5	0	653
8	173	236.1	0	173
9	923	59.0	0	60 863
10	1013	14.8	1	26 987
11	310	3.7	1	2 308
12	72	0.9	1	2 70
13	9	0.2	1	0 9
14	5	0.1	1	0 5
15	1	0.0	1	0 1


=== Second read: Adapter PrefixPE/2 ===

Sequence: GTGACTGGAGTTCAGACGTGTGCTCTTCCGATCT; Type: regular 3'; Length: 34; Trimmed: 239367 times

No. of allowed errors:
0-9 bp: 0; 10-19 bp: 1; 20-29 bp: 2; 30-34 bp: 3

Bases preceding removed adapters:
  A: 24.5%
  C: 17.6%
  G: 24.6%
  T: 33.2%
  none/other: 0.0%

Overview of removed sequences
length	count	expect	max.err	error counts
3	186858	241779.5	0	186858
4	43331	60444.9	0	43331
5	6763	15111.2	0	6763
6	1498	3777.8	0	1498
7	338	944.5	0	338
8	54	236.1	0	54
9	236	59.0	0	10 226
10	199	14.8	1	2 197
11	67	3.7	1	0 67
12	13	0.9	1	0 13
13	10	0.2	1	0 10
