This is cutadapt 2.9 with Python 3.6.6
Command line parameters: --interleaved -a file:/nas02/apps/trimmomatic-0.36/Trimmomatic-0.36/adapters/TruSeq3-PE.fa -A file:/nas02/apps/trimmomatic-0.36/Trimmomatic-0.36/adapters/TruSeq3-PE.fa -m 30 /nas/longleaf/home/zpopkinh/Pvivax_resources/wgs_pe_improved_global/fastq/ERS3516643/ERR3439110_1.fastq.gz /nas/longleaf/home/zpopkinh/Pvivax_resources/wgs_pe_improved_global/fastq/ERS3516643/ERR3439110_2.fastq.gz
Processing reads on 1 core in paired-end mode ...
Finished in 3.40 s (115 us/read; 0.52 M reads/minute).

=== Summary ===

Total read pairs processed:             29,480
  Read 1 with adapter:                     731 (2.5%)
  Read 2 with adapter:                     612 (2.1%)
Pairs written (passing filters):        29,480 (100.0%)

Total basepairs processed:     8,844,000 bp
  Read 1:     4,422,000 bp
  Read 2:     4,422,000 bp
Total written (filtered):      8,839,305 bp (99.9%)
  Read 1:     4,419,460 bp
  Read 2:     4,419,845 bp

=== First read: Adapter PrefixPE/1 ===

Sequence: TACACTCTTTCCCTACACGACGCTCTTCCGATCT; Type: regular 3'; Length: 34; Trimmed: 495 times

No. of allowed errors:
0-9 bp: 0; 10-19 bp: 1; 20-29 bp: 2; 30-34 bp: 3

Bases preceding removed adapters:
  A: 65.7%
  C: 12.5%
  G: 7.9%
  T: 13.9%
  none/other: 0.0%

Overview of removed sequences
length	count	expect	max.err	error counts
3	355	460.6	0	355
4	97	115.2	0	97
5	24	28.8	0	24
6	1	7.2	0	1
7	1	1.8	0	1
8	1	0.4	0	1
9	15	0.1	0	0 15
10	1	0.0	1	0 1


=== First read: Adapter PrefixPE/2 ===

Sequence: GTGACTGGAGTTCAGACGTGTGCTCTTCCGATCT; Type: regular 3'; Length: 34; Trimmed: 236 times

No. of allowed errors:
0-9 bp: 0; 10-19 bp: 1; 20-29 bp: 2; 30-34 bp: 3

Bases preceding removed adapters:
  A: 12.7%
  C: 10.2%
  G: 36.4%
  T: 40.7%
  none/other: 0.0%

Overview of removed sequences
length	count	expect	max.err	error counts
3	154	460.6	0	154
4	73	115.2	0	73
5	7	28.8	0	7
6	2	7.2	0	2


=== Second read: Adapter PrefixPE/1 ===

Sequence: TACACTCTTTCCCTACACGACGCTCTTCCGATCT; Type: regular 3'; Length: 34; Trimmed: 271 times

No. of allowed errors:
0-9 bp: 0; 10-19 bp: 1; 20-29 bp: 2; 30-34 bp: 3

Bases preceding removed adapters:
  A: 33.9%
  C: 15.9%
  G: 34.3%
  T: 15.9%
  none/other: 0.0%

Overview of removed sequences
length	count	expect	max.err	error counts
3	145	460.6	0	145
4	71	115.2	0	71
5	10	28.8	0	10
6	45	7.2	0	45


=== Second read: Adapter PrefixPE/2 ===

Sequence: GTGACTGGAGTTCAGACGTGTGCTCTTCCGATCT; Type: regular 3'; Length: 34; Trimmed: 341 times

No. of allowed errors:
0-9 bp: 0; 10-19 bp: 1; 20-29 bp: 2; 30-34 bp: 3

Bases preceding removed adapters:
  A: 20.2%
  C: 19.9%
  G: 27.9%
  T: 32.0%
  none/other: 0.0%

Overview of removed sequences
length	count	expect	max.err	error counts
3	269	460.6	0	269
4	54	115.2	0	54
5	16	28.8	0	16
6	1	7.2	0	1
7	1	1.8	0	1
