This is cutadapt 2.9 with Python 3.6.6
Command line parameters: --interleaved -a file:/nas02/apps/trimmomatic-0.36/Trimmomatic-0.36/adapters/TruSeq3-PE.fa -A file:/nas02/apps/trimmomatic-0.36/Trimmomatic-0.36/adapters/TruSeq3-PE.fa -m 30 /nas/longleaf/home/zpopkinh/Pvivax_resources/wgs_pe_improved_global/fastq/SRS693897/SRR1567977_1.fastq.gz /nas/longleaf/home/zpopkinh/Pvivax_resources/wgs_pe_improved_global/fastq/SRS693897/SRR1567977_2.fastq.gz
Processing reads on 1 core in paired-end mode ...
Finished in 3085.79 s (72 us/read; 0.83 M reads/minute).

=== Summary ===

Total read pairs processed:         42,806,600
  Read 1 with adapter:               1,578,562 (3.7%)
  Read 2 with adapter:               1,641,406 (3.8%)
Pairs written (passing filters):    42,806,579 (100.0%)

Total basepairs processed: 8,646,933,200 bp
  Read 1: 4,323,466,600 bp
  Read 2: 4,323,466,600 bp
Total written (filtered):  8,636,130,642 bp (99.9%)
  Read 1: 4,318,156,741 bp
  Read 2: 4,317,973,901 bp

=== First read: Adapter PrefixPE/1 ===

Sequence: TACACTCTTTCCCTACACGACGCTCTTCCGATCT; Type: regular 3'; Length: 34; Trimmed: 716714 times

No. of allowed errors:
0-9 bp: 0; 10-19 bp: 1; 20-29 bp: 2; 30-34 bp: 3

Bases preceding removed adapters:
  A: 23.8%
  C: 24.1%
  G: 27.4%
  T: 24.7%
  none/other: 0.0%

Overview of removed sequences
length	count	expect	max.err	error counts
3	487477	668853.1	0	487477
4	167214	167213.3	0	167214
5	45810	41803.3	0	45810
6	8572	10450.8	0	8572
7	2193	2612.7	0	2193
8	465	653.2	0	465
9	1902	163.3	0	158 1744
10	2017	40.8	1	66 1951
11	782	10.2	1	5 777
12	195	2.6	1	1 194
13	58	0.6	1	2 56
14	16	0.2	1	0 16
15	3	0.0	1	0 3
16	3	0.0	1	0 3
50	1	0.0	3	0 0 0 1
101	6	0.0	3	0 1 3 2


=== First read: Adapter PrefixPE/2 ===

Sequence: GTGACTGGAGTTCAGACGTGTGCTCTTCCGATCT; Type: regular 3'; Length: 34; Trimmed: 861848 times

No. of allowed errors:
0-9 bp: 0; 10-19 bp: 1; 20-29 bp: 2; 30-34 bp: 3

Bases preceding removed adapters:
  A: 22.4%
  C: 20.0%
  G: 27.8%
  T: 29.7%
  none/other: 0.0%

Overview of removed sequences
length	count	expect	max.err	error counts
3	676210	668853.1	0	676210
4	149689	167213.3	0	149689
5	26289	41803.3	0	26289
6	5653	10450.8	0	5653
7	1450	2612.7	0	1450
8	218	653.2	0	218
9	1027	163.3	0	51 976
10	913	40.8	1	21 892
11	310	10.2	1	3 307
12	73	2.6	1	0 73
13	13	0.6	1	0 13
14	1	0.2	1	0 1
15	1	0.0	1	0 1
47	1	0.0	3	0 0 0 1


=== Second read: Adapter PrefixPE/1 ===

Sequence: TACACTCTTTCCCTACACGACGCTCTTCCGATCT; Type: regular 3'; Length: 34; Trimmed: 709002 times

No. of allowed errors:
0-9 bp: 0; 10-19 bp: 1; 20-29 bp: 2; 30-34 bp: 3

Bases preceding removed adapters:
  A: 24.0%
  C: 23.8%
  G: 27.3%
  T: 24.9%
  none/other: 0.0%

Overview of removed sequences
length	count	expect	max.err	error counts
3	482488	668853.1	0	482488
4	165432	167213.3	0	165432
5	45173	41803.3	0	45173
6	8442	10450.8	0	8442
7	2138	2612.7	0	2138
8	494	653.2	0	494
9	1815	163.3	0	164 1651
10	2016	40.8	1	62 1954
11	738	10.2	1	6 732
12	191	2.6	1	5 186
13	49	0.6	1	0 49
14	14	0.2	1	0 14
15	5	0.0	1	0 5
16	3	0.0	1	0 3
64	2	0.0	3	0 1 0 1
101	2	0.0	3	0 1 0 1


=== Second read: Adapter PrefixPE/2 ===

Sequence: GTGACTGGAGTTCAGACGTGTGCTCTTCCGATCT; Type: regular 3'; Length: 34; Trimmed: 932404 times

No. of allowed errors:
0-9 bp: 0; 10-19 bp: 1; 20-29 bp: 2; 30-34 bp: 3

Bases preceding removed adapters:
  A: 21.5%
  C: 25.1%
  G: 26.0%
  T: 27.4%
  none/other: 0.0%

Overview of removed sequences
length	count	expect	max.err	error counts
3	747462	668853.1	0	747462
4	149404	167213.3	0	149404
5	25924	41803.3	0	25924
6	5638	10450.8	0	5638
7	1421	2612.7	0	1421
8	265	653.2	0	265
9	1034	163.3	0	47 987
10	811	40.8	1	16 795
11	339	10.2	1	5 334
12	74	2.6	1	0 74
13	12	0.6	1	1 11
15	3	0.0	1	0 3
43	1	0.0	3	1
52	1	0.0	3	0 0 0 1
58	2	0.0	3	0 1 0 1
72	3	0.0	3	0 0 0 3
95	9	0.0	3	2 4 1 2
101	1	0.0	3	0 0 0 1
