This is cutadapt 2.9 with Python 3.6.6
Command line parameters: --interleaved -a file:/nas02/apps/trimmomatic-0.36/Trimmomatic-0.36/adapters/TruSeq3-PE.fa -A file:/nas02/apps/trimmomatic-0.36/Trimmomatic-0.36/adapters/TruSeq3-PE.fa -m 30 /nas/longleaf/home/zpopkinh/Pvivax_resources/wgs_pe_improved_global/fastq/SRS693897/SRR1564989_1.fastq.gz /nas/longleaf/home/zpopkinh/Pvivax_resources/wgs_pe_improved_global/fastq/SRS693897/SRR1564989_2.fastq.gz
Processing reads on 1 core in paired-end mode ...
Finished in 1.27 s (49 us/read; 1.22 M reads/minute).

=== Summary ===

Total read pairs processed:             25,694
  Read 1 with adapter:                     801 (3.1%)
  Read 2 with adapter:                   1,013 (3.9%)
Pairs written (passing filters):        25,693 (100.0%)

Total basepairs processed:     5,190,188 bp
  Read 1:     2,595,094 bp
  Read 2:     2,595,094 bp
Total written (filtered):      5,183,856 bp (99.9%)
  Read 1:     2,592,241 bp
  Read 2:     2,591,615 bp

=== First read: Adapter PrefixPE/1 ===

Sequence: TACACTCTTTCCCTACACGACGCTCTTCCGATCT; Type: regular 3'; Length: 34; Trimmed: 380 times

No. of allowed errors:
0-9 bp: 0; 10-19 bp: 1; 20-29 bp: 2; 30-34 bp: 3

Bases preceding removed adapters:
  A: 28.9%
  C: 24.2%
  G: 20.8%
  T: 26.1%
  none/other: 0.0%

Overview of removed sequences
length	count	expect	max.err	error counts
3	236	401.5	0	236
4	108	100.4	0	108
5	23	25.1	0	23
6	8	6.3	0	8
9	3	0.1	0	0 3
11	1	0.0	1	0 1
12	1	0.0	1	0 1


=== First read: Adapter PrefixPE/2 ===

Sequence: GTGACTGGAGTTCAGACGTGTGCTCTTCCGATCT; Type: regular 3'; Length: 34; Trimmed: 421 times

No. of allowed errors:
0-9 bp: 0; 10-19 bp: 1; 20-29 bp: 2; 30-34 bp: 3

Bases preceding removed adapters:
  A: 26.8%
  C: 15.2%
  G: 25.7%
  T: 32.3%
  none/other: 0.0%

Overview of removed sequences
length	count	expect	max.err	error counts
3	312	401.5	0	312
4	94	100.4	0	94
5	10	25.1	0	10
6	3	6.3	0	3
9	1	0.1	0	0 1
10	1	0.0	1	0 1


=== Second read: Adapter PrefixPE/1 ===

Sequence: TACACTCTTTCCCTACACGACGCTCTTCCGATCT; Type: regular 3'; Length: 34; Trimmed: 405 times

No. of allowed errors:
0-9 bp: 0; 10-19 bp: 1; 20-29 bp: 2; 30-34 bp: 3

Bases preceding removed adapters:
  A: 30.1%
  C: 22.5%
  G: 20.5%
  T: 26.9%
  none/other: 0.0%

Overview of removed sequences
length	count	expect	max.err	error counts
3	269	401.5	0	269
4	105	100.4	0	105
5	23	25.1	0	23
6	2	6.3	0	2
7	3	1.6	0	3
9	1	0.1	0	0 1
10	2	0.0	1	0 2


=== Second read: Adapter PrefixPE/2 ===

Sequence: GTGACTGGAGTTCAGACGTGTGCTCTTCCGATCT; Type: regular 3'; Length: 34; Trimmed: 608 times

No. of allowed errors:
0-9 bp: 0; 10-19 bp: 1; 20-29 bp: 2; 30-34 bp: 3

Bases preceding removed adapters:
  A: 26.6%
  C: 26.6%
  G: 20.9%
  T: 25.8%
  none/other: 0.0%

Overview of removed sequences
length	count	expect	max.err	error counts
3	497	401.5	0	497
4	84	100.4	0	84
5	18	25.1	0	18
6	6	6.3	0	6
10	1	0.0	1	0 1
11	1	0.0	1	0 1
93	1	0.0	3	0 0 0 1
