This is cutadapt 2.9 with Python 3.6.6
Command line parameters: --interleaved -a file:/nas02/apps/trimmomatic-0.36/Trimmomatic-0.36/adapters/TruSeq3-PE.fa -A file:/nas02/apps/trimmomatic-0.36/Trimmomatic-0.36/adapters/TruSeq3-PE.fa -m 30 /nas/longleaf/home/zpopkinh/Pvivax_resources/wgs_pe_improved_global/fastq/SRS1061191/SRR2316920_1.fastq.gz /nas/longleaf/home/zpopkinh/Pvivax_resources/wgs_pe_improved_global/fastq/SRS1061191/SRR2316920_2.fastq.gz
Processing reads on 1 core in paired-end mode ...
Finished in 3398.71 s (84 us/read; 0.72 M reads/minute).

=== Summary ===

Total read pairs processed:         40,688,750
  Read 1 with adapter:               1,481,065 (3.6%)
  Read 2 with adapter:               1,503,507 (3.7%)
Pairs written (passing filters):    40,688,720 (100.0%)

Total basepairs processed: 8,137,750,000 bp
  Read 1: 4,028,186,250 bp
  Read 2: 4,109,563,750 bp
Total written (filtered):  8,127,553,387 bp (99.9%)
  Read 1: 4,023,128,811 bp
  Read 2: 4,104,424,576 bp

=== First read: Adapter PrefixPE/1 ===

Sequence: TACACTCTTTCCCTACACGACGCTCTTCCGATCT; Type: regular 3'; Length: 34; Trimmed: 753879 times

No. of allowed errors:
0-9 bp: 0; 10-19 bp: 1; 20-29 bp: 2; 30-34 bp: 3

Bases preceding removed adapters:
  A: 31.2%
  C: 20.1%
  G: 17.5%
  T: 31.2%
  none/other: 0.0%

Overview of removed sequences
length	count	expect	max.err	error counts
3	494954	635761.7	0	494954
4	205593	158940.4	0	205593
5	34515	39735.1	0	34515
6	9343	9933.8	0	9343
7	1809	2483.4	0	1809
8	563	620.9	0	563
9	2057	155.2	0	202 1855
10	3727	38.8	1	95 3632
11	994	9.7	1	12 982
12	226	2.4	1	2 224
13	61	0.6	1	1 60
14	25	0.2	1	1 24
15	4	0.0	1	0 4
16	4	0.0	1	0 4
95	2	0.0	3	2
96	2	0.0	3	1 0 1


=== First read: Adapter PrefixPE/2 ===

Sequence: GTGACTGGAGTTCAGACGTGTGCTCTTCCGATCT; Type: regular 3'; Length: 34; Trimmed: 727186 times

No. of allowed errors:
0-9 bp: 0; 10-19 bp: 1; 20-29 bp: 2; 30-34 bp: 3

Bases preceding removed adapters:
  A: 30.5%
  C: 8.4%
  G: 23.4%
  T: 37.7%
  none/other: 0.0%

Overview of removed sequences
length	count	expect	max.err	error counts
3	541628	635761.7	0	541628
4	149398	158940.4	0	149398
5	23270	39735.1	0	23270
6	7644	9933.8	0	7644
7	1829	2483.4	0	1829
8	444	620.9	0	444
9	994	155.2	0	117 877
10	1293	38.8	1	31 1262
11	484	9.7	1	5 479
12	145	2.4	1	1 144
13	33	0.6	1	0 33
14	9	0.2	1	0 9
15	3	0.0	1	0 3
18	1	0.0	1	0 1
34	1	0.0	3	0 0 0 1
50	1	0.0	3	0 0 0 1
52	1	0.0	3	0 1
84	1	0.0	3	0 0 0 1
90	5	0.0	3	0 2 1 2
93	1	0.0	3	0 0 0 1
99	1	0.0	3	0 0 0 1


=== Second read: Adapter PrefixPE/1 ===

Sequence: TACACTCTTTCCCTACACGACGCTCTTCCGATCT; Type: regular 3'; Length: 34; Trimmed: 761648 times

No. of allowed errors:
0-9 bp: 0; 10-19 bp: 1; 20-29 bp: 2; 30-34 bp: 3

Bases preceding removed adapters:
  A: 31.2%
  C: 20.0%
  G: 17.7%
  T: 31.1%
  none/other: 0.0%

Overview of removed sequences
length	count	expect	max.err	error counts
3	498256	635761.7	0	498256
4	208892	158940.4	0	208892
5	35020	39735.1	0	35020
6	9617	9933.8	0	9617
7	1862	2483.4	0	1862
8	623	620.9	0	623
9	2070	155.2	0	195 1875
10	3913	38.8	1	92 3821
11	1065	9.7	1	18 1047
12	223	2.4	1	2 221
13	69	0.6	1	2 67
14	17	0.2	1	0 17
15	5	0.0	1	0 5
17	2	0.0	1	0 2
20	1	0.0	2	0 0 1
41	1	0.0	3	0 0 0 1
52	1	0.0	3	0 1
84	1	0.0	3	0 0 0 1
91	1	0.0	3	0 0 0 1
96	3	0.0	3	0 2 0 1
97	1	0.0	3	0 1
101	5	0.0	3	0 0 0 5


=== Second read: Adapter PrefixPE/2 ===

Sequence: GTGACTGGAGTTCAGACGTGTGCTCTTCCGATCT; Type: regular 3'; Length: 34; Trimmed: 741859 times

No. of allowed errors:
0-9 bp: 0; 10-19 bp: 1; 20-29 bp: 2; 30-34 bp: 3

Bases preceding removed adapters:
  A: 30.8%
  C: 8.2%
  G: 23.4%
  T: 37.7%
  none/other: 0.0%

Overview of removed sequences
length	count	expect	max.err	error counts
3	552463	635761.7	0	552463
4	152003	158940.4	0	152003
5	23930	39735.1	0	23930
6	7895	9933.8	0	7895
7	1867	2483.4	0	1867
8	489	620.9	0	489
9	1157	155.2	0	117 1040
10	1315	38.8	1	35 1280
11	529	9.7	1	3 526
12	146	2.4	1	1 145
13	42	0.6	1	3 39
14	11	0.2	1	0 11
15	1	0.0	1	0 1
17	1	0.0	1	0 1
70	1	0.0	3	0 0 1
71	2	0.0	3	0 1 0 1
78	1	0.0	3	0 0 0 1
81	2	0.0	3	0 0 2
87	1	0.0	3	0 0 1
90	1	0.0	3	0 0 1
92	1	0.0	3	1
93	1	0.0	3	0 0 1
