This is cutadapt 2.9 with Python 3.6.6
Command line parameters: --interleaved -a file:/nas02/apps/trimmomatic-0.36/Trimmomatic-0.36/adapters/TruSeq3-PE.fa -A file:/nas02/apps/trimmomatic-0.36/Trimmomatic-0.36/adapters/TruSeq3-PE.fa -m 30 /nas/longleaf/home/zpopkinh/Pvivax_resources/wgs_pe_improved_global/fastq/ERS333076/ERR351955_1.fastq.gz /nas/longleaf/home/zpopkinh/Pvivax_resources/wgs_pe_improved_global/fastq/ERS333076/ERR351955_2.fastq.gz
Processing reads on 1 core in paired-end mode ...
Finished in 1539.86 s (213 us/read; 0.28 M reads/minute).

=== Summary ===

Total read pairs processed:          7,212,935
  Read 1 with adapter:                 231,904 (3.2%)
  Read 2 with adapter:                 228,659 (3.2%)
Pairs written (passing filters):     7,212,934 (100.0%)

Total basepairs processed: 1,442,587,000 bp
  Read 1:   721,293,500 bp
  Read 2:   721,293,500 bp
Total written (filtered):  1,441,019,850 bp (99.9%)
  Read 1:   720,504,546 bp
  Read 2:   720,515,304 bp

=== First read: Adapter PrefixPE/1 ===

Sequence: TACACTCTTTCCCTACACGACGCTCTTCCGATCT; Type: regular 3'; Length: 34; Trimmed: 143425 times

No. of allowed errors:
0-9 bp: 0; 10-19 bp: 1; 20-29 bp: 2; 30-34 bp: 3

Bases preceding removed adapters:
  A: 38.4%
  C: 14.3%
  G: 17.7%
  T: 29.6%
  none/other: 0.0%

Overview of removed sequences
length	count	expect	max.err	error counts
3	91994	112702.1	0	91994
4	42269	28175.5	0	42269
5	6417	7043.9	0	6417
6	1301	1761.0	0	1301
7	256	440.2	0	256
8	75	110.1	0	75
9	457	27.5	0	35 422
10	468	6.9	1	18 450
11	131	1.7	1	2 129
12	26	0.4	1	1 25
13	9	0.1	1	0 9
14	4	0.0	1	0 4
16	1	0.0	1	0 1
17	2	0.0	1	1 1
24	1	0.0	2	1
25	2	0.0	2	1 1
26	1	0.0	2	0 1
30	1	0.0	3	0 0 1
32	1	0.0	3	0 0 0 1
35	1	0.0	3	0 0 1
37	2	0.0	3	0 0 1 1
46	1	0.0	3	0 0 1
51	1	0.0	3	0 1
57	1	0.0	3	1
65	2	0.0	3	0 1 1
83	1	0.0	3	0 1


=== First read: Adapter PrefixPE/2 ===

Sequence: GTGACTGGAGTTCAGACGTGTGCTCTTCCGATCT; Type: regular 3'; Length: 34; Trimmed: 88479 times

No. of allowed errors:
0-9 bp: 0; 10-19 bp: 1; 20-29 bp: 2; 30-34 bp: 3

Bases preceding removed adapters:
  A: 24.0%
  C: 15.2%
  G: 23.6%
  T: 37.2%
  none/other: 0.0%

Overview of removed sequences
length	count	expect	max.err	error counts
3	68230	112702.1	0	68230
4	17219	28175.5	0	17219
5	2301	7043.9	0	2301
6	444	1761.0	0	444
7	106	440.2	0	106
8	16	110.1	0	16
9	77	27.5	0	4 73
10	62	6.9	1	0 62
11	19	1.7	1	0 19
12	3	0.4	1	0 3
13	2	0.1	1	0 2


=== Second read: Adapter PrefixPE/1 ===

Sequence: TACACTCTTTCCCTACACGACGCTCTTCCGATCT; Type: regular 3'; Length: 34; Trimmed: 141948 times

No. of allowed errors:
0-9 bp: 0; 10-19 bp: 1; 20-29 bp: 2; 30-34 bp: 3

Bases preceding removed adapters:
  A: 38.9%
  C: 14.4%
  G: 17.5%
  T: 29.3%
  none/other: 0.0%

Overview of removed sequences
length	count	expect	max.err	error counts
3	90519	112702.1	0	90519
4	42217	28175.5	0	42217
5	6658	7043.9	0	6658
6	1242	1761.0	0	1242
7	250	440.2	0	250
8	78	110.1	0	78
9	430	27.5	0	26 404
10	402	6.9	1	7 395
11	121	1.7	1	2 119
12	25	0.4	1	0 25
13	3	0.1	1	0 3
14	3	0.0	1	0 3


=== Second read: Adapter PrefixPE/2 ===

Sequence: GTGACTGGAGTTCAGACGTGTGCTCTTCCGATCT; Type: regular 3'; Length: 34; Trimmed: 86711 times

No. of allowed errors:
0-9 bp: 0; 10-19 bp: 1; 20-29 bp: 2; 30-34 bp: 3

Bases preceding removed adapters:
  A: 24.3%
  C: 15.1%
  G: 23.8%
  T: 36.7%
  none/other: 0.0%

Overview of removed sequences
length	count	expect	max.err	error counts
3	66338	112702.1	0	66338
4	17415	28175.5	0	17415
5	2237	7043.9	0	2237
6	432	1761.0	0	432
7	96	440.2	0	96
8	20	110.1	0	20
9	86	27.5	0	8 78
10	68	6.9	1	0 68
11	12	1.7	1	0 12
12	7	0.4	1	0 7
