This is cutadapt 2.9 with Python 3.6.6
Command line parameters: --interleaved -a file:/nas02/apps/trimmomatic-0.36/Trimmomatic-0.36/adapters/TruSeq3-PE.fa -A file:/nas02/apps/trimmomatic-0.36/Trimmomatic-0.36/adapters/TruSeq3-PE.fa -m 30 /nas/longleaf/home/zpopkinh/Pvivax_resources/wgs_pe_improved_global/fastq/ERS333076/ERR351966_1.fastq.gz /nas/longleaf/home/zpopkinh/Pvivax_resources/wgs_pe_improved_global/fastq/ERS333076/ERR351966_2.fastq.gz
Processing reads on 1 core in paired-end mode ...
Finished in 1576.77 s (219 us/read; 0.27 M reads/minute).

=== Summary ===

Total read pairs processed:          7,209,320
  Read 1 with adapter:                 230,595 (3.2%)
  Read 2 with adapter:                 227,533 (3.2%)
Pairs written (passing filters):     7,209,318 (100.0%)

Total basepairs processed: 1,441,864,000 bp
  Read 1:   720,932,000 bp
  Read 2:   720,932,000 bp
Total written (filtered):  1,440,304,539 bp (99.9%)
  Read 1:   720,146,827 bp
  Read 2:   720,157,712 bp

=== First read: Adapter PrefixPE/1 ===

Sequence: TACACTCTTTCCCTACACGACGCTCTTCCGATCT; Type: regular 3'; Length: 34; Trimmed: 142114 times

No. of allowed errors:
0-9 bp: 0; 10-19 bp: 1; 20-29 bp: 2; 30-34 bp: 3

Bases preceding removed adapters:
  A: 38.1%
  C: 14.6%
  G: 17.8%
  T: 29.5%
  none/other: 0.0%

Overview of removed sequences
length	count	expect	max.err	error counts
3	91061	112645.6	0	91061
4	41805	28161.4	0	41805
5	6579	7040.4	0	6579
6	1208	1760.1	0	1208
7	252	440.0	0	252
8	49	110.0	0	49
9	475	27.5	0	24 451
10	466	6.9	1	17 449
11	160	1.7	1	0 160
12	30	0.4	1	1 29
13	9	0.1	1	0 9
14	3	0.0	1	0 3
17	2	0.0	1	1 1
18	1	0.0	1	1
22	1	0.0	2	0 1
23	1	0.0	2	0 1
31	1	0.0	3	1
34	3	0.0	3	1 0 0 2
41	1	0.0	3	0 1
42	1	0.0	3	0 0 1
50	2	0.0	3	1 1
54	1	0.0	3	0 1
57	1	0.0	3	1
100	2	0.0	3	0 0 2


=== First read: Adapter PrefixPE/2 ===

Sequence: GTGACTGGAGTTCAGACGTGTGCTCTTCCGATCT; Type: regular 3'; Length: 34; Trimmed: 88481 times

No. of allowed errors:
0-9 bp: 0; 10-19 bp: 1; 20-29 bp: 2; 30-34 bp: 3

Bases preceding removed adapters:
  A: 23.7%
  C: 15.5%
  G: 23.8%
  T: 37.0%
  none/other: 0.0%

Overview of removed sequences
length	count	expect	max.err	error counts
3	68092	112645.6	0	68092
4	17363	28161.4	0	17363
5	2224	7040.4	0	2224
6	495	1760.1	0	495
7	102	440.0	0	102
8	22	110.0	0	22
9	73	27.5	0	7 66
10	67	6.9	1	0 67
11	27	1.7	1	0 27
12	7	0.4	1	0 7
13	9	0.1	1	0 9


=== Second read: Adapter PrefixPE/1 ===

Sequence: TACACTCTTTCCCTACACGACGCTCTTCCGATCT; Type: regular 3'; Length: 34; Trimmed: 140730 times

No. of allowed errors:
0-9 bp: 0; 10-19 bp: 1; 20-29 bp: 2; 30-34 bp: 3

Bases preceding removed adapters:
  A: 38.8%
  C: 14.7%
  G: 17.2%
  T: 29.3%
  none/other: 0.0%

Overview of removed sequences
length	count	expect	max.err	error counts
3	90080	112645.6	0	90080
4	41674	28161.4	0	41674
5	6367	7040.4	0	6367
6	1255	1760.1	0	1255
7	209	440.0	0	209
8	60	110.0	0	60
9	476	27.5	0	32 444
10	432	6.9	1	9 423
11	131	1.7	1	2 129
12	34	0.4	1	0 34
13	8	0.1	1	0 8
14	3	0.0	1	0 3
15	1	0.0	1	0 1


=== Second read: Adapter PrefixPE/2 ===

Sequence: GTGACTGGAGTTCAGACGTGTGCTCTTCCGATCT; Type: regular 3'; Length: 34; Trimmed: 86803 times

No. of allowed errors:
0-9 bp: 0; 10-19 bp: 1; 20-29 bp: 2; 30-34 bp: 3

Bases preceding removed adapters:
  A: 24.2%
  C: 15.2%
  G: 24.0%
  T: 36.6%
  none/other: 0.0%

Overview of removed sequences
length	count	expect	max.err	error counts
3	66593	112645.6	0	66593
4	17208	28161.4	0	17208
5	2216	7040.4	0	2216
6	491	1760.1	0	491
7	94	440.0	0	94
8	15	110.0	0	15
9	92	27.5	0	5 87
10	64	6.9	1	1 63
11	18	1.7	1	0 18
12	7	0.4	1	0 7
13	5	0.1	1	0 5
