This is cutadapt 2.9 with Python 3.6.6
Command line parameters: --interleaved -a file:/nas02/apps/trimmomatic-0.36/Trimmomatic-0.36/adapters/TruSeq3-PE.fa -A file:/nas02/apps/trimmomatic-0.36/Trimmomatic-0.36/adapters/TruSeq3-PE.fa -m 30 /nas/longleaf/home/zpopkinh/Pvivax_resources/wgs_pe_improved_global/fastq/ERS333076/ERR563003_1.fastq.gz /nas/longleaf/home/zpopkinh/Pvivax_resources/wgs_pe_improved_global/fastq/ERS333076/ERR563003_2.fastq.gz
Processing reads on 1 core in paired-end mode ...
Finished in 5845.66 s (360 us/read; 0.17 M reads/minute).

=== Summary ===

Total read pairs processed:         16,255,083
  Read 1 with adapter:                 505,619 (3.1%)
  Read 2 with adapter:                 518,737 (3.2%)
Pairs written (passing filters):    16,255,082 (100.0%)

Total basepairs processed: 4,876,524,900 bp
  Read 1: 2,438,262,450 bp
  Read 2: 2,438,262,450 bp
Total written (filtered):  4,873,037,076 bp (99.9%)
  Read 1: 2,436,541,985 bp
  Read 2: 2,436,495,091 bp

=== First read: Adapter PrefixPE/1 ===

Sequence: TACACTCTTTCCCTACACGACGCTCTTCCGATCT; Type: regular 3'; Length: 34; Trimmed: 315825 times

No. of allowed errors:
0-9 bp: 0; 10-19 bp: 1; 20-29 bp: 2; 30-34 bp: 3

Bases preceding removed adapters:
  A: 38.3%
  C: 14.5%
  G: 17.1%
  T: 30.1%
  none/other: 0.0%

Overview of removed sequences
length	count	expect	max.err	error counts
3	202851	253985.7	0	202851
4	92555	63496.4	0	92555
5	14593	15874.1	0	14593
6	2727	3968.5	0	2727
7	500	992.1	0	500
8	138	248.0	0	138
9	1065	62.0	0	71 994
10	998	15.5	1	32 966
11	304	3.9	1	4 300
12	60	1.0	1	0 60
13	16	0.2	1	0 16
14	6	0.1	1	0 6
15	1	0.0	1	0 1
33	2	0.0	3	1 0 0 1
34	1	0.0	3	0 0 1
54	1	0.0	3	0 0 1
77	1	0.0	3	0 0 0 1
80	1	0.0	3	1
96	1	0.0	3	0 1
97	1	0.0	3	0 1
113	1	0.0	3	0 1
115	1	0.0	3	0 1
133	1	0.0	3	0 1


=== First read: Adapter PrefixPE/2 ===

Sequence: GTGACTGGAGTTCAGACGTGTGCTCTTCCGATCT; Type: regular 3'; Length: 34; Trimmed: 189794 times

No. of allowed errors:
0-9 bp: 0; 10-19 bp: 1; 20-29 bp: 2; 30-34 bp: 3

Bases preceding removed adapters:
  A: 23.8%
  C: 15.0%
  G: 23.6%
  T: 37.6%
  none/other: 0.0%

Overview of removed sequences
length	count	expect	max.err	error counts
3	145857	253985.7	0	145857
4	37450	63496.4	0	37450
5	4908	15874.1	0	4908
6	966	3968.5	0	966
7	253	992.1	0	253
8	31	248.0	0	31
9	144	62.0	0	7 137
10	129	15.5	1	1 128
11	43	3.9	1	0 43
12	11	1.0	1	0 11
13	2	0.2	1	0 2


=== Second read: Adapter PrefixPE/1 ===

Sequence: TACACTCTTTCCCTACACGACGCTCTTCCGATCT; Type: regular 3'; Length: 34; Trimmed: 327655 times

No. of allowed errors:
0-9 bp: 0; 10-19 bp: 1; 20-29 bp: 2; 30-34 bp: 3

Bases preceding removed adapters:
  A: 39.3%
  C: 14.7%
  G: 17.1%
  T: 28.9%
  none/other: 0.0%

Overview of removed sequences
length	count	expect	max.err	error counts
3	209509	253985.7	0	209509
4	96804	63496.4	0	96804
5	15132	15874.1	0	15132
6	3003	3968.5	0	3003
7	566	992.1	0	566
8	158	248.0	0	158
9	1052	62.0	0	69 983
10	1049	15.5	1	31 1018
11	280	3.9	1	3 277
12	78	1.0	1	3 75
13	13	0.2	1	0 13
14	9	0.1	1	0 9
15	2	0.0	1	0 2


=== Second read: Adapter PrefixPE/2 ===

Sequence: GTGACTGGAGTTCAGACGTGTGCTCTTCCGATCT; Type: regular 3'; Length: 34; Trimmed: 191082 times

No. of allowed errors:
0-9 bp: 0; 10-19 bp: 1; 20-29 bp: 2; 30-34 bp: 3

Bases preceding removed adapters:
  A: 24.8%
  C: 15.2%
  G: 22.9%
  T: 37.0%
  none/other: 0.0%

Overview of removed sequences
length	count	expect	max.err	error counts
3	145997	253985.7	0	145997
4	38385	63496.4	0	38385
5	5100	15874.1	0	5100
6	983	3968.5	0	983
7	219	992.1	0	219
8	34	248.0	0	34
9	184	62.0	0	10 174
10	116	15.5	1	3 113
11	58	3.9	1	0 58
12	3	1.0	1	0 3
13	3	0.2	1	0 3
