This is cutadapt 2.9 with Python 3.6.6
Command line parameters: --interleaved -a file:/nas02/apps/trimmomatic-0.36/Trimmomatic-0.36/adapters/TruSeq3-PE.fa -A file:/nas02/apps/trimmomatic-0.36/Trimmomatic-0.36/adapters/TruSeq3-PE.fa -m 30 /nas/longleaf/home/zpopkinh/Pvivax_resources/wgs_pe_improved_global/fastq/SRS3371819/SRR7255035_1.fastq.gz /nas/longleaf/home/zpopkinh/Pvivax_resources/wgs_pe_improved_global/fastq/SRS3371819/SRR7255035_2.fastq.gz
Processing reads on 1 core in paired-end mode ...
Finished in 3214.84 s (114 us/read; 0.52 M reads/minute).

=== Summary ===

Total read pairs processed:         28,085,403
  Read 1 with adapter:               1,602,918 (5.7%)
  Read 2 with adapter:               1,625,459 (5.8%)
Pairs written (passing filters):    28,012,921 (99.7%)

Total basepairs processed: 6,608,477,650 bp
  Read 1: 3,303,159,703 bp
  Read 2: 3,305,317,947 bp
Total written (filtered):  6,594,077,146 bp (99.8%)
  Read 1: 3,295,995,604 bp
  Read 2: 3,298,081,542 bp

=== First read: Adapter PrefixPE/1 ===

Sequence: TACACTCTTTCCCTACACGACGCTCTTCCGATCT; Type: regular 3'; Length: 34; Trimmed: 1100322 times

No. of allowed errors:
0-9 bp: 0; 10-19 bp: 1; 20-29 bp: 2; 30-34 bp: 3

Bases preceding removed adapters:
  A: 44.1%
  C: 13.5%
  G: 18.7%
  T: 23.7%
  none/other: 0.0%

Overview of removed sequences
length	count	expect	max.err	error counts
3	879110	438834.4	0	879110
4	89835	109708.6	0	89835
5	119830	27427.2	0	119830
6	7130	6856.8	0	7130
7	1810	1714.2	0	1810
8	347	428.5	0	347
9	472	107.1	0	51 421
10	1124	26.8	1	32 1092
11	469	6.7	1	5 464
12	104	1.7	1	0 104
13	85	0.4	1	0 85
14	5	0.1	1	0 5
15	1	0.0	1	0 1


=== First read: Adapter PrefixPE/2 ===

Sequence: GTGACTGGAGTTCAGACGTGTGCTCTTCCGATCT; Type: regular 3'; Length: 34; Trimmed: 502596 times

No. of allowed errors:
0-9 bp: 0; 10-19 bp: 1; 20-29 bp: 2; 30-34 bp: 3

Bases preceding removed adapters:
  A: 32.7%
  C: 10.7%
  G: 23.8%
  T: 32.8%
  none/other: 0.0%

Overview of removed sequences
length	count	expect	max.err	error counts
3	382371	438834.4	0	382371
4	86221	109708.6	0	86221
5	28395	27427.2	0	28395
6	3022	6856.8	0	3022
7	551	1714.2	0	551
8	128	428.5	0	128
9	1090	107.1	0	17 1073
10	568	26.8	1	14 554
11	210	6.7	1	0 210
12	33	1.7	1	0 33
13	6	0.4	1	0 6
14	1	0.1	1	0 1


=== Second read: Adapter PrefixPE/1 ===

Sequence: TACACTCTTTCCCTACACGACGCTCTTCCGATCT; Type: regular 3'; Length: 34; Trimmed: 1092358 times

No. of allowed errors:
0-9 bp: 0; 10-19 bp: 1; 20-29 bp: 2; 30-34 bp: 3

Bases preceding removed adapters:
  A: 43.7%
  C: 13.1%
  G: 19.1%
  T: 24.2%
  none/other: 0.0%

Overview of removed sequences
length	count	expect	max.err	error counts
3	879551	438834.4	0	879551
4	87686	109708.6	0	87686
5	113796	27427.2	0	113796
6	6955	6856.8	0	6955
7	1790	1714.2	0	1790
8	306	428.5	0	306
9	533	107.1	0	47 486
10	1074	26.8	1	36 1038
11	476	6.7	1	10 466
12	111	1.7	1	2 109
13	66	0.4	1	0 66
14	13	0.1	1	0 13
15	1	0.0	1	0 1


=== Second read: Adapter PrefixPE/2 ===

Sequence: GTGACTGGAGTTCAGACGTGTGCTCTTCCGATCT; Type: regular 3'; Length: 34; Trimmed: 533101 times

No. of allowed errors:
0-9 bp: 0; 10-19 bp: 1; 20-29 bp: 2; 30-34 bp: 3

Bases preceding removed adapters:
  A: 31.4%
  C: 10.3%
  G: 25.2%
  T: 33.0%
  none/other: 0.0%

Overview of removed sequences
length	count	expect	max.err	error counts
3	410753	438834.4	0	410753
4	86535	109708.6	0	86535
5	30058	27427.2	0	30058
6	3184	6856.8	0	3184
7	534	1714.2	0	534
8	132	428.5	0	132
9	1067	107.1	0	24 1043
10	563	26.8	1	13 550
11	239	6.7	1	3 236
12	26	1.7	1	0 26
13	9	0.4	1	0 9
16	1	0.0	1	0 1
