This is cutadapt 2.9 with Python 3.6.6
Command line parameters: --interleaved -a file:/nas02/apps/trimmomatic-0.36/Trimmomatic-0.36/adapters/TruSeq3-PE.fa -A file:/nas02/apps/trimmomatic-0.36/Trimmomatic-0.36/adapters/TruSeq3-PE.fa -m 30 /nas/longleaf/home/zpopkinh/Pvivax_resources/wgs_pe_improved_global/fastq/ERR5740702/ERR5740702_1.fastq.gz /nas/longleaf/home/zpopkinh/Pvivax_resources/wgs_pe_improved_global/fastq/ERR5740702/ERR5740702_2.fastq.gz
Processing reads on 1 core in paired-end mode ...
Finished in 380.60 s (128 us/read; 0.47 M reads/minute).

=== Summary ===

Total read pairs processed:          2,964,594
  Read 1 with adapter:                 107,520 (3.6%)
  Read 2 with adapter:                 103,366 (3.5%)
Pairs written (passing filters):     2,964,586 (100.0%)

Total basepairs processed:   895,307,388 bp
  Read 1:   447,653,694 bp
  Read 2:   447,653,694 bp
Total written (filtered):    894,592,910 bp (99.9%)
  Read 1:   447,288,974 bp
  Read 2:   447,303,936 bp

=== First read: Adapter PrefixPE/1 ===

Sequence: TACACTCTTTCCCTACACGACGCTCTTCCGATCT; Type: regular 3'; Length: 34; Trimmed: 49994 times

No. of allowed errors:
0-9 bp: 0; 10-19 bp: 1; 20-29 bp: 2; 30-34 bp: 3

Bases preceding removed adapters:
  A: 26.3%
  C: 22.9%
  G: 23.4%
  T: 27.4%
  none/other: 0.0%

Overview of removed sequences
length	count	expect	max.err	error counts
3	33512	46321.8	0	33512
4	12647	11580.4	0	12647
5	2695	2895.1	0	2695
6	565	723.8	0	565
7	137	180.9	0	137
8	34	45.2	0	34
9	130	11.3	0	11 119
10	181	2.8	1	7 174
11	54	0.7	1	0 54
12	23	0.2	1	1 22
13	9	0.0	1	0 9
93	1	0.0	3	0 0 0 1
95	1	0.0	3	0 0 1
115	2	0.0	3	0 0 0 2
151	3	0.0	3	0 0 1 2


=== First read: Adapter PrefixPE/2 ===

Sequence: GTGACTGGAGTTCAGACGTGTGCTCTTCCGATCT; Type: regular 3'; Length: 34; Trimmed: 57526 times

No. of allowed errors:
0-9 bp: 0; 10-19 bp: 1; 20-29 bp: 2; 30-34 bp: 3

Bases preceding removed adapters:
  A: 25.7%
  C: 15.4%
  G: 27.2%
  T: 31.7%
  none/other: 0.0%

Overview of removed sequences
length	count	expect	max.err	error counts
3	44361	46321.8	0	44361
4	10656	11580.4	0	10656
5	1722	2895.1	0	1722
6	461	723.8	0	461
7	117	180.9	0	117
8	25	45.2	0	25
9	86	11.3	0	2 84
10	60	2.8	1	0 60
11	27	0.7	1	0 27
12	9	0.2	1	0 9
13	2	0.0	1	0 2


=== Second read: Adapter PrefixPE/1 ===

Sequence: TACACTCTTTCCCTACACGACGCTCTTCCGATCT; Type: regular 3'; Length: 34; Trimmed: 48000 times

No. of allowed errors:
0-9 bp: 0; 10-19 bp: 1; 20-29 bp: 2; 30-34 bp: 3

Bases preceding removed adapters:
  A: 26.8%
  C: 24.3%
  G: 23.2%
  T: 25.7%
  none/other: 0.0%

Overview of removed sequences
length	count	expect	max.err	error counts
3	32605	46321.8	0	32605
4	11399	11580.4	0	11399
5	2856	2895.1	0	2856
6	519	723.8	0	519
7	157	180.9	0	157
8	28	45.2	0	28
9	154	11.3	0	14 140
10	181	2.8	1	4 177
11	68	0.7	1	0 68
12	18	0.2	1	0 18
13	8	0.0	1	0 8
15	1	0.0	1	0 1
92	1	0.0	3	0 0 0 1
149	2	0.0	3	0 0 0 2
151	3	0.0	3	0 1 2


=== Second read: Adapter PrefixPE/2 ===

Sequence: GTGACTGGAGTTCAGACGTGTGCTCTTCCGATCT; Type: regular 3'; Length: 34; Trimmed: 55366 times

No. of allowed errors:
0-9 bp: 0; 10-19 bp: 1; 20-29 bp: 2; 30-34 bp: 3

Bases preceding removed adapters:
  A: 24.4%
  C: 17.6%
  G: 27.2%
  T: 30.8%
  none/other: 0.0%

Overview of removed sequences
length	count	expect	max.err	error counts
3	43671	46321.8	0	43671
4	9209	11580.4	0	9209
5	1730	2895.1	0	1730
6	428	723.8	0	428
7	128	180.9	0	128
8	26	45.2	0	26
9	74	11.3	0	4 70
10	68	2.8	1	1 67
11	21	0.7	1	1 20
12	9	0.2	1	0 9
92	1	0.0	3	0 0 0 1
103	1	0.0	3	0 0 1
