This is cutadapt 2.9 with Python 3.6.6
Command line parameters: --interleaved -a file:/nas02/apps/trimmomatic-0.36/Trimmomatic-0.36/adapters/TruSeq3-PE.fa -A file:/nas02/apps/trimmomatic-0.36/Trimmomatic-0.36/adapters/TruSeq3-PE.fa -m 30 /nas/longleaf/home/zpopkinh/Pvivax_resources/wgs_pe_improved_global/fastq/SRS696221/SRR1568002_1.fastq.gz /nas/longleaf/home/zpopkinh/Pvivax_resources/wgs_pe_improved_global/fastq/SRS696221/SRR1568002_2.fastq.gz
Processing reads on 1 core in paired-end mode ...
Finished in 0.73 s (49 us/read; 1.21 M reads/minute).

=== Summary ===

Total read pairs processed:             14,743
  Read 1 with adapter:                     438 (3.0%)
  Read 2 with adapter:                     534 (3.6%)
Pairs written (passing filters):        14,743 (100.0%)

Total basepairs processed:     2,978,086 bp
  Read 1:     1,489,043 bp
  Read 2:     1,489,043 bp
Total written (filtered):      2,974,761 bp (99.9%)
  Read 1:     1,487,553 bp
  Read 2:     1,487,208 bp

=== First read: Adapter PrefixPE/1 ===

Sequence: TACACTCTTTCCCTACACGACGCTCTTCCGATCT; Type: regular 3'; Length: 34; Trimmed: 237 times

No. of allowed errors:
0-9 bp: 0; 10-19 bp: 1; 20-29 bp: 2; 30-34 bp: 3

Bases preceding removed adapters:
  A: 30.0%
  C: 31.2%
  G: 13.5%
  T: 25.3%
  none/other: 0.0%

Overview of removed sequences
length	count	expect	max.err	error counts
3	153	230.4	0	153
4	70	57.6	0	70
5	7	14.4	0	7
6	3	3.6	0	3
7	2	0.9	0	2
9	1	0.1	0	0 1
10	1	0.0	1	0 1


=== First read: Adapter PrefixPE/2 ===

Sequence: GTGACTGGAGTTCAGACGTGTGCTCTTCCGATCT; Type: regular 3'; Length: 34; Trimmed: 201 times

No. of allowed errors:
0-9 bp: 0; 10-19 bp: 1; 20-29 bp: 2; 30-34 bp: 3

Bases preceding removed adapters:
  A: 34.8%
  C: 9.5%
  G: 17.4%
  T: 38.3%
  none/other: 0.0%

Overview of removed sequences
length	count	expect	max.err	error counts
3	151	230.4	0	151
4	39	57.6	0	39
5	10	14.4	0	10
6	1	3.6	0	1


=== Second read: Adapter PrefixPE/1 ===

Sequence: TACACTCTTTCCCTACACGACGCTCTTCCGATCT; Type: regular 3'; Length: 34; Trimmed: 286 times

No. of allowed errors:
0-9 bp: 0; 10-19 bp: 1; 20-29 bp: 2; 30-34 bp: 3

Bases preceding removed adapters:
  A: 33.9%
  C: 26.9%
  G: 13.6%
  T: 25.5%
  none/other: 0.0%

Overview of removed sequences
length	count	expect	max.err	error counts
3	178	230.4	0	178
4	82	57.6	0	82
5	17	14.4	0	17
6	5	3.6	0	5
7	1	0.9	0	1
10	2	0.0	1	0 2
11	1	0.0	1	0 1


=== Second read: Adapter PrefixPE/2 ===

Sequence: GTGACTGGAGTTCAGACGTGTGCTCTTCCGATCT; Type: regular 3'; Length: 34; Trimmed: 248 times

No. of allowed errors:
0-9 bp: 0; 10-19 bp: 1; 20-29 bp: 2; 30-34 bp: 3

Bases preceding removed adapters:
  A: 27.4%
  C: 25.0%
  G: 16.5%
  T: 31.0%
  none/other: 0.0%

Overview of removed sequences
length	count	expect	max.err	error counts
3	190	230.4	0	190
4	48	57.6	0	48
5	7	14.4	0	7
6	1	3.6	0	1
7	1	0.9	0	1
10	1	0.0	1	0 1
