This is cutadapt 2.9 with Python 3.6.6
Command line parameters: --interleaved -a file:/nas02/apps/trimmomatic-0.36/Trimmomatic-0.36/adapters/TruSeq3-PE.fa -A file:/nas02/apps/trimmomatic-0.36/Trimmomatic-0.36/adapters/TruSeq3-PE.fa -m 30 /nas/longleaf/home/zpopkinh/Pvivax_resources/wgs_pe_improved_global/fastq/SRS1061153/SRR2316865_1.fastq.gz /nas/longleaf/home/zpopkinh/Pvivax_resources/wgs_pe_improved_global/fastq/SRS1061153/SRR2316865_2.fastq.gz
Processing reads on 1 core in paired-end mode ...
Finished in 1604.84 s (105 us/read; 0.57 M reads/minute).

=== Summary ===

Total read pairs processed:         15,291,301
  Read 1 with adapter:                 561,449 (3.7%)
  Read 2 with adapter:                 551,119 (3.6%)
Pairs written (passing filters):    15,291,275 (100.0%)

Total basepairs processed: 3,058,260,200 bp
  Read 1: 1,513,838,799 bp
  Read 2: 1,544,421,401 bp
Total written (filtered):  3,054,461,269 bp (99.9%)
  Read 1: 1,511,921,442 bp
  Read 2: 1,542,539,827 bp

=== First read: Adapter PrefixPE/1 ===

Sequence: TACACTCTTTCCCTACACGACGCTCTTCCGATCT; Type: regular 3'; Length: 34; Trimmed: 292008 times

No. of allowed errors:
0-9 bp: 0; 10-19 bp: 1; 20-29 bp: 2; 30-34 bp: 3

Bases preceding removed adapters:
  A: 31.3%
  C: 19.2%
  G: 18.0%
  T: 31.5%
  none/other: 0.0%

Overview of removed sequences
length	count	expect	max.err	error counts
3	191504	238926.6	0	191504
4	79534	59731.6	0	79534
5	13829	14932.9	0	13829
6	3596	3733.2	0	3596
7	673	933.3	0	673
8	208	233.3	0	208
9	846	58.3	0	66 780
10	1285	14.6	1	28 1257
11	409	3.6	1	7 402
12	84	0.9	1	0 84
13	20	0.2	1	0 20
14	7	0.1	1	0 7
15	2	0.0	1	0 2
16	1	0.0	1	0 1
17	1	0.0	1	0 1
94	3	0.0	3	0 3
95	1	0.0	3	0 1
96	1	0.0	3	0 1
97	1	0.0	3	1
99	3	0.0	3	0 0 0 3


=== First read: Adapter PrefixPE/2 ===

Sequence: GTGACTGGAGTTCAGACGTGTGCTCTTCCGATCT; Type: regular 3'; Length: 34; Trimmed: 269441 times

No. of allowed errors:
0-9 bp: 0; 10-19 bp: 1; 20-29 bp: 2; 30-34 bp: 3

Bases preceding removed adapters:
  A: 29.9%
  C: 9.6%
  G: 23.4%
  T: 37.1%
  none/other: 0.0%

Overview of removed sequences
length	count	expect	max.err	error counts
3	201829	238926.6	0	201829
4	54654	59731.6	0	54654
5	8468	14932.9	0	8468
6	2588	3733.2	0	2588
7	665	933.3	0	665
8	179	233.3	0	179
9	391	58.3	0	58 333
10	431	14.6	1	16 415
11	162	3.6	1	3 159
12	59	0.9	1	4 55
13	6	0.2	1	0 6
14	4	0.1	1	0 4
15	2	0.0	1	0 2
17	1	0.0	1	0 1
39	1	0.0	3	0 0 0 1
59	1	0.0	3	0 0 0 1


=== Second read: Adapter PrefixPE/1 ===

Sequence: TACACTCTTTCCCTACACGACGCTCTTCCGATCT; Type: regular 3'; Length: 34; Trimmed: 288164 times

No. of allowed errors:
0-9 bp: 0; 10-19 bp: 1; 20-29 bp: 2; 30-34 bp: 3

Bases preceding removed adapters:
  A: 31.3%
  C: 19.0%
  G: 18.1%
  T: 31.6%
  none/other: 0.0%

Overview of removed sequences
length	count	expect	max.err	error counts
3	188891	238926.6	0	188891
4	78814	59731.6	0	78814
5	13351	14932.9	0	13351
6	3572	3733.2	0	3572
7	702	933.3	0	702
8	194	233.3	0	194
9	806	58.3	0	73 733
10	1365	14.6	1	27 1338
11	366	3.6	1	5 361
12	65	0.9	1	1 64
13	17	0.2	1	1 16
14	7	0.1	1	0 7
15	1	0.0	1	0 1
95	1	0.0	3	0 0 0 1
101	12	0.0	3	1 4 5 2


=== Second read: Adapter PrefixPE/2 ===

Sequence: GTGACTGGAGTTCAGACGTGTGCTCTTCCGATCT; Type: regular 3'; Length: 34; Trimmed: 262955 times

No. of allowed errors:
0-9 bp: 0; 10-19 bp: 1; 20-29 bp: 2; 30-34 bp: 3

Bases preceding removed adapters:
  A: 29.7%
  C: 9.8%
  G: 23.4%
  T: 37.0%
  none/other: 0.0%

Overview of removed sequences
length	count	expect	max.err	error counts
3	197437	238926.6	0	197437
4	52985	59731.6	0	52985
5	8095	14932.9	0	8095
6	2639	3733.2	0	2639
7	605	933.3	0	605
8	158	233.3	0	158
9	398	58.3	0	45 353
10	440	14.6	1	11 429
11	132	3.6	1	0 132
12	44	0.9	1	1 43
13	7	0.2	1	0 7
14	6	0.1	1	0 6
15	2	0.0	1	0 2
24	1	0.0	2	0 0 1
32	1	0.0	3	0 0 0 1
40	1	0.0	3	0 0 0 1
72	1	0.0	3	0 0 0 1
73	1	0.0	3	0 0 1
74	1	0.0	3	0 0 0 1
101	1	0.0	3	0 0 1
