This is cutadapt 2.9 with Python 3.6.6
Command line parameters: --interleaved -a file:/nas02/apps/trimmomatic-0.36/Trimmomatic-0.36/adapters/TruSeq3-PE.fa -A file:/nas02/apps/trimmomatic-0.36/Trimmomatic-0.36/adapters/TruSeq3-PE.fa -m 30 /nas/longleaf/home/zpopkinh/Pvivax_resources/wgs_pe_improved_global/fastq/ERR5740775/ERR5740775_1.fastq.gz /nas/longleaf/home/zpopkinh/Pvivax_resources/wgs_pe_improved_global/fastq/ERR5740775/ERR5740775_2.fastq.gz
Processing reads on 1 core in paired-end mode ...
Finished in 523.33 s (139 us/read; 0.43 M reads/minute).

=== Summary ===

Total read pairs processed:          3,775,902
  Read 1 with adapter:                 139,259 (3.7%)
  Read 2 with adapter:                 136,484 (3.6%)
Pairs written (passing filters):     3,775,897 (100.0%)

Total basepairs processed: 1,140,322,404 bp
  Read 1:   570,161,202 bp
  Read 2:   570,161,202 bp
Total written (filtered):  1,139,384,982 bp (99.9%)
  Read 1:   569,688,210 bp
  Read 2:   569,696,772 bp

=== First read: Adapter PrefixPE/1 ===

Sequence: TACACTCTTTCCCTACACGACGCTCTTCCGATCT; Type: regular 3'; Length: 34; Trimmed: 69453 times

No. of allowed errors:
0-9 bp: 0; 10-19 bp: 1; 20-29 bp: 2; 30-34 bp: 3

Bases preceding removed adapters:
  A: 28.5%
  C: 20.6%
  G: 21.4%
  T: 29.5%
  none/other: 0.0%

Overview of removed sequences
length	count	expect	max.err	error counts
3	46081	58998.5	0	46081
4	18080	14749.6	0	18080
5	3633	3687.4	0	3633
6	834	921.9	0	834
7	155	230.5	0	155
8	39	57.6	0	39
9	245	14.4	0	18 227
10	261	3.6	1	5 256
11	98	0.9	1	0 98
12	17	0.2	1	1 16
13	5	0.1	1	0 5
14	1	0.0	1	0 1
69	1	0.0	3	0 0 1
73	1	0.0	3	0 1
90	1	0.0	3	0 0 0 1
91	1	0.0	3	0 0 1


=== First read: Adapter PrefixPE/2 ===

Sequence: GTGACTGGAGTTCAGACGTGTGCTCTTCCGATCT; Type: regular 3'; Length: 34; Trimmed: 69806 times

No. of allowed errors:
0-9 bp: 0; 10-19 bp: 1; 20-29 bp: 2; 30-34 bp: 3

Bases preceding removed adapters:
  A: 26.9%
  C: 13.9%
  G: 25.4%
  T: 33.7%
  none/other: 0.0%

Overview of removed sequences
length	count	expect	max.err	error counts
3	53671	58998.5	0	53671
4	13052	14749.6	0	13052
5	2135	3687.4	0	2135
6	574	921.9	0	574
7	130	230.5	0	130
8	26	57.6	0	26
9	76	14.4	0	5 71
10	107	3.6	1	2 105
11	26	0.9	1	0 26
12	6	0.2	1	0 6
13	3	0.1	1	0 3


=== Second read: Adapter PrefixPE/1 ===

Sequence: TACACTCTTTCCCTACACGACGCTCTTCCGATCT; Type: regular 3'; Length: 34; Trimmed: 68538 times

No. of allowed errors:
0-9 bp: 0; 10-19 bp: 1; 20-29 bp: 2; 30-34 bp: 3

Bases preceding removed adapters:
  A: 28.6%
  C: 21.4%
  G: 21.6%
  T: 28.4%
  none/other: 0.0%

Overview of removed sequences
length	count	expect	max.err	error counts
3	44926	58998.5	0	44926
4	18256	14749.6	0	18256
5	3694	3687.4	0	3694
6	786	921.9	0	786
7	173	230.5	0	173
8	50	57.6	0	50
9	224	14.4	0	20 204
10	309	3.6	1	11 298
11	79	0.9	1	2 77
12	23	0.2	1	3 20
13	8	0.1	1	0 8
14	3	0.0	1	0 3
69	1	0.0	3	0 0 0 1
85	1	0.0	3	0 0 0 1
116	1	0.0	3	0 1
119	1	0.0	3	0 0 1
124	1	0.0	3	1
151	2	0.0	3	0 0 2


=== Second read: Adapter PrefixPE/2 ===

Sequence: GTGACTGGAGTTCAGACGTGTGCTCTTCCGATCT; Type: regular 3'; Length: 34; Trimmed: 67946 times

No. of allowed errors:
0-9 bp: 0; 10-19 bp: 1; 20-29 bp: 2; 30-34 bp: 3

Bases preceding removed adapters:
  A: 26.4%
  C: 14.7%
  G: 25.5%
  T: 33.5%
  none/other: 0.0%

Overview of removed sequences
length	count	expect	max.err	error counts
3	52479	58998.5	0	52479
4	12462	14749.6	0	12462
5	2084	3687.4	0	2084
6	528	921.9	0	528
7	157	230.5	0	157
8	36	57.6	0	36
9	83	14.4	0	7 76
10	85	3.6	1	1 84
11	22	0.9	1	0 22
12	5	0.2	1	0 5
13	1	0.1	1	0 1
14	1	0.0	1	0 1
104	1	0.0	3	0 0 0 1
143	2	0.0	3	0 0 1 1
