This is cutadapt 2.9 with Python 3.6.6
Command line parameters: --interleaved -a file:/nas02/apps/trimmomatic-0.36/Trimmomatic-0.36/adapters/TruSeq3-PE.fa -A file:/nas02/apps/trimmomatic-0.36/Trimmomatic-0.36/adapters/TruSeq3-PE.fa -m 30 /nas/longleaf/home/zpopkinh/Pvivax_resources/wgs_pe_improved_global/fastq/SRS693971/SRR1568109_1.fastq.gz /nas/longleaf/home/zpopkinh/Pvivax_resources/wgs_pe_improved_global/fastq/SRS693971/SRR1568109_2.fastq.gz
Processing reads on 1 core in paired-end mode ...
Finished in 799.10 s (55 us/read; 1.09 M reads/minute).

=== Summary ===

Total read pairs processed:         14,544,293
  Read 1 with adapter:                 523,830 (3.6%)
  Read 2 with adapter:                 542,955 (3.7%)
Pairs written (passing filters):    14,544,288 (100.0%)

Total basepairs processed: 2,937,947,186 bp
  Read 1: 1,468,973,593 bp
  Read 2: 1,468,973,593 bp
Total written (filtered):  2,934,374,614 bp (99.9%)
  Read 1: 1,467,213,686 bp
  Read 2: 1,467,160,928 bp

=== First read: Adapter PrefixPE/1 ===

Sequence: TACACTCTTTCCCTACACGACGCTCTTCCGATCT; Type: regular 3'; Length: 34; Trimmed: 236723 times

No. of allowed errors:
0-9 bp: 0; 10-19 bp: 1; 20-29 bp: 2; 30-34 bp: 3

Bases preceding removed adapters:
  A: 23.7%
  C: 24.4%
  G: 27.8%
  T: 24.1%
  none/other: 0.0%

Overview of removed sequences
length	count	expect	max.err	error counts
3	162276	227254.6	0	162276
4	54294	56813.6	0	54294
5	15118	14203.4	0	15118
6	2645	3550.9	0	2645
7	655	887.7	0	655
8	132	221.9	0	132
9	621	55.5	0	49 572
10	633	13.9	1	25 608
11	255	3.5	1	4 251
12	53	0.9	1	0 53
13	26	0.2	1	2 24
14	3	0.1	1	0 3
22	1	0.0	2	1
23	1	0.0	2	0 1
25	1	0.0	2	0 0 1
34	1	0.0	3	0 0 1
47	1	0.0	3	0 0 1
49	1	0.0	3	0 1
53	2	0.0	3	1 0 0 1
69	1	0.0	3	0 1
101	3	0.0	3	0 1 1 1


=== First read: Adapter PrefixPE/2 ===

Sequence: GTGACTGGAGTTCAGACGTGTGCTCTTCCGATCT; Type: regular 3'; Length: 34; Trimmed: 287107 times

No. of allowed errors:
0-9 bp: 0; 10-19 bp: 1; 20-29 bp: 2; 30-34 bp: 3

Bases preceding removed adapters:
  A: 22.7%
  C: 20.0%
  G: 28.2%
  T: 29.2%
  none/other: 0.0%

Overview of removed sequences
length	count	expect	max.err	error counts
3	224784	227254.6	0	224784
4	50440	56813.6	0	50440
5	8754	14203.4	0	8754
6	1831	3550.9	0	1831
7	472	887.7	0	472
8	63	221.9	0	63
9	341	55.5	0	8 333
10	268	13.9	1	7 261
11	119	3.5	1	3 116
12	22	0.9	1	0 22
13	12	0.2	1	0 12
28	1	0.0	2	0 0 1


=== Second read: Adapter PrefixPE/1 ===

Sequence: TACACTCTTTCCCTACACGACGCTCTTCCGATCT; Type: regular 3'; Length: 34; Trimmed: 230160 times

No. of allowed errors:
0-9 bp: 0; 10-19 bp: 1; 20-29 bp: 2; 30-34 bp: 3

Bases preceding removed adapters:
  A: 23.7%
  C: 24.2%
  G: 27.7%
  T: 24.4%
  none/other: 0.0%

Overview of removed sequences
length	count	expect	max.err	error counts
3	157512	227254.6	0	157512
4	53332	56813.6	0	53332
5	14311	14203.4	0	14311
6	2623	3550.9	0	2623
7	649	887.7	0	649
8	143	221.9	0	143
9	632	55.5	0	52 580
10	653	13.9	1	19 634
11	229	3.5	1	3 226
12	56	0.9	1	0 56
13	13	0.2	1	0 13
14	6	0.1	1	0 6
15	1	0.0	1	0 1


=== Second read: Adapter PrefixPE/2 ===

Sequence: GTGACTGGAGTTCAGACGTGTGCTCTTCCGATCT; Type: regular 3'; Length: 34; Trimmed: 312795 times

No. of allowed errors:
0-9 bp: 0; 10-19 bp: 1; 20-29 bp: 2; 30-34 bp: 3

Bases preceding removed adapters:
  A: 22.1%
  C: 25.5%
  G: 25.8%
  T: 26.6%
  none/other: 0.0%

Overview of removed sequences
length	count	expect	max.err	error counts
3	251652	227254.6	0	251652
4	49781	56813.6	0	49781
5	8260	14203.4	0	8260
6	1800	3550.9	0	1800
7	482	887.7	0	482
8	71	221.9	0	71
9	341	55.5	0	13 328
10	267	13.9	1	4 263
11	105	3.5	1	1 104
12	22	0.9	1	0 22
13	5	0.2	1	0 5
27	1	0.0	2	1
36	1	0.0	3	0 0 1
39	1	0.0	3	0 0 1
42	1	0.0	3	0 1
46	1	0.0	3	0 0 0 1
50	1	0.0	3	0 0 1
54	1	0.0	3	0 1
86	1	0.0	3	0 0 1
96	1	0.0	3	0 0 0 1
