This is cutadapt 2.9 with Python 3.6.6
Command line parameters: --interleaved -a file:/nas02/apps/trimmomatic-0.36/Trimmomatic-0.36/adapters/TruSeq3-PE.fa -A file:/nas02/apps/trimmomatic-0.36/Trimmomatic-0.36/adapters/TruSeq3-PE.fa -m 30 /nas/longleaf/home/zpopkinh/Pvivax_resources/wgs_pe_improved_global/fastq/SRS693971/SRR1565064_1.fastq.gz /nas/longleaf/home/zpopkinh/Pvivax_resources/wgs_pe_improved_global/fastq/SRS693971/SRR1565064_2.fastq.gz
Processing reads on 1 core in paired-end mode ...
Finished in 9.80 s (50 us/read; 1.20 M reads/minute).

=== Summary ===

Total read pairs processed:            195,972
  Read 1 with adapter:                   6,497 (3.3%)
  Read 2 with adapter:                   7,594 (3.9%)
Pairs written (passing filters):       195,918 (100.0%)

Total basepairs processed:    39,586,344 bp
  Read 1:    19,793,172 bp
  Read 2:    19,793,172 bp
Total written (filtered):     39,528,551 bp (99.9%)
  Read 1:    19,765,714 bp
  Read 2:    19,762,837 bp

=== First read: Adapter PrefixPE/1 ===

Sequence: TACACTCTTTCCCTACACGACGCTCTTCCGATCT; Type: regular 3'; Length: 34; Trimmed: 3152 times

No. of allowed errors:
0-9 bp: 0; 10-19 bp: 1; 20-29 bp: 2; 30-34 bp: 3

Bases preceding removed adapters:
  A: 26.7%
  C: 21.9%
  G: 25.8%
  T: 25.6%
  none/other: 0.0%

Overview of removed sequences
length	count	expect	max.err	error counts
3	2035	3062.1	0	2035
4	839	765.5	0	839
5	205	191.4	0	205
6	32	47.8	0	32
7	12	12.0	0	12
8	1	3.0	0	1
9	10	0.7	0	0 10
10	11	0.2	1	0 11
11	4	0.0	1	0 4
12	3	0.0	1	0 3


=== First read: Adapter PrefixPE/2 ===

Sequence: GTGACTGGAGTTCAGACGTGTGCTCTTCCGATCT; Type: regular 3'; Length: 34; Trimmed: 3345 times

No. of allowed errors:
0-9 bp: 0; 10-19 bp: 1; 20-29 bp: 2; 30-34 bp: 3

Bases preceding removed adapters:
  A: 23.5%
  C: 19.4%
  G: 27.0%
  T: 30.1%
  none/other: 0.0%

Overview of removed sequences
length	count	expect	max.err	error counts
3	2595	3062.1	0	2595
4	627	765.5	0	627
5	94	191.4	0	94
6	19	47.8	0	19
7	5	12.0	0	5
9	4	0.7	0	0 4
10	1	0.2	1	0 1


=== Second read: Adapter PrefixPE/1 ===

Sequence: TACACTCTTTCCCTACACGACGCTCTTCCGATCT; Type: regular 3'; Length: 34; Trimmed: 2891 times

No. of allowed errors:
0-9 bp: 0; 10-19 bp: 1; 20-29 bp: 2; 30-34 bp: 3

Bases preceding removed adapters:
  A: 27.2%
  C: 22.0%
  G: 25.4%
  T: 25.5%
  none/other: 0.0%

Overview of removed sequences
length	count	expect	max.err	error counts
3	1940	3062.1	0	1940
4	713	765.5	0	713
5	183	191.4	0	183
6	25	47.8	0	25
7	7	12.0	0	7
8	2	3.0	0	2
9	7	0.7	0	0 7
10	8	0.2	1	0 8
11	5	0.0	1	0 5
12	1	0.0	1	0 1


=== Second read: Adapter PrefixPE/2 ===

Sequence: GTGACTGGAGTTCAGACGTGTGCTCTTCCGATCT; Type: regular 3'; Length: 34; Trimmed: 4703 times

No. of allowed errors:
0-9 bp: 0; 10-19 bp: 1; 20-29 bp: 2; 30-34 bp: 3

Bases preceding removed adapters:
  A: 21.2%
  C: 29.7%
  G: 23.1%
  T: 26.0%
  none/other: 0.0%

Overview of removed sequences
length	count	expect	max.err	error counts
3	3899	3062.1	0	3899
4	634	765.5	0	634
5	82	191.4	0	82
6	25	47.8	0	25
7	4	12.0	0	4
8	1	3.0	0	1
9	2	0.7	0	0 2
10	1	0.2	1	1
12	1	0.0	1	0 1
93	52	0.0	3	0 9 15 28
94	2	0.0	3	0 1 1
