This is cutadapt 2.9 with Python 3.6.6
Command line parameters: --interleaved -a file:/nas02/apps/trimmomatic-0.36/Trimmomatic-0.36/adapters/TruSeq3-PE.fa -A file:/nas02/apps/trimmomatic-0.36/Trimmomatic-0.36/adapters/TruSeq3-PE.fa -m 30 /nas/longleaf/home/zpopkinh/Pvivax_resources/wgs_pe_improved_global/fastq/SRS693476/SRR1568001_1.fastq.gz /nas/longleaf/home/zpopkinh/Pvivax_resources/wgs_pe_improved_global/fastq/SRS693476/SRR1568001_2.fastq.gz
Processing reads on 1 core in paired-end mode ...
Finished in 5.86 s (58 us/read; 1.03 M reads/minute).

=== Summary ===

Total read pairs processed:            100,449
  Read 1 with adapter:                   3,349 (3.3%)
  Read 2 with adapter:                   3,529 (3.5%)
Pairs written (passing filters):       100,449 (100.0%)

Total basepairs processed:    20,290,698 bp
  Read 1:    10,145,349 bp
  Read 2:    10,145,349 bp
Total written (filtered):     20,267,541 bp (99.9%)
  Read 1:    10,134,032 bp
  Read 2:    10,133,509 bp

=== First read: Adapter PrefixPE/1 ===

Sequence: TACACTCTTTCCCTACACGACGCTCTTCCGATCT; Type: regular 3'; Length: 34; Trimmed: 1543 times

No. of allowed errors:
0-9 bp: 0; 10-19 bp: 1; 20-29 bp: 2; 30-34 bp: 3

Bases preceding removed adapters:
  A: 24.4%
  C: 23.8%
  G: 25.2%
  T: 26.6%
  none/other: 0.0%

Overview of removed sequences
length	count	expect	max.err	error counts
3	1038	1569.5	0	1038
4	375	392.4	0	375
5	93	98.1	0	93
6	21	24.5	0	21
7	5	6.1	0	5
9	6	0.4	0	0 6
10	5	0.1	1	0 5


=== First read: Adapter PrefixPE/2 ===

Sequence: GTGACTGGAGTTCAGACGTGTGCTCTTCCGATCT; Type: regular 3'; Length: 34; Trimmed: 1806 times

No. of allowed errors:
0-9 bp: 0; 10-19 bp: 1; 20-29 bp: 2; 30-34 bp: 3

Bases preceding removed adapters:
  A: 23.4%
  C: 19.7%
  G: 28.1%
  T: 28.8%
  none/other: 0.0%

Overview of removed sequences
length	count	expect	max.err	error counts
3	1391	1569.5	0	1391
4	331	392.4	0	331
5	62	98.1	0	62
6	11	24.5	0	11
7	3	6.1	0	3
8	1	1.5	0	1
9	2	0.4	0	0 2
10	4	0.1	1	1 3
13	1	0.0	1	0 1


=== Second read: Adapter PrefixPE/1 ===

Sequence: TACACTCTTTCCCTACACGACGCTCTTCCGATCT; Type: regular 3'; Length: 34; Trimmed: 1575 times

No. of allowed errors:
0-9 bp: 0; 10-19 bp: 1; 20-29 bp: 2; 30-34 bp: 3

Bases preceding removed adapters:
  A: 26.5%
  C: 23.2%
  G: 25.4%
  T: 25.0%
  none/other: 0.0%

Overview of removed sequences
length	count	expect	max.err	error counts
3	1033	1569.5	0	1033
4	406	392.4	0	406
5	104	98.1	0	104
6	15	24.5	0	15
7	5	6.1	0	5
9	4	0.4	0	0 4
10	5	0.1	1	0 5
11	3	0.0	1	0 3


=== Second read: Adapter PrefixPE/2 ===

Sequence: GTGACTGGAGTTCAGACGTGTGCTCTTCCGATCT; Type: regular 3'; Length: 34; Trimmed: 1954 times

No. of allowed errors:
0-9 bp: 0; 10-19 bp: 1; 20-29 bp: 2; 30-34 bp: 3

Bases preceding removed adapters:
  A: 20.2%
  C: 30.6%
  G: 23.5%
  T: 25.7%
  none/other: 0.0%

Overview of removed sequences
length	count	expect	max.err	error counts
3	1560	1569.5	0	1560
4	329	392.4	0	329
5	49	98.1	0	49
6	11	24.5	0	11
7	2	6.1	0	2
9	1	0.4	0	0 1
11	1	0.0	1	0 1
12	1	0.0	1	0 1
