This is cutadapt 2.9 with Python 3.6.6
Command line parameters: --interleaved -a file:/nas02/apps/trimmomatic-0.36/Trimmomatic-0.36/adapters/TruSeq3-PE.fa -A file:/nas02/apps/trimmomatic-0.36/Trimmomatic-0.36/adapters/TruSeq3-PE.fa -m 30 /nas/longleaf/home/zpopkinh/Pvivax_resources/wgs_pe_improved_global/fastq/SRS693946/SRR1568170_1.fastq.gz /nas/longleaf/home/zpopkinh/Pvivax_resources/wgs_pe_improved_global/fastq/SRS693946/SRR1568170_2.fastq.gz
Processing reads on 1 core in paired-end mode ...
Finished in 55.82 s (90 us/read; 0.67 M reads/minute).

=== Summary ===

Total read pairs processed:            621,051
  Read 1 with adapter:                  25,940 (4.2%)
  Read 2 with adapter:                  26,794 (4.3%)
Pairs written (passing filters):       621,047 (100.0%)

Total basepairs processed:   125,452,302 bp
  Read 1:    62,726,151 bp
  Read 2:    62,726,151 bp
Total written (filtered):    125,269,965 bp (99.9%)
  Read 1:    62,636,159 bp
  Read 2:    62,633,806 bp

=== First read: Adapter PrefixPE/1 ===

Sequence: TACACTCTTTCCCTACACGACGCTCTTCCGATCT; Type: regular 3'; Length: 34; Trimmed: 11842 times

No. of allowed errors:
0-9 bp: 0; 10-19 bp: 1; 20-29 bp: 2; 30-34 bp: 3

Bases preceding removed adapters:
  A: 35.3%
  C: 24.3%
  G: 18.2%
  T: 22.3%
  none/other: 0.0%

Overview of removed sequences
length	count	expect	max.err	error counts
3	7259	9703.9	0	7259
4	3484	2426.0	0	3484
5	749	606.5	0	749
6	141	151.6	0	141
7	42	37.9	0	42
8	2	9.5	0	2
9	30	2.4	0	0 30
10	92	0.6	1	0 92
11	33	0.1	1	0 33
12	6	0.0	1	0 6
101	4	0.0	3	0 0 4


=== First read: Adapter PrefixPE/2 ===

Sequence: GTGACTGGAGTTCAGACGTGTGCTCTTCCGATCT; Type: regular 3'; Length: 34; Trimmed: 14098 times

No. of allowed errors:
0-9 bp: 0; 10-19 bp: 1; 20-29 bp: 2; 30-34 bp: 3

Bases preceding removed adapters:
  A: 23.7%
  C: 11.1%
  G: 22.8%
  T: 42.4%
  none/other: 0.0%

Overview of removed sequences
length	count	expect	max.err	error counts
3	10922	9703.9	0	10922
4	2306	2426.0	0	2306
5	518	606.5	0	518
6	128	151.6	0	128
7	76	37.9	0	76
8	1	9.5	0	1
9	69	2.4	0	3 66
10	18	0.6	1	1 17
11	60	0.1	1	0 60


=== Second read: Adapter PrefixPE/1 ===

Sequence: TACACTCTTTCCCTACACGACGCTCTTCCGATCT; Type: regular 3'; Length: 34; Trimmed: 11611 times

No. of allowed errors:
0-9 bp: 0; 10-19 bp: 1; 20-29 bp: 2; 30-34 bp: 3

Bases preceding removed adapters:
  A: 35.9%
  C: 23.7%
  G: 19.0%
  T: 21.4%
  none/other: 0.0%

Overview of removed sequences
length	count	expect	max.err	error counts
3	7508	9703.9	0	7508
4	3086	2426.0	0	3086
5	743	606.5	0	743
6	115	151.6	0	115
7	42	37.9	0	42
8	8	9.5	0	8
9	28	2.4	0	3 25
10	53	0.6	1	0 53
11	27	0.1	1	0 27
12	1	0.0	1	0 1


=== Second read: Adapter PrefixPE/2 ===

Sequence: GTGACTGGAGTTCAGACGTGTGCTCTTCCGATCT; Type: regular 3'; Length: 34; Trimmed: 15183 times

No. of allowed errors:
0-9 bp: 0; 10-19 bp: 1; 20-29 bp: 2; 30-34 bp: 3

Bases preceding removed adapters:
  A: 22.5%
  C: 15.6%
  G: 21.8%
  T: 40.2%
  none/other: 0.0%

Overview of removed sequences
length	count	expect	max.err	error counts
3	11688	9703.9	0	11688
4	2518	2426.0	0	2518
5	550	606.5	0	550
6	213	151.6	0	213
7	28	37.9	0	28
8	11	9.5	0	11
9	60	2.4	0	2 58
10	37	0.6	1	0 37
11	75	0.1	1	0 75
12	3	0.0	1	0 3
