This is cutadapt 2.9 with Python 3.6.6
Command line parameters: --interleaved -a file:/nas02/apps/trimmomatic-0.36/Trimmomatic-0.36/adapters/TruSeq3-PE.fa -A file:/nas02/apps/trimmomatic-0.36/Trimmomatic-0.36/adapters/TruSeq3-PE.fa -m 30 /nas/longleaf/home/zpopkinh/Pvivax_resources/wgs_pe_improved_global/fastq/SRS2910023/SRR6668531_1.fastq.gz /nas/longleaf/home/zpopkinh/Pvivax_resources/wgs_pe_improved_global/fastq/SRS2910023/SRR6668531_2.fastq.gz
Processing reads on 1 core in paired-end mode ...
Finished in 238.47 s (63 us/read; 0.95 M reads/minute).

=== Summary ===

Total read pairs processed:          3,777,021
  Read 1 with adapter:                 157,389 (4.2%)
  Read 2 with adapter:                 199,534 (5.3%)
Pairs written (passing filters):     3,777,021 (100.0%)

Total basepairs processed:   755,404,200 bp
  Read 1:   377,702,100 bp
  Read 2:   377,702,100 bp
Total written (filtered):    754,160,468 bp (99.8%)
  Read 1:   377,143,448 bp
  Read 2:   377,017,020 bp

=== First read: Adapter PrefixPE/1 ===

Sequence: TACACTCTTTCCCTACACGACGCTCTTCCGATCT; Type: regular 3'; Length: 34; Trimmed: 95698 times

No. of allowed errors:
0-9 bp: 0; 10-19 bp: 1; 20-29 bp: 2; 30-34 bp: 3

Bases preceding removed adapters:
  A: 60.8%
  C: 12.6%
  G: 13.8%
  T: 12.9%
  none/other: 0.0%

Overview of removed sequences
length	count	expect	max.err	error counts
3	49633	59016.0	0	49633
4	26382	14754.0	0	26382
5	18483	3688.5	0	18483
6	581	922.1	0	581
7	179	230.5	0	179
8	39	57.6	0	39
9	155	14.4	0	10 145
10	157	3.6	1	5 152
11	69	0.9	1	2 67
12	14	0.2	1	0 14
13	4	0.1	1	0 4
14	2	0.0	1	0 2


=== First read: Adapter PrefixPE/2 ===

Sequence: GTGACTGGAGTTCAGACGTGTGCTCTTCCGATCT; Type: regular 3'; Length: 34; Trimmed: 61691 times

No. of allowed errors:
0-9 bp: 0; 10-19 bp: 1; 20-29 bp: 2; 30-34 bp: 3

Bases preceding removed adapters:
  A: 23.4%
  C: 19.0%
  G: 29.1%
  T: 28.4%
  none/other: 0.0%

Overview of removed sequences
length	count	expect	max.err	error counts
3	47994	59016.0	0	47994
4	11183	14754.0	0	11183
5	1771	3688.5	0	1771
6	421	922.1	0	421
7	153	230.5	0	153
8	14	57.6	0	14
9	74	14.4	0	2 72
10	53	3.6	1	2 51
11	23	0.9	1	0 23
12	5	0.2	1	0 5


=== Second read: Adapter PrefixPE/1 ===

Sequence: TACACTCTTTCCCTACACGACGCTCTTCCGATCT; Type: regular 3'; Length: 34; Trimmed: 110187 times

No. of allowed errors:
0-9 bp: 0; 10-19 bp: 1; 20-29 bp: 2; 30-34 bp: 3

Bases preceding removed adapters:
  A: 52.9%
  C: 11.1%
  G: 12.3%
  T: 23.7%
  none/other: 0.0%

Overview of removed sequences
length	count	expect	max.err	error counts
3	64081	59016.0	0	64081
4	26568	14754.0	0	26568
5	18409	3688.5	0	18409
6	585	922.1	0	585
7	162	230.5	0	162
8	40	57.6	0	40
9	139	14.4	0	6 133
10	132	3.6	1	3 129
11	53	0.9	1	0 53
12	9	0.2	1	0 9
13	6	0.1	1	0 6
14	2	0.0	1	0 2
15	1	0.0	1	0 1


=== Second read: Adapter PrefixPE/2 ===

Sequence: GTGACTGGAGTTCAGACGTGTGCTCTTCCGATCT; Type: regular 3'; Length: 34; Trimmed: 89347 times

No. of allowed errors:
0-9 bp: 0; 10-19 bp: 1; 20-29 bp: 2; 30-34 bp: 3

Bases preceding removed adapters:
  A: 16.4%
  C: 30.2%
  G: 31.9%
  T: 21.5%
  none/other: 0.0%

Overview of removed sequences
length	count	expect	max.err	error counts
3	75492	59016.0	0	75492
4	11180	14754.0	0	11180
5	1905	3688.5	0	1905
6	423	922.1	0	423
7	165	230.5	0	165
8	14	57.6	0	14
9	72	14.4	0	2 70
10	64	3.6	1	2 62
11	27	0.9	1	1 26
12	3	0.2	1	0 3
13	2	0.1	1	0 2
