This is cutadapt 2.9 with Python 3.6.6
Command line parameters: --interleaved -a file:/nas02/apps/trimmomatic-0.36/Trimmomatic-0.36/adapters/TruSeq3-PE.fa -A file:/nas02/apps/trimmomatic-0.36/Trimmomatic-0.36/adapters/TruSeq3-PE.fa -m 30 /nas/longleaf/home/zpopkinh/Pvivax_resources/new_seqs_2021/fastq/MDP3991/MDP3991_1.fastq.gz /nas/longleaf/home/zpopkinh/Pvivax_resources/new_seqs_2021/fastq/MDP3991/MDP3991_2.fastq.gz
Processing reads on 1 core in paired-end mode ...
Finished in 672.30 s (148 us/read; 0.40 M reads/minute).

=== Summary ===

Total read pairs processed:          4,533,383
  Read 1 with adapter:                 140,873 (3.1%)
  Read 2 with adapter:                 178,106 (3.9%)
Pairs written (passing filters):     4,533,382 (100.0%)

Total basepairs processed: 1,360,014,900 bp
  Read 1:   680,007,450 bp
  Read 2:   680,007,450 bp
Total written (filtered):  1,358,962,382 bp (99.9%)
  Read 1:   679,536,029 bp
  Read 2:   679,426,353 bp

=== First read: Adapter PrefixPE/1 ===

Sequence: TACACTCTTTCCCTACACGACGCTCTTCCGATCT; Type: regular 3'; Length: 34; Trimmed: 75596 times

No. of allowed errors:
0-9 bp: 0; 10-19 bp: 1; 20-29 bp: 2; 30-34 bp: 3

Bases preceding removed adapters:
  A: 21.3%
  C: 19.3%
  G: 20.3%
  T: 39.1%
  none/other: 0.0%

Overview of removed sequences
length	count	expect	max.err	error counts
3	54469	70834.1	0	54469
4	15859	17708.5	0	15859
5	3776	4427.1	0	3776
6	739	1106.8	0	739
7	189	276.7	0	189
8	38	69.2	0	38
9	207	17.3	0	18 189
10	229	4.3	1	9 220
11	62	1.1	1	1 61
12	22	0.3	1	0 22
13	2	0.1	1	0 2
14	3	0.0	1	0 3
59	1	0.0	3	0 0 1


=== First read: Adapter PrefixPE/2 ===

Sequence: GTGACTGGAGTTCAGACGTGTGCTCTTCCGATCT; Type: regular 3'; Length: 34; Trimmed: 65277 times

No. of allowed errors:
0-9 bp: 0; 10-19 bp: 1; 20-29 bp: 2; 30-34 bp: 3

Bases preceding removed adapters:
  A: 23.7%
  C: 19.3%
  G: 27.6%
  T: 29.4%
  none/other: 0.0%

Overview of removed sequences
length	count	expect	max.err	error counts
3	50914	70834.1	0	50914
4	11744	17708.5	0	11744
5	1914	4427.1	0	1914
6	420	1106.8	0	420
7	115	276.7	0	115
8	9	69.2	0	9
9	76	17.3	0	3 73
10	51	4.3	1	1 50
11	27	1.1	1	1 26
12	6	0.3	1	0 6
13	1	0.1	1	0 1


=== Second read: Adapter PrefixPE/1 ===

Sequence: TACACTCTTTCCCTACACGACGCTCTTCCGATCT; Type: regular 3'; Length: 34; Trimmed: 60206 times

No. of allowed errors:
0-9 bp: 0; 10-19 bp: 1; 20-29 bp: 2; 30-34 bp: 3

Bases preceding removed adapters:
  A: 25.5%
  C: 23.6%
  G: 25.0%
  T: 25.8%
  none/other: 0.0%

Overview of removed sequences
length	count	expect	max.err	error counts
3	40308	70834.1	0	40308
4	14935	17708.5	0	14935
5	3501	4427.1	0	3501
6	717	1106.8	0	717
7	171	276.7	0	171
8	43	69.2	0	43
9	232	17.3	0	19 213
10	208	4.3	1	7 201
11	70	1.1	1	1 69
12	17	0.3	1	1 16
13	2	0.1	1	0 2
14	2	0.0	1	0 2


=== Second read: Adapter PrefixPE/2 ===

Sequence: GTGACTGGAGTTCAGACGTGTGCTCTTCCGATCT; Type: regular 3'; Length: 34; Trimmed: 117900 times

No. of allowed errors:
0-9 bp: 0; 10-19 bp: 1; 20-29 bp: 2; 30-34 bp: 3

Bases preceding removed adapters:
  A: 34.5%
  C: 23.4%
  G: 25.3%
  T: 16.8%
  none/other: 0.0%

Overview of removed sequences
length	count	expect	max.err	error counts
3	103954	70834.1	0	103954
4	11318	17708.5	0	11318
5	1950	4427.1	0	1950
6	394	1106.8	0	394
7	105	276.7	0	105
8	18	69.2	0	18
9	60	17.3	0	3 57
10	73	4.3	1	0 73
11	15	1.1	1	0 15
12	11	0.3	1	0 11
45	1	0.0	3	0 1
122	1	0.0	3	0 0 0 1
