This is cutadapt 2.9 with Python 3.6.6
Command line parameters: --interleaved -a file:/nas02/apps/trimmomatic-0.36/Trimmomatic-0.36/adapters/TruSeq3-PE.fa -A file:/nas02/apps/trimmomatic-0.36/Trimmomatic-0.36/adapters/TruSeq3-PE.fa -m 30 /nas/longleaf/home/zpopkinh/Pvivax_resources/wgs_pe_improved_global/fastq/SRS1885928/SRR5136538_1.fastq.gz /nas/longleaf/home/zpopkinh/Pvivax_resources/wgs_pe_improved_global/fastq/SRS1885928/SRR5136538_2.fastq.gz
Processing reads on 1 core in paired-end mode ...
Finished in 393.96 s (68 us/read; 0.89 M reads/minute).

=== Summary ===

Total read pairs processed:          5,828,483
  Read 1 with adapter:                 263,648 (4.5%)
  Read 2 with adapter:                 285,883 (4.9%)
Pairs written (passing filters):     5,828,483 (100.0%)

Total basepairs processed: 1,165,696,600 bp
  Read 1:   582,848,300 bp
  Read 2:   582,848,300 bp
Total written (filtered):  1,163,780,680 bp (99.8%)
  Read 1:   581,923,107 bp
  Read 2:   581,857,573 bp

=== First read: Adapter PrefixPE/1 ===

Sequence: TACACTCTTTCCCTACACGACGCTCTTCCGATCT; Type: regular 3'; Length: 34; Trimmed: 173065 times

No. of allowed errors:
0-9 bp: 0; 10-19 bp: 1; 20-29 bp: 2; 30-34 bp: 3

Bases preceding removed adapters:
  A: 52.9%
  C: 24.7%
  G: 11.9%
  T: 10.5%
  none/other: 0.0%

Overview of removed sequences
length	count	expect	max.err	error counts
3	100461	91070.0	0	100461
4	41366	22767.5	0	41366
5	29591	5691.9	0	29591
6	877	1423.0	0	877
7	220	355.7	0	220
8	54	88.9	0	54
9	204	22.2	0	4 200
10	178	5.6	1	2 176
11	84	1.4	1	0 84
12	25	0.3	1	1 24
13	5	0.1	1	0 5


=== First read: Adapter PrefixPE/2 ===

Sequence: GTGACTGGAGTTCAGACGTGTGCTCTTCCGATCT; Type: regular 3'; Length: 34; Trimmed: 90583 times

No. of allowed errors:
0-9 bp: 0; 10-19 bp: 1; 20-29 bp: 2; 30-34 bp: 3

Bases preceding removed adapters:
  A: 22.3%
  C: 19.7%
  G: 29.3%
  T: 28.7%
  none/other: 0.0%

Overview of removed sequences
length	count	expect	max.err	error counts
3	70755	91070.0	0	70755
4	15783	22767.5	0	15783
5	2821	5691.9	0	2821
6	678	1423.0	0	678
7	218	355.7	0	218
8	34	88.9	0	34
9	108	22.2	0	14 94
10	149	5.6	1	1 148
11	25	1.4	1	1 24
12	9	0.3	1	0 9
13	3	0.1	1	0 3


=== Second read: Adapter PrefixPE/1 ===

Sequence: TACACTCTTTCCCTACACGACGCTCTTCCGATCT; Type: regular 3'; Length: 34; Trimmed: 147536 times

No. of allowed errors:
0-9 bp: 0; 10-19 bp: 1; 20-29 bp: 2; 30-34 bp: 3

Bases preceding removed adapters:
  A: 61.7%
  C: 12.0%
  G: 14.1%
  T: 12.2%
  none/other: 0.0%

Overview of removed sequences
length	count	expect	max.err	error counts
3	75646	91070.0	0	75646
4	40933	22767.5	0	40933
5	29393	5691.9	0	29393
6	810	1423.0	0	810
7	193	355.7	0	193
8	61	88.9	0	61
9	213	22.2	0	8 205
10	187	5.6	1	3 184
11	74	1.4	1	0 74
12	21	0.3	1	0 21
13	4	0.1	1	0 4
14	1	0.0	1	0 1


=== Second read: Adapter PrefixPE/2 ===

Sequence: GTGACTGGAGTTCAGACGTGTGCTCTTCCGATCT; Type: regular 3'; Length: 34; Trimmed: 138347 times

No. of allowed errors:
0-9 bp: 0; 10-19 bp: 1; 20-29 bp: 2; 30-34 bp: 3

Bases preceding removed adapters:
  A: 32.6%
  C: 12.9%
  G: 36.0%
  T: 18.5%
  none/other: 0.0%

Overview of removed sequences
length	count	expect	max.err	error counts
3	118475	91070.0	0	118475
4	15954	22767.5	0	15954
5	2708	5691.9	0	2708
6	683	1423.0	0	683
7	194	355.7	0	194
8	20	88.9	0	20
9	110	22.2	0	9 101
10	163	5.6	1	0 163
11	27	1.4	1	0 27
12	10	0.3	1	0 10
13	2	0.1	1	0 2
14	1	0.0	1	0 1
