This is cutadapt 2.9 with Python 3.6.6
Command line parameters: --interleaved -a file:/nas02/apps/trimmomatic-0.36/Trimmomatic-0.36/adapters/TruSeq3-PE.fa -A file:/nas02/apps/trimmomatic-0.36/Trimmomatic-0.36/adapters/TruSeq3-PE.fa -m 30 /nas/longleaf/home/zpopkinh/Pvivax_resources/wgs_pe_improved_global/fastq/ERR5740778/ERR5740778_1.fastq.gz /nas/longleaf/home/zpopkinh/Pvivax_resources/wgs_pe_improved_global/fastq/ERR5740778/ERR5740778_2.fastq.gz
Processing reads on 1 core in paired-end mode ...
Finished in 500.80 s (149 us/read; 0.40 M reads/minute).

=== Summary ===

Total read pairs processed:          3,370,036
  Read 1 with adapter:                 123,556 (3.7%)
  Read 2 with adapter:                 121,937 (3.6%)
Pairs written (passing filters):     3,370,035 (100.0%)

Total basepairs processed: 1,017,750,872 bp
  Read 1:   508,875,436 bp
  Read 2:   508,875,436 bp
Total written (filtered):  1,016,914,871 bp (99.9%)
  Read 1:   508,455,207 bp
  Read 2:   508,459,664 bp

=== First read: Adapter PrefixPE/1 ===

Sequence: TACACTCTTTCCCTACACGACGCTCTTCCGATCT; Type: regular 3'; Length: 34; Trimmed: 61207 times

No. of allowed errors:
0-9 bp: 0; 10-19 bp: 1; 20-29 bp: 2; 30-34 bp: 3

Bases preceding removed adapters:
  A: 28.9%
  C: 21.0%
  G: 19.6%
  T: 30.4%
  none/other: 0.0%

Overview of removed sequences
length	count	expect	max.err	error counts
3	40301	52656.8	0	40301
4	16443	13164.2	0	16443
5	3013	3291.1	0	3013
6	722	822.8	0	722
7	145	205.7	0	145
8	37	51.4	0	37
9	172	12.9	0	16 156
10	245	3.2	1	5 240
11	97	0.8	1	0 97
12	20	0.2	1	0 20
13	7	0.1	1	0 7
14	2	0.0	1	0 2
59	1	0.0	3	0 0 0 1
103	1	0.0	3	0 0 1
151	1	0.0	3	0 0 0 1


=== First read: Adapter PrefixPE/2 ===

Sequence: GTGACTGGAGTTCAGACGTGTGCTCTTCCGATCT; Type: regular 3'; Length: 34; Trimmed: 62349 times

No. of allowed errors:
0-9 bp: 0; 10-19 bp: 1; 20-29 bp: 2; 30-34 bp: 3

Bases preceding removed adapters:
  A: 28.4%
  C: 11.7%
  G: 25.0%
  T: 34.9%
  none/other: 0.0%

Overview of removed sequences
length	count	expect	max.err	error counts
3	47350	52656.8	0	47350
4	12086	13164.2	0	12086
5	1949	3291.1	0	1949
6	538	822.8	0	538
7	140	205.7	0	140
8	32	51.4	0	32
9	96	12.9	0	12 84
10	111	3.2	1	3 108
11	36	0.8	1	2 34
12	8	0.2	1	0 8
13	2	0.1	1	0 2
14	1	0.0	1	0 1


=== Second read: Adapter PrefixPE/1 ===

Sequence: TACACTCTTTCCCTACACGACGCTCTTCCGATCT; Type: regular 3'; Length: 34; Trimmed: 60960 times

No. of allowed errors:
0-9 bp: 0; 10-19 bp: 1; 20-29 bp: 2; 30-34 bp: 3

Bases preceding removed adapters:
  A: 30.1%
  C: 21.6%
  G: 19.6%
  T: 28.8%
  none/other: 0.0%

Overview of removed sequences
length	count	expect	max.err	error counts
3	39737	52656.8	0	39737
4	16537	13164.2	0	16537
5	3156	3291.1	0	3156
6	775	822.8	0	775
7	173	205.7	0	173
8	43	51.4	0	43
9	216	12.9	0	22 194
10	219	3.2	1	9 210
11	80	0.8	1	1 79
12	17	0.2	1	0 17
13	2	0.1	1	0 2
14	2	0.0	1	0 2
15	1	0.0	1	0 1
84	1	0.0	3	0 0 0 1
119	1	0.0	3	1


=== Second read: Adapter PrefixPE/2 ===

Sequence: GTGACTGGAGTTCAGACGTGTGCTCTTCCGATCT; Type: regular 3'; Length: 34; Trimmed: 60977 times

No. of allowed errors:
0-9 bp: 0; 10-19 bp: 1; 20-29 bp: 2; 30-34 bp: 3

Bases preceding removed adapters:
  A: 27.5%
  C: 13.1%
  G: 25.3%
  T: 34.0%
  none/other: 0.0%

Overview of removed sequences
length	count	expect	max.err	error counts
3	46484	52656.8	0	46484
4	11597	13164.2	0	11597
5	1976	3291.1	0	1976
6	521	822.8	0	521
7	134	205.7	0	134
8	30	51.4	0	30
9	83	12.9	0	7 76
10	87	3.2	1	1 86
11	43	0.8	1	1 42
12	11	0.2	1	0 11
13	4	0.1	1	0 4
14	2	0.0	1	0 2
62	1	0.0	3	0 1
94	1	0.0	3	0 0 1
101	1	0.0	3	0 0 0 1
102	1	0.0	3	0 0 0 1
105	1	0.0	3	0 0 1
