This is cutadapt 2.9 with Python 3.6.6
Command line parameters: --interleaved -a file:/nas02/apps/trimmomatic-0.36/Trimmomatic-0.36/adapters/TruSeq3-PE.fa -A file:/nas02/apps/trimmomatic-0.36/Trimmomatic-0.36/adapters/TruSeq3-PE.fa -m 30 /nas/longleaf/home/zpopkinh/Pvivax_resources/wgs_pe_improved_global/fastq/ERS792636/ERR1138875_1.fastq.gz /nas/longleaf/home/zpopkinh/Pvivax_resources/wgs_pe_improved_global/fastq/ERS792636/ERR1138875_2.fastq.gz
Processing reads on 1 core in paired-end mode ...
Finished in 344.86 s (78 us/read; 0.77 M reads/minute).

=== Summary ===

Total read pairs processed:          4,418,686
  Read 1 with adapter:                 160,745 (3.6%)
  Read 2 with adapter:                 157,537 (3.6%)
Pairs written (passing filters):     4,418,685 (100.0%)

Total basepairs processed:   883,737,200 bp
  Read 1:   441,868,600 bp
  Read 2:   441,868,600 bp
Total written (filtered):    882,661,410 bp (99.9%)
  Read 1:   441,324,965 bp
  Read 2:   441,336,445 bp

=== First read: Adapter PrefixPE/1 ===

Sequence: TACACTCTTTCCCTACACGACGCTCTTCCGATCT; Type: regular 3'; Length: 34; Trimmed: 83790 times

No. of allowed errors:
0-9 bp: 0; 10-19 bp: 1; 20-29 bp: 2; 30-34 bp: 3

Bases preceding removed adapters:
  A: 28.2%
  C: 19.2%
  G: 23.5%
  T: 29.0%
  none/other: 0.0%

Overview of removed sequences
length	count	expect	max.err	error counts
3	55804	69042.0	0	55804
4	21406	17260.5	0	21406
5	4567	4315.1	0	4567
6	973	1078.8	0	973
7	217	269.7	0	217
8	40	67.4	0	40
9	235	16.9	0	18 217
10	409	4.2	1	5 404
11	104	1.1	1	0 104
12	28	0.3	1	1 27
13	3	0.1	1	0 3
14	3	0.0	1	0 3
100	1	0.0	3	0 0 0 1


=== First read: Adapter PrefixPE/2 ===

Sequence: GTGACTGGAGTTCAGACGTGTGCTCTTCCGATCT; Type: regular 3'; Length: 34; Trimmed: 76955 times

No. of allowed errors:
0-9 bp: 0; 10-19 bp: 1; 20-29 bp: 2; 30-34 bp: 3

Bases preceding removed adapters:
  A: 24.4%
  C: 17.6%
  G: 25.4%
  T: 32.7%
  none/other: 0.0%

Overview of removed sequences
length	count	expect	max.err	error counts
3	60381	69042.0	0	60381
4	13620	17260.5	0	13620
5	2061	4315.1	0	2061
6	540	1078.8	0	540
7	130	269.7	0	130
8	19	67.4	0	19
9	93	16.9	0	2 91
10	78	4.2	1	3 75
11	23	1.1	1	0 23
12	9	0.3	1	0 9
13	1	0.1	1	0 1


=== Second read: Adapter PrefixPE/1 ===

Sequence: TACACTCTTTCCCTACACGACGCTCTTCCGATCT; Type: regular 3'; Length: 34; Trimmed: 82570 times

No. of allowed errors:
0-9 bp: 0; 10-19 bp: 1; 20-29 bp: 2; 30-34 bp: 3

Bases preceding removed adapters:
  A: 28.5%
  C: 19.0%
  G: 23.4%
  T: 29.1%
  none/other: 0.0%

Overview of removed sequences
length	count	expect	max.err	error counts
3	55048	69042.0	0	55048
4	21234	17260.5	0	21234
5	4384	4315.1	0	4384
6	944	1078.8	0	944
7	221	269.7	0	221
8	40	67.4	0	40
9	224	16.9	0	13 211
10	340	4.2	1	7 333
11	103	1.1	1	0 103
12	26	0.3	1	1 25
13	4	0.1	1	0 4
14	2	0.0	1	0 2


=== Second read: Adapter PrefixPE/2 ===

Sequence: GTGACTGGAGTTCAGACGTGTGCTCTTCCGATCT; Type: regular 3'; Length: 34; Trimmed: 74967 times

No. of allowed errors:
0-9 bp: 0; 10-19 bp: 1; 20-29 bp: 2; 30-34 bp: 3

Bases preceding removed adapters:
  A: 24.5%
  C: 17.5%
  G: 25.1%
  T: 32.9%
  none/other: 0.0%

Overview of removed sequences
length	count	expect	max.err	error counts
3	58857	69042.0	0	58857
4	13181	17260.5	0	13181
5	2129	4315.1	0	2129
6	476	1078.8	0	476
7	123	269.7	0	123
8	28	67.4	0	28
9	75	16.9	0	6 69
10	64	4.2	1	0 64
11	24	1.1	1	0 24
12	7	0.3	1	0 7
13	3	0.1	1	0 3
