This is cutadapt 2.9 with Python 3.6.6
Command line parameters: --interleaved -a file:/nas02/apps/trimmomatic-0.36/Trimmomatic-0.36/adapters/TruSeq3-PE.fa -A file:/nas02/apps/trimmomatic-0.36/Trimmomatic-0.36/adapters/TruSeq3-PE.fa -m 30 /nas/longleaf/home/zpopkinh/Pvivax_resources/wgs_pe_improved_global/fastq/ERR3813229/ERR3813229_1.fastq.gz /nas/longleaf/home/zpopkinh/Pvivax_resources/wgs_pe_improved_global/fastq/ERR3813229/ERR3813229_2.fastq.gz
Processing reads on 1 core in paired-end mode ...
Finished in 3562.34 s (162 us/read; 0.37 M reads/minute).

=== Summary ===

Total read pairs processed:         21,974,520
  Read 1 with adapter:                 792,216 (3.6%)
  Read 2 with adapter:                 796,458 (3.6%)
Pairs written (passing filters):    21,974,519 (100.0%)

Total basepairs processed: 6,592,356,000 bp
  Read 1: 3,296,178,000 bp
  Read 2: 3,296,178,000 bp
Total written (filtered):  6,586,992,722 bp (99.9%)
  Read 1: 3,293,500,836 bp
  Read 2: 3,293,491,886 bp

=== First read: Adapter PrefixPE/1 ===

Sequence: TACACTCTTTCCCTACACGACGCTCTTCCGATCT; Type: regular 3'; Length: 34; Trimmed: 421490 times

No. of allowed errors:
0-9 bp: 0; 10-19 bp: 1; 20-29 bp: 2; 30-34 bp: 3

Bases preceding removed adapters:
  A: 29.6%
  C: 18.8%
  G: 21.3%
  T: 30.3%
  none/other: 0.0%

Overview of removed sequences
length	count	expect	max.err	error counts
3	281533	343351.9	0	281533
4	109400	85838.0	0	109400
5	21349	21459.5	0	21349
6	4814	5364.9	0	4814
7	872	1341.2	0	872
8	247	335.3	0	247
9	1278	83.8	0	85 1193
10	1399	21.0	1	23 1376
11	480	5.2	1	5 475
12	85	1.3	1	2 83
13	23	0.3	1	0 23
14	8	0.1	1	0 8
72	1	0.0	3	0 0 0 1
93	1	0.0	3	0 0 0 1


=== First read: Adapter PrefixPE/2 ===

Sequence: GTGACTGGAGTTCAGACGTGTGCTCTTCCGATCT; Type: regular 3'; Length: 34; Trimmed: 370726 times

No. of allowed errors:
0-9 bp: 0; 10-19 bp: 1; 20-29 bp: 2; 30-34 bp: 3

Bases preceding removed adapters:
  A: 24.6%
  C: 16.8%
  G: 26.1%
  T: 32.6%
  none/other: 0.0%

Overview of removed sequences
length	count	expect	max.err	error counts
3	288348	343351.9	0	288348
4	67248	85838.0	0	67248
5	10831	21459.5	0	10831
6	2526	5364.9	0	2526
7	655	1341.2	0	655
8	100	335.3	0	100
9	419	83.8	0	27 392
10	400	21.0	1	8 392
11	150	5.2	1	1 149
12	39	1.3	1	0 39
13	9	0.3	1	0 9
142	1	0.0	3	0 1


=== Second read: Adapter PrefixPE/1 ===

Sequence: TACACTCTTTCCCTACACGACGCTCTTCCGATCT; Type: regular 3'; Length: 34; Trimmed: 418120 times

No. of allowed errors:
0-9 bp: 0; 10-19 bp: 1; 20-29 bp: 2; 30-34 bp: 3

Bases preceding removed adapters:
  A: 29.9%
  C: 19.2%
  G: 21.0%
  T: 29.8%
  none/other: 0.0%

Overview of removed sequences
length	count	expect	max.err	error counts
3	280804	343351.9	0	280804
4	106691	85838.0	0	106691
5	21479	21459.5	0	21479
6	4821	5364.9	0	4821
7	920	1341.2	0	920
8	242	335.3	0	242
9	1173	83.8	0	71 1102
10	1341	21.0	1	33 1308
11	512	5.2	1	7 505
12	100	1.3	1	2 98
13	22	0.3	1	0 22
14	8	0.1	1	0 8
15	3	0.0	1	0 3
56	1	0.0	3	0 0 1
92	1	0.0	3	0 0 1
118	1	0.0	3	0 0 0 1
119	1	0.0	3	0 0 1


=== Second read: Adapter PrefixPE/2 ===

Sequence: GTGACTGGAGTTCAGACGTGTGCTCTTCCGATCT; Type: regular 3'; Length: 34; Trimmed: 378338 times

No. of allowed errors:
0-9 bp: 0; 10-19 bp: 1; 20-29 bp: 2; 30-34 bp: 3

Bases preceding removed adapters:
  A: 24.3%
  C: 18.4%
  G: 26.0%
  T: 31.3%
  none/other: 0.0%

Overview of removed sequences
length	count	expect	max.err	error counts
3	297426	343351.9	0	297426
4	65869	85838.0	0	65869
5	10870	21459.5	0	10870
6	2418	5364.9	0	2418
7	573	1341.2	0	573
8	142	335.3	0	142
9	445	83.8	0	25 420
10	373	21.0	1	6 367
11	156	5.2	1	1 155
12	48	1.3	1	0 48
13	9	0.3	1	0 9
14	2	0.1	1	0 2
52	1	0.0	3	0 1
54	1	0.0	3	0 1
73	1	0.0	3	0 1
75	1	0.0	3	0 0 1
90	1	0.0	3	0 0 1
92	1	0.0	3	0 1
97	1	0.0	3	0 0 1
