This is cutadapt 2.9 with Python 3.6.6
Command line parameters: --interleaved -a file:/nas02/apps/trimmomatic-0.36/Trimmomatic-0.36/adapters/TruSeq3-PE.fa -A file:/nas02/apps/trimmomatic-0.36/Trimmomatic-0.36/adapters/TruSeq3-PE.fa -m 30 /nas/longleaf/home/zpopkinh/Pvivax_resources/wgs_pe_improved_global/fastq/SRS1566602/SRR3926867_1.fastq.gz /nas/longleaf/home/zpopkinh/Pvivax_resources/wgs_pe_improved_global/fastq/SRS1566602/SRR3926867_2.fastq.gz
Processing reads on 1 core in paired-end mode ...
Finished in 2024.82 s (102 us/read; 0.59 M reads/minute).

=== Summary ===

Total read pairs processed:         19,914,354
  Read 1 with adapter:                 742,154 (3.7%)
  Read 2 with adapter:                 739,614 (3.7%)
Pairs written (passing filters):    19,914,352 (100.0%)

Total basepairs processed: 4,978,588,500 bp
  Read 1: 2,489,294,250 bp
  Read 2: 2,489,294,250 bp
Total written (filtered):  4,973,519,008 bp (99.9%)
  Read 1: 2,486,756,265 bp
  Read 2: 2,486,762,743 bp

=== First read: Adapter PrefixPE/1 ===

Sequence: TACACTCTTTCCCTACACGACGCTCTTCCGATCT; Type: regular 3'; Length: 34; Trimmed: 355500 times

No. of allowed errors:
0-9 bp: 0; 10-19 bp: 1; 20-29 bp: 2; 30-34 bp: 3

Bases preceding removed adapters:
  A: 30.6%
  C: 21.7%
  G: 16.4%
  T: 31.3%
  none/other: 0.0%

Overview of removed sequences
length	count	expect	max.err	error counts
3	231670	311161.8	0	231670
4	98457	77790.4	0	98457
5	15974	19447.6	0	15974
6	4514	4861.9	0	4514
7	928	1215.5	0	928
8	315	303.9	0	315
9	942	76.0	0	94 848
10	2054	19.0	1	47 2007
11	506	4.7	1	5 501
12	100	1.2	1	1 99
13	27	0.3	1	1 26
14	8	0.1	1	0 8
15	2	0.0	1	0 2
16	1	0.0	1	0 1
17	1	0.0	1	0 1
108	1	0.0	3	0 0 1


=== First read: Adapter PrefixPE/2 ===

Sequence: GTGACTGGAGTTCAGACGTGTGCTCTTCCGATCT; Type: regular 3'; Length: 34; Trimmed: 386654 times

No. of allowed errors:
0-9 bp: 0; 10-19 bp: 1; 20-29 bp: 2; 30-34 bp: 3

Bases preceding removed adapters:
  A: 30.9%
  C: 6.8%
  G: 24.3%
  T: 37.9%
  none/other: 0.0%

Overview of removed sequences
length	count	expect	max.err	error counts
3	286970	311161.8	0	286970
4	79220	77790.4	0	79220
5	13100	19447.6	0	13100
6	4096	4861.9	0	4096
7	1096	1215.5	0	1096
8	269	303.9	0	269
9	691	76.0	0	82 609
10	791	19.0	1	15 776
11	300	4.7	1	6 294
12	95	1.2	1	2 93
13	17	0.3	1	0 17
14	2	0.1	1	0 2
15	4	0.0	1	1 3
16	2	0.0	1	0 2
17	1	0.0	1	0 1


=== Second read: Adapter PrefixPE/1 ===

Sequence: TACACTCTTTCCCTACACGACGCTCTTCCGATCT; Type: regular 3'; Length: 34; Trimmed: 357989 times

No. of allowed errors:
0-9 bp: 0; 10-19 bp: 1; 20-29 bp: 2; 30-34 bp: 3

Bases preceding removed adapters:
  A: 30.5%
  C: 22.1%
  G: 16.3%
  T: 31.1%
  none/other: 0.0%

Overview of removed sequences
length	count	expect	max.err	error counts
3	233662	311161.8	0	233662
4	98277	77790.4	0	98277
5	16440	19447.6	0	16440
6	4533	4861.9	0	4533
7	915	1215.5	0	915
8	292	303.9	0	292
9	985	76.0	0	91 894
10	2129	19.0	1	83 2046
11	571	4.7	1	11 560
12	134	1.2	1	0 134
13	27	0.3	1	0 27
14	18	0.1	1	0 18
15	4	0.0	1	0 4
16	1	0.0	1	0 1
17	1	0.0	1	0 1


=== Second read: Adapter PrefixPE/2 ===

Sequence: GTGACTGGAGTTCAGACGTGTGCTCTTCCGATCT; Type: regular 3'; Length: 34; Trimmed: 381625 times

No. of allowed errors:
0-9 bp: 0; 10-19 bp: 1; 20-29 bp: 2; 30-34 bp: 3

Bases preceding removed adapters:
  A: 30.7%
  C: 7.3%
  G: 24.3%
  T: 37.8%
  none/other: 0.0%

Overview of removed sequences
length	count	expect	max.err	error counts
3	282438	311161.8	0	282438
4	78973	77790.4	0	78973
5	12883	19447.6	0	12883
6	4192	4861.9	0	4192
7	1085	1215.5	0	1085
8	257	303.9	0	257
9	650	76.0	0	61 589
10	756	19.0	1	21 735
11	271	4.7	1	5 266
12	89	1.2	1	1 88
13	22	0.3	1	0 22
14	5	0.1	1	0 5
15	3	0.0	1	0 3
125	1	0.0	3	0 0 0 1
