This is cutadapt 2.9 with Python 3.6.6
Command line parameters: --interleaved -a file:/nas02/apps/trimmomatic-0.36/Trimmomatic-0.36/adapters/TruSeq3-PE.fa -A file:/nas02/apps/trimmomatic-0.36/Trimmomatic-0.36/adapters/TruSeq3-PE.fa -m 30 /nas/longleaf/home/zpopkinh/Pvivax_resources/wgs_pe_improved_global/fastq/ERS792618/ERR1138864_1.fastq.gz /nas/longleaf/home/zpopkinh/Pvivax_resources/wgs_pe_improved_global/fastq/ERS792618/ERR1138864_2.fastq.gz
Processing reads on 1 core in paired-end mode ...
Finished in 428.23 s (62 us/read; 0.96 M reads/minute).

=== Summary ===

Total read pairs processed:          6,852,736
  Read 1 with adapter:                 250,433 (3.7%)
  Read 2 with adapter:                 247,142 (3.6%)
Pairs written (passing filters):     6,852,736 (100.0%)

Total basepairs processed: 1,370,547,200 bp
  Read 1:   685,273,600 bp
  Read 2:   685,273,600 bp
Total written (filtered):  1,368,865,917 bp (99.9%)
  Read 1:   684,427,972 bp
  Read 2:   684,437,945 bp

=== First read: Adapter PrefixPE/1 ===

Sequence: TACACTCTTTCCCTACACGACGCTCTTCCGATCT; Type: regular 3'; Length: 34; Trimmed: 130451 times

No. of allowed errors:
0-9 bp: 0; 10-19 bp: 1; 20-29 bp: 2; 30-34 bp: 3

Bases preceding removed adapters:
  A: 27.8%
  C: 19.5%
  G: 24.1%
  T: 28.6%
  none/other: 0.0%

Overview of removed sequences
length	count	expect	max.err	error counts
3	87052	107074.0	0	87052
4	33166	26768.5	0	33166
5	7214	6692.1	0	7214
6	1510	1673.0	0	1510
7	329	418.3	0	329
8	78	104.6	0	78
9	376	26.1	0	25 351
10	509	6.5	1	12 497
11	168	1.6	1	1 167
12	37	0.4	1	0 37
13	8	0.1	1	0 8
14	4	0.0	1	0 4


=== First read: Adapter PrefixPE/2 ===

Sequence: GTGACTGGAGTTCAGACGTGTGCTCTTCCGATCT; Type: regular 3'; Length: 34; Trimmed: 119982 times

No. of allowed errors:
0-9 bp: 0; 10-19 bp: 1; 20-29 bp: 2; 30-34 bp: 3

Bases preceding removed adapters:
  A: 24.2%
  C: 18.0%
  G: 25.6%
  T: 32.1%
  none/other: 0.0%

Overview of removed sequences
length	count	expect	max.err	error counts
3	94224	107074.0	0	94224
4	21127	26768.5	0	21127
5	3403	6692.1	0	3403
6	741	1673.0	0	741
7	182	418.3	0	182
8	28	104.6	0	28
9	140	26.1	0	12 128
10	94	6.5	1	2 92
11	33	1.6	1	0 33
12	7	0.4	1	0 7
13	3	0.1	1	0 3


=== Second read: Adapter PrefixPE/1 ===

Sequence: TACACTCTTTCCCTACACGACGCTCTTCCGATCT; Type: regular 3'; Length: 34; Trimmed: 128904 times

No. of allowed errors:
0-9 bp: 0; 10-19 bp: 1; 20-29 bp: 2; 30-34 bp: 3

Bases preceding removed adapters:
  A: 28.1%
  C: 19.3%
  G: 24.0%
  T: 28.6%
  none/other: 0.0%

Overview of removed sequences
length	count	expect	max.err	error counts
3	85612	107074.0	0	85612
4	33132	26768.5	0	33132
5	7050	6692.1	0	7050
6	1508	1673.0	0	1508
7	352	418.3	0	352
8	90	104.6	0	90
9	404	26.1	0	28 376
10	559	6.5	1	9 550
11	155	1.6	1	0 155
12	30	0.4	1	1 29
13	12	0.1	1	0 12


=== Second read: Adapter PrefixPE/2 ===

Sequence: GTGACTGGAGTTCAGACGTGTGCTCTTCCGATCT; Type: regular 3'; Length: 34; Trimmed: 118238 times

No. of allowed errors:
0-9 bp: 0; 10-19 bp: 1; 20-29 bp: 2; 30-34 bp: 3

Bases preceding removed adapters:
  A: 24.2%
  C: 18.2%
  G: 25.5%
  T: 32.2%
  none/other: 0.0%

Overview of removed sequences
length	count	expect	max.err	error counts
3	92797	107074.0	0	92797
4	20805	26768.5	0	20805
5	3349	6692.1	0	3349
6	790	1673.0	0	790
7	190	418.3	0	190
8	23	104.6	0	23
9	143	26.1	0	8 135
10	100	6.5	1	1 99
11	27	1.6	1	0 27
12	14	0.4	1	0 14
