This is cutadapt 2.9 with Python 3.6.6
Command line parameters: --interleaved -a file:/nas02/apps/trimmomatic-0.36/Trimmomatic-0.36/adapters/TruSeq3-PE.fa -A file:/nas02/apps/trimmomatic-0.36/Trimmomatic-0.36/adapters/TruSeq3-PE.fa -m 30 /nas/longleaf/home/zpopkinh/Pvivax_resources/wgs_pe_improved_global/fastq/SRS694253/SRR1568038_1.fastq.gz /nas/longleaf/home/zpopkinh/Pvivax_resources/wgs_pe_improved_global/fastq/SRS694253/SRR1568038_2.fastq.gz
Processing reads on 1 core in paired-end mode ...
Finished in 17.13 s (42 us/read; 1.42 M reads/minute).

=== Summary ===

Total read pairs processed:            404,597
  Read 1 with adapter:                  13,230 (3.3%)
  Read 2 with adapter:                  15,423 (3.8%)
Pairs written (passing filters):       404,596 (100.0%)

Total basepairs processed:    81,728,594 bp
  Read 1:    40,864,297 bp
  Read 2:    40,864,297 bp
Total written (filtered):     81,633,046 bp (99.9%)
  Read 1:    40,819,922 bp
  Read 2:    40,813,124 bp

=== First read: Adapter PrefixPE/1 ===

Sequence: TACACTCTTTCCCTACACGACGCTCTTCCGATCT; Type: regular 3'; Length: 34; Trimmed: 6031 times

No. of allowed errors:
0-9 bp: 0; 10-19 bp: 1; 20-29 bp: 2; 30-34 bp: 3

Bases preceding removed adapters:
  A: 24.1%
  C: 23.5%
  G: 27.3%
  T: 25.1%
  none/other: 0.0%

Overview of removed sequences
length	count	expect	max.err	error counts
3	4145	6321.8	0	4145
4	1417	1580.5	0	1417
5	349	395.1	0	349
6	74	98.8	0	74
7	8	24.7	0	8
8	1	6.2	0	1
9	13	1.5	0	2 11
10	15	0.4	1	0 15
11	7	0.1	1	0 7
12	2	0.0	1	0 2


=== First read: Adapter PrefixPE/2 ===

Sequence: GTGACTGGAGTTCAGACGTGTGCTCTTCCGATCT; Type: regular 3'; Length: 34; Trimmed: 7199 times

No. of allowed errors:
0-9 bp: 0; 10-19 bp: 1; 20-29 bp: 2; 30-34 bp: 3

Bases preceding removed adapters:
  A: 22.9%
  C: 18.3%
  G: 29.9%
  T: 28.8%
  none/other: 0.0%

Overview of removed sequences
length	count	expect	max.err	error counts
3	5689	6321.8	0	5689
4	1239	1580.5	0	1239
5	199	395.1	0	199
6	41	98.8	0	41
7	7	24.7	0	7
8	1	6.2	0	1
9	5	1.5	0	0 5
10	15	0.4	1	0 15
11	2	0.1	1	0 2
12	1	0.0	1	0 1


=== Second read: Adapter PrefixPE/1 ===

Sequence: TACACTCTTTCCCTACACGACGCTCTTCCGATCT; Type: regular 3'; Length: 34; Trimmed: 5934 times

No. of allowed errors:
0-9 bp: 0; 10-19 bp: 1; 20-29 bp: 2; 30-34 bp: 3

Bases preceding removed adapters:
  A: 24.3%
  C: 22.3%
  G: 28.9%
  T: 24.4%
  none/other: 0.0%

Overview of removed sequences
length	count	expect	max.err	error counts
3	4004	6321.8	0	4004
4	1457	1580.5	0	1457
5	341	395.1	0	341
6	69	98.8	0	69
7	21	24.7	0	21
8	2	6.2	0	2
9	13	1.5	0	1 12
10	18	0.4	1	0 18
11	6	0.1	1	0 6
12	2	0.0	1	0 2
13	1	0.0	1	0 1


=== Second read: Adapter PrefixPE/2 ===

Sequence: GTGACTGGAGTTCAGACGTGTGCTCTTCCGATCT; Type: regular 3'; Length: 34; Trimmed: 9489 times

No. of allowed errors:
0-9 bp: 0; 10-19 bp: 1; 20-29 bp: 2; 30-34 bp: 3

Bases preceding removed adapters:
  A: 22.5%
  C: 30.2%
  G: 23.8%
  T: 23.5%
  none/other: 0.0%

Overview of removed sequences
length	count	expect	max.err	error counts
3	7848	6321.8	0	7848
4	1354	1580.5	0	1354
5	209	395.1	0	209
6	45	98.8	0	45
7	11	24.7	0	11
8	2	6.2	0	2
9	11	1.5	0	0 11
10	6	0.4	1	0 6
11	1	0.1	1	0 1
12	1	0.0	1	0 1
86	1	0.0	3	0 0 1
