This is cutadapt 2.9 with Python 3.6.6
Command line parameters: --interleaved -a file:/nas02/apps/trimmomatic-0.36/Trimmomatic-0.36/adapters/TruSeq3-PE.fa -A file:/nas02/apps/trimmomatic-0.36/Trimmomatic-0.36/adapters/TruSeq3-PE.fa -m 30 /nas/longleaf/home/zpopkinh/Pvivax_resources/wgs_pe_improved_global/fastq/SRS694253/SRR1568208_1.fastq.gz /nas/longleaf/home/zpopkinh/Pvivax_resources/wgs_pe_improved_global/fastq/SRS694253/SRR1568208_2.fastq.gz
Processing reads on 1 core in paired-end mode ...
Finished in 1671.32 s (66 us/read; 0.91 M reads/minute).

=== Summary ===

Total read pairs processed:         25,232,498
  Read 1 with adapter:                 864,449 (3.4%)
  Read 2 with adapter:                 938,439 (3.7%)
Pairs written (passing filters):    25,232,486 (100.0%)

Total basepairs processed: 5,096,964,596 bp
  Read 1: 2,548,482,298 bp
  Read 2: 2,548,482,298 bp
Total written (filtered):  5,090,941,164 bp (99.9%)
  Read 1: 2,545,580,215 bp
  Read 2: 2,545,360,949 bp

=== First read: Adapter PrefixPE/1 ===

Sequence: TACACTCTTTCCCTACACGACGCTCTTCCGATCT; Type: regular 3'; Length: 34; Trimmed: 386342 times

No. of allowed errors:
0-9 bp: 0; 10-19 bp: 1; 20-29 bp: 2; 30-34 bp: 3

Bases preceding removed adapters:
  A: 23.3%
  C: 24.5%
  G: 27.6%
  T: 24.6%
  none/other: 0.0%

Overview of removed sequences
length	count	expect	max.err	error counts
3	264741	394257.8	0	264741
4	88718	98564.4	0	88718
5	24601	24641.1	0	24601
6	4385	6160.3	0	4385
7	1050	1540.1	0	1050
8	239	385.0	0	239
9	1068	96.3	0	91 977
10	1002	24.1	1	31 971
11	398	6.0	1	2 396
12	78	1.5	1	0 78
13	25	0.4	1	1 24
14	12	0.1	1	0 12
15	1	0.0	1	0 1
16	1	0.0	1	0 1
23	1	0.0	2	0 0 1
34	1	0.0	3	0 0 1
37	2	0.0	3	0 1 1
38	2	0.0	3	0 0 1 1
41	1	0.0	3	0 0 1
44	1	0.0	3	0 0 1
45	1	0.0	3	0 0 0 1
46	1	0.0	3	1
57	1	0.0	3	0 0 1
58	2	0.0	3	0 0 1 1
59	1	0.0	3	0 0 1
61	1	0.0	3	0 0 0 1
62	1	0.0	3	0 1
66	1	0.0	3	1
70	1	0.0	3	0 0 1
101	5	0.0	3	0 1 2 2


=== First read: Adapter PrefixPE/2 ===

Sequence: GTGACTGGAGTTCAGACGTGTGCTCTTCCGATCT; Type: regular 3'; Length: 34; Trimmed: 478107 times

No. of allowed errors:
0-9 bp: 0; 10-19 bp: 1; 20-29 bp: 2; 30-34 bp: 3

Bases preceding removed adapters:
  A: 22.4%
  C: 20.0%
  G: 28.8%
  T: 28.9%
  none/other: 0.0%

Overview of removed sequences
length	count	expect	max.err	error counts
3	375907	394257.8	0	375907
4	83030	98564.4	0	83030
5	13900	24641.1	0	13900
6	3071	6160.3	0	3071
7	774	1540.1	0	774
8	146	385.0	0	146
9	574	96.3	0	21 553
10	490	24.1	1	12 478
11	159	6.0	1	2 157
12	41	1.5	1	0 41
13	15	0.4	1	0 15


=== Second read: Adapter PrefixPE/1 ===

Sequence: TACACTCTTTCCCTACACGACGCTCTTCCGATCT; Type: regular 3'; Length: 34; Trimmed: 381247 times

No. of allowed errors:
0-9 bp: 0; 10-19 bp: 1; 20-29 bp: 2; 30-34 bp: 3

Bases preceding removed adapters:
  A: 23.5%
  C: 24.5%
  G: 27.6%
  T: 24.4%
  none/other: 0.0%

Overview of removed sequences
length	count	expect	max.err	error counts
3	261628	394257.8	0	261628
4	87687	98564.4	0	87687
5	23971	24641.1	0	23971
6	4254	6160.3	0	4254
7	1040	1540.1	0	1040
8	228	385.0	0	228
9	943	96.3	0	80 863
10	973	24.1	1	33 940
11	416	6.0	1	2 414
12	84	1.5	1	0 84
13	19	0.4	1	0 19
14	2	0.1	1	0 2
15	1	0.0	1	0 1
38	1	0.0	3	0 0 0 1


=== Second read: Adapter PrefixPE/2 ===

Sequence: GTGACTGGAGTTCAGACGTGTGCTCTTCCGATCT; Type: regular 3'; Length: 34; Trimmed: 557192 times

No. of allowed errors:
0-9 bp: 0; 10-19 bp: 1; 20-29 bp: 2; 30-34 bp: 3

Bases preceding removed adapters:
  A: 21.9%
  C: 28.3%
  G: 25.2%
  T: 24.7%
  none/other: 0.0%

Overview of removed sequences
length	count	expect	max.err	error counts
3	453488	394257.8	0	453488
4	84588	98564.4	0	84588
5	13850	24641.1	0	13850
6	3052	6160.3	0	3052
7	791	1540.1	0	791
8	115	385.0	0	115
9	555	96.3	0	29 526
10	504	24.1	1	11 493
11	176	6.0	1	2 174
12	44	1.5	1	1 43
13	12	0.4	1	0 12
18	2	0.0	1	1 1
20	1	0.0	2	0 1
28	1	0.0	2	0 0 1
36	1	0.0	3	0 0 0 1
46	1	0.0	3	0 0 0 1
51	1	0.0	3	0 0 1
58	2	0.0	3	0 1 1
70	1	0.0	3	0 0 1
73	1	0.0	3	0 0 1
93	3	0.0	3	0 0 1 2
94	1	0.0	3	0 0 0 1
96	1	0.0	3	0 1
101	1	0.0	3	0 0 1
