This is cutadapt 2.9 with Python 3.6.6
Command line parameters: --interleaved -a file:/nas02/apps/trimmomatic-0.36/Trimmomatic-0.36/adapters/TruSeq3-PE.fa -A file:/nas02/apps/trimmomatic-0.36/Trimmomatic-0.36/adapters/TruSeq3-PE.fa -m 30 /nas/longleaf/home/zpopkinh/Pvivax_resources/wgs_pe_improved_global/fastq/ERR5740759/ERR5740759_1.fastq.gz /nas/longleaf/home/zpopkinh/Pvivax_resources/wgs_pe_improved_global/fastq/ERR5740759/ERR5740759_2.fastq.gz
Processing reads on 1 core in paired-end mode ...
Finished in 400.38 s (126 us/read; 0.48 M reads/minute).

=== Summary ===

Total read pairs processed:          3,189,768
  Read 1 with adapter:                 115,903 (3.6%)
  Read 2 with adapter:                 112,688 (3.5%)
Pairs written (passing filters):     3,189,765 (100.0%)

Total basepairs processed:   963,309,936 bp
  Read 1:   481,654,968 bp
  Read 2:   481,654,968 bp
Total written (filtered):    962,536,743 bp (99.9%)
  Read 1:   481,262,632 bp
  Read 2:   481,274,111 bp

=== First read: Adapter PrefixPE/1 ===

Sequence: TACACTCTTTCCCTACACGACGCTCTTCCGATCT; Type: regular 3'; Length: 34; Trimmed: 53010 times

No. of allowed errors:
0-9 bp: 0; 10-19 bp: 1; 20-29 bp: 2; 30-34 bp: 3

Bases preceding removed adapters:
  A: 26.8%
  C: 23.4%
  G: 21.7%
  T: 28.1%
  none/other: 0.0%

Overview of removed sequences
length	count	expect	max.err	error counts
3	35774	49840.1	0	35774
4	13155	12460.0	0	13155
5	2826	3115.0	0	2826
6	627	778.8	0	627
7	118	194.7	0	118
8	36	48.7	0	36
9	142	12.2	0	10 132
10	235	3.0	1	12 223
11	75	0.8	1	2 73
12	16	0.2	1	0 16
13	4	0.0	1	0 4
14	1	0.0	1	0 1
115	1	0.0	3	0 0 1


=== First read: Adapter PrefixPE/2 ===

Sequence: GTGACTGGAGTTCAGACGTGTGCTCTTCCGATCT; Type: regular 3'; Length: 34; Trimmed: 62893 times

No. of allowed errors:
0-9 bp: 0; 10-19 bp: 1; 20-29 bp: 2; 30-34 bp: 3

Bases preceding removed adapters:
  A: 26.3%
  C: 13.2%
  G: 27.4%
  T: 33.0%
  none/other: 0.0%

Overview of removed sequences
length	count	expect	max.err	error counts
3	48263	49840.1	0	48263
4	11739	12460.0	0	11739
5	1958	3115.0	0	1958
6	547	778.8	0	547
7	155	194.7	0	155
8	25	48.7	0	25
9	93	12.2	0	11 82
10	80	3.0	1	3 77
11	26	0.8	1	0 26
12	7	0.2	1	0 7


=== Second read: Adapter PrefixPE/1 ===

Sequence: TACACTCTTTCCCTACACGACGCTCTTCCGATCT; Type: regular 3'; Length: 34; Trimmed: 51417 times

No. of allowed errors:
0-9 bp: 0; 10-19 bp: 1; 20-29 bp: 2; 30-34 bp: 3

Bases preceding removed adapters:
  A: 27.1%
  C: 24.6%
  G: 21.7%
  T: 26.6%
  none/other: 0.0%

Overview of removed sequences
length	count	expect	max.err	error counts
3	34891	49840.1	0	34891
4	12416	12460.0	0	12416
5	2885	3115.0	0	2885
6	562	778.8	0	562
7	140	194.7	0	140
8	47	48.7	0	47
9	156	12.2	0	10 146
10	216	3.0	1	7 209
11	81	0.8	1	0 81
12	15	0.2	1	0 15
13	6	0.0	1	0 6
14	1	0.0	1	0 1
126	1	0.0	3	0 1


=== Second read: Adapter PrefixPE/2 ===

Sequence: GTGACTGGAGTTCAGACGTGTGCTCTTCCGATCT; Type: regular 3'; Length: 34; Trimmed: 61271 times

No. of allowed errors:
0-9 bp: 0; 10-19 bp: 1; 20-29 bp: 2; 30-34 bp: 3

Bases preceding removed adapters:
  A: 25.1%
  C: 15.6%
  G: 27.0%
  T: 32.3%
  none/other: 0.0%

Overview of removed sequences
length	count	expect	max.err	error counts
3	47850	49840.1	0	47850
4	10528	12460.0	0	10528
5	1997	3115.0	0	1997
6	493	778.8	0	493
7	139	194.7	0	139
8	40	48.7	0	40
9	102	12.2	0	7 95
10	83	3.0	1	2 81
11	22	0.8	1	0 22
12	7	0.2	1	0 7
13	5	0.0	1	0 5
15	2	0.0	1	0 2
120	1	0.0	3	0 1
143	2	0.0	3	0 0 0 2
