This is cutadapt 2.9 with Python 3.6.6
Command line parameters: --interleaved -a file:/nas02/apps/trimmomatic-0.36/Trimmomatic-0.36/adapters/TruSeq3-PE.fa -A file:/nas02/apps/trimmomatic-0.36/Trimmomatic-0.36/adapters/TruSeq3-PE.fa -m 30 /nas/longleaf/home/zpopkinh/Pvivax_resources/wgs_pe_improved_global/fastq/ERS666242/ERR925437_1.fastq.gz /nas/longleaf/home/zpopkinh/Pvivax_resources/wgs_pe_improved_global/fastq/ERS666242/ERR925437_2.fastq.gz
Processing reads on 1 core in paired-end mode ...
Finished in 359.51 s (93 us/read; 0.64 M reads/minute).

=== Summary ===

Total read pairs processed:          3,858,446
  Read 1 with adapter:                 141,192 (3.7%)
  Read 2 with adapter:                 139,231 (3.6%)
Pairs written (passing filters):     3,858,446 (100.0%)

Total basepairs processed:   771,689,200 bp
  Read 1:   385,844,600 bp
  Read 2:   385,844,600 bp
Total written (filtered):    770,739,655 bp (99.9%)
  Read 1:   385,366,189 bp
  Read 2:   385,373,466 bp

=== First read: Adapter PrefixPE/1 ===

Sequence: TACACTCTTTCCCTACACGACGCTCTTCCGATCT; Type: regular 3'; Length: 34; Trimmed: 74664 times

No. of allowed errors:
0-9 bp: 0; 10-19 bp: 1; 20-29 bp: 2; 30-34 bp: 3

Bases preceding removed adapters:
  A: 28.7%
  C: 18.7%
  G: 24.0%
  T: 28.7%
  none/other: 0.0%

Overview of removed sequences
length	count	expect	max.err	error counts
3	49450	60288.2	0	49450
4	19512	15072.1	0	19512
5	3951	3768.0	0	3951
6	804	942.0	0	804
7	215	235.5	0	215
8	44	58.9	0	44
9	197	14.7	0	15 182
10	369	3.7	1	6 363
11	99	0.9	1	2 97
12	16	0.2	1	0 16
13	5	0.1	1	0 5
14	1	0.0	1	0 1
15	1	0.0	1	0 1


=== First read: Adapter PrefixPE/2 ===

Sequence: GTGACTGGAGTTCAGACGTGTGCTCTTCCGATCT; Type: regular 3'; Length: 34; Trimmed: 66528 times

No. of allowed errors:
0-9 bp: 0; 10-19 bp: 1; 20-29 bp: 2; 30-34 bp: 3

Bases preceding removed adapters:
  A: 24.5%
  C: 17.7%
  G: 24.8%
  T: 33.0%
  none/other: 0.0%

Overview of removed sequences
length	count	expect	max.err	error counts
3	51706	60288.2	0	51706
4	12188	15072.1	0	12188
5	1843	3768.0	0	1843
6	461	942.0	0	461
7	107	235.5	0	107
8	12	58.9	0	12
9	98	14.7	0	6 92
10	88	3.7	1	0 88
11	19	0.9	1	0 19
12	6	0.2	1	0 6


=== Second read: Adapter PrefixPE/1 ===

Sequence: TACACTCTTTCCCTACACGACGCTCTTCCGATCT; Type: regular 3'; Length: 34; Trimmed: 74031 times

No. of allowed errors:
0-9 bp: 0; 10-19 bp: 1; 20-29 bp: 2; 30-34 bp: 3

Bases preceding removed adapters:
  A: 28.9%
  C: 18.7%
  G: 23.8%
  T: 28.6%
  none/other: 0.0%

Overview of removed sequences
length	count	expect	max.err	error counts
3	49169	60288.2	0	49169
4	19151	15072.1	0	19151
5	3907	3768.0	0	3907
6	869	942.0	0	869
7	166	235.5	0	166
8	42	58.9	0	42
9	227	14.7	0	25 202
10	390	3.7	1	7 383
11	88	0.9	1	1 87
12	20	0.2	1	1 19
13	2	0.1	1	0 2


=== Second read: Adapter PrefixPE/2 ===

Sequence: GTGACTGGAGTTCAGACGTGTGCTCTTCCGATCT; Type: regular 3'; Length: 34; Trimmed: 65200 times

No. of allowed errors:
0-9 bp: 0; 10-19 bp: 1; 20-29 bp: 2; 30-34 bp: 3

Bases preceding removed adapters:
  A: 24.6%
  C: 17.5%
  G: 24.9%
  T: 32.9%
  none/other: 0.0%

Overview of removed sequences
length	count	expect	max.err	error counts
3	50942	60288.2	0	50942
4	11938	15072.1	0	11938
5	1627	3768.0	0	1627
6	421	942.0	0	421
7	98	235.5	0	98
8	12	58.9	0	12
9	70	14.7	0	2 68
10	69	3.7	1	3 66
11	18	0.9	1	0 18
12	5	0.2	1	0 5
