This is cutadapt 2.9 with Python 3.6.6
Command line parameters: --interleaved -a file:/nas02/apps/trimmomatic-0.36/Trimmomatic-0.36/adapters/TruSeq3-PE.fa -A file:/nas02/apps/trimmomatic-0.36/Trimmomatic-0.36/adapters/TruSeq3-PE.fa -m 30 /nas/longleaf/home/zpopkinh/Pvivax_resources/wgs_pe_improved_global/fastq/ERS792631/ERR1138871_1.fastq.gz /nas/longleaf/home/zpopkinh/Pvivax_resources/wgs_pe_improved_global/fastq/ERS792631/ERR1138871_2.fastq.gz
Processing reads on 1 core in paired-end mode ...
Finished in 1273.07 s (89 us/read; 0.67 M reads/minute).

=== Summary ===

Total read pairs processed:         14,287,495
  Read 1 with adapter:                 519,244 (3.6%)
  Read 2 with adapter:                 510,604 (3.6%)
Pairs written (passing filters):    14,287,495 (100.0%)

Total basepairs processed: 2,857,499,000 bp
  Read 1: 1,428,749,500 bp
  Read 2: 1,428,749,500 bp
Total written (filtered):  2,854,022,765 bp (99.9%)
  Read 1: 1,426,996,805 bp
  Read 2: 1,427,025,960 bp

=== First read: Adapter PrefixPE/1 ===

Sequence: TACACTCTTTCCCTACACGACGCTCTTCCGATCT; Type: regular 3'; Length: 34; Trimmed: 276956 times

No. of allowed errors:
0-9 bp: 0; 10-19 bp: 1; 20-29 bp: 2; 30-34 bp: 3

Bases preceding removed adapters:
  A: 29.0%
  C: 18.7%
  G: 22.9%
  T: 29.5%
  none/other: 0.0%

Overview of removed sequences
length	count	expect	max.err	error counts
3	184749	223242.1	0	184749
4	71077	55810.5	0	71077
5	14978	13952.6	0	14978
6	3236	3488.2	0	3236
7	621	872.0	0	621
8	134	218.0	0	134
9	845	54.5	0	64 781
10	919	13.6	1	24 895
11	305	3.4	1	3 302
12	65	0.9	1	0 65
13	18	0.2	1	0 18
14	7	0.1	1	1 6
15	2	0.0	1	0 2


=== First read: Adapter PrefixPE/2 ===

Sequence: GTGACTGGAGTTCAGACGTGTGCTCTTCCGATCT; Type: regular 3'; Length: 34; Trimmed: 242288 times

No. of allowed errors:
0-9 bp: 0; 10-19 bp: 1; 20-29 bp: 2; 30-34 bp: 3

Bases preceding removed adapters:
  A: 23.8%
  C: 18.3%
  G: 25.5%
  T: 32.4%
  none/other: 0.0%

Overview of removed sequences
length	count	expect	max.err	error counts
3	190132	223242.1	0	190132
4	43027	55810.5	0	43027
5	6678	13952.6	0	6678
6	1518	3488.2	0	1518
7	322	872.0	0	322
8	56	218.0	0	56
9	258	54.5	0	8 250
10	201	13.6	1	5 196
11	71	3.4	1	1 70
12	19	0.9	1	0 19
13	6	0.2	1	0 6


=== Second read: Adapter PrefixPE/1 ===

Sequence: TACACTCTTTCCCTACACGACGCTCTTCCGATCT; Type: regular 3'; Length: 34; Trimmed: 274899 times

No. of allowed errors:
0-9 bp: 0; 10-19 bp: 1; 20-29 bp: 2; 30-34 bp: 3

Bases preceding removed adapters:
  A: 28.9%
  C: 18.6%
  G: 22.7%
  T: 29.8%
  none/other: 0.0%

Overview of removed sequences
length	count	expect	max.err	error counts
3	183210	223242.1	0	183210
4	70902	55810.5	0	70902
5	14741	13952.6	0	14741
6	3179	3488.2	0	3179
7	576	872.0	0	576
8	159	218.0	0	159
9	819	54.5	0	57 762
10	892	13.6	1	20 872
11	324	3.4	1	1 323
12	67	0.9	1	0 67
13	19	0.2	1	0 19
14	10	0.1	1	0 10
15	1	0.0	1	0 1


=== Second read: Adapter PrefixPE/2 ===

Sequence: GTGACTGGAGTTCAGACGTGTGCTCTTCCGATCT; Type: regular 3'; Length: 34; Trimmed: 235705 times

No. of allowed errors:
0-9 bp: 0; 10-19 bp: 1; 20-29 bp: 2; 30-34 bp: 3

Bases preceding removed adapters:
  A: 23.8%
  C: 18.4%
  G: 25.7%
  T: 32.2%
  none/other: 0.0%

Overview of removed sequences
length	count	expect	max.err	error counts
3	185452	223242.1	0	185452
4	41356	55810.5	0	41356
5	6480	13952.6	0	6480
6	1482	3488.2	0	1482
7	348	872.0	0	348
8	60	218.0	0	60
9	217	54.5	0	10 207
10	219	13.6	1	2 217
11	69	3.4	1	1 68
12	18	0.9	1	0 18
13	4	0.2	1	0 4
