This is cutadapt 2.9 with Python 3.6.6
Command line parameters: --interleaved -a file:/nas02/apps/trimmomatic-0.36/Trimmomatic-0.36/adapters/TruSeq3-PE.fa -A file:/nas02/apps/trimmomatic-0.36/Trimmomatic-0.36/adapters/TruSeq3-PE.fa -m 30 /nas/longleaf/home/zpopkinh/Pvivax_resources/wgs_pe_improved_global/fastq/ERS055878/ERR111710_1.fastq.gz /nas/longleaf/home/zpopkinh/Pvivax_resources/wgs_pe_improved_global/fastq/ERS055878/ERR111710_2.fastq.gz
Processing reads on 1 core in paired-end mode ...
Finished in 890.15 s (111 us/read; 0.54 M reads/minute).

=== Summary ===

Total read pairs processed:          8,049,392
  Read 1 with adapter:                 302,144 (3.8%)
  Read 2 with adapter:                 298,158 (3.7%)
Pairs written (passing filters):     8,049,388 (100.0%)

Total basepairs processed: 1,609,878,400 bp
  Read 1:   804,939,200 bp
  Read 2:   804,939,200 bp
Total written (filtered):  1,607,854,593 bp (99.9%)
  Read 1:   803,920,586 bp
  Read 2:   803,934,007 bp

=== First read: Adapter PrefixPE/1 ===

Sequence: TACACTCTTTCCCTACACGACGCTCTTCCGATCT; Type: regular 3'; Length: 34; Trimmed: 154393 times

No. of allowed errors:
0-9 bp: 0; 10-19 bp: 1; 20-29 bp: 2; 30-34 bp: 3

Bases preceding removed adapters:
  A: 27.6%
  C: 20.0%
  G: 23.8%
  T: 28.7%
  none/other: 0.0%

Overview of removed sequences
length	count	expect	max.err	error counts
3	104001	125771.8	0	104001
4	38341	31442.9	0	38341
5	8656	7860.7	0	8656
6	1736	1965.2	0	1736
7	405	491.3	0	405
8	88	122.8	0	88
9	457	30.7	0	48 409
10	471	7.7	1	12 459
11	189	1.9	1	3 186
12	33	0.5	1	2 31
13	8	0.1	1	0 8
14	3	0.0	1	0 3
15	1	0.0	1	0 1
100	4	0.0	3	0 0 0 4


=== First read: Adapter PrefixPE/2 ===

Sequence: GTGACTGGAGTTCAGACGTGTGCTCTTCCGATCT; Type: regular 3'; Length: 34; Trimmed: 147751 times

No. of allowed errors:
0-9 bp: 0; 10-19 bp: 1; 20-29 bp: 2; 30-34 bp: 3

Bases preceding removed adapters:
  A: 23.5%
  C: 18.7%
  G: 26.6%
  T: 31.1%
  none/other: 0.0%

Overview of removed sequences
length	count	expect	max.err	error counts
3	115779	125771.8	0	115779
4	26140	31442.9	0	26140
5	4309	7860.7	0	4309
6	910	1965.2	0	910
7	249	491.3	0	249
8	25	122.8	0	25
9	156	30.7	0	8 148
10	124	7.7	1	1 123
11	46	1.9	1	0 46
12	11	0.5	1	0 11
13	2	0.1	1	0 2


=== Second read: Adapter PrefixPE/1 ===

Sequence: TACACTCTTTCCCTACACGACGCTCTTCCGATCT; Type: regular 3'; Length: 34; Trimmed: 152750 times

No. of allowed errors:
0-9 bp: 0; 10-19 bp: 1; 20-29 bp: 2; 30-34 bp: 3

Bases preceding removed adapters:
  A: 27.6%
  C: 19.9%
  G: 23.7%
  T: 28.8%
  none/other: 0.0%

Overview of removed sequences
length	count	expect	max.err	error counts
3	102757	125771.8	0	102757
4	37990	31442.9	0	37990
5	8651	7860.7	0	8651
6	1754	1965.2	0	1754
7	379	491.3	0	379
8	93	122.8	0	93
9	471	30.7	0	34 437
10	437	7.7	1	12 425
11	152	1.9	1	1 151
12	47	0.5	1	1 46
13	15	0.1	1	0 15
14	4	0.0	1	0 4


=== Second read: Adapter PrefixPE/2 ===

Sequence: GTGACTGGAGTTCAGACGTGTGCTCTTCCGATCT; Type: regular 3'; Length: 34; Trimmed: 145408 times

No. of allowed errors:
0-9 bp: 0; 10-19 bp: 1; 20-29 bp: 2; 30-34 bp: 3

Bases preceding removed adapters:
  A: 23.6%
  C: 18.7%
  G: 26.5%
  T: 31.2%
  none/other: 0.0%

Overview of removed sequences
length	count	expect	max.err	error counts
3	113883	125771.8	0	113883
4	26073	31442.9	0	26073
5	3963	7860.7	0	3963
6	870	1965.2	0	870
7	242	491.3	0	242
8	32	122.8	0	32
9	152	30.7	0	11 141
10	139	7.7	1	4 135
11	44	1.9	1	0 44
12	8	0.5	1	0 8
13	2	0.1	1	0 2
