This is cutadapt 2.9 with Python 3.6.6
Command line parameters: --interleaved -a file:/nas02/apps/trimmomatic-0.36/Trimmomatic-0.36/adapters/TruSeq3-PE.fa -A file:/nas02/apps/trimmomatic-0.36/Trimmomatic-0.36/adapters/TruSeq3-PE.fa -m 30 /nas/longleaf/home/zpopkinh/Pvivax_resources/wgs_pe_improved_global/fastq/ERS164689/ERR484723_1.fastq.gz /nas/longleaf/home/zpopkinh/Pvivax_resources/wgs_pe_improved_global/fastq/ERS164689/ERR484723_2.fastq.gz
Processing reads on 1 core in paired-end mode ...
Finished in 9.40 s (50 us/read; 1.20 M reads/minute).

=== Summary ===

Total read pairs processed:            187,306
  Read 1 with adapter:                   7,089 (3.8%)
  Read 2 with adapter:                   7,058 (3.8%)
Pairs written (passing filters):       187,306 (100.0%)

Total basepairs processed:    37,461,200 bp
  Read 1:    18,730,600 bp
  Read 2:    18,730,600 bp
Total written (filtered):     37,412,756 bp (99.9%)
  Read 1:    18,706,331 bp
  Read 2:    18,706,425 bp

=== First read: Adapter PrefixPE/1 ===

Sequence: TACACTCTTTCCCTACACGACGCTCTTCCGATCT; Type: regular 3'; Length: 34; Trimmed: 4001 times

No. of allowed errors:
0-9 bp: 0; 10-19 bp: 1; 20-29 bp: 2; 30-34 bp: 3

Bases preceding removed adapters:
  A: 29.0%
  C: 15.4%
  G: 29.5%
  T: 26.1%
  none/other: 0.0%

Overview of removed sequences
length	count	expect	max.err	error counts
3	2601	2926.7	0	2601
4	1066	731.7	0	1066
5	201	182.9	0	201
6	55	45.7	0	55
7	8	11.4	0	8
8	3	2.9	0	3
9	13	0.7	0	2 11
10	44	0.2	1	0 44
11	10	0.0	1	1 9


=== First read: Adapter PrefixPE/2 ===

Sequence: GTGACTGGAGTTCAGACGTGTGCTCTTCCGATCT; Type: regular 3'; Length: 34; Trimmed: 3088 times

No. of allowed errors:
0-9 bp: 0; 10-19 bp: 1; 20-29 bp: 2; 30-34 bp: 3

Bases preceding removed adapters:
  A: 26.9%
  C: 12.2%
  G: 24.3%
  T: 36.7%
  none/other: 0.0%

Overview of removed sequences
length	count	expect	max.err	error counts
3	2421	2926.7	0	2421
4	553	731.7	0	553
5	78	182.9	0	78
6	24	45.7	0	24
7	3	11.4	0	3
8	1	2.9	0	1
10	7	0.2	1	0 7
12	1	0.0	1	0 1


=== Second read: Adapter PrefixPE/1 ===

Sequence: TACACTCTTTCCCTACACGACGCTCTTCCGATCT; Type: regular 3'; Length: 34; Trimmed: 4040 times

No. of allowed errors:
0-9 bp: 0; 10-19 bp: 1; 20-29 bp: 2; 30-34 bp: 3

Bases preceding removed adapters:
  A: 30.1%
  C: 15.2%
  G: 28.2%
  T: 26.4%
  none/other: 0.0%

Overview of removed sequences
length	count	expect	max.err	error counts
3	2592	2926.7	0	2592
4	1149	731.7	0	1149
5	179	182.9	0	179
6	54	45.7	0	54
7	13	11.4	0	13
8	2	2.9	0	2
9	9	0.7	0	3 6
10	36	0.2	1	0 36
11	4	0.0	1	0 4
12	2	0.0	1	0 2


=== Second read: Adapter PrefixPE/2 ===

Sequence: GTGACTGGAGTTCAGACGTGTGCTCTTCCGATCT; Type: regular 3'; Length: 34; Trimmed: 3018 times

No. of allowed errors:
0-9 bp: 0; 10-19 bp: 1; 20-29 bp: 2; 30-34 bp: 3

Bases preceding removed adapters:
  A: 29.2%
  C: 13.6%
  G: 20.7%
  T: 36.5%
  none/other: 0.0%

Overview of removed sequences
length	count	expect	max.err	error counts
3	2326	2926.7	0	2326
4	573	731.7	0	573
5	80	182.9	0	80
6	19	45.7	0	19
7	1	11.4	0	1
8	2	2.9	0	2
9	10	0.7	0	2 8
10	6	0.2	1	0 6
11	1	0.0	1	0 1
