This is cutadapt 2.9 with Python 3.6.6
Command line parameters: --interleaved -a file:/nas02/apps/trimmomatic-0.36/Trimmomatic-0.36/adapters/TruSeq3-PE.fa -A file:/nas02/apps/trimmomatic-0.36/Trimmomatic-0.36/adapters/TruSeq3-PE.fa -m 30 /nas/longleaf/home/zpopkinh/Pvivax_resources/wgs_pe_improved_global/fastq/ERS164689/ERR484732_1.fastq.gz /nas/longleaf/home/zpopkinh/Pvivax_resources/wgs_pe_improved_global/fastq/ERS164689/ERR484732_2.fastq.gz
Processing reads on 1 core in paired-end mode ...
Finished in 8.75 s (47 us/read; 1.27 M reads/minute).

=== Summary ===

Total read pairs processed:            185,529
  Read 1 with adapter:                   7,067 (3.8%)
  Read 2 with adapter:                   7,120 (3.8%)
Pairs written (passing filters):       185,529 (100.0%)

Total basepairs processed:    37,105,800 bp
  Read 1:    18,552,900 bp
  Read 2:    18,552,900 bp
Total written (filtered):     37,057,343 bp (99.9%)
  Read 1:    18,528,776 bp
  Read 2:    18,528,567 bp

=== First read: Adapter PrefixPE/1 ===

Sequence: TACACTCTTTCCCTACACGACGCTCTTCCGATCT; Type: regular 3'; Length: 34; Trimmed: 3927 times

No. of allowed errors:
0-9 bp: 0; 10-19 bp: 1; 20-29 bp: 2; 30-34 bp: 3

Bases preceding removed adapters:
  A: 30.4%
  C: 15.8%
  G: 26.2%
  T: 27.6%
  none/other: 0.0%

Overview of removed sequences
length	count	expect	max.err	error counts
3	2472	2898.9	0	2472
4	1139	724.7	0	1139
5	205	181.2	0	205
6	43	45.3	0	43
7	16	11.3	0	16
9	12	0.7	0	0 12
10	33	0.2	1	0 33
11	6	0.0	1	0 6
13	1	0.0	1	0 1


=== First read: Adapter PrefixPE/2 ===

Sequence: GTGACTGGAGTTCAGACGTGTGCTCTTCCGATCT; Type: regular 3'; Length: 34; Trimmed: 3140 times

No. of allowed errors:
0-9 bp: 0; 10-19 bp: 1; 20-29 bp: 2; 30-34 bp: 3

Bases preceding removed adapters:
  A: 26.5%
  C: 13.6%
  G: 22.4%
  T: 37.6%
  none/other: 0.0%

Overview of removed sequences
length	count	expect	max.err	error counts
3	2516	2898.9	0	2516
4	509	724.7	0	509
5	81	181.2	0	81
6	21	45.3	0	21
7	3	11.3	0	3
9	2	0.7	0	0 2
10	4	0.2	1	0 4
11	3	0.0	1	0 3
13	1	0.0	1	0 1


=== Second read: Adapter PrefixPE/1 ===

Sequence: TACACTCTTTCCCTACACGACGCTCTTCCGATCT; Type: regular 3'; Length: 34; Trimmed: 4032 times

No. of allowed errors:
0-9 bp: 0; 10-19 bp: 1; 20-29 bp: 2; 30-34 bp: 3

Bases preceding removed adapters:
  A: 30.7%
  C: 16.7%
  G: 27.8%
  T: 24.8%
  none/other: 0.0%

Overview of removed sequences
length	count	expect	max.err	error counts
3	2590	2898.9	0	2590
4	1132	724.7	0	1132
5	199	181.2	0	199
6	50	45.3	0	50
7	13	11.3	0	13
8	3	2.8	0	3
9	13	0.7	0	1 12
10	27	0.2	1	0 27
11	2	0.0	1	0 2
13	3	0.0	1	0 3


=== Second read: Adapter PrefixPE/2 ===

Sequence: GTGACTGGAGTTCAGACGTGTGCTCTTCCGATCT; Type: regular 3'; Length: 34; Trimmed: 3088 times

No. of allowed errors:
0-9 bp: 0; 10-19 bp: 1; 20-29 bp: 2; 30-34 bp: 3

Bases preceding removed adapters:
  A: 28.6%
  C: 13.9%
  G: 21.6%
  T: 35.9%
  none/other: 0.0%

Overview of removed sequences
length	count	expect	max.err	error counts
3	2370	2898.9	0	2370
4	604	724.7	0	604
5	78	181.2	0	78
6	22	45.3	0	22
7	1	11.3	0	1
8	1	2.8	0	1
9	7	0.7	0	0 7
10	4	0.2	1	0 4
11	1	0.0	1	0 1
