This is cutadapt 2.9 with Python 3.6.6
Command line parameters: --interleaved -a file:/nas02/apps/trimmomatic-0.36/Trimmomatic-0.36/adapters/TruSeq3-PE.fa -A file:/nas02/apps/trimmomatic-0.36/Trimmomatic-0.36/adapters/TruSeq3-PE.fa -m 30 /nas/longleaf/home/zpopkinh/Pvivax_resources/wgs_pe_improved_global/fastq/SRS1566641/SRR3926982_1.fastq.gz /nas/longleaf/home/zpopkinh/Pvivax_resources/wgs_pe_improved_global/fastq/SRS1566641/SRR3926982_2.fastq.gz
Processing reads on 1 core in paired-end mode ...
Finished in 1964.19 s (96 us/read; 0.63 M reads/minute).

=== Summary ===

Total read pairs processed:         20,550,156
  Read 1 with adapter:                 775,403 (3.8%)
  Read 2 with adapter:                 774,015 (3.8%)
Pairs written (passing filters):    20,550,155 (100.0%)

Total basepairs processed: 5,137,539,000 bp
  Read 1: 2,568,769,500 bp
  Read 2: 2,568,769,500 bp
Total written (filtered):  5,132,235,855 bp (99.9%)
  Read 1: 2,566,115,350 bp
  Read 2: 2,566,120,505 bp

=== First read: Adapter PrefixPE/1 ===

Sequence: TACACTCTTTCCCTACACGACGCTCTTCCGATCT; Type: regular 3'; Length: 34; Trimmed: 371679 times

No. of allowed errors:
0-9 bp: 0; 10-19 bp: 1; 20-29 bp: 2; 30-34 bp: 3

Bases preceding removed adapters:
  A: 30.6%
  C: 21.9%
  G: 16.8%
  T: 30.6%
  none/other: 0.0%

Overview of removed sequences
length	count	expect	max.err	error counts
3	241936	321096.2	0	241936
4	102960	80274.0	0	102960
5	16937	20068.5	0	16937
6	4610	5017.1	0	4610
7	978	1254.3	0	978
8	308	313.6	0	308
9	945	78.4	0	122 823
10	2211	19.6	1	59 2152
11	638	4.9	1	7 631
12	118	1.2	1	0 118
13	27	0.3	1	0 27
14	8	0.1	1	0 8
15	2	0.0	1	0 2
56	1	0.0	3	0 0 0 1


=== First read: Adapter PrefixPE/2 ===

Sequence: GTGACTGGAGTTCAGACGTGTGCTCTTCCGATCT; Type: regular 3'; Length: 34; Trimmed: 403724 times

No. of allowed errors:
0-9 bp: 0; 10-19 bp: 1; 20-29 bp: 2; 30-34 bp: 3

Bases preceding removed adapters:
  A: 30.6%
  C: 7.0%
  G: 24.6%
  T: 37.8%
  none/other: 0.0%

Overview of removed sequences
length	count	expect	max.err	error counts
3	298509	321096.2	0	298509
4	83507	80274.0	0	83507
5	13922	20068.5	0	13922
6	4392	5017.1	0	4392
7	1191	1254.3	0	1191
8	309	313.6	0	309
9	707	78.4	0	68 639
10	782	19.6	1	26 756
11	286	4.9	1	3 283
12	82	1.2	1	1 81
13	25	0.3	1	0 25
14	6	0.1	1	0 6
15	4	0.0	1	0 4
16	1	0.0	1	0 1
97	1	0.0	3	0 0 1


=== Second read: Adapter PrefixPE/1 ===

Sequence: TACACTCTTTCCCTACACGACGCTCTTCCGATCT; Type: regular 3'; Length: 34; Trimmed: 374119 times

No. of allowed errors:
0-9 bp: 0; 10-19 bp: 1; 20-29 bp: 2; 30-34 bp: 3

Bases preceding removed adapters:
  A: 30.4%
  C: 21.9%
  G: 16.7%
  T: 31.0%
  none/other: 0.0%

Overview of removed sequences
length	count	expect	max.err	error counts
3	244309	321096.2	0	244309
4	102887	80274.0	0	102887
5	16955	20068.5	0	16955
6	4692	5017.1	0	4692
7	946	1254.3	0	946
8	342	313.6	0	342
9	1008	78.4	0	78 930
10	2233	19.6	1	57 2176
11	575	4.9	1	2 573
12	124	1.2	1	2 122
13	28	0.3	1	0 28
14	15	0.1	1	1 14
15	3	0.0	1	1 2
16	2	0.0	1	0 2


=== Second read: Adapter PrefixPE/2 ===

Sequence: GTGACTGGAGTTCAGACGTGTGCTCTTCCGATCT; Type: regular 3'; Length: 34; Trimmed: 399896 times

No. of allowed errors:
0-9 bp: 0; 10-19 bp: 1; 20-29 bp: 2; 30-34 bp: 3

Bases preceding removed adapters:
  A: 30.4%
  C: 7.5%
  G: 24.5%
  T: 37.6%
  none/other: 0.0%

Overview of removed sequences
length	count	expect	max.err	error counts
3	295530	321096.2	0	295530
4	82878	80274.0	0	82878
5	13793	20068.5	0	13793
6	4405	5017.1	0	4405
7	1157	1254.3	0	1157
8	258	313.6	0	258
9	692	78.4	0	71 621
10	796	19.6	1	21 775
11	283	4.9	1	5 278
12	79	1.2	1	1 78
13	19	0.3	1	0 19
14	4	0.1	1	0 4
15	1	0.0	1	0 1
17	1	0.0	1	0 1
