This is cutadapt 2.9 with Python 3.6.6
Command line parameters: --interleaved -a file:/nas02/apps/trimmomatic-0.36/Trimmomatic-0.36/adapters/TruSeq3-PE.fa -A file:/nas02/apps/trimmomatic-0.36/Trimmomatic-0.36/adapters/TruSeq3-PE.fa -m 30 /nas/longleaf/home/zpopkinh/Pvivax_resources/wgs_pe_improved_global/fastq/ERS666267/ERR925443_1.fastq.gz /nas/longleaf/home/zpopkinh/Pvivax_resources/wgs_pe_improved_global/fastq/ERS666267/ERR925443_2.fastq.gz
Processing reads on 1 core in paired-end mode ...
Finished in 577.18 s (74 us/read; 0.81 M reads/minute).

=== Summary ===

Total read pairs processed:          7,785,429
  Read 1 with adapter:                 283,845 (3.6%)
  Read 2 with adapter:                 280,458 (3.6%)
Pairs written (passing filters):     7,785,429 (100.0%)

Total basepairs processed: 1,557,085,800 bp
  Read 1:   778,542,900 bp
  Read 2:   778,542,900 bp
Total written (filtered):  1,555,177,404 bp (99.9%)
  Read 1:   777,582,675 bp
  Read 2:   777,594,729 bp

=== First read: Adapter PrefixPE/1 ===

Sequence: TACACTCTTTCCCTACACGACGCTCTTCCGATCT; Type: regular 3'; Length: 34; Trimmed: 151805 times

No. of allowed errors:
0-9 bp: 0; 10-19 bp: 1; 20-29 bp: 2; 30-34 bp: 3

Bases preceding removed adapters:
  A: 28.8%
  C: 18.5%
  G: 23.4%
  T: 29.3%
  none/other: 0.0%

Overview of removed sequences
length	count	expect	max.err	error counts
3	100609	121647.3	0	100609
4	39528	30411.8	0	39528
5	8255	7603.0	0	8255
6	1758	1900.7	0	1758
7	364	475.2	0	364
8	86	118.8	0	86
9	471	29.7	0	27 444
10	549	7.4	1	12 537
11	136	1.9	1	0 136
12	34	0.5	1	0 34
13	12	0.1	1	0 12
14	1	0.0	1	0 1
15	2	0.0	1	0 2


=== First read: Adapter PrefixPE/2 ===

Sequence: GTGACTGGAGTTCAGACGTGTGCTCTTCCGATCT; Type: regular 3'; Length: 34; Trimmed: 132040 times

No. of allowed errors:
0-9 bp: 0; 10-19 bp: 1; 20-29 bp: 2; 30-34 bp: 3

Bases preceding removed adapters:
  A: 24.4%
  C: 17.9%
  G: 25.5%
  T: 32.2%
  none/other: 0.0%

Overview of removed sequences
length	count	expect	max.err	error counts
3	102734	121647.3	0	102734
4	24219	30411.8	0	24219
5	3679	7603.0	0	3679
6	864	1900.7	0	864
7	200	475.2	0	200
8	22	118.8	0	22
9	141	29.7	0	9 132
10	115	7.4	1	1 114
11	53	1.9	1	0 53
12	10	0.5	1	0 10
13	3	0.1	1	0 3


=== Second read: Adapter PrefixPE/1 ===

Sequence: TACACTCTTTCCCTACACGACGCTCTTCCGATCT; Type: regular 3'; Length: 34; Trimmed: 150237 times

No. of allowed errors:
0-9 bp: 0; 10-19 bp: 1; 20-29 bp: 2; 30-34 bp: 3

Bases preceding removed adapters:
  A: 28.7%
  C: 18.6%
  G: 23.4%
  T: 29.3%
  none/other: 0.0%

Overview of removed sequences
length	count	expect	max.err	error counts
3	99844	121647.3	0	99844
4	38947	30411.8	0	38947
5	8063	7603.0	0	8063
6	1701	1900.7	0	1701
7	373	475.2	0	373
8	82	118.8	0	82
9	446	29.7	0	30 416
10	556	7.4	1	15 541
11	181	1.9	1	1 180
12	33	0.5	1	0 33
13	11	0.1	1	0 11


=== Second read: Adapter PrefixPE/2 ===

Sequence: GTGACTGGAGTTCAGACGTGTGCTCTTCCGATCT; Type: regular 3'; Length: 34; Trimmed: 130221 times

No. of allowed errors:
0-9 bp: 0; 10-19 bp: 1; 20-29 bp: 2; 30-34 bp: 3

Bases preceding removed adapters:
  A: 24.1%
  C: 18.0%
  G: 25.2%
  T: 32.6%
  none/other: 0.0%

Overview of removed sequences
length	count	expect	max.err	error counts
3	101736	121647.3	0	101736
4	23438	30411.8	0	23438
5	3685	7603.0	0	3685
6	833	1900.7	0	833
7	199	475.2	0	199
8	24	118.8	0	24
9	129	29.7	0	14 115
10	131	7.4	1	6 125
11	32	1.9	1	0 32
12	14	0.5	1	0 14
