This is cutadapt 2.9 with Python 3.6.6
Command line parameters: --interleaved -a file:/nas02/apps/trimmomatic-0.36/Trimmomatic-0.36/adapters/TruSeq3-PE.fa -A file:/nas02/apps/trimmomatic-0.36/Trimmomatic-0.36/adapters/TruSeq3-PE.fa -m 30 /nas/longleaf/home/zpopkinh/Pvivax_resources/wgs_pe_improved_global/fastq/ERS2593868/ERR2679009_1.fastq.gz /nas/longleaf/home/zpopkinh/Pvivax_resources/wgs_pe_improved_global/fastq/ERS2593868/ERR2679009_2.fastq.gz
Processing reads on 1 core in paired-end mode ...
Finished in 507.05 s (95 us/read; 0.63 M reads/minute).

=== Summary ===

Total read pairs processed:          5,363,363
  Read 1 with adapter:                 182,535 (3.4%)
  Read 2 with adapter:                 179,506 (3.3%)
Pairs written (passing filters):     5,363,363 (100.0%)

Total basepairs processed: 1,619,735,626 bp
  Read 1:   809,867,813 bp
  Read 2:   809,867,813 bp
Total written (filtered):  1,618,522,960 bp (99.9%)
  Read 1:   809,256,042 bp
  Read 2:   809,266,918 bp

=== First read: Adapter PrefixPE/1 ===

Sequence: TACACTCTTTCCCTACACGACGCTCTTCCGATCT; Type: regular 3'; Length: 34; Trimmed: 83777 times

No. of allowed errors:
0-9 bp: 0; 10-19 bp: 1; 20-29 bp: 2; 30-34 bp: 3

Bases preceding removed adapters:
  A: 27.7%
  C: 21.0%
  G: 23.9%
  T: 27.4%
  none/other: 0.0%

Overview of removed sequences
length	count	expect	max.err	error counts
3	57161	83802.5	0	57161
4	20564	20950.6	0	20564
5	4419	5237.7	0	4419
6	811	1309.4	0	811
7	163	327.4	0	163
8	28	81.8	0	28
9	234	20.5	0	20 214
10	297	5.1	1	8 289
11	72	1.3	1	1 71
12	15	0.3	1	0 15
13	8	0.1	1	0 8
14	4	0.0	1	0 4
93	1	0.0	3	0 0 1


=== First read: Adapter PrefixPE/2 ===

Sequence: GTGACTGGAGTTCAGACGTGTGCTCTTCCGATCT; Type: regular 3'; Length: 34; Trimmed: 98758 times

No. of allowed errors:
0-9 bp: 0; 10-19 bp: 1; 20-29 bp: 2; 30-34 bp: 3

Bases preceding removed adapters:
  A: 19.5%
  C: 24.8%
  G: 30.8%
  T: 24.9%
  none/other: 0.0%

Overview of removed sequences
length	count	expect	max.err	error counts
3	77839	83802.5	0	77839
4	16698	20950.6	0	16698
5	3281	5237.7	0	3281
6	533	1309.4	0	533
7	152	327.4	0	152
8	28	81.8	0	28
9	111	20.5	0	10 101
10	80	5.1	1	0 80
11	27	1.3	1	0 27
12	8	0.3	1	0 8
13	1	0.1	1	0 1


=== Second read: Adapter PrefixPE/1 ===

Sequence: TACACTCTTTCCCTACACGACGCTCTTCCGATCT; Type: regular 3'; Length: 34; Trimmed: 80862 times

No. of allowed errors:
0-9 bp: 0; 10-19 bp: 1; 20-29 bp: 2; 30-34 bp: 3

Bases preceding removed adapters:
  A: 27.7%
  C: 21.5%
  G: 24.1%
  T: 26.7%
  none/other: 0.0%

Overview of removed sequences
length	count	expect	max.err	error counts
3	54598	83802.5	0	54598
4	20192	20950.6	0	20192
5	4435	5237.7	0	4435
6	835	1309.4	0	835
7	158	327.4	0	158
8	41	81.8	0	41
9	244	20.5	0	25 219
10	262	5.1	1	4 258
11	84	1.3	1	1 83
12	10	0.3	1	0 10
13	3	0.1	1	0 3


=== Second read: Adapter PrefixPE/2 ===

Sequence: GTGACTGGAGTTCAGACGTGTGCTCTTCCGATCT; Type: regular 3'; Length: 34; Trimmed: 98644 times

No. of allowed errors:
0-9 bp: 0; 10-19 bp: 1; 20-29 bp: 2; 30-34 bp: 3

Bases preceding removed adapters:
  A: 18.7%
  C: 25.2%
  G: 31.4%
  T: 24.8%
  none/other: 0.0%

Overview of removed sequences
length	count	expect	max.err	error counts
3	78924	83802.5	0	78924
4	15648	20950.6	0	15648
5	3142	5237.7	0	3142
6	486	1309.4	0	486
7	156	327.4	0	156
8	29	81.8	0	29
9	142	20.5	0	5 137
10	79	5.1	1	2 77
11	26	1.3	1	0 26
12	9	0.3	1	0 9
13	3	0.1	1	0 3
