This is cutadapt 2.9 with Python 3.6.6
Command line parameters: --interleaved -a file:/nas02/apps/trimmomatic-0.36/Trimmomatic-0.36/adapters/TruSeq3-PE.fa -A file:/nas02/apps/trimmomatic-0.36/Trimmomatic-0.36/adapters/TruSeq3-PE.fa -m 30 /nas/longleaf/home/zpopkinh/Pvivax_resources/wgs_pe_improved_global/fastq/SRS693905/SRR1564566_1.fastq.gz /nas/longleaf/home/zpopkinh/Pvivax_resources/wgs_pe_improved_global/fastq/SRS693905/SRR1564566_2.fastq.gz
Processing reads on 1 core in paired-end mode ...
Finished in 1.82 s (49 us/read; 1.22 M reads/minute).

=== Summary ===

Total read pairs processed:             36,808
  Read 1 with adapter:                     989 (2.7%)
  Read 2 with adapter:                   1,110 (3.0%)
Pairs written (passing filters):        36,808 (100.0%)

Total basepairs processed:     7,435,216 bp
  Read 1:     3,717,608 bp
  Read 2:     3,717,608 bp
Total written (filtered):      7,428,105 bp (99.9%)
  Read 1:     3,714,209 bp
  Read 2:     3,713,896 bp

=== First read: Adapter PrefixPE/1 ===

Sequence: TACACTCTTTCCCTACACGACGCTCTTCCGATCT; Type: regular 3'; Length: 34; Trimmed: 444 times

No. of allowed errors:
0-9 bp: 0; 10-19 bp: 1; 20-29 bp: 2; 30-34 bp: 3

Bases preceding removed adapters:
  A: 29.5%
  C: 24.8%
  G: 14.6%
  T: 31.1%
  none/other: 0.0%

Overview of removed sequences
length	count	expect	max.err	error counts
3	273	575.1	0	273
4	136	143.8	0	136
5	26	35.9	0	26
6	4	9.0	0	4
10	3	0.0	1	1 2
11	2	0.0	1	0 2


=== First read: Adapter PrefixPE/2 ===

Sequence: GTGACTGGAGTTCAGACGTGTGCTCTTCCGATCT; Type: regular 3'; Length: 34; Trimmed: 545 times

No. of allowed errors:
0-9 bp: 0; 10-19 bp: 1; 20-29 bp: 2; 30-34 bp: 3

Bases preceding removed adapters:
  A: 31.9%
  C: 17.4%
  G: 22.6%
  T: 28.1%
  none/other: 0.0%

Overview of removed sequences
length	count	expect	max.err	error counts
3	402	575.1	0	402
4	102	143.8	0	102
5	35	35.9	0	35
6	3	9.0	0	3
7	2	2.2	0	2
9	1	0.1	0	0 1


=== Second read: Adapter PrefixPE/1 ===

Sequence: TACACTCTTTCCCTACACGACGCTCTTCCGATCT; Type: regular 3'; Length: 34; Trimmed: 501 times

No. of allowed errors:
0-9 bp: 0; 10-19 bp: 1; 20-29 bp: 2; 30-34 bp: 3

Bases preceding removed adapters:
  A: 34.1%
  C: 25.3%
  G: 14.2%
  T: 26.3%
  none/other: 0.0%

Overview of removed sequences
length	count	expect	max.err	error counts
3	325	575.1	0	325
4	148	143.8	0	148
5	20	35.9	0	20
6	4	9.0	0	4
7	2	2.2	0	2
8	1	0.6	0	1
9	1	0.1	0	0 1


=== Second read: Adapter PrefixPE/2 ===

Sequence: GTGACTGGAGTTCAGACGTGTGCTCTTCCGATCT; Type: regular 3'; Length: 34; Trimmed: 609 times

No. of allowed errors:
0-9 bp: 0; 10-19 bp: 1; 20-29 bp: 2; 30-34 bp: 3

Bases preceding removed adapters:
  A: 24.5%
  C: 34.3%
  G: 18.7%
  T: 22.5%
  none/other: 0.0%

Overview of removed sequences
length	count	expect	max.err	error counts
3	479	575.1	0	479
4	101	143.8	0	101
5	26	35.9	0	26
6	2	9.0	0	2
7	1	2.2	0	1
