This is cutadapt 2.9 with Python 3.6.6
Command line parameters: --interleaved -a file:/nas02/apps/trimmomatic-0.36/Trimmomatic-0.36/adapters/TruSeq3-PE.fa -A file:/nas02/apps/trimmomatic-0.36/Trimmomatic-0.36/adapters/TruSeq3-PE.fa -m 30 /nas/longleaf/home/zpopkinh/Pvivax_resources/wgs_pe_improved_global/fastq/SRS693273/SRR1565003_1.fastq.gz /nas/longleaf/home/zpopkinh/Pvivax_resources/wgs_pe_improved_global/fastq/SRS693273/SRR1565003_2.fastq.gz
Processing reads on 1 core in paired-end mode ...
Finished in 0.82 s (52 us/read; 1.16 M reads/minute).

=== Summary ===

Total read pairs processed:             16,014
  Read 1 with adapter:                     485 (3.0%)
  Read 2 with adapter:                     564 (3.5%)
Pairs written (passing filters):        16,014 (100.0%)

Total basepairs processed:     3,234,828 bp
  Read 1:     1,617,414 bp
  Read 2:     1,617,414 bp
Total written (filtered):      3,231,267 bp (99.9%)
  Read 1:     1,615,747 bp
  Read 2:     1,615,520 bp

=== First read: Adapter PrefixPE/1 ===

Sequence: TACACTCTTTCCCTACACGACGCTCTTCCGATCT; Type: regular 3'; Length: 34; Trimmed: 246 times

No. of allowed errors:
0-9 bp: 0; 10-19 bp: 1; 20-29 bp: 2; 30-34 bp: 3

Bases preceding removed adapters:
  A: 29.3%
  C: 22.0%
  G: 17.1%
  T: 31.7%
  none/other: 0.0%

Overview of removed sequences
length	count	expect	max.err	error counts
3	170	250.2	0	170
4	53	62.6	0	53
5	11	15.6	0	11
6	2	3.9	0	2
7	3	1.0	0	3
9	2	0.1	0	0 2
10	3	0.0	1	0 3
11	2	0.0	1	0 2


=== First read: Adapter PrefixPE/2 ===

Sequence: GTGACTGGAGTTCAGACGTGTGCTCTTCCGATCT; Type: regular 3'; Length: 34; Trimmed: 239 times

No. of allowed errors:
0-9 bp: 0; 10-19 bp: 1; 20-29 bp: 2; 30-34 bp: 3

Bases preceding removed adapters:
  A: 26.4%
  C: 10.9%
  G: 22.2%
  T: 40.6%
  none/other: 0.0%

Overview of removed sequences
length	count	expect	max.err	error counts
3	178	250.2	0	178
4	52	62.6	0	52
5	9	15.6	0	9


=== Second read: Adapter PrefixPE/1 ===

Sequence: TACACTCTTTCCCTACACGACGCTCTTCCGATCT; Type: regular 3'; Length: 34; Trimmed: 245 times

No. of allowed errors:
0-9 bp: 0; 10-19 bp: 1; 20-29 bp: 2; 30-34 bp: 3

Bases preceding removed adapters:
  A: 28.2%
  C: 25.7%
  G: 21.2%
  T: 24.9%
  none/other: 0.0%

Overview of removed sequences
length	count	expect	max.err	error counts
3	169	250.2	0	169
4	54	62.6	0	54
5	17	15.6	0	17
6	1	3.9	0	1
10	1	0.0	1	0 1
11	3	0.0	1	0 3


=== Second read: Adapter PrefixPE/2 ===

Sequence: GTGACTGGAGTTCAGACGTGTGCTCTTCCGATCT; Type: regular 3'; Length: 34; Trimmed: 319 times

No. of allowed errors:
0-9 bp: 0; 10-19 bp: 1; 20-29 bp: 2; 30-34 bp: 3

Bases preceding removed adapters:
  A: 27.3%
  C: 25.4%
  G: 19.1%
  T: 28.2%
  none/other: 0.0%

Overview of removed sequences
length	count	expect	max.err	error counts
3	254	250.2	0	254
4	54	62.6	0	54
5	7	15.6	0	7
6	4	3.9	0	4
