This is cutadapt 2.9 with Python 3.6.6
Command line parameters: --interleaved -a file:/nas02/apps/trimmomatic-0.36/Trimmomatic-0.36/adapters/TruSeq3-PE.fa -A file:/nas02/apps/trimmomatic-0.36/Trimmomatic-0.36/adapters/TruSeq3-PE.fa -m 30 /nas/longleaf/home/zpopkinh/Pvivax_resources/wgs_pe_improved_global/fastq/ERS403525/ERR527363_1.fastq.gz /nas/longleaf/home/zpopkinh/Pvivax_resources/wgs_pe_improved_global/fastq/ERS403525/ERR527363_2.fastq.gz
Processing reads on 1 core in paired-end mode ...
Finished in 982.83 s (71 us/read; 0.84 M reads/minute).

=== Summary ===

Total read pairs processed:         13,763,481
  Read 1 with adapter:                 507,017 (3.7%)
  Read 2 with adapter:                 498,568 (3.6%)
Pairs written (passing filters):    13,763,481 (100.0%)

Total basepairs processed: 2,752,696,200 bp
  Read 1: 1,376,348,100 bp
  Read 2: 1,376,348,100 bp
Total written (filtered):  2,749,296,563 bp (99.9%)
  Read 1: 1,374,634,481 bp
  Read 2: 1,374,662,082 bp

=== First read: Adapter PrefixPE/1 ===

Sequence: TACACTCTTTCCCTACACGACGCTCTTCCGATCT; Type: regular 3'; Length: 34; Trimmed: 273603 times

No. of allowed errors:
0-9 bp: 0; 10-19 bp: 1; 20-29 bp: 2; 30-34 bp: 3

Bases preceding removed adapters:
  A: 29.1%
  C: 18.4%
  G: 22.7%
  T: 29.9%
  none/other: 0.0%

Overview of removed sequences
length	count	expect	max.err	error counts
3	182015	215054.4	0	182015
4	71044	53763.6	0	71044
5	14528	13440.9	0	14528
6	3125	3360.2	0	3125
7	615	840.1	0	615
8	147	210.0	0	147
9	841	52.5	0	63 778
10	909	13.1	1	25 884
11	284	3.3	1	4 280
12	62	0.8	1	1 61
13	25	0.2	1	0 25
14	6	0.1	1	0 6
15	2	0.0	1	0 2


=== First read: Adapter PrefixPE/2 ===

Sequence: GTGACTGGAGTTCAGACGTGTGCTCTTCCGATCT; Type: regular 3'; Length: 34; Trimmed: 233414 times

No. of allowed errors:
0-9 bp: 0; 10-19 bp: 1; 20-29 bp: 2; 30-34 bp: 3

Bases preceding removed adapters:
  A: 24.4%
  C: 18.0%
  G: 25.1%
  T: 32.5%
  none/other: 0.0%

Overview of removed sequences
length	count	expect	max.err	error counts
3	181766	215054.4	0	181766
4	42771	53763.6	0	42771
5	6509	13440.9	0	6509
6	1465	3360.2	0	1465
7	342	840.1	0	342
8	42	210.0	0	42
9	210	52.5	0	10 200
10	208	13.1	1	3 205
11	75	3.3	1	0 75
12	19	0.8	1	0 19
13	7	0.2	1	0 7


=== Second read: Adapter PrefixPE/1 ===

Sequence: TACACTCTTTCCCTACACGACGCTCTTCCGATCT; Type: regular 3'; Length: 34; Trimmed: 270115 times

No. of allowed errors:
0-9 bp: 0; 10-19 bp: 1; 20-29 bp: 2; 30-34 bp: 3

Bases preceding removed adapters:
  A: 29.3%
  C: 18.4%
  G: 22.4%
  T: 29.9%
  none/other: 0.0%

Overview of removed sequences
length	count	expect	max.err	error counts
3	179530	215054.4	0	179530
4	69933	53763.6	0	69933
5	14650	13440.9	0	14650
6	3093	3360.2	0	3093
7	617	840.1	0	617
8	142	210.0	0	142
9	837	52.5	0	53 784
10	913	13.1	1	23 890
11	304	3.3	1	5 299
12	75	0.8	1	1 74
13	15	0.2	1	0 15
14	6	0.1	1	0 6


=== Second read: Adapter PrefixPE/2 ===

Sequence: GTGACTGGAGTTCAGACGTGTGCTCTTCCGATCT; Type: regular 3'; Length: 34; Trimmed: 228453 times

No. of allowed errors:
0-9 bp: 0; 10-19 bp: 1; 20-29 bp: 2; 30-34 bp: 3

Bases preceding removed adapters:
  A: 24.2%
  C: 18.0%
  G: 25.3%
  T: 32.5%
  none/other: 0.0%

Overview of removed sequences
length	count	expect	max.err	error counts
3	177921	215054.4	0	177921
4	41912	53763.6	0	41912
5	6286	13440.9	0	6286
6	1412	3360.2	0	1412
7	353	840.1	0	353
8	46	210.0	0	46
9	235	52.5	0	13 222
10	213	13.1	1	2 211
11	54	3.3	1	0 54
12	17	0.8	1	0 17
13	4	0.2	1	0 4
