This is cutadapt 2.9 with Python 3.6.6
Command line parameters: --interleaved -a file:/nas02/apps/trimmomatic-0.36/Trimmomatic-0.36/adapters/TruSeq3-PE.fa -A file:/nas02/apps/trimmomatic-0.36/Trimmomatic-0.36/adapters/TruSeq3-PE.fa -m 30 /nas/longleaf/home/zpopkinh/Pvivax_resources/wgs_pe_improved_global/fastq/SRS2910005/SRR6668550_1.fastq.gz /nas/longleaf/home/zpopkinh/Pvivax_resources/wgs_pe_improved_global/fastq/SRS2910005/SRR6668550_2.fastq.gz
Processing reads on 1 core in paired-end mode ...
Finished in 244.92 s (74 us/read; 0.81 M reads/minute).

=== Summary ===

Total read pairs processed:          3,308,048
  Read 1 with adapter:                 138,294 (4.2%)
  Read 2 with adapter:                 149,998 (4.5%)
Pairs written (passing filters):     3,308,048 (100.0%)

Total basepairs processed:   661,609,600 bp
  Read 1:   330,804,800 bp
  Read 2:   330,804,800 bp
Total written (filtered):    660,614,510 bp (99.8%)
  Read 1:   330,325,079 bp
  Read 2:   330,289,431 bp

=== First read: Adapter PrefixPE/1 ===

Sequence: TACACTCTTTCCCTACACGACGCTCTTCCGATCT; Type: regular 3'; Length: 34; Trimmed: 75110 times

No. of allowed errors:
0-9 bp: 0; 10-19 bp: 1; 20-29 bp: 2; 30-34 bp: 3

Bases preceding removed adapters:
  A: 48.8%
  C: 15.6%
  G: 18.4%
  T: 17.2%
  none/other: 0.0%

Overview of removed sequences
length	count	expect	max.err	error counts
3	43269	51688.2	0	43269
4	19453	12922.1	0	19453
5	11201	3230.5	0	11201
6	653	807.6	0	653
7	134	201.9	0	134
8	31	50.5	0	31
9	164	12.6	0	13 151
10	118	3.2	1	3 115
11	53	0.8	1	1 52
12	18	0.2	1	0 18
13	15	0.0	1	0 15
14	1	0.0	1	0 1


=== First read: Adapter PrefixPE/2 ===

Sequence: GTGACTGGAGTTCAGACGTGTGCTCTTCCGATCT; Type: regular 3'; Length: 34; Trimmed: 63184 times

No. of allowed errors:
0-9 bp: 0; 10-19 bp: 1; 20-29 bp: 2; 30-34 bp: 3

Bases preceding removed adapters:
  A: 22.4%
  C: 19.7%
  G: 27.6%
  T: 30.2%
  none/other: 0.0%

Overview of removed sequences
length	count	expect	max.err	error counts
3	49352	51688.2	0	49352
4	11272	12922.1	0	11272
5	1799	3230.5	0	1799
6	493	807.6	0	493
7	123	201.9	0	123
8	22	50.5	0	22
9	67	12.6	0	5 62
10	28	3.2	1	1 27
11	25	0.8	1	0 25
12	2	0.2	1	0 2
13	1	0.0	1	0 1


=== Second read: Adapter PrefixPE/1 ===

Sequence: TACACTCTTTCCCTACACGACGCTCTTCCGATCT; Type: regular 3'; Length: 34; Trimmed: 79864 times

No. of allowed errors:
0-9 bp: 0; 10-19 bp: 1; 20-29 bp: 2; 30-34 bp: 3

Bases preceding removed adapters:
  A: 46.0%
  C: 20.9%
  G: 17.0%
  T: 16.1%
  none/other: 0.0%

Overview of removed sequences
length	count	expect	max.err	error counts
3	47869	51688.2	0	47869
4	19516	12922.1	0	19516
5	11220	3230.5	0	11220
6	749	807.6	0	749
7	137	201.9	0	137
8	35	50.5	0	35
9	135	12.6	0	12 123
10	126	3.2	1	2 124
11	52	0.8	1	0 52
12	12	0.2	1	0 12
13	11	0.0	1	0 11
14	2	0.0	1	0 2


=== Second read: Adapter PrefixPE/2 ===

Sequence: GTGACTGGAGTTCAGACGTGTGCTCTTCCGATCT; Type: regular 3'; Length: 34; Trimmed: 70134 times

No. of allowed errors:
0-9 bp: 0; 10-19 bp: 1; 20-29 bp: 2; 30-34 bp: 3

Bases preceding removed adapters:
  A: 20.2%
  C: 18.0%
  G: 28.7%
  T: 33.1%
  none/other: 0.0%

Overview of removed sequences
length	count	expect	max.err	error counts
3	56061	51688.2	0	56061
4	11481	12922.1	0	11481
5	1851	3230.5	0	1851
6	450	807.6	0	450
7	127	201.9	0	127
8	21	50.5	0	21
9	74	12.6	0	7 67
10	44	3.2	1	1 43
11	22	0.8	1	0 22
12	3	0.2	1	0 3
