This is cutadapt 2.9 with Python 3.6.6
Command line parameters: --interleaved -a file:/nas02/apps/trimmomatic-0.36/Trimmomatic-0.36/adapters/TruSeq3-PE.fa -A file:/nas02/apps/trimmomatic-0.36/Trimmomatic-0.36/adapters/TruSeq3-PE.fa -m 30 /nas/longleaf/home/zpopkinh/Pvivax_resources/wgs_pe_improved_global/fastq/ERS3516635/ERR3439102_1.fastq.gz /nas/longleaf/home/zpopkinh/Pvivax_resources/wgs_pe_improved_global/fastq/ERS3516635/ERR3439102_2.fastq.gz
Processing reads on 1 core in paired-end mode ...
Finished in 3.24 s (63 us/read; 0.95 M reads/minute).

=== Summary ===

Total read pairs processed:             51,187
  Read 1 with adapter:                   1,151 (2.2%)
  Read 2 with adapter:                     964 (1.9%)
Pairs written (passing filters):        51,186 (100.0%)

Total basepairs processed:    15,356,100 bp
  Read 1:     7,678,050 bp
  Read 2:     7,678,050 bp
Total written (filtered):     15,348,268 bp (99.9%)
  Read 1:     7,673,946 bp
  Read 2:     7,674,322 bp

=== First read: Adapter PrefixPE/1 ===

Sequence: TACACTCTTTCCCTACACGACGCTCTTCCGATCT; Type: regular 3'; Length: 34; Trimmed: 660 times

No. of allowed errors:
0-9 bp: 0; 10-19 bp: 1; 20-29 bp: 2; 30-34 bp: 3

Bases preceding removed adapters:
  A: 70.2%
  C: 9.5%
  G: 7.7%
  T: 12.6%
  none/other: 0.0%

Overview of removed sequences
length	count	expect	max.err	error counts
3	485	799.8	0	485
4	118	199.9	0	118
5	17	50.0	0	17
6	2	12.5	0	2
7	1	3.1	0	1
9	35	0.2	0	1 34
10	1	0.0	1	0 1
134	1	0.0	3	0 1


=== First read: Adapter PrefixPE/2 ===

Sequence: GTGACTGGAGTTCAGACGTGTGCTCTTCCGATCT; Type: regular 3'; Length: 34; Trimmed: 491 times

No. of allowed errors:
0-9 bp: 0; 10-19 bp: 1; 20-29 bp: 2; 30-34 bp: 3

Bases preceding removed adapters:
  A: 9.0%
  C: 5.1%
  G: 42.6%
  T: 43.4%
  none/other: 0.0%

Overview of removed sequences
length	count	expect	max.err	error counts
3	381	799.8	0	381
4	100	199.9	0	100
5	9	50.0	0	9
10	1	0.0	1	1


=== Second read: Adapter PrefixPE/1 ===

Sequence: TACACTCTTTCCCTACACGACGCTCTTCCGATCT; Type: regular 3'; Length: 34; Trimmed: 434 times

No. of allowed errors:
0-9 bp: 0; 10-19 bp: 1; 20-29 bp: 2; 30-34 bp: 3

Bases preceding removed adapters:
  A: 27.0%
  C: 13.6%
  G: 39.4%
  T: 20.0%
  none/other: 0.0%

Overview of removed sequences
length	count	expect	max.err	error counts
3	234	799.8	0	234
4	92	199.9	0	92
5	10	50.0	0	10
6	95	12.5	0	95
7	1	3.1	0	1
9	1	0.2	0	0 1
10	1	0.0	1	0 1


=== Second read: Adapter PrefixPE/2 ===

Sequence: GTGACTGGAGTTCAGACGTGTGCTCTTCCGATCT; Type: regular 3'; Length: 34; Trimmed: 530 times

No. of allowed errors:
0-9 bp: 0; 10-19 bp: 1; 20-29 bp: 2; 30-34 bp: 3

Bases preceding removed adapters:
  A: 14.0%
  C: 28.5%
  G: 40.6%
  T: 17.0%
  none/other: 0.0%

Overview of removed sequences
length	count	expect	max.err	error counts
3	366	799.8	0	366
4	74	199.9	0	74
5	82	50.0	0	82
6	4	12.5	0	4
7	1	3.1	0	1
9	3	0.2	0	1 2
