This is cutadapt 2.9 with Python 3.6.6
Command line parameters: --interleaved -a file:/nas02/apps/trimmomatic-0.36/Trimmomatic-0.36/adapters/TruSeq3-PE.fa -A file:/nas02/apps/trimmomatic-0.36/Trimmomatic-0.36/adapters/TruSeq3-PE.fa -m 30 /nas/longleaf/home/zpopkinh/Pvivax_resources/wgs_pe_improved_global/fastq/ERR5740851/ERR5740851_1.fastq.gz /nas/longleaf/home/zpopkinh/Pvivax_resources/wgs_pe_improved_global/fastq/ERR5740851/ERR5740851_2.fastq.gz
Processing reads on 1 core in paired-end mode ...
Finished in 195.27 s (122 us/read; 0.49 M reads/minute).

=== Summary ===

Total read pairs processed:          1,595,139
  Read 1 with adapter:                  65,382 (4.1%)
  Read 2 with adapter:                  65,816 (4.1%)
Pairs written (passing filters):     1,595,122 (100.0%)

Total basepairs processed:   421,864,121 bp
  Read 1:   210,488,002 bp
  Read 2:   211,376,119 bp
Total written (filtered):    421,429,489 bp (99.9%)
  Read 1:   210,272,072 bp
  Read 2:   211,157,417 bp

=== First read: Adapter PrefixPE/1 ===

Sequence: TACACTCTTTCCCTACACGACGCTCTTCCGATCT; Type: regular 3'; Length: 34; Trimmed: 32149 times

No. of allowed errors:
0-9 bp: 0; 10-19 bp: 1; 20-29 bp: 2; 30-34 bp: 3

Bases preceding removed adapters:
  A: 22.4%
  C: 22.6%
  G: 21.7%
  T: 33.2%
  none/other: 0.0%

Overview of removed sequences
length	count	expect	max.err	error counts
3	27203	24924.0	0	27203
4	2295	6231.0	0	2295
5	1970	1557.8	0	1970
6	241	389.4	0	241
7	69	97.4	0	69
8	15	24.3	0	15
9	90	6.1	0	6 84
10	155	1.5	1	5 150
11	67	0.4	1	3 64
12	11	0.1	1	0 11
13	7	0.0	1	0 7
14	1	0.0	1	0 1
26	1	0.0	2	1
32	11	0.0	3	10 0 0 1
37	1	0.0	3	0 0 1
53	1	0.0	3	1
63	1	0.0	3	0 0 0 1
65	1	0.0	3	1
66	1	0.0	3	0 0 0 1
67	1	0.0	3	0 0 1
69	1	0.0	3	1
70	2	0.0	3	2
78	1	0.0	3	0 0 0 1
101	1	0.0	3	0 0 0 1
124	1	0.0	3	1
132	1	0.0	3	0 0 1


=== First read: Adapter PrefixPE/2 ===

Sequence: GTGACTGGAGTTCAGACGTGTGCTCTTCCGATCT; Type: regular 3'; Length: 34; Trimmed: 33233 times

No. of allowed errors:
0-9 bp: 0; 10-19 bp: 1; 20-29 bp: 2; 30-34 bp: 3

Bases preceding removed adapters:
  A: 23.7%
  C: 15.4%
  G: 26.5%
  T: 34.4%
  none/other: 0.0%

Overview of removed sequences
length	count	expect	max.err	error counts
3	28354	24924.0	0	28354
4	2376	6231.0	0	2376
5	2034	1557.8	0	2034
6	242	389.4	0	242
7	76	97.4	0	76
8	17	24.3	0	17
9	46	6.1	0	2 44
10	59	1.5	1	2 57
11	24	0.4	1	1 23
12	5	0.1	1	0 5


=== Second read: Adapter PrefixPE/1 ===

Sequence: TACACTCTTTCCCTACACGACGCTCTTCCGATCT; Type: regular 3'; Length: 34; Trimmed: 31602 times

No. of allowed errors:
0-9 bp: 0; 10-19 bp: 1; 20-29 bp: 2; 30-34 bp: 3

Bases preceding removed adapters:
  A: 22.4%
  C: 23.0%
  G: 21.3%
  T: 33.2%
  none/other: 0.0%

Overview of removed sequences
length	count	expect	max.err	error counts
3	26768	24924.0	0	26768
4	2198	6231.0	0	2198
5	1967	1557.8	0	1967
6	286	389.4	0	286
7	51	97.4	0	51
8	21	24.3	0	21
9	85	6.1	0	5 80
10	144	1.5	1	4 140
11	56	0.4	1	2 54
12	20	0.1	1	0 20
13	6	0.0	1	1 5


=== Second read: Adapter PrefixPE/2 ===

Sequence: GTGACTGGAGTTCAGACGTGTGCTCTTCCGATCT; Type: regular 3'; Length: 34; Trimmed: 34214 times

No. of allowed errors:
0-9 bp: 0; 10-19 bp: 1; 20-29 bp: 2; 30-34 bp: 3

Bases preceding removed adapters:
  A: 23.2%
  C: 15.7%
  G: 27.2%
  T: 33.8%
  none/other: 0.0%

Overview of removed sequences
length	count	expect	max.err	error counts
3	29463	24924.0	0	29463
4	2314	6231.0	0	2314
5	1993	1557.8	0	1993
6	233	389.4	0	233
7	66	97.4	0	66
8	14	24.3	0	14
9	31	6.1	0	1 30
10	50	1.5	1	2 48
11	19	0.4	1	0 19
12	5	0.1	1	1 4
13	2	0.0	1	1 1
16	1	0.0	1	0 1
19	1	0.0	1	0 0 1
24	1	0.0	2	0 0 1
33	3	0.0	3	1 1 1
39	1	0.0	3	0 1
40	1	0.0	3	0 0 1
59	1	0.0	3	0 0 0 1
64	2	0.0	3	1 0 0 1
71	1	0.0	3	0 0 0 1
72	1	0.0	3	0 0 1
73	1	0.0	3	0 0 0 1
106	1	0.0	3	0 1
107	2	0.0	3	0 1 0 1
110	1	0.0	3	0 0 1
111	1	0.0	3	0 0 0 1
120	1	0.0	3	0 0 0 1
121	1	0.0	3	0 1
140	1	0.0	3	0 0 0 1
143	1	0.0	3	0 0 0 1
151	1	0.0	3	0 0 1
