This is cutadapt 2.9 with Python 3.6.6
Command line parameters: --interleaved -a file:/nas02/apps/trimmomatic-0.36/Trimmomatic-0.36/adapters/TruSeq3-PE.fa -A file:/nas02/apps/trimmomatic-0.36/Trimmomatic-0.36/adapters/TruSeq3-PE.fa -m 30 /nas/longleaf/home/zpopkinh/Pvivax_resources/wgs_pe_improved_global/fastq/SRS2909991/SRR6668566_1.fastq.gz /nas/longleaf/home/zpopkinh/Pvivax_resources/wgs_pe_improved_global/fastq/SRS2909991/SRR6668566_2.fastq.gz
Processing reads on 1 core in paired-end mode ...
Finished in 239.87 s (89 us/read; 0.68 M reads/minute).

=== Summary ===

Total read pairs processed:          2,707,440
  Read 1 with adapter:                 113,642 (4.2%)
  Read 2 with adapter:                 141,511 (5.2%)
Pairs written (passing filters):     2,707,440 (100.0%)

Total basepairs processed:   541,488,000 bp
  Read 1:   270,744,000 bp
  Read 2:   270,744,000 bp
Total written (filtered):    540,600,407 bp (99.8%)
  Read 1:   270,342,326 bp
  Read 2:   270,258,081 bp

=== First read: Adapter PrefixPE/1 ===

Sequence: TACACTCTTTCCCTACACGACGCTCTTCCGATCT; Type: regular 3'; Length: 34; Trimmed: 69642 times

No. of allowed errors:
0-9 bp: 0; 10-19 bp: 1; 20-29 bp: 2; 30-34 bp: 3

Bases preceding removed adapters:
  A: 59.0%
  C: 13.0%
  G: 14.2%
  T: 13.9%
  none/other: 0.0%

Overview of removed sequences
length	count	expect	max.err	error counts
3	36758	42303.8	0	36758
4	19073	10575.9	0	19073
5	12987	2644.0	0	12987
6	446	661.0	0	446
7	105	165.2	0	105
8	28	41.3	0	28
9	95	10.3	0	7 88
10	80	2.6	1	3 77
11	55	0.6	1	1 54
12	13	0.2	1	1 12
13	2	0.0	1	0 2


=== First read: Adapter PrefixPE/2 ===

Sequence: GTGACTGGAGTTCAGACGTGTGCTCTTCCGATCT; Type: regular 3'; Length: 34; Trimmed: 44000 times

No. of allowed errors:
0-9 bp: 0; 10-19 bp: 1; 20-29 bp: 2; 30-34 bp: 3

Bases preceding removed adapters:
  A: 23.1%
  C: 19.1%
  G: 28.2%
  T: 29.5%
  none/other: 0.0%

Overview of removed sequences
length	count	expect	max.err	error counts
3	34655	42303.8	0	34655
4	7634	10575.9	0	7634
5	1203	2644.0	0	1203
6	291	661.0	0	291
7	99	165.2	0	99
8	16	41.3	0	16
9	41	10.3	0	2 39
10	41	2.6	1	1 40
11	9	0.6	1	0 9
12	9	0.2	1	0 9
13	1	0.0	1	0 1
14	1	0.0	1	0 1


=== Second read: Adapter PrefixPE/1 ===

Sequence: TACACTCTTTCCCTACACGACGCTCTTCCGATCT; Type: regular 3'; Length: 34; Trimmed: 80322 times

No. of allowed errors:
0-9 bp: 0; 10-19 bp: 1; 20-29 bp: 2; 30-34 bp: 3

Bases preceding removed adapters:
  A: 64.1%
  C: 11.2%
  G: 12.8%
  T: 11.8%
  none/other: 0.0%

Overview of removed sequences
length	count	expect	max.err	error counts
3	46898	42303.8	0	46898
4	19454	10575.9	0	19454
5	13157	2644.0	0	13157
6	462	661.0	0	462
7	91	165.2	0	91
8	29	41.3	0	29
9	90	10.3	0	7 83
10	94	2.6	1	1 93
11	41	0.6	1	0 41
12	5	0.2	1	0 5
13	1	0.0	1	0 1


=== Second read: Adapter PrefixPE/2 ===

Sequence: GTGACTGGAGTTCAGACGTGTGCTCTTCCGATCT; Type: regular 3'; Length: 34; Trimmed: 61189 times

No. of allowed errors:
0-9 bp: 0; 10-19 bp: 1; 20-29 bp: 2; 30-34 bp: 3

Bases preceding removed adapters:
  A: 16.1%
  C: 14.2%
  G: 33.4%
  T: 36.3%
  none/other: 0.0%

Overview of removed sequences
length	count	expect	max.err	error counts
3	51798	42303.8	0	51798
4	7681	10575.9	0	7681
5	1211	2644.0	0	1211
6	277	661.0	0	277
7	98	165.2	0	98
8	12	41.3	0	12
9	54	10.3	0	1 53
10	36	2.6	1	1 35
11	18	0.6	1	0 18
12	4	0.2	1	0 4
