This is cutadapt 2.9 with Python 3.6.6
Command line parameters: --interleaved -a file:/nas02/apps/trimmomatic-0.36/Trimmomatic-0.36/adapters/TruSeq3-PE.fa -A file:/nas02/apps/trimmomatic-0.36/Trimmomatic-0.36/adapters/TruSeq3-PE.fa -m 30 /nas/longleaf/home/zpopkinh/Pvivax_resources/wgs_pe_improved_global/fastq/SRS2746083/SRR6361549_1.fastq.gz /nas/longleaf/home/zpopkinh/Pvivax_resources/wgs_pe_improved_global/fastq/SRS2746083/SRR6361549_2.fastq.gz
Processing reads on 1 core in paired-end mode ...
Finished in 1192.52 s (117 us/read; 0.51 M reads/minute).

=== Summary ===

Total read pairs processed:         10,161,254
  Read 1 with adapter:                 372,593 (3.7%)
  Read 2 with adapter:                 374,118 (3.7%)
Pairs written (passing filters):    10,161,254 (100.0%)

Total basepairs processed: 2,032,250,800 bp
  Read 1: 1,016,125,400 bp
  Read 2: 1,016,125,400 bp
Total written (filtered):  2,029,710,004 bp (99.9%)
  Read 1: 1,014,856,634 bp
  Read 2: 1,014,853,370 bp

=== First read: Adapter PrefixPE/1 ===

Sequence: TACACTCTTTCCCTACACGACGCTCTTCCGATCT; Type: regular 3'; Length: 34; Trimmed: 212742 times

No. of allowed errors:
0-9 bp: 0; 10-19 bp: 1; 20-29 bp: 2; 30-34 bp: 3

Bases preceding removed adapters:
  A: 36.4%
  C: 16.3%
  G: 19.4%
  T: 27.9%
  none/other: 0.0%

Overview of removed sequences
length	count	expect	max.err	error counts
3	136553	158769.6	0	136553
4	55737	39692.4	0	55737
5	16312	9923.1	0	16312
6	2279	2480.8	0	2279
7	385	620.2	0	385
8	100	155.0	0	100
9	610	38.8	0	27 583
10	500	9.7	1	10 490
11	208	2.4	1	2 206
12	47	0.6	1	0 47
13	9	0.2	1	0 9
14	2	0.0	1	0 2


=== First read: Adapter PrefixPE/2 ===

Sequence: GTGACTGGAGTTCAGACGTGTGCTCTTCCGATCT; Type: regular 3'; Length: 34; Trimmed: 159851 times

No. of allowed errors:
0-9 bp: 0; 10-19 bp: 1; 20-29 bp: 2; 30-34 bp: 3

Bases preceding removed adapters:
  A: 24.2%
  C: 18.3%
  G: 25.4%
  T: 32.0%
  none/other: 0.0%

Overview of removed sequences
length	count	expect	max.err	error counts
3	124461	158769.6	0	124461
4	29419	39692.4	0	29419
5	4431	9923.1	0	4431
6	967	2480.8	0	967
7	231	620.2	0	231
8	30	155.0	0	30
9	126	38.8	0	7 119
10	123	9.7	1	6 117
11	53	2.4	1	0 53
12	7	0.6	1	0 7
13	3	0.2	1	0 3


=== Second read: Adapter PrefixPE/1 ===

Sequence: TACACTCTTTCCCTACACGACGCTCTTCCGATCT; Type: regular 3'; Length: 34; Trimmed: 213797 times

No. of allowed errors:
0-9 bp: 0; 10-19 bp: 1; 20-29 bp: 2; 30-34 bp: 3

Bases preceding removed adapters:
  A: 35.6%
  C: 17.8%
  G: 19.0%
  T: 27.5%
  none/other: 0.0%

Overview of removed sequences
length	count	expect	max.err	error counts
3	138285	158769.6	0	138285
4	55078	39692.4	0	55078
5	16370	9923.1	0	16370
6	2221	2480.8	0	2221
7	349	620.2	0	349
8	121	155.0	0	121
9	594	38.8	0	27 567
10	515	9.7	1	7 508
11	212	2.4	1	1 211
12	36	0.6	1	0 36
13	14	0.2	1	0 14
14	1	0.0	1	0 1
15	1	0.0	1	0 1


=== Second read: Adapter PrefixPE/2 ===

Sequence: GTGACTGGAGTTCAGACGTGTGCTCTTCCGATCT; Type: regular 3'; Length: 34; Trimmed: 160321 times

No. of allowed errors:
0-9 bp: 0; 10-19 bp: 1; 20-29 bp: 2; 30-34 bp: 3

Bases preceding removed adapters:
  A: 23.4%
  C: 17.7%
  G: 25.5%
  T: 33.4%
  none/other: 0.0%

Overview of removed sequences
length	count	expect	max.err	error counts
3	125818	158769.6	0	125818
4	28512	39692.4	0	28512
5	4371	9923.1	0	4371
6	996	2480.8	0	996
7	220	620.2	0	220
8	34	155.0	0	34
9	145	38.8	0	11 134
10	138	9.7	1	0 138
11	72	2.4	1	0 72
12	12	0.6	1	0 12
13	3	0.2	1	0 3
