This is cutadapt 2.9 with Python 3.6.6
Command line parameters: --interleaved -a file:/nas02/apps/trimmomatic-0.36/Trimmomatic-0.36/adapters/TruSeq3-PE.fa -A file:/nas02/apps/trimmomatic-0.36/Trimmomatic-0.36/adapters/TruSeq3-PE.fa -m 30 /nas/longleaf/home/zpopkinh/Pvivax_resources/wgs_pe_improved_global/fastq/SRS2746197/SRR6361559_1.fastq.gz /nas/longleaf/home/zpopkinh/Pvivax_resources/wgs_pe_improved_global/fastq/SRS2746197/SRR6361559_2.fastq.gz
Processing reads on 1 core in paired-end mode ...
Finished in 69.52 s (228 us/read; 0.26 M reads/minute).

=== Summary ===

Total read pairs processed:            305,022
  Read 1 with adapter:                   8,307 (2.7%)
  Read 2 with adapter:                  10,038 (3.3%)
Pairs written (passing filters):       304,864 (99.9%)

Total basepairs processed:   153,121,044 bp
  Read 1:    76,560,522 bp
  Read 2:    76,560,522 bp
Total written (filtered):    152,977,987 bp (99.9%)
  Read 1:    76,491,554 bp
  Read 2:    76,486,433 bp

=== First read: Adapter PrefixPE/1 ===

Sequence: TACACTCTTTCCCTACACGACGCTCTTCCGATCT; Type: regular 3'; Length: 34; Trimmed: 7341 times

No. of allowed errors:
0-9 bp: 0; 10-19 bp: 1; 20-29 bp: 2; 30-34 bp: 3

Bases preceding removed adapters:
  A: 55.3%
  C: 20.8%
  G: 9.2%
  T: 14.7%
  none/other: 0.0%

Overview of removed sequences
length	count	expect	max.err	error counts
3	3725	4766.0	0	3725
4	2902	1191.5	0	2902
5	411	297.9	0	411
6	114	74.5	0	114
7	22	18.6	0	22
8	7	4.7	0	7
9	13	1.2	0	3 10
10	10	0.3	1	0 10
11	4	0.1	1	0 4
237	1	0.0	3	0 0 0 1
238	20	0.0	3	0 0 1 19
239	98	0.0	3	0 0 13 85
240	3	0.0	3	0 0 0 3
241	8	0.0	3	0 0 0 8
243	1	0.0	3	0 0 0 1
244	1	0.0	3	0 0 0 1
246	1	0.0	3	0 0 0 1


=== First read: Adapter PrefixPE/2 ===

Sequence: GTGACTGGAGTTCAGACGTGTGCTCTTCCGATCT; Type: regular 3'; Length: 34; Trimmed: 966 times

No. of allowed errors:
0-9 bp: 0; 10-19 bp: 1; 20-29 bp: 2; 30-34 bp: 3

Bases preceding removed adapters:
  A: 40.2%
  C: 17.4%
  G: 11.4%
  T: 31.1%
  none/other: 0.0%

Overview of removed sequences
length	count	expect	max.err	error counts
3	630	4766.0	0	630
4	290	1191.5	0	290
5	32	297.9	0	32
6	7	74.5	0	7
9	3	1.2	0	0 3
10	3	0.3	1	0 3
12	1	0.0	1	0 1


=== Second read: Adapter PrefixPE/1 ===

Sequence: TACACTCTTTCCCTACACGACGCTCTTCCGATCT; Type: regular 3'; Length: 34; Trimmed: 7260 times

No. of allowed errors:
0-9 bp: 0; 10-19 bp: 1; 20-29 bp: 2; 30-34 bp: 3

Bases preceding removed adapters:
  A: 50.5%
  C: 11.3%
  G: 30.6%
  T: 7.6%
  none/other: 0.0%

Overview of removed sequences
length	count	expect	max.err	error counts
3	4285	4766.0	0	4285
4	2404	1191.5	0	2404
5	499	297.9	0	499
6	53	74.5	0	53
7	11	18.6	0	11
8	2	4.7	0	2
10	4	0.3	1	0 4
11	2	0.1	1	0 2


=== Second read: Adapter PrefixPE/2 ===

Sequence: GTGACTGGAGTTCAGACGTGTGCTCTTCCGATCT; Type: regular 3'; Length: 34; Trimmed: 2778 times

No. of allowed errors:
0-9 bp: 0; 10-19 bp: 1; 20-29 bp: 2; 30-34 bp: 3

Bases preceding removed adapters:
  A: 47.3%
  C: 13.4%
  G: 13.9%
  T: 25.5%
  none/other: 0.0%

Overview of removed sequences
length	count	expect	max.err	error counts
3	2167	4766.0	0	2167
4	469	1191.5	0	469
5	93	297.9	0	93
6	14	74.5	0	14
7	6	18.6	0	6
8	1	4.7	0	1
9	1	1.2	0	0 1
10	2	0.3	1	0 2
231	1	0.0	3	0 1
232	4	0.0	3	0 1 1 2
234	1	0.0	3	0 0 0 1
235	4	0.0	3	0 0 3 1
236	7	0.0	3	0 2 4 1
237	1	0.0	3	0 0 1
238	2	0.0	3	0 0 1 1
239	1	0.0	3	0 0 1
240	2	0.0	3	0 0 0 2
242	2	0.0	3	0 0 2
