This is cutadapt 2.9 with Python 3.6.6
Command line parameters: --interleaved -a file:/nas02/apps/trimmomatic-0.36/Trimmomatic-0.36/adapters/TruSeq3-PE.fa -A file:/nas02/apps/trimmomatic-0.36/Trimmomatic-0.36/adapters/TruSeq3-PE.fa -m 30 /nas/longleaf/home/zpopkinh/Pvivax_resources/wgs_pe_improved_global/fastq/ERR5740762/ERR5740762_1.fastq.gz /nas/longleaf/home/zpopkinh/Pvivax_resources/wgs_pe_improved_global/fastq/ERR5740762/ERR5740762_2.fastq.gz
Processing reads on 1 core in paired-end mode ...
Finished in 487.23 s (139 us/read; 0.43 M reads/minute).

=== Summary ===

Total read pairs processed:          3,493,602
  Read 1 with adapter:                 127,439 (3.6%)
  Read 2 with adapter:                 122,964 (3.5%)
Pairs written (passing filters):     3,493,599 (100.0%)

Total basepairs processed: 1,055,067,804 bp
  Read 1:   527,533,902 bp
  Read 2:   527,533,902 bp
Total written (filtered):  1,054,218,700 bp (99.9%)
  Read 1:   527,101,107 bp
  Read 2:   527,117,593 bp

=== First read: Adapter PrefixPE/1 ===

Sequence: TACACTCTTTCCCTACACGACGCTCTTCCGATCT; Type: regular 3'; Length: 34; Trimmed: 57355 times

No. of allowed errors:
0-9 bp: 0; 10-19 bp: 1; 20-29 bp: 2; 30-34 bp: 3

Bases preceding removed adapters:
  A: 27.3%
  C: 24.5%
  G: 19.3%
  T: 29.0%
  none/other: 0.0%

Overview of removed sequences
length	count	expect	max.err	error counts
3	38311	54587.5	0	38311
4	14633	13646.9	0	14633
5	2988	3411.7	0	2988
6	683	852.9	0	683
7	150	213.2	0	150
8	34	53.3	0	34
9	192	13.3	0	22 170
10	254	3.3	1	7 247
11	89	0.8	1	0 89
12	12	0.2	1	0 12
13	8	0.1	1	0 8
115	1	0.0	3	0 0 1


=== First read: Adapter PrefixPE/2 ===

Sequence: GTGACTGGAGTTCAGACGTGTGCTCTTCCGATCT; Type: regular 3'; Length: 34; Trimmed: 70084 times

No. of allowed errors:
0-9 bp: 0; 10-19 bp: 1; 20-29 bp: 2; 30-34 bp: 3

Bases preceding removed adapters:
  A: 27.7%
  C: 11.4%
  G: 26.6%
  T: 34.3%
  none/other: 0.0%

Overview of removed sequences
length	count	expect	max.err	error counts
3	53393	54587.5	0	53393
4	13253	13646.9	0	13253
5	2262	3411.7	0	2262
6	673	852.9	0	673
7	174	213.2	0	174
8	37	53.3	0	37
9	130	13.3	0	8 122
10	112	3.3	1	2 110
11	32	0.8	1	0 32
12	13	0.2	1	0 13
13	1	0.1	1	0 1
14	2	0.0	1	0 2
15	1	0.0	1	0 1
143	1	0.0	3	1


=== Second read: Adapter PrefixPE/1 ===

Sequence: TACACTCTTTCCCTACACGACGCTCTTCCGATCT; Type: regular 3'; Length: 34; Trimmed: 55159 times

No. of allowed errors:
0-9 bp: 0; 10-19 bp: 1; 20-29 bp: 2; 30-34 bp: 3

Bases preceding removed adapters:
  A: 28.2%
  C: 25.3%
  G: 19.6%
  T: 26.9%
  none/other: 0.0%

Overview of removed sequences
length	count	expect	max.err	error counts
3	37020	54587.5	0	37020
4	13784	13646.9	0	13784
5	2986	3411.7	0	2986
6	638	852.9	0	638
7	176	213.2	0	176
8	41	53.3	0	41
9	171	13.3	0	15 156
10	238	3.3	1	11 227
11	80	0.8	1	0 80
12	10	0.2	1	0 10
13	5	0.1	1	0 5
14	6	0.0	1	0 6
15	1	0.0	1	0 1
96	1	0.0	3	1
151	2	0.0	3	0 0 2


=== Second read: Adapter PrefixPE/2 ===

Sequence: GTGACTGGAGTTCAGACGTGTGCTCTTCCGATCT; Type: regular 3'; Length: 34; Trimmed: 67805 times

No. of allowed errors:
0-9 bp: 0; 10-19 bp: 1; 20-29 bp: 2; 30-34 bp: 3

Bases preceding removed adapters:
  A: 26.3%
  C: 14.1%
  G: 27.0%
  T: 32.5%
  none/other: 0.0%

Overview of removed sequences
length	count	expect	max.err	error counts
3	52889	54587.5	0	52889
4	11577	13646.9	0	11577
5	2279	3411.7	0	2279
6	546	852.9	0	546
7	194	213.2	0	194
8	50	53.3	0	50
9	116	13.3	0	11 105
10	105	3.3	1	3 102
11	35	0.8	1	0 35
12	9	0.2	1	1 8
13	3	0.1	1	0 3
14	1	0.0	1	0 1
119	1	0.0	3	0 0 0 1
