This is cutadapt 2.9 with Python 3.6.6
Command line parameters: --interleaved -a file:/nas02/apps/trimmomatic-0.36/Trimmomatic-0.36/adapters/TruSeq3-PE.fa -A file:/nas02/apps/trimmomatic-0.36/Trimmomatic-0.36/adapters/TruSeq3-PE.fa -m 30 /nas/longleaf/home/zpopkinh/Pvivax_resources/wgs_pe_improved_global/fastq/SRS693942/SRR1568178_1.fastq.gz /nas/longleaf/home/zpopkinh/Pvivax_resources/wgs_pe_improved_global/fastq/SRS693942/SRR1568178_2.fastq.gz
Processing reads on 1 core in paired-end mode ...
Finished in 1050.09 s (90 us/read; 0.66 M reads/minute).

=== Summary ===

Total read pairs processed:         11,618,901
  Read 1 with adapter:                 433,538 (3.7%)
  Read 2 with adapter:                 436,654 (3.8%)
Pairs written (passing filters):    11,618,901 (100.0%)

Total basepairs processed: 2,347,018,002 bp
  Read 1: 1,173,509,001 bp
  Read 2: 1,173,509,001 bp
Total written (filtered):  2,344,082,943 bp (99.9%)
  Read 1: 1,172,045,622 bp
  Read 2: 1,172,037,321 bp

=== First read: Adapter PrefixPE/1 ===

Sequence: TACACTCTTTCCCTACACGACGCTCTTCCGATCT; Type: regular 3'; Length: 34; Trimmed: 219471 times

No. of allowed errors:
0-9 bp: 0; 10-19 bp: 1; 20-29 bp: 2; 30-34 bp: 3

Bases preceding removed adapters:
  A: 25.6%
  C: 22.0%
  G: 24.8%
  T: 27.6%
  none/other: 0.0%

Overview of removed sequences
length	count	expect	max.err	error counts
3	148696	181545.3	0	148696
4	53174	45386.3	0	53174
5	12503	11346.6	0	12503
6	2548	2836.6	0	2548
7	606	709.2	0	606
8	154	177.3	0	154
9	584	44.3	0	48 536
10	837	11.1	1	30 807
11	304	2.8	1	1 303
12	43	0.7	1	0 43
13	21	0.2	1	2 19
14	1	0.0	1	0 1


=== First read: Adapter PrefixPE/2 ===

Sequence: GTGACTGGAGTTCAGACGTGTGCTCTTCCGATCT; Type: regular 3'; Length: 34; Trimmed: 214067 times

No. of allowed errors:
0-9 bp: 0; 10-19 bp: 1; 20-29 bp: 2; 30-34 bp: 3

Bases preceding removed adapters:
  A: 24.4%
  C: 17.6%
  G: 26.5%
  T: 31.6%
  none/other: 0.0%

Overview of removed sequences
length	count	expect	max.err	error counts
3	166332	181545.3	0	166332
4	38900	45386.3	0	38900
5	6359	11346.6	0	6359
6	1613	2836.6	0	1613
7	300	709.2	0	300
8	52	177.3	0	52
9	251	44.3	0	13 238
10	165	11.1	1	9 156
11	89	2.8	1	7 82
12	6	0.7	1	0 6


=== Second read: Adapter PrefixPE/1 ===

Sequence: TACACTCTTTCCCTACACGACGCTCTTCCGATCT; Type: regular 3'; Length: 34; Trimmed: 216437 times

No. of allowed errors:
0-9 bp: 0; 10-19 bp: 1; 20-29 bp: 2; 30-34 bp: 3

Bases preceding removed adapters:
  A: 26.5%
  C: 21.7%
  G: 24.8%
  T: 27.0%
  none/other: 0.0%

Overview of removed sequences
length	count	expect	max.err	error counts
3	146592	181545.3	0	146592
4	52688	45386.3	0	52688
5	12246	11346.6	0	12246
6	2419	2836.6	0	2419
7	583	709.2	0	583
8	143	177.3	0	143
9	575	44.3	0	32 543
10	892	11.1	1	26 866
11	235	2.8	1	5 230
12	50	0.7	1	0 50
13	7	0.2	1	0 7
14	2	0.0	1	0 2
15	3	0.0	1	0 3
35	2	0.0	3	0 0 1 1


=== Second read: Adapter PrefixPE/2 ===

Sequence: GTGACTGGAGTTCAGACGTGTGCTCTTCCGATCT; Type: regular 3'; Length: 34; Trimmed: 220217 times

No. of allowed errors:
0-9 bp: 0; 10-19 bp: 1; 20-29 bp: 2; 30-34 bp: 3

Bases preceding removed adapters:
  A: 24.7%
  C: 18.9%
  G: 25.9%
  T: 30.5%
  none/other: 0.0%

Overview of removed sequences
length	count	expect	max.err	error counts
3	172414	181545.3	0	172414
4	38706	45386.3	0	38706
5	6631	11346.6	0	6631
6	1487	2836.6	0	1487
7	357	709.2	0	357
8	81	177.3	0	81
9	246	44.3	0	26 220
10	199	11.1	1	0 199
11	76	2.8	1	0 76
12	10	0.7	1	0 10
13	7	0.2	1	0 7
35	1	0.0	3	0 0 0 1
38	1	0.0	3	0 0 0 1
55	1	0.0	3	0 0 1
