This is cutadapt 2.9 with Python 3.6.6
Command line parameters: --interleaved -a file:/nas02/apps/trimmomatic-0.36/Trimmomatic-0.36/adapters/TruSeq3-PE.fa -A file:/nas02/apps/trimmomatic-0.36/Trimmomatic-0.36/adapters/TruSeq3-PE.fa -m 30 /nas/longleaf/home/zpopkinh/Pvivax_resources/wgs_pe_improved_global/fastq/SRS693942/SRR1564655_1.fastq.gz /nas/longleaf/home/zpopkinh/Pvivax_resources/wgs_pe_improved_global/fastq/SRS693942/SRR1564655_2.fastq.gz
Processing reads on 1 core in paired-end mode ...
Finished in 0.90 s (48 us/read; 1.26 M reads/minute).

=== Summary ===

Total read pairs processed:             18,957
  Read 1 with adapter:                     576 (3.0%)
  Read 2 with adapter:                     663 (3.5%)
Pairs written (passing filters):        18,957 (100.0%)

Total basepairs processed:     3,829,314 bp
  Read 1:     1,914,657 bp
  Read 2:     1,914,657 bp
Total written (filtered):      3,824,985 bp (99.9%)
  Read 1:     1,912,626 bp
  Read 2:     1,912,359 bp

=== First read: Adapter PrefixPE/1 ===

Sequence: TACACTCTTTCCCTACACGACGCTCTTCCGATCT; Type: regular 3'; Length: 34; Trimmed: 338 times

No. of allowed errors:
0-9 bp: 0; 10-19 bp: 1; 20-29 bp: 2; 30-34 bp: 3

Bases preceding removed adapters:
  A: 29.6%
  C: 22.8%
  G: 20.1%
  T: 27.5%
  none/other: 0.0%

Overview of removed sequences
length	count	expect	max.err	error counts
3	191	296.2	0	191
4	115	74.1	0	115
5	16	18.5	0	16
6	6	4.6	0	6
7	3	1.2	0	3
8	1	0.3	0	1
10	5	0.0	1	0 5
13	1	0.0	1	0 1


=== First read: Adapter PrefixPE/2 ===

Sequence: GTGACTGGAGTTCAGACGTGTGCTCTTCCGATCT; Type: regular 3'; Length: 34; Trimmed: 238 times

No. of allowed errors:
0-9 bp: 0; 10-19 bp: 1; 20-29 bp: 2; 30-34 bp: 3

Bases preceding removed adapters:
  A: 35.3%
  C: 8.4%
  G: 21.8%
  T: 34.5%
  none/other: 0.0%

Overview of removed sequences
length	count	expect	max.err	error counts
3	182	296.2	0	182
4	39	74.1	0	39
5	14	18.5	0	14
6	3	4.6	0	3


=== Second read: Adapter PrefixPE/1 ===

Sequence: TACACTCTTTCCCTACACGACGCTCTTCCGATCT; Type: regular 3'; Length: 34; Trimmed: 355 times

No. of allowed errors:
0-9 bp: 0; 10-19 bp: 1; 20-29 bp: 2; 30-34 bp: 3

Bases preceding removed adapters:
  A: 34.9%
  C: 25.9%
  G: 16.1%
  T: 23.1%
  none/other: 0.0%

Overview of removed sequences
length	count	expect	max.err	error counts
3	227	296.2	0	227
4	96	74.1	0	96
5	16	18.5	0	16
6	7	4.6	0	7
7	1	1.2	0	1
8	1	0.3	0	1
9	1	0.1	0	0 1
10	4	0.0	1	0 4
11	1	0.0	1	0 1
12	1	0.0	1	0 1


=== Second read: Adapter PrefixPE/2 ===

Sequence: GTGACTGGAGTTCAGACGTGTGCTCTTCCGATCT; Type: regular 3'; Length: 34; Trimmed: 308 times

No. of allowed errors:
0-9 bp: 0; 10-19 bp: 1; 20-29 bp: 2; 30-34 bp: 3

Bases preceding removed adapters:
  A: 26.3%
  C: 22.1%
  G: 16.6%
  T: 35.1%
  none/other: 0.0%

Overview of removed sequences
length	count	expect	max.err	error counts
3	234	296.2	0	234
4	60	74.1	0	60
5	10	18.5	0	10
6	2	4.6	0	2
10	2	0.0	1	0 2
