This is cutadapt 2.9 with Python 3.6.6
Command line parameters: --interleaved -a file:/nas02/apps/trimmomatic-0.36/Trimmomatic-0.36/adapters/TruSeq3-PE.fa -A file:/nas02/apps/trimmomatic-0.36/Trimmomatic-0.36/adapters/TruSeq3-PE.fa -m 30 /nas/longleaf/home/zpopkinh/Pvivax_resources/wgs_pe_improved_global/fastq/SRS258286/SRR332563_1.fastq.gz /nas/longleaf/home/zpopkinh/Pvivax_resources/wgs_pe_improved_global/fastq/SRS258286/SRR332563_2.fastq.gz
Processing reads on 1 core in paired-end mode ...
Finished in 1291.88 s (75 us/read; 0.80 M reads/minute).

=== Summary ===

Total read pairs processed:         17,180,630
  Read 1 with adapter:                 555,599 (3.2%)
  Read 2 with adapter:                 913,321 (5.3%)
Pairs written (passing filters):    17,180,610 (100.0%)

Total basepairs processed: 3,470,487,260 bp
  Read 1: 1,735,243,630 bp
  Read 2: 1,735,243,630 bp
Total written (filtered):  3,465,403,159 bp (99.9%)
  Read 1: 1,733,346,292 bp
  Read 2: 1,732,056,867 bp

=== First read: Adapter PrefixPE/1 ===

Sequence: TACACTCTTTCCCTACACGACGCTCTTCCGATCT; Type: regular 3'; Length: 34; Trimmed: 282509 times

No. of allowed errors:
0-9 bp: 0; 10-19 bp: 1; 20-29 bp: 2; 30-34 bp: 3

Bases preceding removed adapters:
  A: 30.6%
  C: 23.0%
  G: 18.3%
  T: 28.1%
  none/other: 0.0%

Overview of removed sequences
length	count	expect	max.err	error counts
3	181574	268447.3	0	181574
4	75834	67111.8	0	75834
5	17262	16778.0	0	17262
6	3980	4194.5	0	3980
7	987	1048.6	0	987
8	264	262.2	0	264
9	971	65.5	0	95 876
10	1097	16.4	1	31 1066
11	385	4.1	1	6 379
12	102	1.0	1	2 100
13	25	0.3	1	1 24
14	9	0.1	1	1 8
15	3	0.0	1	0 3
16	1	0.0	1	0 1
49	1	0.0	3	0 0 1
55	1	0.0	3	0 0 0 1
57	1	0.0	3	0 0 0 1
63	1	0.0	3	0 0 1
100	2	0.0	3	0 0 0 2
101	9	0.0	3	0 1 5 3


=== First read: Adapter PrefixPE/2 ===

Sequence: GTGACTGGAGTTCAGACGTGTGCTCTTCCGATCT; Type: regular 3'; Length: 34; Trimmed: 273090 times

No. of allowed errors:
0-9 bp: 0; 10-19 bp: 1; 20-29 bp: 2; 30-34 bp: 3

Bases preceding removed adapters:
  A: 24.4%
  C: 14.2%
  G: 26.0%
  T: 35.4%
  none/other: 0.0%

Overview of removed sequences
length	count	expect	max.err	error counts
3	213038	268447.3	0	213038
4	46653	67111.8	0	46653
5	9019	16778.0	0	9019
6	2419	4194.5	0	2419
7	763	1048.6	0	763
8	191	262.2	0	191
9	375	65.5	0	38 337
10	444	16.4	1	8 436
11	144	4.1	1	4 140
12	33	1.0	1	0 33
13	7	0.3	1	0 7
14	2	0.1	1	0 2
15	1	0.0	1	0 1
16	1	0.0	1	0 1


=== Second read: Adapter PrefixPE/1 ===

Sequence: TACACTCTTTCCCTACACGACGCTCTTCCGATCT; Type: regular 3'; Length: 34; Trimmed: 451273 times

No. of allowed errors:
0-9 bp: 0; 10-19 bp: 1; 20-29 bp: 2; 30-34 bp: 3

Bases preceding removed adapters:
  A: 30.9%
  C: 29.3%
  G: 19.7%
  T: 20.1%
  none/other: 0.0%

Overview of removed sequences
length	count	expect	max.err	error counts
3	258464	268447.3	0	258464
4	120325	67111.8	0	120325
5	49761	16778.0	0	49761
6	12293	4194.5	0	12293
7	3840	1048.6	0	3840
8	1521	262.2	0	1521
9	1428	65.5	0	328 1100
10	2416	16.4	1	85 2331
11	936	4.1	1	26 910
12	225	1.0	1	4 221
13	47	0.3	1	1 46
14	13	0.1	1	0 13
15	3	0.0	1	0 3
16	1	0.0	1	0 1


=== Second read: Adapter PrefixPE/2 ===

Sequence: GTGACTGGAGTTCAGACGTGTGCTCTTCCGATCT; Type: regular 3'; Length: 34; Trimmed: 462048 times

No. of allowed errors:
0-9 bp: 0; 10-19 bp: 1; 20-29 bp: 2; 30-34 bp: 3

Bases preceding removed adapters:
  A: 19.1%
  C: 28.3%
  G: 15.9%
  T: 36.7%
  none/other: 0.0%

Overview of removed sequences
length	count	expect	max.err	error counts
3	372654	268447.3	0	372654
4	63155	67111.8	0	63155
5	19236	16778.0	0	19236
6	4420	4194.5	0	4420
7	1192	1048.6	0	1192
8	199	262.2	0	199
9	432	65.5	0	42 390
10	497	16.4	1	12 485
11	197	4.1	1	0 197
12	33	1.0	1	0 33
13	9	0.3	1	0 9
14	4	0.1	1	0 4
70	9	0.0	3	0 1 4 4
71	2	0.0	3	0 0 1 1
74	1	0.0	3	0 0 1
77	1	0.0	3	0 0 0 1
93	1	0.0	3	0 0 0 1
100	1	0.0	3	0 0 0 1
101	5	0.0	3	0 0 0 5
