This is cutadapt 2.9 with Python 3.6.6
Command line parameters: --interleaved -a file:/nas02/apps/trimmomatic-0.36/Trimmomatic-0.36/adapters/TruSeq3-PE.fa -A file:/nas02/apps/trimmomatic-0.36/Trimmomatic-0.36/adapters/TruSeq3-PE.fa -m 30 /nas/longleaf/home/zpopkinh/Pvivax_resources/wgs_pe_improved_global/fastq/SRS258286/SRR332564_1.fastq.gz /nas/longleaf/home/zpopkinh/Pvivax_resources/wgs_pe_improved_global/fastq/SRS258286/SRR332564_2.fastq.gz
Processing reads on 1 core in paired-end mode ...
Finished in 11939.17 s (326 us/read; 0.18 M reads/minute).

=== Summary ===

Total read pairs processed:         36,648,701
  Read 1 with adapter:               1,297,954 (3.5%)
  Read 2 with adapter:               1,379,665 (3.8%)
Pairs written (passing filters):    36,648,699 (100.0%)

Total basepairs processed: 7,403,037,602 bp
  Read 1: 3,701,518,801 bp
  Read 2: 3,701,518,801 bp
Total written (filtered):  7,394,028,492 bp (99.9%)
  Read 1: 3,697,137,561 bp
  Read 2: 3,696,890,931 bp

=== First read: Adapter PrefixPE/1 ===

Sequence: TACACTCTTTCCCTACACGACGCTCTTCCGATCT; Type: regular 3'; Length: 34; Trimmed: 586878 times

No. of allowed errors:
0-9 bp: 0; 10-19 bp: 1; 20-29 bp: 2; 30-34 bp: 3

Bases preceding removed adapters:
  A: 28.0%
  C: 22.6%
  G: 21.7%
  T: 27.7%
  none/other: 0.0%

Overview of removed sequences
length	count	expect	max.err	error counts
3	394566	572636.0	0	394566
4	146871	143159.0	0	146871
5	31984	35789.7	0	31984
6	7184	8947.4	0	7184
7	1667	2236.9	0	1667
8	394	559.2	0	394
9	1587	139.8	0	143 1444
10	1714	35.0	1	44 1670
11	672	8.7	1	15 657
12	168	2.2	1	2 166
13	50	0.5	1	0 50
14	15	0.1	1	0 15
15	2	0.0	1	0 2
16	1	0.0	1	0 1
52	1	0.0	3	0 0 0 1
101	2	0.0	3	0 0 0 2


=== First read: Adapter PrefixPE/2 ===

Sequence: GTGACTGGAGTTCAGACGTGTGCTCTTCCGATCT; Type: regular 3'; Length: 34; Trimmed: 711076 times

No. of allowed errors:
0-9 bp: 0; 10-19 bp: 1; 20-29 bp: 2; 30-34 bp: 3

Bases preceding removed adapters:
  A: 25.4%
  C: 13.4%
  G: 27.2%
  T: 34.1%
  none/other: 0.0%

Overview of removed sequences
length	count	expect	max.err	error counts
3	550752	572636.0	0	550752
4	127334	143159.0	0	127334
5	22001	35789.7	0	22001
6	6166	8947.4	0	6166
7	1830	2236.9	0	1830
8	420	559.2	0	420
9	1000	139.8	0	104 896
10	1025	35.0	1	25 1000
11	412	8.7	1	11 401
12	100	2.2	1	0 100
13	29	0.5	1	0 29
14	5	0.1	1	0 5
15	2	0.0	1	0 2


=== Second read: Adapter PrefixPE/1 ===

Sequence: TACACTCTTTCCCTACACGACGCTCTTCCGATCT; Type: regular 3'; Length: 34; Trimmed: 584180 times

No. of allowed errors:
0-9 bp: 0; 10-19 bp: 1; 20-29 bp: 2; 30-34 bp: 3

Bases preceding removed adapters:
  A: 27.5%
  C: 22.8%
  G: 21.7%
  T: 28.1%
  none/other: 0.0%

Overview of removed sequences
length	count	expect	max.err	error counts
3	392236	572636.0	0	392236
4	145725	143159.0	0	145725
5	32591	35789.7	0	32591
6	7126	8947.4	0	7126
7	1738	2236.9	0	1738
8	443	559.2	0	443
9	1567	139.8	0	123 1444
10	1802	35.0	1	54 1748
11	677	8.7	1	8 669
12	203	2.2	1	4 199
13	51	0.5	1	1 50
14	14	0.1	1	0 14
15	7	0.0	1	0 7


=== Second read: Adapter PrefixPE/2 ===

Sequence: GTGACTGGAGTTCAGACGTGTGCTCTTCCGATCT; Type: regular 3'; Length: 34; Trimmed: 795485 times

No. of allowed errors:
0-9 bp: 0; 10-19 bp: 1; 20-29 bp: 2; 30-34 bp: 3

Bases preceding removed adapters:
  A: 25.8%
  C: 16.7%
  G: 26.9%
  T: 30.5%
  none/other: 0.0%

Overview of removed sequences
length	count	expect	max.err	error counts
3	634744	572636.0	0	634744
4	127688	143159.0	0	127688
5	22247	35789.7	0	22247
6	6062	8947.4	0	6062
7	1741	2236.9	0	1741
8	396	559.2	0	396
9	1020	139.8	0	109 911
10	1082	35.0	1	32 1050
11	375	8.7	1	5 370
12	99	2.2	1	1 98
13	25	0.5	1	0 25
14	5	0.1	1	0 5
15	1	0.0	1	0 1
