This is cutadapt 2.9 with Python 3.6.6
Command line parameters: --interleaved -a file:/nas02/apps/trimmomatic-0.36/Trimmomatic-0.36/adapters/TruSeq3-PE.fa -A file:/nas02/apps/trimmomatic-0.36/Trimmomatic-0.36/adapters/TruSeq3-PE.fa -m 30 /nas/longleaf/home/zpopkinh/Pvivax_resources/wgs_pe_improved_global/fastq/SRS258286/SRR332561_1.fastq.gz /nas/longleaf/home/zpopkinh/Pvivax_resources/wgs_pe_improved_global/fastq/SRS258286/SRR332561_2.fastq.gz
Processing reads on 1 core in paired-end mode ...
Finished in 38574.55 s (418 us/read; 0.14 M reads/minute).

=== Summary ===

Total read pairs processed:         92,253,939
  Read 1 with adapter:               4,079,330 (4.4%)
  Read 2 with adapter:               3,674,578 (4.0%)
Pairs written (passing filters):    92,253,933 (100.0%)

Total basepairs processed: 18,635,295,678 bp
  Read 1: 9,317,647,839 bp
  Read 2: 9,317,647,839 bp
Total written (filtered):  18,608,740,749 bp (99.9%)
  Read 1: 9,303,512,588 bp
  Read 2: 9,305,228,161 bp

=== First read: Adapter PrefixPE/1 ===

Sequence: TACACTCTTTCCCTACACGACGCTCTTCCGATCT; Type: regular 3'; Length: 34; Trimmed: 2064875 times

No. of allowed errors:
0-9 bp: 0; 10-19 bp: 1; 20-29 bp: 2; 30-34 bp: 3

Bases preceding removed adapters:
  A: 30.3%
  C: 26.9%
  G: 19.0%
  T: 23.7%
  none/other: 0.0%

Overview of removed sequences
length	count	expect	max.err	error counts
3	1212709	1441467.8	0	1212709
4	573133	360366.9	0	573133
5	195994	90091.7	0	195994
6	45691	22522.9	0	45691
7	13481	5630.7	0	13481
8	4644	1407.7	0	4644
9	5831	351.9	0	995 4836
10	8812	88.0	1	325 8487
11	3481	22.0	1	53 3428
12	818	5.5	1	14 804
13	190	1.4	1	7 183
14	62	0.3	1	0 62
15	22	0.1	1	0 22
16	1	0.0	1	0 1
17	1	0.0	1	0 1
19	1	0.0	1	0 0 1
93	1	0.0	3	1
100	1	0.0	3	1
101	2	0.0	3	0 0 2


=== First read: Adapter PrefixPE/2 ===

Sequence: GTGACTGGAGTTCAGACGTGTGCTCTTCCGATCT; Type: regular 3'; Length: 34; Trimmed: 2014455 times

No. of allowed errors:
0-9 bp: 0; 10-19 bp: 1; 20-29 bp: 2; 30-34 bp: 3

Bases preceding removed adapters:
  A: 23.0%
  C: 18.6%
  G: 23.3%
  T: 35.2%
  none/other: 0.0%

Overview of removed sequences
length	count	expect	max.err	error counts
3	1607330	1441467.8	0	1607330
4	298303	360366.9	0	298303
5	76701	90091.7	0	76701
6	18483	22522.9	0	18483
7	5508	5630.7	0	5508
8	1158	1407.7	0	1158
9	2791	351.9	0	200 2591
10	2986	88.0	1	91 2895
11	925	22.0	1	19 906
12	186	5.5	1	3 183
13	56	1.4	1	0 56
14	16	0.3	1	0 16
15	4	0.1	1	0 4
16	3	0.0	1	0 3
17	2	0.0	1	0 2
20	1	0.0	2	0 0 1
101	2	0.0	3	0 0 1 1


=== Second read: Adapter PrefixPE/1 ===

Sequence: TACACTCTTTCCCTACACGACGCTCTTCCGATCT; Type: regular 3'; Length: 34; Trimmed: 1641672 times

No. of allowed errors:
0-9 bp: 0; 10-19 bp: 1; 20-29 bp: 2; 30-34 bp: 3

Bases preceding removed adapters:
  A: 28.2%
  C: 24.1%
  G: 19.7%
  T: 28.0%
  none/other: 0.0%

Overview of removed sequences
length	count	expect	max.err	error counts
3	1052808	1441467.8	0	1052808
4	424192	360366.9	0	424192
5	117448	90091.7	0	117448
6	24355	22522.9	0	24355
7	6447	5630.7	0	6447
8	1768	1407.7	0	1768
9	4963	351.9	0	541 4422
10	6316	88.0	1	200 6116
11	2441	22.0	1	40 2401
12	649	5.5	1	6 643
13	188	1.4	1	2 186
14	78	0.3	1	2 76
15	9	0.1	1	0 9
16	6	0.0	1	0 6
17	1	0.0	1	0 1
19	3	0.0	1	0 0 3


=== Second read: Adapter PrefixPE/2 ===

Sequence: GTGACTGGAGTTCAGACGTGTGCTCTTCCGATCT; Type: regular 3'; Length: 34; Trimmed: 2032906 times

No. of allowed errors:
0-9 bp: 0; 10-19 bp: 1; 20-29 bp: 2; 30-34 bp: 3

Bases preceding removed adapters:
  A: 23.2%
  C: 18.1%
  G: 26.3%
  T: 32.4%
  none/other: 0.0%

Overview of removed sequences
length	count	expect	max.err	error counts
3	1650315	1441467.8	0	1650315
4	295441	360366.9	0	295441
5	60866	90091.7	0	60866
6	14577	22522.9	0	14577
7	4428	5630.7	0	4428
8	1138	1407.7	0	1138
9	2511	351.9	0	183 2328
10	2561	88.0	1	81 2480
11	813	22.0	1	8 805
12	179	5.5	1	3 176
13	54	1.4	1	0 54
14	18	0.3	1	0 18
15	4	0.1	1	0 4
18	1	0.0	1	0 0 1
