This is cutadapt 2.9 with Python 3.6.6
Command line parameters: --interleaved -a file:/nas02/apps/trimmomatic-0.36/Trimmomatic-0.36/adapters/TruSeq3-PE.fa -A file:/nas02/apps/trimmomatic-0.36/Trimmomatic-0.36/adapters/TruSeq3-PE.fa -m 30 /nas/longleaf/home/zpopkinh/Pvivax_resources/wgs_pe_improved_global/fastq/SRS258286/SRR332560_1.fastq.gz /nas/longleaf/home/zpopkinh/Pvivax_resources/wgs_pe_improved_global/fastq/SRS258286/SRR332560_2.fastq.gz
Processing reads on 1 core in paired-end mode ...
Finished in 1761.85 s (104 us/read; 0.58 M reads/minute).

=== Summary ===

Total read pairs processed:         16,986,356
  Read 1 with adapter:                 538,161 (3.2%)
  Read 2 with adapter:                 925,044 (5.4%)
Pairs written (passing filters):    16,986,343 (100.0%)

Total basepairs processed: 3,431,243,912 bp
  Read 1: 1,715,621,956 bp
  Read 2: 1,715,621,956 bp
Total written (filtered):  3,426,171,146 bp (99.9%)
  Read 1: 1,713,786,234 bp
  Read 2: 1,712,384,912 bp

=== First read: Adapter PrefixPE/1 ===

Sequence: TACACTCTTTCCCTACACGACGCTCTTCCGATCT; Type: regular 3'; Length: 34; Trimmed: 274499 times

No. of allowed errors:
0-9 bp: 0; 10-19 bp: 1; 20-29 bp: 2; 30-34 bp: 3

Bases preceding removed adapters:
  A: 30.6%
  C: 22.3%
  G: 18.1%
  T: 29.1%
  none/other: 0.0%

Overview of removed sequences
length	count	expect	max.err	error counts
3	177176	265411.8	0	177176
4	73214	66353.0	0	73214
5	16513	16588.2	0	16513
6	3784	4147.1	0	3784
7	934	1036.8	0	934
8	276	259.2	0	276
9	904	64.8	0	75 829
10	1117	16.2	1	28 1089
11	411	4.0	1	7 404
12	124	1.0	1	4 120
13	24	0.3	1	0 24
14	12	0.1	1	0 12
15	2	0.0	1	0 2
60	1	0.0	3	0 1
100	2	0.0	3	0 1 0 1
101	5	0.0	3	0 1 2 2


=== First read: Adapter PrefixPE/2 ===

Sequence: GTGACTGGAGTTCAGACGTGTGCTCTTCCGATCT; Type: regular 3'; Length: 34; Trimmed: 263662 times

No. of allowed errors:
0-9 bp: 0; 10-19 bp: 1; 20-29 bp: 2; 30-34 bp: 3

Bases preceding removed adapters:
  A: 24.2%
  C: 14.1%
  G: 26.5%
  T: 35.2%
  none/other: 0.0%

Overview of removed sequences
length	count	expect	max.err	error counts
3	206249	265411.8	0	206249
4	44711	66353.0	0	44711
5	8471	16588.2	0	8471
6	2403	4147.1	0	2403
7	673	1036.8	0	673
8	189	259.2	0	189
9	368	64.8	0	35 333
10	416	16.2	1	11 405
11	135	4.0	1	0 135
12	35	1.0	1	0 35
13	8	0.3	1	1 7
14	3	0.1	1	0 3
15	1	0.0	1	0 1


=== Second read: Adapter PrefixPE/1 ===

Sequence: TACACTCTTTCCCTACACGACGCTCTTCCGATCT; Type: regular 3'; Length: 34; Trimmed: 465154 times

No. of allowed errors:
0-9 bp: 0; 10-19 bp: 1; 20-29 bp: 2; 30-34 bp: 3

Bases preceding removed adapters:
  A: 31.5%
  C: 29.4%
  G: 19.7%
  T: 19.4%
  none/other: 0.0%

Overview of removed sequences
length	count	expect	max.err	error counts
3	264694	265411.8	0	264694
4	122992	66353.0	0	122992
5	53906	16588.2	0	53906
6	12392	4147.1	0	12392
7	4323	1036.8	0	4323
8	1660	259.2	0	1660
9	1485	64.8	0	314 1171
10	2461	16.2	1	101 2360
11	942	4.0	1	16 926
12	227	1.0	1	0 227
13	55	0.3	1	1 54
14	11	0.1	1	0 11
15	5	0.0	1	0 5
18	1	0.0	1	0 1


=== Second read: Adapter PrefixPE/2 ===

Sequence: GTGACTGGAGTTCAGACGTGTGCTCTTCCGATCT; Type: regular 3'; Length: 34; Trimmed: 459890 times

No. of allowed errors:
0-9 bp: 0; 10-19 bp: 1; 20-29 bp: 2; 30-34 bp: 3

Bases preceding removed adapters:
  A: 19.7%
  C: 28.4%
  G: 15.0%
  T: 36.9%
  none/other: 0.0%

Overview of removed sequences
length	count	expect	max.err	error counts
3	370021	265411.8	0	370021
4	63055	66353.0	0	63055
5	19623	16588.2	0	19623
6	4607	4147.1	0	4607
7	1251	1036.8	0	1251
8	196	259.2	0	196
9	384	64.8	0	28 356
10	499	16.2	1	9 490
11	189	4.0	1	1 188
12	39	1.0	1	0 39
13	8	0.3	1	0 8
14	1	0.1	1	0 1
58	1	0.0	3	0 0 0 1
70	6	0.0	3	0 0 2 4
71	4	0.0	3	0 0 2 2
73	1	0.0	3	0 0 0 1
76	1	0.0	3	0 0 0 1
83	1	0.0	3	0 0 1
89	1	0.0	3	0 0 0 1
95	1	0.0	3	0 0 0 1
101	1	0.0	3	0 0 0 1
