This is cutadapt 2.9 with Python 3.6.6
Command line parameters: --interleaved -a file:/nas02/apps/trimmomatic-0.36/Trimmomatic-0.36/adapters/TruSeq3-PE.fa -A file:/nas02/apps/trimmomatic-0.36/Trimmomatic-0.36/adapters/TruSeq3-PE.fa -m 30 /nas/longleaf/home/zpopkinh/Pvivax_resources/wgs_pe_improved_global/fastq/SRS258286/SRR332562_1.fastq.gz /nas/longleaf/home/zpopkinh/Pvivax_resources/wgs_pe_improved_global/fastq/SRS258286/SRR332562_2.fastq.gz
Processing reads on 1 core in paired-end mode ...
Finished in 10168.35 s (76 us/read; 0.78 M reads/minute).

=== Summary ===

Total read pairs processed:        132,927,529
  Read 1 with adapter:               4,304,824 (3.2%)
  Read 2 with adapter:               4,705,016 (3.5%)
Pairs written (passing filters):   132,927,504 (100.0%)

Total basepairs processed: 26,851,360,858 bp
  Read 1: 13,425,680,429 bp
  Read 2: 13,425,680,429 bp
Total written (filtered):  26,820,929,418 bp (99.9%)
  Read 1: 13,411,046,315 bp
  Read 2: 13,409,883,103 bp

=== First read: Adapter PrefixPE/1 ===

Sequence: TACACTCTTTCCCTACACGACGCTCTTCCGATCT; Type: regular 3'; Length: 34; Trimmed: 2127322 times

No. of allowed errors:
0-9 bp: 0; 10-19 bp: 1; 20-29 bp: 2; 30-34 bp: 3

Bases preceding removed adapters:
  A: 30.6%
  C: 20.8%
  G: 18.9%
  T: 29.8%
  none/other: 0.0%

Overview of removed sequences
length	count	expect	max.err	error counts
3	1399633	2076992.6	0	1399633
4	567305	519248.2	0	567305
5	110593	129812.0	0	110593
6	26102	32453.0	0	26102
7	5385	8113.3	0	5385
8	1521	2028.3	0	1521
9	6458	507.1	0	511 5947
10	6996	126.8	1	154 6842
11	2404	31.7	1	29 2375
12	653	7.9	1	11 642
13	174	2.0	1	2 172
14	62	0.5	1	0 62
15	11	0.1	1	0 11
16	5	0.0	1	0 5
17	1	0.0	1	0 1
18	1	0.0	1	0 1
36	1	0.0	3	0 0 1
45	1	0.0	3	0 0 1
48	1	0.0	3	0 0 0 1
49	1	0.0	3	0 1
50	1	0.0	3	0 0 0 1
53	1	0.0	3	0 0 0 1
56	1	0.0	3	0 0 0 1
58	1	0.0	3	0 0 0 1
59	1	0.0	3	0 0 1
60	1	0.0	3	0 0 1
63	1	0.0	3	0 0 0 1
64	1	0.0	3	0 1
101	6	0.0	3	0 1 3 2


=== First read: Adapter PrefixPE/2 ===

Sequence: GTGACTGGAGTTCAGACGTGTGCTCTTCCGATCT; Type: regular 3'; Length: 34; Trimmed: 2177502 times

No. of allowed errors:
0-9 bp: 0; 10-19 bp: 1; 20-29 bp: 2; 30-34 bp: 3

Bases preceding removed adapters:
  A: 27.4%
  C: 11.6%
  G: 25.8%
  T: 35.2%
  none/other: 0.0%

Overview of removed sequences
length	count	expect	max.err	error counts
3	1660327	2076992.6	0	1660327
4	410685	519248.2	0	410685
5	68936	129812.0	0	68936
6	20871	32453.0	0	20871
7	6293	8113.3	0	6293
8	1488	2028.3	0	1488
9	3389	507.1	0	327 3062
10	3761	126.8	1	136 3625
11	1290	31.7	1	14 1276
12	325	7.9	1	5 320
13	104	2.0	1	0 104
14	21	0.5	1	1 20
15	8	0.1	1	0 8
16	3	0.0	1	0 3
20	1	0.0	2	0 0 1


=== Second read: Adapter PrefixPE/1 ===

Sequence: TACACTCTTTCCCTACACGACGCTCTTCCGATCT; Type: regular 3'; Length: 34; Trimmed: 2076183 times

No. of allowed errors:
0-9 bp: 0; 10-19 bp: 1; 20-29 bp: 2; 30-34 bp: 3

Bases preceding removed adapters:
  A: 30.8%
  C: 20.4%
  G: 18.3%
  T: 30.4%
  none/other: 0.0%

Overview of removed sequences
length	count	expect	max.err	error counts
3	1365698	2076992.6	0	1365698
4	556281	519248.2	0	556281
5	106147	129812.0	0	106147
6	24971	32453.0	0	24971
7	5377	8113.3	0	5377
8	1544	2028.3	0	1544
9	6173	507.1	0	482 5691
10	6682	126.8	1	164 6518
11	2452	31.7	1	27 2425
12	612	7.9	1	4 608
13	175	2.0	1	1 174
14	53	0.5	1	0 53
15	12	0.1	1	0 12
16	5	0.0	1	0 5
17	1	0.0	1	0 1


=== Second read: Adapter PrefixPE/2 ===

Sequence: GTGACTGGAGTTCAGACGTGTGCTCTTCCGATCT; Type: regular 3'; Length: 34; Trimmed: 2628833 times

No. of allowed errors:
0-9 bp: 0; 10-19 bp: 1; 20-29 bp: 2; 30-34 bp: 3

Bases preceding removed adapters:
  A: 24.3%
  C: 24.5%
  G: 21.7%
  T: 29.5%
  none/other: 0.0%

Overview of removed sequences
length	count	expect	max.err	error counts
3	2112940	2076992.6	0	2112940
4	413507	519248.2	0	413507
5	67151	129812.0	0	67151
6	19692	32453.0	0	19692
7	5766	8113.3	0	5766
8	1341	2028.3	0	1341
9	3110	507.1	0	338 2772
10	3587	126.8	1	80 3507
11	1273	31.7	1	16 1257
12	299	7.9	1	3 296
13	90	2.0	1	1 89
14	23	0.5	1	0 23
15	13	0.1	1	2 11
16	3	0.0	1	0 3
18	1	0.0	1	0 0 1
20	1	0.0	2	0 0 1
25	1	0.0	2	0 1
31	1	0.0	3	0 0 1
32	1	0.0	3	0 0 0 1
33	1	0.0	3	0 1
51	2	0.0	3	0 1 0 1
52	1	0.0	3	0 0 1
70	7	0.0	3	0 0 3 4
71	3	0.0	3	0 0 1 2
72	3	0.0	3	0 0 2 1
73	1	0.0	3	0 0 0 1
74	1	0.0	3	0 0 0 1
75	1	0.0	3	0 0 1
93	1	0.0	3	0 0 1
95	5	0.0	3	0 0 3 2
96	2	0.0	3	0 1 0 1
97	1	0.0	3	0 0 1
100	1	0.0	3	0 0 0 1
101	3	0.0	3	0 0 0 3
