This is cutadapt 2.9 with Python 3.6.6
Command line parameters: --interleaved -a file:/nas02/apps/trimmomatic-0.36/Trimmomatic-0.36/adapters/TruSeq3-PE.fa -A file:/nas02/apps/trimmomatic-0.36/Trimmomatic-0.36/adapters/TruSeq3-PE.fa -m 30 /nas/longleaf/home/zpopkinh/Pvivax_resources/wgs_pe_improved_global/fastq/SRS258286/SRR340091_1.fastq.gz /nas/longleaf/home/zpopkinh/Pvivax_resources/wgs_pe_improved_global/fastq/SRS258286/SRR340091_2.fastq.gz
Processing reads on 1 core in paired-end mode ...
Finished in 2877.76 s (62 us/read; 0.97 M reads/minute).

=== Summary ===

Total read pairs processed:         46,472,094
  Read 1 with adapter:               1,688,348 (3.6%)
  Read 2 with adapter:               1,767,960 (3.8%)
Pairs written (passing filters):    46,472,094 (100.0%)

Total basepairs processed: 7,063,758,288 bp
  Read 1: 3,531,879,144 bp
  Read 2: 3,531,879,144 bp
Total written (filtered):  7,052,015,238 bp (99.8%)
  Read 1: 3,526,155,421 bp
  Read 2: 3,525,859,817 bp

=== First read: Adapter PrefixPE/1 ===

Sequence: TACACTCTTTCCCTACACGACGCTCTTCCGATCT; Type: regular 3'; Length: 34; Trimmed: 873895 times

No. of allowed errors:
0-9 bp: 0; 10-19 bp: 1; 20-29 bp: 2; 30-34 bp: 3

Bases preceding removed adapters:
  A: 33.0%
  C: 19.0%
  G: 17.1%
  T: 30.9%
  none/other: 0.0%

Overview of removed sequences
length	count	expect	max.err	error counts
3	572799	726126.5	0	572799
4	236593	181531.6	0	236593
5	43582	45382.9	0	43582
6	10714	11345.7	0	10714
7	2284	2836.4	0	2284
8	597	709.1	0	597
9	2844	177.3	0	200 2644
10	3025	44.3	1	69 2956
11	1086	11.1	1	11 1075
12	270	2.8	1	5 265
13	78	0.7	1	0 78
14	16	0.2	1	1 15
15	4	0.0	1	0 4
16	2	0.0	1	0 2
17	1	0.0	1	0 1


=== First read: Adapter PrefixPE/2 ===

Sequence: GTGACTGGAGTTCAGACGTGTGCTCTTCCGATCT; Type: regular 3'; Length: 34; Trimmed: 814453 times

No. of allowed errors:
0-9 bp: 0; 10-19 bp: 1; 20-29 bp: 2; 30-34 bp: 3

Bases preceding removed adapters:
  A: 26.6%
  C: 11.2%
  G: 25.9%
  T: 36.3%
  none/other: 0.0%

Overview of removed sequences
length	count	expect	max.err	error counts
3	637171	726126.5	0	637171
4	140396	181531.6	0	140396
5	24786	45382.9	0	24786
6	6857	11345.7	0	6857
7	1949	2836.4	0	1949
8	423	709.1	0	423
9	1080	177.3	0	104 976
10	1215	44.3	1	37 1178
11	420	11.1	1	6 414
12	115	2.8	1	1 114
13	30	0.7	1	0 30
14	5	0.2	1	0 5
15	5	0.0	1	0 5
16	1	0.0	1	0 1


=== Second read: Adapter PrefixPE/1 ===

Sequence: TACACTCTTTCCCTACACGACGCTCTTCCGATCT; Type: regular 3'; Length: 34; Trimmed: 934740 times

No. of allowed errors:
0-9 bp: 0; 10-19 bp: 1; 20-29 bp: 2; 30-34 bp: 3

Bases preceding removed adapters:
  A: 33.4%
  C: 19.5%
  G: 17.2%
  T: 29.9%
  none/other: 0.0%

Overview of removed sequences
length	count	expect	max.err	error counts
3	608456	726126.5	0	608456
4	253928	181531.6	0	253928
5	49054	45382.9	0	49054
6	11990	11345.7	0	11990
7	2685	2836.4	0	2685
8	793	709.1	0	793
9	2886	177.3	0	264 2622
10	3306	44.3	1	71 3235
11	1189	11.1	1	19 1170
12	336	2.8	1	3 333
13	84	0.7	1	0 84
14	26	0.2	1	1 25
15	5	0.0	1	0 5
16	2	0.0	1	0 2


=== Second read: Adapter PrefixPE/2 ===

Sequence: GTGACTGGAGTTCAGACGTGTGCTCTTCCGATCT; Type: regular 3'; Length: 34; Trimmed: 833220 times

No. of allowed errors:
0-9 bp: 0; 10-19 bp: 1; 20-29 bp: 2; 30-34 bp: 3

Bases preceding removed adapters:
  A: 27.0%
  C: 11.5%
  G: 23.9%
  T: 37.6%
  none/other: 0.0%

Overview of removed sequences
length	count	expect	max.err	error counts
3	641185	726126.5	0	641185
4	153283	181531.6	0	153283
5	25581	45382.9	0	25581
6	7578	11345.7	0	7578
7	2241	2836.4	0	2241
8	443	709.1	0	443
9	1048	177.3	0	109 939
10	1218	44.3	1	38 1180
11	491	11.1	1	9 482
12	107	2.8	1	3 104
13	32	0.7	1	0 32
14	11	0.2	1	0 11
15	1	0.0	1	0 1
17	1	0.0	1	0 1
