This is cutadapt 2.9 with Python 3.6.6
Command line parameters: --interleaved -a file:/nas02/apps/trimmomatic-0.36/Trimmomatic-0.36/adapters/TruSeq3-PE.fa -A file:/nas02/apps/trimmomatic-0.36/Trimmomatic-0.36/adapters/TruSeq3-PE.fa -m 30 /nas/longleaf/home/zpopkinh/Pvivax_resources/wgs_pe_improved_global/fastq/SRS258286/SRR332566_1.fastq.gz /nas/longleaf/home/zpopkinh/Pvivax_resources/wgs_pe_improved_global/fastq/SRS258286/SRR332566_2.fastq.gz
Processing reads on 1 core in paired-end mode ...
Finished in 33568.95 s (384 us/read; 0.16 M reads/minute).

=== Summary ===

Total read pairs processed:         87,526,066
  Read 1 with adapter:               3,641,545 (4.2%)
  Read 2 with adapter:               3,327,418 (3.8%)
Pairs written (passing filters):    87,526,061 (100.0%)

Total basepairs processed: 17,680,265,332 bp
  Read 1: 8,840,132,666 bp
  Read 2: 8,840,132,666 bp
Total written (filtered):  17,656,469,309 bp (99.9%)
  Read 1: 8,827,633,958 bp
  Read 2: 8,828,835,351 bp

=== First read: Adapter PrefixPE/1 ===

Sequence: TACACTCTTTCCCTACACGACGCTCTTCCGATCT; Type: regular 3'; Length: 34; Trimmed: 1810043 times

No. of allowed errors:
0-9 bp: 0; 10-19 bp: 1; 20-29 bp: 2; 30-34 bp: 3

Bases preceding removed adapters:
  A: 29.8%
  C: 25.2%
  G: 19.0%
  T: 26.0%
  none/other: 0.0%

Overview of removed sequences
length	count	expect	max.err	error counts
3	1113206	1367594.8	0	1113206
4	494875	341898.7	0	494875
5	142418	85474.7	0	142418
6	32042	21368.7	0	32042
7	8796	5342.2	0	8796
8	2660	1335.5	0	2660
9	5142	333.9	0	660 4482
10	7214	83.5	1	216 6998
11	2773	20.9	1	42 2731
12	699	5.2	1	9 690
13	144	1.3	1	7 137
14	52	0.3	1	1 51
15	8	0.1	1	0 8
16	6	0.0	1	0 6
17	1	0.0	1	0 1
18	1	0.0	1	0 0 1
19	1	0.0	1	0 1
20	2	0.0	2	0 0 2
101	3	0.0	3	0 0 0 3


=== First read: Adapter PrefixPE/2 ===

Sequence: GTGACTGGAGTTCAGACGTGTGCTCTTCCGATCT; Type: regular 3'; Length: 34; Trimmed: 1831502 times

No. of allowed errors:
0-9 bp: 0; 10-19 bp: 1; 20-29 bp: 2; 30-34 bp: 3

Bases preceding removed adapters:
  A: 24.0%
  C: 15.2%
  G: 25.8%
  T: 35.0%
  none/other: 0.0%

Overview of removed sequences
length	count	expect	max.err	error counts
3	1446167	1367594.8	0	1446167
4	294034	341898.7	0	294034
5	62426	85474.7	0	62426
6	16515	21368.7	0	16515
7	4872	5342.2	0	4872
8	1076	1335.5	0	1076
9	2474	333.9	0	202 2272
10	2762	83.5	1	77 2685
11	958	20.9	1	11 947
12	157	5.2	1	2 155
13	42	1.3	1	0 42
14	12	0.3	1	0 12
15	4	0.1	1	0 4
21	1	0.0	2	0 0 1
101	2	0.0	3	0 0 2


=== Second read: Adapter PrefixPE/1 ===

Sequence: TACACTCTTTCCCTACACGACGCTCTTCCGATCT; Type: regular 3'; Length: 34; Trimmed: 1595554 times

No. of allowed errors:
0-9 bp: 0; 10-19 bp: 1; 20-29 bp: 2; 30-34 bp: 3

Bases preceding removed adapters:
  A: 28.6%
  C: 23.3%
  G: 19.7%
  T: 28.4%
  none/other: 0.0%

Overview of removed sequences
length	count	expect	max.err	error counts
3	1044787	1367594.8	0	1044787
4	405900	341898.7	0	405900
5	101821	85474.7	0	101821
6	23127	21368.7	0	23127
7	5297	5342.2	0	5297
8	1493	1335.5	0	1493
9	4589	333.9	0	449 4140
10	5440	83.5	1	146 5294
11	2173	20.9	1	35 2138
12	649	5.2	1	9 640
13	196	1.3	1	2 194
14	63	0.3	1	0 63
15	15	0.1	1	0 15
16	3	0.0	1	0 3
17	1	0.0	1	0 1


=== Second read: Adapter PrefixPE/2 ===

Sequence: GTGACTGGAGTTCAGACGTGTGCTCTTCCGATCT; Type: regular 3'; Length: 34; Trimmed: 1731864 times

No. of allowed errors:
0-9 bp: 0; 10-19 bp: 1; 20-29 bp: 2; 30-34 bp: 3

Bases preceding removed adapters:
  A: 25.3%
  C: 15.2%
  G: 25.6%
  T: 33.9%
  none/other: 0.0%

Overview of removed sequences
length	count	expect	max.err	error counts
3	1353585	1367594.8	0	1353585
4	296324	341898.7	0	296324
5	55972	85474.7	0	55972
6	14711	21368.7	0	14711
7	4317	5342.2	0	4317
8	1086	1335.5	0	1086
9	2276	333.9	0	243 2033
10	2548	83.5	1	72 2476
11	823	20.9	1	10 813
12	165	5.2	1	3 162
13	41	1.3	1	0 41
14	11	0.3	1	0 11
15	4	0.1	1	0 4
19	1	0.0	1	0 0 1
