This is cutadapt 2.9 with Python 3.6.6
Command line parameters: --interleaved -a file:/nas02/apps/trimmomatic-0.36/Trimmomatic-0.36/adapters/TruSeq3-PE.fa -A file:/nas02/apps/trimmomatic-0.36/Trimmomatic-0.36/adapters/TruSeq3-PE.fa -m 30 /nas/longleaf/home/zpopkinh/Pvivax_resources/wgs_pe_improved_global/fastq/SRS1885934/SRR5136544_1.fastq.gz /nas/longleaf/home/zpopkinh/Pvivax_resources/wgs_pe_improved_global/fastq/SRS1885934/SRR5136544_2.fastq.gz
Processing reads on 1 core in paired-end mode ...
Finished in 49.89 s (61 us/read; 0.98 M reads/minute).

=== Summary ===

Total read pairs processed:            818,851
  Read 1 with adapter:                  33,236 (4.1%)
  Read 2 with adapter:                  44,794 (5.5%)
Pairs written (passing filters):       818,851 (100.0%)

Total basepairs processed:   163,770,200 bp
  Read 1:    81,885,100 bp
  Read 2:    81,885,100 bp
Total written (filtered):    163,492,139 bp (99.8%)
  Read 1:    81,763,484 bp
  Read 2:    81,728,655 bp

=== First read: Adapter PrefixPE/1 ===

Sequence: TACACTCTTTCCCTACACGACGCTCTTCCGATCT; Type: regular 3'; Length: 34; Trimmed: 23599 times

No. of allowed errors:
0-9 bp: 0; 10-19 bp: 1; 20-29 bp: 2; 30-34 bp: 3

Bases preceding removed adapters:
  A: 74.0%
  C: 8.9%
  G: 8.1%
  T: 9.1%
  none/other: 0.0%

Overview of removed sequences
length	count	expect	max.err	error counts
3	10763	12794.5	0	10763
4	7048	3198.6	0	7048
5	5631	799.7	0	5631
6	88	199.9	0	88
7	13	50.0	0	13
8	6	12.5	0	6
9	18	3.1	0	1 17
10	18	0.8	1	1 17
11	12	0.2	1	0 12
12	2	0.0	1	0 2


=== First read: Adapter PrefixPE/2 ===

Sequence: GTGACTGGAGTTCAGACGTGTGCTCTTCCGATCT; Type: regular 3'; Length: 34; Trimmed: 9637 times

No. of allowed errors:
0-9 bp: 0; 10-19 bp: 1; 20-29 bp: 2; 30-34 bp: 3

Bases preceding removed adapters:
  A: 23.5%
  C: 18.9%
  G: 28.3%
  T: 29.3%
  none/other: 0.0%

Overview of removed sequences
length	count	expect	max.err	error counts
3	7408	12794.5	0	7408
4	1817	3198.6	0	1817
5	271	799.7	0	271
6	78	199.9	0	78
7	41	50.0	0	41
9	11	3.1	0	0 11
10	7	0.8	1	1 6
11	4	0.2	1	0 4


=== Second read: Adapter PrefixPE/1 ===

Sequence: TACACTCTTTCCCTACACGACGCTCTTCCGATCT; Type: regular 3'; Length: 34; Trimmed: 23747 times

No. of allowed errors:
0-9 bp: 0; 10-19 bp: 1; 20-29 bp: 2; 30-34 bp: 3

Bases preceding removed adapters:
  A: 73.9%
  C: 8.3%
  G: 8.3%
  T: 9.5%
  none/other: 0.0%

Overview of removed sequences
length	count	expect	max.err	error counts
3	10887	12794.5	0	10887
4	7072	3198.6	0	7072
5	5607	799.7	0	5607
6	92	199.9	0	92
7	18	50.0	0	18
8	10	12.5	0	10
9	21	3.1	0	0 21
10	23	0.8	1	0 23
11	12	0.2	1	0 12
12	3	0.0	1	0 3
13	1	0.0	1	0 1
14	1	0.0	1	0 1


=== Second read: Adapter PrefixPE/2 ===

Sequence: GTGACTGGAGTTCAGACGTGTGCTCTTCCGATCT; Type: regular 3'; Length: 34; Trimmed: 21047 times

No. of allowed errors:
0-9 bp: 0; 10-19 bp: 1; 20-29 bp: 2; 30-34 bp: 3

Bases preceding removed adapters:
  A: 11.6%
  C: 9.5%
  G: 65.8%
  T: 13.1%
  none/other: 0.0%

Overview of removed sequences
length	count	expect	max.err	error counts
3	18766	12794.5	0	18766
4	1839	3198.6	0	1839
5	331	799.7	0	331
6	61	199.9	0	61
7	28	50.0	0	28
9	7	3.1	0	0 7
10	10	0.8	1	1 9
11	5	0.2	1	0 5
