This is cutadapt 2.9 with Python 3.6.6
Command line parameters: --interleaved -a file:/nas02/apps/trimmomatic-0.36/Trimmomatic-0.36/adapters/TruSeq3-PE.fa -A file:/nas02/apps/trimmomatic-0.36/Trimmomatic-0.36/adapters/TruSeq3-PE.fa -m 30 /nas/longleaf/home/zpopkinh/Pvivax_resources/wgs_pe_improved_global/fastq/ERS055879/ERR111711_1.fastq.gz /nas/longleaf/home/zpopkinh/Pvivax_resources/wgs_pe_improved_global/fastq/ERS055879/ERR111711_2.fastq.gz
Processing reads on 1 core in paired-end mode ...
Finished in 1469.60 s (91 us/read; 0.66 M reads/minute).

=== Summary ===

Total read pairs processed:         16,070,040
  Read 1 with adapter:                 599,461 (3.7%)
  Read 2 with adapter:                 590,346 (3.7%)
Pairs written (passing filters):    16,070,037 (100.0%)

Total basepairs processed: 3,214,008,000 bp
  Read 1: 1,607,004,000 bp
  Read 2: 1,607,004,000 bp
Total written (filtered):  3,210,000,133 bp (99.9%)
  Read 1: 1,604,985,170 bp
  Read 2: 1,605,014,963 bp

=== First read: Adapter PrefixPE/1 ===

Sequence: TACACTCTTTCCCTACACGACGCTCTTCCGATCT; Type: regular 3'; Length: 34; Trimmed: 303221 times

No. of allowed errors:
0-9 bp: 0; 10-19 bp: 1; 20-29 bp: 2; 30-34 bp: 3

Bases preceding removed adapters:
  A: 27.3%
  C: 20.2%
  G: 24.1%
  T: 28.4%
  none/other: 0.0%

Overview of removed sequences
length	count	expect	max.err	error counts
3	203967	251094.4	0	203967
4	75218	62773.6	0	75218
5	17462	15693.4	0	17462
6	3326	3923.3	0	3326
7	816	980.8	0	816
8	165	245.2	0	165
9	877	61.3	0	52 825
10	949	15.3	1	12 937
11	337	3.8	1	5 332
12	76	1.0	1	0 76
13	17	0.2	1	0 17
14	6	0.1	1	0 6
15	1	0.0	1	0 1
31	1	0.0	3	0 0 1
100	3	0.0	3	0 0 0 3


=== First read: Adapter PrefixPE/2 ===

Sequence: GTGACTGGAGTTCAGACGTGTGCTCTTCCGATCT; Type: regular 3'; Length: 34; Trimmed: 296240 times

No. of allowed errors:
0-9 bp: 0; 10-19 bp: 1; 20-29 bp: 2; 30-34 bp: 3

Bases preceding removed adapters:
  A: 23.3%
  C: 18.9%
  G: 26.8%
  T: 31.0%
  none/other: 0.0%

Overview of removed sequences
length	count	expect	max.err	error counts
3	232743	251094.4	0	232743
4	52314	62773.6	0	52314
5	8288	15693.4	0	8288
6	1787	3923.3	0	1787
7	438	980.8	0	438
8	67	245.2	0	67
9	287	61.3	0	13 274
10	226	15.3	1	4 222
11	69	3.8	1	0 69
12	18	1.0	1	0 18
13	3	0.2	1	0 3


=== Second read: Adapter PrefixPE/1 ===

Sequence: TACACTCTTTCCCTACACGACGCTCTTCCGATCT; Type: regular 3'; Length: 34; Trimmed: 300334 times

No. of allowed errors:
0-9 bp: 0; 10-19 bp: 1; 20-29 bp: 2; 30-34 bp: 3

Bases preceding removed adapters:
  A: 27.6%
  C: 20.1%
  G: 23.9%
  T: 28.3%
  none/other: 0.0%

Overview of removed sequences
length	count	expect	max.err	error counts
3	201860	251094.4	0	201860
4	74941	62773.6	0	74941
5	16972	15693.4	0	16972
6	3359	3923.3	0	3359
7	779	980.8	0	779
8	183	245.2	0	183
9	902	61.3	0	58 844
10	887	15.3	1	24 863
11	346	3.8	1	3 343
12	70	1.0	1	1 69
13	23	0.2	1	0 23
14	12	0.1	1	0 12


=== Second read: Adapter PrefixPE/2 ===

Sequence: GTGACTGGAGTTCAGACGTGTGCTCTTCCGATCT; Type: regular 3'; Length: 34; Trimmed: 290012 times

No. of allowed errors:
0-9 bp: 0; 10-19 bp: 1; 20-29 bp: 2; 30-34 bp: 3

Bases preceding removed adapters:
  A: 23.4%
  C: 18.7%
  G: 27.0%
  T: 30.9%
  none/other: 0.0%

Overview of removed sequences
length	count	expect	max.err	error counts
3	227842	251094.4	0	227842
4	51115	62773.6	0	51115
5	8106	15693.4	0	8106
6	1750	3923.3	0	1750
7	446	980.8	0	446
8	79	245.2	0	79
9	309	61.3	0	11 298
10	250	15.3	1	4 246
11	83	3.8	1	2 81
12	20	1.0	1	0 20
13	11	0.2	1	0 11
14	1	0.1	1	0 1
