This is cutadapt 2.9 with Python 3.6.6
Command line parameters: --interleaved -a file:/nas02/apps/trimmomatic-0.36/Trimmomatic-0.36/adapters/TruSeq3-PE.fa -A file:/nas02/apps/trimmomatic-0.36/Trimmomatic-0.36/adapters/TruSeq3-PE.fa -m 30 /nas/longleaf/home/zpopkinh/Pvivax_resources/wgs_pe_improved_global/fastq/SRS693544/SRR1567960_1.fastq.gz /nas/longleaf/home/zpopkinh/Pvivax_resources/wgs_pe_improved_global/fastq/SRS693544/SRR1567960_2.fastq.gz
Processing reads on 1 core in paired-end mode ...
Finished in 1.49 s (49 us/read; 1.22 M reads/minute).

=== Summary ===

Total read pairs processed:             30,226
  Read 1 with adapter:                   1,093 (3.6%)
  Read 2 with adapter:                   1,173 (3.9%)
Pairs written (passing filters):        30,226 (100.0%)

Total basepairs processed:     6,105,652 bp
  Read 1:     3,052,826 bp
  Read 2:     3,052,826 bp
Total written (filtered):      6,097,894 bp (99.9%)
  Read 1:     3,049,064 bp
  Read 2:     3,048,830 bp

=== First read: Adapter PrefixPE/1 ===

Sequence: TACACTCTTTCCCTACACGACGCTCTTCCGATCT; Type: regular 3'; Length: 34; Trimmed: 503 times

No. of allowed errors:
0-9 bp: 0; 10-19 bp: 1; 20-29 bp: 2; 30-34 bp: 3

Bases preceding removed adapters:
  A: 19.3%
  C: 19.1%
  G: 11.3%
  T: 50.3%
  none/other: 0.0%

Overview of removed sequences
length	count	expect	max.err	error counts
3	281	472.3	0	281
4	159	118.1	0	159
5	59	29.5	0	59
6	1	7.4	0	1
7	1	1.8	0	1
9	1	0.1	0	0 1
10	1	0.0	1	0 1


=== First read: Adapter PrefixPE/2 ===

Sequence: GTGACTGGAGTTCAGACGTGTGCTCTTCCGATCT; Type: regular 3'; Length: 34; Trimmed: 590 times

No. of allowed errors:
0-9 bp: 0; 10-19 bp: 1; 20-29 bp: 2; 30-34 bp: 3

Bases preceding removed adapters:
  A: 27.8%
  C: 10.2%
  G: 26.8%
  T: 35.3%
  none/other: 0.0%

Overview of removed sequences
length	count	expect	max.err	error counts
3	431	472.3	0	431
4	139	118.1	0	139
5	16	29.5	0	16
6	3	7.4	0	3
9	1	0.1	0	0 1


=== Second read: Adapter PrefixPE/1 ===

Sequence: TACACTCTTTCCCTACACGACGCTCTTCCGATCT; Type: regular 3'; Length: 34; Trimmed: 501 times

No. of allowed errors:
0-9 bp: 0; 10-19 bp: 1; 20-29 bp: 2; 30-34 bp: 3

Bases preceding removed adapters:
  A: 27.1%
  C: 17.2%
  G: 10.0%
  T: 45.7%
  none/other: 0.0%

Overview of removed sequences
length	count	expect	max.err	error counts
3	292	472.3	0	292
4	144	118.1	0	144
5	57	29.5	0	57
6	2	7.4	0	2
7	3	1.8	0	3
8	1	0.5	0	1
9	1	0.1	0	0 1
10	1	0.0	1	0 1


=== Second read: Adapter PrefixPE/2 ===

Sequence: GTGACTGGAGTTCAGACGTGTGCTCTTCCGATCT; Type: regular 3'; Length: 34; Trimmed: 672 times

No. of allowed errors:
0-9 bp: 0; 10-19 bp: 1; 20-29 bp: 2; 30-34 bp: 3

Bases preceding removed adapters:
  A: 26.2%
  C: 23.1%
  G: 20.5%
  T: 30.2%
  none/other: 0.0%

Overview of removed sequences
length	count	expect	max.err	error counts
3	521	472.3	0	521
4	136	118.1	0	136
5	9	29.5	0	9
6	3	7.4	0	3
9	1	0.1	0	0 1
10	2	0.0	1	0 2
