This is cutadapt 2.9 with Python 3.6.6
Command line parameters: --interleaved -a file:/nas02/apps/trimmomatic-0.36/Trimmomatic-0.36/adapters/TruSeq3-PE.fa -A file:/nas02/apps/trimmomatic-0.36/Trimmomatic-0.36/adapters/TruSeq3-PE.fa -m 30 /nas/longleaf/home/zpopkinh/Pvivax_resources/wgs_pe_improved_global/fastq/ERS980427/ERR1475352_1.fastq.gz /nas/longleaf/home/zpopkinh/Pvivax_resources/wgs_pe_improved_global/fastq/ERS980427/ERR1475352_2.fastq.gz
Processing reads on 1 core in paired-end mode ...
Finished in 294.03 s (97 us/read; 0.62 M reads/minute).

=== Summary ===

Total read pairs processed:          3,041,826
  Read 1 with adapter:                 113,574 (3.7%)
  Read 2 with adapter:                 111,939 (3.7%)
Pairs written (passing filters):     3,041,826 (100.0%)

Total basepairs processed:   608,365,200 bp
  Read 1:   304,182,600 bp
  Read 2:   304,182,600 bp
Total written (filtered):    607,596,241 bp (99.9%)
  Read 1:   303,794,948 bp
  Read 2:   303,801,293 bp

=== First read: Adapter PrefixPE/1 ===

Sequence: TACACTCTTTCCCTACACGACGCTCTTCCGATCT; Type: regular 3'; Length: 34; Trimmed: 60876 times

No. of allowed errors:
0-9 bp: 0; 10-19 bp: 1; 20-29 bp: 2; 30-34 bp: 3

Bases preceding removed adapters:
  A: 27.9%
  C: 18.0%
  G: 26.8%
  T: 27.3%
  none/other: 0.0%

Overview of removed sequences
length	count	expect	max.err	error counts
3	39673	47528.5	0	39673
4	16194	11882.1	0	16194
5	3209	2970.5	0	3209
6	749	742.6	0	749
7	226	185.7	0	226
8	43	46.4	0	43
9	175	11.6	0	18 157
10	481	2.9	1	7 474
11	102	0.7	1	1 101
12	17	0.2	1	0 17
13	5	0.0	1	1 4
14	1	0.0	1	0 1
15	1	0.0	1	0 1


=== First read: Adapter PrefixPE/2 ===

Sequence: GTGACTGGAGTTCAGACGTGTGCTCTTCCGATCT; Type: regular 3'; Length: 34; Trimmed: 52698 times

No. of allowed errors:
0-9 bp: 0; 10-19 bp: 1; 20-29 bp: 2; 30-34 bp: 3

Bases preceding removed adapters:
  A: 26.0%
  C: 15.3%
  G: 23.2%
  T: 35.6%
  none/other: 0.0%

Overview of removed sequences
length	count	expect	max.err	error counts
3	40814	47528.5	0	40814
4	9795	11882.1	0	9795
5	1423	2970.5	0	1423
6	377	742.6	0	377
7	81	185.7	0	81
8	9	46.4	0	9
9	85	11.6	0	0 85
10	79	2.9	1	2 77
11	28	0.7	1	0 28
12	5	0.2	1	0 5
13	2	0.0	1	0 2


=== Second read: Adapter PrefixPE/1 ===

Sequence: TACACTCTTTCCCTACACGACGCTCTTCCGATCT; Type: regular 3'; Length: 34; Trimmed: 59986 times

No. of allowed errors:
0-9 bp: 0; 10-19 bp: 1; 20-29 bp: 2; 30-34 bp: 3

Bases preceding removed adapters:
  A: 28.2%
  C: 18.1%
  G: 26.5%
  T: 27.2%
  none/other: 0.0%

Overview of removed sequences
length	count	expect	max.err	error counts
3	39135	47528.5	0	39135
4	15983	11882.1	0	15983
5	3134	2970.5	0	3134
6	786	742.6	0	786
7	189	185.7	0	189
8	44	46.4	0	44
9	166	11.6	0	21 145
10	432	2.9	1	9 423
11	100	0.7	1	2 98
12	9	0.2	1	0 9
13	7	0.0	1	1 6
14	1	0.0	1	0 1


=== Second read: Adapter PrefixPE/2 ===

Sequence: GTGACTGGAGTTCAGACGTGTGCTCTTCCGATCT; Type: regular 3'; Length: 34; Trimmed: 51953 times

No. of allowed errors:
0-9 bp: 0; 10-19 bp: 1; 20-29 bp: 2; 30-34 bp: 3

Bases preceding removed adapters:
  A: 26.1%
  C: 15.3%
  G: 23.4%
  T: 35.2%
  none/other: 0.0%

Overview of removed sequences
length	count	expect	max.err	error counts
3	40497	47528.5	0	40497
4	9409	11882.1	0	9409
5	1379	2970.5	0	1379
6	395	742.6	0	395
7	87	185.7	0	87
8	12	46.4	0	12
9	88	11.6	0	3 85
10	62	2.9	1	2 60
11	16	0.7	1	0 16
12	7	0.2	1	0 7
13	1	0.0	1	0 1
