This is cutadapt 2.9 with Python 3.6.6
Command line parameters: --interleaved -a file:/nas02/apps/trimmomatic-0.36/Trimmomatic-0.36/adapters/TruSeq3-PE.fa -A file:/nas02/apps/trimmomatic-0.36/Trimmomatic-0.36/adapters/TruSeq3-PE.fa -m 30 /nas/longleaf/home/zpopkinh/Pvivax_resources/wgs_pe_improved_global/fastq/ERS403551/ERR527369_1.fastq.gz /nas/longleaf/home/zpopkinh/Pvivax_resources/wgs_pe_improved_global/fastq/ERS403551/ERR527369_2.fastq.gz
Processing reads on 1 core in paired-end mode ...
Finished in 1179.74 s (77 us/read; 0.78 M reads/minute).

=== Summary ===

Total read pairs processed:         15,393,000
  Read 1 with adapter:                 567,162 (3.7%)
  Read 2 with adapter:                 557,630 (3.6%)
Pairs written (passing filters):    15,392,999 (100.0%)

Total basepairs processed: 3,078,600,000 bp
  Read 1: 1,539,300,000 bp
  Read 2: 1,539,300,000 bp
Total written (filtered):  3,074,799,128 bp (99.9%)
  Read 1: 1,537,382,584 bp
  Read 2: 1,537,416,544 bp

=== First read: Adapter PrefixPE/1 ===

Sequence: TACACTCTTTCCCTACACGACGCTCTTCCGATCT; Type: regular 3'; Length: 34; Trimmed: 304628 times

No. of allowed errors:
0-9 bp: 0; 10-19 bp: 1; 20-29 bp: 2; 30-34 bp: 3

Bases preceding removed adapters:
  A: 29.0%
  C: 18.6%
  G: 22.7%
  T: 29.7%
  none/other: 0.0%

Overview of removed sequences
length	count	expect	max.err	error counts
3	202552	240515.6	0	202552
4	78914	60128.9	0	78914
5	16434	15032.2	0	16434
6	3576	3758.1	0	3576
7	716	939.5	0	716
8	177	234.9	0	177
9	909	58.7	0	59 850
10	915	14.7	1	25 890
11	340	3.7	1	0 340
12	67	0.9	1	0 67
13	23	0.2	1	0 23
14	4	0.1	1	0 4
100	1	0.0	3	0 0 1


=== First read: Adapter PrefixPE/2 ===

Sequence: GTGACTGGAGTTCAGACGTGTGCTCTTCCGATCT; Type: regular 3'; Length: 34; Trimmed: 262534 times

No. of allowed errors:
0-9 bp: 0; 10-19 bp: 1; 20-29 bp: 2; 30-34 bp: 3

Bases preceding removed adapters:
  A: 24.0%
  C: 18.4%
  G: 25.6%
  T: 32.0%
  none/other: 0.0%

Overview of removed sequences
length	count	expect	max.err	error counts
3	204312	240515.6	0	204312
4	48052	60128.9	0	48052
5	7459	15032.2	0	7459
6	1616	3758.1	0	1616
7	359	939.5	0	359
8	65	234.9	0	65
9	306	58.7	0	24 282
10	249	14.7	1	7 242
11	88	3.7	1	0 88
12	24	0.9	1	0 24
13	4	0.2	1	0 4


=== Second read: Adapter PrefixPE/1 ===

Sequence: TACACTCTTTCCCTACACGACGCTCTTCCGATCT; Type: regular 3'; Length: 34; Trimmed: 299821 times

No. of allowed errors:
0-9 bp: 0; 10-19 bp: 1; 20-29 bp: 2; 30-34 bp: 3

Bases preceding removed adapters:
  A: 29.1%
  C: 18.5%
  G: 22.6%
  T: 29.8%
  none/other: 0.0%

Overview of removed sequences
length	count	expect	max.err	error counts
3	199599	240515.6	0	199599
4	77697	60128.9	0	77697
5	15991	15032.2	0	15991
6	3566	3758.1	0	3566
7	672	939.5	0	672
8	154	234.9	0	154
9	831	58.7	0	65 766
10	901	14.7	1	27 874
11	335	3.7	1	1 334
12	59	0.9	1	0 59
13	11	0.2	1	0 11
14	3	0.1	1	0 3
15	2	0.0	1	0 2


=== Second read: Adapter PrefixPE/2 ===

Sequence: GTGACTGGAGTTCAGACGTGTGCTCTTCCGATCT; Type: regular 3'; Length: 34; Trimmed: 257809 times

No. of allowed errors:
0-9 bp: 0; 10-19 bp: 1; 20-29 bp: 2; 30-34 bp: 3

Bases preceding removed adapters:
  A: 23.8%
  C: 18.2%
  G: 25.7%
  T: 32.2%
  none/other: 0.0%

Overview of removed sequences
length	count	expect	max.err	error counts
3	201057	240515.6	0	201057
4	46943	60128.9	0	46943
5	7179	15032.2	0	7179
6	1603	3758.1	0	1603
7	367	939.5	0	367
8	51	234.9	0	51
9	268	58.7	0	18 250
10	237	14.7	1	8 229
11	80	3.7	1	1 79
12	20	0.9	1	0 20
13	4	0.2	1	0 4
