This is cutadapt 2.9 with Python 3.6.6
Command line parameters: --interleaved -a file:/nas02/apps/trimmomatic-0.36/Trimmomatic-0.36/adapters/TruSeq3-PE.fa -A file:/nas02/apps/trimmomatic-0.36/Trimmomatic-0.36/adapters/TruSeq3-PE.fa -m 30 /nas/longleaf/home/zpopkinh/Pvivax_resources/wgs_pe_improved_global/fastq/SRS693954/SRR1565090_1.fastq.gz /nas/longleaf/home/zpopkinh/Pvivax_resources/wgs_pe_improved_global/fastq/SRS693954/SRR1565090_2.fastq.gz
Processing reads on 1 core in paired-end mode ...
Finished in 7.37 s (47 us/read; 1.28 M reads/minute).

=== Summary ===

Total read pairs processed:            156,776
  Read 1 with adapter:                   5,175 (3.3%)
  Read 2 with adapter:                   6,120 (3.9%)
Pairs written (passing filters):       156,542 (99.9%)

Total basepairs processed:    31,668,752 bp
  Read 1:    15,834,376 bp
  Read 2:    15,834,376 bp
Total written (filtered):     31,584,487 bp (99.7%)
  Read 1:    15,793,255 bp
  Read 2:    15,791,232 bp

=== First read: Adapter PrefixPE/1 ===

Sequence: TACACTCTTTCCCTACACGACGCTCTTCCGATCT; Type: regular 3'; Length: 34; Trimmed: 2674 times

No. of allowed errors:
0-9 bp: 0; 10-19 bp: 1; 20-29 bp: 2; 30-34 bp: 3

Bases preceding removed adapters:
  A: 26.7%
  C: 22.5%
  G: 24.8%
  T: 26.0%
  none/other: 0.0%

Overview of removed sequences
length	count	expect	max.err	error counts
3	1803	2449.6	0	1803
4	658	612.4	0	658
5	139	153.1	0	139
6	34	38.3	0	34
7	12	9.6	0	12
8	5	2.4	0	5
9	7	0.6	0	0 7
10	10	0.1	1	1 9
11	4	0.0	1	0 4
12	2	0.0	1	0 2


=== First read: Adapter PrefixPE/2 ===

Sequence: GTGACTGGAGTTCAGACGTGTGCTCTTCCGATCT; Type: regular 3'; Length: 34; Trimmed: 2501 times

No. of allowed errors:
0-9 bp: 0; 10-19 bp: 1; 20-29 bp: 2; 30-34 bp: 3

Bases preceding removed adapters:
  A: 22.8%
  C: 19.9%
  G: 27.7%
  T: 29.6%
  none/other: 0.0%

Overview of removed sequences
length	count	expect	max.err	error counts
3	1937	2449.6	0	1937
4	470	612.4	0	470
5	64	153.1	0	64
6	22	38.3	0	22
7	1	9.6	0	1
9	4	0.6	0	0 4
10	2	0.1	1	0 2
11	1	0.0	1	0 1


=== Second read: Adapter PrefixPE/1 ===

Sequence: TACACTCTTTCCCTACACGACGCTCTTCCGATCT; Type: regular 3'; Length: 34; Trimmed: 2156 times

No. of allowed errors:
0-9 bp: 0; 10-19 bp: 1; 20-29 bp: 2; 30-34 bp: 3

Bases preceding removed adapters:
  A: 25.5%
  C: 21.7%
  G: 27.3%
  T: 25.6%
  none/other: 0.0%

Overview of removed sequences
length	count	expect	max.err	error counts
3	1469	2449.6	0	1469
4	512	612.4	0	512
5	128	153.1	0	128
6	20	38.3	0	20
7	8	9.6	0	8
8	2	2.4	0	2
9	2	0.6	0	0 2
10	10	0.1	1	1 9
11	3	0.0	1	0 3
12	1	0.0	1	0 1
13	1	0.0	1	0 1


=== Second read: Adapter PrefixPE/2 ===

Sequence: GTGACTGGAGTTCAGACGTGTGCTCTTCCGATCT; Type: regular 3'; Length: 34; Trimmed: 3964 times

No. of allowed errors:
0-9 bp: 0; 10-19 bp: 1; 20-29 bp: 2; 30-34 bp: 3

Bases preceding removed adapters:
  A: 20.6%
  C: 24.3%
  G: 32.5%
  T: 22.6%
  none/other: 0.0%

Overview of removed sequences
length	count	expect	max.err	error counts
3	3113	2449.6	0	3113
4	515	612.4	0	515
5	74	153.1	0	74
6	13	38.3	0	13
7	4	9.6	0	4
8	1	2.4	0	1
9	1	0.6	0	0 1
10	4	0.1	1	0 4
11	3	0.0	1	0 3
12	1	0.0	1	0 1
70	1	0.0	3	0 0 1
92	2	0.0	3	0 0 1 1
93	229	0.0	3	0 33 81 115
94	3	0.0	3	0 0 2 1
