This is cutadapt 2.9 with Python 3.6.6
Command line parameters: --interleaved -a file:/nas02/apps/trimmomatic-0.36/Trimmomatic-0.36/adapters/TruSeq3-PE.fa -A file:/nas02/apps/trimmomatic-0.36/Trimmomatic-0.36/adapters/TruSeq3-PE.fa -m 30 /nas/longleaf/home/zpopkinh/Pvivax_resources/wgs_pe_improved_global/fastq/SRS693954/SRR1564668_1.fastq.gz /nas/longleaf/home/zpopkinh/Pvivax_resources/wgs_pe_improved_global/fastq/SRS693954/SRR1564668_2.fastq.gz
Processing reads on 1 core in paired-end mode ...
Finished in 8.46 s (46 us/read; 1.32 M reads/minute).

=== Summary ===

Total read pairs processed:            185,855
  Read 1 with adapter:                   6,214 (3.3%)
  Read 2 with adapter:                   7,131 (3.8%)
Pairs written (passing filters):       185,853 (100.0%)

Total basepairs processed:    37,542,710 bp
  Read 1:    18,771,355 bp
  Read 2:    18,771,355 bp
Total written (filtered):     37,497,603 bp (99.9%)
  Read 1:    18,750,107 bp
  Read 2:    18,747,496 bp

=== First read: Adapter PrefixPE/1 ===

Sequence: TACACTCTTTCCCTACACGACGCTCTTCCGATCT; Type: regular 3'; Length: 34; Trimmed: 3058 times

No. of allowed errors:
0-9 bp: 0; 10-19 bp: 1; 20-29 bp: 2; 30-34 bp: 3

Bases preceding removed adapters:
  A: 27.1%
  C: 23.1%
  G: 24.9%
  T: 24.8%
  none/other: 0.0%

Overview of removed sequences
length	count	expect	max.err	error counts
3	2052	2904.0	0	2052
4	718	726.0	0	718
5	213	181.5	0	213
6	42	45.4	0	42
7	8	11.3	0	8
8	2	2.8	0	2
9	7	0.7	0	0 7
10	10	0.2	1	1 9
11	2	0.0	1	0 2
12	2	0.0	1	0 2
13	1	0.0	1	0 1
101	1	0.0	3	0 0 1


=== First read: Adapter PrefixPE/2 ===

Sequence: GTGACTGGAGTTCAGACGTGTGCTCTTCCGATCT; Type: regular 3'; Length: 34; Trimmed: 3156 times

No. of allowed errors:
0-9 bp: 0; 10-19 bp: 1; 20-29 bp: 2; 30-34 bp: 3

Bases preceding removed adapters:
  A: 25.1%
  C: 18.1%
  G: 26.9%
  T: 29.9%
  none/other: 0.0%

Overview of removed sequences
length	count	expect	max.err	error counts
3	2405	2904.0	0	2405
4	617	726.0	0	617
5	105	181.5	0	105
6	19	45.4	0	19
7	4	11.3	0	4
8	1	2.8	0	1
9	2	0.7	0	0 2
10	2	0.2	1	0 2
11	1	0.0	1	0 1


=== Second read: Adapter PrefixPE/1 ===

Sequence: TACACTCTTTCCCTACACGACGCTCTTCCGATCT; Type: regular 3'; Length: 34; Trimmed: 2883 times

No. of allowed errors:
0-9 bp: 0; 10-19 bp: 1; 20-29 bp: 2; 30-34 bp: 3

Bases preceding removed adapters:
  A: 26.8%
  C: 22.0%
  G: 27.4%
  T: 23.8%
  none/other: 0.0%

Overview of removed sequences
length	count	expect	max.err	error counts
3	1942	2904.0	0	1942
4	718	726.0	0	718
5	160	181.5	0	160
6	27	45.4	0	27
7	8	11.3	0	8
8	2	2.8	0	2
9	8	0.7	0	2 6
10	14	0.2	1	0 14
11	4	0.0	1	0 4


=== Second read: Adapter PrefixPE/2 ===

Sequence: GTGACTGGAGTTCAGACGTGTGCTCTTCCGATCT; Type: regular 3'; Length: 34; Trimmed: 4248 times

No. of allowed errors:
0-9 bp: 0; 10-19 bp: 1; 20-29 bp: 2; 30-34 bp: 3

Bases preceding removed adapters:
  A: 23.2%
  C: 29.3%
  G: 23.9%
  T: 23.6%
  none/other: 0.0%

Overview of removed sequences
length	count	expect	max.err	error counts
3	3508	2904.0	0	3508
4	619	726.0	0	619
5	89	181.5	0	89
6	18	45.4	0	18
7	5	11.3	0	5
9	1	0.7	0	0 1
10	5	0.2	1	0 5
11	2	0.0	1	0 2
93	1	0.0	3	0 0 0 1
