This is cutadapt 2.9 with Python 3.6.6
Command line parameters: --interleaved -a file:/nas02/apps/trimmomatic-0.36/Trimmomatic-0.36/adapters/TruSeq3-PE.fa -A file:/nas02/apps/trimmomatic-0.36/Trimmomatic-0.36/adapters/TruSeq3-PE.fa -m 30 /nas/longleaf/home/zpopkinh/Pvivax_resources/wgs_pe_improved_global/fastq/SRS693469/SRR1564967_1.fastq.gz /nas/longleaf/home/zpopkinh/Pvivax_resources/wgs_pe_improved_global/fastq/SRS693469/SRR1564967_2.fastq.gz
Processing reads on 1 core in paired-end mode ...
Finished in 21.50 s (51 us/read; 1.17 M reads/minute).

=== Summary ===

Total read pairs processed:            420,977
  Read 1 with adapter:                  13,498 (3.2%)
  Read 2 with adapter:                  16,382 (3.9%)
Pairs written (passing filters):       420,853 (100.0%)

Total basepairs processed:    85,037,354 bp
  Read 1:    42,518,677 bp
  Read 2:    42,518,677 bp
Total written (filtered):     84,911,763 bp (99.9%)
  Read 1:    42,459,748 bp
  Read 2:    42,452,015 bp

=== First read: Adapter PrefixPE/1 ===

Sequence: TACACTCTTTCCCTACACGACGCTCTTCCGATCT; Type: regular 3'; Length: 34; Trimmed: 7031 times

No. of allowed errors:
0-9 bp: 0; 10-19 bp: 1; 20-29 bp: 2; 30-34 bp: 3

Bases preceding removed adapters:
  A: 30.9%
  C: 22.0%
  G: 16.3%
  T: 30.7%
  none/other: 0.0%

Overview of removed sequences
length	count	expect	max.err	error counts
3	4505	6577.8	0	4505
4	2089	1644.4	0	2089
5	267	411.1	0	267
6	91	102.8	0	91
7	18	25.7	0	18
8	4	6.4	0	4
9	13	1.6	0	3 10
10	24	0.4	1	0 24
11	14	0.1	1	0 14
12	3	0.0	1	0 3
13	3	0.0	1	0 3


=== First read: Adapter PrefixPE/2 ===

Sequence: GTGACTGGAGTTCAGACGTGTGCTCTTCCGATCT; Type: regular 3'; Length: 34; Trimmed: 6467 times

No. of allowed errors:
0-9 bp: 0; 10-19 bp: 1; 20-29 bp: 2; 30-34 bp: 3

Bases preceding removed adapters:
  A: 32.4%
  C: 7.3%
  G: 22.8%
  T: 37.6%
  none/other: 0.0%

Overview of removed sequences
length	count	expect	max.err	error counts
3	4688	6577.8	0	4688
4	1351	1644.4	0	1351
5	287	411.1	0	287
6	78	102.8	0	78
7	23	25.7	0	23
8	3	6.4	0	3
9	17	1.6	0	0 17
10	14	0.4	1	1 13
11	4	0.1	1	0 4
12	1	0.0	1	0 1
14	1	0.0	1	0 1


=== Second read: Adapter PrefixPE/1 ===

Sequence: TACACTCTTTCCCTACACGACGCTCTTCCGATCT; Type: regular 3'; Length: 34; Trimmed: 5885 times

No. of allowed errors:
0-9 bp: 0; 10-19 bp: 1; 20-29 bp: 2; 30-34 bp: 3

Bases preceding removed adapters:
  A: 30.1%
  C: 21.9%
  G: 16.9%
  T: 31.1%
  none/other: 0.0%

Overview of removed sequences
length	count	expect	max.err	error counts
3	3904	6577.8	0	3904
4	1557	1644.4	0	1557
5	285	411.1	0	285
6	75	102.8	0	75
7	14	25.7	0	14
8	4	6.4	0	4
9	19	1.6	0	4 15
10	19	0.4	1	0 19
11	7	0.1	1	0 7
12	1	0.0	1	0 1


=== Second read: Adapter PrefixPE/2 ===

Sequence: GTGACTGGAGTTCAGACGTGTGCTCTTCCGATCT; Type: regular 3'; Length: 34; Trimmed: 10497 times

No. of allowed errors:
0-9 bp: 0; 10-19 bp: 1; 20-29 bp: 2; 30-34 bp: 3

Bases preceding removed adapters:
  A: 29.9%
  C: 22.3%
  G: 21.7%
  T: 26.1%
  none/other: 0.0%

Overview of removed sequences
length	count	expect	max.err	error counts
3	8438	6577.8	0	8438
4	1601	1644.4	0	1601
5	205	411.1	0	205
6	68	102.8	0	68
7	19	25.7	0	19
8	4	6.4	0	4
9	18	1.6	0	0 18
10	15	0.4	1	3 12
11	3	0.1	1	0 3
12	1	0.0	1	0 1
70	1	0.0	3	0 0 1
93	123	0.0	3	0 10 38 75
94	1	0.0	3	0 0 0 1
