This is cutadapt 2.9 with Python 3.6.6
Command line parameters: --interleaved -a file:/nas02/apps/trimmomatic-0.36/Trimmomatic-0.36/adapters/TruSeq3-PE.fa -A file:/nas02/apps/trimmomatic-0.36/Trimmomatic-0.36/adapters/TruSeq3-PE.fa -m 30 /nas/longleaf/home/zpopkinh/Pvivax_resources/wgs_pe_improved_global/fastq/SRS693469/SRR1562844_1.fastq.gz /nas/longleaf/home/zpopkinh/Pvivax_resources/wgs_pe_improved_global/fastq/SRS693469/SRR1562844_2.fastq.gz
Processing reads on 1 core in paired-end mode ...
Finished in 1246.11 s (63 us/read; 0.95 M reads/minute).

=== Summary ===

Total read pairs processed:         19,690,700
  Read 1 with adapter:                 697,184 (3.5%)
  Read 2 with adapter:                 749,676 (3.8%)
Pairs written (passing filters):    19,690,683 (100.0%)

Total basepairs processed: 3,977,521,400 bp
  Read 1: 1,988,760,700 bp
  Read 2: 1,988,760,700 bp
Total written (filtered):  3,972,644,334 bp (99.9%)
  Read 1: 1,986,400,618 bp
  Read 2: 1,986,243,716 bp

=== First read: Adapter PrefixPE/1 ===

Sequence: TACACTCTTTCCCTACACGACGCTCTTCCGATCT; Type: regular 3'; Length: 34; Trimmed: 329532 times

No. of allowed errors:
0-9 bp: 0; 10-19 bp: 1; 20-29 bp: 2; 30-34 bp: 3

Bases preceding removed adapters:
  A: 27.0%
  C: 22.7%
  G: 22.9%
  T: 27.4%
  none/other: 0.0%

Overview of removed sequences
length	count	expect	max.err	error counts
3	220863	307667.2	0	220863
4	83325	76916.8	0	83325
5	18120	19229.2	0	18120
6	3685	4807.3	0	3685
7	913	1201.8	0	913
8	208	300.5	0	208
9	941	75.1	0	81 860
10	965	18.8	1	13 952
11	363	4.7	1	0 363
12	98	1.2	1	0 98
13	22	0.3	1	0 22
14	14	0.1	1	0 14
16	2	0.0	1	0 2
29	1	0.0	2	0 1
32	2	0.0	3	2
40	1	0.0	3	0 1
51	1	0.0	3	0 0 0 1
101	8	0.0	3	0 0 4 4


=== First read: Adapter PrefixPE/2 ===

Sequence: GTGACTGGAGTTCAGACGTGTGCTCTTCCGATCT; Type: regular 3'; Length: 34; Trimmed: 367652 times

No. of allowed errors:
0-9 bp: 0; 10-19 bp: 1; 20-29 bp: 2; 30-34 bp: 3

Bases preceding removed adapters:
  A: 26.4%
  C: 12.9%
  G: 25.6%
  T: 35.2%
  none/other: 0.0%

Overview of removed sequences
length	count	expect	max.err	error counts
3	281209	307667.2	0	281209
4	69530	76916.8	0	69530
5	11365	19229.2	0	11365
6	3398	4807.3	0	3398
7	734	1201.8	0	734
8	167	300.5	0	167
9	501	75.1	0	63 438
10	543	18.8	1	7 536
11	136	4.7	1	1 135
12	45	1.2	1	0 45
13	20	0.3	1	0 20
14	4	0.1	1	0 4


=== Second read: Adapter PrefixPE/1 ===

Sequence: TACACTCTTTCCCTACACGACGCTCTTCCGATCT; Type: regular 3'; Length: 34; Trimmed: 325538 times

No. of allowed errors:
0-9 bp: 0; 10-19 bp: 1; 20-29 bp: 2; 30-34 bp: 3

Bases preceding removed adapters:
  A: 27.2%
  C: 22.5%
  G: 22.9%
  T: 27.4%
  none/other: 0.0%

Overview of removed sequences
length	count	expect	max.err	error counts
3	219648	307667.2	0	219648
4	81053	76916.8	0	81053
5	17294	19229.2	0	17294
6	4122	4807.3	0	4122
7	906	1201.8	0	906
8	202	300.5	0	202
9	921	75.1	0	31 890
10	934	18.8	1	29 905
11	337	4.7	1	11 326
12	90	1.2	1	0 90
13	14	0.3	1	0 14
14	15	0.1	1	0 15
15	1	0.0	1	0 1
43	1	0.0	3	0 0 1


=== Second read: Adapter PrefixPE/2 ===

Sequence: GTGACTGGAGTTCAGACGTGTGCTCTTCCGATCT; Type: regular 3'; Length: 34; Trimmed: 424138 times

No. of allowed errors:
0-9 bp: 0; 10-19 bp: 1; 20-29 bp: 2; 30-34 bp: 3

Bases preceding removed adapters:
  A: 26.8%
  C: 19.2%
  G: 23.5%
  T: 30.5%
  none/other: 0.0%

Overview of removed sequences
length	count	expect	max.err	error counts
3	334872	307667.2	0	334872
4	72437	76916.8	0	72437
5	11329	19229.2	0	11329
6	3252	4807.3	0	3252
7	849	1201.8	0	849
8	189	300.5	0	189
9	450	75.1	0	41 409
10	435	18.8	1	11 424
11	245	4.7	1	5 240
12	53	1.2	1	0 53
13	5	0.3	1	0 5
14	6	0.1	1	0 6
15	4	0.0	1	0 4
44	1	0.0	3	0 1
55	1	0.0	3	0 0 1
70	1	0.0	3	0 0 1
93	4	0.0	3	0 0 0 4
95	3	0.0	3	0 0 2 1
98	2	0.0	3	0 0 0 2
