This is cutadapt 2.9 with Python 3.6.6
Command line parameters: --interleaved -a file:/nas02/apps/trimmomatic-0.36/Trimmomatic-0.36/adapters/TruSeq3-PE.fa -A file:/nas02/apps/trimmomatic-0.36/Trimmomatic-0.36/adapters/TruSeq3-PE.fa -m 30 /nas/longleaf/home/zpopkinh/Pvivax_resources/wgs_pe_improved_global/fastq/SRS693469/SRR1564690_1.fastq.gz /nas/longleaf/home/zpopkinh/Pvivax_resources/wgs_pe_improved_global/fastq/SRS693469/SRR1564690_2.fastq.gz
Processing reads on 1 core in paired-end mode ...
Finished in 22.44 s (45 us/read; 1.32 M reads/minute).

=== Summary ===

Total read pairs processed:            494,615
  Read 1 with adapter:                  15,642 (3.2%)
  Read 2 with adapter:                  19,365 (3.9%)
Pairs written (passing filters):       494,613 (100.0%)

Total basepairs processed:    99,912,230 bp
  Read 1:    49,956,115 bp
  Read 2:    49,956,115 bp
Total written (filtered):     99,793,841 bp (99.9%)
  Read 1:    49,902,515 bp
  Read 2:    49,891,326 bp

=== First read: Adapter PrefixPE/1 ===

Sequence: TACACTCTTTCCCTACACGACGCTCTTCCGATCT; Type: regular 3'; Length: 34; Trimmed: 7852 times

No. of allowed errors:
0-9 bp: 0; 10-19 bp: 1; 20-29 bp: 2; 30-34 bp: 3

Bases preceding removed adapters:
  A: 33.7%
  C: 20.7%
  G: 16.3%
  T: 29.3%
  none/other: 0.0%

Overview of removed sequences
length	count	expect	max.err	error counts
3	5148	7728.4	0	5148
4	2175	1932.1	0	2175
5	362	483.0	0	362
6	101	120.8	0	101
7	23	30.2	0	23
8	5	7.5	0	5
9	13	1.9	0	1 12
10	16	0.5	1	0 16
11	8	0.1	1	0 8
13	1	0.0	1	0 1


=== First read: Adapter PrefixPE/2 ===

Sequence: GTGACTGGAGTTCAGACGTGTGCTCTTCCGATCT; Type: regular 3'; Length: 34; Trimmed: 7790 times

No. of allowed errors:
0-9 bp: 0; 10-19 bp: 1; 20-29 bp: 2; 30-34 bp: 3

Bases preceding removed adapters:
  A: 32.8%
  C: 6.2%
  G: 23.1%
  T: 37.9%
  none/other: 0.0%

Overview of removed sequences
length	count	expect	max.err	error counts
3	5689	7728.4	0	5689
4	1670	1932.1	0	1670
5	272	483.0	0	272
6	80	120.8	0	80
7	30	30.2	0	30
8	12	7.5	0	12
9	12	1.9	0	3 9
10	17	0.5	1	0 17
11	8	0.1	1	1 7


=== Second read: Adapter PrefixPE/1 ===

Sequence: TACACTCTTTCCCTACACGACGCTCTTCCGATCT; Type: regular 3'; Length: 34; Trimmed: 7296 times

No. of allowed errors:
0-9 bp: 0; 10-19 bp: 1; 20-29 bp: 2; 30-34 bp: 3

Bases preceding removed adapters:
  A: 31.1%
  C: 21.9%
  G: 18.5%
  T: 28.5%
  none/other: 0.0%

Overview of removed sequences
length	count	expect	max.err	error counts
3	4816	7728.4	0	4816
4	1997	1932.1	0	1997
5	338	483.0	0	338
6	79	120.8	0	79
7	20	30.2	0	20
8	2	7.5	0	2
9	14	1.9	0	1 13
10	22	0.5	1	0 22
11	2	0.1	1	1 1
12	3	0.0	1	0 3
13	3	0.0	1	0 3


=== Second read: Adapter PrefixPE/2 ===

Sequence: GTGACTGGAGTTCAGACGTGTGCTCTTCCGATCT; Type: regular 3'; Length: 34; Trimmed: 12069 times

No. of allowed errors:
0-9 bp: 0; 10-19 bp: 1; 20-29 bp: 2; 30-34 bp: 3

Bases preceding removed adapters:
  A: 32.3%
  C: 24.0%
  G: 19.4%
  T: 24.3%
  none/other: 0.0%

Overview of removed sequences
length	count	expect	max.err	error counts
3	9736	7728.4	0	9736
4	1879	1932.1	0	1879
5	277	483.0	0	277
6	96	120.8	0	96
7	27	30.2	0	27
8	3	7.5	0	3
9	15	1.9	0	4 11
10	24	0.5	1	0 24
11	5	0.1	1	0 5
12	5	0.0	1	0 5
93	1	0.0	3	0 0 0 1
96	1	0.0	3	0 0 0 1
