This is cutadapt 2.9 with Python 3.6.6
Command line parameters: --interleaved -a file:/nas02/apps/trimmomatic-0.36/Trimmomatic-0.36/adapters/TruSeq3-PE.fa -A file:/nas02/apps/trimmomatic-0.36/Trimmomatic-0.36/adapters/TruSeq3-PE.fa -m 30 /nas/longleaf/home/zpopkinh/Pvivax_resources/wgs_pe_improved_global/fastq/SRS694227/SRR1564928_1.fastq.gz /nas/longleaf/home/zpopkinh/Pvivax_resources/wgs_pe_improved_global/fastq/SRS694227/SRR1564928_2.fastq.gz
Processing reads on 1 core in paired-end mode ...
Finished in 0.55 s (49 us/read; 1.23 M reads/minute).

=== Summary ===

Total read pairs processed:             11,373
  Read 1 with adapter:                     362 (3.2%)
  Read 2 with adapter:                     451 (4.0%)
Pairs written (passing filters):        11,373 (100.0%)

Total basepairs processed:     2,297,346 bp
  Read 1:     1,148,673 bp
  Read 2:     1,148,673 bp
Total written (filtered):      2,294,642 bp (99.9%)
  Read 1:     1,147,448 bp
  Read 2:     1,147,194 bp

=== First read: Adapter PrefixPE/1 ===

Sequence: TACACTCTTTCCCTACACGACGCTCTTCCGATCT; Type: regular 3'; Length: 34; Trimmed: 185 times

No. of allowed errors:
0-9 bp: 0; 10-19 bp: 1; 20-29 bp: 2; 30-34 bp: 3

Bases preceding removed adapters:
  A: 33.5%
  C: 22.7%
  G: 17.3%
  T: 26.5%
  none/other: 0.0%

Overview of removed sequences
length	count	expect	max.err	error counts
3	131	177.7	0	131
4	38	44.4	0	38
5	14	11.1	0	14
6	1	2.8	0	1
7	1	0.7	0	1


=== First read: Adapter PrefixPE/2 ===

Sequence: GTGACTGGAGTTCAGACGTGTGCTCTTCCGATCT; Type: regular 3'; Length: 34; Trimmed: 177 times

No. of allowed errors:
0-9 bp: 0; 10-19 bp: 1; 20-29 bp: 2; 30-34 bp: 3

Bases preceding removed adapters:
  A: 26.0%
  C: 16.9%
  G: 22.6%
  T: 34.5%
  none/other: 0.0%

Overview of removed sequences
length	count	expect	max.err	error counts
3	123	177.7	0	123
4	45	44.4	0	45
5	7	11.1	0	7
6	1	2.8	0	1
7	1	0.7	0	1


=== Second read: Adapter PrefixPE/1 ===

Sequence: TACACTCTTTCCCTACACGACGCTCTTCCGATCT; Type: regular 3'; Length: 34; Trimmed: 189 times

No. of allowed errors:
0-9 bp: 0; 10-19 bp: 1; 20-29 bp: 2; 30-34 bp: 3

Bases preceding removed adapters:
  A: 30.7%
  C: 20.1%
  G: 16.9%
  T: 32.3%
  none/other: 0.0%

Overview of removed sequences
length	count	expect	max.err	error counts
3	142	177.7	0	142
4	38	44.4	0	38
5	5	11.1	0	5
6	1	2.8	0	1
7	1	0.7	0	1
8	1	0.2	0	1
11	1	0.0	1	0 1


=== Second read: Adapter PrefixPE/2 ===

Sequence: GTGACTGGAGTTCAGACGTGTGCTCTTCCGATCT; Type: regular 3'; Length: 34; Trimmed: 262 times

No. of allowed errors:
0-9 bp: 0; 10-19 bp: 1; 20-29 bp: 2; 30-34 bp: 3

Bases preceding removed adapters:
  A: 30.9%
  C: 23.3%
  G: 22.5%
  T: 23.3%
  none/other: 0.0%

Overview of removed sequences
length	count	expect	max.err	error counts
3	214	177.7	0	214
4	41	44.4	0	41
5	4	11.1	0	4
6	3	2.8	0	3
