This is cutadapt 2.9 with Python 3.6.6
Command line parameters: --interleaved -a file:/nas02/apps/trimmomatic-0.36/Trimmomatic-0.36/adapters/TruSeq3-PE.fa -A file:/nas02/apps/trimmomatic-0.36/Trimmomatic-0.36/adapters/TruSeq3-PE.fa -m 30 /nas/longleaf/home/zpopkinh/Pvivax_resources/wgs_pe_improved_global/fastq/SRS694227/SRR1568127_1.fastq.gz /nas/longleaf/home/zpopkinh/Pvivax_resources/wgs_pe_improved_global/fastq/SRS694227/SRR1568127_2.fastq.gz
Processing reads on 1 core in paired-end mode ...
Finished in 777.94 s (71 us/read; 0.85 M reads/minute).

=== Summary ===

Total read pairs processed:         11,022,325
  Read 1 with adapter:                 408,307 (3.7%)
  Read 2 with adapter:                 414,601 (3.8%)
Pairs written (passing filters):    11,022,324 (100.0%)

Total basepairs processed: 2,226,509,650 bp
  Read 1: 1,113,254,825 bp
  Read 2: 1,113,254,825 bp
Total written (filtered):  2,223,742,940 bp (99.9%)
  Read 1: 1,111,880,103 bp
  Read 2: 1,111,862,837 bp

=== First read: Adapter PrefixPE/1 ===

Sequence: TACACTCTTTCCCTACACGACGCTCTTCCGATCT; Type: regular 3'; Length: 34; Trimmed: 192535 times

No. of allowed errors:
0-9 bp: 0; 10-19 bp: 1; 20-29 bp: 2; 30-34 bp: 3

Bases preceding removed adapters:
  A: 24.8%
  C: 23.4%
  G: 26.4%
  T: 25.4%
  none/other: 0.0%

Overview of removed sequences
length	count	expect	max.err	error counts
3	130982	172223.8	0	130982
4	45265	43056.0	0	45265
5	12003	10764.0	0	12003
6	2306	2691.0	0	2306
7	502	672.7	0	502
8	115	168.2	0	115
9	460	42.0	0	25 435
10	602	10.5	1	14 588
11	212	2.6	1	2 210
12	53	0.7	1	0 53
13	30	0.2	1	2 28
14	4	0.0	1	0 4
15	1	0.0	1	0 1


=== First read: Adapter PrefixPE/2 ===

Sequence: GTGACTGGAGTTCAGACGTGTGCTCTTCCGATCT; Type: regular 3'; Length: 34; Trimmed: 215772 times

No. of allowed errors:
0-9 bp: 0; 10-19 bp: 1; 20-29 bp: 2; 30-34 bp: 3

Bases preceding removed adapters:
  A: 22.8%
  C: 19.7%
  G: 27.8%
  T: 29.8%
  none/other: 0.0%

Overview of removed sequences
length	count	expect	max.err	error counts
3	168574	172223.8	0	168574
4	38108	43056.0	0	38108
5	6564	10764.0	0	6564
6	1552	2691.0	0	1552
7	333	672.7	0	333
8	96	168.2	0	96
9	254	42.0	0	8 246
10	175	10.5	1	4 171
11	86	2.6	1	6 80
12	19	0.7	1	0 19
13	8	0.2	1	0 8
14	3	0.0	1	0 3


=== Second read: Adapter PrefixPE/1 ===

Sequence: TACACTCTTTCCCTACACGACGCTCTTCCGATCT; Type: regular 3'; Length: 34; Trimmed: 190161 times

No. of allowed errors:
0-9 bp: 0; 10-19 bp: 1; 20-29 bp: 2; 30-34 bp: 3

Bases preceding removed adapters:
  A: 24.5%
  C: 23.6%
  G: 26.2%
  T: 25.6%
  none/other: 0.0%

Overview of removed sequences
length	count	expect	max.err	error counts
3	129342	172223.8	0	129342
4	44835	43056.0	0	44835
5	11792	10764.0	0	11792
6	2182	2691.0	0	2182
7	501	672.7	0	501
8	140	168.2	0	140
9	501	42.0	0	64 437
10	586	10.5	1	21 565
11	220	2.6	1	3 217
12	52	0.7	1	5 47
13	8	0.2	1	0 8
14	1	0.0	1	0 1
83	1	0.0	3	1


=== Second read: Adapter PrefixPE/2 ===

Sequence: GTGACTGGAGTTCAGACGTGTGCTCTTCCGATCT; Type: regular 3'; Length: 34; Trimmed: 224440 times

No. of allowed errors:
0-9 bp: 0; 10-19 bp: 1; 20-29 bp: 2; 30-34 bp: 3

Bases preceding removed adapters:
  A: 22.3%
  C: 22.8%
  G: 26.1%
  T: 28.8%
  none/other: 0.0%

Overview of removed sequences
length	count	expect	max.err	error counts
3	177948	172223.8	0	177948
4	37462	43056.0	0	37462
5	6512	10764.0	0	6512
6	1438	2691.0	0	1438
7	409	672.7	0	409
8	74	168.2	0	74
9	218	42.0	0	4 214
10	246	10.5	1	2 244
11	108	2.6	1	0 108
12	19	0.7	1	0 19
13	4	0.2	1	0 4
28	1	0.0	2	0 0 1
58	1	0.0	3	0 0 1
