This is cutadapt 2.9 with Python 3.6.6
Command line parameters: --interleaved -a file:/nas02/apps/trimmomatic-0.36/Trimmomatic-0.36/adapters/TruSeq3-PE.fa -A file:/nas02/apps/trimmomatic-0.36/Trimmomatic-0.36/adapters/TruSeq3-PE.fa -m 30 /nas/longleaf/home/zpopkinh/Pvivax_resources/wgs_pe_improved_global/fastq/SRS696216/SRR1567966_1.fastq.gz /nas/longleaf/home/zpopkinh/Pvivax_resources/wgs_pe_improved_global/fastq/SRS696216/SRR1567966_2.fastq.gz
Processing reads on 1 core in paired-end mode ...
Finished in 0.92 s (49 us/read; 1.22 M reads/minute).

=== Summary ===

Total read pairs processed:             18,709
  Read 1 with adapter:                     544 (2.9%)
  Read 2 with adapter:                     594 (3.2%)
Pairs written (passing filters):        18,709 (100.0%)

Total basepairs processed:     3,779,218 bp
  Read 1:     1,889,609 bp
  Read 2:     1,889,609 bp
Total written (filtered):      3,775,257 bp (99.9%)
  Read 1:     1,887,705 bp
  Read 2:     1,887,552 bp

=== First read: Adapter PrefixPE/1 ===

Sequence: TACACTCTTTCCCTACACGACGCTCTTCCGATCT; Type: regular 3'; Length: 34; Trimmed: 304 times

No. of allowed errors:
0-9 bp: 0; 10-19 bp: 1; 20-29 bp: 2; 30-34 bp: 3

Bases preceding removed adapters:
  A: 31.6%
  C: 20.4%
  G: 20.7%
  T: 27.3%
  none/other: 0.0%

Overview of removed sequences
length	count	expect	max.err	error counts
3	195	292.3	0	195
4	77	73.1	0	77
5	18	18.3	0	18
6	8	4.6	0	8
7	1	1.1	0	1
8	2	0.3	0	2
9	1	0.1	0	1
10	1	0.0	1	0 1
13	1	0.0	1	0 1


=== First read: Adapter PrefixPE/2 ===

Sequence: GTGACTGGAGTTCAGACGTGTGCTCTTCCGATCT; Type: regular 3'; Length: 34; Trimmed: 240 times

No. of allowed errors:
0-9 bp: 0; 10-19 bp: 1; 20-29 bp: 2; 30-34 bp: 3

Bases preceding removed adapters:
  A: 31.2%
  C: 9.6%
  G: 21.2%
  T: 37.9%
  none/other: 0.0%

Overview of removed sequences
length	count	expect	max.err	error counts
3	164	292.3	0	164
4	61	73.1	0	61
5	11	18.3	0	11
6	3	4.6	0	3
9	1	0.1	0	0 1


=== Second read: Adapter PrefixPE/1 ===

Sequence: TACACTCTTTCCCTACACGACGCTCTTCCGATCT; Type: regular 3'; Length: 34; Trimmed: 312 times

No. of allowed errors:
0-9 bp: 0; 10-19 bp: 1; 20-29 bp: 2; 30-34 bp: 3

Bases preceding removed adapters:
  A: 32.4%
  C: 28.2%
  G: 15.7%
  T: 23.7%
  none/other: 0.0%

Overview of removed sequences
length	count	expect	max.err	error counts
3	204	292.3	0	204
4	84	73.1	0	84
5	11	18.3	0	11
6	5	4.6	0	5
10	6	0.0	1	0 6
11	2	0.0	1	0 2


=== Second read: Adapter PrefixPE/2 ===

Sequence: GTGACTGGAGTTCAGACGTGTGCTCTTCCGATCT; Type: regular 3'; Length: 34; Trimmed: 282 times

No. of allowed errors:
0-9 bp: 0; 10-19 bp: 1; 20-29 bp: 2; 30-34 bp: 3

Bases preceding removed adapters:
  A: 24.5%
  C: 23.0%
  G: 19.9%
  T: 32.6%
  none/other: 0.0%

Overview of removed sequences
length	count	expect	max.err	error counts
3	215	292.3	0	215
4	53	73.1	0	53
5	8	18.3	0	8
6	3	4.6	0	3
8	1	0.3	0	1
9	1	0.1	0	0 1
10	1	0.0	1	0 1
