This is cutadapt 2.9 with Python 3.6.6
Command line parameters: --interleaved -a file:/nas02/apps/trimmomatic-0.36/Trimmomatic-0.36/adapters/TruSeq3-PE.fa -A file:/nas02/apps/trimmomatic-0.36/Trimmomatic-0.36/adapters/TruSeq3-PE.fa -m 30 /nas/longleaf/home/zpopkinh/Pvivax_resources/wgs_pe_improved_global/fastq/SRS696216/SRR1568162_1.fastq.gz /nas/longleaf/home/zpopkinh/Pvivax_resources/wgs_pe_improved_global/fastq/SRS696216/SRR1568162_2.fastq.gz
Processing reads on 1 core in paired-end mode ...
Finished in 1058.25 s (74 us/read; 0.81 M reads/minute).

=== Summary ===

Total read pairs processed:         14,357,855
  Read 1 with adapter:                 535,134 (3.7%)
  Read 2 with adapter:                 535,385 (3.7%)
Pairs written (passing filters):    14,357,855 (100.0%)

Total basepairs processed: 2,900,286,710 bp
  Read 1: 1,450,143,355 bp
  Read 2: 1,450,143,355 bp
Total written (filtered):  2,896,676,076 bp (99.9%)
  Read 1: 1,448,336,719 bp
  Read 2: 1,448,339,357 bp

=== First read: Adapter PrefixPE/1 ===

Sequence: TACACTCTTTCCCTACACGACGCTCTTCCGATCT; Type: regular 3'; Length: 34; Trimmed: 261926 times

No. of allowed errors:
0-9 bp: 0; 10-19 bp: 1; 20-29 bp: 2; 30-34 bp: 3

Bases preceding removed adapters:
  A: 25.1%
  C: 22.7%
  G: 25.4%
  T: 26.8%
  none/other: 0.0%

Overview of removed sequences
length	count	expect	max.err	error counts
3	177476	224341.5	0	177476
4	62554	56085.4	0	62554
5	15565	14021.3	0	15565
6	3115	3505.3	0	3115
7	806	876.3	0	806
8	183	219.1	0	183
9	773	54.8	0	78 695
10	1059	13.7	1	35 1024
11	313	3.4	1	0 313
12	61	0.9	1	0 61
13	18	0.2	1	0 18
14	3	0.1	1	0 3


=== First read: Adapter PrefixPE/2 ===

Sequence: GTGACTGGAGTTCAGACGTGTGCTCTTCCGATCT; Type: regular 3'; Length: 34; Trimmed: 273208 times

No. of allowed errors:
0-9 bp: 0; 10-19 bp: 1; 20-29 bp: 2; 30-34 bp: 3

Bases preceding removed adapters:
  A: 24.2%
  C: 18.5%
  G: 26.5%
  T: 30.7%
  none/other: 0.0%

Overview of removed sequences
length	count	expect	max.err	error counts
3	212512	224341.5	0	212512
4	49168	56085.4	0	49168
5	8444	14021.3	0	8444
6	1836	3505.3	0	1836
7	415	876.3	0	415
8	68	219.1	0	68
9	347	54.8	0	18 329
10	278	13.7	1	1 277
11	107	3.4	1	0 107
12	30	0.9	1	0 30
13	2	0.2	1	0 2
14	1	0.1	1	0 1


=== Second read: Adapter PrefixPE/1 ===

Sequence: TACACTCTTTCCCTACACGACGCTCTTCCGATCT; Type: regular 3'; Length: 34; Trimmed: 257969 times

No. of allowed errors:
0-9 bp: 0; 10-19 bp: 1; 20-29 bp: 2; 30-34 bp: 3

Bases preceding removed adapters:
  A: 25.5%
  C: 22.6%
  G: 25.4%
  T: 26.5%
  none/other: 0.0%

Overview of removed sequences
length	count	expect	max.err	error counts
3	175298	224341.5	0	175298
4	61254	56085.4	0	61254
5	15474	14021.3	0	15474
6	2930	3505.3	0	2930
7	775	876.3	0	775
8	176	219.1	0	176
9	667	54.8	0	75 592
10	985	13.7	1	46 939
11	319	3.4	1	4 315
12	59	0.9	1	1 58
13	27	0.2	1	0 27
14	5	0.1	1	0 5


=== Second read: Adapter PrefixPE/2 ===

Sequence: GTGACTGGAGTTCAGACGTGTGCTCTTCCGATCT; Type: regular 3'; Length: 34; Trimmed: 277416 times

No. of allowed errors:
0-9 bp: 0; 10-19 bp: 1; 20-29 bp: 2; 30-34 bp: 3

Bases preceding removed adapters:
  A: 23.9%
  C: 20.2%
  G: 26.1%
  T: 29.8%
  none/other: 0.0%

Overview of removed sequences
length	count	expect	max.err	error counts
3	217250	224341.5	0	217250
4	48517	56085.4	0	48517
5	8424	14021.3	0	8424
6	1948	3505.3	0	1948
7	486	876.3	0	486
8	56	219.1	0	56
9	320	54.8	0	37 283
10	284	13.7	1	5 279
11	104	3.4	1	1 103
12	18	0.9	1	0 18
13	4	0.2	1	0 4
16	1	0.0	1	0 1
31	1	0.0	3	0 1
44	1	0.0	3	0 1
57	1	0.0	3	0 0 1
58	1	0.0	3	0 1
