This is cutadapt 2.9 with Python 3.6.6
Command line parameters: --interleaved -a file:/nas02/apps/trimmomatic-0.36/Trimmomatic-0.36/adapters/TruSeq3-PE.fa -A file:/nas02/apps/trimmomatic-0.36/Trimmomatic-0.36/adapters/TruSeq3-PE.fa -m 30 /nas/longleaf/home/zpopkinh/Pvivax_resources/wgs_pe_improved_global/fastq/ERS403527/ERR527364_1.fastq.gz /nas/longleaf/home/zpopkinh/Pvivax_resources/wgs_pe_improved_global/fastq/ERS403527/ERR527364_2.fastq.gz
Processing reads on 1 core in paired-end mode ...
Finished in 995.42 s (82 us/read; 0.73 M reads/minute).

=== Summary ===

Total read pairs processed:         12,136,142
  Read 1 with adapter:                 447,174 (3.7%)
  Read 2 with adapter:                 441,413 (3.6%)
Pairs written (passing filters):    12,136,142 (100.0%)

Total basepairs processed: 2,427,228,400 bp
  Read 1: 1,213,614,200 bp
  Read 2: 1,213,614,200 bp
Total written (filtered):  2,424,224,624 bp (99.9%)
  Read 1: 1,212,102,179 bp
  Read 2: 1,212,122,445 bp

=== First read: Adapter PrefixPE/1 ===

Sequence: TACACTCTTTCCCTACACGACGCTCTTCCGATCT; Type: regular 3'; Length: 34; Trimmed: 242122 times

No. of allowed errors:
0-9 bp: 0; 10-19 bp: 1; 20-29 bp: 2; 30-34 bp: 3

Bases preceding removed adapters:
  A: 29.3%
  C: 18.2%
  G: 22.8%
  T: 29.8%
  none/other: 0.0%

Overview of removed sequences
length	count	expect	max.err	error counts
3	161152	189627.2	0	161152
4	62767	47406.8	0	62767
5	12868	11851.7	0	12868
6	2805	2962.9	0	2805
7	537	740.7	0	537
8	150	185.2	0	150
9	716	46.3	0	60 656
10	819	11.6	1	23 796
11	231	2.9	1	3 228
12	51	0.7	1	2 49
13	17	0.2	1	0 17
14	6	0.0	1	0 6
15	2	0.0	1	0 2
56	1	0.0	3	0 0 0 1


=== First read: Adapter PrefixPE/2 ===

Sequence: GTGACTGGAGTTCAGACGTGTGCTCTTCCGATCT; Type: regular 3'; Length: 34; Trimmed: 205052 times

No. of allowed errors:
0-9 bp: 0; 10-19 bp: 1; 20-29 bp: 2; 30-34 bp: 3

Bases preceding removed adapters:
  A: 24.3%
  C: 18.0%
  G: 25.3%
  T: 32.4%
  none/other: 0.0%

Overview of removed sequences
length	count	expect	max.err	error counts
3	159321	189627.2	0	159321
4	37767	47406.8	0	37767
5	5787	11851.7	0	5787
6	1357	2962.9	0	1357
7	315	740.7	0	315
8	38	185.2	0	38
9	200	46.3	0	14 186
10	188	11.6	1	5 183
11	61	2.9	1	1 60
12	12	0.7	1	0 12
13	6	0.2	1	0 6


=== Second read: Adapter PrefixPE/1 ===

Sequence: TACACTCTTTCCCTACACGACGCTCTTCCGATCT; Type: regular 3'; Length: 34; Trimmed: 239618 times

No. of allowed errors:
0-9 bp: 0; 10-19 bp: 1; 20-29 bp: 2; 30-34 bp: 3

Bases preceding removed adapters:
  A: 29.3%
  C: 18.4%
  G: 22.5%
  T: 29.8%
  none/other: 0.0%

Overview of removed sequences
length	count	expect	max.err	error counts
3	159590	189627.2	0	159590
4	61965	47406.8	0	61965
5	12704	11851.7	0	12704
6	2872	2962.9	0	2872
7	552	740.7	0	552
8	126	185.2	0	126
9	727	46.3	0	57 670
10	779	11.6	1	20 759
11	234	2.9	1	2 232
12	48	0.7	1	0 48
13	16	0.2	1	0 16
14	5	0.0	1	0 5


=== Second read: Adapter PrefixPE/2 ===

Sequence: GTGACTGGAGTTCAGACGTGTGCTCTTCCGATCT; Type: regular 3'; Length: 34; Trimmed: 201795 times

No. of allowed errors:
0-9 bp: 0; 10-19 bp: 1; 20-29 bp: 2; 30-34 bp: 3

Bases preceding removed adapters:
  A: 24.2%
  C: 18.2%
  G: 25.3%
  T: 32.3%
  none/other: 0.0%

Overview of removed sequences
length	count	expect	max.err	error counts
3	157348	189627.2	0	157348
4	36823	47406.8	0	36823
5	5506	11851.7	0	5506
6	1294	2962.9	0	1294
7	315	740.7	0	315
8	48	185.2	0	48
9	198	46.3	0	16 182
10	181	11.6	1	2 179
11	59	2.9	1	1 58
12	19	0.7	1	0 19
13	4	0.2	1	0 4
