This is cutadapt 2.9 with Python 3.6.6
Command line parameters: --interleaved -a file:/nas02/apps/trimmomatic-0.36/Trimmomatic-0.36/adapters/TruSeq3-PE.fa -A file:/nas02/apps/trimmomatic-0.36/Trimmomatic-0.36/adapters/TruSeq3-PE.fa -m 30 /nas/longleaf/home/zpopkinh/Pvivax_resources/wgs_pe_improved_global/fastq/ERR3813228/ERR3813228_1.fastq.gz /nas/longleaf/home/zpopkinh/Pvivax_resources/wgs_pe_improved_global/fastq/ERR3813228/ERR3813228_2.fastq.gz
Processing reads on 1 core in paired-end mode ...
Finished in 2089.05 s (118 us/read; 0.51 M reads/minute).

=== Summary ===

Total read pairs processed:         17,640,675
  Read 1 with adapter:                 648,641 (3.7%)
  Read 2 with adapter:                 651,129 (3.7%)
Pairs written (passing filters):    17,640,674 (100.0%)

Total basepairs processed: 5,292,202,500 bp
  Read 1: 2,646,101,250 bp
  Read 2: 2,646,101,250 bp
Total written (filtered):  5,287,770,636 bp (99.9%)
  Read 1: 2,643,888,471 bp
  Read 2: 2,643,882,165 bp

=== First read: Adapter PrefixPE/1 ===

Sequence: TACACTCTTTCCCTACACGACGCTCTTCCGATCT; Type: regular 3'; Length: 34; Trimmed: 308755 times

No. of allowed errors:
0-9 bp: 0; 10-19 bp: 1; 20-29 bp: 2; 30-34 bp: 3

Bases preceding removed adapters:
  A: 30.6%
  C: 21.2%
  G: 17.2%
  T: 31.0%
  none/other: 0.0%

Overview of removed sequences
length	count	expect	max.err	error counts
3	202659	275635.5	0	202659
4	84663	68908.9	0	84663
5	13537	17227.2	0	13537
6	3850	4306.8	0	3850
7	786	1076.7	0	786
8	239	269.2	0	239
9	853	67.3	0	73 780
10	1595	16.8	1	39 1556
11	415	4.2	1	1 414
12	110	1.1	1	0 110
13	26	0.3	1	1 25
14	14	0.1	1	0 14
15	3	0.0	1	0 3
27	1	0.0	2	0 1
56	1	0.0	3	0 0 0 1
63	1	0.0	3	0 0 1
78	1	0.0	3	0 0 0 1
150	1	0.0	3	0 0 0 1


=== First read: Adapter PrefixPE/2 ===

Sequence: GTGACTGGAGTTCAGACGTGTGCTCTTCCGATCT; Type: regular 3'; Length: 34; Trimmed: 339886 times

No. of allowed errors:
0-9 bp: 0; 10-19 bp: 1; 20-29 bp: 2; 30-34 bp: 3

Bases preceding removed adapters:
  A: 30.5%
  C: 7.8%
  G: 24.9%
  T: 36.8%
  none/other: 0.0%

Overview of removed sequences
length	count	expect	max.err	error counts
3	253949	275635.5	0	253949
4	68187	68908.9	0	68187
5	11287	17227.2	0	11287
6	3620	4306.8	0	3620
7	985	1076.7	0	985
8	291	269.2	0	291
9	602	67.3	0	78 524
10	640	16.8	1	13 627
11	238	4.2	1	8 230
12	61	1.1	1	1 60
13	20	0.3	1	1 19
14	5	0.1	1	0 5
15	1	0.0	1	0 1


=== Second read: Adapter PrefixPE/1 ===

Sequence: TACACTCTTTCCCTACACGACGCTCTTCCGATCT; Type: regular 3'; Length: 34; Trimmed: 307460 times

No. of allowed errors:
0-9 bp: 0; 10-19 bp: 1; 20-29 bp: 2; 30-34 bp: 3

Bases preceding removed adapters:
  A: 30.7%
  C: 21.8%
  G: 17.4%
  T: 30.1%
  none/other: 0.0%

Overview of removed sequences
length	count	expect	max.err	error counts
3	202718	275635.5	0	202718
4	82804	68908.9	0	82804
5	13961	17227.2	0	13961
6	3948	4306.8	0	3948
7	787	1076.7	0	787
8	226	269.2	0	226
9	834	67.3	0	87 747
10	1549	16.8	1	40 1509
11	465	4.2	1	4 461
12	121	1.1	1	2 119
13	32	0.3	1	0 32
14	13	0.1	1	1 12
15	1	0.0	1	0 1
92	1	0.0	3	0 0 1


=== Second read: Adapter PrefixPE/2 ===

Sequence: GTGACTGGAGTTCAGACGTGTGCTCTTCCGATCT; Type: regular 3'; Length: 34; Trimmed: 343669 times

No. of allowed errors:
0-9 bp: 0; 10-19 bp: 1; 20-29 bp: 2; 30-34 bp: 3

Bases preceding removed adapters:
  A: 29.5%
  C: 9.3%
  G: 25.2%
  T: 35.9%
  none/other: 0.0%

Overview of removed sequences
length	count	expect	max.err	error counts
3	258493	275635.5	0	258493
4	67167	68908.9	0	67167
5	11596	17227.2	0	11596
6	3597	4306.8	0	3597
7	932	1076.7	0	932
8	253	269.2	0	253
9	667	67.3	0	64 603
10	640	16.8	1	21 619
11	243	4.2	1	1 242
12	52	1.1	1	3 49
13	18	0.3	1	1 17
14	6	0.1	1	0 6
15	2	0.0	1	0 2
44	1	0.0	3	0 0 0 1
52	1	0.0	3	0 0 0 1
86	1	0.0	3	0 0 1
