This is cutadapt 2.9 with Python 3.6.6
Command line parameters: --interleaved -a file:/nas02/apps/trimmomatic-0.36/Trimmomatic-0.36/adapters/TruSeq3-PE.fa -A file:/nas02/apps/trimmomatic-0.36/Trimmomatic-0.36/adapters/TruSeq3-PE.fa -m 30 /nas/longleaf/home/zpopkinh/Pvivax_resources/wgs_pe_improved_global/fastq/ERS403518/ERR527362_1.fastq.gz /nas/longleaf/home/zpopkinh/Pvivax_resources/wgs_pe_improved_global/fastq/ERS403518/ERR527362_2.fastq.gz
Processing reads on 1 core in paired-end mode ...
Finished in 1352.40 s (89 us/read; 0.67 M reads/minute).

=== Summary ===

Total read pairs processed:         15,196,017
  Read 1 with adapter:                 559,070 (3.7%)
  Read 2 with adapter:                 548,047 (3.6%)
Pairs written (passing filters):    15,196,017 (100.0%)

Total basepairs processed: 3,039,203,400 bp
  Read 1: 1,519,601,700 bp
  Read 2: 1,519,601,700 bp
Total written (filtered):  3,035,464,967 bp (99.9%)
  Read 1: 1,517,713,065 bp
  Read 2: 1,517,751,902 bp

=== First read: Adapter PrefixPE/1 ===

Sequence: TACACTCTTTCCCTACACGACGCTCTTCCGATCT; Type: regular 3'; Length: 34; Trimmed: 299450 times

No. of allowed errors:
0-9 bp: 0; 10-19 bp: 1; 20-29 bp: 2; 30-34 bp: 3

Bases preceding removed adapters:
  A: 29.0%
  C: 18.6%
  G: 22.7%
  T: 29.8%
  none/other: 0.0%

Overview of removed sequences
length	count	expect	max.err	error counts
3	199631	237437.8	0	199631
4	76983	59359.4	0	76983
5	16317	14839.9	0	16317
6	3464	3710.0	0	3464
7	643	927.5	0	643
8	185	231.9	0	185
9	883	58.0	0	47 836
10	916	14.5	1	25 891
11	337	3.6	1	4 333
12	69	0.9	1	2 67
13	14	0.2	1	0 14
14	8	0.1	1	0 8


=== First read: Adapter PrefixPE/2 ===

Sequence: GTGACTGGAGTTCAGACGTGTGCTCTTCCGATCT; Type: regular 3'; Length: 34; Trimmed: 259620 times

No. of allowed errors:
0-9 bp: 0; 10-19 bp: 1; 20-29 bp: 2; 30-34 bp: 3

Bases preceding removed adapters:
  A: 24.0%
  C: 18.2%
  G: 25.7%
  T: 32.1%
  none/other: 0.0%

Overview of removed sequences
length	count	expect	max.err	error counts
3	202463	237437.8	0	202463
4	47139	59359.4	0	47139
5	7312	14839.9	0	7312
6	1676	3710.0	0	1676
7	377	927.5	0	377
8	52	231.9	0	52
9	241	58.0	0	14 227
10	255	14.5	1	3 252
11	78	3.6	1	0 78
12	20	0.9	1	0 20
13	7	0.2	1	0 7


=== Second read: Adapter PrefixPE/1 ===

Sequence: TACACTCTTTCCCTACACGACGCTCTTCCGATCT; Type: regular 3'; Length: 34; Trimmed: 293386 times

No. of allowed errors:
0-9 bp: 0; 10-19 bp: 1; 20-29 bp: 2; 30-34 bp: 3

Bases preceding removed adapters:
  A: 29.0%
  C: 18.6%
  G: 22.5%
  T: 30.0%
  none/other: 0.0%

Overview of removed sequences
length	count	expect	max.err	error counts
3	195464	237437.8	0	195464
4	75847	59359.4	0	75847
5	15707	14839.9	0	15707
6	3456	3710.0	0	3456
7	618	927.5	0	618
8	163	231.9	0	163
9	885	58.0	0	57 828
10	873	14.5	1	21 852
11	281	3.6	1	1 280
12	64	0.9	1	1 63
13	18	0.2	1	0 18
14	8	0.1	1	0 8
15	2	0.0	1	0 2


=== Second read: Adapter PrefixPE/2 ===

Sequence: GTGACTGGAGTTCAGACGTGTGCTCTTCCGATCT; Type: regular 3'; Length: 34; Trimmed: 254661 times

No. of allowed errors:
0-9 bp: 0; 10-19 bp: 1; 20-29 bp: 2; 30-34 bp: 3

Bases preceding removed adapters:
  A: 23.9%
  C: 18.3%
  G: 25.7%
  T: 32.1%
  none/other: 0.0%

Overview of removed sequences
length	count	expect	max.err	error counts
3	199117	237437.8	0	199117
4	45980	59359.4	0	45980
5	6983	14839.9	0	6983
6	1589	3710.0	0	1589
7	392	927.5	0	392
8	69	231.9	0	69
9	240	58.0	0	11 229
10	206	14.5	1	3 203
11	71	3.6	1	0 71
12	12	0.9	1	0 12
13	2	0.2	1	0 2
