This is cutadapt 2.9 with Python 3.6.6
Command line parameters: --interleaved -a file:/nas02/apps/trimmomatic-0.36/Trimmomatic-0.36/adapters/TruSeq3-PE.fa -A file:/nas02/apps/trimmomatic-0.36/Trimmomatic-0.36/adapters/TruSeq3-PE.fa -m 30 /nas/longleaf/home/zpopkinh/Pvivax_resources/wgs_pe_improved_global/fastq/SRS693907/SRR1564575_1.fastq.gz /nas/longleaf/home/zpopkinh/Pvivax_resources/wgs_pe_improved_global/fastq/SRS693907/SRR1564575_2.fastq.gz
Processing reads on 1 core in paired-end mode ...
Finished in 7.90 s (43 us/read; 1.39 M reads/minute).

=== Summary ===

Total read pairs processed:            182,567
  Read 1 with adapter:                   5,687 (3.1%)
  Read 2 with adapter:                   6,187 (3.4%)
Pairs written (passing filters):       182,566 (100.0%)

Total basepairs processed:    36,878,534 bp
  Read 1:    18,439,267 bp
  Read 2:    18,439,267 bp
Total written (filtered):     36,836,705 bp (99.9%)
  Read 1:    18,419,168 bp
  Read 2:    18,417,537 bp

=== First read: Adapter PrefixPE/1 ===

Sequence: TACACTCTTTCCCTACACGACGCTCTTCCGATCT; Type: regular 3'; Length: 34; Trimmed: 4038 times

No. of allowed errors:
0-9 bp: 0; 10-19 bp: 1; 20-29 bp: 2; 30-34 bp: 3

Bases preceding removed adapters:
  A: 41.9%
  C: 28.5%
  G: 15.0%
  T: 14.6%
  none/other: 0.0%

Overview of removed sequences
length	count	expect	max.err	error counts
3	2384	2852.6	0	2384
4	1205	713.2	0	1205
5	355	178.3	0	355
6	64	44.6	0	64
7	13	11.1	0	13
8	3	2.8	0	3
9	4	0.7	0	1 3
10	6	0.2	1	1 5
11	2	0.0	1	0 2
12	2	0.0	1	0 2


=== First read: Adapter PrefixPE/2 ===

Sequence: GTGACTGGAGTTCAGACGTGTGCTCTTCCGATCT; Type: regular 3'; Length: 34; Trimmed: 1649 times

No. of allowed errors:
0-9 bp: 0; 10-19 bp: 1; 20-29 bp: 2; 30-34 bp: 3

Bases preceding removed adapters:
  A: 38.3%
  C: 17.7%
  G: 19.3%
  T: 24.7%
  none/other: 0.0%

Overview of removed sequences
length	count	expect	max.err	error counts
3	1125	2852.6	0	1125
4	439	713.2	0	439
5	62	178.3	0	62
6	10	44.6	0	10
7	6	11.1	0	6
8	1	2.8	0	1
9	3	0.7	0	0 3
10	1	0.2	1	0 1
11	2	0.0	1	0 2


=== Second read: Adapter PrefixPE/1 ===

Sequence: TACACTCTTTCCCTACACGACGCTCTTCCGATCT; Type: regular 3'; Length: 34; Trimmed: 4738 times

No. of allowed errors:
0-9 bp: 0; 10-19 bp: 1; 20-29 bp: 2; 30-34 bp: 3

Bases preceding removed adapters:
  A: 43.1%
  C: 29.0%
  G: 14.7%
  T: 13.2%
  none/other: 0.0%

Overview of removed sequences
length	count	expect	max.err	error counts
3	2869	2852.6	0	2869
4	1512	713.2	0	1512
5	285	178.3	0	285
6	41	44.6	0	41
7	14	11.1	0	14
8	4	2.8	0	4
9	4	0.7	0	0 4
10	5	0.2	1	0 5
11	3	0.0	1	0 3
13	1	0.0	1	1


=== Second read: Adapter PrefixPE/2 ===

Sequence: GTGACTGGAGTTCAGACGTGTGCTCTTCCGATCT; Type: regular 3'; Length: 34; Trimmed: 1449 times

No. of allowed errors:
0-9 bp: 0; 10-19 bp: 1; 20-29 bp: 2; 30-34 bp: 3

Bases preceding removed adapters:
  A: 36.1%
  C: 25.2%
  G: 18.0%
  T: 20.7%
  none/other: 0.0%

Overview of removed sequences
length	count	expect	max.err	error counts
3	902	2852.6	0	902
4	449	713.2	0	449
5	72	178.3	0	72
6	14	44.6	0	14
7	4	11.1	0	4
8	1	2.8	0	1
9	2	0.7	0	0 2
10	3	0.2	1	0 3
11	1	0.0	1	0 1
98	1	0.0	3	0 0 1
