This is cutadapt 2.9 with Python 3.6.6
Command line parameters: --interleaved -a file:/nas02/apps/trimmomatic-0.36/Trimmomatic-0.36/adapters/TruSeq3-PE.fa -A file:/nas02/apps/trimmomatic-0.36/Trimmomatic-0.36/adapters/TruSeq3-PE.fa -m 30 /nas/longleaf/home/zpopkinh/Pvivax_resources/wgs_pe_improved_global/fastq/SRS693907/SRR1568121_1.fastq.gz /nas/longleaf/home/zpopkinh/Pvivax_resources/wgs_pe_improved_global/fastq/SRS693907/SRR1568121_2.fastq.gz
Processing reads on 1 core in paired-end mode ...
Finished in 1273.41 s (62 us/read; 0.97 M reads/minute).

=== Summary ===

Total read pairs processed:         20,603,925
  Read 1 with adapter:                 781,294 (3.8%)
  Read 2 with adapter:                 796,542 (3.9%)
Pairs written (passing filters):    20,603,902 (100.0%)

Total basepairs processed: 4,161,992,850 bp
  Read 1: 2,080,996,425 bp
  Read 2: 2,080,996,425 bp
Total written (filtered):  4,156,662,503 bp (99.9%)
  Read 1: 2,078,355,868 bp
  Read 2: 2,078,306,635 bp

=== First read: Adapter PrefixPE/1 ===

Sequence: TACACTCTTTCCCTACACGACGCTCTTCCGATCT; Type: regular 3'; Length: 34; Trimmed: 382722 times

No. of allowed errors:
0-9 bp: 0; 10-19 bp: 1; 20-29 bp: 2; 30-34 bp: 3

Bases preceding removed adapters:
  A: 25.2%
  C: 23.5%
  G: 24.5%
  T: 26.8%
  none/other: 0.0%

Overview of removed sequences
length	count	expect	max.err	error counts
3	259923	321936.3	0	259923
4	88332	80484.1	0	88332
5	24929	20121.0	0	24929
6	5404	5030.3	0	5404
7	1146	1257.6	0	1146
8	325	314.4	0	325
9	949	78.6	0	63 886
10	1179	19.6	1	4 1175
11	429	4.9	1	4 425
12	90	1.2	1	0 90
13	9	0.3	1	0 9
14	3	0.1	1	0 3
47	1	0.0	3	0 0 0 1
50	1	0.0	3	0 0 1
57	1	0.0	3	0 0 0 1
65	1	0.0	3	0 0 1


=== First read: Adapter PrefixPE/2 ===

Sequence: GTGACTGGAGTTCAGACGTGTGCTCTTCCGATCT; Type: regular 3'; Length: 34; Trimmed: 398572 times

No. of allowed errors:
0-9 bp: 0; 10-19 bp: 1; 20-29 bp: 2; 30-34 bp: 3

Bases preceding removed adapters:
  A: 24.6%
  C: 18.8%
  G: 26.6%
  T: 30.0%
  none/other: 0.0%

Overview of removed sequences
length	count	expect	max.err	error counts
3	310384	321936.3	0	310384
4	69648	80484.1	0	69648
5	13825	20121.0	0	13825
6	3296	5030.3	0	3296
7	622	1257.6	0	622
8	67	314.4	0	67
9	214	78.6	0	4 210
10	278	19.6	1	1 277
11	164	4.9	1	0 164
12	69	1.2	1	0 69
13	5	0.3	1	0 5


=== Second read: Adapter PrefixPE/1 ===

Sequence: TACACTCTTTCCCTACACGACGCTCTTCCGATCT; Type: regular 3'; Length: 34; Trimmed: 378775 times

No. of allowed errors:
0-9 bp: 0; 10-19 bp: 1; 20-29 bp: 2; 30-34 bp: 3

Bases preceding removed adapters:
  A: 26.2%
  C: 22.9%
  G: 24.5%
  T: 26.4%
  none/other: 0.0%

Overview of removed sequences
length	count	expect	max.err	error counts
3	254628	321936.3	0	254628
4	89181	80484.1	0	89181
5	25896	20121.0	0	25896
6	5002	5030.3	0	5002
7	1231	1257.6	0	1231
8	351	314.4	0	351
9	870	78.6	0	48 822
10	1069	19.6	1	7 1062
11	433	4.9	1	0 433
12	97	1.2	1	0 97
13	15	0.3	1	0 15
14	2	0.1	1	0 2


=== Second read: Adapter PrefixPE/2 ===

Sequence: GTGACTGGAGTTCAGACGTGTGCTCTTCCGATCT; Type: regular 3'; Length: 34; Trimmed: 417767 times

No. of allowed errors:
0-9 bp: 0; 10-19 bp: 1; 20-29 bp: 2; 30-34 bp: 3

Bases preceding removed adapters:
  A: 24.5%
  C: 21.4%
  G: 25.5%
  T: 28.6%
  none/other: 0.0%

Overview of removed sequences
length	count	expect	max.err	error counts
3	327677	321936.3	0	327677
4	71341	80484.1	0	71341
5	13919	20121.0	0	13919
6	3260	5030.3	0	3260
7	597	1257.6	0	597
8	66	314.4	0	66
9	392	78.6	0	7 385
10	288	19.6	1	5 283
11	125	4.9	1	0 125
12	60	1.2	1	0 60
13	9	0.3	1	0 9
17	1	0.0	1	1
20	1	0.0	2	0 0 1
22	1	0.0	2	0 0 1
24	1	0.0	2	0 0 1
28	1	0.0	2	0 0 1
44	1	0.0	3	0 1
49	1	0.0	3	0 1
50	1	0.0	3	0 0 0 1
70	1	0.0	3	0 0 0 1
71	1	0.0	3	0 0 0 1
72	7	0.0	3	0 1 3 3
75	2	0.0	3	0 0 0 2
76	1	0.0	3	0 1
78	1	0.0	3	0 0 1
81	1	0.0	3	0 0 1
86	1	0.0	3	0 0 1
94	4	0.0	3	0 0 0 4
98	1	0.0	3	0 0 1
101	5	0.0	3	0 0 0 5
