This is cutadapt 2.9 with Python 3.6.6
Command line parameters: --interleaved -a file:/nas02/apps/trimmomatic-0.36/Trimmomatic-0.36/adapters/TruSeq3-PE.fa -A file:/nas02/apps/trimmomatic-0.36/Trimmomatic-0.36/adapters/TruSeq3-PE.fa -m 30 /nas/longleaf/home/zpopkinh/Pvivax_resources/wgs_pe_improved_global/fastq/SRS1061214/SRR2317142_1.fastq.gz /nas/longleaf/home/zpopkinh/Pvivax_resources/wgs_pe_improved_global/fastq/SRS1061214/SRR2317142_2.fastq.gz
Processing reads on 1 core in paired-end mode ...
Finished in 2641.77 s (81 us/read; 0.74 M reads/minute).

=== Summary ===

Total read pairs processed:         32,432,515
  Read 1 with adapter:               1,182,053 (3.6%)
  Read 2 with adapter:               1,167,402 (3.6%)
Pairs written (passing filters):    32,432,494 (100.0%)

Total basepairs processed: 6,486,503,000 bp
  Read 1: 3,210,818,985 bp
  Read 2: 3,275,684,015 bp
Total written (filtered):  6,478,486,682 bp (99.9%)
  Read 1: 3,206,785,904 bp
  Read 2: 3,271,700,778 bp

=== First read: Adapter PrefixPE/1 ===

Sequence: TACACTCTTTCCCTACACGACGCTCTTCCGATCT; Type: regular 3'; Length: 34; Trimmed: 645132 times

No. of allowed errors:
0-9 bp: 0; 10-19 bp: 1; 20-29 bp: 2; 30-34 bp: 3

Bases preceding removed adapters:
  A: 32.1%
  C: 17.8%
  G: 18.3%
  T: 31.7%
  none/other: 0.0%

Overview of removed sequences
length	count	expect	max.err	error counts
3	421697	506758.0	0	421697
4	177661	126689.5	0	177661
5	30416	31672.4	0	30416
6	7873	7918.1	0	7873
7	1389	1979.5	0	1389
8	417	494.9	0	417
9	1872	123.7	0	145 1727
10	2797	30.9	1	76 2721
11	773	7.7	1	6 767
12	168	1.9	1	3 165
13	38	0.5	1	0 38
14	10	0.1	1	0 10
15	5	0.0	1	0 5
16	1	0.0	1	0 1
17	1	0.0	1	0 1
20	1	0.0	2	0 1
23	1	0.0	2	0 0 1
27	1	0.0	2	0 1
37	1	0.0	3	0 1
39	1	0.0	3	0 0 0 1
43	2	0.0	3	1 1
52	1	0.0	3	0 0 1
57	2	0.0	3	1 0 1
59	1	0.0	3	0 1
93	1	0.0	3	0 0 1
99	2	0.0	3	0 0 0 2


=== First read: Adapter PrefixPE/2 ===

Sequence: GTGACTGGAGTTCAGACGTGTGCTCTTCCGATCT; Type: regular 3'; Length: 34; Trimmed: 536921 times

No. of allowed errors:
0-9 bp: 0; 10-19 bp: 1; 20-29 bp: 2; 30-34 bp: 3

Bases preceding removed adapters:
  A: 29.3%
  C: 10.5%
  G: 22.8%
  T: 37.4%
  none/other: 0.0%

Overview of removed sequences
length	count	expect	max.err	error counts
3	403223	506758.0	0	403223
4	108973	126689.5	0	108973
5	16489	31672.4	0	16489
6	4920	7918.1	0	4920
7	1194	1979.5	0	1194
8	285	494.9	0	285
9	714	123.7	0	66 648
10	715	30.9	1	17 698
11	314	7.7	1	6 308
12	64	1.9	1	2 62
13	15	0.5	1	0 15
14	9	0.1	1	0 9
15	5	0.0	1	0 5
84	1	0.0	3	0 0 0 1


=== Second read: Adapter PrefixPE/1 ===

Sequence: TACACTCTTTCCCTACACGACGCTCTTCCGATCT; Type: regular 3'; Length: 34; Trimmed: 641435 times

No. of allowed errors:
0-9 bp: 0; 10-19 bp: 1; 20-29 bp: 2; 30-34 bp: 3

Bases preceding removed adapters:
  A: 32.1%
  C: 17.8%
  G: 18.3%
  T: 31.8%
  none/other: 0.0%

Overview of removed sequences
length	count	expect	max.err	error counts
3	418309	506758.0	0	418309
4	178199	126689.5	0	178199
5	29727	31672.4	0	29727
6	7794	7918.1	0	7794
7	1379	1979.5	0	1379
8	398	494.9	0	398
9	1813	123.7	0	143 1670
10	2781	30.9	1	50 2731
11	813	7.7	1	9 804
12	166	1.9	1	1 165
13	41	0.5	1	0 41
14	8	0.1	1	0 8
15	3	0.0	1	0 3
98	1	0.0	3	0 1
101	3	0.0	3	0 0 0 3


=== Second read: Adapter PrefixPE/2 ===

Sequence: GTGACTGGAGTTCAGACGTGTGCTCTTCCGATCT; Type: regular 3'; Length: 34; Trimmed: 525967 times

No. of allowed errors:
0-9 bp: 0; 10-19 bp: 1; 20-29 bp: 2; 30-34 bp: 3

Bases preceding removed adapters:
  A: 29.1%
  C: 10.8%
  G: 22.6%
  T: 37.5%
  none/other: 0.0%

Overview of removed sequences
length	count	expect	max.err	error counts
3	395713	506758.0	0	395713
4	106248	126689.5	0	106248
5	15965	31672.4	0	15965
6	4833	7918.1	0	4833
7	1159	1979.5	0	1159
8	256	494.9	0	256
9	650	123.7	0	77 573
10	705	30.9	1	23 682
11	301	7.7	1	8 293
12	82	1.9	1	0 82
13	19	0.5	1	0 19
14	5	0.1	1	2 3
17	1	0.0	1	1
18	1	0.0	1	1
23	1	0.0	2	1
33	1	0.0	3	0 0 1
42	2	0.0	3	0 0 0 2
44	1	0.0	3	0 0 1
45	3	0.0	3	1 0 1 1
48	2	0.0	3	0 0 1 1
50	1	0.0	3	1
51	3	0.0	3	1 0 1 1
55	1	0.0	3	0 0 1
70	1	0.0	3	0 1
72	2	0.0	3	1 1
91	1	0.0	3	0 1
94	1	0.0	3	0 0 0 1
101	9	0.0	3	0 1 3 5
