This is cutadapt 2.9 with Python 3.6.6
Command line parameters: --interleaved -a file:/nas02/apps/trimmomatic-0.36/Trimmomatic-0.36/adapters/TruSeq3-PE.fa -A file:/nas02/apps/trimmomatic-0.36/Trimmomatic-0.36/adapters/TruSeq3-PE.fa -m 30 /nas/longleaf/home/zpopkinh/Pvivax_resources/wgs_pe_improved_global/fastq/SRS365050/SRR575087_1.fastq.gz /nas/longleaf/home/zpopkinh/Pvivax_resources/wgs_pe_improved_global/fastq/SRS365050/SRR575087_2.fastq.gz
Processing reads on 1 core in paired-end mode ...
Finished in 7347.26 s (90 us/read; 0.67 M reads/minute).

=== Summary ===

Total read pairs processed:         81,446,663
  Read 1 with adapter:               2,875,582 (3.5%)
  Read 2 with adapter:               3,151,674 (3.9%)
Pairs written (passing filters):    81,446,653 (100.0%)

Total basepairs processed: 16,289,332,600 bp
  Read 1: 8,144,666,300 bp
  Read 2: 8,144,666,300 bp
Total written (filtered):  16,269,247,604 bp (99.9%)
  Read 1: 8,135,030,172 bp
  Read 2: 8,134,217,432 bp

=== First read: Adapter PrefixPE/1 ===

Sequence: TACACTCTTTCCCTACACGACGCTCTTCCGATCT; Type: regular 3'; Length: 34; Trimmed: 1323965 times

No. of allowed errors:
0-9 bp: 0; 10-19 bp: 1; 20-29 bp: 2; 30-34 bp: 3

Bases preceding removed adapters:
  A: 24.5%
  C: 23.7%
  G: 27.3%
  T: 24.4%
  none/other: 0.0%

Overview of removed sequences
length	count	expect	max.err	error counts
3	911419	1272604.1	0	911419
4	303922	318151.0	0	303922
5	81397	79537.8	0	81397
6	14569	19884.4	0	14569
7	3572	4971.1	0	3572
8	759	1242.8	0	759
9	3346	310.7	0	264 3082
10	3385	77.7	1	79 3306
11	1187	19.4	1	13 1174
12	295	4.9	1	4 291
13	74	1.2	1	0 74
14	27	0.3	1	0 27
15	5	0.1	1	0 5
100	8	0.0	3	0 1 5 2


=== First read: Adapter PrefixPE/2 ===

Sequence: GTGACTGGAGTTCAGACGTGTGCTCTTCCGATCT; Type: regular 3'; Length: 34; Trimmed: 1551617 times

No. of allowed errors:
0-9 bp: 0; 10-19 bp: 1; 20-29 bp: 2; 30-34 bp: 3

Bases preceding removed adapters:
  A: 22.1%
  C: 20.4%
  G: 28.1%
  T: 29.3%
  none/other: 0.0%

Overview of removed sequences
length	count	expect	max.err	error counts
3	1226072	1272604.1	0	1226072
4	263449	318151.0	0	263449
5	45283	79537.8	0	45283
6	9809	19884.4	0	9809
7	2555	4971.1	0	2555
8	449	1242.8	0	449
9	1836	310.7	0	93 1743
10	1532	77.7	1	49 1483
11	494	19.4	1	8 486
12	107	4.9	1	0 107
13	27	1.2	1	0 27
14	1	0.3	1	0 1
15	2	0.1	1	0 2
17	1	0.0	1	0 1


=== Second read: Adapter PrefixPE/1 ===

Sequence: TACACTCTTTCCCTACACGACGCTCTTCCGATCT; Type: regular 3'; Length: 34; Trimmed: 1294612 times

No. of allowed errors:
0-9 bp: 0; 10-19 bp: 1; 20-29 bp: 2; 30-34 bp: 3

Bases preceding removed adapters:
  A: 24.1%
  C: 23.8%
  G: 27.0%
  T: 25.1%
  none/other: 0.0%

Overview of removed sequences
length	count	expect	max.err	error counts
3	889254	1272604.1	0	889254
4	299222	318151.0	0	299222
5	78874	79537.8	0	78874
6	14409	19884.4	0	14409
7	3548	4971.1	0	3548
8	750	1242.8	0	750
9	3271	310.7	0	269 3002
10	3498	77.7	1	79 3419
11	1344	19.4	1	12 1332
12	324	4.9	1	3 321
13	90	1.2	1	1 89
14	21	0.3	1	0 21
15	5	0.1	1	0 5
86	1	0.0	3	0 0 0 1
100	1	0.0	3	0 0 1


=== Second read: Adapter PrefixPE/2 ===

Sequence: GTGACTGGAGTTCAGACGTGTGCTCTTCCGATCT; Type: regular 3'; Length: 34; Trimmed: 1857062 times

No. of allowed errors:
0-9 bp: 0; 10-19 bp: 1; 20-29 bp: 2; 30-34 bp: 3

Bases preceding removed adapters:
  A: 23.6%
  C: 22.7%
  G: 29.5%
  T: 24.1%
  none/other: 0.0%

Overview of removed sequences
length	count	expect	max.err	error counts
3	1536099	1272604.1	0	1536099
4	260422	318151.0	0	260422
5	44065	79537.8	0	44065
6	9708	19884.4	0	9708
7	2501	4971.1	0	2501
8	445	1242.8	0	445
9	1733	310.7	0	98 1635
10	1446	77.7	1	33 1413
11	501	19.4	1	1 500
12	112	4.9	1	0 112
13	29	1.2	1	0 29
14	1	0.3	1	0 1
