This is cutadapt 2.9 with Python 3.6.6
Command line parameters: --interleaved -a file:/nas02/apps/trimmomatic-0.36/Trimmomatic-0.36/adapters/TruSeq3-PE.fa -A file:/nas02/apps/trimmomatic-0.36/Trimmomatic-0.36/adapters/TruSeq3-PE.fa -m 30 /nas/longleaf/home/zpopkinh/Pvivax_resources/wgs_pe_improved_global/fastq/SRS693947/SRR1564951_1.fastq.gz /nas/longleaf/home/zpopkinh/Pvivax_resources/wgs_pe_improved_global/fastq/SRS693947/SRR1564951_2.fastq.gz
Processing reads on 1 core in paired-end mode ...
Finished in 3.72 s (56 us/read; 1.07 M reads/minute).

=== Summary ===

Total read pairs processed:             66,128
  Read 1 with adapter:                   2,137 (3.2%)
  Read 2 with adapter:                   2,542 (3.8%)
Pairs written (passing filters):        66,125 (100.0%)

Total basepairs processed:    13,357,856 bp
  Read 1:     6,678,928 bp
  Read 2:     6,678,928 bp
Total written (filtered):     13,341,582 bp (99.9%)
  Read 1:     6,671,406 bp
  Read 2:     6,670,176 bp

=== First read: Adapter PrefixPE/1 ===

Sequence: TACACTCTTTCCCTACACGACGCTCTTCCGATCT; Type: regular 3'; Length: 34; Trimmed: 1079 times

No. of allowed errors:
0-9 bp: 0; 10-19 bp: 1; 20-29 bp: 2; 30-34 bp: 3

Bases preceding removed adapters:
  A: 27.7%
  C: 23.2%
  G: 23.4%
  T: 25.7%
  none/other: 0.0%

Overview of removed sequences
length	count	expect	max.err	error counts
3	727	1033.2	0	727
4	258	258.3	0	258
5	66	64.6	0	66
6	14	16.1	0	14
7	2	4.0	0	2
9	4	0.3	0	0 4
10	7	0.1	1	1 6
11	1	0.0	1	0 1


=== First read: Adapter PrefixPE/2 ===

Sequence: GTGACTGGAGTTCAGACGTGTGCTCTTCCGATCT; Type: regular 3'; Length: 34; Trimmed: 1058 times

No. of allowed errors:
0-9 bp: 0; 10-19 bp: 1; 20-29 bp: 2; 30-34 bp: 3

Bases preceding removed adapters:
  A: 23.1%
  C: 17.2%
  G: 30.2%
  T: 29.6%
  none/other: 0.0%

Overview of removed sequences
length	count	expect	max.err	error counts
3	846	1033.2	0	846
4	169	258.3	0	169
5	28	64.6	0	28
6	9	16.1	0	9
7	2	4.0	0	2
9	1	0.3	0	0 1
10	3	0.1	1	0 3


=== Second read: Adapter PrefixPE/1 ===

Sequence: TACACTCTTTCCCTACACGACGCTCTTCCGATCT; Type: regular 3'; Length: 34; Trimmed: 1105 times

No. of allowed errors:
0-9 bp: 0; 10-19 bp: 1; 20-29 bp: 2; 30-34 bp: 3

Bases preceding removed adapters:
  A: 28.0%
  C: 23.2%
  G: 22.6%
  T: 26.2%
  none/other: 0.0%

Overview of removed sequences
length	count	expect	max.err	error counts
3	730	1033.2	0	730
4	297	258.3	0	297
5	61	64.6	0	61
6	8	16.1	0	8
9	6	0.3	0	0 6
10	3	0.1	1	0 3


=== Second read: Adapter PrefixPE/2 ===

Sequence: GTGACTGGAGTTCAGACGTGTGCTCTTCCGATCT; Type: regular 3'; Length: 34; Trimmed: 1437 times

No. of allowed errors:
0-9 bp: 0; 10-19 bp: 1; 20-29 bp: 2; 30-34 bp: 3

Bases preceding removed adapters:
  A: 23.9%
  C: 32.9%
  G: 21.2%
  T: 22.1%
  none/other: 0.0%

Overview of removed sequences
length	count	expect	max.err	error counts
3	1175	1033.2	0	1175
4	217	258.3	0	217
5	26	64.6	0	26
6	11	16.1	0	11
7	1	4.0	0	1
9	2	0.3	0	1 1
10	2	0.1	1	0 2
93	3	0.0	3	0 0 1 2
