This is cutadapt 2.9 with Python 3.6.6
Command line parameters: --interleaved -a file:/nas02/apps/trimmomatic-0.36/Trimmomatic-0.36/adapters/TruSeq3-PE.fa -A file:/nas02/apps/trimmomatic-0.36/Trimmomatic-0.36/adapters/TruSeq3-PE.fa -m 30 /nas/longleaf/home/zpopkinh/Pvivax_resources/wgs_pe_improved_global/fastq/SRS693947/SRR1564660_1.fastq.gz /nas/longleaf/home/zpopkinh/Pvivax_resources/wgs_pe_improved_global/fastq/SRS693947/SRR1564660_2.fastq.gz
Processing reads on 1 core in paired-end mode ...
Finished in 1723.61 s (80 us/read; 0.75 M reads/minute).

=== Summary ===

Total read pairs processed:         21,524,478
  Read 1 with adapter:                 767,035 (3.6%)
  Read 2 with adapter:                 834,861 (3.9%)
Pairs written (passing filters):    21,524,476 (100.0%)

Total basepairs processed: 4,347,944,556 bp
  Read 1: 2,173,972,278 bp
  Read 2: 2,173,972,278 bp
Total written (filtered):  4,342,576,674 bp (99.9%)
  Read 1: 2,171,388,063 bp
  Read 2: 2,171,188,611 bp

=== First read: Adapter PrefixPE/1 ===

Sequence: TACACTCTTTCCCTACACGACGCTCTTCCGATCT; Type: regular 3'; Length: 34; Trimmed: 357468 times

No. of allowed errors:
0-9 bp: 0; 10-19 bp: 1; 20-29 bp: 2; 30-34 bp: 3

Bases preceding removed adapters:
  A: 24.1%
  C: 24.0%
  G: 26.6%
  T: 25.3%
  none/other: 0.0%

Overview of removed sequences
length	count	expect	max.err	error counts
3	241858	336320.0	0	241858
4	84504	84080.0	0	84504
5	23056	21020.0	0	23056
6	4247	5255.0	0	4247
7	1065	1313.7	0	1065
8	244	328.4	0	244
9	899	82.1	0	72 827
10	1095	20.5	1	33 1062
11	386	5.1	1	4 382
12	82	1.3	1	3 79
13	25	0.3	1	0 25
14	5	0.1	1	0 5
101	2	0.0	3	0 1 0 1


=== First read: Adapter PrefixPE/2 ===

Sequence: GTGACTGGAGTTCAGACGTGTGCTCTTCCGATCT; Type: regular 3'; Length: 34; Trimmed: 409567 times

No. of allowed errors:
0-9 bp: 0; 10-19 bp: 1; 20-29 bp: 2; 30-34 bp: 3

Bases preceding removed adapters:
  A: 22.2%
  C: 20.4%
  G: 27.7%
  T: 29.6%
  none/other: 0.0%

Overview of removed sequences
length	count	expect	max.err	error counts
3	320421	336320.0	0	320421
4	71642	84080.0	0	71642
5	12721	21020.0	0	12721
6	2777	5255.0	0	2777
7	700	1313.7	0	700
8	117	328.4	0	117
9	512	82.1	0	22 490
10	465	20.5	1	16 449
11	163	5.1	1	2 161
12	35	1.3	1	0 35
13	13	0.3	1	0 13
14	1	0.1	1	0 1


=== Second read: Adapter PrefixPE/1 ===

Sequence: TACACTCTTTCCCTACACGACGCTCTTCCGATCT; Type: regular 3'; Length: 34; Trimmed: 350595 times

No. of allowed errors:
0-9 bp: 0; 10-19 bp: 1; 20-29 bp: 2; 30-34 bp: 3

Bases preceding removed adapters:
  A: 24.3%
  C: 23.7%
  G: 26.6%
  T: 25.4%
  none/other: 0.0%

Overview of removed sequences
length	count	expect	max.err	error counts
3	237450	336320.0	0	237450
4	83589	84080.0	0	83589
5	21913	21020.0	0	21913
6	4020	5255.0	0	4020
7	972	1313.7	0	972
8	219	328.4	0	219
9	930	82.1	0	92 838
10	980	20.5	1	24 956
11	382	5.1	1	4 378
12	97	1.3	1	1 96
13	22	0.3	1	0 22
14	16	0.1	1	0 16
15	2	0.0	1	0 2
33	2	0.0	3	0 0 1 1
69	1	0.0	3	0 0 0 1


=== Second read: Adapter PrefixPE/2 ===

Sequence: GTGACTGGAGTTCAGACGTGTGCTCTTCCGATCT; Type: regular 3'; Length: 34; Trimmed: 484266 times

No. of allowed errors:
0-9 bp: 0; 10-19 bp: 1; 20-29 bp: 2; 30-34 bp: 3

Bases preceding removed adapters:
  A: 21.2%
  C: 30.0%
  G: 23.7%
  T: 25.1%
  none/other: 0.0%

Overview of removed sequences
length	count	expect	max.err	error counts
3	393353	336320.0	0	393353
4	73744	84080.0	0	73744
5	12549	21020.0	0	12549
6	2767	5255.0	0	2767
7	702	1313.7	0	702
8	123	328.4	0	123
9	466	82.1	0	21 445
10	397	20.5	1	10 387
11	126	5.1	1	2 124
12	31	1.3	1	0 31
13	7	0.3	1	0 7
14	1	0.1	1	0 1
