This is cutadapt 2.9 with Python 3.6.6
Command line parameters: --interleaved -a file:/nas02/apps/trimmomatic-0.36/Trimmomatic-0.36/adapters/TruSeq3-PE.fa -A file:/nas02/apps/trimmomatic-0.36/Trimmomatic-0.36/adapters/TruSeq3-PE.fa -m 30 /nas/longleaf/home/zpopkinh/Pvivax_resources/wgs_pe_improved_global/fastq/ERS241432/ERR337621_1.fastq.gz /nas/longleaf/home/zpopkinh/Pvivax_resources/wgs_pe_improved_global/fastq/ERS241432/ERR337621_2.fastq.gz
Processing reads on 1 core in paired-end mode ...
Finished in 1460.87 s (100 us/read; 0.60 M reads/minute).

=== Summary ===

Total read pairs processed:         14,650,964
  Read 1 with adapter:                 528,577 (3.6%)
  Read 2 with adapter:                 524,036 (3.6%)
Pairs written (passing filters):    14,650,959 (100.0%)

Total basepairs processed: 2,930,192,800 bp
  Read 1: 1,465,096,400 bp
  Read 2: 1,465,096,400 bp
Total written (filtered):  2,926,636,710 bp (99.9%)
  Read 1: 1,463,310,422 bp
  Read 2: 1,463,326,288 bp

=== First read: Adapter PrefixPE/1 ===

Sequence: TACACTCTTTCCCTACACGACGCTCTTCCGATCT; Type: regular 3'; Length: 34; Trimmed: 288636 times

No. of allowed errors:
0-9 bp: 0; 10-19 bp: 1; 20-29 bp: 2; 30-34 bp: 3

Bases preceding removed adapters:
  A: 30.0%
  C: 17.8%
  G: 22.1%
  T: 30.1%
  none/other: 0.0%

Overview of removed sequences
length	count	expect	max.err	error counts
3	191756	228921.3	0	191756
4	75548	57230.3	0	75548
5	15057	14307.6	0	15057
6	3342	3576.9	0	3342
7	658	894.2	0	658
8	147	223.6	0	147
9	859	55.9	0	51 808
10	920	14.0	1	22 898
11	259	3.5	1	0 259
12	65	0.9	1	1 64
13	17	0.2	1	0 17
14	2	0.1	1	0 2
15	1	0.0	1	0 1
71	1	0.0	3	0 0 0 1
100	4	0.0	3	0 0 0 4


=== First read: Adapter PrefixPE/2 ===

Sequence: GTGACTGGAGTTCAGACGTGTGCTCTTCCGATCT; Type: regular 3'; Length: 34; Trimmed: 239941 times

No. of allowed errors:
0-9 bp: 0; 10-19 bp: 1; 20-29 bp: 2; 30-34 bp: 3

Bases preceding removed adapters:
  A: 24.2%
  C: 18.1%
  G: 25.0%
  T: 32.7%
  none/other: 0.0%

Overview of removed sequences
length	count	expect	max.err	error counts
3	187771	228921.3	0	187771
4	43090	57230.3	0	43090
5	6577	14307.6	0	6577
6	1545	3576.9	0	1545
7	358	894.2	0	358
8	62	223.6	0	62
9	243	55.9	0	11 232
10	211	14.0	1	9 202
11	64	3.5	1	2 62
12	16	0.9	1	0 16
13	4	0.2	1	0 4


=== Second read: Adapter PrefixPE/1 ===

Sequence: TACACTCTTTCCCTACACGACGCTCTTCCGATCT; Type: regular 3'; Length: 34; Trimmed: 288530 times

No. of allowed errors:
0-9 bp: 0; 10-19 bp: 1; 20-29 bp: 2; 30-34 bp: 3

Bases preceding removed adapters:
  A: 30.1%
  C: 18.0%
  G: 21.8%
  T: 30.1%
  none/other: 0.0%

Overview of removed sequences
length	count	expect	max.err	error counts
3	191860	228921.3	0	191860
4	75258	57230.3	0	75258
5	15231	14307.6	0	15231
6	3233	3576.9	0	3233
7	665	894.2	0	665
8	146	223.6	0	146
9	874	55.9	0	73 801
10	880	14.0	1	22 858
11	301	3.5	1	3 298
12	66	0.9	1	0 66
13	13	0.2	1	0 13
14	2	0.1	1	0 2
15	1	0.0	1	0 1


=== Second read: Adapter PrefixPE/2 ===

Sequence: GTGACTGGAGTTCAGACGTGTGCTCTTCCGATCT; Type: regular 3'; Length: 34; Trimmed: 235506 times

No. of allowed errors:
0-9 bp: 0; 10-19 bp: 1; 20-29 bp: 2; 30-34 bp: 3

Bases preceding removed adapters:
  A: 24.0%
  C: 18.3%
  G: 25.3%
  T: 32.5%
  none/other: 0.0%

Overview of removed sequences
length	count	expect	max.err	error counts
3	184735	228921.3	0	184735
4	41925	57230.3	0	41925
5	6552	14307.6	0	6552
6	1447	3576.9	0	1447
7	324	894.2	0	324
8	44	223.6	0	44
9	220	55.9	0	12 208
10	175	14.0	1	1 174
11	64	3.5	1	1 63
12	18	0.9	1	0 18
13	2	0.2	1	0 2
