This is cutadapt 2.9 with Python 3.6.6
Command line parameters: --interleaved -a file:/nas02/apps/trimmomatic-0.36/Trimmomatic-0.36/adapters/TruSeq3-PE.fa -A file:/nas02/apps/trimmomatic-0.36/Trimmomatic-0.36/adapters/TruSeq3-PE.fa -m 30 /nas/longleaf/home/zpopkinh/Pvivax_resources/wgs_pe_improved_global/fastq/SRS2746209/SRR6361813_1.fastq.gz /nas/longleaf/home/zpopkinh/Pvivax_resources/wgs_pe_improved_global/fastq/SRS2746209/SRR6361813_2.fastq.gz
Processing reads on 1 core in paired-end mode ...
Finished in 5479.57 s (84 us/read; 0.71 M reads/minute).

=== Summary ===

Total read pairs processed:         65,284,099
  Read 1 with adapter:               2,229,522 (3.4%)
  Read 2 with adapter:               2,217,597 (3.4%)
Pairs written (passing filters):    65,284,099 (100.0%)

Total basepairs processed: 13,056,819,800 bp
  Read 1: 6,528,409,900 bp
  Read 2: 6,528,409,900 bp
Total written (filtered):  13,041,722,267 bp (99.9%)
  Read 1: 6,520,837,638 bp
  Read 2: 6,520,884,629 bp

=== First read: Adapter PrefixPE/1 ===

Sequence: TACACTCTTTCCCTACACGACGCTCTTCCGATCT; Type: regular 3'; Length: 34; Trimmed: 1247460 times

No. of allowed errors:
0-9 bp: 0; 10-19 bp: 1; 20-29 bp: 2; 30-34 bp: 3

Bases preceding removed adapters:
  A: 33.0%
  C: 16.4%
  G: 20.4%
  T: 30.1%
  none/other: 0.0%

Overview of removed sequences
length	count	expect	max.err	error counts
3	821850	1020064.0	0	821850
4	314317	255016.0	0	314317
5	88549	63754.0	0	88549
6	11530	15938.5	0	11530
7	2068	3984.6	0	2068
8	633	996.2	0	633
9	3584	249.0	0	182 3402
10	3378	62.3	1	66 3312
11	1253	15.6	1	10 1243
12	254	3.9	1	0 254
13	41	1.0	1	0 41
14	3	0.2	1	0 3


=== First read: Adapter PrefixPE/2 ===

Sequence: GTGACTGGAGTTCAGACGTGTGCTCTTCCGATCT; Type: regular 3'; Length: 34; Trimmed: 982062 times

No. of allowed errors:
0-9 bp: 0; 10-19 bp: 1; 20-29 bp: 2; 30-34 bp: 3

Bases preceding removed adapters:
  A: 24.6%
  C: 18.5%
  G: 25.2%
  T: 31.7%
  none/other: 0.0%

Overview of removed sequences
length	count	expect	max.err	error counts
3	753332	1020064.0	0	753332
4	189603	255016.0	0	189603
5	29001	63754.0	0	29001
6	6320	15938.5	0	6320
7	1428	3984.6	0	1428
8	200	996.2	0	200
9	791	249.0	0	63 728
10	865	62.3	1	15 850
11	439	15.6	1	10 429
12	70	3.9	1	0 70
13	12	1.0	1	0 12
14	1	0.2	1	0 1


=== Second read: Adapter PrefixPE/1 ===

Sequence: TACACTCTTTCCCTACACGACGCTCTTCCGATCT; Type: regular 3'; Length: 34; Trimmed: 1233131 times

No. of allowed errors:
0-9 bp: 0; 10-19 bp: 1; 20-29 bp: 2; 30-34 bp: 3

Bases preceding removed adapters:
  A: 33.2%
  C: 17.9%
  G: 18.8%
  T: 30.2%
  none/other: 0.0%

Overview of removed sequences
length	count	expect	max.err	error counts
3	811967	1020064.0	0	811967
4	309969	255016.0	0	309969
5	88068	63754.0	0	88068
6	11695	15938.5	0	11695
7	2118	3984.6	0	2118
8	648	996.2	0	648
9	3630	249.0	0	160 3470
10	3498	62.3	1	49 3449
11	1145	15.6	1	3 1142
12	323	3.9	1	1 322
13	50	1.0	1	1 49
14	20	0.2	1	0 20


=== Second read: Adapter PrefixPE/2 ===

Sequence: GTGACTGGAGTTCAGACGTGTGCTCTTCCGATCT; Type: regular 3'; Length: 34; Trimmed: 984466 times

No. of allowed errors:
0-9 bp: 0; 10-19 bp: 1; 20-29 bp: 2; 30-34 bp: 3

Bases preceding removed adapters:
  A: 23.9%
  C: 18.0%
  G: 25.4%
  T: 32.6%
  none/other: 0.0%

Overview of removed sequences
length	count	expect	max.err	error counts
3	761801	1020064.0	0	761801
4	185080	255016.0	0	185080
5	27744	63754.0	0	27744
6	6057	15938.5	0	6057
7	1327	3984.6	0	1327
8	195	996.2	0	195
9	895	249.0	0	54 841
10	919	62.3	1	13 906
11	351	15.6	1	3 348
12	79	3.9	1	0 79
13	17	1.0	1	0 17
14	1	0.2	1	0 1
