This is cutadapt 2.9 with Python 3.6.6
Command line parameters: --interleaved -a file:/nas02/apps/trimmomatic-0.36/Trimmomatic-0.36/adapters/TruSeq3-PE.fa -A file:/nas02/apps/trimmomatic-0.36/Trimmomatic-0.36/adapters/TruSeq3-PE.fa -m 30 /nas/longleaf/home/zpopkinh/Pvivax_resources/wgs_pe_improved_global/fastq/ERR5740754/ERR5740754_1.fastq.gz /nas/longleaf/home/zpopkinh/Pvivax_resources/wgs_pe_improved_global/fastq/ERR5740754/ERR5740754_2.fastq.gz
Processing reads on 1 core in paired-end mode ...
Finished in 392.51 s (131 us/read; 0.46 M reads/minute).

=== Summary ===

Total read pairs processed:          3,004,414
  Read 1 with adapter:                 108,194 (3.6%)
  Read 2 with adapter:                 104,098 (3.5%)
Pairs written (passing filters):     3,004,409 (100.0%)

Total basepairs processed:   907,333,028 bp
  Read 1:   453,666,514 bp
  Read 2:   453,666,514 bp
Total written (filtered):    906,615,967 bp (99.9%)
  Read 1:   453,300,598 bp
  Read 2:   453,315,369 bp

=== First read: Adapter PrefixPE/1 ===

Sequence: TACACTCTTTCCCTACACGACGCTCTTCCGATCT; Type: regular 3'; Length: 34; Trimmed: 48706 times

No. of allowed errors:
0-9 bp: 0; 10-19 bp: 1; 20-29 bp: 2; 30-34 bp: 3

Bases preceding removed adapters:
  A: 25.4%
  C: 24.1%
  G: 23.9%
  T: 26.6%
  none/other: 0.0%

Overview of removed sequences
length	count	expect	max.err	error counts
3	32915	46944.0	0	32915
4	11839	11736.0	0	11839
5	2785	2934.0	0	2785
6	547	733.5	0	547
7	140	183.4	0	140
8	44	45.8	0	44
9	147	11.5	0	12 135
10	206	2.9	1	9 197
11	59	0.7	1	1 58
12	13	0.2	1	0 13
13	10	0.0	1	0 10
14	1	0.0	1	0 1


=== First read: Adapter PrefixPE/2 ===

Sequence: GTGACTGGAGTTCAGACGTGTGCTCTTCCGATCT; Type: regular 3'; Length: 34; Trimmed: 59488 times

No. of allowed errors:
0-9 bp: 0; 10-19 bp: 1; 20-29 bp: 2; 30-34 bp: 3

Bases preceding removed adapters:
  A: 25.1%
  C: 15.9%
  G: 27.7%
  T: 31.3%
  none/other: 0.0%

Overview of removed sequences
length	count	expect	max.err	error counts
3	46188	46944.0	0	46188
4	10650	11736.0	0	10650
5	1800	2934.0	0	1800
6	487	733.5	0	487
7	141	183.4	0	141
8	26	45.8	0	26
9	97	11.5	0	7 90
10	65	2.9	1	1 64
11	23	0.7	1	0 23
12	11	0.2	1	0 11


=== Second read: Adapter PrefixPE/1 ===

Sequence: TACACTCTTTCCCTACACGACGCTCTTCCGATCT; Type: regular 3'; Length: 34; Trimmed: 46702 times

No. of allowed errors:
0-9 bp: 0; 10-19 bp: 1; 20-29 bp: 2; 30-34 bp: 3

Bases preceding removed adapters:
  A: 25.6%
  C: 25.2%
  G: 23.8%
  T: 25.4%
  none/other: 0.0%

Overview of removed sequences
length	count	expect	max.err	error counts
3	31696	46944.0	0	31696
4	11128	11736.0	0	11128
5	2763	2934.0	0	2763
6	496	733.5	0	496
7	166	183.4	0	166
8	43	45.8	0	43
9	161	11.5	0	15 146
10	169	2.9	1	5 164
11	55	0.7	1	1 54
12	13	0.2	1	0 13
13	6	0.0	1	0 6
14	3	0.0	1	0 3
15	1	0.0	1	0 1
18	1	0.0	1	0 0 1
151	1	0.0	3	0 1


=== Second read: Adapter PrefixPE/2 ===

Sequence: GTGACTGGAGTTCAGACGTGTGCTCTTCCGATCT; Type: regular 3'; Length: 34; Trimmed: 57396 times

No. of allowed errors:
0-9 bp: 0; 10-19 bp: 1; 20-29 bp: 2; 30-34 bp: 3

Bases preceding removed adapters:
  A: 24.0%
  C: 17.9%
  G: 28.3%
  T: 29.9%
  none/other: 0.0%

Overview of removed sequences
length	count	expect	max.err	error counts
3	45378	46944.0	0	45378
4	9419	11736.0	0	9419
5	1821	2934.0	0	1821
6	445	733.5	0	445
7	112	183.4	0	112
8	29	45.8	0	29
9	84	11.5	0	7 77
10	71	2.9	1	2 69
11	25	0.7	1	1 24
12	6	0.2	1	0 6
13	2	0.0	1	0 2
143	4	0.0	3	0 0 0 4
