This is cutadapt 2.9 with Python 3.6.6
Command line parameters: --interleaved -a file:/nas02/apps/trimmomatic-0.36/Trimmomatic-0.36/adapters/TruSeq3-PE.fa -A file:/nas02/apps/trimmomatic-0.36/Trimmomatic-0.36/adapters/TruSeq3-PE.fa -m 30 /nas/longleaf/home/zpopkinh/Pvivax_resources/wgs_pe_improved_global/fastq/SRS693974/SRR1568156_1.fastq.gz /nas/longleaf/home/zpopkinh/Pvivax_resources/wgs_pe_improved_global/fastq/SRS693974/SRR1568156_2.fastq.gz
Processing reads on 1 core in paired-end mode ...
Finished in 805.63 s (96 us/read; 0.63 M reads/minute).

=== Summary ===

Total read pairs processed:          8,426,010
  Read 1 with adapter:                 305,722 (3.6%)
  Read 2 with adapter:                 306,471 (3.6%)
Pairs written (passing filters):     8,425,999 (100.0%)

Total basepairs processed: 1,702,054,020 bp
  Read 1:   851,027,010 bp
  Read 2:   851,027,010 bp
Total written (filtered):  1,699,987,587 bp (99.9%)
  Read 1:   849,991,508 bp
  Read 2:   849,996,079 bp

=== First read: Adapter PrefixPE/1 ===

Sequence: TACACTCTTTCCCTACACGACGCTCTTCCGATCT; Type: regular 3'; Length: 34; Trimmed: 145316 times

No. of allowed errors:
0-9 bp: 0; 10-19 bp: 1; 20-29 bp: 2; 30-34 bp: 3

Bases preceding removed adapters:
  A: 29.0%
  C: 23.0%
  G: 24.3%
  T: 23.7%
  none/other: 0.0%

Overview of removed sequences
length	count	expect	max.err	error counts
3	96662	131656.4	0	96662
4	36450	32914.1	0	36450
5	8588	8228.5	0	8588
6	1690	2057.1	0	1690
7	434	514.3	0	434
8	126	128.6	0	126
9	262	32.1	0	22 240
10	764	8.0	1	23 741
11	303	2.0	1	0 303
12	9	0.5	1	0 9
13	11	0.1	1	0 11
14	3	0.0	1	0 3
17	2	0.0	1	0 2
20	1	0.0	2	0 1
50	1	0.0	3	0 0 1
101	10	0.0	3	0 4 0 6


=== First read: Adapter PrefixPE/2 ===

Sequence: GTGACTGGAGTTCAGACGTGTGCTCTTCCGATCT; Type: regular 3'; Length: 34; Trimmed: 160406 times

No. of allowed errors:
0-9 bp: 0; 10-19 bp: 1; 20-29 bp: 2; 30-34 bp: 3

Bases preceding removed adapters:
  A: 24.6%
  C: 17.2%
  G: 28.2%
  T: 30.0%
  none/other: 0.0%

Overview of removed sequences
length	count	expect	max.err	error counts
3	125192	131656.4	0	125192
4	27886	32914.1	0	27886
5	5438	8228.5	0	5438
6	1019	2057.1	0	1019
7	338	514.3	0	338
8	88	128.6	0	88
9	237	32.1	0	6 231
10	169	8.0	1	1 168
11	36	2.0	1	0 36
12	2	0.5	1	0 2
14	1	0.0	1	0 1


=== Second read: Adapter PrefixPE/1 ===

Sequence: TACACTCTTTCCCTACACGACGCTCTTCCGATCT; Type: regular 3'; Length: 34; Trimmed: 141455 times

No. of allowed errors:
0-9 bp: 0; 10-19 bp: 1; 20-29 bp: 2; 30-34 bp: 3

Bases preceding removed adapters:
  A: 29.0%
  C: 23.6%
  G: 23.0%
  T: 24.4%
  none/other: 0.0%

Overview of removed sequences
length	count	expect	max.err	error counts
3	95008	131656.4	0	95008
4	35450	32914.1	0	35450
5	7952	8228.5	0	7952
6	1439	2057.1	0	1439
7	319	514.3	0	319
8	129	128.6	0	129
9	292	32.1	0	7 285
10	614	8.0	1	14 600
11	207	2.0	1	0 207
12	39	0.5	1	0 39
13	5	0.1	1	0 5
14	1	0.0	1	0 1


=== Second read: Adapter PrefixPE/2 ===

Sequence: GTGACTGGAGTTCAGACGTGTGCTCTTCCGATCT; Type: regular 3'; Length: 34; Trimmed: 165016 times

No. of allowed errors:
0-9 bp: 0; 10-19 bp: 1; 20-29 bp: 2; 30-34 bp: 3

Bases preceding removed adapters:
  A: 24.3%
  C: 19.7%
  G: 27.0%
  T: 29.0%
  none/other: 0.0%

Overview of removed sequences
length	count	expect	max.err	error counts
3	130715	131656.4	0	130715
4	27972	32914.1	0	27972
5	4641	8228.5	0	4641
6	828	2057.1	0	828
7	325	514.3	0	325
8	52	128.6	0	52
9	251	32.1	0	26 225
10	163	8.0	1	4 159
11	42	2.0	1	1 41
12	19	0.5	1	0 19
22	1	0.0	2	1
26	1	0.0	2	0 1
34	1	0.0	3	1
45	2	0.0	3	0 2
48	1	0.0	3	0 0 1
49	1	0.0	3	0 1
101	1	0.0	3	0 0 0 1
