This is cutadapt 2.9 with Python 3.6.6
Command line parameters: --interleaved -a file:/nas02/apps/trimmomatic-0.36/Trimmomatic-0.36/adapters/TruSeq3-PE.fa -A file:/nas02/apps/trimmomatic-0.36/Trimmomatic-0.36/adapters/TruSeq3-PE.fa -m 30 /nas/longleaf/home/zpopkinh/Pvivax_resources/wgs_pe_improved_global/fastq/SRS693974/SRR1564691_1.fastq.gz /nas/longleaf/home/zpopkinh/Pvivax_resources/wgs_pe_improved_global/fastq/SRS693974/SRR1564691_2.fastq.gz
Processing reads on 1 core in paired-end mode ...
Finished in 0.66 s (51 us/read; 1.18 M reads/minute).

=== Summary ===

Total read pairs processed:             12,952
  Read 1 with adapter:                     405 (3.1%)
  Read 2 with adapter:                     448 (3.5%)
Pairs written (passing filters):        12,952 (100.0%)

Total basepairs processed:     2,616,304 bp
  Read 1:     1,308,152 bp
  Read 2:     1,308,152 bp
Total written (filtered):      2,613,375 bp (99.9%)
  Read 1:     1,306,766 bp
  Read 2:     1,306,609 bp

=== First read: Adapter PrefixPE/1 ===

Sequence: TACACTCTTTCCCTACACGACGCTCTTCCGATCT; Type: regular 3'; Length: 34; Trimmed: 229 times

No. of allowed errors:
0-9 bp: 0; 10-19 bp: 1; 20-29 bp: 2; 30-34 bp: 3

Bases preceding removed adapters:
  A: 27.1%
  C: 27.5%
  G: 24.0%
  T: 21.4%
  none/other: 0.0%

Overview of removed sequences
length	count	expect	max.err	error counts
3	141	202.4	0	141
4	64	50.6	0	64
5	16	12.6	0	16
6	3	3.2	0	3
7	2	0.8	0	2
9	1	0.0	0	0 1
10	1	0.0	1	0 1
12	1	0.0	1	0 1


=== First read: Adapter PrefixPE/2 ===

Sequence: GTGACTGGAGTTCAGACGTGTGCTCTTCCGATCT; Type: regular 3'; Length: 34; Trimmed: 176 times

No. of allowed errors:
0-9 bp: 0; 10-19 bp: 1; 20-29 bp: 2; 30-34 bp: 3

Bases preceding removed adapters:
  A: 25.6%
  C: 19.3%
  G: 23.9%
  T: 31.2%
  none/other: 0.0%

Overview of removed sequences
length	count	expect	max.err	error counts
3	145	202.4	0	145
4	27	50.6	0	27
5	3	12.6	0	3
6	1	3.2	0	1


=== Second read: Adapter PrefixPE/1 ===

Sequence: TACACTCTTTCCCTACACGACGCTCTTCCGATCT; Type: regular 3'; Length: 34; Trimmed: 214 times

No. of allowed errors:
0-9 bp: 0; 10-19 bp: 1; 20-29 bp: 2; 30-34 bp: 3

Bases preceding removed adapters:
  A: 36.0%
  C: 21.5%
  G: 19.2%
  T: 23.4%
  none/other: 0.0%

Overview of removed sequences
length	count	expect	max.err	error counts
3	126	202.4	0	126
4	63	50.6	0	63
5	18	12.6	0	18
6	3	3.2	0	3
7	1	0.8	0	1
10	2	0.0	1	1 1
11	1	0.0	1	0 1


=== Second read: Adapter PrefixPE/2 ===

Sequence: GTGACTGGAGTTCAGACGTGTGCTCTTCCGATCT; Type: regular 3'; Length: 34; Trimmed: 234 times

No. of allowed errors:
0-9 bp: 0; 10-19 bp: 1; 20-29 bp: 2; 30-34 bp: 3

Bases preceding removed adapters:
  A: 25.6%
  C: 26.5%
  G: 20.9%
  T: 26.9%
  none/other: 0.0%

Overview of removed sequences
length	count	expect	max.err	error counts
3	183	202.4	0	183
4	41	50.6	0	41
5	8	12.6	0	8
6	1	3.2	0	1
8	1	0.2	0	1
