This is cutadapt 2.9 with Python 3.6.6
Command line parameters: --interleaved -a file:/nas02/apps/trimmomatic-0.36/Trimmomatic-0.36/adapters/TruSeq3-PE.fa -A file:/nas02/apps/trimmomatic-0.36/Trimmomatic-0.36/adapters/TruSeq3-PE.fa -m 30 /nas/longleaf/home/zpopkinh/Pvivax_resources/wgs_pe_improved_global/fastq/ERS025405/ERR039234_1.fastq.gz /nas/longleaf/home/zpopkinh/Pvivax_resources/wgs_pe_improved_global/fastq/ERS025405/ERR039234_2.fastq.gz
Processing reads on 1 core in paired-end mode ...
Finished in 561.36 s (75 us/read; 0.80 M reads/minute).

=== Summary ===

Total read pairs processed:          7,443,949
  Read 1 with adapter:                 268,076 (3.6%)
  Read 2 with adapter:                 264,324 (3.6%)
Pairs written (passing filters):     7,443,946 (100.0%)

Total basepairs processed: 1,116,592,350 bp
  Read 1:   558,296,175 bp
  Read 2:   558,296,175 bp
Total written (filtered):  1,114,791,683 bp (99.8%)
  Read 1:   557,389,191 bp
  Read 2:   557,402,492 bp

=== First read: Adapter PrefixPE/1 ===

Sequence: TACACTCTTTCCCTACACGACGCTCTTCCGATCT; Type: regular 3'; Length: 34; Trimmed: 149013 times

No. of allowed errors:
0-9 bp: 0; 10-19 bp: 1; 20-29 bp: 2; 30-34 bp: 3

Bases preceding removed adapters:
  A: 29.7%
  C: 17.9%
  G: 21.7%
  T: 30.7%
  none/other: 0.0%

Overview of removed sequences
length	count	expect	max.err	error counts
3	99223	116311.7	0	99223
4	38372	29077.9	0	38372
5	8018	7269.5	0	8018
6	1751	1817.4	0	1751
7	346	454.3	0	346
8	70	113.6	0	70
9	496	28.4	0	36 460
10	535	7.1	1	12 523
11	148	1.8	1	1 147
12	45	0.4	1	0 45
13	1	0.1	1	0 1
14	4	0.0	1	0 4
39	1	0.0	3	0 1
75	3	0.0	3	0 0 0 3


=== First read: Adapter PrefixPE/2 ===

Sequence: GTGACTGGAGTTCAGACGTGTGCTCTTCCGATCT; Type: regular 3'; Length: 34; Trimmed: 119063 times

No. of allowed errors:
0-9 bp: 0; 10-19 bp: 1; 20-29 bp: 2; 30-34 bp: 3

Bases preceding removed adapters:
  A: 23.9%
  C: 17.9%
  G: 25.0%
  T: 33.1%
  none/other: 0.0%

Overview of removed sequences
length	count	expect	max.err	error counts
3	93345	116311.7	0	93345
4	21152	29077.9	0	21152
5	3348	7269.5	0	3348
6	736	1817.4	0	736
7	188	454.3	0	188
8	32	113.6	0	32
9	116	28.4	0	3 113
10	101	7.1	1	2 99
11	33	1.8	1	0 33
12	10	0.4	1	0 10
13	2	0.1	1	0 2


=== Second read: Adapter PrefixPE/1 ===

Sequence: TACACTCTTTCCCTACACGACGCTCTTCCGATCT; Type: regular 3'; Length: 34; Trimmed: 148329 times

No. of allowed errors:
0-9 bp: 0; 10-19 bp: 1; 20-29 bp: 2; 30-34 bp: 3

Bases preceding removed adapters:
  A: 30.4%
  C: 17.6%
  G: 21.3%
  T: 30.7%
  none/other: 0.0%

Overview of removed sequences
length	count	expect	max.err	error counts
3	99028	116311.7	0	99028
4	38141	29077.9	0	38141
5	7967	7269.5	0	7967
6	1660	1817.4	0	1660
7	317	454.3	0	317
8	69	113.6	0	69
9	478	28.4	0	24 454
10	493	7.1	1	6 487
11	137	1.8	1	0 137
12	27	0.4	1	0 27
13	10	0.1	1	0 10
14	1	0.0	1	0 1
15	1	0.0	1	0 1


=== Second read: Adapter PrefixPE/2 ===

Sequence: GTGACTGGAGTTCAGACGTGTGCTCTTCCGATCT; Type: regular 3'; Length: 34; Trimmed: 115995 times

No. of allowed errors:
0-9 bp: 0; 10-19 bp: 1; 20-29 bp: 2; 30-34 bp: 3

Bases preceding removed adapters:
  A: 24.0%
  C: 17.6%
  G: 25.0%
  T: 33.4%
  none/other: 0.0%

Overview of removed sequences
length	count	expect	max.err	error counts
3	90771	116311.7	0	90771
4	20815	29077.9	0	20815
5	3271	7269.5	0	3271
6	675	1817.4	0	675
7	161	454.3	0	161
8	28	113.6	0	28
9	103	28.4	0	8 95
10	116	7.1	1	1 115
11	46	1.8	1	0 46
12	8	0.4	1	0 8
13	1	0.1	1	0 1
