This is cutadapt 2.9 with Python 3.6.6
Command line parameters: --interleaved -a file:/nas02/apps/trimmomatic-0.36/Trimmomatic-0.36/adapters/TruSeq3-PE.fa -A file:/nas02/apps/trimmomatic-0.36/Trimmomatic-0.36/adapters/TruSeq3-PE.fa -m 30 /nas/longleaf/home/zpopkinh/Pvivax_resources/wgs_pe_improved_global/fastq/ERS989897/ERR1475456_1.fastq.gz /nas/longleaf/home/zpopkinh/Pvivax_resources/wgs_pe_improved_global/fastq/ERS989897/ERR1475456_2.fastq.gz
Processing reads on 1 core in paired-end mode ...
Finished in 245.35 s (82 us/read; 0.73 M reads/minute).

=== Summary ===

Total read pairs processed:          2,994,709
  Read 1 with adapter:                 108,480 (3.6%)
  Read 2 with adapter:                 107,815 (3.6%)
Pairs written (passing filters):     2,994,707 (100.0%)

Total basepairs processed:   598,941,800 bp
  Read 1:   299,470,900 bp
  Read 2:   299,470,900 bp
Total written (filtered):    598,206,119 bp (99.9%)
  Read 1:   299,101,934 bp
  Read 2:   299,104,185 bp

=== First read: Adapter PrefixPE/1 ===

Sequence: TACACTCTTTCCCTACACGACGCTCTTCCGATCT; Type: regular 3'; Length: 34; Trimmed: 55697 times

No. of allowed errors:
0-9 bp: 0; 10-19 bp: 1; 20-29 bp: 2; 30-34 bp: 3

Bases preceding removed adapters:
  A: 28.0%
  C: 18.7%
  G: 26.0%
  T: 27.3%
  none/other: 0.0%

Overview of removed sequences
length	count	expect	max.err	error counts
3	36663	46792.3	0	36663
4	14422	11698.1	0	14422
5	3002	2924.5	0	3002
6	698	731.1	0	698
7	204	182.8	0	204
8	38	45.7	0	38
9	135	11.4	0	11 124
10	446	2.9	1	7 439
11	69	0.7	1	0 69
12	14	0.2	1	0 14
13	4	0.0	1	0 4
76	1	0.0	3	1
100	1	0.0	3	0 0 0 1


=== First read: Adapter PrefixPE/2 ===

Sequence: GTGACTGGAGTTCAGACGTGTGCTCTTCCGATCT; Type: regular 3'; Length: 34; Trimmed: 52783 times

No. of allowed errors:
0-9 bp: 0; 10-19 bp: 1; 20-29 bp: 2; 30-34 bp: 3

Bases preceding removed adapters:
  A: 25.0%
  C: 16.8%
  G: 24.8%
  T: 33.4%
  none/other: 0.0%

Overview of removed sequences
length	count	expect	max.err	error counts
3	41045	46792.3	0	41045
4	9670	11698.1	0	9670
5	1459	2924.5	0	1459
6	355	731.1	0	355
7	61	182.8	0	61
8	17	45.7	0	17
9	91	11.4	0	4 87
10	61	2.9	1	1 60
11	16	0.7	1	0 16
12	7	0.2	1	0 7
13	1	0.0	1	0 1


=== Second read: Adapter PrefixPE/1 ===

Sequence: TACACTCTTTCCCTACACGACGCTCTTCCGATCT; Type: regular 3'; Length: 34; Trimmed: 55249 times

No. of allowed errors:
0-9 bp: 0; 10-19 bp: 1; 20-29 bp: 2; 30-34 bp: 3

Bases preceding removed adapters:
  A: 28.2%
  C: 18.6%
  G: 26.0%
  T: 27.2%
  none/other: 0.0%

Overview of removed sequences
length	count	expect	max.err	error counts
3	36287	46792.3	0	36287
4	14466	11698.1	0	14466
5	2933	2924.5	0	2933
6	658	731.1	0	658
7	169	182.8	0	169
8	39	45.7	0	39
9	138	11.4	0	11 127
10	458	2.9	1	9 449
11	85	0.7	1	1 84
12	10	0.2	1	0 10
13	5	0.0	1	0 5
100	1	0.0	3	0 0 1


=== Second read: Adapter PrefixPE/2 ===

Sequence: GTGACTGGAGTTCAGACGTGTGCTCTTCCGATCT; Type: regular 3'; Length: 34; Trimmed: 52566 times

No. of allowed errors:
0-9 bp: 0; 10-19 bp: 1; 20-29 bp: 2; 30-34 bp: 3

Bases preceding removed adapters:
  A: 25.3%
  C: 16.5%
  G: 25.0%
  T: 33.2%
  none/other: 0.0%

Overview of removed sequences
length	count	expect	max.err	error counts
3	40978	46792.3	0	40978
4	9491	11698.1	0	9491
5	1453	2924.5	0	1453
6	381	731.1	0	381
7	83	182.8	0	83
8	17	45.7	0	17
9	85	11.4	0	3 82
10	55	2.9	1	3 52
11	19	0.7	1	0 19
12	2	0.2	1	0 2
13	2	0.0	1	0 2
