This is cutadapt 2.9 with Python 3.6.6
Command line parameters: --interleaved -a file:/nas02/apps/trimmomatic-0.36/Trimmomatic-0.36/adapters/TruSeq3-PE.fa -A file:/nas02/apps/trimmomatic-0.36/Trimmomatic-0.36/adapters/TruSeq3-PE.fa -m 30 /nas/longleaf/home/zpopkinh/Pvivax_resources/wgs_pe_improved_global/fastq/SRS693271/SRR1564952_1.fastq.gz /nas/longleaf/home/zpopkinh/Pvivax_resources/wgs_pe_improved_global/fastq/SRS693271/SRR1564952_2.fastq.gz
Processing reads on 1 core in paired-end mode ...
Finished in 0.88 s (48 us/read; 1.26 M reads/minute).

=== Summary ===

Total read pairs processed:             18,435
  Read 1 with adapter:                     593 (3.2%)
  Read 2 with adapter:                     668 (3.6%)
Pairs written (passing filters):        18,435 (100.0%)

Total basepairs processed:     3,723,870 bp
  Read 1:     1,861,935 bp
  Read 2:     1,861,935 bp
Total written (filtered):      3,719,605 bp (99.9%)
  Read 1:     1,859,922 bp
  Read 2:     1,859,683 bp

=== First read: Adapter PrefixPE/1 ===

Sequence: TACACTCTTTCCCTACACGACGCTCTTCCGATCT; Type: regular 3'; Length: 34; Trimmed: 318 times

No. of allowed errors:
0-9 bp: 0; 10-19 bp: 1; 20-29 bp: 2; 30-34 bp: 3

Bases preceding removed adapters:
  A: 28.0%
  C: 20.1%
  G: 23.9%
  T: 28.0%
  none/other: 0.0%

Overview of removed sequences
length	count	expect	max.err	error counts
3	210	288.0	0	210
4	87	72.0	0	87
5	13	18.0	0	13
6	2	4.5	0	2
7	4	1.1	0	4
9	1	0.1	0	0 1
12	1	0.0	1	0 1


=== First read: Adapter PrefixPE/2 ===

Sequence: GTGACTGGAGTTCAGACGTGTGCTCTTCCGATCT; Type: regular 3'; Length: 34; Trimmed: 275 times

No. of allowed errors:
0-9 bp: 0; 10-19 bp: 1; 20-29 bp: 2; 30-34 bp: 3

Bases preceding removed adapters:
  A: 33.8%
  C: 10.9%
  G: 21.5%
  T: 33.8%
  none/other: 0.0%

Overview of removed sequences
length	count	expect	max.err	error counts
3	209	288.0	0	209
4	59	72.0	0	59
5	5	18.0	0	5
9	1	0.1	0	0 1
12	1	0.0	1	0 1


=== Second read: Adapter PrefixPE/1 ===

Sequence: TACACTCTTTCCCTACACGACGCTCTTCCGATCT; Type: regular 3'; Length: 34; Trimmed: 292 times

No. of allowed errors:
0-9 bp: 0; 10-19 bp: 1; 20-29 bp: 2; 30-34 bp: 3

Bases preceding removed adapters:
  A: 27.4%
  C: 18.2%
  G: 22.3%
  T: 32.2%
  none/other: 0.0%

Overview of removed sequences
length	count	expect	max.err	error counts
3	180	288.0	0	180
4	92	72.0	0	92
5	16	18.0	0	16
6	1	4.5	0	1
10	2	0.0	1	0 2
11	1	0.0	1	0 1


=== Second read: Adapter PrefixPE/2 ===

Sequence: GTGACTGGAGTTCAGACGTGTGCTCTTCCGATCT; Type: regular 3'; Length: 34; Trimmed: 376 times

No. of allowed errors:
0-9 bp: 0; 10-19 bp: 1; 20-29 bp: 2; 30-34 bp: 3

Bases preceding removed adapters:
  A: 29.0%
  C: 26.1%
  G: 18.4%
  T: 26.6%
  none/other: 0.0%

Overview of removed sequences
length	count	expect	max.err	error counts
3	304	288.0	0	304
4	61	72.0	0	61
5	6	18.0	0	6
6	2	4.5	0	2
9	1	0.1	0	0 1
10	2	0.0	1	0 2
