This is cutadapt 2.9 with Python 3.6.6
Command line parameters: --interleaved -a file:/nas02/apps/trimmomatic-0.36/Trimmomatic-0.36/adapters/TruSeq3-PE.fa -A file:/nas02/apps/trimmomatic-0.36/Trimmomatic-0.36/adapters/TruSeq3-PE.fa -m 30 /nas/longleaf/home/zpopkinh/Pvivax_resources/wgs_pe_improved_global/fastq/SRS693271/SRR1562522_1.fastq.gz /nas/longleaf/home/zpopkinh/Pvivax_resources/wgs_pe_improved_global/fastq/SRS693271/SRR1562522_2.fastq.gz
Processing reads on 1 core in paired-end mode ...
Finished in 1636.11 s (74 us/read; 0.82 M reads/minute).

=== Summary ===

Total read pairs processed:         22,251,437
  Read 1 with adapter:                 825,973 (3.7%)
  Read 2 with adapter:                 845,364 (3.8%)
Pairs written (passing filters):    22,251,435 (100.0%)

Total basepairs processed: 4,494,790,274 bp
  Read 1: 2,247,395,137 bp
  Read 2: 2,247,395,137 bp
Total written (filtered):  4,489,156,335 bp (99.9%)
  Read 1: 2,244,604,824 bp
  Read 2: 2,244,551,511 bp

=== First read: Adapter PrefixPE/1 ===

Sequence: TACACTCTTTCCCTACACGACGCTCTTCCGATCT; Type: regular 3'; Length: 34; Trimmed: 397093 times

No. of allowed errors:
0-9 bp: 0; 10-19 bp: 1; 20-29 bp: 2; 30-34 bp: 3

Bases preceding removed adapters:
  A: 24.7%
  C: 23.0%
  G: 26.3%
  T: 25.9%
  none/other: 0.0%

Overview of removed sequences
length	count	expect	max.err	error counts
3	266957	347678.7	0	266957
4	95905	86919.7	0	95905
5	24575	21729.9	0	24575
6	4786	5432.5	0	4786
7	1252	1358.1	0	1252
8	269	339.5	0	269
9	1094	84.9	0	112 982
10	1549	21.2	1	36 1513
11	577	5.3	1	4 573
12	105	1.3	1	0 105
13	14	0.3	1	0 14
14	8	0.1	1	0 8
15	2	0.0	1	0 2


=== First read: Adapter PrefixPE/2 ===

Sequence: GTGACTGGAGTTCAGACGTGTGCTCTTCCGATCT; Type: regular 3'; Length: 34; Trimmed: 428880 times

No. of allowed errors:
0-9 bp: 0; 10-19 bp: 1; 20-29 bp: 2; 30-34 bp: 3

Bases preceding removed adapters:
  A: 23.4%
  C: 19.2%
  G: 27.0%
  T: 30.3%
  none/other: 0.0%

Overview of removed sequences
length	count	expect	max.err	error counts
3	334634	347678.7	0	334634
4	75803	86919.7	0	75803
5	13281	21729.9	0	13281
6	3116	5432.5	0	3116
7	788	1358.1	0	788
8	103	339.5	0	103
9	530	84.9	0	32 498
10	411	21.2	1	15 396
11	168	5.3	1	3 165
12	36	1.3	1	0 36
13	9	0.3	1	0 9
14	1	0.1	1	0 1


=== Second read: Adapter PrefixPE/1 ===

Sequence: TACACTCTTTCCCTACACGACGCTCTTCCGATCT; Type: regular 3'; Length: 34; Trimmed: 393000 times

No. of allowed errors:
0-9 bp: 0; 10-19 bp: 1; 20-29 bp: 2; 30-34 bp: 3

Bases preceding removed adapters:
  A: 25.0%
  C: 22.9%
  G: 26.1%
  T: 26.0%
  none/other: 0.0%

Overview of removed sequences
length	count	expect	max.err	error counts
3	265334	347678.7	0	265334
4	94151	86919.7	0	94151
5	23814	21729.9	0	23814
6	4824	5432.5	0	4824
7	1274	1358.1	0	1274
8	265	339.5	0	265
9	1152	84.9	0	129 1023
10	1529	21.2	1	43 1486
11	525	5.3	1	3 522
12	103	1.3	1	0 103
13	18	0.3	1	0 18
14	5	0.1	1	0 5
28	2	0.0	2	0 0 0 2
57	2	0.0	3	0 2
74	2	0.0	3	0 0 0 2


=== Second read: Adapter PrefixPE/2 ===

Sequence: GTGACTGGAGTTCAGACGTGTGCTCTTCCGATCT; Type: regular 3'; Length: 34; Trimmed: 452364 times

No. of allowed errors:
0-9 bp: 0; 10-19 bp: 1; 20-29 bp: 2; 30-34 bp: 3

Bases preceding removed adapters:
  A: 23.0%
  C: 23.0%
  G: 25.5%
  T: 28.5%
  none/other: 0.0%

Overview of removed sequences
length	count	expect	max.err	error counts
3	359688	347678.7	0	359688
4	74338	86919.7	0	74338
5	13182	21729.9	0	13182
6	3132	5432.5	0	3132
7	755	1358.1	0	755
8	128	339.5	0	128
9	499	84.9	0	32 467
10	438	21.2	1	10 428
11	164	5.3	1	1 163
12	32	1.3	1	0 32
13	6	0.3	1	0 6
14	1	0.1	1	0 1
45	1	0.0	3	0 1
