This is cutadapt 2.9 with Python 3.6.6
Command line parameters: --interleaved -a file:/nas02/apps/trimmomatic-0.36/Trimmomatic-0.36/adapters/TruSeq3-PE.fa -A file:/nas02/apps/trimmomatic-0.36/Trimmomatic-0.36/adapters/TruSeq3-PE.fa -m 30 /nas/longleaf/home/zpopkinh/Pvivax_resources/new_seqs_2021/fastq/MDP3488/MDP3488_1.fastq.gz /nas/longleaf/home/zpopkinh/Pvivax_resources/new_seqs_2021/fastq/MDP3488/MDP3488_2.fastq.gz
Processing reads on 1 core in paired-end mode ...
Finished in 609.18 s (124 us/read; 0.48 M reads/minute).

=== Summary ===

Total read pairs processed:          4,906,317
  Read 1 with adapter:                 136,575 (2.8%)
  Read 2 with adapter:                 193,318 (3.9%)
Pairs written (passing filters):     4,906,317 (100.0%)

Total basepairs processed: 1,471,895,100 bp
  Read 1:   735,947,550 bp
  Read 2:   735,947,550 bp
Total written (filtered):  1,470,807,606 bp (99.9%)
  Read 1:   735,488,614 bp
  Read 2:   735,318,992 bp

=== First read: Adapter PrefixPE/1 ===

Sequence: TACACTCTTTCCCTACACGACGCTCTTCCGATCT; Type: regular 3'; Length: 34; Trimmed: 65228 times

No. of allowed errors:
0-9 bp: 0; 10-19 bp: 1; 20-29 bp: 2; 30-34 bp: 3

Bases preceding removed adapters:
  A: 25.6%
  C: 22.6%
  G: 24.9%
  T: 27.0%
  none/other: 0.0%

Overview of removed sequences
length	count	expect	max.err	error counts
3	44356	76661.2	0	44356
4	15714	19165.3	0	15714
5	3705	4791.3	0	3705
6	713	1197.8	0	713
7	170	299.5	0	170
8	38	74.9	0	38
9	207	18.7	0	22 185
10	235	4.7	1	7 228
11	65	1.2	1	0 65
12	19	0.3	1	0 19
13	3	0.1	1	0 3
14	1	0.0	1	0 1
15	2	0.0	1	0 2


=== First read: Adapter PrefixPE/2 ===

Sequence: GTGACTGGAGTTCAGACGTGTGCTCTTCCGATCT; Type: regular 3'; Length: 34; Trimmed: 71347 times

No. of allowed errors:
0-9 bp: 0; 10-19 bp: 1; 20-29 bp: 2; 30-34 bp: 3

Bases preceding removed adapters:
  A: 22.7%
  C: 19.2%
  G: 28.6%
  T: 29.5%
  none/other: 0.0%

Overview of removed sequences
length	count	expect	max.err	error counts
3	56293	76661.2	0	56293
4	12222	19165.3	0	12222
5	2092	4791.3	0	2092
6	434	1197.8	0	434
7	112	299.5	0	112
8	20	74.9	0	20
9	89	18.7	0	6 83
10	51	4.7	1	0 51
11	21	1.2	1	0 21
12	10	0.3	1	0 10
13	3	0.1	1	0 3


=== Second read: Adapter PrefixPE/1 ===

Sequence: TACACTCTTTCCCTACACGACGCTCTTCCGATCT; Type: regular 3'; Length: 34; Trimmed: 63369 times

No. of allowed errors:
0-9 bp: 0; 10-19 bp: 1; 20-29 bp: 2; 30-34 bp: 3

Bases preceding removed adapters:
  A: 26.1%
  C: 22.8%
  G: 24.4%
  T: 26.6%
  none/other: 0.0%

Overview of removed sequences
length	count	expect	max.err	error counts
3	42511	76661.2	0	42511
4	15644	19165.3	0	15644
5	3718	4791.3	0	3718
6	741	1197.8	0	741
7	177	299.5	0	177
8	36	74.9	0	36
9	224	18.7	0	13 211
10	225	4.7	1	5 220
11	70	1.2	1	0 70
12	14	0.3	1	1 13
13	6	0.1	1	0 6
14	3	0.0	1	0 3


=== Second read: Adapter PrefixPE/2 ===

Sequence: GTGACTGGAGTTCAGACGTGTGCTCTTCCGATCT; Type: regular 3'; Length: 34; Trimmed: 129949 times

No. of allowed errors:
0-9 bp: 0; 10-19 bp: 1; 20-29 bp: 2; 30-34 bp: 3

Bases preceding removed adapters:
  A: 24.5%
  C: 34.5%
  G: 25.2%
  T: 15.7%
  none/other: 0.0%

Overview of removed sequences
length	count	expect	max.err	error counts
3	115619	76661.2	0	115619
4	11583	19165.3	0	11583
5	2001	4791.3	0	2001
6	442	1197.8	0	442
7	100	299.5	0	100
8	17	74.9	0	17
9	83	18.7	0	6 77
10	77	4.7	1	2 75
11	21	1.2	1	0 21
12	2	0.3	1	0 2
13	1	0.1	1	0 1
21	1	0.0	2	0 1
27	1	0.0	2	0 1
47	1	0.0	3	0 1
