This is cutadapt 2.9 with Python 3.6.6
Command line parameters: --interleaved -a file:/nas02/apps/trimmomatic-0.36/Trimmomatic-0.36/adapters/TruSeq3-PE.fa -A file:/nas02/apps/trimmomatic-0.36/Trimmomatic-0.36/adapters/TruSeq3-PE.fa -m 30 /nas/longleaf/home/zpopkinh/Pvivax_resources/wgs_pe_improved_global/fastq/SRS694267/SRR1565148_1.fastq.gz /nas/longleaf/home/zpopkinh/Pvivax_resources/wgs_pe_improved_global/fastq/SRS694267/SRR1565148_2.fastq.gz
Processing reads on 1 core in paired-end mode ...
Finished in 0.88 s (50 us/read; 1.20 M reads/minute).

=== Summary ===

Total read pairs processed:             17,635
  Read 1 with adapter:                     540 (3.1%)
  Read 2 with adapter:                     598 (3.4%)
Pairs written (passing filters):        17,633 (100.0%)

Total basepairs processed:     3,562,270 bp
  Read 1:     1,781,135 bp
  Read 2:     1,781,135 bp
Total written (filtered):      3,557,923 bp (99.9%)
  Read 1:     1,779,059 bp
  Read 2:     1,778,864 bp

=== First read: Adapter PrefixPE/1 ===

Sequence: TACACTCTTTCCCTACACGACGCTCTTCCGATCT; Type: regular 3'; Length: 34; Trimmed: 270 times

No. of allowed errors:
0-9 bp: 0; 10-19 bp: 1; 20-29 bp: 2; 30-34 bp: 3

Bases preceding removed adapters:
  A: 31.5%
  C: 20.0%
  G: 17.8%
  T: 30.4%
  none/other: 0.4%

Overview of removed sequences
length	count	expect	max.err	error counts
3	178	275.5	0	178
4	62	68.9	0	62
5	18	17.2	0	18
6	4	4.3	0	4
9	1	0.1	0	0 1
10	4	0.0	1	0 4
11	1	0.0	1	0 1
12	1	0.0	1	0 1
101	1	0.0	3	0 1


=== First read: Adapter PrefixPE/2 ===

Sequence: GTGACTGGAGTTCAGACGTGTGCTCTTCCGATCT; Type: regular 3'; Length: 34; Trimmed: 270 times

No. of allowed errors:
0-9 bp: 0; 10-19 bp: 1; 20-29 bp: 2; 30-34 bp: 3

Bases preceding removed adapters:
  A: 29.3%
  C: 11.1%
  G: 23.7%
  T: 35.9%
  none/other: 0.0%

Overview of removed sequences
length	count	expect	max.err	error counts
3	202	275.5	0	202
4	52	68.9	0	52
5	10	17.2	0	10
6	3	4.3	0	3
7	2	1.1	0	2
10	1	0.0	1	0 1


=== Second read: Adapter PrefixPE/1 ===

Sequence: TACACTCTTTCCCTACACGACGCTCTTCCGATCT; Type: regular 3'; Length: 34; Trimmed: 279 times

No. of allowed errors:
0-9 bp: 0; 10-19 bp: 1; 20-29 bp: 2; 30-34 bp: 3

Bases preceding removed adapters:
  A: 30.1%
  C: 20.1%
  G: 19.7%
  T: 30.1%
  none/other: 0.0%

Overview of removed sequences
length	count	expect	max.err	error counts
3	182	275.5	0	182
4	66	68.9	0	66
5	14	17.2	0	14
6	2	4.3	0	2
7	4	1.1	0	4
8	1	0.3	0	1
10	9	0.0	1	0 9
11	1	0.0	1	0 1


=== Second read: Adapter PrefixPE/2 ===

Sequence: GTGACTGGAGTTCAGACGTGTGCTCTTCCGATCT; Type: regular 3'; Length: 34; Trimmed: 319 times

No. of allowed errors:
0-9 bp: 0; 10-19 bp: 1; 20-29 bp: 2; 30-34 bp: 3

Bases preceding removed adapters:
  A: 27.0%
  C: 22.6%
  G: 19.4%
  T: 31.0%
  none/other: 0.0%

Overview of removed sequences
length	count	expect	max.err	error counts
3	248	275.5	0	248
4	57	68.9	0	57
5	10	17.2	0	10
6	3	4.3	0	3
93	1	0.0	3	0 0 0 1
