This is cutadapt 2.9 with Python 3.6.6
Command line parameters: --interleaved -a file:/nas02/apps/trimmomatic-0.36/Trimmomatic-0.36/adapters/TruSeq3-PE.fa -A file:/nas02/apps/trimmomatic-0.36/Trimmomatic-0.36/adapters/TruSeq3-PE.fa -m 30 /nas/longleaf/home/zpopkinh/Pvivax_resources/wgs_pe_improved_global/fastq/ERS040112/ERR054084_1.fastq.gz /nas/longleaf/home/zpopkinh/Pvivax_resources/wgs_pe_improved_global/fastq/ERS040112/ERR054084_2.fastq.gz
Processing reads on 1 core in paired-end mode ...
Finished in 258.76 s (75 us/read; 0.80 M reads/minute).

=== Summary ===

Total read pairs processed:          3,460,248
  Read 1 with adapter:                 125,378 (3.6%)
  Read 2 with adapter:                 120,657 (3.5%)
Pairs written (passing filters):     3,460,246 (100.0%)

Total basepairs processed:   519,037,200 bp
  Read 1:   259,518,600 bp
  Read 2:   259,518,600 bp
Total written (filtered):    518,203,927 bp (99.8%)
  Read 1:   259,093,932 bp
  Read 2:   259,109,995 bp

=== First read: Adapter PrefixPE/1 ===

Sequence: TACACTCTTTCCCTACACGACGCTCTTCCGATCT; Type: regular 3'; Length: 34; Trimmed: 69032 times

No. of allowed errors:
0-9 bp: 0; 10-19 bp: 1; 20-29 bp: 2; 30-34 bp: 3

Bases preceding removed adapters:
  A: 30.2%
  C: 17.4%
  G: 22.6%
  T: 29.7%
  none/other: 0.0%

Overview of removed sequences
length	count	expect	max.err	error counts
3	45767	54066.4	0	45767
4	18168	13516.6	0	18168
5	3542	3379.1	0	3542
6	764	844.8	0	764
7	162	211.2	0	162
8	27	52.8	0	27
9	203	13.2	0	21 182
10	293	3.3	1	12 281
11	85	0.8	1	2 83
12	10	0.2	1	0 10
13	4	0.1	1	0 4
14	3	0.0	1	0 3
15	2	0.0	1	0 2
75	2	0.0	3	0 0 0 2


=== First read: Adapter PrefixPE/2 ===

Sequence: GTGACTGGAGTTCAGACGTGTGCTCTTCCGATCT; Type: regular 3'; Length: 34; Trimmed: 56346 times

No. of allowed errors:
0-9 bp: 0; 10-19 bp: 1; 20-29 bp: 2; 30-34 bp: 3

Bases preceding removed adapters:
  A: 24.4%
  C: 17.2%
  G: 24.8%
  T: 33.6%
  none/other: 0.0%

Overview of removed sequences
length	count	expect	max.err	error counts
3	43926	54066.4	0	43926
4	10137	13516.6	0	10137
5	1638	3379.1	0	1638
6	412	844.8	0	412
7	96	211.2	0	96
8	15	52.8	0	15
9	53	13.2	0	5 48
10	55	3.3	1	1 54
11	11	0.8	1	0 11
12	2	0.2	1	0 2
13	1	0.1	1	0 1


=== Second read: Adapter PrefixPE/1 ===

Sequence: TACACTCTTTCCCTACACGACGCTCTTCCGATCT; Type: regular 3'; Length: 34; Trimmed: 66227 times

No. of allowed errors:
0-9 bp: 0; 10-19 bp: 1; 20-29 bp: 2; 30-34 bp: 3

Bases preceding removed adapters:
  A: 30.1%
  C: 17.9%
  G: 22.3%
  T: 29.7%
  none/other: 0.0%

Overview of removed sequences
length	count	expect	max.err	error counts
3	43945	54066.4	0	43945
4	17366	13516.6	0	17366
5	3350	3379.1	0	3350
6	792	844.8	0	792
7	149	211.2	0	149
8	55	52.8	0	55
9	185	13.2	0	20 165
10	276	3.3	1	8 268
11	88	0.8	1	0 88
12	12	0.2	1	0 12
13	6	0.1	1	0 6
14	3	0.0	1	0 3


=== Second read: Adapter PrefixPE/2 ===

Sequence: GTGACTGGAGTTCAGACGTGTGCTCTTCCGATCT; Type: regular 3'; Length: 34; Trimmed: 54430 times

No. of allowed errors:
0-9 bp: 0; 10-19 bp: 1; 20-29 bp: 2; 30-34 bp: 3

Bases preceding removed adapters:
  A: 25.0%
  C: 16.6%
  G: 25.2%
  T: 33.1%
  none/other: 0.0%

Overview of removed sequences
length	count	expect	max.err	error counts
3	42523	54066.4	0	42523
4	9779	13516.6	0	9779
5	1547	3379.1	0	1547
6	356	844.8	0	356
7	72	211.2	0	72
8	18	52.8	0	18
9	58	13.2	0	3 55
10	56	3.3	1	2 54
11	19	0.8	1	0 19
12	1	0.2	1	0 1
13	1	0.1	1	0 1
