This is cutadapt 2.9 with Python 3.6.6
Command line parameters: --interleaved -a file:/nas02/apps/trimmomatic-0.36/Trimmomatic-0.36/adapters/TruSeq3-PE.fa -A file:/nas02/apps/trimmomatic-0.36/Trimmomatic-0.36/adapters/TruSeq3-PE.fa -m 30 /nas/longleaf/home/zpopkinh/Pvivax_resources/wgs_pe_improved_global/fastq/ERS241422/ERR337611_1.fastq.gz /nas/longleaf/home/zpopkinh/Pvivax_resources/wgs_pe_improved_global/fastq/ERS241422/ERR337611_2.fastq.gz
Processing reads on 1 core in paired-end mode ...
Finished in 979.73 s (93 us/read; 0.64 M reads/minute).

=== Summary ===

Total read pairs processed:         10,479,062
  Read 1 with adapter:                 378,064 (3.6%)
  Read 2 with adapter:                 375,605 (3.6%)
Pairs written (passing filters):    10,478,948 (100.0%)

Total basepairs processed: 2,095,812,400 bp
  Read 1: 1,047,906,200 bp
  Read 2: 1,047,906,200 bp
Total written (filtered):  2,093,243,280 bp (99.9%)
  Read 1: 1,046,617,870 bp
  Read 2: 1,046,625,410 bp

=== First read: Adapter PrefixPE/1 ===

Sequence: TACACTCTTTCCCTACACGACGCTCTTCCGATCT; Type: regular 3'; Length: 34; Trimmed: 205079 times

No. of allowed errors:
0-9 bp: 0; 10-19 bp: 1; 20-29 bp: 2; 30-34 bp: 3

Bases preceding removed adapters:
  A: 29.8%
  C: 18.2%
  G: 22.3%
  T: 29.7%
  none/other: 0.1%

Overview of removed sequences
length	count	expect	max.err	error counts
3	136457	163735.3	0	136457
4	53145	40933.8	0	53145
5	10879	10233.5	0	10879
6	2334	2558.4	0	2334
7	448	639.6	0	448
8	124	159.9	0	124
9	641	40.0	0	35 606
10	676	10.0	1	17 659
11	205	2.5	1	3 202
12	43	0.6	1	1 42
13	9	0.2	1	0 9
15	2	0.0	1	0 2
70	2	0.0	3	0 0 0 2
71	1	0.0	3	0 0 0 1
100	113	0.0	3	0 0 0 113


=== First read: Adapter PrefixPE/2 ===

Sequence: GTGACTGGAGTTCAGACGTGTGCTCTTCCGATCT; Type: regular 3'; Length: 34; Trimmed: 172985 times

No. of allowed errors:
0-9 bp: 0; 10-19 bp: 1; 20-29 bp: 2; 30-34 bp: 3

Bases preceding removed adapters:
  A: 23.9%
  C: 18.2%
  G: 25.3%
  T: 32.6%
  none/other: 0.0%

Overview of removed sequences
length	count	expect	max.err	error counts
3	135386	163735.3	0	135386
4	30867	40933.8	0	30867
5	4987	10233.5	0	4987
6	1061	2558.4	0	1061
7	236	639.6	0	236
8	46	159.9	0	46
9	177	40.0	0	10 167
10	164	10.0	1	7 157
11	48	2.5	1	0 48
12	12	0.6	1	0 12
13	1	0.2	1	0 1


=== Second read: Adapter PrefixPE/1 ===

Sequence: TACACTCTTTCCCTACACGACGCTCTTCCGATCT; Type: regular 3'; Length: 34; Trimmed: 204811 times

No. of allowed errors:
0-9 bp: 0; 10-19 bp: 1; 20-29 bp: 2; 30-34 bp: 3

Bases preceding removed adapters:
  A: 30.0%
  C: 18.2%
  G: 22.0%
  T: 29.8%
  none/other: 0.0%

Overview of removed sequences
length	count	expect	max.err	error counts
3	136384	163735.3	0	136384
4	53120	40933.8	0	53120
5	10773	10233.5	0	10773
6	2355	2558.4	0	2355
7	463	639.6	0	463
8	106	159.9	0	106
9	619	40.0	0	47 572
10	676	10.0	1	20 656
11	249	2.5	1	3 246
12	48	0.6	1	1 47
13	15	0.2	1	0 15
14	2	0.0	1	0 2
15	1	0.0	1	0 1


=== Second read: Adapter PrefixPE/2 ===

Sequence: GTGACTGGAGTTCAGACGTGTGCTCTTCCGATCT; Type: regular 3'; Length: 34; Trimmed: 170794 times

No. of allowed errors:
0-9 bp: 0; 10-19 bp: 1; 20-29 bp: 2; 30-34 bp: 3

Bases preceding removed adapters:
  A: 23.9%
  C: 18.4%
  G: 25.2%
  T: 32.4%
  none/other: 0.0%

Overview of removed sequences
length	count	expect	max.err	error counts
3	133557	163735.3	0	133557
4	30567	40933.8	0	30567
5	4962	10233.5	0	4962
6	1027	2558.4	0	1027
7	256	639.6	0	256
8	34	159.9	0	34
9	173	40.0	0	15 158
10	158	10.0	1	2 156
11	46	2.5	1	0 46
12	12	0.6	1	0 12
13	1	0.2	1	0 1
15	1	0.0	1	0 1
