This is cutadapt 2.9 with Python 3.6.6
Command line parameters: --interleaved -a file:/nas02/apps/trimmomatic-0.36/Trimmomatic-0.36/adapters/TruSeq3-PE.fa -A file:/nas02/apps/trimmomatic-0.36/Trimmomatic-0.36/adapters/TruSeq3-PE.fa -m 30 /nas/longleaf/home/zpopkinh/Pvivax_resources/wgs_pe_improved_global/fastq/ERS055886/ERR111718_1.fastq.gz /nas/longleaf/home/zpopkinh/Pvivax_resources/wgs_pe_improved_global/fastq/ERS055886/ERR111718_2.fastq.gz
Processing reads on 1 core in paired-end mode ...
Finished in 1217.77 s (91 us/read; 0.66 M reads/minute).

=== Summary ===

Total read pairs processed:         13,423,985
  Read 1 with adapter:                 500,081 (3.7%)
  Read 2 with adapter:                 492,358 (3.7%)
Pairs written (passing filters):    13,423,976 (100.0%)

Total basepairs processed: 2,684,797,000 bp
  Read 1: 1,342,398,500 bp
  Read 2: 1,342,398,500 bp
Total written (filtered):  2,681,449,596 bp (99.9%)
  Read 1: 1,340,711,554 bp
  Read 2: 1,340,738,042 bp

=== First read: Adapter PrefixPE/1 ===

Sequence: TACACTCTTTCCCTACACGACGCTCTTCCGATCT; Type: regular 3'; Length: 34; Trimmed: 262213 times

No. of allowed errors:
0-9 bp: 0; 10-19 bp: 1; 20-29 bp: 2; 30-34 bp: 3

Bases preceding removed adapters:
  A: 28.6%
  C: 19.0%
  G: 23.0%
  T: 29.4%
  none/other: 0.0%

Overview of removed sequences
length	count	expect	max.err	error counts
3	175835	209749.8	0	175835
4	66458	52437.4	0	66458
5	14198	13109.4	0	14198
6	2957	3277.3	0	2957
7	649	819.3	0	649
8	163	204.8	0	163
9	818	51.2	0	56 762
10	746	12.8	1	21 725
11	288	3.2	1	1 287
12	72	0.8	1	0 72
13	14	0.2	1	0 14
14	5	0.1	1	0 5
15	1	0.0	1	0 1
100	9	0.0	3	0 0 1 8


=== First read: Adapter PrefixPE/2 ===

Sequence: GTGACTGGAGTTCAGACGTGTGCTCTTCCGATCT; Type: regular 3'; Length: 34; Trimmed: 237868 times

No. of allowed errors:
0-9 bp: 0; 10-19 bp: 1; 20-29 bp: 2; 30-34 bp: 3

Bases preceding removed adapters:
  A: 23.7%
  C: 18.5%
  G: 26.2%
  T: 31.6%
  none/other: 0.0%

Overview of removed sequences
length	count	expect	max.err	error counts
3	185935	209749.8	0	185935
4	43042	52437.4	0	43042
5	6614	13109.4	0	6614
6	1369	3277.3	0	1369
7	355	819.3	0	355
8	59	204.8	0	59
9	236	51.2	0	14 222
10	187	12.8	1	3 184
11	55	3.2	1	0 55
12	12	0.8	1	0 12
13	4	0.2	1	0 4


=== Second read: Adapter PrefixPE/1 ===

Sequence: TACACTCTTTCCCTACACGACGCTCTTCCGATCT; Type: regular 3'; Length: 34; Trimmed: 258928 times

No. of allowed errors:
0-9 bp: 0; 10-19 bp: 1; 20-29 bp: 2; 30-34 bp: 3

Bases preceding removed adapters:
  A: 28.8%
  C: 19.0%
  G: 22.7%
  T: 29.6%
  none/other: 0.0%

Overview of removed sequences
length	count	expect	max.err	error counts
3	173256	209749.8	0	173256
4	65931	52437.4	0	65931
5	14280	13109.4	0	14280
6	2863	3277.3	0	2863
7	586	819.3	0	586
8	128	204.8	0	128
9	771	51.2	0	52 719
10	777	12.8	1	16 761
11	256	3.2	1	2 254
12	61	0.8	1	2 59
13	13	0.2	1	1 12
14	6	0.1	1	0 6


=== Second read: Adapter PrefixPE/2 ===

Sequence: GTGACTGGAGTTCAGACGTGTGCTCTTCCGATCT; Type: regular 3'; Length: 34; Trimmed: 233430 times

No. of allowed errors:
0-9 bp: 0; 10-19 bp: 1; 20-29 bp: 2; 30-34 bp: 3

Bases preceding removed adapters:
  A: 23.6%
  C: 18.7%
  G: 26.3%
  T: 31.4%
  none/other: 0.0%

Overview of removed sequences
length	count	expect	max.err	error counts
3	183187	209749.8	0	183187
4	41557	52437.4	0	41557
5	6396	13109.4	0	6396
6	1380	3277.3	0	1380
7	357	819.3	0	357
8	57	204.8	0	57
9	211	51.2	0	16 195
10	201	12.8	1	3 198
11	71	3.2	1	1 70
12	11	0.8	1	0 11
13	2	0.2	1	0 2
