This is cutadapt 2.9 with Python 3.6.6
Command line parameters: --interleaved -a file:/nas02/apps/trimmomatic-0.36/Trimmomatic-0.36/adapters/TruSeq3-PE.fa -A file:/nas02/apps/trimmomatic-0.36/Trimmomatic-0.36/adapters/TruSeq3-PE.fa -m 30 /nas/longleaf/home/zpopkinh/Pvivax_resources/wgs_pe_improved_global/fastq/SRS2910031/SRR6668532_1.fastq.gz /nas/longleaf/home/zpopkinh/Pvivax_resources/wgs_pe_improved_global/fastq/SRS2910031/SRR6668532_2.fastq.gz
Processing reads on 1 core in paired-end mode ...
Finished in 105.26 s (85 us/read; 0.70 M reads/minute).

=== Summary ===

Total read pairs processed:          1,233,320
  Read 1 with adapter:                  54,442 (4.4%)
  Read 2 with adapter:                  61,368 (5.0%)
Pairs written (passing filters):     1,233,320 (100.0%)

Total basepairs processed:   246,664,000 bp
  Read 1:   123,332,000 bp
  Read 2:   123,332,000 bp
Total written (filtered):    246,260,861 bp (99.8%)
  Read 1:   123,140,903 bp
  Read 2:   123,119,958 bp

=== First read: Adapter PrefixPE/1 ===

Sequence: TACACTCTTTCCCTACACGACGCTCTTCCGATCT; Type: regular 3'; Length: 34; Trimmed: 31382 times

No. of allowed errors:
0-9 bp: 0; 10-19 bp: 1; 20-29 bp: 2; 30-34 bp: 3

Bases preceding removed adapters:
  A: 58.1%
  C: 13.0%
  G: 14.5%
  T: 14.3%
  none/other: 0.0%

Overview of removed sequences
length	count	expect	max.err	error counts
3	16872	19270.6	0	16872
4	8407	4817.7	0	8407
5	5722	1204.4	0	5722
6	185	301.1	0	185
7	33	75.3	0	33
8	9	18.8	0	9
9	65	4.7	0	10 55
10	52	1.2	1	0 52
11	33	0.3	1	0 33
12	3	0.1	1	0 3
14	1	0.0	1	0 1


=== First read: Adapter PrefixPE/2 ===

Sequence: GTGACTGGAGTTCAGACGTGTGCTCTTCCGATCT; Type: regular 3'; Length: 34; Trimmed: 23060 times

No. of allowed errors:
0-9 bp: 0; 10-19 bp: 1; 20-29 bp: 2; 30-34 bp: 3

Bases preceding removed adapters:
  A: 24.6%
  C: 18.0%
  G: 28.4%
  T: 29.1%
  none/other: 0.0%

Overview of removed sequences
length	count	expect	max.err	error counts
3	18171	19270.6	0	18171
4	4060	4817.7	0	4060
5	594	1204.4	0	594
6	150	301.1	0	150
7	50	75.3	0	50
8	2	18.8	0	2
9	12	4.7	0	1 11
10	16	1.2	1	1 15
11	5	0.3	1	0 5


=== Second read: Adapter PrefixPE/1 ===

Sequence: TACACTCTTTCCCTACACGACGCTCTTCCGATCT; Type: regular 3'; Length: 34; Trimmed: 34556 times

No. of allowed errors:
0-9 bp: 0; 10-19 bp: 1; 20-29 bp: 2; 30-34 bp: 3

Bases preceding removed adapters:
  A: 52.8%
  C: 11.8%
  G: 13.7%
  T: 21.7%
  none/other: 0.0%

Overview of removed sequences
length	count	expect	max.err	error counts
3	19886	19270.6	0	19886
4	8548	4817.7	0	8548
5	5733	1204.4	0	5733
6	215	301.1	0	215
7	42	75.3	0	42
8	8	18.8	0	8
9	43	4.7	0	8 35
10	54	1.2	1	3 51
11	21	0.3	1	0 21
12	3	0.1	1	0 3
13	2	0.0	1	0 2
14	1	0.0	1	0 1


=== Second read: Adapter PrefixPE/2 ===

Sequence: GTGACTGGAGTTCAGACGTGTGCTCTTCCGATCT; Type: regular 3'; Length: 34; Trimmed: 26812 times

No. of allowed errors:
0-9 bp: 0; 10-19 bp: 1; 20-29 bp: 2; 30-34 bp: 3

Bases preceding removed adapters:
  A: 20.7%
  C: 24.8%
  G: 28.9%
  T: 25.5%
  none/other: 0.0%

Overview of removed sequences
length	count	expect	max.err	error counts
3	21925	19270.6	0	21925
4	4039	4817.7	0	4039
5	607	1204.4	0	607
6	145	301.1	0	145
7	42	75.3	0	42
8	5	18.8	0	5
9	18	4.7	0	0 18
10	28	1.2	1	3 25
11	3	0.3	1	0 3
