This is cutadapt 2.9 with Python 3.6.6
Command line parameters: --interleaved -a file:/nas02/apps/trimmomatic-0.36/Trimmomatic-0.36/adapters/TruSeq3-PE.fa -A file:/nas02/apps/trimmomatic-0.36/Trimmomatic-0.36/adapters/TruSeq3-PE.fa -m 30 /nas/longleaf/home/zpopkinh/Pvivax_resources/wgs_pe_improved_global/fastq/SRS2746109/SRR6361815_1.fastq.gz /nas/longleaf/home/zpopkinh/Pvivax_resources/wgs_pe_improved_global/fastq/SRS2746109/SRR6361815_2.fastq.gz
Processing reads on 1 core in paired-end mode ...
Finished in 1796.51 s (79 us/read; 0.76 M reads/minute).

=== Summary ===

Total read pairs processed:         22,741,975
  Read 1 with adapter:                 780,383 (3.4%)
  Read 2 with adapter:               1,597,397 (7.0%)
Pairs written (passing filters):    22,741,974 (100.0%)

Total basepairs processed: 4,548,395,000 bp
  Read 1: 2,274,197,500 bp
  Read 2: 2,274,197,500 bp
Total written (filtered):  4,540,042,987 bp (99.8%)
  Read 1: 2,271,252,444 bp
  Read 2: 2,268,790,543 bp

=== First read: Adapter PrefixPE/1 ===

Sequence: TACACTCTTTCCCTACACGACGCTCTTCCGATCT; Type: regular 3'; Length: 34; Trimmed: 647635 times

No. of allowed errors:
0-9 bp: 0; 10-19 bp: 1; 20-29 bp: 2; 30-34 bp: 3

Bases preceding removed adapters:
  A: 83.9%
  C: 4.5%
  G: 4.9%
  T: 6.8%
  none/other: 0.0%
WARNING:
    The adapter is preceded by "A" extremely often.
    The provided adapter sequence could be incomplete at its 3' end.

Overview of removed sequences
length	count	expect	max.err	error counts
3	270146	355343.4	0	270146
4	199809	88835.8	0	199809
5	174428	22209.0	0	174428
6	1738	5552.2	0	1738
7	293	1388.1	0	293
8	86	347.0	0	86
9	373	86.8	0	16 357
10	538	21.7	1	8 530
11	179	5.4	1	0 179
12	24	1.4	1	0 24
13	14	0.3	1	0 14
14	7	0.1	1	0 7


=== First read: Adapter PrefixPE/2 ===

Sequence: GTGACTGGAGTTCAGACGTGTGCTCTTCCGATCT; Type: regular 3'; Length: 34; Trimmed: 132748 times

No. of allowed errors:
0-9 bp: 0; 10-19 bp: 1; 20-29 bp: 2; 30-34 bp: 3

Bases preceding removed adapters:
  A: 22.8%
  C: 21.1%
  G: 28.0%
  T: 28.1%
  none/other: 0.0%

Overview of removed sequences
length	count	expect	max.err	error counts
3	102228	355343.4	0	102228
4	24154	88835.8	0	24154
5	4484	22209.0	0	4484
6	1110	5552.2	0	1110
7	416	1388.1	0	416
8	38	347.0	0	38
9	133	86.8	0	8 125
10	127	21.7	1	3 124
11	49	5.4	1	0 49
12	5	1.4	1	0 5
13	3	0.3	1	0 3
88	1	0.0	3	0 0 0 1


=== Second read: Adapter PrefixPE/1 ===

Sequence: TACACTCTTTCCCTACACGACGCTCTTCCGATCT; Type: regular 3'; Length: 34; Trimmed: 950287 times

No. of allowed errors:
0-9 bp: 0; 10-19 bp: 1; 20-29 bp: 2; 30-34 bp: 3

Bases preceding removed adapters:
  A: 57.1%
  C: 3.2%
  G: 3.7%
  T: 36.0%
  none/other: 0.0%

Overview of removed sequences
length	count	expect	max.err	error counts
3	569719	355343.4	0	569719
4	202077	88835.8	0	202077
5	175145	22209.0	0	175145
6	1697	5552.2	0	1697
7	314	1388.1	0	314
8	109	347.0	0	109
9	506	86.8	0	24 482
10	463	21.7	1	10 453
11	189	5.4	1	0 189
12	59	1.4	1	0 59
13	7	0.3	1	0 7
14	2	0.1	1	0 2


=== Second read: Adapter PrefixPE/2 ===

Sequence: GTGACTGGAGTTCAGACGTGTGCTCTTCCGATCT; Type: regular 3'; Length: 34; Trimmed: 647110 times

No. of allowed errors:
0-9 bp: 0; 10-19 bp: 1; 20-29 bp: 2; 30-34 bp: 3

Bases preceding removed adapters:
  A: 5.3%
  C: 50.2%
  G: 35.3%
  T: 9.3%
  none/other: 0.0%

Overview of removed sequences
length	count	expect	max.err	error counts
3	610788	355343.4	0	610788
4	29442	88835.8	0	29442
5	4904	22209.0	0	4904
6	1136	5552.2	0	1136
7	456	1388.1	0	456
8	46	347.0	0	46
9	150	86.8	0	11 139
10	131	21.7	1	0 131
11	48	5.4	1	0 48
12	8	1.4	1	0 8
13	1	0.3	1	0 1


WARNING:
    One or more of your adapter sequences may be incomplete.
    Please see the detailed output above.
