This is cutadapt 2.9 with Python 3.6.6
Command line parameters: --interleaved -a file:/nas02/apps/trimmomatic-0.36/Trimmomatic-0.36/adapters/TruSeq3-PE.fa -A file:/nas02/apps/trimmomatic-0.36/Trimmomatic-0.36/adapters/TruSeq3-PE.fa -m 30 /nas/longleaf/home/zpopkinh/Pvivax_resources/wgs_pe_improved_global/fastq/SRS2746109/SRR6361654_1.fastq.gz /nas/longleaf/home/zpopkinh/Pvivax_resources/wgs_pe_improved_global/fastq/SRS2746109/SRR6361654_2.fastq.gz
Processing reads on 1 core in paired-end mode ...
Finished in 14.62 s (78 us/read; 0.77 M reads/minute).

=== Summary ===

Total read pairs processed:            188,520
  Read 1 with adapter:                   5,639 (3.0%)
  Read 2 with adapter:                   6,608 (3.5%)
Pairs written (passing filters):       187,267 (99.3%)

Total basepairs processed:    94,637,040 bp
  Read 1:    47,318,520 bp
  Read 2:    47,318,520 bp
Total written (filtered):     93,969,575 bp (99.3%)
  Read 1:    46,985,488 bp
  Read 2:    46,984,087 bp

=== First read: Adapter PrefixPE/1 ===

Sequence: TACACTCTTTCCCTACACGACGCTCTTCCGATCT; Type: regular 3'; Length: 34; Trimmed: 4639 times

No. of allowed errors:
0-9 bp: 0; 10-19 bp: 1; 20-29 bp: 2; 30-34 bp: 3

Bases preceding removed adapters:
  A: 51.5%
  C: 19.2%
  G: 13.0%
  T: 16.3%
  none/other: 0.0%

Overview of removed sequences
length	count	expect	max.err	error counts
3	1969	2945.6	0	1969
4	1863	736.4	0	1863
5	216	184.1	0	216
6	66	46.0	0	66
7	12	11.5	0	12
8	3	2.9	0	3
9	1	0.7	0	0 1
10	4	0.2	1	0 4
11	3	0.0	1	0 3
12	1	0.0	1	0 1
201	1	0.0	3	0 0 0 1
236	15	0.0	3	0 0 0 15
237	6	0.0	3	0 0 1 5
238	30	0.0	3	0 0 2 28
239	311	0.0	3	0 1 28 282
240	35	0.0	3	0 0 2 33
241	6	0.0	3	0 0 0 6
242	18	0.0	3	0 0 2 16
243	39	0.0	3	0 0 5 34
244	8	0.0	3	0 0 2 6
245	8	0.0	3	0 0 3 5
246	19	0.0	3	0 0 1 18
248	1	0.0	3	0 0 0 1
249	3	0.0	3	0 0 0 3
251	1	0.0	3	0 0 0 1


=== First read: Adapter PrefixPE/2 ===

Sequence: GTGACTGGAGTTCAGACGTGTGCTCTTCCGATCT; Type: regular 3'; Length: 34; Trimmed: 1000 times

No. of allowed errors:
0-9 bp: 0; 10-19 bp: 1; 20-29 bp: 2; 30-34 bp: 3

Bases preceding removed adapters:
  A: 45.2%
  C: 10.4%
  G: 14.6%
  T: 29.8%
  none/other: 0.0%

Overview of removed sequences
length	count	expect	max.err	error counts
3	679	2945.6	0	679
4	280	736.4	0	280
5	28	184.1	0	28
6	8	46.0	0	8
7	1	11.5	0	1
8	1	2.9	0	1
9	2	0.7	0	0 2
10	1	0.2	1	0 1


=== Second read: Adapter PrefixPE/1 ===

Sequence: TACACTCTTTCCCTACACGACGCTCTTCCGATCT; Type: regular 3'; Length: 34; Trimmed: 2667 times

No. of allowed errors:
0-9 bp: 0; 10-19 bp: 1; 20-29 bp: 2; 30-34 bp: 3

Bases preceding removed adapters:
  A: 60.1%
  C: 13.9%
  G: 17.1%
  T: 8.8%
  none/other: 0.0%

Overview of removed sequences
length	count	expect	max.err	error counts
3	1217	2945.6	0	1217
4	1253	736.4	0	1253
5	144	184.1	0	144
6	41	46.0	0	41
7	5	11.5	0	5
8	1	2.9	0	1
10	6	0.2	1	0 6


=== Second read: Adapter PrefixPE/2 ===

Sequence: GTGACTGGAGTTCAGACGTGTGCTCTTCCGATCT; Type: regular 3'; Length: 34; Trimmed: 3941 times

No. of allowed errors:
0-9 bp: 0; 10-19 bp: 1; 20-29 bp: 2; 30-34 bp: 3

Bases preceding removed adapters:
  A: 29.8%
  C: 8.7%
  G: 13.2%
  T: 48.3%
  none/other: 0.0%

Overview of removed sequences
length	count	expect	max.err	error counts
3	2669	2945.6	0	2669
4	438	736.4	0	438
5	47	184.1	0	47
6	18	46.0	0	18
7	3	11.5	0	3
8	3	2.9	0	3
9	3	0.7	0	0 3
10	5	0.2	1	1 4
11	1	0.0	1	0 1
228	2	0.0	3	0 0 2
229	15	0.0	3	0 0 15
230	11	0.0	3	0 0 9 2
231	1	0.0	3	0 0 1
232	130	0.0	3	0 0 31 99
233	6	0.0	3	0 0 0 6
234	86	0.0	3	0 37 30 19
235	153	0.0	3	0 4 131 18
236	63	0.0	3	0 7 49 7
237	54	0.0	3	0 1 14 39
238	184	0.0	3	0 2 16 166
239	8	0.0	3	0 0 2 6
240	19	0.0	3	0 2 5 12
241	3	0.0	3	0 0 1 2
242	14	0.0	3	0 0 5 9
243	4	0.0	3	0 0 0 4
251	1	0.0	3	0 0 0 1
