This is cutadapt 2.9 with Python 3.6.6
Command line parameters: --interleaved -a file:/nas02/apps/trimmomatic-0.36/Trimmomatic-0.36/adapters/TruSeq3-PE.fa -A file:/nas02/apps/trimmomatic-0.36/Trimmomatic-0.36/adapters/TruSeq3-PE.fa -m 30 /nas/longleaf/home/zpopkinh/Pvivax_resources/wgs_pe_improved_global/fastq/ERS055883/ERR111715_1.fastq.gz /nas/longleaf/home/zpopkinh/Pvivax_resources/wgs_pe_improved_global/fastq/ERS055883/ERR111715_2.fastq.gz
Processing reads on 1 core in paired-end mode ...
Finished in 1039.92 s (88 us/read; 0.68 M reads/minute).

=== Summary ===

Total read pairs processed:         11,865,310
  Read 1 with adapter:                 440,778 (3.7%)
  Read 2 with adapter:                 434,679 (3.7%)
Pairs written (passing filters):    11,865,306 (100.0%)

Total basepairs processed: 2,373,062,000 bp
  Read 1: 1,186,531,000 bp
  Read 2: 1,186,531,000 bp
Total written (filtered):  2,370,108,209 bp (99.9%)
  Read 1: 1,185,043,976 bp
  Read 2: 1,185,064,233 bp

=== First read: Adapter PrefixPE/1 ===

Sequence: TACACTCTTTCCCTACACGACGCTCTTCCGATCT; Type: regular 3'; Length: 34; Trimmed: 234419 times

No. of allowed errors:
0-9 bp: 0; 10-19 bp: 1; 20-29 bp: 2; 30-34 bp: 3

Bases preceding removed adapters:
  A: 29.1%
  C: 18.7%
  G: 22.5%
  T: 29.7%
  none/other: 0.0%

Overview of removed sequences
length	count	expect	max.err	error counts
3	156755	185395.5	0	156755
4	60011	46348.9	0	60011
5	12690	11587.2	0	12690
6	2668	2896.8	0	2668
7	523	724.2	0	523
8	120	181.1	0	120
9	667	45.3	0	49 618
10	680	11.3	1	16 664
11	222	2.8	1	1 221
12	62	0.7	1	0 62
13	14	0.2	1	0 14
14	3	0.0	1	0 3
100	4	0.0	3	0 0 1 3


=== First read: Adapter PrefixPE/2 ===

Sequence: GTGACTGGAGTTCAGACGTGTGCTCTTCCGATCT; Type: regular 3'; Length: 34; Trimmed: 206359 times

No. of allowed errors:
0-9 bp: 0; 10-19 bp: 1; 20-29 bp: 2; 30-34 bp: 3

Bases preceding removed adapters:
  A: 23.8%
  C: 18.5%
  G: 26.1%
  T: 31.6%
  none/other: 0.0%

Overview of removed sequences
length	count	expect	max.err	error counts
3	161274	185395.5	0	161274
4	37328	46348.9	0	37328
5	5711	11587.2	0	5711
6	1223	2896.8	0	1223
7	339	724.2	0	339
8	47	181.1	0	47
9	205	45.3	0	12 193
10	165	11.3	1	3 162
11	55	2.8	1	0 55
12	9	0.7	1	0 9
13	3	0.2	1	0 3


=== Second read: Adapter PrefixPE/1 ===

Sequence: TACACTCTTTCCCTACACGACGCTCTTCCGATCT; Type: regular 3'; Length: 34; Trimmed: 231720 times

No. of allowed errors:
0-9 bp: 0; 10-19 bp: 1; 20-29 bp: 2; 30-34 bp: 3

Bases preceding removed adapters:
  A: 29.4%
  C: 18.6%
  G: 22.3%
  T: 29.7%
  none/other: 0.0%

Overview of removed sequences
length	count	expect	max.err	error counts
3	154789	185395.5	0	154789
4	59599	46348.9	0	59599
5	12353	11587.2	0	12353
6	2650	2896.8	0	2650
7	527	724.2	0	527
8	129	181.1	0	129
9	674	45.3	0	59 615
10	681	11.3	1	18 663
11	231	2.8	1	2 229
12	66	0.7	1	1 65
13	16	0.2	1	0 16
14	5	0.0	1	0 5


=== Second read: Adapter PrefixPE/2 ===

Sequence: GTGACTGGAGTTCAGACGTGTGCTCTTCCGATCT; Type: regular 3'; Length: 34; Trimmed: 202959 times

No. of allowed errors:
0-9 bp: 0; 10-19 bp: 1; 20-29 bp: 2; 30-34 bp: 3

Bases preceding removed adapters:
  A: 24.0%
  C: 18.4%
  G: 26.0%
  T: 31.6%
  none/other: 0.0%

Overview of removed sequences
length	count	expect	max.err	error counts
3	158825	185395.5	0	158825
4	36578	46348.9	0	36578
5	5474	11587.2	0	5474
6	1252	2896.8	0	1252
7	332	724.2	0	332
8	52	181.1	0	52
9	210	45.3	0	10 200
10	181	11.3	1	4 177
11	42	2.8	1	0 42
12	9	0.7	1	0 9
13	4	0.2	1	0 4
