This is cutadapt 2.9 with Python 3.6.6
Command line parameters: --interleaved -a file:/nas02/apps/trimmomatic-0.36/Trimmomatic-0.36/adapters/TruSeq3-PE.fa -A file:/nas02/apps/trimmomatic-0.36/Trimmomatic-0.36/adapters/TruSeq3-PE.fa -m 30 /nas/longleaf/home/zpopkinh/Pvivax_resources/wgs_pe_improved_global/fastq/SRS2745883/SRR6361818_1.fastq.gz /nas/longleaf/home/zpopkinh/Pvivax_resources/wgs_pe_improved_global/fastq/SRS2745883/SRR6361818_2.fastq.gz
Processing reads on 1 core in paired-end mode ...
Finished in 854.80 s (74 us/read; 0.81 M reads/minute).

=== Summary ===

Total read pairs processed:         11,551,405
  Read 1 with adapter:                 381,796 (3.3%)
  Read 2 with adapter:                 414,055 (3.6%)
Pairs written (passing filters):    11,551,405 (100.0%)

Total basepairs processed: 2,310,281,000 bp
  Read 1: 1,155,140,500 bp
  Read 2: 1,155,140,500 bp
Total written (filtered):  2,307,569,699 bp (99.9%)
  Read 1: 1,153,832,281 bp
  Read 2: 1,153,737,418 bp

=== First read: Adapter PrefixPE/1 ===

Sequence: TACACTCTTTCCCTACACGACGCTCTTCCGATCT; Type: regular 3'; Length: 34; Trimmed: 199214 times

No. of allowed errors:
0-9 bp: 0; 10-19 bp: 1; 20-29 bp: 2; 30-34 bp: 3

Bases preceding removed adapters:
  A: 43.5%
  C: 16.2%
  G: 16.2%
  T: 24.1%
  none/other: 0.0%

Overview of removed sequences
length	count	expect	max.err	error counts
3	125792	180490.7	0	125792
4	48933	45122.7	0	48933
5	21969	11280.7	0	21969
6	1280	2820.2	0	1280
7	220	705.0	0	220
8	65	176.3	0	65
9	328	44.1	0	14 314
10	356	11.0	1	3 353
11	185	2.8	1	1 184
12	79	0.7	1	0 79
13	7	0.2	1	0 7


=== First read: Adapter PrefixPE/2 ===

Sequence: GTGACTGGAGTTCAGACGTGTGCTCTTCCGATCT; Type: regular 3'; Length: 34; Trimmed: 182582 times

No. of allowed errors:
0-9 bp: 0; 10-19 bp: 1; 20-29 bp: 2; 30-34 bp: 3

Bases preceding removed adapters:
  A: 20.6%
  C: 24.7%
  G: 32.0%
  T: 22.7%
  none/other: 0.0%

Overview of removed sequences
length	count	expect	max.err	error counts
3	137684	180490.7	0	137684
4	35908	45122.7	0	35908
5	7063	11280.7	0	7063
6	1036	2820.2	0	1036
7	317	705.0	0	317
8	55	176.3	0	55
9	256	44.1	0	9 247
10	156	11.0	1	0 156
11	82	2.8	1	0 82
12	25	0.7	1	0 25


=== Second read: Adapter PrefixPE/1 ===

Sequence: TACACTCTTTCCCTACACGACGCTCTTCCGATCT; Type: regular 3'; Length: 34; Trimmed: 212285 times

No. of allowed errors:
0-9 bp: 0; 10-19 bp: 1; 20-29 bp: 2; 30-34 bp: 3

Bases preceding removed adapters:
  A: 40.0%
  C: 22.5%
  G: 15.3%
  T: 22.3%
  none/other: 0.0%

Overview of removed sequences
length	count	expect	max.err	error counts
3	139929	180490.7	0	139929
4	47761	45122.7	0	47761
5	22019	11280.7	0	22019
6	1196	2820.2	0	1196
7	196	705.0	0	196
8	77	176.3	0	77
9	375	44.1	0	34 341
10	539	11.0	1	3 536
11	146	2.8	1	14 132
12	29	0.7	1	0 29
13	18	0.2	1	0 18


=== Second read: Adapter PrefixPE/2 ===

Sequence: GTGACTGGAGTTCAGACGTGTGCTCTTCCGATCT; Type: regular 3'; Length: 34; Trimmed: 201770 times

No. of allowed errors:
0-9 bp: 0; 10-19 bp: 1; 20-29 bp: 2; 30-34 bp: 3

Bases preceding removed adapters:
  A: 18.4%
  C: 23.3%
  G: 31.3%
  T: 27.1%
  none/other: 0.0%

Overview of removed sequences
length	count	expect	max.err	error counts
3	158200	180490.7	0	158200
4	34854	45122.7	0	34854
5	6686	11280.7	0	6686
6	1075	2820.2	0	1075
7	332	705.0	0	332
8	92	176.3	0	92
9	337	44.1	0	8 329
10	119	11.0	1	4 115
11	55	2.8	1	0 55
12	5	0.7	1	0 5
13	15	0.2	1	0 15
