This is cutadapt 2.9 with Python 3.6.6
Command line parameters: --interleaved -a file:/nas02/apps/trimmomatic-0.36/Trimmomatic-0.36/adapters/TruSeq3-PE.fa -A file:/nas02/apps/trimmomatic-0.36/Trimmomatic-0.36/adapters/TruSeq3-PE.fa -m 30 /nas/longleaf/home/zpopkinh/Pvivax_resources/wgs_pe_improved_global/fastq/SRS2745883/SRR6361472_1.fastq.gz /nas/longleaf/home/zpopkinh/Pvivax_resources/wgs_pe_improved_global/fastq/SRS2745883/SRR6361472_2.fastq.gz
Processing reads on 1 core in paired-end mode ...
Finished in 3.19 s (79 us/read; 0.76 M reads/minute).

=== Summary ===

Total read pairs processed:             40,368
  Read 1 with adapter:                     974 (2.4%)
  Read 2 with adapter:                   1,098 (2.7%)
Pairs written (passing filters):        40,138 (99.4%)

Total basepairs processed:    20,264,736 bp
  Read 1:    10,132,368 bp
  Read 2:    10,132,368 bp
Total written (filtered):     20,142,667 bp (99.4%)
  Read 1:    10,071,803 bp
  Read 2:    10,070,864 bp

=== First read: Adapter PrefixPE/1 ===

Sequence: TACACTCTTTCCCTACACGACGCTCTTCCGATCT; Type: regular 3'; Length: 34; Trimmed: 833 times

No. of allowed errors:
0-9 bp: 0; 10-19 bp: 1; 20-29 bp: 2; 30-34 bp: 3

Bases preceding removed adapters:
  A: 53.8%
  C: 11.3%
  G: 12.5%
  T: 22.4%
  none/other: 0.0%

Overview of removed sequences
length	count	expect	max.err	error counts
3	312	630.8	0	312
4	299	157.7	0	299
5	23	39.4	0	23
6	10	9.9	0	10
10	6	0.0	1	0 6
11	1	0.0	1	0 1
236	4	0.0	3	0 0 0 4
237	2	0.0	3	0 0 0 2
238	88	0.0	3	0 0 9 79
239	61	0.0	3	0 0 7 54
240	6	0.0	3	0 0 0 6
241	3	0.0	3	0 0 0 3
243	1	0.0	3	0 0 0 1
244	2	0.0	3	0 0 1 1
245	10	0.0	3	0 0 1 9
246	5	0.0	3	0 0 0 5


=== First read: Adapter PrefixPE/2 ===

Sequence: GTGACTGGAGTTCAGACGTGTGCTCTTCCGATCT; Type: regular 3'; Length: 34; Trimmed: 141 times

No. of allowed errors:
0-9 bp: 0; 10-19 bp: 1; 20-29 bp: 2; 30-34 bp: 3

Bases preceding removed adapters:
  A: 39.0%
  C: 1.4%
  G: 32.6%
  T: 27.0%
  none/other: 0.0%

Overview of removed sequences
length	count	expect	max.err	error counts
3	114	630.8	0	114
4	24	157.7	0	24
6	2	9.9	0	2
7	1	2.5	0	1


=== Second read: Adapter PrefixPE/1 ===

Sequence: TACACTCTTTCCCTACACGACGCTCTTCCGATCT; Type: regular 3'; Length: 34; Trimmed: 765 times

No. of allowed errors:
0-9 bp: 0; 10-19 bp: 1; 20-29 bp: 2; 30-34 bp: 3

Bases preceding removed adapters:
  A: 67.2%
  C: 10.6%
  G: 11.8%
  T: 10.5%
  none/other: 0.0%

Overview of removed sequences
length	count	expect	max.err	error counts
3	246	630.8	0	246
4	485	157.7	0	485
5	22	39.4	0	22
6	11	9.9	0	11
10	1	0.0	1	0 1


=== Second read: Adapter PrefixPE/2 ===

Sequence: GTGACTGGAGTTCAGACGTGTGCTCTTCCGATCT; Type: regular 3'; Length: 34; Trimmed: 333 times

No. of allowed errors:
0-9 bp: 0; 10-19 bp: 1; 20-29 bp: 2; 30-34 bp: 3

Bases preceding removed adapters:
  A: 40.5%
  C: 7.2%
  G: 11.7%
  T: 40.5%
  none/other: 0.0%

Overview of removed sequences
length	count	expect	max.err	error counts
3	234	630.8	0	234
4	47	157.7	0	47
5	4	39.4	0	4
231	2	0.0	3	0 1 0 1
232	7	0.0	3	0 0 6 1
233	1	0.0	3	0 0 1
234	4	0.0	3	0 0 3 1
235	6	0.0	3	0 0 5 1
236	9	0.0	3	0 1 4 4
237	3	0.0	3	0 0 0 3
238	7	0.0	3	0 0 4 3
239	4	0.0	3	0 0 0 4
240	1	0.0	3	0 0 1
241	2	0.0	3	0 1 1
243	1	0.0	3	0 0 0 1
249	1	0.0	3	0 0 0 1
