This is cutadapt 2.9 with Python 3.6.6
Command line parameters: --interleaved -a file:/nas02/apps/trimmomatic-0.36/Trimmomatic-0.36/adapters/TruSeq3-PE.fa -A file:/nas02/apps/trimmomatic-0.36/Trimmomatic-0.36/adapters/TruSeq3-PE.fa -m 30 /nas/longleaf/home/zpopkinh/Pvivax_resources/wgs_pe_improved_global/fastq/SRS365051/SRR575089_1.fastq.gz /nas/longleaf/home/zpopkinh/Pvivax_resources/wgs_pe_improved_global/fastq/SRS365051/SRR575089_2.fastq.gz
Processing reads on 1 core in paired-end mode ...
Finished in 17376.70 s (81 us/read; 0.74 M reads/minute).

=== Summary ===

Total read pairs processed:        215,743,944
  Read 1 with adapter:               8,138,339 (3.8%)
  Read 2 with adapter:               8,430,553 (3.9%)
Pairs written (passing filters):   215,743,871 (100.0%)

Total basepairs processed: 43,148,788,800 bp
  Read 1: 21,574,394,400 bp
  Read 2: 21,574,394,400 bp
Total written (filtered):  43,092,436,982 bp (99.9%)
  Read 1: 21,546,646,592 bp
  Read 2: 21,545,790,390 bp

=== First read: Adapter PrefixPE/1 ===

Sequence: TACACTCTTTCCCTACACGACGCTCTTCCGATCT; Type: regular 3'; Length: 34; Trimmed: 3478010 times

No. of allowed errors:
0-9 bp: 0; 10-19 bp: 1; 20-29 bp: 2; 30-34 bp: 3

Bases preceding removed adapters:
  A: 31.6%
  C: 22.6%
  G: 15.8%
  T: 30.0%
  none/other: 0.0%

Overview of removed sequences
length	count	expect	max.err	error counts
3	2263995	3370999.1	0	2263995
4	957810	842749.8	0	957810
5	178064	210687.4	0	178064
6	40909	52671.9	0	40909
7	9447	13168.0	0	9447
8	2753	3292.0	0	2753
9	9224	823.0	0	801 8423
10	10217	205.7	1	219 9998
11	3849	51.4	1	49 3800
12	1148	12.9	1	11 1137
13	350	3.2	1	2 348
14	103	0.8	1	1 102
15	38	0.2	1	0 38
16	4	0.1	1	0 4
17	1	0.0	1	0 1
18	1	0.0	1	0 1
19	2	0.0	1	0 0 2
37	1	0.0	3	0 1
67	1	0.0	3	0 0 0 1
69	29	0.0	3	0 3 11 15
71	14	0.0	3	0 0 3 11
100	50	0.0	3	0 6 18 26


=== First read: Adapter PrefixPE/2 ===

Sequence: GTGACTGGAGTTCAGACGTGTGCTCTTCCGATCT; Type: regular 3'; Length: 34; Trimmed: 4660329 times

No. of allowed errors:
0-9 bp: 0; 10-19 bp: 1; 20-29 bp: 2; 30-34 bp: 3

Bases preceding removed adapters:
  A: 28.2%
  C: 7.4%
  G: 27.1%
  T: 37.2%
  none/other: 0.0%

Overview of removed sequences
length	count	expect	max.err	error counts
3	3478238	3370999.1	0	3478238
4	917093	842749.8	0	917093
5	165719	210687.4	0	165719
6	53940	52671.9	0	53940
7	18811	13168.0	0	18811
8	3897	3292.0	0	3897
9	8106	823.0	0	1012 7094
10	9619	205.7	1	263 9356
11	3574	51.4	1	78 3496
12	910	12.9	1	13 897
13	277	3.2	1	3 274
14	84	0.8	1	3 81
15	45	0.2	1	0 45
16	9	0.1	1	0 9
17	5	0.0	1	0 5
18	1	0.0	1	0 0 1
100	1	0.0	3	0 0 0 1


=== Second read: Adapter PrefixPE/1 ===

Sequence: TACACTCTTTCCCTACACGACGCTCTTCCGATCT; Type: regular 3'; Length: 34; Trimmed: 3472582 times

No. of allowed errors:
0-9 bp: 0; 10-19 bp: 1; 20-29 bp: 2; 30-34 bp: 3

Bases preceding removed adapters:
  A: 31.5%
  C: 22.6%
  G: 15.8%
  T: 30.1%
  none/other: 0.0%

Overview of removed sequences
length	count	expect	max.err	error counts
3	2265089	3370999.1	0	2265089
4	952382	842749.8	0	952382
5	176029	210687.4	0	176029
6	41477	52671.9	0	41477
7	9672	13168.0	0	9672
8	2741	3292.0	0	2741
9	9463	823.0	0	812 8651
10	10139	205.7	1	237 9902
11	3938	51.4	1	48 3890
12	1166	12.9	1	17 1149
13	316	3.2	1	2 314
14	104	0.8	1	1 103
15	38	0.2	1	1 37
16	13	0.1	1	0 13
17	5	0.0	1	2 3
19	2	0.0	1	0 0 2
100	8	0.0	3	0 3 4 1


=== Second read: Adapter PrefixPE/2 ===

Sequence: GTGACTGGAGTTCAGACGTGTGCTCTTCCGATCT; Type: regular 3'; Length: 34; Trimmed: 4957971 times

No. of allowed errors:
0-9 bp: 0; 10-19 bp: 1; 20-29 bp: 2; 30-34 bp: 3

Bases preceding removed adapters:
  A: 28.3%
  C: 9.9%
  G: 27.1%
  T: 34.7%
  none/other: 0.0%

Overview of removed sequences
length	count	expect	max.err	error counts
3	3784783	3370999.1	0	3784783
4	911632	842749.8	0	911632
5	163503	210687.4	0	163503
6	52788	52671.9	0	52788
7	18648	13168.0	0	18648
8	3840	3292.0	0	3840
9	8065	823.0	0	1027 7038
10	9735	205.7	1	311 9424
11	3701	51.4	1	55 3646
12	863	12.9	1	16 847
13	260	3.2	1	4 256
14	113	0.8	1	1 112
15	31	0.2	1	0 31
16	7	0.1	1	0 7
17	1	0.0	1	0 1
20	1	0.0	2	0 0 1
