This is cutadapt 2.9 with Python 3.6.6
Command line parameters: --interleaved -a file:/nas02/apps/trimmomatic-0.36/Trimmomatic-0.36/adapters/TruSeq3-PE.fa -A file:/nas02/apps/trimmomatic-0.36/Trimmomatic-0.36/adapters/TruSeq3-PE.fa -m 30 /nas/longleaf/home/zpopkinh/Pvivax_resources/wgs_pe_improved_global/fastq/SRS2745922/SRR6361432_1.fastq.gz /nas/longleaf/home/zpopkinh/Pvivax_resources/wgs_pe_improved_global/fastq/SRS2745922/SRR6361432_2.fastq.gz
Processing reads on 1 core in paired-end mode ...
Finished in 14.19 s (81 us/read; 0.74 M reads/minute).

=== Summary ===

Total read pairs processed:            174,640
  Read 1 with adapter:                   6,029 (3.5%)
  Read 2 with adapter:                   5,410 (3.1%)
Pairs written (passing filters):       173,140 (99.1%)

Total basepairs processed:    87,669,280 bp
  Read 1:    43,834,640 bp
  Read 2:    43,834,640 bp
Total written (filtered):     86,880,265 bp (99.1%)
  Read 1:    43,439,267 bp
  Read 2:    43,440,998 bp

=== First read: Adapter PrefixPE/1 ===

Sequence: TACACTCTTTCCCTACACGACGCTCTTCCGATCT; Type: regular 3'; Length: 34; Trimmed: 5250 times

No. of allowed errors:
0-9 bp: 0; 10-19 bp: 1; 20-29 bp: 2; 30-34 bp: 3

Bases preceding removed adapters:
  A: 52.5%
  C: 16.9%
  G: 13.7%
  T: 16.9%
  none/other: 0.0%

Overview of removed sequences
length	count	expect	max.err	error counts
3	2003	2728.8	0	2003
4	2054	682.2	0	2054
5	210	170.5	0	210
6	68	42.6	0	68
7	11	10.7	0	11
8	3	2.7	0	3
9	8	0.7	0	2 6
10	7	0.2	1	0 7
195	1	0.0	3	0 0 0 1
196	1	0.0	3	0 0 0 1
224	1	0.0	3	0 0 0 1
225	1	0.0	3	0 0 0 1
236	65	0.0	3	0 0 0 65
237	7	0.0	3	0 0 0 7
238	179	0.0	3	0 0 23 156
239	339	0.0	3	0 8 61 270
240	83	0.0	3	0 0 9 74
241	22	0.0	3	0 0 1 21
242	14	0.0	3	0 0 0 14
243	104	0.0	3	0 0 3 101
244	6	0.0	3	0 0 5 1
245	15	0.0	3	0 0 1 14
246	40	0.0	3	0 0 0 40
247	2	0.0	3	0 0 0 2
249	3	0.0	3	0 0 0 3
250	1	0.0	3	0 0 0 1
251	2	0.0	3	0 0 0 2


=== First read: Adapter PrefixPE/2 ===

Sequence: GTGACTGGAGTTCAGACGTGTGCTCTTCCGATCT; Type: regular 3'; Length: 34; Trimmed: 779 times

No. of allowed errors:
0-9 bp: 0; 10-19 bp: 1; 20-29 bp: 2; 30-34 bp: 3

Bases preceding removed adapters:
  A: 47.9%
  C: 10.5%
  G: 10.3%
  T: 31.3%
  none/other: 0.0%

Overview of removed sequences
length	count	expect	max.err	error counts
3	537	2728.8	0	537
4	204	682.2	0	204
5	22	170.5	0	22
6	12	42.6	0	12
7	2	10.7	0	2
9	1	0.7	0	0 1
10	1	0.2	1	0 1


=== Second read: Adapter PrefixPE/1 ===

Sequence: TACACTCTTTCCCTACACGACGCTCTTCCGATCT; Type: regular 3'; Length: 34; Trimmed: 2665 times

No. of allowed errors:
0-9 bp: 0; 10-19 bp: 1; 20-29 bp: 2; 30-34 bp: 3

Bases preceding removed adapters:
  A: 62.9%
  C: 12.6%
  G: 16.2%
  T: 8.3%
  none/other: 0.0%

Overview of removed sequences
length	count	expect	max.err	error counts
3	1124	2728.8	0	1124
4	1328	682.2	0	1328
5	155	170.5	0	155
6	45	42.6	0	45
7	8	10.7	0	8
8	1	2.7	0	1
9	3	0.7	0	2 1
10	1	0.2	1	0 1


=== Second read: Adapter PrefixPE/2 ===

Sequence: GTGACTGGAGTTCAGACGTGTGCTCTTCCGATCT; Type: regular 3'; Length: 34; Trimmed: 2745 times

No. of allowed errors:
0-9 bp: 0; 10-19 bp: 1; 20-29 bp: 2; 30-34 bp: 3

Bases preceding removed adapters:
  A: 38.1%
  C: 11.8%
  G: 12.0%
  T: 38.0%
  none/other: 0.0%

Overview of removed sequences
length	count	expect	max.err	error counts
3	1602	2728.8	0	1602
4	445	682.2	0	445
5	45	170.5	0	45
6	20	42.6	0	20
7	6	10.7	0	6
8	1	2.7	0	1
10	4	0.2	1	0 4
11	1	0.0	1	0 1
12	1	0.0	1	0 1
188	2	0.0	3	0 0 2
227	1	0.0	3	0 1
228	17	0.0	3	0 15 2
229	3	0.0	3	0 0 3
230	35	0.0	3	0 2 22 11
231	7	0.0	3	0 0 7
232	38	0.0	3	0 2 14 22
233	14	0.0	3	0 4 7 3
234	169	0.0	3	3 126 21 19
235	58	0.0	3	0 8 36 14
236	106	0.0	3	0 1 67 38
237	78	0.0	3	0 2 39 37
238	65	0.0	3	0 1 20 44
239	7	0.0	3	0 3 1 3
240	1	0.0	3	0 0 0 1
241	6	0.0	3	0 0 3 3
242	9	0.0	3	0 1 2 6
243	1	0.0	3	0 0 0 1
246	3	0.0	3	0 0 0 3
