This is cutadapt 2.9 with Python 3.6.6
Command line parameters: --interleaved -a file:/nas02/apps/trimmomatic-0.36/Trimmomatic-0.36/adapters/TruSeq3-PE.fa -A file:/nas02/apps/trimmomatic-0.36/Trimmomatic-0.36/adapters/TruSeq3-PE.fa -m 30 /nas/longleaf/home/zpopkinh/Pvivax_resources/wgs_pe_improved_global/fastq/SRS1061161/SRR2316890_1.fastq.gz /nas/longleaf/home/zpopkinh/Pvivax_resources/wgs_pe_improved_global/fastq/SRS1061161/SRR2316890_2.fastq.gz
Processing reads on 1 core in paired-end mode ...
Finished in 864.22 s (83 us/read; 0.72 M reads/minute).

=== Summary ===

Total read pairs processed:         10,384,081
  Read 1 with adapter:                 378,428 (3.6%)
  Read 2 with adapter:                 373,110 (3.6%)
Pairs written (passing filters):    10,384,078 (100.0%)

Total basepairs processed: 2,076,816,200 bp
  Read 1: 1,028,024,019 bp
  Read 2: 1,048,792,181 bp
Total written (filtered):  2,074,264,000 bp (99.9%)
  Read 1: 1,026,739,434 bp
  Read 2: 1,047,524,566 bp

=== First read: Adapter PrefixPE/1 ===

Sequence: TACACTCTTTCCCTACACGACGCTCTTCCGATCT; Type: regular 3'; Length: 34; Trimmed: 209352 times

No. of allowed errors:
0-9 bp: 0; 10-19 bp: 1; 20-29 bp: 2; 30-34 bp: 3

Bases preceding removed adapters:
  A: 31.3%
  C: 17.6%
  G: 20.0%
  T: 31.1%
  none/other: 0.0%

Overview of removed sequences
length	count	expect	max.err	error counts
3	138731	162251.3	0	138731
4	55670	40562.8	0	55670
5	10263	10140.7	0	10263
6	2426	2535.2	0	2426
7	451	633.8	0	451
8	127	158.4	0	127
9	612	39.6	0	51 561
10	768	9.9	1	18 750
11	229	2.5	1	0 229
12	55	0.6	1	1 54
13	14	0.2	1	0 14
14	4	0.0	1	0 4
29	1	0.0	2	0 0 1
99	1	0.0	3	0 0 1


=== First read: Adapter PrefixPE/2 ===

Sequence: GTGACTGGAGTTCAGACGTGTGCTCTTCCGATCT; Type: regular 3'; Length: 34; Trimmed: 169076 times

No. of allowed errors:
0-9 bp: 0; 10-19 bp: 1; 20-29 bp: 2; 30-34 bp: 3

Bases preceding removed adapters:
  A: 26.8%
  C: 14.3%
  G: 23.7%
  T: 35.2%
  none/other: 0.0%

Overview of removed sequences
length	count	expect	max.err	error counts
3	129353	162251.3	0	129353
4	32589	40562.8	0	32589
5	4986	10140.7	0	4986
6	1263	2535.2	0	1263
7	305	633.8	0	305
8	74	158.4	0	74
9	189	39.6	0	13 176
10	210	9.9	1	4 206
11	76	2.5	1	3 73
12	22	0.6	1	1 21
13	6	0.2	1	0 6
25	1	0.0	2	0 1
31	1	0.0	3	0 0 0 1
52	1	0.0	3	1


=== Second read: Adapter PrefixPE/1 ===

Sequence: TACACTCTTTCCCTACACGACGCTCTTCCGATCT; Type: regular 3'; Length: 34; Trimmed: 207343 times

No. of allowed errors:
0-9 bp: 0; 10-19 bp: 1; 20-29 bp: 2; 30-34 bp: 3

Bases preceding removed adapters:
  A: 31.2%
  C: 17.5%
  G: 19.7%
  T: 31.5%
  none/other: 0.0%

Overview of removed sequences
length	count	expect	max.err	error counts
3	136418	162251.3	0	136418
4	56288	40562.8	0	56288
5	10017	10140.7	0	10017
6	2393	2535.2	0	2393
7	445	633.8	0	445
8	120	158.4	0	120
9	605	39.6	0	37 568
10	765	9.9	1	17 748
11	231	2.5	1	4 227
12	45	0.6	1	0 45
13	11	0.2	1	0 11
14	5	0.0	1	0 5


=== Second read: Adapter PrefixPE/2 ===

Sequence: GTGACTGGAGTTCAGACGTGTGCTCTTCCGATCT; Type: regular 3'; Length: 34; Trimmed: 165767 times

No. of allowed errors:
0-9 bp: 0; 10-19 bp: 1; 20-29 bp: 2; 30-34 bp: 3

Bases preceding removed adapters:
  A: 26.8%
  C: 14.3%
  G: 23.7%
  T: 35.3%
  none/other: 0.0%

Overview of removed sequences
length	count	expect	max.err	error counts
3	126582	162251.3	0	126582
4	32253	40562.8	0	32253
5	4822	10140.7	0	4822
6	1297	2535.2	0	1297
7	285	633.8	0	285
8	49	158.4	0	49
9	172	39.6	0	10 162
10	205	9.9	1	6 199
11	67	2.5	1	1 66
12	15	0.6	1	0 15
13	9	0.2	1	0 9
16	1	0.0	1	0 1
26	1	0.0	2	0 0 1
30	2	0.0	3	1 0 0 1
34	1	0.0	3	0 1
38	1	0.0	3	0 0 0 1
45	1	0.0	3	0 0 0 1
55	1	0.0	3	0 1
56	1	0.0	3	0 0 1
91	1	0.0	3	0 0 0 1
101	1	0.0	3	0 0 0 1
