This is cutadapt 2.9 with Python 3.6.6
Command line parameters: --interleaved -a file:/nas02/apps/trimmomatic-0.36/Trimmomatic-0.36/adapters/TruSeq3-PE.fa -A file:/nas02/apps/trimmomatic-0.36/Trimmomatic-0.36/adapters/TruSeq3-PE.fa -m 30 /nas/longleaf/home/zpopkinh/Pvivax_resources/wgs_pe_improved_global/fastq/SRS1061125/SRR2316398_1.fastq.gz /nas/longleaf/home/zpopkinh/Pvivax_resources/wgs_pe_improved_global/fastq/SRS1061125/SRR2316398_2.fastq.gz
Processing reads on 1 core in paired-end mode ...
Finished in 901.02 s (84 us/read; 0.71 M reads/minute).

=== Summary ===

Total read pairs processed:         10,707,354
  Read 1 with adapter:                 385,562 (3.6%)
  Read 2 with adapter:                 392,059 (3.7%)
Pairs written (passing filters):    10,707,346 (100.0%)

Total basepairs processed: 2,141,470,800 bp
  Read 1: 1,070,735,400 bp
  Read 2: 1,070,735,400 bp
Total written (filtered):  2,138,827,896 bp (99.9%)
  Read 1: 1,069,425,736 bp
  Read 2: 1,069,402,160 bp

=== First read: Adapter PrefixPE/1 ===

Sequence: TACACTCTTTCCCTACACGACGCTCTTCCGATCT; Type: regular 3'; Length: 34; Trimmed: 210402 times

No. of allowed errors:
0-9 bp: 0; 10-19 bp: 1; 20-29 bp: 2; 30-34 bp: 3

Bases preceding removed adapters:
  A: 31.1%
  C: 17.7%
  G: 20.0%
  T: 31.1%
  none/other: 0.0%

Overview of removed sequences
length	count	expect	max.err	error counts
3	138491	167302.4	0	138491
4	56860	41825.6	0	56860
5	10267	10456.4	0	10267
6	2508	2614.1	0	2508
7	463	653.5	0	463
8	114	163.4	0	114
9	624	40.8	0	52 572
10	761	10.2	1	16 745
11	259	2.6	1	0 259
12	44	0.6	1	2 42
13	10	0.2	1	0 10
14	1	0.0	1	0 1


=== First read: Adapter PrefixPE/2 ===

Sequence: GTGACTGGAGTTCAGACGTGTGCTCTTCCGATCT; Type: regular 3'; Length: 34; Trimmed: 175160 times

No. of allowed errors:
0-9 bp: 0; 10-19 bp: 1; 20-29 bp: 2; 30-34 bp: 3

Bases preceding removed adapters:
  A: 26.9%
  C: 14.2%
  G: 23.7%
  T: 35.2%
  none/other: 0.0%

Overview of removed sequences
length	count	expect	max.err	error counts
3	134061	167302.4	0	134061
4	33758	41825.6	0	33758
5	5055	10456.4	0	5055
6	1383	2614.1	0	1383
7	338	653.5	0	338
8	43	163.4	0	43
9	199	40.8	0	20 179
10	225	10.2	1	2 223
11	66	2.6	1	1 65
12	21	0.6	1	0 21
13	4	0.2	1	0 4
14	1	0.0	1	0 1
15	1	0.0	1	0 1
70	1	0.0	3	0 0 0 1
91	1	0.0	3	0 0 0 1
94	1	0.0	3	0 0 1
100	2	0.0	3	0 0 0 2


=== Second read: Adapter PrefixPE/1 ===

Sequence: TACACTCTTTCCCTACACGACGCTCTTCCGATCT; Type: regular 3'; Length: 34; Trimmed: 212701 times

No. of allowed errors:
0-9 bp: 0; 10-19 bp: 1; 20-29 bp: 2; 30-34 bp: 3

Bases preceding removed adapters:
  A: 31.2%
  C: 17.8%
  G: 20.1%
  T: 30.8%
  none/other: 0.0%

Overview of removed sequences
length	count	expect	max.err	error counts
3	139576	167302.4	0	139576
4	57610	41825.6	0	57610
5	10557	10456.4	0	10557
6	2550	2614.1	0	2550
7	518	653.5	0	518
8	128	163.4	0	128
9	654	40.8	0	48 606
10	780	10.2	1	22 758
11	256	2.6	1	1 255
12	53	0.6	1	3 50
13	11	0.2	1	0 11
14	5	0.0	1	0 5
97	1	0.0	3	0 1
100	2	0.0	3	0 0 1 1


=== Second read: Adapter PrefixPE/2 ===

Sequence: GTGACTGGAGTTCAGACGTGTGCTCTTCCGATCT; Type: regular 3'; Length: 34; Trimmed: 179358 times

No. of allowed errors:
0-9 bp: 0; 10-19 bp: 1; 20-29 bp: 2; 30-34 bp: 3

Bases preceding removed adapters:
  A: 26.9%
  C: 14.2%
  G: 23.8%
  T: 35.0%
  none/other: 0.0%

Overview of removed sequences
length	count	expect	max.err	error counts
3	136987	167302.4	0	136987
4	34655	41825.6	0	34655
5	5324	10456.4	0	5324
6	1435	2614.1	0	1435
7	359	653.5	0	359
8	73	163.4	0	73
9	202	40.8	0	20 182
10	220	10.2	1	6 214
11	74	2.6	1	2 72
12	22	0.6	1	0 22
13	4	0.2	1	0 4
63	1	0.0	3	0 0 1
67	1	0.0	3	0 1
92	1	0.0	3	0 0 1
