This is cutadapt 2.9 with Python 3.6.6
Command line parameters: --interleaved -a file:/nas02/apps/trimmomatic-0.36/Trimmomatic-0.36/adapters/TruSeq3-PE.fa -A file:/nas02/apps/trimmomatic-0.36/Trimmomatic-0.36/adapters/TruSeq3-PE.fa -m 30 /nas/longleaf/home/zpopkinh/Pvivax_resources/wgs_pe_improved_global/fastq/SRS1885920/SRR5136530_1.fastq.gz /nas/longleaf/home/zpopkinh/Pvivax_resources/wgs_pe_improved_global/fastq/SRS1885920/SRR5136530_2.fastq.gz
Processing reads on 1 core in paired-end mode ...
Finished in 414.82 s (69 us/read; 0.87 M reads/minute).

=== Summary ===

Total read pairs processed:          6,007,408
  Read 1 with adapter:                 341,429 (5.7%)
  Read 2 with adapter:                 384,819 (6.4%)
Pairs written (passing filters):     6,007,408 (100.0%)

Total basepairs processed: 1,201,481,600 bp
  Read 1:   600,740,800 bp
  Read 2:   600,740,800 bp
Total written (filtered):  1,198,912,266 bp (99.8%)
  Read 1:   599,495,857 bp
  Read 2:   599,416,409 bp

=== First read: Adapter PrefixPE/1 ===

Sequence: TACACTCTTTCCCTACACGACGCTCTTCCGATCT; Type: regular 3'; Length: 34; Trimmed: 279479 times

No. of allowed errors:
0-9 bp: 0; 10-19 bp: 1; 20-29 bp: 2; 30-34 bp: 3

Bases preceding removed adapters:
  A: 48.5%
  C: 41.5%
  G: 5.1%
  T: 4.9%
  none/other: 0.0%

Overview of removed sequences
length	count	expect	max.err	error counts
3	127710	93865.8	0	127710
4	104098	23466.4	0	104098
5	46371	5866.6	0	46371
6	719	1466.7	0	719
7	127	366.7	0	127
8	31	91.7	0	31
9	157	22.9	0	10 147
10	142	5.7	1	3 139
11	94	1.4	1	0 94
12	23	0.4	1	0 23
13	5	0.1	1	1 4
14	2	0.0	1	0 2


=== First read: Adapter PrefixPE/2 ===

Sequence: GTGACTGGAGTTCAGACGTGTGCTCTTCCGATCT; Type: regular 3'; Length: 34; Trimmed: 61950 times

No. of allowed errors:
0-9 bp: 0; 10-19 bp: 1; 20-29 bp: 2; 30-34 bp: 3

Bases preceding removed adapters:
  A: 22.8%
  C: 20.8%
  G: 28.3%
  T: 28.2%
  none/other: 0.0%

Overview of removed sequences
length	count	expect	max.err	error counts
3	48188	93865.8	0	48188
4	11028	23466.4	0	11028
5	1941	5866.6	0	1941
6	461	1466.7	0	461
7	176	366.7	0	176
8	11	91.7	0	11
9	67	22.9	0	2 65
10	56	5.7	1	1 55
11	18	1.4	1	0 18
12	1	0.4	1	0 1
13	3	0.1	1	0 3


=== Second read: Adapter PrefixPE/1 ===

Sequence: TACACTCTTTCCCTACACGACGCTCTTCCGATCT; Type: regular 3'; Length: 34; Trimmed: 179878 times

No. of allowed errors:
0-9 bp: 0; 10-19 bp: 1; 20-29 bp: 2; 30-34 bp: 3

Bases preceding removed adapters:
  A: 76.4%
  C: 7.0%
  G: 8.7%
  T: 7.9%
  none/other: 0.0%

Overview of removed sequences
length	count	expect	max.err	error counts
3	79599	93865.8	0	79599
4	53936	23466.4	0	53936
5	45018	5866.6	0	45018
6	734	1466.7	0	734
7	149	366.7	0	149
8	42	91.7	0	42
9	149	22.9	0	16 133
10	156	5.7	1	7 149
11	74	1.4	1	0 74
12	12	0.4	1	0 12
13	5	0.1	1	0 5
14	4	0.0	1	0 4


=== Second read: Adapter PrefixPE/2 ===

Sequence: GTGACTGGAGTTCAGACGTGTGCTCTTCCGATCT; Type: regular 3'; Length: 34; Trimmed: 204941 times

No. of allowed errors:
0-9 bp: 0; 10-19 bp: 1; 20-29 bp: 2; 30-34 bp: 3

Bases preceding removed adapters:
  A: 31.5%
  C: 7.7%
  G: 27.1%
  T: 33.7%
  none/other: 0.0%

Overview of removed sequences
length	count	expect	max.err	error counts
3	189596	93865.8	0	189596
4	12278	23466.4	0	12278
5	2131	5866.6	0	2131
6	569	1466.7	0	569
7	195	366.7	0	195
8	12	91.7	0	12
9	65	22.9	0	1 64
10	73	5.7	1	0 73
11	14	1.4	1	0 14
12	6	0.4	1	0 6
13	2	0.1	1	0 2
