This is cutadapt 2.9 with Python 3.6.6
Command line parameters: --interleaved -a file:/nas02/apps/trimmomatic-0.36/Trimmomatic-0.36/adapters/TruSeq3-PE.fa -A file:/nas02/apps/trimmomatic-0.36/Trimmomatic-0.36/adapters/TruSeq3-PE.fa -m 30 /nas/longleaf/home/zpopkinh/Pvivax_resources/wgs_pe_improved_global/fastq/SRS693953/SRR1564667_1.fastq.gz /nas/longleaf/home/zpopkinh/Pvivax_resources/wgs_pe_improved_global/fastq/SRS693953/SRR1564667_2.fastq.gz
Processing reads on 1 core in paired-end mode ...
Finished in 1.32 s (50 us/read; 1.21 M reads/minute).

=== Summary ===

Total read pairs processed:             26,472
  Read 1 with adapter:                     830 (3.1%)
  Read 2 with adapter:                     968 (3.7%)
Pairs written (passing filters):        26,472 (100.0%)

Total basepairs processed:     5,347,344 bp
  Read 1:     2,673,672 bp
  Read 2:     2,673,672 bp
Total written (filtered):      5,341,259 bp (99.9%)
  Read 1:     2,670,828 bp
  Read 2:     2,670,431 bp

=== First read: Adapter PrefixPE/1 ===

Sequence: TACACTCTTTCCCTACACGACGCTCTTCCGATCT; Type: regular 3'; Length: 34; Trimmed: 410 times

No. of allowed errors:
0-9 bp: 0; 10-19 bp: 1; 20-29 bp: 2; 30-34 bp: 3

Bases preceding removed adapters:
  A: 31.5%
  C: 22.7%
  G: 16.6%
  T: 29.3%
  none/other: 0.0%

Overview of removed sequences
length	count	expect	max.err	error counts
3	279	413.6	0	279
4	96	103.4	0	96
5	26	25.9	0	26
6	4	6.5	0	4
7	2	1.6	0	2
8	1	0.4	0	1
9	1	0.1	0	0 1
11	1	0.0	1	0 1


=== First read: Adapter PrefixPE/2 ===

Sequence: GTGACTGGAGTTCAGACGTGTGCTCTTCCGATCT; Type: regular 3'; Length: 34; Trimmed: 420 times

No. of allowed errors:
0-9 bp: 0; 10-19 bp: 1; 20-29 bp: 2; 30-34 bp: 3

Bases preceding removed adapters:
  A: 26.9%
  C: 15.2%
  G: 23.3%
  T: 34.5%
  none/other: 0.0%

Overview of removed sequences
length	count	expect	max.err	error counts
3	297	413.6	0	297
4	98	103.4	0	98
5	19	25.9	0	19
6	1	6.5	0	1
7	2	1.6	0	2
9	1	0.1	0	0 1
10	2	0.0	1	0 2


=== Second read: Adapter PrefixPE/1 ===

Sequence: TACACTCTTTCCCTACACGACGCTCTTCCGATCT; Type: regular 3'; Length: 34; Trimmed: 487 times

No. of allowed errors:
0-9 bp: 0; 10-19 bp: 1; 20-29 bp: 2; 30-34 bp: 3

Bases preceding removed adapters:
  A: 28.7%
  C: 23.6%
  G: 20.5%
  T: 27.1%
  none/other: 0.0%

Overview of removed sequences
length	count	expect	max.err	error counts
3	316	413.6	0	316
4	137	103.4	0	137
5	28	25.9	0	28
6	3	6.5	0	3
7	2	1.6	0	2
10	1	0.0	1	1


=== Second read: Adapter PrefixPE/2 ===

Sequence: GTGACTGGAGTTCAGACGTGTGCTCTTCCGATCT; Type: regular 3'; Length: 34; Trimmed: 481 times

No. of allowed errors:
0-9 bp: 0; 10-19 bp: 1; 20-29 bp: 2; 30-34 bp: 3

Bases preceding removed adapters:
  A: 27.4%
  C: 25.4%
  G: 17.3%
  T: 29.9%
  none/other: 0.0%

Overview of removed sequences
length	count	expect	max.err	error counts
3	390	413.6	0	390
4	75	103.4	0	75
5	12	25.9	0	12
6	1	6.5	0	1
7	1	1.6	0	1
10	2	0.0	1	0 2
