This is cutadapt 2.9 with Python 3.6.6
Command line parameters: --interleaved -a file:/nas02/apps/trimmomatic-0.36/Trimmomatic-0.36/adapters/TruSeq3-PE.fa -A file:/nas02/apps/trimmomatic-0.36/Trimmomatic-0.36/adapters/TruSeq3-PE.fa -m 30 /nas/longleaf/home/zpopkinh/Pvivax_resources/wgs_pe_improved_global/fastq/ERS403531/ERR527365_1.fastq.gz /nas/longleaf/home/zpopkinh/Pvivax_resources/wgs_pe_improved_global/fastq/ERS403531/ERR527365_2.fastq.gz
Processing reads on 1 core in paired-end mode ...
Finished in 1237.02 s (79 us/read; 0.76 M reads/minute).

=== Summary ===

Total read pairs processed:         15,602,081
  Read 1 with adapter:                 572,454 (3.7%)
  Read 2 with adapter:                 563,129 (3.6%)
Pairs written (passing filters):    15,602,081 (100.0%)

Total basepairs processed: 3,120,416,200 bp
  Read 1: 1,560,208,100 bp
  Read 2: 1,560,208,100 bp
Total written (filtered):  3,116,576,001 bp (99.9%)
  Read 1: 1,558,271,515 bp
  Read 2: 1,558,304,486 bp

=== First read: Adapter PrefixPE/1 ===

Sequence: TACACTCTTTCCCTACACGACGCTCTTCCGATCT; Type: regular 3'; Length: 34; Trimmed: 312317 times

No. of allowed errors:
0-9 bp: 0; 10-19 bp: 1; 20-29 bp: 2; 30-34 bp: 3

Bases preceding removed adapters:
  A: 29.6%
  C: 17.9%
  G: 22.3%
  T: 30.2%
  none/other: 0.0%

Overview of removed sequences
length	count	expect	max.err	error counts
3	207527	243782.5	0	207527
4	81287	60945.6	0	81287
5	16463	15236.4	0	16463
6	3744	3809.1	0	3744
7	690	952.3	0	690
8	163	238.1	0	163
9	974	59.5	0	70 904
10	1005	14.9	1	19 986
11	374	3.7	1	3 371
12	66	0.9	1	1 65
13	18	0.2	1	0 18
14	5	0.1	1	0 5
15	1	0.0	1	0 1


=== First read: Adapter PrefixPE/2 ===

Sequence: GTGACTGGAGTTCAGACGTGTGCTCTTCCGATCT; Type: regular 3'; Length: 34; Trimmed: 260137 times

No. of allowed errors:
0-9 bp: 0; 10-19 bp: 1; 20-29 bp: 2; 30-34 bp: 3

Bases preceding removed adapters:
  A: 24.3%
  C: 18.0%
  G: 25.2%
  T: 32.5%
  none/other: 0.0%

Overview of removed sequences
length	count	expect	max.err	error counts
3	202035	243782.5	0	202035
4	48155	60945.6	0	48155
5	7248	15236.4	0	7248
6	1665	3809.1	0	1665
7	389	952.3	0	389
8	40	238.1	0	40
9	268	59.5	0	21 247
10	247	14.9	1	8 239
11	63	3.7	1	1 62
12	22	0.9	1	0 22
13	5	0.2	1	0 5


=== Second read: Adapter PrefixPE/1 ===

Sequence: TACACTCTTTCCCTACACGACGCTCTTCCGATCT; Type: regular 3'; Length: 34; Trimmed: 307882 times

No. of allowed errors:
0-9 bp: 0; 10-19 bp: 1; 20-29 bp: 2; 30-34 bp: 3

Bases preceding removed adapters:
  A: 29.7%
  C: 18.1%
  G: 22.0%
  T: 30.1%
  none/other: 0.0%

Overview of removed sequences
length	count	expect	max.err	error counts
3	204959	243782.5	0	204959
4	80075	60945.6	0	80075
5	16102	15236.4	0	16102
6	3591	3809.1	0	3591
7	665	952.3	0	665
8	169	238.1	0	169
9	925	59.5	0	68 857
10	974	14.9	1	25 949
11	326	3.7	1	0 326
12	76	0.9	1	2 74
13	15	0.2	1	0 15
14	5	0.1	1	0 5


=== Second read: Adapter PrefixPE/2 ===

Sequence: GTGACTGGAGTTCAGACGTGTGCTCTTCCGATCT; Type: regular 3'; Length: 34; Trimmed: 255247 times

No. of allowed errors:
0-9 bp: 0; 10-19 bp: 1; 20-29 bp: 2; 30-34 bp: 3

Bases preceding removed adapters:
  A: 24.2%
  C: 18.1%
  G: 25.3%
  T: 32.4%
  none/other: 0.0%

Overview of removed sequences
length	count	expect	max.err	error counts
3	198445	243782.5	0	198445
4	47027	60945.6	0	47027
5	7156	15236.4	0	7156
6	1638	3809.1	0	1638
7	364	952.3	0	364
8	59	238.1	0	59
9	229	59.5	0	13 216
10	227	14.9	1	8 219
11	85	3.7	1	1 84
12	12	0.9	1	0 12
13	5	0.2	1	0 5
