This is cutadapt 2.9 with Python 3.6.6
Command line parameters: --interleaved -a file:/nas02/apps/trimmomatic-0.36/Trimmomatic-0.36/adapters/TruSeq3-PE.fa -A file:/nas02/apps/trimmomatic-0.36/Trimmomatic-0.36/adapters/TruSeq3-PE.fa -m 30 /nas/longleaf/home/zpopkinh/Pvivax_resources/wgs_pe_improved_global/fastq/ERS012702/ERR022866_1.fastq.gz /nas/longleaf/home/zpopkinh/Pvivax_resources/wgs_pe_improved_global/fastq/ERS012702/ERR022866_2.fastq.gz
Processing reads on 1 core in paired-end mode ...
Finished in 321.83 s (72 us/read; 0.83 M reads/minute).

=== Summary ===

Total read pairs processed:          4,447,552
  Read 1 with adapter:                 167,026 (3.8%)
  Read 2 with adapter:                 167,584 (3.8%)
Pairs written (passing filters):     4,447,546 (100.0%)

Total basepairs processed:   676,027,904 bp
  Read 1:   338,013,952 bp
  Read 2:   338,013,952 bp
Total written (filtered):    674,882,774 bp (99.8%)
  Read 1:   337,442,031 bp
  Read 2:   337,440,743 bp

=== First read: Adapter PrefixPE/1 ===

Sequence: TACACTCTTTCCCTACACGACGCTCTTCCGATCT; Type: regular 3'; Length: 34; Trimmed: 94409 times

No. of allowed errors:
0-9 bp: 0; 10-19 bp: 1; 20-29 bp: 2; 30-34 bp: 3

Bases preceding removed adapters:
  A: 29.4%
  C: 16.8%
  G: 27.3%
  T: 26.5%
  none/other: 0.0%

Overview of removed sequences
length	count	expect	max.err	error counts
3	60316	69493.0	0	60316
4	26574	17373.2	0	26574
5	4797	4343.3	0	4797
6	1183	1085.8	0	1183
7	308	271.5	0	308
8	74	67.9	0	74
9	263	17.0	0	28 235
10	664	4.2	1	19 645
11	195	1.1	1	2 193
12	20	0.3	1	0 20
13	6	0.1	1	0 6
15	3	0.0	1	0 3
71	5	0.0	3	0 3 2
74	1	0.0	3	0 0 1


=== First read: Adapter PrefixPE/2 ===

Sequence: GTGACTGGAGTTCAGACGTGTGCTCTTCCGATCT; Type: regular 3'; Length: 34; Trimmed: 72617 times

No. of allowed errors:
0-9 bp: 0; 10-19 bp: 1; 20-29 bp: 2; 30-34 bp: 3

Bases preceding removed adapters:
  A: 27.2%
  C: 14.4%
  G: 22.4%
  T: 36.0%
  none/other: 0.0%

Overview of removed sequences
length	count	expect	max.err	error counts
3	56244	69493.0	0	56244
4	13466	17373.2	0	13466
5	2064	4343.3	0	2064
6	531	1085.8	0	531
7	88	271.5	0	88
8	15	67.9	0	15
9	102	17.0	0	5 97
10	69	4.2	1	2 67
11	31	1.1	1	0 31
12	4	0.3	1	0 4
13	2	0.1	1	0 2
14	1	0.0	1	0 1


=== Second read: Adapter PrefixPE/1 ===

Sequence: TACACTCTTTCCCTACACGACGCTCTTCCGATCT; Type: regular 3'; Length: 34; Trimmed: 94342 times

No. of allowed errors:
0-9 bp: 0; 10-19 bp: 1; 20-29 bp: 2; 30-34 bp: 3

Bases preceding removed adapters:
  A: 29.2%
  C: 16.4%
  G: 27.4%
  T: 27.0%
  none/other: 0.0%

Overview of removed sequences
length	count	expect	max.err	error counts
3	60344	69493.0	0	60344
4	26550	17373.2	0	26550
5	4706	4343.3	0	4706
6	1247	1085.8	0	1247
7	306	271.5	0	306
8	74	67.9	0	74
9	227	17.0	0	34 193
10	653	4.2	1	26 627
11	201	1.1	1	1 200
12	18	0.3	1	0 18
13	14	0.1	1	0 14
14	1	0.0	1	0 1
15	1	0.0	1	0 1


=== Second read: Adapter PrefixPE/2 ===

Sequence: GTGACTGGAGTTCAGACGTGTGCTCTTCCGATCT; Type: regular 3'; Length: 34; Trimmed: 73242 times

No. of allowed errors:
0-9 bp: 0; 10-19 bp: 1; 20-29 bp: 2; 30-34 bp: 3

Bases preceding removed adapters:
  A: 27.3%
  C: 15.5%
  G: 22.0%
  T: 35.1%
  none/other: 0.0%

Overview of removed sequences
length	count	expect	max.err	error counts
3	57147	69493.0	0	57147
4	13331	17373.2	0	13331
5	1892	4343.3	0	1892
6	492	1085.8	0	492
7	100	271.5	0	100
8	22	67.9	0	22
9	110	17.0	0	9 101
10	112	4.2	1	1 111
11	28	1.1	1	0 28
12	8	0.3	1	0 8
