This is cutadapt 2.9 with Python 3.6.6
Command line parameters: --interleaved -a file:/nas02/apps/trimmomatic-0.36/Trimmomatic-0.36/adapters/TruSeq3-PE.fa -A file:/nas02/apps/trimmomatic-0.36/Trimmomatic-0.36/adapters/TruSeq3-PE.fa -m 30 /nas/longleaf/home/zpopkinh/Pvivax_resources/wgs_pe_improved_global/fastq/SRS2746088/SRR6361608_1.fastq.gz /nas/longleaf/home/zpopkinh/Pvivax_resources/wgs_pe_improved_global/fastq/SRS2746088/SRR6361608_2.fastq.gz
Processing reads on 1 core in paired-end mode ...
Finished in 10765.03 s (80 us/read; 0.75 M reads/minute).

=== Summary ===

Total read pairs processed:        134,131,826
  Read 1 with adapter:               5,299,583 (4.0%)
  Read 2 with adapter:               5,748,488 (4.3%)
Pairs written (passing filters):   134,131,821 (100.0%)

Total basepairs processed: 26,826,365,200 bp
  Read 1: 13,413,182,600 bp
  Read 2: 13,413,182,600 bp
Total written (filtered):  26,787,770,584 bp (99.9%)
  Read 1: 13,394,534,129 bp
  Read 2: 13,393,236,455 bp

=== First read: Adapter PrefixPE/1 ===

Sequence: TACACTCTTTCCCTACACGACGCTCTTCCGATCT; Type: regular 3'; Length: 34; Trimmed: 3232354 times

No. of allowed errors:
0-9 bp: 0; 10-19 bp: 1; 20-29 bp: 2; 30-34 bp: 3

Bases preceding removed adapters:
  A: 56.8%
  C: 12.9%
  G: 14.1%
  T: 16.3%
  none/other: 0.0%

Overview of removed sequences
length	count	expect	max.err	error counts
3	1769802	2095809.8	0	1769802
4	869251	523952.4	0	869251
5	553233	130988.1	0	553233
6	20192	32747.0	0	20192
7	4110	8186.8	0	4110
8	1305	2046.7	0	1305
9	5777	511.7	0	379 5398
10	5606	127.9	1	149 5457
11	2363	32.0	1	20 2343
12	518	8.0	1	0 518
13	125	2.0	1	4 121
14	70	0.5	1	0 70
100	2	0.0	3	0 1 1


=== First read: Adapter PrefixPE/2 ===

Sequence: GTGACTGGAGTTCAGACGTGTGCTCTTCCGATCT; Type: regular 3'; Length: 34; Trimmed: 2067229 times

No. of allowed errors:
0-9 bp: 0; 10-19 bp: 1; 20-29 bp: 2; 30-34 bp: 3

Bases preceding removed adapters:
  A: 23.2%
  C: 19.8%
  G: 28.6%
  T: 28.4%
  none/other: 0.0%

Overview of removed sequences
length	count	expect	max.err	error counts
3	1608361	2095809.8	0	1608361
4	373511	523952.4	0	373511
5	62467	130988.1	0	62467
6	13620	32747.0	0	13620
7	3979	8186.8	0	3979
8	439	2046.7	0	439
9	2026	511.7	0	81 1945
10	1879	127.9	1	30 1849
11	782	32.0	1	6 776
12	138	8.0	1	0 138
13	26	2.0	1	0 26
100	1	0.0	3	0 0 0 1


=== Second read: Adapter PrefixPE/1 ===

Sequence: TACACTCTTTCCCTACACGACGCTCTTCCGATCT; Type: regular 3'; Length: 34; Trimmed: 3187554 times

No. of allowed errors:
0-9 bp: 0; 10-19 bp: 1; 20-29 bp: 2; 30-34 bp: 3

Bases preceding removed adapters:
  A: 56.6%
  C: 12.9%
  G: 14.0%
  T: 16.5%
  none/other: 0.0%

Overview of removed sequences
length	count	expect	max.err	error counts
3	1747413	2095809.8	0	1747413
4	855390	523952.4	0	855390
5	544668	130988.1	0	544668
6	19801	32747.0	0	19801
7	4231	8186.8	0	4231
8	1326	2046.7	0	1326
9	6039	511.7	0	355 5684
10	5606	127.9	1	151 5455
11	2286	32.0	1	17 2269
12	583	8.0	1	1 582
13	123	2.0	1	0 123
14	82	0.5	1	0 82
15	3	0.1	1	0 3
16	1	0.0	1	0 1
83	1	0.0	3	0 0 1
100	1	0.0	3	0 0 0 1


=== Second read: Adapter PrefixPE/2 ===

Sequence: GTGACTGGAGTTCAGACGTGTGCTCTTCCGATCT; Type: regular 3'; Length: 34; Trimmed: 2560934 times

No. of allowed errors:
0-9 bp: 0; 10-19 bp: 1; 20-29 bp: 2; 30-34 bp: 3

Bases preceding removed adapters:
  A: 27.5%
  C: 15.9%
  G: 25.9%
  T: 30.8%
  none/other: 0.0%

Overview of removed sequences
length	count	expect	max.err	error counts
3	2117343	2095809.8	0	2117343
4	360244	523952.4	0	360244
5	61296	130988.1	0	61296
6	13214	32747.0	0	13214
7	3658	8186.8	0	3658
8	489	2046.7	0	489
9	2093	511.7	0	100 1993
10	1750	127.9	1	37 1713
11	702	32.0	1	3 699
12	117	8.0	1	0 117
13	28	2.0	1	0 28
