This is cutadapt 2.9 with Python 3.6.6
Command line parameters: --interleaved -a file:/nas02/apps/trimmomatic-0.36/Trimmomatic-0.36/adapters/TruSeq3-PE.fa -A file:/nas02/apps/trimmomatic-0.36/Trimmomatic-0.36/adapters/TruSeq3-PE.fa -m 30 /nas/longleaf/home/zpopkinh/Pvivax_resources/wgs_pe_improved_global/fastq/SRS2746088/SRR6361674_1.fastq.gz /nas/longleaf/home/zpopkinh/Pvivax_resources/wgs_pe_improved_global/fastq/SRS2746088/SRR6361674_2.fastq.gz
Processing reads on 1 core in paired-end mode ...
Finished in 74.54 s (200 us/read; 0.30 M reads/minute).

=== Summary ===

Total read pairs processed:            371,963
  Read 1 with adapter:                   8,864 (2.4%)
  Read 2 with adapter:                   7,160 (1.9%)
Pairs written (passing filters):       371,658 (99.9%)

Total basepairs processed:   186,725,426 bp
  Read 1:    93,362,713 bp
  Read 2:    93,362,713 bp
Total written (filtered):    186,516,002 bp (99.9%)
  Read 1:    93,254,781 bp
  Read 2:    93,261,221 bp

=== First read: Adapter PrefixPE/1 ===

Sequence: TACACTCTTTCCCTACACGACGCTCTTCCGATCT; Type: regular 3'; Length: 34; Trimmed: 7593 times

No. of allowed errors:
0-9 bp: 0; 10-19 bp: 1; 20-29 bp: 2; 30-34 bp: 3

Bases preceding removed adapters:
  A: 58.3%
  C: 17.4%
  G: 10.7%
  T: 13.6%
  none/other: 0.0%

Overview of removed sequences
length	count	expect	max.err	error counts
3	3528	5811.9	0	3528
4	3415	1453.0	0	3415
5	344	363.2	0	344
6	124	90.8	0	124
7	14	22.7	0	14
8	6	5.7	0	6
9	9	1.4	0	3 6
10	8	0.4	1	0 8
11	3	0.1	1	0 3
225	3	0.0	3	0 0 0 3
234	1	0.0	3	0 0 0 1
235	1	0.0	3	0 0 0 1
238	3	0.0	3	0 0 1 2
239	105	0.0	3	0 0 16 89
240	11	0.0	3	0 0 1 10
241	4	0.0	3	0 0 0 4
242	1	0.0	3	0 0 0 1
243	5	0.0	3	0 0 1 4
244	1	0.0	3	0 0 0 1
245	6	0.0	3	0 0 2 4
246	1	0.0	3	0 0 0 1


=== First read: Adapter PrefixPE/2 ===

Sequence: GTGACTGGAGTTCAGACGTGTGCTCTTCCGATCT; Type: regular 3'; Length: 34; Trimmed: 1271 times

No. of allowed errors:
0-9 bp: 0; 10-19 bp: 1; 20-29 bp: 2; 30-34 bp: 3

Bases preceding removed adapters:
  A: 47.1%
  C: 13.4%
  G: 10.3%
  T: 29.2%
  none/other: 0.0%

Overview of removed sequences
length	count	expect	max.err	error counts
3	824	5811.9	0	824
4	391	1453.0	0	391
5	39	363.2	0	39
6	11	90.8	0	11
7	4	22.7	0	4
8	1	5.7	0	1
11	1	0.1	1	0 1


=== Second read: Adapter PrefixPE/1 ===

Sequence: TACACTCTTTCCCTACACGACGCTCTTCCGATCT; Type: regular 3'; Length: 34; Trimmed: 4490 times

No. of allowed errors:
0-9 bp: 0; 10-19 bp: 1; 20-29 bp: 2; 30-34 bp: 3

Bases preceding removed adapters:
  A: 63.7%
  C: 10.6%
  G: 18.0%
  T: 7.6%
  none/other: 0.0%

Overview of removed sequences
length	count	expect	max.err	error counts
3	1608	5811.9	0	1608
4	2585	1453.0	0	2585
5	232	363.2	0	232
6	58	90.8	0	58
7	4	22.7	0	4
8	1	5.7	0	1
11	2	0.1	1	0 2


=== Second read: Adapter PrefixPE/2 ===

Sequence: GTGACTGGAGTTCAGACGTGTGCTCTTCCGATCT; Type: regular 3'; Length: 34; Trimmed: 2670 times

No. of allowed errors:
0-9 bp: 0; 10-19 bp: 1; 20-29 bp: 2; 30-34 bp: 3

Bases preceding removed adapters:
  A: 55.2%
  C: 11.6%
  G: 10.1%
  T: 23.0%
  none/other: 0.0%

Overview of removed sequences
length	count	expect	max.err	error counts
3	1936	5811.9	0	1936
4	499	1453.0	0	499
5	49	363.2	0	49
6	11	90.8	0	11
7	7	22.7	0	7
9	3	1.4	0	0 3
10	2	0.4	1	1 1
229	2	0.0	3	0 0 0 2
230	3	0.0	3	0 0 2 1
231	2	0.0	3	0 0 2
232	11	0.0	3	0 1 3 7
233	6	0.0	3	0 6
234	52	0.0	3	0 43 3 6
235	20	0.0	3	0 7 9 4
236	31	0.0	3	0 2 27 2
237	14	0.0	3	0 0 0 14
238	15	0.0	3	0 1 5 9
239	2	0.0	3	0 1 1
240	1	0.0	3	0 0 1
242	1	0.0	3	0 0 1
243	1	0.0	3	0 0 0 1
244	2	0.0	3	0 1 0 1
