This is cutadapt 2.9 with Python 3.6.6
Command line parameters: --interleaved -a file:/nas02/apps/trimmomatic-0.36/Trimmomatic-0.36/adapters/TruSeq3-PE.fa -A file:/nas02/apps/trimmomatic-0.36/Trimmomatic-0.36/adapters/TruSeq3-PE.fa -m 30 /nas/longleaf/home/zpopkinh/Pvivax_resources/wgs_pe_improved_global/fastq/SRS2910051/SRR6668502_1.fastq.gz /nas/longleaf/home/zpopkinh/Pvivax_resources/wgs_pe_improved_global/fastq/SRS2910051/SRR6668502_2.fastq.gz
Processing reads on 1 core in paired-end mode ...
Finished in 266.49 s (117 us/read; 0.51 M reads/minute).

=== Summary ===

Total read pairs processed:          2,279,726
  Read 1 with adapter:                  93,830 (4.1%)
  Read 2 with adapter:                 117,165 (5.1%)
Pairs written (passing filters):     2,279,726 (100.0%)

Total basepairs processed:   455,945,200 bp
  Read 1:   227,972,600 bp
  Read 2:   227,972,600 bp
Total written (filtered):    455,208,879 bp (99.8%)
  Read 1:   227,639,483 bp
  Read 2:   227,569,396 bp

=== First read: Adapter PrefixPE/1 ===

Sequence: TACACTCTTTCCCTACACGACGCTCTTCCGATCT; Type: regular 3'; Length: 34; Trimmed: 54391 times

No. of allowed errors:
0-9 bp: 0; 10-19 bp: 1; 20-29 bp: 2; 30-34 bp: 3

Bases preceding removed adapters:
  A: 57.7%
  C: 13.8%
  G: 15.1%
  T: 13.4%
  none/other: 0.0%

Overview of removed sequences
length	count	expect	max.err	error counts
3	27732	35620.7	0	27732
4	14680	8905.2	0	14680
5	11039	2226.3	0	11039
6	560	556.6	0	560
7	164	139.1	0	164
8	18	34.8	0	18
9	91	8.7	0	23 68
10	59	2.2	1	1 58
11	39	0.5	1	0 39
12	6	0.1	1	0 6
13	3	0.0	1	0 3


=== First read: Adapter PrefixPE/2 ===

Sequence: GTGACTGGAGTTCAGACGTGTGCTCTTCCGATCT; Type: regular 3'; Length: 34; Trimmed: 39439 times

No. of allowed errors:
0-9 bp: 0; 10-19 bp: 1; 20-29 bp: 2; 30-34 bp: 3

Bases preceding removed adapters:
  A: 24.8%
  C: 20.4%
  G: 27.5%
  T: 27.4%
  none/other: 0.0%

Overview of removed sequences
length	count	expect	max.err	error counts
3	30964	35620.7	0	30964
4	6864	8905.2	0	6864
5	1163	2226.3	0	1163
6	210	556.6	0	210
7	117	139.1	0	117
8	4	34.8	0	4
9	47	8.7	0	0 47
10	65	2.2	1	0 65
11	3	0.5	1	0 3
12	1	0.1	1	0 1
13	1	0.0	1	0 1


=== Second read: Adapter PrefixPE/1 ===

Sequence: TACACTCTTTCCCTACACGACGCTCTTCCGATCT; Type: regular 3'; Length: 34; Trimmed: 62222 times

No. of allowed errors:
0-9 bp: 0; 10-19 bp: 1; 20-29 bp: 2; 30-34 bp: 3

Bases preceding removed adapters:
  A: 50.1%
  C: 25.7%
  G: 12.7%
  T: 11.5%
  none/other: 0.0%

Overview of removed sequences
length	count	expect	max.err	error counts
3	35386	35620.7	0	35386
4	14765	8905.2	0	14765
5	11061	2226.3	0	11061
6	615	556.6	0	615
7	169	139.1	0	169
8	27	34.8	0	27
9	95	8.7	0	31 64
10	67	2.2	1	1 66
11	29	0.5	1	0 29
12	4	0.1	1	0 4
13	4	0.0	1	0 4


=== Second read: Adapter PrefixPE/2 ===

Sequence: GTGACTGGAGTTCAGACGTGTGCTCTTCCGATCT; Type: regular 3'; Length: 34; Trimmed: 54943 times

No. of allowed errors:
0-9 bp: 0; 10-19 bp: 1; 20-29 bp: 2; 30-34 bp: 3

Bases preceding removed adapters:
  A: 17.4%
  C: 14.4%
  G: 33.8%
  T: 34.4%
  none/other: 0.0%

Overview of removed sequences
length	count	expect	max.err	error counts
3	46603	35620.7	0	46603
4	6766	8905.2	0	6766
5	1139	2226.3	0	1139
6	229	556.6	0	229
7	104	139.1	0	104
8	5	34.8	0	5
9	40	8.7	0	0 40
10	49	2.2	1	0 49
11	8	0.5	1	0 8
