This is cutadapt 2.9 with Python 3.6.6
Command line parameters: --interleaved -a file:/nas02/apps/trimmomatic-0.36/Trimmomatic-0.36/adapters/TruSeq3-PE.fa -A file:/nas02/apps/trimmomatic-0.36/Trimmomatic-0.36/adapters/TruSeq3-PE.fa -m 30 /nas/longleaf/home/zpopkinh/Pvivax_resources/wgs_pe_improved_global/fastq/ERS338603/ERR386540_1.fastq.gz /nas/longleaf/home/zpopkinh/Pvivax_resources/wgs_pe_improved_global/fastq/ERS338603/ERR386540_2.fastq.gz
Processing reads on 1 core in paired-end mode ...
Finished in 115.31 s (101 us/read; 0.59 M reads/minute).

=== Summary ===

Total read pairs processed:          1,138,180
  Read 1 with adapter:                  42,413 (3.7%)
  Read 2 with adapter:                  41,449 (3.6%)
Pairs written (passing filters):     1,138,179 (100.0%)

Total basepairs processed:   227,636,000 bp
  Read 1:   113,818,000 bp
  Read 2:   113,818,000 bp
Total written (filtered):    227,348,729 bp (99.9%)
  Read 1:   113,672,690 bp
  Read 2:   113,676,039 bp

=== First read: Adapter PrefixPE/1 ===

Sequence: TACACTCTTTCCCTACACGACGCTCTTCCGATCT; Type: regular 3'; Length: 34; Trimmed: 22653 times

No. of allowed errors:
0-9 bp: 0; 10-19 bp: 1; 20-29 bp: 2; 30-34 bp: 3

Bases preceding removed adapters:
  A: 28.5%
  C: 17.7%
  G: 26.7%
  T: 27.2%
  none/other: 0.0%

Overview of removed sequences
length	count	expect	max.err	error counts
3	14675	17784.1	0	14675
4	6018	4446.0	0	6018
5	1159	1111.5	0	1159
6	309	277.9	0	309
7	129	69.5	0	129
8	12	17.4	0	12
9	50	4.3	0	11 39
10	251	1.1	1	6 245
11	41	0.3	1	0 41
12	4	0.1	1	0 4
13	3	0.0	1	0 3
14	1	0.0	1	0 1
100	1	0.0	3	0 0 0 1


=== First read: Adapter PrefixPE/2 ===

Sequence: GTGACTGGAGTTCAGACGTGTGCTCTTCCGATCT; Type: regular 3'; Length: 34; Trimmed: 19760 times

No. of allowed errors:
0-9 bp: 0; 10-19 bp: 1; 20-29 bp: 2; 30-34 bp: 3

Bases preceding removed adapters:
  A: 29.0%
  C: 12.6%
  G: 21.9%
  T: 36.5%
  none/other: 0.0%

Overview of removed sequences
length	count	expect	max.err	error counts
3	15505	17784.1	0	15505
4	3460	4446.0	0	3460
5	524	1111.5	0	524
6	153	277.9	0	153
7	34	69.5	0	34
8	2	17.4	0	2
9	35	4.3	0	3 32
10	35	1.1	1	0 35
11	6	0.3	1	0 6
12	3	0.1	1	0 3
13	3	0.0	1	0 3


=== Second read: Adapter PrefixPE/1 ===

Sequence: TACACTCTTTCCCTACACGACGCTCTTCCGATCT; Type: regular 3'; Length: 34; Trimmed: 22156 times

No. of allowed errors:
0-9 bp: 0; 10-19 bp: 1; 20-29 bp: 2; 30-34 bp: 3

Bases preceding removed adapters:
  A: 29.5%
  C: 17.6%
  G: 26.9%
  T: 26.1%
  none/other: 0.0%

Overview of removed sequences
length	count	expect	max.err	error counts
3	14353	17784.1	0	14353
4	5961	4446.0	0	5961
5	1105	1111.5	0	1105
6	259	277.9	0	259
7	78	69.5	0	78
8	16	17.4	0	16
9	48	4.3	0	5 43
10	277	1.1	1	7 270
11	45	0.3	1	0 45
12	12	0.1	1	0 12
13	1	0.0	1	0 1
14	1	0.0	1	0 1


=== Second read: Adapter PrefixPE/2 ===

Sequence: GTGACTGGAGTTCAGACGTGTGCTCTTCCGATCT; Type: regular 3'; Length: 34; Trimmed: 19293 times

No. of allowed errors:
0-9 bp: 0; 10-19 bp: 1; 20-29 bp: 2; 30-34 bp: 3

Bases preceding removed adapters:
  A: 29.0%
  C: 12.7%
  G: 22.2%
  T: 36.1%
  none/other: 0.0%

Overview of removed sequences
length	count	expect	max.err	error counts
3	15124	17784.1	0	15124
4	3436	4446.0	0	3436
5	475	1111.5	0	475
6	156	277.9	0	156
7	24	69.5	0	24
8	5	17.4	0	5
9	39	4.3	0	1 38
10	25	1.1	1	1 24
11	7	0.3	1	0 7
12	2	0.1	1	0 2
