This is cutadapt 2.9 with Python 3.6.6
Command line parameters: --interleaved -a file:/nas02/apps/trimmomatic-0.36/Trimmomatic-0.36/adapters/TruSeq3-PE.fa -A file:/nas02/apps/trimmomatic-0.36/Trimmomatic-0.36/adapters/TruSeq3-PE.fa -m 30 /nas/longleaf/home/zpopkinh/Pvivax_resources/wgs_pe_improved_global/fastq/ERS338603/ERR490256_1.fastq.gz /nas/longleaf/home/zpopkinh/Pvivax_resources/wgs_pe_improved_global/fastq/ERS338603/ERR490256_2.fastq.gz
Processing reads on 1 core in paired-end mode ...
Finished in 7.74 s (75 us/read; 0.80 M reads/minute).

=== Summary ===

Total read pairs processed:            103,541
  Read 1 with adapter:                   3,762 (3.6%)
  Read 2 with adapter:                   3,809 (3.7%)
Pairs written (passing filters):       103,541 (100.0%)

Total basepairs processed:    20,708,200 bp
  Read 1:    10,354,100 bp
  Read 2:    10,354,100 bp
Total written (filtered):     20,682,169 bp (99.9%)
  Read 1:    10,341,152 bp
  Read 2:    10,341,017 bp

=== First read: Adapter PrefixPE/1 ===

Sequence: TACACTCTTTCCCTACACGACGCTCTTCCGATCT; Type: regular 3'; Length: 34; Trimmed: 2005 times

No. of allowed errors:
0-9 bp: 0; 10-19 bp: 1; 20-29 bp: 2; 30-34 bp: 3

Bases preceding removed adapters:
  A: 27.9%
  C: 17.3%
  G: 29.9%
  T: 24.9%
  none/other: 0.0%

Overview of removed sequences
length	count	expect	max.err	error counts
3	1310	1617.8	0	1310
4	508	404.5	0	508
5	103	101.1	0	103
6	28	25.3	0	28
7	10	6.3	0	10
8	3	1.6	0	3
9	6	0.4	0	1 5
10	30	0.1	1	0 30
11	7	0.0	1	0 7


=== First read: Adapter PrefixPE/2 ===

Sequence: GTGACTGGAGTTCAGACGTGTGCTCTTCCGATCT; Type: regular 3'; Length: 34; Trimmed: 1757 times

No. of allowed errors:
0-9 bp: 0; 10-19 bp: 1; 20-29 bp: 2; 30-34 bp: 3

Bases preceding removed adapters:
  A: 30.6%
  C: 12.5%
  G: 21.9%
  T: 35.0%
  none/other: 0.0%

Overview of removed sequences
length	count	expect	max.err	error counts
3	1390	1617.8	0	1390
4	291	404.5	0	291
5	50	101.1	0	50
6	13	25.3	0	13
7	4	6.3	0	4
9	2	0.4	0	0 2
10	7	0.1	1	0 7


=== Second read: Adapter PrefixPE/1 ===

Sequence: TACACTCTTTCCCTACACGACGCTCTTCCGATCT; Type: regular 3'; Length: 34; Trimmed: 2016 times

No. of allowed errors:
0-9 bp: 0; 10-19 bp: 1; 20-29 bp: 2; 30-34 bp: 3

Bases preceding removed adapters:
  A: 29.7%
  C: 17.8%
  G: 28.2%
  T: 24.3%
  none/other: 0.0%

Overview of removed sequences
length	count	expect	max.err	error counts
3	1262	1617.8	0	1262
4	568	404.5	0	568
5	103	101.1	0	103
6	37	25.3	0	37
7	14	6.3	0	14
8	1	1.6	0	1
9	7	0.4	0	2 5
10	20	0.1	1	0 20
11	3	0.0	1	0 3
13	1	0.0	1	0 1


=== Second read: Adapter PrefixPE/2 ===

Sequence: GTGACTGGAGTTCAGACGTGTGCTCTTCCGATCT; Type: regular 3'; Length: 34; Trimmed: 1793 times

No. of allowed errors:
0-9 bp: 0; 10-19 bp: 1; 20-29 bp: 2; 30-34 bp: 3

Bases preceding removed adapters:
  A: 28.3%
  C: 13.4%
  G: 23.7%
  T: 34.6%
  none/other: 0.0%

Overview of removed sequences
length	count	expect	max.err	error counts
3	1423	1617.8	0	1423
4	308	404.5	0	308
5	38	101.1	0	38
6	13	25.3	0	13
7	2	6.3	0	2
9	3	0.4	0	0 3
10	5	0.1	1	0 5
13	1	0.0	1	0 1
