This is cutadapt 2.9 with Python 3.6.6
Command line parameters: --interleaved -a file:/nas02/apps/trimmomatic-0.36/Trimmomatic-0.36/adapters/TruSeq3-PE.fa -A file:/nas02/apps/trimmomatic-0.36/Trimmomatic-0.36/adapters/TruSeq3-PE.fa -m 30 /nas/longleaf/home/zpopkinh/Pvivax_resources/wgs_pe_improved_global/fastq/ERS338603/ERR484724_1.fastq.gz /nas/longleaf/home/zpopkinh/Pvivax_resources/wgs_pe_improved_global/fastq/ERS338603/ERR484724_2.fastq.gz
Processing reads on 1 core in paired-end mode ...
Finished in 8.19 s (48 us/read; 1.25 M reads/minute).

=== Summary ===

Total read pairs processed:            170,712
  Read 1 with adapter:                   6,280 (3.7%)
  Read 2 with adapter:                   6,161 (3.6%)
Pairs written (passing filters):       170,712 (100.0%)

Total basepairs processed:    34,142,400 bp
  Read 1:    17,071,200 bp
  Read 2:    17,071,200 bp
Total written (filtered):     34,099,775 bp (99.9%)
  Read 1:    17,049,746 bp
  Read 2:    17,050,029 bp

=== First read: Adapter PrefixPE/1 ===

Sequence: TACACTCTTTCCCTACACGACGCTCTTCCGATCT; Type: regular 3'; Length: 34; Trimmed: 3331 times

No. of allowed errors:
0-9 bp: 0; 10-19 bp: 1; 20-29 bp: 2; 30-34 bp: 3

Bases preceding removed adapters:
  A: 28.7%
  C: 18.2%
  G: 27.6%
  T: 25.5%
  none/other: 0.0%

Overview of removed sequences
length	count	expect	max.err	error counts
3	2189	2667.4	0	2189
4	872	666.8	0	872
5	159	166.7	0	159
6	48	41.7	0	48
7	10	10.4	0	10
8	2	2.6	0	2
9	5	0.7	0	0 5
10	43	0.2	1	0 43
11	3	0.0	1	0 3


=== First read: Adapter PrefixPE/2 ===

Sequence: GTGACTGGAGTTCAGACGTGTGCTCTTCCGATCT; Type: regular 3'; Length: 34; Trimmed: 2949 times

No. of allowed errors:
0-9 bp: 0; 10-19 bp: 1; 20-29 bp: 2; 30-34 bp: 3

Bases preceding removed adapters:
  A: 28.2%
  C: 12.7%
  G: 20.8%
  T: 38.3%
  none/other: 0.0%

Overview of removed sequences
length	count	expect	max.err	error counts
3	2273	2667.4	0	2273
4	544	666.8	0	544
5	94	166.7	0	94
6	27	41.7	0	27
7	5	10.4	0	5
9	1	0.7	0	0 1
10	4	0.2	1	0 4
11	1	0.0	1	0 1


=== Second read: Adapter PrefixPE/1 ===

Sequence: TACACTCTTTCCCTACACGACGCTCTTCCGATCT; Type: regular 3'; Length: 34; Trimmed: 3296 times

No. of allowed errors:
0-9 bp: 0; 10-19 bp: 1; 20-29 bp: 2; 30-34 bp: 3

Bases preceding removed adapters:
  A: 29.3%
  C: 16.6%
  G: 28.7%
  T: 25.4%
  none/other: 0.0%

Overview of removed sequences
length	count	expect	max.err	error counts
3	2065	2667.4	0	2065
4	958	666.8	0	958
5	164	166.7	0	164
6	43	41.7	0	43
7	15	10.4	0	15
8	1	2.6	0	1
9	13	0.7	0	1 12
10	33	0.2	1	2 31
11	1	0.0	1	0 1
12	2	0.0	1	0 2
13	1	0.0	1	0 1


=== Second read: Adapter PrefixPE/2 ===

Sequence: GTGACTGGAGTTCAGACGTGTGCTCTTCCGATCT; Type: regular 3'; Length: 34; Trimmed: 2865 times

No. of allowed errors:
0-9 bp: 0; 10-19 bp: 1; 20-29 bp: 2; 30-34 bp: 3

Bases preceding removed adapters:
  A: 29.6%
  C: 12.2%
  G: 20.5%
  T: 37.7%
  none/other: 0.0%

Overview of removed sequences
length	count	expect	max.err	error counts
3	2232	2667.4	0	2232
4	508	666.8	0	508
5	75	166.7	0	75
6	31	41.7	0	31
7	3	10.4	0	3
8	1	2.6	0	1
9	10	0.7	0	0 10
10	5	0.2	1	0 5
