This is cutadapt 2.9 with Python 3.6.6
Command line parameters: --interleaved -a file:/nas02/apps/trimmomatic-0.36/Trimmomatic-0.36/adapters/TruSeq3-PE.fa -A file:/nas02/apps/trimmomatic-0.36/Trimmomatic-0.36/adapters/TruSeq3-PE.fa -m 30 /nas/longleaf/home/zpopkinh/Pvivax_resources/wgs_pe_improved_global/fastq/ERS338603/ERR484715_1.fastq.gz /nas/longleaf/home/zpopkinh/Pvivax_resources/wgs_pe_improved_global/fastq/ERS338603/ERR484715_2.fastq.gz
Processing reads on 1 core in paired-end mode ...
Finished in 9.92 s (57 us/read; 1.05 M reads/minute).

=== Summary ===

Total read pairs processed:            173,020
  Read 1 with adapter:                   6,339 (3.7%)
  Read 2 with adapter:                   6,343 (3.7%)
Pairs written (passing filters):       173,020 (100.0%)

Total basepairs processed:    34,604,000 bp
  Read 1:    17,302,000 bp
  Read 2:    17,302,000 bp
Total written (filtered):     34,560,562 bp (99.9%)
  Read 1:    17,280,410 bp
  Read 2:    17,280,152 bp

=== First read: Adapter PrefixPE/1 ===

Sequence: TACACTCTTTCCCTACACGACGCTCTTCCGATCT; Type: regular 3'; Length: 34; Trimmed: 3407 times

No. of allowed errors:
0-9 bp: 0; 10-19 bp: 1; 20-29 bp: 2; 30-34 bp: 3

Bases preceding removed adapters:
  A: 29.8%
  C: 16.9%
  G: 27.5%
  T: 25.7%
  none/other: 0.0%

Overview of removed sequences
length	count	expect	max.err	error counts
3	2207	2703.4	0	2207
4	948	675.9	0	948
5	154	169.0	0	154
6	40	42.2	0	40
7	12	10.6	0	12
8	1	2.6	0	1
9	2	0.7	0	1 1
10	37	0.2	1	3 34
11	5	0.0	1	0 5
12	1	0.0	1	0 1


=== First read: Adapter PrefixPE/2 ===

Sequence: GTGACTGGAGTTCAGACGTGTGCTCTTCCGATCT; Type: regular 3'; Length: 34; Trimmed: 2932 times

No. of allowed errors:
0-9 bp: 0; 10-19 bp: 1; 20-29 bp: 2; 30-34 bp: 3

Bases preceding removed adapters:
  A: 29.9%
  C: 13.2%
  G: 21.4%
  T: 35.5%
  none/other: 0.0%

Overview of removed sequences
length	count	expect	max.err	error counts
3	2291	2703.4	0	2291
4	541	675.9	0	541
5	63	169.0	0	63
6	22	42.2	0	22
7	2	10.6	0	2
8	1	2.6	0	1
9	7	0.7	0	0 7
10	4	0.2	1	0 4
11	1	0.0	1	0 1


=== Second read: Adapter PrefixPE/1 ===

Sequence: TACACTCTTTCCCTACACGACGCTCTTCCGATCT; Type: regular 3'; Length: 34; Trimmed: 3400 times

No. of allowed errors:
0-9 bp: 0; 10-19 bp: 1; 20-29 bp: 2; 30-34 bp: 3

Bases preceding removed adapters:
  A: 28.8%
  C: 17.5%
  G: 28.1%
  T: 25.5%
  none/other: 0.0%

Overview of removed sequences
length	count	expect	max.err	error counts
3	2153	2703.4	0	2153
4	951	675.9	0	951
5	185	169.0	0	185
6	40	42.2	0	40
7	17	10.6	0	17
8	2	2.6	0	2
9	9	0.7	0	0 9
10	35	0.2	1	1 34
11	6	0.0	1	0 6
12	2	0.0	1	0 2


=== Second read: Adapter PrefixPE/2 ===

Sequence: GTGACTGGAGTTCAGACGTGTGCTCTTCCGATCT; Type: regular 3'; Length: 34; Trimmed: 2943 times

No. of allowed errors:
0-9 bp: 0; 10-19 bp: 1; 20-29 bp: 2; 30-34 bp: 3

Bases preceding removed adapters:
  A: 29.8%
  C: 13.3%
  G: 20.5%
  T: 36.4%
  none/other: 0.0%

Overview of removed sequences
length	count	expect	max.err	error counts
3	2287	2703.4	0	2287
4	519	675.9	0	519
5	83	169.0	0	83
6	26	42.2	0	26
7	6	10.6	0	6
9	11	0.7	0	0 11
10	8	0.2	1	0 8
11	1	0.0	1	0 1
12	2	0.0	1	0 2
