This is cutadapt 2.9 with Python 3.6.6
Command line parameters: --interleaved -a file:/nas02/apps/trimmomatic-0.36/Trimmomatic-0.36/adapters/TruSeq3-PE.fa -A file:/nas02/apps/trimmomatic-0.36/Trimmomatic-0.36/adapters/TruSeq3-PE.fa -m 30 /nas/longleaf/home/zpopkinh/Pvivax_resources/wgs_pe_improved_global/fastq/ERS241411/ERR337601_1.fastq.gz /nas/longleaf/home/zpopkinh/Pvivax_resources/wgs_pe_improved_global/fastq/ERS241411/ERR337601_2.fastq.gz
Processing reads on 1 core in paired-end mode ...
Finished in 1380.66 s (78 us/read; 0.77 M reads/minute).

=== Summary ===

Total read pairs processed:         17,746,409
  Read 1 with adapter:                 638,509 (3.6%)
  Read 2 with adapter:                 633,275 (3.6%)
Pairs written (passing filters):    17,746,401 (100.0%)

Total basepairs processed: 3,549,281,800 bp
  Read 1: 1,774,640,900 bp
  Read 2: 1,774,640,900 bp
Total written (filtered):  3,544,980,994 bp (99.9%)
  Read 1: 1,772,481,235 bp
  Read 2: 1,772,499,759 bp

=== First read: Adapter PrefixPE/1 ===

Sequence: TACACTCTTTCCCTACACGACGCTCTTCCGATCT; Type: regular 3'; Length: 34; Trimmed: 352471 times

No. of allowed errors:
0-9 bp: 0; 10-19 bp: 1; 20-29 bp: 2; 30-34 bp: 3

Bases preceding removed adapters:
  A: 30.3%
  C: 17.6%
  G: 21.7%
  T: 30.4%
  none/other: 0.0%

Overview of removed sequences
length	count	expect	max.err	error counts
3	233404	277287.6	0	233404
4	92903	69321.9	0	92903
5	18383	17330.5	0	18383
6	4125	4332.6	0	4125
7	822	1083.2	0	822
8	207	270.8	0	207
9	1092	67.7	0	78 1014
10	1086	16.9	1	34 1052
11	337	4.2	1	5 332
12	82	1.1	1	1 81
13	19	0.3	1	0 19
14	3	0.1	1	0 3
100	8	0.0	3	0 0 0 8


=== First read: Adapter PrefixPE/2 ===

Sequence: GTGACTGGAGTTCAGACGTGTGCTCTTCCGATCT; Type: regular 3'; Length: 34; Trimmed: 286038 times

No. of allowed errors:
0-9 bp: 0; 10-19 bp: 1; 20-29 bp: 2; 30-34 bp: 3

Bases preceding removed adapters:
  A: 24.2%
  C: 17.9%
  G: 25.1%
  T: 32.8%
  none/other: 0.0%

Overview of removed sequences
length	count	expect	max.err	error counts
3	223667	277287.6	0	223667
4	51501	69321.9	0	51501
5	7887	17330.5	0	7887
6	1879	4332.6	0	1879
7	401	1083.2	0	401
8	64	270.8	0	64
9	265	67.7	0	14 251
10	264	16.9	1	4 260
11	83	4.2	1	0 83
12	24	1.1	1	0 24
13	3	0.3	1	0 3


=== Second read: Adapter PrefixPE/1 ===

Sequence: TACACTCTTTCCCTACACGACGCTCTTCCGATCT; Type: regular 3'; Length: 34; Trimmed: 352046 times

No. of allowed errors:
0-9 bp: 0; 10-19 bp: 1; 20-29 bp: 2; 30-34 bp: 3

Bases preceding removed adapters:
  A: 30.4%
  C: 17.6%
  G: 21.4%
  T: 30.6%
  none/other: 0.0%

Overview of removed sequences
length	count	expect	max.err	error counts
3	233618	277287.6	0	233618
4	92456	69321.9	0	92456
5	18259	17330.5	0	18259
6	4130	4332.6	0	4130
7	770	1083.2	0	770
8	167	270.8	0	167
9	1079	67.7	0	71 1008
10	1095	16.9	1	21 1074
11	369	4.2	1	7 362
12	77	1.1	1	0 77
13	15	0.3	1	0 15
14	10	0.1	1	0 10
15	1	0.0	1	0 1


=== Second read: Adapter PrefixPE/2 ===

Sequence: GTGACTGGAGTTCAGACGTGTGCTCTTCCGATCT; Type: regular 3'; Length: 34; Trimmed: 281229 times

No. of allowed errors:
0-9 bp: 0; 10-19 bp: 1; 20-29 bp: 2; 30-34 bp: 3

Bases preceding removed adapters:
  A: 24.2%
  C: 18.0%
  G: 25.0%
  T: 32.9%
  none/other: 0.0%

Overview of removed sequences
length	count	expect	max.err	error counts
3	220186	277287.6	0	220186
4	50558	69321.9	0	50558
5	7587	17330.5	0	7587
6	1822	4332.6	0	1822
7	426	1083.2	0	426
8	58	270.8	0	58
9	261	67.7	0	16 245
10	250	16.9	1	7 243
11	61	4.2	1	0 61
12	15	1.1	1	0 15
13	5	0.3	1	0 5
