This is cutadapt 2.9 with Python 3.6.6
Command line parameters: --interleaved -a file:/nas02/apps/trimmomatic-0.36/Trimmomatic-0.36/adapters/TruSeq3-PE.fa -A file:/nas02/apps/trimmomatic-0.36/Trimmomatic-0.36/adapters/TruSeq3-PE.fa -m 30 /nas/longleaf/home/zpopkinh/Pvivax_resources/wgs_pe_improved_global/fastq/ERS338618/ERR386545_1.fastq.gz /nas/longleaf/home/zpopkinh/Pvivax_resources/wgs_pe_improved_global/fastq/ERS338618/ERR386545_2.fastq.gz
Processing reads on 1 core in paired-end mode ...
Finished in 138.82 s (101 us/read; 0.59 M reads/minute).

=== Summary ===

Total read pairs processed:          1,368,669
  Read 1 with adapter:                  50,920 (3.7%)
  Read 2 with adapter:                  50,394 (3.7%)
Pairs written (passing filters):     1,368,666 (100.0%)

Total basepairs processed:   273,733,800 bp
  Read 1:   136,866,900 bp
  Read 2:   136,866,900 bp
Total written (filtered):    273,386,591 bp (99.9%)
  Read 1:   136,692,494 bp
  Read 2:   136,694,097 bp

=== First read: Adapter PrefixPE/1 ===

Sequence: TACACTCTTTCCCTACACGACGCTCTTCCGATCT; Type: regular 3'; Length: 34; Trimmed: 28064 times

No. of allowed errors:
0-9 bp: 0; 10-19 bp: 1; 20-29 bp: 2; 30-34 bp: 3

Bases preceding removed adapters:
  A: 29.0%
  C: 16.8%
  G: 27.9%
  T: 26.3%
  none/other: 0.0%

Overview of removed sequences
length	count	expect	max.err	error counts
3	18233	21385.5	0	18233
4	7583	5346.4	0	7583
5	1403	1336.6	0	1403
6	323	334.1	0	323
7	96	83.5	0	96
8	18	20.9	0	18
9	56	5.2	0	6 50
10	277	1.3	1	6 271
11	57	0.3	1	0 57
12	10	0.1	1	0 10
13	5	0.0	1	0 5
100	3	0.0	3	0 0 0 3


=== First read: Adapter PrefixPE/2 ===

Sequence: GTGACTGGAGTTCAGACGTGTGCTCTTCCGATCT; Type: regular 3'; Length: 34; Trimmed: 22856 times

No. of allowed errors:
0-9 bp: 0; 10-19 bp: 1; 20-29 bp: 2; 30-34 bp: 3

Bases preceding removed adapters:
  A: 28.1%
  C: 13.8%
  G: 22.5%
  T: 35.7%
  none/other: 0.0%

Overview of removed sequences
length	count	expect	max.err	error counts
3	17752	21385.5	0	17752
4	4213	5346.4	0	4213
5	592	1336.6	0	592
6	186	334.1	0	186
7	21	83.5	0	21
8	5	20.9	0	5
9	37	5.2	0	3 34
10	39	1.3	1	2 37
11	7	0.3	1	0 7
12	3	0.1	1	0 3
13	1	0.0	1	0 1


=== Second read: Adapter PrefixPE/1 ===

Sequence: TACACTCTTTCCCTACACGACGCTCTTCCGATCT; Type: regular 3'; Length: 34; Trimmed: 27819 times

No. of allowed errors:
0-9 bp: 0; 10-19 bp: 1; 20-29 bp: 2; 30-34 bp: 3

Bases preceding removed adapters:
  A: 28.7%
  C: 17.5%
  G: 27.3%
  T: 26.4%
  none/other: 0.0%

Overview of removed sequences
length	count	expect	max.err	error counts
3	17903	21385.5	0	17903
4	7649	5346.4	0	7649
5	1366	1336.6	0	1366
6	342	334.1	0	342
7	110	83.5	0	110
8	23	20.9	0	23
9	75	5.2	0	12 63
10	288	1.3	1	7 281
11	47	0.3	1	0 47
12	11	0.1	1	1 10
13	5	0.0	1	0 5


=== Second read: Adapter PrefixPE/2 ===

Sequence: GTGACTGGAGTTCAGACGTGTGCTCTTCCGATCT; Type: regular 3'; Length: 34; Trimmed: 22575 times

No. of allowed errors:
0-9 bp: 0; 10-19 bp: 1; 20-29 bp: 2; 30-34 bp: 3

Bases preceding removed adapters:
  A: 28.4%
  C: 13.6%
  G: 22.5%
  T: 35.5%
  none/other: 0.0%

Overview of removed sequences
length	count	expect	max.err	error counts
3	17704	21385.5	0	17704
4	4037	5346.4	0	4037
5	562	1336.6	0	562
6	150	334.1	0	150
7	26	83.5	0	26
8	1	20.9	0	1
9	37	5.2	0	1 36
10	43	1.3	1	1 42
11	11	0.3	1	0 11
12	3	0.1	1	0 3
13	1	0.0	1	0 1
