This is cutadapt 2.9 with Python 3.6.6
Command line parameters: --interleaved -a file:/nas02/apps/trimmomatic-0.36/Trimmomatic-0.36/adapters/TruSeq3-PE.fa -A file:/nas02/apps/trimmomatic-0.36/Trimmomatic-0.36/adapters/TruSeq3-PE.fa -m 30 /nas/longleaf/home/zpopkinh/Pvivax_resources/wgs_pe_improved_global/fastq/ERR5740849/ERR5740849_1.fastq.gz /nas/longleaf/home/zpopkinh/Pvivax_resources/wgs_pe_improved_global/fastq/ERR5740849/ERR5740849_2.fastq.gz
Processing reads on 1 core in paired-end mode ...
Finished in 504.44 s (161 us/read; 0.37 M reads/minute).

=== Summary ===

Total read pairs processed:          3,139,600
  Read 1 with adapter:                 114,956 (3.7%)
  Read 2 with adapter:                 111,939 (3.6%)
Pairs written (passing filters):     3,139,597 (100.0%)

Total basepairs processed:   948,159,200 bp
  Read 1:   474,079,600 bp
  Read 2:   474,079,600 bp
Total written (filtered):    947,395,004 bp (99.9%)
  Read 1:   473,692,203 bp
  Read 2:   473,702,801 bp

=== First read: Adapter PrefixPE/1 ===

Sequence: TACACTCTTTCCCTACACGACGCTCTTCCGATCT; Type: regular 3'; Length: 34; Trimmed: 52743 times

No. of allowed errors:
0-9 bp: 0; 10-19 bp: 1; 20-29 bp: 2; 30-34 bp: 3

Bases preceding removed adapters:
  A: 25.4%
  C: 23.7%
  G: 25.7%
  T: 25.1%
  none/other: 0.0%

Overview of removed sequences
length	count	expect	max.err	error counts
3	35791	49056.2	0	35791
4	12392	12264.1	0	12392
5	3252	3066.0	0	3252
6	718	766.5	0	718
7	123	191.6	0	123
8	24	47.9	0	24
9	160	12.0	0	12 148
10	184	3.0	1	5 179
11	70	0.7	1	2 68
12	20	0.2	1	1 19
13	3	0.0	1	0 3
14	1	0.0	1	0 1
15	2	0.0	1	0 2
103	1	0.0	3	0 0 1
104	1	0.0	3	0 0 1
151	1	0.0	3	0 1


=== First read: Adapter PrefixPE/2 ===

Sequence: GTGACTGGAGTTCAGACGTGTGCTCTTCCGATCT; Type: regular 3'; Length: 34; Trimmed: 62213 times

No. of allowed errors:
0-9 bp: 0; 10-19 bp: 1; 20-29 bp: 2; 30-34 bp: 3

Bases preceding removed adapters:
  A: 23.9%
  C: 18.2%
  G: 28.6%
  T: 29.3%
  none/other: 0.0%

Overview of removed sequences
length	count	expect	max.err	error counts
3	48995	49056.2	0	48995
4	10699	12264.1	0	10699
5	1832	3066.0	0	1832
6	402	766.5	0	402
7	107	191.6	0	107
8	23	47.9	0	23
9	66	12.0	0	5 61
10	64	3.0	1	1 63
11	21	0.7	1	1 20
12	1	0.2	1	0 1
13	3	0.0	1	0 3


=== Second read: Adapter PrefixPE/1 ===

Sequence: TACACTCTTTCCCTACACGACGCTCTTCCGATCT; Type: regular 3'; Length: 34; Trimmed: 51017 times

No. of allowed errors:
0-9 bp: 0; 10-19 bp: 1; 20-29 bp: 2; 30-34 bp: 3

Bases preceding removed adapters:
  A: 25.1%
  C: 24.6%
  G: 25.8%
  T: 24.5%
  none/other: 0.0%

Overview of removed sequences
length	count	expect	max.err	error counts
3	34405	49056.2	0	34405
4	12373	12264.1	0	12373
5	3135	3066.0	0	3135
6	565	766.5	0	565
7	134	191.6	0	134
8	36	47.9	0	36
9	119	12.0	0	11 108
10	170	3.0	1	7 163
11	56	0.7	1	0 56
12	13	0.2	1	0 13
13	5	0.0	1	0 5
14	3	0.0	1	0 3
106	1	0.0	3	0 0 0 1
151	2	0.0	3	0 0 0 2


=== Second read: Adapter PrefixPE/2 ===

Sequence: GTGACTGGAGTTCAGACGTGTGCTCTTCCGATCT; Type: regular 3'; Length: 34; Trimmed: 60922 times

No. of allowed errors:
0-9 bp: 0; 10-19 bp: 1; 20-29 bp: 2; 30-34 bp: 3

Bases preceding removed adapters:
  A: 23.7%
  C: 19.2%
  G: 28.6%
  T: 28.5%
  none/other: 0.0%

Overview of removed sequences
length	count	expect	max.err	error counts
3	48137	49056.2	0	48137
4	10327	12264.1	0	10327
5	1791	3066.0	0	1791
6	382	766.5	0	382
7	103	191.6	0	103
8	19	47.9	0	19
9	72	12.0	0	3 69
10	58	3.0	1	0 58
11	27	0.7	1	0 27
12	3	0.2	1	0 3
15	1	0.0	1	0 1
85	1	0.0	3	0 1
92	1	0.0	3	1
