This is cutadapt 2.9 with Python 3.6.6
Command line parameters: --interleaved -a file:/nas02/apps/trimmomatic-0.36/Trimmomatic-0.36/adapters/TruSeq3-PE.fa -A file:/nas02/apps/trimmomatic-0.36/Trimmomatic-0.36/adapters/TruSeq3-PE.fa -m 30 /nas/longleaf/home/zpopkinh/Pvivax_resources/wgs_pe_improved_global/fastq/SRS693490/SRR1562871_1.fastq.gz /nas/longleaf/home/zpopkinh/Pvivax_resources/wgs_pe_improved_global/fastq/SRS693490/SRR1562871_2.fastq.gz
Processing reads on 1 core in paired-end mode ...
Finished in 1188.52 s (70 us/read; 0.86 M reads/minute).

=== Summary ===

Total read pairs processed:         16,945,968
  Read 1 with adapter:                 622,684 (3.7%)
  Read 2 with adapter:                 639,314 (3.8%)
Pairs written (passing filters):    16,945,940 (100.0%)

Total basepairs processed: 3,423,085,536 bp
  Read 1: 1,711,542,768 bp
  Read 2: 1,711,542,768 bp
Total written (filtered):  3,418,838,234 bp (99.9%)
  Read 1: 1,709,442,228 bp
  Read 2: 1,709,396,006 bp

=== First read: Adapter PrefixPE/1 ===

Sequence: TACACTCTTTCCCTACACGACGCTCTTCCGATCT; Type: regular 3'; Length: 34; Trimmed: 293364 times

No. of allowed errors:
0-9 bp: 0; 10-19 bp: 1; 20-29 bp: 2; 30-34 bp: 3

Bases preceding removed adapters:
  A: 24.2%
  C: 23.8%
  G: 26.4%
  T: 25.6%
  none/other: 0.0%

Overview of removed sequences
length	count	expect	max.err	error counts
3	198665	264780.8	0	198665
4	69557	66195.2	0	69557
5	18436	16548.8	0	18436
6	3419	4137.2	0	3419
7	823	1034.3	0	823
8	192	258.6	0	192
9	861	64.6	0	87 774
10	955	16.2	1	22 933
11	333	4.0	1	4 329
12	81	1.0	1	0 81
13	30	0.3	1	0 30
14	2	0.1	1	0 2
15	2	0.0	1	0 2
52	1	0.0	3	0 1
101	7	0.0	3	0 0 2 5


=== First read: Adapter PrefixPE/2 ===

Sequence: GTGACTGGAGTTCAGACGTGTGCTCTTCCGATCT; Type: regular 3'; Length: 34; Trimmed: 329320 times

No. of allowed errors:
0-9 bp: 0; 10-19 bp: 1; 20-29 bp: 2; 30-34 bp: 3

Bases preceding removed adapters:
  A: 22.7%
  C: 19.6%
  G: 27.5%
  T: 30.1%
  none/other: 0.0%

Overview of removed sequences
length	count	expect	max.err	error counts
3	257751	264780.8	0	257751
4	57813	66195.2	0	57813
5	10029	16548.8	0	10029
6	2215	4137.2	0	2215
7	540	1034.3	0	540
8	107	258.6	0	107
9	369	64.6	0	21 348
10	335	16.2	1	7 328
11	128	4.0	1	2 126
12	22	1.0	1	0 22
13	9	0.3	1	0 9
14	2	0.1	1	0 2


=== Second read: Adapter PrefixPE/1 ===

Sequence: TACACTCTTTCCCTACACGACGCTCTTCCGATCT; Type: regular 3'; Length: 34; Trimmed: 290338 times

No. of allowed errors:
0-9 bp: 0; 10-19 bp: 1; 20-29 bp: 2; 30-34 bp: 3

Bases preceding removed adapters:
  A: 24.5%
  C: 23.9%
  G: 26.3%
  T: 25.3%
  none/other: 0.0%

Overview of removed sequences
length	count	expect	max.err	error counts
3	197953	264780.8	0	197953
4	67765	66195.2	0	67765
5	18085	16548.8	0	18085
6	3364	4137.2	0	3364
7	813	1034.3	0	813
8	210	258.6	0	210
9	807	64.6	0	77 730
10	895	16.2	1	26 869
11	349	4.0	1	1 348
12	68	1.0	1	2 66
13	23	0.3	1	1 22
14	4	0.1	1	0 4
15	2	0.0	1	0 2


=== Second read: Adapter PrefixPE/2 ===

Sequence: GTGACTGGAGTTCAGACGTGTGCTCTTCCGATCT; Type: regular 3'; Length: 34; Trimmed: 348976 times

No. of allowed errors:
0-9 bp: 0; 10-19 bp: 1; 20-29 bp: 2; 30-34 bp: 3

Bases preceding removed adapters:
  A: 22.3%
  C: 23.5%
  G: 26.0%
  T: 28.2%
  none/other: 0.0%

Overview of removed sequences
length	count	expect	max.err	error counts
3	277871	264780.8	0	277871
4	57355	66195.2	0	57355
5	9991	16548.8	0	9991
6	2138	4137.2	0	2138
7	580	1034.3	0	580
8	96	258.6	0	96
9	412	64.6	0	19 393
10	351	16.2	1	3 348
11	128	4.0	1	1 127
12	24	1.0	1	0 24
13	5	0.3	1	0 5
15	1	0.0	1	0 1
24	1	0.0	2	0 0 1
49	1	0.0	3	0 1
71	1	0.0	3	0 0 0 1
95	20	0.0	3	3 6 6 5
101	1	0.0	3	0 0 0 1
