This is cutadapt 2.9 with Python 3.6.6
Command line parameters: --interleaved -a file:/nas02/apps/trimmomatic-0.36/Trimmomatic-0.36/adapters/TruSeq3-PE.fa -A file:/nas02/apps/trimmomatic-0.36/Trimmomatic-0.36/adapters/TruSeq3-PE.fa -m 30 /nas/longleaf/home/zpopkinh/Pvivax_resources/wgs_pe_improved_global/fastq/SRS693490/SRR1565025_1.fastq.gz /nas/longleaf/home/zpopkinh/Pvivax_resources/wgs_pe_improved_global/fastq/SRS693490/SRR1565025_2.fastq.gz
Processing reads on 1 core in paired-end mode ...
Finished in 0.85 s (49 us/read; 1.22 M reads/minute).

=== Summary ===

Total read pairs processed:             17,223
  Read 1 with adapter:                     517 (3.0%)
  Read 2 with adapter:                     656 (3.8%)
Pairs written (passing filters):        17,221 (100.0%)

Total basepairs processed:     3,479,046 bp
  Read 1:     1,739,523 bp
  Read 2:     1,739,523 bp
Total written (filtered):      3,474,703 bp (99.9%)
  Read 1:     1,737,558 bp
  Read 2:     1,737,145 bp

=== First read: Adapter PrefixPE/1 ===

Sequence: TACACTCTTTCCCTACACGACGCTCTTCCGATCT; Type: regular 3'; Length: 34; Trimmed: 238 times

No. of allowed errors:
0-9 bp: 0; 10-19 bp: 1; 20-29 bp: 2; 30-34 bp: 3

Bases preceding removed adapters:
  A: 26.9%
  C: 20.2%
  G: 24.8%
  T: 27.7%
  none/other: 0.4%

Overview of removed sequences
length	count	expect	max.err	error counts
3	166	269.1	0	166
4	53	67.3	0	53
5	13	16.8	0	13
6	4	4.2	0	4
7	1	1.1	0	1
101	1	0.0	3	0 0 0 1


=== First read: Adapter PrefixPE/2 ===

Sequence: GTGACTGGAGTTCAGACGTGTGCTCTTCCGATCT; Type: regular 3'; Length: 34; Trimmed: 279 times

No. of allowed errors:
0-9 bp: 0; 10-19 bp: 1; 20-29 bp: 2; 30-34 bp: 3

Bases preceding removed adapters:
  A: 24.4%
  C: 17.9%
  G: 26.2%
  T: 31.5%
  none/other: 0.0%

Overview of removed sequences
length	count	expect	max.err	error counts
3	188	269.1	0	188
4	76	67.3	0	76
5	10	16.8	0	10
6	3	4.2	0	3
10	1	0.0	1	0 1
11	1	0.0	1	0 1


=== Second read: Adapter PrefixPE/1 ===

Sequence: TACACTCTTTCCCTACACGACGCTCTTCCGATCT; Type: regular 3'; Length: 34; Trimmed: 301 times

No. of allowed errors:
0-9 bp: 0; 10-19 bp: 1; 20-29 bp: 2; 30-34 bp: 3

Bases preceding removed adapters:
  A: 27.6%
  C: 22.3%
  G: 20.6%
  T: 29.6%
  none/other: 0.0%

Overview of removed sequences
length	count	expect	max.err	error counts
3	219	269.1	0	219
4	63	67.3	0	63
5	13	16.8	0	13
6	3	4.2	0	3
9	2	0.1	0	0 2
10	1	0.0	1	0 1


=== Second read: Adapter PrefixPE/2 ===

Sequence: GTGACTGGAGTTCAGACGTGTGCTCTTCCGATCT; Type: regular 3'; Length: 34; Trimmed: 355 times

No. of allowed errors:
0-9 bp: 0; 10-19 bp: 1; 20-29 bp: 2; 30-34 bp: 3

Bases preceding removed adapters:
  A: 27.9%
  C: 25.4%
  G: 18.9%
  T: 27.9%
  none/other: 0.0%

Overview of removed sequences
length	count	expect	max.err	error counts
3	278	269.1	0	278
4	62	67.3	0	62
5	11	16.8	0	11
6	2	4.2	0	2
7	1	1.1	0	1
95	1	0.0	3	0 0 0 1
