This is cutadapt 2.9 with Python 3.6.6
Command line parameters: --interleaved -a file:/nas02/apps/trimmomatic-0.36/Trimmomatic-0.36/adapters/TruSeq3-PE.fa -A file:/nas02/apps/trimmomatic-0.36/Trimmomatic-0.36/adapters/TruSeq3-PE.fa -m 30 /nas/longleaf/home/zpopkinh/Pvivax_resources/wgs_pe_improved_global/fastq/SRS693582/SRR1564656_1.fastq.gz /nas/longleaf/home/zpopkinh/Pvivax_resources/wgs_pe_improved_global/fastq/SRS693582/SRR1564656_2.fastq.gz
Processing reads on 1 core in paired-end mode ...
Finished in 2.36 s (45 us/read; 1.35 M reads/minute).

=== Summary ===

Total read pairs processed:             52,863
  Read 1 with adapter:                   1,748 (3.3%)
  Read 2 with adapter:                   1,894 (3.6%)
Pairs written (passing filters):        52,863 (100.0%)

Total basepairs processed:    10,678,326 bp
  Read 1:     5,339,163 bp
  Read 2:     5,339,163 bp
Total written (filtered):     10,666,116 bp (99.9%)
  Read 1:     5,333,251 bp
  Read 2:     5,332,865 bp

=== First read: Adapter PrefixPE/1 ===

Sequence: TACACTCTTTCCCTACACGACGCTCTTCCGATCT; Type: regular 3'; Length: 34; Trimmed: 857 times

No. of allowed errors:
0-9 bp: 0; 10-19 bp: 1; 20-29 bp: 2; 30-34 bp: 3

Bases preceding removed adapters:
  A: 27.1%
  C: 23.0%
  G: 21.4%
  T: 28.6%
  none/other: 0.0%

Overview of removed sequences
length	count	expect	max.err	error counts
3	565	826.0	0	565
4	224	206.5	0	224
5	55	51.6	0	55
6	4	12.9	0	4
9	2	0.2	0	1 1
10	5	0.1	1	0 5
11	1	0.0	1	0 1
12	1	0.0	1	0 1


=== First read: Adapter PrefixPE/2 ===

Sequence: GTGACTGGAGTTCAGACGTGTGCTCTTCCGATCT; Type: regular 3'; Length: 34; Trimmed: 891 times

No. of allowed errors:
0-9 bp: 0; 10-19 bp: 1; 20-29 bp: 2; 30-34 bp: 3

Bases preceding removed adapters:
  A: 23.8%
  C: 19.8%
  G: 25.0%
  T: 31.4%
  none/other: 0.0%

Overview of removed sequences
length	count	expect	max.err	error counts
3	689	826.0	0	689
4	167	206.5	0	167
5	25	51.6	0	25
6	7	12.9	0	7
9	1	0.2	0	0 1
10	2	0.1	1	0 2


=== Second read: Adapter PrefixPE/1 ===

Sequence: TACACTCTTTCCCTACACGACGCTCTTCCGATCT; Type: regular 3'; Length: 34; Trimmed: 786 times

No. of allowed errors:
0-9 bp: 0; 10-19 bp: 1; 20-29 bp: 2; 30-34 bp: 3

Bases preceding removed adapters:
  A: 26.3%
  C: 25.7%
  G: 23.3%
  T: 24.7%
  none/other: 0.0%

Overview of removed sequences
length	count	expect	max.err	error counts
3	547	826.0	0	547
4	174	206.5	0	174
5	53	51.6	0	53
6	8	12.9	0	8
7	1	3.2	0	1
9	3	0.2	0	0 3


=== Second read: Adapter PrefixPE/2 ===

Sequence: GTGACTGGAGTTCAGACGTGTGCTCTTCCGATCT; Type: regular 3'; Length: 34; Trimmed: 1108 times

No. of allowed errors:
0-9 bp: 0; 10-19 bp: 1; 20-29 bp: 2; 30-34 bp: 3

Bases preceding removed adapters:
  A: 24.2%
  C: 29.4%
  G: 21.3%
  T: 25.1%
  none/other: 0.0%

Overview of removed sequences
length	count	expect	max.err	error counts
3	895	826.0	0	895
4	157	206.5	0	157
5	40	51.6	0	40
6	13	12.9	0	13
7	2	3.2	0	2
9	1	0.2	0	0 1
