This is cutadapt 2.9 with Python 3.6.6
Command line parameters: --interleaved -a file:/nas02/apps/trimmomatic-0.36/Trimmomatic-0.36/adapters/TruSeq3-PE.fa -A file:/nas02/apps/trimmomatic-0.36/Trimmomatic-0.36/adapters/TruSeq3-PE.fa -m 30 /nas/longleaf/home/zpopkinh/Pvivax_resources/wgs_pe_improved_global/fastq/SRS693582/SRR1562973_1.fastq.gz /nas/longleaf/home/zpopkinh/Pvivax_resources/wgs_pe_improved_global/fastq/SRS693582/SRR1562973_2.fastq.gz
Processing reads on 1 core in paired-end mode ...
Finished in 1524.08 s (72 us/read; 0.83 M reads/minute).

=== Summary ===

Total read pairs processed:         21,088,113
  Read 1 with adapter:                 760,803 (3.6%)
  Read 2 with adapter:                 796,133 (3.8%)
Pairs written (passing filters):    21,088,109 (100.0%)

Total basepairs processed: 4,259,798,826 bp
  Read 1: 2,129,899,413 bp
  Read 2: 2,129,899,413 bp
Total written (filtered):  4,254,584,164 bp (99.9%)
  Read 1: 2,127,342,479 bp
  Read 2: 2,127,241,685 bp

=== First read: Adapter PrefixPE/1 ===

Sequence: TACACTCTTTCCCTACACGACGCTCTTCCGATCT; Type: regular 3'; Length: 34; Trimmed: 347867 times

No. of allowed errors:
0-9 bp: 0; 10-19 bp: 1; 20-29 bp: 2; 30-34 bp: 3

Bases preceding removed adapters:
  A: 24.4%
  C: 24.3%
  G: 25.7%
  T: 25.6%
  none/other: 0.0%

Overview of removed sequences
length	count	expect	max.err	error counts
3	237600	329501.8	0	237600
4	81108	82375.4	0	81108
5	22058	20593.9	0	22058
6	3744	5148.5	0	3744
7	849	1287.1	0	849
8	206	321.8	0	206
9	725	80.4	0	89 636
10	991	20.1	1	24 967
11	452	5.0	1	2 450
12	87	1.3	1	0 87
13	27	0.3	1	0 27
14	17	0.1	1	0 17
82	1	0.0	3	0 1
101	2	0.0	3	0 1 1


=== First read: Adapter PrefixPE/2 ===

Sequence: GTGACTGGAGTTCAGACGTGTGCTCTTCCGATCT; Type: regular 3'; Length: 34; Trimmed: 412936 times

No. of allowed errors:
0-9 bp: 0; 10-19 bp: 1; 20-29 bp: 2; 30-34 bp: 3

Bases preceding removed adapters:
  A: 22.4%
  C: 20.1%
  G: 27.2%
  T: 30.3%
  none/other: 0.0%

Overview of removed sequences
length	count	expect	max.err	error counts
3	322815	329501.8	0	322815
4	72601	82375.4	0	72601
5	12835	20593.9	0	12835
6	2828	5148.5	0	2828
7	764	1287.1	0	764
8	97	321.8	0	97
9	416	80.4	0	20 396
10	391	20.1	1	22 369
11	137	5.0	1	17 120
12	27	1.3	1	0 27
13	24	0.3	1	0 24
83	1	0.0	3	0 0 0 1


=== Second read: Adapter PrefixPE/1 ===

Sequence: TACACTCTTTCCCTACACGACGCTCTTCCGATCT; Type: regular 3'; Length: 34; Trimmed: 342712 times

No. of allowed errors:
0-9 bp: 0; 10-19 bp: 1; 20-29 bp: 2; 30-34 bp: 3

Bases preceding removed adapters:
  A: 24.9%
  C: 24.1%
  G: 25.5%
  T: 25.6%
  none/other: 0.0%

Overview of removed sequences
length	count	expect	max.err	error counts
3	233081	329501.8	0	233081
4	81030	82375.4	0	81030
5	21699	20593.9	0	21699
6	3638	5148.5	0	3638
7	791	1287.1	0	791
8	207	321.8	0	207
9	711	80.4	0	72 639
10	991	20.1	1	18 973
11	431	5.0	1	0 431
12	83	1.3	1	0 83
13	42	0.3	1	0 42
14	8	0.1	1	0 8


=== Second read: Adapter PrefixPE/2 ===

Sequence: GTGACTGGAGTTCAGACGTGTGCTCTTCCGATCT; Type: regular 3'; Length: 34; Trimmed: 453421 times

No. of allowed errors:
0-9 bp: 0; 10-19 bp: 1; 20-29 bp: 2; 30-34 bp: 3

Bases preceding removed adapters:
  A: 21.4%
  C: 27.2%
  G: 24.5%
  T: 26.9%
  none/other: 0.0%

Overview of removed sequences
length	count	expect	max.err	error counts
3	365240	329501.8	0	365240
4	71462	82375.4	0	71462
5	12416	20593.9	0	12416
6	2647	5148.5	0	2647
7	696	1287.1	0	696
8	90	321.8	0	90
9	339	80.4	0	18 321
10	361	20.1	1	11 350
11	114	5.0	1	9 105
12	34	1.3	1	0 34
13	21	0.3	1	0 21
23	1	0.0	2	0 0 1
