This is cutadapt 2.9 with Python 3.6.6
Command line parameters: --interleaved -a file:/nas02/apps/trimmomatic-0.36/Trimmomatic-0.36/adapters/TruSeq3-PE.fa -A file:/nas02/apps/trimmomatic-0.36/Trimmomatic-0.36/adapters/TruSeq3-PE.fa -m 30 /nas/longleaf/home/zpopkinh/Pvivax_resources/wgs_pe_improved_global/fastq/ERS792611/ERR1138862_1.fastq.gz /nas/longleaf/home/zpopkinh/Pvivax_resources/wgs_pe_improved_global/fastq/ERS792611/ERR1138862_2.fastq.gz
Processing reads on 1 core in paired-end mode ...
Finished in 612.43 s (106 us/read; 0.57 M reads/minute).

=== Summary ===

Total read pairs processed:          5,785,604
  Read 1 with adapter:                 212,303 (3.7%)
  Read 2 with adapter:                 208,683 (3.6%)
Pairs written (passing filters):     5,785,604 (100.0%)

Total basepairs processed: 1,157,120,800 bp
  Read 1:   578,560,400 bp
  Read 2:   578,560,400 bp
Total written (filtered):  1,155,698,714 bp (99.9%)
  Read 1:   577,843,547 bp
  Read 2:   577,855,167 bp

=== First read: Adapter PrefixPE/1 ===

Sequence: TACACTCTTTCCCTACACGACGCTCTTCCGATCT; Type: regular 3'; Length: 34; Trimmed: 111807 times

No. of allowed errors:
0-9 bp: 0; 10-19 bp: 1; 20-29 bp: 2; 30-34 bp: 3

Bases preceding removed adapters:
  A: 28.4%
  C: 19.0%
  G: 24.0%
  T: 28.5%
  none/other: 0.0%

Overview of removed sequences
length	count	expect	max.err	error counts
3	74491	90400.1	0	74491
4	28651	22600.0	0	28651
5	6081	5650.0	0	6081
6	1337	1412.5	0	1337
7	275	353.1	0	275
8	64	88.3	0	64
9	299	22.1	0	24 275
10	448	5.5	1	13 435
11	116	1.4	1	2 114
12	35	0.3	1	0 35
13	7	0.1	1	0 7
14	2	0.0	1	0 2
15	1	0.0	1	0 1


=== First read: Adapter PrefixPE/2 ===

Sequence: GTGACTGGAGTTCAGACGTGTGCTCTTCCGATCT; Type: regular 3'; Length: 34; Trimmed: 100496 times

No. of allowed errors:
0-9 bp: 0; 10-19 bp: 1; 20-29 bp: 2; 30-34 bp: 3

Bases preceding removed adapters:
  A: 24.2%
  C: 17.8%
  G: 25.3%
  T: 32.7%
  none/other: 0.0%

Overview of removed sequences
length	count	expect	max.err	error counts
3	79036	90400.1	0	79036
4	17680	22600.0	0	17680
5	2715	5650.0	0	2715
6	651	1412.5	0	651
7	139	353.1	0	139
8	25	88.3	0	25
9	119	22.1	0	7 112
10	95	5.5	1	2 93
11	28	1.4	1	0 28
12	4	0.3	1	0 4
13	4	0.1	1	0 4


=== Second read: Adapter PrefixPE/1 ===

Sequence: TACACTCTTTCCCTACACGACGCTCTTCCGATCT; Type: regular 3'; Length: 34; Trimmed: 109939 times

No. of allowed errors:
0-9 bp: 0; 10-19 bp: 1; 20-29 bp: 2; 30-34 bp: 3

Bases preceding removed adapters:
  A: 28.4%
  C: 19.1%
  G: 23.8%
  T: 28.7%
  none/other: 0.0%

Overview of removed sequences
length	count	expect	max.err	error counts
3	73284	90400.1	0	73284
4	28093	22600.0	0	28093
5	5947	5650.0	0	5947
6	1329	1412.5	0	1329
7	270	353.1	0	270
8	65	88.3	0	65
9	300	22.1	0	21 279
10	490	5.5	1	11 479
11	118	1.4	1	0 118
12	28	0.3	1	0 28
13	13	0.1	1	0 13
14	2	0.0	1	0 2


=== Second read: Adapter PrefixPE/2 ===

Sequence: GTGACTGGAGTTCAGACGTGTGCTCTTCCGATCT; Type: regular 3'; Length: 34; Trimmed: 98744 times

No. of allowed errors:
0-9 bp: 0; 10-19 bp: 1; 20-29 bp: 2; 30-34 bp: 3

Bases preceding removed adapters:
  A: 24.0%
  C: 17.9%
  G: 25.4%
  T: 32.7%
  none/other: 0.0%

Overview of removed sequences
length	count	expect	max.err	error counts
3	77393	90400.1	0	77393
4	17582	22600.0	0	17582
5	2735	5650.0	0	2735
6	636	1412.5	0	636
7	139	353.1	0	139
8	21	88.3	0	21
9	111	22.1	0	5 106
10	90	5.5	1	1 89
11	26	1.4	1	0 26
12	8	0.3	1	0 8
13	3	0.1	1	0 3
