This is cutadapt 2.9 with Python 3.6.6
Command line parameters: --interleaved -a file:/nas02/apps/trimmomatic-0.36/Trimmomatic-0.36/adapters/TruSeq3-PE.fa -A file:/nas02/apps/trimmomatic-0.36/Trimmomatic-0.36/adapters/TruSeq3-PE.fa -m 30 /nas/longleaf/home/zpopkinh/Pvivax_resources/wgs_pe_improved_global/fastq/SRS696219/SRR1567993_1.fastq.gz /nas/longleaf/home/zpopkinh/Pvivax_resources/wgs_pe_improved_global/fastq/SRS696219/SRR1567993_2.fastq.gz
Processing reads on 1 core in paired-end mode ...
Finished in 0.81 s (48 us/read; 1.26 M reads/minute).

=== Summary ===

Total read pairs processed:             17,055
  Read 1 with adapter:                     490 (2.9%)
  Read 2 with adapter:                     581 (3.4%)
Pairs written (passing filters):        17,055 (100.0%)

Total basepairs processed:     3,445,110 bp
  Read 1:     1,722,555 bp
  Read 2:     1,722,555 bp
Total written (filtered):      3,441,461 bp (99.9%)
  Read 1:     1,720,902 bp
  Read 2:     1,720,559 bp

=== First read: Adapter PrefixPE/1 ===

Sequence: TACACTCTTTCCCTACACGACGCTCTTCCGATCT; Type: regular 3'; Length: 34; Trimmed: 276 times

No. of allowed errors:
0-9 bp: 0; 10-19 bp: 1; 20-29 bp: 2; 30-34 bp: 3

Bases preceding removed adapters:
  A: 37.7%
  C: 26.4%
  G: 12.7%
  T: 23.2%
  none/other: 0.0%

Overview of removed sequences
length	count	expect	max.err	error counts
3	193	266.5	0	193
4	65	66.6	0	65
5	13	16.7	0	13
6	4	4.2	0	4
10	1	0.0	1	0 1


=== First read: Adapter PrefixPE/2 ===

Sequence: GTGACTGGAGTTCAGACGTGTGCTCTTCCGATCT; Type: regular 3'; Length: 34; Trimmed: 214 times

No. of allowed errors:
0-9 bp: 0; 10-19 bp: 1; 20-29 bp: 2; 30-34 bp: 3

Bases preceding removed adapters:
  A: 32.7%
  C: 12.1%
  G: 22.4%
  T: 32.7%
  none/other: 0.0%

Overview of removed sequences
length	count	expect	max.err	error counts
3	159	266.5	0	159
4	43	66.6	0	43
5	8	16.7	0	8
6	2	4.2	0	2
7	2	1.0	0	2


=== Second read: Adapter PrefixPE/1 ===

Sequence: TACACTCTTTCCCTACACGACGCTCTTCCGATCT; Type: regular 3'; Length: 34; Trimmed: 286 times

No. of allowed errors:
0-9 bp: 0; 10-19 bp: 1; 20-29 bp: 2; 30-34 bp: 3

Bases preceding removed adapters:
  A: 37.1%
  C: 23.1%
  G: 17.8%
  T: 22.0%
  none/other: 0.0%

Overview of removed sequences
length	count	expect	max.err	error counts
3	179	266.5	0	179
4	80	66.6	0	80
5	17	16.7	0	17
6	4	4.2	0	4
9	1	0.1	0	0 1
10	5	0.0	1	0 5


=== Second read: Adapter PrefixPE/2 ===

Sequence: GTGACTGGAGTTCAGACGTGTGCTCTTCCGATCT; Type: regular 3'; Length: 34; Trimmed: 295 times

No. of allowed errors:
0-9 bp: 0; 10-19 bp: 1; 20-29 bp: 2; 30-34 bp: 3

Bases preceding removed adapters:
  A: 25.4%
  C: 28.8%
  G: 18.3%
  T: 27.5%
  none/other: 0.0%

Overview of removed sequences
length	count	expect	max.err	error counts
3	229	266.5	0	229
4	52	66.6	0	52
5	12	16.7	0	12
6	1	4.2	0	1
10	1	0.0	1	1
