This is cutadapt 2.9 with Python 3.6.6
Command line parameters: --interleaved -a file:/nas02/apps/trimmomatic-0.36/Trimmomatic-0.36/adapters/TruSeq3-PE.fa -A file:/nas02/apps/trimmomatic-0.36/Trimmomatic-0.36/adapters/TruSeq3-PE.fa -m 30 /nas/longleaf/home/zpopkinh/Pvivax_resources/wgs_pe_improved_global/fastq/ERS164692/ERR490276_1.fastq.gz /nas/longleaf/home/zpopkinh/Pvivax_resources/wgs_pe_improved_global/fastq/ERS164692/ERR490276_2.fastq.gz
Processing reads on 1 core in paired-end mode ...
Finished in 48.22 s (61 us/read; 0.98 M reads/minute).

=== Summary ===

Total read pairs processed:            790,523
  Read 1 with adapter:                  29,380 (3.7%)
  Read 2 with adapter:                  29,189 (3.7%)
Pairs written (passing filters):       790,523 (100.0%)

Total basepairs processed:   158,104,600 bp
  Read 1:    79,052,300 bp
  Read 2:    79,052,300 bp
Total written (filtered):    157,903,830 bp (99.9%)
  Read 1:    78,951,605 bp
  Read 2:    78,952,225 bp

=== First read: Adapter PrefixPE/1 ===

Sequence: TACACTCTTTCCCTACACGACGCTCTTCCGATCT; Type: regular 3'; Length: 34; Trimmed: 16174 times

No. of allowed errors:
0-9 bp: 0; 10-19 bp: 1; 20-29 bp: 2; 30-34 bp: 3

Bases preceding removed adapters:
  A: 28.6%
  C: 16.7%
  G: 28.9%
  T: 25.8%
  none/other: 0.0%

Overview of removed sequences
length	count	expect	max.err	error counts
3	10334	12351.9	0	10334
4	4462	3088.0	0	4462
5	774	772.0	0	774
6	258	193.0	0	258
7	71	48.2	0	71
8	9	12.1	0	9
9	29	3.0	0	3 26
10	194	0.8	1	6 188
11	37	0.2	1	0 37
12	5	0.0	1	0 5
13	1	0.0	1	0 1


=== First read: Adapter PrefixPE/2 ===

Sequence: GTGACTGGAGTTCAGACGTGTGCTCTTCCGATCT; Type: regular 3'; Length: 34; Trimmed: 13206 times

No. of allowed errors:
0-9 bp: 0; 10-19 bp: 1; 20-29 bp: 2; 30-34 bp: 3

Bases preceding removed adapters:
  A: 30.2%
  C: 12.6%
  G: 21.7%
  T: 35.6%
  none/other: 0.0%

Overview of removed sequences
length	count	expect	max.err	error counts
3	10430	12351.9	0	10430
4	2325	3088.0	0	2325
5	304	772.0	0	304
6	92	193.0	0	92
7	7	48.2	0	7
9	23	3.0	0	1 22
10	18	0.8	1	0 18
11	5	0.2	1	0 5
12	2	0.0	1	0 2


=== Second read: Adapter PrefixPE/1 ===

Sequence: TACACTCTTTCCCTACACGACGCTCTTCCGATCT; Type: regular 3'; Length: 34; Trimmed: 15942 times

No. of allowed errors:
0-9 bp: 0; 10-19 bp: 1; 20-29 bp: 2; 30-34 bp: 3

Bases preceding removed adapters:
  A: 28.8%
  C: 16.8%
  G: 29.6%
  T: 24.8%
  none/other: 0.0%

Overview of removed sequences
length	count	expect	max.err	error counts
3	10222	12351.9	0	10222
4	4319	3088.0	0	4319
5	837	772.0	0	837
6	209	193.0	0	209
7	66	48.2	0	66
8	12	12.1	0	12
9	36	3.0	0	4 32
10	198	0.8	1	4 194
11	34	0.2	1	0 34
12	5	0.0	1	0 5
13	4	0.0	1	0 4


=== Second read: Adapter PrefixPE/2 ===

Sequence: GTGACTGGAGTTCAGACGTGTGCTCTTCCGATCT; Type: regular 3'; Length: 34; Trimmed: 13247 times

No. of allowed errors:
0-9 bp: 0; 10-19 bp: 1; 20-29 bp: 2; 30-34 bp: 3

Bases preceding removed adapters:
  A: 29.7%
  C: 12.6%
  G: 21.9%
  T: 35.7%
  none/other: 0.0%

Overview of removed sequences
length	count	expect	max.err	error counts
3	10408	12351.9	0	10408
4	2395	3088.0	0	2395
5	306	772.0	0	306
6	75	193.0	0	75
7	14	48.2	0	14
8	2	12.1	0	2
9	28	3.0	0	1 27
10	14	0.8	1	0 14
11	4	0.2	1	0 4
12	1	0.0	1	0 1
