This is cutadapt 2.9 with Python 3.6.6
Command line parameters: --interleaved -a file:/nas02/apps/trimmomatic-0.36/Trimmomatic-0.36/adapters/TruSeq3-PE.fa -A file:/nas02/apps/trimmomatic-0.36/Trimmomatic-0.36/adapters/TruSeq3-PE.fa -m 30 /nas/longleaf/home/zpopkinh/Pvivax_resources/wgs_pe_improved_global/fastq/SRS363192/SRR570031_1.fastq.gz /nas/longleaf/home/zpopkinh/Pvivax_resources/wgs_pe_improved_global/fastq/SRS363192/SRR570031_2.fastq.gz
Processing reads on 1 core in paired-end mode ...
Finished in 12815.76 s (150 us/read; 0.40 M reads/minute).

=== Summary ===

Total read pairs processed:         85,533,242
  Read 1 with adapter:               2,912,793 (3.4%)
  Read 2 with adapter:               3,187,636 (3.7%)
Pairs written (passing filters):    85,532,676 (100.0%)

Total basepairs processed: 17,106,648,400 bp
  Read 1: 8,553,324,200 bp
  Read 2: 8,553,324,200 bp
Total written (filtered):  17,085,909,462 bp (99.9%)
  Read 1: 8,543,358,074 bp
  Read 2: 8,542,551,388 bp

=== First read: Adapter PrefixPE/1 ===

Sequence: TACACTCTTTCCCTACACGACGCTCTTCCGATCT; Type: regular 3'; Length: 34; Trimmed: 1600220 times

No. of allowed errors:
0-9 bp: 0; 10-19 bp: 1; 20-29 bp: 2; 30-34 bp: 3

Bases preceding removed adapters:
  A: 31.0%
  C: 18.2%
  G: 22.6%
  T: 28.2%
  none/other: 0.0%

Overview of removed sequences
length	count	expect	max.err	error counts
3	1064022	1336456.9	0	1064022
4	412365	334114.2	0	412365
5	86892	83528.6	0	86892
6	18885	20882.1	0	18885
7	3852	5220.5	0	3852
8	1027	1305.1	0	1027
9	4315	326.3	0	397 3918
10	5275	81.6	1	196 5079
11	1800	20.4	1	16 1784
12	352	5.1	1	5 347
13	90	1.3	1	0 90
14	31	0.3	1	0 31
15	8	0.1	1	0 8
17	1	0.0	1	0 1
36	1	0.0	3	0 0 0 1
37	13	0.0	3	0 1 9 3
38	3	0.0	3	0 0 2 1
39	4	0.0	3	0 0 1 3
42	1	0.0	3	0 0 1
56	1	0.0	3	0 0 1
59	2	0.0	3	0 0 2
60	1	0.0	3	0 0 0 1
61	1	0.0	3	0 0 1
62	1	0.0	3	0 0 0 1
65	2	0.0	3	0 0 0 2
69	714	0.0	3	0 24 323 367
70	3	0.0	3	0 0 0 3
71	138	0.0	3	0 0 19 119
73	1	0.0	3	0 0 1
90	1	0.0	3	0 0 0 1
100	418	0.0	3	0 0 165 253


=== First read: Adapter PrefixPE/2 ===

Sequence: GTGACTGGAGTTCAGACGTGTGCTCTTCCGATCT; Type: regular 3'; Length: 34; Trimmed: 1312573 times

No. of allowed errors:
0-9 bp: 0; 10-19 bp: 1; 20-29 bp: 2; 30-34 bp: 3

Bases preceding removed adapters:
  A: 26.5%
  C: 16.9%
  G: 23.9%
  T: 32.7%
  none/other: 0.0%

Overview of removed sequences
length	count	expect	max.err	error counts
3	1015092	1336456.9	0	1015092
4	245913	334114.2	0	245913
5	36813	83528.6	0	36813
6	8989	20882.1	0	8989
7	2092	5220.5	0	2092
8	309	1305.1	0	309
9	1497	326.3	0	65 1432
10	1298	81.6	1	31 1267
11	453	20.4	1	6 447
12	92	5.1	1	0 92
13	25	1.3	1	0 25


=== Second read: Adapter PrefixPE/1 ===

Sequence: TACACTCTTTCCCTACACGACGCTCTTCCGATCT; Type: regular 3'; Length: 34; Trimmed: 1604421 times

No. of allowed errors:
0-9 bp: 0; 10-19 bp: 1; 20-29 bp: 2; 30-34 bp: 3

Bases preceding removed adapters:
  A: 30.8%
  C: 18.1%
  G: 22.9%
  T: 28.3%
  none/other: 0.0%

Overview of removed sequences
length	count	expect	max.err	error counts
3	1061843	1336456.9	0	1061843
4	422556	334114.2	0	422556
5	84988	83528.6	0	84988
6	18210	20882.1	0	18210
7	3928	5220.5	0	3928
8	1064	1305.1	0	1064
9	4355	326.3	0	363 3992
10	5232	81.6	1	207 5025
11	1809	20.4	1	21 1788
12	308	5.1	1	2 306
13	90	1.3	1	0 90
14	25	0.3	1	0 25
15	5	0.1	1	0 5
100	8	0.0	3	0 2 2 4


=== Second read: Adapter PrefixPE/2 ===

Sequence: GTGACTGGAGTTCAGACGTGTGCTCTTCCGATCT; Type: regular 3'; Length: 34; Trimmed: 1583215 times

No. of allowed errors:
0-9 bp: 0; 10-19 bp: 1; 20-29 bp: 2; 30-34 bp: 3

Bases preceding removed adapters:
  A: 28.6%
  C: 18.2%
  G: 25.6%
  T: 27.6%
  none/other: 0.0%

Overview of removed sequences
length	count	expect	max.err	error counts
3	1264891	1336456.9	0	1264891
4	264065	334114.2	0	264065
5	39069	83528.6	0	39069
6	9228	20882.1	0	9228
7	2073	5220.5	0	2073
8	360	1305.1	0	360
9	1506	326.3	0	93 1413
10	1437	81.6	1	36 1401
11	459	20.4	1	4 455
12	105	5.1	1	0 105
13	20	1.3	1	0 20
14	2	0.3	1	0 2
