This is cutadapt 2.9 with Python 3.6.6
Command line parameters: --interleaved -a file:/nas02/apps/trimmomatic-0.36/Trimmomatic-0.36/adapters/TruSeq3-PE.fa -A file:/nas02/apps/trimmomatic-0.36/Trimmomatic-0.36/adapters/TruSeq3-PE.fa -m 30 /nas/longleaf/home/zpopkinh/Pvivax_resources/wgs_pe_improved_global/fastq/ERS2593866/ERR2679007_1.fastq.gz /nas/longleaf/home/zpopkinh/Pvivax_resources/wgs_pe_improved_global/fastq/ERS2593866/ERR2679007_2.fastq.gz
Processing reads on 1 core in paired-end mode ...
Finished in 11136.29 s (103 us/read; 0.58 M reads/minute).

=== Summary ===

Total read pairs processed:        107,706,217
  Read 1 with adapter:               3,935,968 (3.7%)
  Read 2 with adapter:               3,857,843 (3.6%)
Pairs written (passing filters):   107,706,216 (100.0%)

Total basepairs processed: 32,527,277,534 bp
  Read 1: 16,263,638,767 bp
  Read 2: 16,263,638,767 bp
Total written (filtered):  32,500,976,153 bp (99.9%)
  Read 1: 16,250,352,287 bp
  Read 2: 16,250,623,866 bp

=== First read: Adapter PrefixPE/1 ===

Sequence: TACACTCTTTCCCTACACGACGCTCTTCCGATCT; Type: regular 3'; Length: 34; Trimmed: 2064166 times

No. of allowed errors:
0-9 bp: 0; 10-19 bp: 1; 20-29 bp: 2; 30-34 bp: 3

Bases preceding removed adapters:
  A: 29.1%
  C: 18.7%
  G: 22.9%
  T: 29.3%
  none/other: 0.0%

Overview of removed sequences
length	count	expect	max.err	error counts
3	1370739	1682909.6	0	1370739
4	536455	420727.4	0	536455
5	111980	105181.9	0	111980
6	23611	26295.5	0	23611
7	4406	6573.9	0	4406
8	1131	1643.5	0	1131
9	6473	410.9	0	395 6078
10	6582	102.7	1	139 6443
11	2160	25.7	1	13 2147
12	454	6.4	1	5 449
13	129	1.6	1	4 125
14	21	0.4	1	0 21
15	5	0.1	1	0 5
17	2	0.0	1	1 1
19	1	0.0	1	0 0 1
30	1	0.0	3	0 0 0 1
31	1	0.0	3	0 0 0 1
41	1	0.0	3	0 1
56	1	0.0	3	0 0 0 1
57	1	0.0	3	0 0 0 1
59	2	0.0	3	0 1 0 1
75	1	0.0	3	1
82	1	0.0	3	0 0 0 1
85	1	0.0	3	1
89	2	0.0	3	1 0 1
90	1	0.0	3	0 0 1
91	3	0.0	3	1 1 1
98	1	0.0	3	0 0 0 1


=== First read: Adapter PrefixPE/2 ===

Sequence: GTGACTGGAGTTCAGACGTGTGCTCTTCCGATCT; Type: regular 3'; Length: 34; Trimmed: 1871802 times

No. of allowed errors:
0-9 bp: 0; 10-19 bp: 1; 20-29 bp: 2; 30-34 bp: 3

Bases preceding removed adapters:
  A: 23.5%
  C: 18.8%
  G: 26.8%
  T: 31.0%
  none/other: 0.0%

Overview of removed sequences
length	count	expect	max.err	error counts
3	1468090	1682909.6	0	1468090
4	331670	420727.4	0	331670
5	52733	105181.9	0	52733
6	11735	26295.5	0	11735
7	2844	6573.9	0	2844
8	491	1643.5	0	491
9	1900	410.9	0	93 1807
10	1635	102.7	1	25 1610
11	544	25.7	1	4 540
12	137	6.4	1	0 137
13	23	1.6	1	0 23


=== Second read: Adapter PrefixPE/1 ===

Sequence: TACACTCTTTCCCTACACGACGCTCTTCCGATCT; Type: regular 3'; Length: 34; Trimmed: 2003227 times

No. of allowed errors:
0-9 bp: 0; 10-19 bp: 1; 20-29 bp: 2; 30-34 bp: 3

Bases preceding removed adapters:
  A: 29.0%
  C: 19.3%
  G: 22.7%
  T: 29.0%
  none/other: 0.0%

Overview of removed sequences
length	count	expect	max.err	error counts
3	1324130	1682909.6	0	1324130
4	523875	420727.4	0	523875
5	110112	105181.9	0	110112
6	23098	26295.5	0	23098
7	4601	6573.9	0	4601
8	1175	1643.5	0	1175
9	6479	410.9	0	396 6083
10	6783	102.7	1	150 6633
11	2218	25.7	1	22 2196
12	563	6.4	1	10 553
13	149	1.6	1	3 146
14	39	0.4	1	1 38
15	3	0.1	1	0 3
35	1	0.0	3	0 0 1
127	1	0.0	3	0 1


=== Second read: Adapter PrefixPE/2 ===

Sequence: GTGACTGGAGTTCAGACGTGTGCTCTTCCGATCT; Type: regular 3'; Length: 34; Trimmed: 1854616 times

No. of allowed errors:
0-9 bp: 0; 10-19 bp: 1; 20-29 bp: 2; 30-34 bp: 3

Bases preceding removed adapters:
  A: 23.1%
  C: 19.2%
  G: 27.2%
  T: 30.5%
  none/other: 0.0%

Overview of removed sequences
length	count	expect	max.err	error counts
3	1470324	1682909.6	0	1470324
4	314259	420727.4	0	314259
5	51493	105181.9	0	51493
6	10982	26295.5	0	10982
7	2840	6573.9	0	2840
8	544	1643.5	0	544
9	1927	410.9	0	107 1820
10	1600	102.7	1	32 1568
11	503	25.7	1	0 503
12	106	6.4	1	1 105
13	33	1.6	1	0 33
14	3	0.4	1	0 3
15	1	0.1	1	0 1
16	1	0.0	1	0 1
