This is cutadapt 2.9 with Python 3.6.6
Command line parameters: --interleaved -a file:/nas02/apps/trimmomatic-0.36/Trimmomatic-0.36/adapters/TruSeq3-PE.fa -A file:/nas02/apps/trimmomatic-0.36/Trimmomatic-0.36/adapters/TruSeq3-PE.fa -m 30 /nas/longleaf/home/zpopkinh/Pvivax_resources/wgs_pe_improved_global/fastq/SRS2910011/SRR6668544_1.fastq.gz /nas/longleaf/home/zpopkinh/Pvivax_resources/wgs_pe_improved_global/fastq/SRS2910011/SRR6668544_2.fastq.gz
Processing reads on 1 core in paired-end mode ...
Finished in 252.26 s (73 us/read; 0.82 M reads/minute).

=== Summary ===

Total read pairs processed:          3,466,682
  Read 1 with adapter:                 132,052 (3.8%)
  Read 2 with adapter:                 156,519 (4.5%)
Pairs written (passing filters):     3,466,682 (100.0%)

Total basepairs processed:   693,336,400 bp
  Read 1:   346,668,200 bp
  Read 2:   346,668,200 bp
Total written (filtered):    692,326,710 bp (99.9%)
  Read 1:   346,199,693 bp
  Read 2:   346,127,017 bp

=== First read: Adapter PrefixPE/1 ===

Sequence: TACACTCTTTCCCTACACGACGCTCTTCCGATCT; Type: regular 3'; Length: 34; Trimmed: 80895 times

No. of allowed errors:
0-9 bp: 0; 10-19 bp: 1; 20-29 bp: 2; 30-34 bp: 3

Bases preceding removed adapters:
  A: 60.7%
  C: 12.6%
  G: 14.2%
  T: 12.5%
  none/other: 0.0%

Overview of removed sequences
length	count	expect	max.err	error counts
3	42011	54166.9	0	42011
4	22185	13541.7	0	22185
5	15818	3385.4	0	15818
6	476	846.4	0	476
7	108	211.6	0	108
8	25	52.9	0	25
9	108	13.2	0	8 100
10	96	3.3	1	2 94
11	54	0.8	1	0 54
12	10	0.2	1	0 10
13	3	0.1	1	0 3
14	1	0.0	1	0 1


=== First read: Adapter PrefixPE/2 ===

Sequence: GTGACTGGAGTTCAGACGTGTGCTCTTCCGATCT; Type: regular 3'; Length: 34; Trimmed: 51157 times

No. of allowed errors:
0-9 bp: 0; 10-19 bp: 1; 20-29 bp: 2; 30-34 bp: 3

Bases preceding removed adapters:
  A: 22.3%
  C: 20.1%
  G: 29.1%
  T: 28.6%
  none/other: 0.0%

Overview of removed sequences
length	count	expect	max.err	error counts
3	39941	54166.9	0	39941
4	8985	13541.7	0	8985
5	1581	3385.4	0	1581
6	403	846.4	0	403
7	130	211.6	0	130
8	11	52.9	0	11
9	40	13.2	0	0 40
10	42	3.3	1	4 38
11	19	0.8	1	0 19
12	5	0.2	1	0 5


=== Second read: Adapter PrefixPE/1 ===

Sequence: TACACTCTTTCCCTACACGACGCTCTTCCGATCT; Type: regular 3'; Length: 34; Trimmed: 80448 times

No. of allowed errors:
0-9 bp: 0; 10-19 bp: 1; 20-29 bp: 2; 30-34 bp: 3

Bases preceding removed adapters:
  A: 60.7%
  C: 12.7%
  G: 14.1%
  T: 12.4%
  none/other: 0.0%

Overview of removed sequences
length	count	expect	max.err	error counts
3	41764	54166.9	0	41764
4	22256	13541.7	0	22256
5	15606	3385.4	0	15606
6	475	846.4	0	475
7	112	211.6	0	112
8	28	52.9	0	28
9	86	13.2	0	8 78
10	76	3.3	1	2 74
11	39	0.8	1	0 39
12	3	0.2	1	0 3
13	2	0.1	1	0 2
14	1	0.0	1	0 1


=== Second read: Adapter PrefixPE/2 ===

Sequence: GTGACTGGAGTTCAGACGTGTGCTCTTCCGATCT; Type: regular 3'; Length: 34; Trimmed: 76071 times

No. of allowed errors:
0-9 bp: 0; 10-19 bp: 1; 20-29 bp: 2; 30-34 bp: 3

Bases preceding removed adapters:
  A: 15.1%
  C: 13.6%
  G: 52.3%
  T: 19.0%
  none/other: 0.0%

Overview of removed sequences
length	count	expect	max.err	error counts
3	64840	54166.9	0	64840
4	8912	13541.7	0	8912
5	1654	3385.4	0	1654
6	442	846.4	0	442
7	111	211.6	0	111
8	15	52.9	0	15
9	43	13.2	0	2 41
10	37	3.3	1	4 33
11	12	0.8	1	0 12
12	1	0.2	1	0 1
13	4	0.1	1	0 4
