This is cutadapt 2.9 with Python 3.6.6
Command line parameters: --interleaved -a file:/nas02/apps/trimmomatic-0.36/Trimmomatic-0.36/adapters/TruSeq3-PE.fa -A file:/nas02/apps/trimmomatic-0.36/Trimmomatic-0.36/adapters/TruSeq3-PE.fa -m 30 /nas/longleaf/home/zpopkinh/Pvivax_resources/wgs_pe_improved_global/fastq/SRS694268/SRR1568176_1.fastq.gz /nas/longleaf/home/zpopkinh/Pvivax_resources/wgs_pe_improved_global/fastq/SRS694268/SRR1568176_2.fastq.gz
Processing reads on 1 core in paired-end mode ...
Finished in 500.82 s (72 us/read; 0.83 M reads/minute).

=== Summary ===

Total read pairs processed:          6,915,622
  Read 1 with adapter:                 252,469 (3.7%)
  Read 2 with adapter:                 253,839 (3.7%)
Pairs written (passing filters):     6,915,621 (100.0%)

Total basepairs processed: 1,396,955,644 bp
  Read 1:   698,477,822 bp
  Read 2:   698,477,822 bp
Total written (filtered):  1,395,250,092 bp (99.9%)
  Read 1:   697,626,407 bp
  Read 2:   697,623,685 bp

=== First read: Adapter PrefixPE/1 ===

Sequence: TACACTCTTTCCCTACACGACGCTCTTCCGATCT; Type: regular 3'; Length: 34; Trimmed: 115076 times

No. of allowed errors:
0-9 bp: 0; 10-19 bp: 1; 20-29 bp: 2; 30-34 bp: 3

Bases preceding removed adapters:
  A: 24.2%
  C: 24.8%
  G: 25.8%
  T: 25.2%
  none/other: 0.0%

Overview of removed sequences
length	count	expect	max.err	error counts
3	79038	108056.6	0	79038
4	25430	27014.1	0	25430
5	7766	6753.5	0	7766
6	1877	1688.4	0	1877
7	266	422.1	0	266
8	48	105.5	0	48
9	196	26.4	0	17 179
10	353	6.6	1	2 351
11	73	1.6	1	0 73
12	21	0.4	1	0 21
13	2	0.1	1	0 2
14	1	0.0	1	1
44	1	0.0	3	0 1
45	1	0.0	3	0 0 1
50	1	0.0	3	0 0 1
52	1	0.0	3	0 0 0 1
101	1	0.0	3	0 0 0 1


=== First read: Adapter PrefixPE/2 ===

Sequence: GTGACTGGAGTTCAGACGTGTGCTCTTCCGATCT; Type: regular 3'; Length: 34; Trimmed: 137393 times

No. of allowed errors:
0-9 bp: 0; 10-19 bp: 1; 20-29 bp: 2; 30-34 bp: 3

Bases preceding removed adapters:
  A: 25.1%
  C: 18.4%
  G: 28.9%
  T: 27.6%
  none/other: 0.0%

Overview of removed sequences
length	count	expect	max.err	error counts
3	104241	108056.6	0	104241
4	27913	27014.1	0	27913
5	3869	6753.5	0	3869
6	707	1688.4	0	707
7	242	422.1	0	242
8	11	105.5	0	11
9	320	26.4	0	1 319
10	55	6.6	1	0 55
11	33	1.6	1	1 32
12	1	0.4	1	0 1
13	1	0.1	1	0 1


=== Second read: Adapter PrefixPE/1 ===

Sequence: TACACTCTTTCCCTACACGACGCTCTTCCGATCT; Type: regular 3'; Length: 34; Trimmed: 111848 times

No. of allowed errors:
0-9 bp: 0; 10-19 bp: 1; 20-29 bp: 2; 30-34 bp: 3

Bases preceding removed adapters:
  A: 23.4%
  C: 24.1%
  G: 26.1%
  T: 26.4%
  none/other: 0.0%

Overview of removed sequences
length	count	expect	max.err	error counts
3	77031	108056.6	0	77031
4	24803	27014.1	0	24803
5	7422	6753.5	0	7422
6	1642	1688.4	0	1642
7	198	422.1	0	198
8	33	105.5	0	33
9	245	26.4	0	14 231
10	359	6.6	1	8 351
11	91	1.6	1	0 91
12	16	0.4	1	0 16
13	8	0.1	1	1 7


=== Second read: Adapter PrefixPE/2 ===

Sequence: GTGACTGGAGTTCAGACGTGTGCTCTTCCGATCT; Type: regular 3'; Length: 34; Trimmed: 141991 times

No. of allowed errors:
0-9 bp: 0; 10-19 bp: 1; 20-29 bp: 2; 30-34 bp: 3

Bases preceding removed adapters:
  A: 24.9%
  C: 20.2%
  G: 28.5%
  T: 26.5%
  none/other: 0.0%

Overview of removed sequences
length	count	expect	max.err	error counts
3	108772	108056.6	0	108772
4	27777	27014.1	0	27777
5	4047	6753.5	0	4047
6	642	1688.4	0	642
7	255	422.1	0	255
8	6	105.5	0	6
9	359	26.4	0	0 359
10	79	6.6	1	4 75
11	43	1.6	1	0 43
12	2	0.4	1	0 2
15	6	0.0	1	6
25	3	0.0	2	3
