This is cutadapt 2.9 with Python 3.6.6
Command line parameters: --interleaved -a file:/nas02/apps/trimmomatic-0.36/Trimmomatic-0.36/adapters/TruSeq3-PE.fa -A file:/nas02/apps/trimmomatic-0.36/Trimmomatic-0.36/adapters/TruSeq3-PE.fa -m 30 /nas/longleaf/home/zpopkinh/Pvivax_resources/wgs_pe_improved_global/fastq/SRS694268/SRR1568808_1.fastq.gz /nas/longleaf/home/zpopkinh/Pvivax_resources/wgs_pe_improved_global/fastq/SRS694268/SRR1568808_2.fastq.gz
Processing reads on 1 core in paired-end mode ...
Finished in 0.02 s (149 us/read; 0.40 M reads/minute).

=== Summary ===

Total read pairs processed:                131
  Read 1 with adapter:                       5 (3.8%)
  Read 2 with adapter:                       3 (2.3%)
Pairs written (passing filters):           131 (100.0%)

Total basepairs processed:        26,462 bp
  Read 1:        13,231 bp
  Read 2:        13,231 bp
Total written (filtered):         26,437 bp (99.9%)
  Read 1:        13,216 bp
  Read 2:        13,221 bp

=== First read: Adapter PrefixPE/1 ===

Sequence: TACACTCTTTCCCTACACGACGCTCTTCCGATCT; Type: regular 3'; Length: 34; Trimmed: 5 times

No. of allowed errors:
0-9 bp: 0; 10-19 bp: 1; 20-29 bp: 2; 30-34 bp: 3

Bases preceding removed adapters:
  A: 60.0%
  C: 0.0%
  G: 20.0%
  T: 20.0%
  none/other: 0.0%

Overview of removed sequences
length	count	expect	max.err	error counts
3	5	2.0	0	5


=== First read: Adapter PrefixPE/2 ===

Sequence: GTGACTGGAGTTCAGACGTGTGCTCTTCCGATCT; Type: regular 3'; Length: 34; Trimmed: 0 times

=== Second read: Adapter PrefixPE/1 ===

Sequence: TACACTCTTTCCCTACACGACGCTCTTCCGATCT; Type: regular 3'; Length: 34; Trimmed: 2 times

No. of allowed errors:
0-9 bp: 0; 10-19 bp: 1; 20-29 bp: 2; 30-34 bp: 3

Bases preceding removed adapters:
  A: 50.0%
  C: 0.0%
  G: 0.0%
  T: 50.0%
  none/other: 0.0%

Overview of removed sequences
length	count	expect	max.err	error counts
3	1	2.0	0	1
4	1	0.5	0	1


=== Second read: Adapter PrefixPE/2 ===

Sequence: GTGACTGGAGTTCAGACGTGTGCTCTTCCGATCT; Type: regular 3'; Length: 34; Trimmed: 1 times

No. of allowed errors:
0-9 bp: 0; 10-19 bp: 1; 20-29 bp: 2; 30-34 bp: 3

Bases preceding removed adapters:
  A: 0.0%
  C: 0.0%
  G: 0.0%
  T: 100.0%
  none/other: 0.0%

Overview of removed sequences
length	count	expect	max.err	error counts
3	1	2.0	0	1
