This is cutadapt 2.9 with Python 3.6.6
Command line parameters: --interleaved -a file:/nas02/apps/trimmomatic-0.36/Trimmomatic-0.36/adapters/TruSeq3-PE.fa -A file:/nas02/apps/trimmomatic-0.36/Trimmomatic-0.36/adapters/TruSeq3-PE.fa -m 30 /nas/longleaf/home/zpopkinh/Pvivax_resources/wgs_pe_improved_global/fastq/SRS694268/SRR1565149_1.fastq.gz /nas/longleaf/home/zpopkinh/Pvivax_resources/wgs_pe_improved_global/fastq/SRS694268/SRR1565149_2.fastq.gz
Processing reads on 1 core in paired-end mode ...
Finished in 0.52 s (51 us/read; 1.18 M reads/minute).

=== Summary ===

Total read pairs processed:             10,276
  Read 1 with adapter:                     255 (2.5%)
  Read 2 with adapter:                     398 (3.9%)
Pairs written (passing filters):        10,276 (100.0%)

Total basepairs processed:     2,075,752 bp
  Read 1:     1,037,876 bp
  Read 2:     1,037,876 bp
Total written (filtered):      2,073,564 bp (99.9%)
  Read 1:     1,037,002 bp
  Read 2:     1,036,562 bp

=== First read: Adapter PrefixPE/1 ===

Sequence: TACACTCTTTCCCTACACGACGCTCTTCCGATCT; Type: regular 3'; Length: 34; Trimmed: 137 times

No. of allowed errors:
0-9 bp: 0; 10-19 bp: 1; 20-29 bp: 2; 30-34 bp: 3

Bases preceding removed adapters:
  A: 27.0%
  C: 26.3%
  G: 19.7%
  T: 27.0%
  none/other: 0.0%

Overview of removed sequences
length	count	expect	max.err	error counts
3	93	160.6	0	93
4	27	40.1	0	27
5	13	10.0	0	13
7	2	0.6	0	2
8	1	0.2	0	1
10	1	0.0	1	0 1


=== First read: Adapter PrefixPE/2 ===

Sequence: GTGACTGGAGTTCAGACGTGTGCTCTTCCGATCT; Type: regular 3'; Length: 34; Trimmed: 118 times

No. of allowed errors:
0-9 bp: 0; 10-19 bp: 1; 20-29 bp: 2; 30-34 bp: 3

Bases preceding removed adapters:
  A: 27.1%
  C: 11.0%
  G: 22.0%
  T: 39.8%
  none/other: 0.0%

Overview of removed sequences
length	count	expect	max.err	error counts
3	88	160.6	0	88
4	24	40.1	0	24
5	6	10.0	0	6


=== Second read: Adapter PrefixPE/1 ===

Sequence: TACACTCTTTCCCTACACGACGCTCTTCCGATCT; Type: regular 3'; Length: 34; Trimmed: 183 times

No. of allowed errors:
0-9 bp: 0; 10-19 bp: 1; 20-29 bp: 2; 30-34 bp: 3

Bases preceding removed adapters:
  A: 26.8%
  C: 24.6%
  G: 13.7%
  T: 35.0%
  none/other: 0.0%

Overview of removed sequences
length	count	expect	max.err	error counts
3	133	160.6	0	133
4	41	40.1	0	41
5	7	10.0	0	7
6	1	2.5	0	1
7	1	0.6	0	1


=== Second read: Adapter PrefixPE/2 ===

Sequence: GTGACTGGAGTTCAGACGTGTGCTCTTCCGATCT; Type: regular 3'; Length: 34; Trimmed: 215 times

No. of allowed errors:
0-9 bp: 0; 10-19 bp: 1; 20-29 bp: 2; 30-34 bp: 3

Bases preceding removed adapters:
  A: 32.1%
  C: 31.2%
  G: 20.0%
  T: 16.7%
  none/other: 0.0%

Overview of removed sequences
length	count	expect	max.err	error counts
3	173	160.6	0	173
4	35	40.1	0	35
5	4	10.0	0	4
6	1	2.5	0	1
8	1	0.2	0	1
10	1	0.0	1	0 1
