This is cutadapt 2.9 with Python 3.6.6
Command line parameters: --interleaved -a file:/nas02/apps/trimmomatic-0.36/Trimmomatic-0.36/adapters/TruSeq3-PE.fa -A file:/nas02/apps/trimmomatic-0.36/Trimmomatic-0.36/adapters/TruSeq3-PE.fa -m 30 /nas/longleaf/home/zpopkinh/Pvivax_resources/wgs_pe_improved_global/fastq/SRS2746073/SRR6361763_1.fastq.gz /nas/longleaf/home/zpopkinh/Pvivax_resources/wgs_pe_improved_global/fastq/SRS2746073/SRR6361763_2.fastq.gz
Processing reads on 1 core in paired-end mode ...
Finished in 186.93 s (335 us/read; 0.18 M reads/minute).

=== Summary ===

Total read pairs processed:            558,388
  Read 1 with adapter:                  14,377 (2.6%)
  Read 2 with adapter:                  13,947 (2.5%)
Pairs written (passing filters):       557,898 (99.9%)

Total basepairs processed:   280,310,776 bp
  Read 1:   140,155,388 bp
  Read 2:   140,155,388 bp
Total written (filtered):    279,965,836 bp (99.9%)
  Read 1:   139,981,455 bp
  Read 2:   139,984,381 bp

=== First read: Adapter PrefixPE/1 ===

Sequence: TACACTCTTTCCCTACACGACGCTCTTCCGATCT; Type: regular 3'; Length: 34; Trimmed: 12216 times

No. of allowed errors:
0-9 bp: 0; 10-19 bp: 1; 20-29 bp: 2; 30-34 bp: 3

Bases preceding removed adapters:
  A: 56.8%
  C: 18.0%
  G: 10.9%
  T: 14.3%
  none/other: 0.0%

Overview of removed sequences
length	count	expect	max.err	error counts
3	5835	8724.8	0	5835
4	5237	2181.2	0	5237
5	566	545.3	0	566
6	214	136.3	0	214
7	25	34.1	0	25
8	8	8.5	0	8
9	10	2.1	0	2 8
10	24	0.5	1	1 23
11	8	0.1	1	0 8
195	1	0.0	3	0 0 0 1
201	1	0.0	3	0 0 0 1
236	1	0.0	3	0 0 0 1
237	8	0.0	3	0 0 0 8
238	12	0.0	3	0 0 3 9
239	214	0.0	3	0 2 27 185
240	15	0.0	3	0 1 2 12
241	8	0.0	3	0 0 0 8
242	5	0.0	3	0 0 0 5
243	6	0.0	3	0 0 1 5
244	2	0.0	3	0 0 2
245	5	0.0	3	0 0 0 5
246	8	0.0	3	0 0 0 8
249	3	0.0	3	0 0 0 3


=== First read: Adapter PrefixPE/2 ===

Sequence: GTGACTGGAGTTCAGACGTGTGCTCTTCCGATCT; Type: regular 3'; Length: 34; Trimmed: 2161 times

No. of allowed errors:
0-9 bp: 0; 10-19 bp: 1; 20-29 bp: 2; 30-34 bp: 3

Bases preceding removed adapters:
  A: 45.0%
  C: 13.2%
  G: 11.8%
  T: 30.0%
  none/other: 0.0%

Overview of removed sequences
length	count	expect	max.err	error counts
3	1424	8724.8	0	1424
4	647	2181.2	0	647
5	55	545.3	0	55
6	27	136.3	0	27
7	4	34.1	0	4
8	2	8.5	0	2
10	2	0.5	1	0 2


=== Second read: Adapter PrefixPE/1 ===

Sequence: TACACTCTTTCCCTACACGACGCTCTTCCGATCT; Type: regular 3'; Length: 34; Trimmed: 9516 times

No. of allowed errors:
0-9 bp: 0; 10-19 bp: 1; 20-29 bp: 2; 30-34 bp: 3

Bases preceding removed adapters:
  A: 56.4%
  C: 11.0%
  G: 25.2%
  T: 7.4%
  none/other: 0.0%

Overview of removed sequences
length	count	expect	max.err	error counts
3	4746	8724.8	0	4746
4	4016	2181.2	0	4016
5	653	545.3	0	653
6	82	136.3	0	82
7	9	34.1	0	9
8	1	8.5	0	1
9	3	2.1	0	0 3
10	4	0.5	1	0 4
11	1	0.1	1	0 1
238	1	0.0	3	0 0 0 1


=== Second read: Adapter PrefixPE/2 ===

Sequence: GTGACTGGAGTTCAGACGTGTGCTCTTCCGATCT; Type: regular 3'; Length: 34; Trimmed: 4431 times

No. of allowed errors:
0-9 bp: 0; 10-19 bp: 1; 20-29 bp: 2; 30-34 bp: 3

Bases preceding removed adapters:
  A: 50.4%
  C: 11.4%
  G: 16.8%
  T: 21.4%
  none/other: 0.0%

Overview of removed sequences
length	count	expect	max.err	error counts
3	3323	8724.8	0	3323
4	742	2181.2	0	742
5	114	545.3	0	114
6	32	136.3	0	32
7	9	34.1	0	9
8	1	8.5	0	1
9	1	2.1	0	0 1
10	3	0.5	1	0 3
11	2	0.1	1	0 2
230	12	0.0	3	0 1 9 2
231	4	0.0	3	0 3 1
232	17	0.0	3	0 0 3 14
233	4	0.0	3	0 0 1 3
234	23	0.0	3	0 9 6 8
235	24	0.0	3	0 4 13 7
236	46	0.0	3	0 11 28 7
237	37	0.0	3	0 1 17 19
238	23	0.0	3	0 0 5 18
239	3	0.0	3	0 0 0 3
240	3	0.0	3	0 0 0 3
241	2	0.0	3	0 0 0 2
242	5	0.0	3	0 0 2 3
251	1	0.0	3	0 0 0 1
