This is cutadapt 2.9 with Python 3.6.6
Command line parameters: --interleaved -a file:/nas02/apps/trimmomatic-0.36/Trimmomatic-0.36/adapters/TruSeq3-PE.fa -A file:/nas02/apps/trimmomatic-0.36/Trimmomatic-0.36/adapters/TruSeq3-PE.fa -m 30 /nas/longleaf/home/zpopkinh/Pvivax_resources/wgs_pe_improved_global/fastq/SRS2746073/SRR6361692_1.fastq.gz /nas/longleaf/home/zpopkinh/Pvivax_resources/wgs_pe_improved_global/fastq/SRS2746073/SRR6361692_2.fastq.gz
Processing reads on 1 core in paired-end mode ...
Finished in 14835.74 s (82 us/read; 0.73 M reads/minute).

=== Summary ===

Total read pairs processed:        180,666,980
  Read 1 with adapter:               7,715,944 (4.3%)
  Read 2 with adapter:               8,879,647 (4.9%)
Pairs written (passing filters):   180,666,913 (100.0%)

Total basepairs processed: 36,133,396,000 bp
  Read 1: 18,066,698,000 bp
  Read 2: 18,066,698,000 bp
Total written (filtered):  36,073,603,300 bp (99.8%)
  Read 1: 18,038,544,426 bp
  Read 2: 18,035,058,874 bp

=== First read: Adapter PrefixPE/1 ===

Sequence: TACACTCTTTCCCTACACGACGCTCTTCCGATCT; Type: regular 3'; Length: 34; Trimmed: 5797392 times

No. of allowed errors:
0-9 bp: 0; 10-19 bp: 1; 20-29 bp: 2; 30-34 bp: 3

Bases preceding removed adapters:
  A: 71.2%
  C: 7.4%
  G: 8.7%
  T: 12.7%
  none/other: 0.0%

Overview of removed sequences
length	count	expect	max.err	error counts
3	2784558	2822921.6	0	2784558
4	1713025	705730.4	0	1713025
5	1248132	176432.6	0	1248132
6	28021	44108.1	0	28021
7	4763	11027.0	0	4763
8	1590	2756.8	0	1590
9	6824	689.2	0	366 6458
10	6738	172.3	1	143 6595
11	3007	43.1	1	19 2988
12	505	10.8	1	1 504
13	148	2.7	1	1 147
14	62	0.7	1	0 62
15	16	0.2	1	0 16
17	2	0.0	1	0 2
95	1	0.0	3	0 0 1


=== First read: Adapter PrefixPE/2 ===

Sequence: GTGACTGGAGTTCAGACGTGTGCTCTTCCGATCT; Type: regular 3'; Length: 34; Trimmed: 1918552 times

No. of allowed errors:
0-9 bp: 0; 10-19 bp: 1; 20-29 bp: 2; 30-34 bp: 3

Bases preceding removed adapters:
  A: 24.3%
  C: 18.3%
  G: 26.1%
  T: 31.3%
  none/other: 0.0%

Overview of removed sequences
length	count	expect	max.err	error counts
3	1485178	2822921.6	0	1485178
4	353435	705730.4	0	353435
5	56362	176432.6	0	56362
6	13928	44108.1	0	13928
7	4780	11027.0	0	4780
8	354	2756.8	0	354
9	1773	689.2	0	90 1683
10	1841	172.3	1	34 1807
11	736	43.1	1	6 730
12	126	10.8	1	0 126
13	26	2.7	1	0 26
81	1	0.0	3	0 1
85	1	0.0	3	1
100	11	0.0	3	2 2 4 3


=== Second read: Adapter PrefixPE/1 ===

Sequence: TACACTCTTTCCCTACACGACGCTCTTCCGATCT; Type: regular 3'; Length: 34; Trimmed: 5784917 times

No. of allowed errors:
0-9 bp: 0; 10-19 bp: 1; 20-29 bp: 2; 30-34 bp: 3

Bases preceding removed adapters:
  A: 71.0%
  C: 7.4%
  G: 8.8%
  T: 12.8%
  none/other: 0.0%

Overview of removed sequences
length	count	expect	max.err	error counts
3	2787004	2822921.6	0	2787004
4	1705317	705730.4	0	1705317
5	1241124	176432.6	0	1241124
6	27467	44108.1	0	27467
7	4781	11027.0	0	4781
8	1619	2756.8	0	1619
9	7083	689.2	0	376 6707
10	6799	172.3	1	124 6675
11	2900	43.1	1	12 2888
12	565	10.8	1	2 563
13	141	2.7	1	4 137
14	53	0.7	1	0 53
15	10	0.2	1	0 10
42	1	0.0	3	0 0 1
72	1	0.0	3	0 0 1
74	1	0.0	3	0 0 1
79	1	0.0	3	0 0 0 1
80	1	0.0	3	0 0 1
82	4	0.0	3	0 4
83	6	0.0	3	0 0 4 2
93	1	0.0	3	0 0 0 1
96	1	0.0	3	1
100	37	0.0	3	0 24 9 4


=== Second read: Adapter PrefixPE/2 ===

Sequence: GTGACTGGAGTTCAGACGTGTGCTCTTCCGATCT; Type: regular 3'; Length: 34; Trimmed: 3094730 times

No. of allowed errors:
0-9 bp: 0; 10-19 bp: 1; 20-29 bp: 2; 30-34 bp: 3

Bases preceding removed adapters:
  A: 15.3%
  C: 12.0%
  G: 51.4%
  T: 21.3%
  none/other: 0.0%

Overview of removed sequences
length	count	expect	max.err	error counts
3	2646012	2822921.6	0	2646012
4	367030	705730.4	0	367030
5	57945	176432.6	0	57945
6	14300	44108.1	0	14300
7	4764	11027.0	0	4764
8	416	2756.8	0	416
9	1786	689.2	0	82 1704
10	1700	172.3	1	32 1668
11	659	43.1	1	8 651
12	93	10.8	1	0 93
13	25	2.7	1	0 25
