This is cutadapt 2.9 with Python 3.6.6
Command line parameters: --interleaved -a file:/nas02/apps/trimmomatic-0.36/Trimmomatic-0.36/adapters/TruSeq3-PE.fa -A file:/nas02/apps/trimmomatic-0.36/Trimmomatic-0.36/adapters/TruSeq3-PE.fa -m 30 /nas/longleaf/home/zpopkinh/Pvivax_resources/new_seqs_2021/fastq/MDP3286/MDP3286_1.fastq.gz /nas/longleaf/home/zpopkinh/Pvivax_resources/new_seqs_2021/fastq/MDP3286/MDP3286_2.fastq.gz
Processing reads on 1 core in paired-end mode ...
Finished in 785.99 s (161 us/read; 0.37 M reads/minute).

=== Summary ===

Total read pairs processed:          4,870,877
  Read 1 with adapter:                 136,252 (2.8%)
  Read 2 with adapter:                 193,538 (4.0%)
Pairs written (passing filters):     4,870,877 (100.0%)

Total basepairs processed: 1,461,263,100 bp
  Read 1:   730,631,550 bp
  Read 2:   730,631,550 bp
Total written (filtered):  1,460,175,961 bp (99.9%)
  Read 1:   730,172,917 bp
  Read 2:   730,003,044 bp

=== First read: Adapter PrefixPE/1 ===

Sequence: TACACTCTTTCCCTACACGACGCTCTTCCGATCT; Type: regular 3'; Length: 34; Trimmed: 66659 times

No. of allowed errors:
0-9 bp: 0; 10-19 bp: 1; 20-29 bp: 2; 30-34 bp: 3

Bases preceding removed adapters:
  A: 25.7%
  C: 22.3%
  G: 24.4%
  T: 27.7%
  none/other: 0.0%

Overview of removed sequences
length	count	expect	max.err	error counts
3	44946	76107.5	0	44946
4	16400	19026.9	0	16400
5	3783	4756.7	0	3783
6	746	1189.2	0	746
7	175	297.3	0	175
8	49	74.3	0	49
9	240	18.6	0	17 223
10	221	4.6	1	7 214
11	73	1.2	1	0 73
12	19	0.3	1	1 18
13	5	0.1	1	0 5
14	1	0.0	1	0 1
15	1	0.0	1	0 1


=== First read: Adapter PrefixPE/2 ===

Sequence: GTGACTGGAGTTCAGACGTGTGCTCTTCCGATCT; Type: regular 3'; Length: 34; Trimmed: 69593 times

No. of allowed errors:
0-9 bp: 0; 10-19 bp: 1; 20-29 bp: 2; 30-34 bp: 3

Bases preceding removed adapters:
  A: 22.7%
  C: 19.4%
  G: 27.8%
  T: 30.1%
  none/other: 0.0%

Overview of removed sequences
length	count	expect	max.err	error counts
3	54877	76107.5	0	54877
4	11995	19026.9	0	11995
5	2014	4756.7	0	2014
6	426	1189.2	0	426
7	91	297.3	0	91
8	22	74.3	0	22
9	75	18.6	0	5 70
10	67	4.6	1	2 65
11	17	1.2	1	0 17
12	7	0.3	1	0 7
13	2	0.1	1	0 2


=== Second read: Adapter PrefixPE/1 ===

Sequence: TACACTCTTTCCCTACACGACGCTCTTCCGATCT; Type: regular 3'; Length: 34; Trimmed: 63359 times

No. of allowed errors:
0-9 bp: 0; 10-19 bp: 1; 20-29 bp: 2; 30-34 bp: 3

Bases preceding removed adapters:
  A: 25.9%
  C: 22.5%
  G: 24.5%
  T: 27.1%
  none/other: 0.0%

Overview of removed sequences
length	count	expect	max.err	error counts
3	42728	76107.5	0	42728
4	15597	19026.9	0	15597
5	3653	4756.7	0	3653
6	669	1189.2	0	669
7	153	297.3	0	153
8	42	74.3	0	42
9	220	18.6	0	13 207
10	226	4.6	1	7 219
11	57	1.2	1	0 57
12	11	0.3	1	0 11
13	3	0.1	1	0 3


=== Second read: Adapter PrefixPE/2 ===

Sequence: GTGACTGGAGTTCAGACGTGTGCTCTTCCGATCT; Type: regular 3'; Length: 34; Trimmed: 130179 times

No. of allowed errors:
0-9 bp: 0; 10-19 bp: 1; 20-29 bp: 2; 30-34 bp: 3

Bases preceding removed adapters:
  A: 24.5%
  C: 23.8%
  G: 35.8%
  T: 16.0%
  none/other: 0.0%

Overview of removed sequences
length	count	expect	max.err	error counts
3	115716	76107.5	0	115716
4	11899	19026.9	0	11899
5	1845	4756.7	0	1845
6	404	1189.2	0	404
7	101	297.3	0	101
8	19	74.3	0	19
9	76	18.6	0	6 70
10	80	4.6	1	1 79
11	29	1.2	1	0 29
12	6	0.3	1	0 6
13	1	0.1	1	0 1
14	1	0.0	1	0 1
20	1	0.0	2	0 0 1
36	1	0.0	3	0 0 1
