This is cutadapt 2.9 with Python 3.6.6
Command line parameters: --interleaved -a file:/nas02/apps/trimmomatic-0.36/Trimmomatic-0.36/adapters/TruSeq3-PE.fa -A file:/nas02/apps/trimmomatic-0.36/Trimmomatic-0.36/adapters/TruSeq3-PE.fa -m 30 /nas/longleaf/home/zpopkinh/Pvivax_resources/wgs_pe_improved_global/fastq/SRS694250/SRR1568177_1.fastq.gz /nas/longleaf/home/zpopkinh/Pvivax_resources/wgs_pe_improved_global/fastq/SRS694250/SRR1568177_2.fastq.gz
Processing reads on 1 core in paired-end mode ...
Finished in 2343.46 s (73 us/read; 0.82 M reads/minute).

=== Summary ===

Total read pairs processed:         32,010,745
  Read 1 with adapter:               1,153,870 (3.6%)
  Read 2 with adapter:               1,240,256 (3.9%)
Pairs written (passing filters):    32,010,745 (100.0%)

Total basepairs processed: 6,466,170,490 bp
  Read 1: 3,233,085,245 bp
  Read 2: 3,233,085,245 bp
Total written (filtered):  6,458,141,554 bp (99.9%)
  Read 1: 3,229,199,555 bp
  Read 2: 3,228,941,999 bp

=== First read: Adapter PrefixPE/1 ===

Sequence: TACACTCTTTCCCTACACGACGCTCTTCCGATCT; Type: regular 3'; Length: 34; Trimmed: 534937 times

No. of allowed errors:
0-9 bp: 0; 10-19 bp: 1; 20-29 bp: 2; 30-34 bp: 3

Bases preceding removed adapters:
  A: 23.7%
  C: 24.9%
  G: 26.8%
  T: 24.6%
  none/other: 0.0%

Overview of removed sequences
length	count	expect	max.err	error counts
3	364111	500167.9	0	364111
4	125079	125042.0	0	125079
5	34103	31260.5	0	34103
6	6111	7815.1	0	6111
7	1524	1953.8	0	1524
8	332	488.4	0	332
9	1329	122.1	0	122 1207
10	1497	30.5	1	39 1458
11	642	7.6	1	10 632
12	167	1.9	1	0 167
13	37	0.5	1	1 36
14	5	0.1	1	0 5


=== First read: Adapter PrefixPE/2 ===

Sequence: GTGACTGGAGTTCAGACGTGTGCTCTTCCGATCT; Type: regular 3'; Length: 34; Trimmed: 618933 times

No. of allowed errors:
0-9 bp: 0; 10-19 bp: 1; 20-29 bp: 2; 30-34 bp: 3

Bases preceding removed adapters:
  A: 22.4%
  C: 20.1%
  G: 28.0%
  T: 29.5%
  none/other: 0.0%

Overview of removed sequences
length	count	expect	max.err	error counts
3	483031	500167.9	0	483031
4	108115	125042.0	0	108115
5	20321	31260.5	0	20321
6	4504	7815.1	0	4504
7	1030	1953.8	0	1030
8	177	488.4	0	177
9	778	122.1	0	51 727
10	637	30.5	1	15 622
11	279	7.6	1	3 276
12	54	1.9	1	0 54
13	7	0.5	1	0 7


=== Second read: Adapter PrefixPE/1 ===

Sequence: TACACTCTTTCCCTACACGACGCTCTTCCGATCT; Type: regular 3'; Length: 34; Trimmed: 533196 times

No. of allowed errors:
0-9 bp: 0; 10-19 bp: 1; 20-29 bp: 2; 30-34 bp: 3

Bases preceding removed adapters:
  A: 23.9%
  C: 24.7%
  G: 26.8%
  T: 24.6%
  none/other: 0.0%

Overview of removed sequences
length	count	expect	max.err	error counts
3	361837	500167.9	0	361837
4	125740	125042.0	0	125740
5	33741	31260.5	0	33741
6	6103	7815.1	0	6103
7	1590	1953.8	0	1590
8	315	488.4	0	315
9	1358	122.1	0	110 1248
10	1664	30.5	1	50 1614
11	615	7.6	1	1 614
12	176	1.9	1	2 174
13	39	0.5	1	0 39
14	9	0.1	1	0 9
15	2	0.0	1	0 2
19	1	0.0	1	0 0 1
20	1	0.0	2	0 1
35	1	0.0	3	0 1
68	1	0.0	3	0 0 0 1
69	1	0.0	3	0 0 0 1
71	2	0.0	3	0 1 0 1


=== Second read: Adapter PrefixPE/2 ===

Sequence: GTGACTGGAGTTCAGACGTGTGCTCTTCCGATCT; Type: regular 3'; Length: 34; Trimmed: 707060 times

No. of allowed errors:
0-9 bp: 0; 10-19 bp: 1; 20-29 bp: 2; 30-34 bp: 3

Bases preceding removed adapters:
  A: 21.5%
  C: 28.5%
  G: 24.4%
  T: 25.6%
  none/other: 0.0%

Overview of removed sequences
length	count	expect	max.err	error counts
3	574136	500167.9	0	574136
4	105596	125042.0	0	105596
5	19844	31260.5	0	19844
6	4521	7815.1	0	4521
7	1038	1953.8	0	1038
8	194	488.4	0	194
9	780	122.1	0	39 741
10	656	30.5	1	17 639
11	234	7.6	1	4 230
12	45	1.9	1	0 45
13	9	0.5	1	0 9
21	1	0.0	2	0 0 1
26	1	0.0	2	0 0 1
36	1	0.0	3	0 1
43	1	0.0	3	0 0 0 1
44	1	0.0	3	1
52	1	0.0	3	0 0 0 1
58	1	0.0	3	0 1
