This is cutadapt 2.9 with Python 3.6.6
Command line parameters: --interleaved -a file:/nas02/apps/trimmomatic-0.36/Trimmomatic-0.36/adapters/TruSeq3-PE.fa -A file:/nas02/apps/trimmomatic-0.36/Trimmomatic-0.36/adapters/TruSeq3-PE.fa -m 30 /nas/longleaf/home/zpopkinh/Pvivax_resources/wgs_pe_improved_global/fastq/SRS694250/SRR1565051_1.fastq.gz /nas/longleaf/home/zpopkinh/Pvivax_resources/wgs_pe_improved_global/fastq/SRS694250/SRR1565051_2.fastq.gz
Processing reads on 1 core in paired-end mode ...
Finished in 2.41 s (51 us/read; 1.19 M reads/minute).

=== Summary ===

Total read pairs processed:             47,720
  Read 1 with adapter:                   1,587 (3.3%)
  Read 2 with adapter:                   1,890 (4.0%)
Pairs written (passing filters):        47,717 (100.0%)

Total basepairs processed:     9,639,440 bp
  Read 1:     4,819,720 bp
  Read 2:     4,819,720 bp
Total written (filtered):      9,626,990 bp (99.9%)
  Read 1:     4,814,024 bp
  Read 2:     4,812,966 bp

=== First read: Adapter PrefixPE/1 ===

Sequence: TACACTCTTTCCCTACACGACGCTCTTCCGATCT; Type: regular 3'; Length: 34; Trimmed: 772 times

No. of allowed errors:
0-9 bp: 0; 10-19 bp: 1; 20-29 bp: 2; 30-34 bp: 3

Bases preceding removed adapters:
  A: 25.1%
  C: 24.2%
  G: 25.0%
  T: 25.6%
  none/other: 0.0%

Overview of removed sequences
length	count	expect	max.err	error counts
3	531	745.6	0	531
4	178	186.4	0	178
5	38	46.6	0	38
6	12	11.7	0	12
7	1	2.9	0	1
10	8	0.0	1	0 8
11	3	0.0	1	0 3
12	1	0.0	1	0 1


=== First read: Adapter PrefixPE/2 ===

Sequence: GTGACTGGAGTTCAGACGTGTGCTCTTCCGATCT; Type: regular 3'; Length: 34; Trimmed: 815 times

No. of allowed errors:
0-9 bp: 0; 10-19 bp: 1; 20-29 bp: 2; 30-34 bp: 3

Bases preceding removed adapters:
  A: 24.3%
  C: 18.9%
  G: 26.3%
  T: 30.6%
  none/other: 0.0%

Overview of removed sequences
length	count	expect	max.err	error counts
3	621	745.6	0	621
4	149	186.4	0	149
5	37	46.6	0	37
6	7	11.7	0	7
11	1	0.0	1	0 1


=== Second read: Adapter PrefixPE/1 ===

Sequence: TACACTCTTTCCCTACACGACGCTCTTCCGATCT; Type: regular 3'; Length: 34; Trimmed: 808 times

No. of allowed errors:
0-9 bp: 0; 10-19 bp: 1; 20-29 bp: 2; 30-34 bp: 3

Bases preceding removed adapters:
  A: 25.5%
  C: 24.1%
  G: 26.0%
  T: 24.4%
  none/other: 0.0%

Overview of removed sequences
length	count	expect	max.err	error counts
3	513	745.6	0	513
4	214	186.4	0	214
5	51	46.6	0	51
6	13	11.7	0	13
7	5	2.9	0	5
8	2	0.7	0	2
9	3	0.2	0	1 2
10	3	0.0	1	0 3
11	4	0.0	1	0 4


=== Second read: Adapter PrefixPE/2 ===

Sequence: GTGACTGGAGTTCAGACGTGTGCTCTTCCGATCT; Type: regular 3'; Length: 34; Trimmed: 1082 times

No. of allowed errors:
0-9 bp: 0; 10-19 bp: 1; 20-29 bp: 2; 30-34 bp: 3

Bases preceding removed adapters:
  A: 26.8%
  C: 27.9%
  G: 20.8%
  T: 24.5%
  none/other: 0.0%

Overview of removed sequences
length	count	expect	max.err	error counts
3	850	745.6	0	850
4	165	186.4	0	165
5	46	46.6	0	46
6	10	11.7	0	10
7	2	2.9	0	2
9	4	0.2	0	1 3
10	1	0.0	1	0 1
11	1	0.0	1	0 1
93	3	0.0	3	0 0 1 2
