This is cutadapt 2.9 with Python 3.6.6
Command line parameters: --interleaved -a file:/nas02/apps/trimmomatic-0.36/Trimmomatic-0.36/adapters/TruSeq3-PE.fa -A file:/nas02/apps/trimmomatic-0.36/Trimmomatic-0.36/adapters/TruSeq3-PE.fa -m 30 /nas/longleaf/home/zpopkinh/Pvivax_resources/wgs_pe_improved_global/fastq/SRS694244/SRR1568126_1.fastq.gz /nas/longleaf/home/zpopkinh/Pvivax_resources/wgs_pe_improved_global/fastq/SRS694244/SRR1568126_2.fastq.gz
Processing reads on 1 core in paired-end mode ...
Finished in 1747.47 s (88 us/read; 0.68 M reads/minute).

=== Summary ===

Total read pairs processed:         19,784,886
  Read 1 with adapter:                 723,959 (3.7%)
  Read 2 with adapter:                 749,093 (3.8%)
Pairs written (passing filters):    19,784,879 (100.0%)

Total basepairs processed: 3,996,546,972 bp
  Read 1: 1,998,273,486 bp
  Read 2: 1,998,273,486 bp
Total written (filtered):  3,991,583,745 bp (99.9%)
  Read 1: 1,995,829,318 bp
  Read 2: 1,995,754,427 bp

=== First read: Adapter PrefixPE/1 ===

Sequence: TACACTCTTTCCCTACACGACGCTCTTCCGATCT; Type: regular 3'; Length: 34; Trimmed: 349451 times

No. of allowed errors:
0-9 bp: 0; 10-19 bp: 1; 20-29 bp: 2; 30-34 bp: 3

Bases preceding removed adapters:
  A: 25.0%
  C: 22.7%
  G: 26.2%
  T: 26.1%
  none/other: 0.0%

Overview of removed sequences
length	count	expect	max.err	error counts
3	235087	309138.8	0	235087
4	84276	77284.7	0	84276
5	21632	19321.2	0	21632
6	4240	4830.3	0	4240
7	1076	1207.6	0	1076
8	218	301.9	0	218
9	980	75.5	0	112 868
10	1341	18.9	1	34 1307
11	491	4.7	1	4 487
12	88	1.2	1	1 87
13	16	0.3	1	0 16
14	5	0.1	1	0 5
15	1	0.0	1	0 1


=== First read: Adapter PrefixPE/2 ===

Sequence: GTGACTGGAGTTCAGACGTGTGCTCTTCCGATCT; Type: regular 3'; Length: 34; Trimmed: 374508 times

No. of allowed errors:
0-9 bp: 0; 10-19 bp: 1; 20-29 bp: 2; 30-34 bp: 3

Bases preceding removed adapters:
  A: 23.2%
  C: 19.4%
  G: 26.7%
  T: 30.6%
  none/other: 0.0%

Overview of removed sequences
length	count	expect	max.err	error counts
3	292943	309138.8	0	292943
4	66087	77284.7	0	66087
5	11258	19321.2	0	11258
6	2562	4830.3	0	2562
7	617	1207.6	0	617
8	82	301.9	0	82
9	448	75.5	0	20 428
10	337	18.9	1	3 334
11	128	4.7	1	1 127
12	27	1.2	1	0 27
13	17	0.3	1	0 17
27	1	0.0	2	0 1
44	1	0.0	3	1


=== Second read: Adapter PrefixPE/1 ===

Sequence: TACACTCTTTCCCTACACGACGCTCTTCCGATCT; Type: regular 3'; Length: 34; Trimmed: 346318 times

No. of allowed errors:
0-9 bp: 0; 10-19 bp: 1; 20-29 bp: 2; 30-34 bp: 3

Bases preceding removed adapters:
  A: 25.2%
  C: 22.7%
  G: 26.0%
  T: 26.2%
  none/other: 0.0%

Overview of removed sequences
length	count	expect	max.err	error counts
3	233185	309138.8	0	233185
4	83578	77284.7	0	83578
5	21187	19321.2	0	21187
6	4155	4830.3	0	4155
7	1082	1207.6	0	1082
8	220	301.9	0	220
9	988	75.5	0	104 884
10	1370	18.9	1	35 1335
11	409	4.7	1	5 404
12	100	1.2	1	2 98
13	33	0.3	1	0 33
14	3	0.1	1	0 3
62	2	0.0	3	0 2
88	5	0.0	3	1 0 2 2
93	1	0.0	3	0 0 1


=== Second read: Adapter PrefixPE/2 ===

Sequence: GTGACTGGAGTTCAGACGTGTGCTCTTCCGATCT; Type: regular 3'; Length: 34; Trimmed: 402775 times

No. of allowed errors:
0-9 bp: 0; 10-19 bp: 1; 20-29 bp: 2; 30-34 bp: 3

Bases preceding removed adapters:
  A: 22.8%
  C: 23.9%
  G: 24.9%
  T: 28.4%
  none/other: 0.0%

Overview of removed sequences
length	count	expect	max.err	error counts
3	320896	309138.8	0	320896
4	65904	77284.7	0	65904
5	11550	19321.2	0	11550
6	2644	4830.3	0	2644
7	639	1207.6	0	639
8	107	301.9	0	107
9	455	75.5	0	29 426
10	387	18.9	1	13 374
11	143	4.7	1	0 143
12	39	1.2	1	0 39
13	9	0.3	1	0 9
30	1	0.0	3	0 0 0 1
100	1	0.0	3	0 0 1
