This is cutadapt 2.9 with Python 3.6.6
Command line parameters: --interleaved -a file:/nas02/apps/trimmomatic-0.36/Trimmomatic-0.36/adapters/TruSeq3-PE.fa -A file:/nas02/apps/trimmomatic-0.36/Trimmomatic-0.36/adapters/TruSeq3-PE.fa -m 30 /nas/longleaf/home/zpopkinh/Pvivax_resources/wgs_pe_improved_global/fastq/SRS694244/SRR1565013_1.fastq.gz /nas/longleaf/home/zpopkinh/Pvivax_resources/wgs_pe_improved_global/fastq/SRS694244/SRR1565013_2.fastq.gz
Processing reads on 1 core in paired-end mode ...
Finished in 1.46 s (46 us/read; 1.29 M reads/minute).

=== Summary ===

Total read pairs processed:             31,490
  Read 1 with adapter:                     980 (3.1%)
  Read 2 with adapter:                   1,109 (3.5%)
Pairs written (passing filters):        31,490 (100.0%)

Total basepairs processed:     6,360,980 bp
  Read 1:     3,180,490 bp
  Read 2:     3,180,490 bp
Total written (filtered):      6,353,772 bp (99.9%)
  Read 1:     3,177,104 bp
  Read 2:     3,176,668 bp

=== First read: Adapter PrefixPE/1 ===

Sequence: TACACTCTTTCCCTACACGACGCTCTTCCGATCT; Type: regular 3'; Length: 34; Trimmed: 470 times

No. of allowed errors:
0-9 bp: 0; 10-19 bp: 1; 20-29 bp: 2; 30-34 bp: 3

Bases preceding removed adapters:
  A: 24.9%
  C: 25.5%
  G: 26.0%
  T: 23.6%
  none/other: 0.0%

Overview of removed sequences
length	count	expect	max.err	error counts
3	297	492.0	0	297
4	121	123.0	0	121
5	35	30.8	0	35
6	6	7.7	0	6
9	3	0.1	0	0 3
10	5	0.0	1	0 5
11	3	0.0	1	0 3


=== First read: Adapter PrefixPE/2 ===

Sequence: GTGACTGGAGTTCAGACGTGTGCTCTTCCGATCT; Type: regular 3'; Length: 34; Trimmed: 510 times

No. of allowed errors:
0-9 bp: 0; 10-19 bp: 1; 20-29 bp: 2; 30-34 bp: 3

Bases preceding removed adapters:
  A: 29.8%
  C: 15.5%
  G: 22.2%
  T: 32.5%
  none/other: 0.0%

Overview of removed sequences
length	count	expect	max.err	error counts
3	377	492.0	0	377
4	116	123.0	0	116
5	13	30.8	0	13
6	2	7.7	0	2
7	1	1.9	0	1
11	1	0.0	1	0 1


=== Second read: Adapter PrefixPE/1 ===

Sequence: TACACTCTTTCCCTACACGACGCTCTTCCGATCT; Type: regular 3'; Length: 34; Trimmed: 474 times

No. of allowed errors:
0-9 bp: 0; 10-19 bp: 1; 20-29 bp: 2; 30-34 bp: 3

Bases preceding removed adapters:
  A: 32.1%
  C: 18.8%
  G: 21.9%
  T: 27.2%
  none/other: 0.0%

Overview of removed sequences
length	count	expect	max.err	error counts
3	311	492.0	0	311
4	126	123.0	0	126
5	21	30.8	0	21
6	5	7.7	0	5
7	2	1.9	0	2
8	1	0.5	0	1
10	7	0.0	1	0 7
11	1	0.0	1	0 1


=== Second read: Adapter PrefixPE/2 ===

Sequence: GTGACTGGAGTTCAGACGTGTGCTCTTCCGATCT; Type: regular 3'; Length: 34; Trimmed: 635 times

No. of allowed errors:
0-9 bp: 0; 10-19 bp: 1; 20-29 bp: 2; 30-34 bp: 3

Bases preceding removed adapters:
  A: 28.8%
  C: 27.4%
  G: 18.4%
  T: 25.4%
  none/other: 0.0%

Overview of removed sequences
length	count	expect	max.err	error counts
3	497	492.0	0	497
4	114	123.0	0	114
5	16	30.8	0	16
6	3	7.7	0	3
7	3	1.9	0	3
11	1	0.0	1	0 1
70	1	0.0	3	0 0 1
