This is cutadapt 2.9 with Python 3.6.6
Command line parameters: --interleaved -a file:/nas02/apps/trimmomatic-0.36/Trimmomatic-0.36/adapters/TruSeq3-PE.fa -A file:/nas02/apps/trimmomatic-0.36/Trimmomatic-0.36/adapters/TruSeq3-PE.fa -m 30 /nas/longleaf/home/zpopkinh/Pvivax_resources/wgs_pe_improved_global/fastq/SRS1061160/SRR2316889_1.fastq.gz /nas/longleaf/home/zpopkinh/Pvivax_resources/wgs_pe_improved_global/fastq/SRS1061160/SRR2316889_2.fastq.gz
Processing reads on 1 core in paired-end mode ...
Finished in 665.00 s (93 us/read; 0.65 M reads/minute).

=== Summary ===

Total read pairs processed:          7,151,283
  Read 1 with adapter:                 256,552 (3.6%)
  Read 2 with adapter:                 261,954 (3.7%)
Pairs written (passing filters):     7,151,273 (100.0%)

Total basepairs processed: 1,430,256,600 bp
  Read 1:   707,977,017 bp
  Read 2:   722,279,583 bp
Total written (filtered):  1,428,496,461 bp (99.9%)
  Read 1:   707,106,081 bp
  Read 2:   721,390,380 bp

=== First read: Adapter PrefixPE/1 ===

Sequence: TACACTCTTTCCCTACACGACGCTCTTCCGATCT; Type: regular 3'; Length: 34; Trimmed: 141643 times

No. of allowed errors:
0-9 bp: 0; 10-19 bp: 1; 20-29 bp: 2; 30-34 bp: 3

Bases preceding removed adapters:
  A: 30.9%
  C: 17.8%
  G: 20.4%
  T: 30.8%
  none/other: 0.0%

Overview of removed sequences
length	count	expect	max.err	error counts
3	93820	111738.8	0	93820
4	37580	27934.7	0	37580
5	7120	6983.7	0	7120
6	1609	1745.9	0	1609
7	315	436.5	0	315
8	89	109.1	0	89
9	414	27.3	0	34 380
10	498	6.8	1	14 484
11	148	1.7	1	3 145
12	36	0.4	1	1 35
13	10	0.1	1	0 10
14	3	0.0	1	0 3
15	1	0.0	1	0 1


=== First read: Adapter PrefixPE/2 ===

Sequence: GTGACTGGAGTTCAGACGTGTGCTCTTCCGATCT; Type: regular 3'; Length: 34; Trimmed: 114909 times

No. of allowed errors:
0-9 bp: 0; 10-19 bp: 1; 20-29 bp: 2; 30-34 bp: 3

Bases preceding removed adapters:
  A: 25.9%
  C: 15.2%
  G: 24.2%
  T: 34.6%
  none/other: 0.0%

Overview of removed sequences
length	count	expect	max.err	error counts
3	88286	111738.8	0	88286
4	21857	27934.7	0	21857
5	3365	6983.7	0	3365
6	823	1745.9	0	823
7	216	436.5	0	216
8	43	109.1	0	43
9	129	27.3	0	10 119
10	108	6.8	1	0 108
11	60	1.7	1	2 58
12	9	0.4	1	1 8
13	2	0.1	1	0 2
14	1	0.0	1	0 1
16	1	0.0	1	1
27	1	0.0	2	0 0 1
45	1	0.0	3	0 0 0 1
75	1	0.0	3	0 1
83	1	0.0	3	0 0 1
84	1	0.0	3	0 0 0 1
99	4	0.0	3	0 0 1 3


=== Second read: Adapter PrefixPE/1 ===

Sequence: TACACTCTTTCCCTACACGACGCTCTTCCGATCT; Type: regular 3'; Length: 34; Trimmed: 143791 times

No. of allowed errors:
0-9 bp: 0; 10-19 bp: 1; 20-29 bp: 2; 30-34 bp: 3

Bases preceding removed adapters:
  A: 30.8%
  C: 17.8%
  G: 20.5%
  T: 30.8%
  none/other: 0.0%

Overview of removed sequences
length	count	expect	max.err	error counts
3	94832	111738.8	0	94832
4	38594	27934.7	0	38594
5	7218	6983.7	0	7218
6	1680	1745.9	0	1680
7	283	436.5	0	283
8	89	109.1	0	89
9	408	27.3	0	30 378
10	503	6.8	1	10 493
11	154	1.7	1	4 150
12	23	0.4	1	0 23
13	3	0.1	1	0 3
14	2	0.0	1	0 2
15	1	0.0	1	0 1
89	1	0.0	3	0 1


=== Second read: Adapter PrefixPE/2 ===

Sequence: GTGACTGGAGTTCAGACGTGTGCTCTTCCGATCT; Type: regular 3'; Length: 34; Trimmed: 118163 times

No. of allowed errors:
0-9 bp: 0; 10-19 bp: 1; 20-29 bp: 2; 30-34 bp: 3

Bases preceding removed adapters:
  A: 26.0%
  C: 15.4%
  G: 24.1%
  T: 34.5%
  none/other: 0.0%

Overview of removed sequences
length	count	expect	max.err	error counts
3	90605	111738.8	0	90605
4	22852	27934.7	0	22852
5	3303	6983.7	0	3303
6	844	1745.9	0	844
7	183	436.5	0	183
8	37	109.1	0	37
9	137	27.3	0	17 120
10	127	6.8	1	4 123
11	58	1.7	1	1 57
12	12	0.4	1	0 12
13	2	0.1	1	0 2
14	1	0.0	1	0 1
101	2	0.0	3	0 0 0 2
