This is cutadapt 2.9 with Python 3.6.6
Command line parameters: --interleaved -a file:/nas02/apps/trimmomatic-0.36/Trimmomatic-0.36/adapters/TruSeq3-PE.fa -A file:/nas02/apps/trimmomatic-0.36/Trimmomatic-0.36/adapters/TruSeq3-PE.fa -m 30 /nas/longleaf/home/zpopkinh/Pvivax_resources/wgs_pe_improved_global/fastq/SRS807702/SRR1740379_1.fastq.gz /nas/longleaf/home/zpopkinh/Pvivax_resources/wgs_pe_improved_global/fastq/SRS807702/SRR1740379_2.fastq.gz
Processing reads on 1 core in paired-end mode ...
Finished in 2276.11 s (73 us/read; 0.83 M reads/minute).

=== Summary ===

Total read pairs processed:         31,324,733
  Read 1 with adapter:               1,166,629 (3.7%)
  Read 2 with adapter:               1,158,784 (3.7%)
Pairs written (passing filters):    31,324,730 (100.0%)

Total basepairs processed: 6,327,596,066 bp
  Read 1: 3,163,798,033 bp
  Read 2: 3,163,798,033 bp
Total written (filtered):  6,319,652,840 bp (99.9%)
  Read 1: 3,159,814,449 bp
  Read 2: 3,159,838,391 bp

=== First read: Adapter PrefixPE/1 ===

Sequence: TACACTCTTTCCCTACACGACGCTCTTCCGATCT; Type: regular 3'; Length: 34; Trimmed: 531107 times

No. of allowed errors:
0-9 bp: 0; 10-19 bp: 1; 20-29 bp: 2; 30-34 bp: 3

Bases preceding removed adapters:
  A: 30.1%
  C: 22.4%
  G: 16.2%
  T: 31.4%
  none/other: 0.0%

Overview of removed sequences
length	count	expect	max.err	error counts
3	347175	489449.0	0	347175
4	146618	122362.2	0	146618
5	23489	30590.6	0	23489
6	6594	7647.6	0	6594
7	1482	1911.9	0	1482
8	443	478.0	0	443
9	1426	119.5	0	177 1249
10	2776	29.9	1	72 2704
11	858	7.5	1	8 850
12	180	1.9	1	1 179
13	50	0.5	1	3 47
14	10	0.1	1	0 10
15	5	0.0	1	1 4
101	1	0.0	3	0 0 0 1


=== First read: Adapter PrefixPE/2 ===

Sequence: GTGACTGGAGTTCAGACGTGTGCTCTTCCGATCT; Type: regular 3'; Length: 34; Trimmed: 635522 times

No. of allowed errors:
0-9 bp: 0; 10-19 bp: 1; 20-29 bp: 2; 30-34 bp: 3

Bases preceding removed adapters:
  A: 31.4%
  C: 6.6%
  G: 24.8%
  T: 37.2%
  none/other: 0.0%

Overview of removed sequences
length	count	expect	max.err	error counts
3	470469	489449.0	0	470469
4	131847	122362.2	0	131847
5	21129	30590.6	0	21129
6	6911	7647.6	0	6911
7	1753	1911.9	0	1753
8	445	478.0	0	445
9	1064	119.5	0	111 953
10	1215	29.9	1	22 1193
11	501	7.5	1	5 496
12	135	1.9	1	0 135
13	40	0.5	1	1 39
14	10	0.1	1	0 10
15	2	0.0	1	0 2
16	1	0.0	1	0 1


=== Second read: Adapter PrefixPE/1 ===

Sequence: TACACTCTTTCCCTACACGACGCTCTTCCGATCT; Type: regular 3'; Length: 34; Trimmed: 527818 times

No. of allowed errors:
0-9 bp: 0; 10-19 bp: 1; 20-29 bp: 2; 30-34 bp: 3

Bases preceding removed adapters:
  A: 30.2%
  C: 22.6%
  G: 16.1%
  T: 31.1%
  none/other: 0.0%

Overview of removed sequences
length	count	expect	max.err	error counts
3	345019	489449.0	0	345019
4	145031	122362.2	0	145031
5	23773	30590.6	0	23773
6	6826	7647.6	0	6826
7	1378	1911.9	0	1378
8	434	478.0	0	434
9	1466	119.5	0	161 1305
10	2822	29.9	1	51 2771
11	812	7.5	1	6 806
12	185	1.9	1	0 185
13	46	0.5	1	1 45
14	23	0.1	1	0 23
15	1	0.0	1	0 1
16	1	0.0	1	0 1
17	1	0.0	1	0 1


=== Second read: Adapter PrefixPE/2 ===

Sequence: GTGACTGGAGTTCAGACGTGTGCTCTTCCGATCT; Type: regular 3'; Length: 34; Trimmed: 630966 times

No. of allowed errors:
0-9 bp: 0; 10-19 bp: 1; 20-29 bp: 2; 30-34 bp: 3

Bases preceding removed adapters:
  A: 31.4%
  C: 6.7%
  G: 25.0%
  T: 36.9%
  none/other: 0.0%

Overview of removed sequences
length	count	expect	max.err	error counts
3	466557	489449.0	0	466557
4	131419	122362.2	0	131419
5	20600	30590.6	0	20600
6	7038	7647.6	0	7038
7	1810	1911.9	0	1810
8	501	478.0	0	501
9	1080	119.5	0	140 940
10	1284	29.9	1	41 1243
11	485	7.5	1	10 475
12	133	1.9	1	1 132
13	35	0.5	1	1 34
14	13	0.1	1	0 13
15	1	0.0	1	0 1
16	2	0.0	1	0 2
20	1	0.0	2	1
29	1	0.0	2	0 1
42	1	0.0	3	0 0 1
53	1	0.0	3	0 0 0 1
56	1	0.0	3	0 1
57	1	0.0	3	0 0 0 1
73	1	0.0	3	0 0 0 1
101	1	0.0	3	0 0 0 1
