This is cutadapt 2.9 with Python 3.6.6
Command line parameters: --interleaved -a file:/nas02/apps/trimmomatic-0.36/Trimmomatic-0.36/adapters/TruSeq3-PE.fa -A file:/nas02/apps/trimmomatic-0.36/Trimmomatic-0.36/adapters/TruSeq3-PE.fa -m 30 /nas/longleaf/home/zpopkinh/Pvivax_resources/wgs_pe_improved_global/fastq/SRS693980/SRR1565078_1.fastq.gz /nas/longleaf/home/zpopkinh/Pvivax_resources/wgs_pe_improved_global/fastq/SRS693980/SRR1565078_2.fastq.gz
Processing reads on 1 core in paired-end mode ...
Finished in 18.70 s (44 us/read; 1.37 M reads/minute).

=== Summary ===

Total read pairs processed:            427,260
  Read 1 with adapter:                  13,956 (3.3%)
  Read 2 with adapter:                  16,068 (3.8%)
Pairs written (passing filters):       427,167 (100.0%)

Total basepairs processed:    86,306,520 bp
  Read 1:    43,153,260 bp
  Read 2:    43,153,260 bp
Total written (filtered):     86,187,617 bp (99.9%)
  Read 1:    43,096,601 bp
  Read 2:    43,091,016 bp

=== First read: Adapter PrefixPE/1 ===

Sequence: TACACTCTTTCCCTACACGACGCTCTTCCGATCT; Type: regular 3'; Length: 34; Trimmed: 6621 times

No. of allowed errors:
0-9 bp: 0; 10-19 bp: 1; 20-29 bp: 2; 30-34 bp: 3

Bases preceding removed adapters:
  A: 24.1%
  C: 23.5%
  G: 26.9%
  T: 25.4%
  none/other: 0.0%

Overview of removed sequences
length	count	expect	max.err	error counts
3	4310	6675.9	0	4310
4	1776	1669.0	0	1776
5	366	417.2	0	366
6	79	104.3	0	79
7	22	26.1	0	22
8	5	6.5	0	5
9	23	1.6	0	2 21
10	23	0.4	1	0 23
11	10	0.1	1	0 10
12	4	0.0	1	0 4
13	3	0.0	1	0 3


=== First read: Adapter PrefixPE/2 ===

Sequence: GTGACTGGAGTTCAGACGTGTGCTCTTCCGATCT; Type: regular 3'; Length: 34; Trimmed: 7335 times

No. of allowed errors:
0-9 bp: 0; 10-19 bp: 1; 20-29 bp: 2; 30-34 bp: 3

Bases preceding removed adapters:
  A: 22.3%
  C: 20.7%
  G: 27.2%
  T: 29.8%
  none/other: 0.0%

Overview of removed sequences
length	count	expect	max.err	error counts
3	5741	6675.9	0	5741
4	1274	1669.0	0	1274
5	231	417.2	0	231
6	52	104.3	0	52
7	12	26.1	0	12
8	2	6.5	0	2
9	6	1.6	0	0 6
10	11	0.4	1	0 11
11	6	0.1	1	0 6


=== Second read: Adapter PrefixPE/1 ===

Sequence: TACACTCTTTCCCTACACGACGCTCTTCCGATCT; Type: regular 3'; Length: 34; Trimmed: 6222 times

No. of allowed errors:
0-9 bp: 0; 10-19 bp: 1; 20-29 bp: 2; 30-34 bp: 3

Bases preceding removed adapters:
  A: 24.2%
  C: 22.7%
  G: 27.5%
  T: 25.7%
  none/other: 0.0%

Overview of removed sequences
length	count	expect	max.err	error counts
3	4203	6675.9	0	4203
4	1501	1669.0	0	1501
5	373	417.2	0	373
6	85	104.3	0	85
7	15	26.1	0	15
8	4	6.5	0	4
9	17	1.6	0	2 15
10	16	0.4	1	0 16
11	7	0.1	1	0 7
12	1	0.0	1	0 1


=== Second read: Adapter PrefixPE/2 ===

Sequence: GTGACTGGAGTTCAGACGTGTGCTCTTCCGATCT; Type: regular 3'; Length: 34; Trimmed: 9846 times

No. of allowed errors:
0-9 bp: 0; 10-19 bp: 1; 20-29 bp: 2; 30-34 bp: 3

Bases preceding removed adapters:
  A: 23.8%
  C: 31.7%
  G: 23.0%
  T: 21.4%
  none/other: 0.0%

Overview of removed sequences
length	count	expect	max.err	error counts
3	8135	6675.9	0	8135
4	1355	1669.0	0	1355
5	186	417.2	0	186
6	45	104.3	0	45
7	9	26.1	0	9
8	1	6.5	0	1
9	14	1.6	0	0 14
10	7	0.4	1	1 6
32	1	0.0	3	0 1
92	1	0.0	3	0 0 0 1
93	90	0.0	3	0 12 28 50
94	2	0.0	3	0 2
