This is cutadapt 2.9 with Python 3.6.6
Command line parameters: --interleaved -a file:/nas02/apps/trimmomatic-0.36/Trimmomatic-0.36/adapters/TruSeq3-PE.fa -A file:/nas02/apps/trimmomatic-0.36/Trimmomatic-0.36/adapters/TruSeq3-PE.fa -m 30 /nas/longleaf/home/zpopkinh/Pvivax_resources/wgs_pe_improved_global/fastq/SRS693980/SRR1564703_1.fastq.gz /nas/longleaf/home/zpopkinh/Pvivax_resources/wgs_pe_improved_global/fastq/SRS693980/SRR1564703_2.fastq.gz
Processing reads on 1 core in paired-end mode ...
Finished in 25.61 s (48 us/read; 1.24 M reads/minute).

=== Summary ===

Total read pairs processed:            529,460
  Read 1 with adapter:                  17,217 (3.3%)
  Read 2 with adapter:                  20,104 (3.8%)
Pairs written (passing filters):       529,460 (100.0%)

Total basepairs processed:   106,950,920 bp
  Read 1:    53,475,460 bp
  Read 2:    53,475,460 bp
Total written (filtered):    106,826,478 bp (99.9%)
  Read 1:    53,417,594 bp
  Read 2:    53,408,884 bp

=== First read: Adapter PrefixPE/1 ===

Sequence: TACACTCTTTCCCTACACGACGCTCTTCCGATCT; Type: regular 3'; Length: 34; Trimmed: 7865 times

No. of allowed errors:
0-9 bp: 0; 10-19 bp: 1; 20-29 bp: 2; 30-34 bp: 3

Bases preceding removed adapters:
  A: 25.1%
  C: 23.3%
  G: 26.0%
  T: 25.6%
  none/other: 0.0%

Overview of removed sequences
length	count	expect	max.err	error counts
3	5369	8272.8	0	5369
4	1839	2068.2	0	1839
5	483	517.1	0	483
6	94	129.3	0	94
7	22	32.3	0	22
8	1	8.1	0	1
9	24	2.0	0	3 21
10	23	0.5	1	1 22
11	8	0.1	1	0 8
12	2	0.0	1	0 2


=== First read: Adapter PrefixPE/2 ===

Sequence: GTGACTGGAGTTCAGACGTGTGCTCTTCCGATCT; Type: regular 3'; Length: 34; Trimmed: 9352 times

No. of allowed errors:
0-9 bp: 0; 10-19 bp: 1; 20-29 bp: 2; 30-34 bp: 3

Bases preceding removed adapters:
  A: 23.2%
  C: 18.5%
  G: 28.3%
  T: 30.0%
  none/other: 0.0%

Overview of removed sequences
length	count	expect	max.err	error counts
3	7295	8272.8	0	7295
4	1682	2068.2	0	1682
5	269	517.1	0	269
6	62	129.3	0	62
7	18	32.3	0	18
8	5	8.1	0	5
9	8	2.0	0	1 7
10	9	0.5	1	0 9
11	2	0.1	1	0 2
12	2	0.0	1	0 2


=== Second read: Adapter PrefixPE/1 ===

Sequence: TACACTCTTTCCCTACACGACGCTCTTCCGATCT; Type: regular 3'; Length: 34; Trimmed: 7669 times

No. of allowed errors:
0-9 bp: 0; 10-19 bp: 1; 20-29 bp: 2; 30-34 bp: 3

Bases preceding removed adapters:
  A: 24.6%
  C: 23.1%
  G: 26.9%
  T: 25.3%
  none/other: 0.0%

Overview of removed sequences
length	count	expect	max.err	error counts
3	5194	8272.8	0	5194
4	1830	2068.2	0	1830
5	474	517.1	0	474
6	90	129.3	0	90
7	23	32.3	0	23
8	4	8.1	0	4
9	22	2.0	0	2 20
10	20	0.5	1	1 19
11	7	0.1	1	0 7
12	4	0.0	1	0 4
13	1	0.0	1	0 1


=== Second read: Adapter PrefixPE/2 ===

Sequence: GTGACTGGAGTTCAGACGTGTGCTCTTCCGATCT; Type: regular 3'; Length: 34; Trimmed: 12435 times

No. of allowed errors:
0-9 bp: 0; 10-19 bp: 1; 20-29 bp: 2; 30-34 bp: 3

Bases preceding removed adapters:
  A: 22.9%
  C: 31.8%
  G: 22.5%
  T: 22.8%
  none/other: 0.0%

Overview of removed sequences
length	count	expect	max.err	error counts
3	10300	8272.8	0	10300
4	1738	2068.2	0	1738
5	298	517.1	0	298
6	57	129.3	0	57
7	21	32.3	0	21
9	9	2.0	0	0 9
10	9	0.5	1	0 9
11	3	0.1	1	0 3
