This is cutadapt 2.9 with Python 3.6.6
Command line parameters: --interleaved -a file:/nas02/apps/trimmomatic-0.36/Trimmomatic-0.36/adapters/TruSeq3-PE.fa -A file:/nas02/apps/trimmomatic-0.36/Trimmomatic-0.36/adapters/TruSeq3-PE.fa -m 30 /nas/longleaf/home/zpopkinh/Pvivax_resources/wgs_pe_improved_global/fastq/SRS693980/SRR1568180_1.fastq.gz /nas/longleaf/home/zpopkinh/Pvivax_resources/wgs_pe_improved_global/fastq/SRS693980/SRR1568180_2.fastq.gz
Processing reads on 1 core in paired-end mode ...
Finished in 1769.17 s (67 us/read; 0.90 M reads/minute).

=== Summary ===

Total read pairs processed:         26,570,237
  Read 1 with adapter:                 902,880 (3.4%)
  Read 2 with adapter:                 990,260 (3.7%)
Pairs written (passing filters):    26,570,220 (100.0%)

Total basepairs processed: 5,367,187,874 bp
  Read 1: 2,683,593,937 bp
  Read 2: 2,683,593,937 bp
Total written (filtered):  5,360,861,590 bp (99.9%)
  Read 1: 2,680,560,595 bp
  Read 2: 2,680,300,995 bp

=== First read: Adapter PrefixPE/1 ===

Sequence: TACACTCTTTCCCTACACGACGCTCTTCCGATCT; Type: regular 3'; Length: 34; Trimmed: 409278 times

No. of allowed errors:
0-9 bp: 0; 10-19 bp: 1; 20-29 bp: 2; 30-34 bp: 3

Bases preceding removed adapters:
  A: 23.4%
  C: 24.2%
  G: 27.7%
  T: 24.7%
  none/other: 0.0%

Overview of removed sequences
length	count	expect	max.err	error counts
3	280314	415160.0	0	280314
4	94584	103790.0	0	94584
5	25568	25947.5	0	25568
6	4678	6486.9	0	4678
7	1139	1621.7	0	1139
8	248	405.4	0	248
9	1083	101.4	0	96 987
10	1065	25.3	1	36 1029
11	438	6.3	1	3 435
12	107	1.6	1	0 107
13	26	0.4	1	0 26
14	6	0.1	1	0 6
15	2	0.0	1	0 2
17	1	0.0	1	0 1
20	1	0.0	2	0 0 1
22	1	0.0	2	0 1
23	2	0.0	2	0 1 1
29	1	0.0	2	1
35	1	0.0	3	0 1
36	1	0.0	3	0 0 1
39	1	0.0	3	0 0 0 1
44	2	0.0	3	0 0 2
57	1	0.0	3	0 0 1
60	1	0.0	3	0 0 1
64	1	0.0	3	1
66	2	0.0	3	0 0 2
67	1	0.0	3	0 0 0 1
71	1	0.0	3	0 0 0 1
101	2	0.0	3	0 1 1


=== First read: Adapter PrefixPE/2 ===

Sequence: GTGACTGGAGTTCAGACGTGTGCTCTTCCGATCT; Type: regular 3'; Length: 34; Trimmed: 493602 times

No. of allowed errors:
0-9 bp: 0; 10-19 bp: 1; 20-29 bp: 2; 30-34 bp: 3

Bases preceding removed adapters:
  A: 22.7%
  C: 19.9%
  G: 28.2%
  T: 29.2%
  none/other: 0.0%

Overview of removed sequences
length	count	expect	max.err	error counts
3	386986	415160.0	0	386986
4	86619	103790.0	0	86619
5	14545	25947.5	0	14545
6	3230	6486.9	0	3230
7	813	1621.7	0	813
8	129	405.4	0	129
9	594	101.4	0	22 572
10	468	25.3	1	12 456
11	163	6.3	1	2 161
12	45	1.6	1	0 45
13	10	0.4	1	0 10


=== Second read: Adapter PrefixPE/1 ===

Sequence: TACACTCTTTCCCTACACGACGCTCTTCCGATCT; Type: regular 3'; Length: 34; Trimmed: 403337 times

No. of allowed errors:
0-9 bp: 0; 10-19 bp: 1; 20-29 bp: 2; 30-34 bp: 3

Bases preceding removed adapters:
  A: 23.6%
  C: 24.2%
  G: 27.7%
  T: 24.5%
  none/other: 0.0%

Overview of removed sequences
length	count	expect	max.err	error counts
3	276141	415160.0	0	276141
4	93482	103790.0	0	93482
5	25083	25947.5	0	25083
6	4463	6486.9	0	4463
7	1139	1621.7	0	1139
8	276	405.4	0	276
9	1088	101.4	0	70 1018
10	1093	25.3	1	34 1059
11	455	6.3	1	5 450
12	85	1.6	1	3 82
13	20	0.4	1	0 20
14	8	0.1	1	0 8
15	2	0.0	1	0 2
18	1	0.0	1	0 0 1
41	1	0.0	3	0 0 0 1


=== Second read: Adapter PrefixPE/2 ===

Sequence: GTGACTGGAGTTCAGACGTGTGCTCTTCCGATCT; Type: regular 3'; Length: 34; Trimmed: 586923 times

No. of allowed errors:
0-9 bp: 0; 10-19 bp: 1; 20-29 bp: 2; 30-34 bp: 3

Bases preceding removed adapters:
  A: 22.2%
  C: 29.0%
  G: 24.2%
  T: 24.5%
  none/other: 0.0%

Overview of removed sequences
length	count	expect	max.err	error counts
3	479521	415160.0	0	479521
4	87792	103790.0	0	87792
5	14324	25947.5	0	14324
6	3022	6486.9	0	3022
7	809	1621.7	0	809
8	117	405.4	0	117
9	608	101.4	0	37 571
10	476	25.3	1	8 468
11	185	6.3	1	1 184
12	35	1.6	1	0 35
13	12	0.4	1	0 12
29	1	0.0	2	1
42	1	0.0	3	0 0 1
48	1	0.0	3	0 0 1
52	1	0.0	3	0 0 0 1
54	1	0.0	3	0 0 1
71	2	0.0	3	0 0 2
72	3	0.0	3	0 0 1 2
92	1	0.0	3	0 0 1
93	8	0.0	3	0 1 1 6
94	3	0.0	3	0 0 0 3
