This is cutadapt 2.9 with Python 3.6.6
Command line parameters: --interleaved -a file:/nas02/apps/trimmomatic-0.36/Trimmomatic-0.36/adapters/TruSeq3-PE.fa -A file:/nas02/apps/trimmomatic-0.36/Trimmomatic-0.36/adapters/TruSeq3-PE.fa -m 30 /nas/longleaf/home/zpopkinh/Pvivax_resources/wgs_pe_improved_global/fastq/SRS1566640/SRR3926981_1.fastq.gz /nas/longleaf/home/zpopkinh/Pvivax_resources/wgs_pe_improved_global/fastq/SRS1566640/SRR3926981_2.fastq.gz
Processing reads on 1 core in paired-end mode ...
Finished in 1867.80 s (94 us/read; 0.64 M reads/minute).

=== Summary ===

Total read pairs processed:         19,855,761
  Read 1 with adapter:                 747,551 (3.8%)
  Read 2 with adapter:                 747,193 (3.8%)
Pairs written (passing filters):    19,855,757 (100.0%)

Total basepairs processed: 4,963,940,250 bp
  Read 1: 2,481,970,125 bp
  Read 2: 2,481,970,125 bp
Total written (filtered):  4,958,821,468 bp (99.9%)
  Read 1: 2,479,409,978 bp
  Read 2: 2,479,411,490 bp

=== First read: Adapter PrefixPE/1 ===

Sequence: TACACTCTTTCCCTACACGACGCTCTTCCGATCT; Type: regular 3'; Length: 34; Trimmed: 353958 times

No. of allowed errors:
0-9 bp: 0; 10-19 bp: 1; 20-29 bp: 2; 30-34 bp: 3

Bases preceding removed adapters:
  A: 30.7%
  C: 22.3%
  G: 15.9%
  T: 31.1%
  none/other: 0.0%

Overview of removed sequences
length	count	expect	max.err	error counts
3	230188	310246.3	0	230188
4	98811	77561.6	0	98811
5	15569	19390.4	0	15569
6	4466	4847.6	0	4466
7	890	1211.9	0	890
8	304	303.0	0	304
9	939	75.7	0	111 828
10	2090	18.9	1	56 2034
11	539	4.7	1	4 535
12	112	1.2	1	0 112
13	34	0.3	1	1 33
14	9	0.1	1	0 9
15	4	0.0	1	0 4
120	1	0.0	3	0 0 1
121	2	0.0	3	0 2


=== First read: Adapter PrefixPE/2 ===

Sequence: GTGACTGGAGTTCAGACGTGTGCTCTTCCGATCT; Type: regular 3'; Length: 34; Trimmed: 393593 times

No. of allowed errors:
0-9 bp: 0; 10-19 bp: 1; 20-29 bp: 2; 30-34 bp: 3

Bases preceding removed adapters:
  A: 31.2%
  C: 6.3%
  G: 24.6%
  T: 37.9%
  none/other: 0.0%

Overview of removed sequences
length	count	expect	max.err	error counts
3	290004	310246.3	0	290004
4	81977	77561.6	0	81977
5	13866	19390.4	0	13866
6	4316	4847.6	0	4316
7	1165	1211.9	0	1165
8	270	303.0	0	270
9	715	75.7	0	75 640
10	837	18.9	1	27 810
11	338	4.7	1	6 332
12	76	1.2	1	0 76
13	19	0.3	1	1 18
14	9	0.1	1	1 8
15	1	0.0	1	0 1


=== Second read: Adapter PrefixPE/1 ===

Sequence: TACACTCTTTCCCTACACGACGCTCTTCCGATCT; Type: regular 3'; Length: 34; Trimmed: 357723 times

No. of allowed errors:
0-9 bp: 0; 10-19 bp: 1; 20-29 bp: 2; 30-34 bp: 3

Bases preceding removed adapters:
  A: 30.3%
  C: 22.5%
  G: 15.9%
  T: 31.2%
  none/other: 0.0%

Overview of removed sequences
length	count	expect	max.err	error counts
3	233122	310246.3	0	233122
4	99377	77561.6	0	99377
5	15635	19390.4	0	15635
6	4562	4847.6	0	4562
7	956	1211.9	0	956
8	310	303.0	0	310
9	972	75.7	0	115 857
10	2043	18.9	1	61 1982
11	582	4.7	1	4 578
12	112	1.2	1	5 107
13	41	0.3	1	0 41
14	6	0.1	1	0 6
15	3	0.0	1	0 3
16	1	0.0	1	0 1
125	1	0.0	3	0 0 1


=== Second read: Adapter PrefixPE/2 ===

Sequence: GTGACTGGAGTTCAGACGTGTGCTCTTCCGATCT; Type: regular 3'; Length: 34; Trimmed: 389470 times

No. of allowed errors:
0-9 bp: 0; 10-19 bp: 1; 20-29 bp: 2; 30-34 bp: 3

Bases preceding removed adapters:
  A: 30.8%
  C: 6.7%
  G: 24.6%
  T: 37.9%
  none/other: 0.0%

Overview of removed sequences
length	count	expect	max.err	error counts
3	286904	310246.3	0	286904
4	81366	77561.6	0	81366
5	13500	19390.4	0	13500
6	4338	4847.6	0	4338
7	1169	1211.9	0	1169
8	325	303.0	0	325
9	742	75.7	0	83 659
10	735	18.9	1	20 715
11	302	4.7	1	3 299
12	67	1.2	1	3 64
13	13	0.3	1	0 13
14	5	0.1	1	0 5
15	4	0.0	1	0 4
