This is cutadapt 2.9 with Python 3.6.6
Command line parameters: --interleaved -a file:/nas02/apps/trimmomatic-0.36/Trimmomatic-0.36/adapters/TruSeq3-PE.fa -A file:/nas02/apps/trimmomatic-0.36/Trimmomatic-0.36/adapters/TruSeq3-PE.fa -m 30 /nas/longleaf/home/zpopkinh/Pvivax_resources/wgs_pe_improved_global/fastq/SRS694233/SRR1564962_1.fastq.gz /nas/longleaf/home/zpopkinh/Pvivax_resources/wgs_pe_improved_global/fastq/SRS694233/SRR1564962_2.fastq.gz
Processing reads on 1 core in paired-end mode ...
Finished in 0.91 s (52 us/read; 1.16 M reads/minute).

=== Summary ===

Total read pairs processed:             17,526
  Read 1 with adapter:                     565 (3.2%)
  Read 2 with adapter:                     664 (3.8%)
Pairs written (passing filters):        17,526 (100.0%)

Total basepairs processed:     3,540,252 bp
  Read 1:     1,770,126 bp
  Read 2:     1,770,126 bp
Total written (filtered):      3,536,017 bp (99.9%)
  Read 1:     1,768,165 bp
  Read 2:     1,767,852 bp

=== First read: Adapter PrefixPE/1 ===

Sequence: TACACTCTTTCCCTACACGACGCTCTTCCGATCT; Type: regular 3'; Length: 34; Trimmed: 269 times

No. of allowed errors:
0-9 bp: 0; 10-19 bp: 1; 20-29 bp: 2; 30-34 bp: 3

Bases preceding removed adapters:
  A: 30.1%
  C: 20.1%
  G: 23.0%
  T: 26.8%
  none/other: 0.0%

Overview of removed sequences
length	count	expect	max.err	error counts
3	166	273.8	0	166
4	74	68.5	0	74
5	17	17.1	0	17
6	6	4.3	0	6
7	1	1.1	0	1
9	1	0.1	0	0 1
10	3	0.0	1	1 2
11	1	0.0	1	0 1


=== First read: Adapter PrefixPE/2 ===

Sequence: GTGACTGGAGTTCAGACGTGTGCTCTTCCGATCT; Type: regular 3'; Length: 34; Trimmed: 296 times

No. of allowed errors:
0-9 bp: 0; 10-19 bp: 1; 20-29 bp: 2; 30-34 bp: 3

Bases preceding removed adapters:
  A: 27.0%
  C: 10.5%
  G: 22.6%
  T: 39.9%
  none/other: 0.0%

Overview of removed sequences
length	count	expect	max.err	error counts
3	218	273.8	0	218
4	65	68.5	0	65
5	7	17.1	0	7
6	5	4.3	0	5
10	1	0.0	1	0 1


=== Second read: Adapter PrefixPE/1 ===

Sequence: TACACTCTTTCCCTACACGACGCTCTTCCGATCT; Type: regular 3'; Length: 34; Trimmed: 301 times

No. of allowed errors:
0-9 bp: 0; 10-19 bp: 1; 20-29 bp: 2; 30-34 bp: 3

Bases preceding removed adapters:
  A: 27.9%
  C: 22.3%
  G: 23.6%
  T: 26.2%
  none/other: 0.0%

Overview of removed sequences
length	count	expect	max.err	error counts
3	190	273.8	0	190
4	81	68.5	0	81
5	17	17.1	0	17
6	3	4.3	0	3
7	2	1.1	0	2
8	1	0.3	0	1
10	7	0.0	1	0 7


=== Second read: Adapter PrefixPE/2 ===

Sequence: GTGACTGGAGTTCAGACGTGTGCTCTTCCGATCT; Type: regular 3'; Length: 34; Trimmed: 363 times

No. of allowed errors:
0-9 bp: 0; 10-19 bp: 1; 20-29 bp: 2; 30-34 bp: 3

Bases preceding removed adapters:
  A: 29.5%
  C: 25.3%
  G: 16.8%
  T: 28.4%
  none/other: 0.0%

Overview of removed sequences
length	count	expect	max.err	error counts
3	279	273.8	0	279
4	74	68.5	0	74
5	8	17.1	0	8
6	2	4.3	0	2
