This is cutadapt 2.9 with Python 3.6.6
Command line parameters: --interleaved -a file:/nas02/apps/trimmomatic-0.36/Trimmomatic-0.36/adapters/TruSeq3-PE.fa -A file:/nas02/apps/trimmomatic-0.36/Trimmomatic-0.36/adapters/TruSeq3-PE.fa -m 30 /nas/longleaf/home/zpopkinh/Pvivax_resources/wgs_pe_improved_global/fastq/ERR5740716/ERR5740716_1.fastq.gz /nas/longleaf/home/zpopkinh/Pvivax_resources/wgs_pe_improved_global/fastq/ERR5740716/ERR5740716_2.fastq.gz
Processing reads on 1 core in paired-end mode ...
Finished in 339.59 s (104 us/read; 0.58 M reads/minute).

=== Summary ===

Total read pairs processed:          3,280,673
  Read 1 with adapter:                 119,005 (3.6%)
  Read 2 with adapter:                 115,366 (3.5%)
Pairs written (passing filters):     3,280,670 (100.0%)

Total basepairs processed:   990,763,246 bp
  Read 1:   495,381,623 bp
  Read 2:   495,381,623 bp
Total written (filtered):    989,969,343 bp (99.9%)
  Read 1:   494,978,090 bp
  Read 2:   494,991,253 bp

=== First read: Adapter PrefixPE/1 ===

Sequence: TACACTCTTTCCCTACACGACGCTCTTCCGATCT; Type: regular 3'; Length: 34; Trimmed: 55442 times

No. of allowed errors:
0-9 bp: 0; 10-19 bp: 1; 20-29 bp: 2; 30-34 bp: 3

Bases preceding removed adapters:
  A: 27.3%
  C: 23.9%
  G: 20.8%
  T: 28.1%
  none/other: 0.0%

Overview of removed sequences
length	count	expect	max.err	error counts
3	37171	51260.5	0	37171
4	14154	12815.1	0	14154
5	2849	3203.8	0	2849
6	581	800.9	0	581
7	129	200.2	0	129
8	35	50.1	0	35
9	187	12.5	0	10 177
10	226	3.1	1	7 219
11	74	0.8	1	0 74
12	22	0.2	1	0 22
13	4	0.0	1	0 4
14	4	0.0	1	0 4
15	2	0.0	1	0 2
86	1	0.0	3	0 0 1
88	1	0.0	3	0 0 1
94	1	0.0	3	0 1
151	1	0.0	3	0 0 0 1


=== First read: Adapter PrefixPE/2 ===

Sequence: GTGACTGGAGTTCAGACGTGTGCTCTTCCGATCT; Type: regular 3'; Length: 34; Trimmed: 63563 times

No. of allowed errors:
0-9 bp: 0; 10-19 bp: 1; 20-29 bp: 2; 30-34 bp: 3

Bases preceding removed adapters:
  A: 27.1%
  C: 12.7%
  G: 26.8%
  T: 33.4%
  none/other: 0.0%

Overview of removed sequences
length	count	expect	max.err	error counts
3	48693	51260.5	0	48693
4	11854	12815.1	0	11854
5	2006	3203.8	0	2006
6	612	800.9	0	612
7	148	200.2	0	148
8	37	50.1	0	37
9	99	12.5	0	11 88
10	76	3.1	1	2 74
11	28	0.8	1	0 28
12	8	0.2	1	0 8
13	2	0.0	1	0 2


=== Second read: Adapter PrefixPE/1 ===

Sequence: TACACTCTTTCCCTACACGACGCTCTTCCGATCT; Type: regular 3'; Length: 34; Trimmed: 53588 times

No. of allowed errors:
0-9 bp: 0; 10-19 bp: 1; 20-29 bp: 2; 30-34 bp: 3

Bases preceding removed adapters:
  A: 28.0%
  C: 24.0%
  G: 21.0%
  T: 27.1%
  none/other: 0.0%

Overview of removed sequences
length	count	expect	max.err	error counts
3	35989	51260.5	0	35989
4	13268	12815.1	0	13268
5	2975	3203.8	0	2975
6	669	800.9	0	669
7	143	200.2	0	143
8	47	50.1	0	47
9	171	12.5	0	20 151
10	216	3.1	1	4 212
11	77	0.8	1	0 77
12	19	0.2	1	0 19
13	10	0.0	1	0 10
14	1	0.0	1	0 1
15	1	0.0	1	0 1
81	1	0.0	3	1
151	1	0.0	3	0 0 1


=== Second read: Adapter PrefixPE/2 ===

Sequence: GTGACTGGAGTTCAGACGTGTGCTCTTCCGATCT; Type: regular 3'; Length: 34; Trimmed: 61778 times

No. of allowed errors:
0-9 bp: 0; 10-19 bp: 1; 20-29 bp: 2; 30-34 bp: 3

Bases preceding removed adapters:
  A: 26.3%
  C: 14.7%
  G: 26.7%
  T: 32.3%
  none/other: 0.0%

Overview of removed sequences
length	count	expect	max.err	error counts
3	48371	51260.5	0	48371
4	10567	12815.1	0	10567
5	1953	3203.8	0	1953
6	500	800.9	0	500
7	123	200.2	0	123
8	40	50.1	0	40
9	95	12.5	0	7 88
10	88	3.1	1	3 85
11	36	0.8	1	0 36
12	2	0.2	1	0 2
13	1	0.0	1	0 1
103	1	0.0	3	0 0 0 1
143	1	0.0	3	0 0 0 1
