This is cutadapt 2.9 with Python 3.6.6
Command line parameters: --interleaved -a file:/nas02/apps/trimmomatic-0.36/Trimmomatic-0.36/adapters/TruSeq3-PE.fa -A file:/nas02/apps/trimmomatic-0.36/Trimmomatic-0.36/adapters/TruSeq3-PE.fa -m 30 /nas/longleaf/home/zpopkinh/Pvivax_resources/wgs_pe_improved_global/fastq/ERR5740784/ERR5740784_1.fastq.gz /nas/longleaf/home/zpopkinh/Pvivax_resources/wgs_pe_improved_global/fastq/ERR5740784/ERR5740784_2.fastq.gz
Processing reads on 1 core in paired-end mode ...
Finished in 562.83 s (169 us/read; 0.35 M reads/minute).

=== Summary ===

Total read pairs processed:          3,325,016
  Read 1 with adapter:                 122,269 (3.7%)
  Read 2 with adapter:                 120,051 (3.6%)
Pairs written (passing filters):     3,325,015 (100.0%)

Total basepairs processed: 1,004,154,832 bp
  Read 1:   502,077,416 bp
  Read 2:   502,077,416 bp
Total written (filtered):  1,003,329,036 bp (99.9%)
  Read 1:   501,661,170 bp
  Read 2:   501,667,866 bp

=== First read: Adapter PrefixPE/1 ===

Sequence: TACACTCTTTCCCTACACGACGCTCTTCCGATCT; Type: regular 3'; Length: 34; Trimmed: 60021 times

No. of allowed errors:
0-9 bp: 0; 10-19 bp: 1; 20-29 bp: 2; 30-34 bp: 3

Bases preceding removed adapters:
  A: 30.1%
  C: 21.3%
  G: 18.5%
  T: 30.1%
  none/other: 0.0%

Overview of removed sequences
length	count	expect	max.err	error counts
3	39261	51953.4	0	39261
4	16460	12988.3	0	16460
5	2833	3247.1	0	2833
6	738	811.8	0	738
7	151	202.9	0	151
8	56	50.7	0	56
9	174	12.7	0	17 157
10	256	3.2	1	6 250
11	73	0.8	1	3 70
12	12	0.2	1	0 12
13	3	0.0	1	0 3
14	1	0.0	1	0 1
88	1	0.0	3	0 0 1
91	1	0.0	3	0 0 0 1
151	1	0.0	3	0 0 1


=== First read: Adapter PrefixPE/2 ===

Sequence: GTGACTGGAGTTCAGACGTGTGCTCTTCCGATCT; Type: regular 3'; Length: 34; Trimmed: 62248 times

No. of allowed errors:
0-9 bp: 0; 10-19 bp: 1; 20-29 bp: 2; 30-34 bp: 3

Bases preceding removed adapters:
  A: 29.1%
  C: 10.4%
  G: 25.1%
  T: 35.4%
  none/other: 0.0%

Overview of removed sequences
length	count	expect	max.err	error counts
3	47052	51953.4	0	47052
4	12214	12988.3	0	12214
5	1971	3247.1	0	1971
6	583	811.8	0	583
7	157	202.9	0	157
8	35	50.7	0	35
9	95	12.7	0	8 87
10	90	3.2	1	4 86
11	42	0.8	1	0 42
12	9	0.2	1	0 9


=== Second read: Adapter PrefixPE/1 ===

Sequence: TACACTCTTTCCCTACACGACGCTCTTCCGATCT; Type: regular 3'; Length: 34; Trimmed: 58482 times

No. of allowed errors:
0-9 bp: 0; 10-19 bp: 1; 20-29 bp: 2; 30-34 bp: 3

Bases preceding removed adapters:
  A: 30.5%
  C: 22.0%
  G: 18.8%
  T: 28.6%
  none/other: 0.0%

Overview of removed sequences
length	count	expect	max.err	error counts
3	38183	51953.4	0	38183
4	15900	12988.3	0	15900
5	2937	3247.1	0	2937
6	741	811.8	0	741
7	166	202.9	0	166
8	30	50.7	0	30
9	183	12.7	0	21 162
10	230	3.2	1	2 228
11	90	0.8	1	4 86
12	15	0.2	1	2 13
13	2	0.0	1	0 2
14	3	0.0	1	0 3
15	1	0.0	1	0 1
108	1	0.0	3	0 0 1


=== Second read: Adapter PrefixPE/2 ===

Sequence: GTGACTGGAGTTCAGACGTGTGCTCTTCCGATCT; Type: regular 3'; Length: 34; Trimmed: 61569 times

No. of allowed errors:
0-9 bp: 0; 10-19 bp: 1; 20-29 bp: 2; 30-34 bp: 3

Bases preceding removed adapters:
  A: 28.9%
  C: 11.7%
  G: 25.2%
  T: 34.3%
  none/other: 0.0%

Overview of removed sequences
length	count	expect	max.err	error counts
3	46621	51953.4	0	46621
4	11894	12988.3	0	11894
5	2008	3247.1	0	2008
6	566	811.8	0	566
7	162	202.9	0	162
8	44	50.7	0	44
9	116	12.7	0	14 102
10	101	3.2	1	4 97
11	41	0.8	1	0 41
12	9	0.2	1	0 9
13	3	0.0	1	0 3
93	1	0.0	3	0 1
97	1	0.0	3	0 0 1
102	1	0.0	3	1
104	1	0.0	3	1
