This is cutadapt 2.9 with Python 3.6.6
Command line parameters: --interleaved -a file:/nas02/apps/trimmomatic-0.36/Trimmomatic-0.36/adapters/TruSeq3-PE.fa -A file:/nas02/apps/trimmomatic-0.36/Trimmomatic-0.36/adapters/TruSeq3-PE.fa -m 30 /nas/longleaf/home/zpopkinh/Pvivax_resources/wgs_pe_improved_global/fastq/ERS241424/ERR337613_1.fastq.gz /nas/longleaf/home/zpopkinh/Pvivax_resources/wgs_pe_improved_global/fastq/ERS241424/ERR337613_2.fastq.gz
Processing reads on 1 core in paired-end mode ...
Finished in 1325.51 s (76 us/read; 0.79 M reads/minute).

=== Summary ===

Total read pairs processed:         17,362,902
  Read 1 with adapter:                 627,219 (3.6%)
  Read 2 with adapter:                 622,386 (3.6%)
Pairs written (passing filters):    17,362,897 (100.0%)

Total basepairs processed: 3,472,580,400 bp
  Read 1: 1,736,290,200 bp
  Read 2: 1,736,290,200 bp
Total written (filtered):  3,468,359,821 bp (99.9%)
  Read 1: 1,734,171,782 bp
  Read 2: 1,734,188,039 bp

=== First read: Adapter PrefixPE/1 ===

Sequence: TACACTCTTTCCCTACACGACGCTCTTCCGATCT; Type: regular 3'; Length: 34; Trimmed: 341164 times

No. of allowed errors:
0-9 bp: 0; 10-19 bp: 1; 20-29 bp: 2; 30-34 bp: 3

Bases preceding removed adapters:
  A: 29.9%
  C: 18.1%
  G: 22.2%
  T: 29.9%
  none/other: 0.0%

Overview of removed sequences
length	count	expect	max.err	error counts
3	227429	271295.3	0	227429
4	88390	67823.8	0	88390
5	17865	16956.0	0	17865
6	3940	4239.0	0	3940
7	817	1059.7	0	817
8	190	264.9	0	190
9	1002	66.2	0	56 946
10	1064	16.6	1	20 1044
11	361	4.1	1	3 358
12	74	1.0	1	0 74
13	22	0.3	1	1 21
14	5	0.1	1	0 5
100	5	0.0	3	0 0 0 5


=== First read: Adapter PrefixPE/2 ===

Sequence: GTGACTGGAGTTCAGACGTGTGCTCTTCCGATCT; Type: regular 3'; Length: 34; Trimmed: 286055 times

No. of allowed errors:
0-9 bp: 0; 10-19 bp: 1; 20-29 bp: 2; 30-34 bp: 3

Bases preceding removed adapters:
  A: 24.0%
  C: 18.2%
  G: 25.4%
  T: 32.4%
  none/other: 0.0%

Overview of removed sequences
length	count	expect	max.err	error counts
3	223715	271295.3	0	223715
4	51596	67823.8	0	51596
5	7896	16956.0	0	7896
6	1763	4239.0	0	1763
7	409	1059.7	0	409
8	60	264.9	0	60
9	250	66.2	0	11 239
10	251	16.6	1	9 242
11	85	4.1	1	1 84
12	21	1.0	1	0 21
13	9	0.3	1	0 9


=== Second read: Adapter PrefixPE/1 ===

Sequence: TACACTCTTTCCCTACACGACGCTCTTCCGATCT; Type: regular 3'; Length: 34; Trimmed: 340739 times

No. of allowed errors:
0-9 bp: 0; 10-19 bp: 1; 20-29 bp: 2; 30-34 bp: 3

Bases preceding removed adapters:
  A: 30.0%
  C: 18.2%
  G: 21.9%
  T: 30.0%
  none/other: 0.0%

Overview of removed sequences
length	count	expect	max.err	error counts
3	226623	271295.3	0	226623
4	88843	67823.8	0	88843
5	17897	16956.0	0	17897
6	3926	4239.0	0	3926
7	742	1059.7	0	742
8	177	264.9	0	177
9	1027	66.2	0	65 962
10	1075	16.6	1	22 1053
11	346	4.1	1	2 344
12	63	1.0	1	0 63
13	13	0.3	1	0 13
14	5	0.1	1	0 5
15	2	0.0	1	0 2


=== Second read: Adapter PrefixPE/2 ===

Sequence: GTGACTGGAGTTCAGACGTGTGCTCTTCCGATCT; Type: regular 3'; Length: 34; Trimmed: 281647 times

No. of allowed errors:
0-9 bp: 0; 10-19 bp: 1; 20-29 bp: 2; 30-34 bp: 3

Bases preceding removed adapters:
  A: 24.0%
  C: 18.2%
  G: 25.4%
  T: 32.4%
  none/other: 0.0%

Overview of removed sequences
length	count	expect	max.err	error counts
3	221224	271295.3	0	221224
4	49613	67823.8	0	49613
5	7878	16956.0	0	7878
6	1840	4239.0	0	1840
7	422	1059.7	0	422
8	62	264.9	0	62
9	270	66.2	0	13 257
10	235	16.6	1	6 229
11	79	4.1	1	0 79
12	20	1.0	1	0 20
13	4	0.3	1	0 4
