This is cutadapt 2.9 with Python 3.6.6
Command line parameters: --interleaved -a file:/nas02/apps/trimmomatic-0.36/Trimmomatic-0.36/adapters/TruSeq3-PE.fa -A file:/nas02/apps/trimmomatic-0.36/Trimmomatic-0.36/adapters/TruSeq3-PE.fa -m 30 /nas/longleaf/home/zpopkinh/Pvivax_resources/wgs_pe_improved_global/fastq/SRS694254/SRR1565074_1.fastq.gz /nas/longleaf/home/zpopkinh/Pvivax_resources/wgs_pe_improved_global/fastq/SRS694254/SRR1565074_2.fastq.gz
Processing reads on 1 core in paired-end mode ...
Finished in 1.16 s (61 us/read; 0.99 M reads/minute).

=== Summary ===

Total read pairs processed:             19,123
  Read 1 with adapter:                     596 (3.1%)
  Read 2 with adapter:                     756 (4.0%)
Pairs written (passing filters):        19,122 (100.0%)

Total basepairs processed:     3,862,846 bp
  Read 1:     1,931,423 bp
  Read 2:     1,931,423 bp
Total written (filtered):      3,858,025 bp (99.9%)
  Read 1:     1,929,277 bp
  Read 2:     1,928,748 bp

=== First read: Adapter PrefixPE/1 ===

Sequence: TACACTCTTTCCCTACACGACGCTCTTCCGATCT; Type: regular 3'; Length: 34; Trimmed: 313 times

No. of allowed errors:
0-9 bp: 0; 10-19 bp: 1; 20-29 bp: 2; 30-34 bp: 3

Bases preceding removed adapters:
  A: 29.4%
  C: 23.3%
  G: 20.8%
  T: 26.5%
  none/other: 0.0%

Overview of removed sequences
length	count	expect	max.err	error counts
3	200	298.8	0	200
4	86	74.7	0	86
5	17	18.7	0	17
6	3	4.7	0	3
7	2	1.2	0	2
9	1	0.1	0	0 1
10	4	0.0	1	0 4


=== First read: Adapter PrefixPE/2 ===

Sequence: GTGACTGGAGTTCAGACGTGTGCTCTTCCGATCT; Type: regular 3'; Length: 34; Trimmed: 283 times

No. of allowed errors:
0-9 bp: 0; 10-19 bp: 1; 20-29 bp: 2; 30-34 bp: 3

Bases preceding removed adapters:
  A: 26.5%
  C: 9.5%
  G: 22.6%
  T: 41.3%
  none/other: 0.0%

Overview of removed sequences
length	count	expect	max.err	error counts
3	214	298.8	0	214
4	59	74.7	0	59
5	5	18.7	0	5
6	4	4.7	0	4
8	1	0.3	0	1


=== Second read: Adapter PrefixPE/1 ===

Sequence: TACACTCTTTCCCTACACGACGCTCTTCCGATCT; Type: regular 3'; Length: 34; Trimmed: 326 times

No. of allowed errors:
0-9 bp: 0; 10-19 bp: 1; 20-29 bp: 2; 30-34 bp: 3

Bases preceding removed adapters:
  A: 30.4%
  C: 20.2%
  G: 22.7%
  T: 26.7%
  none/other: 0.0%

Overview of removed sequences
length	count	expect	max.err	error counts
3	220	298.8	0	220
4	74	74.7	0	74
5	16	18.7	0	16
6	1	4.7	0	1
7	1	1.2	0	1
8	2	0.3	0	2
9	2	0.1	0	2
10	8	0.0	1	0 8
11	2	0.0	1	0 2


=== Second read: Adapter PrefixPE/2 ===

Sequence: GTGACTGGAGTTCAGACGTGTGCTCTTCCGATCT; Type: regular 3'; Length: 34; Trimmed: 430 times

No. of allowed errors:
0-9 bp: 0; 10-19 bp: 1; 20-29 bp: 2; 30-34 bp: 3

Bases preceding removed adapters:
  A: 24.7%
  C: 29.1%
  G: 17.4%
  T: 28.8%
  none/other: 0.0%

Overview of removed sequences
length	count	expect	max.err	error counts
3	346	298.8	0	346
4	71	74.7	0	71
5	8	18.7	0	8
6	3	4.7	0	3
9	1	0.1	0	0 1
93	1	0.0	3	0 0 0 1
