This is cutadapt 2.9 with Python 3.6.6
Command line parameters: --interleaved -a file:/nas02/apps/trimmomatic-0.36/Trimmomatic-0.36/adapters/TruSeq3-PE.fa -A file:/nas02/apps/trimmomatic-0.36/Trimmomatic-0.36/adapters/TruSeq3-PE.fa -m 30 /nas/longleaf/home/zpopkinh/Pvivax_resources/wgs_pe_improved_global/fastq/SRS694254/SRR1568181_1.fastq.gz /nas/longleaf/home/zpopkinh/Pvivax_resources/wgs_pe_improved_global/fastq/SRS694254/SRR1568181_2.fastq.gz
Processing reads on 1 core in paired-end mode ...
Finished in 1090.64 s (74 us/read; 0.81 M reads/minute).

=== Summary ===

Total read pairs processed:         14,680,277
  Read 1 with adapter:                 548,499 (3.7%)
  Read 2 with adapter:                 557,888 (3.8%)
Pairs written (passing filters):    14,680,277 (100.0%)

Total basepairs processed: 2,965,415,954 bp
  Read 1: 1,482,707,977 bp
  Read 2: 1,482,707,977 bp
Total written (filtered):  2,961,687,219 bp (99.9%)
  Read 1: 1,480,856,565 bp
  Read 2: 1,480,830,654 bp

=== First read: Adapter PrefixPE/1 ===

Sequence: TACACTCTTTCCCTACACGACGCTCTTCCGATCT; Type: regular 3'; Length: 34; Trimmed: 262396 times

No. of allowed errors:
0-9 bp: 0; 10-19 bp: 1; 20-29 bp: 2; 30-34 bp: 3

Bases preceding removed adapters:
  A: 24.5%
  C: 23.3%
  G: 26.5%
  T: 25.7%
  none/other: 0.0%

Overview of removed sequences
length	count	expect	max.err	error counts
3	177099	229379.3	0	177099
4	62627	57344.8	0	62627
5	16431	14336.2	0	16431
6	3092	3584.1	0	3092
7	769	896.0	0	769
8	182	224.0	0	182
9	742	56.0	0	76 666
10	990	14.0	1	32 958
11	368	3.5	1	0 368
12	76	0.9	1	1 75
13	17	0.2	1	0 17
14	1	0.1	1	0 1
15	2	0.0	1	0 2


=== First read: Adapter PrefixPE/2 ===

Sequence: GTGACTGGAGTTCAGACGTGTGCTCTTCCGATCT; Type: regular 3'; Length: 34; Trimmed: 286103 times

No. of allowed errors:
0-9 bp: 0; 10-19 bp: 1; 20-29 bp: 2; 30-34 bp: 3

Bases preceding removed adapters:
  A: 23.4%
  C: 19.2%
  G: 27.0%
  T: 30.5%
  none/other: 0.0%

Overview of removed sequences
length	count	expect	max.err	error counts
3	223253	229379.3	0	223253
4	50687	57344.8	0	50687
5	8782	14336.2	0	8782
6	2032	3584.1	0	2032
7	493	896.0	0	493
8	72	224.0	0	72
9	355	56.0	0	32 323
10	327	14.0	1	9 318
11	76	3.5	1	1 75
12	19	0.9	1	0 19
13	6	0.2	1	0 6
15	1	0.0	1	0 1


=== Second read: Adapter PrefixPE/1 ===

Sequence: TACACTCTTTCCCTACACGACGCTCTTCCGATCT; Type: regular 3'; Length: 34; Trimmed: 259098 times

No. of allowed errors:
0-9 bp: 0; 10-19 bp: 1; 20-29 bp: 2; 30-34 bp: 3

Bases preceding removed adapters:
  A: 25.0%
  C: 23.1%
  G: 26.3%
  T: 25.6%
  none/other: 0.0%

Overview of removed sequences
length	count	expect	max.err	error counts
3	174915	229379.3	0	174915
4	61743	57344.8	0	61743
5	16046	14336.2	0	16046
6	3210	3584.1	0	3210
7	756	896.0	0	756
8	179	224.0	0	179
9	799	56.0	0	83 716
10	997	14.0	1	23 974
11	357	3.5	1	5 352
12	75	0.9	1	1 74
13	18	0.2	1	0 18
15	1	0.0	1	0 1
40	1	0.0	3	0 0 0 1
65	1	0.0	3	0 1


=== Second read: Adapter PrefixPE/2 ===

Sequence: GTGACTGGAGTTCAGACGTGTGCTCTTCCGATCT; Type: regular 3'; Length: 34; Trimmed: 298790 times

No. of allowed errors:
0-9 bp: 0; 10-19 bp: 1; 20-29 bp: 2; 30-34 bp: 3

Bases preceding removed adapters:
  A: 22.8%
  C: 22.4%
  G: 25.5%
  T: 29.3%
  none/other: 0.0%

Overview of removed sequences
length	count	expect	max.err	error counts
3	236953	229379.3	0	236953
4	49940	57344.8	0	49940
5	8669	14336.2	0	8669
6	1887	3584.1	0	1887
7	487	896.0	0	487
8	71	224.0	0	71
9	332	56.0	0	18 314
10	296	14.0	1	8 288
11	112	3.5	1	1 111
12	36	0.9	1	0 36
13	5	0.2	1	0 5
52	1	0.0	3	0 0 1
58	1	0.0	3	0 0 0 1
