This is cutadapt 2.9 with Python 3.6.6
Command line parameters: --interleaved -a file:/nas02/apps/trimmomatic-0.36/Trimmomatic-0.36/adapters/TruSeq3-PE.fa -A file:/nas02/apps/trimmomatic-0.36/Trimmomatic-0.36/adapters/TruSeq3-PE.fa -m 30 /nas/longleaf/home/zpopkinh/Pvivax_resources/wgs_pe_improved_global/fastq/ERS241436/ERR337625_1.fastq.gz /nas/longleaf/home/zpopkinh/Pvivax_resources/wgs_pe_improved_global/fastq/ERS241436/ERR337625_2.fastq.gz
Processing reads on 1 core in paired-end mode ...
Finished in 911.71 s (90 us/read; 0.67 M reads/minute).

=== Summary ===

Total read pairs processed:         10,115,873
  Read 1 with adapter:                 367,510 (3.6%)
  Read 2 with adapter:                 362,773 (3.6%)
Pairs written (passing filters):    10,115,872 (100.0%)

Total basepairs processed: 2,023,174,600 bp
  Read 1: 1,011,587,300 bp
  Read 2: 1,011,587,300 bp
Total written (filtered):  2,020,706,912 bp (99.9%)
  Read 1: 1,010,345,946 bp
  Read 2: 1,010,360,966 bp

=== First read: Adapter PrefixPE/1 ===

Sequence: TACACTCTTTCCCTACACGACGCTCTTCCGATCT; Type: regular 3'; Length: 34; Trimmed: 199270 times

No. of allowed errors:
0-9 bp: 0; 10-19 bp: 1; 20-29 bp: 2; 30-34 bp: 3

Bases preceding removed adapters:
  A: 29.6%
  C: 17.9%
  G: 22.9%
  T: 29.6%
  none/other: 0.0%

Overview of removed sequences
length	count	expect	max.err	error counts
3	132482	158060.5	0	132482
4	51772	39515.1	0	51772
5	10578	9878.8	0	10578
6	2334	2469.7	0	2334
7	433	617.4	0	433
8	108	154.4	0	108
9	591	38.6	0	43 548
10	697	9.6	1	13 684
11	208	2.4	1	2 206
12	48	0.6	1	0 48
13	13	0.2	1	0 13
14	5	0.0	1	0 5
100	1	0.0	3	0 0 0 1


=== First read: Adapter PrefixPE/2 ===

Sequence: GTGACTGGAGTTCAGACGTGTGCTCTTCCGATCT; Type: regular 3'; Length: 34; Trimmed: 168240 times

No. of allowed errors:
0-9 bp: 0; 10-19 bp: 1; 20-29 bp: 2; 30-34 bp: 3

Bases preceding removed adapters:
  A: 24.0%
  C: 18.2%
  G: 25.1%
  T: 32.8%
  none/other: 0.0%

Overview of removed sequences
length	count	expect	max.err	error counts
3	132041	158060.5	0	132041
4	29885	39515.1	0	29885
5	4655	9878.8	0	4655
6	1022	2469.7	0	1022
7	240	617.4	0	240
8	37	154.4	0	37
9	179	38.6	0	9 170
10	130	9.6	1	2 128
11	34	2.4	1	0 34
12	13	0.6	1	0 13
13	4	0.2	1	0 4


=== Second read: Adapter PrefixPE/1 ===

Sequence: TACACTCTTTCCCTACACGACGCTCTTCCGATCT; Type: regular 3'; Length: 34; Trimmed: 198209 times

No. of allowed errors:
0-9 bp: 0; 10-19 bp: 1; 20-29 bp: 2; 30-34 bp: 3

Bases preceding removed adapters:
  A: 29.8%
  C: 18.2%
  G: 22.4%
  T: 29.7%
  none/other: 0.0%

Overview of removed sequences
length	count	expect	max.err	error counts
3	131767	158060.5	0	131767
4	51464	39515.1	0	51464
5	10423	9878.8	0	10423
6	2355	2469.7	0	2355
7	479	617.4	0	479
8	127	154.4	0	127
9	605	38.6	0	48 557
10	717	9.6	1	17 700
11	200	2.4	1	1 199
12	55	0.6	1	0 55
13	10	0.2	1	0 10
14	5	0.0	1	0 5
15	2	0.0	1	0 2


=== Second read: Adapter PrefixPE/2 ===

Sequence: GTGACTGGAGTTCAGACGTGTGCTCTTCCGATCT; Type: regular 3'; Length: 34; Trimmed: 164564 times

No. of allowed errors:
0-9 bp: 0; 10-19 bp: 1; 20-29 bp: 2; 30-34 bp: 3

Bases preceding removed adapters:
  A: 24.1%
  C: 18.1%
  G: 25.4%
  T: 32.4%
  none/other: 0.0%

Overview of removed sequences
length	count	expect	max.err	error counts
3	129201	158060.5	0	129201
4	29156	39515.1	0	29156
5	4512	9878.8	0	4512
6	1010	2469.7	0	1010
7	251	617.4	0	251
8	41	154.4	0	41
9	187	38.6	0	14 173
10	147	9.6	1	2 145
11	40	2.4	1	0 40
12	14	0.6	1	0 14
13	5	0.2	1	0 5
