This is cutadapt 2.9 with Python 3.6.6
Command line parameters: --interleaved -a file:/nas02/apps/trimmomatic-0.36/Trimmomatic-0.36/adapters/TruSeq3-PE.fa -A file:/nas02/apps/trimmomatic-0.36/Trimmomatic-0.36/adapters/TruSeq3-PE.fa -m 30 /nas/longleaf/home/zpopkinh/Pvivax_resources/wgs_pe_improved_global/fastq/ERS3516651/ERR3439118_1.fastq.gz /nas/longleaf/home/zpopkinh/Pvivax_resources/wgs_pe_improved_global/fastq/ERS3516651/ERR3439118_2.fastq.gz
Processing reads on 1 core in paired-end mode ...
Finished in 3.99 s (54 us/read; 1.11 M reads/minute).

=== Summary ===

Total read pairs processed:             74,121
  Read 1 with adapter:                   1,588 (2.1%)
  Read 2 with adapter:                   1,165 (1.6%)
Pairs written (passing filters):        74,121 (100.0%)

Total basepairs processed:    22,236,300 bp
  Read 1:    11,118,150 bp
  Read 2:    11,118,150 bp
Total written (filtered):     22,226,941 bp (100.0%)
  Read 1:    11,112,856 bp
  Read 2:    11,114,085 bp

=== First read: Adapter PrefixPE/1 ===

Sequence: TACACTCTTTCCCTACACGACGCTCTTCCGATCT; Type: regular 3'; Length: 34; Trimmed: 1204 times

No. of allowed errors:
0-9 bp: 0; 10-19 bp: 1; 20-29 bp: 2; 30-34 bp: 3

Bases preceding removed adapters:
  A: 75.8%
  C: 8.6%
  G: 5.9%
  T: 9.6%
  none/other: 0.0%

Overview of removed sequences
length	count	expect	max.err	error counts
3	932	1158.1	0	932
4	216	289.5	0	216
5	33	72.4	0	33
6	6	18.1	0	6
7	2	4.5	0	2
8	1	1.1	0	1
9	11	0.3	0	0 11
10	2	0.1	1	0 2
13	1	0.0	1	0 1


=== First read: Adapter PrefixPE/2 ===

Sequence: GTGACTGGAGTTCAGACGTGTGCTCTTCCGATCT; Type: regular 3'; Length: 34; Trimmed: 384 times

No. of allowed errors:
0-9 bp: 0; 10-19 bp: 1; 20-29 bp: 2; 30-34 bp: 3

Bases preceding removed adapters:
  A: 21.6%
  C: 10.9%
  G: 29.7%
  T: 37.8%
  none/other: 0.0%

Overview of removed sequences
length	count	expect	max.err	error counts
3	275	1158.1	0	275
4	96	289.5	0	96
5	10	72.4	0	10
6	1	18.1	0	1
7	2	4.5	0	2


=== Second read: Adapter PrefixPE/1 ===

Sequence: TACACTCTTTCCCTACACGACGCTCTTCCGATCT; Type: regular 3'; Length: 34; Trimmed: 488 times

No. of allowed errors:
0-9 bp: 0; 10-19 bp: 1; 20-29 bp: 2; 30-34 bp: 3

Bases preceding removed adapters:
  A: 35.2%
  C: 13.9%
  G: 30.9%
  T: 19.9%
  none/other: 0.0%

Overview of removed sequences
length	count	expect	max.err	error counts
3	268	1158.1	0	268
4	138	289.5	0	138
5	19	72.4	0	19
6	61	18.1	0	61
7	1	4.5	0	1
9	1	0.3	0	0 1


=== Second read: Adapter PrefixPE/2 ===

Sequence: GTGACTGGAGTTCAGACGTGTGCTCTTCCGATCT; Type: regular 3'; Length: 34; Trimmed: 677 times

No. of allowed errors:
0-9 bp: 0; 10-19 bp: 1; 20-29 bp: 2; 30-34 bp: 3

Bases preceding removed adapters:
  A: 19.6%
  C: 19.6%
  G: 33.1%
  T: 27.6%
  none/other: 0.0%

Overview of removed sequences
length	count	expect	max.err	error counts
3	531	1158.1	0	531
4	109	289.5	0	109
5	30	72.4	0	30
6	4	18.1	0	4
7	1	4.5	0	1
9	1	0.3	0	0 1
13	1	0.0	1	0 1
