This is cutadapt 2.9 with Python 3.6.6
Command line parameters: --interleaved -a file:/nas02/apps/trimmomatic-0.36/Trimmomatic-0.36/adapters/TruSeq3-PE.fa -A file:/nas02/apps/trimmomatic-0.36/Trimmomatic-0.36/adapters/TruSeq3-PE.fa -m 30 /nas/longleaf/home/zpopkinh/Pvivax_resources/wgs_pe_improved_global/fastq/SRS1061040/SRR2316038_1.fastq.gz /nas/longleaf/home/zpopkinh/Pvivax_resources/wgs_pe_improved_global/fastq/SRS1061040/SRR2316038_2.fastq.gz
Processing reads on 1 core in paired-end mode ...
Finished in 546.96 s (73 us/read; 0.82 M reads/minute).

=== Summary ===

Total read pairs processed:          7,480,921
  Read 1 with adapter:                 283,726 (3.8%)
  Read 2 with adapter:                 278,156 (3.7%)
Pairs written (passing filters):     7,480,879 (100.0%)

Total basepairs processed: 1,496,184,200 bp
  Read 1:   748,092,100 bp
  Read 2:   748,092,100 bp
Total written (filtered):  1,494,287,035 bp (99.9%)
  Read 1:   747,133,886 bp
  Read 2:   747,153,149 bp

=== First read: Adapter PrefixPE/1 ===

Sequence: TACACTCTTTCCCTACACGACGCTCTTCCGATCT; Type: regular 3'; Length: 34; Trimmed: 129035 times

No. of allowed errors:
0-9 bp: 0; 10-19 bp: 1; 20-29 bp: 2; 30-34 bp: 3

Bases preceding removed adapters:
  A: 24.3%
  C: 23.5%
  G: 26.4%
  T: 25.8%
  none/other: 0.0%

Overview of removed sequences
length	count	expect	max.err	error counts
3	88172	116889.4	0	88172
4	30418	29222.3	0	30418
5	7551	7305.6	0	7551
6	1459	1826.4	0	1459
7	348	456.6	0	348
8	63	114.1	0	63
9	427	28.5	0	31 396
10	377	7.1	1	8 369
11	141	1.8	1	2 139
12	35	0.4	1	0 35
13	11	0.1	1	0 11
14	4	0.0	1	0 4
29	1	0.0	2	0 1
37	1	0.0	3	0 0 0 1
50	1	0.0	3	0 0 0 1
59	1	0.0	3	0 1
75	1	0.0	3	0 0 1
76	14	0.0	3	9 2 1 2
78	1	0.0	3	0 0 0 1
80	1	0.0	3	1
82	1	0.0	3	0 1
83	3	0.0	3	3
85	1	0.0	3	1
95	1	0.0	3	1
96	1	0.0	3	1
100	1	0.0	3	0 0 1


=== First read: Adapter PrefixPE/2 ===

Sequence: GTGACTGGAGTTCAGACGTGTGCTCTTCCGATCT; Type: regular 3'; Length: 34; Trimmed: 154691 times

No. of allowed errors:
0-9 bp: 0; 10-19 bp: 1; 20-29 bp: 2; 30-34 bp: 3

Bases preceding removed adapters:
  A: 24.0%
  C: 18.1%
  G: 27.9%
  T: 30.0%
  none/other: 0.0%

Overview of removed sequences
length	count	expect	max.err	error counts
3	120728	116889.4	0	120728
4	27520	29222.3	0	27520
5	4572	7305.6	0	4572
6	1103	1826.4	0	1103
7	266	456.6	0	266
8	49	114.1	0	49
9	202	28.5	0	12 190
10	159	7.1	1	5 154
11	65	1.8	1	0 65
12	16	0.4	1	1 15
13	3	0.1	1	0 3
69	1	0.0	3	0 1
71	1	0.0	3	0 1
96	1	0.0	3	0 1
99	5	0.0	3	0 3 1 1


=== Second read: Adapter PrefixPE/1 ===

Sequence: TACACTCTTTCCCTACACGACGCTCTTCCGATCT; Type: regular 3'; Length: 34; Trimmed: 127788 times

No. of allowed errors:
0-9 bp: 0; 10-19 bp: 1; 20-29 bp: 2; 30-34 bp: 3

Bases preceding removed adapters:
  A: 24.6%
  C: 23.4%
  G: 25.9%
  T: 26.1%
  none/other: 0.0%

Overview of removed sequences
length	count	expect	max.err	error counts
3	87095	116889.4	0	87095
4	30464	29222.3	0	30464
5	7543	7305.6	0	7543
6	1376	1826.4	0	1376
7	317	456.6	0	317
8	83	114.1	0	83
9	336	28.5	0	27 309
10	374	7.1	1	3 371
11	153	1.8	1	1 152
12	38	0.4	1	1 37
13	5	0.1	1	0 5
14	2	0.0	1	0 2
96	1	0.0	3	0 0 1
100	1	0.0	3	0 0 1


=== Second read: Adapter PrefixPE/2 ===

Sequence: GTGACTGGAGTTCAGACGTGTGCTCTTCCGATCT; Type: regular 3'; Length: 34; Trimmed: 150368 times

No. of allowed errors:
0-9 bp: 0; 10-19 bp: 1; 20-29 bp: 2; 30-34 bp: 3

Bases preceding removed adapters:
  A: 23.8%
  C: 18.4%
  G: 27.8%
  T: 30.0%
  none/other: 0.0%

Overview of removed sequences
length	count	expect	max.err	error counts
3	117778	116889.4	0	117778
4	26396	29222.3	0	26396
5	4409	7305.6	0	4409
6	1039	1826.4	0	1039
7	262	456.6	0	262
8	38	114.1	0	38
9	195	28.5	0	7 188
10	160	7.1	1	4 156
11	60	1.8	1	0 60
12	16	0.4	1	0 16
13	1	0.1	1	0 1
47	1	0.0	3	0 0 0 1
50	1	0.0	3	0 0 1
53	1	0.0	3	0 0 1
58	1	0.0	3	0 1
73	1	0.0	3	0 1
74	6	0.0	3	1 2 1 2
81	1	0.0	3	0 1
82	1	0.0	3	0 0 0 1
99	1	0.0	3	0 0 1
