This is cutadapt 2.9 with Python 3.6.6
Command line parameters: --interleaved -a file:/nas02/apps/trimmomatic-0.36/Trimmomatic-0.36/adapters/TruSeq3-PE.fa -A file:/nas02/apps/trimmomatic-0.36/Trimmomatic-0.36/adapters/TruSeq3-PE.fa -m 30 /nas/longleaf/home/zpopkinh/Pvivax_resources/wgs_pe_improved_global/fastq/ERS001838/ERR019328_1.fastq.gz /nas/longleaf/home/zpopkinh/Pvivax_resources/wgs_pe_improved_global/fastq/ERS001838/ERR019328_2.fastq.gz
Processing reads on 1 core in paired-end mode ...
Finished in 916.46 s (93 us/read; 0.64 M reads/minute).

=== Summary ===

Total read pairs processed:          9,832,301
  Read 1 with adapter:                 374,950 (3.8%)
  Read 2 with adapter:                 375,694 (3.8%)
Pairs written (passing filters):     9,832,264 (100.0%)

Total basepairs processed: 1,494,509,752 bp
  Read 1:   747,254,876 bp
  Read 2:   747,254,876 bp
Total written (filtered):  1,491,968,042 bp (99.8%)
  Read 1:   745,985,609 bp
  Read 2:   745,982,433 bp

=== First read: Adapter PrefixPE/1 ===

Sequence: TACACTCTTTCCCTACACGACGCTCTTCCGATCT; Type: regular 3'; Length: 34; Trimmed: 191118 times

No. of allowed errors:
0-9 bp: 0; 10-19 bp: 1; 20-29 bp: 2; 30-34 bp: 3

Bases preceding removed adapters:
  A: 27.5%
  C: 20.2%
  G: 24.7%
  T: 27.7%
  none/other: 0.0%

Overview of removed sequences
length	count	expect	max.err	error counts
3	127963	153629.7	0	127963
4	47520	38407.4	0	47520
5	11164	9601.9	0	11164
6	2227	2400.5	0	2227
7	493	600.1	0	493
8	147	150.0	0	147
9	645	37.5	0	52 593
10	628	9.4	1	24 604
11	208	2.3	1	1 207
12	57	0.6	1	1 56
13	22	0.1	1	2 20
14	6	0.0	1	0 6
15	1	0.0	1	0 1
51	2	0.0	3	1 0 1
52	5	0.0	3	1 0 2 2
60	1	0.0	3	0 0 0 1
65	1	0.0	3	0 0 1
67	1	0.0	3	0 1
68	1	0.0	3	0 1
71	4	0.0	3	0 1 1 2
72	1	0.0	3	0 1
76	21	0.0	3	0 3 6 12


=== First read: Adapter PrefixPE/2 ===

Sequence: GTGACTGGAGTTCAGACGTGTGCTCTTCCGATCT; Type: regular 3'; Length: 34; Trimmed: 183832 times

No. of allowed errors:
0-9 bp: 0; 10-19 bp: 1; 20-29 bp: 2; 30-34 bp: 3

Bases preceding removed adapters:
  A: 23.1%
  C: 18.5%
  G: 24.6%
  T: 33.9%
  none/other: 0.0%

Overview of removed sequences
length	count	expect	max.err	error counts
3	143810	153629.7	0	143810
4	32279	38407.4	0	32279
5	5719	9601.9	0	5719
6	1269	2400.5	0	1269
7	304	600.1	0	304
8	43	150.0	0	43
9	164	37.5	0	10 154
10	169	9.4	1	0 169
11	60	2.3	1	0 60
12	13	0.6	1	0 13
13	2	0.1	1	0 2


=== Second read: Adapter PrefixPE/1 ===

Sequence: TACACTCTTTCCCTACACGACGCTCTTCCGATCT; Type: regular 3'; Length: 34; Trimmed: 189067 times

No. of allowed errors:
0-9 bp: 0; 10-19 bp: 1; 20-29 bp: 2; 30-34 bp: 3

Bases preceding removed adapters:
  A: 27.4%
  C: 21.4%
  G: 24.3%
  T: 26.9%
  none/other: 0.0%

Overview of removed sequences
length	count	expect	max.err	error counts
3	126272	153629.7	0	126272
4	46589	38407.4	0	46589
5	11643	9601.9	0	11643
6	2228	2400.5	0	2228
7	593	600.1	0	593
8	163	150.0	0	163
9	603	37.5	0	53 550
10	664	9.4	1	12 652
11	234	2.3	1	4 230
12	57	0.6	1	0 57
13	14	0.1	1	0 14
14	4	0.0	1	0 4
15	2	0.0	1	0 2
19	1	0.0	1	0 0 1


=== Second read: Adapter PrefixPE/2 ===

Sequence: GTGACTGGAGTTCAGACGTGTGCTCTTCCGATCT; Type: regular 3'; Length: 34; Trimmed: 186627 times

No. of allowed errors:
0-9 bp: 0; 10-19 bp: 1; 20-29 bp: 2; 30-34 bp: 3

Bases preceding removed adapters:
  A: 23.0%
  C: 19.0%
  G: 25.3%
  T: 32.7%
  none/other: 0.0%

Overview of removed sequences
length	count	expect	max.err	error counts
3	146206	153629.7	0	146206
4	32723	38407.4	0	32723
5	5727	9601.9	0	5727
6	1261	2400.5	0	1261
7	289	600.1	0	289
8	36	150.0	0	36
9	156	37.5	0	8 148
10	153	9.4	1	2 151
11	62	2.3	1	1 61
12	12	0.6	1	0 12
13	1	0.1	1	0 1
14	1	0.0	1	0 1
