This is cutadapt 2.9 with Python 3.6.6
Command line parameters: --interleaved -a file:/nas02/apps/trimmomatic-0.36/Trimmomatic-0.36/adapters/TruSeq3-PE.fa -A file:/nas02/apps/trimmomatic-0.36/Trimmomatic-0.36/adapters/TruSeq3-PE.fa -m 30 /nas/longleaf/home/zpopkinh/Pvivax_resources/wgs_pe_improved_global/fastq/ERS001838/ERR019325_1.fastq.gz /nas/longleaf/home/zpopkinh/Pvivax_resources/wgs_pe_improved_global/fastq/ERS001838/ERR019325_2.fastq.gz
Processing reads on 1 core in paired-end mode ...
Finished in 1411.97 s (136 us/read; 0.44 M reads/minute).

=== Summary ===

Total read pairs processed:         10,346,281
  Read 1 with adapter:                 384,649 (3.7%)
  Read 2 with adapter:                 450,117 (4.4%)
Pairs written (passing filters):    10,346,218 (100.0%)

Total basepairs processed: 1,572,634,712 bp
  Read 1:   786,317,356 bp
  Read 2:   786,317,356 bp
Total written (filtered):  1,569,794,611 bp (99.8%)
  Read 1:   785,010,151 bp
  Read 2:   784,784,460 bp

=== First read: Adapter PrefixPE/1 ===

Sequence: TACACTCTTTCCCTACACGACGCTCTTCCGATCT; Type: regular 3'; Length: 34; Trimmed: 205337 times

No. of allowed errors:
0-9 bp: 0; 10-19 bp: 1; 20-29 bp: 2; 30-34 bp: 3

Bases preceding removed adapters:
  A: 28.6%
  C: 19.6%
  G: 23.1%
  T: 28.7%
  none/other: 0.0%

Overview of removed sequences
length	count	expect	max.err	error counts
3	136557	161660.6	0	136557
4	52145	40415.2	0	52145
5	11656	10103.8	0	11656
6	2433	2525.9	0	2433
7	559	631.5	0	559
8	154	157.9	0	154
9	653	39.5	0	42 611
10	745	9.9	1	23 722
11	280	2.5	1	2 278
12	61	0.6	1	1 60
13	18	0.2	1	0 18
14	9	0.0	1	0 9
15	2	0.0	1	0 2
16	1	0.0	1	0 1
17	1	0.0	1	1
50	1	0.0	3	0 0 1
51	1	0.0	3	0 0 0 1
52	1	0.0	3	0 0 0 1
53	1	0.0	3	0 0 0 1
58	1	0.0	3	0 0 0 1
60	1	0.0	3	0 0 1
61	1	0.0	3	0 0 0 1
62	1	0.0	3	0 0 0 1
65	1	0.0	3	0 0 0 1
68	1	0.0	3	0 0 1
70	4	0.0	3	0 2 1 1
71	7	0.0	3	1 2 2 2
74	13	0.0	3	0 2 4 7
75	1	0.0	3	1
76	28	0.0	3	0 0 11 17


=== First read: Adapter PrefixPE/2 ===

Sequence: GTGACTGGAGTTCAGACGTGTGCTCTTCCGATCT; Type: regular 3'; Length: 34; Trimmed: 179312 times

No. of allowed errors:
0-9 bp: 0; 10-19 bp: 1; 20-29 bp: 2; 30-34 bp: 3

Bases preceding removed adapters:
  A: 23.2%
  C: 18.6%
  G: 23.9%
  T: 34.4%
  none/other: 0.0%

Overview of removed sequences
length	count	expect	max.err	error counts
3	139756	161660.6	0	139756
4	32109	40415.2	0	32109
5	5542	10103.8	0	5542
6	1247	2525.9	0	1247
7	257	631.5	0	257
8	38	157.9	0	38
9	148	39.5	0	5 143
10	145	9.9	1	2 143
11	48	2.5	1	0 48
12	17	0.6	1	0 17
13	2	0.2	1	0 2
14	3	0.0	1	0 3


=== Second read: Adapter PrefixPE/1 ===

Sequence: TACACTCTTTCCCTACACGACGCTCTTCCGATCT; Type: regular 3'; Length: 34; Trimmed: 190528 times

No. of allowed errors:
0-9 bp: 0; 10-19 bp: 1; 20-29 bp: 2; 30-34 bp: 3

Bases preceding removed adapters:
  A: 32.7%
  C: 24.5%
  G: 18.5%
  T: 24.3%
  none/other: 0.0%

Overview of removed sequences
length	count	expect	max.err	error counts
3	113673	161660.6	0	113673
4	51209	40415.2	0	51209
5	16311	10103.8	0	16311
6	3863	2525.9	0	3863
7	1260	631.5	0	1260
8	557	157.9	0	557
9	1163	39.5	0	165 998
10	1883	9.9	1	84 1799
11	498	2.5	1	11 487
12	82	0.6	1	1 81
13	24	0.2	1	1 23
14	4	0.0	1	0 4
15	1	0.0	1	0 1


=== Second read: Adapter PrefixPE/2 ===

Sequence: GTGACTGGAGTTCAGACGTGTGCTCTTCCGATCT; Type: regular 3'; Length: 34; Trimmed: 259589 times

No. of allowed errors:
0-9 bp: 0; 10-19 bp: 1; 20-29 bp: 2; 30-34 bp: 3

Bases preceding removed adapters:
  A: 14.7%
  C: 15.7%
  G: 26.5%
  T: 43.2%
  none/other: 0.0%

Overview of removed sequences
length	count	expect	max.err	error counts
3	221257	161660.6	0	221257
4	31172	40415.2	0	31172
5	5116	10103.8	0	5116
6	1333	2525.9	0	1333
7	285	631.5	0	285
8	48	157.9	0	48
9	169	39.5	0	5 164
10	148	9.9	1	2 146
11	43	2.5	1	0 43
12	16	0.6	1	0 16
13	2	0.2	1	0 2
