This is cutadapt 2.9 with Python 3.6.6
Command line parameters: --interleaved -a file:/nas02/apps/trimmomatic-0.36/Trimmomatic-0.36/adapters/TruSeq3-PE.fa -A file:/nas02/apps/trimmomatic-0.36/Trimmomatic-0.36/adapters/TruSeq3-PE.fa -m 30 /nas/longleaf/home/zpopkinh/Pvivax_resources/wgs_pe_improved_global/fastq/ERS001838/ERR019326_1.fastq.gz /nas/longleaf/home/zpopkinh/Pvivax_resources/wgs_pe_improved_global/fastq/ERS001838/ERR019326_2.fastq.gz
Processing reads on 1 core in paired-end mode ...
Finished in 1178.04 s (113 us/read; 0.53 M reads/minute).

=== Summary ===

Total read pairs processed:         10,394,674
  Read 1 with adapter:                 387,388 (3.7%)
  Read 2 with adapter:                 460,837 (4.4%)
Pairs written (passing filters):    10,394,628 (100.0%)

Total basepairs processed: 1,579,990,448 bp
  Read 1:   789,995,224 bp
  Read 2:   789,995,224 bp
Total written (filtered):  1,577,114,371 bp (99.8%)
  Read 1:   788,679,959 bp
  Read 2:   788,434,412 bp

=== First read: Adapter PrefixPE/1 ===

Sequence: TACACTCTTTCCCTACACGACGCTCTTCCGATCT; Type: regular 3'; Length: 34; Trimmed: 205359 times

No. of allowed errors:
0-9 bp: 0; 10-19 bp: 1; 20-29 bp: 2; 30-34 bp: 3

Bases preceding removed adapters:
  A: 28.4%
  C: 19.8%
  G: 23.2%
  T: 28.7%
  none/other: 0.0%

Overview of removed sequences
length	count	expect	max.err	error counts
3	136551	162416.8	0	136551
4	51901	40604.2	0	51901
5	11862	10151.0	0	11862
6	2455	2537.8	0	2455
7	584	634.4	0	584
8	159	158.6	0	159
9	712	39.7	0	62 650
10	765	9.9	1	17 748
11	237	2.5	1	1 236
12	66	0.6	1	1 65
13	18	0.2	1	0 18
14	1	0.0	1	0 1
15	1	0.0	1	0 1
26	1	0.0	2	1
52	1	0.0	3	0 0 0 1
57	1	0.0	3	0 0 1
58	1	0.0	3	0 0 1
59	1	0.0	3	0 0 0 1
67	1	0.0	3	0 0 0 1
70	2	0.0	3	0 0 2
71	4	0.0	3	1 1 2
74	5	0.0	3	0 2 1 2
75	1	0.0	3	0 0 0 1
76	29	0.0	3	0 4 8 17


=== First read: Adapter PrefixPE/2 ===

Sequence: GTGACTGGAGTTCAGACGTGTGCTCTTCCGATCT; Type: regular 3'; Length: 34; Trimmed: 182029 times

No. of allowed errors:
0-9 bp: 0; 10-19 bp: 1; 20-29 bp: 2; 30-34 bp: 3

Bases preceding removed adapters:
  A: 23.2%
  C: 18.4%
  G: 24.0%
  T: 34.3%
  none/other: 0.0%

Overview of removed sequences
length	count	expect	max.err	error counts
3	142069	162416.8	0	142069
4	32401	40604.2	0	32401
5	5603	10151.0	0	5603
6	1259	2537.8	0	1259
7	292	634.4	0	292
8	42	158.6	0	42
9	126	39.7	0	9 117
10	157	9.9	1	1 156
11	64	2.5	1	1 63
12	12	0.6	1	0 12
13	3	0.2	1	0 3
15	1	0.0	1	0 1


=== Second read: Adapter PrefixPE/1 ===

Sequence: TACACTCTTTCCCTACACGACGCTCTTCCGATCT; Type: regular 3'; Length: 34; Trimmed: 180881 times

No. of allowed errors:
0-9 bp: 0; 10-19 bp: 1; 20-29 bp: 2; 30-34 bp: 3

Bases preceding removed adapters:
  A: 32.9%
  C: 24.4%
  G: 18.6%
  T: 24.0%
  none/other: 0.0%

Overview of removed sequences
length	count	expect	max.err	error counts
3	105080	162416.8	0	105080
4	51747	40604.2	0	51747
5	15106	10151.0	0	15106
6	3714	2537.8	0	3714
7	1263	634.4	0	1263
8	543	158.6	0	543
9	1062	39.7	0	161 901
10	1703	9.9	1	98 1605
11	527	2.5	1	9 518
12	102	0.6	1	1 101
13	20	0.2	1	0 20
14	8	0.0	1	0 8
15	5	0.0	1	0 5
17	1	0.0	1	0 1


=== Second read: Adapter PrefixPE/2 ===

Sequence: GTGACTGGAGTTCAGACGTGTGCTCTTCCGATCT; Type: regular 3'; Length: 34; Trimmed: 279956 times

No. of allowed errors:
0-9 bp: 0; 10-19 bp: 1; 20-29 bp: 2; 30-34 bp: 3

Bases preceding removed adapters:
  A: 13.8%
  C: 14.9%
  G: 26.1%
  T: 45.2%
  none/other: 0.0%

Overview of removed sequences
length	count	expect	max.err	error counts
3	240880	162416.8	0	240880
4	31655	40604.2	0	31655
5	5470	10151.0	0	5470
6	1251	2537.8	0	1251
7	303	634.4	0	303
8	62	158.6	0	62
9	138	39.7	0	12 126
10	137	9.9	1	3 134
11	49	2.5	1	0 49
12	11	0.6	1	0 11
