This is cutadapt 2.9 with Python 3.6.6
Command line parameters: --interleaved -a file:/nas02/apps/trimmomatic-0.36/Trimmomatic-0.36/adapters/TruSeq3-PE.fa -A file:/nas02/apps/trimmomatic-0.36/Trimmomatic-0.36/adapters/TruSeq3-PE.fa -m 30 /nas/longleaf/home/zpopkinh/Pvivax_resources/wgs_pe_improved_global/fastq/ERS3516650/ERR3439117_1.fastq.gz /nas/longleaf/home/zpopkinh/Pvivax_resources/wgs_pe_improved_global/fastq/ERS3516650/ERR3439117_2.fastq.gz
Processing reads on 1 core in paired-end mode ...
Finished in 3.77 s (50 us/read; 1.19 M reads/minute).

=== Summary ===

Total read pairs processed:             74,959
  Read 1 with adapter:                   1,655 (2.2%)
  Read 2 with adapter:                   1,559 (2.1%)
Pairs written (passing filters):        74,959 (100.0%)

Total basepairs processed:    22,487,700 bp
  Read 1:    11,243,850 bp
  Read 2:    11,243,850 bp
Total written (filtered):     22,476,406 bp (99.9%)
  Read 1:    11,238,242 bp
  Read 2:    11,238,164 bp

=== First read: Adapter PrefixPE/1 ===

Sequence: TACACTCTTTCCCTACACGACGCTCTTCCGATCT; Type: regular 3'; Length: 34; Trimmed: 1020 times

No. of allowed errors:
0-9 bp: 0; 10-19 bp: 1; 20-29 bp: 2; 30-34 bp: 3

Bases preceding removed adapters:
  A: 72.6%
  C: 8.1%
  G: 6.8%
  T: 12.5%
  none/other: 0.0%

Overview of removed sequences
length	count	expect	max.err	error counts
3	792	1171.2	0	792
4	154	292.8	0	154
5	32	73.2	0	32
6	4	18.3	0	4
7	1	4.6	0	1
8	1	1.1	0	1
9	32	0.3	0	0 32
10	4	0.1	1	0 4


=== First read: Adapter PrefixPE/2 ===

Sequence: GTGACTGGAGTTCAGACGTGTGCTCTTCCGATCT; Type: regular 3'; Length: 34; Trimmed: 635 times

No. of allowed errors:
0-9 bp: 0; 10-19 bp: 1; 20-29 bp: 2; 30-34 bp: 3

Bases preceding removed adapters:
  A: 6.6%
  C: 5.5%
  G: 43.3%
  T: 44.6%
  none/other: 0.0%

Overview of removed sequences
length	count	expect	max.err	error counts
3	466	1171.2	0	466
4	160	292.8	0	160
5	8	73.2	0	8
11	1	0.0	1	0 1


=== Second read: Adapter PrefixPE/1 ===

Sequence: TACACTCTTTCCCTACACGACGCTCTTCCGATCT; Type: regular 3'; Length: 34; Trimmed: 580 times

No. of allowed errors:
0-9 bp: 0; 10-19 bp: 1; 20-29 bp: 2; 30-34 bp: 3

Bases preceding removed adapters:
  A: 25.3%
  C: 13.8%
  G: 46.6%
  T: 14.3%
  none/other: 0.0%

Overview of removed sequences
length	count	expect	max.err	error counts
3	253	1171.2	0	253
4	112	292.8	0	112
5	17	73.2	0	17
6	194	18.3	0	194
7	1	4.6	0	1
9	2	0.3	0	1 1
11	1	0.0	1	0 1


=== Second read: Adapter PrefixPE/2 ===

Sequence: GTGACTGGAGTTCAGACGTGTGCTCTTCCGATCT; Type: regular 3'; Length: 34; Trimmed: 979 times

No. of allowed errors:
0-9 bp: 0; 10-19 bp: 1; 20-29 bp: 2; 30-34 bp: 3

Bases preceding removed adapters:
  A: 9.8%
  C: 25.0%
  G: 38.2%
  T: 27.0%
  none/other: 0.0%

Overview of removed sequences
length	count	expect	max.err	error counts
3	805	1171.2	0	805
4	95	292.8	0	95
5	78	73.2	0	78
9	1	0.3	0	0 1
