This is cutadapt 2.9 with Python 3.6.6
Command line parameters: --interleaved -a file:/nas02/apps/trimmomatic-0.36/Trimmomatic-0.36/adapters/TruSeq3-PE.fa -A file:/nas02/apps/trimmomatic-0.36/Trimmomatic-0.36/adapters/TruSeq3-PE.fa -m 30 /nas/longleaf/home/zpopkinh/Pvivax_resources/wgs_pe_improved_global/fastq/ERS014176/ERR023041_1.fastq.gz /nas/longleaf/home/zpopkinh/Pvivax_resources/wgs_pe_improved_global/fastq/ERS014176/ERR023041_2.fastq.gz
Processing reads on 1 core in paired-end mode ...
Finished in 1162.92 s (69 us/read; 0.87 M reads/minute).

=== Summary ===

Total read pairs processed:         16,913,400
  Read 1 with adapter:                 633,610 (3.7%)
  Read 2 with adapter:                 615,602 (3.6%)
Pairs written (passing filters):    16,913,400 (100.0%)

Total basepairs processed: 2,570,836,800 bp
  Read 1: 1,285,418,400 bp
  Read 2: 1,285,418,400 bp
Total written (filtered):  2,566,611,417 bp (99.8%)
  Read 1: 1,283,275,892 bp
  Read 2: 1,283,335,525 bp

=== First read: Adapter PrefixPE/1 ===

Sequence: TACACTCTTTCCCTACACGACGCTCTTCCGATCT; Type: regular 3'; Length: 34; Trimmed: 343187 times

No. of allowed errors:
0-9 bp: 0; 10-19 bp: 1; 20-29 bp: 2; 30-34 bp: 3

Bases preceding removed adapters:
  A: 30.0%
  C: 18.0%
  G: 23.1%
  T: 29.0%
  none/other: 0.0%

Overview of removed sequences
length	count	expect	max.err	error counts
3	227634	264271.9	0	227634
4	89899	66068.0	0	89899
5	18249	16517.0	0	18249
6	3887	4129.2	0	3887
7	720	1032.3	0	720
8	162	258.1	0	162
9	1029	64.5	0	65 964
10	1107	16.1	1	24 1083
11	406	4.0	1	2 404
12	65	1.0	1	3 62
13	24	0.3	1	0 24
14	3	0.1	1	1 2
15	1	0.0	1	0 1
22	1	0.0	2	0 1


=== First read: Adapter PrefixPE/2 ===

Sequence: GTGACTGGAGTTCAGACGTGTGCTCTTCCGATCT; Type: regular 3'; Length: 34; Trimmed: 290423 times

No. of allowed errors:
0-9 bp: 0; 10-19 bp: 1; 20-29 bp: 2; 30-34 bp: 3

Bases preceding removed adapters:
  A: 24.9%
  C: 17.8%
  G: 25.1%
  T: 32.2%
  none/other: 0.0%

Overview of removed sequences
length	count	expect	max.err	error counts
3	226215	264271.9	0	226215
4	53011	66068.0	0	53011
5	8136	16517.0	0	8136
6	1799	4129.2	0	1799
7	435	1032.3	0	435
8	79	258.1	0	79
9	331	64.5	0	19 312
10	293	16.1	1	3 290
11	100	4.0	1	5 95
12	23	1.0	1	0 23
14	1	0.1	1	0 1


=== Second read: Adapter PrefixPE/1 ===

Sequence: TACACTCTTTCCCTACACGACGCTCTTCCGATCT; Type: regular 3'; Length: 34; Trimmed: 337659 times

No. of allowed errors:
0-9 bp: 0; 10-19 bp: 1; 20-29 bp: 2; 30-34 bp: 3

Bases preceding removed adapters:
  A: 29.4%
  C: 18.0%
  G: 22.9%
  T: 29.7%
  none/other: 0.0%

Overview of removed sequences
length	count	expect	max.err	error counts
3	223600	264271.9	0	223600
4	87905	66068.0	0	87905
5	18355	16517.0	0	18355
6	4046	4129.2	0	4046
7	853	1032.3	0	853
8	178	258.1	0	178
9	1004	64.5	0	77 927
10	1224	16.1	1	38 1186
11	410	4.0	1	4 406
12	67	1.0	1	0 67
13	11	0.3	1	0 11
14	6	0.1	1	0 6


=== Second read: Adapter PrefixPE/2 ===

Sequence: GTGACTGGAGTTCAGACGTGTGCTCTTCCGATCT; Type: regular 3'; Length: 34; Trimmed: 277943 times

No. of allowed errors:
0-9 bp: 0; 10-19 bp: 1; 20-29 bp: 2; 30-34 bp: 3

Bases preceding removed adapters:
  A: 23.8%
  C: 18.3%
  G: 24.6%
  T: 33.4%
  none/other: 0.0%

Overview of removed sequences
length	count	expect	max.err	error counts
3	218048	264271.9	0	218048
4	49314	66068.0	0	49314
5	7679	16517.0	0	7679
6	1770	4129.2	0	1770
7	421	1032.3	0	421
8	66	258.1	0	66
9	280	64.5	0	16 264
10	256	16.1	1	1 255
11	91	4.0	1	0 91
12	14	1.0	1	0 14
13	3	0.3	1	0 3
14	1	0.1	1	0 1
