This is cutadapt 2.9 with Python 3.6.6
Command line parameters: --interleaved -a file:/nas02/apps/trimmomatic-0.36/Trimmomatic-0.36/adapters/TruSeq3-PE.fa -A file:/nas02/apps/trimmomatic-0.36/Trimmomatic-0.36/adapters/TruSeq3-PE.fa -m 30 /nas/longleaf/home/zpopkinh/Pvivax_resources/wgs_pe_improved_global/fastq/ERR5740850/ERR5740850_1.fastq.gz /nas/longleaf/home/zpopkinh/Pvivax_resources/wgs_pe_improved_global/fastq/ERR5740850/ERR5740850_2.fastq.gz
Processing reads on 1 core in paired-end mode ...
Finished in 425.94 s (131 us/read; 0.46 M reads/minute).

=== Summary ===

Total read pairs processed:          3,248,173
  Read 1 with adapter:                 119,035 (3.7%)
  Read 2 with adapter:                 115,588 (3.6%)
Pairs written (passing filters):     3,248,170 (100.0%)

Total basepairs processed:   980,948,246 bp
  Read 1:   490,474,123 bp
  Read 2:   490,474,123 bp
Total written (filtered):    980,157,942 bp (99.9%)
  Read 1:   490,073,055 bp
  Read 2:   490,084,887 bp

=== First read: Adapter PrefixPE/1 ===

Sequence: TACACTCTTTCCCTACACGACGCTCTTCCGATCT; Type: regular 3'; Length: 34; Trimmed: 53299 times

No. of allowed errors:
0-9 bp: 0; 10-19 bp: 1; 20-29 bp: 2; 30-34 bp: 3

Bases preceding removed adapters:
  A: 24.5%
  C: 24.1%
  G: 25.2%
  T: 26.2%
  none/other: 0.0%

Overview of removed sequences
length	count	expect	max.err	error counts
3	36428	50752.7	0	36428
4	12675	12688.2	0	12675
5	3095	3172.0	0	3095
6	541	793.0	0	541
7	140	198.3	0	140
8	35	49.6	0	35
9	133	12.4	0	6 127
10	180	3.1	1	6 174
11	55	0.8	1	0 55
12	7	0.2	1	0 7
13	5	0.0	1	1 4
14	2	0.0	1	0 2
100	2	0.0	3	0 1 1
106	1	0.0	3	1


=== First read: Adapter PrefixPE/2 ===

Sequence: GTGACTGGAGTTCAGACGTGTGCTCTTCCGATCT; Type: regular 3'; Length: 34; Trimmed: 65736 times

No. of allowed errors:
0-9 bp: 0; 10-19 bp: 1; 20-29 bp: 2; 30-34 bp: 3

Bases preceding removed adapters:
  A: 24.5%
  C: 16.9%
  G: 28.5%
  T: 30.1%
  none/other: 0.0%

Overview of removed sequences
length	count	expect	max.err	error counts
3	51236	50752.7	0	51236
4	11606	12688.2	0	11606
5	1990	3172.0	0	1990
6	511	793.0	0	511
7	134	198.3	0	134
8	32	49.6	0	32
9	102	12.4	0	8 94
10	85	3.1	1	5 80
11	29	0.8	1	1 28
12	7	0.2	1	0 7
13	4	0.0	1	0 4


=== Second read: Adapter PrefixPE/1 ===

Sequence: TACACTCTTTCCCTACACGACGCTCTTCCGATCT; Type: regular 3'; Length: 34; Trimmed: 51595 times

No. of allowed errors:
0-9 bp: 0; 10-19 bp: 1; 20-29 bp: 2; 30-34 bp: 3

Bases preceding removed adapters:
  A: 25.1%
  C: 24.8%
  G: 24.9%
  T: 25.3%
  none/other: 0.0%

Overview of removed sequences
length	count	expect	max.err	error counts
3	35091	50752.7	0	35091
4	12197	12688.2	0	12197
5	3169	3172.0	0	3169
6	574	793.0	0	574
7	138	198.3	0	138
8	36	49.6	0	36
9	145	12.4	0	10 135
10	159	3.1	1	5 154
11	63	0.8	1	1 62
12	13	0.2	1	0 13
13	8	0.0	1	0 8
14	1	0.0	1	0 1
151	1	0.0	3	0 0 0 1


=== Second read: Adapter PrefixPE/2 ===

Sequence: GTGACTGGAGTTCAGACGTGTGCTCTTCCGATCT; Type: regular 3'; Length: 34; Trimmed: 63993 times

No. of allowed errors:
0-9 bp: 0; 10-19 bp: 1; 20-29 bp: 2; 30-34 bp: 3

Bases preceding removed adapters:
  A: 24.2%
  C: 18.0%
  G: 28.5%
  T: 29.3%
  none/other: 0.0%

Overview of removed sequences
length	count	expect	max.err	error counts
3	50273	50752.7	0	50273
4	10972	12688.2	0	10972
5	1923	3172.0	0	1923
6	492	793.0	0	492
7	118	198.3	0	118
8	20	49.6	0	20
9	91	12.4	0	5 86
10	72	3.1	1	2 70
11	23	0.8	1	0 23
12	5	0.2	1	0 5
101	1	0.0	3	0 0 1
104	1	0.0	3	0 1
143	2	0.0	3	0 0 0 2
