This is cutadapt 2.9 with Python 3.6.6
Command line parameters: --interleaved -a file:/nas02/apps/trimmomatic-0.36/Trimmomatic-0.36/adapters/TruSeq3-PE.fa -A file:/nas02/apps/trimmomatic-0.36/Trimmomatic-0.36/adapters/TruSeq3-PE.fa -m 30 /nas/longleaf/home/zpopkinh/Pvivax_resources/wgs_pe_improved_global/fastq/ERS040115/ERR054087_1.fastq.gz /nas/longleaf/home/zpopkinh/Pvivax_resources/wgs_pe_improved_global/fastq/ERS040115/ERR054087_2.fastq.gz
Processing reads on 1 core in paired-end mode ...
Finished in 416.68 s (75 us/read; 0.80 M reads/minute).

=== Summary ===

Total read pairs processed:          5,580,560
  Read 1 with adapter:                 204,427 (3.7%)
  Read 2 with adapter:                 196,131 (3.5%)
Pairs written (passing filters):     5,580,560 (100.0%)

Total basepairs processed:   837,084,000 bp
  Read 1:   418,542,000 bp
  Read 2:   418,542,000 bp
Total written (filtered):    835,722,981 bp (99.8%)
  Read 1:   417,847,291 bp
  Read 2:   417,875,690 bp

=== First read: Adapter PrefixPE/1 ===

Sequence: TACACTCTTTCCCTACACGACGCTCTTCCGATCT; Type: regular 3'; Length: 34; Trimmed: 112661 times

No. of allowed errors:
0-9 bp: 0; 10-19 bp: 1; 20-29 bp: 2; 30-34 bp: 3

Bases preceding removed adapters:
  A: 29.9%
  C: 17.3%
  G: 23.7%
  T: 29.0%
  none/other: 0.0%

Overview of removed sequences
length	count	expect	max.err	error counts
3	73634	87196.2	0	73634
4	30483	21799.1	0	30483
5	5649	5449.8	0	5649
6	1373	1362.4	0	1373
7	309	340.6	0	309
8	76	85.2	0	76
9	287	21.3	0	25 262
10	642	5.3	1	31 611
11	179	1.3	1	1 178
12	20	0.3	1	0 20
13	7	0.1	1	0 7
14	2	0.0	1	0 2


=== First read: Adapter PrefixPE/2 ===

Sequence: GTGACTGGAGTTCAGACGTGTGCTCTTCCGATCT; Type: regular 3'; Length: 34; Trimmed: 91766 times

No. of allowed errors:
0-9 bp: 0; 10-19 bp: 1; 20-29 bp: 2; 30-34 bp: 3

Bases preceding removed adapters:
  A: 25.7%
  C: 15.9%
  G: 24.3%
  T: 34.1%
  none/other: 0.0%

Overview of removed sequences
length	count	expect	max.err	error counts
3	71589	87196.2	0	71589
4	16494	21799.1	0	16494
5	2600	5449.8	0	2600
6	699	1362.4	0	699
7	127	340.6	0	127
8	20	85.2	0	20
9	113	21.3	0	5 108
10	85	5.3	1	1 84
11	33	1.3	1	0 33
12	4	0.3	1	0 4
13	2	0.1	1	0 2


=== Second read: Adapter PrefixPE/1 ===

Sequence: TACACTCTTTCCCTACACGACGCTCTTCCGATCT; Type: regular 3'; Length: 34; Trimmed: 107897 times

No. of allowed errors:
0-9 bp: 0; 10-19 bp: 1; 20-29 bp: 2; 30-34 bp: 3

Bases preceding removed adapters:
  A: 30.3%
  C: 17.4%
  G: 23.3%
  T: 29.0%
  none/other: 0.0%

Overview of removed sequences
length	count	expect	max.err	error counts
3	70561	87196.2	0	70561
4	29309	21799.1	0	29309
5	5193	5449.8	0	5193
6	1375	1362.4	0	1375
7	305	340.6	0	305
8	76	85.2	0	76
9	298	21.3	0	30 268
10	566	5.3	1	16 550
11	178	1.3	1	0 178
12	24	0.3	1	1 23
13	10	0.1	1	0 10
14	1	0.0	1	0 1
15	1	0.0	1	0 1


=== Second read: Adapter PrefixPE/2 ===

Sequence: GTGACTGGAGTTCAGACGTGTGCTCTTCCGATCT; Type: regular 3'; Length: 34; Trimmed: 88234 times

No. of allowed errors:
0-9 bp: 0; 10-19 bp: 1; 20-29 bp: 2; 30-34 bp: 3

Bases preceding removed adapters:
  A: 25.5%
  C: 15.6%
  G: 24.7%
  T: 34.2%
  none/other: 0.0%

Overview of removed sequences
length	count	expect	max.err	error counts
3	68756	87196.2	0	68756
4	16028	21799.1	0	16028
5	2474	5449.8	0	2474
6	594	1362.4	0	594
7	116	340.6	0	116
8	18	85.2	0	18
9	115	21.3	0	4 111
10	96	5.3	1	1 95
11	27	1.3	1	1 26
12	6	0.3	1	0 6
13	4	0.1	1	0 4
