This is cutadapt 2.9 with Python 3.6.6
Command line parameters: --interleaved -a file:/nas02/apps/trimmomatic-0.36/Trimmomatic-0.36/adapters/TruSeq3-PE.fa -A file:/nas02/apps/trimmomatic-0.36/Trimmomatic-0.36/adapters/TruSeq3-PE.fa -m 30 /nas/longleaf/home/zpopkinh/Pvivax_resources/wgs_pe_improved_global/fastq/ERR5740760/ERR5740760_1.fastq.gz /nas/longleaf/home/zpopkinh/Pvivax_resources/wgs_pe_improved_global/fastq/ERR5740760/ERR5740760_2.fastq.gz
Processing reads on 1 core in paired-end mode ...
Finished in 441.77 s (132 us/read; 0.45 M reads/minute).

=== Summary ===

Total read pairs processed:          3,345,194
  Read 1 with adapter:                 122,305 (3.7%)
  Read 2 with adapter:                 117,133 (3.5%)
Pairs written (passing filters):     3,345,192 (100.0%)

Total basepairs processed: 1,010,248,588 bp
  Read 1:   505,124,294 bp
  Read 2:   505,124,294 bp
Total written (filtered):  1,009,436,560 bp (99.9%)
  Read 1:   504,709,097 bp
  Read 2:   504,727,463 bp

=== First read: Adapter PrefixPE/1 ===

Sequence: TACACTCTTTCCCTACACGACGCTCTTCCGATCT; Type: regular 3'; Length: 34; Trimmed: 56066 times

No. of allowed errors:
0-9 bp: 0; 10-19 bp: 1; 20-29 bp: 2; 30-34 bp: 3

Bases preceding removed adapters:
  A: 27.8%
  C: 23.5%
  G: 20.5%
  T: 28.2%
  none/other: 0.0%

Overview of removed sequences
length	count	expect	max.err	error counts
3	37265	52268.7	0	37265
4	14389	13067.2	0	14389
5	2977	3266.8	0	2977
6	708	816.7	0	708
7	133	204.2	0	133
8	40	51.0	0	40
9	172	12.8	0	21 151
10	263	3.2	1	7 256
11	86	0.8	1	0 86
12	18	0.2	1	0 18
13	5	0.0	1	0 5
14	5	0.0	1	0 5
15	1	0.0	1	0 1
89	1	0.0	3	0 0 0 1
93	1	0.0	3	0 0 1
151	2	0.0	3	0 0 0 2


=== First read: Adapter PrefixPE/2 ===

Sequence: GTGACTGGAGTTCAGACGTGTGCTCTTCCGATCT; Type: regular 3'; Length: 34; Trimmed: 66239 times

No. of allowed errors:
0-9 bp: 0; 10-19 bp: 1; 20-29 bp: 2; 30-34 bp: 3

Bases preceding removed adapters:
  A: 26.8%
  C: 12.6%
  G: 26.6%
  T: 34.0%
  none/other: 0.0%

Overview of removed sequences
length	count	expect	max.err	error counts
3	50669	52268.7	0	50669
4	12529	13067.2	0	12529
5	2028	3266.8	0	2028
6	587	816.7	0	587
7	152	204.2	0	152
8	31	51.0	0	31
9	92	12.8	0	5 87
10	108	3.2	1	1 107
11	36	0.8	1	1 35
12	5	0.2	1	0 5
13	1	0.0	1	0 1
14	1	0.0	1	0 1


=== Second read: Adapter PrefixPE/1 ===

Sequence: TACACTCTTTCCCTACACGACGCTCTTCCGATCT; Type: regular 3'; Length: 34; Trimmed: 53667 times

No. of allowed errors:
0-9 bp: 0; 10-19 bp: 1; 20-29 bp: 2; 30-34 bp: 3

Bases preceding removed adapters:
  A: 27.7%
  C: 25.0%
  G: 20.8%
  T: 26.6%
  none/other: 0.0%

Overview of removed sequences
length	count	expect	max.err	error counts
3	36082	52268.7	0	36082
4	13259	13067.2	0	13259
5	2987	3266.8	0	2987
6	653	816.7	0	653
7	132	204.2	0	132
8	47	51.0	0	47
9	169	12.8	0	15 154
10	234	3.2	1	0 234
11	72	0.8	1	0 72
12	21	0.2	1	1 20
13	7	0.0	1	1 6
14	4	0.0	1	0 4


=== Second read: Adapter PrefixPE/2 ===

Sequence: GTGACTGGAGTTCAGACGTGTGCTCTTCCGATCT; Type: regular 3'; Length: 34; Trimmed: 63466 times

No. of allowed errors:
0-9 bp: 0; 10-19 bp: 1; 20-29 bp: 2; 30-34 bp: 3

Bases preceding removed adapters:
  A: 25.9%
  C: 15.2%
  G: 26.8%
  T: 32.1%
  none/other: 0.0%

Overview of removed sequences
length	count	expect	max.err	error counts
3	49284	52268.7	0	49284
4	11052	13067.2	0	11052
5	2066	3266.8	0	2066
6	597	816.7	0	597
7	152	204.2	0	152
8	42	51.0	0	42
9	124	12.8	0	11 113
10	105	3.2	1	1 104
11	31	0.8	1	0 31
12	9	0.2	1	0 9
13	1	0.0	1	0 1
14	3	0.0	1	0 3
