This is cutadapt 2.9 with Python 3.6.6
Command line parameters: --interleaved -a file:/nas02/apps/trimmomatic-0.36/Trimmomatic-0.36/adapters/TruSeq3-PE.fa -A file:/nas02/apps/trimmomatic-0.36/Trimmomatic-0.36/adapters/TruSeq3-PE.fa -m 30 /nas/longleaf/home/zpopkinh/Pvivax_resources/wgs_pe_improved_global/fastq/ERR3813225/ERR3813225_1.fastq.gz /nas/longleaf/home/zpopkinh/Pvivax_resources/wgs_pe_improved_global/fastq/ERR3813225/ERR3813225_2.fastq.gz
Processing reads on 1 core in paired-end mode ...
Finished in 2395.50 s (120 us/read; 0.50 M reads/minute).

=== Summary ===

Total read pairs processed:         20,019,117
  Read 1 with adapter:                 733,065 (3.7%)
  Read 2 with adapter:                 738,883 (3.7%)
Pairs written (passing filters):    20,019,113 (100.0%)

Total basepairs processed: 6,005,735,100 bp
  Read 1: 3,002,867,550 bp
  Read 2: 3,002,867,550 bp
Total written (filtered):  6,000,719,449 bp (99.9%)
  Read 1: 3,000,367,081 bp
  Read 2: 3,000,352,368 bp

=== First read: Adapter PrefixPE/1 ===

Sequence: TACACTCTTTCCCTACACGACGCTCTTCCGATCT; Type: regular 3'; Length: 34; Trimmed: 348850 times

No. of allowed errors:
0-9 bp: 0; 10-19 bp: 1; 20-29 bp: 2; 30-34 bp: 3

Bases preceding removed adapters:
  A: 30.2%
  C: 21.5%
  G: 17.4%
  T: 30.9%
  none/other: 0.0%

Overview of removed sequences
length	count	expect	max.err	error counts
3	229098	312798.7	0	229098
4	95046	78199.7	0	95046
5	15816	19549.9	0	15816
6	4274	4887.5	0	4274
7	852	1221.9	0	852
8	267	305.5	0	267
9	1037	76.4	0	89 948
10	1783	19.1	1	42 1741
11	541	4.8	1	4 537
12	98	1.2	1	1 97
13	23	0.3	1	0 23
14	10	0.1	1	0 10
15	2	0.0	1	0 2
16	2	0.0	1	0 2
79	1	0.0	3	0 0 1


=== First read: Adapter PrefixPE/2 ===

Sequence: GTGACTGGAGTTCAGACGTGTGCTCTTCCGATCT; Type: regular 3'; Length: 34; Trimmed: 384215 times

No. of allowed errors:
0-9 bp: 0; 10-19 bp: 1; 20-29 bp: 2; 30-34 bp: 3

Bases preceding removed adapters:
  A: 29.8%
  C: 8.3%
  G: 25.1%
  T: 36.7%
  none/other: 0.0%

Overview of removed sequences
length	count	expect	max.err	error counts
3	288271	312798.7	0	288271
4	76005	78199.7	0	76005
5	12698	19549.9	0	12698
6	4068	4887.5	0	4068
7	1049	1221.9	0	1049
8	273	305.5	0	273
9	722	76.4	0	91 631
10	721	19.1	1	16 705
11	293	4.8	1	9 284
12	83	1.2	1	2 81
13	21	0.3	1	0 21
14	10	0.1	1	0 10
99	1	0.0	3	0 1


=== Second read: Adapter PrefixPE/1 ===

Sequence: TACACTCTTTCCCTACACGACGCTCTTCCGATCT; Type: regular 3'; Length: 34; Trimmed: 348880 times

No. of allowed errors:
0-9 bp: 0; 10-19 bp: 1; 20-29 bp: 2; 30-34 bp: 3

Bases preceding removed adapters:
  A: 30.3%
  C: 21.9%
  G: 17.6%
  T: 30.1%
  none/other: 0.0%

Overview of removed sequences
length	count	expect	max.err	error counts
3	230916	312798.7	0	230916
4	93290	78199.7	0	93290
5	15861	19549.9	0	15861
6	4289	4887.5	0	4289
7	936	1221.9	0	936
8	291	305.5	0	291
9	934	76.4	0	78 856
10	1696	19.1	1	31 1665
11	500	4.8	1	6 494
12	122	1.2	1	6 116
13	32	0.3	1	0 32
14	6	0.1	1	0 6
15	3	0.0	1	0 3
120	1	0.0	3	0 0 1
150	3	0.0	3	0 0 3


=== Second read: Adapter PrefixPE/2 ===

Sequence: GTGACTGGAGTTCAGACGTGTGCTCTTCCGATCT; Type: regular 3'; Length: 34; Trimmed: 390003 times

No. of allowed errors:
0-9 bp: 0; 10-19 bp: 1; 20-29 bp: 2; 30-34 bp: 3

Bases preceding removed adapters:
  A: 29.3%
  C: 9.9%
  G: 25.3%
  T: 35.4%
  none/other: 0.0%

Overview of removed sequences
length	count	expect	max.err	error counts
3	294146	312798.7	0	294146
4	75737	78199.7	0	75737
5	12935	19549.9	0	12935
6	4082	4887.5	0	4082
7	1067	1221.9	0	1067
8	260	305.5	0	260
9	673	76.4	0	64 609
10	728	19.1	1	29 699
11	265	4.8	1	2 263
12	73	1.2	1	0 73
13	23	0.3	1	0 23
14	9	0.1	1	1 8
15	3	0.0	1	0 3
60	1	0.0	3	0 0 0 1
134	1	0.0	3	0 0 0 1
