This is cutadapt 2.9 with Python 3.6.6
Command line parameters: --interleaved -a file:/nas02/apps/trimmomatic-0.36/Trimmomatic-0.36/adapters/TruSeq3-PE.fa -A file:/nas02/apps/trimmomatic-0.36/Trimmomatic-0.36/adapters/TruSeq3-PE.fa -m 30 /nas/longleaf/home/zpopkinh/Pvivax_resources/new_seqs_2021/fastq/Q8J6O/Q8J6O_2016-05-20_1.fastq.gz /nas/longleaf/home/zpopkinh/Pvivax_resources/new_seqs_2021/fastq/Q8J6O/Q8J6O_2016-05-20_2.fastq.gz
Processing reads on 1 core in paired-end mode ...
Finished in 2802.86 s (121 us/read; 0.50 M reads/minute).

=== Summary ===

Total read pairs processed:         23,193,367
  Read 1 with adapter:                 865,522 (3.7%)
  Read 2 with adapter:                 872,060 (3.8%)
Pairs written (passing filters):    23,187,271 (100.0%)

Total basepairs processed: 5,798,341,750 bp
  Read 1: 2,899,170,875 bp
  Read 2: 2,899,170,875 bp
Total written (filtered):  5,790,916,757 bp (99.9%)
  Read 1: 2,895,472,109 bp
  Read 2: 2,895,444,648 bp

=== First read: Adapter PrefixPE/1 ===

Sequence: TACACTCTTTCCCTACACGACGCTCTTCCGATCT; Type: regular 3'; Length: 34; Trimmed: 422228 times

No. of allowed errors:
0-9 bp: 0; 10-19 bp: 1; 20-29 bp: 2; 30-34 bp: 3

Bases preceding removed adapters:
  A: 31.6%
  C: 23.1%
  G: 16.1%
  T: 28.2%
  none/other: 1.0%

Overview of removed sequences
length	count	expect	max.err	error counts
3	266586	362396.4	0	266586
4	120154	90599.1	0	120154
5	19160	22649.8	0	19160
6	5985	5662.4	0	5985
7	1321	1415.6	0	1321
8	564	353.9	0	564
9	1135	88.5	0	156 979
10	2154	22.1	1	108 2046
11	631	5.5	1	2 629
12	112	1.4	1	4 108
13	19	0.3	1	0 19
14	6	0.1	1	0 6
35	1	0.0	3	0 0 1
45	1	0.0	3	0 0 0 1
91	2	0.0	3	1 0 1
94	5	0.0	3	0 1 2 2
95	2	0.0	3	0 0 0 2
96	4	0.0	3	0 0 0 4
98	1	0.0	3	0 0 1
99	3	0.0	3	0 0 2 1
100	3	0.0	3	0 3
101	1	0.0	3	0 0 1
104	3	0.0	3	3
105	2	0.0	3	0 2
107	1	0.0	3	0 0 0 1
114	1	0.0	3	0 1
124	8	0.0	3	0 0 0 8
125	4363	0.0	3	0 134 3077 1152


=== First read: Adapter PrefixPE/2 ===

Sequence: GTGACTGGAGTTCAGACGTGTGCTCTTCCGATCT; Type: regular 3'; Length: 34; Trimmed: 443294 times

No. of allowed errors:
0-9 bp: 0; 10-19 bp: 1; 20-29 bp: 2; 30-34 bp: 3

Bases preceding removed adapters:
  A: 28.8%
  C: 6.6%
  G: 26.5%
  T: 38.2%
  none/other: 0.0%

Overview of removed sequences
length	count	expect	max.err	error counts
3	339744	362396.4	0	339744
4	85217	90599.1	0	85217
5	11136	22649.8	0	11136
6	3507	5662.4	0	3507
7	846	1415.6	0	846
8	249	353.9	0	249
9	1452	88.5	0	98 1354
10	686	22.1	1	13 673
11	312	5.5	1	4 308
12	109	1.4	1	1 108
13	16	0.3	1	0 16
14	9	0.1	1	0 9
16	4	0.0	1	0 4
114	7	0.0	3	0 0 7


=== Second read: Adapter PrefixPE/1 ===

Sequence: TACACTCTTTCCCTACACGACGCTCTTCCGATCT; Type: regular 3'; Length: 34; Trimmed: 422373 times

No. of allowed errors:
0-9 bp: 0; 10-19 bp: 1; 20-29 bp: 2; 30-34 bp: 3

Bases preceding removed adapters:
  A: 31.5%
  C: 24.0%
  G: 16.2%
  T: 28.2%
  none/other: 0.1%

Overview of removed sequences
length	count	expect	max.err	error counts
3	270387	362396.4	0	270387
4	119712	90599.1	0	119712
5	19337	22649.8	0	19337
6	5585	5662.4	0	5585
7	1157	1415.6	0	1157
8	572	353.9	0	572
9	1097	88.5	0	125 972
10	2075	22.1	1	103 1972
11	690	5.5	1	3 687
12	82	1.4	1	6 76
13	28	0.3	1	0 28
14	14	0.1	1	0 14
102	4	0.0	3	1 0 3
104	2	0.0	3	0 0 0 2
107	2	0.0	3	0 0 2
113	1	0.0	3	0 0 0 1
119	5	0.0	3	0 1 1 3
124	3	0.0	3	0 0 3
125	1620	0.0	3	2 188 796 634


=== Second read: Adapter PrefixPE/2 ===

Sequence: GTGACTGGAGTTCAGACGTGTGCTCTTCCGATCT; Type: regular 3'; Length: 34; Trimmed: 449687 times

No. of allowed errors:
0-9 bp: 0; 10-19 bp: 1; 20-29 bp: 2; 30-34 bp: 3

Bases preceding removed adapters:
  A: 28.5%
  C: 6.6%
  G: 27.3%
  T: 37.6%
  none/other: 0.0%

Overview of removed sequences
length	count	expect	max.err	error counts
3	344662	362396.4	0	344662
4	86117	90599.1	0	86117
5	11738	22649.8	0	11738
6	3404	5662.4	0	3404
7	854	1415.6	0	854
8	239	353.9	0	239
9	1532	88.5	0	159 1373
10	703	22.1	1	23 680
11	250	5.5	1	3 247
12	57	1.4	1	0 57
13	28	0.3	1	0 28
14	5	0.1	1	0 5
15	11	0.0	1	0 11
28	1	0.0	2	0 1
32	1	0.0	3	0 0 0 1
93	2	0.0	3	0 0 0 2
94	1	0.0	3	0 0 0 1
95	18	0.0	3	0 0 11 7
97	61	0.0	3	0 0 14 47
99	3	0.0	3	0 0 0 3
