This is cutadapt 2.9 with Python 3.6.6
Command line parameters: --interleaved -a file:/nas02/apps/trimmomatic-0.36/Trimmomatic-0.36/adapters/TruSeq3-PE.fa -A file:/nas02/apps/trimmomatic-0.36/Trimmomatic-0.36/adapters/TruSeq3-PE.fa -m 30 /nas/longleaf/home/zpopkinh/Pvivax_resources/new_seqs_2021/fastq/Q8J6O/Q8J6O_2016-02-29_1.fastq.gz /nas/longleaf/home/zpopkinh/Pvivax_resources/new_seqs_2021/fastq/Q8J6O/Q8J6O_2016-02-29_2.fastq.gz
Processing reads on 1 core in paired-end mode ...
Finished in 1073.15 s (387 us/read; 0.15 M reads/minute).

=== Summary ===

Total read pairs processed:          2,770,146
  Read 1 with adapter:                  81,383 (2.9%)
  Read 2 with adapter:                 101,253 (3.7%)
Pairs written (passing filters):     2,769,752 (100.0%)

Total basepairs processed: 1,662,087,600 bp
  Read 1:   831,043,800 bp
  Read 2:   831,043,800 bp
Total written (filtered):  1,661,226,846 bp (99.9%)
  Read 1:   830,643,706 bp
  Read 2:   830,583,140 bp

=== First read: Adapter PrefixPE/1 ===

Sequence: TACACTCTTTCCCTACACGACGCTCTTCCGATCT; Type: regular 3'; Length: 34; Trimmed: 45998 times

No. of allowed errors:
0-9 bp: 0; 10-19 bp: 1; 20-29 bp: 2; 30-34 bp: 3

Bases preceding removed adapters:
  A: 33.5%
  C: 24.8%
  G: 15.6%
  T: 25.4%
  none/other: 0.7%

Overview of removed sequences
length	count	expect	max.err	error counts
3	28090	43283.5	0	28090
4	13552	10820.9	0	13552
5	2612	2705.2	0	2612
6	567	676.3	0	567
7	176	169.1	0	176
8	62	42.3	0	62
9	140	10.6	0	23 117
10	337	2.6	1	8 329
11	84	0.7	1	0 84
12	10	0.2	1	0 10
13	6	0.0	1	0 6
14	2	0.0	1	0 2
44	1	0.0	3	0 0 0 1
45	1	0.0	3	0 0 0 1
57	3	0.0	3	0 0 0 3
66	1	0.0	3	0 0 0 1
269	4	0.0	3	0 1 2 1
270	3	0.0	3	0 0 1 2
271	1	0.0	3	0 0 0 1
274	2	0.0	3	0 0 0 2
276	1	0.0	3	0 0 1
279	1	0.0	3	1
295	1	0.0	3	0 1
300	341	0.0	3	0 12 199 130


=== First read: Adapter PrefixPE/2 ===

Sequence: GTGACTGGAGTTCAGACGTGTGCTCTTCCGATCT; Type: regular 3'; Length: 34; Trimmed: 35385 times

No. of allowed errors:
0-9 bp: 0; 10-19 bp: 1; 20-29 bp: 2; 30-34 bp: 3

Bases preceding removed adapters:
  A: 29.8%
  C: 7.4%
  G: 26.0%
  T: 36.9%
  none/other: 0.0%

Overview of removed sequences
length	count	expect	max.err	error counts
3	27146	43283.5	0	27146
4	6639	10820.9	0	6639
5	1048	2705.2	0	1048
6	315	676.3	0	315
7	72	169.1	0	72
8	28	42.3	0	28
9	47	10.6	0	1 46
10	53	2.6	1	0 53
11	27	0.7	1	0 27
12	3	0.2	1	0 3
13	3	0.0	1	0 3
14	1	0.0	1	0 1
15	2	0.0	1	0 2
16	1	0.0	1	0 1


=== Second read: Adapter PrefixPE/1 ===

Sequence: TACACTCTTTCCCTACACGACGCTCTTCCGATCT; Type: regular 3'; Length: 34; Trimmed: 43687 times

No. of allowed errors:
0-9 bp: 0; 10-19 bp: 1; 20-29 bp: 2; 30-34 bp: 3

Bases preceding removed adapters:
  A: 32.5%
  C: 25.7%
  G: 17.0%
  T: 24.7%
  none/other: 0.1%

Overview of removed sequences
length	count	expect	max.err	error counts
3	26195	43283.5	0	26195
4	13141	10820.9	0	13141
5	2574	2705.2	0	2574
6	703	676.3	0	703
7	166	169.1	0	166
8	57	42.3	0	57
9	232	10.6	0	22 210
10	445	2.6	1	16 429
11	89	0.7	1	0 89
12	27	0.2	1	2 25
13	6	0.0	1	0 6
14	3	0.0	1	0 3
17	1	0.0	1	0 1
291	1	0.0	3	0 0 0 1
300	47	0.0	3	0 22 11 14


=== Second read: Adapter PrefixPE/2 ===

Sequence: GTGACTGGAGTTCAGACGTGTGCTCTTCCGATCT; Type: regular 3'; Length: 34; Trimmed: 57566 times

No. of allowed errors:
0-9 bp: 0; 10-19 bp: 1; 20-29 bp: 2; 30-34 bp: 3

Bases preceding removed adapters:
  A: 28.8%
  C: 19.3%
  G: 29.2%
  T: 22.7%
  none/other: 0.0%

Overview of removed sequences
length	count	expect	max.err	error counts
3	50119	43283.5	0	50119
4	5848	10820.9	0	5848
5	983	2705.2	0	983
6	341	676.3	0	341
7	84	169.1	0	84
8	38	42.3	0	38
9	65	10.6	0	5 60
10	42	2.6	1	0 42
11	29	0.7	1	1 28
12	7	0.2	1	0 7
13	1	0.0	1	0 1
109	2	0.0	3	0 0 0 2
202	1	0.0	3	0 0 0 1
237	1	0.0	3	0 1
244	1	0.0	3	0 1
249	1	0.0	3	1
255	1	0.0	3	0 1
268	1	0.0	3	0 0 0 1
272	1	0.0	3	0 0 0 1
