This is cutadapt 2.9 with Python 3.6.6
Command line parameters: --interleaved -a file:/nas02/apps/trimmomatic-0.36/Trimmomatic-0.36/adapters/TruSeq3-PE.fa -A file:/nas02/apps/trimmomatic-0.36/Trimmomatic-0.36/adapters/TruSeq3-PE.fa -m 30 /nas/longleaf/home/zpopkinh/Pvivax_resources/new_seqs_2021/fastq/Q8J6O/Q8J6O_2015-12-28_1.fastq.gz /nas/longleaf/home/zpopkinh/Pvivax_resources/new_seqs_2021/fastq/Q8J6O/Q8J6O_2015-12-28_2.fastq.gz
Processing reads on 1 core in paired-end mode ...
Finished in 271.19 s (563 us/read; 0.11 M reads/minute).

=== Summary ===

Total read pairs processed:            481,700
  Read 1 with adapter:                  14,988 (3.1%)
  Read 2 with adapter:                   8,493 (1.8%)
Pairs written (passing filters):       481,639 (100.0%)

Total basepairs processed:   289,020,000 bp
  Read 1:   144,510,000 bp
  Read 2:   144,510,000 bp
Total written (filtered):    288,891,083 bp (100.0%)
  Read 1:   144,434,033 bp
  Read 2:   144,457,050 bp

=== First read: Adapter PrefixPE/1 ===

Sequence: TACACTCTTTCCCTACACGACGCTCTTCCGATCT; Type: regular 3'; Length: 34; Trimmed: 12530 times

No. of allowed errors:
0-9 bp: 0; 10-19 bp: 1; 20-29 bp: 2; 30-34 bp: 3

Bases preceding removed adapters:
  A: 52.7%
  C: 23.9%
  G: 9.2%
  T: 13.8%
  none/other: 0.4%

Overview of removed sequences
length	count	expect	max.err	error counts
3	3857	7526.6	0	3857
4	7421	1881.6	0	7421
5	627	470.4	0	627
6	363	117.6	0	363
7	42	29.4	0	42
8	31	7.4	0	31
9	47	1.8	0	9 38
10	66	0.5	1	2 64
11	15	0.1	1	0 15
12	2	0.0	1	0 2
13	1	0.0	1	0 1
269	2	0.0	3	0 1 0 1
270	1	0.0	3	0 0 0 1
271	1	0.0	3	0 0 0 1
274	1	0.0	3	0 0 0 1
275	1	0.0	3	0 0 0 1
276	2	0.0	3	0 0 1 1
299	1	0.0	3	0 0 0 1
300	49	0.0	3	0 1 4 44


=== First read: Adapter PrefixPE/2 ===

Sequence: GTGACTGGAGTTCAGACGTGTGCTCTTCCGATCT; Type: regular 3'; Length: 34; Trimmed: 2458 times

No. of allowed errors:
0-9 bp: 0; 10-19 bp: 1; 20-29 bp: 2; 30-34 bp: 3

Bases preceding removed adapters:
  A: 33.8%
  C: 9.0%
  G: 22.3%
  T: 34.9%
  none/other: 0.0%

Overview of removed sequences
length	count	expect	max.err	error counts
3	1605	7526.6	0	1605
4	730	1881.6	0	730
5	66	470.4	0	66
6	39	117.6	0	39
7	3	29.4	0	3
8	4	7.4	0	4
9	2	1.8	0	0 2
10	6	0.5	1	0 6
11	2	0.1	1	0 2
12	1	0.0	1	0 1


=== Second read: Adapter PrefixPE/1 ===

Sequence: TACACTCTTTCCCTACACGACGCTCTTCCGATCT; Type: regular 3'; Length: 34; Trimmed: 6793 times

No. of allowed errors:
0-9 bp: 0; 10-19 bp: 1; 20-29 bp: 2; 30-34 bp: 3

Bases preceding removed adapters:
  A: 49.1%
  C: 28.3%
  G: 9.1%
  T: 13.5%
  none/other: 0.0%

Overview of removed sequences
length	count	expect	max.err	error counts
3	1918	7526.6	0	1918
4	3463	1881.6	0	3463
5	380	470.4	0	380
6	716	117.6	0	716
7	17	29.4	0	17
8	70	7.4	0	70
9	81	1.8	0	10 71
10	116	0.5	1	3 113
11	22	0.1	1	0 22
12	2	0.0	1	0 2
13	1	0.0	1	0 1
300	7	0.0	3	0 0 5 2


=== Second read: Adapter PrefixPE/2 ===

Sequence: GTGACTGGAGTTCAGACGTGTGCTCTTCCGATCT; Type: regular 3'; Length: 34; Trimmed: 1700 times

No. of allowed errors:
0-9 bp: 0; 10-19 bp: 1; 20-29 bp: 2; 30-34 bp: 3

Bases preceding removed adapters:
  A: 32.1%
  C: 22.2%
  G: 27.2%
  T: 18.5%
  none/other: 0.0%

Overview of removed sequences
length	count	expect	max.err	error counts
3	1378	7526.6	0	1378
4	230	1881.6	0	230
5	17	470.4	0	17
6	60	117.6	0	60
7	1	29.4	0	1
8	4	7.4	0	4
9	2	1.8	0	0 2
10	2	0.5	1	0 2
11	2	0.1	1	1 1
12	1	0.0	1	0 1
14	1	0.0	1	0 1
188	1	0.0	3	0 0 0 1
192	1	0.0	3	0 0 0 1
