This is cutadapt 2.9 with Python 3.6.6
Command line parameters: --interleaved -a file:/nas02/apps/trimmomatic-0.36/Trimmomatic-0.36/adapters/TruSeq3-PE.fa -A file:/nas02/apps/trimmomatic-0.36/Trimmomatic-0.36/adapters/TruSeq3-PE.fa -m 30 /nas/longleaf/home/zpopkinh/Pvivax_resources/new_seqs_2021/fastq/MDP3963/MDP3963_1.fastq.gz /nas/longleaf/home/zpopkinh/Pvivax_resources/new_seqs_2021/fastq/MDP3963/MDP3963_2.fastq.gz
Processing reads on 1 core in paired-end mode ...
Finished in 1497.94 s (149 us/read; 0.40 M reads/minute).

=== Summary ===

Total read pairs processed:         10,055,638
  Read 1 with adapter:                 295,214 (2.9%)
  Read 2 with adapter:                 391,724 (3.9%)
Pairs written (passing filters):    10,055,637 (100.0%)

Total basepairs processed: 3,016,691,400 bp
  Read 1: 1,508,345,700 bp
  Read 2: 1,508,345,700 bp
Total written (filtered):  3,014,419,763 bp (99.9%)
  Read 1: 1,507,353,238 bp
  Read 2: 1,507,066,525 bp

=== First read: Adapter PrefixPE/1 ===

Sequence: TACACTCTTTCCCTACACGACGCTCTTCCGATCT; Type: regular 3'; Length: 34; Trimmed: 141753 times

No. of allowed errors:
0-9 bp: 0; 10-19 bp: 1; 20-29 bp: 2; 30-34 bp: 3

Bases preceding removed adapters:
  A: 25.2%
  C: 22.5%
  G: 25.1%
  T: 27.3%
  none/other: 0.0%

Overview of removed sequences
length	count	expect	max.err	error counts
3	96021	157119.3	0	96021
4	34316	39279.8	0	34316
5	8216	9820.0	0	8216
6	1552	2455.0	0	1552
7	372	613.7	0	372
8	103	153.4	0	103
9	491	38.4	0	32 459
10	464	9.6	1	19 445
11	164	2.4	1	1 163
12	35	0.6	1	0 35
13	14	0.1	1	0 14
14	2	0.0	1	0 2
16	1	0.0	1	0 1
58	1	0.0	3	0 0 0 1
133	1	0.0	3	1


=== First read: Adapter PrefixPE/2 ===

Sequence: GTGACTGGAGTTCAGACGTGTGCTCTTCCGATCT; Type: regular 3'; Length: 34; Trimmed: 153461 times

No. of allowed errors:
0-9 bp: 0; 10-19 bp: 1; 20-29 bp: 2; 30-34 bp: 3

Bases preceding removed adapters:
  A: 22.7%
  C: 19.3%
  G: 28.1%
  T: 29.9%
  none/other: 0.0%

Overview of removed sequences
length	count	expect	max.err	error counts
3	121527	157119.3	0	121527
4	26011	39279.8	0	26011
5	4291	9820.0	0	4291
6	1000	2455.0	0	1000
7	211	613.7	0	211
8	46	153.4	0	46
9	170	38.4	0	3 167
10	132	9.6	1	4 128
11	57	2.4	1	0 57
12	13	0.6	1	0 13
13	2	0.1	1	0 2
14	1	0.0	1	0 1


=== Second read: Adapter PrefixPE/1 ===

Sequence: TACACTCTTTCCCTACACGACGCTCTTCCGATCT; Type: regular 3'; Length: 34; Trimmed: 137584 times

No. of allowed errors:
0-9 bp: 0; 10-19 bp: 1; 20-29 bp: 2; 30-34 bp: 3

Bases preceding removed adapters:
  A: 25.9%
  C: 22.6%
  G: 24.7%
  T: 26.8%
  none/other: 0.0%

Overview of removed sequences
length	count	expect	max.err	error counts
3	92549	157119.3	0	92549
4	33943	39279.8	0	33943
5	8017	9820.0	0	8017
6	1520	2455.0	0	1520
7	363	613.7	0	363
8	90	153.4	0	90
9	438	38.4	0	33 405
10	443	9.6	1	11 432
11	157	2.4	1	3 154
12	44	0.6	1	1 43
13	17	0.1	1	1 16
14	2	0.0	1	0 2
15	1	0.0	1	0 1


=== Second read: Adapter PrefixPE/2 ===

Sequence: GTGACTGGAGTTCAGACGTGTGCTCTTCCGATCT; Type: regular 3'; Length: 34; Trimmed: 254140 times

No. of allowed errors:
0-9 bp: 0; 10-19 bp: 1; 20-29 bp: 2; 30-34 bp: 3

Bases preceding removed adapters:
  A: 33.7%
  C: 23.7%
  G: 24.9%
  T: 17.6%
  none/other: 0.0%

Overview of removed sequences
length	count	expect	max.err	error counts
3	223422	157119.3	0	223422
4	25073	39279.8	0	25073
5	4091	9820.0	0	4091
6	874	2455.0	0	874
7	236	613.7	0	236
8	52	153.4	0	52
9	169	38.4	0	9 160
10	133	9.6	1	3 130
11	69	2.4	1	2 67
12	15	0.6	1	0 15
13	2	0.1	1	0 2
14	1	0.0	1	0 1
16	1	0.0	1	0 1
22	1	0.0	2	1
56	1	0.0	3	0 0 1
