This is cutadapt 2.9 with Python 3.6.6
Command line parameters: --interleaved -a file:/nas02/apps/trimmomatic-0.36/Trimmomatic-0.36/adapters/TruSeq3-PE.fa -A file:/nas02/apps/trimmomatic-0.36/Trimmomatic-0.36/adapters/TruSeq3-PE.fa -m 30 /nas/longleaf/home/zpopkinh/Pvivax_resources/wgs_pe_improved_global/fastq/SRR10969370/SRR10969370_1.fastq.gz /nas/longleaf/home/zpopkinh/Pvivax_resources/wgs_pe_improved_global/fastq/SRR10969370/SRR10969370_2.fastq.gz
Processing reads on 1 core in paired-end mode ...
Finished in 1182.15 s (128 us/read; 0.47 M reads/minute).

=== Summary ===

Total read pairs processed:          9,249,215
  Read 1 with adapter:                 339,557 (3.7%)
  Read 2 with adapter:                 342,160 (3.7%)
Pairs written (passing filters):     9,249,214 (100.0%)

Total basepairs processed: 2,774,764,500 bp
  Read 1: 1,387,382,250 bp
  Read 2: 1,387,382,250 bp
Total written (filtered):  2,772,438,816 bp (99.9%)
  Read 1: 1,386,223,713 bp
  Read 2: 1,386,215,103 bp

=== First read: Adapter PrefixPE/1 ===

Sequence: TACACTCTTTCCCTACACGACGCTCTTCCGATCT; Type: regular 3'; Length: 34; Trimmed: 162680 times

No. of allowed errors:
0-9 bp: 0; 10-19 bp: 1; 20-29 bp: 2; 30-34 bp: 3

Bases preceding removed adapters:
  A: 30.0%
  C: 21.7%
  G: 17.6%
  T: 30.8%
  none/other: 0.0%

Overview of removed sequences
length	count	expect	max.err	error counts
3	106920	144519.0	0	106920
4	44030	36129.7	0	44030
5	7621	9032.4	0	7621
6	2011	2258.1	0	2011
7	418	564.5	0	418
8	111	141.1	0	111
9	445	35.3	0	47 398
10	808	8.8	1	25 783
11	220	2.2	1	7 213
12	60	0.6	1	0 60
13	25	0.1	1	0 25
14	5	0.0	1	0 5
16	1	0.0	1	0 1
35	1	0.0	3	0 0 0 1
71	1	0.0	3	0 0 1
77	1	0.0	3	0 0 0 1
81	1	0.0	3	0 0 0 1
150	1	0.0	3	0 0 0 1


=== First read: Adapter PrefixPE/2 ===

Sequence: GTGACTGGAGTTCAGACGTGTGCTCTTCCGATCT; Type: regular 3'; Length: 34; Trimmed: 176877 times

No. of allowed errors:
0-9 bp: 0; 10-19 bp: 1; 20-29 bp: 2; 30-34 bp: 3

Bases preceding removed adapters:
  A: 30.0%
  C: 8.3%
  G: 25.5%
  T: 36.3%
  none/other: 0.0%

Overview of removed sequences
length	count	expect	max.err	error counts
3	132213	144519.0	0	132213
4	35623	36129.7	0	35623
5	5789	9032.4	0	5789
6	1787	2258.1	0	1787
7	493	564.5	0	493
8	129	141.1	0	129
9	325	35.3	0	37 288
10	346	8.8	1	6 340
11	125	2.2	1	4 121
12	32	0.6	1	1 31
13	13	0.1	1	1 12
14	2	0.0	1	0 2


=== Second read: Adapter PrefixPE/1 ===

Sequence: TACACTCTTTCCCTACACGACGCTCTTCCGATCT; Type: regular 3'; Length: 34; Trimmed: 163229 times

No. of allowed errors:
0-9 bp: 0; 10-19 bp: 1; 20-29 bp: 2; 30-34 bp: 3

Bases preceding removed adapters:
  A: 30.4%
  C: 21.7%
  G: 17.6%
  T: 30.4%
  none/other: 0.0%

Overview of removed sequences
length	count	expect	max.err	error counts
3	107314	144519.0	0	107314
4	44380	36129.7	0	44380
5	7441	9032.4	0	7441
6	2021	2258.1	0	2021
7	423	564.5	0	423
8	108	141.1	0	108
9	467	35.3	0	53 414
10	773	8.8	1	20 753
11	237	2.2	1	3 234
12	42	0.6	1	0 42
13	16	0.1	1	1 15
14	7	0.0	1	0 7


=== Second read: Adapter PrefixPE/2 ===

Sequence: GTGACTGGAGTTCAGACGTGTGCTCTTCCGATCT; Type: regular 3'; Length: 34; Trimmed: 178931 times

No. of allowed errors:
0-9 bp: 0; 10-19 bp: 1; 20-29 bp: 2; 30-34 bp: 3

Bases preceding removed adapters:
  A: 30.1%
  C: 8.9%
  G: 25.5%
  T: 35.5%
  none/other: 0.0%

Overview of removed sequences
length	count	expect	max.err	error counts
3	133979	144519.0	0	133979
4	35716	36129.7	0	35716
5	5919	9032.4	0	5919
6	1826	2258.1	0	1826
7	494	564.5	0	494
8	131	141.1	0	131
9	329	35.3	0	38 291
10	364	8.8	1	9 355
11	124	2.2	1	0 124
12	31	0.6	1	1 30
13	8	0.1	1	0 8
14	1	0.0	1	0 1
15	1	0.0	1	0 1
62	1	0.0	3	0 0 0 1
68	1	0.0	3	0 0 0 1
81	1	0.0	3	0 0 0 1
86	1	0.0	3	1
87	1	0.0	3	0 0 1
104	1	0.0	3	0 0 0 1
106	1	0.0	3	1
107	1	0.0	3	1
