This is cutadapt 2.9 with Python 3.6.6
Command line parameters: --interleaved -a file:/nas02/apps/trimmomatic-0.36/Trimmomatic-0.36/adapters/TruSeq3-PE.fa -A file:/nas02/apps/trimmomatic-0.36/Trimmomatic-0.36/adapters/TruSeq3-PE.fa -m 30 /nas/longleaf/home/zpopkinh/Pvivax_resources/new_seqs_2021/fastq/MDP3487/MDP3487_1.fastq.gz /nas/longleaf/home/zpopkinh/Pvivax_resources/new_seqs_2021/fastq/MDP3487/MDP3487_2.fastq.gz
Processing reads on 1 core in paired-end mode ...
Finished in 238.05 s (121 us/read; 0.49 M reads/minute).

=== Summary ===

Total read pairs processed:          1,960,740
  Read 1 with adapter:                  54,628 (2.8%)
  Read 2 with adapter:                  77,256 (3.9%)
Pairs written (passing filters):     1,960,740 (100.0%)

Total basepairs processed:   588,222,000 bp
  Read 1:   294,111,000 bp
  Read 2:   294,111,000 bp
Total written (filtered):    587,787,173 bp (99.9%)
  Read 1:   293,927,234 bp
  Read 2:   293,859,939 bp

=== First read: Adapter PrefixPE/1 ===

Sequence: TACACTCTTTCCCTACACGACGCTCTTCCGATCT; Type: regular 3'; Length: 34; Trimmed: 26234 times

No. of allowed errors:
0-9 bp: 0; 10-19 bp: 1; 20-29 bp: 2; 30-34 bp: 3

Bases preceding removed adapters:
  A: 25.7%
  C: 22.6%
  G: 24.3%
  T: 27.3%
  none/other: 0.0%

Overview of removed sequences
length	count	expect	max.err	error counts
3	17829	30636.6	0	17829
4	6332	7659.1	0	6332
5	1472	1914.8	0	1472
6	282	478.7	0	282
7	64	119.7	0	64
8	15	29.9	0	15
9	95	7.5	0	4 91
10	103	1.9	1	3 100
11	34	0.5	1	0 34
12	6	0.1	1	0 6
13	2	0.0	1	0 2


=== First read: Adapter PrefixPE/2 ===

Sequence: GTGACTGGAGTTCAGACGTGTGCTCTTCCGATCT; Type: regular 3'; Length: 34; Trimmed: 28394 times

No. of allowed errors:
0-9 bp: 0; 10-19 bp: 1; 20-29 bp: 2; 30-34 bp: 3

Bases preceding removed adapters:
  A: 23.5%
  C: 19.2%
  G: 27.7%
  T: 29.7%
  none/other: 0.0%

Overview of removed sequences
length	count	expect	max.err	error counts
3	22443	30636.6	0	22443
4	4829	7659.1	0	4829
5	791	1914.8	0	791
6	191	478.7	0	191
7	47	119.7	0	47
8	8	29.9	0	8
9	39	7.5	0	3 36
10	32	1.9	1	1 31
11	8	0.5	1	1 7
12	5	0.1	1	0 5
16	1	0.0	1	0 1


=== Second read: Adapter PrefixPE/1 ===

Sequence: TACACTCTTTCCCTACACGACGCTCTTCCGATCT; Type: regular 3'; Length: 34; Trimmed: 25278 times

No. of allowed errors:
0-9 bp: 0; 10-19 bp: 1; 20-29 bp: 2; 30-34 bp: 3

Bases preceding removed adapters:
  A: 26.9%
  C: 22.2%
  G: 24.5%
  T: 26.4%
  none/other: 0.0%

Overview of removed sequences
length	count	expect	max.err	error counts
3	16812	30636.6	0	16812
4	6413	7659.1	0	6413
5	1502	1914.8	0	1502
6	281	478.7	0	281
7	62	119.7	0	62
8	15	29.9	0	15
9	84	7.5	0	5 79
10	79	1.9	1	5 74
11	26	0.5	1	0 26
12	3	0.1	1	0 3
13	1	0.0	1	0 1


=== Second read: Adapter PrefixPE/2 ===

Sequence: GTGACTGGAGTTCAGACGTGTGCTCTTCCGATCT; Type: regular 3'; Length: 34; Trimmed: 51978 times

No. of allowed errors:
0-9 bp: 0; 10-19 bp: 1; 20-29 bp: 2; 30-34 bp: 3

Bases preceding removed adapters:
  A: 24.3%
  C: 23.5%
  G: 35.8%
  T: 16.4%
  none/other: 0.0%

Overview of removed sequences
length	count	expect	max.err	error counts
3	46279	30636.6	0	46279
4	4647	7659.1	0	4647
5	773	1914.8	0	773
6	152	478.7	0	152
7	42	119.7	0	42
8	10	29.9	0	10
9	31	7.5	0	2 29
10	25	1.9	1	1 24
11	13	0.5	1	0 13
12	4	0.1	1	0 4
16	1	0.0	1	0 1
30	1	0.0	3	0 0 0 1
