This is cutadapt 2.9 with Python 3.6.6
Command line parameters: --interleaved -a file:/nas02/apps/trimmomatic-0.36/Trimmomatic-0.36/adapters/TruSeq3-PE.fa -A file:/nas02/apps/trimmomatic-0.36/Trimmomatic-0.36/adapters/TruSeq3-PE.fa -m 30 /nas/longleaf/home/zpopkinh/Pvivax_resources/wgs_pe_improved_global/fastq/SRS693903/SRR1568105_1.fastq.gz /nas/longleaf/home/zpopkinh/Pvivax_resources/wgs_pe_improved_global/fastq/SRS693903/SRR1568105_2.fastq.gz
Processing reads on 1 core in paired-end mode ...
Finished in 1607.03 s (65 us/read; 0.92 M reads/minute).

=== Summary ===

Total read pairs processed:         24,697,114
  Read 1 with adapter:                 909,700 (3.7%)
  Read 2 with adapter:                 936,083 (3.8%)
Pairs written (passing filters):    24,697,113 (100.0%)

Total basepairs processed: 4,988,817,028 bp
  Read 1: 2,494,408,514 bp
  Read 2: 2,494,408,514 bp
Total written (filtered):  4,982,619,452 bp (99.9%)
  Read 1: 2,491,346,405 bp
  Read 2: 2,491,273,047 bp

=== First read: Adapter PrefixPE/1 ===

Sequence: TACACTCTTTCCCTACACGACGCTCTTCCGATCT; Type: regular 3'; Length: 34; Trimmed: 434964 times

No. of allowed errors:
0-9 bp: 0; 10-19 bp: 1; 20-29 bp: 2; 30-34 bp: 3

Bases preceding removed adapters:
  A: 24.7%
  C: 24.0%
  G: 25.4%
  T: 25.9%
  none/other: 0.0%

Overview of removed sequences
length	count	expect	max.err	error counts
3	296480	385892.4	0	296480
4	103316	96473.1	0	103316
5	25718	24118.3	0	25718
6	5004	6029.6	0	5004
7	1242	1507.4	0	1242
8	308	376.8	0	308
9	1020	94.2	0	84 936
10	1251	23.6	1	25 1226
11	468	5.9	1	3 465
12	115	1.5	1	1 114
13	32	0.4	1	0 32
14	5	0.1	1	0 5
15	3	0.0	1	0 3
50	1	0.0	3	0 1
101	1	0.0	3	0 1


=== First read: Adapter PrefixPE/2 ===

Sequence: GTGACTGGAGTTCAGACGTGTGCTCTTCCGATCT; Type: regular 3'; Length: 34; Trimmed: 474736 times

No. of allowed errors:
0-9 bp: 0; 10-19 bp: 1; 20-29 bp: 2; 30-34 bp: 3

Bases preceding removed adapters:
  A: 23.0%
  C: 19.6%
  G: 28.4%
  T: 29.0%
  none/other: 0.0%

Overview of removed sequences
length	count	expect	max.err	error counts
3	371291	385892.4	0	371291
4	82294	96473.1	0	82294
5	15300	24118.3	0	15300
6	3594	6029.6	0	3594
7	758	1507.4	0	758
8	116	376.8	0	116
9	685	94.2	0	22 663
10	493	23.6	1	16 477
11	178	5.9	1	1 177
12	19	1.5	1	0 19
13	7	0.4	1	0 7
14	1	0.1	1	0 1


=== Second read: Adapter PrefixPE/1 ===

Sequence: TACACTCTTTCCCTACACGACGCTCTTCCGATCT; Type: regular 3'; Length: 34; Trimmed: 427290 times

No. of allowed errors:
0-9 bp: 0; 10-19 bp: 1; 20-29 bp: 2; 30-34 bp: 3

Bases preceding removed adapters:
  A: 24.9%
  C: 23.8%
  G: 25.4%
  T: 25.9%
  none/other: 0.0%

Overview of removed sequences
length	count	expect	max.err	error counts
3	291801	385892.4	0	291801
4	101253	96473.1	0	101253
5	25245	24118.3	0	25245
6	4847	6029.6	0	4847
7	1123	1507.4	0	1123
8	226	376.8	0	226
9	1015	94.2	0	95 920
10	1229	23.6	1	32 1197
11	405	5.9	1	2 403
12	110	1.5	1	1 109
13	28	0.4	1	0 28
14	8	0.1	1	0 8


=== Second read: Adapter PrefixPE/2 ===

Sequence: GTGACTGGAGTTCAGACGTGTGCTCTTCCGATCT; Type: regular 3'; Length: 34; Trimmed: 508793 times

No. of allowed errors:
0-9 bp: 0; 10-19 bp: 1; 20-29 bp: 2; 30-34 bp: 3

Bases preceding removed adapters:
  A: 22.2%
  C: 24.7%
  G: 26.2%
  T: 26.8%
  none/other: 0.0%

Overview of removed sequences
length	count	expect	max.err	error counts
3	405793	385892.4	0	405793
4	82230	96473.1	0	82230
5	14953	24118.3	0	14953
6	3527	6029.6	0	3527
7	749	1507.4	0	749
8	106	376.8	0	106
9	663	94.2	0	26 637
10	541	23.6	1	14 527
11	187	5.9	1	4 183
12	38	1.5	1	0 38
13	5	0.4	1	0 5
27	1	0.0	2	0 0 1
