This is cutadapt 2.9 with Python 3.6.6
Command line parameters: --interleaved -a file:/nas02/apps/trimmomatic-0.36/Trimmomatic-0.36/adapters/TruSeq3-PE.fa -A file:/nas02/apps/trimmomatic-0.36/Trimmomatic-0.36/adapters/TruSeq3-PE.fa -m 30 /nas/longleaf/home/zpopkinh/Pvivax_resources/wgs_pe_improved_global/fastq/ERS123117/ERR152410_1.fastq.gz /nas/longleaf/home/zpopkinh/Pvivax_resources/wgs_pe_improved_global/fastq/ERS123117/ERR152410_2.fastq.gz
Processing reads on 1 core in paired-end mode ...
Finished in 1075.35 s (96 us/read; 0.62 M reads/minute).

=== Summary ===

Total read pairs processed:         11,166,049
  Read 1 with adapter:                 405,173 (3.6%)
  Read 2 with adapter:                 403,979 (3.6%)
Pairs written (passing filters):    11,166,048 (100.0%)

Total basepairs processed: 2,233,209,800 bp
  Read 1: 1,116,604,900 bp
  Read 2: 1,116,604,900 bp
Total written (filtered):  2,230,476,920 bp (99.9%)
  Read 1: 1,115,236,486 bp
  Read 2: 1,115,240,434 bp

=== First read: Adapter PrefixPE/1 ===

Sequence: TACACTCTTTCCCTACACGACGCTCTTCCGATCT; Type: regular 3'; Length: 34; Trimmed: 219426 times

No. of allowed errors:
0-9 bp: 0; 10-19 bp: 1; 20-29 bp: 2; 30-34 bp: 3

Bases preceding removed adapters:
  A: 29.2%
  C: 18.6%
  G: 22.4%
  T: 29.8%
  none/other: 0.0%

Overview of removed sequences
length	count	expect	max.err	error counts
3	146213	174469.5	0	146213
4	56596	43617.4	0	56596
5	11800	10904.3	0	11800
6	2537	2726.1	0	2537
7	526	681.5	0	526
8	123	170.4	0	123
9	652	42.6	0	52 600
10	689	10.6	1	19 670
11	220	2.7	1	0 220
12	51	0.7	1	2 49
13	15	0.2	1	0 15
14	2	0.0	1	0 2
17	1	0.0	1	0 1
100	1	0.0	3	0 0 0 1


=== First read: Adapter PrefixPE/2 ===

Sequence: GTGACTGGAGTTCAGACGTGTGCTCTTCCGATCT; Type: regular 3'; Length: 34; Trimmed: 185747 times

No. of allowed errors:
0-9 bp: 0; 10-19 bp: 1; 20-29 bp: 2; 30-34 bp: 3

Bases preceding removed adapters:
  A: 23.8%
  C: 18.6%
  G: 25.4%
  T: 32.2%
  none/other: 0.0%

Overview of removed sequences
length	count	expect	max.err	error counts
3	145270	174469.5	0	145270
4	33530	43617.4	0	33530
5	5136	10904.3	0	5136
6	1091	2726.1	0	1091
7	257	681.5	0	257
8	52	170.4	0	52
9	186	42.6	0	9 177
10	166	10.6	1	9 157
11	43	2.7	1	0 43
12	13	0.7	1	0 13
13	3	0.2	1	0 3


=== Second read: Adapter PrefixPE/1 ===

Sequence: TACACTCTTTCCCTACACGACGCTCTTCCGATCT; Type: regular 3'; Length: 34; Trimmed: 218083 times

No. of allowed errors:
0-9 bp: 0; 10-19 bp: 1; 20-29 bp: 2; 30-34 bp: 3

Bases preceding removed adapters:
  A: 29.5%
  C: 18.5%
  G: 22.2%
  T: 29.9%
  none/other: 0.0%

Overview of removed sequences
length	count	expect	max.err	error counts
3	144938	174469.5	0	144938
4	56580	43617.4	0	56580
5	11812	10904.3	0	11812
6	2466	2726.1	0	2466
7	520	681.5	0	520
8	139	170.4	0	139
9	618	42.6	0	35 583
10	709	10.6	1	18 691
11	229	2.7	1	5 224
12	55	0.7	1	1 54
13	9	0.2	1	0 9
14	6	0.0	1	0 6
15	2	0.0	1	0 2


=== Second read: Adapter PrefixPE/2 ===

Sequence: GTGACTGGAGTTCAGACGTGTGCTCTTCCGATCT; Type: regular 3'; Length: 34; Trimmed: 185896 times

No. of allowed errors:
0-9 bp: 0; 10-19 bp: 1; 20-29 bp: 2; 30-34 bp: 3

Bases preceding removed adapters:
  A: 24.0%
  C: 18.3%
  G: 25.6%
  T: 32.1%
  none/other: 0.0%

Overview of removed sequences
length	count	expect	max.err	error counts
3	145678	174469.5	0	145678
4	33272	43617.4	0	33272
5	5150	10904.3	0	5150
6	1100	2726.1	0	1100
7	233	681.5	0	233
8	40	170.4	0	40
9	179	42.6	0	9 170
10	175	10.6	1	9 166
11	53	2.7	1	0 53
12	13	0.7	1	0 13
13	3	0.2	1	0 3
