This is cutadapt 2.9 with Python 3.6.6
Command line parameters: --interleaved -a file:/nas02/apps/trimmomatic-0.36/Trimmomatic-0.36/adapters/TruSeq3-PE.fa -A file:/nas02/apps/trimmomatic-0.36/Trimmomatic-0.36/adapters/TruSeq3-PE.fa -m 30 /nas/longleaf/home/zpopkinh/Pvivax_resources/wgs_pe_improved_global/fastq/ERS241414/ERR337604_1.fastq.gz /nas/longleaf/home/zpopkinh/Pvivax_resources/wgs_pe_improved_global/fastq/ERS241414/ERR337604_2.fastq.gz
Processing reads on 1 core in paired-end mode ...
Finished in 1257.09 s (92 us/read; 0.65 M reads/minute).

=== Summary ===

Total read pairs processed:         13,598,712
  Read 1 with adapter:                 492,542 (3.6%)
  Read 2 with adapter:                 489,336 (3.6%)
Pairs written (passing filters):    13,598,708 (100.0%)

Total basepairs processed: 2,719,742,400 bp
  Read 1: 1,359,871,200 bp
  Read 2: 1,359,871,200 bp
Total written (filtered):  2,716,422,581 bp (99.9%)
  Read 1: 1,358,205,458 bp
  Read 2: 1,358,217,123 bp

=== First read: Adapter PrefixPE/1 ===

Sequence: TACACTCTTTCCCTACACGACGCTCTTCCGATCT; Type: regular 3'; Length: 34; Trimmed: 265054 times

No. of allowed errors:
0-9 bp: 0; 10-19 bp: 1; 20-29 bp: 2; 30-34 bp: 3

Bases preceding removed adapters:
  A: 29.2%
  C: 18.3%
  G: 23.0%
  T: 29.5%
  none/other: 0.0%

Overview of removed sequences
length	count	expect	max.err	error counts
3	176363	212479.9	0	176363
4	68288	53120.0	0	68288
5	14441	13280.0	0	14441
6	3056	3320.0	0	3056
7	627	830.0	0	627
8	141	207.5	0	141
9	750	51.9	0	54 696
10	1001	13.0	1	27 974
11	296	3.2	1	5 291
12	60	0.8	1	0 60
13	20	0.2	1	0 20
14	7	0.1	1	0 7
100	4	0.0	3	0 0 0 4


=== First read: Adapter PrefixPE/2 ===

Sequence: GTGACTGGAGTTCAGACGTGTGCTCTTCCGATCT; Type: regular 3'; Length: 34; Trimmed: 227488 times

No. of allowed errors:
0-9 bp: 0; 10-19 bp: 1; 20-29 bp: 2; 30-34 bp: 3

Bases preceding removed adapters:
  A: 24.0%
  C: 18.2%
  G: 25.4%
  T: 32.5%
  none/other: 0.0%

Overview of removed sequences
length	count	expect	max.err	error counts
3	177842	212479.9	0	177842
4	40623	53120.0	0	40623
5	6673	13280.0	0	6673
6	1424	3320.0	0	1424
7	333	830.0	0	333
8	44	207.5	0	44
9	259	51.9	0	15 244
10	215	13.0	1	7 208
11	49	3.2	1	1 48
12	19	0.8	1	0 19
13	7	0.2	1	0 7


=== Second read: Adapter PrefixPE/1 ===

Sequence: TACACTCTTTCCCTACACGACGCTCTTCCGATCT; Type: regular 3'; Length: 34; Trimmed: 265010 times

No. of allowed errors:
0-9 bp: 0; 10-19 bp: 1; 20-29 bp: 2; 30-34 bp: 3

Bases preceding removed adapters:
  A: 29.4%
  C: 18.4%
  G: 22.4%
  T: 29.8%
  none/other: 0.0%

Overview of removed sequences
length	count	expect	max.err	error counts
3	176420	212479.9	0	176420
4	68257	53120.0	0	68257
5	14278	13280.0	0	14278
6	3090	3320.0	0	3090
7	675	830.0	0	675
8	160	207.5	0	160
9	831	51.9	0	49 782
10	900	13.0	1	21 879
11	314	3.2	1	0 314
12	62	0.8	1	0 62
13	17	0.2	1	0 17
14	5	0.1	1	0 5
15	1	0.0	1	0 1


=== Second read: Adapter PrefixPE/2 ===

Sequence: GTGACTGGAGTTCAGACGTGTGCTCTTCCGATCT; Type: regular 3'; Length: 34; Trimmed: 224326 times

No. of allowed errors:
0-9 bp: 0; 10-19 bp: 1; 20-29 bp: 2; 30-34 bp: 3

Bases preceding removed adapters:
  A: 24.0%
  C: 18.1%
  G: 25.3%
  T: 32.5%
  none/other: 0.0%

Overview of removed sequences
length	count	expect	max.err	error counts
3	176039	212479.9	0	176039
4	39619	53120.0	0	39619
5	6380	13280.0	0	6380
6	1413	3320.0	0	1413
7	332	830.0	0	332
8	53	207.5	0	53
9	229	51.9	0	12 217
10	192	13.0	1	5 187
11	59	3.2	1	0 59
12	8	0.8	1	0 8
13	2	0.2	1	0 2
