This is cutadapt 2.9 with Python 3.6.6
Command line parameters: --interleaved -a file:/nas02/apps/trimmomatic-0.36/Trimmomatic-0.36/adapters/TruSeq3-PE.fa -A file:/nas02/apps/trimmomatic-0.36/Trimmomatic-0.36/adapters/TruSeq3-PE.fa -m 30 /nas/longleaf/home/zpopkinh/Pvivax_resources/wgs_pe_improved_global/fastq/SRS693574/SRR1565125_1.fastq.gz /nas/longleaf/home/zpopkinh/Pvivax_resources/wgs_pe_improved_global/fastq/SRS693574/SRR1565125_2.fastq.gz
Processing reads on 1 core in paired-end mode ...
Finished in 2.15 s (49 us/read; 1.22 M reads/minute).

=== Summary ===

Total read pairs processed:             43,544
  Read 1 with adapter:                   1,441 (3.3%)
  Read 2 with adapter:                   1,724 (4.0%)
Pairs written (passing filters):        43,544 (100.0%)

Total basepairs processed:     8,795,888 bp
  Read 1:     4,397,944 bp
  Read 2:     4,397,944 bp
Total written (filtered):      8,785,188 bp (99.9%)
  Read 1:     4,392,992 bp
  Read 2:     4,392,196 bp

=== First read: Adapter PrefixPE/1 ===

Sequence: TACACTCTTTCCCTACACGACGCTCTTCCGATCT; Type: regular 3'; Length: 34; Trimmed: 661 times

No. of allowed errors:
0-9 bp: 0; 10-19 bp: 1; 20-29 bp: 2; 30-34 bp: 3

Bases preceding removed adapters:
  A: 20.9%
  C: 28.9%
  G: 25.0%
  T: 25.3%
  none/other: 0.0%

Overview of removed sequences
length	count	expect	max.err	error counts
3	444	680.4	0	444
4	163	170.1	0	163
5	39	42.5	0	39
6	9	10.6	0	9
7	2	2.7	0	2
10	4	0.0	1	1 3


=== First read: Adapter PrefixPE/2 ===

Sequence: GTGACTGGAGTTCAGACGTGTGCTCTTCCGATCT; Type: regular 3'; Length: 34; Trimmed: 780 times

No. of allowed errors:
0-9 bp: 0; 10-19 bp: 1; 20-29 bp: 2; 30-34 bp: 3

Bases preceding removed adapters:
  A: 27.8%
  C: 19.4%
  G: 25.6%
  T: 27.2%
  none/other: 0.0%

Overview of removed sequences
length	count	expect	max.err	error counts
3	567	680.4	0	567
4	154	170.1	0	154
5	36	42.5	0	36
6	13	10.6	0	13
7	1	2.7	0	1
8	2	0.7	0	2
9	3	0.2	0	0 3
10	4	0.0	1	0 4


=== Second read: Adapter PrefixPE/1 ===

Sequence: TACACTCTTTCCCTACACGACGCTCTTCCGATCT; Type: regular 3'; Length: 34; Trimmed: 680 times

No. of allowed errors:
0-9 bp: 0; 10-19 bp: 1; 20-29 bp: 2; 30-34 bp: 3

Bases preceding removed adapters:
  A: 22.9%
  C: 25.1%
  G: 26.6%
  T: 25.3%
  none/other: 0.0%

Overview of removed sequences
length	count	expect	max.err	error counts
3	471	680.4	0	471
4	171	170.1	0	171
5	29	42.5	0	29
6	3	10.6	0	3
7	1	2.7	0	1
8	1	0.7	0	1
9	3	0.2	0	1 2
10	1	0.0	1	0 1


=== Second read: Adapter PrefixPE/2 ===

Sequence: GTGACTGGAGTTCAGACGTGTGCTCTTCCGATCT; Type: regular 3'; Length: 34; Trimmed: 1044 times

No. of allowed errors:
0-9 bp: 0; 10-19 bp: 1; 20-29 bp: 2; 30-34 bp: 3

Bases preceding removed adapters:
  A: 23.9%
  C: 29.2%
  G: 25.7%
  T: 21.2%
  none/other: 0.0%

Overview of removed sequences
length	count	expect	max.err	error counts
3	838	680.4	0	838
4	152	170.1	0	152
5	37	42.5	0	37
6	7	10.6	0	7
7	3	2.7	0	3
8	1	0.7	0	1
9	2	0.2	0	0 2
10	4	0.0	1	0 4
