This is cutadapt 2.9 with Python 3.6.6
Command line parameters: --interleaved -a file:/nas02/apps/trimmomatic-0.36/Trimmomatic-0.36/adapters/TruSeq3-PE.fa -A file:/nas02/apps/trimmomatic-0.36/Trimmomatic-0.36/adapters/TruSeq3-PE.fa -m 30 /nas/longleaf/home/zpopkinh/Pvivax_resources/wgs_pe_improved_global/fastq/ERS3516638/ERR3439105_1.fastq.gz /nas/longleaf/home/zpopkinh/Pvivax_resources/wgs_pe_improved_global/fastq/ERS3516638/ERR3439105_2.fastq.gz
Processing reads on 1 core in paired-end mode ...
Finished in 0.73 s (49 us/read; 1.21 M reads/minute).

=== Summary ===

Total read pairs processed:             14,699
  Read 1 with adapter:                     348 (2.4%)
  Read 2 with adapter:                     323 (2.2%)
Pairs written (passing filters):        14,699 (100.0%)

Total basepairs processed:     4,409,700 bp
  Read 1:     2,204,850 bp
  Read 2:     2,204,850 bp
Total written (filtered):      4,407,345 bp (99.9%)
  Read 1:     2,203,657 bp
  Read 2:     2,203,688 bp

=== First read: Adapter PrefixPE/1 ===

Sequence: TACACTCTTTCCCTACACGACGCTCTTCCGATCT; Type: regular 3'; Length: 34; Trimmed: 206 times

No. of allowed errors:
0-9 bp: 0; 10-19 bp: 1; 20-29 bp: 2; 30-34 bp: 3

Bases preceding removed adapters:
  A: 67.5%
  C: 10.2%
  G: 6.3%
  T: 16.0%
  none/other: 0.0%

Overview of removed sequences
length	count	expect	max.err	error counts
3	145	229.7	0	145
4	46	57.4	0	46
5	8	14.4	0	8
9	7	0.1	0	0 7


=== First read: Adapter PrefixPE/2 ===

Sequence: GTGACTGGAGTTCAGACGTGTGCTCTTCCGATCT; Type: regular 3'; Length: 34; Trimmed: 142 times

No. of allowed errors:
0-9 bp: 0; 10-19 bp: 1; 20-29 bp: 2; 30-34 bp: 3

Bases preceding removed adapters:
  A: 13.4%
  C: 7.7%
  G: 26.1%
  T: 52.8%
  none/other: 0.0%

Overview of removed sequences
length	count	expect	max.err	error counts
3	101	229.7	0	101
4	38	57.4	0	38
5	2	14.4	0	2
6	1	3.6	0	1


=== Second read: Adapter PrefixPE/1 ===

Sequence: TACACTCTTTCCCTACACGACGCTCTTCCGATCT; Type: regular 3'; Length: 34; Trimmed: 137 times

No. of allowed errors:
0-9 bp: 0; 10-19 bp: 1; 20-29 bp: 2; 30-34 bp: 3

Bases preceding removed adapters:
  A: 26.3%
  C: 13.1%
  G: 39.4%
  T: 21.2%
  none/other: 0.0%

Overview of removed sequences
length	count	expect	max.err	error counts
3	67	229.7	0	67
4	33	57.4	0	33
5	5	14.4	0	5
6	31	3.6	0	31
9	1	0.1	0	0 1


=== Second read: Adapter PrefixPE/2 ===

Sequence: GTGACTGGAGTTCAGACGTGTGCTCTTCCGATCT; Type: regular 3'; Length: 34; Trimmed: 186 times

No. of allowed errors:
0-9 bp: 0; 10-19 bp: 1; 20-29 bp: 2; 30-34 bp: 3

Bases preceding removed adapters:
  A: 17.2%
  C: 19.4%
  G: 31.7%
  T: 31.7%
  none/other: 0.0%

Overview of removed sequences
length	count	expect	max.err	error counts
3	143	229.7	0	143
4	35	57.4	0	35
5	8	14.4	0	8
