This is cutadapt 2.9 with Python 3.6.6
Command line parameters: --interleaved -a file:/nas02/apps/trimmomatic-0.36/Trimmomatic-0.36/adapters/TruSeq3-PE.fa -A file:/nas02/apps/trimmomatic-0.36/Trimmomatic-0.36/adapters/TruSeq3-PE.fa -m 30 /nas/longleaf/home/zpopkinh/Pvivax_resources/wgs_pe_improved_global/fastq/ERR5740831/ERR5740831_1.fastq.gz /nas/longleaf/home/zpopkinh/Pvivax_resources/wgs_pe_improved_global/fastq/ERR5740831/ERR5740831_2.fastq.gz
Processing reads on 1 core in paired-end mode ...
Finished in 473.07 s (134 us/read; 0.45 M reads/minute).

=== Summary ===

Total read pairs processed:          3,539,268
  Read 1 with adapter:                 129,528 (3.7%)
  Read 2 with adapter:                 127,017 (3.6%)
Pairs written (passing filters):     3,539,262 (100.0%)

Total basepairs processed: 1,068,858,936 bp
  Read 1:   534,429,468 bp
  Read 2:   534,429,468 bp
Total written (filtered):  1,067,985,429 bp (99.9%)
  Read 1:   533,988,189 bp
  Read 2:   533,997,240 bp

=== First read: Adapter PrefixPE/1 ===

Sequence: TACACTCTTTCCCTACACGACGCTCTTCCGATCT; Type: regular 3'; Length: 34; Trimmed: 59193 times

No. of allowed errors:
0-9 bp: 0; 10-19 bp: 1; 20-29 bp: 2; 30-34 bp: 3

Bases preceding removed adapters:
  A: 27.4%
  C: 23.8%
  G: 19.8%
  T: 29.0%
  none/other: 0.0%

Overview of removed sequences
length	count	expect	max.err	error counts
3	39269	55301.1	0	39269
4	15325	13825.3	0	15325
5	3050	3456.3	0	3050
6	757	864.1	0	757
7	153	216.0	0	153
8	56	54.0	0	56
9	205	13.5	0	23 182
10	250	3.4	1	11 239
11	98	0.8	1	2 96
12	19	0.2	1	0 19
13	6	0.1	1	0 6
14	1	0.0	1	0 1
15	1	0.0	1	0 1
74	1	0.0	3	0 0 1
151	2	0.0	3	0 0 0 2


=== First read: Adapter PrefixPE/2 ===

Sequence: GTGACTGGAGTTCAGACGTGTGCTCTTCCGATCT; Type: regular 3'; Length: 34; Trimmed: 70335 times

No. of allowed errors:
0-9 bp: 0; 10-19 bp: 1; 20-29 bp: 2; 30-34 bp: 3

Bases preceding removed adapters:
  A: 28.0%
  C: 11.3%
  G: 26.4%
  T: 34.3%
  none/other: 0.0%

Overview of removed sequences
length	count	expect	max.err	error counts
3	53271	55301.1	0	53271
4	13654	13825.3	0	13654
5	2221	3456.3	0	2221
6	648	864.1	0	648
7	189	216.0	0	189
8	56	54.0	0	56
9	109	13.5	0	14 95
10	127	3.4	1	4 123
11	48	0.8	1	2 46
12	7	0.2	1	0 7
13	3	0.1	1	0 3
14	2	0.0	1	0 2


=== Second read: Adapter PrefixPE/1 ===

Sequence: TACACTCTTTCCCTACACGACGCTCTTCCGATCT; Type: regular 3'; Length: 34; Trimmed: 58152 times

No. of allowed errors:
0-9 bp: 0; 10-19 bp: 1; 20-29 bp: 2; 30-34 bp: 3

Bases preceding removed adapters:
  A: 28.3%
  C: 23.9%
  G: 19.7%
  T: 28.0%
  none/other: 0.0%

Overview of removed sequences
length	count	expect	max.err	error counts
3	38459	55301.1	0	38459
4	15049	13825.3	0	15049
5	3150	3456.3	0	3150
6	709	864.1	0	709
7	164	216.0	0	164
8	47	54.0	0	47
9	198	13.5	0	20 178
10	252	3.4	1	5 247
11	81	0.8	1	1 80
12	23	0.2	1	0 23
13	12	0.1	1	0 12
14	1	0.0	1	0 1
15	2	0.0	1	0 2
93	1	0.0	3	0 0 0 1
122	1	0.0	3	0 1
126	1	0.0	3	0 0 1
151	2	0.0	3	0 0 0 2


=== Second read: Adapter PrefixPE/2 ===

Sequence: GTGACTGGAGTTCAGACGTGTGCTCTTCCGATCT; Type: regular 3'; Length: 34; Trimmed: 68865 times

No. of allowed errors:
0-9 bp: 0; 10-19 bp: 1; 20-29 bp: 2; 30-34 bp: 3

Bases preceding removed adapters:
  A: 27.6%
  C: 12.3%
  G: 26.5%
  T: 33.6%
  none/other: 0.0%

Overview of removed sequences
length	count	expect	max.err	error counts
3	52804	55301.1	0	52804
4	12695	13825.3	0	12695
5	2244	3456.3	0	2244
6	633	864.1	0	633
7	175	216.0	0	175
8	40	54.0	0	40
9	110	13.5	0	3 107
10	109	3.4	1	4 105
11	39	0.8	1	1 38
12	13	0.2	1	0 13
13	3	0.1	1	0 3
