This is cutadapt 2.9 with Python 3.6.6
Command line parameters: --interleaved -a file:/nas02/apps/trimmomatic-0.36/Trimmomatic-0.36/adapters/TruSeq3-PE.fa -A file:/nas02/apps/trimmomatic-0.36/Trimmomatic-0.36/adapters/TruSeq3-PE.fa -m 30 /nas/longleaf/home/zpopkinh/Pvivax_resources/wgs_pe_improved_global/fastq/ERR5740785/ERR5740785_1.fastq.gz /nas/longleaf/home/zpopkinh/Pvivax_resources/wgs_pe_improved_global/fastq/ERR5740785/ERR5740785_2.fastq.gz
Processing reads on 1 core in paired-end mode ...
Finished in 503.13 s (147 us/read; 0.41 M reads/minute).

=== Summary ===

Total read pairs processed:          3,414,196
  Read 1 with adapter:                 125,492 (3.7%)
  Read 2 with adapter:                 123,282 (3.6%)
Pairs written (passing filters):     3,414,190 (100.0%)

Total basepairs processed: 1,031,087,192 bp
  Read 1:   515,543,596 bp
  Read 2:   515,543,596 bp
Total written (filtered):  1,030,242,761 bp (99.9%)
  Read 1:   515,117,727 bp
  Read 2:   515,125,034 bp

=== First read: Adapter PrefixPE/1 ===

Sequence: TACACTCTTTCCCTACACGACGCTCTTCCGATCT; Type: regular 3'; Length: 34; Trimmed: 62935 times

No. of allowed errors:
0-9 bp: 0; 10-19 bp: 1; 20-29 bp: 2; 30-34 bp: 3

Bases preceding removed adapters:
  A: 28.0%
  C: 20.2%
  G: 22.9%
  T: 29.0%
  none/other: 0.0%

Overview of removed sequences
length	count	expect	max.err	error counts
3	41795	53346.8	0	41795
4	16315	13336.7	0	16315
5	3394	3334.2	0	3394
6	697	833.5	0	697
7	156	208.4	0	156
8	49	52.1	0	49
9	199	13.0	0	12 187
10	230	3.3	1	4 226
11	72	0.8	1	1 71
12	19	0.2	1	0 19
13	3	0.1	1	0 3
14	3	0.0	1	0 3
56	1	0.0	3	0 0 1
79	1	0.0	3	0 0 0 1
86	1	0.0	3	0 0 1


=== First read: Adapter PrefixPE/2 ===

Sequence: GTGACTGGAGTTCAGACGTGTGCTCTTCCGATCT; Type: regular 3'; Length: 34; Trimmed: 62557 times

No. of allowed errors:
0-9 bp: 0; 10-19 bp: 1; 20-29 bp: 2; 30-34 bp: 3

Bases preceding removed adapters:
  A: 25.4%
  C: 15.8%
  G: 25.6%
  T: 33.2%
  none/other: 0.0%

Overview of removed sequences
length	count	expect	max.err	error counts
3	48374	53346.8	0	48374
4	11461	13336.7	0	11461
5	1881	3334.2	0	1881
6	503	833.5	0	503
7	127	208.4	0	127
8	36	52.1	0	36
9	73	13.0	0	6 67
10	68	3.3	1	3 65
11	21	0.8	1	0 21
12	8	0.2	1	0 8
13	3	0.1	1	0 3
143	2	0.0	3	2


=== Second read: Adapter PrefixPE/1 ===

Sequence: TACACTCTTTCCCTACACGACGCTCTTCCGATCT; Type: regular 3'; Length: 34; Trimmed: 62453 times

No. of allowed errors:
0-9 bp: 0; 10-19 bp: 1; 20-29 bp: 2; 30-34 bp: 3

Bases preceding removed adapters:
  A: 29.0%
  C: 20.4%
  G: 22.7%
  T: 27.8%
  none/other: 0.0%

Overview of removed sequences
length	count	expect	max.err	error counts
3	41186	53346.8	0	41186
4	16278	13336.7	0	16278
5	3460	3334.2	0	3460
6	743	833.5	0	743
7	176	208.4	0	176
8	35	52.1	0	35
9	220	13.0	0	18 202
10	241	3.3	1	4 237
11	90	0.8	1	2 88
12	20	0.2	1	1 19
13	3	0.1	1	0 3
125	1	0.0	3	0 1


=== Second read: Adapter PrefixPE/2 ===

Sequence: GTGACTGGAGTTCAGACGTGTGCTCTTCCGATCT; Type: regular 3'; Length: 34; Trimmed: 60829 times

No. of allowed errors:
0-9 bp: 0; 10-19 bp: 1; 20-29 bp: 2; 30-34 bp: 3

Bases preceding removed adapters:
  A: 25.2%
  C: 16.7%
  G: 25.7%
  T: 32.4%
  none/other: 0.0%

Overview of removed sequences
length	count	expect	max.err	error counts
3	47396	53346.8	0	47396
4	10850	13336.7	0	10850
5	1827	3334.2	0	1827
6	448	833.5	0	448
7	106	208.4	0	106
8	30	52.1	0	30
9	70	13.0	0	8 62
10	68	3.3	1	0 68
11	21	0.8	1	0 21
12	8	0.2	1	0 8
13	1	0.1	1	0 1
14	1	0.0	1	0 1
143	3	0.0	3	0 1 0 2
