This is cutadapt 2.9 with Python 3.6.6
Command line parameters: --interleaved -a file:/nas02/apps/trimmomatic-0.36/Trimmomatic-0.36/adapters/TruSeq3-PE.fa -A file:/nas02/apps/trimmomatic-0.36/Trimmomatic-0.36/adapters/TruSeq3-PE.fa -m 30 /nas/longleaf/home/zpopkinh/Pvivax_resources/wgs_pe_improved_global/fastq/ERS666226/ERR925410_1.fastq.gz /nas/longleaf/home/zpopkinh/Pvivax_resources/wgs_pe_improved_global/fastq/ERS666226/ERR925410_2.fastq.gz
Processing reads on 1 core in paired-end mode ...
Finished in 375.81 s (75 us/read; 0.80 M reads/minute).

=== Summary ===

Total read pairs processed:          4,995,902
  Read 1 with adapter:                 183,525 (3.7%)
  Read 2 with adapter:                 179,042 (3.6%)
Pairs written (passing filters):     4,995,900 (100.0%)

Total basepairs processed:   999,180,400 bp
  Read 1:   499,590,200 bp
  Read 2:   499,590,200 bp
Total written (filtered):    997,945,297 bp (99.9%)
  Read 1:   498,964,437 bp
  Read 2:   498,980,860 bp

=== First read: Adapter PrefixPE/1 ===

Sequence: TACACTCTTTCCCTACACGACGCTCTTCCGATCT; Type: regular 3'; Length: 34; Trimmed: 101453 times

No. of allowed errors:
0-9 bp: 0; 10-19 bp: 1; 20-29 bp: 2; 30-34 bp: 3

Bases preceding removed adapters:
  A: 29.0%
  C: 17.2%
  G: 25.8%
  T: 28.0%
  none/other: 0.0%

Overview of removed sequences
length	count	expect	max.err	error counts
3	66022	78061.0	0	66022
4	27366	19515.2	0	27366
5	5278	4878.8	0	5278
6	1280	1219.7	0	1280
7	325	304.9	0	325
8	53	76.2	0	53
9	245	19.1	0	19 226
10	719	4.8	1	17 702
11	135	1.2	1	3 132
12	21	0.3	1	1 20
13	5	0.1	1	0 5
14	2	0.0	1	0 2
100	2	0.0	3	0 0 0 2


=== First read: Adapter PrefixPE/2 ===

Sequence: GTGACTGGAGTTCAGACGTGTGCTCTTCCGATCT; Type: regular 3'; Length: 34; Trimmed: 82072 times

No. of allowed errors:
0-9 bp: 0; 10-19 bp: 1; 20-29 bp: 2; 30-34 bp: 3

Bases preceding removed adapters:
  A: 25.7%
  C: 15.7%
  G: 23.7%
  T: 34.9%
  none/other: 0.0%

Overview of removed sequences
length	count	expect	max.err	error counts
3	63584	78061.0	0	63584
4	15318	19515.2	0	15318
5	2188	4878.8	0	2188
6	564	1219.7	0	564
7	119	304.9	0	119
8	19	76.2	0	19
9	139	19.1	0	7 132
10	102	4.8	1	3 99
11	33	1.2	1	0 33
12	6	0.3	1	0 6


=== Second read: Adapter PrefixPE/1 ===

Sequence: TACACTCTTTCCCTACACGACGCTCTTCCGATCT; Type: regular 3'; Length: 34; Trimmed: 99289 times

No. of allowed errors:
0-9 bp: 0; 10-19 bp: 1; 20-29 bp: 2; 30-34 bp: 3

Bases preceding removed adapters:
  A: 29.1%
  C: 16.9%
  G: 26.0%
  T: 28.0%
  none/other: 0.0%

Overview of removed sequences
length	count	expect	max.err	error counts
3	64606	78061.0	0	64606
4	26979	19515.2	0	26979
5	5105	4878.8	0	5105
6	1172	1219.7	0	1172
7	305	304.9	0	305
8	44	76.2	0	44
9	259	19.1	0	23 236
10	644	4.8	1	10 634
11	147	1.2	1	0 147
12	16	0.3	1	0 16
13	10	0.1	1	0 10
14	1	0.0	1	0 1
15	1	0.0	1	0 1


=== Second read: Adapter PrefixPE/2 ===

Sequence: GTGACTGGAGTTCAGACGTGTGCTCTTCCGATCT; Type: regular 3'; Length: 34; Trimmed: 79753 times

No. of allowed errors:
0-9 bp: 0; 10-19 bp: 1; 20-29 bp: 2; 30-34 bp: 3

Bases preceding removed adapters:
  A: 25.9%
  C: 15.9%
  G: 23.6%
  T: 34.6%
  none/other: 0.0%

Overview of removed sequences
length	count	expect	max.err	error counts
3	62260	78061.0	0	62260
4	14553	19515.2	0	14553
5	2043	4878.8	0	2043
6	533	1219.7	0	533
7	110	304.9	0	110
8	19	76.2	0	19
9	104	19.1	0	4 100
10	97	4.8	1	0 97
11	21	1.2	1	0 21
12	10	0.3	1	0 10
13	3	0.1	1	0 3
