This is cutadapt 2.9 with Python 3.6.6
Command line parameters: --interleaved -a file:/nas02/apps/trimmomatic-0.36/Trimmomatic-0.36/adapters/TruSeq3-PE.fa -A file:/nas02/apps/trimmomatic-0.36/Trimmomatic-0.36/adapters/TruSeq3-PE.fa -m 30 /nas/longleaf/home/zpopkinh/Pvivax_resources/wgs_pe_improved_global/fastq/ERS403536/ERR527342_1.fastq.gz /nas/longleaf/home/zpopkinh/Pvivax_resources/wgs_pe_improved_global/fastq/ERS403536/ERR527342_2.fastq.gz
Processing reads on 1 core in paired-end mode ...
Finished in 1091.67 s (79 us/read; 0.76 M reads/minute).

=== Summary ===

Total read pairs processed:         13,755,554
  Read 1 with adapter:                 504,823 (3.7%)
  Read 2 with adapter:                 494,755 (3.6%)
Pairs written (passing filters):    13,755,553 (100.0%)

Total basepairs processed: 2,751,110,800 bp
  Read 1: 1,375,555,400 bp
  Read 2: 1,375,555,400 bp
Total written (filtered):  2,747,731,370 bp (99.9%)
  Read 1: 1,373,848,498 bp
  Read 2: 1,373,882,872 bp

=== First read: Adapter PrefixPE/1 ===

Sequence: TACACTCTTTCCCTACACGACGCTCTTCCGATCT; Type: regular 3'; Length: 34; Trimmed: 273377 times

No. of allowed errors:
0-9 bp: 0; 10-19 bp: 1; 20-29 bp: 2; 30-34 bp: 3

Bases preceding removed adapters:
  A: 29.4%
  C: 18.3%
  G: 22.4%
  T: 29.9%
  none/other: 0.0%

Overview of removed sequences
length	count	expect	max.err	error counts
3	181876	214930.5	0	181876
4	71182	53732.6	0	71182
5	14352	13433.2	0	14352
6	3104	3358.3	0	3104
7	625	839.6	0	625
8	170	209.9	0	170
9	846	52.5	0	46 800
10	868	13.1	1	18 850
11	275	3.3	1	2 273
12	59	0.8	1	0 59
13	12	0.2	1	0 12
14	6	0.1	1	0 6
47	1	0.0	3	0 0 1
100	1	0.0	3	0 0 0 1


=== First read: Adapter PrefixPE/2 ===

Sequence: GTGACTGGAGTTCAGACGTGTGCTCTTCCGATCT; Type: regular 3'; Length: 34; Trimmed: 231446 times

No. of allowed errors:
0-9 bp: 0; 10-19 bp: 1; 20-29 bp: 2; 30-34 bp: 3

Bases preceding removed adapters:
  A: 24.1%
  C: 18.1%
  G: 25.5%
  T: 32.3%
  none/other: 0.0%

Overview of removed sequences
length	count	expect	max.err	error counts
3	179867	214930.5	0	179867
4	42523	53732.6	0	42523
5	6550	13433.2	0	6550
6	1531	3358.3	0	1531
7	378	839.6	0	378
8	45	209.9	0	45
9	249	52.5	0	22 227
10	219	13.1	1	5 214
11	66	3.3	1	1 65
12	13	0.8	1	0 13
13	5	0.2	1	0 5


=== Second read: Adapter PrefixPE/1 ===

Sequence: TACACTCTTTCCCTACACGACGCTCTTCCGATCT; Type: regular 3'; Length: 34; Trimmed: 269029 times

No. of allowed errors:
0-9 bp: 0; 10-19 bp: 1; 20-29 bp: 2; 30-34 bp: 3

Bases preceding removed adapters:
  A: 29.4%
  C: 18.4%
  G: 22.3%
  T: 30.0%
  none/other: 0.0%

Overview of removed sequences
length	count	expect	max.err	error counts
3	179057	214930.5	0	179057
4	70020	53732.6	0	70020
5	14008	13433.2	0	14008
6	3158	3358.3	0	3158
7	561	839.6	0	561
8	163	209.9	0	163
9	829	52.5	0	40 789
10	882	13.1	1	26 856
11	254	3.3	1	2 252
12	75	0.8	1	1 74
13	17	0.2	1	0 17
14	4	0.1	1	0 4
15	1	0.0	1	0 1


=== Second read: Adapter PrefixPE/2 ===

Sequence: GTGACTGGAGTTCAGACGTGTGCTCTTCCGATCT; Type: regular 3'; Length: 34; Trimmed: 225726 times

No. of allowed errors:
0-9 bp: 0; 10-19 bp: 1; 20-29 bp: 2; 30-34 bp: 3

Bases preceding removed adapters:
  A: 23.9%
  C: 18.3%
  G: 25.4%
  T: 32.4%
  none/other: 0.0%

Overview of removed sequences
length	count	expect	max.err	error counts
3	175899	214930.5	0	175899
4	41100	53732.6	0	41100
5	6328	13433.2	0	6328
6	1436	3358.3	0	1436
7	352	839.6	0	352
8	55	209.9	0	55
9	256	52.5	0	9 247
10	197	13.1	1	4 193
11	81	3.3	1	0 81
12	17	0.8	1	0 17
13	5	0.2	1	0 5
