This is cutadapt 2.9 with Python 3.6.6
Command line parameters: --interleaved -a file:/nas02/apps/trimmomatic-0.36/Trimmomatic-0.36/adapters/TruSeq3-PE.fa -A file:/nas02/apps/trimmomatic-0.36/Trimmomatic-0.36/adapters/TruSeq3-PE.fa -m 30 /nas/longleaf/home/zpopkinh/Pvivax_resources/wgs_pe_improved_global/fastq/SRS693917/SRR1564608_1.fastq.gz /nas/longleaf/home/zpopkinh/Pvivax_resources/wgs_pe_improved_global/fastq/SRS693917/SRR1564608_2.fastq.gz
Processing reads on 1 core in paired-end mode ...
Finished in 17.11 s (41 us/read; 1.45 M reads/minute).

=== Summary ===

Total read pairs processed:            412,295
  Read 1 with adapter:                  12,549 (3.0%)
  Read 2 with adapter:                  15,401 (3.7%)
Pairs written (passing filters):       412,289 (100.0%)

Total basepairs processed:    83,283,590 bp
  Read 1:    41,641,795 bp
  Read 2:    41,641,795 bp
Total written (filtered):     83,184,892 bp (99.9%)
  Read 1:    41,597,085 bp
  Read 2:    41,587,807 bp

=== First read: Adapter PrefixPE/1 ===

Sequence: TACACTCTTTCCCTACACGACGCTCTTCCGATCT; Type: regular 3'; Length: 34; Trimmed: 8917 times

No. of allowed errors:
0-9 bp: 0; 10-19 bp: 1; 20-29 bp: 2; 30-34 bp: 3

Bases preceding removed adapters:
  A: 40.5%
  C: 29.5%
  G: 16.1%
  T: 13.9%
  none/other: 0.0%

Overview of removed sequences
length	count	expect	max.err	error counts
3	5151	6442.1	0	5151
4	2808	1610.5	0	2808
5	775	402.6	0	775
6	108	100.7	0	108
7	35	25.2	0	35
8	5	6.3	0	5
9	13	1.6	0	1 12
10	12	0.4	1	1 11
11	6	0.1	1	0 6
12	2	0.0	1	0 2
13	2	0.0	1	0 2


=== First read: Adapter PrefixPE/2 ===

Sequence: GTGACTGGAGTTCAGACGTGTGCTCTTCCGATCT; Type: regular 3'; Length: 34; Trimmed: 3632 times

No. of allowed errors:
0-9 bp: 0; 10-19 bp: 1; 20-29 bp: 2; 30-34 bp: 3

Bases preceding removed adapters:
  A: 39.1%
  C: 20.1%
  G: 19.7%
  T: 21.1%
  none/other: 0.0%

Overview of removed sequences
length	count	expect	max.err	error counts
3	2609	6442.1	0	2609
4	813	1610.5	0	813
5	158	402.6	0	158
6	25	100.7	0	25
7	9	25.2	0	9
8	2	6.3	0	2
9	3	1.6	0	1 2
10	11	0.4	1	0 11
11	1	0.1	1	0 1
12	1	0.0	1	0 1


=== Second read: Adapter PrefixPE/1 ===

Sequence: TACACTCTTTCCCTACACGACGCTCTTCCGATCT; Type: regular 3'; Length: 34; Trimmed: 12172 times

No. of allowed errors:
0-9 bp: 0; 10-19 bp: 1; 20-29 bp: 2; 30-34 bp: 3

Bases preceding removed adapters:
  A: 41.6%
  C: 29.0%
  G: 14.9%
  T: 14.5%
  none/other: 0.0%

Overview of removed sequences
length	count	expect	max.err	error counts
3	7724	6442.1	0	7724
4	3752	1610.5	0	3752
5	580	402.6	0	580
6	62	100.7	0	62
7	21	25.2	0	21
8	7	6.3	0	7
9	7	1.6	0	0 7
10	12	0.4	1	1 11
11	6	0.1	1	0 6
13	1	0.0	1	0 1


=== Second read: Adapter PrefixPE/2 ===

Sequence: GTGACTGGAGTTCAGACGTGTGCTCTTCCGATCT; Type: regular 3'; Length: 34; Trimmed: 3229 times

No. of allowed errors:
0-9 bp: 0; 10-19 bp: 1; 20-29 bp: 2; 30-34 bp: 3

Bases preceding removed adapters:
  A: 36.4%
  C: 23.8%
  G: 16.9%
  T: 22.8%
  none/other: 0.0%

Overview of removed sequences
length	count	expect	max.err	error counts
3	1772	6442.1	0	1772
4	1191	1610.5	0	1191
5	227	402.6	0	227
6	16	100.7	0	16
7	3	25.2	0	3
8	2	6.3	0	2
9	5	1.6	0	2 3
10	5	0.4	1	0 5
11	2	0.1	1	0 2
96	3	0.0	3	0 0 2 1
100	2	0.0	3	0 0 1 1
101	1	0.0	3	0 0 0 1
