This is cutadapt 2.9 with Python 3.6.6
Command line parameters: --interleaved -a file:/nas02/apps/trimmomatic-0.36/Trimmomatic-0.36/adapters/TruSeq3-PE.fa -A file:/nas02/apps/trimmomatic-0.36/Trimmomatic-0.36/adapters/TruSeq3-PE.fa -m 30 /nas/longleaf/home/zpopkinh/Pvivax_resources/wgs_pe_improved_global/fastq/ERR5740846/ERR5740846_1.fastq.gz /nas/longleaf/home/zpopkinh/Pvivax_resources/wgs_pe_improved_global/fastq/ERR5740846/ERR5740846_2.fastq.gz
Processing reads on 1 core in paired-end mode ...
Finished in 495.81 s (144 us/read; 0.42 M reads/minute).

=== Summary ===

Total read pairs processed:          3,443,602
  Read 1 with adapter:                 124,462 (3.6%)
  Read 2 with adapter:                 122,782 (3.6%)
Pairs written (passing filters):     3,443,601 (100.0%)

Total basepairs processed: 1,039,967,804 bp
  Read 1:   519,983,902 bp
  Read 2:   519,983,902 bp
Total written (filtered):  1,039,135,839 bp (99.9%)
  Read 1:   519,564,854 bp
  Read 2:   519,570,985 bp

=== First read: Adapter PrefixPE/1 ===

Sequence: TACACTCTTTCCCTACACGACGCTCTTCCGATCT; Type: regular 3'; Length: 34; Trimmed: 55838 times

No. of allowed errors:
0-9 bp: 0; 10-19 bp: 1; 20-29 bp: 2; 30-34 bp: 3

Bases preceding removed adapters:
  A: 24.7%
  C: 24.1%
  G: 24.8%
  T: 26.3%
  none/other: 0.0%

Overview of removed sequences
length	count	expect	max.err	error counts
3	37981	53806.3	0	37981
4	13389	13451.6	0	13389
5	3209	3362.9	0	3209
6	620	840.7	0	620
7	154	210.2	0	154
8	32	52.5	0	32
9	172	13.1	0	12 160
10	188	3.3	1	4 184
11	71	0.8	1	0 71
12	11	0.2	1	0 11
13	8	0.1	1	0 8
104	2	0.0	3	0 0 0 2
151	1	0.0	3	0 0 0 1


=== First read: Adapter PrefixPE/2 ===

Sequence: GTGACTGGAGTTCAGACGTGTGCTCTTCCGATCT; Type: regular 3'; Length: 34; Trimmed: 68624 times

No. of allowed errors:
0-9 bp: 0; 10-19 bp: 1; 20-29 bp: 2; 30-34 bp: 3

Bases preceding removed adapters:
  A: 24.4%
  C: 16.6%
  G: 28.8%
  T: 30.2%
  none/other: 0.0%

Overview of removed sequences
length	count	expect	max.err	error counts
3	53528	53806.3	0	53528
4	12214	13451.6	0	12214
5	2041	3362.9	0	2041
6	478	840.7	0	478
7	142	210.2	0	142
8	18	52.5	0	18
9	92	13.1	0	4 88
10	68	3.3	1	1 67
11	30	0.8	1	0 30
12	12	0.2	1	0 12
13	1	0.1	1	0 1


=== Second read: Adapter PrefixPE/1 ===

Sequence: TACACTCTTTCCCTACACGACGCTCTTCCGATCT; Type: regular 3'; Length: 34; Trimmed: 54822 times

No. of allowed errors:
0-9 bp: 0; 10-19 bp: 1; 20-29 bp: 2; 30-34 bp: 3

Bases preceding removed adapters:
  A: 25.2%
  C: 24.7%
  G: 25.1%
  T: 25.0%
  none/other: 0.0%

Overview of removed sequences
length	count	expect	max.err	error counts
3	37200	53806.3	0	37200
4	13087	13451.6	0	13087
5	3321	3362.9	0	3321
6	584	840.7	0	584
7	144	210.2	0	144
8	54	52.5	0	54
9	171	13.1	0	14 157
10	170	3.3	1	5 165
11	62	0.8	1	0 62
12	21	0.2	1	1 20
13	6	0.1	1	0 6
14	2	0.0	1	0 2


=== Second read: Adapter PrefixPE/2 ===

Sequence: GTGACTGGAGTTCAGACGTGTGCTCTTCCGATCT; Type: regular 3'; Length: 34; Trimmed: 67960 times

No. of allowed errors:
0-9 bp: 0; 10-19 bp: 1; 20-29 bp: 2; 30-34 bp: 3

Bases preceding removed adapters:
  A: 24.1%
  C: 18.2%
  G: 28.7%
  T: 29.1%
  none/other: 0.0%

Overview of removed sequences
length	count	expect	max.err	error counts
3	53656	53806.3	0	53656
4	11441	13451.6	0	11441
5	2026	3362.9	0	2026
6	459	840.7	0	459
7	126	210.2	0	126
8	32	52.5	0	32
9	92	13.1	0	7 85
10	96	3.3	1	3 93
11	24	0.8	1	0 24
12	6	0.2	1	0 6
13	1	0.1	1	0 1
99	1	0.0	3	0 0 0 1
