This is cutadapt 2.9 with Python 3.6.6
Command line parameters: --interleaved -a file:/nas02/apps/trimmomatic-0.36/Trimmomatic-0.36/adapters/TruSeq3-PE.fa -A file:/nas02/apps/trimmomatic-0.36/Trimmomatic-0.36/adapters/TruSeq3-PE.fa -m 30 /nas/longleaf/home/zpopkinh/Pvivax_resources/wgs_pe_improved_global/fastq/ERS347497/ERR426015_1.fastq.gz /nas/longleaf/home/zpopkinh/Pvivax_resources/wgs_pe_improved_global/fastq/ERS347497/ERR426015_2.fastq.gz
Processing reads on 1 core in paired-end mode ...
Finished in 1080.71 s (76 us/read; 0.79 M reads/minute).

=== Summary ===

Total read pairs processed:         14,231,408
  Read 1 with adapter:                 520,612 (3.7%)
  Read 2 with adapter:                 508,246 (3.6%)
Pairs written (passing filters):    14,231,408 (100.0%)

Total basepairs processed: 2,846,281,600 bp
  Read 1: 1,423,140,800 bp
  Read 2: 1,423,140,800 bp
Total written (filtered):  2,842,806,394 bp (99.9%)
  Read 1: 1,421,382,019 bp
  Read 2: 1,421,424,375 bp

=== First read: Adapter PrefixPE/1 ===

Sequence: TACACTCTTTCCCTACACGACGCTCTTCCGATCT; Type: regular 3'; Length: 34; Trimmed: 281283 times

No. of allowed errors:
0-9 bp: 0; 10-19 bp: 1; 20-29 bp: 2; 30-34 bp: 3

Bases preceding removed adapters:
  A: 29.1%
  C: 18.5%
  G: 22.6%
  T: 29.8%
  none/other: 0.0%

Overview of removed sequences
length	count	expect	max.err	error counts
3	187485	222365.8	0	187485
4	72450	55591.4	0	72450
5	15162	13897.9	0	15162
6	3311	3474.5	0	3311
7	619	868.6	0	619
8	162	217.2	0	162
9	865	54.3	0	57 808
10	843	13.6	1	15 828
11	294	3.4	1	0 294
12	63	0.8	1	1 62
13	20	0.2	1	0 20
14	9	0.1	1	0 9


=== First read: Adapter PrefixPE/2 ===

Sequence: GTGACTGGAGTTCAGACGTGTGCTCTTCCGATCT; Type: regular 3'; Length: 34; Trimmed: 239329 times

No. of allowed errors:
0-9 bp: 0; 10-19 bp: 1; 20-29 bp: 2; 30-34 bp: 3

Bases preceding removed adapters:
  A: 23.9%
  C: 18.2%
  G: 25.4%
  T: 32.4%
  none/other: 0.0%

Overview of removed sequences
length	count	expect	max.err	error counts
3	186817	222365.8	0	186817
4	43317	55591.4	0	43317
5	6713	13897.9	0	6713
6	1542	3474.5	0	1542
7	360	868.6	0	360
8	53	217.2	0	53
9	238	54.3	0	15 223
10	193	13.6	1	3 190
11	76	3.4	1	1 75
12	18	0.8	1	0 18
13	2	0.2	1	0 2


=== Second read: Adapter PrefixPE/1 ===

Sequence: TACACTCTTTCCCTACACGACGCTCTTCCGATCT; Type: regular 3'; Length: 34; Trimmed: 276850 times

No. of allowed errors:
0-9 bp: 0; 10-19 bp: 1; 20-29 bp: 2; 30-34 bp: 3

Bases preceding removed adapters:
  A: 29.4%
  C: 18.6%
  G: 22.1%
  T: 30.0%
  none/other: 0.0%

Overview of removed sequences
length	count	expect	max.err	error counts
3	184995	222365.8	0	184995
4	70939	55591.4	0	70939
5	14851	13897.9	0	14851
6	3288	3474.5	0	3288
7	574	868.6	0	574
8	132	217.2	0	132
9	861	54.3	0	53 808
10	862	13.6	1	33 829
11	281	3.4	1	3 278
12	56	0.8	1	2 54
13	7	0.2	1	0 7
14	4	0.1	1	0 4


=== Second read: Adapter PrefixPE/2 ===

Sequence: GTGACTGGAGTTCAGACGTGTGCTCTTCCGATCT; Type: regular 3'; Length: 34; Trimmed: 231396 times

No. of allowed errors:
0-9 bp: 0; 10-19 bp: 1; 20-29 bp: 2; 30-34 bp: 3

Bases preceding removed adapters:
  A: 23.7%
  C: 18.4%
  G: 25.4%
  T: 32.5%
  none/other: 0.0%

Overview of removed sequences
length	count	expect	max.err	error counts
3	180777	222365.8	0	180777
4	41784	55591.4	0	41784
5	6496	13897.9	0	6496
6	1451	3474.5	0	1451
7	313	868.6	0	313
8	50	217.2	0	50
9	229	54.3	0	9 220
10	229	13.6	1	4 225
11	52	3.4	1	0 52
12	14	0.8	1	0 14
13	1	0.2	1	0 1
