This is cutadapt 2.9 with Python 3.6.6
Command line parameters: --interleaved -a file:/nas02/apps/trimmomatic-0.36/Trimmomatic-0.36/adapters/TruSeq3-PE.fa -A file:/nas02/apps/trimmomatic-0.36/Trimmomatic-0.36/adapters/TruSeq3-PE.fa -m 30 /nas/longleaf/home/zpopkinh/Pvivax_resources/wgs_pe_improved_global/fastq/SRS693364/SRR1568036_1.fastq.gz /nas/longleaf/home/zpopkinh/Pvivax_resources/wgs_pe_improved_global/fastq/SRS693364/SRR1568036_2.fastq.gz
Processing reads on 1 core in paired-end mode ...
Finished in 0.99 s (49 us/read; 1.22 M reads/minute).

=== Summary ===

Total read pairs processed:             20,237
  Read 1 with adapter:                     669 (3.3%)
  Read 2 with adapter:                     678 (3.4%)
Pairs written (passing filters):        20,237 (100.0%)

Total basepairs processed:     4,087,874 bp
  Read 1:     2,043,937 bp
  Read 2:     2,043,937 bp
Total written (filtered):      4,083,254 bp (99.9%)
  Read 1:     2,041,589 bp
  Read 2:     2,041,665 bp

=== First read: Adapter PrefixPE/1 ===

Sequence: TACACTCTTTCCCTACACGACGCTCTTCCGATCT; Type: regular 3'; Length: 34; Trimmed: 335 times

No. of allowed errors:
0-9 bp: 0; 10-19 bp: 1; 20-29 bp: 2; 30-34 bp: 3

Bases preceding removed adapters:
  A: 29.0%
  C: 27.5%
  G: 15.8%
  T: 27.8%
  none/other: 0.0%

Overview of removed sequences
length	count	expect	max.err	error counts
3	210	316.2	0	210
4	92	79.1	0	92
5	24	19.8	0	24
6	2	4.9	0	2
7	1	1.2	0	1
8	1	0.3	0	1
10	4	0.0	1	0 4
12	1	0.0	1	0 1


=== First read: Adapter PrefixPE/2 ===

Sequence: GTGACTGGAGTTCAGACGTGTGCTCTTCCGATCT; Type: regular 3'; Length: 34; Trimmed: 334 times

No. of allowed errors:
0-9 bp: 0; 10-19 bp: 1; 20-29 bp: 2; 30-34 bp: 3

Bases preceding removed adapters:
  A: 25.1%
  C: 17.1%
  G: 21.0%
  T: 36.8%
  none/other: 0.0%

Overview of removed sequences
length	count	expect	max.err	error counts
3	243	316.2	0	243
4	65	79.1	0	65
5	12	19.8	0	12
6	7	4.9	0	7
7	3	1.2	0	3
9	2	0.1	0	0 2
10	1	0.0	1	1
11	1	0.0	1	0 1


=== Second read: Adapter PrefixPE/1 ===

Sequence: TACACTCTTTCCCTACACGACGCTCTTCCGATCT; Type: regular 3'; Length: 34; Trimmed: 341 times

No. of allowed errors:
0-9 bp: 0; 10-19 bp: 1; 20-29 bp: 2; 30-34 bp: 3

Bases preceding removed adapters:
  A: 31.4%
  C: 27.9%
  G: 17.9%
  T: 22.9%
  none/other: 0.0%

Overview of removed sequences
length	count	expect	max.err	error counts
3	228	316.2	0	228
4	90	79.1	0	90
5	19	19.8	0	19
6	2	4.9	0	2
10	2	0.0	1	1 1


=== Second read: Adapter PrefixPE/2 ===

Sequence: GTGACTGGAGTTCAGACGTGTGCTCTTCCGATCT; Type: regular 3'; Length: 34; Trimmed: 337 times

No. of allowed errors:
0-9 bp: 0; 10-19 bp: 1; 20-29 bp: 2; 30-34 bp: 3

Bases preceding removed adapters:
  A: 29.1%
  C: 26.1%
  G: 19.3%
  T: 25.5%
  none/other: 0.0%

Overview of removed sequences
length	count	expect	max.err	error counts
3	267	316.2	0	267
4	60	79.1	0	60
5	7	19.8	0	7
8	2	0.3	0	2
9	1	0.1	0	0 1
