This is cutadapt 2.9 with Python 3.6.6
Command line parameters: --interleaved -a file:/nas02/apps/trimmomatic-0.36/Trimmomatic-0.36/adapters/TruSeq3-PE.fa -A file:/nas02/apps/trimmomatic-0.36/Trimmomatic-0.36/adapters/TruSeq3-PE.fa -m 30 /nas/longleaf/home/zpopkinh/Pvivax_resources/wgs_pe_improved_global/fastq/ERS3516657/ERR3439124_1.fastq.gz /nas/longleaf/home/zpopkinh/Pvivax_resources/wgs_pe_improved_global/fastq/ERS3516657/ERR3439124_2.fastq.gz
Processing reads on 1 core in paired-end mode ...
Finished in 0.18 s (126 us/read; 0.48 M reads/minute).

=== Summary ===

Total read pairs processed:              1,443
  Read 1 with adapter:                      26 (1.8%)
  Read 2 with adapter:                      27 (1.9%)
Pairs written (passing filters):         1,443 (100.0%)

Total basepairs processed:       432,900 bp
  Read 1:       216,450 bp
  Read 2:       216,450 bp
Total written (filtered):        432,691 bp (100.0%)
  Read 1:       216,344 bp
  Read 2:       216,347 bp

=== First read: Adapter PrefixPE/1 ===

Sequence: TACACTCTTTCCCTACACGACGCTCTTCCGATCT; Type: regular 3'; Length: 34; Trimmed: 14 times

No. of allowed errors:
0-9 bp: 0; 10-19 bp: 1; 20-29 bp: 2; 30-34 bp: 3

Bases preceding removed adapters:
  A: 64.3%
  C: 7.1%
  G: 0.0%
  T: 28.6%
  none/other: 0.0%

Overview of removed sequences
length	count	expect	max.err	error counts
3	9	22.5	0	9
4	1	5.6	0	1
9	4	0.0	0	0 4


=== First read: Adapter PrefixPE/2 ===

Sequence: GTGACTGGAGTTCAGACGTGTGCTCTTCCGATCT; Type: regular 3'; Length: 34; Trimmed: 12 times

No. of allowed errors:
0-9 bp: 0; 10-19 bp: 1; 20-29 bp: 2; 30-34 bp: 3

Bases preceding removed adapters:
  A: 8.3%
  C: 8.3%
  G: 41.7%
  T: 41.7%
  none/other: 0.0%

Overview of removed sequences
length	count	expect	max.err	error counts
3	9	22.5	0	9
4	3	5.6	0	3


=== Second read: Adapter PrefixPE/1 ===

Sequence: TACACTCTTTCCCTACACGACGCTCTTCCGATCT; Type: regular 3'; Length: 34; Trimmed: 8 times

No. of allowed errors:
0-9 bp: 0; 10-19 bp: 1; 20-29 bp: 2; 30-34 bp: 3

Bases preceding removed adapters:
  A: 12.5%
  C: 0.0%
  G: 62.5%
  T: 25.0%
  none/other: 0.0%

Overview of removed sequences
length	count	expect	max.err	error counts
3	3	22.5	0	3
6	5	0.4	0	5


=== Second read: Adapter PrefixPE/2 ===

Sequence: GTGACTGGAGTTCAGACGTGTGCTCTTCCGATCT; Type: regular 3'; Length: 34; Trimmed: 19 times

No. of allowed errors:
0-9 bp: 0; 10-19 bp: 1; 20-29 bp: 2; 30-34 bp: 3

Bases preceding removed adapters:
  A: 10.5%
  C: 31.6%
  G: 15.8%
  T: 42.1%
  none/other: 0.0%

Overview of removed sequences
length	count	expect	max.err	error counts
3	15	22.5	0	15
4	1	5.6	0	1
5	3	1.4	0	3
