This is cutadapt 2.9 with Python 3.6.6
Command line parameters: --interleaved -a file:/nas02/apps/trimmomatic-0.36/Trimmomatic-0.36/adapters/TruSeq3-PE.fa -A file:/nas02/apps/trimmomatic-0.36/Trimmomatic-0.36/adapters/TruSeq3-PE.fa -m 30 /nas/longleaf/home/zpopkinh/Pvivax_resources/wgs_pe_improved_global/fastq/SRS1061082/SRR2316098_1.fastq.gz /nas/longleaf/home/zpopkinh/Pvivax_resources/wgs_pe_improved_global/fastq/SRS1061082/SRR2316098_2.fastq.gz
Processing reads on 1 core in paired-end mode ...
Finished in 3400.90 s (79 us/read; 0.76 M reads/minute).

=== Summary ===

Total read pairs processed:         43,068,324
  Read 1 with adapter:               1,588,772 (3.7%)
  Read 2 with adapter:               1,584,217 (3.7%)
Pairs written (passing filters):    43,068,299 (100.0%)

Total basepairs processed: 8,613,664,800 bp
  Read 1: 4,306,832,400 bp
  Read 2: 4,306,832,400 bp
Total written (filtered):  8,602,805,593 bp (99.9%)
  Read 1: 4,301,395,292 bp
  Read 2: 4,301,410,301 bp

=== First read: Adapter PrefixPE/1 ===

Sequence: TACACTCTTTCCCTACACGACGCTCTTCCGATCT; Type: regular 3'; Length: 34; Trimmed: 762240 times

No. of allowed errors:
0-9 bp: 0; 10-19 bp: 1; 20-29 bp: 2; 30-34 bp: 3

Bases preceding removed adapters:
  A: 31.0%
  C: 21.1%
  G: 16.5%
  T: 31.4%
  none/other: 0.0%

Overview of removed sequences
length	count	expect	max.err	error counts
3	497155	672942.6	0	497155
4	210797	168235.6	0	210797
5	34183	42058.9	0	34183
6	9716	10514.7	0	9716
7	1905	2628.7	0	1905
8	654	657.2	0	654
9	2078	164.3	0	208 1870
10	4239	41.1	1	87 4152
11	1143	10.3	1	14 1129
12	228	2.6	1	0 228
13	91	0.6	1	2 89
14	36	0.2	1	0 36
15	4	0.0	1	0 4
16	1	0.0	1	0 1
30	1	0.0	3	0 0 0 1
42	2	0.0	3	0 0 1 1
44	1	0.0	3	0 1
52	1	0.0	3	0 0 0 1
53	1	0.0	3	1
55	1	0.0	3	1
92	1	0.0	3	0 0 0 1
97	1	0.0	3	1
100	1	0.0	3	0 0 0 1


=== First read: Adapter PrefixPE/2 ===

Sequence: GTGACTGGAGTTCAGACGTGTGCTCTTCCGATCT; Type: regular 3'; Length: 34; Trimmed: 826532 times

No. of allowed errors:
0-9 bp: 0; 10-19 bp: 1; 20-29 bp: 2; 30-34 bp: 3

Bases preceding removed adapters:
  A: 32.0%
  C: 6.4%
  G: 23.6%
  T: 38.0%
  none/other: 0.0%

Overview of removed sequences
length	count	expect	max.err	error counts
3	611911	672942.6	0	611911
4	170576	168235.6	0	170576
5	27766	42058.9	0	27766
6	9285	10514.7	0	9285
7	2473	2628.7	0	2473
8	626	657.2	0	626
9	1356	164.3	0	204 1152
10	1628	41.1	1	52 1576
11	651	10.3	1	6 645
12	182	2.6	1	5 177
13	47	0.6	1	0 47
14	10	0.2	1	0 10
15	7	0.0	1	0 7
16	4	0.0	1	0 4
22	1	0.0	2	0 0 1
28	1	0.0	2	0 0 1
77	1	0.0	3	0 0 1
79	1	0.0	3	0 0 0 1
84	2	0.0	3	0 0 2
87	1	0.0	3	0 0 1
88	1	0.0	3	0 1
89	2	0.0	3	0 2


=== Second read: Adapter PrefixPE/1 ===

Sequence: TACACTCTTTCCCTACACGACGCTCTTCCGATCT; Type: regular 3'; Length: 34; Trimmed: 759938 times

No. of allowed errors:
0-9 bp: 0; 10-19 bp: 1; 20-29 bp: 2; 30-34 bp: 3

Bases preceding removed adapters:
  A: 30.9%
  C: 21.0%
  G: 16.5%
  T: 31.5%
  none/other: 0.0%

Overview of removed sequences
length	count	expect	max.err	error counts
3	494643	672942.6	0	494643
4	210945	168235.6	0	210945
5	34106	42058.9	0	34106
6	9771	10514.7	0	9771
7	2006	2628.7	0	2006
8	635	657.2	0	635
9	2059	164.3	0	200 1859
10	4216	41.1	1	110 4106
11	1197	10.3	1	14 1183
12	232	2.6	1	0 232
13	80	0.6	1	0 80
14	26	0.2	1	0 26
15	12	0.0	1	0 12
16	2	0.0	1	0 2
94	1	0.0	3	1
97	1	0.0	3	0 1
100	6	0.0	3	0 1 3 2


=== Second read: Adapter PrefixPE/2 ===

Sequence: GTGACTGGAGTTCAGACGTGTGCTCTTCCGATCT; Type: regular 3'; Length: 34; Trimmed: 824279 times

No. of allowed errors:
0-9 bp: 0; 10-19 bp: 1; 20-29 bp: 2; 30-34 bp: 3

Bases preceding removed adapters:
  A: 31.9%
  C: 6.5%
  G: 23.7%
  T: 37.9%
  none/other: 0.0%

Overview of removed sequences
length	count	expect	max.err	error counts
3	610105	672942.6	0	610105
4	170935	168235.6	0	170935
5	27223	42058.9	0	27223
6	9157	10514.7	0	9157
7	2359	2628.7	0	2359
8	617	657.2	0	617
9	1367	164.3	0	159 1208
10	1613	41.1	1	44 1569
11	652	10.3	1	11 641
12	173	2.6	1	3 170
13	40	0.6	1	0 40
14	21	0.2	1	1 20
15	4	0.0	1	0 4
16	1	0.0	1	0 1
20	1	0.0	2	0 0 1
22	1	0.0	2	1
38	1	0.0	3	0 1
40	1	0.0	3	0 0 0 1
46	1	0.0	3	0 0 0 1
56	1	0.0	3	0 0 0 1
71	2	0.0	3	0 1 1
82	1	0.0	3	0 0 1
89	1	0.0	3	0 0 0 1
100	2	0.0	3	0 0 0 2
