This is cutadapt 2.9 with Python 3.6.6
Command line parameters: --interleaved -a file:/nas02/apps/trimmomatic-0.36/Trimmomatic-0.36/adapters/TruSeq3-PE.fa -A file:/nas02/apps/trimmomatic-0.36/Trimmomatic-0.36/adapters/TruSeq3-PE.fa -m 30 /nas/longleaf/home/zpopkinh/Pvivax_resources/wgs_pe_improved_global/fastq/SRS2745833/SRR6361523_1.fastq.gz /nas/longleaf/home/zpopkinh/Pvivax_resources/wgs_pe_improved_global/fastq/SRS2745833/SRR6361523_2.fastq.gz
Processing reads on 1 core in paired-end mode ...
Finished in 8.20 s (87 us/read; 0.69 M reads/minute).

=== Summary ===

Total read pairs processed:             94,441
  Read 1 with adapter:                   2,662 (2.8%)
  Read 2 with adapter:                   4,830 (5.1%)
Pairs written (passing filters):        94,220 (99.8%)

Total basepairs processed:    47,409,382 bp
  Read 1:    23,704,691 bp
  Read 2:    23,704,691 bp
Total written (filtered):     47,273,406 bp (99.7%)
  Read 1:    23,640,106 bp
  Read 2:    23,633,300 bp

=== First read: Adapter PrefixPE/1 ===

Sequence: TACACTCTTTCCCTACACGACGCTCTTCCGATCT; Type: regular 3'; Length: 34; Trimmed: 2383 times

No. of allowed errors:
0-9 bp: 0; 10-19 bp: 1; 20-29 bp: 2; 30-34 bp: 3

Bases preceding removed adapters:
  A: 53.5%
  C: 22.7%
  G: 11.4%
  T: 12.4%
  none/other: 0.0%

Overview of removed sequences
length	count	expect	max.err	error counts
3	1005	1475.6	0	1005
4	1084	368.9	0	1084
5	116	92.2	0	116
6	28	23.1	0	28
7	3	5.8	0	3
9	1	0.4	0	1
10	4	0.1	1	0 4
12	1	0.0	1	0 1
236	3	0.0	3	0 0 0 3
237	9	0.0	3	0 0 1 8
238	12	0.0	3	0 0 1 11
239	103	0.0	3	0 0 19 84
240	5	0.0	3	0 0 0 5
241	6	0.0	3	0 0 0 6
245	2	0.0	3	0 0 0 2
249	1	0.0	3	0 0 1


=== First read: Adapter PrefixPE/2 ===

Sequence: GTGACTGGAGTTCAGACGTGTGCTCTTCCGATCT; Type: regular 3'; Length: 34; Trimmed: 279 times

No. of allowed errors:
0-9 bp: 0; 10-19 bp: 1; 20-29 bp: 2; 30-34 bp: 3

Bases preceding removed adapters:
  A: 47.7%
  C: 11.1%
  G: 12.9%
  T: 28.0%
  none/other: 0.4%

Overview of removed sequences
length	count	expect	max.err	error counts
3	184	1475.6	0	184
4	81	368.9	0	81
5	11	92.2	0	11
6	1	23.1	0	1
10	1	0.1	1	0 1
251	1	0.0	3	0 0 0 1


=== Second read: Adapter PrefixPE/1 ===

Sequence: TACACTCTTTCCCTACACGACGCTCTTCCGATCT; Type: regular 3'; Length: 34; Trimmed: 3476 times

No. of allowed errors:
0-9 bp: 0; 10-19 bp: 1; 20-29 bp: 2; 30-34 bp: 3

Bases preceding removed adapters:
  A: 51.8%
  C: 12.7%
  G: 27.3%
  T: 8.3%
  none/other: 0.0%

Overview of removed sequences
length	count	expect	max.err	error counts
3	2486	1475.6	0	2486
4	587	368.9	0	587
5	373	92.2	0	373
6	20	23.1	0	20
7	4	5.8	0	4
9	2	0.4	0	1 1
10	1	0.1	1	0 1
11	2	0.0	1	0 2
12	1	0.0	1	0 1


=== Second read: Adapter PrefixPE/2 ===

Sequence: GTGACTGGAGTTCAGACGTGTGCTCTTCCGATCT; Type: regular 3'; Length: 34; Trimmed: 1354 times

No. of allowed errors:
0-9 bp: 0; 10-19 bp: 1; 20-29 bp: 2; 30-34 bp: 3

Bases preceding removed adapters:
  A: 36.2%
  C: 10.0%
  G: 11.3%
  T: 42.5%
  none/other: 0.0%

Overview of removed sequences
length	count	expect	max.err	error counts
3	1098	1475.6	0	1098
4	132	368.9	0	132
5	39	92.2	0	39
6	1	23.1	0	1
7	3	5.8	0	3
9	1	0.4	0	0 1
11	1	0.0	1	0 1
227	3	0.0	3	0 1 1 1
229	3	0.0	3	0 0 3
230	6	0.0	3	0 0 6
232	8	0.0	3	0 2 1 5
233	2	0.0	3	0 1 0 1
234	13	0.0	3	0 6 3 4
235	7	0.0	3	0 3 4
236	16	0.0	3	0 1 15
237	8	0.0	3	0 1 1 6
238	10	0.0	3	0 0 6 4
241	1	0.0	3	0 1
242	1	0.0	3	0 0 1
243	1	0.0	3	0 0 1
