This is cutadapt 2.9 with Python 3.6.6
Command line parameters: --interleaved -a file:/nas02/apps/trimmomatic-0.36/Trimmomatic-0.36/adapters/TruSeq3-PE.fa -A file:/nas02/apps/trimmomatic-0.36/Trimmomatic-0.36/adapters/TruSeq3-PE.fa -m 30 /nas/longleaf/home/zpopkinh/Pvivax_resources/wgs_pe_improved_global/fastq/SRS2745833/SRR6361417_1.fastq.gz /nas/longleaf/home/zpopkinh/Pvivax_resources/wgs_pe_improved_global/fastq/SRS2745833/SRR6361417_2.fastq.gz
Processing reads on 1 core in paired-end mode ...
Finished in 3949.85 s (76 us/read; 0.79 M reads/minute).

=== Summary ===

Total read pairs processed:         52,246,072
  Read 1 with adapter:               1,724,924 (3.3%)
  Read 2 with adapter:               1,723,636 (3.3%)
Pairs written (passing filters):    52,246,072 (100.0%)

Total basepairs processed: 10,449,214,400 bp
  Read 1: 5,224,607,200 bp
  Read 2: 5,224,607,200 bp
Total written (filtered):  10,437,496,332 bp (99.9%)
  Read 1: 5,218,739,201 bp
  Read 2: 5,218,757,131 bp

=== First read: Adapter PrefixPE/1 ===

Sequence: TACACTCTTTCCCTACACGACGCTCTTCCGATCT; Type: regular 3'; Length: 34; Trimmed: 934773 times

No. of allowed errors:
0-9 bp: 0; 10-19 bp: 1; 20-29 bp: 2; 30-34 bp: 3

Bases preceding removed adapters:
  A: 33.8%
  C: 17.1%
  G: 19.3%
  T: 29.8%
  none/other: 0.0%

Overview of removed sequences
length	count	expect	max.err	error counts
3	610974	816344.9	0	610974
4	236125	204086.2	0	236125
5	70100	51021.6	0	70100
6	8626	12755.4	0	8626
7	1643	3188.8	0	1643
8	498	797.2	0	498
9	2744	199.3	0	111 2633
10	2717	49.8	1	25 2692
11	1001	12.5	1	8 993
12	269	3.1	1	0 269
13	62	0.8	1	0 62
14	14	0.2	1	0 14


=== First read: Adapter PrefixPE/2 ===

Sequence: GTGACTGGAGTTCAGACGTGTGCTCTTCCGATCT; Type: regular 3'; Length: 34; Trimmed: 790151 times

No. of allowed errors:
0-9 bp: 0; 10-19 bp: 1; 20-29 bp: 2; 30-34 bp: 3

Bases preceding removed adapters:
  A: 24.2%
  C: 18.8%
  G: 26.5%
  T: 30.5%
  none/other: 0.0%

Overview of removed sequences
length	count	expect	max.err	error counts
3	605003	816344.9	0	605003
4	152774	204086.2	0	152774
5	24073	51021.6	0	24073
6	4886	12755.4	0	4886
7	1161	3188.8	0	1161
8	168	797.2	0	168
9	826	199.3	0	19 807
10	918	49.8	1	24 894
11	260	12.5	1	4 256
12	68	3.1	1	0 68
13	14	0.8	1	0 14


=== Second read: Adapter PrefixPE/1 ===

Sequence: TACACTCTTTCCCTACACGACGCTCTTCCGATCT; Type: regular 3'; Length: 34; Trimmed: 924694 times

No. of allowed errors:
0-9 bp: 0; 10-19 bp: 1; 20-29 bp: 2; 30-34 bp: 3

Bases preceding removed adapters:
  A: 33.9%
  C: 17.1%
  G: 19.3%
  T: 29.8%
  none/other: 0.0%

Overview of removed sequences
length	count	expect	max.err	error counts
3	604518	816344.9	0	604518
4	234086	204086.2	0	234086
5	69366	51021.6	0	69366
6	8197	12755.4	0	8197
7	1562	3188.8	0	1562
8	381	797.2	0	381
9	2828	199.3	0	132 2696
10	2593	49.8	1	37 2556
11	878	12.5	1	3 875
12	235	3.1	1	0 235
13	19	0.8	1	0 19
14	24	0.2	1	0 24
15	7	0.0	1	0 7


=== Second read: Adapter PrefixPE/2 ===

Sequence: GTGACTGGAGTTCAGACGTGTGCTCTTCCGATCT; Type: regular 3'; Length: 34; Trimmed: 798942 times

No. of allowed errors:
0-9 bp: 0; 10-19 bp: 1; 20-29 bp: 2; 30-34 bp: 3

Bases preceding removed adapters:
  A: 23.6%
  C: 19.0%
  G: 27.9%
  T: 29.6%
  none/other: 0.0%

Overview of removed sequences
length	count	expect	max.err	error counts
3	618879	816344.9	0	618879
4	148143	204086.2	0	148143
5	23585	51021.6	0	23585
6	5139	12755.4	0	5139
7	1246	3188.8	0	1246
8	137	797.2	0	137
9	718	199.3	0	26 692
10	732	49.8	1	38 694
11	302	12.5	1	1 301
12	54	3.1	1	0 54
13	7	0.8	1	0 7
