This is cutadapt 2.9 with Python 3.6.6
Command line parameters: --interleaved -a file:/nas02/apps/trimmomatic-0.36/Trimmomatic-0.36/adapters/TruSeq3-PE.fa -A file:/nas02/apps/trimmomatic-0.36/Trimmomatic-0.36/adapters/TruSeq3-PE.fa -m 30 /nas/longleaf/home/zpopkinh/Pvivax_resources/wgs_pe_improved_global/fastq/SRS693909/SRR1565101_1.fastq.gz /nas/longleaf/home/zpopkinh/Pvivax_resources/wgs_pe_improved_global/fastq/SRS693909/SRR1565101_2.fastq.gz
Processing reads on 1 core in paired-end mode ...
Finished in 23.69 s (47 us/read; 1.28 M reads/minute).

=== Summary ===

Total read pairs processed:            504,743
  Read 1 with adapter:                  16,453 (3.3%)
  Read 2 with adapter:                  19,264 (3.8%)
Pairs written (passing filters):       504,436 (99.9%)

Total basepairs processed:   101,958,086 bp
  Read 1:    50,979,043 bp
  Read 2:    50,979,043 bp
Total written (filtered):    101,777,752 bp (99.8%)
  Read 1:    50,892,550 bp
  Read 2:    50,885,202 bp

=== First read: Adapter PrefixPE/1 ===

Sequence: TACACTCTTTCCCTACACGACGCTCTTCCGATCT; Type: regular 3'; Length: 34; Trimmed: 7737 times

No. of allowed errors:
0-9 bp: 0; 10-19 bp: 1; 20-29 bp: 2; 30-34 bp: 3

Bases preceding removed adapters:
  A: 23.5%
  C: 22.8%
  G: 28.1%
  T: 25.6%
  none/other: 0.0%

Overview of removed sequences
length	count	expect	max.err	error counts
3	5085	7886.6	0	5085
4	2036	1971.7	0	2036
5	455	492.9	0	455
6	79	123.2	0	79
7	23	30.8	0	23
8	1	7.7	0	1
9	23	1.9	0	2 21
10	25	0.5	1	0 25
11	8	0.1	1	0 8
12	1	0.0	1	0 1
36	1	0.0	3	0 0 1


=== First read: Adapter PrefixPE/2 ===

Sequence: GTGACTGGAGTTCAGACGTGTGCTCTTCCGATCT; Type: regular 3'; Length: 34; Trimmed: 8716 times

No. of allowed errors:
0-9 bp: 0; 10-19 bp: 1; 20-29 bp: 2; 30-34 bp: 3

Bases preceding removed adapters:
  A: 22.7%
  C: 19.4%
  G: 28.2%
  T: 29.7%
  none/other: 0.0%

Overview of removed sequences
length	count	expect	max.err	error counts
3	6821	7886.6	0	6821
4	1537	1971.7	0	1537
5	262	492.9	0	262
6	57	123.2	0	57
7	16	30.8	0	16
8	4	7.7	0	4
9	7	1.9	0	0 7
10	7	0.5	1	0 7
11	4	0.1	1	0 4
12	1	0.0	1	0 1


=== Second read: Adapter PrefixPE/1 ===

Sequence: TACACTCTTTCCCTACACGACGCTCTTCCGATCT; Type: regular 3'; Length: 34; Trimmed: 7546 times

No. of allowed errors:
0-9 bp: 0; 10-19 bp: 1; 20-29 bp: 2; 30-34 bp: 3

Bases preceding removed adapters:
  A: 23.5%
  C: 23.1%
  G: 27.8%
  T: 25.6%
  none/other: 0.0%

Overview of removed sequences
length	count	expect	max.err	error counts
3	5192	7886.6	0	5192
4	1710	1971.7	0	1710
5	468	492.9	0	468
6	89	123.2	0	89
7	33	30.8	0	33
8	5	7.7	0	5
9	18	1.9	0	2 16
10	22	0.5	1	1 21
11	6	0.1	1	0 6
12	2	0.0	1	0 2
13	1	0.0	1	0 1


=== Second read: Adapter PrefixPE/2 ===

Sequence: GTGACTGGAGTTCAGACGTGTGCTCTTCCGATCT; Type: regular 3'; Length: 34; Trimmed: 11718 times

No. of allowed errors:
0-9 bp: 0; 10-19 bp: 1; 20-29 bp: 2; 30-34 bp: 3

Bases preceding removed adapters:
  A: 22.0%
  C: 29.4%
  G: 23.6%
  T: 25.0%
  none/other: 0.0%

Overview of removed sequences
length	count	expect	max.err	error counts
3	9434	7886.6	0	9434
4	1620	1971.7	0	1620
5	266	492.9	0	266
6	47	123.2	0	47
7	10	30.8	0	10
8	4	7.7	0	4
9	14	1.9	0	0 14
10	12	0.5	1	2 10
11	3	0.1	1	0 3
13	1	0.0	1	0 1
92	3	0.0	3	0 0 0 3
93	299	0.0	3	0 31 103 165
94	3	0.0	3	0 1 1 1
96	2	0.0	3	0 0 0 2
