This is cutadapt 2.9 with Python 3.6.6
Command line parameters: --interleaved -a file:/nas02/apps/trimmomatic-0.36/Trimmomatic-0.36/adapters/TruSeq3-PE.fa -A file:/nas02/apps/trimmomatic-0.36/Trimmomatic-0.36/adapters/TruSeq3-PE.fa -m 30 /nas/longleaf/home/zpopkinh/Pvivax_resources/wgs_pe_improved_global/fastq/SRS693909/SRR1568209_1.fastq.gz /nas/longleaf/home/zpopkinh/Pvivax_resources/wgs_pe_improved_global/fastq/SRS693909/SRR1568209_2.fastq.gz
Processing reads on 1 core in paired-end mode ...
Finished in 1427.14 s (67 us/read; 0.90 M reads/minute).

=== Summary ===

Total read pairs processed:         21,331,678
  Read 1 with adapter:                 736,809 (3.5%)
  Read 2 with adapter:                 791,991 (3.7%)
Pairs written (passing filters):    21,331,666 (100.0%)

Total basepairs processed: 4,308,998,956 bp
  Read 1: 2,154,499,478 bp
  Read 2: 2,154,499,478 bp
Total written (filtered):  4,303,888,064 bp (99.9%)
  Read 1: 2,152,024,305 bp
  Read 2: 2,151,863,759 bp

=== First read: Adapter PrefixPE/1 ===

Sequence: TACACTCTTTCCCTACACGACGCTCTTCCGATCT; Type: regular 3'; Length: 34; Trimmed: 330411 times

No. of allowed errors:
0-9 bp: 0; 10-19 bp: 1; 20-29 bp: 2; 30-34 bp: 3

Bases preceding removed adapters:
  A: 23.5%
  C: 24.4%
  G: 27.6%
  T: 24.5%
  none/other: 0.0%

Overview of removed sequences
length	count	expect	max.err	error counts
3	226926	333307.5	0	226926
4	75482	83326.9	0	75482
5	20918	20831.7	0	20918
6	3631	5207.9	0	3631
7	986	1302.0	0	986
8	208	325.5	0	208
9	918	81.4	0	79 839
10	860	20.3	1	34 826
11	338	5.1	1	3 335
12	95	1.3	1	0 95
13	23	0.3	1	1 22
14	8	0.1	1	2 6
15	1	0.0	1	0 1
26	1	0.0	2	0 1
28	2	0.0	2	2
29	1	0.0	2	0 1
33	1	0.0	3	0 1
34	1	0.0	3	0 0 0 1
36	1	0.0	3	0 0 0 1
44	1	0.0	3	0 1
45	1	0.0	3	1
46	1	0.0	3	0 0 1
51	1	0.0	3	0 0 1
55	2	0.0	3	0 0 1 1
61	1	0.0	3	0 0 1
63	1	0.0	3	1
71	1	0.0	3	0 0 0 1
101	1	0.0	3	0 0 1


=== First read: Adapter PrefixPE/2 ===

Sequence: GTGACTGGAGTTCAGACGTGTGCTCTTCCGATCT; Type: regular 3'; Length: 34; Trimmed: 406398 times

No. of allowed errors:
0-9 bp: 0; 10-19 bp: 1; 20-29 bp: 2; 30-34 bp: 3

Bases preceding removed adapters:
  A: 22.5%
  C: 20.1%
  G: 28.4%
  T: 29.0%
  none/other: 0.0%

Overview of removed sequences
length	count	expect	max.err	error counts
3	318331	333307.5	0	318331
4	71600	83326.9	0	71600
5	11942	20831.7	0	11942
6	2605	5207.9	0	2605
7	672	1302.0	0	672
8	126	325.5	0	126
9	513	81.4	0	21 492
10	392	20.3	1	10 382
11	171	5.1	1	1 170
12	38	1.3	1	0 38
13	7	0.3	1	0 7
52	1	0.0	3	1


=== Second read: Adapter PrefixPE/1 ===

Sequence: TACACTCTTTCCCTACACGACGCTCTTCCGATCT; Type: regular 3'; Length: 34; Trimmed: 321586 times

No. of allowed errors:
0-9 bp: 0; 10-19 bp: 1; 20-29 bp: 2; 30-34 bp: 3

Bases preceding removed adapters:
  A: 23.5%
  C: 24.3%
  G: 27.7%
  T: 24.5%
  none/other: 0.0%

Overview of removed sequences
length	count	expect	max.err	error counts
3	219954	333307.5	0	219954
4	74489	83326.9	0	74489
5	20327	20831.7	0	20327
6	3620	5207.9	0	3620
7	886	1302.0	0	886
8	196	325.5	0	196
9	846	81.4	0	69 777
10	791	20.3	1	22 769
11	373	5.1	1	1 372
12	76	1.3	1	2 74
13	24	0.3	1	0 24
14	4	0.1	1	0 4


=== Second read: Adapter PrefixPE/2 ===

Sequence: GTGACTGGAGTTCAGACGTGTGCTCTTCCGATCT; Type: regular 3'; Length: 34; Trimmed: 470405 times

No. of allowed errors:
0-9 bp: 0; 10-19 bp: 1; 20-29 bp: 2; 30-34 bp: 3

Bases preceding removed adapters:
  A: 22.3%
  C: 28.4%
  G: 24.7%
  T: 24.6%
  none/other: 0.0%

Overview of removed sequences
length	count	expect	max.err	error counts
3	382921	333307.5	0	382921
4	71241	83326.9	0	71241
5	11763	20831.7	0	11763
6	2563	5207.9	0	2563
7	699	1302.0	0	699
8	120	325.5	0	120
9	479	81.4	0	13 466
10	400	20.3	1	6 394
11	166	5.1	1	2 164
12	31	1.3	1	0 31
13	3	0.3	1	0 3
19	1	0.0	1	0 1
25	1	0.0	2	1
27	1	0.0	2	0 1
45	1	0.0	3	1
51	1	0.0	3	0 0 1
55	1	0.0	3	1
56	1	0.0	3	0 0 1
58	1	0.0	3	0 0 1
86	1	0.0	3	0 0 1
92	1	0.0	3	0 0 1
93	5	0.0	3	0 1 0 4
96	2	0.0	3	0 1 0 1
100	1	0.0	3	0 0 1
101	1	0.0	3	0 0 0 1
