This is cutadapt 2.9 with Python 3.6.6
Command line parameters: --interleaved -a file:/nas02/apps/trimmomatic-0.36/Trimmomatic-0.36/adapters/TruSeq3-PE.fa -A file:/nas02/apps/trimmomatic-0.36/Trimmomatic-0.36/adapters/TruSeq3-PE.fa -m 30 /nas/longleaf/home/zpopkinh/Pvivax_resources/wgs_pe_improved_global/fastq/SRS693583/SRR1562974_1.fastq.gz /nas/longleaf/home/zpopkinh/Pvivax_resources/wgs_pe_improved_global/fastq/SRS693583/SRR1562974_2.fastq.gz
Processing reads on 1 core in paired-end mode ...
Finished in 1556.94 s (62 us/read; 0.97 M reads/minute).

=== Summary ===

Total read pairs processed:         25,125,211
  Read 1 with adapter:                 850,712 (3.4%)
  Read 2 with adapter:                 938,364 (3.7%)
Pairs written (passing filters):    25,125,206 (100.0%)

Total basepairs processed: 5,075,292,622 bp
  Read 1: 2,537,646,311 bp
  Read 2: 2,537,646,311 bp
Total written (filtered):  5,069,318,248 bp (99.9%)
  Read 1: 2,534,788,218 bp
  Read 2: 2,534,530,030 bp

=== First read: Adapter PrefixPE/1 ===

Sequence: TACACTCTTTCCCTACACGACGCTCTTCCGATCT; Type: regular 3'; Length: 34; Trimmed: 384861 times

No. of allowed errors:
0-9 bp: 0; 10-19 bp: 1; 20-29 bp: 2; 30-34 bp: 3

Bases preceding removed adapters:
  A: 23.5%
  C: 24.2%
  G: 27.7%
  T: 24.7%
  none/other: 0.0%

Overview of removed sequences
length	count	expect	max.err	error counts
3	263409	392581.4	0	263409
4	88900	98145.4	0	88900
5	24281	24536.3	0	24281
6	4336	6134.1	0	4336
7	1127	1533.5	0	1127
8	249	383.4	0	249
9	969	95.8	0	84 885
10	1023	24.0	1	34 989
11	396	6.0	1	6 390
12	109	1.5	1	2 107
13	28	0.4	1	2 26
14	13	0.1	1	0 13
15	2	0.0	1	0 2
19	1	0.0	1	0 1
23	1	0.0	2	0 0 1
29	1	0.0	2	0 0 1
34	1	0.0	3	0 0 1
40	1	0.0	3	0 0 1
44	1	0.0	3	0 0 0 1
47	2	0.0	3	0 0 1 1
50	2	0.0	3	1 1
52	1	0.0	3	0 1
53	1	0.0	3	0 0 1
55	1	0.0	3	0 0 1
61	1	0.0	3	0 0 0 1
62	2	0.0	3	1 0 1
101	3	0.0	3	0 0 2 1


=== First read: Adapter PrefixPE/2 ===

Sequence: GTGACTGGAGTTCAGACGTGTGCTCTTCCGATCT; Type: regular 3'; Length: 34; Trimmed: 465851 times

No. of allowed errors:
0-9 bp: 0; 10-19 bp: 1; 20-29 bp: 2; 30-34 bp: 3

Bases preceding removed adapters:
  A: 22.6%
  C: 20.0%
  G: 28.4%
  T: 29.0%
  none/other: 0.0%

Overview of removed sequences
length	count	expect	max.err	error counts
3	364259	392581.4	0	364259
4	82648	98145.4	0	82648
5	13884	24536.3	0	13884
6	3014	6134.1	0	3014
7	744	1533.5	0	744
8	132	383.4	0	132
9	546	95.8	0	21 525
10	436	24.0	1	10 426
11	137	6.0	1	0 137
12	41	1.5	1	0 41
13	10	0.4	1	0 10


=== Second read: Adapter PrefixPE/1 ===

Sequence: TACACTCTTTCCCTACACGACGCTCTTCCGATCT; Type: regular 3'; Length: 34; Trimmed: 374680 times

No. of allowed errors:
0-9 bp: 0; 10-19 bp: 1; 20-29 bp: 2; 30-34 bp: 3

Bases preceding removed adapters:
  A: 23.7%
  C: 24.1%
  G: 27.5%
  T: 24.7%
  none/other: 0.0%

Overview of removed sequences
length	count	expect	max.err	error counts
3	255791	392581.4	0	255791
4	87156	98145.4	0	87156
5	23786	24536.3	0	23786
6	4149	6134.1	0	4149
7	1025	1533.5	0	1025
8	231	383.4	0	231
9	985	95.8	0	65 920
10	1043	24.0	1	22 1021
11	402	6.0	1	0 402
12	80	1.5	1	0 80
13	27	0.4	1	0 27
14	3	0.1	1	0 3
15	1	0.0	1	0 1
53	1	0.0	3	0 0 0 1


=== Second read: Adapter PrefixPE/2 ===

Sequence: GTGACTGGAGTTCAGACGTGTGCTCTTCCGATCT; Type: regular 3'; Length: 34; Trimmed: 563684 times

No. of allowed errors:
0-9 bp: 0; 10-19 bp: 1; 20-29 bp: 2; 30-34 bp: 3

Bases preceding removed adapters:
  A: 22.5%
  C: 30.2%
  G: 23.6%
  T: 23.8%
  none/other: 0.0%

Overview of removed sequences
length	count	expect	max.err	error counts
3	463112	392581.4	0	463112
4	82080	98145.4	0	82080
5	13423	24536.3	0	13423
6	2928	6134.1	0	2928
7	722	1533.5	0	722
8	108	383.4	0	108
9	570	95.8	0	34 536
10	482	24.0	1	11 471
11	186	6.0	1	2 184
12	35	1.5	1	0 35
13	14	0.4	1	0 14
22	2	0.0	2	0 1 1
23	1	0.0	2	0 1
24	1	0.0	2	1
32	1	0.0	3	0 1
36	1	0.0	3	0 0 0 1
38	1	0.0	3	0 0 0 1
40	1	0.0	3	0 0 1
41	1	0.0	3	0 0 0 1
43	1	0.0	3	0 0 0 1
45	1	0.0	3	0 0 1
46	1	0.0	3	0 1
47	2	0.0	3	0 1 1
48	1	0.0	3	0 0 1
49	1	0.0	3	0 0 1
51	1	0.0	3	1
52	1	0.0	3	0 0 0 1
53	1	0.0	3	1
54	1	0.0	3	0 1
55	1	0.0	3	0 0 0 1
71	1	0.0	3	0 0 1
86	1	0.0	3	0 1
89	1	0.0	3	0 0 1
