This is cutadapt 2.9 with Python 3.6.6
Command line parameters: --interleaved -a file:/nas02/apps/trimmomatic-0.36/Trimmomatic-0.36/adapters/TruSeq3-PE.fa -A file:/nas02/apps/trimmomatic-0.36/Trimmomatic-0.36/adapters/TruSeq3-PE.fa -m 30 /nas/longleaf/home/zpopkinh/Pvivax_resources/wgs_pe_improved_global/fastq/SRS693583/SRR1565126_1.fastq.gz /nas/longleaf/home/zpopkinh/Pvivax_resources/wgs_pe_improved_global/fastq/SRS693583/SRR1565126_2.fastq.gz
Processing reads on 1 core in paired-end mode ...
Finished in 22.11 s (48 us/read; 1.25 M reads/minute).

=== Summary ===

Total read pairs processed:            462,431
  Read 1 with adapter:                  14,871 (3.2%)
  Read 2 with adapter:                  17,820 (3.9%)
Pairs written (passing filters):       462,155 (99.9%)

Total basepairs processed:    93,411,062 bp
  Read 1:    46,705,531 bp
  Read 2:    46,705,531 bp
Total written (filtered):     93,247,226 bp (99.8%)
  Read 1:    46,627,573 bp
  Read 2:    46,619,653 bp

=== First read: Adapter PrefixPE/1 ===

Sequence: TACACTCTTTCCCTACACGACGCTCTTCCGATCT; Type: regular 3'; Length: 34; Trimmed: 6963 times

No. of allowed errors:
0-9 bp: 0; 10-19 bp: 1; 20-29 bp: 2; 30-34 bp: 3

Bases preceding removed adapters:
  A: 24.2%
  C: 23.2%
  G: 27.5%
  T: 25.1%
  none/other: 0.0%

Overview of removed sequences
length	count	expect	max.err	error counts
3	4584	7225.5	0	4584
4	1865	1806.4	0	1865
5	362	451.6	0	362
6	86	112.9	0	86
7	14	28.2	0	14
8	1	7.1	0	1
9	20	1.8	0	1 19
10	23	0.4	1	1 22
11	5	0.1	1	0 5
12	2	0.0	1	0 2
13	1	0.0	1	0 1


=== First read: Adapter PrefixPE/2 ===

Sequence: GTGACTGGAGTTCAGACGTGTGCTCTTCCGATCT; Type: regular 3'; Length: 34; Trimmed: 7908 times

No. of allowed errors:
0-9 bp: 0; 10-19 bp: 1; 20-29 bp: 2; 30-34 bp: 3

Bases preceding removed adapters:
  A: 22.2%
  C: 18.8%
  G: 28.1%
  T: 30.9%
  none/other: 0.0%

Overview of removed sequences
length	count	expect	max.err	error counts
3	6151	7225.5	0	6151
4	1462	1806.4	0	1462
5	221	451.6	0	221
6	47	112.9	0	47
7	5	28.2	0	5
8	1	7.1	0	1
9	7	1.8	0	0 7
10	9	0.4	1	0 9
11	3	0.1	1	0 3
12	1	0.0	1	0 1
13	1	0.0	1	0 1


=== Second read: Adapter PrefixPE/1 ===

Sequence: TACACTCTTTCCCTACACGACGCTCTTCCGATCT; Type: regular 3'; Length: 34; Trimmed: 6631 times

No. of allowed errors:
0-9 bp: 0; 10-19 bp: 1; 20-29 bp: 2; 30-34 bp: 3

Bases preceding removed adapters:
  A: 23.9%
  C: 23.9%
  G: 26.5%
  T: 25.7%
  none/other: 0.0%

Overview of removed sequences
length	count	expect	max.err	error counts
3	4500	7225.5	0	4500
4	1564	1806.4	0	1564
5	408	451.6	0	408
6	81	112.9	0	81
7	21	28.2	0	21
9	24	1.8	0	1 23
10	23	0.4	1	1 22
11	7	0.1	1	0 7
12	3	0.0	1	1 2


=== Second read: Adapter PrefixPE/2 ===

Sequence: GTGACTGGAGTTCAGACGTGTGCTCTTCCGATCT; Type: regular 3'; Length: 34; Trimmed: 11189 times

No. of allowed errors:
0-9 bp: 0; 10-19 bp: 1; 20-29 bp: 2; 30-34 bp: 3

Bases preceding removed adapters:
  A: 23.3%
  C: 35.0%
  G: 21.0%
  T: 20.7%
  none/other: 0.0%

Overview of removed sequences
length	count	expect	max.err	error counts
3	9160	7225.5	0	9160
4	1415	1806.4	0	1415
5	244	451.6	0	244
6	60	112.9	0	60
7	12	28.2	0	12
8	4	7.1	0	4
9	5	1.8	0	0 5
10	11	0.4	1	0 11
11	1	0.1	1	0 1
12	1	0.0	1	0 1
92	2	0.0	3	0 0 1 1
93	264	0.0	3	0 36 86 142
94	8	0.0	3	0 0 5 3
95	1	0.0	3	0 0 0 1
96	1	0.0	3	0 1
