This is cutadapt 2.9 with Python 3.6.6
Command line parameters: --interleaved -a file:/nas02/apps/trimmomatic-0.36/Trimmomatic-0.36/adapters/TruSeq3-PE.fa -A file:/nas02/apps/trimmomatic-0.36/Trimmomatic-0.36/adapters/TruSeq3-PE.fa -m 30 /nas/longleaf/home/zpopkinh/Pvivax_resources/new_seqs_2021/fastq/MDP3254/MDP3254_1.fastq.gz /nas/longleaf/home/zpopkinh/Pvivax_resources/new_seqs_2021/fastq/MDP3254/MDP3254_2.fastq.gz
Processing reads on 1 core in paired-end mode ...
Finished in 586.68 s (171 us/read; 0.35 M reads/minute).

=== Summary ===

Total read pairs processed:          3,427,032
  Read 1 with adapter:                 100,109 (2.9%)
  Read 2 with adapter:                 144,505 (4.2%)
Pairs written (passing filters):     3,427,031 (100.0%)

Total basepairs processed: 1,028,109,600 bp
  Read 1:   514,054,800 bp
  Read 2:   514,054,800 bp
Total written (filtered):  1,027,303,209 bp (99.9%)
  Read 1:   513,717,674 bp
  Read 2:   513,585,535 bp

=== First read: Adapter PrefixPE/1 ===

Sequence: TACACTCTTTCCCTACACGACGCTCTTCCGATCT; Type: regular 3'; Length: 34; Trimmed: 48846 times

No. of allowed errors:
0-9 bp: 0; 10-19 bp: 1; 20-29 bp: 2; 30-34 bp: 3

Bases preceding removed adapters:
  A: 25.7%
  C: 22.5%
  G: 23.9%
  T: 27.9%
  none/other: 0.0%

Overview of removed sequences
length	count	expect	max.err	error counts
3	33137	53547.4	0	33137
4	11780	13386.8	0	11780
5	2764	3346.7	0	2764
6	573	836.7	0	573
7	138	209.2	0	138
8	29	52.3	0	29
9	184	13.1	0	11 173
10	167	3.3	1	3 164
11	55	0.8	1	2 53
12	14	0.2	1	0 14
13	5	0.1	1	0 5


=== First read: Adapter PrefixPE/2 ===

Sequence: GTGACTGGAGTTCAGACGTGTGCTCTTCCGATCT; Type: regular 3'; Length: 34; Trimmed: 51263 times

No. of allowed errors:
0-9 bp: 0; 10-19 bp: 1; 20-29 bp: 2; 30-34 bp: 3

Bases preceding removed adapters:
  A: 23.4%
  C: 18.8%
  G: 27.6%
  T: 30.2%
  none/other: 0.0%

Overview of removed sequences
length	count	expect	max.err	error counts
3	40386	53547.4	0	40386
4	8850	13386.8	0	8850
5	1474	3346.7	0	1474
6	337	836.7	0	337
7	74	209.2	0	74
8	11	52.3	0	11
9	66	13.1	0	2 64
10	44	3.3	1	1 43
11	17	0.8	1	0 17
12	4	0.2	1	0 4


=== Second read: Adapter PrefixPE/1 ===

Sequence: TACACTCTTTCCCTACACGACGCTCTTCCGATCT; Type: regular 3'; Length: 34; Trimmed: 47061 times

No. of allowed errors:
0-9 bp: 0; 10-19 bp: 1; 20-29 bp: 2; 30-34 bp: 3

Bases preceding removed adapters:
  A: 26.3%
  C: 22.9%
  G: 23.8%
  T: 27.0%
  none/other: 0.0%

Overview of removed sequences
length	count	expect	max.err	error counts
3	31877	53547.4	0	31877
4	11462	13386.8	0	11462
5	2616	3346.7	0	2616
6	548	836.7	0	548
7	127	209.2	0	127
8	25	52.3	0	25
9	162	13.1	0	17 145
10	167	3.3	1	5 162
11	64	0.8	1	1 63
12	8	0.2	1	1 7
13	1	0.1	1	0 1
14	3	0.0	1	0 3
15	1	0.0	1	0 1


=== Second read: Adapter PrefixPE/2 ===

Sequence: GTGACTGGAGTTCAGACGTGTGCTCTTCCGATCT; Type: regular 3'; Length: 34; Trimmed: 97444 times

No. of allowed errors:
0-9 bp: 0; 10-19 bp: 1; 20-29 bp: 2; 30-34 bp: 3

Bases preceding removed adapters:
  A: 21.9%
  C: 21.4%
  G: 22.6%
  T: 34.1%
  none/other: 0.0%

Overview of removed sequences
length	count	expect	max.err	error counts
3	86707	53547.4	0	86707
4	8748	13386.8	0	8748
5	1420	3346.7	0	1420
6	346	836.7	0	346
7	86	209.2	0	86
8	10	52.3	0	10
9	74	13.1	0	5 69
10	32	3.3	1	1 31
11	17	0.8	1	0 17
12	2	0.2	1	0 2
13	1	0.1	1	0 1
122	1	0.0	3	0 0 1
