This is cutadapt 2.9 with Python 3.6.6
Command line parameters: --interleaved -a file:/nas02/apps/trimmomatic-0.36/Trimmomatic-0.36/adapters/TruSeq3-PE.fa -A file:/nas02/apps/trimmomatic-0.36/Trimmomatic-0.36/adapters/TruSeq3-PE.fa -m 30 /nas/longleaf/home/zpopkinh/Pvivax_resources/wgs_pe_improved_global/fastq/ERR5740844/ERR5740844_1.fastq.gz /nas/longleaf/home/zpopkinh/Pvivax_resources/wgs_pe_improved_global/fastq/ERR5740844/ERR5740844_2.fastq.gz
Processing reads on 1 core in paired-end mode ...
Finished in 408.79 s (130 us/read; 0.46 M reads/minute).

=== Summary ===

Total read pairs processed:          3,151,221
  Read 1 with adapter:                 114,513 (3.6%)
  Read 2 with adapter:                 111,536 (3.5%)
Pairs written (passing filters):     3,151,218 (100.0%)

Total basepairs processed:   951,668,742 bp
  Read 1:   475,834,371 bp
  Read 2:   475,834,371 bp
Total written (filtered):    950,904,917 bp (99.9%)
  Read 1:   475,447,591 bp
  Read 2:   475,457,326 bp

=== First read: Adapter PrefixPE/1 ===

Sequence: TACACTCTTTCCCTACACGACGCTCTTCCGATCT; Type: regular 3'; Length: 34; Trimmed: 51805 times

No. of allowed errors:
0-9 bp: 0; 10-19 bp: 1; 20-29 bp: 2; 30-34 bp: 3

Bases preceding removed adapters:
  A: 25.4%
  C: 23.9%
  G: 23.6%
  T: 27.1%
  none/other: 0.0%

Overview of removed sequences
length	count	expect	max.err	error counts
3	35092	49237.8	0	35092
4	12560	12309.5	0	12560
5	2914	3077.4	0	2914
6	603	769.3	0	603
7	136	192.3	0	136
8	38	48.1	0	38
9	163	12.0	0	9 154
10	210	3.0	1	4 206
11	64	0.8	1	0 64
12	14	0.2	1	0 14
13	9	0.0	1	0 9
14	1	0.0	1	0 1
24	1	0.0	2	0 1


=== First read: Adapter PrefixPE/2 ===

Sequence: GTGACTGGAGTTCAGACGTGTGCTCTTCCGATCT; Type: regular 3'; Length: 34; Trimmed: 62708 times

No. of allowed errors:
0-9 bp: 0; 10-19 bp: 1; 20-29 bp: 2; 30-34 bp: 3

Bases preceding removed adapters:
  A: 25.8%
  C: 15.3%
  G: 27.7%
  T: 31.2%
  none/other: 0.0%

Overview of removed sequences
length	count	expect	max.err	error counts
3	48651	49237.8	0	48651
4	11342	12309.5	0	11342
5	1825	3077.4	0	1825
6	521	769.3	0	521
7	136	192.3	0	136
8	29	48.1	0	29
9	87	12.0	0	2 85
10	70	3.0	1	1 69
11	36	0.8	1	1 35
12	8	0.2	1	0 8
13	1	0.0	1	0 1
14	1	0.0	1	0 1
15	1	0.0	1	0 1


=== Second read: Adapter PrefixPE/1 ===

Sequence: TACACTCTTTCCCTACACGACGCTCTTCCGATCT; Type: regular 3'; Length: 34; Trimmed: 50952 times

No. of allowed errors:
0-9 bp: 0; 10-19 bp: 1; 20-29 bp: 2; 30-34 bp: 3

Bases preceding removed adapters:
  A: 26.2%
  C: 24.6%
  G: 23.6%
  T: 25.6%
  none/other: 0.0%

Overview of removed sequences
length	count	expect	max.err	error counts
3	34126	49237.8	0	34126
4	12687	12309.5	0	12687
5	2969	3077.4	0	2969
6	577	769.3	0	577
7	138	192.3	0	138
8	37	48.1	0	37
9	155	12.0	0	15 140
10	190	3.0	1	6 184
11	52	0.8	1	1 51
12	10	0.2	1	0 10
13	4	0.0	1	0 4
14	2	0.0	1	0 2
108	1	0.0	3	0 0 0 1
111	1	0.0	3	1
124	1	0.0	3	0 0 0 1
151	2	0.0	3	0 0 0 2


=== Second read: Adapter PrefixPE/2 ===

Sequence: GTGACTGGAGTTCAGACGTGTGCTCTTCCGATCT; Type: regular 3'; Length: 34; Trimmed: 60584 times

No. of allowed errors:
0-9 bp: 0; 10-19 bp: 1; 20-29 bp: 2; 30-34 bp: 3

Bases preceding removed adapters:
  A: 25.2%
  C: 17.0%
  G: 27.6%
  T: 30.3%
  none/other: 0.0%

Overview of removed sequences
length	count	expect	max.err	error counts
3	47355	49237.8	0	47355
4	10613	12309.5	0	10613
5	1797	3077.4	0	1797
6	455	769.3	0	455
7	123	192.3	0	123
8	31	48.1	0	31
9	84	12.0	0	4 80
10	72	3.0	1	2 70
11	41	0.8	1	0 41
12	8	0.2	1	0 8
13	1	0.0	1	0 1
14	1	0.0	1	0 1
34	1	0.0	3	0 0 0 1
87	1	0.0	3	1
99	1	0.0	3	0 0 0 1
