This is cutadapt 2.9 with Python 3.6.6
Command line parameters: --interleaved -a file:/nas02/apps/trimmomatic-0.36/Trimmomatic-0.36/adapters/TruSeq3-PE.fa -A file:/nas02/apps/trimmomatic-0.36/Trimmomatic-0.36/adapters/TruSeq3-PE.fa -m 30 /nas/longleaf/home/zpopkinh/Pvivax_resources/wgs_pe_improved_global/fastq/SRS693489/SRR1565049_1.fastq.gz /nas/longleaf/home/zpopkinh/Pvivax_resources/wgs_pe_improved_global/fastq/SRS693489/SRR1565049_2.fastq.gz
Processing reads on 1 core in paired-end mode ...
Finished in 1.02 s (49 us/read; 1.23 M reads/minute).

=== Summary ===

Total read pairs processed:             20,908
  Read 1 with adapter:                     679 (3.2%)
  Read 2 with adapter:                     726 (3.5%)
Pairs written (passing filters):        20,908 (100.0%)

Total basepairs processed:     4,223,416 bp
  Read 1:     2,111,708 bp
  Read 2:     2,111,708 bp
Total written (filtered):      4,218,598 bp (99.9%)
  Read 1:     2,109,373 bp
  Read 2:     2,109,225 bp

=== First read: Adapter PrefixPE/1 ===

Sequence: TACACTCTTTCCCTACACGACGCTCTTCCGATCT; Type: regular 3'; Length: 34; Trimmed: 370 times

No. of allowed errors:
0-9 bp: 0; 10-19 bp: 1; 20-29 bp: 2; 30-34 bp: 3

Bases preceding removed adapters:
  A: 25.9%
  C: 24.1%
  G: 25.1%
  T: 24.9%
  none/other: 0.0%

Overview of removed sequences
length	count	expect	max.err	error counts
3	236	326.7	0	236
4	105	81.7	0	105
5	20	20.4	0	20
6	1	5.1	0	1
7	3	1.3	0	3
9	2	0.1	0	0 2
10	3	0.0	1	0 3


=== First read: Adapter PrefixPE/2 ===

Sequence: GTGACTGGAGTTCAGACGTGTGCTCTTCCGATCT; Type: regular 3'; Length: 34; Trimmed: 309 times

No. of allowed errors:
0-9 bp: 0; 10-19 bp: 1; 20-29 bp: 2; 30-34 bp: 3

Bases preceding removed adapters:
  A: 29.1%
  C: 11.7%
  G: 23.0%
  T: 36.2%
  none/other: 0.0%

Overview of removed sequences
length	count	expect	max.err	error counts
3	231	326.7	0	231
4	65	81.7	0	65
5	8	20.4	0	8
6	3	5.1	0	3
9	1	0.1	0	0 1
12	1	0.0	1	0 1


=== Second read: Adapter PrefixPE/1 ===

Sequence: TACACTCTTTCCCTACACGACGCTCTTCCGATCT; Type: regular 3'; Length: 34; Trimmed: 307 times

No. of allowed errors:
0-9 bp: 0; 10-19 bp: 1; 20-29 bp: 2; 30-34 bp: 3

Bases preceding removed adapters:
  A: 27.4%
  C: 24.4%
  G: 21.2%
  T: 27.0%
  none/other: 0.0%

Overview of removed sequences
length	count	expect	max.err	error counts
3	185	326.7	0	185
4	90	81.7	0	90
5	19	20.4	0	19
6	3	5.1	0	3
7	1	1.3	0	1
9	1	0.1	0	0 1
10	6	0.0	1	0 6
11	2	0.0	1	0 2


=== Second read: Adapter PrefixPE/2 ===

Sequence: GTGACTGGAGTTCAGACGTGTGCTCTTCCGATCT; Type: regular 3'; Length: 34; Trimmed: 419 times

No. of allowed errors:
0-9 bp: 0; 10-19 bp: 1; 20-29 bp: 2; 30-34 bp: 3

Bases preceding removed adapters:
  A: 27.4%
  C: 28.9%
  G: 15.8%
  T: 27.9%
  none/other: 0.0%

Overview of removed sequences
length	count	expect	max.err	error counts
3	339	326.7	0	339
4	67	81.7	0	67
5	11	20.4	0	11
8	1	0.3	0	1
9	1	0.1	0	0 1
