This is cutadapt 2.9 with Python 3.6.6
Command line parameters: --interleaved -a file:/nas02/apps/trimmomatic-0.36/Trimmomatic-0.36/adapters/TruSeq3-PE.fa -A file:/nas02/apps/trimmomatic-0.36/Trimmomatic-0.36/adapters/TruSeq3-PE.fa -m 30 /nas/longleaf/home/zpopkinh/Pvivax_resources/wgs_pe_improved_global/fastq/ERS3516647/ERR3439114_1.fastq.gz /nas/longleaf/home/zpopkinh/Pvivax_resources/wgs_pe_improved_global/fastq/ERS3516647/ERR3439114_2.fastq.gz
Processing reads on 1 core in paired-end mode ...
Finished in 2.50 s (51 us/read; 1.18 M reads/minute).

=== Summary ===

Total read pairs processed:             49,383
  Read 1 with adapter:                   1,051 (2.1%)
  Read 2 with adapter:                     832 (1.7%)
Pairs written (passing filters):        49,383 (100.0%)

Total basepairs processed:    14,814,900 bp
  Read 1:     7,407,450 bp
  Read 2:     7,407,450 bp
Total written (filtered):     14,808,297 bp (100.0%)
  Read 1:     7,403,893 bp
  Read 2:     7,404,404 bp

=== First read: Adapter PrefixPE/1 ===

Sequence: TACACTCTTTCCCTACACGACGCTCTTCCGATCT; Type: regular 3'; Length: 34; Trimmed: 682 times

No. of allowed errors:
0-9 bp: 0; 10-19 bp: 1; 20-29 bp: 2; 30-34 bp: 3

Bases preceding removed adapters:
  A: 74.5%
  C: 9.2%
  G: 6.9%
  T: 9.4%
  none/other: 0.0%

Overview of removed sequences
length	count	expect	max.err	error counts
3	513	771.6	0	513
4	122	192.9	0	122
5	27	48.2	0	27
6	2	12.1	0	2
9	18	0.2	0	1 17


=== First read: Adapter PrefixPE/2 ===

Sequence: GTGACTGGAGTTCAGACGTGTGCTCTTCCGATCT; Type: regular 3'; Length: 34; Trimmed: 369 times

No. of allowed errors:
0-9 bp: 0; 10-19 bp: 1; 20-29 bp: 2; 30-34 bp: 3

Bases preceding removed adapters:
  A: 12.2%
  C: 6.8%
  G: 38.8%
  T: 42.3%
  none/other: 0.0%

Overview of removed sequences
length	count	expect	max.err	error counts
3	264	771.6	0	264
4	96	192.9	0	96
5	9	48.2	0	9


=== Second read: Adapter PrefixPE/1 ===

Sequence: TACACTCTTTCCCTACACGACGCTCTTCCGATCT; Type: regular 3'; Length: 34; Trimmed: 350 times

No. of allowed errors:
0-9 bp: 0; 10-19 bp: 1; 20-29 bp: 2; 30-34 bp: 3

Bases preceding removed adapters:
  A: 25.4%
  C: 14.0%
  G: 42.0%
  T: 18.6%
  none/other: 0.0%

Overview of removed sequences
length	count	expect	max.err	error counts
3	176	771.6	0	176
4	72	192.9	0	72
5	6	48.2	0	6
6	93	12.1	0	93
7	1	3.0	0	1
8	1	0.8	0	1
11	1	0.0	1	0 1


=== Second read: Adapter PrefixPE/2 ===

Sequence: GTGACTGGAGTTCAGACGTGTGCTCTTCCGATCT; Type: regular 3'; Length: 34; Trimmed: 482 times

No. of allowed errors:
0-9 bp: 0; 10-19 bp: 1; 20-29 bp: 2; 30-34 bp: 3

Bases preceding removed adapters:
  A: 18.5%
  C: 19.3%
  G: 36.9%
  T: 25.3%
  none/other: 0.0%

Overview of removed sequences
length	count	expect	max.err	error counts
3	365	771.6	0	365
4	81	192.9	0	81
5	30	48.2	0	30
6	1	12.1	0	1
7	2	3.0	0	2
8	1	0.8	0	1
9	1	0.2	0	1
10	1	0.0	1	0 1
