This is cutadapt 2.9 with Python 3.6.6
Command line parameters: --interleaved -a file:/nas02/apps/trimmomatic-0.36/Trimmomatic-0.36/adapters/TruSeq3-PE.fa -A file:/nas02/apps/trimmomatic-0.36/Trimmomatic-0.36/adapters/TruSeq3-PE.fa -m 30 /nas/longleaf/home/zpopkinh/Pvivax_resources/wgs_pe_improved_global/fastq/ERR5740811/ERR5740811_1.fastq.gz /nas/longleaf/home/zpopkinh/Pvivax_resources/wgs_pe_improved_global/fastq/ERR5740811/ERR5740811_2.fastq.gz
Processing reads on 1 core in paired-end mode ...
Finished in 444.34 s (136 us/read; 0.44 M reads/minute).

=== Summary ===

Total read pairs processed:          3,269,704
  Read 1 with adapter:                 120,336 (3.7%)
  Read 2 with adapter:                 117,472 (3.6%)
Pairs written (passing filters):     3,269,701 (100.0%)

Total basepairs processed:   987,450,608 bp
  Read 1:   493,725,304 bp
  Read 2:   493,725,304 bp
Total written (filtered):    986,643,010 bp (99.9%)
  Read 1:   493,316,898 bp
  Read 2:   493,326,112 bp

=== First read: Adapter PrefixPE/1 ===

Sequence: TACACTCTTTCCCTACACGACGCTCTTCCGATCT; Type: regular 3'; Length: 34; Trimmed: 62424 times

No. of allowed errors:
0-9 bp: 0; 10-19 bp: 1; 20-29 bp: 2; 30-34 bp: 3

Bases preceding removed adapters:
  A: 28.8%
  C: 19.4%
  G: 22.7%
  T: 29.1%
  none/other: 0.0%

Overview of removed sequences
length	count	expect	max.err	error counts
3	41328	51089.1	0	41328
4	16291	12772.3	0	16291
5	3314	3193.1	0	3314
6	743	798.3	0	743
7	151	199.6	0	151
8	41	49.9	0	41
9	218	12.5	0	14 204
10	248	3.1	1	3 245
11	68	0.8	1	0 68
12	15	0.2	1	0 15
13	2	0.0	1	1 1
17	1	0.0	1	0 1
62	1	0.0	3	0 0 0 1
94	1	0.0	3	0 0 1
102	1	0.0	3	1
103	1	0.0	3	0 1


=== First read: Adapter PrefixPE/2 ===

Sequence: GTGACTGGAGTTCAGACGTGTGCTCTTCCGATCT; Type: regular 3'; Length: 34; Trimmed: 57912 times

No. of allowed errors:
0-9 bp: 0; 10-19 bp: 1; 20-29 bp: 2; 30-34 bp: 3

Bases preceding removed adapters:
  A: 25.7%
  C: 15.9%
  G: 24.8%
  T: 33.5%
  none/other: 0.0%

Overview of removed sequences
length	count	expect	max.err	error counts
3	44749	51089.1	0	44749
4	10840	12772.3	0	10840
5	1634	3193.1	0	1634
6	409	798.3	0	409
7	117	199.6	0	117
8	19	49.9	0	19
9	59	12.5	0	7 52
10	54	3.1	1	1 53
11	28	0.8	1	0 28
12	2	0.2	1	0 2
13	1	0.0	1	0 1


=== Second read: Adapter PrefixPE/1 ===

Sequence: TACACTCTTTCCCTACACGACGCTCTTCCGATCT; Type: regular 3'; Length: 34; Trimmed: 60380 times

No. of allowed errors:
0-9 bp: 0; 10-19 bp: 1; 20-29 bp: 2; 30-34 bp: 3

Bases preceding removed adapters:
  A: 28.7%
  C: 20.0%
  G: 22.7%
  T: 28.6%
  none/other: 0.0%

Overview of removed sequences
length	count	expect	max.err	error counts
3	39597	51089.1	0	39597
4	16046	12772.3	0	16046
5	3334	3193.1	0	3334
6	659	798.3	0	659
7	139	199.6	0	139
8	48	49.9	0	48
9	215	12.5	0	18 197
10	245	3.1	1	8 237
11	70	0.8	1	2 68
12	18	0.2	1	0 18
13	2	0.0	1	0 2
14	2	0.0	1	0 2
15	2	0.0	1	0 2
118	1	0.0	3	1
148	1	0.0	3	0 0 1
151	1	0.0	3	0 0 0 1


=== Second read: Adapter PrefixPE/2 ===

Sequence: GTGACTGGAGTTCAGACGTGTGCTCTTCCGATCT; Type: regular 3'; Length: 34; Trimmed: 57092 times

No. of allowed errors:
0-9 bp: 0; 10-19 bp: 1; 20-29 bp: 2; 30-34 bp: 3

Bases preceding removed adapters:
  A: 25.1%
  C: 16.9%
  G: 25.5%
  T: 32.5%
  none/other: 0.0%

Overview of removed sequences
length	count	expect	max.err	error counts
3	44496	51089.1	0	44496
4	10186	12772.3	0	10186
5	1640	3193.1	0	1640
6	471	798.3	0	471
7	111	199.6	0	111
8	11	49.9	0	11
9	71	12.5	0	6 65
10	72	3.1	1	1 71
11	24	0.8	1	0 24
12	3	0.2	1	0 3
13	2	0.0	1	1 1
96	1	0.0	3	0 0 1
101	1	0.0	3	0 0 0 1
102	1	0.0	3	1
103	1	0.0	3	0 0 0 1
143	1	0.0	3	0 0 1
