This is cutadapt 2.9 with Python 3.6.6
Command line parameters: --interleaved -a file:/nas02/apps/trimmomatic-0.36/Trimmomatic-0.36/adapters/TruSeq3-PE.fa -A file:/nas02/apps/trimmomatic-0.36/Trimmomatic-0.36/adapters/TruSeq3-PE.fa -m 30 /nas/longleaf/home/zpopkinh/Pvivax_resources/wgs_pe_improved_global/fastq/SRS693580/SRR1562971_1.fastq.gz /nas/longleaf/home/zpopkinh/Pvivax_resources/wgs_pe_improved_global/fastq/SRS693580/SRR1562971_2.fastq.gz
Processing reads on 1 core in paired-end mode ...
Finished in 763.08 s (67 us/read; 0.89 M reads/minute).

=== Summary ===

Total read pairs processed:         11,343,424
  Read 1 with adapter:                 422,850 (3.7%)
  Read 2 with adapter:                 430,618 (3.8%)
Pairs written (passing filters):    11,343,424 (100.0%)

Total basepairs processed: 2,291,371,648 bp
  Read 1: 1,145,685,824 bp
  Read 2: 1,145,685,824 bp
Total written (filtered):  2,288,496,113 bp (99.9%)
  Read 1: 1,144,258,952 bp
  Read 2: 1,144,237,161 bp

=== First read: Adapter PrefixPE/1 ===

Sequence: TACACTCTTTCCCTACACGACGCTCTTCCGATCT; Type: regular 3'; Length: 34; Trimmed: 202526 times

No. of allowed errors:
0-9 bp: 0; 10-19 bp: 1; 20-29 bp: 2; 30-34 bp: 3

Bases preceding removed adapters:
  A: 25.0%
  C: 23.1%
  G: 25.7%
  T: 26.2%
  none/other: 0.0%

Overview of removed sequences
length	count	expect	max.err	error counts
3	136721	177241.0	0	136721
4	48308	44310.2	0	48308
5	12618	11077.6	0	12618
6	2395	2769.4	0	2395
7	585	692.3	0	585
8	132	173.1	0	132
9	579	43.3	0	56 523
10	819	10.8	1	24 795
11	271	2.7	1	0 271
12	70	0.7	1	1 69
13	20	0.2	1	0 20
14	6	0.0	1	0 6
23	1	0.0	2	0 1
26	1	0.0	2	0 1


=== First read: Adapter PrefixPE/2 ===

Sequence: GTGACTGGAGTTCAGACGTGTGCTCTTCCGATCT; Type: regular 3'; Length: 34; Trimmed: 220324 times

No. of allowed errors:
0-9 bp: 0; 10-19 bp: 1; 20-29 bp: 2; 30-34 bp: 3

Bases preceding removed adapters:
  A: 23.3%
  C: 19.1%
  G: 27.1%
  T: 30.4%
  none/other: 0.0%

Overview of removed sequences
length	count	expect	max.err	error counts
3	171942	177241.0	0	171942
4	39099	44310.2	0	39099
5	6895	11077.6	0	6895
6	1534	2769.4	0	1534
7	326	692.3	0	326
8	37	173.1	0	37
9	233	43.3	0	11 222
10	182	10.8	1	6 176
11	59	2.7	1	1 58
12	15	0.7	1	0 15
13	2	0.2	1	0 2


=== Second read: Adapter PrefixPE/1 ===

Sequence: TACACTCTTTCCCTACACGACGCTCTTCCGATCT; Type: regular 3'; Length: 34; Trimmed: 201123 times

No. of allowed errors:
0-9 bp: 0; 10-19 bp: 1; 20-29 bp: 2; 30-34 bp: 3

Bases preceding removed adapters:
  A: 25.2%
  C: 22.8%
  G: 25.9%
  T: 26.1%
  none/other: 0.0%

Overview of removed sequences
length	count	expect	max.err	error counts
3	135724	177241.0	0	135724
4	48364	44310.2	0	48364
5	12277	11077.6	0	12277
6	2339	2769.4	0	2339
7	593	692.3	0	593
8	123	173.1	0	123
9	586	43.3	0	63 523
10	783	10.8	1	20 763
11	257	2.7	1	0 257
12	50	0.7	1	4 46
13	21	0.2	1	1 20
14	4	0.0	1	0 4
15	1	0.0	1	0 1
30	1	0.0	3	0 0 0 1


=== Second read: Adapter PrefixPE/2 ===

Sequence: GTGACTGGAGTTCAGACGTGTGCTCTTCCGATCT; Type: regular 3'; Length: 34; Trimmed: 229495 times

No. of allowed errors:
0-9 bp: 0; 10-19 bp: 1; 20-29 bp: 2; 30-34 bp: 3

Bases preceding removed adapters:
  A: 23.3%
  C: 21.5%
  G: 25.7%
  T: 29.4%
  none/other: 0.0%

Overview of removed sequences
length	count	expect	max.err	error counts
3	181840	177241.0	0	181840
4	38313	44310.2	0	38313
5	6848	11077.6	0	6848
6	1553	2769.4	0	1553
7	312	692.3	0	312
8	54	173.1	0	54
9	266	43.3	0	12 254
10	214	10.8	1	8 206
11	81	2.7	1	0 81
12	10	0.7	1	0 10
13	3	0.2	1	0 3
46	1	0.0	3	0 0 0 1
