This is cutadapt 2.9 with Python 3.6.6
Command line parameters: --interleaved -a file:/nas02/apps/trimmomatic-0.36/Trimmomatic-0.36/adapters/TruSeq3-PE.fa -A file:/nas02/apps/trimmomatic-0.36/Trimmomatic-0.36/adapters/TruSeq3-PE.fa -m 30 /nas/longleaf/home/zpopkinh/Pvivax_resources/wgs_pe_improved_global/fastq/SRS694243/SRR1565012_1.fastq.gz /nas/longleaf/home/zpopkinh/Pvivax_resources/wgs_pe_improved_global/fastq/SRS694243/SRR1565012_2.fastq.gz
Processing reads on 1 core in paired-end mode ...
Finished in 0.59 s (46 us/read; 1.30 M reads/minute).

=== Summary ===

Total read pairs processed:             12,676
  Read 1 with adapter:                     398 (3.1%)
  Read 2 with adapter:                     480 (3.8%)
Pairs written (passing filters):        12,676 (100.0%)

Total basepairs processed:     2,560,552 bp
  Read 1:     1,280,276 bp
  Read 2:     1,280,276 bp
Total written (filtered):      2,557,578 bp (99.9%)
  Read 1:     1,278,897 bp
  Read 2:     1,278,681 bp

=== First read: Adapter PrefixPE/1 ===

Sequence: TACACTCTTTCCCTACACGACGCTCTTCCGATCT; Type: regular 3'; Length: 34; Trimmed: 199 times

No. of allowed errors:
0-9 bp: 0; 10-19 bp: 1; 20-29 bp: 2; 30-34 bp: 3

Bases preceding removed adapters:
  A: 31.2%
  C: 22.6%
  G: 22.6%
  T: 23.6%
  none/other: 0.0%

Overview of removed sequences
length	count	expect	max.err	error counts
3	128	198.1	0	128
4	56	49.5	0	56
5	9	12.4	0	9
6	1	3.1	0	1
8	1	0.2	0	1
9	1	0.0	0	0 1
10	3	0.0	1	0 3


=== First read: Adapter PrefixPE/2 ===

Sequence: GTGACTGGAGTTCAGACGTGTGCTCTTCCGATCT; Type: regular 3'; Length: 34; Trimmed: 199 times

No. of allowed errors:
0-9 bp: 0; 10-19 bp: 1; 20-29 bp: 2; 30-34 bp: 3

Bases preceding removed adapters:
  A: 18.6%
  C: 20.6%
  G: 24.1%
  T: 36.7%
  none/other: 0.0%

Overview of removed sequences
length	count	expect	max.err	error counts
3	147	198.1	0	147
4	39	49.5	0	39
5	8	12.4	0	8
6	3	3.1	0	3
7	1	0.8	0	1
11	1	0.0	1	0 1


=== Second read: Adapter PrefixPE/1 ===

Sequence: TACACTCTTTCCCTACACGACGCTCTTCCGATCT; Type: regular 3'; Length: 34; Trimmed: 212 times

No. of allowed errors:
0-9 bp: 0; 10-19 bp: 1; 20-29 bp: 2; 30-34 bp: 3

Bases preceding removed adapters:
  A: 29.2%
  C: 24.5%
  G: 17.9%
  T: 28.3%
  none/other: 0.0%

Overview of removed sequences
length	count	expect	max.err	error counts
3	151	198.1	0	151
4	51	49.5	0	51
5	8	12.4	0	8
9	1	0.0	0	0 1
11	1	0.0	1	0 1


=== Second read: Adapter PrefixPE/2 ===

Sequence: GTGACTGGAGTTCAGACGTGTGCTCTTCCGATCT; Type: regular 3'; Length: 34; Trimmed: 268 times

No. of allowed errors:
0-9 bp: 0; 10-19 bp: 1; 20-29 bp: 2; 30-34 bp: 3

Bases preceding removed adapters:
  A: 24.6%
  C: 26.9%
  G: 24.3%
  T: 24.3%
  none/other: 0.0%

Overview of removed sequences
length	count	expect	max.err	error counts
3	212	198.1	0	212
4	46	49.5	0	46
5	4	12.4	0	4
6	4	3.1	0	4
7	2	0.8	0	2
