This is cutadapt 2.9 with Python 3.6.6
Command line parameters: --interleaved -a file:/nas02/apps/trimmomatic-0.36/Trimmomatic-0.36/adapters/TruSeq3-PE.fa -A file:/nas02/apps/trimmomatic-0.36/Trimmomatic-0.36/adapters/TruSeq3-PE.fa -m 30 /nas/longleaf/home/zpopkinh/Pvivax_resources/wgs_pe_improved_global/fastq/SRS3371816/SRR7255040_1.fastq.gz /nas/longleaf/home/zpopkinh/Pvivax_resources/wgs_pe_improved_global/fastq/SRS3371816/SRR7255040_2.fastq.gz
Processing reads on 1 core in paired-end mode ...
Finished in 5.11 s (56 us/read; 1.07 M reads/minute).

=== Summary ===

Total read pairs processed:             91,549
  Read 1 with adapter:                   5,622 (6.1%)
  Read 2 with adapter:                   5,698 (6.2%)
Pairs written (passing filters):        91,530 (100.0%)

Total basepairs processed:    22,971,888 bp
  Read 1:    11,477,871 bp
  Read 2:    11,494,017 bp
Total written (filtered):     22,932,457 bp (99.8%)
  Read 1:    11,458,376 bp
  Read 2:    11,474,081 bp

=== First read: Adapter PrefixPE/1 ===

Sequence: TACACTCTTTCCCTACACGACGCTCTTCCGATCT; Type: regular 3'; Length: 34; Trimmed: 4032 times

No. of allowed errors:
0-9 bp: 0; 10-19 bp: 1; 20-29 bp: 2; 30-34 bp: 3

Bases preceding removed adapters:
  A: 45.0%
  C: 14.0%
  G: 25.2%
  T: 15.7%
  none/other: 0.0%

Overview of removed sequences
length	count	expect	max.err	error counts
3	3051	1430.5	0	3051
4	462	357.6	0	462
5	472	89.4	0	472
6	26	22.4	0	26
7	7	5.6	0	7
8	3	1.4	0	3
9	1	0.3	0	0 1
10	5	0.1	1	2 3
11	4	0.0	1	0 4
13	1	0.0	1	0 1


=== First read: Adapter PrefixPE/2 ===

Sequence: GTGACTGGAGTTCAGACGTGTGCTCTTCCGATCT; Type: regular 3'; Length: 34; Trimmed: 1590 times

No. of allowed errors:
0-9 bp: 0; 10-19 bp: 1; 20-29 bp: 2; 30-34 bp: 3

Bases preceding removed adapters:
  A: 25.2%
  C: 16.3%
  G: 23.6%
  T: 34.9%
  none/other: 0.0%

Overview of removed sequences
length	count	expect	max.err	error counts
3	1233	1430.5	0	1233
4	273	357.6	0	273
5	62	89.4	0	62
6	9	22.4	0	9
7	3	5.6	0	3
8	2	1.4	0	2
9	6	0.3	0	0 6
10	2	0.1	1	0 2


=== Second read: Adapter PrefixPE/1 ===

Sequence: TACACTCTTTCCCTACACGACGCTCTTCCGATCT; Type: regular 3'; Length: 34; Trimmed: 3986 times

No. of allowed errors:
0-9 bp: 0; 10-19 bp: 1; 20-29 bp: 2; 30-34 bp: 3

Bases preceding removed adapters:
  A: 42.6%
  C: 14.4%
  G: 25.3%
  T: 17.6%
  none/other: 0.0%

Overview of removed sequences
length	count	expect	max.err	error counts
3	2995	1430.5	0	2995
4	477	357.6	0	477
5	474	89.4	0	474
6	25	22.4	0	25
7	8	5.6	0	8
8	1	1.4	0	1
9	2	0.3	0	0 2
10	4	0.1	1	0 4


=== Second read: Adapter PrefixPE/2 ===

Sequence: GTGACTGGAGTTCAGACGTGTGCTCTTCCGATCT; Type: regular 3'; Length: 34; Trimmed: 1712 times

No. of allowed errors:
0-9 bp: 0; 10-19 bp: 1; 20-29 bp: 2; 30-34 bp: 3

Bases preceding removed adapters:
  A: 25.8%
  C: 15.6%
  G: 23.1%
  T: 35.6%
  none/other: 0.0%

Overview of removed sequences
length	count	expect	max.err	error counts
3	1343	1430.5	0	1343
4	299	357.6	0	299
5	54	89.4	0	54
6	6	22.4	0	6
7	1	5.6	0	1
8	1	1.4	0	1
9	4	0.3	0	0 4
10	4	0.1	1	0 4
