This is cutadapt 2.9 with Python 3.6.6
Command line parameters: --interleaved -a file:/nas02/apps/trimmomatic-0.36/Trimmomatic-0.36/adapters/TruSeq3-PE.fa -A file:/nas02/apps/trimmomatic-0.36/Trimmomatic-0.36/adapters/TruSeq3-PE.fa -m 30 /nas/longleaf/home/zpopkinh/Pvivax_resources/wgs_pe_improved_global/fastq/SRS3371816/SRR7255041_1.fastq.gz /nas/longleaf/home/zpopkinh/Pvivax_resources/wgs_pe_improved_global/fastq/SRS3371816/SRR7255041_2.fastq.gz
Processing reads on 1 core in paired-end mode ...
Finished in 643.96 s (122 us/read; 0.49 M reads/minute).

=== Summary ===

Total read pairs processed:          5,263,424
  Read 1 with adapter:                 322,672 (6.1%)
  Read 2 with adapter:                 323,696 (6.1%)
Pairs written (passing filters):     5,262,176 (100.0%)

Total basepairs processed: 1,379,260,980 bp
  Read 1:   689,410,252 bp
  Read 2:   689,850,728 bp
Total written (filtered):  1,377,012,917 bp (99.8%)
  Read 1:   688,286,510 bp
  Read 2:   688,726,407 bp

=== First read: Adapter PrefixPE/1 ===

Sequence: TACACTCTTTCCCTACACGACGCTCTTCCGATCT; Type: regular 3'; Length: 34; Trimmed: 213971 times

No. of allowed errors:
0-9 bp: 0; 10-19 bp: 1; 20-29 bp: 2; 30-34 bp: 3

Bases preceding removed adapters:
  A: 41.4%
  C: 14.4%
  G: 27.4%
  T: 16.9%
  none/other: 0.0%

Overview of removed sequences
length	count	expect	max.err	error counts
3	154332	82241.0	0	154332
4	29506	20560.2	0	29506
5	27824	5140.1	0	27824
6	1364	1285.0	0	1364
7	482	321.3	0	482
8	45	80.3	0	45
9	128	20.1	0	9 119
10	206	5.0	1	4 202
11	60	1.3	1	1 59
12	11	0.3	1	0 11
13	9	0.1	1	0 9
14	2	0.0	1	0 2
15	2	0.0	1	0 2


=== First read: Adapter PrefixPE/2 ===

Sequence: GTGACTGGAGTTCAGACGTGTGCTCTTCCGATCT; Type: regular 3'; Length: 34; Trimmed: 108701 times

No. of allowed errors:
0-9 bp: 0; 10-19 bp: 1; 20-29 bp: 2; 30-34 bp: 3

Bases preceding removed adapters:
  A: 21.3%
  C: 16.8%
  G: 22.5%
  T: 39.4%
  none/other: 0.0%

Overview of removed sequences
length	count	expect	max.err	error counts
3	89290	82241.0	0	89290
4	14960	20560.2	0	14960
5	3343	5140.1	0	3343
6	640	1285.0	0	640
7	91	321.3	0	91
8	24	80.3	0	24
9	207	20.1	0	1 206
10	113	5.0	1	3 110
11	29	1.3	1	0 29
12	2	0.3	1	0 2
13	2	0.1	1	0 2


=== Second read: Adapter PrefixPE/1 ===

Sequence: TACACTCTTTCCCTACACGACGCTCTTCCGATCT; Type: regular 3'; Length: 34; Trimmed: 210750 times

No. of allowed errors:
0-9 bp: 0; 10-19 bp: 1; 20-29 bp: 2; 30-34 bp: 3

Bases preceding removed adapters:
  A: 41.4%
  C: 14.1%
  G: 27.6%
  T: 16.9%
  none/other: 0.0%

Overview of removed sequences
length	count	expect	max.err	error counts
3	153242	82241.0	0	153242
4	27918	20560.2	0	27918
5	27381	5140.1	0	27381
6	1271	1285.0	0	1271
7	481	321.3	0	481
8	56	80.3	0	56
9	129	20.1	0	7 122
10	201	5.0	1	4 197
11	42	1.3	1	0 42
12	19	0.3	1	0 19
13	8	0.1	1	0 8
14	2	0.0	1	0 2


=== Second read: Adapter PrefixPE/2 ===

Sequence: GTGACTGGAGTTCAGACGTGTGCTCTTCCGATCT; Type: regular 3'; Length: 34; Trimmed: 112946 times

No. of allowed errors:
0-9 bp: 0; 10-19 bp: 1; 20-29 bp: 2; 30-34 bp: 3

Bases preceding removed adapters:
  A: 21.1%
  C: 16.3%
  G: 23.3%
  T: 39.3%
  none/other: 0.0%

Overview of removed sequences
length	count	expect	max.err	error counts
3	93538	82241.0	0	93538
4	14718	20560.2	0	14718
5	3618	5140.1	0	3618
6	601	1285.0	0	601
7	88	321.3	0	88
8	22	80.3	0	22
9	180	20.1	0	5 175
10	141	5.0	1	3 138
11	32	1.3	1	0 32
12	7	0.3	1	0 7
13	1	0.1	1	0 1
