This is cutadapt 2.9 with Python 3.6.6
Command line parameters: --interleaved -a file:/nas02/apps/trimmomatic-0.36/Trimmomatic-0.36/adapters/TruSeq3-PE.fa -A file:/nas02/apps/trimmomatic-0.36/Trimmomatic-0.36/adapters/TruSeq3-PE.fa -m 30 /nas/longleaf/home/zpopkinh/Pvivax_resources/wgs_pe_improved_global/fastq/ERS333055/ERR351959_1.fastq.gz /nas/longleaf/home/zpopkinh/Pvivax_resources/wgs_pe_improved_global/fastq/ERS333055/ERR351959_2.fastq.gz
Processing reads on 1 core in paired-end mode ...
Finished in 1783.80 s (108 us/read; 0.56 M reads/minute).

=== Summary ===

Total read pairs processed:         16,560,868
  Read 1 with adapter:                 610,198 (3.7%)
  Read 2 with adapter:                 605,230 (3.7%)
Pairs written (passing filters):    16,560,863 (100.0%)

Total basepairs processed: 3,312,173,600 bp
  Read 1: 1,656,086,800 bp
  Read 2: 1,656,086,800 bp
Total written (filtered):  3,308,106,724 bp (99.9%)
  Read 1: 1,654,044,801 bp
  Read 2: 1,654,061,923 bp

=== First read: Adapter PrefixPE/1 ===

Sequence: TACACTCTTTCCCTACACGACGCTCTTCCGATCT; Type: regular 3'; Length: 34; Trimmed: 285678 times

No. of allowed errors:
0-9 bp: 0; 10-19 bp: 1; 20-29 bp: 2; 30-34 bp: 3

Bases preceding removed adapters:
  A: 27.7%
  C: 18.7%
  G: 24.7%
  T: 28.9%
  none/other: 0.0%

Overview of removed sequences
length	count	expect	max.err	error counts
3	199922	258763.6	0	199922
4	64737	64690.9	0	64737
5	15315	16172.7	0	15315
6	3084	4043.2	0	3084
7	696	1010.8	0	696
8	169	252.7	0	169
9	598	63.2	0	45 553
10	732	15.8	1	22 710
11	283	3.9	1	4 279
12	97	1.0	1	0 97
13	15	0.2	1	0 15
14	6	0.1	1	1 5
15	1	0.0	1	0 1
16	1	0.0	1	0 1
19	1	0.0	1	0 1
22	1	0.0	2	0 0 1
23	1	0.0	2	0 0 1
29	7	0.0	2	6 0 1
30	1	0.0	3	1
42	1	0.0	3	0 0 1
47	1	0.0	3	0 0 0 1
48	1	0.0	3	0 0 0 1
52	1	0.0	3	1
53	1	0.0	3	0 1
63	1	0.0	3	0 1
83	3	0.0	3	0 3
95	2	0.0	3	1 1


=== First read: Adapter PrefixPE/2 ===

Sequence: GTGACTGGAGTTCAGACGTGTGCTCTTCCGATCT; Type: regular 3'; Length: 34; Trimmed: 324520 times

No. of allowed errors:
0-9 bp: 0; 10-19 bp: 1; 20-29 bp: 2; 30-34 bp: 3

Bases preceding removed adapters:
  A: 19.8%
  C: 23.0%
  G: 26.9%
  T: 30.4%
  none/other: 0.0%

Overview of removed sequences
length	count	expect	max.err	error counts
3	254728	258763.6	0	254728
4	56349	64690.9	0	56349
5	10368	16172.7	0	10368
6	1717	4043.2	0	1717
7	456	1010.8	0	456
8	108	252.7	0	108
9	332	63.2	0	33 299
10	293	15.8	1	6 287
11	136	3.9	1	1 135
12	30	1.0	1	0 30
13	3	0.2	1	0 3


=== Second read: Adapter PrefixPE/1 ===

Sequence: TACACTCTTTCCCTACACGACGCTCTTCCGATCT; Type: regular 3'; Length: 34; Trimmed: 284143 times

No. of allowed errors:
0-9 bp: 0; 10-19 bp: 1; 20-29 bp: 2; 30-34 bp: 3

Bases preceding removed adapters:
  A: 28.4%
  C: 18.8%
  G: 24.3%
  T: 28.5%
  none/other: 0.0%

Overview of removed sequences
length	count	expect	max.err	error counts
3	198757	258763.6	0	198757
4	64963	64690.9	0	64963
5	14959	16172.7	0	14959
6	3006	4043.2	0	3006
7	626	1010.8	0	626
8	157	252.7	0	157
9	562	63.2	0	38 524
10	690	15.8	1	19 671
11	294	3.9	1	7 287
12	95	1.0	1	1 94
13	20	0.2	1	2 18
14	10	0.1	1	0 10
15	3	0.0	1	0 3
17	1	0.0	1	0 1


=== Second read: Adapter PrefixPE/2 ===

Sequence: GTGACTGGAGTTCAGACGTGTGCTCTTCCGATCT; Type: regular 3'; Length: 34; Trimmed: 321087 times

No. of allowed errors:
0-9 bp: 0; 10-19 bp: 1; 20-29 bp: 2; 30-34 bp: 3

Bases preceding removed adapters:
  A: 20.2%
  C: 22.9%
  G: 26.9%
  T: 29.9%
  none/other: 0.0%

Overview of removed sequences
length	count	expect	max.err	error counts
3	251638	258763.6	0	251638
4	56154	64690.9	0	56154
5	10201	16172.7	0	10201
6	1674	4043.2	0	1674
7	483	1010.8	0	483
8	116	252.7	0	116
9	346	63.2	0	28 318
10	294	15.8	1	3 291
11	135	3.9	1	0 135
12	37	1.0	1	0 37
13	6	0.2	1	0 6
14	3	0.1	1	0 3
