This is cutadapt 2.9 with Python 3.6.6
Command line parameters: --interleaved -a file:/nas02/apps/trimmomatic-0.36/Trimmomatic-0.36/adapters/TruSeq3-PE.fa -A file:/nas02/apps/trimmomatic-0.36/Trimmomatic-0.36/adapters/TruSeq3-PE.fa -m 30 /nas/longleaf/home/zpopkinh/Pvivax_resources/wgs_pe_improved_global/fastq/SRS693957/SRR1565127_1.fastq.gz /nas/longleaf/home/zpopkinh/Pvivax_resources/wgs_pe_improved_global/fastq/SRS693957/SRR1565127_2.fastq.gz
Processing reads on 1 core in paired-end mode ...
Finished in 0.61 s (49 us/read; 1.22 M reads/minute).

=== Summary ===

Total read pairs processed:             12,513
  Read 1 with adapter:                     377 (3.0%)
  Read 2 with adapter:                     460 (3.7%)
Pairs written (passing filters):        12,511 (100.0%)

Total basepairs processed:     2,527,626 bp
  Read 1:     1,263,813 bp
  Read 2:     1,263,813 bp
Total written (filtered):      2,524,348 bp (99.9%)
  Read 1:     1,262,311 bp
  Read 2:     1,262,037 bp

=== First read: Adapter PrefixPE/1 ===

Sequence: TACACTCTTTCCCTACACGACGCTCTTCCGATCT; Type: regular 3'; Length: 34; Trimmed: 187 times

No. of allowed errors:
0-9 bp: 0; 10-19 bp: 1; 20-29 bp: 2; 30-34 bp: 3

Bases preceding removed adapters:
  A: 24.1%
  C: 28.9%
  G: 18.7%
  T: 28.3%
  none/other: 0.0%

Overview of removed sequences
length	count	expect	max.err	error counts
3	116	195.5	0	116
4	50	48.9	0	50
5	14	12.2	0	14
6	3	3.1	0	3
7	1	0.8	0	1
9	1	0.0	0	1
10	2	0.0	1	0 2


=== First read: Adapter PrefixPE/2 ===

Sequence: GTGACTGGAGTTCAGACGTGTGCTCTTCCGATCT; Type: regular 3'; Length: 34; Trimmed: 190 times

No. of allowed errors:
0-9 bp: 0; 10-19 bp: 1; 20-29 bp: 2; 30-34 bp: 3

Bases preceding removed adapters:
  A: 30.0%
  C: 10.5%
  G: 22.6%
  T: 36.8%
  none/other: 0.0%

Overview of removed sequences
length	count	expect	max.err	error counts
3	152	195.5	0	152
4	29	48.9	0	29
5	3	12.2	0	3
6	4	3.1	0	4
7	1	0.8	0	1
10	1	0.0	1	1


=== Second read: Adapter PrefixPE/1 ===

Sequence: TACACTCTTTCCCTACACGACGCTCTTCCGATCT; Type: regular 3'; Length: 34; Trimmed: 187 times

No. of allowed errors:
0-9 bp: 0; 10-19 bp: 1; 20-29 bp: 2; 30-34 bp: 3

Bases preceding removed adapters:
  A: 34.8%
  C: 24.1%
  G: 16.0%
  T: 25.1%
  none/other: 0.0%

Overview of removed sequences
length	count	expect	max.err	error counts
3	115	195.5	0	115
4	52	48.9	0	52
5	12	12.2	0	12
6	6	3.1	0	6
10	1	0.0	1	0 1
11	1	0.0	1	0 1


=== Second read: Adapter PrefixPE/2 ===

Sequence: GTGACTGGAGTTCAGACGTGTGCTCTTCCGATCT; Type: regular 3'; Length: 34; Trimmed: 273 times

No. of allowed errors:
0-9 bp: 0; 10-19 bp: 1; 20-29 bp: 2; 30-34 bp: 3

Bases preceding removed adapters:
  A: 26.4%
  C: 23.4%
  G: 19.4%
  T: 30.8%
  none/other: 0.0%

Overview of removed sequences
length	count	expect	max.err	error counts
3	207	195.5	0	207
4	51	48.9	0	51
5	6	12.2	0	6
6	4	3.1	0	4
8	2	0.2	0	2
9	1	0.0	0	0 1
93	2	0.0	3	0 0 0 2
