This is cutadapt 2.9 with Python 3.6.6
Command line parameters: --interleaved -a file:/nas02/apps/trimmomatic-0.36/Trimmomatic-0.36/adapters/TruSeq3-PE.fa -A file:/nas02/apps/trimmomatic-0.36/Trimmomatic-0.36/adapters/TruSeq3-PE.fa -m 30 /nas/longleaf/home/zpopkinh/Pvivax_resources/wgs_pe_improved_global/fastq/SRS693957/SRR1568185_1.fastq.gz /nas/longleaf/home/zpopkinh/Pvivax_resources/wgs_pe_improved_global/fastq/SRS693957/SRR1568185_2.fastq.gz
Processing reads on 1 core in paired-end mode ...
Finished in 888.22 s (66 us/read; 0.91 M reads/minute).

=== Summary ===

Total read pairs processed:         13,446,090
  Read 1 with adapter:                 515,450 (3.8%)
  Read 2 with adapter:                 517,551 (3.8%)
Pairs written (passing filters):    13,446,089 (100.0%)

Total basepairs processed: 2,716,110,180 bp
  Read 1: 1,358,055,090 bp
  Read 2: 1,358,055,090 bp
Total written (filtered):  2,712,636,607 bp (99.9%)
  Read 1: 1,356,319,914 bp
  Read 2: 1,356,316,693 bp

=== First read: Adapter PrefixPE/1 ===

Sequence: TACACTCTTTCCCTACACGACGCTCTTCCGATCT; Type: regular 3'; Length: 34; Trimmed: 254711 times

No. of allowed errors:
0-9 bp: 0; 10-19 bp: 1; 20-29 bp: 2; 30-34 bp: 3

Bases preceding removed adapters:
  A: 25.8%
  C: 22.6%
  G: 24.6%
  T: 27.0%
  none/other: 0.0%

Overview of removed sequences
length	count	expect	max.err	error counts
3	172567	210095.2	0	172567
4	61906	52523.8	0	61906
5	14915	13130.9	0	14915
6	2834	3282.7	0	2834
7	606	820.7	0	606
8	148	205.2	0	148
9	603	51.3	0	56 547
10	777	12.8	1	9 768
11	281	3.2	1	5 276
12	57	0.8	1	1 56
13	13	0.2	1	0 13
14	3	0.1	1	0 3
37	1	0.0	3	0 0 1


=== First read: Adapter PrefixPE/2 ===

Sequence: GTGACTGGAGTTCAGACGTGTGCTCTTCCGATCT; Type: regular 3'; Length: 34; Trimmed: 260739 times

No. of allowed errors:
0-9 bp: 0; 10-19 bp: 1; 20-29 bp: 2; 30-34 bp: 3

Bases preceding removed adapters:
  A: 22.8%
  C: 19.1%
  G: 27.5%
  T: 30.5%
  none/other: 0.0%

Overview of removed sequences
length	count	expect	max.err	error counts
3	204367	210095.2	0	204367
4	45539	52523.8	0	45539
5	7848	13130.9	0	7848
6	1765	3282.7	0	1765
7	479	820.7	0	479
8	83	205.2	0	83
9	312	51.3	0	14 298
10	225	12.8	1	3 222
11	93	3.2	1	2 91
12	24	0.8	1	0 24
13	4	0.2	1	0 4


=== Second read: Adapter PrefixPE/1 ===

Sequence: TACACTCTTTCCCTACACGACGCTCTTCCGATCT; Type: regular 3'; Length: 34; Trimmed: 251287 times

No. of allowed errors:
0-9 bp: 0; 10-19 bp: 1; 20-29 bp: 2; 30-34 bp: 3

Bases preceding removed adapters:
  A: 26.2%
  C: 22.3%
  G: 24.5%
  T: 26.9%
  none/other: 0.0%

Overview of removed sequences
length	count	expect	max.err	error counts
3	170697	210095.2	0	170697
4	60745	52523.8	0	60745
5	14693	13130.9	0	14693
6	2720	3282.7	0	2720
7	566	820.7	0	566
8	165	205.2	0	165
9	554	51.3	0	45 509
10	804	12.8	1	30 774
11	266	3.2	1	3 263
12	44	0.8	1	0 44
13	27	0.2	1	0 27
14	1	0.1	1	0 1
15	4	0.0	1	0 4
42	1	0.0	3	0 1


=== Second read: Adapter PrefixPE/2 ===

Sequence: GTGACTGGAGTTCAGACGTGTGCTCTTCCGATCT; Type: regular 3'; Length: 34; Trimmed: 266264 times

No. of allowed errors:
0-9 bp: 0; 10-19 bp: 1; 20-29 bp: 2; 30-34 bp: 3

Bases preceding removed adapters:
  A: 23.0%
  C: 20.7%
  G: 26.6%
  T: 29.7%
  none/other: 0.0%

Overview of removed sequences
length	count	expect	max.err	error counts
3	210592	210095.2	0	210592
4	44918	52523.8	0	44918
5	7841	13130.9	0	7841
6	1712	3282.7	0	1712
7	462	820.7	0	462
8	102	205.2	0	102
9	266	51.3	0	12 254
10	256	12.8	1	9 247
11	89	3.2	1	1 88
12	22	0.8	1	0 22
13	3	0.2	1	0 3
101	1	0.0	3	0 0 1
