This is cutadapt 2.9 with Python 3.6.6
Command line parameters: --interleaved -a file:/nas02/apps/trimmomatic-0.36/Trimmomatic-0.36/adapters/TruSeq3-PE.fa -A file:/nas02/apps/trimmomatic-0.36/Trimmomatic-0.36/adapters/TruSeq3-PE.fa -m 30 /nas/longleaf/home/zpopkinh/Pvivax_resources/wgs_pe_improved_global/fastq/SRS693957/SRR1564672_1.fastq.gz /nas/longleaf/home/zpopkinh/Pvivax_resources/wgs_pe_improved_global/fastq/SRS693957/SRR1564672_2.fastq.gz
Processing reads on 1 core in paired-end mode ...
Finished in 0.05 s (65 us/read; 0.92 M reads/minute).

=== Summary ===

Total read pairs processed:                835
  Read 1 with adapter:                      24 (2.9%)
  Read 2 with adapter:                      33 (4.0%)
Pairs written (passing filters):           835 (100.0%)

Total basepairs processed:       168,670 bp
  Read 1:        84,335 bp
  Read 2:        84,335 bp
Total written (filtered):        168,478 bp (99.9%)
  Read 1:        84,257 bp
  Read 2:        84,221 bp

=== First read: Adapter PrefixPE/1 ===

Sequence: TACACTCTTTCCCTACACGACGCTCTTCCGATCT; Type: regular 3'; Length: 34; Trimmed: 10 times

No. of allowed errors:
0-9 bp: 0; 10-19 bp: 1; 20-29 bp: 2; 30-34 bp: 3

Bases preceding removed adapters:
  A: 10.0%
  C: 30.0%
  G: 10.0%
  T: 50.0%
  none/other: 0.0%

Overview of removed sequences
length	count	expect	max.err	error counts
3	6	13.0	0	6
4	4	3.3	0	4


=== First read: Adapter PrefixPE/2 ===

Sequence: GTGACTGGAGTTCAGACGTGTGCTCTTCCGATCT; Type: regular 3'; Length: 34; Trimmed: 14 times

No. of allowed errors:
0-9 bp: 0; 10-19 bp: 1; 20-29 bp: 2; 30-34 bp: 3

Bases preceding removed adapters:
  A: 35.7%
  C: 14.3%
  G: 7.1%
  T: 42.9%
  none/other: 0.0%

Overview of removed sequences
length	count	expect	max.err	error counts
3	12	13.0	0	12
4	2	3.3	0	2


=== Second read: Adapter PrefixPE/1 ===

Sequence: TACACTCTTTCCCTACACGACGCTCTTCCGATCT; Type: regular 3'; Length: 34; Trimmed: 14 times

No. of allowed errors:
0-9 bp: 0; 10-19 bp: 1; 20-29 bp: 2; 30-34 bp: 3

Bases preceding removed adapters:
  A: 50.0%
  C: 42.9%
  G: 0.0%
  T: 7.1%
  none/other: 0.0%

Overview of removed sequences
length	count	expect	max.err	error counts
3	9	13.0	0	9
4	4	3.3	0	4
5	1	0.8	0	1


=== Second read: Adapter PrefixPE/2 ===

Sequence: GTGACTGGAGTTCAGACGTGTGCTCTTCCGATCT; Type: regular 3'; Length: 34; Trimmed: 19 times

No. of allowed errors:
0-9 bp: 0; 10-19 bp: 1; 20-29 bp: 2; 30-34 bp: 3

Bases preceding removed adapters:
  A: 21.1%
  C: 26.3%
  G: 15.8%
  T: 36.8%
  none/other: 0.0%

Overview of removed sequences
length	count	expect	max.err	error counts
3	13	13.0	0	13
4	4	3.3	0	4
5	1	0.8	0	1
6	1	0.2	0	1
