This is cutadapt 2.9 with Python 3.6.6
Command line parameters: --interleaved -a file:/nas02/apps/trimmomatic-0.36/Trimmomatic-0.36/adapters/TruSeq3-PE.fa -A file:/nas02/apps/trimmomatic-0.36/Trimmomatic-0.36/adapters/TruSeq3-PE.fa -m 30 /nas/longleaf/home/zpopkinh/Pvivax_resources/new_seqs_2021/fastq/MDP4234/MDP4234_1.fastq.gz /nas/longleaf/home/zpopkinh/Pvivax_resources/new_seqs_2021/fastq/MDP4234/MDP4234_2.fastq.gz
Processing reads on 1 core in paired-end mode ...
Finished in 819.00 s (132 us/read; 0.45 M reads/minute).

=== Summary ===

Total read pairs processed:          6,203,821
  Read 1 with adapter:                 169,551 (2.7%)
  Read 2 with adapter:                 245,375 (4.0%)
Pairs written (passing filters):     6,203,821 (100.0%)

Total basepairs processed: 1,861,146,300 bp
  Read 1:   930,573,150 bp
  Read 2:   930,573,150 bp
Total written (filtered):  1,859,776,576 bp (99.9%)
  Read 1:   930,001,045 bp
  Read 2:   929,775,531 bp

=== First read: Adapter PrefixPE/1 ===

Sequence: TACACTCTTTCCCTACACGACGCTCTTCCGATCT; Type: regular 3'; Length: 34; Trimmed: 85913 times

No. of allowed errors:
0-9 bp: 0; 10-19 bp: 1; 20-29 bp: 2; 30-34 bp: 3

Bases preceding removed adapters:
  A: 26.8%
  C: 21.1%
  G: 23.4%
  T: 28.6%
  none/other: 0.0%

Overview of removed sequences
length	count	expect	max.err	error counts
3	57425	96934.7	0	57425
4	21793	24233.7	0	21793
5	4705	6058.4	0	4705
6	991	1514.6	0	991
7	200	378.7	0	200
8	50	94.7	0	50
9	298	23.7	0	24 274
10	306	5.9	1	12 294
11	110	1.5	1	1 109
12	23	0.4	1	3 20
13	7	0.1	1	0 7
14	3	0.0	1	0 3
15	2	0.0	1	0 2


=== First read: Adapter PrefixPE/2 ===

Sequence: GTGACTGGAGTTCAGACGTGTGCTCTTCCGATCT; Type: regular 3'; Length: 34; Trimmed: 83638 times

No. of allowed errors:
0-9 bp: 0; 10-19 bp: 1; 20-29 bp: 2; 30-34 bp: 3

Bases preceding removed adapters:
  A: 23.2%
  C: 19.1%
  G: 27.0%
  T: 30.7%
  none/other: 0.0%

Overview of removed sequences
length	count	expect	max.err	error counts
3	65723	96934.7	0	65723
4	14657	24233.7	0	14657
5	2354	6058.4	0	2354
6	531	1514.6	0	531
7	135	378.7	0	135
8	22	94.7	0	22
9	95	23.7	0	2 93
10	79	5.9	1	2 77
11	31	1.5	1	1 30
12	7	0.4	1	0 7
13	4	0.1	1	0 4


=== Second read: Adapter PrefixPE/1 ===

Sequence: TACACTCTTTCCCTACACGACGCTCTTCCGATCT; Type: regular 3'; Length: 34; Trimmed: 82738 times

No. of allowed errors:
0-9 bp: 0; 10-19 bp: 1; 20-29 bp: 2; 30-34 bp: 3

Bases preceding removed adapters:
  A: 27.5%
  C: 21.2%
  G: 23.5%
  T: 27.7%
  none/other: 0.0%

Overview of removed sequences
length	count	expect	max.err	error counts
3	55204	96934.7	0	55204
4	21042	24233.7	0	21042
5	4575	6058.4	0	4575
6	945	1514.6	0	945
7	210	378.7	0	210
8	52	94.7	0	52
9	305	23.7	0	20 285
10	277	5.9	1	9 268
11	97	1.5	1	0 97
12	24	0.4	1	0 24
13	6	0.1	1	0 6
14	1	0.0	1	0 1


=== Second read: Adapter PrefixPE/2 ===

Sequence: GTGACTGGAGTTCAGACGTGTGCTCTTCCGATCT; Type: regular 3'; Length: 34; Trimmed: 162637 times

No. of allowed errors:
0-9 bp: 0; 10-19 bp: 1; 20-29 bp: 2; 30-34 bp: 3

Bases preceding removed adapters:
  A: 36.3%
  C: 23.1%
  G: 24.9%
  T: 15.8%
  none/other: 0.0%

Overview of removed sequences
length	count	expect	max.err	error counts
3	145087	96934.7	0	145087
4	14400	24233.7	0	14400
5	2299	6058.4	0	2299
6	513	1514.6	0	513
7	114	378.7	0	114
8	22	94.7	0	22
9	94	23.7	0	7 87
10	82	5.9	1	3 79
11	15	1.5	1	0 15
12	8	0.4	1	0 8
13	1	0.1	1	0 1
40	1	0.0	3	0 1
58	1	0.0	3	0 0 0 1
