This is cutadapt 2.9 with Python 3.6.6
Command line parameters: --interleaved -a file:/nas02/apps/trimmomatic-0.36/Trimmomatic-0.36/adapters/TruSeq3-PE.fa -A file:/nas02/apps/trimmomatic-0.36/Trimmomatic-0.36/adapters/TruSeq3-PE.fa -m 30 /nas/longleaf/home/zpopkinh/Pvivax_resources/wgs_pe_improved_global/fastq/SRS693908/SRR1564977_1.fastq.gz /nas/longleaf/home/zpopkinh/Pvivax_resources/wgs_pe_improved_global/fastq/SRS693908/SRR1564977_2.fastq.gz
Processing reads on 1 core in paired-end mode ...
Finished in 0.88 s (47 us/read; 1.28 M reads/minute).

=== Summary ===

Total read pairs processed:             18,755
  Read 1 with adapter:                     594 (3.2%)
  Read 2 with adapter:                     682 (3.6%)
Pairs written (passing filters):        18,755 (100.0%)

Total basepairs processed:     3,788,510 bp
  Read 1:     1,894,255 bp
  Read 2:     1,894,255 bp
Total written (filtered):      3,784,233 bp (99.9%)
  Read 1:     1,892,224 bp
  Read 2:     1,892,009 bp

=== First read: Adapter PrefixPE/1 ===

Sequence: TACACTCTTTCCCTACACGACGCTCTTCCGATCT; Type: regular 3'; Length: 34; Trimmed: 266 times

No. of allowed errors:
0-9 bp: 0; 10-19 bp: 1; 20-29 bp: 2; 30-34 bp: 3

Bases preceding removed adapters:
  A: 26.3%
  C: 21.4%
  G: 28.9%
  T: 23.3%
  none/other: 0.0%

Overview of removed sequences
length	count	expect	max.err	error counts
3	179	293.0	0	179
4	57	73.3	0	57
5	24	18.3	0	24
6	5	4.6	0	5
7	1	1.1	0	1


=== First read: Adapter PrefixPE/2 ===

Sequence: GTGACTGGAGTTCAGACGTGTGCTCTTCCGATCT; Type: regular 3'; Length: 34; Trimmed: 328 times

No. of allowed errors:
0-9 bp: 0; 10-19 bp: 1; 20-29 bp: 2; 30-34 bp: 3

Bases preceding removed adapters:
  A: 30.8%
  C: 12.5%
  G: 26.8%
  T: 29.9%
  none/other: 0.0%

Overview of removed sequences
length	count	expect	max.err	error counts
3	249	293.0	0	249
4	61	73.3	0	61
5	9	18.3	0	9
6	2	4.6	0	2
7	3	1.1	0	3
9	1	0.1	0	0 1
10	2	0.0	1	0 2
11	1	0.0	1	0 1


=== Second read: Adapter PrefixPE/1 ===

Sequence: TACACTCTTTCCCTACACGACGCTCTTCCGATCT; Type: regular 3'; Length: 34; Trimmed: 266 times

No. of allowed errors:
0-9 bp: 0; 10-19 bp: 1; 20-29 bp: 2; 30-34 bp: 3

Bases preceding removed adapters:
  A: 26.3%
  C: 23.7%
  G: 26.3%
  T: 23.7%
  none/other: 0.0%

Overview of removed sequences
length	count	expect	max.err	error counts
3	187	293.0	0	187
4	58	73.3	0	58
5	17	18.3	0	17
6	3	4.6	0	3
7	1	1.1	0	1


=== Second read: Adapter PrefixPE/2 ===

Sequence: GTGACTGGAGTTCAGACGTGTGCTCTTCCGATCT; Type: regular 3'; Length: 34; Trimmed: 416 times

No. of allowed errors:
0-9 bp: 0; 10-19 bp: 1; 20-29 bp: 2; 30-34 bp: 3

Bases preceding removed adapters:
  A: 25.0%
  C: 28.8%
  G: 23.8%
  T: 22.4%
  none/other: 0.0%

Overview of removed sequences
length	count	expect	max.err	error counts
3	338	293.0	0	338
4	65	73.3	0	65
5	10	18.3	0	10
6	2	4.6	0	2
7	1	1.1	0	1
