This is cutadapt 2.9 with Python 3.6.6
Command line parameters: --interleaved -a file:/nas02/apps/trimmomatic-0.36/Trimmomatic-0.36/adapters/TruSeq3-PE.fa -A file:/nas02/apps/trimmomatic-0.36/Trimmomatic-0.36/adapters/TruSeq3-PE.fa -m 30 /nas/longleaf/home/zpopkinh/Pvivax_resources/wgs_pe_improved_global/fastq/SRS694266/SRR1568120_1.fastq.gz /nas/longleaf/home/zpopkinh/Pvivax_resources/wgs_pe_improved_global/fastq/SRS694266/SRR1568120_2.fastq.gz
Processing reads on 1 core in paired-end mode ...
Finished in 1710.11 s (91 us/read; 0.66 M reads/minute).

=== Summary ===

Total read pairs processed:         18,711,761
  Read 1 with adapter:                 710,438 (3.8%)
  Read 2 with adapter:                 734,480 (3.9%)
Pairs written (passing filters):    18,711,761 (100.0%)

Total basepairs processed: 3,779,775,722 bp
  Read 1: 1,889,887,861 bp
  Read 2: 1,889,887,861 bp
Total written (filtered):  3,774,920,632 bp (99.9%)
  Read 1: 1,887,494,154 bp
  Read 2: 1,887,426,478 bp

=== First read: Adapter PrefixPE/1 ===

Sequence: TACACTCTTTCCCTACACGACGCTCTTCCGATCT; Type: regular 3'; Length: 34; Trimmed: 321897 times

No. of allowed errors:
0-9 bp: 0; 10-19 bp: 1; 20-29 bp: 2; 30-34 bp: 3

Bases preceding removed adapters:
  A: 24.4%
  C: 24.1%
  G: 26.7%
  T: 24.8%
  none/other: 0.0%

Overview of removed sequences
length	count	expect	max.err	error counts
3	217207	292371.3	0	217207
4	74621	73092.8	0	74621
5	22924	18273.2	0	22924
6	3605	4568.3	0	3605
7	957	1142.1	0	957
8	185	285.5	0	185
9	909	71.4	0	61 848
10	1073	17.8	1	22 1051
11	317	4.5	1	2 315
12	76	1.1	1	0 76
13	16	0.3	1	0 16
14	5	0.1	1	0 5
38	1	0.0	3	0 0 1
69	1	0.0	3	0 0 1


=== First read: Adapter PrefixPE/2 ===

Sequence: GTGACTGGAGTTCAGACGTGTGCTCTTCCGATCT; Type: regular 3'; Length: 34; Trimmed: 388541 times

No. of allowed errors:
0-9 bp: 0; 10-19 bp: 1; 20-29 bp: 2; 30-34 bp: 3

Bases preceding removed adapters:
  A: 21.9%
  C: 21.2%
  G: 26.5%
  T: 30.4%
  none/other: 0.0%

Overview of removed sequences
length	count	expect	max.err	error counts
3	304971	292371.3	0	304971
4	66472	73092.8	0	66472
5	12556	18273.2	0	12556
6	2578	4568.3	0	2578
7	903	1142.1	0	903
8	171	285.5	0	171
9	368	71.4	0	80 288
10	360	17.8	1	21 339
11	129	4.5	1	1 128
12	23	1.1	1	0 23
13	7	0.3	1	0 7
14	3	0.1	1	0 3


=== Second read: Adapter PrefixPE/1 ===

Sequence: TACACTCTTTCCCTACACGACGCTCTTCCGATCT; Type: regular 3'; Length: 34; Trimmed: 316226 times

No. of allowed errors:
0-9 bp: 0; 10-19 bp: 1; 20-29 bp: 2; 30-34 bp: 3

Bases preceding removed adapters:
  A: 24.4%
  C: 23.8%
  G: 26.7%
  T: 25.1%
  none/other: 0.0%

Overview of removed sequences
length	count	expect	max.err	error counts
3	213351	292371.3	0	213351
4	73336	73092.8	0	73336
5	22383	18273.2	0	22383
6	3672	4568.3	0	3672
7	955	1142.1	0	955
8	174	285.5	0	174
9	899	71.4	0	43 856
10	1029	17.8	1	20 1009
11	333	4.5	1	3 330
12	67	1.1	1	1 66
13	17	0.3	1	0 17
14	6	0.1	1	0 6
48	1	0.0	3	0 0 1
49	1	0.0	3	0 0 1
55	1	0.0	3	1
71	1	0.0	3	0 0 0 1


=== Second read: Adapter PrefixPE/2 ===

Sequence: GTGACTGGAGTTCAGACGTGTGCTCTTCCGATCT; Type: regular 3'; Length: 34; Trimmed: 418254 times

No. of allowed errors:
0-9 bp: 0; 10-19 bp: 1; 20-29 bp: 2; 30-34 bp: 3

Bases preceding removed adapters:
  A: 21.2%
  C: 26.2%
  G: 24.5%
  T: 28.1%
  none/other: 0.0%

Overview of removed sequences
length	count	expect	max.err	error counts
3	336402	292371.3	0	336402
4	65283	73092.8	0	65283
5	12049	18273.2	0	12049
6	2482	4568.3	0	2482
7	929	1142.1	0	929
8	159	285.5	0	159
9	368	71.4	0	72 296
10	411	17.8	1	20 391
11	141	4.5	1	1 140
12	27	1.1	1	0 27
13	3	0.3	1	0 3
