This is cutadapt 2.9 with Python 3.6.6
Command line parameters: --interleaved -a file:/nas02/apps/trimmomatic-0.36/Trimmomatic-0.36/adapters/TruSeq3-PE.fa -A file:/nas02/apps/trimmomatic-0.36/Trimmomatic-0.36/adapters/TruSeq3-PE.fa -m 30 /nas/longleaf/home/zpopkinh/Pvivax_resources/wgs_pe_improved_global/fastq/SRS694266/SRR1565141_1.fastq.gz /nas/longleaf/home/zpopkinh/Pvivax_resources/wgs_pe_improved_global/fastq/SRS694266/SRR1565141_2.fastq.gz
Processing reads on 1 core in paired-end mode ...
Finished in 1.45 s (49 us/read; 1.24 M reads/minute).

=== Summary ===

Total read pairs processed:             29,780
  Read 1 with adapter:                     975 (3.3%)
  Read 2 with adapter:                   1,137 (3.8%)
Pairs written (passing filters):        29,776 (100.0%)

Total basepairs processed:     6,015,560 bp
  Read 1:     3,007,780 bp
  Read 2:     3,007,780 bp
Total written (filtered):      6,007,695 bp (99.9%)
  Read 1:     3,004,037 bp
  Read 2:     3,003,658 bp

=== First read: Adapter PrefixPE/1 ===

Sequence: TACACTCTTTCCCTACACGACGCTCTTCCGATCT; Type: regular 3'; Length: 34; Trimmed: 446 times

No. of allowed errors:
0-9 bp: 0; 10-19 bp: 1; 20-29 bp: 2; 30-34 bp: 3

Bases preceding removed adapters:
  A: 26.5%
  C: 23.1%
  G: 23.1%
  T: 27.4%
  none/other: 0.0%

Overview of removed sequences
length	count	expect	max.err	error counts
3	291	465.3	0	291
4	111	116.3	0	111
5	33	29.1	0	33
6	8	7.3	0	8
9	1	0.1	0	0 1
10	2	0.0	1	0 2


=== First read: Adapter PrefixPE/2 ===

Sequence: GTGACTGGAGTTCAGACGTGTGCTCTTCCGATCT; Type: regular 3'; Length: 34; Trimmed: 529 times

No. of allowed errors:
0-9 bp: 0; 10-19 bp: 1; 20-29 bp: 2; 30-34 bp: 3

Bases preceding removed adapters:
  A: 24.2%
  C: 18.9%
  G: 25.9%
  T: 31.0%
  none/other: 0.0%

Overview of removed sequences
length	count	expect	max.err	error counts
3	397	465.3	0	397
4	103	116.3	0	103
5	17	29.1	0	17
6	5	7.3	0	5
7	2	1.8	0	2
9	3	0.1	0	1 2
10	1	0.0	1	0 1
11	1	0.0	1	0 1


=== Second read: Adapter PrefixPE/1 ===

Sequence: TACACTCTTTCCCTACACGACGCTCTTCCGATCT; Type: regular 3'; Length: 34; Trimmed: 465 times

No. of allowed errors:
0-9 bp: 0; 10-19 bp: 1; 20-29 bp: 2; 30-34 bp: 3

Bases preceding removed adapters:
  A: 27.5%
  C: 25.4%
  G: 22.2%
  T: 24.9%
  none/other: 0.0%

Overview of removed sequences
length	count	expect	max.err	error counts
3	322	465.3	0	322
4	104	116.3	0	104
5	36	29.1	0	36
6	2	7.3	0	2
7	1	1.8	0	1


=== Second read: Adapter PrefixPE/2 ===

Sequence: GTGACTGGAGTTCAGACGTGTGCTCTTCCGATCT; Type: regular 3'; Length: 34; Trimmed: 672 times

No. of allowed errors:
0-9 bp: 0; 10-19 bp: 1; 20-29 bp: 2; 30-34 bp: 3

Bases preceding removed adapters:
  A: 19.5%
  C: 31.5%
  G: 25.6%
  T: 23.4%
  none/other: 0.0%

Overview of removed sequences
length	count	expect	max.err	error counts
3	556	465.3	0	556
4	96	116.3	0	96
5	11	29.1	0	11
6	5	7.3	0	5
93	4	0.0	3	0 0 1 3
