This is cutadapt 2.9 with Python 3.6.6
Command line parameters: --interleaved -a file:/nas02/apps/trimmomatic-0.36/Trimmomatic-0.36/adapters/TruSeq3-PE.fa -A file:/nas02/apps/trimmomatic-0.36/Trimmomatic-0.36/adapters/TruSeq3-PE.fa -m 30 /nas/longleaf/home/zpopkinh/Pvivax_resources/wgs_pe_improved_global/fastq/ERS2593867/ERR2679008_1.fastq.gz /nas/longleaf/home/zpopkinh/Pvivax_resources/wgs_pe_improved_global/fastq/ERS2593867/ERR2679008_2.fastq.gz
Processing reads on 1 core in paired-end mode ...
Finished in 488.12 s (112 us/read; 0.54 M reads/minute).

=== Summary ===

Total read pairs processed:          4,355,297
  Read 1 with adapter:                 156,590 (3.6%)
  Read 2 with adapter:                 153,086 (3.5%)
Pairs written (passing filters):     4,355,297 (100.0%)

Total basepairs processed: 1,315,299,694 bp
  Read 1:   657,649,847 bp
  Read 2:   657,649,847 bp
Total written (filtered):  1,314,255,678 bp (99.9%)
  Read 1:   657,121,545 bp
  Read 2:   657,134,133 bp

=== First read: Adapter PrefixPE/1 ===

Sequence: TACACTCTTTCCCTACACGACGCTCTTCCGATCT; Type: regular 3'; Length: 34; Trimmed: 78191 times

No. of allowed errors:
0-9 bp: 0; 10-19 bp: 1; 20-29 bp: 2; 30-34 bp: 3

Bases preceding removed adapters:
  A: 28.1%
  C: 20.4%
  G: 23.5%
  T: 28.1%
  none/other: 0.0%

Overview of removed sequences
length	count	expect	max.err	error counts
3	52288	68051.5	0	52288
4	19735	17012.9	0	19735
5	4199	4253.2	0	4199
6	959	1063.3	0	959
7	205	265.8	0	205
8	48	66.5	0	48
9	252	16.6	0	23 229
10	390	4.2	1	10 380
11	84	1.0	1	1 83
12	26	0.3	1	0 26
13	2	0.1	1	0 2
14	1	0.0	1	0 1
78	1	0.0	3	0 0 0 1
91	1	0.0	3	0 0 0 1


=== First read: Adapter PrefixPE/2 ===

Sequence: GTGACTGGAGTTCAGACGTGTGCTCTTCCGATCT; Type: regular 3'; Length: 34; Trimmed: 78399 times

No. of allowed errors:
0-9 bp: 0; 10-19 bp: 1; 20-29 bp: 2; 30-34 bp: 3

Bases preceding removed adapters:
  A: 22.7%
  C: 19.4%
  G: 27.7%
  T: 30.1%
  none/other: 0.0%

Overview of removed sequences
length	count	expect	max.err	error counts
3	62010	68051.5	0	62010
4	13347	17012.9	0	13347
5	2227	4253.2	0	2227
6	472	1063.3	0	472
7	139	265.8	0	139
8	21	66.5	0	21
9	81	16.6	0	7 74
10	72	4.2	1	7 65
11	22	1.0	1	0 22
12	6	0.3	1	0 6
13	1	0.1	1	0 1
15	1	0.0	1	0 1


=== Second read: Adapter PrefixPE/1 ===

Sequence: TACACTCTTTCCCTACACGACGCTCTTCCGATCT; Type: regular 3'; Length: 34; Trimmed: 75225 times

No. of allowed errors:
0-9 bp: 0; 10-19 bp: 1; 20-29 bp: 2; 30-34 bp: 3

Bases preceding removed adapters:
  A: 27.8%
  C: 20.7%
  G: 23.1%
  T: 28.3%
  none/other: 0.0%

Overview of removed sequences
length	count	expect	max.err	error counts
3	50285	68051.5	0	50285
4	18931	17012.9	0	18931
5	4268	4253.2	0	4268
6	745	1063.3	0	745
7	223	265.8	0	223
8	43	66.5	0	43
9	246	16.6	0	14 232
10	389	4.2	1	4 385
11	75	1.0	1	0 75
12	14	0.3	1	0 14
13	6	0.1	1	0 6


=== Second read: Adapter PrefixPE/2 ===

Sequence: GTGACTGGAGTTCAGACGTGTGCTCTTCCGATCT; Type: regular 3'; Length: 34; Trimmed: 77861 times

No. of allowed errors:
0-9 bp: 0; 10-19 bp: 1; 20-29 bp: 2; 30-34 bp: 3

Bases preceding removed adapters:
  A: 22.8%
  C: 20.0%
  G: 27.9%
  T: 29.3%
  none/other: 0.0%

Overview of removed sequences
length	count	expect	max.err	error counts
3	62043	68051.5	0	62043
4	12805	17012.9	0	12805
5	2198	4253.2	0	2198
6	464	1063.3	0	464
7	109	265.8	0	109
8	20	66.5	0	20
9	85	16.6	0	5 80
10	89	4.2	1	7 82
11	37	1.0	1	0 37
12	7	0.3	1	0 7
13	3	0.1	1	0 3
14	1	0.0	1	0 1
