This is cutadapt 2.9 with Python 3.6.6
Command line parameters: --interleaved -a file:/nas02/apps/trimmomatic-0.36/Trimmomatic-0.36/adapters/TruSeq3-PE.fa -A file:/nas02/apps/trimmomatic-0.36/Trimmomatic-0.36/adapters/TruSeq3-PE.fa -m 30 /nas/longleaf/home/zpopkinh/Pvivax_resources/wgs_pe_improved_global/fastq/ERS352726/ERR408123_1.fastq.gz /nas/longleaf/home/zpopkinh/Pvivax_resources/wgs_pe_improved_global/fastq/ERS352726/ERR408123_2.fastq.gz
Processing reads on 1 core in paired-end mode ...
Finished in 2097.18 s (138 us/read; 0.43 M reads/minute).

=== Summary ===

Total read pairs processed:         15,192,134
  Read 1 with adapter:                 561,176 (3.7%)
  Read 2 with adapter:                 561,426 (3.7%)
Pairs written (passing filters):    15,192,129 (100.0%)

Total basepairs processed: 4,557,640,200 bp
  Read 1: 2,278,820,100 bp
  Read 2: 2,278,820,100 bp
Total written (filtered):  4,553,874,071 bp (99.9%)
  Read 1: 2,276,937,116 bp
  Read 2: 2,276,936,955 bp

=== First read: Adapter PrefixPE/1 ===

Sequence: TACACTCTTTCCCTACACGACGCTCTTCCGATCT; Type: regular 3'; Length: 34; Trimmed: 260511 times

No. of allowed errors:
0-9 bp: 0; 10-19 bp: 1; 20-29 bp: 2; 30-34 bp: 3

Bases preceding removed adapters:
  A: 24.1%
  C: 23.5%
  G: 26.6%
  T: 25.8%
  none/other: 0.0%

Overview of removed sequences
length	count	expect	max.err	error counts
3	180500	237377.1	0	180500
4	57895	59344.3	0	57895
5	16384	14836.1	0	16384
6	2943	3709.0	0	2943
7	722	927.3	0	722
8	159	231.8	0	159
9	759	58.0	0	64 695
10	761	14.5	1	16 745
11	262	3.6	1	2 260
12	79	0.9	1	0 79
13	15	0.2	1	0 15
14	8	0.1	1	0 8
15	2	0.0	1	0 2
37	2	0.0	3	0 0 1 1
42	1	0.0	3	0 0 1
47	1	0.0	3	1
50	1	0.0	3	0 0 0 1
54	1	0.0	3	0 1
61	1	0.0	3	0 0 0 1
65	1	0.0	3	1
69	1	0.0	3	0 0 0 1
74	1	0.0	3	0 0 1
75	1	0.0	3	0 1
91	1	0.0	3	0 0 1
93	1	0.0	3	0 0 1
97	2	0.0	3	1 0 0 1
104	1	0.0	3	0 0 0 1
110	1	0.0	3	0 1
133	1	0.0	3	0 1
145	2	0.0	3	0 2
149	1	0.0	3	1
150	1	0.0	3	0 0 1


=== First read: Adapter PrefixPE/2 ===

Sequence: GTGACTGGAGTTCAGACGTGTGCTCTTCCGATCT; Type: regular 3'; Length: 34; Trimmed: 300665 times

No. of allowed errors:
0-9 bp: 0; 10-19 bp: 1; 20-29 bp: 2; 30-34 bp: 3

Bases preceding removed adapters:
  A: 22.0%
  C: 19.9%
  G: 28.5%
  T: 29.6%
  none/other: 0.0%

Overview of removed sequences
length	count	expect	max.err	error counts
3	238086	237377.1	0	238086
4	50407	59344.3	0	50407
5	8950	14836.1	0	8950
6	1908	3709.0	0	1908
7	501	927.3	0	501
8	83	231.8	0	83
9	300	58.0	0	11 289
10	281	14.5	1	7 274
11	118	3.6	1	0 118
12	27	0.9	1	0 27
13	4	0.2	1	0 4


=== Second read: Adapter PrefixPE/1 ===

Sequence: TACACTCTTTCCCTACACGACGCTCTTCCGATCT; Type: regular 3'; Length: 34; Trimmed: 261397 times

No. of allowed errors:
0-9 bp: 0; 10-19 bp: 1; 20-29 bp: 2; 30-34 bp: 3

Bases preceding removed adapters:
  A: 24.8%
  C: 23.6%
  G: 26.2%
  T: 25.4%
  none/other: 0.0%

Overview of removed sequences
length	count	expect	max.err	error counts
3	180165	237377.1	0	180165
4	59489	59344.3	0	59489
5	16280	14836.1	0	16280
6	2753	3709.0	0	2753
7	727	927.3	0	727
8	152	231.8	0	152
9	733	58.0	0	49 684
10	710	14.5	1	24 686
11	288	3.6	1	5 283
12	75	0.9	1	0 75
13	14	0.2	1	0 14
14	9	0.1	1	1 8
15	1	0.0	1	0 1
17	1	0.0	1	0 1


=== Second read: Adapter PrefixPE/2 ===

Sequence: GTGACTGGAGTTCAGACGTGTGCTCTTCCGATCT; Type: regular 3'; Length: 34; Trimmed: 300029 times

No. of allowed errors:
0-9 bp: 0; 10-19 bp: 1; 20-29 bp: 2; 30-34 bp: 3

Bases preceding removed adapters:
  A: 23.1%
  C: 19.8%
  G: 28.3%
  T: 28.8%
  none/other: 0.0%

Overview of removed sequences
length	count	expect	max.err	error counts
3	236784	237377.1	0	236784
4	51287	59344.3	0	51287
5	8896	14836.1	0	8896
6	1812	3709.0	0	1812
7	467	927.3	0	467
8	83	231.8	0	83
9	314	58.0	0	10 304
10	273	14.5	1	5 268
11	84	3.6	1	0 84
12	26	0.9	1	0 26
13	3	0.2	1	0 3
