This is cutadapt 2.9 with Python 3.6.6
Command line parameters: --interleaved -a file:/nas02/apps/trimmomatic-0.36/Trimmomatic-0.36/adapters/TruSeq3-PE.fa -A file:/nas02/apps/trimmomatic-0.36/Trimmomatic-0.36/adapters/TruSeq3-PE.fa -m 30 /nas/longleaf/home/zpopkinh/Pvivax_resources/wgs_pe_improved_global/fastq/ERS352726/ERR417390_1.fastq.gz /nas/longleaf/home/zpopkinh/Pvivax_resources/wgs_pe_improved_global/fastq/ERS352726/ERR417390_2.fastq.gz
Processing reads on 1 core in paired-end mode ...
Finished in 1919.93 s (117 us/read; 0.51 M reads/minute).

=== Summary ===

Total read pairs processed:         16,450,284
  Read 1 with adapter:                 617,579 (3.8%)
  Read 2 with adapter:                 614,011 (3.7%)
Pairs written (passing filters):    16,450,283 (100.0%)

Total basepairs processed: 3,290,056,800 bp
  Read 1: 1,645,028,400 bp
  Read 2: 1,645,028,400 bp
Total written (filtered):  3,285,921,267 bp (99.9%)
  Read 1: 1,642,955,869 bp
  Read 2: 1,642,965,398 bp

=== First read: Adapter PrefixPE/1 ===

Sequence: TACACTCTTTCCCTACACGACGCTCTTCCGATCT; Type: regular 3'; Length: 34; Trimmed: 282347 times

No. of allowed errors:
0-9 bp: 0; 10-19 bp: 1; 20-29 bp: 2; 30-34 bp: 3

Bases preceding removed adapters:
  A: 24.3%
  C: 23.2%
  G: 26.9%
  T: 25.7%
  none/other: 0.0%

Overview of removed sequences
length	count	expect	max.err	error counts
3	192698	257035.7	0	192698
4	65999	64258.9	0	65999
5	17400	16064.7	0	17400
6	3121	4016.2	0	3121
7	833	1004.0	0	833
8	178	251.0	0	178
9	797	62.8	0	65 732
10	903	15.7	1	29 874
11	306	3.9	1	3 303
12	76	1.0	1	1 75
13	17	0.2	1	0 17
14	2	0.1	1	1 1
15	4	0.0	1	0 4
18	1	0.0	1	1
21	1	0.0	2	1
24	1	0.0	2	0 1
28	1	0.0	2	0 0 1
29	1	0.0	2	1
30	1	0.0	3	0 0 0 1
35	1	0.0	3	0 0 1
36	1	0.0	3	0 0 0 1
39	1	0.0	3	0 0 0 1
45	1	0.0	3	0 0 0 1
46	1	0.0	3	0 1
51	1	0.0	3	0 0 0 1
99	1	0.0	3	0 1


=== First read: Adapter PrefixPE/2 ===

Sequence: GTGACTGGAGTTCAGACGTGTGCTCTTCCGATCT; Type: regular 3'; Length: 34; Trimmed: 335232 times

No. of allowed errors:
0-9 bp: 0; 10-19 bp: 1; 20-29 bp: 2; 30-34 bp: 3

Bases preceding removed adapters:
  A: 22.4%
  C: 19.7%
  G: 28.2%
  T: 29.7%
  none/other: 0.0%

Overview of removed sequences
length	count	expect	max.err	error counts
3	265086	257035.7	0	265086
4	57086	64258.9	0	57086
5	9441	16064.7	0	9441
6	2201	4016.2	0	2201
7	564	1004.0	0	564
8	74	251.0	0	74
9	352	62.8	0	23 329
10	291	15.7	1	9 282
11	111	3.9	1	2 109
12	22	1.0	1	0 22
13	4	0.2	1	0 4


=== Second read: Adapter PrefixPE/1 ===

Sequence: TACACTCTTTCCCTACACGACGCTCTTCCGATCT; Type: regular 3'; Length: 34; Trimmed: 283346 times

No. of allowed errors:
0-9 bp: 0; 10-19 bp: 1; 20-29 bp: 2; 30-34 bp: 3

Bases preceding removed adapters:
  A: 24.8%
  C: 23.4%
  G: 26.2%
  T: 25.6%
  none/other: 0.0%

Overview of removed sequences
length	count	expect	max.err	error counts
3	192751	257035.7	0	192751
4	67438	64258.9	0	67438
5	17207	16064.7	0	17207
6	3113	4016.2	0	3113
7	737	1004.0	0	737
8	152	251.0	0	152
9	798	62.8	0	61 737
10	758	15.7	1	19 739
11	263	3.9	1	1 262
12	95	1.0	1	0 95
13	25	0.2	1	0 25
14	5	0.1	1	0 5
15	4	0.0	1	0 4


=== Second read: Adapter PrefixPE/2 ===

Sequence: GTGACTGGAGTTCAGACGTGTGCTCTTCCGATCT; Type: regular 3'; Length: 34; Trimmed: 330665 times

No. of allowed errors:
0-9 bp: 0; 10-19 bp: 1; 20-29 bp: 2; 30-34 bp: 3

Bases preceding removed adapters:
  A: 23.4%
  C: 19.4%
  G: 28.2%
  T: 29.0%
  none/other: 0.0%

Overview of removed sequences
length	count	expect	max.err	error counts
3	259176	257035.7	0	259176
4	58187	64258.9	0	58187
5	9647	16064.7	0	9647
6	2130	4016.2	0	2130
7	542	1004.0	0	542
8	81	251.0	0	81
9	387	62.8	0	13 374
10	357	15.7	1	6 351
11	128	3.9	1	0 128
12	25	1.0	1	0 25
13	5	0.2	1	0 5
