This is cutadapt 2.9 with Python 3.6.6
Command line parameters: --interleaved -a file:/nas02/apps/trimmomatic-0.36/Trimmomatic-0.36/adapters/TruSeq3-PE.fa -A file:/nas02/apps/trimmomatic-0.36/Trimmomatic-0.36/adapters/TruSeq3-PE.fa -m 30 /nas/longleaf/home/zpopkinh/Pvivax_resources/wgs_pe_improved_global/fastq/ERS352726/ERR417399_1.fastq.gz /nas/longleaf/home/zpopkinh/Pvivax_resources/wgs_pe_improved_global/fastq/ERS352726/ERR417399_2.fastq.gz
Processing reads on 1 core in paired-end mode ...
Finished in 1599.37 s (97 us/read; 0.62 M reads/minute).

=== Summary ===

Total read pairs processed:         16,552,038
  Read 1 with adapter:                 616,021 (3.7%)
  Read 2 with adapter:                 617,918 (3.7%)
Pairs written (passing filters):    16,552,031 (100.0%)

Total basepairs processed: 3,310,407,600 bp
  Read 1: 1,655,203,800 bp
  Read 2: 1,655,203,800 bp
Total written (filtered):  3,306,263,954 bp (99.9%)
  Read 1: 1,653,135,746 bp
  Read 2: 1,653,128,208 bp

=== First read: Adapter PrefixPE/1 ===

Sequence: TACACTCTTTCCCTACACGACGCTCTTCCGATCT; Type: regular 3'; Length: 34; Trimmed: 282410 times

No. of allowed errors:
0-9 bp: 0; 10-19 bp: 1; 20-29 bp: 2; 30-34 bp: 3

Bases preceding removed adapters:
  A: 24.3%
  C: 23.3%
  G: 26.9%
  T: 25.5%
  none/other: 0.0%

Overview of removed sequences
length	count	expect	max.err	error counts
3	193000	258625.6	0	193000
4	65901	64656.4	0	65901
5	17221	16164.1	0	17221
6	3209	4041.0	0	3209
7	771	1010.3	0	771
8	189	252.6	0	189
9	870	63.1	0	62 808
10	800	15.8	1	20 780
11	322	3.9	1	3 319
12	78	1.0	1	0 78
13	20	0.2	1	0 20
14	7	0.1	1	0 7
15	2	0.0	1	0 2
19	2	0.0	1	0 2
20	1	0.0	2	1
23	1	0.0	2	0 0 1
29	2	0.0	2	0 0 1 1
32	1	0.0	3	1
35	2	0.0	3	1 0 0 1
38	1	0.0	3	0 1
44	1	0.0	3	0 0 1
52	1	0.0	3	0 1
54	1	0.0	3	0 1
83	2	0.0	3	0 0 1 1
95	3	0.0	3	1 1 1
97	1	0.0	3	0 0 1
100	1	0.0	3	0 0 1


=== First read: Adapter PrefixPE/2 ===

Sequence: GTGACTGGAGTTCAGACGTGTGCTCTTCCGATCT; Type: regular 3'; Length: 34; Trimmed: 333611 times

No. of allowed errors:
0-9 bp: 0; 10-19 bp: 1; 20-29 bp: 2; 30-34 bp: 3

Bases preceding removed adapters:
  A: 22.5%
  C: 19.6%
  G: 28.1%
  T: 29.7%
  none/other: 0.0%

Overview of removed sequences
length	count	expect	max.err	error counts
3	263878	258625.6	0	263878
4	56521	64656.4	0	56521
5	9492	16164.1	0	9492
6	2226	4041.0	0	2226
7	594	1010.3	0	594
8	99	252.6	0	99
9	338	63.1	0	14 324
10	306	15.8	1	12 294
11	120	3.9	1	0 120
12	31	1.0	1	0 31
13	5	0.2	1	0 5
14	1	0.1	1	0 1


=== Second read: Adapter PrefixPE/1 ===

Sequence: TACACTCTTTCCCTACACGACGCTCTTCCGATCT; Type: regular 3'; Length: 34; Trimmed: 285608 times

No. of allowed errors:
0-9 bp: 0; 10-19 bp: 1; 20-29 bp: 2; 30-34 bp: 3

Bases preceding removed adapters:
  A: 24.9%
  C: 23.4%
  G: 26.3%
  T: 25.3%
  none/other: 0.0%

Overview of removed sequences
length	count	expect	max.err	error counts
3	194454	258625.6	0	194454
4	67928	64656.4	0	67928
5	17191	16164.1	0	17191
6	3127	4041.0	0	3127
7	764	1010.3	0	764
8	194	252.6	0	194
9	786	63.1	0	51 735
10	797	15.8	1	24 773
11	276	3.9	1	2 274
12	63	1.0	1	0 63
13	16	0.2	1	0 16
14	10	0.1	1	0 10
15	2	0.0	1	0 2


=== Second read: Adapter PrefixPE/2 ===

Sequence: GTGACTGGAGTTCAGACGTGTGCTCTTCCGATCT; Type: regular 3'; Length: 34; Trimmed: 332310 times

No. of allowed errors:
0-9 bp: 0; 10-19 bp: 1; 20-29 bp: 2; 30-34 bp: 3

Bases preceding removed adapters:
  A: 23.5%
  C: 19.5%
  G: 28.1%
  T: 28.9%
  none/other: 0.0%

Overview of removed sequences
length	count	expect	max.err	error counts
3	260764	258625.6	0	260764
4	58440	64656.4	0	58440
5	9564	16164.1	0	9564
6	2058	4041.0	0	2058
7	557	1010.3	0	557
8	90	252.6	0	90
9	392	63.1	0	21 371
10	298	15.8	1	6 292
11	128	3.9	1	0 128
12	15	1.0	1	0 15
13	4	0.2	1	0 4
