This is cutadapt 2.9 with Python 3.6.6
Command line parameters: --interleaved -a file:/nas02/apps/trimmomatic-0.36/Trimmomatic-0.36/adapters/TruSeq3-PE.fa -A file:/nas02/apps/trimmomatic-0.36/Trimmomatic-0.36/adapters/TruSeq3-PE.fa -m 30 /nas/longleaf/home/zpopkinh/Pvivax_resources/wgs_pe_improved_global/fastq/ERR5740756/ERR5740756_1.fastq.gz /nas/longleaf/home/zpopkinh/Pvivax_resources/wgs_pe_improved_global/fastq/ERR5740756/ERR5740756_2.fastq.gz
Processing reads on 1 core in paired-end mode ...
Finished in 556.50 s (148 us/read; 0.41 M reads/minute).

=== Summary ===

Total read pairs processed:          3,766,138
  Read 1 with adapter:                 135,589 (3.6%)
  Read 2 with adapter:                 131,985 (3.5%)
Pairs written (passing filters):     3,766,102 (100.0%)

Total basepairs processed: 1,137,373,676 bp
  Read 1:   568,686,838 bp
  Read 2:   568,686,838 bp
Total written (filtered):  1,136,456,833 bp (99.9%)
  Read 1:   568,221,770 bp
  Read 2:   568,235,063 bp

=== First read: Adapter PrefixPE/1 ===

Sequence: TACACTCTTTCCCTACACGACGCTCTTCCGATCT; Type: regular 3'; Length: 34; Trimmed: 61054 times

No. of allowed errors:
0-9 bp: 0; 10-19 bp: 1; 20-29 bp: 2; 30-34 bp: 3

Bases preceding removed adapters:
  A: 28.3%
  C: 24.0%
  G: 20.1%
  T: 27.6%
  none/other: 0.0%

Overview of removed sequences
length	count	expect	max.err	error counts
3	40869	58845.9	0	40869
4	15523	14711.5	0	15523
5	3147	3677.9	0	3147
6	749	919.5	0	749
7	181	229.9	0	181
8	49	57.5	0	49
9	154	14.4	0	11 143
10	258	3.6	1	8 250
11	80	0.9	1	1 79
12	19	0.2	1	1 18
13	3	0.1	1	0 3
14	2	0.0	1	0 2
15	1	0.0	1	0 1
67	1	0.0	3	0 0 1
79	1	0.0	3	0 0 0 1
105	1	0.0	3	0 0 1
151	16	0.0	3	0 0 2 14


=== First read: Adapter PrefixPE/2 ===

Sequence: GTGACTGGAGTTCAGACGTGTGCTCTTCCGATCT; Type: regular 3'; Length: 34; Trimmed: 74535 times

No. of allowed errors:
0-9 bp: 0; 10-19 bp: 1; 20-29 bp: 2; 30-34 bp: 3

Bases preceding removed adapters:
  A: 28.0%
  C: 12.0%
  G: 27.0%
  T: 33.0%
  none/other: 0.0%

Overview of removed sequences
length	count	expect	max.err	error counts
3	56865	58845.9	0	56865
4	14062	14711.5	0	14062
5	2387	3677.9	0	2387
6	650	919.5	0	650
7	193	229.9	0	193
8	62	57.5	0	62
9	134	14.4	0	13 121
10	124	3.6	1	2 122
11	44	0.9	1	1 43
12	6	0.2	1	0 6
13	2	0.1	1	0 2
14	5	0.0	1	0 5
15	1	0.0	1	0 1


=== Second read: Adapter PrefixPE/1 ===

Sequence: TACACTCTTTCCCTACACGACGCTCTTCCGATCT; Type: regular 3'; Length: 34; Trimmed: 58963 times

No. of allowed errors:
0-9 bp: 0; 10-19 bp: 1; 20-29 bp: 2; 30-34 bp: 3

Bases preceding removed adapters:
  A: 27.9%
  C: 24.9%
  G: 20.5%
  T: 26.7%
  none/other: 0.0%

Overview of removed sequences
length	count	expect	max.err	error counts
3	39598	58845.9	0	39598
4	14732	14711.5	0	14732
5	3189	3677.9	0	3189
6	687	919.5	0	687
7	182	229.9	0	182
8	54	57.5	0	54
9	170	14.4	0	9 161
10	208	3.6	1	6 202
11	100	0.9	1	4 96
12	24	0.2	1	0 24
13	12	0.1	1	0 12
14	1	0.0	1	0 1
151	6	0.0	3	0 0 2 4


=== Second read: Adapter PrefixPE/2 ===

Sequence: GTGACTGGAGTTCAGACGTGTGCTCTTCCGATCT; Type: regular 3'; Length: 34; Trimmed: 73022 times

No. of allowed errors:
0-9 bp: 0; 10-19 bp: 1; 20-29 bp: 2; 30-34 bp: 3

Bases preceding removed adapters:
  A: 26.9%
  C: 13.9%
  G: 27.1%
  T: 32.1%
  none/other: 0.0%

Overview of removed sequences
length	count	expect	max.err	error counts
3	56677	58845.9	0	56677
4	12740	14711.5	0	12740
5	2429	3677.9	0	2429
6	618	919.5	0	618
7	176	229.9	0	176
8	48	57.5	0	48
9	129	14.4	0	3 126
10	121	3.6	1	1 120
11	51	0.9	1	0 51
12	13	0.2	1	0 13
13	2	0.1	1	0 2
14	3	0.0	1	0 3
60	1	0.0	3	0 0 1
143	14	0.0	3	0 0 5 9
