This is cutadapt 2.9 with Python 3.6.6
Command line parameters: --interleaved -a file:/nas02/apps/trimmomatic-0.36/Trimmomatic-0.36/adapters/TruSeq3-PE.fa -A file:/nas02/apps/trimmomatic-0.36/Trimmomatic-0.36/adapters/TruSeq3-PE.fa -m 30 /nas/longleaf/home/zpopkinh/Pvivax_resources/wgs_pe_improved_global/fastq/SRS2745827/SRR6361416_1.fastq.gz /nas/longleaf/home/zpopkinh/Pvivax_resources/wgs_pe_improved_global/fastq/SRS2745827/SRR6361416_2.fastq.gz
Processing reads on 1 core in paired-end mode ...
Finished in 4372.80 s (83 us/read; 0.72 M reads/minute).

=== Summary ===

Total read pairs processed:         52,787,418
  Read 1 with adapter:               1,757,032 (3.3%)
  Read 2 with adapter:               1,740,786 (3.3%)
Pairs written (passing filters):    52,787,418 (100.0%)

Total basepairs processed: 10,557,483,600 bp
  Read 1: 5,278,741,800 bp
  Read 2: 5,278,741,800 bp
Total written (filtered):  10,545,647,959 bp (99.9%)
  Read 1: 5,272,793,673 bp
  Read 2: 5,272,854,286 bp

=== First read: Adapter PrefixPE/1 ===

Sequence: TACACTCTTTCCCTACACGACGCTCTTCCGATCT; Type: regular 3'; Length: 34; Trimmed: 925536 times

No. of allowed errors:
0-9 bp: 0; 10-19 bp: 1; 20-29 bp: 2; 30-34 bp: 3

Bases preceding removed adapters:
  A: 29.6%
  C: 18.2%
  G: 21.5%
  T: 30.7%
  none/other: 0.0%

Overview of removed sequences
length	count	expect	max.err	error counts
3	620768	824803.4	0	620768
4	227736	206200.9	0	227736
5	57958	51550.2	0	57958
6	9527	12887.6	0	9527
7	1886	3221.9	0	1886
8	515	805.5	0	515
9	3269	201.4	0	176 3093
10	2633	50.3	1	59 2574
11	918	12.6	1	4 914
12	261	3.1	1	0 261
13	49	0.8	1	1 48
14	14	0.2	1	0 14
15	2	0.0	1	0 2


=== First read: Adapter PrefixPE/2 ===

Sequence: GTGACTGGAGTTCAGACGTGTGCTCTTCCGATCT; Type: regular 3'; Length: 34; Trimmed: 831496 times

No. of allowed errors:
0-9 bp: 0; 10-19 bp: 1; 20-29 bp: 2; 30-34 bp: 3

Bases preceding removed adapters:
  A: 24.0%
  C: 18.9%
  G: 26.4%
  T: 30.7%
  none/other: 0.0%

Overview of removed sequences
length	count	expect	max.err	error counts
3	638104	824803.4	0	638104
4	159752	206200.9	0	159752
5	24597	51550.2	0	24597
6	5402	12887.6	0	5402
7	1252	3221.9	0	1252
8	112	805.5	0	112
9	885	201.4	0	69 816
10	951	50.3	1	19 932
11	398	12.6	1	0 398
12	28	3.1	1	0 28
13	15	0.8	1	0 15


=== Second read: Adapter PrefixPE/1 ===

Sequence: TACACTCTTTCCCTACACGACGCTCTTCCGATCT; Type: regular 3'; Length: 34; Trimmed: 914226 times

No. of allowed errors:
0-9 bp: 0; 10-19 bp: 1; 20-29 bp: 2; 30-34 bp: 3

Bases preceding removed adapters:
  A: 30.1%
  C: 18.2%
  G: 20.7%
  T: 31.1%
  none/other: 0.0%

Overview of removed sequences
length	count	expect	max.err	error counts
3	610497	824803.4	0	610497
4	227959	206200.9	0	227959
5	57628	51550.2	0	57628
6	8986	12887.6	0	8986
7	1924	3221.9	0	1924
8	458	805.5	0	458
9	2912	201.4	0	163 2749
10	2623	50.3	1	62 2561
11	961	12.6	1	11 950
12	207	3.1	1	0 207
13	40	0.8	1	0 40
14	31	0.2	1	0 31


=== Second read: Adapter PrefixPE/2 ===

Sequence: GTGACTGGAGTTCAGACGTGTGCTCTTCCGATCT; Type: regular 3'; Length: 34; Trimmed: 826560 times

No. of allowed errors:
0-9 bp: 0; 10-19 bp: 1; 20-29 bp: 2; 30-34 bp: 3

Bases preceding removed adapters:
  A: 23.8%
  C: 18.7%
  G: 26.9%
  T: 30.6%
  none/other: 0.0%

Overview of removed sequences
length	count	expect	max.err	error counts
3	638222	824803.4	0	638222
4	155437	206200.9	0	155437
5	24270	51550.2	0	24270
6	5293	12887.6	0	5293
7	1224	3221.9	0	1224
8	151	805.5	0	151
9	826	201.4	0	43 783
10	753	50.3	1	13 740
11	330	12.6	1	0 330
12	42	3.1	1	1 41
13	12	0.8	1	0 12
