This is cutadapt 2.9 with Python 3.6.6
Command line parameters: --interleaved -a file:/nas02/apps/trimmomatic-0.36/Trimmomatic-0.36/adapters/TruSeq3-PE.fa -A file:/nas02/apps/trimmomatic-0.36/Trimmomatic-0.36/adapters/TruSeq3-PE.fa -m 30 /nas/longleaf/home/zpopkinh/Pvivax_resources/wgs_pe_improved_global/fastq/SRS2746043/SRR6361816_1.fastq.gz /nas/longleaf/home/zpopkinh/Pvivax_resources/wgs_pe_improved_global/fastq/SRS2746043/SRR6361816_2.fastq.gz
Processing reads on 1 core in paired-end mode ...
Finished in 655.06 s (73 us/read; 0.82 M reads/minute).

=== Summary ===

Total read pairs processed:          8,925,617
  Read 1 with adapter:                 107,032 (1.2%)
  Read 2 with adapter:                 603,375 (6.8%)
Pairs written (passing filters):     8,925,617 (100.0%)

Total basepairs processed: 1,785,123,400 bp
  Read 1:   892,561,700 bp
  Read 2:   892,561,700 bp
Total written (filtered):  1,782,853,478 bp (99.9%)
  Read 1:   892,174,754 bp
  Read 2:   890,678,724 bp

=== First read: Adapter PrefixPE/1 ===

Sequence: TACACTCTTTCCCTACACGACGCTCTTCCGATCT; Type: regular 3'; Length: 34; Trimmed: 64350 times

No. of allowed errors:
0-9 bp: 0; 10-19 bp: 1; 20-29 bp: 2; 30-34 bp: 3

Bases preceding removed adapters:
  A: 69.9%
  C: 5.5%
  G: 7.9%
  T: 16.8%
  none/other: 0.0%

Overview of removed sequences
length	count	expect	max.err	error counts
3	30086	139462.8	0	30086
4	18113	34865.7	0	18113
5	13822	8716.4	0	13822
6	611	2179.1	0	611
7	102	544.8	0	102
8	30	136.2	0	30
9	36	34.0	0	4 32
10	1429	8.5	1	1 1428
11	81	2.1	1	0 81
12	6	0.5	1	0 6
13	34	0.1	1	0 34


=== First read: Adapter PrefixPE/2 ===

Sequence: GTGACTGGAGTTCAGACGTGTGCTCTTCCGATCT; Type: regular 3'; Length: 34; Trimmed: 42682 times

No. of allowed errors:
0-9 bp: 0; 10-19 bp: 1; 20-29 bp: 2; 30-34 bp: 3

Bases preceding removed adapters:
  A: 59.5%
  C: 5.5%
  G: 11.1%
  T: 23.9%
  none/other: 0.0%

Overview of removed sequences
length	count	expect	max.err	error counts
3	38145	139462.8	0	38145
4	3719	34865.7	0	3719
5	521	8716.4	0	521
6	63	2179.1	0	63
7	47	544.8	0	47
8	6	136.2	0	6
9	58	34.0	0	7 51
10	83	8.5	1	0 83
11	19	2.1	1	0 19
12	18	0.5	1	0 18
13	3	0.1	1	0 3


=== Second read: Adapter PrefixPE/1 ===

Sequence: TACACTCTTTCCCTACACGACGCTCTTCCGATCT; Type: regular 3'; Length: 34; Trimmed: 264024 times

No. of allowed errors:
0-9 bp: 0; 10-19 bp: 1; 20-29 bp: 2; 30-34 bp: 3

Bases preceding removed adapters:
  A: 17.5%
  C: 1.8%
  G: 2.7%
  T: 78.0%
  none/other: 0.0%

Overview of removed sequences
length	count	expect	max.err	error counts
3	227727	139462.8	0	227727
4	19650	34865.7	0	19650
5	14333	8716.4	0	14333
6	647	2179.1	0	647
7	114	544.8	0	114
8	39	136.2	0	39
9	47	34.0	0	6 41
10	1356	8.5	1	4 1352
11	68	2.1	1	0 68
12	8	0.5	1	0 8
13	34	0.1	1	0 34
14	1	0.0	1	0 1


=== Second read: Adapter PrefixPE/2 ===

Sequence: GTGACTGGAGTTCAGACGTGTGCTCTTCCGATCT; Type: regular 3'; Length: 34; Trimmed: 339351 times

No. of allowed errors:
0-9 bp: 0; 10-19 bp: 1; 20-29 bp: 2; 30-34 bp: 3

Bases preceding removed adapters:
  A: 8.5%
  C: 54.0%
  G: 30.7%
  T: 6.8%
  none/other: 0.0%

Overview of removed sequences
length	count	expect	max.err	error counts
3	330768	139462.8	0	330768
4	7340	34865.7	0	7340
5	849	8716.4	0	849
6	110	2179.1	0	110
7	58	544.8	0	58
8	7	136.2	0	7
9	57	34.0	0	2 55
10	99	8.5	1	0 99
11	38	2.1	1	0 38
12	23	0.5	1	1 22
13	1	0.1	1	0 1
14	1	0.0	1	0 1
