This is cutadapt 2.9 with Python 3.6.6
Command line parameters: --interleaved -a file:/nas02/apps/trimmomatic-0.36/Trimmomatic-0.36/adapters/TruSeq3-PE.fa -A file:/nas02/apps/trimmomatic-0.36/Trimmomatic-0.36/adapters/TruSeq3-PE.fa -m 30 /nas/longleaf/home/zpopkinh/Pvivax_resources/wgs_pe_improved_global/fastq/SRS2746043/SRR6361725_1.fastq.gz /nas/longleaf/home/zpopkinh/Pvivax_resources/wgs_pe_improved_global/fastq/SRS2746043/SRR6361725_2.fastq.gz
Processing reads on 1 core in paired-end mode ...
Finished in 1.80 s (77 us/read; 0.78 M reads/minute).

=== Summary ===

Total read pairs processed:             23,330
  Read 1 with adapter:                     525 (2.3%)
  Read 2 with adapter:                     690 (3.0%)
Pairs written (passing filters):        23,211 (99.5%)

Total basepairs processed:    11,711,660 bp
  Read 1:     5,855,830 bp
  Read 2:     5,855,830 bp
Total written (filtered):     11,647,295 bp (99.5%)
  Read 1:     5,823,605 bp
  Read 2:     5,823,690 bp

=== First read: Adapter PrefixPE/1 ===

Sequence: TACACTCTTTCCCTACACGACGCTCTTCCGATCT; Type: regular 3'; Length: 34; Trimmed: 442 times

No. of allowed errors:
0-9 bp: 0; 10-19 bp: 1; 20-29 bp: 2; 30-34 bp: 3

Bases preceding removed adapters:
  A: 59.0%
  C: 11.1%
  G: 16.1%
  T: 13.8%
  none/other: 0.0%

Overview of removed sequences
length	count	expect	max.err	error counts
3	171	364.5	0	171
4	173	91.1	0	173
5	13	22.8	0	13
6	2	5.7	0	2
10	1	0.0	1	0 1
12	1	0.0	1	0 1
191	1	0.0	3	0 0 0 1
194	1	0.0	3	0 0 0 1
195	1	0.0	3	0 0 0 1
200	1	0.0	3	0 0 0 1
236	2	0.0	3	0 0 0 2
237	2	0.0	3	0 0 0 2
238	1	0.0	3	0 0 0 1
239	56	0.0	3	0 0 10 46
240	5	0.0	3	0 0 0 5
241	1	0.0	3	0 0 0 1
242	3	0.0	3	0 0 1 2
243	3	0.0	3	0 0 2 1
244	1	0.0	3	0 0 1
245	2	0.0	3	0 0 2
249	1	0.0	3	0 0 0 1


=== First read: Adapter PrefixPE/2 ===

Sequence: GTGACTGGAGTTCAGACGTGTGCTCTTCCGATCT; Type: regular 3'; Length: 34; Trimmed: 83 times

No. of allowed errors:
0-9 bp: 0; 10-19 bp: 1; 20-29 bp: 2; 30-34 bp: 3

Bases preceding removed adapters:
  A: 50.6%
  C: 4.8%
  G: 12.0%
  T: 32.5%
  none/other: 0.0%

Overview of removed sequences
length	count	expect	max.err	error counts
3	55	364.5	0	55
4	25	91.1	0	25
5	3	22.8	0	3


=== Second read: Adapter PrefixPE/1 ===

Sequence: TACACTCTTTCCCTACACGACGCTCTTCCGATCT; Type: regular 3'; Length: 34; Trimmed: 374 times

No. of allowed errors:
0-9 bp: 0; 10-19 bp: 1; 20-29 bp: 2; 30-34 bp: 3

Bases preceding removed adapters:
  A: 68.7%
  C: 12.6%
  G: 11.0%
  T: 7.8%
  none/other: 0.0%

Overview of removed sequences
length	count	expect	max.err	error counts
3	112	364.5	0	112
4	243	91.1	0	243
5	13	22.8	0	13
6	6	5.7	0	6


=== Second read: Adapter PrefixPE/2 ===

Sequence: GTGACTGGAGTTCAGACGTGTGCTCTTCCGATCT; Type: regular 3'; Length: 34; Trimmed: 316 times

No. of allowed errors:
0-9 bp: 0; 10-19 bp: 1; 20-29 bp: 2; 30-34 bp: 3

Bases preceding removed adapters:
  A: 36.1%
  C: 6.3%
  G: 8.9%
  T: 48.7%
  none/other: 0.0%

Overview of removed sequences
length	count	expect	max.err	error counts
3	231	364.5	0	231
4	40	91.1	0	40
5	2	22.8	0	2
6	1	5.7	0	1
228	1	0.0	3	0 1
230	2	0.0	3	0 0 2
232	4	0.0	3	0 0 1 3
233	1	0.0	3	0 1
234	8	0.0	3	0 6 2
235	1	0.0	3	0 1
236	9	0.0	3	0 1 6 2
237	8	0.0	3	0 0 0 8
238	6	0.0	3	0 0 2 4
239	1	0.0	3	0 1
242	1	0.0	3	0 0 1
