This is cutadapt 2.9 with Python 3.6.6
Command line parameters: --interleaved -a file:/nas02/apps/trimmomatic-0.36/Trimmomatic-0.36/adapters/TruSeq3-PE.fa -A file:/nas02/apps/trimmomatic-0.36/Trimmomatic-0.36/adapters/TruSeq3-PE.fa -m 30 /nas/longleaf/home/zpopkinh/Pvivax_resources/wgs_pe_improved_global/fastq/SRS2910013/SRR6668542_1.fastq.gz /nas/longleaf/home/zpopkinh/Pvivax_resources/wgs_pe_improved_global/fastq/SRS2910013/SRR6668542_2.fastq.gz
Processing reads on 1 core in paired-end mode ...
Finished in 370.79 s (74 us/read; 0.81 M reads/minute).

=== Summary ===

Total read pairs processed:          5,018,599
  Read 1 with adapter:                 206,604 (4.1%)
  Read 2 with adapter:                 241,734 (4.8%)
Pairs written (passing filters):     5,018,599 (100.0%)

Total basepairs processed: 1,003,719,800 bp
  Read 1:   501,859,900 bp
  Read 2:   501,859,900 bp
Total written (filtered):  1,002,152,634 bp (99.8%)
  Read 1:   501,128,589 bp
  Read 2:   501,024,045 bp

=== First read: Adapter PrefixPE/1 ===

Sequence: TACACTCTTTCCCTACACGACGCTCTTCCGATCT; Type: regular 3'; Length: 34; Trimmed: 123520 times

No. of allowed errors:
0-9 bp: 0; 10-19 bp: 1; 20-29 bp: 2; 30-34 bp: 3

Bases preceding removed adapters:
  A: 59.5%
  C: 13.0%
  G: 14.7%
  T: 12.8%
  none/other: 0.0%

Overview of removed sequences
length	count	expect	max.err	error counts
3	64639	78415.6	0	64639
4	33709	19603.9	0	33709
5	23678	4901.0	0	23678
6	765	1225.2	0	765
7	176	306.3	0	176
8	49	76.6	0	49
9	223	19.1	0	25 198
10	197	4.8	1	4 193
11	69	1.2	1	0 69
12	11	0.3	1	0 11
13	2	0.1	1	0 2
14	2	0.0	1	0 2


=== First read: Adapter PrefixPE/2 ===

Sequence: GTGACTGGAGTTCAGACGTGTGCTCTTCCGATCT; Type: regular 3'; Length: 34; Trimmed: 83084 times

No. of allowed errors:
0-9 bp: 0; 10-19 bp: 1; 20-29 bp: 2; 30-34 bp: 3

Bases preceding removed adapters:
  A: 22.6%
  C: 19.7%
  G: 29.4%
  T: 28.3%
  none/other: 0.0%

Overview of removed sequences
length	count	expect	max.err	error counts
3	65117	78415.6	0	65117
4	14442	19603.9	0	14442
5	2451	4901.0	0	2451
6	590	1225.2	0	590
7	214	306.3	0	214
8	10	76.6	0	10
9	125	19.1	0	2 123
10	81	4.8	1	0 81
11	46	1.2	1	0 46
12	5	0.3	1	0 5
13	3	0.1	1	0 3


=== Second read: Adapter PrefixPE/1 ===

Sequence: TACACTCTTTCCCTACACGACGCTCTTCCGATCT; Type: regular 3'; Length: 34; Trimmed: 123785 times

No. of allowed errors:
0-9 bp: 0; 10-19 bp: 1; 20-29 bp: 2; 30-34 bp: 3

Bases preceding removed adapters:
  A: 59.3%
  C: 13.3%
  G: 14.8%
  T: 12.6%
  none/other: 0.0%

Overview of removed sequences
length	count	expect	max.err	error counts
3	65043	78415.6	0	65043
4	33773	19603.9	0	33773
5	23525	4901.0	0	23525
6	769	1225.2	0	769
7	179	306.3	0	179
8	41	76.6	0	41
9	216	19.1	0	17 199
10	145	4.8	1	3 142
11	70	1.2	1	0 70
12	18	0.3	1	0 18
13	5	0.1	1	0 5
14	1	0.0	1	0 1


=== Second read: Adapter PrefixPE/2 ===

Sequence: GTGACTGGAGTTCAGACGTGTGCTCTTCCGATCT; Type: regular 3'; Length: 34; Trimmed: 117949 times

No. of allowed errors:
0-9 bp: 0; 10-19 bp: 1; 20-29 bp: 2; 30-34 bp: 3

Bases preceding removed adapters:
  A: 31.9%
  C: 13.7%
  G: 34.7%
  T: 19.8%
  none/other: 0.0%

Overview of removed sequences
length	count	expect	max.err	error counts
3	100010	78415.6	0	100010
4	14473	19603.9	0	14473
5	2418	4901.0	0	2418
6	624	1225.2	0	624
7	196	306.3	0	196
8	9	76.6	0	9
9	100	19.1	0	1 99
10	64	4.8	1	2 62
11	48	1.2	1	0 48
12	5	0.3	1	0 5
13	1	0.1	1	0 1
14	1	0.0	1	0 1
