This is cutadapt 2.9 with Python 3.6.6
Command line parameters: --interleaved -a file:/nas02/apps/trimmomatic-0.36/Trimmomatic-0.36/adapters/TruSeq3-PE.fa -A file:/nas02/apps/trimmomatic-0.36/Trimmomatic-0.36/adapters/TruSeq3-PE.fa -m 30 /nas/longleaf/home/zpopkinh/Pvivax_resources/wgs_pe_improved_global/fastq/ERS2593851/ERR2678992_1.fastq.gz /nas/longleaf/home/zpopkinh/Pvivax_resources/wgs_pe_improved_global/fastq/ERS2593851/ERR2678992_2.fastq.gz
Processing reads on 1 core in paired-end mode ...
Finished in 1230.93 s (141 us/read; 0.43 M reads/minute).

=== Summary ===

Total read pairs processed:          8,757,699
  Read 1 with adapter:                 306,073 (3.5%)
  Read 2 with adapter:                 289,523 (3.3%)
Pairs written (passing filters):     8,757,699 (100.0%)

Total basepairs processed: 2,644,825,098 bp
  Read 1: 1,322,412,549 bp
  Read 2: 1,322,412,549 bp
Total written (filtered):  2,642,818,304 bp (99.9%)
  Read 1: 1,321,380,334 bp
  Read 2: 1,321,437,970 bp

=== First read: Adapter PrefixPE/1 ===

Sequence: TACACTCTTTCCCTACACGACGCTCTTCCGATCT; Type: regular 3'; Length: 34; Trimmed: 154296 times

No. of allowed errors:
0-9 bp: 0; 10-19 bp: 1; 20-29 bp: 2; 30-34 bp: 3

Bases preceding removed adapters:
  A: 28.7%
  C: 19.2%
  G: 23.4%
  T: 28.7%
  none/other: 0.0%

Overview of removed sequences
length	count	expect	max.err	error counts
3	101843	136839.0	0	101843
4	40831	34209.8	0	40831
5	8201	8552.4	0	8201
6	1723	2138.1	0	1723
7	325	534.5	0	325
8	89	133.6	0	89
9	532	33.4	0	27 505
10	539	8.4	1	21 518
11	157	2.1	1	2 155
12	37	0.5	1	1 36
13	4	0.1	1	0 4
14	13	0.0	1	0 13
15	1	0.0	1	0 1
53	1	0.0	3	0 1


=== First read: Adapter PrefixPE/2 ===

Sequence: GTGACTGGAGTTCAGACGTGTGCTCTTCCGATCT; Type: regular 3'; Length: 34; Trimmed: 151777 times

No. of allowed errors:
0-9 bp: 0; 10-19 bp: 1; 20-29 bp: 2; 30-34 bp: 3

Bases preceding removed adapters:
  A: 22.5%
  C: 20.0%
  G: 28.2%
  T: 29.2%
  none/other: 0.0%

Overview of removed sequences
length	count	expect	max.err	error counts
3	119764	136839.0	0	119764
4	26091	34209.8	0	26091
5	4419	8552.4	0	4419
6	898	2138.1	0	898
7	218	534.5	0	218
8	38	133.6	0	38
9	152	33.4	0	7 145
10	140	8.4	1	1 139
11	44	2.1	1	0 44
12	9	0.5	1	0 9
13	4	0.1	1	0 4


=== Second read: Adapter PrefixPE/1 ===

Sequence: TACACTCTTTCCCTACACGACGCTCTTCCGATCT; Type: regular 3'; Length: 34; Trimmed: 139186 times

No. of allowed errors:
0-9 bp: 0; 10-19 bp: 1; 20-29 bp: 2; 30-34 bp: 3

Bases preceding removed adapters:
  A: 27.9%
  C: 20.7%
  G: 23.3%
  T: 28.0%
  none/other: 0.0%

Overview of removed sequences
length	count	expect	max.err	error counts
3	90846	136839.0	0	90846
4	37296	34209.8	0	37296
5	7789	8552.4	0	7789
6	1541	2138.1	0	1541
7	346	534.5	0	346
8	75	133.6	0	75
9	536	33.4	0	33 503
10	551	8.4	1	14 537
11	155	2.1	1	0 155
12	34	0.5	1	1 33
13	13	0.1	1	1 12
14	4	0.0	1	0 4


=== Second read: Adapter PrefixPE/2 ===

Sequence: GTGACTGGAGTTCAGACGTGTGCTCTTCCGATCT; Type: regular 3'; Length: 34; Trimmed: 150337 times

No. of allowed errors:
0-9 bp: 0; 10-19 bp: 1; 20-29 bp: 2; 30-34 bp: 3

Bases preceding removed adapters:
  A: 21.4%
  C: 21.3%
  G: 28.9%
  T: 28.4%
  none/other: 0.0%

Overview of removed sequences
length	count	expect	max.err	error counts
3	121662	136839.0	0	121662
4	22734	34209.8	0	22734
5	4430	8552.4	0	4430
6	822	2138.1	0	822
7	230	534.5	0	230
8	56	133.6	0	56
9	183	33.4	0	8 175
10	164	8.4	1	2 162
11	50	2.1	1	0 50
12	5	0.5	1	1 4
13	1	0.1	1	0 1
