This is cutadapt 2.9 with Python 3.6.6
Command line parameters: --interleaved -a file:/nas02/apps/trimmomatic-0.36/Trimmomatic-0.36/adapters/TruSeq3-PE.fa -A file:/nas02/apps/trimmomatic-0.36/Trimmomatic-0.36/adapters/TruSeq3-PE.fa -m 30 /nas/longleaf/home/zpopkinh/Pvivax_resources/wgs_pe_improved_global/fastq/ERS403529/ERR527339_1.fastq.gz /nas/longleaf/home/zpopkinh/Pvivax_resources/wgs_pe_improved_global/fastq/ERS403529/ERR527339_2.fastq.gz
Processing reads on 1 core in paired-end mode ...
Finished in 506.10 s (75 us/read; 0.80 M reads/minute).

=== Summary ===

Total read pairs processed:          6,782,640
  Read 1 with adapter:                 249,457 (3.7%)
  Read 2 with adapter:                 246,228 (3.6%)
Pairs written (passing filters):     6,782,640 (100.0%)

Total basepairs processed: 1,356,528,000 bp
  Read 1:   678,264,000 bp
  Read 2:   678,264,000 bp
Total written (filtered):  1,354,850,965 bp (99.9%)
  Read 1:   677,419,866 bp
  Read 2:   677,431,099 bp

=== First read: Adapter PrefixPE/1 ===

Sequence: TACACTCTTTCCCTACACGACGCTCTTCCGATCT; Type: regular 3'; Length: 34; Trimmed: 134652 times

No. of allowed errors:
0-9 bp: 0; 10-19 bp: 1; 20-29 bp: 2; 30-34 bp: 3

Bases preceding removed adapters:
  A: 29.2%
  C: 18.0%
  G: 23.0%
  T: 29.8%
  none/other: 0.0%

Overview of removed sequences
length	count	expect	max.err	error counts
3	89505	105978.8	0	89505
4	34907	26494.7	0	34907
5	7119	6623.7	0	7119
6	1584	1655.9	0	1584
7	318	414.0	0	318
8	92	103.5	0	92
9	391	25.9	0	30 361
10	516	6.5	1	10 506
11	180	1.6	1	1 179
12	22	0.4	1	1 21
13	13	0.1	1	0 13
14	3	0.0	1	0 3
15	1	0.0	1	0 1
49	1	0.0	3	0 1


=== First read: Adapter PrefixPE/2 ===

Sequence: GTGACTGGAGTTCAGACGTGTGCTCTTCCGATCT; Type: regular 3'; Length: 34; Trimmed: 114805 times

No. of allowed errors:
0-9 bp: 0; 10-19 bp: 1; 20-29 bp: 2; 30-34 bp: 3

Bases preceding removed adapters:
  A: 24.7%
  C: 17.6%
  G: 25.0%
  T: 32.7%
  none/other: 0.0%

Overview of removed sequences
length	count	expect	max.err	error counts
3	89220	105978.8	0	89220
4	21276	26494.7	0	21276
5	3092	6623.7	0	3092
6	761	1655.9	0	761
7	157	414.0	0	157
8	21	103.5	0	21
9	139	25.9	0	8 131
10	106	6.5	1	3 103
11	32	1.6	1	0 32
12	1	0.4	1	0 1


=== Second read: Adapter PrefixPE/1 ===

Sequence: TACACTCTTTCCCTACACGACGCTCTTCCGATCT; Type: regular 3'; Length: 34; Trimmed: 133957 times

No. of allowed errors:
0-9 bp: 0; 10-19 bp: 1; 20-29 bp: 2; 30-34 bp: 3

Bases preceding removed adapters:
  A: 29.3%
  C: 18.0%
  G: 22.9%
  T: 29.9%
  none/other: 0.0%

Overview of removed sequences
length	count	expect	max.err	error counts
3	88771	105978.8	0	88771
4	35098	26494.7	0	35098
5	7007	6623.7	0	7007
6	1582	1655.9	0	1582
7	318	414.0	0	318
8	90	103.5	0	90
9	386	25.9	0	18 368
10	520	6.5	1	8 512
11	144	1.6	1	0 144
12	31	0.4	1	0 31
13	8	0.1	1	0 8
14	2	0.0	1	0 2


=== Second read: Adapter PrefixPE/2 ===

Sequence: GTGACTGGAGTTCAGACGTGTGCTCTTCCGATCT; Type: regular 3'; Length: 34; Trimmed: 112271 times

No. of allowed errors:
0-9 bp: 0; 10-19 bp: 1; 20-29 bp: 2; 30-34 bp: 3

Bases preceding removed adapters:
  A: 24.5%
  C: 17.7%
  G: 24.9%
  T: 32.9%
  none/other: 0.0%

Overview of removed sequences
length	count	expect	max.err	error counts
3	87529	105978.8	0	87529
4	20581	26494.7	0	20581
5	3024	6623.7	0	3024
6	721	1655.9	0	721
7	161	414.0	0	161
8	26	103.5	0	26
9	88	25.9	0	3 85
10	89	6.5	1	1 88
11	39	1.6	1	0 39
12	11	0.4	1	0 11
13	2	0.1	1	0 2
