This is cutadapt 2.9 with Python 3.6.6
Command line parameters: --interleaved -a file:/nas02/apps/trimmomatic-0.36/Trimmomatic-0.36/adapters/TruSeq3-PE.fa -A file:/nas02/apps/trimmomatic-0.36/Trimmomatic-0.36/adapters/TruSeq3-PE.fa -m 30 /nas/longleaf/home/zpopkinh/Pvivax_resources/wgs_pe_improved_global/fastq/ERS503258/ERR713941_1.fastq.gz /nas/longleaf/home/zpopkinh/Pvivax_resources/wgs_pe_improved_global/fastq/ERS503258/ERR713941_2.fastq.gz
Processing reads on 1 core in paired-end mode ...
Finished in 2342.87 s (87 us/read; 0.69 M reads/minute).

=== Summary ===

Total read pairs processed:         26,862,024
  Read 1 with adapter:                 972,514 (3.6%)
  Read 2 with adapter:                 962,364 (3.6%)
Pairs written (passing filters):    26,862,024 (100.0%)

Total basepairs processed: 5,372,404,800 bp
  Read 1: 2,686,202,400 bp
  Read 2: 2,686,202,400 bp
Total written (filtered):  5,365,865,585 bp (99.9%)
  Read 1: 2,682,916,775 bp
  Read 2: 2,682,948,810 bp

=== First read: Adapter PrefixPE/1 ===

Sequence: TACACTCTTTCCCTACACGACGCTCTTCCGATCT; Type: regular 3'; Length: 34; Trimmed: 533417 times

No. of allowed errors:
0-9 bp: 0; 10-19 bp: 1; 20-29 bp: 2; 30-34 bp: 3

Bases preceding removed adapters:
  A: 29.9%
  C: 17.9%
  G: 22.0%
  T: 30.2%
  none/other: 0.0%

Overview of removed sequences
length	count	expect	max.err	error counts
3	354180	419719.1	0	354180
4	139516	104929.8	0	139516
5	28077	26232.4	0	28077
6	6191	6558.1	0	6191
7	1127	1639.5	0	1127
8	276	409.9	0	276
9	1706	102.5	0	113 1593
10	1609	25.6	1	42 1567
11	567	6.4	1	10 557
12	135	1.6	1	4 131
13	24	0.4	1	1 23
14	8	0.1	1	0 8
15	1	0.0	1	0 1


=== First read: Adapter PrefixPE/2 ===

Sequence: GTGACTGGAGTTCAGACGTGTGCTCTTCCGATCT; Type: regular 3'; Length: 34; Trimmed: 439097 times

No. of allowed errors:
0-9 bp: 0; 10-19 bp: 1; 20-29 bp: 2; 30-34 bp: 3

Bases preceding removed adapters:
  A: 24.0%
  C: 18.0%
  G: 25.1%
  T: 32.9%
  none/other: 0.0%

Overview of removed sequences
length	count	expect	max.err	error counts
3	343796	419719.1	0	343796
4	78996	104929.8	0	78996
5	12004	26232.4	0	12004
6	2610	6558.1	0	2610
7	640	1639.5	0	640
8	111	409.9	0	111
9	391	102.5	0	24 367
10	382	25.6	1	6 376
11	120	6.4	1	0 120
12	37	1.6	1	0 37
13	10	0.4	1	0 10


=== Second read: Adapter PrefixPE/1 ===

Sequence: TACACTCTTTCCCTACACGACGCTCTTCCGATCT; Type: regular 3'; Length: 34; Trimmed: 530833 times

No. of allowed errors:
0-9 bp: 0; 10-19 bp: 1; 20-29 bp: 2; 30-34 bp: 3

Bases preceding removed adapters:
  A: 30.1%
  C: 17.9%
  G: 21.7%
  T: 30.3%
  none/other: 0.0%

Overview of removed sequences
length	count	expect	max.err	error counts
3	351668	419719.1	0	351668
4	139477	104929.8	0	139477
5	28079	26232.4	0	28079
6	6093	6558.1	0	6093
7	1195	1639.5	0	1195
8	247	409.9	0	247
9	1678	102.5	0	105 1573
10	1701	25.6	1	41 1660
11	545	6.4	1	6 539
12	105	1.6	1	0 105
13	31	0.4	1	1 30
14	13	0.1	1	0 13
15	1	0.0	1	0 1


=== Second read: Adapter PrefixPE/2 ===

Sequence: GTGACTGGAGTTCAGACGTGTGCTCTTCCGATCT; Type: regular 3'; Length: 34; Trimmed: 431531 times

No. of allowed errors:
0-9 bp: 0; 10-19 bp: 1; 20-29 bp: 2; 30-34 bp: 3

Bases preceding removed adapters:
  A: 24.2%
  C: 18.0%
  G: 25.0%
  T: 32.8%
  none/other: 0.0%

Overview of removed sequences
length	count	expect	max.err	error counts
3	337773	419719.1	0	337773
4	77543	104929.8	0	77543
5	11822	26232.4	0	11822
6	2699	6558.1	0	2699
7	648	1639.5	0	648
8	89	409.9	0	89
9	424	102.5	0	26 398
10	358	25.6	1	10 348
11	130	6.4	1	1 129
12	37	1.6	1	1 36
13	8	0.4	1	0 8
