This is cutadapt 2.9 with Python 3.6.6
Command line parameters: --interleaved -a file:/nas02/apps/trimmomatic-0.36/Trimmomatic-0.36/adapters/TruSeq3-PE.fa -A file:/nas02/apps/trimmomatic-0.36/Trimmomatic-0.36/adapters/TruSeq3-PE.fa -m 30 /nas/longleaf/home/zpopkinh/Pvivax_resources/wgs_pe_improved_global/fastq/SRS1061166/SRR2316895_1.fastq.gz /nas/longleaf/home/zpopkinh/Pvivax_resources/wgs_pe_improved_global/fastq/SRS1061166/SRR2316895_2.fastq.gz
Processing reads on 1 core in paired-end mode ...
Finished in 565.98 s (71 us/read; 0.85 M reads/minute).

=== Summary ===

Total read pairs processed:          7,990,541
  Read 1 with adapter:                 292,851 (3.7%)
  Read 2 with adapter:                 296,968 (3.7%)
Pairs written (passing filters):     7,990,521 (100.0%)

Total basepairs processed: 1,598,108,200 bp
  Read 1:   799,054,100 bp
  Read 2:   799,054,100 bp
Total written (filtered):  1,596,100,803 bp (99.9%)
  Read 1:   798,057,797 bp
  Read 2:   798,043,006 bp

=== First read: Adapter PrefixPE/1 ===

Sequence: TACACTCTTTCCCTACACGACGCTCTTCCGATCT; Type: regular 3'; Length: 34; Trimmed: 144885 times

No. of allowed errors:
0-9 bp: 0; 10-19 bp: 1; 20-29 bp: 2; 30-34 bp: 3

Bases preceding removed adapters:
  A: 29.5%
  C: 21.0%
  G: 19.4%
  T: 30.2%
  none/other: 0.0%

Overview of removed sequences
length	count	expect	max.err	error counts
3	96166	124852.2	0	96166
4	38228	31213.1	0	38228
5	7068	7803.3	0	7068
6	1691	1950.8	0	1691
7	351	487.7	0	351
8	94	121.9	0	94
9	396	30.5	0	29 367
10	631	7.6	1	24 607
11	207	1.9	1	3 204
12	36	0.5	1	0 36
13	7	0.1	1	0 7
14	6	0.0	1	0 6
95	2	0.0	3	0 0 0 2
99	1	0.0	3	1
100	1	0.0	3	0 0 0 1


=== First read: Adapter PrefixPE/2 ===

Sequence: GTGACTGGAGTTCAGACGTGTGCTCTTCCGATCT; Type: regular 3'; Length: 34; Trimmed: 147966 times

No. of allowed errors:
0-9 bp: 0; 10-19 bp: 1; 20-29 bp: 2; 30-34 bp: 3

Bases preceding removed adapters:
  A: 28.0%
  C: 11.9%
  G: 25.8%
  T: 34.3%
  none/other: 0.0%

Overview of removed sequences
length	count	expect	max.err	error counts
3	112328	124852.2	0	112328
4	28710	31213.1	0	28710
5	4702	7803.3	0	4702
6	1246	1950.8	0	1246
7	335	487.7	0	335
8	98	121.9	0	98
9	200	30.5	0	15 185
10	226	7.6	1	7 219
11	88	1.9	1	0 88
12	15	0.5	1	0 15
13	8	0.1	1	0 8
14	2	0.0	1	0 2
15	1	0.0	1	0 1
25	1	0.0	2	1
38	1	0.0	3	0 0 1
41	1	0.0	3	1
42	1	0.0	3	0 1
72	1	0.0	3	0 0 0 1
91	2	0.0	3	1 0 0 1


=== Second read: Adapter PrefixPE/1 ===

Sequence: TACACTCTTTCCCTACACGACGCTCTTCCGATCT; Type: regular 3'; Length: 34; Trimmed: 146704 times

No. of allowed errors:
0-9 bp: 0; 10-19 bp: 1; 20-29 bp: 2; 30-34 bp: 3

Bases preceding removed adapters:
  A: 29.4%
  C: 21.1%
  G: 19.5%
  T: 29.9%
  none/other: 0.0%

Overview of removed sequences
length	count	expect	max.err	error counts
3	97265	124852.2	0	97265
4	38608	31213.1	0	38608
5	7232	7803.3	0	7232
6	1811	1950.8	0	1811
7	392	487.7	0	392
8	103	121.9	0	103
9	434	30.5	0	41 393
10	607	7.6	1	14 593
11	179	1.9	1	2 177
12	46	0.5	1	0 46
13	10	0.1	1	0 10
14	4	0.0	1	1 3
76	3	0.0	3	3
83	9	0.0	3	9
98	1	0.0	3	1


=== Second read: Adapter PrefixPE/2 ===

Sequence: GTGACTGGAGTTCAGACGTGTGCTCTTCCGATCT; Type: regular 3'; Length: 34; Trimmed: 150264 times

No. of allowed errors:
0-9 bp: 0; 10-19 bp: 1; 20-29 bp: 2; 30-34 bp: 3

Bases preceding removed adapters:
  A: 28.3%
  C: 11.8%
  G: 25.8%
  T: 34.2%
  none/other: 0.0%

Overview of removed sequences
length	count	expect	max.err	error counts
3	114115	124852.2	0	114115
4	28864	31213.1	0	28864
5	4869	7803.3	0	4869
6	1395	1950.8	0	1395
7	344	487.7	0	344
8	82	121.9	0	82
9	216	30.5	0	22 194
10	235	7.6	1	6 229
11	91	1.9	1	2 89
12	39	0.5	1	0 39
13	8	0.1	1	0 8
15	3	0.0	1	0 3
36	1	0.0	3	0 0 1
62	1	0.0	3	0 0 0 1
95	1	0.0	3	0 0 1
