This is cutadapt 2.9 with Python 3.6.6
Command line parameters: --interleaved -a file:/nas02/apps/trimmomatic-0.36/Trimmomatic-0.36/adapters/TruSeq3-PE.fa -A file:/nas02/apps/trimmomatic-0.36/Trimmomatic-0.36/adapters/TruSeq3-PE.fa -m 30 /nas/longleaf/home/zpopkinh/Pvivax_resources/wgs_pe_improved_global/fastq/SRR10969359/SRR10969359_1.fastq.gz /nas/longleaf/home/zpopkinh/Pvivax_resources/wgs_pe_improved_global/fastq/SRR10969359/SRR10969359_2.fastq.gz
Processing reads on 1 core in paired-end mode ...
Finished in 868.45 s (106 us/read; 0.57 M reads/minute).

=== Summary ===

Total read pairs processed:          8,198,480
  Read 1 with adapter:                 286,989 (3.5%)
  Read 2 with adapter:                 289,216 (3.5%)
Pairs written (passing filters):     8,198,480 (100.0%)

Total basepairs processed: 2,459,544,000 bp
  Read 1: 1,229,772,000 bp
  Read 2: 1,229,772,000 bp
Total written (filtered):  2,457,598,112 bp (99.9%)
  Read 1: 1,228,802,641 bp
  Read 2: 1,228,795,471 bp

=== First read: Adapter PrefixPE/1 ===

Sequence: TACACTCTTTCCCTACACGACGCTCTTCCGATCT; Type: regular 3'; Length: 34; Trimmed: 144475 times

No. of allowed errors:
0-9 bp: 0; 10-19 bp: 1; 20-29 bp: 2; 30-34 bp: 3

Bases preceding removed adapters:
  A: 29.4%
  C: 20.1%
  G: 20.6%
  T: 29.9%
  none/other: 0.0%

Overview of removed sequences
length	count	expect	max.err	error counts
3	97273	128101.2	0	97273
4	36745	32025.3	0	36745
5	7200	8006.3	0	7200
6	1712	2001.6	0	1712
7	321	500.4	0	321
8	94	125.1	0	94
9	424	31.3	0	40 384
10	509	7.8	1	9 500
11	154	2.0	1	1 153
12	29	0.5	1	0 29
13	6	0.1	1	0 6
14	4	0.0	1	0 4
15	3	0.0	1	0 3
98	1	0.0	3	0 0 1


=== First read: Adapter PrefixPE/2 ===

Sequence: GTGACTGGAGTTCAGACGTGTGCTCTTCCGATCT; Type: regular 3'; Length: 34; Trimmed: 142514 times

No. of allowed errors:
0-9 bp: 0; 10-19 bp: 1; 20-29 bp: 2; 30-34 bp: 3

Bases preceding removed adapters:
  A: 23.6%
  C: 17.7%
  G: 27.9%
  T: 30.8%
  none/other: 0.0%

Overview of removed sequences
length	count	expect	max.err	error counts
3	109981	128101.2	0	109981
4	26308	32025.3	0	26308
5	4508	8006.3	0	4508
6	953	2001.6	0	953
7	276	500.4	0	276
8	41	125.1	0	41
9	205	31.3	0	14 191
10	162	7.8	1	3 159
11	63	2.0	1	1 62
12	10	0.5	1	0 10
13	5	0.1	1	0 5
14	2	0.0	1	0 2


=== Second read: Adapter PrefixPE/1 ===

Sequence: TACACTCTTTCCCTACACGACGCTCTTCCGATCT; Type: regular 3'; Length: 34; Trimmed: 145823 times

No. of allowed errors:
0-9 bp: 0; 10-19 bp: 1; 20-29 bp: 2; 30-34 bp: 3

Bases preceding removed adapters:
  A: 29.7%
  C: 19.9%
  G: 20.5%
  T: 29.8%
  none/other: 0.0%

Overview of removed sequences
length	count	expect	max.err	error counts
3	98191	128101.2	0	98191
4	37289	32025.3	0	37289
5	7176	8006.3	0	7176
6	1651	2001.6	0	1651
7	324	500.4	0	324
8	74	125.1	0	74
9	406	31.3	0	33 373
10	492	7.8	1	15 477
11	169	2.0	1	3 166
12	35	0.5	1	0 35
13	10	0.1	1	0 10
14	6	0.0	1	0 6


=== Second read: Adapter PrefixPE/2 ===

Sequence: GTGACTGGAGTTCAGACGTGTGCTCTTCCGATCT; Type: regular 3'; Length: 34; Trimmed: 143393 times

No. of allowed errors:
0-9 bp: 0; 10-19 bp: 1; 20-29 bp: 2; 30-34 bp: 3

Bases preceding removed adapters:
  A: 24.1%
  C: 18.0%
  G: 27.9%
  T: 30.0%
  none/other: 0.0%

Overview of removed sequences
length	count	expect	max.err	error counts
3	110840	128101.2	0	110840
4	26160	32025.3	0	26160
5	4692	8006.3	0	4692
6	963	2001.6	0	963
7	236	500.4	0	236
8	50	125.1	0	50
9	193	31.3	0	13 180
10	174	7.8	1	1 173
11	67	2.0	1	1 66
12	12	0.5	1	0 12
13	3	0.1	1	0 3
53	1	0.0	3	1
91	1	0.0	3	1
96	1	0.0	3	0 0 0 1
