This is cutadapt 2.9 with Python 3.6.6
Command line parameters: --interleaved -a file:/nas02/apps/trimmomatic-0.36/Trimmomatic-0.36/adapters/TruSeq3-PE.fa -A file:/nas02/apps/trimmomatic-0.36/Trimmomatic-0.36/adapters/TruSeq3-PE.fa -m 30 /nas/longleaf/home/zpopkinh/Pvivax_resources/wgs_pe_improved_global/fastq/ERS792630/ERR1138870_1.fastq.gz /nas/longleaf/home/zpopkinh/Pvivax_resources/wgs_pe_improved_global/fastq/ERS792630/ERR1138870_2.fastq.gz
Processing reads on 1 core in paired-end mode ...
Finished in 526.93 s (73 us/read; 0.82 M reads/minute).

=== Summary ===

Total read pairs processed:          7,178,603
  Read 1 with adapter:                 261,721 (3.6%)
  Read 2 with adapter:                 257,513 (3.6%)
Pairs written (passing filters):     7,178,603 (100.0%)

Total basepairs processed: 1,435,720,600 bp
  Read 1:   717,860,300 bp
  Read 2:   717,860,300 bp
Total written (filtered):  1,433,965,983 bp (99.9%)
  Read 1:   716,976,212 bp
  Read 2:   716,989,771 bp

=== First read: Adapter PrefixPE/1 ===

Sequence: TACACTCTTTCCCTACACGACGCTCTTCCGATCT; Type: regular 3'; Length: 34; Trimmed: 138256 times

No. of allowed errors:
0-9 bp: 0; 10-19 bp: 1; 20-29 bp: 2; 30-34 bp: 3

Bases preceding removed adapters:
  A: 28.6%
  C: 18.7%
  G: 23.6%
  T: 29.1%
  none/other: 0.0%

Overview of removed sequences
length	count	expect	max.err	error counts
3	92089	112165.7	0	92089
4	35477	28041.4	0	35477
5	7347	7010.4	0	7347
6	1777	1752.6	0	1777
7	323	438.1	0	323
8	87	109.5	0	87
9	415	27.4	0	31 384
10	525	6.8	1	7 518
11	164	1.7	1	2 162
12	42	0.4	1	0 42
13	7	0.1	1	0 7
14	3	0.0	1	0 3


=== First read: Adapter PrefixPE/2 ===

Sequence: GTGACTGGAGTTCAGACGTGTGCTCTTCCGATCT; Type: regular 3'; Length: 34; Trimmed: 123465 times

No. of allowed errors:
0-9 bp: 0; 10-19 bp: 1; 20-29 bp: 2; 30-34 bp: 3

Bases preceding removed adapters:
  A: 24.2%
  C: 18.0%
  G: 25.3%
  T: 32.4%
  none/other: 0.0%

Overview of removed sequences
length	count	expect	max.err	error counts
3	96980	112165.7	0	96980
4	21885	28041.4	0	21885
5	3368	7010.4	0	3368
6	736	1752.6	0	736
7	157	438.1	0	157
8	29	109.5	0	29
9	129	27.4	0	9 120
10	107	6.8	1	1 106
11	56	1.7	1	0 56
12	15	0.4	1	0 15
13	3	0.1	1	0 3


=== Second read: Adapter PrefixPE/1 ===

Sequence: TACACTCTTTCCCTACACGACGCTCTTCCGATCT; Type: regular 3'; Length: 34; Trimmed: 137332 times

No. of allowed errors:
0-9 bp: 0; 10-19 bp: 1; 20-29 bp: 2; 30-34 bp: 3

Bases preceding removed adapters:
  A: 28.4%
  C: 18.9%
  G: 23.3%
  T: 29.4%
  none/other: 0.0%

Overview of removed sequences
length	count	expect	max.err	error counts
3	91135	112165.7	0	91135
4	35653	28041.4	0	35653
5	7336	7010.4	0	7336
6	1590	1752.6	0	1590
7	335	438.1	0	335
8	78	109.5	0	78
9	454	27.4	0	34 420
10	545	6.8	1	9 536
11	164	1.7	1	0 164
12	35	0.4	1	0 35
13	4	0.1	1	0 4
14	2	0.0	1	0 2
15	1	0.0	1	0 1


=== Second read: Adapter PrefixPE/2 ===

Sequence: GTGACTGGAGTTCAGACGTGTGCTCTTCCGATCT; Type: regular 3'; Length: 34; Trimmed: 120181 times

No. of allowed errors:
0-9 bp: 0; 10-19 bp: 1; 20-29 bp: 2; 30-34 bp: 3

Bases preceding removed adapters:
  A: 24.2%
  C: 18.0%
  G: 25.1%
  T: 32.7%
  none/other: 0.0%

Overview of removed sequences
length	count	expect	max.err	error counts
3	94403	112165.7	0	94403
4	21194	28041.4	0	21194
5	3330	7010.4	0	3330
6	747	1752.6	0	747
7	195	438.1	0	195
8	40	109.5	0	40
9	113	27.4	0	7 106
10	111	6.8	1	1 110
11	39	1.7	1	1 38
12	7	0.4	1	0 7
13	2	0.1	1	0 2
