This is cutadapt 2.9 with Python 3.6.6
Command line parameters: --interleaved -a file:/nas02/apps/trimmomatic-0.36/Trimmomatic-0.36/adapters/TruSeq3-PE.fa -A file:/nas02/apps/trimmomatic-0.36/Trimmomatic-0.36/adapters/TruSeq3-PE.fa -m 30 /nas/longleaf/home/zpopkinh/Pvivax_resources/wgs_pe_improved_global/fastq/ERS3516658/ERR3439125_1.fastq.gz /nas/longleaf/home/zpopkinh/Pvivax_resources/wgs_pe_improved_global/fastq/ERS3516658/ERR3439125_2.fastq.gz
Processing reads on 1 core in paired-end mode ...
Finished in 1.59 s (50 us/read; 1.20 M reads/minute).

=== Summary ===

Total read pairs processed:             31,879
  Read 1 with adapter:                     702 (2.2%)
  Read 2 with adapter:                     639 (2.0%)
Pairs written (passing filters):        31,879 (100.0%)

Total basepairs processed:     9,563,700 bp
  Read 1:     4,781,850 bp
  Read 2:     4,781,850 bp
Total written (filtered):      9,558,694 bp (99.9%)
  Read 1:     4,779,443 bp
  Read 2:     4,779,251 bp

=== First read: Adapter PrefixPE/1 ===

Sequence: TACACTCTTTCCCTACACGACGCTCTTCCGATCT; Type: regular 3'; Length: 34; Trimmed: 321 times

No. of allowed errors:
0-9 bp: 0; 10-19 bp: 1; 20-29 bp: 2; 30-34 bp: 3

Bases preceding removed adapters:
  A: 72.3%
  C: 9.7%
  G: 5.3%
  T: 12.8%
  none/other: 0.0%

Overview of removed sequences
length	count	expect	max.err	error counts
3	249	498.1	0	249
4	47	124.5	0	47
5	9	31.1	0	9
6	1	7.8	0	1
9	15	0.1	0	0 15


=== First read: Adapter PrefixPE/2 ===

Sequence: GTGACTGGAGTTCAGACGTGTGCTCTTCCGATCT; Type: regular 3'; Length: 34; Trimmed: 381 times

No. of allowed errors:
0-9 bp: 0; 10-19 bp: 1; 20-29 bp: 2; 30-34 bp: 3

Bases preceding removed adapters:
  A: 3.7%
  C: 2.1%
  G: 44.4%
  T: 49.9%
  none/other: 0.0%

Overview of removed sequences
length	count	expect	max.err	error counts
3	244	498.1	0	244
4	132	124.5	0	132
5	4	31.1	0	4
6	1	7.8	0	1


=== Second read: Adapter PrefixPE/1 ===

Sequence: TACACTCTTTCCCTACACGACGCTCTTCCGATCT; Type: regular 3'; Length: 34; Trimmed: 323 times

No. of allowed errors:
0-9 bp: 0; 10-19 bp: 1; 20-29 bp: 2; 30-34 bp: 3

Bases preceding removed adapters:
  A: 18.0%
  C: 5.9%
  G: 64.4%
  T: 11.8%
  none/other: 0.0%

Overview of removed sequences
length	count	expect	max.err	error counts
3	97	498.1	0	97
4	39	124.5	0	39
5	5	31.1	0	5
6	180	7.8	0	180
9	1	0.1	0	0 1
10	1	0.0	1	0 1


=== Second read: Adapter PrefixPE/2 ===

Sequence: GTGACTGGAGTTCAGACGTGTGCTCTTCCGATCT; Type: regular 3'; Length: 34; Trimmed: 316 times

No. of allowed errors:
0-9 bp: 0; 10-19 bp: 1; 20-29 bp: 2; 30-34 bp: 3

Bases preceding removed adapters:
  A: 9.2%
  C: 22.2%
  G: 35.1%
  T: 33.5%
  none/other: 0.0%

Overview of removed sequences
length	count	expect	max.err	error counts
3	264	498.1	0	264
4	29	124.5	0	29
5	22	31.1	0	22
10	1	0.0	1	0 1
