This is cutadapt 2.9 with Python 3.6.6
Command line parameters: --interleaved -a file:/nas02/apps/trimmomatic-0.36/Trimmomatic-0.36/adapters/TruSeq3-PE.fa -A file:/nas02/apps/trimmomatic-0.36/Trimmomatic-0.36/adapters/TruSeq3-PE.fa -m 30 /nas/longleaf/home/zpopkinh/Pvivax_resources/wgs_pe_improved_global/fastq/SRS258349/SRR332915_1.fastq.gz /nas/longleaf/home/zpopkinh/Pvivax_resources/wgs_pe_improved_global/fastq/SRS258349/SRR332915_2.fastq.gz
Processing reads on 1 core in paired-end mode ...
Finished in 34524.57 s (364 us/read; 0.16 M reads/minute).

=== Summary ===

Total read pairs processed:         94,875,820
  Read 1 with adapter:               3,407,581 (3.6%)
  Read 2 with adapter:               3,415,645 (3.6%)
Pairs written (passing filters):    94,875,819 (100.0%)

Total basepairs processed: 19,164,915,640 bp
  Read 1: 9,582,457,820 bp
  Read 2: 9,582,457,820 bp
Total written (filtered):  19,141,775,508 bp (99.9%)
  Read 1: 9,570,886,962 bp
  Read 2: 9,570,888,546 bp

=== First read: Adapter PrefixPE/1 ===

Sequence: TACACTCTTTCCCTACACGACGCTCTTCCGATCT; Type: regular 3'; Length: 34; Trimmed: 1582728 times

No. of allowed errors:
0-9 bp: 0; 10-19 bp: 1; 20-29 bp: 2; 30-34 bp: 3

Bases preceding removed adapters:
  A: 29.1%
  C: 23.2%
  G: 18.1%
  T: 29.6%
  none/other: 0.0%

Overview of removed sequences
length	count	expect	max.err	error counts
3	1041449	1482434.7	0	1041449
4	409453	370608.7	0	409453
5	90247	92652.2	0	90247
6	21924	23163.0	0	21924
7	5129	5790.8	0	5129
8	1416	1447.7	0	1416
9	4604	361.9	0	420 4184
10	5731	90.5	1	178 5553
11	2051	22.6	1	15 2036
12	492	5.7	1	7 485
13	157	1.4	1	1 156
14	47	0.4	1	2 45
15	13	0.1	1	0 13
16	5	0.0	1	0 5
18	2	0.0	1	0 2
21	1	0.0	2	1
22	1	0.0	2	1
26	1	0.0	2	0 0 1
27	1	0.0	2	0 0 1
54	1	0.0	3	0 0 0 1
56	2	0.0	3	0 0 2
101	1	0.0	3	0 0 1


=== First read: Adapter PrefixPE/2 ===

Sequence: GTGACTGGAGTTCAGACGTGTGCTCTTCCGATCT; Type: regular 3'; Length: 34; Trimmed: 1824853 times

No. of allowed errors:
0-9 bp: 0; 10-19 bp: 1; 20-29 bp: 2; 30-34 bp: 3

Bases preceding removed adapters:
  A: 26.5%
  C: 11.5%
  G: 26.3%
  T: 35.7%
  none/other: 0.0%

Overview of removed sequences
length	count	expect	max.err	error counts
3	1415917	1482434.7	0	1415917
4	316483	370608.7	0	316483
5	59891	92652.2	0	59891
6	17793	23163.0	0	17793
7	5180	5790.8	0	5180
8	1496	1447.7	0	1496
9	2993	361.9	0	321 2672
10	3560	90.5	1	104 3456
11	1192	22.6	1	19 1173
12	251	5.7	1	3 248
13	58	1.4	1	3 55
14	26	0.4	1	1 25
15	10	0.1	1	0 10
16	2	0.0	1	0 2
20	1	0.0	2	0 0 1


=== Second read: Adapter PrefixPE/1 ===

Sequence: TACACTCTTTCCCTACACGACGCTCTTCCGATCT; Type: regular 3'; Length: 34; Trimmed: 1565988 times

No. of allowed errors:
0-9 bp: 0; 10-19 bp: 1; 20-29 bp: 2; 30-34 bp: 3

Bases preceding removed adapters:
  A: 28.4%
  C: 22.9%
  G: 18.3%
  T: 30.4%
  none/other: 0.0%

Overview of removed sequences
length	count	expect	max.err	error counts
3	1037904	1482434.7	0	1037904
4	404586	370608.7	0	404586
5	83185	92652.2	0	83185
6	21161	23163.0	0	21161
7	4831	5790.8	0	4831
8	1319	1447.7	0	1319
9	4791	361.9	0	415 4376
10	5358	90.5	1	143 5215
11	2122	22.6	1	20 2102
12	507	5.7	1	3 504
13	147	1.4	1	1 146
14	48	0.4	1	0 48
15	23	0.1	1	0 23
16	3	0.0	1	0 3
18	2	0.0	1	0 2
20	1	0.0	2	0 0 1


=== Second read: Adapter PrefixPE/2 ===

Sequence: GTGACTGGAGTTCAGACGTGTGCTCTTCCGATCT; Type: regular 3'; Length: 34; Trimmed: 1849657 times

No. of allowed errors:
0-9 bp: 0; 10-19 bp: 1; 20-29 bp: 2; 30-34 bp: 3

Bases preceding removed adapters:
  A: 26.5%
  C: 13.2%
  G: 26.5%
  T: 33.7%
  none/other: 0.0%

Overview of removed sequences
length	count	expect	max.err	error counts
3	1439323	1482434.7	0	1439323
4	318316	370608.7	0	318316
5	60067	92652.2	0	60067
6	17838	23163.0	0	17838
7	5093	5790.8	0	5093
8	1539	1447.7	0	1539
9	2719	361.9	0	287 2432
10	3248	90.5	1	112 3136
11	1143	22.6	1	14 1129
12	264	5.7	1	7 257
13	77	1.4	1	1 76
14	9	0.4	1	0 9
15	17	0.1	1	0 17
16	3	0.0	1	0 3
19	1	0.0	1	0 0 1
