This is cutadapt 2.9 with Python 3.6.6
Command line parameters: --interleaved -a file:/nas02/apps/trimmomatic-0.36/Trimmomatic-0.36/adapters/TruSeq3-PE.fa -A file:/nas02/apps/trimmomatic-0.36/Trimmomatic-0.36/adapters/TruSeq3-PE.fa -m 30 /nas/longleaf/home/zpopkinh/Pvivax_resources/wgs_pe_improved_global/fastq/SRS258349/SRR332914_1.fastq.gz /nas/longleaf/home/zpopkinh/Pvivax_resources/wgs_pe_improved_global/fastq/SRS258349/SRR332914_2.fastq.gz
Processing reads on 1 core in paired-end mode ...
Finished in 32117.36 s (288 us/read; 0.21 M reads/minute).

=== Summary ===

Total read pairs processed:        111,544,399
  Read 1 with adapter:               3,991,607 (3.6%)
  Read 2 with adapter:               4,054,604 (3.6%)
Pairs written (passing filters):   111,544,397 (100.0%)

Total basepairs processed: 22,531,968,598 bp
  Read 1: 11,265,984,299 bp
  Read 2: 11,265,984,299 bp
Total written (filtered):  22,504,691,003 bp (99.9%)
  Read 1: 11,252,420,589 bp
  Read 2: 11,252,270,414 bp

=== First read: Adapter PrefixPE/1 ===

Sequence: TACACTCTTTCCCTACACGACGCTCTTCCGATCT; Type: regular 3'; Length: 34; Trimmed: 1857270 times

No. of allowed errors:
0-9 bp: 0; 10-19 bp: 1; 20-29 bp: 2; 30-34 bp: 3

Bases preceding removed adapters:
  A: 29.5%
  C: 23.1%
  G: 18.0%
  T: 29.4%
  none/other: 0.0%

Overview of removed sequences
length	count	expect	max.err	error counts
3	1214413	1742881.2	0	1214413
4	484690	435720.3	0	484690
5	107168	108930.1	0	107168
6	26915	27232.5	0	26915
7	6461	6808.1	0	6461
8	1805	1702.0	0	1805
9	5558	425.5	0	505 5053
10	6807	106.4	1	189 6618
11	2491	26.6	1	35 2456
12	658	6.6	1	9 649
13	186	1.7	1	2 184
14	82	0.4	1	2 80
15	18	0.1	1	0 18
16	3	0.0	1	0 3
17	1	0.0	1	0 1
18	1	0.0	1	0 1
19	1	0.0	1	0 0 1
28	1	0.0	2	1
45	1	0.0	3	0 0 0 1
52	1	0.0	3	0 0 0 1
58	1	0.0	3	0 0 0 1
59	1	0.0	3	0 1
60	1	0.0	3	0 0 0 1
61	2	0.0	3	0 1 1
65	1	0.0	3	0 0 0 1
67	1	0.0	3	0 1
101	2	0.0	3	0 0 0 2


=== First read: Adapter PrefixPE/2 ===

Sequence: GTGACTGGAGTTCAGACGTGTGCTCTTCCGATCT; Type: regular 3'; Length: 34; Trimmed: 2134337 times

No. of allowed errors:
0-9 bp: 0; 10-19 bp: 1; 20-29 bp: 2; 30-34 bp: 3

Bases preceding removed adapters:
  A: 26.0%
  C: 11.9%
  G: 26.5%
  T: 35.6%
  none/other: 0.0%

Overview of removed sequences
length	count	expect	max.err	error counts
3	1663071	1742881.2	0	1663071
4	363035	435720.3	0	363035
5	70561	108930.1	0	70561
6	20648	27232.5	0	20648
7	5724	6808.1	0	5724
8	1717	1702.0	0	1717
9	3678	425.5	0	369 3309
10	3965	106.4	1	105 3860
11	1453	26.6	1	17 1436
12	322	6.6	1	5 317
13	117	1.7	1	3 114
14	32	0.4	1	0 32
15	13	0.1	1	1 12
16	1	0.0	1	0 1


=== Second read: Adapter PrefixPE/1 ===

Sequence: TACACTCTTTCCCTACACGACGCTCTTCCGATCT; Type: regular 3'; Length: 34; Trimmed: 1835242 times

No. of allowed errors:
0-9 bp: 0; 10-19 bp: 1; 20-29 bp: 2; 30-34 bp: 3

Bases preceding removed adapters:
  A: 28.5%
  C: 22.8%
  G: 18.4%
  T: 30.3%
  none/other: 0.0%

Overview of removed sequences
length	count	expect	max.err	error counts
3	1217406	1742881.2	0	1217406
4	471752	435720.3	0	471752
5	98053	108930.1	0	98053
6	25479	27232.5	0	25479
7	5659	6808.1	0	5659
8	1660	1702.0	0	1660
9	5408	425.5	0	451 4957
10	6532	106.4	1	146 6386
11	2444	26.6	1	48 2396
12	563	6.6	1	6 557
13	197	1.7	1	1 196
14	64	0.4	1	2 62
15	24	0.1	1	0 24
17	1	0.0	1	0 1


=== Second read: Adapter PrefixPE/2 ===

Sequence: GTGACTGGAGTTCAGACGTGTGCTCTTCCGATCT; Type: regular 3'; Length: 34; Trimmed: 2219362 times

No. of allowed errors:
0-9 bp: 0; 10-19 bp: 1; 20-29 bp: 2; 30-34 bp: 3

Bases preceding removed adapters:
  A: 26.5%
  C: 14.6%
  G: 26.2%
  T: 32.6%
  none/other: 0.0%

Overview of removed sequences
length	count	expect	max.err	error counts
3	1738709	1742881.2	0	1738709
4	373682	435720.3	0	373682
5	69473	108930.1	0	69473
6	21167	27232.5	0	21167
7	5748	6808.1	0	5748
8	1734	1702.0	0	1734
9	3386	425.5	0	401 2985
10	3608	106.4	1	103 3505
11	1406	26.6	1	9 1397
12	305	6.6	1	6 299
13	90	1.7	1	0 90
14	34	0.4	1	0 34
15	17	0.1	1	0 17
16	3	0.0	1	0 3
