This is cutadapt 2.9 with Python 3.6.6
Command line parameters: --interleaved -a file:/nas02/apps/trimmomatic-0.36/Trimmomatic-0.36/adapters/TruSeq3-PE.fa -A file:/nas02/apps/trimmomatic-0.36/Trimmomatic-0.36/adapters/TruSeq3-PE.fa -m 30 /nas/longleaf/home/zpopkinh/Pvivax_resources/wgs_pe_improved_global/fastq/SRS258349/SRR332912_1.fastq.gz /nas/longleaf/home/zpopkinh/Pvivax_resources/wgs_pe_improved_global/fastq/SRS258349/SRR332912_2.fastq.gz
Processing reads on 1 core in paired-end mode ...
Finished in 1831.13 s (60 us/read; 1.00 M reads/minute).

=== Summary ===

Total read pairs processed:         30,396,584
  Read 1 with adapter:               1,123,493 (3.7%)
  Read 2 with adapter:               1,118,561 (3.7%)
Pairs written (passing filters):    30,396,582 (100.0%)

Total basepairs processed: 4,620,280,768 bp
  Read 1: 2,310,140,384 bp
  Read 2: 2,310,140,384 bp
Total written (filtered):  4,612,667,872 bp (99.8%)
  Read 1: 2,306,326,451 bp
  Read 2: 2,306,341,421 bp

=== First read: Adapter PrefixPE/1 ===

Sequence: TACACTCTTTCCCTACACGACGCTCTTCCGATCT; Type: regular 3'; Length: 34; Trimmed: 542733 times

No. of allowed errors:
0-9 bp: 0; 10-19 bp: 1; 20-29 bp: 2; 30-34 bp: 3

Bases preceding removed adapters:
  A: 32.4%
  C: 19.4%
  G: 18.5%
  T: 29.7%
  none/other: 0.0%

Overview of removed sequences
length	count	expect	max.err	error counts
3	363812	474946.6	0	363812
4	142391	118736.7	0	142391
5	23828	29684.2	0	23828
6	6875	7421.0	0	6875
7	1455	1855.3	0	1455
8	398	463.8	0	398
9	1508	116.0	0	113 1395
10	1695	29.0	1	36 1659
11	559	7.2	1	9 550
12	159	1.8	1	2 157
13	40	0.5	1	1 39
14	8	0.1	1	0 8
15	4	0.0	1	0 4
16	1	0.0	1	0 1


=== First read: Adapter PrefixPE/2 ===

Sequence: GTGACTGGAGTTCAGACGTGTGCTCTTCCGATCT; Type: regular 3'; Length: 34; Trimmed: 580760 times

No. of allowed errors:
0-9 bp: 0; 10-19 bp: 1; 20-29 bp: 2; 30-34 bp: 3

Bases preceding removed adapters:
  A: 28.5%
  C: 8.8%
  G: 22.8%
  T: 39.9%
  none/other: 0.0%

Overview of removed sequences
length	count	expect	max.err	error counts
3	435033	474946.6	0	435033
4	115466	118736.7	0	115466
5	20283	29684.2	0	20283
6	5674	7421.0	0	5674
7	1561	1855.3	0	1561
8	406	463.8	0	406
9	857	116.0	0	87 770
10	1003	29.0	1	27 976
11	351	7.2	1	8 343
12	94	1.8	1	1 93
13	18	0.5	1	0 18
14	8	0.1	1	1 7
15	4	0.0	1	0 4
76	2	0.0	3	0 0 1 1


=== Second read: Adapter PrefixPE/1 ===

Sequence: TACACTCTTTCCCTACACGACGCTCTTCCGATCT; Type: regular 3'; Length: 34; Trimmed: 548482 times

No. of allowed errors:
0-9 bp: 0; 10-19 bp: 1; 20-29 bp: 2; 30-34 bp: 3

Bases preceding removed adapters:
  A: 32.5%
  C: 19.5%
  G: 18.3%
  T: 29.7%
  none/other: 0.0%

Overview of removed sequences
length	count	expect	max.err	error counts
3	367949	474946.6	0	367949
4	143298	118736.7	0	143298
5	24257	29684.2	0	24257
6	6958	7421.0	0	6958
7	1544	1855.3	0	1544
8	372	463.8	0	372
9	1500	116.0	0	124 1376
10	1776	29.0	1	36 1740
11	616	7.2	1	14 602
12	152	1.8	1	3 149
13	44	0.5	1	0 44
14	13	0.1	1	0 13
15	1	0.0	1	0 1
17	1	0.0	1	0 1
18	1	0.0	1	0 1


=== Second read: Adapter PrefixPE/2 ===

Sequence: GTGACTGGAGTTCAGACGTGTGCTCTTCCGATCT; Type: regular 3'; Length: 34; Trimmed: 570079 times

No. of allowed errors:
0-9 bp: 0; 10-19 bp: 1; 20-29 bp: 2; 30-34 bp: 3

Bases preceding removed adapters:
  A: 28.4%
  C: 9.0%
  G: 22.6%
  T: 39.9%
  none/other: 0.0%

Overview of removed sequences
length	count	expect	max.err	error counts
3	426151	474946.6	0	426151
4	114523	118736.7	0	114523
5	19813	29684.2	0	19813
6	5478	7421.0	0	5478
7	1460	1855.3	0	1460
8	387	463.8	0	387
9	802	116.0	0	85 717
10	995	29.0	1	34 961
11	355	7.2	1	5 350
12	81	1.8	1	8 73
13	27	0.5	1	0 27
14	4	0.1	1	0 4
15	3	0.0	1	0 3
