This is cutadapt 2.9 with Python 3.6.6
Command line parameters: --interleaved -a file:/nas02/apps/trimmomatic-0.36/Trimmomatic-0.36/adapters/TruSeq3-PE.fa -A file:/nas02/apps/trimmomatic-0.36/Trimmomatic-0.36/adapters/TruSeq3-PE.fa -m 30 /nas/longleaf/home/zpopkinh/Pvivax_resources/wgs_pe_improved_global/fastq/SRS258349/SRR332913_1.fastq.gz /nas/longleaf/home/zpopkinh/Pvivax_resources/wgs_pe_improved_global/fastq/SRS258349/SRR332913_2.fastq.gz
Processing reads on 1 core in paired-end mode ...
Finished in 10061.59 s (105 us/read; 0.57 M reads/minute).

=== Summary ===

Total read pairs processed:         95,900,222
  Read 1 with adapter:               3,264,237 (3.4%)
  Read 2 with adapter:               3,385,471 (3.5%)
Pairs written (passing filters):    95,900,222 (100.0%)

Total basepairs processed: 19,371,844,844 bp
  Read 1: 9,685,922,422 bp
  Read 2: 9,685,922,422 bp
Total written (filtered):  19,349,333,035 bp (99.9%)
  Read 1: 9,674,836,454 bp
  Read 2: 9,674,496,581 bp

=== First read: Adapter PrefixPE/1 ===

Sequence: TACACTCTTTCCCTACACGACGCTCTTCCGATCT; Type: regular 3'; Length: 34; Trimmed: 1583926 times

No. of allowed errors:
0-9 bp: 0; 10-19 bp: 1; 20-29 bp: 2; 30-34 bp: 3

Bases preceding removed adapters:
  A: 31.4%
  C: 20.9%
  G: 18.0%
  T: 29.7%
  none/other: 0.0%

Overview of removed sequences
length	count	expect	max.err	error counts
3	1048774	1498441.0	0	1048774
4	417763	374610.2	0	417763
5	77365	93652.6	0	77365
6	21262	23413.1	0	21262
7	4863	5853.3	0	4863
8	1403	1463.3	0	1403
9	4493	365.8	0	374 4119
10	5358	91.5	1	150 5208
11	1953	22.9	1	27 1926
12	495	5.7	1	12 483
13	132	1.4	1	5 127
14	41	0.4	1	0 41
15	17	0.1	1	0 17
16	3	0.0	1	0 3
18	1	0.0	1	0 1
21	2	0.0	2	1 0 1
51	1	0.0	3	0 0 0 1


=== First read: Adapter PrefixPE/2 ===

Sequence: GTGACTGGAGTTCAGACGTGTGCTCTTCCGATCT; Type: regular 3'; Length: 34; Trimmed: 1680311 times

No. of allowed errors:
0-9 bp: 0; 10-19 bp: 1; 20-29 bp: 2; 30-34 bp: 3

Bases preceding removed adapters:
  A: 26.7%
  C: 10.5%
  G: 24.7%
  T: 38.1%
  none/other: 0.0%

Overview of removed sequences
length	count	expect	max.err	error counts
3	1285564	1498441.0	0	1285564
4	308914	374610.2	0	308914
5	57071	93652.6	0	57071
6	15883	23413.1	0	15883
7	4519	5853.3	0	4519
8	1338	1463.3	0	1338
9	2625	365.8	0	245 2380
10	3054	91.5	1	91 2963
11	990	22.9	1	12 978
12	244	5.7	1	6 238
13	75	1.4	1	0 75
14	21	0.4	1	0 21
15	10	0.1	1	0 10
16	3	0.0	1	0 3


=== Second read: Adapter PrefixPE/1 ===

Sequence: TACACTCTTTCCCTACACGACGCTCTTCCGATCT; Type: regular 3'; Length: 34; Trimmed: 1551184 times

No. of allowed errors:
0-9 bp: 0; 10-19 bp: 1; 20-29 bp: 2; 30-34 bp: 3

Bases preceding removed adapters:
  A: 31.2%
  C: 20.3%
  G: 18.2%
  T: 30.3%
  none/other: 0.0%

Overview of removed sequences
length	count	expect	max.err	error counts
3	1031657	1498441.0	0	1031657
4	408605	374610.2	0	408605
5	72498	93652.6	0	72498
6	20201	23413.1	0	20201
7	4348	5853.3	0	4348
8	1339	1463.3	0	1339
9	4544	365.8	0	375 4169
10	5293	91.5	1	166 5127
11	1938	22.9	1	21 1917
12	510	5.7	1	10 500
13	174	1.4	1	4 170
14	59	0.4	1	2 57
15	16	0.1	1	0 16
16	2	0.0	1	0 2


=== Second read: Adapter PrefixPE/2 ===

Sequence: GTGACTGGAGTTCAGACGTGTGCTCTTCCGATCT; Type: regular 3'; Length: 34; Trimmed: 1834287 times

No. of allowed errors:
0-9 bp: 0; 10-19 bp: 1; 20-29 bp: 2; 30-34 bp: 3

Bases preceding removed adapters:
  A: 25.0%
  C: 18.5%
  G: 21.7%
  T: 34.9%
  none/other: 0.0%

Overview of removed sequences
length	count	expect	max.err	error counts
3	1436021	1498441.0	0	1436021
4	313747	374610.2	0	313747
5	56449	93652.6	0	56449
6	15595	23413.1	0	15595
7	4437	5853.3	0	4437
8	1297	1463.3	0	1297
9	2548	365.8	0	256 2292
10	2845	91.5	1	83 2762
11	1008	22.9	1	15 993
12	245	5.7	1	4 241
13	69	1.4	1	1 68
14	19	0.4	1	0 19
15	4	0.1	1	0 4
16	3	0.0	1	0 3
