This is cutadapt 2.9 with Python 3.6.6
Command line parameters: --interleaved -a file:/nas02/apps/trimmomatic-0.36/Trimmomatic-0.36/adapters/TruSeq3-PE.fa -A file:/nas02/apps/trimmomatic-0.36/Trimmomatic-0.36/adapters/TruSeq3-PE.fa -m 30 /nas/longleaf/home/zpopkinh/Pvivax_resources/wgs_pe_improved_global/fastq/SRS693408/SRR1564609_1.fastq.gz /nas/longleaf/home/zpopkinh/Pvivax_resources/wgs_pe_improved_global/fastq/SRS693408/SRR1564609_2.fastq.gz
Processing reads on 1 core in paired-end mode ...
Finished in 2.06 s (75 us/read; 0.79 M reads/minute).

=== Summary ===

Total read pairs processed:             27,344
  Read 1 with adapter:                     886 (3.2%)
  Read 2 with adapter:                     928 (3.4%)
Pairs written (passing filters):        27,344 (100.0%)

Total basepairs processed:     5,523,488 bp
  Read 1:     2,761,744 bp
  Read 2:     2,761,744 bp
Total written (filtered):      5,517,300 bp (99.9%)
  Read 1:     2,758,693 bp
  Read 2:     2,758,607 bp

=== First read: Adapter PrefixPE/1 ===

Sequence: TACACTCTTTCCCTACACGACGCTCTTCCGATCT; Type: regular 3'; Length: 34; Trimmed: 450 times

No. of allowed errors:
0-9 bp: 0; 10-19 bp: 1; 20-29 bp: 2; 30-34 bp: 3

Bases preceding removed adapters:
  A: 31.1%
  C: 26.9%
  G: 18.4%
  T: 23.6%
  none/other: 0.0%

Overview of removed sequences
length	count	expect	max.err	error counts
3	305	427.2	0	305
4	110	106.8	0	110
5	22	26.7	0	22
6	2	6.7	0	2
7	3	1.7	0	3
8	1	0.4	0	1
9	1	0.1	0	0 1
10	5	0.0	1	0 5
11	1	0.0	1	0 1


=== First read: Adapter PrefixPE/2 ===

Sequence: GTGACTGGAGTTCAGACGTGTGCTCTTCCGATCT; Type: regular 3'; Length: 34; Trimmed: 436 times

No. of allowed errors:
0-9 bp: 0; 10-19 bp: 1; 20-29 bp: 2; 30-34 bp: 3

Bases preceding removed adapters:
  A: 27.5%
  C: 13.5%
  G: 23.4%
  T: 35.6%
  none/other: 0.0%

Overview of removed sequences
length	count	expect	max.err	error counts
3	328	427.2	0	328
4	77	106.8	0	77
5	20	26.7	0	20
6	5	6.7	0	5
7	2	1.7	0	2
9	1	0.1	0	0 1
10	3	0.0	1	0 3


=== Second read: Adapter PrefixPE/1 ===

Sequence: TACACTCTTTCCCTACACGACGCTCTTCCGATCT; Type: regular 3'; Length: 34; Trimmed: 485 times

No. of allowed errors:
0-9 bp: 0; 10-19 bp: 1; 20-29 bp: 2; 30-34 bp: 3

Bases preceding removed adapters:
  A: 29.7%
  C: 32.0%
  G: 15.3%
  T: 23.1%
  none/other: 0.0%

Overview of removed sequences
length	count	expect	max.err	error counts
3	320	427.2	0	320
4	129	106.8	0	129
5	25	26.7	0	25
6	5	6.7	0	5
7	1	1.7	0	1
9	2	0.1	0	0 2
11	3	0.0	1	0 3


=== Second read: Adapter PrefixPE/2 ===

Sequence: GTGACTGGAGTTCAGACGTGTGCTCTTCCGATCT; Type: regular 3'; Length: 34; Trimmed: 443 times

No. of allowed errors:
0-9 bp: 0; 10-19 bp: 1; 20-29 bp: 2; 30-34 bp: 3

Bases preceding removed adapters:
  A: 24.6%
  C: 29.8%
  G: 21.4%
  T: 24.2%
  none/other: 0.0%

Overview of removed sequences
length	count	expect	max.err	error counts
3	358	427.2	0	358
4	71	106.8	0	71
5	9	26.7	0	9
6	2	6.7	0	2
10	1	0.0	1	0 1
11	1	0.0	1	0 1
12	1	0.0	1	0 1
