This is cutadapt 2.9 with Python 3.6.6
Command line parameters: --interleaved -a file:/nas02/apps/trimmomatic-0.36/Trimmomatic-0.36/adapters/TruSeq3-PE.fa -A file:/nas02/apps/trimmomatic-0.36/Trimmomatic-0.36/adapters/TruSeq3-PE.fa -m 30 /nas/longleaf/home/zpopkinh/Pvivax_resources/wgs_pe_improved_global/fastq/ERS403541/ERR527379_1.fastq.gz /nas/longleaf/home/zpopkinh/Pvivax_resources/wgs_pe_improved_global/fastq/ERS403541/ERR527379_2.fastq.gz
Processing reads on 1 core in paired-end mode ...
Finished in 300.25 s (63 us/read; 0.95 M reads/minute).

=== Summary ===

Total read pairs processed:          4,741,220
  Read 1 with adapter:                 174,660 (3.7%)
  Read 2 with adapter:                 172,085 (3.6%)
Pairs written (passing filters):     4,741,219 (100.0%)

Total basepairs processed:   948,244,000 bp
  Read 1:   474,122,000 bp
  Read 2:   474,122,000 bp
Total written (filtered):    947,068,339 bp (99.9%)
  Read 1:   473,529,470 bp
  Read 2:   473,538,869 bp

=== First read: Adapter PrefixPE/1 ===

Sequence: TACACTCTTTCCCTACACGACGCTCTTCCGATCT; Type: regular 3'; Length: 34; Trimmed: 94797 times

No. of allowed errors:
0-9 bp: 0; 10-19 bp: 1; 20-29 bp: 2; 30-34 bp: 3

Bases preceding removed adapters:
  A: 29.1%
  C: 18.0%
  G: 24.0%
  T: 28.9%
  none/other: 0.0%

Overview of removed sequences
length	count	expect	max.err	error counts
3	62392	74081.6	0	62392
4	25053	18520.4	0	25053
5	5015	4630.1	0	5015
6	1151	1157.5	0	1151
7	256	289.4	0	256
8	56	72.3	0	56
9	292	18.1	0	17 275
10	429	4.5	1	7 422
11	125	1.1	1	2 123
12	19	0.3	1	0 19
13	7	0.1	1	1 6
14	1	0.0	1	0 1
100	1	0.0	3	0 0 1


=== First read: Adapter PrefixPE/2 ===

Sequence: GTGACTGGAGTTCAGACGTGTGCTCTTCCGATCT; Type: regular 3'; Length: 34; Trimmed: 79863 times

No. of allowed errors:
0-9 bp: 0; 10-19 bp: 1; 20-29 bp: 2; 30-34 bp: 3

Bases preceding removed adapters:
  A: 24.8%
  C: 17.3%
  G: 24.6%
  T: 33.3%
  none/other: 0.0%

Overview of removed sequences
length	count	expect	max.err	error counts
3	62103	74081.6	0	62103
4	14744	18520.4	0	14744
5	2146	4630.1	0	2146
6	533	1157.5	0	533
7	105	289.4	0	105
8	20	72.3	0	20
9	93	18.1	0	4 89
10	77	4.5	1	2 75
11	28	1.1	1	1 27
12	10	0.3	1	0 10
13	4	0.1	1	0 4


=== Second read: Adapter PrefixPE/1 ===

Sequence: TACACTCTTTCCCTACACGACGCTCTTCCGATCT; Type: regular 3'; Length: 34; Trimmed: 93166 times

No. of allowed errors:
0-9 bp: 0; 10-19 bp: 1; 20-29 bp: 2; 30-34 bp: 3

Bases preceding removed adapters:
  A: 29.1%
  C: 18.0%
  G: 23.7%
  T: 29.2%
  none/other: 0.0%

Overview of removed sequences
length	count	expect	max.err	error counts
3	61438	74081.6	0	61438
4	24651	18520.4	0	24651
5	4947	4630.1	0	4947
6	1019	1157.5	0	1019
7	217	289.4	0	217
8	43	72.3	0	43
9	291	18.1	0	21 270
10	417	4.5	1	13 404
11	109	1.1	1	2 107
12	23	0.3	1	0 23
13	10	0.1	1	0 10
14	1	0.0	1	0 1


=== Second read: Adapter PrefixPE/2 ===

Sequence: GTGACTGGAGTTCAGACGTGTGCTCTTCCGATCT; Type: regular 3'; Length: 34; Trimmed: 78919 times

No. of allowed errors:
0-9 bp: 0; 10-19 bp: 1; 20-29 bp: 2; 30-34 bp: 3

Bases preceding removed adapters:
  A: 24.7%
  C: 17.5%
  G: 24.6%
  T: 33.1%
  none/other: 0.0%

Overview of removed sequences
length	count	expect	max.err	error counts
3	61440	74081.6	0	61440
4	14496	18520.4	0	14496
5	2106	4630.1	0	2106
6	538	1157.5	0	538
7	123	289.4	0	123
8	17	72.3	0	17
9	82	18.1	0	2 80
10	93	4.5	1	2 91
11	20	1.1	1	0 20
12	3	0.3	1	0 3
13	1	0.1	1	0 1
