This is cutadapt 2.9 with Python 3.6.6
Command line parameters: --interleaved -a file:/nas02/apps/trimmomatic-0.36/Trimmomatic-0.36/adapters/TruSeq3-PE.fa -A file:/nas02/apps/trimmomatic-0.36/Trimmomatic-0.36/adapters/TruSeq3-PE.fa -m 30 /nas/longleaf/home/zpopkinh/Pvivax_resources/wgs_pe_improved_global/fastq/ERS014174/ERR023039_1.fastq.gz /nas/longleaf/home/zpopkinh/Pvivax_resources/wgs_pe_improved_global/fastq/ERS014174/ERR023039_2.fastq.gz
Processing reads on 1 core in paired-end mode ...
Finished in 2049.63 s (59 us/read; 1.01 M reads/minute).

=== Summary ===

Total read pairs processed:         34,554,859
  Read 1 with adapter:               1,359,380 (3.9%)
  Read 2 with adapter:               1,314,411 (3.8%)
Pairs written (passing filters):    34,554,859 (100.0%)

Total basepairs processed: 5,252,338,568 bp
  Read 1: 2,626,169,284 bp
  Read 2: 2,626,169,284 bp
Total written (filtered):  5,243,343,948 bp (99.8%)
  Read 1: 2,621,593,247 bp
  Read 2: 2,621,750,701 bp

=== First read: Adapter PrefixPE/1 ===

Sequence: TACACTCTTTCCCTACACGACGCTCTTCCGATCT; Type: regular 3'; Length: 34; Trimmed: 660723 times

No. of allowed errors:
0-9 bp: 0; 10-19 bp: 1; 20-29 bp: 2; 30-34 bp: 3

Bases preceding removed adapters:
  A: 26.9%
  C: 21.6%
  G: 25.9%
  T: 25.6%
  none/other: 0.0%

Overview of removed sequences
length	count	expect	max.err	error counts
3	444269	539919.7	0	444269
4	163870	134979.9	0	163870
5	39199	33745.0	0	39199
6	7308	8436.2	0	7308
7	1589	2109.1	0	1589
8	356	527.3	0	356
9	1611	131.8	0	128 1483
10	1671	33.0	1	56 1615
11	649	8.2	1	7 642
12	135	2.1	1	4 131
13	51	0.5	1	0 51
14	13	0.1	1	0 13
15	2	0.0	1	0 2


=== First read: Adapter PrefixPE/2 ===

Sequence: GTGACTGGAGTTCAGACGTGTGCTCTTCCGATCT; Type: regular 3'; Length: 34; Trimmed: 698657 times

No. of allowed errors:
0-9 bp: 0; 10-19 bp: 1; 20-29 bp: 2; 30-34 bp: 3

Bases preceding removed adapters:
  A: 24.0%
  C: 19.3%
  G: 27.6%
  T: 29.1%
  none/other: 0.0%

Overview of removed sequences
length	count	expect	max.err	error counts
3	544968	539919.7	0	544968
4	125704	134979.9	0	125704
5	20654	33745.0	0	20654
6	4282	8436.2	0	4282
7	1093	2109.1	0	1093
8	186	527.3	0	186
9	812	131.8	0	31 781
10	665	33.0	1	19 646
11	214	8.2	1	4 210
12	67	2.1	1	0 67
13	12	0.5	1	0 12


=== Second read: Adapter PrefixPE/1 ===

Sequence: TACACTCTTTCCCTACACGACGCTCTTCCGATCT; Type: regular 3'; Length: 34; Trimmed: 649671 times

No. of allowed errors:
0-9 bp: 0; 10-19 bp: 1; 20-29 bp: 2; 30-34 bp: 3

Bases preceding removed adapters:
  A: 25.8%
  C: 21.2%
  G: 25.7%
  T: 27.3%
  none/other: 0.0%

Overview of removed sequences
length	count	expect	max.err	error counts
3	440636	539919.7	0	440636
4	156055	134979.9	0	156055
5	38125	33745.0	0	38125
6	7880	8436.2	0	7880
7	1715	2109.1	0	1715
8	387	527.3	0	387
9	1945	131.8	0	146 1799
10	1953	33.0	1	57 1896
11	741	8.2	1	8 733
12	165	2.1	1	2 163
13	51	0.5	1	0 51
14	16	0.1	1	0 16
15	2	0.0	1	0 2


=== Second read: Adapter PrefixPE/2 ===

Sequence: GTGACTGGAGTTCAGACGTGTGCTCTTCCGATCT; Type: regular 3'; Length: 34; Trimmed: 664740 times

No. of allowed errors:
0-9 bp: 0; 10-19 bp: 1; 20-29 bp: 2; 30-34 bp: 3

Bases preceding removed adapters:
  A: 21.8%
  C: 19.9%
  G: 26.9%
  T: 31.4%
  none/other: 0.0%

Overview of removed sequences
length	count	expect	max.err	error counts
3	528031	539919.7	0	528031
4	110870	134979.9	0	110870
5	18558	33745.0	0	18558
6	4409	8436.2	0	4409
7	1126	2109.1	0	1126
8	196	527.3	0	196
9	717	131.8	0	55 662
10	579	33.0	1	16 563
11	200	8.2	1	3 197
12	46	2.1	1	0 46
13	8	0.5	1	0 8
