This is cutadapt 2.9 with Python 3.6.6
Command line parameters: --interleaved -a file:/nas02/apps/trimmomatic-0.36/Trimmomatic-0.36/adapters/TruSeq3-PE.fa -A file:/nas02/apps/trimmomatic-0.36/Trimmomatic-0.36/adapters/TruSeq3-PE.fa -m 30 /nas/longleaf/home/zpopkinh/Pvivax_resources/wgs_pe_improved_global/fastq/SRS693360/SRR1568014_1.fastq.gz /nas/longleaf/home/zpopkinh/Pvivax_resources/wgs_pe_improved_global/fastq/SRS693360/SRR1568014_2.fastq.gz
Processing reads on 1 core in paired-end mode ...
Finished in 40.34 s (68 us/read; 0.88 M reads/minute).

=== Summary ===

Total read pairs processed:            592,380
  Read 1 with adapter:                  19,559 (3.3%)
  Read 2 with adapter:                  22,631 (3.8%)
Pairs written (passing filters):       592,380 (100.0%)

Total basepairs processed:   119,660,760 bp
  Read 1:    59,830,380 bp
  Read 2:    59,830,380 bp
Total written (filtered):    119,520,183 bp (99.9%)
  Read 1:    59,764,786 bp
  Read 2:    59,755,397 bp

=== First read: Adapter PrefixPE/1 ===

Sequence: TACACTCTTTCCCTACACGACGCTCTTCCGATCT; Type: regular 3'; Length: 34; Trimmed: 8835 times

No. of allowed errors:
0-9 bp: 0; 10-19 bp: 1; 20-29 bp: 2; 30-34 bp: 3

Bases preceding removed adapters:
  A: 23.5%
  C: 24.6%
  G: 27.6%
  T: 24.3%
  none/other: 0.0%

Overview of removed sequences
length	count	expect	max.err	error counts
3	6096	9255.9	0	6096
4	2028	2314.0	0	2028
5	523	578.5	0	523
6	100	144.6	0	100
7	21	36.2	0	21
8	7	9.0	0	7
9	28	2.3	0	0 28
10	24	0.6	1	0 24
11	5	0.1	1	0 5
13	2	0.0	1	0 2
14	1	0.0	1	0 1


=== First read: Adapter PrefixPE/2 ===

Sequence: GTGACTGGAGTTCAGACGTGTGCTCTTCCGATCT; Type: regular 3'; Length: 34; Trimmed: 10724 times

No. of allowed errors:
0-9 bp: 0; 10-19 bp: 1; 20-29 bp: 2; 30-34 bp: 3

Bases preceding removed adapters:
  A: 23.0%
  C: 20.0%
  G: 29.3%
  T: 27.7%
  none/other: 0.0%

Overview of removed sequences
length	count	expect	max.err	error counts
3	8402	9255.9	0	8402
4	1894	2314.0	0	1894
5	309	578.5	0	309
6	64	144.6	0	64
7	18	36.2	0	18
8	3	9.0	0	3
9	17	2.3	0	1 16
10	13	0.6	1	2 11
11	3	0.1	1	0 3
12	1	0.0	1	0 1


=== Second read: Adapter PrefixPE/1 ===

Sequence: TACACTCTTTCCCTACACGACGCTCTTCCGATCT; Type: regular 3'; Length: 34; Trimmed: 8584 times

No. of allowed errors:
0-9 bp: 0; 10-19 bp: 1; 20-29 bp: 2; 30-34 bp: 3

Bases preceding removed adapters:
  A: 22.9%
  C: 24.3%
  G: 28.7%
  T: 24.1%
  none/other: 0.0%

Overview of removed sequences
length	count	expect	max.err	error counts
3	5932	9255.9	0	5932
4	1909	2314.0	0	1909
5	555	578.5	0	555
6	97	144.6	0	97
7	34	36.2	0	34
8	5	9.0	0	5
9	18	2.3	0	1 17
10	29	0.6	1	1 28
11	3	0.1	1	0 3
12	1	0.0	1	0 1
13	1	0.0	1	0 1


=== Second read: Adapter PrefixPE/2 ===

Sequence: GTGACTGGAGTTCAGACGTGTGCTCTTCCGATCT; Type: regular 3'; Length: 34; Trimmed: 14047 times

No. of allowed errors:
0-9 bp: 0; 10-19 bp: 1; 20-29 bp: 2; 30-34 bp: 3

Bases preceding removed adapters:
  A: 22.3%
  C: 29.2%
  G: 23.3%
  T: 25.3%
  none/other: 0.0%

Overview of removed sequences
length	count	expect	max.err	error counts
3	11566	9255.9	0	11566
4	1998	2314.0	0	1998
5	344	578.5	0	344
6	82	144.6	0	82
7	16	36.2	0	16
8	6	9.0	0	6
9	13	2.3	0	1 12
10	15	0.6	1	0 15
11	7	0.1	1	0 7
