This is cutadapt 2.9 with Python 3.6.6
Command line parameters: --interleaved -a file:/nas02/apps/trimmomatic-0.36/Trimmomatic-0.36/adapters/TruSeq3-PE.fa -A file:/nas02/apps/trimmomatic-0.36/Trimmomatic-0.36/adapters/TruSeq3-PE.fa -m 30 /nas/longleaf/home/zpopkinh/Pvivax_resources/wgs_pe_improved_global/fastq/ERS989882/ERR1475419_1.fastq.gz /nas/longleaf/home/zpopkinh/Pvivax_resources/wgs_pe_improved_global/fastq/ERS989882/ERR1475419_2.fastq.gz
Processing reads on 1 core in paired-end mode ...
Finished in 518.80 s (98 us/read; 0.61 M reads/minute).

=== Summary ===

Total read pairs processed:          5,297,246
  Read 1 with adapter:                 185,352 (3.5%)
  Read 2 with adapter:                 182,446 (3.4%)
Pairs written (passing filters):     5,297,245 (100.0%)

Total basepairs processed: 1,059,449,200 bp
  Read 1:   529,724,600 bp
  Read 2:   529,724,600 bp
Total written (filtered):  1,058,216,069 bp (99.9%)
  Read 1:   529,103,285 bp
  Read 2:   529,112,784 bp

=== First read: Adapter PrefixPE/1 ===

Sequence: TACACTCTTTCCCTACACGACGCTCTTCCGATCT; Type: regular 3'; Length: 34; Trimmed: 79271 times

No. of allowed errors:
0-9 bp: 0; 10-19 bp: 1; 20-29 bp: 2; 30-34 bp: 3

Bases preceding removed adapters:
  A: 26.0%
  C: 19.6%
  G: 25.6%
  T: 28.8%
  none/other: 0.0%

Overview of removed sequences
length	count	expect	max.err	error counts
3	56390	82769.5	0	56390
4	17582	20692.4	0	17582
5	3806	5173.1	0	3806
6	751	1293.3	0	751
7	144	323.3	0	144
8	34	80.8	0	34
9	156	20.2	0	5 151
10	310	5.1	1	4 306
11	75	1.3	1	0 75
12	13	0.3	1	0 13
13	6	0.1	1	1 5
14	2	0.0	1	0 2
70	1	0.0	3	0 0 0 1
76	1	0.0	3	0 0 0 1


=== First read: Adapter PrefixPE/2 ===

Sequence: GTGACTGGAGTTCAGACGTGTGCTCTTCCGATCT; Type: regular 3'; Length: 34; Trimmed: 106081 times

No. of allowed errors:
0-9 bp: 0; 10-19 bp: 1; 20-29 bp: 2; 30-34 bp: 3

Bases preceding removed adapters:
  A: 19.5%
  C: 23.5%
  G: 33.6%
  T: 23.5%
  none/other: 0.0%

Overview of removed sequences
length	count	expect	max.err	error counts
3	80949	82769.5	0	80949
4	20094	20692.4	0	20094
5	3792	5173.1	0	3792
6	650	1293.3	0	650
7	185	323.3	0	185
8	54	80.8	0	54
9	198	20.2	0	8 190
10	115	5.1	1	3 112
11	34	1.3	1	0 34
12	6	0.3	1	0 6
13	4	0.1	1	0 4


=== Second read: Adapter PrefixPE/1 ===

Sequence: TACACTCTTTCCCTACACGACGCTCTTCCGATCT; Type: regular 3'; Length: 34; Trimmed: 78344 times

No. of allowed errors:
0-9 bp: 0; 10-19 bp: 1; 20-29 bp: 2; 30-34 bp: 3

Bases preceding removed adapters:
  A: 26.0%
  C: 19.4%
  G: 25.7%
  T: 28.8%
  none/other: 0.0%

Overview of removed sequences
length	count	expect	max.err	error counts
3	55680	82769.5	0	55680
4	17296	20692.4	0	17296
5	3764	5173.1	0	3764
6	764	1293.3	0	764
7	190	323.3	0	190
8	38	80.8	0	38
9	192	20.2	0	18 174
10	290	5.1	1	6 284
11	102	1.3	1	4 98
12	18	0.3	1	0 18
13	5	0.1	1	0 5
14	4	0.0	1	0 4
100	1	0.0	3	0 1


=== Second read: Adapter PrefixPE/2 ===

Sequence: GTGACTGGAGTTCAGACGTGTGCTCTTCCGATCT; Type: regular 3'; Length: 34; Trimmed: 104102 times

No. of allowed errors:
0-9 bp: 0; 10-19 bp: 1; 20-29 bp: 2; 30-34 bp: 3

Bases preceding removed adapters:
  A: 19.7%
  C: 23.7%
  G: 33.3%
  T: 23.3%
  none/other: 0.0%

Overview of removed sequences
length	count	expect	max.err	error counts
3	79811	82769.5	0	79811
4	19317	20692.4	0	19317
5	3791	5173.1	0	3791
6	604	1293.3	0	604
7	177	323.3	0	177
8	40	80.8	0	40
9	183	20.2	0	7 176
10	113	5.1	1	3 110
11	46	1.3	1	0 46
12	15	0.3	1	0 15
13	5	0.1	1	0 5
