This is cutadapt 2.9 with Python 3.6.6
Command line parameters: --interleaved -a file:/nas02/apps/trimmomatic-0.36/Trimmomatic-0.36/adapters/TruSeq3-PE.fa -A file:/nas02/apps/trimmomatic-0.36/Trimmomatic-0.36/adapters/TruSeq3-PE.fa -m 30 /nas/longleaf/home/zpopkinh/Pvivax_resources/wgs_pe_improved_global/fastq/ERS989898/ERR1475425_1.fastq.gz /nas/longleaf/home/zpopkinh/Pvivax_resources/wgs_pe_improved_global/fastq/ERS989898/ERR1475425_2.fastq.gz
Processing reads on 1 core in paired-end mode ...
Finished in 651.33 s (110 us/read; 0.55 M reads/minute).

=== Summary ===

Total read pairs processed:          5,921,082
  Read 1 with adapter:                 219,640 (3.7%)
  Read 2 with adapter:                 216,938 (3.7%)
Pairs written (passing filters):     5,921,082 (100.0%)

Total basepairs processed: 1,184,216,400 bp
  Read 1:   592,108,200 bp
  Read 2:   592,108,200 bp
Total written (filtered):  1,182,742,661 bp (99.9%)
  Read 1:   591,366,805 bp
  Read 2:   591,375,856 bp

=== First read: Adapter PrefixPE/1 ===

Sequence: TACACTCTTTCCCTACACGACGCTCTTCCGATCT; Type: regular 3'; Length: 34; Trimmed: 112023 times

No. of allowed errors:
0-9 bp: 0; 10-19 bp: 1; 20-29 bp: 2; 30-34 bp: 3

Bases preceding removed adapters:
  A: 27.3%
  C: 19.8%
  G: 24.6%
  T: 28.2%
  none/other: 0.0%

Overview of removed sequences
length	count	expect	max.err	error counts
3	75104	92516.9	0	75104
4	28087	23129.2	0	28087
5	6220	5782.3	0	6220
6	1316	1445.6	0	1316
7	312	361.4	0	312
8	73	90.3	0	73
9	336	22.6	0	24 312
10	443	5.6	1	7 436
11	99	1.4	1	2 97
12	26	0.4	1	1 25
13	5	0.1	1	0 5
26	1	0.0	2	0 0 1
69	1	0.0	3	0 0 1


=== First read: Adapter PrefixPE/2 ===

Sequence: GTGACTGGAGTTCAGACGTGTGCTCTTCCGATCT; Type: regular 3'; Length: 34; Trimmed: 107617 times

No. of allowed errors:
0-9 bp: 0; 10-19 bp: 1; 20-29 bp: 2; 30-34 bp: 3

Bases preceding removed adapters:
  A: 23.9%
  C: 18.3%
  G: 25.9%
  T: 31.8%
  none/other: 0.0%

Overview of removed sequences
length	count	expect	max.err	error counts
3	84091	92516.9	0	84091
4	19338	23129.2	0	19338
5	3024	5782.3	0	3024
6	709	1445.6	0	709
7	165	361.4	0	165
8	27	90.3	0	27
9	109	22.6	0	3 106
10	101	5.6	1	2 99
11	43	1.4	1	0 43
12	8	0.4	1	0 8
13	2	0.1	1	0 2


=== Second read: Adapter PrefixPE/1 ===

Sequence: TACACTCTTTCCCTACACGACGCTCTTCCGATCT; Type: regular 3'; Length: 34; Trimmed: 110989 times

No. of allowed errors:
0-9 bp: 0; 10-19 bp: 1; 20-29 bp: 2; 30-34 bp: 3

Bases preceding removed adapters:
  A: 27.1%
  C: 20.2%
  G: 24.2%
  T: 28.5%
  none/other: 0.0%

Overview of removed sequences
length	count	expect	max.err	error counts
3	74387	92516.9	0	74387
4	27826	23129.2	0	27826
5	6238	5782.3	0	6238
6	1310	1445.6	0	1310
7	317	361.4	0	317
8	65	90.3	0	65
9	318	22.6	0	24 294
10	377	5.6	1	15 362
11	113	1.4	1	2 111
12	32	0.4	1	0 32
13	6	0.1	1	0 6


=== Second read: Adapter PrefixPE/2 ===

Sequence: GTGACTGGAGTTCAGACGTGTGCTCTTCCGATCT; Type: regular 3'; Length: 34; Trimmed: 105949 times

No. of allowed errors:
0-9 bp: 0; 10-19 bp: 1; 20-29 bp: 2; 30-34 bp: 3

Bases preceding removed adapters:
  A: 23.8%
  C: 18.6%
  G: 25.9%
  T: 31.7%
  none/other: 0.0%

Overview of removed sequences
length	count	expect	max.err	error counts
3	82617	92516.9	0	82617
4	19134	23129.2	0	19134
5	3060	5782.3	0	3060
6	674	1445.6	0	674
7	169	361.4	0	169
8	31	90.3	0	31
9	110	22.6	0	2 108
10	108	5.6	1	3 105
11	33	1.4	1	0 33
12	11	0.4	1	0 11
13	2	0.1	1	0 2
