This is cutadapt 2.9 with Python 3.6.6
Command line parameters: --interleaved -a file:/nas02/apps/trimmomatic-0.36/Trimmomatic-0.36/adapters/TruSeq3-PE.fa -A file:/nas02/apps/trimmomatic-0.36/Trimmomatic-0.36/adapters/TruSeq3-PE.fa -m 30 /nas/longleaf/home/zpopkinh/Pvivax_resources/wgs_pe_improved_global/fastq/SRS417748/SRR828528_1.fastq.gz /nas/longleaf/home/zpopkinh/Pvivax_resources/wgs_pe_improved_global/fastq/SRS417748/SRR828528_2.fastq.gz
Processing reads on 1 core in paired-end mode ...
Finished in 17934.75 s (113 us/read; 0.53 M reads/minute).

=== Summary ===

Total read pairs processed:        158,783,024
  Read 1 with adapter:               5,376,295 (3.4%)
  Read 2 with adapter:               6,114,876 (3.9%)
Pairs written (passing filters):   158,782,894 (100.0%)

Total basepairs processed: 31,756,604,800 bp
  Read 1: 15,878,302,400 bp
  Read 2: 15,878,302,400 bp
Total written (filtered):  31,717,636,026 bp (99.9%)
  Read 1: 15,859,925,057 bp
  Read 2: 15,857,710,969 bp

=== First read: Adapter PrefixPE/1 ===

Sequence: TACACTCTTTCCCTACACGACGCTCTTCCGATCT; Type: regular 3'; Length: 34; Trimmed: 2542955 times

No. of allowed errors:
0-9 bp: 0; 10-19 bp: 1; 20-29 bp: 2; 30-34 bp: 3

Bases preceding removed adapters:
  A: 33.7%
  C: 20.7%
  G: 15.1%
  T: 30.5%
  none/other: 0.0%

Overview of removed sequences
length	count	expect	max.err	error counts
3	1647303	2480984.8	0	1647303
4	712111	620246.2	0	712111
5	125288	155061.5	0	125288
6	30125	38765.4	0	30125
7	6500	9691.3	0	6500
8	1855	2422.8	0	1855
9	7535	605.7	0	633 6902
10	7966	151.4	1	154 7812
11	2952	37.9	1	34 2918
12	766	9.5	1	11 755
13	231	2.4	1	2 229
14	71	0.6	1	0 71
15	17	0.1	1	1 16
16	6	0.0	1	0 6
17	1	0.0	1	0 1
18	1	0.0	1	0 0 1
19	1	0.0	1	0 1
37	1	0.0	3	0 1
59	1	0.0	3	0 0 0 1
67	1	0.0	3	1
69	99	0.0	3	0 16 38 45
70	2	0.0	3	0 1 0 1
71	37	0.0	3	0 0 7 30
72	1	0.0	3	0 0 1
100	84	0.0	3	0 3 15 66


=== First read: Adapter PrefixPE/2 ===

Sequence: GTGACTGGAGTTCAGACGTGTGCTCTTCCGATCT; Type: regular 3'; Length: 34; Trimmed: 2833340 times

No. of allowed errors:
0-9 bp: 0; 10-19 bp: 1; 20-29 bp: 2; 30-34 bp: 3

Bases preceding removed adapters:
  A: 29.8%
  C: 7.3%
  G: 25.3%
  T: 37.5%
  none/other: 0.0%

Overview of removed sequences
length	count	expect	max.err	error counts
3	2101209	2480984.8	0	2101209
4	579760	620246.2	0	579760
5	95698	155061.5	0	95698
6	31916	38765.4	0	31916
7	9848	9691.3	0	9848
8	2151	2422.8	0	2151
9	4388	605.7	0	582 3806
10	5639	151.4	1	153 5486
11	1988	37.9	1	38 1950
12	526	9.5	1	12 514
13	143	2.4	1	0 143
14	50	0.6	1	2 48
15	16	0.1	1	0 16
16	6	0.0	1	0 6
17	1	0.0	1	0 1
18	1	0.0	1	0 0 1


=== Second read: Adapter PrefixPE/1 ===

Sequence: TACACTCTTTCCCTACACGACGCTCTTCCGATCT; Type: regular 3'; Length: 34; Trimmed: 2551979 times

No. of allowed errors:
0-9 bp: 0; 10-19 bp: 1; 20-29 bp: 2; 30-34 bp: 3

Bases preceding removed adapters:
  A: 33.7%
  C: 20.7%
  G: 15.2%
  T: 30.4%
  none/other: 0.0%

Overview of removed sequences
length	count	expect	max.err	error counts
3	1655092	2480984.8	0	1655092
4	713559	620246.2	0	713559
5	125351	155061.5	0	125351
6	30040	38765.4	0	30040
7	6582	9691.3	0	6582
8	1973	2422.8	0	1973
9	7498	605.7	0	602 6896
10	7849	151.4	1	173 7676
11	2887	37.9	1	31 2856
12	781	9.5	1	13 768
13	232	2.4	1	0 232
14	89	0.6	1	0 89
15	27	0.1	1	1 26
16	8	0.0	1	0 8
18	1	0.0	1	0 0 1
19	2	0.0	1	0 0 2
100	8	0.0	3	0 4 2 2


=== Second read: Adapter PrefixPE/2 ===

Sequence: GTGACTGGAGTTCAGACGTGTGCTCTTCCGATCT; Type: regular 3'; Length: 34; Trimmed: 3562897 times

No. of allowed errors:
0-9 bp: 0; 10-19 bp: 1; 20-29 bp: 2; 30-34 bp: 3

Bases preceding removed adapters:
  A: 30.3%
  C: 14.4%
  G: 25.5%
  T: 29.7%
  none/other: 0.0%

Overview of removed sequences
length	count	expect	max.err	error counts
3	2826698	2480984.8	0	2826698
4	583240	620246.2	0	583240
5	97208	155061.5	0	97208
6	31142	38765.4	0	31142
7	9699	9691.3	0	9699
8	2094	2422.8	0	2094
9	4506	605.7	0	520 3986
10	5517	151.4	1	146 5371
11	2033	37.9	1	30 2003
12	539	9.5	1	12 527
13	153	2.4	1	1 152
14	44	0.6	1	0 44
15	18	0.1	1	0 18
16	6	0.0	1	0 6
