This is cutadapt 2.9 with Python 3.6.6
Command line parameters: --interleaved -a file:/nas02/apps/trimmomatic-0.36/Trimmomatic-0.36/adapters/TruSeq3-PE.fa -A file:/nas02/apps/trimmomatic-0.36/Trimmomatic-0.36/adapters/TruSeq3-PE.fa -m 30 /nas/longleaf/home/zpopkinh/Pvivax_resources/wgs_pe_improved_global/fastq/ERR5740830/ERR5740830_1.fastq.gz /nas/longleaf/home/zpopkinh/Pvivax_resources/wgs_pe_improved_global/fastq/ERR5740830/ERR5740830_2.fastq.gz
Processing reads on 1 core in paired-end mode ...
Finished in 441.39 s (120 us/read; 0.50 M reads/minute).

=== Summary ===

Total read pairs processed:          3,689,478
  Read 1 with adapter:                 134,814 (3.7%)
  Read 2 with adapter:                 133,158 (3.6%)
Pairs written (passing filters):     3,689,477 (100.0%)

Total basepairs processed: 1,114,222,356 bp
  Read 1:   557,111,178 bp
  Read 2:   557,111,178 bp
Total written (filtered):  1,113,315,784 bp (99.9%)
  Read 1:   556,654,795 bp
  Read 2:   556,660,989 bp

=== First read: Adapter PrefixPE/1 ===

Sequence: TACACTCTTTCCCTACACGACGCTCTTCCGATCT; Type: regular 3'; Length: 34; Trimmed: 60668 times

No. of allowed errors:
0-9 bp: 0; 10-19 bp: 1; 20-29 bp: 2; 30-34 bp: 3

Bases preceding removed adapters:
  A: 26.3%
  C: 24.3%
  G: 21.9%
  T: 27.5%
  none/other: 0.0%

Overview of removed sequences
length	count	expect	max.err	error counts
3	40770	57648.1	0	40770
4	15164	14412.0	0	15164
5	3293	3603.0	0	3293
6	705	900.8	0	705
7	159	225.2	0	159
8	40	56.3	0	40
9	175	14.1	0	15 160
10	242	3.5	1	9 233
11	95	0.9	1	1 94
12	18	0.2	1	0 18
13	2	0.1	1	0 2
14	2	0.0	1	0 2
93	1	0.0	3	0 0 0 1
96	1	0.0	3	0 0 1
104	1	0.0	3	0 1


=== First read: Adapter PrefixPE/2 ===

Sequence: GTGACTGGAGTTCAGACGTGTGCTCTTCCGATCT; Type: regular 3'; Length: 34; Trimmed: 74146 times

No. of allowed errors:
0-9 bp: 0; 10-19 bp: 1; 20-29 bp: 2; 30-34 bp: 3

Bases preceding removed adapters:
  A: 26.1%
  C: 14.2%
  G: 27.4%
  T: 32.3%
  none/other: 0.0%

Overview of removed sequences
length	count	expect	max.err	error counts
3	56949	57648.1	0	56949
4	13734	14412.0	0	13734
5	2361	3603.0	0	2361
6	601	900.8	0	601
7	181	225.2	0	181
8	41	56.3	0	41
9	108	14.1	0	6 102
10	118	3.5	1	5 113
11	44	0.9	1	1 43
12	7	0.2	1	0 7
13	2	0.1	1	0 2


=== Second read: Adapter PrefixPE/1 ===

Sequence: TACACTCTTTCCCTACACGACGCTCTTCCGATCT; Type: regular 3'; Length: 34; Trimmed: 59760 times

No. of allowed errors:
0-9 bp: 0; 10-19 bp: 1; 20-29 bp: 2; 30-34 bp: 3

Bases preceding removed adapters:
  A: 26.7%
  C: 24.5%
  G: 22.0%
  T: 26.8%
  none/other: 0.0%

Overview of removed sequences
length	count	expect	max.err	error counts
3	40099	57648.1	0	40099
4	14968	14412.0	0	14968
5	3259	3603.0	0	3259
6	705	900.8	0	705
7	178	225.2	0	178
8	33	56.3	0	33
9	167	14.1	0	10 157
10	228	3.5	1	4 224
11	91	0.9	1	2 89
12	20	0.2	1	0 20
13	5	0.1	1	0 5
14	5	0.0	1	0 5
86	1	0.0	3	0 1
127	1	0.0	3	0 0 1


=== Second read: Adapter PrefixPE/2 ===

Sequence: GTGACTGGAGTTCAGACGTGTGCTCTTCCGATCT; Type: regular 3'; Length: 34; Trimmed: 73398 times

No. of allowed errors:
0-9 bp: 0; 10-19 bp: 1; 20-29 bp: 2; 30-34 bp: 3

Bases preceding removed adapters:
  A: 25.9%
  C: 15.2%
  G: 27.5%
  T: 31.4%
  none/other: 0.0%

Overview of removed sequences
length	count	expect	max.err	error counts
3	56992	57648.1	0	56992
4	12947	14412.0	0	12947
5	2366	3603.0	0	2366
6	576	900.8	0	576
7	158	225.2	0	158
8	47	56.3	0	47
9	138	14.1	0	9 129
10	122	3.5	1	7 115
11	36	0.9	1	0 36
12	13	0.2	1	1 12
13	1	0.1	1	0 1
14	1	0.0	1	0 1
16	1	0.0	1	0 1
