This is cutadapt 2.9 with Python 3.6.6
Command line parameters: --interleaved -a file:/nas02/apps/trimmomatic-0.36/Trimmomatic-0.36/adapters/TruSeq3-PE.fa -A file:/nas02/apps/trimmomatic-0.36/Trimmomatic-0.36/adapters/TruSeq3-PE.fa -m 30 /nas/longleaf/home/zpopkinh/Pvivax_resources/wgs_pe_improved_global/fastq/SRS1061193/SRR2316922_1.fastq.gz /nas/longleaf/home/zpopkinh/Pvivax_resources/wgs_pe_improved_global/fastq/SRS1061193/SRR2316922_2.fastq.gz
Processing reads on 1 core in paired-end mode ...
Finished in 573.00 s (94 us/read; 0.64 M reads/minute).

=== Summary ===

Total read pairs processed:          6,089,014
  Read 1 with adapter:                 220,693 (3.6%)
  Read 2 with adapter:                 224,509 (3.7%)
Pairs written (passing filters):     6,089,012 (100.0%)

Total basepairs processed: 1,217,802,800 bp
  Read 1:   608,901,400 bp
  Read 2:   608,901,400 bp
Total written (filtered):  1,216,283,454 bp (99.9%)
  Read 1:   608,148,431 bp
  Read 2:   608,135,023 bp

=== First read: Adapter PrefixPE/1 ===

Sequence: TACACTCTTTCCCTACACGACGCTCTTCCGATCT; Type: regular 3'; Length: 34; Trimmed: 111335 times

No. of allowed errors:
0-9 bp: 0; 10-19 bp: 1; 20-29 bp: 2; 30-34 bp: 3

Bases preceding removed adapters:
  A: 30.9%
  C: 20.5%
  G: 17.8%
  T: 30.9%
  none/other: 0.0%

Overview of removed sequences
length	count	expect	max.err	error counts
3	72874	95140.8	0	72874
4	30358	23785.2	0	30358
5	5254	5946.3	0	5254
6	1414	1486.6	0	1414
7	291	371.6	0	291
8	85	92.9	0	85
9	315	23.2	0	23 292
10	546	5.8	1	13 533
11	156	1.5	1	4 152
12	25	0.4	1	0 25
13	11	0.1	1	0 11
14	4	0.0	1	0 4
15	2	0.0	1	0 2


=== First read: Adapter PrefixPE/2 ===

Sequence: GTGACTGGAGTTCAGACGTGTGCTCTTCCGATCT; Type: regular 3'; Length: 34; Trimmed: 109358 times

No. of allowed errors:
0-9 bp: 0; 10-19 bp: 1; 20-29 bp: 2; 30-34 bp: 3

Bases preceding removed adapters:
  A: 30.3%
  C: 8.5%
  G: 23.8%
  T: 37.4%
  none/other: 0.0%

Overview of removed sequences
length	count	expect	max.err	error counts
3	81956	95140.8	0	81956
4	22154	23785.2	0	22154
5	3402	5946.3	0	3402
6	1086	1486.6	0	1086
7	269	371.6	0	269
8	46	92.9	0	46
9	171	23.2	0	26 145
10	162	5.8	1	2 160
11	76	1.5	1	0 76
12	16	0.4	1	0 16
13	9	0.1	1	0 9
14	8	0.0	1	0 8
15	2	0.0	1	0 2
91	1	0.0	3	0 0 1


=== Second read: Adapter PrefixPE/1 ===

Sequence: TACACTCTTTCCCTACACGACGCTCTTCCGATCT; Type: regular 3'; Length: 34; Trimmed: 112138 times

No. of allowed errors:
0-9 bp: 0; 10-19 bp: 1; 20-29 bp: 2; 30-34 bp: 3

Bases preceding removed adapters:
  A: 31.4%
  C: 20.4%
  G: 17.6%
  T: 30.6%
  none/other: 0.0%

Overview of removed sequences
length	count	expect	max.err	error counts
3	73464	95140.8	0	73464
4	30547	23785.2	0	30547
5	5274	5946.3	0	5274
6	1471	1486.6	0	1471
7	262	371.6	0	262
8	94	92.9	0	94
9	300	23.2	0	32 268
10	529	5.8	1	8 521
11	161	1.5	1	1 160
12	23	0.4	1	0 23
13	8	0.1	1	0 8
14	3	0.0	1	0 3
15	1	0.0	1	0 1
77	1	0.0	3	0 0 0 1


=== Second read: Adapter PrefixPE/2 ===

Sequence: GTGACTGGAGTTCAGACGTGTGCTCTTCCGATCT; Type: regular 3'; Length: 34; Trimmed: 112371 times

No. of allowed errors:
0-9 bp: 0; 10-19 bp: 1; 20-29 bp: 2; 30-34 bp: 3

Bases preceding removed adapters:
  A: 30.3%
  C: 8.3%
  G: 24.0%
  T: 37.3%
  none/other: 0.0%

Overview of removed sequences
length	count	expect	max.err	error counts
3	83774	95140.8	0	83774
4	23014	23785.2	0	23014
5	3591	5946.3	0	3591
6	1153	1486.6	0	1153
7	287	371.6	0	287
8	77	92.9	0	77
9	186	23.2	0	20 166
10	174	5.8	1	10 164
11	72	1.5	1	0 72
12	26	0.4	1	1 25
13	15	0.1	1	0 15
14	2	0.0	1	0 2
