This is cutadapt 2.9 with Python 3.6.6
Command line parameters: --interleaved -a file:/nas02/apps/trimmomatic-0.36/Trimmomatic-0.36/adapters/TruSeq3-PE.fa -A file:/nas02/apps/trimmomatic-0.36/Trimmomatic-0.36/adapters/TruSeq3-PE.fa -m 30 /nas/longleaf/home/zpopkinh/Pvivax_resources/wgs_pe_improved_global/fastq/ERR5740808/ERR5740808_1.fastq.gz /nas/longleaf/home/zpopkinh/Pvivax_resources/wgs_pe_improved_global/fastq/ERR5740808/ERR5740808_2.fastq.gz
Processing reads on 1 core in paired-end mode ...
Finished in 468.17 s (136 us/read; 0.44 M reads/minute).

=== Summary ===

Total read pairs processed:          3,432,394
  Read 1 with adapter:                 121,355 (3.5%)
  Read 2 with adapter:                 117,595 (3.4%)
Pairs written (passing filters):     3,432,390 (100.0%)

Total basepairs processed: 1,036,582,988 bp
  Read 1:   518,291,494 bp
  Read 2:   518,291,494 bp
Total written (filtered):  1,035,778,083 bp (99.9%)
  Read 1:   517,882,689 bp
  Read 2:   517,895,394 bp

=== First read: Adapter PrefixPE/1 ===

Sequence: TACACTCTTTCCCTACACGACGCTCTTCCGATCT; Type: regular 3'; Length: 34; Trimmed: 57810 times

No. of allowed errors:
0-9 bp: 0; 10-19 bp: 1; 20-29 bp: 2; 30-34 bp: 3

Bases preceding removed adapters:
  A: 27.7%
  C: 19.7%
  G: 24.2%
  T: 28.4%
  none/other: 0.0%

Overview of removed sequences
length	count	expect	max.err	error counts
3	39380	53631.2	0	39380
4	14352	13407.8	0	14352
5	2909	3351.9	0	2909
6	591	838.0	0	591
7	96	209.5	0	96
8	28	52.4	0	28
9	179	13.1	0	14 165
10	184	3.3	1	3 181
11	68	0.8	1	0 68
12	13	0.2	1	0 13
13	2	0.1	1	0 2
14	6	0.0	1	0 6
151	2	0.0	3	0 0 0 2


=== First read: Adapter PrefixPE/2 ===

Sequence: GTGACTGGAGTTCAGACGTGTGCTCTTCCGATCT; Type: regular 3'; Length: 34; Trimmed: 63545 times

No. of allowed errors:
0-9 bp: 0; 10-19 bp: 1; 20-29 bp: 2; 30-34 bp: 3

Bases preceding removed adapters:
  A: 21.3%
  C: 20.3%
  G: 31.6%
  T: 26.8%
  none/other: 0.0%

Overview of removed sequences
length	count	expect	max.err	error counts
3	49500	53631.2	0	49500
4	11223	13407.8	0	11223
5	2054	3351.9	0	2054
6	410	838.0	0	410
7	140	209.5	0	140
8	24	52.4	0	24
9	79	13.1	0	6 73
10	80	3.3	1	0 80
11	29	0.8	1	1 28
12	2	0.2	1	0 2
13	1	0.1	1	0 1
14	1	0.0	1	0 1
15	2	0.0	1	0 2


=== Second read: Adapter PrefixPE/1 ===

Sequence: TACACTCTTTCCCTACACGACGCTCTTCCGATCT; Type: regular 3'; Length: 34; Trimmed: 55808 times

No. of allowed errors:
0-9 bp: 0; 10-19 bp: 1; 20-29 bp: 2; 30-34 bp: 3

Bases preceding removed adapters:
  A: 27.8%
  C: 20.7%
  G: 24.4%
  T: 27.1%
  none/other: 0.0%

Overview of removed sequences
length	count	expect	max.err	error counts
3	37721	53631.2	0	37721
4	13966	13407.8	0	13966
5	2997	3351.9	0	2997
6	538	838.0	0	538
7	125	209.5	0	125
8	27	52.4	0	27
9	171	13.1	0	12 159
10	192	3.3	1	1 191
11	49	0.8	1	0 49
12	15	0.2	1	0 15
13	3	0.1	1	0 3
14	1	0.0	1	0 1
59	1	0.0	3	0 0 1
110	1	0.0	3	0 0 0 1
151	1	0.0	3	0 0 1


=== Second read: Adapter PrefixPE/2 ===

Sequence: GTGACTGGAGTTCAGACGTGTGCTCTTCCGATCT; Type: regular 3'; Length: 34; Trimmed: 61787 times

No. of allowed errors:
0-9 bp: 0; 10-19 bp: 1; 20-29 bp: 2; 30-34 bp: 3

Bases preceding removed adapters:
  A: 21.6%
  C: 21.3%
  G: 31.2%
  T: 26.0%
  none/other: 0.0%

Overview of removed sequences
length	count	expect	max.err	error counts
3	48626	53631.2	0	48626
4	10465	13407.8	0	10465
5	2021	3351.9	0	2021
6	350	838.0	0	350
7	126	209.5	0	126
8	31	52.4	0	31
9	71	13.1	0	7 64
10	61	3.3	1	1 60
11	28	0.8	1	0 28
12	4	0.2	1	0 4
14	1	0.0	1	0 1
15	1	0.0	1	0 1
58	1	0.0	3	0 0 0 1
144	1	0.0	3	0 0 0 1
