This is cutadapt 2.9 with Python 3.6.6
Command line parameters: --interleaved -a file:/nas02/apps/trimmomatic-0.36/Trimmomatic-0.36/adapters/TruSeq3-PE.fa -A file:/nas02/apps/trimmomatic-0.36/Trimmomatic-0.36/adapters/TruSeq3-PE.fa -m 30 /nas/longleaf/home/zpopkinh/Pvivax_resources/wgs_pe_improved_global/fastq/SRS693926/SRR1564631_1.fastq.gz /nas/longleaf/home/zpopkinh/Pvivax_resources/wgs_pe_improved_global/fastq/SRS693926/SRR1564631_2.fastq.gz
Processing reads on 1 core in paired-end mode ...
Finished in 1.02 s (49 us/read; 1.24 M reads/minute).

=== Summary ===

Total read pairs processed:             21,016
  Read 1 with adapter:                     640 (3.0%)
  Read 2 with adapter:                     744 (3.5%)
Pairs written (passing filters):        21,016 (100.0%)

Total basepairs processed:     4,245,232 bp
  Read 1:     2,122,616 bp
  Read 2:     2,122,616 bp
Total written (filtered):      4,240,500 bp (99.9%)
  Read 1:     2,120,411 bp
  Read 2:     2,120,089 bp

=== First read: Adapter PrefixPE/1 ===

Sequence: TACACTCTTTCCCTACACGACGCTCTTCCGATCT; Type: regular 3'; Length: 34; Trimmed: 359 times

No. of allowed errors:
0-9 bp: 0; 10-19 bp: 1; 20-29 bp: 2; 30-34 bp: 3

Bases preceding removed adapters:
  A: 33.7%
  C: 21.7%
  G: 20.1%
  T: 24.5%
  none/other: 0.0%

Overview of removed sequences
length	count	expect	max.err	error counts
3	207	328.4	0	207
4	124	82.1	0	124
5	18	20.5	0	18
6	5	5.1	0	5
9	1	0.1	0	0 1
10	4	0.0	1	0 4


=== First read: Adapter PrefixPE/2 ===

Sequence: GTGACTGGAGTTCAGACGTGTGCTCTTCCGATCT; Type: regular 3'; Length: 34; Trimmed: 281 times

No. of allowed errors:
0-9 bp: 0; 10-19 bp: 1; 20-29 bp: 2; 30-34 bp: 3

Bases preceding removed adapters:
  A: 35.2%
  C: 9.3%
  G: 20.6%
  T: 34.9%
  none/other: 0.0%

Overview of removed sequences
length	count	expect	max.err	error counts
3	227	328.4	0	227
4	40	82.1	0	40
5	9	20.5	0	9
6	4	5.1	0	4
9	1	0.1	0	0 1


=== Second read: Adapter PrefixPE/1 ===

Sequence: TACACTCTTTCCCTACACGACGCTCTTCCGATCT; Type: regular 3'; Length: 34; Trimmed: 371 times

No. of allowed errors:
0-9 bp: 0; 10-19 bp: 1; 20-29 bp: 2; 30-34 bp: 3

Bases preceding removed adapters:
  A: 29.1%
  C: 24.5%
  G: 19.7%
  T: 26.7%
  none/other: 0.0%

Overview of removed sequences
length	count	expect	max.err	error counts
3	254	328.4	0	254
4	86	82.1	0	86
5	18	20.5	0	18
6	1	5.1	0	1
7	3	1.3	0	3
9	2	0.1	0	0 2
10	5	0.0	1	0 5
11	2	0.0	1	0 2


=== Second read: Adapter PrefixPE/2 ===

Sequence: GTGACTGGAGTTCAGACGTGTGCTCTTCCGATCT; Type: regular 3'; Length: 34; Trimmed: 373 times

No. of allowed errors:
0-9 bp: 0; 10-19 bp: 1; 20-29 bp: 2; 30-34 bp: 3

Bases preceding removed adapters:
  A: 22.8%
  C: 34.0%
  G: 17.7%
  T: 25.5%
  none/other: 0.0%

Overview of removed sequences
length	count	expect	max.err	error counts
3	305	328.4	0	305
4	50	82.1	0	50
5	13	20.5	0	13
6	3	5.1	0	3
7	1	1.3	0	1
9	1	0.1	0	0 1
