This is cutadapt 2.9 with Python 3.6.6
Command line parameters: --interleaved -a file:/nas02/apps/trimmomatic-0.36/Trimmomatic-0.36/adapters/TruSeq3-PE.fa -A file:/nas02/apps/trimmomatic-0.36/Trimmomatic-0.36/adapters/TruSeq3-PE.fa -m 30 /nas/longleaf/home/zpopkinh/Pvivax_resources/wgs_pe_improved_global/fastq/ERS164670/ERR211557_1.fastq.gz /nas/longleaf/home/zpopkinh/Pvivax_resources/wgs_pe_improved_global/fastq/ERS164670/ERR211557_2.fastq.gz
Processing reads on 1 core in paired-end mode ...
Finished in 205.29 s (94 us/read; 0.64 M reads/minute).

=== Summary ===

Total read pairs processed:          2,182,162
  Read 1 with adapter:                  81,909 (3.8%)
  Read 2 with adapter:                  79,640 (3.6%)
Pairs written (passing filters):     2,182,162 (100.0%)

Total basepairs processed:   436,432,400 bp
  Read 1:   218,216,200 bp
  Read 2:   218,216,200 bp
Total written (filtered):    435,880,647 bp (99.9%)
  Read 1:   217,936,474 bp
  Read 2:   217,944,173 bp

=== First read: Adapter PrefixPE/1 ===

Sequence: TACACTCTTTCCCTACACGACGCTCTTCCGATCT; Type: regular 3'; Length: 34; Trimmed: 47745 times

No. of allowed errors:
0-9 bp: 0; 10-19 bp: 1; 20-29 bp: 2; 30-34 bp: 3

Bases preceding removed adapters:
  A: 30.4%
  C: 15.9%
  G: 26.6%
  T: 27.0%
  none/other: 0.0%

Overview of removed sequences
length	count	expect	max.err	error counts
3	30830	34096.3	0	30830
4	13308	8524.1	0	13308
5	2304	2131.0	0	2304
6	564	532.8	0	564
7	162	133.2	0	162
8	26	33.3	0	26
9	88	8.3	0	16 72
10	371	2.1	1	9 362
11	74	0.5	1	1 73
12	9	0.1	1	2 7
13	8	0.0	1	0 8
21	1	0.0	2	0 1


=== First read: Adapter PrefixPE/2 ===

Sequence: GTGACTGGAGTTCAGACGTGTGCTCTTCCGATCT; Type: regular 3'; Length: 34; Trimmed: 34164 times

No. of allowed errors:
0-9 bp: 0; 10-19 bp: 1; 20-29 bp: 2; 30-34 bp: 3

Bases preceding removed adapters:
  A: 26.6%
  C: 13.7%
  G: 22.2%
  T: 37.4%
  none/other: 0.0%

Overview of removed sequences
length	count	expect	max.err	error counts
3	26548	34096.3	0	26548
4	6370	8524.1	0	6370
5	867	2131.0	0	867
6	217	532.8	0	217
7	39	133.2	0	39
8	15	33.3	0	15
9	51	8.3	0	2 49
10	35	2.1	1	0 35
11	18	0.5	1	0 18
12	4	0.1	1	0 4


=== Second read: Adapter PrefixPE/1 ===

Sequence: TACACTCTTTCCCTACACGACGCTCTTCCGATCT; Type: regular 3'; Length: 34; Trimmed: 46084 times

No. of allowed errors:
0-9 bp: 0; 10-19 bp: 1; 20-29 bp: 2; 30-34 bp: 3

Bases preceding removed adapters:
  A: 31.3%
  C: 16.2%
  G: 25.3%
  T: 27.3%
  none/other: 0.0%

Overview of removed sequences
length	count	expect	max.err	error counts
3	29826	34096.3	0	29826
4	12599	8524.1	0	12599
5	2245	2131.0	0	2245
6	624	532.8	0	624
7	204	133.2	0	204
8	37	33.3	0	37
9	107	8.3	0	20 87
10	369	2.1	1	13 356
11	57	0.5	1	1 56
12	12	0.1	1	0 12
13	4	0.0	1	0 4


=== Second read: Adapter PrefixPE/2 ===

Sequence: GTGACTGGAGTTCAGACGTGTGCTCTTCCGATCT; Type: regular 3'; Length: 34; Trimmed: 33556 times

No. of allowed errors:
0-9 bp: 0; 10-19 bp: 1; 20-29 bp: 2; 30-34 bp: 3

Bases preceding removed adapters:
  A: 27.2%
  C: 14.3%
  G: 22.8%
  T: 35.7%
  none/other: 0.0%

Overview of removed sequences
length	count	expect	max.err	error counts
3	26314	34096.3	0	26314
4	6055	8524.1	0	6055
5	827	2131.0	0	827
6	183	532.8	0	183
7	42	133.2	0	42
8	11	33.3	0	11
9	57	8.3	0	2 55
10	48	2.1	1	1 47
11	16	0.5	1	0 16
12	2	0.1	1	0 2
14	1	0.0	1	0 1
