This is cutadapt 2.9 with Python 3.6.6
Command line parameters: --interleaved -a file:/nas02/apps/trimmomatic-0.36/Trimmomatic-0.36/adapters/TruSeq3-PE.fa -A file:/nas02/apps/trimmomatic-0.36/Trimmomatic-0.36/adapters/TruSeq3-PE.fa -m 30 /nas/longleaf/home/zpopkinh/Pvivax_resources/wgs_pe_improved_global/fastq/ERS164670/ERR484720_1.fastq.gz /nas/longleaf/home/zpopkinh/Pvivax_resources/wgs_pe_improved_global/fastq/ERS164670/ERR484720_2.fastq.gz
Processing reads on 1 core in paired-end mode ...
Finished in 7.99 s (49 us/read; 1.22 M reads/minute).

=== Summary ===

Total read pairs processed:            162,585
  Read 1 with adapter:                   5,995 (3.7%)
  Read 2 with adapter:                   5,929 (3.6%)
Pairs written (passing filters):       162,585 (100.0%)

Total basepairs processed:    32,517,000 bp
  Read 1:    16,258,500 bp
  Read 2:    16,258,500 bp
Total written (filtered):     32,476,302 bp (99.9%)
  Read 1:    16,238,005 bp
  Read 2:    16,238,297 bp

=== First read: Adapter PrefixPE/1 ===

Sequence: TACACTCTTTCCCTACACGACGCTCTTCCGATCT; Type: regular 3'; Length: 34; Trimmed: 3308 times

No. of allowed errors:
0-9 bp: 0; 10-19 bp: 1; 20-29 bp: 2; 30-34 bp: 3

Bases preceding removed adapters:
  A: 30.5%
  C: 16.0%
  G: 26.7%
  T: 26.8%
  none/other: 0.0%

Overview of removed sequences
length	count	expect	max.err	error counts
3	2083	2540.4	0	2083
4	968	635.1	0	968
5	154	158.8	0	154
6	48	39.7	0	48
7	15	9.9	0	15
8	3	2.5	0	3
9	8	0.6	0	0 8
10	21	0.2	1	2 19
11	7	0.0	1	0 7
13	1	0.0	1	0 1


=== First read: Adapter PrefixPE/2 ===

Sequence: GTGACTGGAGTTCAGACGTGTGCTCTTCCGATCT; Type: regular 3'; Length: 34; Trimmed: 2687 times

No. of allowed errors:
0-9 bp: 0; 10-19 bp: 1; 20-29 bp: 2; 30-34 bp: 3

Bases preceding removed adapters:
  A: 28.5%
  C: 13.8%
  G: 21.7%
  T: 36.1%
  none/other: 0.0%

Overview of removed sequences
length	count	expect	max.err	error counts
3	2102	2540.4	0	2102
4	487	635.1	0	487
5	68	158.8	0	68
6	15	39.7	0	15
7	4	9.9	0	4
8	2	2.5	0	2
9	6	0.6	0	1 5
10	1	0.2	1	0 1
11	1	0.0	1	0 1
12	1	0.0	1	0 1


=== Second read: Adapter PrefixPE/1 ===

Sequence: TACACTCTTTCCCTACACGACGCTCTTCCGATCT; Type: regular 3'; Length: 34; Trimmed: 3365 times

No. of allowed errors:
0-9 bp: 0; 10-19 bp: 1; 20-29 bp: 2; 30-34 bp: 3

Bases preceding removed adapters:
  A: 30.9%
  C: 15.3%
  G: 27.0%
  T: 26.7%
  none/other: 0.0%

Overview of removed sequences
length	count	expect	max.err	error counts
3	2179	2540.4	0	2179
4	906	635.1	0	906
5	191	158.8	0	191
6	44	39.7	0	44
7	9	9.9	0	9
8	1	2.5	0	1
9	5	0.6	0	1 4
10	23	0.2	1	0 23
11	5	0.0	1	0 5
12	1	0.0	1	0 1
13	1	0.0	1	0 1


=== Second read: Adapter PrefixPE/2 ===

Sequence: GTGACTGGAGTTCAGACGTGTGCTCTTCCGATCT; Type: regular 3'; Length: 34; Trimmed: 2564 times

No. of allowed errors:
0-9 bp: 0; 10-19 bp: 1; 20-29 bp: 2; 30-34 bp: 3

Bases preceding removed adapters:
  A: 28.7%
  C: 14.1%
  G: 22.8%
  T: 34.4%
  none/other: 0.0%

Overview of removed sequences
length	count	expect	max.err	error counts
3	2017	2540.4	0	2017
4	454	635.1	0	454
5	55	158.8	0	55
6	28	39.7	0	28
7	3	9.9	0	3
8	1	2.5	0	1
9	2	0.6	0	0 2
10	4	0.2	1	0 4
