This is cutadapt 2.9 with Python 3.6.6
Command line parameters: --interleaved -a file:/nas02/apps/trimmomatic-0.36/Trimmomatic-0.36/adapters/TruSeq3-PE.fa -A file:/nas02/apps/trimmomatic-0.36/Trimmomatic-0.36/adapters/TruSeq3-PE.fa -m 30 /nas/longleaf/home/zpopkinh/Pvivax_resources/wgs_pe_improved_global/fastq/ERS403537/ERR527343_1.fastq.gz /nas/longleaf/home/zpopkinh/Pvivax_resources/wgs_pe_improved_global/fastq/ERS403537/ERR527343_2.fastq.gz
Processing reads on 1 core in paired-end mode ...
Finished in 846.78 s (107 us/read; 0.56 M reads/minute).

=== Summary ===

Total read pairs processed:          7,920,892
  Read 1 with adapter:                 289,261 (3.7%)
  Read 2 with adapter:                 286,407 (3.6%)
Pairs written (passing filters):     7,920,892 (100.0%)

Total basepairs processed: 1,584,178,400 bp
  Read 1:   792,089,200 bp
  Read 2:   792,089,200 bp
Total written (filtered):  1,582,230,633 bp (99.9%)
  Read 1:   791,110,072 bp
  Read 2:   791,120,561 bp

=== First read: Adapter PrefixPE/1 ===

Sequence: TACACTCTTTCCCTACACGACGCTCTTCCGATCT; Type: regular 3'; Length: 34; Trimmed: 157658 times

No. of allowed errors:
0-9 bp: 0; 10-19 bp: 1; 20-29 bp: 2; 30-34 bp: 3

Bases preceding removed adapters:
  A: 29.3%
  C: 18.1%
  G: 22.8%
  T: 29.9%
  none/other: 0.0%

Overview of removed sequences
length	count	expect	max.err	error counts
3	104246	123763.9	0	104246
4	41393	30941.0	0	41393
5	8394	7735.2	0	8394
6	1905	1933.8	0	1905
7	364	483.5	0	364
8	114	120.9	0	114
9	441	30.2	0	36 405
10	601	7.6	1	14 587
11	165	1.9	1	2 163
12	27	0.5	1	0 27
13	6	0.1	1	0 6
14	1	0.0	1	0 1
15	1	0.0	1	0 1


=== First read: Adapter PrefixPE/2 ===

Sequence: GTGACTGGAGTTCAGACGTGTGCTCTTCCGATCT; Type: regular 3'; Length: 34; Trimmed: 131603 times

No. of allowed errors:
0-9 bp: 0; 10-19 bp: 1; 20-29 bp: 2; 30-34 bp: 3

Bases preceding removed adapters:
  A: 24.5%
  C: 17.8%
  G: 25.0%
  T: 32.7%
  none/other: 0.0%

Overview of removed sequences
length	count	expect	max.err	error counts
3	102485	123763.9	0	102485
4	24092	30941.0	0	24092
5	3630	7735.2	0	3630
6	873	1933.8	0	873
7	185	483.5	0	185
8	30	120.9	0	30
9	146	30.2	0	12 134
10	119	7.6	1	2 117
11	34	1.9	1	0 34
12	8	0.5	1	0 8
13	1	0.1	1	0 1


=== Second read: Adapter PrefixPE/1 ===

Sequence: TACACTCTTTCCCTACACGACGCTCTTCCGATCT; Type: regular 3'; Length: 34; Trimmed: 156243 times

No. of allowed errors:
0-9 bp: 0; 10-19 bp: 1; 20-29 bp: 2; 30-34 bp: 3

Bases preceding removed adapters:
  A: 29.6%
  C: 17.9%
  G: 22.6%
  T: 29.9%
  none/other: 0.0%

Overview of removed sequences
length	count	expect	max.err	error counts
3	103554	123763.9	0	103554
4	40989	30941.0	0	40989
5	8222	7735.2	0	8222
6	1807	1933.8	0	1807
7	366	483.5	0	366
8	84	120.9	0	84
9	454	30.2	0	25 429
10	560	7.6	1	14 546
11	166	1.9	1	2 164
12	34	0.5	1	0 34
13	7	0.1	1	0 7


=== Second read: Adapter PrefixPE/2 ===

Sequence: GTGACTGGAGTTCAGACGTGTGCTCTTCCGATCT; Type: regular 3'; Length: 34; Trimmed: 130164 times

No. of allowed errors:
0-9 bp: 0; 10-19 bp: 1; 20-29 bp: 2; 30-34 bp: 3

Bases preceding removed adapters:
  A: 24.3%
  C: 18.0%
  G: 25.1%
  T: 32.7%
  none/other: 0.0%

Overview of removed sequences
length	count	expect	max.err	error counts
3	101517	123763.9	0	101517
4	23728	30941.0	0	23728
5	3591	7735.2	0	3591
6	809	1933.8	0	809
7	176	483.5	0	176
8	28	120.9	0	28
9	142	30.2	0	8 134
10	108	7.6	1	6 102
11	48	1.9	1	0 48
12	12	0.5	1	0 12
13	4	0.1	1	0 4
14	1	0.0	1	0 1
