This is cutadapt 2.9 with Python 3.6.6
Command line parameters: --interleaved -a file:/nas02/apps/trimmomatic-0.36/Trimmomatic-0.36/adapters/TruSeq3-PE.fa -A file:/nas02/apps/trimmomatic-0.36/Trimmomatic-0.36/adapters/TruSeq3-PE.fa -m 30 /nas/longleaf/home/zpopkinh/Pvivax_resources/wgs_pe_improved_global/fastq/ERS989919/ERR1475439_1.fastq.gz /nas/longleaf/home/zpopkinh/Pvivax_resources/wgs_pe_improved_global/fastq/ERS989919/ERR1475439_2.fastq.gz
Processing reads on 1 core in paired-end mode ...
Finished in 374.84 s (82 us/read; 0.74 M reads/minute).

=== Summary ===

Total read pairs processed:          4,592,376
  Read 1 with adapter:                 170,183 (3.7%)
  Read 2 with adapter:                 167,817 (3.7%)
Pairs written (passing filters):     4,592,365 (100.0%)

Total basepairs processed:   918,475,200 bp
  Read 1:   459,237,600 bp
  Read 2:   459,237,600 bp
Total written (filtered):    917,331,823 bp (99.9%)
  Read 1:   458,661,767 bp
  Read 2:   458,670,056 bp

=== First read: Adapter PrefixPE/1 ===

Sequence: TACACTCTTTCCCTACACGACGCTCTTCCGATCT; Type: regular 3'; Length: 34; Trimmed: 87846 times

No. of allowed errors:
0-9 bp: 0; 10-19 bp: 1; 20-29 bp: 2; 30-34 bp: 3

Bases preceding removed adapters:
  A: 27.4%
  C: 19.9%
  G: 24.0%
  T: 28.8%
  none/other: 0.0%

Overview of removed sequences
length	count	expect	max.err	error counts
3	58991	71755.9	0	58991
4	21966	17939.0	0	21966
5	4826	4484.7	0	4826
6	1075	1121.2	0	1075
7	219	280.3	0	219
8	56	70.1	0	56
9	247	17.5	0	16 231
10	323	4.4	1	4 319
11	99	1.1	1	0 99
12	21	0.3	1	0 21
13	6	0.1	1	0 6
14	1	0.0	1	0 1
15	1	0.0	1	0 1
38	1	0.0	3	0 0 1
46	1	0.0	3	0 0 1
68	1	0.0	3	0 0 1
69	2	0.0	3	0 1 1
70	1	0.0	3	0 0 1
76	3	0.0	3	1 0 2
85	1	0.0	3	0 0 1
88	1	0.0	3	0 1
100	4	0.0	3	0 0 2 2


=== First read: Adapter PrefixPE/2 ===

Sequence: GTGACTGGAGTTCAGACGTGTGCTCTTCCGATCT; Type: regular 3'; Length: 34; Trimmed: 82337 times

No. of allowed errors:
0-9 bp: 0; 10-19 bp: 1; 20-29 bp: 2; 30-34 bp: 3

Bases preceding removed adapters:
  A: 24.0%
  C: 18.2%
  G: 26.0%
  T: 31.8%
  none/other: 0.0%

Overview of removed sequences
length	count	expect	max.err	error counts
3	64120	71755.9	0	64120
4	15048	17939.0	0	15048
5	2298	4484.7	0	2298
6	548	1121.2	0	548
7	131	280.3	0	131
8	13	70.1	0	13
9	72	17.5	0	2 70
10	69	4.4	1	1 68
11	28	1.1	1	0 28
12	7	0.3	1	0 7
13	3	0.1	1	0 3


=== Second read: Adapter PrefixPE/1 ===

Sequence: TACACTCTTTCCCTACACGACGCTCTTCCGATCT; Type: regular 3'; Length: 34; Trimmed: 86625 times

No. of allowed errors:
0-9 bp: 0; 10-19 bp: 1; 20-29 bp: 2; 30-34 bp: 3

Bases preceding removed adapters:
  A: 27.7%
  C: 19.7%
  G: 24.0%
  T: 28.6%
  none/other: 0.0%

Overview of removed sequences
length	count	expect	max.err	error counts
3	57971	71755.9	0	57971
4	21963	17939.0	0	21963
5	4758	4484.7	0	4758
6	973	1121.2	0	973
7	191	280.3	0	191
8	40	70.1	0	40
9	259	17.5	0	21 238
10	333	4.4	1	8 325
11	102	1.1	1	0 102
12	17	0.3	1	0 17
13	6	0.1	1	0 6
14	3	0.0	1	0 3
15	1	0.0	1	0 1
72	1	0.0	3	0 0 0 1
100	7	0.0	3	0 3 1 3


=== Second read: Adapter PrefixPE/2 ===

Sequence: GTGACTGGAGTTCAGACGTGTGCTCTTCCGATCT; Type: regular 3'; Length: 34; Trimmed: 81192 times

No. of allowed errors:
0-9 bp: 0; 10-19 bp: 1; 20-29 bp: 2; 30-34 bp: 3

Bases preceding removed adapters:
  A: 24.0%
  C: 18.2%
  G: 26.1%
  T: 31.6%
  none/other: 0.0%

Overview of removed sequences
length	count	expect	max.err	error counts
3	63454	71755.9	0	63454
4	14590	17939.0	0	14590
5	2253	4484.7	0	2253
6	554	1121.2	0	554
7	121	280.3	0	121
8	20	70.1	0	20
9	86	17.5	0	5 81
10	82	4.4	1	1 81
11	26	1.1	1	0 26
12	4	0.3	1	0 4
13	2	0.1	1	0 2
