This is cutadapt 2.9 with Python 3.6.6
Command line parameters: --interleaved -a file:/nas02/apps/trimmomatic-0.36/Trimmomatic-0.36/adapters/TruSeq3-PE.fa -A file:/nas02/apps/trimmomatic-0.36/Trimmomatic-0.36/adapters/TruSeq3-PE.fa -m 30 /nas/longleaf/home/zpopkinh/Pvivax_resources/wgs_pe_improved_global/fastq/SRS2746255/SRR6361755_1.fastq.gz /nas/longleaf/home/zpopkinh/Pvivax_resources/wgs_pe_improved_global/fastq/SRS2746255/SRR6361755_2.fastq.gz
Processing reads on 1 core in paired-end mode ...
Finished in 5020.60 s (79 us/read; 0.76 M reads/minute).

=== Summary ===

Total read pairs processed:         63,222,069
  Read 1 with adapter:               2,177,051 (3.4%)
  Read 2 with adapter:               2,172,217 (3.4%)
Pairs written (passing filters):    63,222,065 (100.0%)

Total basepairs processed: 12,644,413,800 bp
  Read 1: 6,322,206,900 bp
  Read 2: 6,322,206,900 bp
Total written (filtered):  12,629,471,488 bp (99.9%)
  Read 1: 6,314,720,536 bp
  Read 2: 6,314,750,952 bp

=== First read: Adapter PrefixPE/1 ===

Sequence: TACACTCTTTCCCTACACGACGCTCTTCCGATCT; Type: regular 3'; Length: 34; Trimmed: 1282826 times

No. of allowed errors:
0-9 bp: 0; 10-19 bp: 1; 20-29 bp: 2; 30-34 bp: 3

Bases preceding removed adapters:
  A: 41.2%
  C: 14.7%
  G: 16.9%
  T: 27.3%
  none/other: 0.0%

Overview of removed sequences
length	count	expect	max.err	error counts
3	795501	987844.8	0	795501
4	337859	246961.2	0	337859
5	127826	61740.3	0	127826
6	10924	15435.1	0	10924
7	1910	3858.8	0	1910
8	504	964.7	0	504
9	3564	241.2	0	156 3408
10	3172	60.3	1	71 3101
11	1208	15.1	1	11 1197
12	272	3.8	1	0 272
13	48	0.9	1	1 47
14	36	0.2	1	0 36
15	2	0.1	1	0 2


=== First read: Adapter PrefixPE/2 ===

Sequence: GTGACTGGAGTTCAGACGTGTGCTCTTCCGATCT; Type: regular 3'; Length: 34; Trimmed: 894225 times

No. of allowed errors:
0-9 bp: 0; 10-19 bp: 1; 20-29 bp: 2; 30-34 bp: 3

Bases preceding removed adapters:
  A: 24.5%
  C: 18.3%
  G: 25.5%
  T: 31.6%
  none/other: 0.0%

Overview of removed sequences
length	count	expect	max.err	error counts
3	686104	987844.8	0	686104
4	173065	246961.2	0	173065
5	25886	61740.3	0	25886
6	5636	15435.1	0	5636
7	1341	3858.8	0	1341
8	158	964.7	0	158
9	820	241.2	0	45 775
10	829	60.3	1	37 792
11	315	15.1	1	3 312
12	58	3.8	1	0 58
13	11	0.9	1	0 11
92	1	0.0	3	1
100	1	0.0	3	0 1


=== Second read: Adapter PrefixPE/1 ===

Sequence: TACACTCTTTCCCTACACGACGCTCTTCCGATCT; Type: regular 3'; Length: 34; Trimmed: 1263094 times

No. of allowed errors:
0-9 bp: 0; 10-19 bp: 1; 20-29 bp: 2; 30-34 bp: 3

Bases preceding removed adapters:
  A: 41.2%
  C: 14.7%
  G: 16.8%
  T: 27.3%
  none/other: 0.0%

Overview of removed sequences
length	count	expect	max.err	error counts
3	782829	987844.8	0	782829
4	333262	246961.2	0	333262
5	125761	61740.3	0	125761
6	10583	15435.1	0	10583
7	1894	3858.8	0	1894
8	594	964.7	0	594
9	3551	241.2	0	175 3376
10	3147	60.3	1	52 3095
11	1118	15.1	1	11 1107
12	278	3.8	1	1 277
13	53	0.9	1	2 51
14	21	0.2	1	0 21
15	1	0.1	1	0 1
82	1	0.0	3	0 0 1
100	1	0.0	3	0 0 0 1


=== Second read: Adapter PrefixPE/2 ===

Sequence: GTGACTGGAGTTCAGACGTGTGCTCTTCCGATCT; Type: regular 3'; Length: 34; Trimmed: 909123 times

No. of allowed errors:
0-9 bp: 0; 10-19 bp: 1; 20-29 bp: 2; 30-34 bp: 3

Bases preceding removed adapters:
  A: 23.6%
  C: 17.7%
  G: 27.9%
  T: 30.8%
  none/other: 0.0%

Overview of removed sequences
length	count	expect	max.err	error counts
3	706973	987844.8	0	706973
4	166842	246961.2	0	166842
5	26077	61740.3	0	26077
6	5620	15435.1	0	5620
7	1382	3858.8	0	1382
8	178	964.7	0	178
9	840	241.2	0	54 786
10	808	60.3	1	26 782
11	336	15.1	1	2 334
12	58	3.8	1	0 58
13	9	0.9	1	0 9
