This is cutadapt 2.9 with Python 3.6.6
Command line parameters: --interleaved -a file:/nas02/apps/trimmomatic-0.36/Trimmomatic-0.36/adapters/TruSeq3-PE.fa -A file:/nas02/apps/trimmomatic-0.36/Trimmomatic-0.36/adapters/TruSeq3-PE.fa -m 30 /nas/longleaf/home/zpopkinh/Pvivax_resources/wgs_pe_improved_global/fastq/ERS403544/ERR527380_1.fastq.gz /nas/longleaf/home/zpopkinh/Pvivax_resources/wgs_pe_improved_global/fastq/ERS403544/ERR527380_2.fastq.gz
Processing reads on 1 core in paired-end mode ...
Finished in 1017.94 s (77 us/read; 0.78 M reads/minute).

=== Summary ===

Total read pairs processed:         13,287,546
  Read 1 with adapter:                 489,831 (3.7%)
  Read 2 with adapter:                 482,328 (3.6%)
Pairs written (passing filters):    13,287,545 (100.0%)

Total basepairs processed: 2,657,509,200 bp
  Read 1: 1,328,754,600 bp
  Read 2: 1,328,754,600 bp
Total written (filtered):  2,654,224,293 bp (99.9%)
  Read 1: 1,327,100,303 bp
  Read 2: 1,327,123,990 bp

=== First read: Adapter PrefixPE/1 ===

Sequence: TACACTCTTTCCCTACACGACGCTCTTCCGATCT; Type: regular 3'; Length: 34; Trimmed: 262414 times

No. of allowed errors:
0-9 bp: 0; 10-19 bp: 1; 20-29 bp: 2; 30-34 bp: 3

Bases preceding removed adapters:
  A: 28.9%
  C: 18.6%
  G: 23.1%
  T: 29.5%
  none/other: 0.0%

Overview of removed sequences
length	count	expect	max.err	error counts
3	175216	207617.9	0	175216
4	67494	51904.5	0	67494
5	13945	12976.1	0	13945
6	3013	3244.0	0	3013
7	607	811.0	0	607
8	164	202.8	0	164
9	769	50.7	0	61 708
10	850	12.7	1	21 829
11	255	3.2	1	6 249
12	77	0.8	1	1 76
13	14	0.2	1	0 14
14	7	0.0	1	0 7
15	2	0.0	1	0 2
100	1	0.0	3	0 0 0 1


=== First read: Adapter PrefixPE/2 ===

Sequence: GTGACTGGAGTTCAGACGTGTGCTCTTCCGATCT; Type: regular 3'; Length: 34; Trimmed: 227417 times

No. of allowed errors:
0-9 bp: 0; 10-19 bp: 1; 20-29 bp: 2; 30-34 bp: 3

Bases preceding removed adapters:
  A: 24.1%
  C: 18.0%
  G: 25.6%
  T: 32.2%
  none/other: 0.0%

Overview of removed sequences
length	count	expect	max.err	error counts
3	177387	207617.9	0	177387
4	41263	51904.5	0	41263
5	6378	12976.1	0	6378
6	1479	3244.0	0	1479
7	377	811.0	0	377
8	53	202.8	0	53
9	205	50.7	0	13 192
10	190	12.7	1	4 186
11	62	3.2	1	0 62
12	18	0.8	1	0 18
13	4	0.2	1	0 4
14	1	0.0	1	0 1


=== Second read: Adapter PrefixPE/1 ===

Sequence: TACACTCTTTCCCTACACGACGCTCTTCCGATCT; Type: regular 3'; Length: 34; Trimmed: 259013 times

No. of allowed errors:
0-9 bp: 0; 10-19 bp: 1; 20-29 bp: 2; 30-34 bp: 3

Bases preceding removed adapters:
  A: 29.1%
  C: 18.3%
  G: 22.8%
  T: 29.7%
  none/other: 0.0%

Overview of removed sequences
length	count	expect	max.err	error counts
3	172602	207617.9	0	172602
4	66528	51904.5	0	66528
5	13933	12976.1	0	13933
6	3127	3244.0	0	3127
7	607	811.0	0	607
8	159	202.8	0	159
9	792	50.7	0	52 740
10	890	12.7	1	26 864
11	288	3.2	1	0 288
12	66	0.8	1	3 63
13	14	0.2	1	2 12
14	6	0.0	1	0 6
15	1	0.0	1	0 1


=== Second read: Adapter PrefixPE/2 ===

Sequence: GTGACTGGAGTTCAGACGTGTGCTCTTCCGATCT; Type: regular 3'; Length: 34; Trimmed: 223315 times

No. of allowed errors:
0-9 bp: 0; 10-19 bp: 1; 20-29 bp: 2; 30-34 bp: 3

Bases preceding removed adapters:
  A: 24.0%
  C: 18.2%
  G: 25.6%
  T: 32.2%
  none/other: 0.0%

Overview of removed sequences
length	count	expect	max.err	error counts
3	174283	207617.9	0	174283
4	40448	51904.5	0	40448
5	6226	12976.1	0	6226
6	1441	3244.0	0	1441
7	340	811.0	0	340
8	45	202.8	0	45
9	232	50.7	0	12 220
10	199	12.7	1	2 197
11	76	3.2	1	2 74
12	21	0.8	1	0 21
13	4	0.2	1	0 4
