This is cutadapt 2.9 with Python 3.6.6
Command line parameters: --interleaved -a file:/nas02/apps/trimmomatic-0.36/Trimmomatic-0.36/adapters/TruSeq3-PE.fa -A file:/nas02/apps/trimmomatic-0.36/Trimmomatic-0.36/adapters/TruSeq3-PE.fa -m 30 /nas/longleaf/home/zpopkinh/Pvivax_resources/wgs_pe_improved_global/fastq/SRS2746061/SRR6361704_1.fastq.gz /nas/longleaf/home/zpopkinh/Pvivax_resources/wgs_pe_improved_global/fastq/SRS2746061/SRR6361704_2.fastq.gz
Processing reads on 1 core in paired-end mode ...
Finished in 51.52 s (153 us/read; 0.39 M reads/minute).

=== Summary ===

Total read pairs processed:            336,197
  Read 1 with adapter:                   8,287 (2.5%)
  Read 2 with adapter:                   6,095 (1.8%)
Pairs written (passing filters):       335,985 (99.9%)

Total basepairs processed:   168,770,894 bp
  Read 1:    84,385,447 bp
  Read 2:    84,385,447 bp
Total written (filtered):    168,613,073 bp (99.9%)
  Read 1:    84,302,564 bp
  Read 2:    84,310,509 bp

=== First read: Adapter PrefixPE/1 ===

Sequence: TACACTCTTTCCCTACACGACGCTCTTCCGATCT; Type: regular 3'; Length: 34; Trimmed: 7341 times

No. of allowed errors:
0-9 bp: 0; 10-19 bp: 1; 20-29 bp: 2; 30-34 bp: 3

Bases preceding removed adapters:
  A: 60.5%
  C: 17.8%
  G: 8.9%
  T: 12.8%
  none/other: 0.0%

Overview of removed sequences
length	count	expect	max.err	error counts
3	3372	5253.1	0	3372
4	3310	1313.3	0	3310
5	376	328.3	0	376
6	113	82.1	0	113
7	14	20.5	0	14
8	2	5.1	0	2
9	8	1.3	0	3 5
10	13	0.3	1	0 13
11	2	0.1	1	0 2
12	1	0.0	1	0 1
196	1	0.0	3	0 0 0 1
237	9	0.0	3	0 0 0 9
238	3	0.0	3	0 0 1 2
239	94	0.0	3	0 0 14 80
240	3	0.0	3	0 0 0 3
241	2	0.0	3	0 0 0 2
243	7	0.0	3	0 0 0 7
244	2	0.0	3	0 0 2
245	6	0.0	3	0 0 0 6
246	2	0.0	3	0 0 0 2
249	1	0.0	3	0 0 1


=== First read: Adapter PrefixPE/2 ===

Sequence: GTGACTGGAGTTCAGACGTGTGCTCTTCCGATCT; Type: regular 3'; Length: 34; Trimmed: 946 times

No. of allowed errors:
0-9 bp: 0; 10-19 bp: 1; 20-29 bp: 2; 30-34 bp: 3

Bases preceding removed adapters:
  A: 46.8%
  C: 13.0%
  G: 10.0%
  T: 30.1%
  none/other: 0.0%

Overview of removed sequences
length	count	expect	max.err	error counts
3	623	5253.1	0	623
4	283	1313.3	0	283
5	24	328.3	0	24
6	12	82.1	0	12
7	1	20.5	0	1
9	2	1.3	0	0 2
10	1	0.3	1	0 1


=== Second read: Adapter PrefixPE/1 ===

Sequence: TACACTCTTTCCCTACACGACGCTCTTCCGATCT; Type: regular 3'; Length: 34; Trimmed: 3989 times

No. of allowed errors:
0-9 bp: 0; 10-19 bp: 1; 20-29 bp: 2; 30-34 bp: 3

Bases preceding removed adapters:
  A: 63.4%
  C: 10.4%
  G: 18.1%
  T: 8.1%
  none/other: 0.0%

Overview of removed sequences
length	count	expect	max.err	error counts
3	1390	5253.1	0	1390
4	2333	1313.3	0	2333
5	216	328.3	0	216
6	44	82.1	0	44
7	2	20.5	0	2
8	2	5.1	0	2
9	1	1.3	0	0 1
11	1	0.1	1	0 1


=== Second read: Adapter PrefixPE/2 ===

Sequence: GTGACTGGAGTTCAGACGTGTGCTCTTCCGATCT; Type: regular 3'; Length: 34; Trimmed: 2106 times

No. of allowed errors:
0-9 bp: 0; 10-19 bp: 1; 20-29 bp: 2; 30-34 bp: 3

Bases preceding removed adapters:
  A: 56.0%
  C: 10.4%
  G: 10.7%
  T: 22.8%
  none/other: 0.0%

Overview of removed sequences
length	count	expect	max.err	error counts
3	1573	5253.1	0	1573
4	370	1313.3	0	370
5	46	328.3	0	46
6	17	82.1	0	17
7	11	20.5	0	11
9	2	1.3	0	0 2
10	2	0.3	1	0 2
11	1	0.1	1	0 1
193	1	0.0	3	0 0 0 1
228	5	0.0	3	0 4 1
229	2	0.0	3	0 0 2
230	5	0.0	3	0 0 2 3
231	1	0.0	3	0 0 1
232	5	0.0	3	0 0 1 4
233	1	0.0	3	0 1
234	31	0.0	3	0 20 9 2
235	3	0.0	3	0 1 1 1
236	7	0.0	3	0 0 4 3
237	10	0.0	3	0 0 1 9
238	12	0.0	3	0 0 2 10
242	1	0.0	3	0 0 1
