This is cutadapt 2.9 with Python 3.6.6
Command line parameters: --interleaved -a file:/nas02/apps/trimmomatic-0.36/Trimmomatic-0.36/adapters/TruSeq3-PE.fa -A file:/nas02/apps/trimmomatic-0.36/Trimmomatic-0.36/adapters/TruSeq3-PE.fa -m 30 /nas/longleaf/home/zpopkinh/Pvivax_resources/wgs_pe_improved_global/fastq/SRS2746061/SRR6361541_1.fastq.gz /nas/longleaf/home/zpopkinh/Pvivax_resources/wgs_pe_improved_global/fastq/SRS2746061/SRR6361541_2.fastq.gz
Processing reads on 1 core in paired-end mode ...
Finished in 9625.03 s (86 us/read; 0.69 M reads/minute).

=== Summary ===

Total read pairs processed:        111,353,508
  Read 1 with adapter:               4,688,044 (4.2%)
  Read 2 with adapter:               6,972,617 (6.3%)
Pairs written (passing filters):   111,353,506 (100.0%)

Total basepairs processed: 22,270,701,600 bp
  Read 1: 11,135,350,800 bp
  Read 2: 11,135,350,800 bp
Total written (filtered):  22,228,865,477 bp (99.8%)
  Read 1: 11,117,856,026 bp
  Read 2: 11,111,009,451 bp

=== First read: Adapter PrefixPE/1 ===

Sequence: TACACTCTTTCCCTACACGACGCTCTTCCGATCT; Type: regular 3'; Length: 34; Trimmed: 3707829 times

No. of allowed errors:
0-9 bp: 0; 10-19 bp: 1; 20-29 bp: 2; 30-34 bp: 3

Bases preceding removed adapters:
  A: 79.6%
  C: 5.8%
  G: 6.4%
  T: 8.1%
  none/other: 0.0%

Overview of removed sequences
length	count	expect	max.err	error counts
3	1605958	1739898.6	0	1605958
4	1128325	434974.6	0	1128325
5	948473	108743.7	0	948473
6	12772	27185.9	0	12772
7	2357	6796.5	0	2357
8	864	1699.1	0	864
9	3358	424.8	0	246 3112
10	3420	106.2	1	78 3342
11	1757	26.5	1	11 1746
12	411	6.6	1	2 409
13	91	1.7	1	0 91
14	36	0.4	1	0 36
15	6	0.1	1	0 6
100	1	0.0	3	0 1


=== First read: Adapter PrefixPE/2 ===

Sequence: GTGACTGGAGTTCAGACGTGTGCTCTTCCGATCT; Type: regular 3'; Length: 34; Trimmed: 980215 times

No. of allowed errors:
0-9 bp: 0; 10-19 bp: 1; 20-29 bp: 2; 30-34 bp: 3

Bases preceding removed adapters:
  A: 23.7%
  C: 19.0%
  G: 27.6%
  T: 29.7%
  none/other: 0.0%

Overview of removed sequences
length	count	expect	max.err	error counts
3	759618	1739898.6	0	759618
4	176702	434974.6	0	176702
5	30614	108743.7	0	30614
6	7873	27185.9	0	7873
7	2886	6796.5	0	2886
8	173	1699.1	0	173
9	984	424.8	0	40 944
10	947	106.2	1	14 933
11	359	26.5	1	1 358
12	51	6.6	1	0 51
13	7	1.7	1	0 7
81	1	0.0	3	0 1


=== Second read: Adapter PrefixPE/1 ===

Sequence: TACACTCTTTCCCTACACGACGCTCTTCCGATCT; Type: regular 3'; Length: 34; Trimmed: 4602458 times

No. of allowed errors:
0-9 bp: 0; 10-19 bp: 1; 20-29 bp: 2; 30-34 bp: 3

Bases preceding removed adapters:
  A: 63.2%
  C: 4.9%
  G: 5.5%
  T: 26.4%
  none/other: 0.0%

Overview of removed sequences
length	count	expect	max.err	error counts
3	2516913	1739898.6	0	2516913
4	1123539	434974.6	0	1123539
5	936251	108743.7	0	936251
6	12841	27185.9	0	12841
7	2503	6796.5	0	2503
8	977	1699.1	0	977
9	3808	424.8	0	267 3541
10	3470	106.2	1	93 3377
11	1578	26.5	1	6 1572
12	390	6.6	1	5 385
13	135	1.7	1	1 134
14	45	0.4	1	0 45
15	8	0.1	1	0 8


=== Second read: Adapter PrefixPE/2 ===

Sequence: GTGACTGGAGTTCAGACGTGTGCTCTTCCGATCT; Type: regular 3'; Length: 34; Trimmed: 2370159 times

No. of allowed errors:
0-9 bp: 0; 10-19 bp: 1; 20-29 bp: 2; 30-34 bp: 3

Bases preceding removed adapters:
  A: 10.1%
  C: 43.6%
  G: 30.8%
  T: 15.5%
  none/other: 0.0%

Overview of removed sequences
length	count	expect	max.err	error counts
3	2132301	1739898.6	0	2132301
4	192689	434974.6	0	192689
5	31826	108743.7	0	31826
6	7775	27185.9	0	7775
7	2989	6796.5	0	2989
8	239	1699.1	0	239
9	1027	424.8	0	48 979
10	930	106.2	1	17 913
11	321	26.5	1	5 316
12	53	6.6	1	0 53
13	9	1.7	1	0 9
