This is cutadapt 2.9 with Python 3.6.6
Command line parameters: --interleaved -a file:/nas02/apps/trimmomatic-0.36/Trimmomatic-0.36/adapters/TruSeq3-PE.fa -A file:/nas02/apps/trimmomatic-0.36/Trimmomatic-0.36/adapters/TruSeq3-PE.fa -m 30 /nas/longleaf/home/zpopkinh/Pvivax_resources/wgs_pe_improved_global/fastq/ERR3813226/ERR3813226_1.fastq.gz /nas/longleaf/home/zpopkinh/Pvivax_resources/wgs_pe_improved_global/fastq/ERR3813226/ERR3813226_2.fastq.gz
Processing reads on 1 core in paired-end mode ...
Finished in 2632.74 s (137 us/read; 0.44 M reads/minute).

=== Summary ===

Total read pairs processed:         19,155,033
  Read 1 with adapter:                 704,958 (3.7%)
  Read 2 with adapter:                 706,803 (3.7%)
Pairs written (passing filters):    19,155,033 (100.0%)

Total basepairs processed: 5,746,509,900 bp
  Read 1: 2,873,254,950 bp
  Read 2: 2,873,254,950 bp
Total written (filtered):  5,741,689,573 bp (99.9%)
  Read 1: 2,870,846,217 bp
  Read 2: 2,870,843,356 bp

=== First read: Adapter PrefixPE/1 ===

Sequence: TACACTCTTTCCCTACACGACGCTCTTCCGATCT; Type: regular 3'; Length: 34; Trimmed: 331614 times

No. of allowed errors:
0-9 bp: 0; 10-19 bp: 1; 20-29 bp: 2; 30-34 bp: 3

Bases preceding removed adapters:
  A: 30.8%
  C: 21.7%
  G: 16.5%
  T: 30.9%
  none/other: 0.0%

Overview of removed sequences
length	count	expect	max.err	error counts
3	217192	299297.4	0	217192
4	90665	74824.3	0	90665
5	15082	18706.1	0	15082
6	4123	4676.5	0	4123
7	823	1169.1	0	823
8	228	292.3	0	228
9	929	73.1	0	66 863
10	1891	18.3	1	43 1848
11	506	4.6	1	5 501
12	113	1.1	1	4 109
13	39	0.3	1	0 39
14	12	0.1	1	1 11
15	6	0.0	1	1 5
16	2	0.0	1	0 2
47	1	0.0	3	0 1
75	1	0.0	3	0 1
94	1	0.0	3	0 0 0 1


=== First read: Adapter PrefixPE/2 ===

Sequence: GTGACTGGAGTTCAGACGTGTGCTCTTCCGATCT; Type: regular 3'; Length: 34; Trimmed: 373344 times

No. of allowed errors:
0-9 bp: 0; 10-19 bp: 1; 20-29 bp: 2; 30-34 bp: 3

Bases preceding removed adapters:
  A: 30.9%
  C: 7.0%
  G: 24.7%
  T: 37.4%
  none/other: 0.0%

Overview of removed sequences
length	count	expect	max.err	error counts
3	277700	299297.4	0	277700
4	75936	74824.3	0	75936
5	12463	18706.1	0	12463
6	4041	4676.5	0	4041
7	1066	1169.1	0	1066
8	276	292.3	0	276
9	711	73.1	0	48 663
10	734	18.3	1	33 701
11	315	4.6	1	5 310
12	66	1.1	1	2 64
13	23	0.3	1	0 23
14	8	0.1	1	0 8
15	4	0.0	1	0 4
16	1	0.0	1	0 1


=== Second read: Adapter PrefixPE/1 ===

Sequence: TACACTCTTTCCCTACACGACGCTCTTCCGATCT; Type: regular 3'; Length: 34; Trimmed: 331445 times

No. of allowed errors:
0-9 bp: 0; 10-19 bp: 1; 20-29 bp: 2; 30-34 bp: 3

Bases preceding removed adapters:
  A: 30.6%
  C: 22.3%
  G: 16.8%
  T: 30.3%
  none/other: 0.0%

Overview of removed sequences
length	count	expect	max.err	error counts
3	218484	299297.4	0	218484
4	88870	74824.3	0	88870
5	15295	18706.1	0	15295
6	4195	4676.5	0	4195
7	943	1169.1	0	943
8	278	292.3	0	278
9	895	73.1	0	82 813
10	1786	18.3	1	64 1722
11	539	4.6	1	6 533
12	105	1.1	1	1 104
13	37	0.3	1	0 37
14	14	0.1	1	2 12
15	1	0.0	1	0 1
76	1	0.0	3	0 0 0 1
108	1	0.0	3	0 1
113	1	0.0	3	0 0 1


=== Second read: Adapter PrefixPE/2 ===

Sequence: GTGACTGGAGTTCAGACGTGTGCTCTTCCGATCT; Type: regular 3'; Length: 34; Trimmed: 375358 times

No. of allowed errors:
0-9 bp: 0; 10-19 bp: 1; 20-29 bp: 2; 30-34 bp: 3

Bases preceding removed adapters:
  A: 29.9%
  C: 8.8%
  G: 25.1%
  T: 36.3%
  none/other: 0.0%

Overview of removed sequences
length	count	expect	max.err	error counts
3	281620	299297.4	0	281620
4	73692	74824.3	0	73692
5	12781	18706.1	0	12781
6	4020	4676.5	0	4020
7	1098	1169.1	0	1098
8	275	292.3	0	275
9	744	73.1	0	59 685
10	713	18.3	1	14 699
11	299	4.6	1	0 299
12	81	1.1	1	2 79
13	27	0.3	1	0 27
14	1	0.1	1	0 1
15	5	0.0	1	0 5
16	1	0.0	1	0 1
17	1	0.0	1	0 1
