This is cutadapt 2.9 with Python 3.6.6
Command line parameters: --interleaved -a file:/nas02/apps/trimmomatic-0.36/Trimmomatic-0.36/adapters/TruSeq3-PE.fa -A file:/nas02/apps/trimmomatic-0.36/Trimmomatic-0.36/adapters/TruSeq3-PE.fa -m 30 /nas/longleaf/home/zpopkinh/Pvivax_resources/wgs_pe_improved_global/fastq/SRS2910030/SRR6668524_1.fastq.gz /nas/longleaf/home/zpopkinh/Pvivax_resources/wgs_pe_improved_global/fastq/SRS2910030/SRR6668524_2.fastq.gz
Processing reads on 1 core in paired-end mode ...
Finished in 95.96 s (91 us/read; 0.66 M reads/minute).

=== Summary ===

Total read pairs processed:          1,058,788
  Read 1 with adapter:                  45,287 (4.3%)
  Read 2 with adapter:                  48,210 (4.6%)
Pairs written (passing filters):     1,058,788 (100.0%)

Total basepairs processed:   211,757,600 bp
  Read 1:   105,878,800 bp
  Read 2:   105,878,800 bp
Total written (filtered):    211,434,731 bp (99.8%)
  Read 1:   105,721,867 bp
  Read 2:   105,712,864 bp

=== First read: Adapter PrefixPE/1 ===

Sequence: TACACTCTTTCCCTACACGACGCTCTTCCGATCT; Type: regular 3'; Length: 34; Trimmed: 24460 times

No. of allowed errors:
0-9 bp: 0; 10-19 bp: 1; 20-29 bp: 2; 30-34 bp: 3

Bases preceding removed adapters:
  A: 49.3%
  C: 15.6%
  G: 18.6%
  T: 16.6%
  none/other: 0.0%

Overview of removed sequences
length	count	expect	max.err	error counts
3	13910	16543.6	0	13910
4	6480	4135.9	0	6480
5	3770	1034.0	0	3770
6	162	258.5	0	162
7	35	64.6	0	35
8	10	16.2	0	10
9	31	4.0	0	1 30
10	41	1.0	1	1 40
11	16	0.3	1	0 16
12	2	0.1	1	0 2
13	3	0.0	1	1 2


=== First read: Adapter PrefixPE/2 ===

Sequence: GTGACTGGAGTTCAGACGTGTGCTCTTCCGATCT; Type: regular 3'; Length: 34; Trimmed: 20827 times

No. of allowed errors:
0-9 bp: 0; 10-19 bp: 1; 20-29 bp: 2; 30-34 bp: 3

Bases preceding removed adapters:
  A: 24.3%
  C: 19.4%
  G: 29.0%
  T: 27.3%
  none/other: 0.0%

Overview of removed sequences
length	count	expect	max.err	error counts
3	16329	16543.6	0	16329
4	3702	4135.9	0	3702
5	566	1034.0	0	566
6	147	258.5	0	147
7	35	64.6	0	35
8	4	16.2	0	4
9	22	4.0	0	0 22
10	16	1.0	1	0 16
11	6	0.3	1	0 6


=== Second read: Adapter PrefixPE/1 ===

Sequence: TACACTCTTTCCCTACACGACGCTCTTCCGATCT; Type: regular 3'; Length: 34; Trimmed: 25642 times

No. of allowed errors:
0-9 bp: 0; 10-19 bp: 1; 20-29 bp: 2; 30-34 bp: 3

Bases preceding removed adapters:
  A: 47.0%
  C: 14.9%
  G: 16.9%
  T: 21.3%
  none/other: 0.0%

Overview of removed sequences
length	count	expect	max.err	error counts
3	15048	16543.6	0	15048
4	6537	4135.9	0	6537
5	3753	1034.0	0	3753
6	169	258.5	0	169
7	33	64.6	0	33
8	15	16.2	0	15
9	22	4.0	0	3 19
10	42	1.0	1	0 42
11	13	0.3	1	0 13
12	6	0.1	1	0 6
13	4	0.0	1	0 4


=== Second read: Adapter PrefixPE/2 ===

Sequence: GTGACTGGAGTTCAGACGTGTGCTCTTCCGATCT; Type: regular 3'; Length: 34; Trimmed: 22568 times

No. of allowed errors:
0-9 bp: 0; 10-19 bp: 1; 20-29 bp: 2; 30-34 bp: 3

Bases preceding removed adapters:
  A: 22.5%
  C: 23.1%
  G: 28.7%
  T: 25.7%
  none/other: 0.0%

Overview of removed sequences
length	count	expect	max.err	error counts
3	17928	16543.6	0	17928
4	3808	4135.9	0	3808
5	599	1034.0	0	599
6	135	258.5	0	135
7	48	64.6	0	48
8	7	16.2	0	7
9	17	4.0	0	5 12
10	23	1.0	1	0 23
11	3	0.3	1	0 3
