This is cutadapt 2.9 with Python 3.6.6
Command line parameters: --interleaved -a file:/nas02/apps/trimmomatic-0.36/Trimmomatic-0.36/adapters/TruSeq3-PE.fa -A file:/nas02/apps/trimmomatic-0.36/Trimmomatic-0.36/adapters/TruSeq3-PE.fa -m 30 /nas/longleaf/home/zpopkinh/Pvivax_resources/wgs_pe_improved_global/fastq/SRS2910046/SRR6668507_1.fastq.gz /nas/longleaf/home/zpopkinh/Pvivax_resources/wgs_pe_improved_global/fastq/SRS2910046/SRR6668507_2.fastq.gz
Processing reads on 1 core in paired-end mode ...
Finished in 157.92 s (119 us/read; 0.50 M reads/minute).

=== Summary ===

Total read pairs processed:          1,326,149
  Read 1 with adapter:                  55,252 (4.2%)
  Read 2 with adapter:                  68,950 (5.2%)
Pairs written (passing filters):     1,326,149 (100.0%)

Total basepairs processed:   265,229,800 bp
  Read 1:   132,614,900 bp
  Read 2:   132,614,900 bp
Total written (filtered):    264,798,717 bp (99.8%)
  Read 1:   132,419,712 bp
  Read 2:   132,379,005 bp

=== First read: Adapter PrefixPE/1 ===

Sequence: TACACTCTTTCCCTACACGACGCTCTTCCGATCT; Type: regular 3'; Length: 34; Trimmed: 33937 times

No. of allowed errors:
0-9 bp: 0; 10-19 bp: 1; 20-29 bp: 2; 30-34 bp: 3

Bases preceding removed adapters:
  A: 58.7%
  C: 12.3%
  G: 16.0%
  T: 13.1%
  none/other: 0.0%

Overview of removed sequences
length	count	expect	max.err	error counts
3	17845	20721.1	0	17845
4	9394	5180.3	0	9394
5	6319	1295.1	0	6319
6	221	323.8	0	221
7	45	80.9	0	45
8	19	20.2	0	19
9	39	5.1	0	3 36
10	38	1.3	1	0 38
11	14	0.3	1	0 14
12	3	0.1	1	0 3


=== First read: Adapter PrefixPE/2 ===

Sequence: GTGACTGGAGTTCAGACGTGTGCTCTTCCGATCT; Type: regular 3'; Length: 34; Trimmed: 21315 times

No. of allowed errors:
0-9 bp: 0; 10-19 bp: 1; 20-29 bp: 2; 30-34 bp: 3

Bases preceding removed adapters:
  A: 23.1%
  C: 19.6%
  G: 28.7%
  T: 28.7%
  none/other: 0.0%

Overview of removed sequences
length	count	expect	max.err	error counts
3	16750	20721.1	0	16750
4	3734	5180.3	0	3734
5	592	1295.1	0	592
6	162	323.8	0	162
7	31	80.9	0	31
8	4	20.2	0	4
9	23	5.1	0	0 23
10	15	1.3	1	0 15
11	4	0.3	1	0 4


=== Second read: Adapter PrefixPE/1 ===

Sequence: TACACTCTTTCCCTACACGACGCTCTTCCGATCT; Type: regular 3'; Length: 34; Trimmed: 39015 times

No. of allowed errors:
0-9 bp: 0; 10-19 bp: 1; 20-29 bp: 2; 30-34 bp: 3

Bases preceding removed adapters:
  A: 51.1%
  C: 10.9%
  G: 13.9%
  T: 24.1%
  none/other: 0.0%

Overview of removed sequences
length	count	expect	max.err	error counts
3	22905	20721.1	0	22905
4	9444	5180.3	0	9444
5	6250	1295.1	0	6250
6	256	323.8	0	256
7	48	80.9	0	48
8	27	20.2	0	27
9	31	5.1	0	1 30
10	36	1.3	1	0 36
11	12	0.3	1	0 12
12	3	0.1	1	0 3
13	1	0.0	1	0 1
14	2	0.0	1	0 2


=== Second read: Adapter PrefixPE/2 ===

Sequence: GTGACTGGAGTTCAGACGTGTGCTCTTCCGATCT; Type: regular 3'; Length: 34; Trimmed: 29935 times

No. of allowed errors:
0-9 bp: 0; 10-19 bp: 1; 20-29 bp: 2; 30-34 bp: 3

Bases preceding removed adapters:
  A: 15.8%
  C: 29.9%
  G: 34.5%
  T: 19.8%
  none/other: 0.0%

Overview of removed sequences
length	count	expect	max.err	error counts
3	25677	20721.1	0	25677
4	3489	5180.3	0	3489
5	553	1295.1	0	553
6	147	323.8	0	147
7	29	80.9	0	29
8	4	20.2	0	4
9	15	5.1	0	0 15
10	18	1.3	1	0 18
11	2	0.3	1	0 2
12	1	0.1	1	0 1
