This is cutadapt 2.9 with Python 3.6.6
Command line parameters: --interleaved -a file:/nas02/apps/trimmomatic-0.36/Trimmomatic-0.36/adapters/TruSeq3-PE.fa -A file:/nas02/apps/trimmomatic-0.36/Trimmomatic-0.36/adapters/TruSeq3-PE.fa -m 30 /nas/longleaf/home/zpopkinh/Pvivax_resources/wgs_pe_improved_global/fastq/SRS2745835/SRR6361520_1.fastq.gz /nas/longleaf/home/zpopkinh/Pvivax_resources/wgs_pe_improved_global/fastq/SRS2745835/SRR6361520_2.fastq.gz
Processing reads on 1 core in paired-end mode ...
Finished in 4905.36 s (74 us/read; 0.81 M reads/minute).

=== Summary ===

Total read pairs processed:         65,901,722
  Read 1 with adapter:               2,294,802 (3.5%)
  Read 2 with adapter:               2,311,584 (3.5%)
Pairs written (passing filters):    65,901,719 (100.0%)

Total basepairs processed: 13,180,344,400 bp
  Read 1: 6,590,172,200 bp
  Read 2: 6,590,172,200 bp
Total written (filtered):  13,164,632,383 bp (99.9%)
  Read 1: 6,582,329,108 bp
  Read 2: 6,582,303,275 bp

=== First read: Adapter PrefixPE/1 ===

Sequence: TACACTCTTTCCCTACACGACGCTCTTCCGATCT; Type: regular 3'; Length: 34; Trimmed: 1200886 times

No. of allowed errors:
0-9 bp: 0; 10-19 bp: 1; 20-29 bp: 2; 30-34 bp: 3

Bases preceding removed adapters:
  A: 37.7%
  C: 17.9%
  G: 19.6%
  T: 24.9%
  none/other: 0.0%

Overview of removed sequences
length	count	expect	max.err	error counts
3	763236	1029714.4	0	763236
4	293994	257428.6	0	293994
5	123682	64357.2	0	123682
6	9448	16089.3	0	9448
7	2014	4022.3	0	2014
8	575	1005.6	0	575
9	3303	251.4	0	199 3104
10	3115	62.8	1	71 3044
11	1150	15.7	1	15 1135
12	264	3.9	1	3 261
13	60	1.0	1	2 58
14	45	0.2	1	0 45


=== First read: Adapter PrefixPE/2 ===

Sequence: GTGACTGGAGTTCAGACGTGTGCTCTTCCGATCT; Type: regular 3'; Length: 34; Trimmed: 1093916 times

No. of allowed errors:
0-9 bp: 0; 10-19 bp: 1; 20-29 bp: 2; 30-34 bp: 3

Bases preceding removed adapters:
  A: 23.9%
  C: 19.6%
  G: 27.3%
  T: 29.2%
  none/other: 0.0%

Overview of removed sequences
length	count	expect	max.err	error counts
3	840307	1029714.4	0	840307
4	208512	257428.6	0	208512
5	33233	64357.2	0	33233
6	7137	16089.3	0	7137
7	1765	4022.3	0	1765
8	193	1005.6	0	193
9	1066	251.4	0	48 1018
10	1083	62.8	1	13 1070
11	519	15.7	1	0 519
12	81	3.9	1	0 81
13	19	1.0	1	0 19
100	1	0.0	3	0 1


=== Second read: Adapter PrefixPE/1 ===

Sequence: TACACTCTTTCCCTACACGACGCTCTTCCGATCT; Type: regular 3'; Length: 34; Trimmed: 1186112 times

No. of allowed errors:
0-9 bp: 0; 10-19 bp: 1; 20-29 bp: 2; 30-34 bp: 3

Bases preceding removed adapters:
  A: 37.7%
  C: 17.9%
  G: 19.5%
  T: 24.9%
  none/other: 0.0%

Overview of removed sequences
length	count	expect	max.err	error counts
3	754987	1029714.4	0	754987
4	289610	257428.6	0	289610
5	121289	64357.2	0	121289
6	9783	16089.3	0	9783
7	1961	4022.3	0	1961
8	538	1005.6	0	538
9	3264	251.4	0	197 3067
10	3020	62.8	1	50 2970
11	1247	15.7	1	7 1240
12	306	3.9	1	1 305
13	67	1.0	1	0 67
14	38	0.2	1	0 38
72	1	0.0	3	0 0 0 1
100	1	0.0	3	0 0 0 1


=== Second read: Adapter PrefixPE/2 ===

Sequence: GTGACTGGAGTTCAGACGTGTGCTCTTCCGATCT; Type: regular 3'; Length: 34; Trimmed: 1125472 times

No. of allowed errors:
0-9 bp: 0; 10-19 bp: 1; 20-29 bp: 2; 30-34 bp: 3

Bases preceding removed adapters:
  A: 25.2%
  C: 18.5%
  G: 26.4%
  T: 29.8%
  none/other: 0.0%

Overview of removed sequences
length	count	expect	max.err	error counts
3	884433	1029714.4	0	884433
4	197771	257428.6	0	197771
5	32059	64357.2	0	32059
6	6767	16089.3	0	6767
7	1686	4022.3	0	1686
8	261	1005.6	0	261
9	1053	251.4	0	52 1001
10	924	62.8	1	18 906
11	430	15.7	1	2 428
12	79	3.9	1	0 79
13	9	1.0	1	0 9
