This is cutadapt 2.9 with Python 3.6.6
Command line parameters: --interleaved -a file:/nas02/apps/trimmomatic-0.36/Trimmomatic-0.36/adapters/TruSeq3-PE.fa -A file:/nas02/apps/trimmomatic-0.36/Trimmomatic-0.36/adapters/TruSeq3-PE.fa -m 30 /nas/longleaf/home/zpopkinh/Pvivax_resources/wgs_pe_improved_global/fastq/ERS241429/ERR337618_1.fastq.gz /nas/longleaf/home/zpopkinh/Pvivax_resources/wgs_pe_improved_global/fastq/ERS241429/ERR337618_2.fastq.gz
Processing reads on 1 core in paired-end mode ...
Finished in 2042.88 s (94 us/read; 0.64 M reads/minute).

=== Summary ===

Total read pairs processed:         21,747,357
  Read 1 with adapter:                 777,626 (3.6%)
  Read 2 with adapter:                 772,191 (3.6%)
Pairs written (passing filters):    21,747,340 (100.0%)

Total basepairs processed: 4,349,471,400 bp
  Read 1: 2,174,735,700 bp
  Read 2: 2,174,735,700 bp
Total written (filtered):  4,344,223,679 bp (99.9%)
  Read 1: 2,172,102,580 bp
  Read 2: 2,172,121,099 bp

=== First read: Adapter PrefixPE/1 ===

Sequence: TACACTCTTTCCCTACACGACGCTCTTCCGATCT; Type: regular 3'; Length: 34; Trimmed: 441134 times

No. of allowed errors:
0-9 bp: 0; 10-19 bp: 1; 20-29 bp: 2; 30-34 bp: 3

Bases preceding removed adapters:
  A: 31.2%
  C: 16.8%
  G: 20.9%
  T: 31.1%
  none/other: 0.0%

Overview of removed sequences
length	count	expect	max.err	error counts
3	291606	339802.5	0	291606
4	117793	84950.6	0	117793
5	22302	21237.7	0	22302
6	5092	5309.4	0	5092
7	896	1327.4	0	896
8	225	331.8	0	225
9	1300	83.0	0	70 1230
10	1337	20.7	1	24 1313
11	440	5.2	1	2 438
12	101	1.3	1	1 100
13	14	0.3	1	1 13
14	11	0.1	1	0 11
100	17	0.0	3	0 0 0 17


=== First read: Adapter PrefixPE/2 ===

Sequence: GTGACTGGAGTTCAGACGTGTGCTCTTCCGATCT; Type: regular 3'; Length: 34; Trimmed: 336492 times

No. of allowed errors:
0-9 bp: 0; 10-19 bp: 1; 20-29 bp: 2; 30-34 bp: 3

Bases preceding removed adapters:
  A: 24.4%
  C: 17.7%
  G: 24.6%
  T: 33.3%
  none/other: 0.0%

Overview of removed sequences
length	count	expect	max.err	error counts
3	261988	339802.5	0	261988
4	61671	84950.6	0	61671
5	9356	21237.7	0	9356
6	2124	5309.4	0	2124
7	508	1327.4	0	508
8	72	331.8	0	72
9	353	83.0	0	21 332
10	303	20.7	1	4 299
11	83	5.2	1	1 82
12	28	1.3	1	0 28
13	6	0.3	1	0 6


=== Second read: Adapter PrefixPE/1 ===

Sequence: TACACTCTTTCCCTACACGACGCTCTTCCGATCT; Type: regular 3'; Length: 34; Trimmed: 440559 times

No. of allowed errors:
0-9 bp: 0; 10-19 bp: 1; 20-29 bp: 2; 30-34 bp: 3

Bases preceding removed adapters:
  A: 31.4%
  C: 16.9%
  G: 20.6%
  T: 31.1%
  none/other: 0.0%

Overview of removed sequences
length	count	expect	max.err	error counts
3	291534	339802.5	0	291534
4	117298	84950.6	0	117298
5	22323	21237.7	0	22323
6	4976	5309.4	0	4976
7	946	1327.4	0	946
8	226	331.8	0	226
9	1312	83.0	0	86 1226
10	1324	20.7	1	36 1288
11	479	5.2	1	4 475
12	103	1.3	1	3 100
13	32	0.3	1	0 32
14	5	0.1	1	0 5
15	1	0.0	1	0 1


=== Second read: Adapter PrefixPE/2 ===

Sequence: GTGACTGGAGTTCAGACGTGTGCTCTTCCGATCT; Type: regular 3'; Length: 34; Trimmed: 331632 times

No. of allowed errors:
0-9 bp: 0; 10-19 bp: 1; 20-29 bp: 2; 30-34 bp: 3

Bases preceding removed adapters:
  A: 24.3%
  C: 17.8%
  G: 24.6%
  T: 33.4%
  none/other: 0.0%

Overview of removed sequences
length	count	expect	max.err	error counts
3	258814	339802.5	0	258814
4	60297	84950.6	0	60297
5	9108	21237.7	0	9108
6	2117	5309.4	0	2117
7	465	1327.4	0	465
8	74	331.8	0	74
9	321	83.0	0	19 302
10	301	20.7	1	5 296
11	98	5.2	1	0 98
12	26	1.3	1	0 26
13	10	0.3	1	0 10
14	1	0.1	1	0 1
