This is cutadapt 2.9 with Python 3.6.6
Command line parameters: --interleaved -a file:/nas02/apps/trimmomatic-0.36/Trimmomatic-0.36/adapters/TruSeq3-PE.fa -A file:/nas02/apps/trimmomatic-0.36/Trimmomatic-0.36/adapters/TruSeq3-PE.fa -m 30 /nas/longleaf/home/zpopkinh/Pvivax_resources/wgs_pe_improved_global/fastq/SRS1885924/SRR5136534_1.fastq.gz /nas/longleaf/home/zpopkinh/Pvivax_resources/wgs_pe_improved_global/fastq/SRS1885924/SRR5136534_2.fastq.gz
Processing reads on 1 core in paired-end mode ...
Finished in 22.35 s (46 us/read; 1.30 M reads/minute).

=== Summary ===

Total read pairs processed:            484,502
  Read 1 with adapter:                  20,007 (4.1%)
  Read 2 with adapter:                  24,711 (5.1%)
Pairs written (passing filters):       484,502 (100.0%)

Total basepairs processed:    96,900,400 bp
  Read 1:    48,450,200 bp
  Read 2:    48,450,200 bp
Total written (filtered):     96,742,709 bp (99.8%)
  Read 1:    48,378,370 bp
  Read 2:    48,364,339 bp

=== First read: Adapter PrefixPE/1 ===

Sequence: TACACTCTTTCCCTACACGACGCTCTTCCGATCT; Type: regular 3'; Length: 34; Trimmed: 12876 times

No. of allowed errors:
0-9 bp: 0; 10-19 bp: 1; 20-29 bp: 2; 30-34 bp: 3

Bases preceding removed adapters:
  A: 67.2%
  C: 10.6%
  G: 11.7%
  T: 10.5%
  none/other: 0.0%

Overview of removed sequences
length	count	expect	max.err	error counts
3	6290	7570.3	0	6290
4	3648	1892.6	0	3648
5	2804	473.1	0	2804
6	65	118.3	0	65
7	15	29.6	0	15
8	1	7.4	0	1
9	25	1.8	0	2 23
10	15	0.5	1	0 15
11	11	0.1	1	1 10
12	2	0.0	1	0 2


=== First read: Adapter PrefixPE/2 ===

Sequence: GTGACTGGAGTTCAGACGTGTGCTCTTCCGATCT; Type: regular 3'; Length: 34; Trimmed: 7131 times

No. of allowed errors:
0-9 bp: 0; 10-19 bp: 1; 20-29 bp: 2; 30-34 bp: 3

Bases preceding removed adapters:
  A: 22.7%
  C: 20.4%
  G: 29.5%
  T: 27.5%
  none/other: 0.0%

Overview of removed sequences
length	count	expect	max.err	error counts
3	5639	7570.3	0	5639
4	1215	1892.6	0	1215
5	184	473.1	0	184
6	61	118.3	0	61
7	18	29.6	0	18
8	1	7.4	0	1
9	4	1.8	0	1 3
10	7	0.5	1	1 6
11	2	0.1	1	0 2


=== Second read: Adapter PrefixPE/1 ===

Sequence: TACACTCTTTCCCTACACGACGCTCTTCCGATCT; Type: regular 3'; Length: 34; Trimmed: 12979 times

No. of allowed errors:
0-9 bp: 0; 10-19 bp: 1; 20-29 bp: 2; 30-34 bp: 3

Bases preceding removed adapters:
  A: 66.6%
  C: 10.6%
  G: 12.2%
  T: 10.6%
  none/other: 0.0%

Overview of removed sequences
length	count	expect	max.err	error counts
3	6417	7570.3	0	6417
4	3637	1892.6	0	3637
5	2795	473.1	0	2795
6	68	118.3	0	68
7	19	29.6	0	19
8	2	7.4	0	2
9	27	1.8	0	0 27
10	11	0.5	1	0 11
11	3	0.1	1	0 3


=== Second read: Adapter PrefixPE/2 ===

Sequence: GTGACTGGAGTTCAGACGTGTGCTCTTCCGATCT; Type: regular 3'; Length: 34; Trimmed: 11732 times

No. of allowed errors:
0-9 bp: 0; 10-19 bp: 1; 20-29 bp: 2; 30-34 bp: 3

Bases preceding removed adapters:
  A: 13.5%
  C: 12.5%
  G: 57.2%
  T: 16.8%
  none/other: 0.0%

Overview of removed sequences
length	count	expect	max.err	error counts
3	10217	7570.3	0	10217
4	1230	1892.6	0	1230
5	206	473.1	0	206
6	47	118.3	0	47
7	17	29.6	0	17
8	2	7.4	0	2
9	7	1.8	0	0 7
10	3	0.5	1	0 3
11	3	0.1	1	0 3
