This is cutadapt 2.9 with Python 3.6.6
Command line parameters: --interleaved -a file:/nas02/apps/trimmomatic-0.36/Trimmomatic-0.36/adapters/TruSeq3-PE.fa -A file:/nas02/apps/trimmomatic-0.36/Trimmomatic-0.36/adapters/TruSeq3-PE.fa -m 30 /nas/longleaf/home/zpopkinh/Pvivax_resources/wgs_pe_improved_global/fastq/ERS010153/ERR018932_1.fastq.gz /nas/longleaf/home/zpopkinh/Pvivax_resources/wgs_pe_improved_global/fastq/ERS010153/ERR018932_2.fastq.gz
Processing reads on 1 core in paired-end mode ...
Finished in 1260.35 s (189 us/read; 0.32 M reads/minute).

=== Summary ===

Total read pairs processed:          6,676,350
  Read 1 with adapter:                 257,891 (3.9%)
  Read 2 with adapter:                 246,434 (3.7%)
Pairs written (passing filters):     6,675,461 (100.0%)

Total basepairs processed: 1,014,805,200 bp
  Read 1:   507,402,600 bp
  Read 2:   507,402,600 bp
Total written (filtered):  1,012,952,656 bp (99.8%)
  Read 1:   506,447,528 bp
  Read 2:   506,505,128 bp

=== First read: Adapter PrefixPE/1 ===

Sequence: TACACTCTTTCCCTACACGACGCTCTTCCGATCT; Type: regular 3'; Length: 34; Trimmed: 144519 times

No. of allowed errors:
0-9 bp: 0; 10-19 bp: 1; 20-29 bp: 2; 30-34 bp: 3

Bases preceding removed adapters:
  A: 37.8%
  C: 25.3%
  G: 19.4%
  T: 17.5%
  none/other: 0.0%

Overview of removed sequences
length	count	expect	max.err	error counts
3	87862	104318.0	0	87862
4	39390	26079.5	0	39390
5	11878	6519.9	0	11878
6	2142	1630.0	0	2142
7	637	407.5	0	637
8	200	101.9	0	200
9	305	25.5	0	46 259
10	474	6.4	1	67 407
11	176	1.6	1	36 140
12	227	0.4	1	97 130
13	29	0.1	1	6 23
14	86	0.0	1	30 56
15	13	0.0	1	5 8
16	41	0.0	1	18 23
17	17	0.0	1	6 11
18	73	0.0	1	30 37 6
19	8	0.0	1	2 4 2
20	28	0.0	2	4 10 14
21	14	0.0	2	4 3 7
22	6	0.0	2	1 3 2
23	7	0.0	2	0 2 5
24	4	0.0	2	0 1 3
25	3	0.0	2	0 2 1
26	5	0.0	2	1 3 1
29	1	0.0	2	0 1
30	3	0.0	3	0 1 1 1
32	1	0.0	3	0 0 0 1
45	1	0.0	3	0 0 0 1
51	3	0.0	3	0 0 0 3
52	2	0.0	3	0 0 0 2
53	3	0.0	3	0 0 1 2
54	5	0.0	3	0 0 0 5
55	2	0.0	3	0 0 1 1
56	3	0.0	3	0 0 0 3
57	6	0.0	3	0 0 1 5
58	5	0.0	3	0 1 0 4
59	16	0.0	3	0 0 3 13
60	7	0.0	3	0 0 0 7
61	10	0.0	3	0 0 1 9
62	16	0.0	3	0 0 0 16
63	13	0.0	3	0 0 0 13
64	15	0.0	3	0 0 2 13
65	42	0.0	3	0 0 2 40
66	14	0.0	3	0 0 1 13
67	29	0.0	3	0 1 1 27
68	76	0.0	3	0 1 4 71
69	16	0.0	3	0 0 0 16
70	8	0.0	3	0 0 1 7
71	576	0.0	3	2 8 42 524
72	10	0.0	3	0 0 0 10
73	3	0.0	3	0 0 0 3
74	2	0.0	3	0 0 0 2
75	5	0.0	3	0 0 0 5
76	1	0.0	3	0 0 0 1


=== First read: Adapter PrefixPE/2 ===

Sequence: GTGACTGGAGTTCAGACGTGTGCTCTTCCGATCT; Type: regular 3'; Length: 34; Trimmed: 113372 times

No. of allowed errors:
0-9 bp: 0; 10-19 bp: 1; 20-29 bp: 2; 30-34 bp: 3

Bases preceding removed adapters:
  A: 26.6%
  C: 18.7%
  G: 24.7%
  T: 30.1%
  none/other: 0.0%

Overview of removed sequences
length	count	expect	max.err	error counts
3	90706	104318.0	0	90706
4	17853	26079.5	0	17853
5	3579	6519.9	0	3579
6	745	1630.0	0	745
7	184	407.5	0	184
8	40	101.9	0	40
9	117	25.5	0	4 113
10	110	6.4	1	0 110
11	30	1.6	1	1 29
12	7	0.4	1	0 7
15	1	0.0	1	0 1


=== Second read: Adapter PrefixPE/1 ===

Sequence: TACACTCTTTCCCTACACGACGCTCTTCCGATCT; Type: regular 3'; Length: 34; Trimmed: 111068 times

No. of allowed errors:
0-9 bp: 0; 10-19 bp: 1; 20-29 bp: 2; 30-34 bp: 3

Bases preceding removed adapters:
  A: 31.4%
  C: 24.2%
  G: 22.9%
  T: 21.4%
  none/other: 0.0%

Overview of removed sequences
length	count	expect	max.err	error counts
3	72116	104318.0	0	72116
4	28546	26079.5	0	28546
5	7747	6519.9	0	7747
6	1450	1630.0	0	1450
7	393	407.5	0	393
8	105	101.9	0	105
9	221	25.5	0	22 199
10	332	6.4	1	14 318
11	119	1.6	1	1 118
12	28	0.4	1	1 27
13	7	0.1	1	0 7
14	3	0.0	1	0 3
71	1	0.0	3	0 0 0 1


=== Second read: Adapter PrefixPE/2 ===

Sequence: GTGACTGGAGTTCAGACGTGTGCTCTTCCGATCT; Type: regular 3'; Length: 34; Trimmed: 135366 times

No. of allowed errors:
0-9 bp: 0; 10-19 bp: 1; 20-29 bp: 2; 30-34 bp: 3

Bases preceding removed adapters:
  A: 23.9%
  C: 19.6%
  G: 29.9%
  T: 26.6%
  none/other: 0.0%

Overview of removed sequences
length	count	expect	max.err	error counts
3	109550	104318.0	0	109550
4	19992	26079.5	0	19992
5	4190	6519.9	0	4190
6	855	1630.0	0	855
7	303	407.5	0	303
8	68	101.9	0	68
9	178	25.5	0	5 173
10	166	6.4	1	3 163
11	49	1.6	1	2 47
12	12	0.4	1	1 11
13	2	0.1	1	0 2
14	1	0.0	1	0 1
