This is cutadapt 2.9 with Python 3.6.6
Command line parameters: --interleaved -a file:/nas02/apps/trimmomatic-0.36/Trimmomatic-0.36/adapters/TruSeq3-PE.fa -A file:/nas02/apps/trimmomatic-0.36/Trimmomatic-0.36/adapters/TruSeq3-PE.fa -m 30 /nas/longleaf/home/zpopkinh/Pvivax_resources/wgs_pe_improved_global/fastq/ERR5740758/ERR5740758_1.fastq.gz /nas/longleaf/home/zpopkinh/Pvivax_resources/wgs_pe_improved_global/fastq/ERR5740758/ERR5740758_2.fastq.gz
Processing reads on 1 core in paired-end mode ...
Finished in 434.19 s (151 us/read; 0.40 M reads/minute).

=== Summary ===

Total read pairs processed:          2,873,435
  Read 1 with adapter:                 104,108 (3.6%)
  Read 2 with adapter:                 101,344 (3.5%)
Pairs written (passing filters):     2,873,432 (100.0%)

Total basepairs processed:   867,777,370 bp
  Read 1:   433,888,685 bp
  Read 2:   433,888,685 bp
Total written (filtered):    867,079,359 bp (99.9%)
  Read 1:   433,534,617 bp
  Read 2:   433,544,742 bp

=== First read: Adapter PrefixPE/1 ===

Sequence: TACACTCTTTCCCTACACGACGCTCTTCCGATCT; Type: regular 3'; Length: 34; Trimmed: 47968 times

No. of allowed errors:
0-9 bp: 0; 10-19 bp: 1; 20-29 bp: 2; 30-34 bp: 3

Bases preceding removed adapters:
  A: 28.5%
  C: 23.4%
  G: 19.2%
  T: 28.9%
  none/other: 0.0%

Overview of removed sequences
length	count	expect	max.err	error counts
3	31951	44897.4	0	31951
4	12553	11224.4	0	12553
5	2322	2806.1	0	2322
6	547	701.5	0	547
7	116	175.4	0	116
8	40	43.8	0	40
9	151	11.0	0	8 143
10	204	2.7	1	5 199
11	57	0.7	1	1 56
12	16	0.2	1	0 16
13	7	0.0	1	0 7
14	1	0.0	1	0 1
105	1	0.0	3	1
115	1	0.0	3	0 0 1
151	1	0.0	3	0 0 0 1


=== First read: Adapter PrefixPE/2 ===

Sequence: GTGACTGGAGTTCAGACGTGTGCTCTTCCGATCT; Type: regular 3'; Length: 34; Trimmed: 56140 times

No. of allowed errors:
0-9 bp: 0; 10-19 bp: 1; 20-29 bp: 2; 30-34 bp: 3

Bases preceding removed adapters:
  A: 27.8%
  C: 11.1%
  G: 26.7%
  T: 34.5%
  none/other: 0.0%

Overview of removed sequences
length	count	expect	max.err	error counts
3	42464	44897.4	0	42464
4	10902	11224.4	0	10902
5	1836	2806.1	0	1836
6	529	701.5	0	529
7	155	175.4	0	155
8	36	43.8	0	36
9	84	11.0	0	5 79
10	90	2.7	1	5 85
11	34	0.7	1	0 34
12	7	0.2	1	1 6
13	2	0.0	1	0 2
116	1	0.0	3	0 1


=== Second read: Adapter PrefixPE/1 ===

Sequence: TACACTCTTTCCCTACACGACGCTCTTCCGATCT; Type: regular 3'; Length: 34; Trimmed: 46192 times

No. of allowed errors:
0-9 bp: 0; 10-19 bp: 1; 20-29 bp: 2; 30-34 bp: 3

Bases preceding removed adapters:
  A: 28.7%
  C: 24.8%
  G: 19.5%
  T: 27.0%
  none/other: 0.0%

Overview of removed sequences
length	count	expect	max.err	error counts
3	30815	44897.4	0	30815
4	11745	11224.4	0	11745
5	2513	2806.1	0	2513
6	518	701.5	0	518
7	146	175.4	0	146
8	44	43.8	0	44
9	107	11.0	0	15 92
10	201	2.7	1	4 197
11	71	0.7	1	0 71
12	19	0.2	1	0 19
13	5	0.0	1	0 5
14	6	0.0	1	0 6
120	1	0.0	3	0 1
151	1	0.0	3	0 0 1


=== Second read: Adapter PrefixPE/2 ===

Sequence: GTGACTGGAGTTCAGACGTGTGCTCTTCCGATCT; Type: regular 3'; Length: 34; Trimmed: 55152 times

No. of allowed errors:
0-9 bp: 0; 10-19 bp: 1; 20-29 bp: 2; 30-34 bp: 3

Bases preceding removed adapters:
  A: 27.3%
  C: 13.3%
  G: 26.4%
  T: 33.0%
  none/other: 0.0%

Overview of removed sequences
length	count	expect	max.err	error counts
3	42551	44897.4	0	42551
4	9894	11224.4	0	9894
5	1803	2806.1	0	1803
6	489	701.5	0	489
7	156	175.4	0	156
8	32	43.8	0	32
9	87	11.0	0	9 78
10	95	2.7	1	1 94
11	30	0.7	1	0 30
12	10	0.2	1	0 10
13	1	0.0	1	0 1
14	1	0.0	1	0 1
15	1	0.0	1	0 1
16	1	0.0	1	0 1
143	1	0.0	3	0 0 0 1
