This is cutadapt 2.9 with Python 3.6.6
Command line parameters: --interleaved -a file:/nas02/apps/trimmomatic-0.36/Trimmomatic-0.36/adapters/TruSeq3-PE.fa -A file:/nas02/apps/trimmomatic-0.36/Trimmomatic-0.36/adapters/TruSeq3-PE.fa -m 30 /nas/longleaf/home/zpopkinh/Pvivax_resources/wgs_pe_improved_global/fastq/ERS989900/ERR1475427_1.fastq.gz /nas/longleaf/home/zpopkinh/Pvivax_resources/wgs_pe_improved_global/fastq/ERS989900/ERR1475427_2.fastq.gz
Processing reads on 1 core in paired-end mode ...
Finished in 910.59 s (87 us/read; 0.69 M reads/minute).

=== Summary ===

Total read pairs processed:         10,409,880
  Read 1 with adapter:                 387,210 (3.7%)
  Read 2 with adapter:                 381,621 (3.7%)
Pairs written (passing filters):    10,409,880 (100.0%)

Total basepairs processed: 2,081,976,000 bp
  Read 1: 1,040,988,000 bp
  Read 2: 1,040,988,000 bp
Total written (filtered):  2,079,383,236 bp (99.9%)
  Read 1: 1,039,681,769 bp
  Read 2: 1,039,701,467 bp

=== First read: Adapter PrefixPE/1 ===

Sequence: TACACTCTTTCCCTACACGACGCTCTTCCGATCT; Type: regular 3'; Length: 34; Trimmed: 198051 times

No. of allowed errors:
0-9 bp: 0; 10-19 bp: 1; 20-29 bp: 2; 30-34 bp: 3

Bases preceding removed adapters:
  A: 27.5%
  C: 19.9%
  G: 24.0%
  T: 28.6%
  none/other: 0.0%

Overview of removed sequences
length	count	expect	max.err	error counts
3	132780	162654.4	0	132780
4	49976	40663.6	0	49976
5	10768	10165.9	0	10768
6	2354	2541.5	0	2354
7	482	635.4	0	482
8	119	158.8	0	119
9	623	39.7	0	42 581
10	662	9.9	1	19 643
11	228	2.5	1	5 223
12	47	0.6	1	0 47
13	8	0.2	1	0 8
14	4	0.0	1	0 4


=== First read: Adapter PrefixPE/2 ===

Sequence: GTGACTGGAGTTCAGACGTGTGCTCTTCCGATCT; Type: regular 3'; Length: 34; Trimmed: 189159 times

No. of allowed errors:
0-9 bp: 0; 10-19 bp: 1; 20-29 bp: 2; 30-34 bp: 3

Bases preceding removed adapters:
  A: 23.7%
  C: 18.5%
  G: 26.4%
  T: 31.4%
  none/other: 0.0%

Overview of removed sequences
length	count	expect	max.err	error counts
3	147415	162654.4	0	147415
4	34483	40663.6	0	34483
5	5343	10165.9	0	5343
6	1192	2541.5	0	1192
7	292	635.4	0	292
8	50	158.8	0	50
9	174	39.7	0	12 162
10	144	9.9	1	3 141
11	49	2.5	1	0 49
12	16	0.6	1	0 16
13	1	0.2	1	0 1


=== Second read: Adapter PrefixPE/1 ===

Sequence: TACACTCTTTCCCTACACGACGCTCTTCCGATCT; Type: regular 3'; Length: 34; Trimmed: 196659 times

No. of allowed errors:
0-9 bp: 0; 10-19 bp: 1; 20-29 bp: 2; 30-34 bp: 3

Bases preceding removed adapters:
  A: 27.5%
  C: 19.9%
  G: 23.9%
  T: 28.7%
  none/other: 0.0%

Overview of removed sequences
length	count	expect	max.err	error counts
3	131828	162654.4	0	131828
4	49729	40663.6	0	49729
5	10788	10165.9	0	10788
6	2378	2541.5	0	2378
7	449	635.4	0	449
8	102	158.8	0	102
9	556	39.7	0	39 517
10	577	9.9	1	16 561
11	202	2.5	1	4 198
12	38	0.6	1	0 38
13	9	0.2	1	1 8
14	3	0.0	1	0 3


=== Second read: Adapter PrefixPE/2 ===

Sequence: GTGACTGGAGTTCAGACGTGTGCTCTTCCGATCT; Type: regular 3'; Length: 34; Trimmed: 184962 times

No. of allowed errors:
0-9 bp: 0; 10-19 bp: 1; 20-29 bp: 2; 30-34 bp: 3

Bases preceding removed adapters:
  A: 23.7%
  C: 18.7%
  G: 26.3%
  T: 31.3%
  none/other: 0.0%

Overview of removed sequences
length	count	expect	max.err	error counts
3	144679	162654.4	0	144679
4	33037	40663.6	0	33037
5	5311	10165.9	0	5311
6	1174	2541.5	0	1174
7	289	635.4	0	289
8	44	158.8	0	44
9	188	39.7	0	8 180
10	168	9.9	1	5 163
11	49	2.5	1	0 49
12	14	0.6	1	0 14
13	9	0.2	1	0 9
