This is cutadapt 2.9 with Python 3.6.6
Command line parameters: --interleaved -a file:/nas02/apps/trimmomatic-0.36/Trimmomatic-0.36/adapters/TruSeq3-PE.fa -A file:/nas02/apps/trimmomatic-0.36/Trimmomatic-0.36/adapters/TruSeq3-PE.fa -m 30 /nas/longleaf/home/zpopkinh/Pvivax_resources/wgs_pe_improved_global/fastq/ERS347714/ERR426064_1.fastq.gz /nas/longleaf/home/zpopkinh/Pvivax_resources/wgs_pe_improved_global/fastq/ERS347714/ERR426064_2.fastq.gz
Processing reads on 1 core in paired-end mode ...
Finished in 495.67 s (123 us/read; 0.49 M reads/minute).

=== Summary ===

Total read pairs processed:          4,043,549
  Read 1 with adapter:                 132,340 (3.3%)
  Read 2 with adapter:                 131,092 (3.2%)
Pairs written (passing filters):     4,043,549 (100.0%)

Total basepairs processed:   808,709,800 bp
  Read 1:   404,354,900 bp
  Read 2:   404,354,900 bp
Total written (filtered):    807,812,582 bp (99.9%)
  Read 1:   403,904,298 bp
  Read 2:   403,908,284 bp

=== First read: Adapter PrefixPE/1 ===

Sequence: TACACTCTTTCCCTACACGACGCTCTTCCGATCT; Type: regular 3'; Length: 34; Trimmed: 81811 times

No. of allowed errors:
0-9 bp: 0; 10-19 bp: 1; 20-29 bp: 2; 30-34 bp: 3

Bases preceding removed adapters:
  A: 35.0%
  C: 15.4%
  G: 18.0%
  T: 31.6%
  none/other: 0.0%

Overview of removed sequences
length	count	expect	max.err	error counts
3	53363	63180.5	0	53363
4	23321	15795.1	0	23321
5	3405	3948.8	0	3405
6	751	987.2	0	751
7	164	246.8	0	164
8	37	61.7	0	37
9	240	15.4	0	21 219
10	410	3.9	1	10 400
11	94	1.0	1	1 93
12	15	0.2	1	0 15
13	9	0.1	1	0 9
14	2	0.0	1	0 2


=== First read: Adapter PrefixPE/2 ===

Sequence: GTGACTGGAGTTCAGACGTGTGCTCTTCCGATCT; Type: regular 3'; Length: 34; Trimmed: 50529 times

No. of allowed errors:
0-9 bp: 0; 10-19 bp: 1; 20-29 bp: 2; 30-34 bp: 3

Bases preceding removed adapters:
  A: 26.7%
  C: 12.7%
  G: 22.8%
  T: 37.8%
  none/other: 0.0%

Overview of removed sequences
length	count	expect	max.err	error counts
3	38353	63180.5	0	38353
4	10427	15795.1	0	10427
5	1212	3948.8	0	1212
6	335	987.2	0	335
7	50	246.8	0	50
8	12	61.7	0	12
9	73	15.4	0	4 69
10	46	3.9	1	1 45
11	17	1.0	1	0 17
12	4	0.2	1	0 4


=== Second read: Adapter PrefixPE/1 ===

Sequence: TACACTCTTTCCCTACACGACGCTCTTCCGATCT; Type: regular 3'; Length: 34; Trimmed: 81532 times

No. of allowed errors:
0-9 bp: 0; 10-19 bp: 1; 20-29 bp: 2; 30-34 bp: 3

Bases preceding removed adapters:
  A: 35.1%
  C: 15.3%
  G: 17.7%
  T: 31.9%
  none/other: 0.0%

Overview of removed sequences
length	count	expect	max.err	error counts
3	52963	63180.5	0	52963
4	23370	15795.1	0	23370
5	3452	3948.8	0	3452
6	769	987.2	0	769
7	174	246.8	0	174
8	50	61.7	0	50
9	225	15.4	0	22 203
10	408	3.9	1	8 400
11	97	1.0	1	0 97
12	18	0.2	1	0 18
13	5	0.1	1	0 5
14	1	0.0	1	0 1


=== Second read: Adapter PrefixPE/2 ===

Sequence: GTGACTGGAGTTCAGACGTGTGCTCTTCCGATCT; Type: regular 3'; Length: 34; Trimmed: 49560 times

No. of allowed errors:
0-9 bp: 0; 10-19 bp: 1; 20-29 bp: 2; 30-34 bp: 3

Bases preceding removed adapters:
  A: 26.5%
  C: 13.0%
  G: 22.7%
  T: 37.9%
  none/other: 0.0%

Overview of removed sequences
length	count	expect	max.err	error counts
3	37642	63180.5	0	37642
4	10173	15795.1	0	10173
5	1265	3948.8	0	1265
6	306	987.2	0	306
7	58	246.8	0	58
8	10	61.7	0	10
9	56	15.4	0	1 55
10	34	3.9	1	0 34
11	13	1.0	1	0 13
12	3	0.2	1	0 3
