This is cutadapt 2.9 with Python 3.6.6
Command line parameters: --interleaved -a file:/nas02/apps/trimmomatic-0.36/Trimmomatic-0.36/adapters/TruSeq3-PE.fa -A file:/nas02/apps/trimmomatic-0.36/Trimmomatic-0.36/adapters/TruSeq3-PE.fa -m 30 /nas/longleaf/home/zpopkinh/Pvivax_resources/wgs_pe_improved_global/fastq/ERR5740822/ERR5740822_1.fastq.gz /nas/longleaf/home/zpopkinh/Pvivax_resources/wgs_pe_improved_global/fastq/ERR5740822/ERR5740822_2.fastq.gz
Processing reads on 1 core in paired-end mode ...
Finished in 379.06 s (126 us/read; 0.48 M reads/minute).

=== Summary ===

Total read pairs processed:          3,016,031
  Read 1 with adapter:                 109,787 (3.6%)
  Read 2 with adapter:                 107,466 (3.6%)
Pairs written (passing filters):     3,016,027 (100.0%)

Total basepairs processed:   910,841,362 bp
  Read 1:   455,420,681 bp
  Read 2:   455,420,681 bp
Total written (filtered):    910,106,774 bp (99.9%)
  Read 1:   455,049,679 bp
  Read 2:   455,057,095 bp

=== First read: Adapter PrefixPE/1 ===

Sequence: TACACTCTTTCCCTACACGACGCTCTTCCGATCT; Type: regular 3'; Length: 34; Trimmed: 49620 times

No. of allowed errors:
0-9 bp: 0; 10-19 bp: 1; 20-29 bp: 2; 30-34 bp: 3

Bases preceding removed adapters:
  A: 25.8%
  C: 24.0%
  G: 23.2%
  T: 27.0%
  none/other: 0.0%

Overview of removed sequences
length	count	expect	max.err	error counts
3	33768	47125.5	0	33768
4	12082	11781.4	0	12082
5	2611	2945.3	0	2611
6	572	736.3	0	572
7	150	184.1	0	150
8	34	46.0	0	34
9	121	11.5	0	11 110
10	190	2.9	1	3 187
11	69	0.7	1	0 69
12	14	0.2	1	0 14
13	6	0.0	1	0 6
14	1	0.0	1	0 1
98	1	0.0	3	1
102	1	0.0	3	0 0 1


=== First read: Adapter PrefixPE/2 ===

Sequence: GTGACTGGAGTTCAGACGTGTGCTCTTCCGATCT; Type: regular 3'; Length: 34; Trimmed: 60167 times

No. of allowed errors:
0-9 bp: 0; 10-19 bp: 1; 20-29 bp: 2; 30-34 bp: 3

Bases preceding removed adapters:
  A: 25.3%
  C: 15.2%
  G: 27.6%
  T: 31.9%
  none/other: 0.0%

Overview of removed sequences
length	count	expect	max.err	error counts
3	46548	47125.5	0	46548
4	10939	11781.4	0	10939
5	1820	2945.3	0	1820
6	460	736.3	0	460
7	130	184.1	0	130
8	38	46.0	0	38
9	100	11.5	0	9 91
10	90	2.9	1	5 85
11	32	0.7	1	0 32
12	7	0.2	1	0 7
13	3	0.0	1	0 3


=== Second read: Adapter PrefixPE/1 ===

Sequence: TACACTCTTTCCCTACACGACGCTCTTCCGATCT; Type: regular 3'; Length: 34; Trimmed: 48390 times

No. of allowed errors:
0-9 bp: 0; 10-19 bp: 1; 20-29 bp: 2; 30-34 bp: 3

Bases preceding removed adapters:
  A: 26.3%
  C: 24.6%
  G: 23.3%
  T: 25.7%
  none/other: 0.0%

Overview of removed sequences
length	count	expect	max.err	error counts
3	32402	47125.5	0	32402
4	12029	11781.4	0	12029
5	2800	2945.3	0	2800
6	568	736.3	0	568
7	140	184.1	0	140
8	28	46.0	0	28
9	152	11.5	0	11 141
10	182	2.9	1	5 177
11	57	0.7	1	1 56
12	20	0.2	1	0 20
13	9	0.0	1	0 9
14	1	0.0	1	0 1
15	1	0.0	1	0 1
151	1	0.0	3	0 0 0 1


=== Second read: Adapter PrefixPE/2 ===

Sequence: GTGACTGGAGTTCAGACGTGTGCTCTTCCGATCT; Type: regular 3'; Length: 34; Trimmed: 59076 times

No. of allowed errors:
0-9 bp: 0; 10-19 bp: 1; 20-29 bp: 2; 30-34 bp: 3

Bases preceding removed adapters:
  A: 25.4%
  C: 16.2%
  G: 27.6%
  T: 30.8%
  none/other: 0.0%

Overview of removed sequences
length	count	expect	max.err	error counts
3	46031	47125.5	0	46031
4	10306	11781.4	0	10306
5	1882	2945.3	0	1882
6	469	736.3	0	469
7	143	184.1	0	143
8	38	46.0	0	38
9	89	11.5	0	6 83
10	77	2.9	1	2 75
11	29	0.7	1	1 28
12	7	0.2	1	0 7
13	1	0.0	1	0 1
14	1	0.0	1	0 1
143	3	0.0	3	0 0 0 3
