This is cutadapt 2.9 with Python 3.6.6
Command line parameters: --interleaved -a file:/nas02/apps/trimmomatic-0.36/Trimmomatic-0.36/adapters/TruSeq3-PE.fa -A file:/nas02/apps/trimmomatic-0.36/Trimmomatic-0.36/adapters/TruSeq3-PE.fa -m 30 /nas/longleaf/home/zpopkinh/Pvivax_resources/wgs_pe_improved_global/fastq/SRS696213/SRR1567949_1.fastq.gz /nas/longleaf/home/zpopkinh/Pvivax_resources/wgs_pe_improved_global/fastq/SRS696213/SRR1567949_2.fastq.gz
Processing reads on 1 core in paired-end mode ...
Finished in 0.64 s (48 us/read; 1.25 M reads/minute).

=== Summary ===

Total read pairs processed:             13,374
  Read 1 with adapter:                     405 (3.0%)
  Read 2 with adapter:                     472 (3.5%)
Pairs written (passing filters):        13,374 (100.0%)

Total basepairs processed:     2,701,548 bp
  Read 1:     1,350,774 bp
  Read 2:     1,350,774 bp
Total written (filtered):      2,698,485 bp (99.9%)
  Read 1:     1,349,328 bp
  Read 2:     1,349,157 bp

=== First read: Adapter PrefixPE/1 ===

Sequence: TACACTCTTTCCCTACACGACGCTCTTCCGATCT; Type: regular 3'; Length: 34; Trimmed: 226 times

No. of allowed errors:
0-9 bp: 0; 10-19 bp: 1; 20-29 bp: 2; 30-34 bp: 3

Bases preceding removed adapters:
  A: 34.1%
  C: 28.3%
  G: 16.4%
  T: 21.2%
  none/other: 0.0%

Overview of removed sequences
length	count	expect	max.err	error counts
3	135	209.0	0	135
4	61	52.2	0	61
5	19	13.1	0	19
6	2	3.3	0	2
7	2	0.8	0	2
9	1	0.1	0	1
10	4	0.0	1	0 4
11	1	0.0	1	0 1
13	1	0.0	1	0 1


=== First read: Adapter PrefixPE/2 ===

Sequence: GTGACTGGAGTTCAGACGTGTGCTCTTCCGATCT; Type: regular 3'; Length: 34; Trimmed: 179 times

No. of allowed errors:
0-9 bp: 0; 10-19 bp: 1; 20-29 bp: 2; 30-34 bp: 3

Bases preceding removed adapters:
  A: 32.4%
  C: 9.5%
  G: 17.3%
  T: 40.8%
  none/other: 0.0%

Overview of removed sequences
length	count	expect	max.err	error counts
3	130	209.0	0	130
4	38	52.2	0	38
5	6	13.1	0	6
6	4	3.3	0	4
7	1	0.8	0	1


=== Second read: Adapter PrefixPE/1 ===

Sequence: TACACTCTTTCCCTACACGACGCTCTTCCGATCT; Type: regular 3'; Length: 34; Trimmed: 250 times

No. of allowed errors:
0-9 bp: 0; 10-19 bp: 1; 20-29 bp: 2; 30-34 bp: 3

Bases preceding removed adapters:
  A: 31.2%
  C: 29.2%
  G: 14.8%
  T: 24.8%
  none/other: 0.0%

Overview of removed sequences
length	count	expect	max.err	error counts
3	165	209.0	0	165
4	62	52.2	0	62
5	11	13.1	0	11
6	5	3.3	0	5
7	1	0.8	0	1
8	1	0.2	0	1
10	4	0.0	1	0 4
11	1	0.0	1	0 1


=== Second read: Adapter PrefixPE/2 ===

Sequence: GTGACTGGAGTTCAGACGTGTGCTCTTCCGATCT; Type: regular 3'; Length: 34; Trimmed: 222 times

No. of allowed errors:
0-9 bp: 0; 10-19 bp: 1; 20-29 bp: 2; 30-34 bp: 3

Bases preceding removed adapters:
  A: 25.7%
  C: 26.6%
  G: 15.8%
  T: 32.0%
  none/other: 0.0%

Overview of removed sequences
length	count	expect	max.err	error counts
3	173	209.0	0	173
4	41	52.2	0	41
5	8	13.1	0	8
