This is cutadapt 2.9 with Python 3.6.6
Command line parameters: --interleaved -a file:/nas02/apps/trimmomatic-0.36/Trimmomatic-0.36/adapters/TruSeq3-PE.fa -A file:/nas02/apps/trimmomatic-0.36/Trimmomatic-0.36/adapters/TruSeq3-PE.fa -m 30 /nas/longleaf/home/zpopkinh/Pvivax_resources/wgs_pe_improved_global/fastq/SRS696213/SRR1568163_1.fastq.gz /nas/longleaf/home/zpopkinh/Pvivax_resources/wgs_pe_improved_global/fastq/SRS696213/SRR1568163_2.fastq.gz
Processing reads on 1 core in paired-end mode ...
Finished in 770.54 s (75 us/read; 0.80 M reads/minute).

=== Summary ===

Total read pairs processed:         10,311,003
  Read 1 with adapter:                 382,360 (3.7%)
  Read 2 with adapter:                 388,323 (3.8%)
Pairs written (passing filters):    10,311,003 (100.0%)

Total basepairs processed: 2,082,822,606 bp
  Read 1: 1,041,411,303 bp
  Read 2: 1,041,411,303 bp
Total written (filtered):  2,080,222,329 bp (99.9%)
  Read 1: 1,040,118,695 bp
  Read 2: 1,040,103,634 bp

=== First read: Adapter PrefixPE/1 ===

Sequence: TACACTCTTTCCCTACACGACGCTCTTCCGATCT; Type: regular 3'; Length: 34; Trimmed: 187711 times

No. of allowed errors:
0-9 bp: 0; 10-19 bp: 1; 20-29 bp: 2; 30-34 bp: 3

Bases preceding removed adapters:
  A: 25.7%
  C: 22.5%
  G: 25.3%
  T: 26.5%
  none/other: 0.0%

Overview of removed sequences
length	count	expect	max.err	error counts
3	126708	161109.4	0	126708
4	45411	40277.4	0	45411
5	10865	10069.3	0	10865
6	2332	2517.3	0	2332
7	576	629.3	0	576
8	96	157.3	0	96
9	541	39.3	0	81 460
10	860	9.8	1	49 811
11	236	2.5	1	0 236
12	80	0.6	1	0 80
13	5	0.2	1	0 5
14	1	0.0	1	0 1


=== First read: Adapter PrefixPE/2 ===

Sequence: GTGACTGGAGTTCAGACGTGTGCTCTTCCGATCT; Type: regular 3'; Length: 34; Trimmed: 194649 times

No. of allowed errors:
0-9 bp: 0; 10-19 bp: 1; 20-29 bp: 2; 30-34 bp: 3

Bases preceding removed adapters:
  A: 24.5%
  C: 17.7%
  G: 26.8%
  T: 31.0%
  none/other: 0.0%

Overview of removed sequences
length	count	expect	max.err	error counts
3	150679	161109.4	0	150679
4	35848	40277.4	0	35848
5	5854	10069.3	0	5854
6	1426	2517.3	0	1426
7	289	629.3	0	289
8	32	157.3	0	32
9	246	39.3	0	4 242
10	173	9.8	1	1 172
11	83	2.5	1	0 83
12	19	0.6	1	0 19


=== Second read: Adapter PrefixPE/1 ===

Sequence: TACACTCTTTCCCTACACGACGCTCTTCCGATCT; Type: regular 3'; Length: 34; Trimmed: 187136 times

No. of allowed errors:
0-9 bp: 0; 10-19 bp: 1; 20-29 bp: 2; 30-34 bp: 3

Bases preceding removed adapters:
  A: 26.2%
  C: 21.9%
  G: 25.2%
  T: 26.7%
  none/other: 0.0%

Overview of removed sequences
length	count	expect	max.err	error counts
3	126838	161109.4	0	126838
4	45802	40277.4	0	45802
5	10059	10069.3	0	10059
6	2223	2517.3	0	2223
7	486	629.3	0	486
8	133	157.3	0	133
9	506	39.3	0	57 449
10	774	9.8	1	46 728
11	267	2.5	1	4 263
12	39	0.6	1	0 39
13	9	0.2	1	0 9


=== Second read: Adapter PrefixPE/2 ===

Sequence: GTGACTGGAGTTCAGACGTGTGCTCTTCCGATCT; Type: regular 3'; Length: 34; Trimmed: 201187 times

No. of allowed errors:
0-9 bp: 0; 10-19 bp: 1; 20-29 bp: 2; 30-34 bp: 3

Bases preceding removed adapters:
  A: 24.5%
  C: 19.8%
  G: 25.5%
  T: 30.2%
  none/other: 0.0%

Overview of removed sequences
length	count	expect	max.err	error counts
3	157797	161109.4	0	157797
4	35408	40277.4	0	35408
5	5552	10069.3	0	5552
6	1496	2517.3	0	1496
7	351	629.3	0	351
8	50	157.3	0	50
9	190	39.3	0	16 174
10	258	9.8	1	21 237
11	67	2.5	1	0 67
12	12	0.6	1	0 12
23	1	0.0	2	0 1
33	1	0.0	3	1
42	1	0.0	3	0 0 0 1
43	1	0.0	3	0 0 0 1
49	1	0.0	3	0 0 0 1
55	1	0.0	3	0 0 1
