This is cutadapt 2.9 with Python 3.6.6
Command line parameters: --interleaved -a file:/nas02/apps/trimmomatic-0.36/Trimmomatic-0.36/adapters/TruSeq3-PE.fa -A file:/nas02/apps/trimmomatic-0.36/Trimmomatic-0.36/adapters/TruSeq3-PE.fa -m 30 /nas/longleaf/home/zpopkinh/Pvivax_resources/wgs_pe_improved_global/fastq/ERR5740748/ERR5740748_1.fastq.gz /nas/longleaf/home/zpopkinh/Pvivax_resources/wgs_pe_improved_global/fastq/ERR5740748/ERR5740748_2.fastq.gz
Processing reads on 1 core in paired-end mode ...
Finished in 425.20 s (148 us/read; 0.40 M reads/minute).

=== Summary ===

Total read pairs processed:          2,869,666
  Read 1 with adapter:                 103,735 (3.6%)
  Read 2 with adapter:                 102,016 (3.6%)
Pairs written (passing filters):     2,869,663 (100.0%)

Total basepairs processed:   866,639,132 bp
  Read 1:   433,319,566 bp
  Read 2:   433,319,566 bp
Total written (filtered):    865,939,904 bp (99.9%)
  Read 1:   432,966,903 bp
  Read 2:   432,973,001 bp

=== First read: Adapter PrefixPE/1 ===

Sequence: TACACTCTTTCCCTACACGACGCTCTTCCGATCT; Type: regular 3'; Length: 34; Trimmed: 49270 times

No. of allowed errors:
0-9 bp: 0; 10-19 bp: 1; 20-29 bp: 2; 30-34 bp: 3

Bases preceding removed adapters:
  A: 28.5%
  C: 22.7%
  G: 19.7%
  T: 29.1%
  none/other: 0.0%

Overview of removed sequences
length	count	expect	max.err	error counts
3	32819	44838.5	0	32819
4	12863	11209.6	0	12863
5	2429	2802.4	0	2429
6	581	700.6	0	581
7	105	175.2	0	105
8	46	43.8	0	46
9	139	10.9	0	9 130
10	208	2.7	1	4 204
11	48	0.7	1	0 48
12	21	0.2	1	0 21
13	4	0.0	1	0 4
14	2	0.0	1	0 2
15	1	0.0	1	0 1
115	2	0.0	3	0 0 0 2
151	2	0.0	3	0 0 1 1


=== First read: Adapter PrefixPE/2 ===

Sequence: GTGACTGGAGTTCAGACGTGTGCTCTTCCGATCT; Type: regular 3'; Length: 34; Trimmed: 54465 times

No. of allowed errors:
0-9 bp: 0; 10-19 bp: 1; 20-29 bp: 2; 30-34 bp: 3

Bases preceding removed adapters:
  A: 28.7%
  C: 10.9%
  G: 25.7%
  T: 34.6%
  none/other: 0.0%

Overview of removed sequences
length	count	expect	max.err	error counts
3	41234	44838.5	0	41234
4	10602	11209.6	0	10602
5	1738	2802.4	0	1738
6	527	700.6	0	527
7	130	175.2	0	130
8	31	43.8	0	31
9	76	10.9	0	8 68
10	80	2.7	1	2 78
11	40	0.7	1	0 40
12	6	0.2	1	0 6
15	1	0.0	1	0 1


=== Second read: Adapter PrefixPE/1 ===

Sequence: TACACTCTTTCCCTACACGACGCTCTTCCGATCT; Type: regular 3'; Length: 34; Trimmed: 48582 times

No. of allowed errors:
0-9 bp: 0; 10-19 bp: 1; 20-29 bp: 2; 30-34 bp: 3

Bases preceding removed adapters:
  A: 29.2%
  C: 23.8%
  G: 19.8%
  T: 27.1%
  none/other: 0.0%

Overview of removed sequences
length	count	expect	max.err	error counts
3	32070	44838.5	0	32070
4	12623	11209.6	0	12623
5	2631	2802.4	0	2631
6	614	700.6	0	614
7	148	175.2	0	148
8	45	43.8	0	45
9	160	10.9	0	13 147
10	188	2.7	1	5 183
11	77	0.7	1	1 76
12	15	0.2	1	0 15
13	8	0.0	1	0 8
14	2	0.0	1	0 2
127	1	0.0	3	0 0 0 1


=== Second read: Adapter PrefixPE/2 ===

Sequence: GTGACTGGAGTTCAGACGTGTGCTCTTCCGATCT; Type: regular 3'; Length: 34; Trimmed: 53434 times

No. of allowed errors:
0-9 bp: 0; 10-19 bp: 1; 20-29 bp: 2; 30-34 bp: 3

Bases preceding removed adapters:
  A: 27.2%
  C: 13.6%
  G: 25.6%
  T: 33.6%
  none/other: 0.0%

Overview of removed sequences
length	count	expect	max.err	error counts
3	41341	44838.5	0	41341
4	9567	11209.6	0	9567
5	1684	2802.4	0	1684
6	483	700.6	0	483
7	138	175.2	0	138
8	28	43.8	0	28
9	93	10.9	0	5 88
10	57	2.7	1	1 56
11	28	0.7	1	0 28
12	13	0.2	1	0 13
13	2	0.0	1	0 2
