This is cutadapt 2.9 with Python 3.6.6
Command line parameters: --interleaved -a file:/nas02/apps/trimmomatic-0.36/Trimmomatic-0.36/adapters/TruSeq3-PE.fa -A file:/nas02/apps/trimmomatic-0.36/Trimmomatic-0.36/adapters/TruSeq3-PE.fa -m 30 /nas/longleaf/home/zpopkinh/Pvivax_resources/wgs_pe_improved_global/fastq/SRS2746116/SRR6361646_1.fastq.gz /nas/longleaf/home/zpopkinh/Pvivax_resources/wgs_pe_improved_global/fastq/SRS2746116/SRR6361646_2.fastq.gz
Processing reads on 1 core in paired-end mode ...
Finished in 36.16 s (149 us/read; 0.40 M reads/minute).

=== Summary ===

Total read pairs processed:            243,305
  Read 1 with adapter:                   6,042 (2.5%)
  Read 2 with adapter:                   5,042 (2.1%)
Pairs written (passing filters):       243,042 (99.9%)

Total basepairs processed:   122,139,110 bp
  Read 1:    61,069,555 bp
  Read 2:    61,069,555 bp
Total written (filtered):    121,968,188 bp (99.9%)
  Read 1:    60,982,037 bp
  Read 2:    60,986,151 bp

=== First read: Adapter PrefixPE/1 ===

Sequence: TACACTCTTTCCCTACACGACGCTCTTCCGATCT; Type: regular 3'; Length: 34; Trimmed: 5368 times

No. of allowed errors:
0-9 bp: 0; 10-19 bp: 1; 20-29 bp: 2; 30-34 bp: 3

Bases preceding removed adapters:
  A: 59.0%
  C: 18.2%
  G: 8.8%
  T: 14.0%
  none/other: 0.0%

Overview of removed sequences
length	count	expect	max.err	error counts
3	2538	3801.6	0	2538
4	2320	950.4	0	2320
5	281	237.6	0	281
6	84	59.4	0	84
7	8	14.9	0	8
8	1	3.7	0	1
9	3	0.9	0	0 3
10	10	0.2	1	0 10
11	3	0.1	1	0 3
14	1	0.0	1	0 1
192	1	0.0	3	0 0 0 1
236	2	0.0	3	0 0 0 2
237	7	0.0	3	0 0 0 7
238	3	0.0	3	0 0 0 3
239	85	0.0	3	0 0 13 72
240	6	0.0	3	0 0 2 4
241	3	0.0	3	0 0 0 3
242	4	0.0	3	0 0 1 3
243	1	0.0	3	0 0 0 1
244	2	0.0	3	0 0 1 1
245	2	0.0	3	0 0 0 2
246	3	0.0	3	0 0 0 3


=== First read: Adapter PrefixPE/2 ===

Sequence: GTGACTGGAGTTCAGACGTGTGCTCTTCCGATCT; Type: regular 3'; Length: 34; Trimmed: 674 times

No. of allowed errors:
0-9 bp: 0; 10-19 bp: 1; 20-29 bp: 2; 30-34 bp: 3

Bases preceding removed adapters:
  A: 45.5%
  C: 12.6%
  G: 10.4%
  T: 31.5%
  none/other: 0.0%

Overview of removed sequences
length	count	expect	max.err	error counts
3	450	3801.6	0	450
4	200	950.4	0	200
5	16	237.6	0	16
6	5	59.4	0	5
7	3	14.9	0	3


=== Second read: Adapter PrefixPE/1 ===

Sequence: TACACTCTTTCCCTACACGACGCTCTTCCGATCT; Type: regular 3'; Length: 34; Trimmed: 2820 times

No. of allowed errors:
0-9 bp: 0; 10-19 bp: 1; 20-29 bp: 2; 30-34 bp: 3

Bases preceding removed adapters:
  A: 65.6%
  C: 10.2%
  G: 16.4%
  T: 7.7%
  none/other: 0.0%

Overview of removed sequences
length	count	expect	max.err	error counts
3	1014	3801.6	0	1014
4	1594	950.4	0	1594
5	163	237.6	0	163
6	41	59.4	0	41
7	3	14.9	0	3
9	3	0.9	0	0 3
10	2	0.2	1	0 2


=== Second read: Adapter PrefixPE/2 ===

Sequence: GTGACTGGAGTTCAGACGTGTGCTCTTCCGATCT; Type: regular 3'; Length: 34; Trimmed: 2222 times

No. of allowed errors:
0-9 bp: 0; 10-19 bp: 1; 20-29 bp: 2; 30-34 bp: 3

Bases preceding removed adapters:
  A: 44.1%
  C: 9.1%
  G: 10.1%
  T: 36.6%
  none/other: 0.0%

Overview of removed sequences
length	count	expect	max.err	error counts
3	1732	3801.6	0	1732
4	293	950.4	0	293
5	36	237.6	0	36
6	9	59.4	0	9
7	4	14.9	0	4
10	1	0.2	1	0 1
12	1	0.0	1	0 1
206	1	0.0	3	0 1
228	1	0.0	3	0 1
229	5	0.0	3	0 0 5
230	6	0.0	3	0 1 3 2
231	6	0.0	3	0 1 4 1
232	10	0.0	3	0 0 7 3
233	5	0.0	3	0 2 2 1
234	34	0.0	3	0 20 3 11
235	14	0.0	3	0 2 11 1
236	16	0.0	3	0 2 12 2
237	19	0.0	3	0 2 7 10
238	24	0.0	3	0 0 7 17
240	2	0.0	3	0 0 0 2
241	1	0.0	3	0 0 1
242	1	0.0	3	0 0 1
243	1	0.0	3	0 0 0 1
