This is cutadapt 2.9 with Python 3.6.6
Command line parameters: --interleaved -a file:/nas02/apps/trimmomatic-0.36/Trimmomatic-0.36/adapters/TruSeq3-PE.fa -A file:/nas02/apps/trimmomatic-0.36/Trimmomatic-0.36/adapters/TruSeq3-PE.fa -m 30 /nas/longleaf/home/zpopkinh/Pvivax_resources/wgs_pe_improved_global/fastq/SRS2746116/SRR6361806_1.fastq.gz /nas/longleaf/home/zpopkinh/Pvivax_resources/wgs_pe_improved_global/fastq/SRS2746116/SRR6361806_2.fastq.gz
Processing reads on 1 core in paired-end mode ...
Finished in 5336.26 s (82 us/read; 0.73 M reads/minute).

=== Summary ===

Total read pairs processed:         64,987,037
  Read 1 with adapter:               2,325,450 (3.6%)
  Read 2 with adapter:               2,478,169 (3.8%)
Pairs written (passing filters):    64,987,032 (100.0%)

Total basepairs processed: 12,997,407,400 bp
  Read 1: 6,498,703,700 bp
  Read 2: 6,498,703,700 bp
Total written (filtered):  12,980,845,603 bp (99.9%)
  Read 1: 6,490,642,416 bp
  Read 2: 6,490,203,187 bp

=== First read: Adapter PrefixPE/1 ===

Sequence: TACACTCTTTCCCTACACGACGCTCTTCCGATCT; Type: regular 3'; Length: 34; Trimmed: 1338181 times

No. of allowed errors:
0-9 bp: 0; 10-19 bp: 1; 20-29 bp: 2; 30-34 bp: 3

Bases preceding removed adapters:
  A: 46.5%
  C: 15.0%
  G: 16.5%
  T: 21.9%
  none/other: 0.0%

Overview of removed sequences
length	count	expect	max.err	error counts
3	791892	1015422.5	0	791892
4	349664	253855.6	0	349664
5	176350	63463.9	0	176350
6	10009	15866.0	0	10009
7	2017	3966.5	0	2017
8	530	991.6	0	530
9	3115	247.9	0	198 2917
10	3005	62.0	1	81 2924
11	1201	15.5	1	5 1196
12	321	3.9	1	0 321
13	43	1.0	1	0 43
14	32	0.2	1	0 32
49	1	0.0	3	0 0 1
82	1	0.0	3	0 0 0 1


=== First read: Adapter PrefixPE/2 ===

Sequence: GTGACTGGAGTTCAGACGTGTGCTCTTCCGATCT; Type: regular 3'; Length: 34; Trimmed: 987269 times

No. of allowed errors:
0-9 bp: 0; 10-19 bp: 1; 20-29 bp: 2; 30-34 bp: 3

Bases preceding removed adapters:
  A: 23.9%
  C: 19.3%
  G: 27.1%
  T: 29.7%
  none/other: 0.0%

Overview of removed sequences
length	count	expect	max.err	error counts
3	760750	1015422.5	0	760750
4	186352	253855.6	0	186352
5	29597	63463.9	0	29597
6	6350	15866.0	0	6350
7	1661	3966.5	0	1661
8	224	991.6	0	224
9	965	247.9	0	49 916
10	894	62.0	1	17 877
11	407	15.5	1	2 405
12	63	3.9	1	0 63
13	5	1.0	1	0 5
100	1	0.0	3	0 0 1


=== Second read: Adapter PrefixPE/1 ===

Sequence: TACACTCTTTCCCTACACGACGCTCTTCCGATCT; Type: regular 3'; Length: 34; Trimmed: 1406375 times

No. of allowed errors:
0-9 bp: 0; 10-19 bp: 1; 20-29 bp: 2; 30-34 bp: 3

Bases preceding removed adapters:
  A: 43.5%
  C: 14.2%
  G: 15.5%
  T: 26.8%
  none/other: 0.0%

Overview of removed sequences
length	count	expect	max.err	error counts
3	868474	1015422.5	0	868474
4	344404	253855.6	0	344404
5	173116	63463.9	0	173116
6	9843	15866.0	0	9843
7	1968	3966.5	0	1968
8	549	991.6	0	549
9	3401	247.9	0	182 3219
10	2980	62.0	1	75 2905
11	1240	15.5	1	7 1233
12	292	3.9	1	1 291
13	59	1.0	1	1 58
14	44	0.2	1	0 44
15	2	0.1	1	0 2
100	3	0.0	3	0 1 1 1


=== Second read: Adapter PrefixPE/2 ===

Sequence: GTGACTGGAGTTCAGACGTGTGCTCTTCCGATCT; Type: regular 3'; Length: 34; Trimmed: 1071794 times

No. of allowed errors:
0-9 bp: 0; 10-19 bp: 1; 20-29 bp: 2; 30-34 bp: 3

Bases preceding removed adapters:
  A: 21.5%
  C: 24.1%
  G: 27.1%
  T: 27.3%
  none/other: 0.0%

Overview of removed sequences
length	count	expect	max.err	error counts
3	851988	1015422.5	0	851988
4	180907	253855.6	0	180907
5	28678	63463.9	0	28678
6	6085	15866.0	0	6085
7	1579	3966.5	0	1579
8	240	991.6	0	240
9	1011	247.9	0	50 961
10	861	62.0	1	9 852
11	334	15.5	1	0 334
12	88	3.9	1	0 88
13	23	1.0	1	0 23
