This is cutadapt 2.9 with Python 3.6.6
Command line parameters: --interleaved -a file:/nas02/apps/trimmomatic-0.36/Trimmomatic-0.36/adapters/TruSeq3-PE.fa -A file:/nas02/apps/trimmomatic-0.36/Trimmomatic-0.36/adapters/TruSeq3-PE.fa -m 30 /nas/longleaf/home/zpopkinh/Pvivax_resources/wgs_pe_improved_global/fastq/ERR5740810/ERR5740810_1.fastq.gz /nas/longleaf/home/zpopkinh/Pvivax_resources/wgs_pe_improved_global/fastq/ERR5740810/ERR5740810_2.fastq.gz
Processing reads on 1 core in paired-end mode ...
Finished in 581.00 s (167 us/read; 0.36 M reads/minute).

=== Summary ===

Total read pairs processed:          3,480,780
  Read 1 with adapter:                 128,065 (3.7%)
  Read 2 with adapter:                 125,732 (3.6%)
Pairs written (passing filters):     3,480,779 (100.0%)

Total basepairs processed: 1,051,195,560 bp
  Read 1:   525,597,780 bp
  Read 2:   525,597,780 bp
Total written (filtered):  1,050,331,513 bp (99.9%)
  Read 1:   525,161,952 bp
  Read 2:   525,169,561 bp

=== First read: Adapter PrefixPE/1 ===

Sequence: TACACTCTTTCCCTACACGACGCTCTTCCGATCT; Type: regular 3'; Length: 34; Trimmed: 63160 times

No. of allowed errors:
0-9 bp: 0; 10-19 bp: 1; 20-29 bp: 2; 30-34 bp: 3

Bases preceding removed adapters:
  A: 29.2%
  C: 20.9%
  G: 19.9%
  T: 30.0%
  none/other: 0.0%

Overview of removed sequences
length	count	expect	max.err	error counts
3	41643	54387.2	0	41643
4	16784	13596.8	0	16784
5	3122	3399.2	0	3122
6	809	849.8	0	809
7	153	212.4	0	153
8	48	53.1	0	48
9	224	13.3	0	20 204
10	257	3.3	1	5 252
11	88	0.8	1	3 85
12	21	0.2	1	0 21
13	4	0.1	1	0 4
15	2	0.0	1	0 2
75	1	0.0	3	0 0 0 1
80	1	0.0	3	0 0 1
86	1	0.0	3	0 1
93	1	0.0	3	0 1
100	1	0.0	3	0 0 1


=== First read: Adapter PrefixPE/2 ===

Sequence: GTGACTGGAGTTCAGACGTGTGCTCTTCCGATCT; Type: regular 3'; Length: 34; Trimmed: 64905 times

No. of allowed errors:
0-9 bp: 0; 10-19 bp: 1; 20-29 bp: 2; 30-34 bp: 3

Bases preceding removed adapters:
  A: 28.1%
  C: 12.1%
  G: 25.0%
  T: 34.8%
  none/other: 0.0%

Overview of removed sequences
length	count	expect	max.err	error counts
3	49353	54387.2	0	49353
4	12542	13596.8	0	12542
5	2038	3399.2	0	2038
6	578	849.8	0	578
7	111	212.4	0	111
8	43	53.1	0	43
9	90	13.3	0	7 83
10	93	3.3	1	1 92
11	47	0.8	1	0 47
12	9	0.2	1	0 9
143	1	0.0	3	1


=== Second read: Adapter PrefixPE/1 ===

Sequence: TACACTCTTTCCCTACACGACGCTCTTCCGATCT; Type: regular 3'; Length: 34; Trimmed: 62658 times

No. of allowed errors:
0-9 bp: 0; 10-19 bp: 1; 20-29 bp: 2; 30-34 bp: 3

Bases preceding removed adapters:
  A: 29.6%
  C: 21.8%
  G: 19.8%
  T: 28.9%
  none/other: 0.0%

Overview of removed sequences
length	count	expect	max.err	error counts
3	40816	54387.2	0	40816
4	16987	13596.8	0	16987
5	3295	3399.2	0	3295
6	783	849.8	0	783
7	168	212.4	0	168
8	52	53.1	0	52
9	168	13.3	0	17 151
10	271	3.3	1	3 268
11	90	0.8	1	3 87
12	22	0.2	1	0 22
13	2	0.1	1	0 2
14	3	0.0	1	0 3
15	1	0.0	1	0 1


=== Second read: Adapter PrefixPE/2 ===

Sequence: GTGACTGGAGTTCAGACGTGTGCTCTTCCGATCT; Type: regular 3'; Length: 34; Trimmed: 63074 times

No. of allowed errors:
0-9 bp: 0; 10-19 bp: 1; 20-29 bp: 2; 30-34 bp: 3

Bases preceding removed adapters:
  A: 27.9%
  C: 12.9%
  G: 25.3%
  T: 33.8%
  none/other: 0.0%

Overview of removed sequences
length	count	expect	max.err	error counts
3	48117	54387.2	0	48117
4	12010	13596.8	0	12010
5	2003	3399.2	0	2003
6	538	849.8	0	538
7	141	212.4	0	141
8	36	53.1	0	36
9	95	13.3	0	3 92
10	77	3.3	1	2 75
11	36	0.8	1	0 36
12	12	0.2	1	0 12
13	5	0.1	1	0 5
14	1	0.0	1	0 1
88	1	0.0	3	0 0 0 1
91	1	0.0	3	0 1
104	1	0.0	3	0 0 0 1
