This is cutadapt 2.9 with Python 3.6.6
Command line parameters: --interleaved -a file:/nas02/apps/trimmomatic-0.36/Trimmomatic-0.36/adapters/TruSeq3-PE.fa -A file:/nas02/apps/trimmomatic-0.36/Trimmomatic-0.36/adapters/TruSeq3-PE.fa -m 30 /nas/longleaf/home/zpopkinh/Pvivax_resources/wgs_pe_improved_global/fastq/SRS1061046/SRR2316051_1.fastq.gz /nas/longleaf/home/zpopkinh/Pvivax_resources/wgs_pe_improved_global/fastq/SRS1061046/SRR2316051_2.fastq.gz
Processing reads on 1 core in paired-end mode ...
Finished in 1426.40 s (81 us/read; 0.74 M reads/minute).

=== Summary ===

Total read pairs processed:         17,608,714
  Read 1 with adapter:                 638,651 (3.6%)
  Read 2 with adapter:                 645,905 (3.7%)
Pairs written (passing filters):    17,608,702 (100.0%)

Total basepairs processed: 3,521,742,800 bp
  Read 1: 1,743,262,686 bp
  Read 2: 1,778,480,114 bp
Total written (filtered):  3,517,364,776 bp (99.9%)
  Read 1: 1,741,086,137 bp
  Read 2: 1,776,278,639 bp

=== First read: Adapter PrefixPE/1 ===

Sequence: TACACTCTTTCCCTACACGACGCTCTTCCGATCT; Type: regular 3'; Length: 34; Trimmed: 338266 times

No. of allowed errors:
0-9 bp: 0; 10-19 bp: 1; 20-29 bp: 2; 30-34 bp: 3

Bases preceding removed adapters:
  A: 31.3%
  C: 18.6%
  G: 18.6%
  T: 31.5%
  none/other: 0.0%

Overview of removed sequences
length	count	expect	max.err	error counts
3	221862	275136.2	0	221862
4	92276	68784.0	0	92276
5	16027	17196.0	0	16027
6	4137	4299.0	0	4137
7	808	1074.8	0	808
8	269	268.7	0	269
9	917	67.2	0	71 846
10	1417	16.8	1	24 1393
11	440	4.2	1	5 435
12	85	1.0	1	2 83
13	16	0.3	1	0 16
14	4	0.1	1	0 4
15	3	0.0	1	0 3
16	2	0.0	1	0 2
99	3	0.0	3	0 1 2


=== First read: Adapter PrefixPE/2 ===

Sequence: GTGACTGGAGTTCAGACGTGTGCTCTTCCGATCT; Type: regular 3'; Length: 34; Trimmed: 300385 times

No. of allowed errors:
0-9 bp: 0; 10-19 bp: 1; 20-29 bp: 2; 30-34 bp: 3

Bases preceding removed adapters:
  A: 28.7%
  C: 11.1%
  G: 23.3%
  T: 36.9%
  none/other: 0.0%

Overview of removed sequences
length	count	expect	max.err	error counts
3	226389	275136.2	0	226389
4	59876	68784.0	0	59876
5	9386	17196.0	0	9386
6	2823	4299.0	0	2823
7	674	1074.8	0	674
8	164	268.7	0	164
9	397	67.2	0	50 347
10	427	16.8	1	11 416
11	191	4.2	1	2 189
12	44	1.0	1	1 43
13	5	0.3	1	0 5
14	1	0.1	1	0 1
16	1	0.0	1	1
22	1	0.0	2	0 0 1
27	1	0.0	2	0 0 1
47	1	0.0	3	0 1
50	1	0.0	3	0 1
73	2	0.0	3	0 1 1
80	1	0.0	3	0 1


=== Second read: Adapter PrefixPE/1 ===

Sequence: TACACTCTTTCCCTACACGACGCTCTTCCGATCT; Type: regular 3'; Length: 34; Trimmed: 339424 times

No. of allowed errors:
0-9 bp: 0; 10-19 bp: 1; 20-29 bp: 2; 30-34 bp: 3

Bases preceding removed adapters:
  A: 31.4%
  C: 18.8%
  G: 18.4%
  T: 31.4%
  none/other: 0.0%

Overview of removed sequences
length	count	expect	max.err	error counts
3	222606	275136.2	0	222606
4	92529	68784.0	0	92529
5	16129	17196.0	0	16129
6	4218	4299.0	0	4218
7	778	1074.8	0	778
8	221	268.7	0	221
9	962	67.2	0	75 887
10	1442	16.8	1	44 1398
11	418	4.2	1	7 411
12	90	1.0	1	0 90
13	11	0.3	1	0 11
14	7	0.1	1	0 7
15	2	0.0	1	0 2
23	1	0.0	2	0 1
30	1	0.0	3	0 1
48	1	0.0	3	0 1
56	1	0.0	3	1
57	1	0.0	3	0 1
92	1	0.0	3	0 0 0 1
95	2	0.0	3	0 1 1
101	3	0.0	3	0 0 0 3


=== Second read: Adapter PrefixPE/2 ===

Sequence: GTGACTGGAGTTCAGACGTGTGCTCTTCCGATCT; Type: regular 3'; Length: 34; Trimmed: 306481 times

No. of allowed errors:
0-9 bp: 0; 10-19 bp: 1; 20-29 bp: 2; 30-34 bp: 3

Bases preceding removed adapters:
  A: 28.9%
  C: 10.8%
  G: 23.6%
  T: 36.6%
  none/other: 0.0%

Overview of removed sequences
length	count	expect	max.err	error counts
3	230765	275136.2	0	230765
4	61372	68784.0	0	61372
5	9488	17196.0	0	9488
6	2829	4299.0	0	2829
7	727	1074.8	0	727
8	173	268.7	0	173
9	428	67.2	0	41 387
10	449	16.8	1	16 433
11	174	4.2	1	3 171
12	56	1.0	1	1 55
13	14	0.3	1	0 14
14	3	0.1	1	0 3
15	1	0.0	1	0 1
16	1	0.0	1	0 1
68	1	0.0	3	0 0 0 1
