This is cutadapt 2.9 with Python 3.6.6
Command line parameters: --interleaved -a file:/nas02/apps/trimmomatic-0.36/Trimmomatic-0.36/adapters/TruSeq3-PE.fa -A file:/nas02/apps/trimmomatic-0.36/Trimmomatic-0.36/adapters/TruSeq3-PE.fa -m 30 /nas/longleaf/home/zpopkinh/Pvivax_resources/wgs_pe_improved_global/fastq/SRS694249/SRR1568231_1.fastq.gz /nas/longleaf/home/zpopkinh/Pvivax_resources/wgs_pe_improved_global/fastq/SRS694249/SRR1568231_2.fastq.gz
Processing reads on 1 core in paired-end mode ...
Finished in 1568.71 s (96 us/read; 0.63 M reads/minute).

=== Summary ===

Total read pairs processed:         16,356,458
  Read 1 with adapter:                 613,924 (3.8%)
  Read 2 with adapter:                 620,547 (3.8%)
Pairs written (passing filters):    16,356,455 (100.0%)

Total basepairs processed: 3,304,004,516 bp
  Read 1: 1,652,002,258 bp
  Read 2: 1,652,002,258 bp
Total written (filtered):  3,299,844,098 bp (99.9%)
  Read 1: 1,649,930,755 bp
  Read 2: 1,649,913,343 bp

=== First read: Adapter PrefixPE/1 ===

Sequence: TACACTCTTTCCCTACACGACGCTCTTCCGATCT; Type: regular 3'; Length: 34; Trimmed: 296147 times

No. of allowed errors:
0-9 bp: 0; 10-19 bp: 1; 20-29 bp: 2; 30-34 bp: 3

Bases preceding removed adapters:
  A: 25.0%
  C: 22.7%
  G: 26.1%
  T: 26.2%
  none/other: 0.0%

Overview of removed sequences
length	count	expect	max.err	error counts
3	200284	255569.7	0	200284
4	70867	63892.4	0	70867
5	18022	15973.1	0	18022
6	3481	3993.3	0	3481
7	859	998.3	0	859
8	211	249.6	0	211
9	757	62.4	0	84 673
10	1177	15.6	1	36 1141
11	373	3.9	1	2 371
12	89	1.0	1	0 89
13	15	0.2	1	1 14
14	10	0.1	1	0 10
15	1	0.0	1	0 1
17	1	0.0	1	0 1


=== First read: Adapter PrefixPE/2 ===

Sequence: GTGACTGGAGTTCAGACGTGTGCTCTTCCGATCT; Type: regular 3'; Length: 34; Trimmed: 317777 times

No. of allowed errors:
0-9 bp: 0; 10-19 bp: 1; 20-29 bp: 2; 30-34 bp: 3

Bases preceding removed adapters:
  A: 23.4%
  C: 19.0%
  G: 27.0%
  T: 30.7%
  none/other: 0.0%

Overview of removed sequences
length	count	expect	max.err	error counts
3	247998	255569.7	0	247998
4	56369	63892.4	0	56369
5	9732	15973.1	0	9732
6	2249	3993.3	0	2249
7	499	998.3	0	499
8	66	249.6	0	66
9	405	62.4	0	16 389
10	315	15.6	1	8 307
11	111	3.9	1	0 111
12	28	1.0	1	0 28
13	5	0.2	1	0 5


=== Second read: Adapter PrefixPE/1 ===

Sequence: TACACTCTTTCCCTACACGACGCTCTTCCGATCT; Type: regular 3'; Length: 34; Trimmed: 292647 times

No. of allowed errors:
0-9 bp: 0; 10-19 bp: 1; 20-29 bp: 2; 30-34 bp: 3

Bases preceding removed adapters:
  A: 25.4%
  C: 22.5%
  G: 26.0%
  T: 26.1%
  none/other: 0.0%

Overview of removed sequences
length	count	expect	max.err	error counts
3	198191	255569.7	0	198191
4	69657	63892.4	0	69657
5	17748	15973.1	0	17748
6	3539	3993.3	0	3539
7	881	998.3	0	881
8	190	249.6	0	190
9	794	62.4	0	89 705
10	1150	15.6	1	30 1120
11	389	3.9	1	0 389
12	72	1.0	1	0 72
13	20	0.2	1	0 20
14	7	0.1	1	0 7
15	1	0.0	1	0 1
23	1	0.0	2	0 0 1
28	1	0.0	2	0 1
30	1	0.0	3	0 1
50	1	0.0	3	0 0 0 1
70	1	0.0	3	0 0 0 1
75	1	0.0	3	0 0 0 1
78	1	0.0	3	0 0 1
81	1	0.0	3	1


=== Second read: Adapter PrefixPE/2 ===

Sequence: GTGACTGGAGTTCAGACGTGTGCTCTTCCGATCT; Type: regular 3'; Length: 34; Trimmed: 327900 times

No. of allowed errors:
0-9 bp: 0; 10-19 bp: 1; 20-29 bp: 2; 30-34 bp: 3

Bases preceding removed adapters:
  A: 23.1%
  C: 21.6%
  G: 25.9%
  T: 29.4%
  none/other: 0.0%

Overview of removed sequences
length	count	expect	max.err	error counts
3	259492	255569.7	0	259492
4	55105	63892.4	0	55105
5	9537	15973.1	0	9537
6	2217	3993.3	0	2217
7	557	998.3	0	557
8	75	249.6	0	75
9	421	62.4	0	24 397
10	331	15.6	1	4 327
11	122	3.9	1	5 117
12	32	1.0	1	0 32
13	8	0.2	1	0 8
16	1	0.0	1	0 1
18	1	0.0	1	1
42	1	0.0	3	0 1
