This is cutadapt 2.9 with Python 3.6.6
Command line parameters: --interleaved -a file:/nas02/apps/trimmomatic-0.36/Trimmomatic-0.36/adapters/TruSeq3-PE.fa -A file:/nas02/apps/trimmomatic-0.36/Trimmomatic-0.36/adapters/TruSeq3-PE.fa -m 30 /nas/longleaf/home/zpopkinh/Pvivax_resources/wgs_pe_improved_global/fastq/SRR10969358/SRR10969358_1.fastq.gz /nas/longleaf/home/zpopkinh/Pvivax_resources/wgs_pe_improved_global/fastq/SRR10969358/SRR10969358_2.fastq.gz
Processing reads on 1 core in paired-end mode ...
Finished in 1031.47 s (142 us/read; 0.42 M reads/minute).

=== Summary ===

Total read pairs processed:          7,252,842
  Read 1 with adapter:                 263,723 (3.6%)
  Read 2 with adapter:                 264,833 (3.7%)
Pairs written (passing filters):     7,252,842 (100.0%)

Total basepairs processed: 2,175,852,600 bp
  Read 1: 1,087,926,300 bp
  Read 2: 1,087,926,300 bp
Total written (filtered):  2,174,067,628 bp (99.9%)
  Read 1: 1,087,035,552 bp
  Read 2: 1,087,032,076 bp

=== First read: Adapter PrefixPE/1 ===

Sequence: TACACTCTTTCCCTACACGACGCTCTTCCGATCT; Type: regular 3'; Length: 34; Trimmed: 142984 times

No. of allowed errors:
0-9 bp: 0; 10-19 bp: 1; 20-29 bp: 2; 30-34 bp: 3

Bases preceding removed adapters:
  A: 29.6%
  C: 18.2%
  G: 21.8%
  T: 30.3%
  none/other: 0.0%

Overview of removed sequences
length	count	expect	max.err	error counts
3	96045	113325.7	0	96045
4	36545	28331.4	0	36545
5	7377	7082.9	0	7377
6	1593	1770.7	0	1593
7	299	442.7	0	299
8	77	110.7	0	77
9	430	27.7	0	31 399
10	429	6.9	1	11 418
11	141	1.7	1	2 139
12	31	0.4	1	0 31
13	11	0.1	1	0 11
14	3	0.0	1	0 3
15	1	0.0	1	0 1
99	1	0.0	3	0 0 0 1
101	1	0.0	3	0 1


=== First read: Adapter PrefixPE/2 ===

Sequence: GTGACTGGAGTTCAGACGTGTGCTCTTCCGATCT; Type: regular 3'; Length: 34; Trimmed: 120739 times

No. of allowed errors:
0-9 bp: 0; 10-19 bp: 1; 20-29 bp: 2; 30-34 bp: 3

Bases preceding removed adapters:
  A: 24.0%
  C: 18.2%
  G: 26.1%
  T: 31.7%
  none/other: 0.0%

Overview of removed sequences
length	count	expect	max.err	error counts
3	93666	113325.7	0	93666
4	22325	28331.4	0	22325
5	3427	7082.9	0	3427
6	807	1770.7	0	807
7	179	442.7	0	179
8	23	110.7	0	23
9	123	27.7	0	8 115
10	122	6.9	1	3 119
11	49	1.7	1	0 49
12	15	0.4	1	0 15
13	2	0.1	1	0 2
14	1	0.0	1	0 1


=== Second read: Adapter PrefixPE/1 ===

Sequence: TACACTCTTTCCCTACACGACGCTCTTCCGATCT; Type: regular 3'; Length: 34; Trimmed: 144740 times

No. of allowed errors:
0-9 bp: 0; 10-19 bp: 1; 20-29 bp: 2; 30-34 bp: 3

Bases preceding removed adapters:
  A: 29.9%
  C: 17.9%
  G: 21.6%
  T: 30.5%
  none/other: 0.0%

Overview of removed sequences
length	count	expect	max.err	error counts
3	97039	113325.7	0	97039
4	37135	28331.4	0	37135
5	7515	7082.9	0	7515
6	1640	1770.7	0	1640
7	307	442.7	0	307
8	76	110.7	0	76
9	431	27.7	0	27 404
10	421	6.9	1	9 412
11	136	1.7	1	2 134
12	34	0.4	1	1 33
13	5	0.1	1	0 5
14	1	0.0	1	0 1


=== Second read: Adapter PrefixPE/2 ===

Sequence: GTGACTGGAGTTCAGACGTGTGCTCTTCCGATCT; Type: regular 3'; Length: 34; Trimmed: 120093 times

No. of allowed errors:
0-9 bp: 0; 10-19 bp: 1; 20-29 bp: 2; 30-34 bp: 3

Bases preceding removed adapters:
  A: 24.4%
  C: 17.9%
  G: 26.3%
  T: 31.4%
  none/other: 0.0%

Overview of removed sequences
length	count	expect	max.err	error counts
3	93706	113325.7	0	93706
4	21828	28331.4	0	21828
5	3297	7082.9	0	3297
6	757	1770.7	0	757
7	179	442.7	0	179
8	27	110.7	0	27
9	112	27.7	0	6 106
10	127	6.9	1	5 122
11	43	1.7	1	2 41
12	8	0.4	1	0 8
13	2	0.1	1	0 2
43	1	0.0	3	0 0 0 1
46	1	0.0	3	1
69	1	0.0	3	0 0 0 1
79	1	0.0	3	1
95	2	0.0	3	0 0 0 2
97	1	0.0	3	0 1
