This is cutadapt 2.9 with Python 3.6.6
Command line parameters: --interleaved -a file:/nas02/apps/trimmomatic-0.36/Trimmomatic-0.36/adapters/TruSeq3-PE.fa -A file:/nas02/apps/trimmomatic-0.36/Trimmomatic-0.36/adapters/TruSeq3-PE.fa -m 30 /nas/longleaf/home/zpopkinh/Pvivax_resources/wgs_pe_improved_global/fastq/SRS1061078/SRR2316087_1.fastq.gz /nas/longleaf/home/zpopkinh/Pvivax_resources/wgs_pe_improved_global/fastq/SRS1061078/SRR2316087_2.fastq.gz
Processing reads on 1 core in paired-end mode ...
Finished in 3165.76 s (77 us/read; 0.78 M reads/minute).

=== Summary ===

Total read pairs processed:         41,230,140
  Read 1 with adapter:               1,505,375 (3.7%)
  Read 2 with adapter:               1,501,640 (3.6%)
Pairs written (passing filters):    41,230,108 (100.0%)

Total basepairs processed: 8,246,028,000 bp
  Read 1: 4,081,783,860 bp
  Read 2: 4,164,244,140 bp
Total written (filtered):  8,235,749,841 bp (99.9%)
  Read 1: 4,076,637,338 bp
  Read 2: 4,159,112,503 bp

=== First read: Adapter PrefixPE/1 ===

Sequence: TACACTCTTTCCCTACACGACGCTCTTCCGATCT; Type: regular 3'; Length: 34; Trimmed: 758172 times

No. of allowed errors:
0-9 bp: 0; 10-19 bp: 1; 20-29 bp: 2; 30-34 bp: 3

Bases preceding removed adapters:
  A: 31.2%
  C: 19.8%
  G: 17.3%
  T: 31.6%
  none/other: 0.0%

Overview of removed sequences
length	count	expect	max.err	error counts
3	495847	644220.9	0	495847
4	208397	161055.2	0	208397
5	34805	40263.8	0	34805
6	9540	10066.0	0	9540
7	1844	2516.5	0	1844
8	588	629.1	0	588
9	2102	157.3	0	195 1907
10	3688	39.3	1	112 3576
11	1054	9.8	1	10 1044
12	211	2.5	1	5 206
13	58	0.6	1	0 58
14	22	0.2	1	0 22
15	4	0.0	1	0 4
16	1	0.0	1	0 1
45	1	0.0	3	0 1
47	1	0.0	3	0 1
87	1	0.0	3	1
94	3	0.0	3	0 0 0 3
96	1	0.0	3	0 1
97	1	0.0	3	0 1
99	3	0.0	3	0 0 1 2


=== First read: Adapter PrefixPE/2 ===

Sequence: GTGACTGGAGTTCAGACGTGTGCTCTTCCGATCT; Type: regular 3'; Length: 34; Trimmed: 747203 times

No. of allowed errors:
0-9 bp: 0; 10-19 bp: 1; 20-29 bp: 2; 30-34 bp: 3

Bases preceding removed adapters:
  A: 31.0%
  C: 8.1%
  G: 22.8%
  T: 38.0%
  none/other: 0.0%

Overview of removed sequences
length	count	expect	max.err	error counts
3	554970	644220.9	0	554970
4	153581	161055.2	0	153581
5	24685	40263.8	0	24685
6	8170	10066.0	0	8170
7	2048	2516.5	0	2048
8	520	629.1	0	520
9	1167	157.3	0	137 1030
10	1397	39.3	1	40 1357
11	479	9.8	1	13 466
12	125	2.5	1	2 123
13	34	0.6	1	0 34
14	11	0.2	1	0 11
15	3	0.0	1	0 3
16	1	0.0	1	0 1
54	1	0.0	3	0 0 1
69	1	0.0	3	0 0 1
70	1	0.0	3	0 0 1
74	1	0.0	3	0 1
80	1	0.0	3	0 1
83	1	0.0	3	0 0 1
84	1	0.0	3	1
85	1	0.0	3	0 0 1
87	2	0.0	3	0 2
92	1	0.0	3	0 0 0 1
99	1	0.0	3	0 0 0 1


=== Second read: Adapter PrefixPE/1 ===

Sequence: TACACTCTTTCCCTACACGACGCTCTTCCGATCT; Type: regular 3'; Length: 34; Trimmed: 756257 times

No. of allowed errors:
0-9 bp: 0; 10-19 bp: 1; 20-29 bp: 2; 30-34 bp: 3

Bases preceding removed adapters:
  A: 31.3%
  C: 19.9%
  G: 17.4%
  T: 31.5%
  none/other: 0.0%

Overview of removed sequences
length	count	expect	max.err	error counts
3	494022	644220.9	0	494022
4	208539	161055.2	0	208539
5	34499	40263.8	0	34499
6	9446	10066.0	0	9446
7	1790	2516.5	0	1790
8	570	629.1	0	570
9	2073	157.3	0	201 1872
10	3921	39.3	1	92 3829
11	1084	9.8	1	13 1071
12	214	2.5	1	7 207
13	63	0.6	1	3 60
14	21	0.2	1	0 21
15	6	0.0	1	0 6
38	1	0.0	3	0 0 0 1
40	1	0.0	3	0 0 1
96	1	0.0	3	0 1
97	1	0.0	3	1
101	5	0.0	3	0 1 1 3


=== Second read: Adapter PrefixPE/2 ===

Sequence: GTGACTGGAGTTCAGACGTGTGCTCTTCCGATCT; Type: regular 3'; Length: 34; Trimmed: 745383 times

No. of allowed errors:
0-9 bp: 0; 10-19 bp: 1; 20-29 bp: 2; 30-34 bp: 3

Bases preceding removed adapters:
  A: 31.0%
  C: 7.9%
  G: 23.0%
  T: 38.1%
  none/other: 0.0%

Overview of removed sequences
length	count	expect	max.err	error counts
3	555176	644220.9	0	555176
4	152618	161055.2	0	152618
5	24268	40263.8	0	24268
6	7768	10066.0	0	7768
7	1986	2516.5	0	1986
8	498	629.1	0	498
9	1110	157.3	0	119 991
10	1293	39.3	1	34 1259
11	475	9.8	1	2 473
12	136	2.5	1	4 132
13	38	0.6	1	0 38
14	5	0.2	1	0 5
15	3	0.0	1	0 3
16	1	0.0	1	0 1
49	1	0.0	3	1
75	1	0.0	3	0 0 0 1
81	1	0.0	3	0 0 1
86	1	0.0	3	1
90	1	0.0	3	0 0 1
91	1	0.0	3	0 0 1
94	1	0.0	3	0 0 1
96	1	0.0	3	0 1
