This is cutadapt 2.9 with Python 3.6.6
Command line parameters: --interleaved -a file:/nas02/apps/trimmomatic-0.36/Trimmomatic-0.36/adapters/TruSeq3-PE.fa -A file:/nas02/apps/trimmomatic-0.36/Trimmomatic-0.36/adapters/TruSeq3-PE.fa -m 30 /nas/longleaf/home/zpopkinh/Pvivax_resources/wgs_pe_improved_global/fastq/SRS693978/SRR1568108_1.fastq.gz /nas/longleaf/home/zpopkinh/Pvivax_resources/wgs_pe_improved_global/fastq/SRS693978/SRR1568108_2.fastq.gz
Processing reads on 1 core in paired-end mode ...
Finished in 2014.10 s (92 us/read; 0.65 M reads/minute).

=== Summary ===

Total read pairs processed:         21,854,869
  Read 1 with adapter:                 791,519 (3.6%)
  Read 2 with adapter:                 820,237 (3.8%)
Pairs written (passing filters):    21,854,868 (100.0%)

Total basepairs processed: 4,414,683,538 bp
  Read 1: 2,207,341,769 bp
  Read 2: 2,207,341,769 bp
Total written (filtered):  4,409,283,977 bp (99.9%)
  Read 1: 2,204,677,553 bp
  Read 2: 2,204,606,424 bp

=== First read: Adapter PrefixPE/1 ===

Sequence: TACACTCTTTCCCTACACGACGCTCTTCCGATCT; Type: regular 3'; Length: 34; Trimmed: 368846 times

No. of allowed errors:
0-9 bp: 0; 10-19 bp: 1; 20-29 bp: 2; 30-34 bp: 3

Bases preceding removed adapters:
  A: 24.4%
  C: 22.9%
  G: 27.3%
  T: 25.4%
  none/other: 0.0%

Overview of removed sequences
length	count	expect	max.err	error counts
3	250220	341482.3	0	250220
4	86454	85370.6	0	86454
5	24263	21342.6	0	24263
6	4151	5335.7	0	4151
7	1046	1333.9	0	1046
8	210	333.5	0	210
9	988	83.4	0	75 913
10	1002	20.8	1	19 983
11	360	5.2	1	5 355
12	111	1.3	1	1 110
13	33	0.3	1	0 33
14	6	0.1	1	0 6
15	1	0.0	1	0 1
35	1	0.0	3	0 1


=== First read: Adapter PrefixPE/2 ===

Sequence: GTGACTGGAGTTCAGACGTGTGCTCTTCCGATCT; Type: regular 3'; Length: 34; Trimmed: 422673 times

No. of allowed errors:
0-9 bp: 0; 10-19 bp: 1; 20-29 bp: 2; 30-34 bp: 3

Bases preceding removed adapters:
  A: 23.1%
  C: 19.4%
  G: 26.8%
  T: 30.7%
  none/other: 0.0%

Overview of removed sequences
length	count	expect	max.err	error counts
3	330718	341482.3	0	330718
4	74290	85370.6	0	74290
5	12519	21342.6	0	12519
6	3205	5335.7	0	3205
7	815	1333.9	0	815
8	134	333.5	0	134
9	414	83.4	0	23 391
10	415	20.8	1	10 405
11	117	5.2	1	7 110
12	28	1.3	1	0 28
13	18	0.3	1	0 18


=== Second read: Adapter PrefixPE/1 ===

Sequence: TACACTCTTTCCCTACACGACGCTCTTCCGATCT; Type: regular 3'; Length: 34; Trimmed: 364071 times

No. of allowed errors:
0-9 bp: 0; 10-19 bp: 1; 20-29 bp: 2; 30-34 bp: 3

Bases preceding removed adapters:
  A: 24.5%
  C: 23.0%
  G: 27.3%
  T: 25.3%
  none/other: 0.0%

Overview of removed sequences
length	count	expect	max.err	error counts
3	249290	341482.3	0	249290
4	86498	85370.6	0	86498
5	21309	21342.6	0	21309
6	3779	5335.7	0	3779
7	925	1333.9	0	925
8	171	333.5	0	171
9	843	83.4	0	52 791
10	814	20.8	1	18 796
11	315	5.2	1	4 311
12	100	1.3	1	0 100
13	19	0.3	1	0 19
14	5	0.1	1	0 5
15	2	0.0	1	0 2
37	1	0.0	3	0 0 0 1


=== Second read: Adapter PrefixPE/2 ===

Sequence: GTGACTGGAGTTCAGACGTGTGCTCTTCCGATCT; Type: regular 3'; Length: 34; Trimmed: 456166 times

No. of allowed errors:
0-9 bp: 0; 10-19 bp: 1; 20-29 bp: 2; 30-34 bp: 3

Bases preceding removed adapters:
  A: 22.6%
  C: 24.8%
  G: 24.8%
  T: 27.7%
  none/other: 0.0%

Overview of removed sequences
length	count	expect	max.err	error counts
3	365691	341482.3	0	365691
4	74659	85370.6	0	74659
5	11423	21342.6	0	11423
6	2675	5335.7	0	2675
7	702	1333.9	0	702
8	123	333.5	0	123
9	339	83.4	0	12 327
10	405	20.8	1	10 395
11	113	5.2	1	4 109
12	27	1.3	1	1 26
13	8	0.3	1	0 8
72	1	0.0	3	0 0 0 1
