This is cutadapt 2.9 with Python 3.6.6
Command line parameters: --interleaved -a file:/nas02/apps/trimmomatic-0.36/Trimmomatic-0.36/adapters/TruSeq3-PE.fa -A file:/nas02/apps/trimmomatic-0.36/Trimmomatic-0.36/adapters/TruSeq3-PE.fa -m 30 /nas/longleaf/home/zpopkinh/Pvivax_resources/wgs_pe_improved_global/fastq/ERS338605/ERR386534_1.fastq.gz /nas/longleaf/home/zpopkinh/Pvivax_resources/wgs_pe_improved_global/fastq/ERS338605/ERR386534_2.fastq.gz
Processing reads on 1 core in paired-end mode ...
Finished in 167.76 s (100 us/read; 0.60 M reads/minute).

=== Summary ===

Total read pairs processed:          1,681,618
  Read 1 with adapter:                  61,620 (3.7%)
  Read 2 with adapter:                  60,718 (3.6%)
Pairs written (passing filters):     1,681,618 (100.0%)

Total basepairs processed:   336,323,600 bp
  Read 1:   168,161,800 bp
  Read 2:   168,161,800 bp
Total written (filtered):    335,905,610 bp (99.9%)
  Read 1:   167,951,197 bp
  Read 2:   167,954,413 bp

=== First read: Adapter PrefixPE/1 ===

Sequence: TACACTCTTTCCCTACACGACGCTCTTCCGATCT; Type: regular 3'; Length: 34; Trimmed: 33934 times

No. of allowed errors:
0-9 bp: 0; 10-19 bp: 1; 20-29 bp: 2; 30-34 bp: 3

Bases preceding removed adapters:
  A: 28.6%
  C: 17.4%
  G: 26.6%
  T: 27.4%
  none/other: 0.0%

Overview of removed sequences
length	count	expect	max.err	error counts
3	22063	26275.3	0	22063
4	9059	6568.8	0	9059
5	1746	1642.2	0	1746
6	438	410.6	0	438
7	136	102.6	0	136
8	20	25.7	0	20
9	86	6.4	0	7 79
10	313	1.6	1	4 309
11	61	0.4	1	0 61
12	6	0.1	1	0 6
13	6	0.0	1	0 6


=== First read: Adapter PrefixPE/2 ===

Sequence: GTGACTGGAGTTCAGACGTGTGCTCTTCCGATCT; Type: regular 3'; Length: 34; Trimmed: 27686 times

No. of allowed errors:
0-9 bp: 0; 10-19 bp: 1; 20-29 bp: 2; 30-34 bp: 3

Bases preceding removed adapters:
  A: 28.1%
  C: 13.8%
  G: 22.3%
  T: 35.9%
  none/other: 0.0%

Overview of removed sequences
length	count	expect	max.err	error counts
3	21664	26275.3	0	21664
4	4954	6568.8	0	4954
5	714	1642.2	0	714
6	189	410.6	0	189
7	43	102.6	0	43
8	4	25.7	0	4
9	60	6.4	0	2 58
10	45	1.6	1	1 44
11	9	0.4	1	0 9
12	3	0.1	1	0 3
13	1	0.0	1	0 1


=== Second read: Adapter PrefixPE/1 ===

Sequence: TACACTCTTTCCCTACACGACGCTCTTCCGATCT; Type: regular 3'; Length: 34; Trimmed: 33429 times

No. of allowed errors:
0-9 bp: 0; 10-19 bp: 1; 20-29 bp: 2; 30-34 bp: 3

Bases preceding removed adapters:
  A: 29.4%
  C: 16.8%
  G: 26.5%
  T: 27.3%
  none/other: 0.0%

Overview of removed sequences
length	count	expect	max.err	error counts
3	21664	26275.3	0	21664
4	9019	6568.8	0	9019
5	1736	1642.2	0	1736
6	415	410.6	0	415
7	140	102.6	0	140
8	16	25.7	0	16
9	56	6.4	0	6 50
10	316	1.6	1	9 307
11	55	0.4	1	1 54
12	9	0.1	1	0 9
13	3	0.0	1	0 3


=== Second read: Adapter PrefixPE/2 ===

Sequence: GTGACTGGAGTTCAGACGTGTGCTCTTCCGATCT; Type: regular 3'; Length: 34; Trimmed: 27289 times

No. of allowed errors:
0-9 bp: 0; 10-19 bp: 1; 20-29 bp: 2; 30-34 bp: 3

Bases preceding removed adapters:
  A: 28.2%
  C: 13.7%
  G: 22.5%
  T: 35.6%
  none/other: 0.0%

Overview of removed sequences
length	count	expect	max.err	error counts
3	21343	26275.3	0	21343
4	4945	6568.8	0	4945
5	653	1642.2	0	653
6	193	410.6	0	193
7	34	102.6	0	34
8	6	25.7	0	6
9	59	6.4	0	3 56
10	43	1.6	1	0 43
11	10	0.4	1	0 10
12	3	0.1	1	0 3
