This is cutadapt 2.9 with Python 3.6.6
Command line parameters: --interleaved -a file:/nas02/apps/trimmomatic-0.36/Trimmomatic-0.36/adapters/TruSeq3-PE.fa -A file:/nas02/apps/trimmomatic-0.36/Trimmomatic-0.36/adapters/TruSeq3-PE.fa -m 30 /nas/longleaf/home/zpopkinh/Pvivax_resources/wgs_pe_improved_global/fastq/SRS693462/SRR1564992_1.fastq.gz /nas/longleaf/home/zpopkinh/Pvivax_resources/wgs_pe_improved_global/fastq/SRS693462/SRR1564992_2.fastq.gz
Processing reads on 1 core in paired-end mode ...
Finished in 0.78 s (49 us/read; 1.23 M reads/minute).

=== Summary ===

Total read pairs processed:             16,005
  Read 1 with adapter:                     516 (3.2%)
  Read 2 with adapter:                     598 (3.7%)
Pairs written (passing filters):        16,005 (100.0%)

Total basepairs processed:     3,233,010 bp
  Read 1:     1,616,505 bp
  Read 2:     1,616,505 bp
Total written (filtered):      3,229,142 bp (99.9%)
  Read 1:     1,614,689 bp
  Read 2:     1,614,453 bp

=== First read: Adapter PrefixPE/1 ===

Sequence: TACACTCTTTCCCTACACGACGCTCTTCCGATCT; Type: regular 3'; Length: 34; Trimmed: 238 times

No. of allowed errors:
0-9 bp: 0; 10-19 bp: 1; 20-29 bp: 2; 30-34 bp: 3

Bases preceding removed adapters:
  A: 27.3%
  C: 22.7%
  G: 18.1%
  T: 31.9%
  none/other: 0.0%

Overview of removed sequences
length	count	expect	max.err	error counts
3	144	250.1	0	144
4	70	62.5	0	70
5	11	15.6	0	11
6	2	3.9	0	2
7	2	1.0	0	2
8	1	0.2	0	1
9	1	0.1	0	1
10	5	0.0	1	0 5
11	2	0.0	1	0 2


=== First read: Adapter PrefixPE/2 ===

Sequence: GTGACTGGAGTTCAGACGTGTGCTCTTCCGATCT; Type: regular 3'; Length: 34; Trimmed: 278 times

No. of allowed errors:
0-9 bp: 0; 10-19 bp: 1; 20-29 bp: 2; 30-34 bp: 3

Bases preceding removed adapters:
  A: 28.8%
  C: 11.9%
  G: 25.5%
  T: 33.8%
  none/other: 0.0%

Overview of removed sequences
length	count	expect	max.err	error counts
3	203	250.1	0	203
4	63	62.5	0	63
5	7	15.6	0	7
6	2	3.9	0	2
8	1	0.2	0	1
9	2	0.1	0	0 2


=== Second read: Adapter PrefixPE/1 ===

Sequence: TACACTCTTTCCCTACACGACGCTCTTCCGATCT; Type: regular 3'; Length: 34; Trimmed: 247 times

No. of allowed errors:
0-9 bp: 0; 10-19 bp: 1; 20-29 bp: 2; 30-34 bp: 3

Bases preceding removed adapters:
  A: 26.3%
  C: 22.7%
  G: 19.4%
  T: 31.6%
  none/other: 0.0%

Overview of removed sequences
length	count	expect	max.err	error counts
3	166	250.1	0	166
4	56	62.5	0	56
5	11	15.6	0	11
6	3	3.9	0	3
7	3	1.0	0	3
9	1	0.1	0	0 1
10	5	0.0	1	0 5
11	2	0.0	1	0 2


=== Second read: Adapter PrefixPE/2 ===

Sequence: GTGACTGGAGTTCAGACGTGTGCTCTTCCGATCT; Type: regular 3'; Length: 34; Trimmed: 351 times

No. of allowed errors:
0-9 bp: 0; 10-19 bp: 1; 20-29 bp: 2; 30-34 bp: 3

Bases preceding removed adapters:
  A: 27.1%
  C: 21.7%
  G: 19.1%
  T: 32.2%
  none/other: 0.0%

Overview of removed sequences
length	count	expect	max.err	error counts
3	274	250.1	0	274
4	60	62.5	0	60
5	12	15.6	0	12
6	4	3.9	0	4
9	1	0.1	0	0 1
