This is cutadapt 2.9 with Python 3.6.6
Command line parameters: --interleaved -a file:/nas02/apps/trimmomatic-0.36/Trimmomatic-0.36/adapters/TruSeq3-PE.fa -A file:/nas02/apps/trimmomatic-0.36/Trimmomatic-0.36/adapters/TruSeq3-PE.fa -m 30 /nas/longleaf/home/zpopkinh/Pvivax_resources/wgs_pe_improved_global/fastq/SRS693462/SRR1562839_1.fastq.gz /nas/longleaf/home/zpopkinh/Pvivax_resources/wgs_pe_improved_global/fastq/SRS693462/SRR1562839_2.fastq.gz
Processing reads on 1 core in paired-end mode ...
Finished in 1054.71 s (80 us/read; 0.75 M reads/minute).

=== Summary ===

Total read pairs processed:         13,223,922
  Read 1 with adapter:                 495,377 (3.7%)
  Read 2 with adapter:                 498,893 (3.8%)
Pairs written (passing filters):    13,223,920 (100.0%)

Total basepairs processed: 2,671,232,244 bp
  Read 1: 1,335,616,122 bp
  Read 2: 1,335,616,122 bp
Total written (filtered):  2,667,878,461 bp (99.9%)
  Read 1: 1,333,943,428 bp
  Read 2: 1,333,935,033 bp

=== First read: Adapter PrefixPE/1 ===

Sequence: TACACTCTTTCCCTACACGACGCTCTTCCGATCT; Type: regular 3'; Length: 34; Trimmed: 238246 times

No. of allowed errors:
0-9 bp: 0; 10-19 bp: 1; 20-29 bp: 2; 30-34 bp: 3

Bases preceding removed adapters:
  A: 25.0%
  C: 23.1%
  G: 26.2%
  T: 25.8%
  none/other: 0.0%

Overview of removed sequences
length	count	expect	max.err	error counts
3	160587	206623.8	0	160587
4	57351	51655.9	0	57351
5	14609	12914.0	0	14609
6	2795	3228.5	0	2795
7	734	807.1	0	734
8	131	201.8	0	131
9	699	50.4	0	70 629
10	927	12.6	1	17 910
11	341	3.2	1	1 340
12	61	0.8	1	0 61
13	8	0.2	1	0 8
14	3	0.0	1	0 3


=== First read: Adapter PrefixPE/2 ===

Sequence: GTGACTGGAGTTCAGACGTGTGCTCTTCCGATCT; Type: regular 3'; Length: 34; Trimmed: 257131 times

No. of allowed errors:
0-9 bp: 0; 10-19 bp: 1; 20-29 bp: 2; 30-34 bp: 3

Bases preceding removed adapters:
  A: 23.3%
  C: 19.1%
  G: 26.8%
  T: 30.8%
  none/other: 0.0%

Overview of removed sequences
length	count	expect	max.err	error counts
3	200539	206623.8	0	200539
4	45653	51655.9	0	45653
5	7952	12914.0	0	7952
6	1749	3228.5	0	1749
7	464	807.1	0	464
8	78	201.8	0	78
9	329	50.4	0	17 312
10	270	12.6	1	2 268
11	81	3.2	1	0 81
12	14	0.8	1	0 14
13	1	0.2	1	0 1
48	1	0.0	3	0 0 1


=== Second read: Adapter PrefixPE/1 ===

Sequence: TACACTCTTTCCCTACACGACGCTCTTCCGATCT; Type: regular 3'; Length: 34; Trimmed: 235282 times

No. of allowed errors:
0-9 bp: 0; 10-19 bp: 1; 20-29 bp: 2; 30-34 bp: 3

Bases preceding removed adapters:
  A: 25.3%
  C: 23.0%
  G: 25.9%
  T: 25.9%
  none/other: 0.0%

Overview of removed sequences
length	count	expect	max.err	error counts
3	158712	206623.8	0	158712
4	56171	51655.9	0	56171
5	14698	12914.0	0	14698
6	2750	3228.5	0	2750
7	739	807.1	0	739
8	188	201.8	0	188
9	723	50.4	0	78 645
10	851	12.6	1	27 824
11	361	3.2	1	7 354
12	62	0.8	1	0 62
13	18	0.2	1	0 18
14	5	0.0	1	0 5
19	1	0.0	1	0 1
62	1	0.0	3	0 1
74	1	0.0	3	0 0 1
81	1	0.0	3	0 1


=== Second read: Adapter PrefixPE/2 ===

Sequence: GTGACTGGAGTTCAGACGTGTGCTCTTCCGATCT; Type: regular 3'; Length: 34; Trimmed: 263611 times

No. of allowed errors:
0-9 bp: 0; 10-19 bp: 1; 20-29 bp: 2; 30-34 bp: 3

Bases preceding removed adapters:
  A: 23.0%
  C: 21.4%
  G: 26.0%
  T: 29.7%
  none/other: 0.0%

Overview of removed sequences
length	count	expect	max.err	error counts
3	208101	206623.8	0	208101
4	44632	51655.9	0	44632
5	7929	12914.0	0	7929
6	1790	3228.5	0	1790
7	408	807.1	0	408
8	74	201.8	0	74
9	272	50.4	0	17 255
10	299	12.6	1	3 296
11	94	3.2	1	2 92
12	11	0.8	1	0 11
15	1	0.0	1	0 1
