This is cutadapt 2.9 with Python 3.6.6
Command line parameters: --interleaved -a file:/nas02/apps/trimmomatic-0.36/Trimmomatic-0.36/adapters/TruSeq3-PE.fa -A file:/nas02/apps/trimmomatic-0.36/Trimmomatic-0.36/adapters/TruSeq3-PE.fa -m 30 /nas/longleaf/home/zpopkinh/Pvivax_resources/wgs_pe_improved_global/fastq/SRS694228/SRR1564929_1.fastq.gz /nas/longleaf/home/zpopkinh/Pvivax_resources/wgs_pe_improved_global/fastq/SRS694228/SRR1564929_2.fastq.gz
Processing reads on 1 core in paired-end mode ...
Finished in 1.01 s (47 us/read; 1.26 M reads/minute).

=== Summary ===

Total read pairs processed:             21,208
  Read 1 with adapter:                     692 (3.3%)
  Read 2 with adapter:                     795 (3.7%)
Pairs written (passing filters):        21,207 (100.0%)

Total basepairs processed:     4,284,016 bp
  Read 1:     2,142,008 bp
  Read 2:     2,142,008 bp
Total written (filtered):      4,278,767 bp (99.9%)
  Read 1:     2,139,552 bp
  Read 2:     2,139,215 bp

=== First read: Adapter PrefixPE/1 ===

Sequence: TACACTCTTTCCCTACACGACGCTCTTCCGATCT; Type: regular 3'; Length: 34; Trimmed: 309 times

No. of allowed errors:
0-9 bp: 0; 10-19 bp: 1; 20-29 bp: 2; 30-34 bp: 3

Bases preceding removed adapters:
  A: 34.0%
  C: 24.6%
  G: 13.3%
  T: 28.2%
  none/other: 0.0%

Overview of removed sequences
length	count	expect	max.err	error counts
3	208	331.4	0	208
4	79	82.8	0	79
5	17	20.7	0	17
6	2	5.2	0	2
7	2	1.3	0	2
10	1	0.0	1	0 1


=== First read: Adapter PrefixPE/2 ===

Sequence: GTGACTGGAGTTCAGACGTGTGCTCTTCCGATCT; Type: regular 3'; Length: 34; Trimmed: 383 times

No. of allowed errors:
0-9 bp: 0; 10-19 bp: 1; 20-29 bp: 2; 30-34 bp: 3

Bases preceding removed adapters:
  A: 31.6%
  C: 12.8%
  G: 24.8%
  T: 30.8%
  none/other: 0.0%

Overview of removed sequences
length	count	expect	max.err	error counts
3	278	331.4	0	278
4	85	82.8	0	85
5	12	20.7	0	12
6	1	5.2	0	1
7	4	1.3	0	4
8	2	0.3	0	2
10	1	0.0	1	0 1


=== Second read: Adapter PrefixPE/1 ===

Sequence: TACACTCTTTCCCTACACGACGCTCTTCCGATCT; Type: regular 3'; Length: 34; Trimmed: 302 times

No. of allowed errors:
0-9 bp: 0; 10-19 bp: 1; 20-29 bp: 2; 30-34 bp: 3

Bases preceding removed adapters:
  A: 27.5%
  C: 27.2%
  G: 14.6%
  T: 30.8%
  none/other: 0.0%

Overview of removed sequences
length	count	expect	max.err	error counts
3	192	331.4	0	192
4	88	82.8	0	88
5	12	20.7	0	12
6	4	5.2	0	4
7	2	1.3	0	2
10	3	0.0	1	0 3
11	1	0.0	1	0 1


=== Second read: Adapter PrefixPE/2 ===

Sequence: GTGACTGGAGTTCAGACGTGTGCTCTTCCGATCT; Type: regular 3'; Length: 34; Trimmed: 493 times

No. of allowed errors:
0-9 bp: 0; 10-19 bp: 1; 20-29 bp: 2; 30-34 bp: 3

Bases preceding removed adapters:
  A: 25.6%
  C: 28.2%
  G: 23.1%
  T: 23.1%
  none/other: 0.0%

Overview of removed sequences
length	count	expect	max.err	error counts
3	383	331.4	0	383
4	88	82.8	0	88
5	16	20.7	0	16
7	1	1.3	0	1
8	1	0.3	0	1
9	1	0.1	0	0 1
10	2	0.0	1	0 2
92	1	0.0	3	0 0 0 1
