This is cutadapt 2.9 with Python 3.6.6
Command line parameters: --interleaved -a file:/nas02/apps/trimmomatic-0.36/Trimmomatic-0.36/adapters/TruSeq3-PE.fa -A file:/nas02/apps/trimmomatic-0.36/Trimmomatic-0.36/adapters/TruSeq3-PE.fa -m 30 /nas/longleaf/home/zpopkinh/Pvivax_resources/wgs_pe_improved_global/fastq/SRS694228/SRR1568793_1.fastq.gz /nas/longleaf/home/zpopkinh/Pvivax_resources/wgs_pe_improved_global/fastq/SRS694228/SRR1568793_2.fastq.gz
Processing reads on 1 core in paired-end mode ...
Finished in 0.02 s (267 us/read; 0.22 M reads/minute).

=== Summary ===

Total read pairs processed:                 58
  Read 1 with adapter:                       4 (6.9%)
  Read 2 with adapter:                       2 (3.4%)
Pairs written (passing filters):            58 (100.0%)

Total basepairs processed:        11,716 bp
  Read 1:         5,858 bp
  Read 2:         5,858 bp
Total written (filtered):         11,695 bp (99.8%)
  Read 1:         5,843 bp
  Read 2:         5,852 bp

=== First read: Adapter PrefixPE/1 ===

Sequence: TACACTCTTTCCCTACACGACGCTCTTCCGATCT; Type: regular 3'; Length: 34; Trimmed: 3 times

No. of allowed errors:
0-9 bp: 0; 10-19 bp: 1; 20-29 bp: 2; 30-34 bp: 3

Bases preceding removed adapters:
  A: 33.3%
  C: 33.3%
  G: 33.3%
  T: 0.0%
  none/other: 0.0%

Overview of removed sequences
length	count	expect	max.err	error counts
3	1	0.9	0	1
4	1	0.2	0	1
5	1	0.1	0	1


=== First read: Adapter PrefixPE/2 ===

Sequence: GTGACTGGAGTTCAGACGTGTGCTCTTCCGATCT; Type: regular 3'; Length: 34; Trimmed: 1 times

No. of allowed errors:
0-9 bp: 0; 10-19 bp: 1; 20-29 bp: 2; 30-34 bp: 3

Bases preceding removed adapters:
  A: 0.0%
  C: 0.0%
  G: 100.0%
  T: 0.0%
  none/other: 0.0%

Overview of removed sequences
length	count	expect	max.err	error counts
3	1	0.9	0	1


=== Second read: Adapter PrefixPE/1 ===

Sequence: TACACTCTTTCCCTACACGACGCTCTTCCGATCT; Type: regular 3'; Length: 34; Trimmed: 0 times

=== Second read: Adapter PrefixPE/2 ===

Sequence: GTGACTGGAGTTCAGACGTGTGCTCTTCCGATCT; Type: regular 3'; Length: 34; Trimmed: 2 times

No. of allowed errors:
0-9 bp: 0; 10-19 bp: 1; 20-29 bp: 2; 30-34 bp: 3

Bases preceding removed adapters:
  A: 0.0%
  C: 0.0%
  G: 0.0%
  T: 100.0%
  none/other: 0.0%

Overview of removed sequences
length	count	expect	max.err	error counts
3	2	0.9	0	2
