This is cutadapt 2.9 with Python 3.6.6
Command line parameters: --interleaved -a file:/nas02/apps/trimmomatic-0.36/Trimmomatic-0.36/adapters/TruSeq3-PE.fa -A file:/nas02/apps/trimmomatic-0.36/Trimmomatic-0.36/adapters/TruSeq3-PE.fa -m 30 /nas/longleaf/home/zpopkinh/Pvivax_resources/wgs_pe_improved_global/fastq/ERR5740835/ERR5740835_1.fastq.gz /nas/longleaf/home/zpopkinh/Pvivax_resources/wgs_pe_improved_global/fastq/ERR5740835/ERR5740835_2.fastq.gz
Processing reads on 1 core in paired-end mode ...
Finished in 397.59 s (120 us/read; 0.50 M reads/minute).

=== Summary ===

Total read pairs processed:          3,310,048
  Read 1 with adapter:                 120,599 (3.6%)
  Read 2 with adapter:                 117,660 (3.6%)
Pairs written (passing filters):     3,310,044 (100.0%)

Total basepairs processed:   999,634,496 bp
  Read 1:   499,817,248 bp
  Read 2:   499,817,248 bp
Total written (filtered):    998,829,183 bp (99.9%)
  Read 1:   499,409,730 bp
  Read 2:   499,419,453 bp

=== First read: Adapter PrefixPE/1 ===

Sequence: TACACTCTTTCCCTACACGACGCTCTTCCGATCT; Type: regular 3'; Length: 34; Trimmed: 54141 times

No. of allowed errors:
0-9 bp: 0; 10-19 bp: 1; 20-29 bp: 2; 30-34 bp: 3

Bases preceding removed adapters:
  A: 25.4%
  C: 24.3%
  G: 23.7%
  T: 26.6%
  none/other: 0.0%

Overview of removed sequences
length	count	expect	max.err	error counts
3	36753	51719.5	0	36753
4	13177	12929.9	0	13177
5	2939	3232.5	0	2939
6	612	808.1	0	612
7	161	202.0	0	161
8	35	50.5	0	35
9	158	12.6	0	11 147
10	209	3.2	1	5 204
11	66	0.8	1	0 66
12	24	0.2	1	0 24
13	4	0.0	1	0 4
14	2	0.0	1	0 2
151	1	0.0	3	0 0 0 1


=== First read: Adapter PrefixPE/2 ===

Sequence: GTGACTGGAGTTCAGACGTGTGCTCTTCCGATCT; Type: regular 3'; Length: 34; Trimmed: 66458 times

No. of allowed errors:
0-9 bp: 0; 10-19 bp: 1; 20-29 bp: 2; 30-34 bp: 3

Bases preceding removed adapters:
  A: 25.2%
  C: 15.5%
  G: 28.3%
  T: 31.0%
  none/other: 0.0%

Overview of removed sequences
length	count	expect	max.err	error counts
3	51316	51719.5	0	51316
4	12155	12929.9	0	12155
5	2057	3232.5	0	2057
6	536	808.1	0	536
7	145	202.0	0	145
8	19	50.5	0	19
9	102	12.6	0	7 95
10	92	3.2	1	0 92
11	23	0.8	1	0 23
12	8	0.2	1	0 8
13	3	0.0	1	0 3
14	1	0.0	1	0 1
91	1	0.0	3	1


=== Second read: Adapter PrefixPE/1 ===

Sequence: TACACTCTTTCCCTACACGACGCTCTTCCGATCT; Type: regular 3'; Length: 34; Trimmed: 52732 times

No. of allowed errors:
0-9 bp: 0; 10-19 bp: 1; 20-29 bp: 2; 30-34 bp: 3

Bases preceding removed adapters:
  A: 26.3%
  C: 24.9%
  G: 23.6%
  T: 25.2%
  none/other: 0.0%

Overview of removed sequences
length	count	expect	max.err	error counts
3	35575	51719.5	0	35575
4	12962	12929.9	0	12962
5	2994	3232.5	0	2994
6	587	808.1	0	587
7	140	202.0	0	140
8	41	50.5	0	41
9	162	12.6	0	10 152
10	169	3.2	1	4 165
11	77	0.8	1	0 77
12	15	0.2	1	0 15
13	6	0.0	1	0 6
61	1	0.0	3	0 0 0 1
151	3	0.0	3	0 0 1 2


=== Second read: Adapter PrefixPE/2 ===

Sequence: GTGACTGGAGTTCAGACGTGTGCTCTTCCGATCT; Type: regular 3'; Length: 34; Trimmed: 64928 times

No. of allowed errors:
0-9 bp: 0; 10-19 bp: 1; 20-29 bp: 2; 30-34 bp: 3

Bases preceding removed adapters:
  A: 24.4%
  C: 17.0%
  G: 28.3%
  T: 30.3%
  none/other: 0.0%

Overview of removed sequences
length	count	expect	max.err	error counts
3	50647	51719.5	0	50647
4	11238	12929.9	0	11238
5	2136	3232.5	0	2136
6	495	808.1	0	495
7	131	202.0	0	131
8	38	50.5	0	38
9	93	12.6	0	8 85
10	107	3.2	1	1 106
11	30	0.8	1	1 29
12	4	0.2	1	1 3
13	4	0.0	1	0 4
14	1	0.0	1	0 1
85	1	0.0	3	0 1
89	1	0.0	3	0 0 1
96	1	0.0	3	0 1
119	1	0.0	3	0 0 0 1
