This is cutadapt 2.9 with Python 3.6.6
Command line parameters: --interleaved -a file:/nas02/apps/trimmomatic-0.36/Trimmomatic-0.36/adapters/TruSeq3-PE.fa -A file:/nas02/apps/trimmomatic-0.36/Trimmomatic-0.36/adapters/TruSeq3-PE.fa -m 30 /nas/longleaf/home/zpopkinh/Pvivax_resources/wgs_pe_improved_global/fastq/ERS666246/ERR925438_1.fastq.gz /nas/longleaf/home/zpopkinh/Pvivax_resources/wgs_pe_improved_global/fastq/ERS666246/ERR925438_2.fastq.gz
Processing reads on 1 core in paired-end mode ...
Finished in 482.34 s (85 us/read; 0.70 M reads/minute).

=== Summary ===

Total read pairs processed:          5,657,737
  Read 1 with adapter:                 206,499 (3.6%)
  Read 2 with adapter:                 203,125 (3.6%)
Pairs written (passing filters):     5,657,737 (100.0%)

Total basepairs processed: 1,131,547,400 bp
  Read 1:   565,773,700 bp
  Read 2:   565,773,700 bp
Total written (filtered):  1,130,160,020 bp (99.9%)
  Read 1:   565,074,488 bp
  Read 2:   565,085,532 bp

=== First read: Adapter PrefixPE/1 ===

Sequence: TACACTCTTTCCCTACACGACGCTCTTCCGATCT; Type: regular 3'; Length: 34; Trimmed: 112078 times

No. of allowed errors:
0-9 bp: 0; 10-19 bp: 1; 20-29 bp: 2; 30-34 bp: 3

Bases preceding removed adapters:
  A: 29.3%
  C: 17.9%
  G: 23.6%
  T: 29.3%
  none/other: 0.0%

Overview of removed sequences
length	count	expect	max.err	error counts
3	74023	88402.1	0	74023
4	29637	22100.5	0	29637
5	5881	5525.1	0	5881
6	1302	1381.3	0	1302
7	277	345.3	0	277
8	62	86.3	0	62
9	332	21.6	0	29 303
10	428	5.4	1	6 422
11	109	1.3	1	0 109
12	19	0.3	1	1 18
13	3	0.1	1	0 3
14	2	0.0	1	0 2
15	2	0.0	1	0 2
55	1	0.0	3	0 0 0 1


=== First read: Adapter PrefixPE/2 ===

Sequence: GTGACTGGAGTTCAGACGTGTGCTCTTCCGATCT; Type: regular 3'; Length: 34; Trimmed: 94421 times

No. of allowed errors:
0-9 bp: 0; 10-19 bp: 1; 20-29 bp: 2; 30-34 bp: 3

Bases preceding removed adapters:
  A: 24.2%
  C: 17.8%
  G: 24.8%
  T: 33.2%
  none/other: 0.0%

Overview of removed sequences
length	count	expect	max.err	error counts
3	73294	88402.1	0	73294
4	17521	22100.5	0	17521
5	2570	5525.1	0	2570
6	639	1381.3	0	639
7	133	345.3	0	133
8	21	86.3	0	21
9	123	21.6	0	6 117
10	89	5.4	1	4 85
11	25	1.3	1	0 25
12	3	0.3	1	0 3
13	3	0.1	1	0 3


=== Second read: Adapter PrefixPE/1 ===

Sequence: TACACTCTTTCCCTACACGACGCTCTTCCGATCT; Type: regular 3'; Length: 34; Trimmed: 110957 times

No. of allowed errors:
0-9 bp: 0; 10-19 bp: 1; 20-29 bp: 2; 30-34 bp: 3

Bases preceding removed adapters:
  A: 29.4%
  C: 18.2%
  G: 23.0%
  T: 29.4%
  none/other: 0.0%

Overview of removed sequences
length	count	expect	max.err	error counts
3	73434	88402.1	0	73434
4	28993	22100.5	0	28993
5	5850	5525.1	0	5850
6	1368	1381.3	0	1368
7	266	345.3	0	266
8	67	86.3	0	67
9	337	21.6	0	27 310
10	478	5.4	1	14 464
11	128	1.3	1	0 128
12	23	0.3	1	0 23
13	10	0.1	1	0 10
14	2	0.0	1	0 2
15	1	0.0	1	0 1


=== Second read: Adapter PrefixPE/2 ===

Sequence: GTGACTGGAGTTCAGACGTGTGCTCTTCCGATCT; Type: regular 3'; Length: 34; Trimmed: 92168 times

No. of allowed errors:
0-9 bp: 0; 10-19 bp: 1; 20-29 bp: 2; 30-34 bp: 3

Bases preceding removed adapters:
  A: 24.4%
  C: 17.6%
  G: 24.8%
  T: 33.2%
  none/other: 0.0%

Overview of removed sequences
length	count	expect	max.err	error counts
3	71817	88402.1	0	71817
4	16807	22100.5	0	16807
5	2619	5525.1	0	2619
6	542	1381.3	0	542
7	129	345.3	0	129
8	19	86.3	0	19
9	109	21.6	0	5 104
10	89	5.4	1	0 89
11	28	1.3	1	0 28
12	9	0.3	1	0 9
