This is cutadapt 2.9 with Python 3.6.6
Command line parameters: --interleaved -a file:/nas02/apps/trimmomatic-0.36/Trimmomatic-0.36/adapters/TruSeq3-PE.fa -A file:/nas02/apps/trimmomatic-0.36/Trimmomatic-0.36/adapters/TruSeq3-PE.fa -m 30 /nas/longleaf/home/zpopkinh/Pvivax_resources/wgs_pe_improved_global/fastq/ERR5740824/ERR5740824_1.fastq.gz /nas/longleaf/home/zpopkinh/Pvivax_resources/wgs_pe_improved_global/fastq/ERR5740824/ERR5740824_2.fastq.gz
Processing reads on 1 core in paired-end mode ...
Finished in 497.10 s (149 us/read; 0.40 M reads/minute).

=== Summary ===

Total read pairs processed:          3,330,039
  Read 1 with adapter:                 121,767 (3.7%)
  Read 2 with adapter:                 118,982 (3.6%)
Pairs written (passing filters):     3,330,037 (100.0%)

Total basepairs processed: 1,005,671,778 bp
  Read 1:   502,835,889 bp
  Read 2:   502,835,889 bp
Total written (filtered):  1,004,855,000 bp (99.9%)
  Read 1:   502,422,417 bp
  Read 2:   502,432,583 bp

=== First read: Adapter PrefixPE/1 ===

Sequence: TACACTCTTTCCCTACACGACGCTCTTCCGATCT; Type: regular 3'; Length: 34; Trimmed: 54214 times

No. of allowed errors:
0-9 bp: 0; 10-19 bp: 1; 20-29 bp: 2; 30-34 bp: 3

Bases preceding removed adapters:
  A: 27.3%
  C: 24.4%
  G: 19.8%
  T: 28.5%
  none/other: 0.0%

Overview of removed sequences
length	count	expect	max.err	error counts
3	35894	52031.9	0	35894
4	14202	13008.0	0	14202
5	2734	3252.0	0	2734
6	694	813.0	0	694
7	134	203.2	0	134
8	41	50.8	0	41
9	164	12.7	0	17 147
10	234	3.2	1	5 229
11	93	0.8	1	2 91
12	15	0.2	1	0 15
13	5	0.0	1	0 5
14	3	0.0	1	0 3
101	1	0.0	3	0 0 1


=== First read: Adapter PrefixPE/2 ===

Sequence: GTGACTGGAGTTCAGACGTGTGCTCTTCCGATCT; Type: regular 3'; Length: 34; Trimmed: 67553 times

No. of allowed errors:
0-9 bp: 0; 10-19 bp: 1; 20-29 bp: 2; 30-34 bp: 3

Bases preceding removed adapters:
  A: 27.5%
  C: 11.9%
  G: 27.0%
  T: 33.6%
  none/other: 0.0%

Overview of removed sequences
length	count	expect	max.err	error counts
3	51493	52031.9	0	51493
4	12860	13008.0	0	12860
5	2076	3252.0	0	2076
6	634	813.0	0	634
7	184	203.2	0	184
8	33	50.8	0	33
9	109	12.7	0	12 97
10	115	3.2	1	0 115
11	33	0.8	1	0 33
12	7	0.2	1	0 7
13	6	0.0	1	0 6
14	3	0.0	1	0 3


=== Second read: Adapter PrefixPE/1 ===

Sequence: TACACTCTTTCCCTACACGACGCTCTTCCGATCT; Type: regular 3'; Length: 34; Trimmed: 52906 times

No. of allowed errors:
0-9 bp: 0; 10-19 bp: 1; 20-29 bp: 2; 30-34 bp: 3

Bases preceding removed adapters:
  A: 28.2%
  C: 24.2%
  G: 20.1%
  T: 27.5%
  none/other: 0.0%

Overview of removed sequences
length	count	expect	max.err	error counts
3	35203	52031.9	0	35203
4	13707	13008.0	0	13707
5	2646	3252.0	0	2646
6	635	813.0	0	635
7	175	203.2	0	175
8	50	50.8	0	50
9	169	12.7	0	14 155
10	218	3.2	1	6 212
11	73	0.8	1	0 73
12	19	0.2	1	0 19
13	6	0.0	1	0 6
14	3	0.0	1	0 3
15	1	0.0	1	0 1
151	1	0.0	3	0 0 1


=== Second read: Adapter PrefixPE/2 ===

Sequence: GTGACTGGAGTTCAGACGTGTGCTCTTCCGATCT; Type: regular 3'; Length: 34; Trimmed: 66076 times

No. of allowed errors:
0-9 bp: 0; 10-19 bp: 1; 20-29 bp: 2; 30-34 bp: 3

Bases preceding removed adapters:
  A: 26.9%
  C: 13.1%
  G: 27.3%
  T: 32.7%
  none/other: 0.0%

Overview of removed sequences
length	count	expect	max.err	error counts
3	50694	52031.9	0	50694
4	12260	13008.0	0	12260
5	2085	3252.0	0	2085
6	568	813.0	0	568
7	155	203.2	0	155
8	44	50.8	0	44
9	124	12.7	0	8 116
10	95	3.2	1	1 94
11	33	0.8	1	0 33
12	11	0.2	1	0 11
13	3	0.0	1	0 3
14	2	0.0	1	0 2
15	1	0.0	1	0 1
143	1	0.0	3	0 0 0 1
