This is cutadapt 2.9 with Python 3.6.6
Command line parameters: --interleaved -a file:/nas02/apps/trimmomatic-0.36/Trimmomatic-0.36/adapters/TruSeq3-PE.fa -A file:/nas02/apps/trimmomatic-0.36/Trimmomatic-0.36/adapters/TruSeq3-PE.fa -m 30 /nas/longleaf/home/zpopkinh/Pvivax_resources/wgs_pe_improved_global/fastq/SRS2909996/SRR6668561_1.fastq.gz /nas/longleaf/home/zpopkinh/Pvivax_resources/wgs_pe_improved_global/fastq/SRS2909996/SRR6668561_2.fastq.gz
Processing reads on 1 core in paired-end mode ...
Finished in 111.08 s (71 us/read; 0.84 M reads/minute).

=== Summary ===

Total read pairs processed:          1,554,685
  Read 1 with adapter:                  70,986 (4.6%)
  Read 2 with adapter:                  75,831 (4.9%)
Pairs written (passing filters):     1,554,685 (100.0%)

Total basepairs processed:   310,937,000 bp
  Read 1:   155,468,500 bp
  Read 2:   155,468,500 bp
Total written (filtered):    310,426,437 bp (99.8%)
  Read 1:   155,220,492 bp
  Read 2:   155,205,945 bp

=== First read: Adapter PrefixPE/1 ===

Sequence: TACACTCTTTCCCTACACGACGCTCTTCCGATCT; Type: regular 3'; Length: 34; Trimmed: 43133 times

No. of allowed errors:
0-9 bp: 0; 10-19 bp: 1; 20-29 bp: 2; 30-34 bp: 3

Bases preceding removed adapters:
  A: 52.3%
  C: 13.1%
  G: 20.8%
  T: 13.7%
  none/other: 0.0%

Overview of removed sequences
length	count	expect	max.err	error counts
3	24804	24292.0	0	24804
4	10885	6073.0	0	10885
5	6874	1518.2	0	6874
6	282	379.6	0	282
7	75	94.9	0	75
8	17	23.7	0	17
9	74	5.9	0	2 72
10	78	1.5	1	1 77
11	36	0.4	1	0 36
12	6	0.1	1	0 6
13	1	0.0	1	0 1
14	1	0.0	1	0 1


=== First read: Adapter PrefixPE/2 ===

Sequence: GTGACTGGAGTTCAGACGTGTGCTCTTCCGATCT; Type: regular 3'; Length: 34; Trimmed: 27853 times

No. of allowed errors:
0-9 bp: 0; 10-19 bp: 1; 20-29 bp: 2; 30-34 bp: 3

Bases preceding removed adapters:
  A: 24.1%
  C: 18.9%
  G: 28.2%
  T: 28.8%
  none/other: 0.0%

Overview of removed sequences
length	count	expect	max.err	error counts
3	21739	24292.0	0	21739
4	5068	6073.0	0	5068
5	715	1518.2	0	715
6	174	379.6	0	174
7	74	94.9	0	74
8	18	23.7	0	18
9	35	5.9	0	1 34
10	23	1.5	1	1 22
11	7	0.4	1	0 7


=== Second read: Adapter PrefixPE/1 ===

Sequence: TACACTCTTTCCCTACACGACGCTCTTCCGATCT; Type: regular 3'; Length: 34; Trimmed: 43110 times

No. of allowed errors:
0-9 bp: 0; 10-19 bp: 1; 20-29 bp: 2; 30-34 bp: 3

Bases preceding removed adapters:
  A: 52.0%
  C: 13.1%
  G: 13.9%
  T: 21.0%
  none/other: 0.0%

Overview of removed sequences
length	count	expect	max.err	error counts
3	24768	24292.0	0	24768
4	10979	6073.0	0	10979
5	6829	1518.2	0	6829
6	284	379.6	0	284
7	71	94.9	0	71
8	15	23.7	0	15
9	57	5.9	0	1 56
10	72	1.5	1	4 68
11	26	0.4	1	0 26
12	7	0.1	1	0 7
13	2	0.0	1	0 2


=== Second read: Adapter PrefixPE/2 ===

Sequence: GTGACTGGAGTTCAGACGTGTGCTCTTCCGATCT; Type: regular 3'; Length: 34; Trimmed: 32721 times

No. of allowed errors:
0-9 bp: 0; 10-19 bp: 1; 20-29 bp: 2; 30-34 bp: 3

Bases preceding removed adapters:
  A: 20.6%
  C: 24.9%
  G: 29.8%
  T: 24.7%
  none/other: 0.0%

Overview of removed sequences
length	count	expect	max.err	error counts
3	26514	24292.0	0	26514
4	5052	6073.0	0	5052
5	803	1518.2	0	803
6	184	379.6	0	184
7	83	94.9	0	83
8	17	23.7	0	17
9	34	5.9	0	0 34
10	26	1.5	1	1 25
11	8	0.4	1	0 8
