This is cutadapt 2.9 with Python 3.6.6
Command line parameters: --interleaved -a file:/nas02/apps/trimmomatic-0.36/Trimmomatic-0.36/adapters/TruSeq3-PE.fa -A file:/nas02/apps/trimmomatic-0.36/Trimmomatic-0.36/adapters/TruSeq3-PE.fa -m 30 /nas/longleaf/home/zpopkinh/Pvivax_resources/wgs_pe_improved_global/fastq/SRS696223/SRR1568196_1.fastq.gz /nas/longleaf/home/zpopkinh/Pvivax_resources/wgs_pe_improved_global/fastq/SRS696223/SRR1568196_2.fastq.gz
Processing reads on 1 core in paired-end mode ...
Finished in 1344.64 s (63 us/read; 0.96 M reads/minute).

=== Summary ===

Total read pairs processed:         21,430,903
  Read 1 with adapter:                 785,709 (3.7%)
  Read 2 with adapter:                 808,265 (3.8%)
Pairs written (passing filters):    21,430,901 (100.0%)

Total basepairs processed: 4,329,042,406 bp
  Read 1: 2,164,521,203 bp
  Read 2: 2,164,521,203 bp
Total written (filtered):  4,323,689,710 bp (99.9%)
  Read 1: 2,161,878,116 bp
  Read 2: 2,161,811,594 bp

=== First read: Adapter PrefixPE/1 ===

Sequence: TACACTCTTTCCCTACACGACGCTCTTCCGATCT; Type: regular 3'; Length: 34; Trimmed: 372459 times

No. of allowed errors:
0-9 bp: 0; 10-19 bp: 1; 20-29 bp: 2; 30-34 bp: 3

Bases preceding removed adapters:
  A: 24.5%
  C: 23.5%
  G: 26.0%
  T: 26.0%
  none/other: 0.0%

Overview of removed sequences
length	count	expect	max.err	error counts
3	254903	334857.9	0	254903
4	87137	83714.5	0	87137
5	22191	20928.6	0	22191
6	4232	5232.2	0	4232
7	1004	1308.0	0	1004
8	221	327.0	0	221
9	1000	81.8	0	93 907
10	1162	20.4	1	33 1129
11	496	5.1	1	11 485
12	88	1.3	1	1 87
13	18	0.3	1	0 18
14	2	0.1	1	0 2
15	2	0.0	1	0 2
18	1	0.0	1	0 1
64	1	0.0	3	0 0 0 1
101	1	0.0	3	0 0 1


=== First read: Adapter PrefixPE/2 ===

Sequence: GTGACTGGAGTTCAGACGTGTGCTCTTCCGATCT; Type: regular 3'; Length: 34; Trimmed: 413250 times

No. of allowed errors:
0-9 bp: 0; 10-19 bp: 1; 20-29 bp: 2; 30-34 bp: 3

Bases preceding removed adapters:
  A: 23.3%
  C: 19.1%
  G: 27.2%
  T: 30.5%
  none/other: 0.0%

Overview of removed sequences
length	count	expect	max.err	error counts
3	322947	334857.9	0	322947
4	73189	83714.5	0	73189
5	12470	20928.6	0	12470
6	2744	5232.2	0	2744
7	656	1308.0	0	656
8	92	327.0	0	92
9	510	81.8	0	28 482
10	456	20.4	1	10 446
11	150	5.1	1	2 148
12	29	1.3	1	0 29
13	6	0.3	1	0 6
14	1	0.1	1	0 1


=== Second read: Adapter PrefixPE/1 ===

Sequence: TACACTCTTTCCCTACACGACGCTCTTCCGATCT; Type: regular 3'; Length: 34; Trimmed: 370110 times

No. of allowed errors:
0-9 bp: 0; 10-19 bp: 1; 20-29 bp: 2; 30-34 bp: 3

Bases preceding removed adapters:
  A: 24.9%
  C: 23.2%
  G: 26.0%
  T: 25.8%
  none/other: 0.0%

Overview of removed sequences
length	count	expect	max.err	error counts
3	253257	334857.9	0	253257
4	86608	83714.5	0	86608
5	22275	20928.6	0	22275
6	4284	5232.2	0	4284
7	970	1308.0	0	970
8	265	327.0	0	265
9	896	81.8	0	71 825
10	1022	20.4	1	27 995
11	417	5.1	1	1 416
12	82	1.3	1	0 82
13	23	0.3	1	1 22
14	11	0.1	1	0 11


=== Second read: Adapter PrefixPE/2 ===

Sequence: GTGACTGGAGTTCAGACGTGTGCTCTTCCGATCT; Type: regular 3'; Length: 34; Trimmed: 438155 times

No. of allowed errors:
0-9 bp: 0; 10-19 bp: 1; 20-29 bp: 2; 30-34 bp: 3

Bases preceding removed adapters:
  A: 22.6%
  C: 23.5%
  G: 25.8%
  T: 28.1%
  none/other: 0.0%

Overview of removed sequences
length	count	expect	max.err	error counts
3	346729	334857.9	0	346729
4	74268	83714.5	0	74268
5	12595	20928.6	0	12595
6	2723	5232.2	0	2723
7	610	1308.0	0	610
8	84	327.0	0	84
9	487	81.8	0	19 468
10	436	20.4	1	7 429
11	170	5.1	1	0 170
12	31	1.3	1	2 29
13	15	0.3	1	0 15
15	1	0.0	1	0 1
26	1	0.0	2	1
31	1	0.0	3	0 0 0 1
43	1	0.0	3	0 0 0 1
48	1	0.0	3	0 0 0 1
50	1	0.0	3	0 0 0 1
89	1	0.0	3	0 0 1
