This is cutadapt 2.9 with Python 3.6.6
Command line parameters: --interleaved -a file:/nas02/apps/trimmomatic-0.36/Trimmomatic-0.36/adapters/TruSeq3-PE.fa -A file:/nas02/apps/trimmomatic-0.36/Trimmomatic-0.36/adapters/TruSeq3-PE.fa -m 30 /nas/longleaf/home/zpopkinh/Pvivax_resources/wgs_pe_improved_global/fastq/SRS696223/SRR1568354_1.fastq.gz /nas/longleaf/home/zpopkinh/Pvivax_resources/wgs_pe_improved_global/fastq/SRS696223/SRR1568354_2.fastq.gz
Processing reads on 1 core in paired-end mode ...
Finished in 0.98 s (49 us/read; 1.22 M reads/minute).

=== Summary ===

Total read pairs processed:             20,002
  Read 1 with adapter:                     571 (2.9%)
  Read 2 with adapter:                     705 (3.5%)
Pairs written (passing filters):        20,002 (100.0%)

Total basepairs processed:     4,040,404 bp
  Read 1:     2,020,202 bp
  Read 2:     2,020,202 bp
Total written (filtered):      4,036,089 bp (99.9%)
  Read 1:     2,018,260 bp
  Read 2:     2,017,829 bp

=== First read: Adapter PrefixPE/1 ===

Sequence: TACACTCTTTCCCTACACGACGCTCTTCCGATCT; Type: regular 3'; Length: 34; Trimmed: 307 times

No. of allowed errors:
0-9 bp: 0; 10-19 bp: 1; 20-29 bp: 2; 30-34 bp: 3

Bases preceding removed adapters:
  A: 30.0%
  C: 28.0%
  G: 15.3%
  T: 26.7%
  none/other: 0.0%

Overview of removed sequences
length	count	expect	max.err	error counts
3	195	312.5	0	195
4	92	78.1	0	92
5	16	19.5	0	16
6	3	4.9	0	3
10	1	0.0	1	0 1


=== First read: Adapter PrefixPE/2 ===

Sequence: GTGACTGGAGTTCAGACGTGTGCTCTTCCGATCT; Type: regular 3'; Length: 34; Trimmed: 264 times

No. of allowed errors:
0-9 bp: 0; 10-19 bp: 1; 20-29 bp: 2; 30-34 bp: 3

Bases preceding removed adapters:
  A: 25.0%
  C: 12.1%
  G: 25.0%
  T: 37.9%
  none/other: 0.0%

Overview of removed sequences
length	count	expect	max.err	error counts
3	200	312.5	0	200
4	52	78.1	0	52
5	3	19.5	0	3
6	8	4.9	0	8
10	1	0.0	1	0 1


=== Second read: Adapter PrefixPE/1 ===

Sequence: TACACTCTTTCCCTACACGACGCTCTTCCGATCT; Type: regular 3'; Length: 34; Trimmed: 344 times

No. of allowed errors:
0-9 bp: 0; 10-19 bp: 1; 20-29 bp: 2; 30-34 bp: 3

Bases preceding removed adapters:
  A: 35.8%
  C: 25.6%
  G: 16.9%
  T: 21.8%
  none/other: 0.0%

Overview of removed sequences
length	count	expect	max.err	error counts
3	223	312.5	0	223
4	101	78.1	0	101
5	12	19.5	0	12
6	6	4.9	0	6
7	1	1.2	0	1
10	1	0.0	1	0 1


=== Second read: Adapter PrefixPE/2 ===

Sequence: GTGACTGGAGTTCAGACGTGTGCTCTTCCGATCT; Type: regular 3'; Length: 34; Trimmed: 361 times

No. of allowed errors:
0-9 bp: 0; 10-19 bp: 1; 20-29 bp: 2; 30-34 bp: 3

Bases preceding removed adapters:
  A: 25.5%
  C: 30.2%
  G: 21.1%
  T: 23.3%
  none/other: 0.0%

Overview of removed sequences
length	count	expect	max.err	error counts
3	282	312.5	0	282
4	64	78.1	0	64
5	11	19.5	0	11
6	2	4.9	0	2
8	1	0.3	0	1
10	1	0.0	1	1
