This is cutadapt 2.9 with Python 3.6.6
Command line parameters: --interleaved -a file:/nas02/apps/trimmomatic-0.36/Trimmomatic-0.36/adapters/TruSeq3-PE.fa -A file:/nas02/apps/trimmomatic-0.36/Trimmomatic-0.36/adapters/TruSeq3-PE.fa -m 30 /nas/longleaf/home/zpopkinh/Pvivax_resources/wgs_pe_improved_global/fastq/ERS666262/ERR925430_1.fastq.gz /nas/longleaf/home/zpopkinh/Pvivax_resources/wgs_pe_improved_global/fastq/ERS666262/ERR925430_2.fastq.gz
Processing reads on 1 core in paired-end mode ...
Finished in 394.47 s (131 us/read; 0.46 M reads/minute).

=== Summary ===

Total read pairs processed:          3,004,305
  Read 1 with adapter:                 105,091 (3.5%)
  Read 2 with adapter:                 104,658 (3.5%)
Pairs written (passing filters):     3,004,304 (100.0%)

Total basepairs processed:   600,861,000 bp
  Read 1:   300,430,500 bp
  Read 2:   300,430,500 bp
Total written (filtered):    600,146,894 bp (99.9%)
  Read 1:   300,072,533 bp
  Read 2:   300,074,361 bp

=== First read: Adapter PrefixPE/1 ===

Sequence: TACACTCTTTCCCTACACGACGCTCTTCCGATCT; Type: regular 3'; Length: 34; Trimmed: 53057 times

No. of allowed errors:
0-9 bp: 0; 10-19 bp: 1; 20-29 bp: 2; 30-34 bp: 3

Bases preceding removed adapters:
  A: 26.8%
  C: 18.2%
  G: 30.0%
  T: 24.9%
  none/other: 0.0%

Overview of removed sequences
length	count	expect	max.err	error counts
3	34721	46942.3	0	34721
4	14095	11735.6	0	14095
5	2624	2933.9	0	2624
6	667	733.5	0	667
7	240	183.4	0	240
8	22	45.8	0	22
9	97	11.5	0	11 86
10	509	2.9	1	8 501
11	62	0.7	1	0 62
12	12	0.2	1	0 12
13	7	0.0	1	0 7
100	1	0.0	3	0 0 0 1


=== First read: Adapter PrefixPE/2 ===

Sequence: GTGACTGGAGTTCAGACGTGTGCTCTTCCGATCT; Type: regular 3'; Length: 34; Trimmed: 52034 times

No. of allowed errors:
0-9 bp: 0; 10-19 bp: 1; 20-29 bp: 2; 30-34 bp: 3

Bases preceding removed adapters:
  A: 25.6%
  C: 17.2%
  G: 26.0%
  T: 31.2%
  none/other: 0.0%

Overview of removed sequences
length	count	expect	max.err	error counts
3	40559	46942.3	0	40559
4	9374	11735.6	0	9374
5	1391	2933.9	0	1391
6	360	733.5	0	360
7	66	183.4	0	66
8	10	45.8	0	10
9	137	11.5	0	4 133
10	112	2.9	1	1 111
11	19	0.7	1	0 19
12	5	0.2	1	0 5
14	1	0.0	1	0 1


=== Second read: Adapter PrefixPE/1 ===

Sequence: TACACTCTTTCCCTACACGACGCTCTTCCGATCT; Type: regular 3'; Length: 34; Trimmed: 52602 times

No. of allowed errors:
0-9 bp: 0; 10-19 bp: 1; 20-29 bp: 2; 30-34 bp: 3

Bases preceding removed adapters:
  A: 26.7%
  C: 18.4%
  G: 29.9%
  T: 25.0%
  none/other: 0.0%

Overview of removed sequences
length	count	expect	max.err	error counts
3	34454	46942.3	0	34454
4	13930	11735.6	0	13930
5	2622	2933.9	0	2622
6	651	733.5	0	651
7	231	183.4	0	231
8	31	45.8	0	31
9	108	11.5	0	19 89
10	486	2.9	1	5 481
11	73	0.7	1	1 72
12	11	0.2	1	0 11
13	4	0.0	1	0 4
14	1	0.0	1	0 1


=== Second read: Adapter PrefixPE/2 ===

Sequence: GTGACTGGAGTTCAGACGTGTGCTCTTCCGATCT; Type: regular 3'; Length: 34; Trimmed: 52056 times

No. of allowed errors:
0-9 bp: 0; 10-19 bp: 1; 20-29 bp: 2; 30-34 bp: 3

Bases preceding removed adapters:
  A: 25.6%
  C: 17.2%
  G: 26.2%
  T: 31.0%
  none/other: 0.0%

Overview of removed sequences
length	count	expect	max.err	error counts
3	40847	46942.3	0	40847
4	9040	11735.6	0	9040
5	1484	2933.9	0	1484
6	365	733.5	0	365
7	57	183.4	0	57
8	14	45.8	0	14
9	123	11.5	0	2 121
10	87	2.9	1	0 87
11	28	0.7	1	0 28
12	8	0.2	1	0 8
13	2	0.0	1	0 2
14	1	0.0	1	0 1
