This is cutadapt 2.9 with Python 3.6.6
Command line parameters: --interleaved -a file:/nas02/apps/trimmomatic-0.36/Trimmomatic-0.36/adapters/TruSeq3-PE.fa -A file:/nas02/apps/trimmomatic-0.36/Trimmomatic-0.36/adapters/TruSeq3-PE.fa -m 30 /nas/longleaf/home/zpopkinh/Pvivax_resources/wgs_pe_improved_global/fastq/ERS404132/ERR527450_1.fastq.gz /nas/longleaf/home/zpopkinh/Pvivax_resources/wgs_pe_improved_global/fastq/ERS404132/ERR527450_2.fastq.gz
Processing reads on 1 core in paired-end mode ...
Finished in 2006.93 s (124 us/read; 0.49 M reads/minute).

=== Summary ===

Total read pairs processed:         16,246,310
  Read 1 with adapter:                 491,785 (3.0%)
  Read 2 with adapter:                 487,427 (3.0%)
Pairs written (passing filters):    16,246,308 (100.0%)

Total basepairs processed: 3,249,262,000 bp
  Read 1: 1,624,631,000 bp
  Read 2: 1,624,631,000 bp
Total written (filtered):  3,245,923,090 bp (99.9%)
  Read 1: 1,622,953,581 bp
  Read 2: 1,622,969,509 bp

=== First read: Adapter PrefixPE/1 ===

Sequence: TACACTCTTTCCCTACACGACGCTCTTCCGATCT; Type: regular 3'; Length: 34; Trimmed: 341858 times

No. of allowed errors:
0-9 bp: 0; 10-19 bp: 1; 20-29 bp: 2; 30-34 bp: 3

Bases preceding removed adapters:
  A: 38.6%
  C: 13.5%
  G: 14.5%
  T: 33.4%
  none/other: 0.0%

Overview of removed sequences
length	count	expect	max.err	error counts
3	221980	253848.6	0	221980
4	101752	63462.1	0	101752
5	12252	15865.5	0	12252
6	2543	3966.4	0	2543
7	379	991.6	0	379
8	194	247.9	0	194
9	1237	62.0	0	66 1171
10	1150	15.5	1	23 1127
11	291	3.9	1	6 285
12	54	1.0	1	0 54
13	18	0.2	1	0 18
14	6	0.1	1	0 6
100	2	0.0	3	0 0 0 2


=== First read: Adapter PrefixPE/2 ===

Sequence: GTGACTGGAGTTCAGACGTGTGCTCTTCCGATCT; Type: regular 3'; Length: 34; Trimmed: 149927 times

No. of allowed errors:
0-9 bp: 0; 10-19 bp: 1; 20-29 bp: 2; 30-34 bp: 3

Bases preceding removed adapters:
  A: 27.3%
  C: 10.9%
  G: 21.3%
  T: 40.4%
  none/other: 0.0%

Overview of removed sequences
length	count	expect	max.err	error counts
3	110251	253848.6	0	110251
4	34742	63462.1	0	34742
5	3779	15865.5	0	3779
6	741	3966.4	0	741
7	133	991.6	0	133
8	20	247.9	0	20
9	97	62.0	0	7 90
10	101	15.5	1	2 99
11	50	3.9	1	2 48
12	9	1.0	1	0 9
13	2	0.2	1	0 2
14	2	0.1	1	0 2


=== Second read: Adapter PrefixPE/1 ===

Sequence: TACACTCTTTCCCTACACGACGCTCTTCCGATCT; Type: regular 3'; Length: 34; Trimmed: 337637 times

No. of allowed errors:
0-9 bp: 0; 10-19 bp: 1; 20-29 bp: 2; 30-34 bp: 3

Bases preceding removed adapters:
  A: 38.5%
  C: 13.6%
  G: 14.5%
  T: 33.4%
  none/other: 0.0%

Overview of removed sequences
length	count	expect	max.err	error counts
3	219718	253848.6	0	219718
4	100281	63462.1	0	100281
5	11851	15865.5	0	11851
6	2534	3966.4	0	2534
7	424	991.6	0	424
8	185	247.9	0	185
9	1183	62.0	0	59 1124
10	1084	15.5	1	24 1060
11	300	3.9	1	4 296
12	66	1.0	1	0 66
13	8	0.2	1	0 8
14	3	0.1	1	0 3


=== Second read: Adapter PrefixPE/2 ===

Sequence: GTGACTGGAGTTCAGACGTGTGCTCTTCCGATCT; Type: regular 3'; Length: 34; Trimmed: 149790 times

No. of allowed errors:
0-9 bp: 0; 10-19 bp: 1; 20-29 bp: 2; 30-34 bp: 3

Bases preceding removed adapters:
  A: 27.2%
  C: 11.1%
  G: 21.5%
  T: 40.3%
  none/other: 0.0%

Overview of removed sequences
length	count	expect	max.err	error counts
3	110108	253848.6	0	110108
4	34858	63462.1	0	34858
5	3635	15865.5	0	3635
6	732	3966.4	0	732
7	144	991.6	0	144
8	22	247.9	0	22
9	119	62.0	0	4 115
10	104	15.5	1	4 100
11	56	3.9	1	2 54
12	9	1.0	1	0 9
13	3	0.2	1	0 3
