This is cutadapt 2.9 with Python 3.6.6
Command line parameters: --interleaved -a file:/nas02/apps/trimmomatic-0.36/Trimmomatic-0.36/adapters/TruSeq3-PE.fa -A file:/nas02/apps/trimmomatic-0.36/Trimmomatic-0.36/adapters/TruSeq3-PE.fa -m 30 /nas/longleaf/home/zpopkinh/Pvivax_resources/wgs_pe_improved_global/fastq/SRS693442/SRR1565140_1.fastq.gz /nas/longleaf/home/zpopkinh/Pvivax_resources/wgs_pe_improved_global/fastq/SRS693442/SRR1565140_2.fastq.gz
Processing reads on 1 core in paired-end mode ...
Finished in 2.07 s (91 us/read; 0.66 M reads/minute).

=== Summary ===

Total read pairs processed:             22,753
  Read 1 with adapter:                     727 (3.2%)
  Read 2 with adapter:                     897 (3.9%)
Pairs written (passing filters):        22,751 (100.0%)

Total basepairs processed:     4,596,106 bp
  Read 1:     2,298,053 bp
  Read 2:     2,298,053 bp
Total written (filtered):      4,590,273 bp (99.9%)
  Read 1:     2,295,408 bp
  Read 2:     2,294,865 bp

=== First read: Adapter PrefixPE/1 ===

Sequence: TACACTCTTTCCCTACACGACGCTCTTCCGATCT; Type: regular 3'; Length: 34; Trimmed: 364 times

No. of allowed errors:
0-9 bp: 0; 10-19 bp: 1; 20-29 bp: 2; 30-34 bp: 3

Bases preceding removed adapters:
  A: 29.4%
  C: 24.7%
  G: 19.5%
  T: 26.4%
  none/other: 0.0%

Overview of removed sequences
length	count	expect	max.err	error counts
3	256	355.5	0	256
4	71	88.9	0	71
5	28	22.2	0	28
6	4	5.6	0	4
7	1	1.4	0	1
8	1	0.3	0	1
9	1	0.1	0	0 1
10	1	0.0	1	0 1
11	1	0.0	1	0 1


=== First read: Adapter PrefixPE/2 ===

Sequence: GTGACTGGAGTTCAGACGTGTGCTCTTCCGATCT; Type: regular 3'; Length: 34; Trimmed: 363 times

No. of allowed errors:
0-9 bp: 0; 10-19 bp: 1; 20-29 bp: 2; 30-34 bp: 3

Bases preceding removed adapters:
  A: 24.0%
  C: 24.2%
  G: 23.1%
  T: 28.7%
  none/other: 0.0%

Overview of removed sequences
length	count	expect	max.err	error counts
3	289	355.5	0	289
4	58	88.9	0	58
5	15	22.2	0	15
8	1	0.3	0	1


=== Second read: Adapter PrefixPE/1 ===

Sequence: TACACTCTTTCCCTACACGACGCTCTTCCGATCT; Type: regular 3'; Length: 34; Trimmed: 379 times

No. of allowed errors:
0-9 bp: 0; 10-19 bp: 1; 20-29 bp: 2; 30-34 bp: 3

Bases preceding removed adapters:
  A: 26.4%
  C: 22.4%
  G: 25.9%
  T: 25.3%
  none/other: 0.0%

Overview of removed sequences
length	count	expect	max.err	error counts
3	249	355.5	0	249
4	98	88.9	0	98
5	25	22.2	0	25
6	1	5.6	0	1
7	2	1.4	0	2
9	3	0.1	0	0 3
10	1	0.0	1	0 1


=== Second read: Adapter PrefixPE/2 ===

Sequence: GTGACTGGAGTTCAGACGTGTGCTCTTCCGATCT; Type: regular 3'; Length: 34; Trimmed: 518 times

No. of allowed errors:
0-9 bp: 0; 10-19 bp: 1; 20-29 bp: 2; 30-34 bp: 3

Bases preceding removed adapters:
  A: 24.1%
  C: 30.3%
  G: 20.7%
  T: 24.9%
  none/other: 0.0%

Overview of removed sequences
length	count	expect	max.err	error counts
3	433	355.5	0	433
4	72	88.9	0	72
5	5	22.2	0	5
6	1	5.6	0	1
7	1	1.4	0	1
8	1	0.3	0	1
10	1	0.0	1	0 1
11	2	0.0	1	0 2
93	2	0.0	3	0 0 0 2
