This is cutadapt 2.9 with Python 3.6.6
Command line parameters: --interleaved -a file:/nas02/apps/trimmomatic-0.36/Trimmomatic-0.36/adapters/TruSeq3-PE.fa -A file:/nas02/apps/trimmomatic-0.36/Trimmomatic-0.36/adapters/TruSeq3-PE.fa -m 30 /nas/longleaf/home/zpopkinh/Pvivax_resources/wgs_pe_improved_global/fastq/ERR5748169/ERR5748169_1.fastq.gz /nas/longleaf/home/zpopkinh/Pvivax_resources/wgs_pe_improved_global/fastq/ERR5748169/ERR5748169_2.fastq.gz
Processing reads on 1 core in paired-end mode ...
Finished in 2181.43 s (104 us/read; 0.58 M reads/minute).

=== Summary ===

Total read pairs processed:         20,925,362
  Read 1 with adapter:                 772,528 (3.7%)
  Read 2 with adapter:                 776,107 (3.7%)
Pairs written (passing filters):    20,925,359 (100.0%)

Total basepairs processed: 6,277,608,600 bp
  Read 1: 3,138,804,300 bp
  Read 2: 3,138,804,300 bp
Total written (filtered):  6,272,323,371 bp (99.9%)
  Read 1: 3,136,165,228 bp
  Read 2: 3,136,158,143 bp

=== First read: Adapter PrefixPE/1 ===

Sequence: TACACTCTTTCCCTACACGACGCTCTTCCGATCT; Type: regular 3'; Length: 34; Trimmed: 362195 times

No. of allowed errors:
0-9 bp: 0; 10-19 bp: 1; 20-29 bp: 2; 30-34 bp: 3

Bases preceding removed adapters:
  A: 30.5%
  C: 21.8%
  G: 16.9%
  T: 30.7%
  none/other: 0.0%

Overview of removed sequences
length	count	expect	max.err	error counts
3	237070	326958.8	0	237070
4	99839	81739.7	0	99839
5	15949	20434.9	0	15949
6	4618	5108.7	0	4618
7	892	1277.2	0	892
8	265	319.3	0	265
9	969	79.8	0	85 884
10	1860	20.0	1	53 1807
11	553	5.0	1	6 547
12	115	1.2	1	1 114
13	53	0.3	1	0 53
14	5	0.1	1	0 5
15	6	0.0	1	0 6
23	1	0.0	2	0 0 1


=== First read: Adapter PrefixPE/2 ===

Sequence: GTGACTGGAGTTCAGACGTGTGCTCTTCCGATCT; Type: regular 3'; Length: 34; Trimmed: 410333 times

No. of allowed errors:
0-9 bp: 0; 10-19 bp: 1; 20-29 bp: 2; 30-34 bp: 3

Bases preceding removed adapters:
  A: 31.0%
  C: 6.7%
  G: 24.8%
  T: 37.5%
  none/other: 0.0%

Overview of removed sequences
length	count	expect	max.err	error counts
3	305077	326958.8	0	305077
4	83039	81739.7	0	83039
5	14101	20434.9	0	14101
6	4560	5108.7	0	4560
7	1140	1277.2	0	1140
8	330	319.3	0	330
9	754	79.8	0	70 684
10	875	20.0	1	24 851
11	349	5.0	1	7 342
12	71	1.2	1	3 68
13	20	0.3	1	0 20
14	9	0.1	1	0 9
15	4	0.0	1	0 4
19	2	0.0	1	0 0 2
142	1	0.0	3	1
150	1	0.0	3	0 0 1


=== Second read: Adapter PrefixPE/1 ===

Sequence: TACACTCTTTCCCTACACGACGCTCTTCCGATCT; Type: regular 3'; Length: 34; Trimmed: 362078 times

No. of allowed errors:
0-9 bp: 0; 10-19 bp: 1; 20-29 bp: 2; 30-34 bp: 3

Bases preceding removed adapters:
  A: 30.5%
  C: 22.3%
  G: 17.2%
  T: 30.0%
  none/other: 0.0%

Overview of removed sequences
length	count	expect	max.err	error counts
3	239021	326958.8	0	239021
4	97146	81739.7	0	97146
5	16439	20434.9	0	16439
6	4655	5108.7	0	4655
7	1022	1277.2	0	1022
8	311	319.3	0	311
9	965	79.8	0	110 855
10	1836	20.0	1	50 1786
11	510	5.0	1	7 503
12	118	1.2	1	3 115
13	35	0.3	1	0 35
14	12	0.1	1	1 11
15	5	0.0	1	0 5
17	2	0.0	1	0 2
150	1	0.0	3	0 0 0 1


=== Second read: Adapter PrefixPE/2 ===

Sequence: GTGACTGGAGTTCAGACGTGTGCTCTTCCGATCT; Type: regular 3'; Length: 34; Trimmed: 414029 times

No. of allowed errors:
0-9 bp: 0; 10-19 bp: 1; 20-29 bp: 2; 30-34 bp: 3

Bases preceding removed adapters:
  A: 30.2%
  C: 8.4%
  G: 25.2%
  T: 36.3%
  none/other: 0.0%

Overview of removed sequences
length	count	expect	max.err	error counts
3	309998	326958.8	0	309998
4	82055	81739.7	0	82055
5	14041	20434.9	0	14041
6	4512	5108.7	0	4512
7	1159	1277.2	0	1159
8	295	319.3	0	295
9	742	79.8	0	91 651
10	812	20.0	1	21 791
11	303	5.0	1	5 298
12	78	1.2	1	0 78
13	22	0.3	1	0 22
14	8	0.1	1	0 8
15	3	0.0	1	0 3
16	1	0.0	1	0 1
