This is cutadapt 2.9 with Python 3.6.6
Command line parameters: --interleaved -a file:/nas02/apps/trimmomatic-0.36/Trimmomatic-0.36/adapters/TruSeq3-PE.fa -A file:/nas02/apps/trimmomatic-0.36/Trimmomatic-0.36/adapters/TruSeq3-PE.fa -m 30 /nas/longleaf/home/zpopkinh/Pvivax_resources/wgs_pe_improved_global/fastq/SRS2910000/SRR6668556_1.fastq.gz /nas/longleaf/home/zpopkinh/Pvivax_resources/wgs_pe_improved_global/fastq/SRS2910000/SRR6668556_2.fastq.gz
Processing reads on 1 core in paired-end mode ...
Finished in 202.09 s (71 us/read; 0.84 M reads/minute).

=== Summary ===

Total read pairs processed:          2,828,295
  Read 1 with adapter:                 120,796 (4.3%)
  Read 2 with adapter:                 130,419 (4.6%)
Pairs written (passing filters):     2,828,295 (100.0%)

Total basepairs processed:   565,659,000 bp
  Read 1:   282,829,500 bp
  Read 2:   282,829,500 bp
Total written (filtered):    564,790,322 bp (99.8%)
  Read 1:   282,409,204 bp
  Read 2:   282,381,118 bp

=== First read: Adapter PrefixPE/1 ===

Sequence: TACACTCTTTCCCTACACGACGCTCTTCCGATCT; Type: regular 3'; Length: 34; Trimmed: 66452 times

No. of allowed errors:
0-9 bp: 0; 10-19 bp: 1; 20-29 bp: 2; 30-34 bp: 3

Bases preceding removed adapters:
  A: 50.3%
  C: 16.1%
  G: 17.0%
  T: 16.6%
  none/other: 0.0%

Overview of removed sequences
length	count	expect	max.err	error counts
3	37628	44192.1	0	37628
4	17570	11048.0	0	17570
5	10202	2762.0	0	10202
6	531	690.5	0	531
7	111	172.6	0	111
8	39	43.2	0	39
9	136	10.8	0	6 130
10	143	2.7	1	3 140
11	70	0.7	1	0 70
12	19	0.2	1	0 19
13	1	0.0	1	0 1
14	2	0.0	1	0 2


=== First read: Adapter PrefixPE/2 ===

Sequence: GTGACTGGAGTTCAGACGTGTGCTCTTCCGATCT; Type: regular 3'; Length: 34; Trimmed: 54344 times

No. of allowed errors:
0-9 bp: 0; 10-19 bp: 1; 20-29 bp: 2; 30-34 bp: 3

Bases preceding removed adapters:
  A: 22.6%
  C: 19.0%
  G: 29.0%
  T: 29.4%
  none/other: 0.0%

Overview of removed sequences
length	count	expect	max.err	error counts
3	42531	44192.1	0	42531
4	9680	11048.0	0	9680
5	1560	2762.0	0	1560
6	344	690.5	0	344
7	87	172.6	0	87
8	12	43.2	0	12
9	47	10.8	0	6 41
10	67	2.7	1	5 62
11	14	0.7	1	0 14
12	1	0.2	1	0 1
13	1	0.0	1	0 1


=== Second read: Adapter PrefixPE/1 ===

Sequence: TACACTCTTTCCCTACACGACGCTCTTCCGATCT; Type: regular 3'; Length: 34; Trimmed: 66714 times

No. of allowed errors:
0-9 bp: 0; 10-19 bp: 1; 20-29 bp: 2; 30-34 bp: 3

Bases preceding removed adapters:
  A: 50.5%
  C: 16.2%
  G: 16.8%
  T: 16.5%
  none/other: 0.0%

Overview of removed sequences
length	count	expect	max.err	error counts
3	37901	44192.1	0	37901
4	17668	11048.0	0	17668
5	10178	2762.0	0	10178
6	517	690.5	0	517
7	105	172.6	0	105
8	37	43.2	0	37
9	129	10.8	0	12 117
10	98	2.7	1	0 98
11	50	0.7	1	0 50
12	28	0.2	1	0 28
13	3	0.0	1	0 3


=== Second read: Adapter PrefixPE/2 ===

Sequence: GTGACTGGAGTTCAGACGTGTGCTCTTCCGATCT; Type: regular 3'; Length: 34; Trimmed: 63705 times

No. of allowed errors:
0-9 bp: 0; 10-19 bp: 1; 20-29 bp: 2; 30-34 bp: 3

Bases preceding removed adapters:
  A: 25.3%
  C: 16.2%
  G: 27.7%
  T: 30.9%
  none/other: 0.0%

Overview of removed sequences
length	count	expect	max.err	error counts
3	52086	44192.1	0	52086
4	9555	11048.0	0	9555
5	1504	2762.0	0	1504
6	346	690.5	0	346
7	82	172.6	0	82
8	19	43.2	0	19
9	44	10.8	0	3 41
10	47	2.7	1	3 44
11	14	0.7	1	1 13
12	6	0.2	1	0 6
13	2	0.0	1	0 2
