This is cutadapt 2.9 with Python 3.6.6
Command line parameters: --interleaved -a file:/nas02/apps/trimmomatic-0.36/Trimmomatic-0.36/adapters/TruSeq3-PE.fa -A file:/nas02/apps/trimmomatic-0.36/Trimmomatic-0.36/adapters/TruSeq3-PE.fa -m 30 /nas/longleaf/home/zpopkinh/Pvivax_resources/wgs_pe_improved_global/fastq/ERR5740800/ERR5740800_1.fastq.gz /nas/longleaf/home/zpopkinh/Pvivax_resources/wgs_pe_improved_global/fastq/ERR5740800/ERR5740800_2.fastq.gz
Processing reads on 1 core in paired-end mode ...
Finished in 437.45 s (116 us/read; 0.52 M reads/minute).

=== Summary ===

Total read pairs processed:          3,785,540
  Read 1 with adapter:                 138,935 (3.7%)
  Read 2 with adapter:                 136,774 (3.6%)
Pairs written (passing filters):     3,785,534 (100.0%)

Total basepairs processed: 1,143,233,080 bp
  Read 1:   571,616,540 bp
  Read 2:   571,616,540 bp
Total written (filtered):  1,142,291,642 bp (99.9%)
  Read 1:   571,142,356 bp
  Read 2:   571,149,286 bp

=== First read: Adapter PrefixPE/1 ===

Sequence: TACACTCTTTCCCTACACGACGCTCTTCCGATCT; Type: regular 3'; Length: 34; Trimmed: 68004 times

No. of allowed errors:
0-9 bp: 0; 10-19 bp: 1; 20-29 bp: 2; 30-34 bp: 3

Bases preceding removed adapters:
  A: 29.7%
  C: 21.6%
  G: 18.4%
  T: 30.4%
  none/other: 0.0%

Overview of removed sequences
length	count	expect	max.err	error counts
3	44782	59149.1	0	44782
4	18316	14787.3	0	18316
5	3133	3696.8	0	3133
6	884	924.2	0	884
7	170	231.1	0	170
8	58	57.8	0	58
9	257	14.4	0	17 240
10	279	3.6	1	4 275
11	96	0.9	1	1 95
12	22	0.2	1	1 21
13	3	0.1	1	0 3
63	1	0.0	3	0 0 0 1
75	1	0.0	3	0 1
96	1	0.0	3	0 1
102	1	0.0	3	1


=== First read: Adapter PrefixPE/2 ===

Sequence: GTGACTGGAGTTCAGACGTGTGCTCTTCCGATCT; Type: regular 3'; Length: 34; Trimmed: 70931 times

No. of allowed errors:
0-9 bp: 0; 10-19 bp: 1; 20-29 bp: 2; 30-34 bp: 3

Bases preceding removed adapters:
  A: 29.7%
  C: 10.3%
  G: 24.8%
  T: 35.2%
  none/other: 0.0%

Overview of removed sequences
length	count	expect	max.err	error counts
3	53472	59149.1	0	53472
4	13969	14787.3	0	13969
5	2309	3696.8	0	2309
6	680	924.2	0	680
7	189	231.1	0	189
8	29	57.8	0	29
9	111	14.4	0	13 98
10	114	3.6	1	4 110
11	41	0.9	1	0 41
12	10	0.2	1	1 9
13	5	0.1	1	0 5
143	2	0.0	3	2


=== Second read: Adapter PrefixPE/1 ===

Sequence: TACACTCTTTCCCTACACGACGCTCTTCCGATCT; Type: regular 3'; Length: 34; Trimmed: 66974 times

No. of allowed errors:
0-9 bp: 0; 10-19 bp: 1; 20-29 bp: 2; 30-34 bp: 3

Bases preceding removed adapters:
  A: 30.1%
  C: 21.8%
  G: 18.7%
  T: 29.4%
  none/other: 0.0%

Overview of removed sequences
length	count	expect	max.err	error counts
3	43897	59149.1	0	43897
4	18009	14787.3	0	18009
5	3323	3696.8	0	3323
6	830	924.2	0	830
7	200	231.1	0	200
8	37	57.8	0	37
9	258	14.4	0	16 242
10	290	3.6	1	7 283
11	99	0.9	1	0 99
12	19	0.2	1	0 19
13	5	0.1	1	1 4
14	1	0.0	1	0 1
15	1	0.0	1	0 1
93	1	0.0	3	0 1
100	1	0.0	3	0 0 1
151	3	0.0	3	0 1 1 1


=== Second read: Adapter PrefixPE/2 ===

Sequence: GTGACTGGAGTTCAGACGTGTGCTCTTCCGATCT; Type: regular 3'; Length: 34; Trimmed: 69800 times

No. of allowed errors:
0-9 bp: 0; 10-19 bp: 1; 20-29 bp: 2; 30-34 bp: 3

Bases preceding removed adapters:
  A: 29.0%
  C: 11.5%
  G: 25.0%
  T: 34.6%
  none/other: 0.0%

Overview of removed sequences
length	count	expect	max.err	error counts
3	52765	59149.1	0	52765
4	13547	14787.3	0	13547
5	2321	3696.8	0	2321
6	668	924.2	0	668
7	184	231.1	0	184
8	46	57.8	0	46
9	96	14.4	0	10 86
10	110	3.6	1	4 106
11	39	0.9	1	0 39
12	14	0.2	1	0 14
13	6	0.1	1	0 6
14	2	0.0	1	0 2
85	1	0.0	3	0 1
143	1	0.0	3	0 0 0 1
