This is cutadapt 2.9 with Python 3.6.6
Command line parameters: --interleaved -a file:/nas02/apps/trimmomatic-0.36/Trimmomatic-0.36/adapters/TruSeq3-PE.fa -A file:/nas02/apps/trimmomatic-0.36/Trimmomatic-0.36/adapters/TruSeq3-PE.fa -m 30 /nas/longleaf/home/zpopkinh/Pvivax_resources/wgs_pe_improved_global/fastq/SRS1885927/SRR5136537_1.fastq.gz /nas/longleaf/home/zpopkinh/Pvivax_resources/wgs_pe_improved_global/fastq/SRS1885927/SRR5136537_2.fastq.gz
Processing reads on 1 core in paired-end mode ...
Finished in 165.23 s (100 us/read; 0.60 M reads/minute).

=== Summary ===

Total read pairs processed:          1,655,743
  Read 1 with adapter:                  69,557 (4.2%)
  Read 2 with adapter:                  88,468 (5.3%)
Pairs written (passing filters):     1,655,743 (100.0%)

Total basepairs processed:   331,148,600 bp
  Read 1:   165,574,300 bp
  Read 2:   165,574,300 bp
Total written (filtered):    330,598,455 bp (99.8%)
  Read 1:   165,327,764 bp
  Read 2:   165,270,691 bp

=== First read: Adapter PrefixPE/1 ===

Sequence: TACACTCTTTCCCTACACGACGCTCTTCCGATCT; Type: regular 3'; Length: 34; Trimmed: 41950 times

No. of allowed errors:
0-9 bp: 0; 10-19 bp: 1; 20-29 bp: 2; 30-34 bp: 3

Bases preceding removed adapters:
  A: 62.6%
  C: 12.3%
  G: 12.5%
  T: 12.6%
  none/other: 0.0%

Overview of removed sequences
length	count	expect	max.err	error counts
3	21692	25871.0	0	21692
4	11446	6467.7	0	11446
5	8354	1616.9	0	8354
6	252	404.2	0	252
7	49	101.1	0	49
8	16	25.3	0	16
9	59	6.3	0	4 55
10	46	1.6	1	0 46
11	27	0.4	1	0 27
12	4	0.1	1	0 4
13	3	0.0	1	0 3
14	2	0.0	1	0 2


=== First read: Adapter PrefixPE/2 ===

Sequence: GTGACTGGAGTTCAGACGTGTGCTCTTCCGATCT; Type: regular 3'; Length: 34; Trimmed: 27607 times

No. of allowed errors:
0-9 bp: 0; 10-19 bp: 1; 20-29 bp: 2; 30-34 bp: 3

Bases preceding removed adapters:
  A: 24.7%
  C: 18.8%
  G: 28.6%
  T: 27.9%
  none/other: 0.0%

Overview of removed sequences
length	count	expect	max.err	error counts
3	21543	25871.0	0	21543
4	5048	6467.7	0	5048
5	701	1616.9	0	701
6	172	404.2	0	172
7	76	101.1	0	76
8	2	25.3	0	2
9	40	6.3	0	1 39
10	21	1.6	1	0 21
11	4	0.4	1	0 4


=== Second read: Adapter PrefixPE/1 ===

Sequence: TACACTCTTTCCCTACACGACGCTCTTCCGATCT; Type: regular 3'; Length: 34; Trimmed: 48998 times

No. of allowed errors:
0-9 bp: 0; 10-19 bp: 1; 20-29 bp: 2; 30-34 bp: 3

Bases preceding removed adapters:
  A: 67.6%
  C: 10.7%
  G: 10.9%
  T: 10.8%
  none/other: 0.0%

Overview of removed sequences
length	count	expect	max.err	error counts
3	28276	25871.0	0	28276
4	11747	6467.7	0	11747
5	8494	1616.9	0	8494
6	295	404.2	0	295
7	43	101.1	0	43
8	8	25.3	0	8
9	57	6.3	0	11 46
10	46	1.6	1	3 43
11	26	0.4	1	0 26
12	5	0.1	1	0 5
14	1	0.0	1	0 1


=== Second read: Adapter PrefixPE/2 ===

Sequence: GTGACTGGAGTTCAGACGTGTGCTCTTCCGATCT; Type: regular 3'; Length: 34; Trimmed: 39470 times

No. of allowed errors:
0-9 bp: 0; 10-19 bp: 1; 20-29 bp: 2; 30-34 bp: 3

Bases preceding removed adapters:
  A: 17.0%
  C: 13.1%
  G: 34.5%
  T: 35.4%
  none/other: 0.0%

Overview of removed sequences
length	count	expect	max.err	error counts
3	33576	25871.0	0	33576
4	4890	6467.7	0	4890
5	721	1616.9	0	721
6	167	404.2	0	167
7	60	101.1	0	60
8	4	25.3	0	4
9	20	6.3	0	1 19
10	26	1.6	1	1 25
11	4	0.4	1	0 4
12	2	0.1	1	0 2
