This is cutadapt 2.9 with Python 3.6.6
Command line parameters: --interleaved -a file:/nas02/apps/trimmomatic-0.36/Trimmomatic-0.36/adapters/TruSeq3-PE.fa -A file:/nas02/apps/trimmomatic-0.36/Trimmomatic-0.36/adapters/TruSeq3-PE.fa -m 30 /nas/longleaf/home/zpopkinh/Pvivax_resources/wgs_pe_improved_global/fastq/SRS1885931/SRR5136541_1.fastq.gz /nas/longleaf/home/zpopkinh/Pvivax_resources/wgs_pe_improved_global/fastq/SRS1885931/SRR5136541_2.fastq.gz
Processing reads on 1 core in paired-end mode ...
Finished in 198.45 s (90 us/read; 0.66 M reads/minute).

=== Summary ===

Total read pairs processed:          2,193,032
  Read 1 with adapter:                  99,306 (4.5%)
  Read 2 with adapter:                  97,813 (4.5%)
Pairs written (passing filters):     2,193,032 (100.0%)

Total basepairs processed:   438,606,400 bp
  Read 1:   219,303,200 bp
  Read 2:   219,303,200 bp
Total written (filtered):    437,923,047 bp (99.8%)
  Read 1:   218,955,948 bp
  Read 2:   218,967,099 bp

=== First read: Adapter PrefixPE/1 ===

Sequence: TACACTCTTTCCCTACACGACGCTCTTCCGATCT; Type: regular 3'; Length: 34; Trimmed: 62324 times

No. of allowed errors:
0-9 bp: 0; 10-19 bp: 1; 20-29 bp: 2; 30-34 bp: 3

Bases preceding removed adapters:
  A: 44.1%
  C: 31.9%
  G: 12.0%
  T: 12.0%
  none/other: 0.0%

Overview of removed sequences
length	count	expect	max.err	error counts
3	33746	34266.1	0	33746
4	19196	8566.5	0	19196
5	8747	2141.6	0	8747
6	420	535.4	0	420
7	65	133.9	0	65
8	17	33.5	0	17
9	55	8.4	0	6 49
10	42	2.1	1	0 42
11	31	0.5	1	0 31
12	4	0.1	1	0 4
13	1	0.0	1	0 1


=== First read: Adapter PrefixPE/2 ===

Sequence: GTGACTGGAGTTCAGACGTGTGCTCTTCCGATCT; Type: regular 3'; Length: 34; Trimmed: 36982 times

No. of allowed errors:
0-9 bp: 0; 10-19 bp: 1; 20-29 bp: 2; 30-34 bp: 3

Bases preceding removed adapters:
  A: 23.2%
  C: 20.8%
  G: 28.4%
  T: 27.6%
  none/other: 0.0%

Overview of removed sequences
length	count	expect	max.err	error counts
3	28979	34266.1	0	28979
4	6629	8566.5	0	6629
5	986	2141.6	0	986
6	249	535.4	0	249
7	65	133.9	0	65
8	7	33.5	0	7
9	18	8.4	0	2 16
10	22	2.1	1	3 19
11	27	0.5	1	0 27


=== Second read: Adapter PrefixPE/1 ===

Sequence: TACACTCTTTCCCTACACGACGCTCTTCCGATCT; Type: regular 3'; Length: 34; Trimmed: 48994 times

No. of allowed errors:
0-9 bp: 0; 10-19 bp: 1; 20-29 bp: 2; 30-34 bp: 3

Bases preceding removed adapters:
  A: 56.0%
  C: 13.7%
  G: 15.3%
  T: 15.0%
  none/other: 0.0%

Overview of removed sequences
length	count	expect	max.err	error counts
3	26959	34266.1	0	26959
4	12663	8566.5	0	12663
5	8739	2141.6	0	8739
6	426	535.4	0	426
7	85	133.9	0	85
8	7	33.5	0	7
9	54	8.4	0	4 50
10	35	2.1	1	1 34
11	21	0.5	1	0 21
12	5	0.1	1	0 5


=== Second read: Adapter PrefixPE/2 ===

Sequence: GTGACTGGAGTTCAGACGTGTGCTCTTCCGATCT; Type: regular 3'; Length: 34; Trimmed: 48819 times

No. of allowed errors:
0-9 bp: 0; 10-19 bp: 1; 20-29 bp: 2; 30-34 bp: 3

Bases preceding removed adapters:
  A: 30.3%
  C: 15.6%
  G: 33.6%
  T: 20.6%
  none/other: 0.0%

Overview of removed sequences
length	count	expect	max.err	error counts
3	40894	34266.1	0	40894
4	6569	8566.5	0	6569
5	970	2141.6	0	970
6	236	535.4	0	236
7	57	133.9	0	57
8	7	33.5	0	7
9	27	8.4	0	2 25
10	28	2.1	1	0 28
11	31	0.5	1	0 31
