This is cutadapt 2.9 with Python 3.6.6
Command line parameters: --interleaved -a file:/nas02/apps/trimmomatic-0.36/Trimmomatic-0.36/adapters/TruSeq3-PE.fa -A file:/nas02/apps/trimmomatic-0.36/Trimmomatic-0.36/adapters/TruSeq3-PE.fa -m 30 /nas/longleaf/home/zpopkinh/Pvivax_resources/wgs_pe_improved_global/fastq/SRS1885932/SRR5136542_1.fastq.gz /nas/longleaf/home/zpopkinh/Pvivax_resources/wgs_pe_improved_global/fastq/SRS1885932/SRR5136542_2.fastq.gz
Processing reads on 1 core in paired-end mode ...
Finished in 324.84 s (72 us/read; 0.83 M reads/minute).

=== Summary ===

Total read pairs processed:          4,514,953
  Read 1 with adapter:                 189,217 (4.2%)
  Read 2 with adapter:                 241,302 (5.3%)
Pairs written (passing filters):     4,514,953 (100.0%)

Total basepairs processed:   902,990,600 bp
  Read 1:   451,495,300 bp
  Read 2:   451,495,300 bp
Total written (filtered):    901,491,886 bp (99.8%)
  Read 1:   450,824,428 bp
  Read 2:   450,667,458 bp

=== First read: Adapter PrefixPE/1 ===

Sequence: TACACTCTTTCCCTACACGACGCTCTTCCGATCT; Type: regular 3'; Length: 34; Trimmed: 117138 times

No. of allowed errors:
0-9 bp: 0; 10-19 bp: 1; 20-29 bp: 2; 30-34 bp: 3

Bases preceding removed adapters:
  A: 60.2%
  C: 12.2%
  G: 14.6%
  T: 13.0%
  none/other: 0.0%

Overview of removed sequences
length	count	expect	max.err	error counts
3	61036	70546.1	0	61036
4	32164	17636.5	0	32164
5	22620	4409.1	0	22620
6	683	1102.3	0	683
7	166	275.6	0	166
8	50	68.9	0	50
9	165	17.2	0	9 156
10	145	4.3	1	3 142
11	85	1.1	1	0 85
12	20	0.3	1	0 20
13	3	0.1	1	0 3
14	1	0.0	1	0 1


=== First read: Adapter PrefixPE/2 ===

Sequence: GTGACTGGAGTTCAGACGTGTGCTCTTCCGATCT; Type: regular 3'; Length: 34; Trimmed: 72079 times

No. of allowed errors:
0-9 bp: 0; 10-19 bp: 1; 20-29 bp: 2; 30-34 bp: 3

Bases preceding removed adapters:
  A: 23.1%
  C: 19.1%
  G: 28.5%
  T: 29.2%
  none/other: 0.0%

Overview of removed sequences
length	count	expect	max.err	error counts
3	56515	70546.1	0	56515
4	12780	17636.5	0	12780
5	1997	4409.1	0	1997
6	462	1102.3	0	462
7	140	275.6	0	140
8	17	68.9	0	17
9	75	17.2	0	4 71
10	60	4.3	1	2 58
11	24	1.1	1	1 23
12	9	0.3	1	0 9


=== Second read: Adapter PrefixPE/1 ===

Sequence: TACACTCTTTCCCTACACGACGCTCTTCCGATCT; Type: regular 3'; Length: 34; Trimmed: 136393 times

No. of allowed errors:
0-9 bp: 0; 10-19 bp: 1; 20-29 bp: 2; 30-34 bp: 3

Bases preceding removed adapters:
  A: 51.9%
  C: 10.4%
  G: 13.2%
  T: 24.6%
  none/other: 0.0%

Overview of removed sequences
length	count	expect	max.err	error counts
3	80037	70546.1	0	80037
4	32463	17636.5	0	32463
5	22547	4409.1	0	22547
6	690	1102.3	0	690
7	174	275.6	0	174
8	53	68.9	0	53
9	190	17.2	0	12 178
10	152	4.3	1	4 148
11	60	1.1	1	1 59
12	22	0.3	1	0 22
13	2	0.1	1	0 2
14	3	0.0	1	0 3


=== Second read: Adapter PrefixPE/2 ===

Sequence: GTGACTGGAGTTCAGACGTGTGCTCTTCCGATCT; Type: regular 3'; Length: 34; Trimmed: 104909 times

No. of allowed errors:
0-9 bp: 0; 10-19 bp: 1; 20-29 bp: 2; 30-34 bp: 3

Bases preceding removed adapters:
  A: 16.0%
  C: 30.3%
  G: 31.8%
  T: 21.9%
  none/other: 0.0%

Overview of removed sequences
length	count	expect	max.err	error counts
3	89039	70546.1	0	89039
4	13028	17636.5	0	13028
5	2008	4409.1	0	2008
6	493	1102.3	0	493
7	148	275.6	0	148
8	15	68.9	0	15
9	76	17.2	0	5 71
10	60	4.3	1	1 59
11	35	1.1	1	0 35
12	4	0.3	1	0 4
13	2	0.1	1	0 2
14	1	0.0	1	0 1
