This is cutadapt 2.9 with Python 3.6.6
Command line parameters: --interleaved -a file:/nas02/apps/trimmomatic-0.36/Trimmomatic-0.36/adapters/TruSeq3-PE.fa -A file:/nas02/apps/trimmomatic-0.36/Trimmomatic-0.36/adapters/TruSeq3-PE.fa -m 30 /nas/longleaf/home/zpopkinh/Pvivax_resources/wgs_pe_improved_global/fastq/ERS980426/ERR1475351_1.fastq.gz /nas/longleaf/home/zpopkinh/Pvivax_resources/wgs_pe_improved_global/fastq/ERS980426/ERR1475351_2.fastq.gz
Processing reads on 1 core in paired-end mode ...
Finished in 352.28 s (76 us/read; 0.78 M reads/minute).

=== Summary ===

Total read pairs processed:          4,608,184
  Read 1 with adapter:                 168,005 (3.6%)
  Read 2 with adapter:                 167,479 (3.6%)
Pairs written (passing filters):     4,608,184 (100.0%)

Total basepairs processed:   921,636,800 bp
  Read 1:   460,818,400 bp
  Read 2:   460,818,400 bp
Total written (filtered):    920,495,156 bp (99.9%)
  Read 1:   460,246,548 bp
  Read 2:   460,248,608 bp

=== First read: Adapter PrefixPE/1 ===

Sequence: TACACTCTTTCCCTACACGACGCTCTTCCGATCT; Type: regular 3'; Length: 34; Trimmed: 93111 times

No. of allowed errors:
0-9 bp: 0; 10-19 bp: 1; 20-29 bp: 2; 30-34 bp: 3

Bases preceding removed adapters:
  A: 29.6%
  C: 17.4%
  G: 24.0%
  T: 29.0%
  none/other: 0.0%

Overview of removed sequences
length	count	expect	max.err	error counts
3	60655	72002.9	0	60655
4	25276	18000.7	0	25276
5	4771	4500.2	0	4771
6	1113	1125.0	0	1113
7	272	281.3	0	272
8	48	70.3	0	48
9	230	17.6	0	14 216
10	578	4.4	1	5 573
11	134	1.1	1	0 134
12	27	0.3	1	1 26
13	5	0.1	1	0 5
14	2	0.0	1	0 2


=== First read: Adapter PrefixPE/2 ===

Sequence: GTGACTGGAGTTCAGACGTGTGCTCTTCCGATCT; Type: regular 3'; Length: 34; Trimmed: 74894 times

No. of allowed errors:
0-9 bp: 0; 10-19 bp: 1; 20-29 bp: 2; 30-34 bp: 3

Bases preceding removed adapters:
  A: 26.0%
  C: 15.8%
  G: 23.3%
  T: 35.0%
  none/other: 0.0%

Overview of removed sequences
length	count	expect	max.err	error counts
3	58036	72002.9	0	58036
4	13962	18000.7	0	13962
5	2048	4500.2	0	2048
6	518	1125.0	0	518
7	101	281.3	0	101
8	22	70.3	0	22
9	87	17.6	0	6 81
10	82	4.4	1	1 81
11	28	1.1	1	0 28
12	7	0.3	1	0 7
13	3	0.1	1	0 3


=== Second read: Adapter PrefixPE/1 ===

Sequence: TACACTCTTTCCCTACACGACGCTCTTCCGATCT; Type: regular 3'; Length: 34; Trimmed: 92836 times

No. of allowed errors:
0-9 bp: 0; 10-19 bp: 1; 20-29 bp: 2; 30-34 bp: 3

Bases preceding removed adapters:
  A: 29.9%
  C: 17.1%
  G: 23.9%
  T: 29.0%
  none/other: 0.0%

Overview of removed sequences
length	count	expect	max.err	error counts
3	60572	72002.9	0	60572
4	25083	18000.7	0	25083
5	4739	4500.2	0	4739
6	1143	1125.0	0	1143
7	289	281.3	0	289
8	52	70.3	0	52
9	253	17.6	0	18 235
10	581	4.4	1	5 576
11	101	1.1	1	0 101
12	19	0.3	1	1 18
13	4	0.1	1	0 4


=== Second read: Adapter PrefixPE/2 ===

Sequence: GTGACTGGAGTTCAGACGTGTGCTCTTCCGATCT; Type: regular 3'; Length: 34; Trimmed: 74643 times

No. of allowed errors:
0-9 bp: 0; 10-19 bp: 1; 20-29 bp: 2; 30-34 bp: 3

Bases preceding removed adapters:
  A: 25.6%
  C: 16.0%
  G: 23.5%
  T: 34.9%
  none/other: 0.0%

Overview of removed sequences
length	count	expect	max.err	error counts
3	57986	72002.9	0	57986
4	13860	18000.7	0	13860
5	1901	4500.2	0	1901
6	549	1125.0	0	549
7	99	281.3	0	99
8	19	70.3	0	19
9	106	17.6	0	6 100
10	90	4.4	1	5 85
11	23	1.1	1	0 23
12	6	0.3	1	0 6
13	3	0.1	1	0 3
14	1	0.0	1	0 1
