This is cutadapt 2.9 with Python 3.6.6
Command line parameters: --interleaved -a file:/nas02/apps/trimmomatic-0.36/Trimmomatic-0.36/adapters/TruSeq3-PE.fa -A file:/nas02/apps/trimmomatic-0.36/Trimmomatic-0.36/adapters/TruSeq3-PE.fa -m 30 /nas/longleaf/home/zpopkinh/Pvivax_resources/wgs_pe_improved_global/fastq/SRS2910024/SRR6668540_1.fastq.gz /nas/longleaf/home/zpopkinh/Pvivax_resources/wgs_pe_improved_global/fastq/SRS2910024/SRR6668540_2.fastq.gz
Processing reads on 1 core in paired-end mode ...
Finished in 107.54 s (65 us/read; 0.93 M reads/minute).

=== Summary ===

Total read pairs processed:          1,665,618
  Read 1 with adapter:                  78,120 (4.7%)
  Read 2 with adapter:                  85,203 (5.1%)
Pairs written (passing filters):     1,665,618 (100.0%)

Total basepairs processed:   333,123,600 bp
  Read 1:   166,561,800 bp
  Read 2:   166,561,800 bp
Total written (filtered):    332,554,219 bp (99.8%)
  Read 1:   166,287,865 bp
  Read 2:   166,266,354 bp

=== First read: Adapter PrefixPE/1 ===

Sequence: TACACTCTTTCCCTACACGACGCTCTTCCGATCT; Type: regular 3'; Length: 34; Trimmed: 48165 times

No. of allowed errors:
0-9 bp: 0; 10-19 bp: 1; 20-29 bp: 2; 30-34 bp: 3

Bases preceding removed adapters:
  A: 56.5%
  C: 10.2%
  G: 21.0%
  T: 12.4%
  none/other: 0.0%

Overview of removed sequences
length	count	expect	max.err	error counts
3	27260	26025.3	0	27260
4	11748	6506.3	0	11748
5	8666	1626.6	0	8666
6	242	406.6	0	242
7	79	101.7	0	79
8	7	25.4	0	7
9	39	6.4	0	1 38
10	53	1.6	1	2 51
11	60	0.4	1	0 60
12	9	0.1	1	0 9
13	2	0.0	1	0 2


=== First read: Adapter PrefixPE/2 ===

Sequence: GTGACTGGAGTTCAGACGTGTGCTCTTCCGATCT; Type: regular 3'; Length: 34; Trimmed: 29955 times

No. of allowed errors:
0-9 bp: 0; 10-19 bp: 1; 20-29 bp: 2; 30-34 bp: 3

Bases preceding removed adapters:
  A: 24.4%
  C: 19.8%
  G: 27.6%
  T: 28.2%
  none/other: 0.0%

Overview of removed sequences
length	count	expect	max.err	error counts
3	23574	26025.3	0	23574
4	5169	6506.3	0	5169
5	850	1626.6	0	850
6	234	406.6	0	234
7	70	101.7	0	70
8	5	25.4	0	5
9	24	6.4	0	3 21
10	22	1.6	1	0 22
11	5	0.4	1	0 5
12	2	0.1	1	0 2


=== Second read: Adapter PrefixPE/1 ===

Sequence: TACACTCTTTCCCTACACGACGCTCTTCCGATCT; Type: regular 3'; Length: 34; Trimmed: 48563 times

No. of allowed errors:
0-9 bp: 0; 10-19 bp: 1; 20-29 bp: 2; 30-34 bp: 3

Bases preceding removed adapters:
  A: 66.0%
  C: 10.4%
  G: 11.1%
  T: 12.5%
  none/other: 0.0%

Overview of removed sequences
length	count	expect	max.err	error counts
3	27403	26025.3	0	27403
4	11896	6506.3	0	11896
5	8727	1626.6	0	8727
6	289	406.6	0	289
7	75	101.7	0	75
8	8	25.4	0	8
9	39	6.4	0	2 37
10	56	1.6	1	2 54
11	64	0.4	1	0 64
12	2	0.1	1	0 2
13	3	0.0	1	0 3
14	1	0.0	1	0 1


=== Second read: Adapter PrefixPE/2 ===

Sequence: GTGACTGGAGTTCAGACGTGTGCTCTTCCGATCT; Type: regular 3'; Length: 34; Trimmed: 36640 times

No. of allowed errors:
0-9 bp: 0; 10-19 bp: 1; 20-29 bp: 2; 30-34 bp: 3

Bases preceding removed adapters:
  A: 19.1%
  C: 15.7%
  G: 30.6%
  T: 34.6%
  none/other: 0.0%

Overview of removed sequences
length	count	expect	max.err	error counts
3	30428	26025.3	0	30428
4	5004	6506.3	0	5004
5	841	1626.6	0	841
6	241	406.6	0	241
7	63	101.7	0	63
8	3	25.4	0	3
9	24	6.4	0	4 20
10	29	1.6	1	2 27
11	4	0.4	1	0 4
12	2	0.1	1	0 2
13	1	0.0	1	0 1
