This is cutadapt 2.9 with Python 3.6.6
Command line parameters: --interleaved -a file:/nas02/apps/trimmomatic-0.36/Trimmomatic-0.36/adapters/TruSeq3-PE.fa -A file:/nas02/apps/trimmomatic-0.36/Trimmomatic-0.36/adapters/TruSeq3-PE.fa -m 30 /nas/longleaf/home/zpopkinh/Pvivax_resources/wgs_pe_improved_global/fastq/ERS2593861/ERR2679002_1.fastq.gz /nas/longleaf/home/zpopkinh/Pvivax_resources/wgs_pe_improved_global/fastq/ERS2593861/ERR2679002_2.fastq.gz
Processing reads on 1 core in paired-end mode ...
Finished in 1894.09 s (132 us/read; 0.46 M reads/minute).

=== Summary ===

Total read pairs processed:         14,383,337
  Read 1 with adapter:                 515,078 (3.6%)
  Read 2 with adapter:                 488,687 (3.4%)
Pairs written (passing filters):    14,383,337 (100.0%)

Total basepairs processed: 4,343,767,774 bp
  Read 1: 2,171,883,887 bp
  Read 2: 2,171,883,887 bp
Total written (filtered):  4,340,386,087 bp (99.9%)
  Read 1: 2,170,146,367 bp
  Read 2: 2,170,239,720 bp

=== First read: Adapter PrefixPE/1 ===

Sequence: TACACTCTTTCCCTACACGACGCTCTTCCGATCT; Type: regular 3'; Length: 34; Trimmed: 261570 times

No. of allowed errors:
0-9 bp: 0; 10-19 bp: 1; 20-29 bp: 2; 30-34 bp: 3

Bases preceding removed adapters:
  A: 28.2%
  C: 19.8%
  G: 23.6%
  T: 28.4%
  none/other: 0.0%

Overview of removed sequences
length	count	expect	max.err	error counts
3	172670	224739.6	0	172670
4	68308	56184.9	0	68308
5	14579	14046.2	0	14579
6	3058	3511.6	0	3058
7	624	877.9	0	624
8	174	219.5	0	174
9	899	54.9	0	55 844
10	848	13.7	1	16 832
11	304	3.4	1	2 302
12	82	0.9	1	0 82
13	15	0.2	1	0 15
14	7	0.1	1	0 7
15	2	0.0	1	0 2


=== First read: Adapter PrefixPE/2 ===

Sequence: GTGACTGGAGTTCAGACGTGTGCTCTTCCGATCT; Type: regular 3'; Length: 34; Trimmed: 253508 times

No. of allowed errors:
0-9 bp: 0; 10-19 bp: 1; 20-29 bp: 2; 30-34 bp: 3

Bases preceding removed adapters:
  A: 23.2%
  C: 19.2%
  G: 27.1%
  T: 30.4%
  none/other: 0.0%

Overview of removed sequences
length	count	expect	max.err	error counts
3	200682	224739.6	0	200682
4	43253	56184.9	0	43253
5	7069	14046.2	0	7069
6	1518	3511.6	0	1518
7	345	877.9	0	345
8	74	219.5	0	74
9	263	54.9	0	14 249
10	194	13.7	1	3 191
11	95	3.4	1	0 95
12	12	0.9	1	0 12
13	3	0.2	1	0 3


=== Second read: Adapter PrefixPE/1 ===

Sequence: TACACTCTTTCCCTACACGACGCTCTTCCGATCT; Type: regular 3'; Length: 34; Trimmed: 235342 times

No. of allowed errors:
0-9 bp: 0; 10-19 bp: 1; 20-29 bp: 2; 30-34 bp: 3

Bases preceding removed adapters:
  A: 27.6%
  C: 21.2%
  G: 23.7%
  T: 27.5%
  none/other: 0.0%

Overview of removed sequences
length	count	expect	max.err	error counts
3	153934	224739.6	0	153934
4	62335	56184.9	0	62335
5	13439	14046.2	0	13439
6	2725	3511.6	0	2725
7	595	877.9	0	595
8	133	219.5	0	133
9	843	54.9	0	67 776
10	949	13.7	1	30 919
11	300	3.4	1	1 299
12	55	0.9	1	1 54
13	28	0.2	1	1 27
14	5	0.1	1	0 5
15	1	0.0	1	0 1


=== Second read: Adapter PrefixPE/2 ===

Sequence: GTGACTGGAGTTCAGACGTGTGCTCTTCCGATCT; Type: regular 3'; Length: 34; Trimmed: 253345 times

No. of allowed errors:
0-9 bp: 0; 10-19 bp: 1; 20-29 bp: 2; 30-34 bp: 3

Bases preceding removed adapters:
  A: 22.0%
  C: 20.7%
  G: 28.0%
  T: 29.3%
  none/other: 0.0%

Overview of removed sequences
length	count	expect	max.err	error counts
3	205798	224739.6	0	205798
4	37826	56184.9	0	37826
5	7173	14046.2	0	7173
6	1425	3511.6	0	1425
7	405	877.9	0	405
8	105	219.5	0	105
9	271	54.9	0	14 257
10	247	13.7	1	4 243
11	73	3.4	1	0 73
12	21	0.9	1	0 21
13	1	0.2	1	0 1
