This is cutadapt 2.9 with Python 3.6.6
Command line parameters: --interleaved -a file:/nas02/apps/trimmomatic-0.36/Trimmomatic-0.36/adapters/TruSeq3-PE.fa -A file:/nas02/apps/trimmomatic-0.36/Trimmomatic-0.36/adapters/TruSeq3-PE.fa -m 30 /nas/longleaf/home/zpopkinh/Pvivax_resources/wgs_pe_improved_global/fastq/SRS2746216/SRR6361801_1.fastq.gz /nas/longleaf/home/zpopkinh/Pvivax_resources/wgs_pe_improved_global/fastq/SRS2746216/SRR6361801_2.fastq.gz
Processing reads on 1 core in paired-end mode ...
Finished in 5633.43 s (83 us/read; 0.72 M reads/minute).

=== Summary ===

Total read pairs processed:         68,041,076
  Read 1 with adapter:               2,263,425 (3.3%)
  Read 2 with adapter:               2,251,142 (3.3%)
Pairs written (passing filters):    68,041,074 (100.0%)

Total basepairs processed: 13,608,215,200 bp
  Read 1: 6,804,107,600 bp
  Read 2: 6,804,107,600 bp
Total written (filtered):  13,592,826,697 bp (99.9%)
  Read 1: 6,796,386,441 bp
  Read 2: 6,796,440,256 bp

=== First read: Adapter PrefixPE/1 ===

Sequence: TACACTCTTTCCCTACACGACGCTCTTCCGATCT; Type: regular 3'; Length: 34; Trimmed: 1274466 times

No. of allowed errors:
0-9 bp: 0; 10-19 bp: 1; 20-29 bp: 2; 30-34 bp: 3

Bases preceding removed adapters:
  A: 35.8%
  C: 16.1%
  G: 18.5%
  T: 29.5%
  none/other: 0.0%

Overview of removed sequences
length	count	expect	max.err	error counts
3	820326	1063141.8	0	820326
4	329679	265785.5	0	329679
5	101015	66446.4	0	101015
6	11508	16611.6	0	11508
7	2251	4152.9	0	2251
8	573	1038.2	0	573
9	3719	259.6	0	196 3523
10	3674	64.9	1	84 3590
11	1369	16.2	1	12 1357
12	248	4.1	1	0 248
13	67	1.0	1	3 64
14	34	0.3	1	0 34
15	3	0.1	1	0 3


=== First read: Adapter PrefixPE/2 ===

Sequence: GTGACTGGAGTTCAGACGTGTGCTCTTCCGATCT; Type: regular 3'; Length: 34; Trimmed: 988959 times

No. of allowed errors:
0-9 bp: 0; 10-19 bp: 1; 20-29 bp: 2; 30-34 bp: 3

Bases preceding removed adapters:
  A: 24.6%
  C: 18.4%
  G: 25.6%
  T: 31.4%
  none/other: 0.0%

Overview of removed sequences
length	count	expect	max.err	error counts
3	758587	1063141.8	0	758587
4	191207	265785.5	0	191207
5	28850	66446.4	0	28850
6	6434	16611.6	0	6434
7	1493	4152.9	0	1493
8	188	1038.2	0	188
9	819	259.6	0	64 755
10	885	64.9	1	15 870
11	417	16.2	1	3 414
12	70	4.1	1	0 70
13	9	1.0	1	0 9


=== Second read: Adapter PrefixPE/1 ===

Sequence: TACACTCTTTCCCTACACGACGCTCTTCCGATCT; Type: regular 3'; Length: 34; Trimmed: 1259724 times

No. of allowed errors:
0-9 bp: 0; 10-19 bp: 1; 20-29 bp: 2; 30-34 bp: 3

Bases preceding removed adapters:
  A: 35.9%
  C: 16.1%
  G: 18.3%
  T: 29.6%
  none/other: 0.0%

Overview of removed sequences
length	count	expect	max.err	error counts
3	811568	1063141.8	0	811568
4	324925	265785.5	0	324925
5	100044	66446.4	0	100044
6	11370	16611.6	0	11370
7	2050	4152.9	0	2050
8	574	1038.2	0	574
9	3847	259.6	0	180 3667
10	3631	64.9	1	69 3562
11	1326	16.2	1	22 1304
12	282	4.1	1	0 282
13	64	1.0	1	1 63
14	39	0.3	1	0 39
15	1	0.1	1	0 1
18	1	0.0	1	0 1
83	1	0.0	3	0 0 1
100	1	0.0	3	0 1


=== Second read: Adapter PrefixPE/2 ===

Sequence: GTGACTGGAGTTCAGACGTGTGCTCTTCCGATCT; Type: regular 3'; Length: 34; Trimmed: 991418 times

No. of allowed errors:
0-9 bp: 0; 10-19 bp: 1; 20-29 bp: 2; 30-34 bp: 3

Bases preceding removed adapters:
  A: 23.8%
  C: 18.1%
  G: 27.3%
  T: 30.9%
  none/other: 0.0%

Overview of removed sequences
length	count	expect	max.err	error counts
3	768933	1063141.8	0	768933
4	184349	265785.5	0	184349
5	27997	66446.4	0	27997
6	6363	16611.6	0	6363
7	1426	4152.9	0	1426
8	210	1038.2	0	210
9	861	259.6	0	46 815
10	863	64.9	1	15 848
11	357	16.2	1	3 354
12	49	4.1	1	0 49
13	10	1.0	1	0 10
