This is cutadapt 2.9 with Python 3.6.6
Command line parameters: --interleaved -a file:/nas02/apps/trimmomatic-0.36/Trimmomatic-0.36/adapters/TruSeq3-PE.fa -A file:/nas02/apps/trimmomatic-0.36/Trimmomatic-0.36/adapters/TruSeq3-PE.fa -m 30 /nas/longleaf/home/zpopkinh/Pvivax_resources/wgs_pe_improved_global/fastq/ERS792643/ERR1138879_1.fastq.gz /nas/longleaf/home/zpopkinh/Pvivax_resources/wgs_pe_improved_global/fastq/ERS792643/ERR1138879_2.fastq.gz
Processing reads on 1 core in paired-end mode ...
Finished in 911.70 s (95 us/read; 0.63 M reads/minute).

=== Summary ===

Total read pairs processed:          9,622,802
  Read 1 with adapter:                 351,870 (3.7%)
  Read 2 with adapter:                 345,206 (3.6%)
Pairs written (passing filters):     9,622,802 (100.0%)

Total basepairs processed: 1,924,560,400 bp
  Read 1:   962,280,200 bp
  Read 2:   962,280,200 bp
Total written (filtered):  1,922,207,461 bp (99.9%)
  Read 1:   961,093,157 bp
  Read 2:   961,114,304 bp

=== First read: Adapter PrefixPE/1 ===

Sequence: TACACTCTTTCCCTACACGACGCTCTTCCGATCT; Type: regular 3'; Length: 34; Trimmed: 184562 times

No. of allowed errors:
0-9 bp: 0; 10-19 bp: 1; 20-29 bp: 2; 30-34 bp: 3

Bases preceding removed adapters:
  A: 28.4%
  C: 19.2%
  G: 23.6%
  T: 28.8%
  none/other: 0.0%

Overview of removed sequences
length	count	expect	max.err	error counts
3	123340	150356.3	0	123340
4	47172	37589.1	0	47172
5	9836	9397.3	0	9836
6	2206	2349.3	0	2206
7	476	587.3	0	476
8	93	146.8	0	93
9	560	36.7	0	38 522
10	611	9.2	1	17 594
11	215	2.3	1	3 212
12	37	0.6	1	2 35
13	12	0.1	1	0 12
14	1	0.0	1	0 1
15	3	0.0	1	0 3


=== First read: Adapter PrefixPE/2 ===

Sequence: GTGACTGGAGTTCAGACGTGTGCTCTTCCGATCT; Type: regular 3'; Length: 34; Trimmed: 167308 times

No. of allowed errors:
0-9 bp: 0; 10-19 bp: 1; 20-29 bp: 2; 30-34 bp: 3

Bases preceding removed adapters:
  A: 24.1%
  C: 18.5%
  G: 25.5%
  T: 32.0%
  none/other: 0.0%

Overview of removed sequences
length	count	expect	max.err	error counts
3	131386	150356.3	0	131386
4	29540	37589.1	0	29540
5	4678	9397.3	0	4678
6	1036	2349.3	0	1036
7	256	587.3	0	256
8	42	146.8	0	42
9	161	36.7	0	11 150
10	148	9.2	1	2 146
11	44	2.3	1	0 44
12	17	0.6	1	0 17


=== Second read: Adapter PrefixPE/1 ===

Sequence: TACACTCTTTCCCTACACGACGCTCTTCCGATCT; Type: regular 3'; Length: 34; Trimmed: 181952 times

No. of allowed errors:
0-9 bp: 0; 10-19 bp: 1; 20-29 bp: 2; 30-34 bp: 3

Bases preceding removed adapters:
  A: 28.5%
  C: 19.1%
  G: 23.3%
  T: 29.2%
  none/other: 0.0%

Overview of removed sequences
length	count	expect	max.err	error counts
3	121238	150356.3	0	121238
4	46524	37589.1	0	46524
5	10041	9397.3	0	10041
6	2127	2349.3	0	2127
7	454	587.3	0	454
8	117	146.8	0	117
9	565	36.7	0	40 525
10	612	9.2	1	16 596
11	216	2.3	1	3 213
12	43	0.6	1	0 43
13	13	0.1	1	0 13
14	2	0.0	1	0 2


=== Second read: Adapter PrefixPE/2 ===

Sequence: GTGACTGGAGTTCAGACGTGTGCTCTTCCGATCT; Type: regular 3'; Length: 34; Trimmed: 163254 times

No. of allowed errors:
0-9 bp: 0; 10-19 bp: 1; 20-29 bp: 2; 30-34 bp: 3

Bases preceding removed adapters:
  A: 24.0%
  C: 18.3%
  G: 25.6%
  T: 32.1%
  none/other: 0.0%

Overview of removed sequences
length	count	expect	max.err	error counts
3	128118	150356.3	0	128118
4	28832	37589.1	0	28832
5	4567	9397.3	0	4567
6	1068	2349.3	0	1068
7	243	587.3	0	243
8	41	146.8	0	41
9	179	36.7	0	11 168
10	145	9.2	1	5 140
11	39	2.3	1	0 39
12	19	0.6	1	0 19
13	3	0.1	1	0 3
