This is cutadapt 2.9 with Python 3.6.6
Command line parameters: --interleaved -a file:/nas02/apps/trimmomatic-0.36/Trimmomatic-0.36/adapters/TruSeq3-PE.fa -A file:/nas02/apps/trimmomatic-0.36/Trimmomatic-0.36/adapters/TruSeq3-PE.fa -m 30 /nas/longleaf/home/zpopkinh/Pvivax_resources/wgs_pe_improved_global/fastq/ERR3813232/ERR3813232_1.fastq.gz /nas/longleaf/home/zpopkinh/Pvivax_resources/wgs_pe_improved_global/fastq/ERR3813232/ERR3813232_2.fastq.gz
Processing reads on 1 core in paired-end mode ...
Finished in 1437.40 s (129 us/read; 0.47 M reads/minute).

=== Summary ===

Total read pairs processed:         11,166,306
  Read 1 with adapter:                 405,958 (3.6%)
  Read 2 with adapter:                 405,189 (3.6%)
Pairs written (passing filters):    11,166,305 (100.0%)

Total basepairs processed: 3,349,891,800 bp
  Read 1: 1,674,945,900 bp
  Read 2: 1,674,945,900 bp
Total written (filtered):  3,347,148,018 bp (99.9%)
  Read 1: 1,673,571,319 bp
  Read 2: 1,673,576,699 bp

=== First read: Adapter PrefixPE/1 ===

Sequence: TACACTCTTTCCCTACACGACGCTCTTCCGATCT; Type: regular 3'; Length: 34; Trimmed: 215523 times

No. of allowed errors:
0-9 bp: 0; 10-19 bp: 1; 20-29 bp: 2; 30-34 bp: 3

Bases preceding removed adapters:
  A: 30.9%
  C: 18.8%
  G: 19.6%
  T: 30.8%
  none/other: 0.0%

Overview of removed sequences
length	count	expect	max.err	error counts
3	143542	174473.5	0	143542
4	56761	43618.4	0	56761
5	10503	10904.6	0	10503
6	2481	2726.1	0	2481
7	452	681.5	0	452
8	120	170.4	0	120
9	579	42.6	0	37 542
10	759	10.6	1	12 747
11	261	2.7	1	1 260
12	52	0.7	1	0 52
13	9	0.2	1	0 9
14	3	0.0	1	0 3
16	1	0.0	1	0 1


=== First read: Adapter PrefixPE/2 ===

Sequence: GTGACTGGAGTTCAGACGTGTGCTCTTCCGATCT; Type: regular 3'; Length: 34; Trimmed: 190435 times

No. of allowed errors:
0-9 bp: 0; 10-19 bp: 1; 20-29 bp: 2; 30-34 bp: 3

Bases preceding removed adapters:
  A: 26.2%
  C: 14.2%
  G: 25.9%
  T: 33.7%
  none/other: 0.0%

Overview of removed sequences
length	count	expect	max.err	error counts
3	146953	174473.5	0	146953
4	35224	43618.4	0	35224
5	5630	10904.6	0	5630
6	1487	2726.1	0	1487
7	418	681.5	0	418
8	66	170.4	0	66
9	255	42.6	0	15 240
10	279	10.6	1	3 276
11	89	2.7	1	0 89
12	24	0.7	1	1 23
13	9	0.2	1	0 9
15	1	0.0	1	0 1


=== Second read: Adapter PrefixPE/1 ===

Sequence: TACACTCTTTCCCTACACGACGCTCTTCCGATCT; Type: regular 3'; Length: 34; Trimmed: 212706 times

No. of allowed errors:
0-9 bp: 0; 10-19 bp: 1; 20-29 bp: 2; 30-34 bp: 3

Bases preceding removed adapters:
  A: 30.5%
  C: 19.2%
  G: 19.7%
  T: 30.7%
  none/other: 0.0%

Overview of removed sequences
length	count	expect	max.err	error counts
3	142421	174473.5	0	142421
4	55301	43618.4	0	55301
5	10321	10904.6	0	10321
6	2484	2726.1	0	2484
7	424	681.5	0	424
8	86	170.4	0	86
9	591	42.6	0	44 547
10	751	10.6	1	13 738
11	244	2.7	1	3 241
12	58	0.7	1	1 57
13	14	0.2	1	0 14
14	5	0.0	1	0 5
15	3	0.0	1	0 3
79	1	0.0	3	0 0 1
95	1	0.0	3	1
150	1	0.0	3	0 0 0 1


=== Second read: Adapter PrefixPE/2 ===

Sequence: GTGACTGGAGTTCAGACGTGTGCTCTTCCGATCT; Type: regular 3'; Length: 34; Trimmed: 192483 times

No. of allowed errors:
0-9 bp: 0; 10-19 bp: 1; 20-29 bp: 2; 30-34 bp: 3

Bases preceding removed adapters:
  A: 25.7%
  C: 15.7%
  G: 26.0%
  T: 32.6%
  none/other: 0.0%

Overview of removed sequences
length	count	expect	max.err	error counts
3	149537	174473.5	0	149537
4	34841	43618.4	0	34841
5	5659	10904.6	0	5659
6	1435	2726.1	0	1435
7	355	681.5	0	355
8	62	170.4	0	62
9	247	42.6	0	17 230
10	217	10.6	1	7 210
11	94	2.7	1	0 94
12	29	0.7	1	0 29
13	5	0.2	1	0 5
14	1	0.0	1	0 1
24	1	0.0	2	0 1
