This is cutadapt 2.9 with Python 3.6.6
Command line parameters: --interleaved -a file:/nas02/apps/trimmomatic-0.36/Trimmomatic-0.36/adapters/TruSeq3-PE.fa -A file:/nas02/apps/trimmomatic-0.36/Trimmomatic-0.36/adapters/TruSeq3-PE.fa -m 30 /nas/longleaf/home/zpopkinh/Pvivax_resources/wgs_pe_improved_global/fastq/SRS2745942/SRR6361408_1.fastq.gz /nas/longleaf/home/zpopkinh/Pvivax_resources/wgs_pe_improved_global/fastq/SRS2745942/SRR6361408_2.fastq.gz
Processing reads on 1 core in paired-end mode ...
Finished in 177.66 s (407 us/read; 0.15 M reads/minute).

=== Summary ===

Total read pairs processed:            436,942
  Read 1 with adapter:                  11,049 (2.5%)
  Read 2 with adapter:                  18,712 (4.3%)
Pairs written (passing filters):       436,576 (99.9%)

Total basepairs processed:   219,344,884 bp
  Read 1:   109,672,442 bp
  Read 2:   109,672,442 bp
Total written (filtered):    219,056,600 bp (99.9%)
  Read 1:   109,540,017 bp
  Read 2:   109,516,583 bp

=== First read: Adapter PrefixPE/1 ===

Sequence: TACACTCTTTCCCTACACGACGCTCTTCCGATCT; Type: regular 3'; Length: 34; Trimmed: 10115 times

No. of allowed errors:
0-9 bp: 0; 10-19 bp: 1; 20-29 bp: 2; 30-34 bp: 3

Bases preceding removed adapters:
  A: 53.4%
  C: 24.8%
  G: 7.7%
  T: 14.1%
  none/other: 0.0%

Overview of removed sequences
length	count	expect	max.err	error counts
3	4680	6827.2	0	4680
4	4555	1706.8	0	4555
5	442	426.7	0	442
6	160	106.7	0	160
7	17	26.7	0	17
8	9	6.7	0	9
9	15	1.7	0	6 9
10	31	0.4	1	4 27
11	5	0.1	1	0 5
12	2	0.0	1	0 2
196	1	0.0	3	0 0 0 1
221	5	0.0	3	0 0 0 5
237	6	0.0	3	0 0 1 5
238	10	0.0	3	0 0 0 10
239	142	0.0	3	0 1 18 123
240	6	0.0	3	0 0 0 6
241	8	0.0	3	0 0 1 7
243	15	0.0	3	0 0 1 14
244	3	0.0	3	0 0 0 3
245	1	0.0	3	0 0 1
246	2	0.0	3	0 0 0 2


=== First read: Adapter PrefixPE/2 ===

Sequence: GTGACTGGAGTTCAGACGTGTGCTCTTCCGATCT; Type: regular 3'; Length: 34; Trimmed: 934 times

No. of allowed errors:
0-9 bp: 0; 10-19 bp: 1; 20-29 bp: 2; 30-34 bp: 3

Bases preceding removed adapters:
  A: 38.7%
  C: 17.3%
  G: 11.8%
  T: 32.2%
  none/other: 0.0%

Overview of removed sequences
length	count	expect	max.err	error counts
3	656	6827.2	0	656
4	236	1706.8	0	236
5	28	426.7	0	28
6	10	106.7	0	10
7	2	26.7	0	2
9	1	1.7	0	0 1
235	1	0.0	3	1


=== Second read: Adapter PrefixPE/1 ===

Sequence: TACACTCTTTCCCTACACGACGCTCTTCCGATCT; Type: regular 3'; Length: 34; Trimmed: 15639 times

No. of allowed errors:
0-9 bp: 0; 10-19 bp: 1; 20-29 bp: 2; 30-34 bp: 3

Bases preceding removed adapters:
  A: 41.8%
  C: 14.8%
  G: 35.2%
  T: 8.2%
  none/other: 0.0%

Overview of removed sequences
length	count	expect	max.err	error counts
3	10500	6827.2	0	10500
4	2786	1706.8	0	2786
5	2201	426.7	0	2201
6	80	106.7	0	80
7	37	26.7	0	37
8	2	6.7	0	2
9	12	1.7	0	3 9
10	13	0.4	1	0 13
11	6	0.1	1	0 6
12	2	0.0	1	0 2


=== Second read: Adapter PrefixPE/2 ===

Sequence: GTGACTGGAGTTCAGACGTGTGCTCTTCCGATCT; Type: regular 3'; Length: 34; Trimmed: 3073 times

No. of allowed errors:
0-9 bp: 0; 10-19 bp: 1; 20-29 bp: 2; 30-34 bp: 3

Bases preceding removed adapters:
  A: 35.0%
  C: 15.9%
  G: 13.9%
  T: 35.1%
  none/other: 0.0%

Overview of removed sequences
length	count	expect	max.err	error counts
3	2521	6827.2	0	2521
4	209	1706.8	0	209
5	148	426.7	0	148
6	16	106.7	0	16
7	4	26.7	0	4
8	1	6.7	0	1
10	1	0.4	1	0 1
11	1	0.1	1	0 1
229	4	0.0	3	0 0 1 3
230	13	0.0	3	0 0 8 5
231	1	0.0	3	0 1
232	16	0.0	3	0 2 5 9
234	34	0.0	3	0 18 14 2
235	27	0.0	3	0 2 13 12
236	42	0.0	3	0 4 25 13
237	7	0.0	3	0 0 3 4
238	24	0.0	3	0 1 6 17
242	4	0.0	3	0 0 4
