This is cutadapt 2.9 with Python 3.6.6
Command line parameters: --interleaved -a file:/nas02/apps/trimmomatic-0.36/Trimmomatic-0.36/adapters/TruSeq3-PE.fa -A file:/nas02/apps/trimmomatic-0.36/Trimmomatic-0.36/adapters/TruSeq3-PE.fa -m 30 /nas/longleaf/home/zpopkinh/Pvivax_resources/wgs_pe_improved_global/fastq/SRS1061211/SRR2317109_1.fastq.gz /nas/longleaf/home/zpopkinh/Pvivax_resources/wgs_pe_improved_global/fastq/SRS1061211/SRR2317109_2.fastq.gz
Processing reads on 1 core in paired-end mode ...
Finished in 827.65 s (82 us/read; 0.73 M reads/minute).

=== Summary ===

Total read pairs processed:         10,081,098
  Read 1 with adapter:                 373,972 (3.7%)
  Read 2 with adapter:                 369,215 (3.7%)
Pairs written (passing filters):    10,081,068 (100.0%)

Total basepairs processed: 2,016,219,600 bp
  Read 1: 1,008,109,800 bp
  Read 2: 1,008,109,800 bp
Total written (filtered):  2,013,697,347 bp (99.9%)
  Read 1: 1,006,840,700 bp
  Read 2: 1,006,856,647 bp

=== First read: Adapter PrefixPE/1 ===

Sequence: TACACTCTTTCCCTACACGACGCTCTTCCGATCT; Type: regular 3'; Length: 34; Trimmed: 192479 times

No. of allowed errors:
0-9 bp: 0; 10-19 bp: 1; 20-29 bp: 2; 30-34 bp: 3

Bases preceding removed adapters:
  A: 29.2%
  C: 19.9%
  G: 21.4%
  T: 29.5%
  none/other: 0.0%

Overview of removed sequences
length	count	expect	max.err	error counts
3	127788	157517.2	0	127788
4	50522	39379.3	0	50522
5	9883	9844.8	0	9883
6	2240	2461.2	0	2240
7	435	615.3	0	435
8	113	153.8	0	113
9	568	38.5	0	46 522
10	642	9.6	1	7 635
11	206	2.4	1	2 204
12	42	0.6	1	1 41
13	5	0.2	1	0 5
14	5	0.0	1	0 5
24	1	0.0	2	0 0 1
25	1	0.0	2	1
29	1	0.0	2	0 0 1
32	1	0.0	3	0 0 0 1
41	1	0.0	3	0 0 0 1
45	1	0.0	3	0 0 0 1
60	1	0.0	3	0 0 1
75	2	0.0	3	2
76	9	0.0	3	9
83	5	0.0	3	5
95	1	0.0	3	1
98	2	0.0	3	1 1
100	4	0.0	3	0 3 0 1


=== First read: Adapter PrefixPE/2 ===

Sequence: GTGACTGGAGTTCAGACGTGTGCTCTTCCGATCT; Type: regular 3'; Length: 34; Trimmed: 181493 times

No. of allowed errors:
0-9 bp: 0; 10-19 bp: 1; 20-29 bp: 2; 30-34 bp: 3

Bases preceding removed adapters:
  A: 26.1%
  C: 15.0%
  G: 25.8%
  T: 33.1%
  none/other: 0.0%

Overview of removed sequences
length	count	expect	max.err	error counts
3	139777	157517.2	0	139777
4	33920	39379.3	0	33920
5	5397	9844.8	0	5397
6	1403	2461.2	0	1403
7	345	615.3	0	345
8	87	153.8	0	87
9	219	38.5	0	17 202
10	233	9.6	1	6 227
11	77	2.4	1	0 77
12	30	0.6	1	0 30
13	4	0.2	1	0 4
69	1	0.0	3	0 0 1


=== Second read: Adapter PrefixPE/1 ===

Sequence: TACACTCTTTCCCTACACGACGCTCTTCCGATCT; Type: regular 3'; Length: 34; Trimmed: 190415 times

No. of allowed errors:
0-9 bp: 0; 10-19 bp: 1; 20-29 bp: 2; 30-34 bp: 3

Bases preceding removed adapters:
  A: 29.2%
  C: 19.7%
  G: 21.2%
  T: 29.8%
  none/other: 0.0%

Overview of removed sequences
length	count	expect	max.err	error counts
3	126879	157517.2	0	126879
4	49540	39379.3	0	49540
5	9785	9844.8	0	9785
6	2168	2461.2	0	2168
7	391	615.3	0	391
8	113	153.8	0	113
9	574	38.5	0	47 527
10	680	9.6	1	23 657
11	214	2.4	1	5 209
12	50	0.6	1	1 49
13	11	0.2	1	1 10
14	3	0.0	1	0 3
15	2	0.0	1	0 2
16	1	0.0	1	0 1
95	1	0.0	3	1
97	1	0.0	3	0 0 1
100	2	0.0	3	1 0 1


=== Second read: Adapter PrefixPE/2 ===

Sequence: GTGACTGGAGTTCAGACGTGTGCTCTTCCGATCT; Type: regular 3'; Length: 34; Trimmed: 178800 times

No. of allowed errors:
0-9 bp: 0; 10-19 bp: 1; 20-29 bp: 2; 30-34 bp: 3

Bases preceding removed adapters:
  A: 25.9%
  C: 15.3%
  G: 25.8%
  T: 33.0%
  none/other: 0.0%

Overview of removed sequences
length	count	expect	max.err	error counts
3	137345	157517.2	0	137345
4	33738	39379.3	0	33738
5	5375	9844.8	0	5375
6	1337	2461.2	0	1337
7	363	615.3	0	363
8	70	153.8	0	70
9	241	38.5	0	17 224
10	214	9.6	1	6 208
11	73	2.4	1	0 73
12	20	0.6	1	0 20
13	7	0.2	1	0 7
14	3	0.0	1	0 3
15	1	0.0	1	0 1
18	1	0.0	1	0 1
34	1	0.0	3	0 0 0 1
46	1	0.0	3	0 0 0 1
48	1	0.0	3	0 0 1
74	9	0.0	3	5 1 3
