This is cutadapt 2.9 with Python 3.6.6
Command line parameters: --interleaved -a file:/nas02/apps/trimmomatic-0.36/Trimmomatic-0.36/adapters/TruSeq3-PE.fa -A file:/nas02/apps/trimmomatic-0.36/Trimmomatic-0.36/adapters/TruSeq3-PE.fa -m 30 /nas/longleaf/home/zpopkinh/Pvivax_resources/wgs_pe_improved_global/fastq/ERR5740746/ERR5740746_1.fastq.gz /nas/longleaf/home/zpopkinh/Pvivax_resources/wgs_pe_improved_global/fastq/ERR5740746/ERR5740746_2.fastq.gz
Processing reads on 1 core in paired-end mode ...
Finished in 469.65 s (141 us/read; 0.43 M reads/minute).

=== Summary ===

Total read pairs processed:          3,330,770
  Read 1 with adapter:                 121,993 (3.7%)
  Read 2 with adapter:                 116,691 (3.5%)
Pairs written (passing filters):     3,330,766 (100.0%)

Total basepairs processed: 1,005,892,540 bp
  Read 1:   502,946,270 bp
  Read 2:   502,946,270 bp
Total written (filtered):  1,005,085,256 bp (99.9%)
  Read 1:   502,533,359 bp
  Read 2:   502,551,897 bp

=== First read: Adapter PrefixPE/1 ===

Sequence: TACACTCTTTCCCTACACGACGCTCTTCCGATCT; Type: regular 3'; Length: 34; Trimmed: 57403 times

No. of allowed errors:
0-9 bp: 0; 10-19 bp: 1; 20-29 bp: 2; 30-34 bp: 3

Bases preceding removed adapters:
  A: 26.8%
  C: 22.9%
  G: 22.9%
  T: 27.4%
  none/other: 0.0%

Overview of removed sequences
length	count	expect	max.err	error counts
3	38718	52043.3	0	38718
4	14201	13010.8	0	14201
5	3165	3252.7	0	3165
6	631	813.2	0	631
7	138	203.3	0	138
8	33	50.8	0	33
9	188	12.7	0	15 173
10	212	3.2	1	6 206
11	88	0.8	1	0 88
12	22	0.2	1	0 22
13	4	0.0	1	0 4
14	1	0.0	1	0 1
15	1	0.0	1	0 1
151	1	0.0	3	0 0 0 1


=== First read: Adapter PrefixPE/2 ===

Sequence: GTGACTGGAGTTCAGACGTGTGCTCTTCCGATCT; Type: regular 3'; Length: 34; Trimmed: 64590 times

No. of allowed errors:
0-9 bp: 0; 10-19 bp: 1; 20-29 bp: 2; 30-34 bp: 3

Bases preceding removed adapters:
  A: 26.2%
  C: 14.4%
  G: 27.1%
  T: 32.3%
  none/other: 0.0%

Overview of removed sequences
length	count	expect	max.err	error counts
3	49841	52043.3	0	49841
4	11817	13010.8	0	11817
5	1986	3252.7	0	1986
6	568	813.2	0	568
7	133	203.3	0	133
8	36	50.8	0	36
9	100	12.7	0	8 92
10	69	3.2	1	0 69
11	28	0.8	1	0 28
12	8	0.2	1	0 8
13	1	0.0	1	0 1
14	2	0.0	1	0 2
141	1	0.0	3	1


=== Second read: Adapter PrefixPE/1 ===

Sequence: TACACTCTTTCCCTACACGACGCTCTTCCGATCT; Type: regular 3'; Length: 34; Trimmed: 54422 times

No. of allowed errors:
0-9 bp: 0; 10-19 bp: 1; 20-29 bp: 2; 30-34 bp: 3

Bases preceding removed adapters:
  A: 27.3%
  C: 24.3%
  G: 22.4%
  T: 26.0%
  none/other: 0.0%

Overview of removed sequences
length	count	expect	max.err	error counts
3	36739	52043.3	0	36739
4	13273	13010.8	0	13273
5	3102	3252.7	0	3102
6	654	813.2	0	654
7	143	203.3	0	143
8	51	50.8	0	51
9	148	12.7	0	9 139
10	208	3.2	1	10 198
11	77	0.8	1	0 77
12	13	0.2	1	0 13
13	7	0.0	1	0 7
14	4	0.0	1	0 4
15	1	0.0	1	1
118	1	0.0	3	0 0 0 1
149	1	0.0	3	0 0 0 1


=== Second read: Adapter PrefixPE/2 ===

Sequence: GTGACTGGAGTTCAGACGTGTGCTCTTCCGATCT; Type: regular 3'; Length: 34; Trimmed: 62269 times

No. of allowed errors:
0-9 bp: 0; 10-19 bp: 1; 20-29 bp: 2; 30-34 bp: 3

Bases preceding removed adapters:
  A: 25.2%
  C: 16.8%
  G: 26.9%
  T: 31.1%
  none/other: 0.0%

Overview of removed sequences
length	count	expect	max.err	error counts
3	48905	52043.3	0	48905
4	10581	13010.8	0	10581
5	1928	3252.7	0	1928
6	436	813.2	0	436
7	146	203.3	0	146
8	35	50.8	0	35
9	99	12.7	0	9 90
10	94	3.2	1	1 93
11	36	0.8	1	1 35
12	7	0.2	1	0 7
14	1	0.0	1	0 1
143	1	0.0	3	0 0 0 1
