This is cutadapt 2.9 with Python 3.6.6
Command line parameters: --interleaved -a file:/nas02/apps/trimmomatic-0.36/Trimmomatic-0.36/adapters/TruSeq3-PE.fa -A file:/nas02/apps/trimmomatic-0.36/Trimmomatic-0.36/adapters/TruSeq3-PE.fa -m 30 /nas/longleaf/home/zpopkinh/Pvivax_resources/wgs_pe_improved_global/fastq/ERS666224/ERR925435_1.fastq.gz /nas/longleaf/home/zpopkinh/Pvivax_resources/wgs_pe_improved_global/fastq/ERS666224/ERR925435_2.fastq.gz
Processing reads on 1 core in paired-end mode ...
Finished in 319.41 s (92 us/read; 0.65 M reads/minute).

=== Summary ===

Total read pairs processed:          3,485,556
  Read 1 with adapter:                 128,382 (3.7%)
  Read 2 with adapter:                 126,451 (3.6%)
Pairs written (passing filters):     3,485,556 (100.0%)

Total basepairs processed:   697,111,200 bp
  Read 1:   348,555,600 bp
  Read 2:   348,555,600 bp
Total written (filtered):    696,244,980 bp (99.9%)
  Read 1:   348,118,937 bp
  Read 2:   348,126,043 bp

=== First read: Adapter PrefixPE/1 ===

Sequence: TACACTCTTTCCCTACACGACGCTCTTCCGATCT; Type: regular 3'; Length: 34; Trimmed: 71346 times

No. of allowed errors:
0-9 bp: 0; 10-19 bp: 1; 20-29 bp: 2; 30-34 bp: 3

Bases preceding removed adapters:
  A: 29.0%
  C: 17.0%
  G: 26.3%
  T: 27.7%
  none/other: 0.0%

Overview of removed sequences
length	count	expect	max.err	error counts
3	46610	54461.8	0	46610
4	19148	13615.5	0	19148
5	3753	3403.9	0	3753
6	877	851.0	0	877
7	202	212.7	0	202
8	52	53.2	0	52
9	191	13.3	0	17 174
10	398	3.3	1	5 393
11	91	0.8	1	1 90
12	18	0.2	1	0 18
13	5	0.1	1	0 5
14	1	0.0	1	0 1


=== First read: Adapter PrefixPE/2 ===

Sequence: GTGACTGGAGTTCAGACGTGTGCTCTTCCGATCT; Type: regular 3'; Length: 34; Trimmed: 57036 times

No. of allowed errors:
0-9 bp: 0; 10-19 bp: 1; 20-29 bp: 2; 30-34 bp: 3

Bases preceding removed adapters:
  A: 25.3%
  C: 16.7%
  G: 24.2%
  T: 33.8%
  none/other: 0.0%

Overview of removed sequences
length	count	expect	max.err	error counts
3	44392	54461.8	0	44392
4	10450	13615.5	0	10450
5	1540	3403.9	0	1540
6	372	851.0	0	372
7	87	212.7	0	87
8	13	53.2	0	13
9	86	13.3	0	2 84
10	72	3.3	1	2 70
11	17	0.8	1	0 17
12	4	0.2	1	0 4
13	3	0.1	1	0 3


=== Second read: Adapter PrefixPE/1 ===

Sequence: TACACTCTTTCCCTACACGACGCTCTTCCGATCT; Type: regular 3'; Length: 34; Trimmed: 70147 times

No. of allowed errors:
0-9 bp: 0; 10-19 bp: 1; 20-29 bp: 2; 30-34 bp: 3

Bases preceding removed adapters:
  A: 29.5%
  C: 16.8%
  G: 26.2%
  T: 27.5%
  none/other: 0.0%

Overview of removed sequences
length	count	expect	max.err	error counts
3	45984	54461.8	0	45984
4	18937	13615.5	0	18937
5	3521	3403.9	0	3521
6	816	851.0	0	816
7	202	212.7	0	202
8	34	53.2	0	34
9	170	13.3	0	14 156
10	379	3.3	1	7 372
11	78	0.8	1	0 78
12	19	0.2	1	0 19
13	4	0.1	1	0 4
14	2	0.0	1	0 2
15	1	0.0	1	0 1


=== Second read: Adapter PrefixPE/2 ===

Sequence: GTGACTGGAGTTCAGACGTGTGCTCTTCCGATCT; Type: regular 3'; Length: 34; Trimmed: 56304 times

No. of allowed errors:
0-9 bp: 0; 10-19 bp: 1; 20-29 bp: 2; 30-34 bp: 3

Bases preceding removed adapters:
  A: 25.4%
  C: 17.1%
  G: 24.4%
  T: 33.2%
  none/other: 0.0%

Overview of removed sequences
length	count	expect	max.err	error counts
3	43796	54461.8	0	43796
4	10206	13615.5	0	10206
5	1639	3403.9	0	1639
6	380	851.0	0	380
7	85	212.7	0	85
8	14	53.2	0	14
9	92	13.3	0	3 89
10	70	3.3	1	2 68
11	18	0.8	1	0 18
12	3	0.2	1	0 3
13	1	0.1	1	0 1
