This is cutadapt 2.9 with Python 3.6.6
Command line parameters: --interleaved -a file:/nas02/apps/trimmomatic-0.36/Trimmomatic-0.36/adapters/TruSeq3-PE.fa -A file:/nas02/apps/trimmomatic-0.36/Trimmomatic-0.36/adapters/TruSeq3-PE.fa -m 30 /nas/longleaf/home/zpopkinh/Pvivax_resources/wgs_pe_improved_global/fastq/ERR5748170/ERR5748170_1.fastq.gz /nas/longleaf/home/zpopkinh/Pvivax_resources/wgs_pe_improved_global/fastq/ERR5748170/ERR5748170_2.fastq.gz
Processing reads on 1 core in paired-end mode ...
Finished in 3086.46 s (138 us/read; 0.44 M reads/minute).

=== Summary ===

Total read pairs processed:         22,393,339
  Read 1 with adapter:                 826,029 (3.7%)
  Read 2 with adapter:                 828,746 (3.7%)
Pairs written (passing filters):    22,393,334 (100.0%)

Total basepairs processed: 6,718,001,700 bp
  Read 1: 3,359,000,850 bp
  Read 2: 3,359,000,850 bp
Total written (filtered):  6,712,349,739 bp (99.9%)
  Read 1: 3,356,176,707 bp
  Read 2: 3,356,173,032 bp

=== First read: Adapter PrefixPE/1 ===

Sequence: TACACTCTTTCCCTACACGACGCTCTTCCGATCT; Type: regular 3'; Length: 34; Trimmed: 383160 times

No. of allowed errors:
0-9 bp: 0; 10-19 bp: 1; 20-29 bp: 2; 30-34 bp: 3

Bases preceding removed adapters:
  A: 30.4%
  C: 21.9%
  G: 16.7%
  T: 31.0%
  none/other: 0.0%

Overview of removed sequences
length	count	expect	max.err	error counts
3	250645	349895.9	0	250645
4	105263	87474.0	0	105263
5	16916	21868.5	0	16916
6	4969	5467.1	0	4969
7	932	1366.8	0	932
8	314	341.7	0	314
9	1053	85.4	0	79 974
10	2319	21.4	1	36 2283
11	598	5.3	1	5 593
12	101	1.3	1	0 101
13	38	0.3	1	1 37
14	6	0.1	1	0 6
15	3	0.0	1	0 3
16	1	0.0	1	0 1
55	1	0.0	3	0 0 0 1
79	1	0.0	3	0 0 0 1


=== First read: Adapter PrefixPE/2 ===

Sequence: GTGACTGGAGTTCAGACGTGTGCTCTTCCGATCT; Type: regular 3'; Length: 34; Trimmed: 442869 times

No. of allowed errors:
0-9 bp: 0; 10-19 bp: 1; 20-29 bp: 2; 30-34 bp: 3

Bases preceding removed adapters:
  A: 31.0%
  C: 6.7%
  G: 25.1%
  T: 37.3%
  none/other: 0.0%

Overview of removed sequences
length	count	expect	max.err	error counts
3	328670	349895.9	0	328670
4	90524	87474.0	0	90524
5	14887	21868.5	0	14887
6	4989	5467.1	0	4989
7	1337	1366.8	0	1337
8	321	341.7	0	321
9	765	85.4	0	92 673
10	884	21.4	1	22 862
11	339	5.3	1	12 327
12	109	1.3	1	2 107
13	34	0.3	1	0 34
14	4	0.1	1	0 4
15	2	0.0	1	0 2
54	1	0.0	3	1
142	2	0.0	3	2
148	1	0.0	3	1


=== Second read: Adapter PrefixPE/1 ===

Sequence: TACACTCTTTCCCTACACGACGCTCTTCCGATCT; Type: regular 3'; Length: 34; Trimmed: 381354 times

No. of allowed errors:
0-9 bp: 0; 10-19 bp: 1; 20-29 bp: 2; 30-34 bp: 3

Bases preceding removed adapters:
  A: 30.7%
  C: 22.4%
  G: 16.8%
  T: 30.2%
  none/other: 0.0%

Overview of removed sequences
length	count	expect	max.err	error counts
3	250375	349895.9	0	250375
4	103122	87474.0	0	103122
5	17510	21868.5	0	17510
6	5023	5467.1	0	5023
7	1058	1366.8	0	1058
8	349	341.7	0	349
9	1036	85.4	0	102 934
10	2142	21.4	1	71 2071
11	535	5.3	1	12 523
12	136	1.3	1	1 135
13	45	0.3	1	0 45
14	14	0.1	1	0 14
15	6	0.0	1	0 6
17	1	0.0	1	0 1
123	1	0.0	3	0 0 1
150	1	0.0	3	0 1


=== Second read: Adapter PrefixPE/2 ===

Sequence: GTGACTGGAGTTCAGACGTGTGCTCTTCCGATCT; Type: regular 3'; Length: 34; Trimmed: 447392 times

No. of allowed errors:
0-9 bp: 0; 10-19 bp: 1; 20-29 bp: 2; 30-34 bp: 3

Bases preceding removed adapters:
  A: 30.3%
  C: 8.4%
  G: 25.1%
  T: 36.2%
  none/other: 0.0%

Overview of removed sequences
length	count	expect	max.err	error counts
3	335763	349895.9	0	335763
4	88006	87474.0	0	88006
5	15062	21868.5	0	15062
6	4829	5467.1	0	4829
7	1264	1366.8	0	1264
8	340	341.7	0	340
9	802	85.4	0	104 698
10	839	21.4	1	25 814
11	340	5.3	1	6 334
12	111	1.3	1	0 111
13	21	0.3	1	0 21
14	12	0.1	1	0 12
15	2	0.0	1	0 2
104	1	0.0	3	0 0 0 1
