This is cutadapt 2.9 with Python 3.6.6
Command line parameters: --interleaved -a file:/nas02/apps/trimmomatic-0.36/Trimmomatic-0.36/adapters/TruSeq3-PE.fa -A file:/nas02/apps/trimmomatic-0.36/Trimmomatic-0.36/adapters/TruSeq3-PE.fa -m 30 /nas/longleaf/home/zpopkinh/Pvivax_resources/wgs_pe_improved_global/fastq/ERR3813234/ERR3813234_1.fastq.gz /nas/longleaf/home/zpopkinh/Pvivax_resources/wgs_pe_improved_global/fastq/ERR3813234/ERR3813234_2.fastq.gz
Processing reads on 1 core in paired-end mode ...
Finished in 1340.20 s (108 us/read; 0.55 M reads/minute).

=== Summary ===

Total read pairs processed:         12,371,135
  Read 1 with adapter:                 453,381 (3.7%)
  Read 2 with adapter:                 457,662 (3.7%)
Pairs written (passing filters):    12,371,135 (100.0%)

Total basepairs processed: 3,711,340,500 bp
  Read 1: 1,855,670,250 bp
  Read 2: 1,855,670,250 bp
Total written (filtered):  3,708,241,707 bp (99.9%)
  Read 1: 1,854,126,478 bp
  Read 2: 1,854,115,229 bp

=== First read: Adapter PrefixPE/1 ===

Sequence: TACACTCTTTCCCTACACGACGCTCTTCCGATCT; Type: regular 3'; Length: 34; Trimmed: 212934 times

No. of allowed errors:
0-9 bp: 0; 10-19 bp: 1; 20-29 bp: 2; 30-34 bp: 3

Bases preceding removed adapters:
  A: 29.8%
  C: 22.9%
  G: 16.7%
  T: 30.6%
  none/other: 0.0%

Overview of removed sequences
length	count	expect	max.err	error counts
3	140924	193299.0	0	140924
4	56545	48324.7	0	56545
5	10020	12081.2	0	10020
6	2662	3020.3	0	2662
7	561	755.1	0	561
8	182	188.8	0	182
9	549	47.2	0	44 505
10	1104	11.8	1	30 1074
11	277	2.9	1	2 275
12	73	0.7	1	0 73
13	22	0.2	1	0 22
14	12	0.0	1	0 12
15	2	0.0	1	0 2
112	1	0.0	3	0 0 1


=== First read: Adapter PrefixPE/2 ===

Sequence: GTGACTGGAGTTCAGACGTGTGCTCTTCCGATCT; Type: regular 3'; Length: 34; Trimmed: 240447 times

No. of allowed errors:
0-9 bp: 0; 10-19 bp: 1; 20-29 bp: 2; 30-34 bp: 3

Bases preceding removed adapters:
  A: 29.8%
  C: 8.2%
  G: 25.7%
  T: 36.3%
  none/other: 0.0%

Overview of removed sequences
length	count	expect	max.err	error counts
3	180591	193299.0	0	180591
4	47999	48324.7	0	47999
5	7571	12081.2	0	7571
6	2379	3020.3	0	2379
7	617	755.1	0	617
8	131	188.8	0	131
9	420	47.2	0	46 374
10	495	11.8	1	22 473
11	178	2.9	1	1 177
12	47	0.7	1	1 46
13	15	0.2	1	2 13
14	3	0.0	1	0 3
111	1	0.0	3	0 0 1


=== Second read: Adapter PrefixPE/1 ===

Sequence: TACACTCTTTCCCTACACGACGCTCTTCCGATCT; Type: regular 3'; Length: 34; Trimmed: 212440 times

No. of allowed errors:
0-9 bp: 0; 10-19 bp: 1; 20-29 bp: 2; 30-34 bp: 3

Bases preceding removed adapters:
  A: 29.9%
  C: 23.0%
  G: 16.9%
  T: 30.2%
  none/other: 0.0%

Overview of removed sequences
length	count	expect	max.err	error counts
3	141734	193299.0	0	141734
4	55086	48324.7	0	55086
5	10171	12081.2	0	10171
6	2677	3020.3	0	2677
7	572	755.1	0	572
8	184	188.8	0	184
9	630	47.2	0	44 586
10	1036	11.8	1	21 1015
11	252	2.9	1	6 246
12	62	0.7	1	1 61
13	26	0.2	1	0 26
14	4	0.0	1	0 4
15	3	0.0	1	0 3
16	2	0.0	1	0 2
19	1	0.0	1	0 0 1


=== Second read: Adapter PrefixPE/2 ===

Sequence: GTGACTGGAGTTCAGACGTGTGCTCTTCCGATCT; Type: regular 3'; Length: 34; Trimmed: 245222 times

No. of allowed errors:
0-9 bp: 0; 10-19 bp: 1; 20-29 bp: 2; 30-34 bp: 3

Bases preceding removed adapters:
  A: 29.2%
  C: 10.3%
  G: 25.7%
  T: 34.7%
  none/other: 0.0%

Overview of removed sequences
length	count	expect	max.err	error counts
3	185926	193299.0	0	185926
4	47032	48324.7	0	47032
5	7905	12081.2	0	7905
6	2430	3020.3	0	2430
7	603	755.1	0	603
8	175	188.8	0	175
9	429	47.2	0	47 382
10	474	11.8	1	9 465
11	188	2.9	1	5 183
12	41	0.7	1	0 41
13	13	0.2	1	0 13
14	6	0.0	1	0 6
