This is cutadapt 2.9 with Python 3.6.6
Command line parameters: --interleaved -a file:/nas02/apps/trimmomatic-0.36/Trimmomatic-0.36/adapters/TruSeq3-PE.fa -A file:/nas02/apps/trimmomatic-0.36/Trimmomatic-0.36/adapters/TruSeq3-PE.fa -m 30 /nas/longleaf/home/zpopkinh/Pvivax_resources/wgs_pe_improved_global/fastq/SRS693921/SRR1568184_1.fastq.gz /nas/longleaf/home/zpopkinh/Pvivax_resources/wgs_pe_improved_global/fastq/SRS693921/SRR1568184_2.fastq.gz
Processing reads on 1 core in paired-end mode ...
Finished in 485.89 s (77 us/read; 0.78 M reads/minute).

=== Summary ===

Total read pairs processed:          6,301,271
  Read 1 with adapter:                 235,795 (3.7%)
  Read 2 with adapter:                 236,467 (3.8%)
Pairs written (passing filters):     6,301,270 (100.0%)

Total basepairs processed: 1,272,856,742 bp
  Read 1:   636,428,371 bp
  Read 2:   636,428,371 bp
Total written (filtered):  1,271,260,580 bp (99.9%)
  Read 1:   635,629,557 bp
  Read 2:   635,631,023 bp

=== First read: Adapter PrefixPE/1 ===

Sequence: TACACTCTTTCCCTACACGACGCTCTTCCGATCT; Type: regular 3'; Length: 34; Trimmed: 115534 times

No. of allowed errors:
0-9 bp: 0; 10-19 bp: 1; 20-29 bp: 2; 30-34 bp: 3

Bases preceding removed adapters:
  A: 25.7%
  C: 21.9%
  G: 25.7%
  T: 26.7%
  none/other: 0.0%

Overview of removed sequences
length	count	expect	max.err	error counts
3	77522	98457.4	0	77522
4	28187	24614.3	0	28187
5	6713	6153.6	0	6713
6	1500	1538.4	0	1500
7	340	384.6	0	340
8	89	96.1	0	89
9	349	24.0	0	41 308
10	655	6.0	1	10 645
11	136	1.5	1	1 135
12	28	0.4	1	0 28
13	15	0.1	1	0 15


=== First read: Adapter PrefixPE/2 ===

Sequence: GTGACTGGAGTTCAGACGTGTGCTCTTCCGATCT; Type: regular 3'; Length: 34; Trimmed: 120261 times

No. of allowed errors:
0-9 bp: 0; 10-19 bp: 1; 20-29 bp: 2; 30-34 bp: 3

Bases preceding removed adapters:
  A: 25.0%
  C: 16.9%
  G: 26.3%
  T: 31.8%
  none/other: 0.0%

Overview of removed sequences
length	count	expect	max.err	error counts
3	92866	98457.4	0	92866
4	22443	24614.3	0	22443
5	3558	6153.6	0	3558
6	843	1538.4	0	843
7	172	384.6	0	172
8	29	96.1	0	29
9	191	24.0	0	3 188
10	105	6.0	1	4 101
11	48	1.5	1	0 48
12	5	0.4	1	0 5
13	1	0.1	1	0 1


=== Second read: Adapter PrefixPE/1 ===

Sequence: TACACTCTTTCCCTACACGACGCTCTTCCGATCT; Type: regular 3'; Length: 34; Trimmed: 114906 times

No. of allowed errors:
0-9 bp: 0; 10-19 bp: 1; 20-29 bp: 2; 30-34 bp: 3

Bases preceding removed adapters:
  A: 25.9%
  C: 22.2%
  G: 25.9%
  T: 25.9%
  none/other: 0.0%

Overview of removed sequences
length	count	expect	max.err	error counts
3	77252	98457.4	0	77252
4	28763	24614.3	0	28763
5	6039	6153.6	0	6039
6	1337	1538.4	0	1337
7	322	384.6	0	322
8	66	96.1	0	66
9	314	24.0	0	52 262
10	573	6.0	1	9 564
11	179	1.5	1	0 179
12	34	0.4	1	0 34
13	25	0.1	1	0 25
14	2	0.0	1	0 2


=== Second read: Adapter PrefixPE/2 ===

Sequence: GTGACTGGAGTTCAGACGTGTGCTCTTCCGATCT; Type: regular 3'; Length: 34; Trimmed: 121561 times

No. of allowed errors:
0-9 bp: 0; 10-19 bp: 1; 20-29 bp: 2; 30-34 bp: 3

Bases preceding removed adapters:
  A: 24.8%
  C: 18.9%
  G: 25.2%
  T: 31.0%
  none/other: 0.0%

Overview of removed sequences
length	count	expect	max.err	error counts
3	95486	98457.4	0	95486
4	21612	24614.3	0	21612
5	3062	6153.6	0	3062
6	835	1538.4	0	835
7	164	384.6	0	164
8	50	96.1	0	50
9	184	24.0	0	12 172
10	125	6.0	1	0 125
11	30	1.5	1	0 30
12	12	0.4	1	0 12
101	1	0.0	3	0 0 0 1
