This is cutadapt 2.9 with Python 3.6.6
Command line parameters: --interleaved -a file:/nas02/apps/trimmomatic-0.36/Trimmomatic-0.36/adapters/TruSeq3-PE.fa -A file:/nas02/apps/trimmomatic-0.36/Trimmomatic-0.36/adapters/TruSeq3-PE.fa -m 30 /nas/longleaf/home/zpopkinh/Pvivax_resources/wgs_pe_improved_global/fastq/SRS693921/SRR1564618_1.fastq.gz /nas/longleaf/home/zpopkinh/Pvivax_resources/wgs_pe_improved_global/fastq/SRS693921/SRR1564618_2.fastq.gz
Processing reads on 1 core in paired-end mode ...
Finished in 0.84 s (48 us/read; 1.26 M reads/minute).

=== Summary ===

Total read pairs processed:             17,564
  Read 1 with adapter:                     544 (3.1%)
  Read 2 with adapter:                     602 (3.4%)
Pairs written (passing filters):        17,564 (100.0%)

Total basepairs processed:     3,547,928 bp
  Read 1:     1,773,964 bp
  Read 2:     1,773,964 bp
Total written (filtered):      3,543,943 bp (99.9%)
  Read 1:     1,772,065 bp
  Read 2:     1,771,878 bp

=== First read: Adapter PrefixPE/1 ===

Sequence: TACACTCTTTCCCTACACGACGCTCTTCCGATCT; Type: regular 3'; Length: 34; Trimmed: 302 times

No. of allowed errors:
0-9 bp: 0; 10-19 bp: 1; 20-29 bp: 2; 30-34 bp: 3

Bases preceding removed adapters:
  A: 31.5%
  C: 22.8%
  G: 23.8%
  T: 21.9%
  none/other: 0.0%

Overview of removed sequences
length	count	expect	max.err	error counts
3	188	274.4	0	188
4	81	68.6	0	81
5	23	17.2	0	23
6	4	4.3	0	4
7	2	1.1	0	2
8	1	0.3	0	1
10	2	0.0	1	0 2
11	1	0.0	1	0 1


=== First read: Adapter PrefixPE/2 ===

Sequence: GTGACTGGAGTTCAGACGTGTGCTCTTCCGATCT; Type: regular 3'; Length: 34; Trimmed: 242 times

No. of allowed errors:
0-9 bp: 0; 10-19 bp: 1; 20-29 bp: 2; 30-34 bp: 3

Bases preceding removed adapters:
  A: 28.9%
  C: 10.7%
  G: 19.4%
  T: 40.9%
  none/other: 0.0%

Overview of removed sequences
length	count	expect	max.err	error counts
3	182	274.4	0	182
4	46	68.6	0	46
5	9	17.2	0	9
6	2	4.3	0	2
10	2	0.0	1	0 2
12	1	0.0	1	0 1


=== Second read: Adapter PrefixPE/1 ===

Sequence: TACACTCTTTCCCTACACGACGCTCTTCCGATCT; Type: regular 3'; Length: 34; Trimmed: 299 times

No. of allowed errors:
0-9 bp: 0; 10-19 bp: 1; 20-29 bp: 2; 30-34 bp: 3

Bases preceding removed adapters:
  A: 34.1%
  C: 22.1%
  G: 19.4%
  T: 24.4%
  none/other: 0.0%

Overview of removed sequences
length	count	expect	max.err	error counts
3	182	274.4	0	182
4	78	68.6	0	78
5	23	17.2	0	23
6	8	4.3	0	8
7	3	1.1	0	3
10	4	0.0	1	0 4
11	1	0.0	1	0 1


=== Second read: Adapter PrefixPE/2 ===

Sequence: GTGACTGGAGTTCAGACGTGTGCTCTTCCGATCT; Type: regular 3'; Length: 34; Trimmed: 303 times

No. of allowed errors:
0-9 bp: 0; 10-19 bp: 1; 20-29 bp: 2; 30-34 bp: 3

Bases preceding removed adapters:
  A: 31.0%
  C: 23.8%
  G: 18.2%
  T: 27.1%
  none/other: 0.0%

Overview of removed sequences
length	count	expect	max.err	error counts
3	244	274.4	0	244
4	43	68.6	0	43
5	10	17.2	0	10
6	5	4.3	0	5
9	1	0.1	0	0 1
