This is cutadapt 2.9 with Python 3.6.6
Command line parameters: --interleaved -a file:/nas02/apps/trimmomatic-0.36/Trimmomatic-0.36/adapters/TruSeq3-PE.fa -A file:/nas02/apps/trimmomatic-0.36/Trimmomatic-0.36/adapters/TruSeq3-PE.fa -m 30 /nas/longleaf/home/zpopkinh/Pvivax_resources/wgs_pe_improved_global/fastq/SRS2910035/SRR6668519_1.fastq.gz /nas/longleaf/home/zpopkinh/Pvivax_resources/wgs_pe_improved_global/fastq/SRS2910035/SRR6668519_2.fastq.gz
Processing reads on 1 core in paired-end mode ...
Finished in 186.18 s (71 us/read; 0.85 M reads/minute).

=== Summary ===

Total read pairs processed:          2,633,988
  Read 1 with adapter:                 113,437 (4.3%)
  Read 2 with adapter:                 125,760 (4.8%)
Pairs written (passing filters):     2,633,988 (100.0%)

Total basepairs processed:   526,797,600 bp
  Read 1:   263,398,800 bp
  Read 2:   263,398,800 bp
Total written (filtered):    525,966,225 bp (99.8%)
  Read 1:   263,001,139 bp
  Read 2:   262,965,086 bp

=== First read: Adapter PrefixPE/1 ===

Sequence: TACACTCTTTCCCTACACGACGCTCTTCCGATCT; Type: regular 3'; Length: 34; Trimmed: 64576 times

No. of allowed errors:
0-9 bp: 0; 10-19 bp: 1; 20-29 bp: 2; 30-34 bp: 3

Bases preceding removed adapters:
  A: 54.9%
  C: 14.7%
  G: 15.7%
  T: 14.8%
  none/other: 0.0%

Overview of removed sequences
length	count	expect	max.err	error counts
3	35332	41156.1	0	35332
4	17109	10289.0	0	17109
5	11149	2572.3	0	11149
6	493	643.1	0	493
7	116	160.8	0	116
8	71	40.2	0	71
9	104	10.0	0	8 96
10	114	2.5	1	1 113
11	51	0.6	1	0 51
12	29	0.2	1	0 29
13	7	0.0	1	0 7
14	1	0.0	1	0 1


=== First read: Adapter PrefixPE/2 ===

Sequence: GTGACTGGAGTTCAGACGTGTGCTCTTCCGATCT; Type: regular 3'; Length: 34; Trimmed: 48861 times

No. of allowed errors:
0-9 bp: 0; 10-19 bp: 1; 20-29 bp: 2; 30-34 bp: 3

Bases preceding removed adapters:
  A: 23.8%
  C: 18.9%
  G: 28.8%
  T: 28.5%
  none/other: 0.0%

Overview of removed sequences
length	count	expect	max.err	error counts
3	38079	41156.1	0	38079
4	8954	10289.0	0	8954
5	1342	2572.3	0	1342
6	305	643.1	0	305
7	102	160.8	0	102
8	3	40.2	0	3
9	43	10.0	0	3 40
10	27	2.5	1	1 26
11	5	0.6	1	0 5
13	1	0.0	1	0 1


=== Second read: Adapter PrefixPE/1 ===

Sequence: TACACTCTTTCCCTACACGACGCTCTTCCGATCT; Type: regular 3'; Length: 34; Trimmed: 69877 times

No. of allowed errors:
0-9 bp: 0; 10-19 bp: 1; 20-29 bp: 2; 30-34 bp: 3

Bases preceding removed adapters:
  A: 50.4%
  C: 21.4%
  G: 14.8%
  T: 13.5%
  none/other: 0.0%

Overview of removed sequences
length	count	expect	max.err	error counts
3	40768	41156.1	0	40768
4	17098	10289.0	0	17098
5	11039	2572.3	0	11039
6	548	643.1	0	548
7	117	160.8	0	117
8	68	40.2	0	68
9	74	10.0	0	5 69
10	99	2.5	1	1 98
11	49	0.6	1	0 49
12	11	0.2	1	1 10
13	4	0.0	1	0 4
14	2	0.0	1	0 2


=== Second read: Adapter PrefixPE/2 ===

Sequence: GTGACTGGAGTTCAGACGTGTGCTCTTCCGATCT; Type: regular 3'; Length: 34; Trimmed: 55883 times

No. of allowed errors:
0-9 bp: 0; 10-19 bp: 1; 20-29 bp: 2; 30-34 bp: 3

Bases preceding removed adapters:
  A: 20.2%
  C: 16.5%
  G: 30.6%
  T: 32.7%
  none/other: 0.0%

Overview of removed sequences
length	count	expect	max.err	error counts
3	45570	41156.1	0	45570
4	8439	10289.0	0	8439
5	1357	2572.3	0	1357
6	319	643.1	0	319
7	116	160.8	0	116
8	5	40.2	0	5
9	37	10.0	0	2 35
10	26	2.5	1	1 25
11	13	0.6	1	0 13
12	1	0.2	1	0 1
