This is cutadapt 2.9 with Python 3.6.6
Command line parameters: --interleaved -a file:/nas02/apps/trimmomatic-0.36/Trimmomatic-0.36/adapters/TruSeq3-PE.fa -A file:/nas02/apps/trimmomatic-0.36/Trimmomatic-0.36/adapters/TruSeq3-PE.fa -m 30 /nas/longleaf/home/zpopkinh/Pvivax_resources/wgs_pe_improved_global/fastq/SRS693266/SRR1562517_1.fastq.gz /nas/longleaf/home/zpopkinh/Pvivax_resources/wgs_pe_improved_global/fastq/SRS693266/SRR1562517_2.fastq.gz
Processing reads on 1 core in paired-end mode ...
Finished in 766.08 s (59 us/read; 1.01 M reads/minute).

=== Summary ===

Total read pairs processed:         12,898,285
  Read 1 with adapter:                 474,161 (3.7%)
  Read 2 with adapter:                 481,859 (3.7%)
Pairs written (passing filters):    12,898,266 (100.0%)

Total basepairs processed: 2,605,453,570 bp
  Read 1: 1,302,726,785 bp
  Read 2: 1,302,726,785 bp
Total written (filtered):  2,602,221,572 bp (99.9%)
  Read 1: 1,301,121,030 bp
  Read 2: 1,301,100,542 bp

=== First read: Adapter PrefixPE/1 ===

Sequence: TACACTCTTTCCCTACACGACGCTCTTCCGATCT; Type: regular 3'; Length: 34; Trimmed: 219447 times

No. of allowed errors:
0-9 bp: 0; 10-19 bp: 1; 20-29 bp: 2; 30-34 bp: 3

Bases preceding removed adapters:
  A: 26.8%
  C: 22.9%
  G: 23.0%
  T: 27.4%
  none/other: 0.0%

Overview of removed sequences
length	count	expect	max.err	error counts
3	146988	201535.7	0	146988
4	55537	50383.9	0	55537
5	12110	12596.0	0	12110
6	2511	3149.0	0	2511
7	570	787.2	0	570
8	160	196.8	0	160
9	544	49.2	0	41 503
10	702	12.3	1	9 693
11	243	3.1	1	0 243
12	42	0.8	1	0 42
13	17	0.2	1	0 17
14	11	0.0	1	0 11
38	2	0.0	3	0 0 2
40	1	0.0	3	0 1
56	1	0.0	3	0 0 0 1
58	1	0.0	3	0 0 1
60	1	0.0	3	0 0 0 1
61	1	0.0	3	1
101	5	0.0	3	0 0 2 3


=== First read: Adapter PrefixPE/2 ===

Sequence: GTGACTGGAGTTCAGACGTGTGCTCTTCCGATCT; Type: regular 3'; Length: 34; Trimmed: 254714 times

No. of allowed errors:
0-9 bp: 0; 10-19 bp: 1; 20-29 bp: 2; 30-34 bp: 3

Bases preceding removed adapters:
  A: 26.7%
  C: 12.8%
  G: 26.1%
  T: 34.4%
  none/other: 0.0%

Overview of removed sequences
length	count	expect	max.err	error counts
3	194341	201535.7	0	194341
4	48792	50383.9	0	48792
5	7887	12596.0	0	7887
6	2089	3149.0	0	2089
7	580	787.2	0	580
8	128	196.8	0	128
9	392	49.2	0	26 366
10	355	12.3	1	7 348
11	110	3.1	1	7 103
12	33	0.8	1	0 33
13	7	0.2	1	0 7


=== Second read: Adapter PrefixPE/1 ===

Sequence: TACACTCTTTCCCTACACGACGCTCTTCCGATCT; Type: regular 3'; Length: 34; Trimmed: 215695 times

No. of allowed errors:
0-9 bp: 0; 10-19 bp: 1; 20-29 bp: 2; 30-34 bp: 3

Bases preceding removed adapters:
  A: 27.1%
  C: 22.8%
  G: 22.9%
  T: 27.2%
  none/other: 0.0%

Overview of removed sequences
length	count	expect	max.err	error counts
3	144899	201535.7	0	144899
4	54171	50383.9	0	54171
5	11795	12596.0	0	11795
6	2475	3149.0	0	2475
7	624	787.2	0	624
8	159	196.8	0	159
9	562	49.2	0	50 512
10	688	12.3	1	6 682
11	259	3.1	1	1 258
12	42	0.8	1	2 40
13	8	0.2	1	0 8
14	13	0.0	1	1 12


=== Second read: Adapter PrefixPE/2 ===

Sequence: GTGACTGGAGTTCAGACGTGTGCTCTTCCGATCT; Type: regular 3'; Length: 34; Trimmed: 266164 times

No. of allowed errors:
0-9 bp: 0; 10-19 bp: 1; 20-29 bp: 2; 30-34 bp: 3

Bases preceding removed adapters:
  A: 26.0%
  C: 17.0%
  G: 24.8%
  T: 32.2%
  none/other: 0.0%

Overview of removed sequences
length	count	expect	max.err	error counts
3	206720	201535.7	0	206720
4	48054	50383.9	0	48054
5	7565	12596.0	0	7565
6	2196	3149.0	0	2196
7	499	787.2	0	499
8	162	196.8	0	162
9	372	49.2	0	48 324
10	367	12.3	1	7 360
11	167	3.1	1	5 162
12	29	0.8	1	0 29
13	8	0.2	1	0 8
14	1	0.0	1	0 1
23	1	0.0	2	1
24	1	0.0	2	0 0 1
29	1	0.0	2	1
30	1	0.0	3	1
42	1	0.0	3	0 1
43	1	0.0	3	1
46	1	0.0	3	0 0 0 1
50	1	0.0	3	0 1
57	1	0.0	3	0 1
70	1	0.0	3	0 0 1
93	13	0.0	3	0 1 4 8
94	1	0.0	3	0 0 0 1
