This is cutadapt 2.9 with Python 3.6.6
Command line parameters: --interleaved -a file:/nas02/apps/trimmomatic-0.36/Trimmomatic-0.36/adapters/TruSeq3-PE.fa -A file:/nas02/apps/trimmomatic-0.36/Trimmomatic-0.36/adapters/TruSeq3-PE.fa -m 30 /nas/longleaf/home/zpopkinh/Pvivax_resources/wgs_pe_improved_global/fastq/ERR5740753/ERR5740753_1.fastq.gz /nas/longleaf/home/zpopkinh/Pvivax_resources/wgs_pe_improved_global/fastq/ERR5740753/ERR5740753_2.fastq.gz
Processing reads on 1 core in paired-end mode ...
Finished in 470.58 s (133 us/read; 0.45 M reads/minute).

=== Summary ===

Total read pairs processed:          3,544,789
  Read 1 with adapter:                 129,135 (3.6%)
  Read 2 with adapter:                 126,141 (3.6%)
Pairs written (passing filters):     3,544,786 (100.0%)

Total basepairs processed: 1,070,526,278 bp
  Read 1:   535,263,139 bp
  Read 2:   535,263,139 bp
Total written (filtered):  1,069,657,884 bp (99.9%)
  Read 1:   534,823,144 bp
  Read 2:   534,834,740 bp

=== First read: Adapter PrefixPE/1 ===

Sequence: TACACTCTTTCCCTACACGACGCTCTTCCGATCT; Type: regular 3'; Length: 34; Trimmed: 59734 times

No. of allowed errors:
0-9 bp: 0; 10-19 bp: 1; 20-29 bp: 2; 30-34 bp: 3

Bases preceding removed adapters:
  A: 28.8%
  C: 23.3%
  G: 18.0%
  T: 29.9%
  none/other: 0.0%

Overview of removed sequences
length	count	expect	max.err	error counts
3	39626	55387.3	0	39626
4	15568	13846.8	0	15568
5	2978	3461.7	0	2978
6	820	865.4	0	820
7	129	216.4	0	129
8	57	54.1	0	57
9	178	13.5	0	16 162
10	255	3.4	1	8 247
11	102	0.8	1	1 101
12	17	0.2	1	0 17
13	3	0.1	1	0 3
14	1	0.0	1	0 1


=== First read: Adapter PrefixPE/2 ===

Sequence: GTGACTGGAGTTCAGACGTGTGCTCTTCCGATCT; Type: regular 3'; Length: 34; Trimmed: 69401 times

No. of allowed errors:
0-9 bp: 0; 10-19 bp: 1; 20-29 bp: 2; 30-34 bp: 3

Bases preceding removed adapters:
  A: 29.0%
  C: 9.6%
  G: 25.6%
  T: 35.8%
  none/other: 0.0%

Overview of removed sequences
length	count	expect	max.err	error counts
3	52237	55387.3	0	52237
4	13546	13846.8	0	13546
5	2331	3461.7	0	2331
6	747	865.4	0	747
7	202	216.4	0	202
8	53	54.1	0	53
9	113	13.5	0	9 104
10	105	3.4	1	2 103
11	51	0.8	1	3 48
12	14	0.2	1	0 14
13	2	0.1	1	0 2


=== Second read: Adapter PrefixPE/1 ===

Sequence: TACACTCTTTCCCTACACGACGCTCTTCCGATCT; Type: regular 3'; Length: 34; Trimmed: 58157 times

No. of allowed errors:
0-9 bp: 0; 10-19 bp: 1; 20-29 bp: 2; 30-34 bp: 3

Bases preceding removed adapters:
  A: 29.4%
  C: 24.5%
  G: 18.3%
  T: 27.8%
  none/other: 0.0%

Overview of removed sequences
length	count	expect	max.err	error counts
3	38697	55387.3	0	38697
4	14963	13846.8	0	14963
5	3001	3461.7	0	3001
6	737	865.4	0	737
7	181	216.4	0	181
8	46	54.1	0	46
9	159	13.5	0	16 143
10	256	3.4	1	5 251
11	87	0.8	1	2 85
12	20	0.2	1	0 20
13	4	0.1	1	0 4
14	4	0.0	1	0 4
108	1	0.0	3	1
151	1	0.0	3	0 0 0 1


=== Second read: Adapter PrefixPE/2 ===

Sequence: GTGACTGGAGTTCAGACGTGTGCTCTTCCGATCT; Type: regular 3'; Length: 34; Trimmed: 67984 times

No. of allowed errors:
0-9 bp: 0; 10-19 bp: 1; 20-29 bp: 2; 30-34 bp: 3

Bases preceding removed adapters:
  A: 27.7%
  C: 12.1%
  G: 25.9%
  T: 34.3%
  none/other: 0.0%

Overview of removed sequences
length	count	expect	max.err	error counts
3	52296	55387.3	0	52296
4	12366	13846.8	0	12366
5	2195	3461.7	0	2195
6	586	865.4	0	586
7	191	216.4	0	191
8	51	54.1	0	51
9	118	13.5	0	5 113
10	118	3.4	1	1 117
11	35	0.8	1	0 35
12	19	0.2	1	0 19
13	4	0.1	1	0 4
14	3	0.0	1	0 3
143	2	0.0	3	0 1 0 1
