This is cutadapt 2.9 with Python 3.6.6
Command line parameters: --interleaved -a file:/nas02/apps/trimmomatic-0.36/Trimmomatic-0.36/adapters/TruSeq3-PE.fa -A file:/nas02/apps/trimmomatic-0.36/Trimmomatic-0.36/adapters/TruSeq3-PE.fa -m 30 /nas/longleaf/home/zpopkinh/Pvivax_resources/wgs_pe_improved_global/fastq/SRS2745973/SRR6361376_1.fastq.gz /nas/longleaf/home/zpopkinh/Pvivax_resources/wgs_pe_improved_global/fastq/SRS2745973/SRR6361376_2.fastq.gz
Processing reads on 1 core in paired-end mode ...
Finished in 5523.42 s (83 us/read; 0.73 M reads/minute).

=== Summary ===

Total read pairs processed:         66,801,886
  Read 1 with adapter:               2,165,463 (3.2%)
  Read 2 with adapter:               2,136,830 (3.2%)
Pairs written (passing filters):    66,801,882 (100.0%)

Total basepairs processed: 13,360,377,200 bp
  Read 1: 6,680,188,600 bp
  Read 2: 6,680,188,600 bp
Total written (filtered):  13,345,812,537 bp (99.9%)
  Read 1: 6,672,856,217 bp
  Read 2: 6,672,956,320 bp

=== First read: Adapter PrefixPE/1 ===

Sequence: TACACTCTTTCCCTACACGACGCTCTTCCGATCT; Type: regular 3'; Length: 34; Trimmed: 1141306 times

No. of allowed errors:
0-9 bp: 0; 10-19 bp: 1; 20-29 bp: 2; 30-34 bp: 3

Bases preceding removed adapters:
  A: 30.0%
  C: 18.2%
  G: 20.6%
  T: 31.2%
  none/other: 0.0%

Overview of removed sequences
length	count	expect	max.err	error counts
3	765438	1043779.5	0	765438
4	281201	260944.9	0	281201
5	72036	65236.2	0	72036
6	10846	16309.1	0	10846
7	2076	4077.3	0	2076
8	665	1019.3	0	665
9	3821	254.8	0	186 3635
10	3443	63.7	1	61 3382
11	1356	15.9	1	8 1348
12	313	4.0	1	1 312
13	63	1.0	1	0 63
14	46	0.2	1	0 46
16	1	0.0	1	0 1
83	1	0.0	3	0 0 1


=== First read: Adapter PrefixPE/2 ===

Sequence: GTGACTGGAGTTCAGACGTGTGCTCTTCCGATCT; Type: regular 3'; Length: 34; Trimmed: 1024157 times

No. of allowed errors:
0-9 bp: 0; 10-19 bp: 1; 20-29 bp: 2; 30-34 bp: 3

Bases preceding removed adapters:
  A: 24.2%
  C: 19.2%
  G: 25.8%
  T: 30.8%
  none/other: 0.0%

Overview of removed sequences
length	count	expect	max.err	error counts
3	783007	1043779.5	0	783007
4	199617	260944.9	0	199617
5	30999	65236.2	0	30999
6	6464	16309.1	0	6464
7	1496	4077.3	0	1496
8	211	1019.3	0	211
9	883	254.8	0	58 825
10	947	63.7	1	25 922
11	444	15.9	1	5 439
12	73	4.0	1	0 73
13	14	1.0	1	0 14
100	2	0.0	3	0 1 0 1


=== Second read: Adapter PrefixPE/1 ===

Sequence: TACACTCTTTCCCTACACGACGCTCTTCCGATCT; Type: regular 3'; Length: 34; Trimmed: 1125238 times

No. of allowed errors:
0-9 bp: 0; 10-19 bp: 1; 20-29 bp: 2; 30-34 bp: 3

Bases preceding removed adapters:
  A: 30.0%
  C: 18.1%
  G: 20.5%
  T: 31.4%
  none/other: 0.0%

Overview of removed sequences
length	count	expect	max.err	error counts
3	753283	1043779.5	0	753283
4	277897	260944.9	0	277897
5	71219	65236.2	0	71219
6	10957	16309.1	0	10957
7	2056	4077.3	0	2056
8	649	1019.3	0	649
9	3837	254.8	0	184 3653
10	3584	63.7	1	73 3511
11	1325	15.9	1	7 1318
12	299	4.0	1	2 297
13	97	1.0	1	0 97
14	34	0.2	1	0 34
100	1	0.0	3	0 0 0 1


=== Second read: Adapter PrefixPE/2 ===

Sequence: GTGACTGGAGTTCAGACGTGTGCTCTTCCGATCT; Type: regular 3'; Length: 34; Trimmed: 1011592 times

No. of allowed errors:
0-9 bp: 0; 10-19 bp: 1; 20-29 bp: 2; 30-34 bp: 3

Bases preceding removed adapters:
  A: 23.9%
  C: 19.0%
  G: 26.6%
  T: 30.5%
  none/other: 0.0%

Overview of removed sequences
length	count	expect	max.err	error counts
3	779975	1043779.5	0	779975
4	191094	260944.9	0	191094
5	29958	65236.2	0	29958
6	6412	16309.1	0	6412
7	1513	4077.3	0	1513
8	247	1019.3	0	247
9	922	254.8	0	45 877
10	942	63.7	1	14 928
11	464	15.9	1	4 460
12	48	4.0	1	0 48
13	17	1.0	1	1 16
