This is cutadapt 2.9 with Python 3.6.6
Command line parameters: --interleaved -a file:/nas02/apps/trimmomatic-0.36/Trimmomatic-0.36/adapters/TruSeq3-PE.fa -A file:/nas02/apps/trimmomatic-0.36/Trimmomatic-0.36/adapters/TruSeq3-PE.fa -m 30 /nas/longleaf/home/zpopkinh/Pvivax_resources/wgs_pe_improved_global/fastq/SRS2910014/SRR6668541_1.fastq.gz /nas/longleaf/home/zpopkinh/Pvivax_resources/wgs_pe_improved_global/fastq/SRS2910014/SRR6668541_2.fastq.gz
Processing reads on 1 core in paired-end mode ...
Finished in 524.04 s (91 us/read; 0.66 M reads/minute).

=== Summary ===

Total read pairs processed:          5,756,009
  Read 1 with adapter:                 260,891 (4.5%)
  Read 2 with adapter:                 264,816 (4.6%)
Pairs written (passing filters):     5,756,009 (100.0%)

Total basepairs processed: 1,151,201,800 bp
  Read 1:   575,600,900 bp
  Read 2:   575,600,900 bp
Total written (filtered):  1,149,371,211 bp (99.8%)
  Read 1:   574,691,103 bp
  Read 2:   574,680,108 bp

=== First read: Adapter PrefixPE/1 ===

Sequence: TACACTCTTTCCCTACACGACGCTCTTCCGATCT; Type: regular 3'; Length: 34; Trimmed: 156311 times

No. of allowed errors:
0-9 bp: 0; 10-19 bp: 1; 20-29 bp: 2; 30-34 bp: 3

Bases preceding removed adapters:
  A: 50.9%
  C: 13.0%
  G: 22.5%
  T: 13.6%
  none/other: 0.0%

Overview of removed sequences
length	count	expect	max.err	error counts
3	90789	89937.6	0	90789
4	38688	22484.4	0	38688
5	24792	5621.1	0	24792
6	1047	1405.3	0	1047
7	238	351.3	0	238
8	57	87.8	0	57
9	280	22.0	0	18 262
10	279	5.5	1	4 275
11	111	1.4	1	2 109
12	17	0.3	1	0 17
13	10	0.1	1	0 10
14	2	0.0	1	0 2
15	1	0.0	1	0 1


=== First read: Adapter PrefixPE/2 ===

Sequence: GTGACTGGAGTTCAGACGTGTGCTCTTCCGATCT; Type: regular 3'; Length: 34; Trimmed: 104580 times

No. of allowed errors:
0-9 bp: 0; 10-19 bp: 1; 20-29 bp: 2; 30-34 bp: 3

Bases preceding removed adapters:
  A: 23.1%
  C: 19.6%
  G: 28.9%
  T: 28.3%
  none/other: 0.0%

Overview of removed sequences
length	count	expect	max.err	error counts
3	81821	89937.6	0	81821
4	18438	22484.4	0	18438
5	3036	5621.1	0	3036
6	725	1405.3	0	725
7	266	351.3	0	266
8	19	87.8	0	19
9	135	22.0	0	3 132
10	111	5.5	1	1 110
11	26	1.4	1	1 25
12	3	0.3	1	0 3


=== Second read: Adapter PrefixPE/1 ===

Sequence: TACACTCTTTCCCTACACGACGCTCTTCCGATCT; Type: regular 3'; Length: 34; Trimmed: 143550 times

No. of allowed errors:
0-9 bp: 0; 10-19 bp: 1; 20-29 bp: 2; 30-34 bp: 3

Bases preceding removed adapters:
  A: 54.9%
  C: 14.2%
  G: 16.1%
  T: 14.8%
  none/other: 0.0%

Overview of removed sequences
length	count	expect	max.err	error counts
3	78503	89937.6	0	78503
4	38587	22484.4	0	38587
5	24433	5621.1	0	24433
6	1074	1405.3	0	1074
7	257	351.3	0	257
8	71	87.8	0	71
9	249	22.0	0	16 233
10	240	5.5	1	4 236
11	104	1.4	1	1 103
12	18	0.3	1	0 18
13	10	0.1	1	0 10
14	3	0.0	1	0 3
15	1	0.0	1	0 1


=== Second read: Adapter PrefixPE/2 ===

Sequence: GTGACTGGAGTTCAGACGTGTGCTCTTCCGATCT; Type: regular 3'; Length: 34; Trimmed: 121266 times

No. of allowed errors:
0-9 bp: 0; 10-19 bp: 1; 20-29 bp: 2; 30-34 bp: 3

Bases preceding removed adapters:
  A: 19.6%
  C: 17.1%
  G: 38.9%
  T: 24.4%
  none/other: 0.0%

Overview of removed sequences
length	count	expect	max.err	error counts
3	98386	89937.6	0	98386
4	18475	22484.4	0	18475
5	3090	5621.1	0	3090
6	728	1405.3	0	728
7	286	351.3	0	286
8	23	87.8	0	23
9	123	22.0	0	2 121
10	114	5.5	1	2 112
11	34	1.4	1	0 34
12	3	0.3	1	0 3
13	4	0.1	1	0 4
