This is cutadapt 2.9 with Python 3.6.6
Command line parameters: --interleaved -a file:/nas02/apps/trimmomatic-0.36/Trimmomatic-0.36/adapters/TruSeq3-PE.fa -A file:/nas02/apps/trimmomatic-0.36/Trimmomatic-0.36/adapters/TruSeq3-PE.fa -m 30 /nas/longleaf/home/zpopkinh/Pvivax_resources/wgs_pe_improved_global/fastq/SRS693933/SRR1568165_1.fastq.gz /nas/longleaf/home/zpopkinh/Pvivax_resources/wgs_pe_improved_global/fastq/SRS693933/SRR1568165_2.fastq.gz
Processing reads on 1 core in paired-end mode ...
Finished in 343.11 s (56 us/read; 1.06 M reads/minute).

=== Summary ===

Total read pairs processed:          6,079,765
  Read 1 with adapter:                 224,800 (3.7%)
  Read 2 with adapter:                 225,285 (3.7%)
Pairs written (passing filters):     6,079,765 (100.0%)

Total basepairs processed: 1,228,112,530 bp
  Read 1:   614,056,265 bp
  Read 2:   614,056,265 bp
Total written (filtered):  1,226,590,785 bp (99.9%)
  Read 1:   613,295,682 bp
  Read 2:   613,295,103 bp

=== First read: Adapter PrefixPE/1 ===

Sequence: TACACTCTTTCCCTACACGACGCTCTTCCGATCT; Type: regular 3'; Length: 34; Trimmed: 112139 times

No. of allowed errors:
0-9 bp: 0; 10-19 bp: 1; 20-29 bp: 2; 30-34 bp: 3

Bases preceding removed adapters:
  A: 26.3%
  C: 21.7%
  G: 25.2%
  T: 26.8%
  none/other: 0.0%

Overview of removed sequences
length	count	expect	max.err	error counts
3	75216	94996.3	0	75216
4	27587	23749.1	0	27587
5	6479	5937.3	0	6479
6	1340	1484.3	0	1340
7	240	371.1	0	240
8	69	92.8	0	69
9	338	23.2	0	44 294
10	625	5.8	1	17 608
11	209	1.4	1	0 209
12	20	0.4	1	0 20
13	12	0.1	1	0 12
14	4	0.0	1	0 4


=== First read: Adapter PrefixPE/2 ===

Sequence: GTGACTGGAGTTCAGACGTGTGCTCTTCCGATCT; Type: regular 3'; Length: 34; Trimmed: 112661 times

No. of allowed errors:
0-9 bp: 0; 10-19 bp: 1; 20-29 bp: 2; 30-34 bp: 3

Bases preceding removed adapters:
  A: 24.3%
  C: 17.6%
  G: 26.5%
  T: 31.6%
  none/other: 0.0%

Overview of removed sequences
length	count	expect	max.err	error counts
3	87672	94996.3	0	87672
4	20516	23749.1	0	20516
5	3243	5937.3	0	3243
6	791	1484.3	0	791
7	164	371.1	0	164
8	24	92.8	0	24
9	122	23.2	0	2 120
10	69	5.8	1	1 68
11	36	1.4	1	0 36
13	24	0.1	1	0 24


=== Second read: Adapter PrefixPE/1 ===

Sequence: TACACTCTTTCCCTACACGACGCTCTTCCGATCT; Type: regular 3'; Length: 34; Trimmed: 110942 times

No. of allowed errors:
0-9 bp: 0; 10-19 bp: 1; 20-29 bp: 2; 30-34 bp: 3

Bases preceding removed adapters:
  A: 25.9%
  C: 22.8%
  G: 24.5%
  T: 26.9%
  none/other: 0.0%

Overview of removed sequences
length	count	expect	max.err	error counts
3	74644	94996.3	0	74644
4	26979	23749.1	0	26979
5	6533	5937.3	0	6533
6	1355	1484.3	0	1355
7	334	371.1	0	334
8	95	92.8	0	95
9	237	23.2	0	16 221
10	508	5.8	1	13 495
11	213	1.4	1	0 213
12	30	0.4	1	0 30
13	12	0.1	1	0 12
14	2	0.0	1	0 2


=== Second read: Adapter PrefixPE/2 ===

Sequence: GTGACTGGAGTTCAGACGTGTGCTCTTCCGATCT; Type: regular 3'; Length: 34; Trimmed: 114343 times

No. of allowed errors:
0-9 bp: 0; 10-19 bp: 1; 20-29 bp: 2; 30-34 bp: 3

Bases preceding removed adapters:
  A: 23.9%
  C: 19.7%
  G: 25.4%
  T: 30.9%
  none/other: 0.0%

Overview of removed sequences
length	count	expect	max.err	error counts
3	90102	94996.3	0	90102
4	19418	23749.1	0	19418
5	3412	5937.3	0	3412
6	799	1484.3	0	799
7	197	371.1	0	197
8	45	92.8	0	45
9	135	23.2	0	1 134
10	147	5.8	1	0 147
11	59	1.4	1	0 59
12	18	0.4	1	0 18
13	9	0.1	1	0 9
39	1	0.0	3	0 0 1
44	1	0.0	3	0 0 0 1
