This is cutadapt 2.9 with Python 3.6.6
Command line parameters: --interleaved -a file:/nas02/apps/trimmomatic-0.36/Trimmomatic-0.36/adapters/TruSeq3-PE.fa -A file:/nas02/apps/trimmomatic-0.36/Trimmomatic-0.36/adapters/TruSeq3-PE.fa -m 30 /nas/longleaf/home/zpopkinh/Pvivax_resources/wgs_pe_improved_global/fastq/SRS693933/SRR1568202_1.fastq.gz /nas/longleaf/home/zpopkinh/Pvivax_resources/wgs_pe_improved_global/fastq/SRS693933/SRR1568202_2.fastq.gz
Processing reads on 1 core in paired-end mode ...
Finished in 510.61 s (69 us/read; 0.87 M reads/minute).

=== Summary ===

Total read pairs processed:          7,381,268
  Read 1 with adapter:                 272,889 (3.7%)
  Read 2 with adapter:                 275,480 (3.7%)
Pairs written (passing filters):     7,381,268 (100.0%)

Total basepairs processed: 1,491,016,136 bp
  Read 1:   745,508,068 bp
  Read 2:   745,508,068 bp
Total written (filtered):  1,489,161,575 bp (99.9%)
  Read 1:   744,582,124 bp
  Read 2:   744,579,451 bp

=== First read: Adapter PrefixPE/1 ===

Sequence: TACACTCTTTCCCTACACGACGCTCTTCCGATCT; Type: regular 3'; Length: 34; Trimmed: 135552 times

No. of allowed errors:
0-9 bp: 0; 10-19 bp: 1; 20-29 bp: 2; 30-34 bp: 3

Bases preceding removed adapters:
  A: 26.3%
  C: 21.7%
  G: 24.9%
  T: 27.2%
  none/other: 0.0%

Overview of removed sequences
length	count	expect	max.err	error counts
3	90517	115332.3	0	90517
4	33255	28833.1	0	33255
5	8167	7208.3	0	8167
6	1421	1802.1	0	1421
7	418	450.5	0	418
8	118	112.6	0	118
9	428	28.2	0	27 401
10	891	7.0	1	2 889
11	313	1.8	1	0 313
12	24	0.4	1	0 24


=== First read: Adapter PrefixPE/2 ===

Sequence: GTGACTGGAGTTCAGACGTGTGCTCTTCCGATCT; Type: regular 3'; Length: 34; Trimmed: 137337 times

No. of allowed errors:
0-9 bp: 0; 10-19 bp: 1; 20-29 bp: 2; 30-34 bp: 3

Bases preceding removed adapters:
  A: 24.8%
  C: 18.3%
  G: 26.8%
  T: 30.1%
  none/other: 0.0%

Overview of removed sequences
length	count	expect	max.err	error counts
3	107220	115332.3	0	107220
4	24246	28833.1	0	24246
5	4163	7208.3	0	4163
6	1004	1802.1	0	1004
7	242	450.5	0	242
8	4	112.6	0	4
9	249	28.2	0	5 244
10	121	7.0	1	1 120
11	67	1.8	1	0 67
12	21	0.4	1	0 21


=== Second read: Adapter PrefixPE/1 ===

Sequence: TACACTCTTTCCCTACACGACGCTCTTCCGATCT; Type: regular 3'; Length: 34; Trimmed: 136127 times

No. of allowed errors:
0-9 bp: 0; 10-19 bp: 1; 20-29 bp: 2; 30-34 bp: 3

Bases preceding removed adapters:
  A: 26.7%
  C: 22.3%
  G: 24.0%
  T: 27.0%
  none/other: 0.0%

Overview of removed sequences
length	count	expect	max.err	error counts
3	92911	115332.3	0	92911
4	32349	28833.1	0	32349
5	7881	7208.3	0	7881
6	1504	1802.1	0	1504
7	329	450.5	0	329
8	91	112.6	0	91
9	317	28.2	0	36 281
10	537	7.0	1	1 536
11	135	1.8	1	5 130
12	66	0.4	1	2 64
13	4	0.1	1	0 4
14	1	0.0	1	0 1
15	2	0.0	1	0 2


=== Second read: Adapter PrefixPE/2 ===

Sequence: GTGACTGGAGTTCAGACGTGTGCTCTTCCGATCT; Type: regular 3'; Length: 34; Trimmed: 139353 times

No. of allowed errors:
0-9 bp: 0; 10-19 bp: 1; 20-29 bp: 2; 30-34 bp: 3

Bases preceding removed adapters:
  A: 25.0%
  C: 18.6%
  G: 25.6%
  T: 30.8%
  none/other: 0.0%

Overview of removed sequences
length	count	expect	max.err	error counts
3	108151	115332.3	0	108151
4	25370	28833.1	0	25370
5	4135	7208.3	0	4135
6	1136	1802.1	0	1136
7	172	450.5	0	172
8	14	112.6	0	14
9	143	28.2	0	12 131
10	160	7.0	1	20 140
11	60	1.8	1	0 60
12	11	0.4	1	0 11
13	1	0.1	1	0 1
