This is cutadapt 2.9 with Python 3.6.6
Command line parameters: --interleaved -a file:/nas02/apps/trimmomatic-0.36/Trimmomatic-0.36/adapters/TruSeq3-PE.fa -A file:/nas02/apps/trimmomatic-0.36/Trimmomatic-0.36/adapters/TruSeq3-PE.fa -m 30 /nas/longleaf/home/zpopkinh/Pvivax_resources/wgs_pe_improved_global/fastq/SRS693933/SRR1564646_1.fastq.gz /nas/longleaf/home/zpopkinh/Pvivax_resources/wgs_pe_improved_global/fastq/SRS693933/SRR1564646_2.fastq.gz
Processing reads on 1 core in paired-end mode ...
Finished in 0.82 s (50 us/read; 1.20 M reads/minute).

=== Summary ===

Total read pairs processed:             16,318
  Read 1 with adapter:                     512 (3.1%)
  Read 2 with adapter:                     605 (3.7%)
Pairs written (passing filters):        16,318 (100.0%)

Total basepairs processed:     3,296,236 bp
  Read 1:     1,648,118 bp
  Read 2:     1,648,118 bp
Total written (filtered):      3,292,388 bp (99.9%)
  Read 1:     1,646,334 bp
  Read 2:     1,646,054 bp

=== First read: Adapter PrefixPE/1 ===

Sequence: TACACTCTTTCCCTACACGACGCTCTTCCGATCT; Type: regular 3'; Length: 34; Trimmed: 266 times

No. of allowed errors:
0-9 bp: 0; 10-19 bp: 1; 20-29 bp: 2; 30-34 bp: 3

Bases preceding removed adapters:
  A: 33.1%
  C: 24.4%
  G: 17.7%
  T: 24.8%
  none/other: 0.0%

Overview of removed sequences
length	count	expect	max.err	error counts
3	160	255.0	0	160
4	84	63.7	0	84
5	13	15.9	0	13
6	3	4.0	0	3
7	2	1.0	0	2
10	4	0.0	1	0 4


=== First read: Adapter PrefixPE/2 ===

Sequence: GTGACTGGAGTTCAGACGTGTGCTCTTCCGATCT; Type: regular 3'; Length: 34; Trimmed: 246 times

No. of allowed errors:
0-9 bp: 0; 10-19 bp: 1; 20-29 bp: 2; 30-34 bp: 3

Bases preceding removed adapters:
  A: 34.6%
  C: 9.3%
  G: 17.9%
  T: 38.2%
  none/other: 0.0%

Overview of removed sequences
length	count	expect	max.err	error counts
3	178	255.0	0	178
4	52	63.7	0	52
5	12	15.9	0	12
6	3	4.0	0	3
11	1	0.0	1	0 1


=== Second read: Adapter PrefixPE/1 ===

Sequence: TACACTCTTTCCCTACACGACGCTCTTCCGATCT; Type: regular 3'; Length: 34; Trimmed: 296 times

No. of allowed errors:
0-9 bp: 0; 10-19 bp: 1; 20-29 bp: 2; 30-34 bp: 3

Bases preceding removed adapters:
  A: 30.4%
  C: 24.0%
  G: 18.6%
  T: 27.0%
  none/other: 0.0%

Overview of removed sequences
length	count	expect	max.err	error counts
3	180	255.0	0	180
4	89	63.7	0	89
5	14	15.9	0	14
6	8	4.0	0	8
8	1	0.2	0	1
10	3	0.0	1	0 3
11	1	0.0	1	0 1


=== Second read: Adapter PrefixPE/2 ===

Sequence: GTGACTGGAGTTCAGACGTGTGCTCTTCCGATCT; Type: regular 3'; Length: 34; Trimmed: 309 times

No. of allowed errors:
0-9 bp: 0; 10-19 bp: 1; 20-29 bp: 2; 30-34 bp: 3

Bases preceding removed adapters:
  A: 25.9%
  C: 24.3%
  G: 13.9%
  T: 35.9%
  none/other: 0.0%

Overview of removed sequences
length	count	expect	max.err	error counts
3	252	255.0	0	252
4	45	63.7	0	45
5	8	15.9	0	8
6	3	4.0	0	3
7	1	1.0	0	1
