This is cutadapt 2.9 with Python 3.6.6
Command line parameters: --interleaved -a file:/nas02/apps/trimmomatic-0.36/Trimmomatic-0.36/adapters/TruSeq3-PE.fa -A file:/nas02/apps/trimmomatic-0.36/Trimmomatic-0.36/adapters/TruSeq3-PE.fa -m 30 /nas/longleaf/home/zpopkinh/Pvivax_resources/wgs_pe_improved_global/fastq/SRS693933/SRR1568167_1.fastq.gz /nas/longleaf/home/zpopkinh/Pvivax_resources/wgs_pe_improved_global/fastq/SRS693933/SRR1568167_2.fastq.gz
Processing reads on 1 core in paired-end mode ...
Finished in 201.85 s (69 us/read; 0.87 M reads/minute).

=== Summary ===

Total read pairs processed:          2,914,843
  Read 1 with adapter:                 106,536 (3.7%)
  Read 2 with adapter:                 106,755 (3.7%)
Pairs written (passing filters):     2,914,843 (100.0%)

Total basepairs processed:   588,798,286 bp
  Read 1:   294,399,143 bp
  Read 2:   294,399,143 bp
Total written (filtered):    588,074,505 bp (99.9%)
  Read 1:   294,036,643 bp
  Read 2:   294,037,862 bp

=== First read: Adapter PrefixPE/1 ===

Sequence: TACACTCTTTCCCTACACGACGCTCTTCCGATCT; Type: regular 3'; Length: 34; Trimmed: 50854 times

No. of allowed errors:
0-9 bp: 0; 10-19 bp: 1; 20-29 bp: 2; 30-34 bp: 3

Bases preceding removed adapters:
  A: 25.8%
  C: 22.3%
  G: 26.0%
  T: 25.9%
  none/other: 0.0%

Overview of removed sequences
length	count	expect	max.err	error counts
3	34329	45544.4	0	34329
4	12262	11386.1	0	12262
5	2861	2846.5	0	2861
6	495	711.6	0	495
7	198	177.9	0	198
8	20	44.5	0	20
9	109	11.1	0	7 102
10	395	2.8	1	23 372
11	167	0.7	1	10 157
12	7	0.2	1	0 7
13	10	0.0	1	0 10
56	1	0.0	3	0 0 0 1


=== First read: Adapter PrefixPE/2 ===

Sequence: GTGACTGGAGTTCAGACGTGTGCTCTTCCGATCT; Type: regular 3'; Length: 34; Trimmed: 55682 times

No. of allowed errors:
0-9 bp: 0; 10-19 bp: 1; 20-29 bp: 2; 30-34 bp: 3

Bases preceding removed adapters:
  A: 25.1%
  C: 17.0%
  G: 25.1%
  T: 32.8%
  none/other: 0.0%

Overview of removed sequences
length	count	expect	max.err	error counts
3	42258	45544.4	0	42258
4	10955	11386.1	0	10955
5	1674	2846.5	0	1674
6	512	711.6	0	512
7	91	177.9	0	91
8	2	44.5	0	2
9	64	11.1	0	4 60
10	52	2.8	1	0 52
11	67	0.7	1	2 65
12	7	0.2	1	0 7


=== Second read: Adapter PrefixPE/1 ===

Sequence: TACACTCTTTCCCTACACGACGCTCTTCCGATCT; Type: regular 3'; Length: 34; Trimmed: 50519 times

No. of allowed errors:
0-9 bp: 0; 10-19 bp: 1; 20-29 bp: 2; 30-34 bp: 3

Bases preceding removed adapters:
  A: 26.0%
  C: 22.5%
  G: 25.1%
  T: 26.4%
  none/other: 0.0%

Overview of removed sequences
length	count	expect	max.err	error counts
3	33966	45544.4	0	33966
4	12304	11386.1	0	12304
5	2968	2846.5	0	2968
6	495	711.6	0	495
7	166	177.9	0	166
8	76	44.5	0	76
9	137	11.1	0	14 123
10	283	2.8	1	17 266
11	111	0.7	1	1 110
12	4	0.2	1	0 4
13	9	0.0	1	0 9


=== Second read: Adapter PrefixPE/2 ===

Sequence: GTGACTGGAGTTCAGACGTGTGCTCTTCCGATCT; Type: regular 3'; Length: 34; Trimmed: 56236 times

No. of allowed errors:
0-9 bp: 0; 10-19 bp: 1; 20-29 bp: 2; 30-34 bp: 3

Bases preceding removed adapters:
  A: 25.5%
  C: 18.7%
  G: 23.8%
  T: 32.0%
  none/other: 0.0%

Overview of removed sequences
length	count	expect	max.err	error counts
3	43562	45544.4	0	43562
4	10281	11386.1	0	10281
5	1705	2846.5	0	1705
6	438	711.6	0	438
7	83	177.9	0	83
8	11	44.5	0	11
9	65	11.1	0	1 64
10	80	2.8	1	0 80
11	11	0.7	1	0 11
