This is cutadapt 2.9 with Python 3.6.6
Command line parameters: --interleaved -a file:/nas02/apps/trimmomatic-0.36/Trimmomatic-0.36/adapters/TruSeq3-PE.fa -A file:/nas02/apps/trimmomatic-0.36/Trimmomatic-0.36/adapters/TruSeq3-PE.fa -m 30 /nas/longleaf/home/zpopkinh/Pvivax_resources/wgs_pe_improved_global/fastq/ERR5740829/ERR5740829_1.fastq.gz /nas/longleaf/home/zpopkinh/Pvivax_resources/wgs_pe_improved_global/fastq/ERR5740829/ERR5740829_2.fastq.gz
Processing reads on 1 core in paired-end mode ...
Finished in 476.35 s (141 us/read; 0.43 M reads/minute).

=== Summary ===

Total read pairs processed:          3,375,345
  Read 1 with adapter:                 122,729 (3.6%)
  Read 2 with adapter:                 119,949 (3.6%)
Pairs written (passing filters):     3,375,335 (100.0%)

Total basepairs processed: 1,019,354,190 bp
  Read 1:   509,677,095 bp
  Read 2:   509,677,095 bp
Total written (filtered):  1,018,532,263 bp (99.9%)
  Read 1:   509,261,407 bp
  Read 2:   509,270,856 bp

=== First read: Adapter PrefixPE/1 ===

Sequence: TACACTCTTTCCCTACACGACGCTCTTCCGATCT; Type: regular 3'; Length: 34; Trimmed: 55358 times

No. of allowed errors:
0-9 bp: 0; 10-19 bp: 1; 20-29 bp: 2; 30-34 bp: 3

Bases preceding removed adapters:
  A: 26.0%
  C: 24.1%
  G: 22.9%
  T: 27.0%
  none/other: 0.0%

Overview of removed sequences
length	count	expect	max.err	error counts
3	37341	52739.8	0	37341
4	13568	13184.9	0	13568
5	3224	3296.2	0	3224
6	598	824.1	0	598
7	150	206.0	0	150
8	47	51.5	0	47
9	155	12.9	0	18 137
10	183	3.2	1	5 178
11	65	0.8	1	2 63
12	20	0.2	1	0 20
13	3	0.1	1	0 3
14	1	0.0	1	0 1
59	1	0.0	3	0 0 0 1
151	2	0.0	3	0 0 1 1


=== First read: Adapter PrefixPE/2 ===

Sequence: GTGACTGGAGTTCAGACGTGTGCTCTTCCGATCT; Type: regular 3'; Length: 34; Trimmed: 67371 times

No. of allowed errors:
0-9 bp: 0; 10-19 bp: 1; 20-29 bp: 2; 30-34 bp: 3

Bases preceding removed adapters:
  A: 25.2%
  C: 14.9%
  G: 28.1%
  T: 31.8%
  none/other: 0.0%

Overview of removed sequences
length	count	expect	max.err	error counts
3	52073	52739.8	0	52073
4	12260	13184.9	0	12260
5	2096	3296.2	0	2096
6	546	824.1	0	546
7	129	206.0	0	129
8	29	51.5	0	29
9	109	12.9	0	8 101
10	87	3.2	1	4 83
11	34	0.8	1	0 34
12	6	0.2	1	0 6
13	1	0.1	1	0 1
143	1	0.0	3	1


=== Second read: Adapter PrefixPE/1 ===

Sequence: TACACTCTTTCCCTACACGACGCTCTTCCGATCT; Type: regular 3'; Length: 34; Trimmed: 54411 times

No. of allowed errors:
0-9 bp: 0; 10-19 bp: 1; 20-29 bp: 2; 30-34 bp: 3

Bases preceding removed adapters:
  A: 26.8%
  C: 24.4%
  G: 22.9%
  T: 25.9%
  none/other: 0.0%

Overview of removed sequences
length	count	expect	max.err	error counts
3	36694	52739.8	0	36694
4	13365	13184.9	0	13365
5	3091	3296.2	0	3091
6	578	824.1	0	578
7	151	206.0	0	151
8	38	51.5	0	38
9	155	12.9	0	13 142
10	230	3.2	1	7 223
11	83	0.8	1	1 82
12	19	0.2	1	2 17
13	2	0.1	1	0 2
14	1	0.0	1	0 1
15	1	0.0	1	0 1
119	1	0.0	3	1
127	1	0.0	3	0 1
151	1	0.0	3	0 1


=== Second read: Adapter PrefixPE/2 ===

Sequence: GTGACTGGAGTTCAGACGTGTGCTCTTCCGATCT; Type: regular 3'; Length: 34; Trimmed: 65538 times

No. of allowed errors:
0-9 bp: 0; 10-19 bp: 1; 20-29 bp: 2; 30-34 bp: 3

Bases preceding removed adapters:
  A: 25.2%
  C: 16.5%
  G: 27.8%
  T: 30.5%
  none/other: 0.0%

Overview of removed sequences
length	count	expect	max.err	error counts
3	51186	52739.8	0	51186
4	11435	13184.9	0	11435
5	2010	3296.2	0	2010
6	512	824.1	0	512
7	143	206.0	0	143
8	28	51.5	0	28
9	93	12.9	0	4 89
10	85	3.2	1	2 83
11	28	0.8	1	1 27
12	7	0.2	1	0 7
13	4	0.1	1	0 4
14	1	0.0	1	0 1
103	1	0.0	3	0 0 0 1
143	5	0.0	3	0 0 0 5
