This is cutadapt 2.9 with Python 3.6.6
Command line parameters: --interleaved -a file:/nas02/apps/trimmomatic-0.36/Trimmomatic-0.36/adapters/TruSeq3-PE.fa -A file:/nas02/apps/trimmomatic-0.36/Trimmomatic-0.36/adapters/TruSeq3-PE.fa -m 30 /nas/longleaf/home/zpopkinh/Pvivax_resources/wgs_pe_improved_global/fastq/ERS150819/ERR175552_1.fastq.gz /nas/longleaf/home/zpopkinh/Pvivax_resources/wgs_pe_improved_global/fastq/ERS150819/ERR175552_2.fastq.gz
Processing reads on 1 core in paired-end mode ...
Finished in 193.84 s (78 us/read; 0.76 M reads/minute).

=== Summary ===

Total read pairs processed:          2,470,558
  Read 1 with adapter:                  89,939 (3.6%)
  Read 2 with adapter:                  87,174 (3.5%)
Pairs written (passing filters):     2,470,554 (100.0%)

Total basepairs processed:   494,111,600 bp
  Read 1:   247,055,800 bp
  Read 2:   247,055,800 bp
Total written (filtered):    493,510,048 bp (99.9%)
  Read 1:   246,750,670 bp
  Read 2:   246,759,378 bp

=== First read: Adapter PrefixPE/1 ===

Sequence: TACACTCTTTCCCTACACGACGCTCTTCCGATCT; Type: regular 3'; Length: 34; Trimmed: 49799 times

No. of allowed errors:
0-9 bp: 0; 10-19 bp: 1; 20-29 bp: 2; 30-34 bp: 3

Bases preceding removed adapters:
  A: 30.2%
  C: 17.2%
  G: 22.9%
  T: 29.7%
  none/other: 0.0%

Overview of removed sequences
length	count	expect	max.err	error counts
3	32882	38602.5	0	32882
4	13208	9650.6	0	13208
5	2569	2412.7	0	2569
6	555	603.2	0	555
7	139	150.8	0	139
8	25	37.7	0	25
9	134	9.4	0	14 120
10	215	2.4	1	4 211
11	48	0.6	1	1 47
12	10	0.1	1	1 9
13	8	0.0	1	1 7
14	1	0.0	1	0 1
70	1	0.0	3	0 0 0 1
100	4	0.0	3	0 0 0 4


=== First read: Adapter PrefixPE/2 ===

Sequence: GTGACTGGAGTTCAGACGTGTGCTCTTCCGATCT; Type: regular 3'; Length: 34; Trimmed: 40140 times

No. of allowed errors:
0-9 bp: 0; 10-19 bp: 1; 20-29 bp: 2; 30-34 bp: 3

Bases preceding removed adapters:
  A: 25.2%
  C: 16.8%
  G: 23.9%
  T: 34.0%
  none/other: 0.0%

Overview of removed sequences
length	count	expect	max.err	error counts
3	31302	38602.5	0	31302
4	7306	9650.6	0	7306
5	1093	2412.7	0	1093
6	256	603.2	0	256
7	72	150.8	0	72
8	8	37.7	0	8
9	42	9.4	0	1 41
10	47	2.4	1	1 46
11	7	0.6	1	1 6
12	4	0.1	1	0 4
13	2	0.0	1	0 2
14	1	0.0	1	0 1


=== Second read: Adapter PrefixPE/1 ===

Sequence: TACACTCTTTCCCTACACGACGCTCTTCCGATCT; Type: regular 3'; Length: 34; Trimmed: 48916 times

No. of allowed errors:
0-9 bp: 0; 10-19 bp: 1; 20-29 bp: 2; 30-34 bp: 3

Bases preceding removed adapters:
  A: 30.5%
  C: 17.4%
  G: 22.1%
  T: 30.0%
  none/other: 0.0%

Overview of removed sequences
length	count	expect	max.err	error counts
3	32065	38602.5	0	32065
4	13200	9650.6	0	13200
5	2491	2412.7	0	2491
6	554	603.2	0	554
7	121	150.8	0	121
8	34	37.7	0	34
9	152	9.4	0	10 142
10	237	2.4	1	9 228
11	45	0.6	1	0 45
12	14	0.1	1	1 13
13	3	0.0	1	0 3


=== Second read: Adapter PrefixPE/2 ===

Sequence: GTGACTGGAGTTCAGACGTGTGCTCTTCCGATCT; Type: regular 3'; Length: 34; Trimmed: 38258 times

No. of allowed errors:
0-9 bp: 0; 10-19 bp: 1; 20-29 bp: 2; 30-34 bp: 3

Bases preceding removed adapters:
  A: 25.3%
  C: 16.8%
  G: 24.0%
  T: 33.9%
  none/other: 0.0%

Overview of removed sequences
length	count	expect	max.err	error counts
3	29804	38602.5	0	29804
4	6972	9650.6	0	6972
5	1050	2412.7	0	1050
6	242	603.2	0	242
7	48	150.8	0	48
8	14	37.7	0	14
9	61	9.4	0	2 59
10	51	2.4	1	1 50
11	13	0.6	1	0 13
12	2	0.1	1	0 2
13	1	0.0	1	0 1
