This is cutadapt 2.9 with Python 3.6.6
Command line parameters: --interleaved -a file:/nas02/apps/trimmomatic-0.36/Trimmomatic-0.36/adapters/TruSeq3-PE.fa -A file:/nas02/apps/trimmomatic-0.36/Trimmomatic-0.36/adapters/TruSeq3-PE.fa -m 30 /nas/longleaf/home/zpopkinh/Pvivax_resources/wgs_pe_improved_global/fastq/SRS2910053/SRR6668500_1.fastq.gz /nas/longleaf/home/zpopkinh/Pvivax_resources/wgs_pe_improved_global/fastq/SRS2910053/SRR6668500_2.fastq.gz
Processing reads on 1 core in paired-end mode ...
Finished in 182.11 s (74 us/read; 0.81 M reads/minute).

=== Summary ===

Total read pairs processed:          2,455,910
  Read 1 with adapter:                 105,471 (4.3%)
  Read 2 with adapter:                 110,016 (4.5%)
Pairs written (passing filters):     2,455,910 (100.0%)

Total basepairs processed:   491,182,000 bp
  Read 1:   245,591,000 bp
  Read 2:   245,591,000 bp
Total written (filtered):    490,435,851 bp (99.8%)
  Read 1:   245,224,545 bp
  Read 2:   245,211,306 bp

=== First read: Adapter PrefixPE/1 ===

Sequence: TACACTCTTTCCCTACACGACGCTCTTCCGATCT; Type: regular 3'; Length: 34; Trimmed: 58311 times

No. of allowed errors:
0-9 bp: 0; 10-19 bp: 1; 20-29 bp: 2; 30-34 bp: 3

Bases preceding removed adapters:
  A: 52.3%
  C: 15.5%
  G: 16.1%
  T: 16.0%
  none/other: 0.0%

Overview of removed sequences
length	count	expect	max.err	error counts
3	32963	38373.6	0	32963
4	15564	9593.4	0	15564
5	8995	2398.3	0	8995
6	407	599.6	0	407
7	84	149.9	0	84
8	35	37.5	0	35
9	107	9.4	0	14 93
10	98	2.3	1	5 93
11	50	0.6	1	0 50
12	5	0.1	1	0 5
13	3	0.0	1	1 2


=== First read: Adapter PrefixPE/2 ===

Sequence: GTGACTGGAGTTCAGACGTGTGCTCTTCCGATCT; Type: regular 3'; Length: 34; Trimmed: 47160 times

No. of allowed errors:
0-9 bp: 0; 10-19 bp: 1; 20-29 bp: 2; 30-34 bp: 3

Bases preceding removed adapters:
  A: 23.3%
  C: 18.3%
  G: 29.6%
  T: 28.8%
  none/other: 0.0%

Overview of removed sequences
length	count	expect	max.err	error counts
3	36979	38373.6	0	36979
4	8358	9593.4	0	8358
5	1312	2398.3	0	1312
6	321	599.6	0	321
7	96	149.9	0	96
8	4	37.5	0	4
9	41	9.4	0	2 39
10	39	2.3	1	0 39
11	7	0.6	1	0 7
12	2	0.1	1	0 2
14	1	0.0	1	0 1


=== Second read: Adapter PrefixPE/1 ===

Sequence: TACACTCTTTCCCTACACGACGCTCTTCCGATCT; Type: regular 3'; Length: 34; Trimmed: 58328 times

No. of allowed errors:
0-9 bp: 0; 10-19 bp: 1; 20-29 bp: 2; 30-34 bp: 3

Bases preceding removed adapters:
  A: 52.3%
  C: 15.5%
  G: 16.2%
  T: 15.9%
  none/other: 0.0%

Overview of removed sequences
length	count	expect	max.err	error counts
3	33058	38373.6	0	33058
4	15593	9593.4	0	15593
5	8915	2398.3	0	8915
6	420	599.6	0	420
7	86	149.9	0	86
8	24	37.5	0	24
9	88	9.4	0	10 78
10	94	2.3	1	6 88
11	38	0.6	1	0 38
12	5	0.1	1	0 5
13	7	0.0	1	0 7


=== Second read: Adapter PrefixPE/2 ===

Sequence: GTGACTGGAGTTCAGACGTGTGCTCTTCCGATCT; Type: regular 3'; Length: 34; Trimmed: 51688 times

No. of allowed errors:
0-9 bp: 0; 10-19 bp: 1; 20-29 bp: 2; 30-34 bp: 3

Bases preceding removed adapters:
  A: 21.2%
  C: 16.7%
  G: 36.5%
  T: 25.7%
  none/other: 0.0%

Overview of removed sequences
length	count	expect	max.err	error counts
3	41610	38373.6	0	41610
4	8224	9593.4	0	8224
5	1338	2398.3	0	1338
6	337	599.6	0	337
7	75	149.9	0	75
8	8	37.5	0	8
9	45	9.4	0	1 44
10	40	2.3	1	0 40
11	7	0.6	1	1 6
12	3	0.1	1	0 3
13	1	0.0	1	0 1
