This is cutadapt 2.9 with Python 3.6.6
Command line parameters: --interleaved -a file:/nas02/apps/trimmomatic-0.36/Trimmomatic-0.36/adapters/TruSeq3-PE.fa -A file:/nas02/apps/trimmomatic-0.36/Trimmomatic-0.36/adapters/TruSeq3-PE.fa -m 30 /nas/longleaf/home/zpopkinh/Pvivax_resources/wgs_pe_improved_global/fastq/SRS693578/SRR1562969_1.fastq.gz /nas/longleaf/home/zpopkinh/Pvivax_resources/wgs_pe_improved_global/fastq/SRS693578/SRR1562969_2.fastq.gz
Processing reads on 1 core in paired-end mode ...
Finished in 2291.41 s (114 us/read; 0.53 M reads/minute).

=== Summary ===

Total read pairs processed:         20,170,455
  Read 1 with adapter:                 740,102 (3.7%)
  Read 2 with adapter:                 757,525 (3.8%)
Pairs written (passing filters):    20,170,449 (100.0%)

Total basepairs processed: 4,074,431,910 bp
  Read 1: 2,037,215,955 bp
  Read 2: 2,037,215,955 bp
Total written (filtered):  4,069,426,091 bp (99.9%)
  Read 1: 2,034,734,338 bp
  Read 2: 2,034,691,753 bp

=== First read: Adapter PrefixPE/1 ===

Sequence: TACACTCTTTCCCTACACGACGCTCTTCCGATCT; Type: regular 3'; Length: 34; Trimmed: 361729 times

No. of allowed errors:
0-9 bp: 0; 10-19 bp: 1; 20-29 bp: 2; 30-34 bp: 3

Bases preceding removed adapters:
  A: 23.5%
  C: 24.5%
  G: 23.4%
  T: 28.6%
  none/other: 0.0%

Overview of removed sequences
length	count	expect	max.err	error counts
3	252727	315163.4	0	252727
4	80843	78790.8	0	80843
5	21209	19697.7	0	21209
6	3710	4924.4	0	3710
7	721	1231.1	0	721
8	117	307.8	0	117
9	1082	76.9	0	61 1021
10	1001	19.2	1	3 998
11	257	4.8	1	1 256
12	45	1.2	1	0 45
13	9	0.3	1	0 9
14	2	0.1	1	0 2
15	2	0.0	1	0 2
101	4	0.0	3	0 0 4


=== First read: Adapter PrefixPE/2 ===

Sequence: GTGACTGGAGTTCAGACGTGTGCTCTTCCGATCT; Type: regular 3'; Length: 34; Trimmed: 378373 times

No. of allowed errors:
0-9 bp: 0; 10-19 bp: 1; 20-29 bp: 2; 30-34 bp: 3

Bases preceding removed adapters:
  A: 23.0%
  C: 19.9%
  G: 25.3%
  T: 31.8%
  none/other: 0.0%

Overview of removed sequences
length	count	expect	max.err	error counts
3	294510	315163.4	0	294510
4	69071	78790.8	0	69071
5	10754	19697.7	0	10754
6	2427	4924.4	0	2427
7	599	1231.1	0	599
8	180	307.8	0	180
9	350	76.9	0	71 279
10	382	19.2	1	4 378
11	78	4.8	1	0 78
12	18	1.2	1	0 18
13	1	0.3	1	0 1
14	1	0.1	1	0 1
15	2	0.0	1	0 2


=== Second read: Adapter PrefixPE/1 ===

Sequence: TACACTCTTTCCCTACACGACGCTCTTCCGATCT; Type: regular 3'; Length: 34; Trimmed: 356212 times

No. of allowed errors:
0-9 bp: 0; 10-19 bp: 1; 20-29 bp: 2; 30-34 bp: 3

Bases preceding removed adapters:
  A: 23.8%
  C: 24.3%
  G: 23.6%
  T: 28.3%
  none/other: 0.0%

Overview of removed sequences
length	count	expect	max.err	error counts
3	249328	315163.4	0	249328
4	81295	78790.8	0	81295
5	19142	19697.7	0	19142
6	3667	4924.4	0	3667
7	632	1231.1	0	632
8	112	307.8	0	112
9	954	76.9	0	37 917
10	757	19.2	1	9 748
11	264	4.8	1	2 262
12	45	1.2	1	0 45
13	13	0.3	1	0 13
14	3	0.1	1	0 3


=== Second read: Adapter PrefixPE/2 ===

Sequence: GTGACTGGAGTTCAGACGTGTGCTCTTCCGATCT; Type: regular 3'; Length: 34; Trimmed: 401313 times

No. of allowed errors:
0-9 bp: 0; 10-19 bp: 1; 20-29 bp: 2; 30-34 bp: 3

Bases preceding removed adapters:
  A: 22.3%
  C: 24.6%
  G: 23.8%
  T: 29.3%
  none/other: 0.0%

Overview of removed sequences
length	count	expect	max.err	error counts
3	319241	315163.4	0	319241
4	68378	78790.8	0	68378
5	9975	19697.7	0	9975
6	2139	4924.4	0	2139
7	586	1231.1	0	586
8	175	307.8	0	175
9	299	76.9	0	53 246
10	411	19.2	1	1 410
11	89	4.8	1	0 89
12	11	1.2	1	0 11
13	1	0.3	1	0 1
27	2	0.0	2	1 1
30	1	0.0	3	0 0 0 1
37	1	0.0	3	0 1
42	1	0.0	3	0 1
55	1	0.0	3	0 1
72	1	0.0	3	0 1
93	1	0.0	3	0 1
