This is cutadapt 2.9 with Python 3.6.6
Command line parameters: --interleaved -a file:/nas02/apps/trimmomatic-0.36/Trimmomatic-0.36/adapters/TruSeq3-PE.fa -A file:/nas02/apps/trimmomatic-0.36/Trimmomatic-0.36/adapters/TruSeq3-PE.fa -m 30 /nas/longleaf/home/zpopkinh/Pvivax_resources/wgs_pe_improved_global/fastq/SRS693578/SRR1568011_1.fastq.gz /nas/longleaf/home/zpopkinh/Pvivax_resources/wgs_pe_improved_global/fastq/SRS693578/SRR1568011_2.fastq.gz
Processing reads on 1 core in paired-end mode ...
Finished in 1.57 s (45 us/read; 1.34 M reads/minute).

=== Summary ===

Total read pairs processed:             35,223
  Read 1 with adapter:                   1,152 (3.3%)
  Read 2 with adapter:                   1,240 (3.5%)
Pairs written (passing filters):        35,223 (100.0%)

Total basepairs processed:     7,115,046 bp
  Read 1:     3,557,523 bp
  Read 2:     3,557,523 bp
Total written (filtered):      7,107,098 bp (99.9%)
  Read 1:     3,553,692 bp
  Read 2:     3,553,406 bp

=== First read: Adapter PrefixPE/1 ===

Sequence: TACACTCTTTCCCTACACGACGCTCTTCCGATCT; Type: regular 3'; Length: 34; Trimmed: 648 times

No. of allowed errors:
0-9 bp: 0; 10-19 bp: 1; 20-29 bp: 2; 30-34 bp: 3

Bases preceding removed adapters:
  A: 22.5%
  C: 27.3%
  G: 17.1%
  T: 33.0%
  none/other: 0.0%

Overview of removed sequences
length	count	expect	max.err	error counts
3	492	550.4	0	492
4	119	137.6	0	119
5	28	34.4	0	28
6	6	8.6	0	6
9	1	0.1	0	1
10	1	0.0	1	0 1
11	1	0.0	1	0 1


=== First read: Adapter PrefixPE/2 ===

Sequence: GTGACTGGAGTTCAGACGTGTGCTCTTCCGATCT; Type: regular 3'; Length: 34; Trimmed: 504 times

No. of allowed errors:
0-9 bp: 0; 10-19 bp: 1; 20-29 bp: 2; 30-34 bp: 3

Bases preceding removed adapters:
  A: 29.0%
  C: 18.1%
  G: 23.0%
  T: 30.0%
  none/other: 0.0%

Overview of removed sequences
length	count	expect	max.err	error counts
3	380	550.4	0	380
4	103	137.6	0	103
5	15	34.4	0	15
6	1	8.6	0	1
7	3	2.1	0	3
9	1	0.1	0	0 1
10	1	0.0	1	0 1


=== Second read: Adapter PrefixPE/1 ===

Sequence: TACACTCTTTCCCTACACGACGCTCTTCCGATCT; Type: regular 3'; Length: 34; Trimmed: 609 times

No. of allowed errors:
0-9 bp: 0; 10-19 bp: 1; 20-29 bp: 2; 30-34 bp: 3

Bases preceding removed adapters:
  A: 27.6%
  C: 27.4%
  G: 16.6%
  T: 28.4%
  none/other: 0.0%

Overview of removed sequences
length	count	expect	max.err	error counts
3	453	550.4	0	453
4	119	137.6	0	119
5	27	34.4	0	27
6	7	8.6	0	7
7	1	2.1	0	1
8	1	0.5	0	1
11	1	0.0	1	0 1


=== Second read: Adapter PrefixPE/2 ===

Sequence: GTGACTGGAGTTCAGACGTGTGCTCTTCCGATCT; Type: regular 3'; Length: 34; Trimmed: 631 times

No. of allowed errors:
0-9 bp: 0; 10-19 bp: 1; 20-29 bp: 2; 30-34 bp: 3

Bases preceding removed adapters:
  A: 22.8%
  C: 31.4%
  G: 19.5%
  T: 26.3%
  none/other: 0.0%

Overview of removed sequences
length	count	expect	max.err	error counts
3	496	550.4	0	496
4	107	137.6	0	107
5	18	34.4	0	18
6	5	8.6	0	5
7	1	2.1	0	1
8	1	0.5	0	1
9	2	0.1	0	1 1
10	1	0.0	1	0 1
