This is cutadapt 2.9 with Python 3.6.6
Command line parameters: --interleaved -a file:/nas02/apps/trimmomatic-0.36/Trimmomatic-0.36/adapters/TruSeq3-PE.fa -A file:/nas02/apps/trimmomatic-0.36/Trimmomatic-0.36/adapters/TruSeq3-PE.fa -m 30 /nas/longleaf/home/zpopkinh/Pvivax_resources/wgs_pe_improved_global/fastq/ERR5740796/ERR5740796_1.fastq.gz /nas/longleaf/home/zpopkinh/Pvivax_resources/wgs_pe_improved_global/fastq/ERR5740796/ERR5740796_2.fastq.gz
Processing reads on 1 core in paired-end mode ...
Finished in 353.52 s (119 us/read; 0.50 M reads/minute).

=== Summary ===

Total read pairs processed:          2,973,377
  Read 1 with adapter:                 108,736 (3.7%)
  Read 2 with adapter:                 108,251 (3.6%)
Pairs written (passing filters):     2,973,377 (100.0%)

Total basepairs processed:   897,959,854 bp
  Read 1:   448,979,927 bp
  Read 2:   448,979,927 bp
Total written (filtered):    897,224,189 bp (99.9%)
  Read 1:   448,611,599 bp
  Read 2:   448,612,590 bp

=== First read: Adapter PrefixPE/1 ===

Sequence: TACACTCTTTCCCTACACGACGCTCTTCCGATCT; Type: regular 3'; Length: 34; Trimmed: 55207 times

No. of allowed errors:
0-9 bp: 0; 10-19 bp: 1; 20-29 bp: 2; 30-34 bp: 3

Bases preceding removed adapters:
  A: 27.9%
  C: 20.0%
  G: 22.6%
  T: 29.5%
  none/other: 0.0%

Overview of removed sequences
length	count	expect	max.err	error counts
3	36791	46459.0	0	36791
4	14203	11614.8	0	14203
5	2898	2903.7	0	2898
6	636	725.9	0	636
7	128	181.5	0	128
8	54	45.4	0	54
9	177	11.3	0	6 171
10	213	2.8	1	11 202
11	80	0.7	1	2 78
12	16	0.2	1	0 16
13	7	0.0	1	0 7
14	2	0.0	1	0 2
15	1	0.0	1	0 1
62	1	0.0	3	0 0 0 1


=== First read: Adapter PrefixPE/2 ===

Sequence: GTGACTGGAGTTCAGACGTGTGCTCTTCCGATCT; Type: regular 3'; Length: 34; Trimmed: 53529 times

No. of allowed errors:
0-9 bp: 0; 10-19 bp: 1; 20-29 bp: 2; 30-34 bp: 3

Bases preceding removed adapters:
  A: 26.3%
  C: 15.0%
  G: 25.3%
  T: 33.3%
  none/other: 0.0%

Overview of removed sequences
length	count	expect	max.err	error counts
3	41350	46459.0	0	41350
4	9855	11614.8	0	9855
5	1660	2903.7	0	1660
6	375	725.9	0	375
7	102	181.5	0	102
8	25	45.4	0	25
9	71	11.3	0	6 65
10	65	2.8	1	1 64
11	18	0.7	1	0 18
12	7	0.2	1	0 7
13	1	0.0	1	0 1


=== Second read: Adapter PrefixPE/1 ===

Sequence: TACACTCTTTCCCTACACGACGCTCTTCCGATCT; Type: regular 3'; Length: 34; Trimmed: 54606 times

No. of allowed errors:
0-9 bp: 0; 10-19 bp: 1; 20-29 bp: 2; 30-34 bp: 3

Bases preceding removed adapters:
  A: 28.9%
  C: 20.4%
  G: 22.5%
  T: 28.2%
  none/other: 0.0%

Overview of removed sequences
length	count	expect	max.err	error counts
3	35892	46459.0	0	35892
4	14445	11614.8	0	14445
5	2998	2903.7	0	2998
6	642	725.9	0	642
7	145	181.5	0	145
8	25	45.4	0	25
9	176	11.3	0	19 157
10	193	2.8	1	6 187
11	70	0.7	1	0 70
12	14	0.2	1	0 14
13	5	0.0	1	0 5
120	1	0.0	3	0 0 0 1


=== Second read: Adapter PrefixPE/2 ===

Sequence: GTGACTGGAGTTCAGACGTGTGCTCTTCCGATCT; Type: regular 3'; Length: 34; Trimmed: 53645 times

No. of allowed errors:
0-9 bp: 0; 10-19 bp: 1; 20-29 bp: 2; 30-34 bp: 3

Bases preceding removed adapters:
  A: 25.8%
  C: 16.1%
  G: 25.4%
  T: 32.7%
  none/other: 0.0%

Overview of removed sequences
length	count	expect	max.err	error counts
3	41440	46459.0	0	41440
4	9847	11614.8	0	9847
5	1626	2903.7	0	1626
6	442	725.9	0	442
7	103	181.5	0	103
8	23	45.4	0	23
9	66	11.3	0	2 64
10	61	2.8	1	1 60
11	28	0.7	1	0 28
12	4	0.2	1	0 4
13	3	0.0	1	0 3
90	1	0.0	3	0 0 1
103	1	0.0	3	0 0 0 1
