This is cutadapt 2.9 with Python 3.6.6
Command line parameters: --interleaved -a file:/nas02/apps/trimmomatic-0.36/Trimmomatic-0.36/adapters/TruSeq3-PE.fa -A file:/nas02/apps/trimmomatic-0.36/Trimmomatic-0.36/adapters/TruSeq3-PE.fa -m 30 /nas/longleaf/home/zpopkinh/Pvivax_resources/wgs_pe_improved_global/fastq/SRS694230/SRR1564939_1.fastq.gz /nas/longleaf/home/zpopkinh/Pvivax_resources/wgs_pe_improved_global/fastq/SRS694230/SRR1564939_2.fastq.gz
Processing reads on 1 core in paired-end mode ...
Finished in 0.76 s (50 us/read; 1.20 M reads/minute).

=== Summary ===

Total read pairs processed:             15,309
  Read 1 with adapter:                     482 (3.1%)
  Read 2 with adapter:                     572 (3.7%)
Pairs written (passing filters):        15,309 (100.0%)

Total basepairs processed:     3,092,418 bp
  Read 1:     1,546,209 bp
  Read 2:     1,546,209 bp
Total written (filtered):      3,088,822 bp (99.9%)
  Read 1:     1,544,559 bp
  Read 2:     1,544,263 bp

=== First read: Adapter PrefixPE/1 ===

Sequence: TACACTCTTTCCCTACACGACGCTCTTCCGATCT; Type: regular 3'; Length: 34; Trimmed: 221 times

No. of allowed errors:
0-9 bp: 0; 10-19 bp: 1; 20-29 bp: 2; 30-34 bp: 3

Bases preceding removed adapters:
  A: 33.9%
  C: 19.5%
  G: 17.6%
  T: 29.0%
  none/other: 0.0%

Overview of removed sequences
length	count	expect	max.err	error counts
3	150	239.2	0	150
4	56	59.8	0	56
5	10	15.0	0	10
6	2	3.7	0	2
7	2	0.9	0	2
10	1	0.0	1	0 1


=== First read: Adapter PrefixPE/2 ===

Sequence: GTGACTGGAGTTCAGACGTGTGCTCTTCCGATCT; Type: regular 3'; Length: 34; Trimmed: 261 times

No. of allowed errors:
0-9 bp: 0; 10-19 bp: 1; 20-29 bp: 2; 30-34 bp: 3

Bases preceding removed adapters:
  A: 21.1%
  C: 13.8%
  G: 29.1%
  T: 36.0%
  none/other: 0.0%

Overview of removed sequences
length	count	expect	max.err	error counts
3	195	239.2	0	195
4	49	59.8	0	49
5	10	15.0	0	10
6	3	3.7	0	3
9	1	0.1	0	0 1
10	1	0.0	1	0 1
11	2	0.0	1	0 2


=== Second read: Adapter PrefixPE/1 ===

Sequence: TACACTCTTTCCCTACACGACGCTCTTCCGATCT; Type: regular 3'; Length: 34; Trimmed: 240 times

No. of allowed errors:
0-9 bp: 0; 10-19 bp: 1; 20-29 bp: 2; 30-34 bp: 3

Bases preceding removed adapters:
  A: 36.2%
  C: 18.3%
  G: 22.1%
  T: 23.3%
  none/other: 0.0%

Overview of removed sequences
length	count	expect	max.err	error counts
3	153	239.2	0	153
4	64	59.8	0	64
5	17	15.0	0	17
6	3	3.7	0	3
9	1	0.1	0	0 1
10	1	0.0	1	0 1
11	1	0.0	1	0 1


=== Second read: Adapter PrefixPE/2 ===

Sequence: GTGACTGGAGTTCAGACGTGTGCTCTTCCGATCT; Type: regular 3'; Length: 34; Trimmed: 332 times

No. of allowed errors:
0-9 bp: 0; 10-19 bp: 1; 20-29 bp: 2; 30-34 bp: 3

Bases preceding removed adapters:
  A: 30.7%
  C: 23.8%
  G: 21.4%
  T: 24.1%
  none/other: 0.0%

Overview of removed sequences
length	count	expect	max.err	error counts
3	259	239.2	0	259
4	58	59.8	0	58
5	10	15.0	0	10
6	3	3.7	0	3
10	1	0.0	1	0 1
11	1	0.0	1	0 1
