This is cutadapt 2.9 with Python 3.6.6
Command line parameters: --interleaved -a file:/nas02/apps/trimmomatic-0.36/Trimmomatic-0.36/adapters/TruSeq3-PE.fa -A file:/nas02/apps/trimmomatic-0.36/Trimmomatic-0.36/adapters/TruSeq3-PE.fa -m 30 /nas/longleaf/home/zpopkinh/Pvivax_resources/wgs_pe_improved_global/fastq/SRS1061042/SRR2316041_1.fastq.gz /nas/longleaf/home/zpopkinh/Pvivax_resources/wgs_pe_improved_global/fastq/SRS1061042/SRR2316041_2.fastq.gz
Processing reads on 1 core in paired-end mode ...
Finished in 1199.50 s (82 us/read; 0.73 M reads/minute).

=== Summary ===

Total read pairs processed:         14,657,042
  Read 1 with adapter:                 538,778 (3.7%)
  Read 2 with adapter:                 534,664 (3.6%)
Pairs written (passing filters):    14,657,012 (100.0%)

Total basepairs processed: 2,931,408,400 bp
  Read 1: 1,451,047,158 bp
  Read 2: 1,480,361,242 bp
Total written (filtered):  2,927,748,566 bp (99.9%)
  Read 1: 1,449,209,653 bp
  Read 2: 1,478,538,913 bp

=== First read: Adapter PrefixPE/1 ===

Sequence: TACACTCTTTCCCTACACGACGCTCTTCCGATCT; Type: regular 3'; Length: 34; Trimmed: 282057 times

No. of allowed errors:
0-9 bp: 0; 10-19 bp: 1; 20-29 bp: 2; 30-34 bp: 3

Bases preceding removed adapters:
  A: 30.8%
  C: 19.1%
  G: 19.0%
  T: 31.1%
  none/other: 0.0%

Overview of removed sequences
length	count	expect	max.err	error counts
3	185301	229016.3	0	185301
4	76292	57254.1	0	76292
5	13684	14313.5	0	13684
6	3517	3578.4	0	3517
7	625	894.6	0	625
8	167	223.6	0	167
9	851	55.9	0	71 780
10	1182	14.0	1	25 1157
11	322	3.5	1	6 316
12	81	0.9	1	1 80
13	19	0.2	1	0 19
14	11	0.1	1	1 10
95	1	0.0	3	0 0 1
96	2	0.0	3	0 2
99	2	0.0	3	0 0 1 1


=== First read: Adapter PrefixPE/2 ===

Sequence: GTGACTGGAGTTCAGACGTGTGCTCTTCCGATCT; Type: regular 3'; Length: 34; Trimmed: 256721 times

No. of allowed errors:
0-9 bp: 0; 10-19 bp: 1; 20-29 bp: 2; 30-34 bp: 3

Bases preceding removed adapters:
  A: 28.5%
  C: 11.4%
  G: 24.0%
  T: 36.1%
  none/other: 0.0%

Overview of removed sequences
length	count	expect	max.err	error counts
3	193735	229016.3	0	193735
4	50883	57254.1	0	50883
5	8111	14313.5	0	8111
6	2261	3578.4	0	2261
7	653	894.6	0	653
8	143	223.6	0	143
9	339	55.9	0	43 296
10	378	14.0	1	11 367
11	149	3.5	1	1 148
12	47	0.9	1	0 47
13	11	0.2	1	0 11
14	3	0.1	1	0 3
15	3	0.0	1	0 3
94	1	0.0	3	0 0 1
99	4	0.0	3	0 0 0 4


=== Second read: Adapter PrefixPE/1 ===

Sequence: TACACTCTTTCCCTACACGACGCTCTTCCGATCT; Type: regular 3'; Length: 34; Trimmed: 281830 times

No. of allowed errors:
0-9 bp: 0; 10-19 bp: 1; 20-29 bp: 2; 30-34 bp: 3

Bases preceding removed adapters:
  A: 30.9%
  C: 19.2%
  G: 18.8%
  T: 31.1%
  none/other: 0.0%

Overview of removed sequences
length	count	expect	max.err	error counts
3	184944	229016.3	0	184944
4	76721	57254.1	0	76721
5	13557	14313.5	0	13557
6	3356	3578.4	0	3356
7	648	894.6	0	648
8	196	223.6	0	196
9	782	55.9	0	71 711
10	1174	14.0	1	27 1147
11	341	3.5	1	8 333
12	75	0.9	1	1 74
13	14	0.2	1	0 14
14	10	0.1	1	0 10
15	3	0.0	1	0 3
33	1	0.0	3	0 0 1
96	2	0.0	3	0 2
97	1	0.0	3	0 0 1
101	5	0.0	3	0 0 1 4


=== Second read: Adapter PrefixPE/2 ===

Sequence: GTGACTGGAGTTCAGACGTGTGCTCTTCCGATCT; Type: regular 3'; Length: 34; Trimmed: 252834 times

No. of allowed errors:
0-9 bp: 0; 10-19 bp: 1; 20-29 bp: 2; 30-34 bp: 3

Bases preceding removed adapters:
  A: 28.6%
  C: 11.1%
  G: 24.0%
  T: 36.2%
  none/other: 0.0%

Overview of removed sequences
length	count	expect	max.err	error counts
3	191324	229016.3	0	191324
4	49887	57254.1	0	49887
5	7751	14313.5	0	7751
6	2246	3578.4	0	2246
7	645	894.6	0	645
8	104	223.6	0	104
9	318	55.9	0	30 288
10	356	14.0	1	10 346
11	140	3.5	1	0 140
12	34	0.9	1	0 34
13	11	0.2	1	0 11
14	4	0.1	1	0 4
28	1	0.0	2	1
34	1	0.0	3	0 1
101	12	0.0	3	0 2 4 6
