This is cutadapt 2.9 with Python 3.6.6
Command line parameters: --interleaved -a file:/nas02/apps/trimmomatic-0.36/Trimmomatic-0.36/adapters/TruSeq3-PE.fa -A file:/nas02/apps/trimmomatic-0.36/Trimmomatic-0.36/adapters/TruSeq3-PE.fa -m 30 /nas/longleaf/home/zpopkinh/Pvivax_resources/wgs_pe_improved_global/fastq/ERS055893/ERR111725_1.fastq.gz /nas/longleaf/home/zpopkinh/Pvivax_resources/wgs_pe_improved_global/fastq/ERS055893/ERR111725_2.fastq.gz
Processing reads on 1 core in paired-end mode ...
Finished in 756.30 s (84 us/read; 0.71 M reads/minute).

=== Summary ===

Total read pairs processed:          8,981,212
  Read 1 with adapter:                 330,601 (3.7%)
  Read 2 with adapter:                 327,080 (3.6%)
Pairs written (passing filters):     8,981,211 (100.0%)

Total basepairs processed: 1,796,242,400 bp
  Read 1:   898,121,200 bp
  Read 2:   898,121,200 bp
Total written (filtered):  1,794,023,848 bp (99.9%)
  Read 1:   897,005,947 bp
  Read 2:   897,017,901 bp

=== First read: Adapter PrefixPE/1 ===

Sequence: TACACTCTTTCCCTACACGACGCTCTTCCGATCT; Type: regular 3'; Length: 34; Trimmed: 174741 times

No. of allowed errors:
0-9 bp: 0; 10-19 bp: 1; 20-29 bp: 2; 30-34 bp: 3

Bases preceding removed adapters:
  A: 29.0%
  C: 18.8%
  G: 22.7%
  T: 29.4%
  none/other: 0.0%

Overview of removed sequences
length	count	expect	max.err	error counts
3	116982	140331.4	0	116982
4	44548	35082.9	0	44548
5	9425	8770.7	0	9425
6	1950	2192.7	0	1950
7	417	548.2	0	417
8	91	137.0	0	91
9	521	34.3	0	37 484
10	557	8.6	1	22 535
11	197	2.1	1	1 196
12	35	0.5	1	1 34
13	11	0.1	1	0 11
14	6	0.0	1	0 6
100	1	0.0	3	0 0 0 1


=== First read: Adapter PrefixPE/2 ===

Sequence: GTGACTGGAGTTCAGACGTGTGCTCTTCCGATCT; Type: regular 3'; Length: 34; Trimmed: 155860 times

No. of allowed errors:
0-9 bp: 0; 10-19 bp: 1; 20-29 bp: 2; 30-34 bp: 3

Bases preceding removed adapters:
  A: 23.8%
  C: 18.4%
  G: 26.0%
  T: 31.8%
  none/other: 0.0%

Overview of removed sequences
length	count	expect	max.err	error counts
3	121927	140331.4	0	121927
4	28074	35082.9	0	28074
5	4349	8770.7	0	4349
6	900	2192.7	0	900
7	248	548.2	0	248
8	33	137.0	0	33
9	133	34.3	0	2 131
10	127	8.6	1	1 126
11	50	2.1	1	0 50
12	16	0.5	1	0 16
13	3	0.1	1	0 3


=== Second read: Adapter PrefixPE/1 ===

Sequence: TACACTCTTTCCCTACACGACGCTCTTCCGATCT; Type: regular 3'; Length: 34; Trimmed: 174124 times

No. of allowed errors:
0-9 bp: 0; 10-19 bp: 1; 20-29 bp: 2; 30-34 bp: 3

Bases preceding removed adapters:
  A: 29.0%
  C: 18.9%
  G: 22.7%
  T: 29.3%
  none/other: 0.0%

Overview of removed sequences
length	count	expect	max.err	error counts
3	116767	140331.4	0	116767
4	44297	35082.9	0	44297
5	9276	8770.7	0	9276
6	1960	2192.7	0	1960
7	408	548.2	0	408
8	83	137.0	0	83
9	517	34.3	0	31 486
10	585	8.6	1	9 576
11	186	2.1	1	2 184
12	36	0.5	1	2 34
13	5	0.1	1	1 4
14	4	0.0	1	0 4


=== Second read: Adapter PrefixPE/2 ===

Sequence: GTGACTGGAGTTCAGACGTGTGCTCTTCCGATCT; Type: regular 3'; Length: 34; Trimmed: 152956 times

No. of allowed errors:
0-9 bp: 0; 10-19 bp: 1; 20-29 bp: 2; 30-34 bp: 3

Bases preceding removed adapters:
  A: 24.0%
  C: 18.6%
  G: 26.0%
  T: 31.4%
  none/other: 0.0%

Overview of removed sequences
length	count	expect	max.err	error counts
3	119625	140331.4	0	119625
4	27631	35082.9	0	27631
5	4190	8770.7	0	4190
6	912	2192.7	0	912
7	238	548.2	0	238
8	31	137.0	0	31
9	146	34.3	0	8 138
10	125	8.6	1	4 121
11	49	2.1	1	0 49
12	7	0.5	1	0 7
13	2	0.1	1	0 2
