This is cutadapt 2.9 with Python 3.6.6
Command line parameters: --interleaved -a file:/nas02/apps/trimmomatic-0.36/Trimmomatic-0.36/adapters/TruSeq3-PE.fa -A file:/nas02/apps/trimmomatic-0.36/Trimmomatic-0.36/adapters/TruSeq3-PE.fa -m 30 /nas/longleaf/home/zpopkinh/Pvivax_resources/wgs_pe_improved_global/fastq/ERS792600/ERR1138856_1.fastq.gz /nas/longleaf/home/zpopkinh/Pvivax_resources/wgs_pe_improved_global/fastq/ERS792600/ERR1138856_2.fastq.gz
Processing reads on 1 core in paired-end mode ...
Finished in 402.89 s (91 us/read; 0.66 M reads/minute).

=== Summary ===

Total read pairs processed:          4,419,165
  Read 1 with adapter:                 162,090 (3.7%)
  Read 2 with adapter:                 159,935 (3.6%)
Pairs written (passing filters):     4,419,164 (100.0%)

Total basepairs processed:   883,833,000 bp
  Read 1:   441,916,500 bp
  Read 2:   441,916,500 bp
Total written (filtered):    882,742,517 bp (99.9%)
  Read 1:   441,367,418 bp
  Read 2:   441,375,099 bp

=== First read: Adapter PrefixPE/1 ===

Sequence: TACACTCTTTCCCTACACGACGCTCTTCCGATCT; Type: regular 3'; Length: 34; Trimmed: 86262 times

No. of allowed errors:
0-9 bp: 0; 10-19 bp: 1; 20-29 bp: 2; 30-34 bp: 3

Bases preceding removed adapters:
  A: 28.9%
  C: 18.4%
  G: 24.3%
  T: 28.4%
  none/other: 0.0%

Overview of removed sequences
length	count	expect	max.err	error counts
3	56937	69049.5	0	56937
4	22576	17262.4	0	22576
5	4608	4315.6	0	4608
6	1005	1078.9	0	1005
7	242	269.7	0	242
8	35	67.4	0	35
9	262	16.9	0	21 241
10	447	4.2	1	12 435
11	117	1.1	1	1 116
12	25	0.3	1	0 25
13	7	0.1	1	0 7
100	1	0.0	3	0 0 0 1


=== First read: Adapter PrefixPE/2 ===

Sequence: GTGACTGGAGTTCAGACGTGTGCTCTTCCGATCT; Type: regular 3'; Length: 34; Trimmed: 75828 times

No. of allowed errors:
0-9 bp: 0; 10-19 bp: 1; 20-29 bp: 2; 30-34 bp: 3

Bases preceding removed adapters:
  A: 24.6%
  C: 17.2%
  G: 25.0%
  T: 33.2%
  none/other: 0.0%

Overview of removed sequences
length	count	expect	max.err	error counts
3	59538	69049.5	0	59538
4	13367	17262.4	0	13367
5	2136	4315.6	0	2136
6	469	1078.9	0	469
7	106	269.7	0	106
8	26	67.4	0	26
9	97	16.9	0	8 89
10	67	4.2	1	0 67
11	16	1.1	1	0 16
12	6	0.3	1	0 6


=== Second read: Adapter PrefixPE/1 ===

Sequence: TACACTCTTTCCCTACACGACGCTCTTCCGATCT; Type: regular 3'; Length: 34; Trimmed: 85273 times

No. of allowed errors:
0-9 bp: 0; 10-19 bp: 1; 20-29 bp: 2; 30-34 bp: 3

Bases preceding removed adapters:
  A: 28.3%
  C: 18.6%
  G: 24.2%
  T: 28.9%
  none/other: 0.0%

Overview of removed sequences
length	count	expect	max.err	error counts
3	56581	69049.5	0	56581
4	22014	17262.4	0	22014
5	4596	4315.6	0	4596
6	995	1078.9	0	995
7	240	269.7	0	240
8	38	67.4	0	38
9	256	16.9	0	19 237
10	417	4.2	1	9 408
11	107	1.1	1	3 104
12	25	0.3	1	1 24
13	4	0.1	1	0 4


=== Second read: Adapter PrefixPE/2 ===

Sequence: GTGACTGGAGTTCAGACGTGTGCTCTTCCGATCT; Type: regular 3'; Length: 34; Trimmed: 74662 times

No. of allowed errors:
0-9 bp: 0; 10-19 bp: 1; 20-29 bp: 2; 30-34 bp: 3

Bases preceding removed adapters:
  A: 24.6%
  C: 17.5%
  G: 24.9%
  T: 33.0%
  none/other: 0.0%

Overview of removed sequences
length	count	expect	max.err	error counts
3	58695	69049.5	0	58695
4	13092	17262.4	0	13092
5	2053	4315.6	0	2053
6	484	1078.9	0	484
7	117	269.7	0	117
8	18	67.4	0	18
9	92	16.9	0	2 90
10	81	4.2	1	0 81
11	20	1.1	1	1 19
12	8	0.3	1	0 8
13	2	0.1	1	0 2
