This is cutadapt 2.9 with Python 3.6.6
Command line parameters: --interleaved -a file:/nas02/apps/trimmomatic-0.36/Trimmomatic-0.36/adapters/TruSeq3-PE.fa -A file:/nas02/apps/trimmomatic-0.36/Trimmomatic-0.36/adapters/TruSeq3-PE.fa -m 30 /nas/longleaf/home/zpopkinh/Pvivax_resources/wgs_pe_improved_global/fastq/ERS3516661/ERR3439128_1.fastq.gz /nas/longleaf/home/zpopkinh/Pvivax_resources/wgs_pe_improved_global/fastq/ERS3516661/ERR3439128_2.fastq.gz
Processing reads on 1 core in paired-end mode ...
Finished in 2.25 s (52 us/read; 1.16 M reads/minute).

=== Summary ===

Total read pairs processed:             43,399
  Read 1 with adapter:                     914 (2.1%)
  Read 2 with adapter:                     644 (1.5%)
Pairs written (passing filters):        43,398 (100.0%)

Total basepairs processed:    13,019,700 bp
  Read 1:     6,509,850 bp
  Read 2:     6,509,850 bp
Total written (filtered):     13,013,980 bp (100.0%)
  Read 1:     6,506,601 bp
  Read 2:     6,507,379 bp

=== First read: Adapter PrefixPE/1 ===

Sequence: TACACTCTTTCCCTACACGACGCTCTTCCGATCT; Type: regular 3'; Length: 34; Trimmed: 641 times

No. of allowed errors:
0-9 bp: 0; 10-19 bp: 1; 20-29 bp: 2; 30-34 bp: 3

Bases preceding removed adapters:
  A: 74.9%
  C: 9.0%
  G: 6.1%
  T: 9.8%
  none/other: 0.2%

Overview of removed sequences
length	count	expect	max.err	error counts
3	489	678.1	0	489
4	110	169.5	0	110
5	20	42.4	0	20
6	3	10.6	0	3
8	1	0.7	0	1
9	13	0.2	0	0 13
10	2	0.0	1	0 2
11	1	0.0	1	0 1
12	1	0.0	1	0 1
150	1	0.0	3	0 0 1


=== First read: Adapter PrefixPE/2 ===

Sequence: GTGACTGGAGTTCAGACGTGTGCTCTTCCGATCT; Type: regular 3'; Length: 34; Trimmed: 273 times

No. of allowed errors:
0-9 bp: 0; 10-19 bp: 1; 20-29 bp: 2; 30-34 bp: 3

Bases preceding removed adapters:
  A: 13.9%
  C: 6.6%
  G: 30.0%
  T: 49.5%
  none/other: 0.0%

Overview of removed sequences
length	count	expect	max.err	error counts
3	197	678.1	0	197
4	70	169.5	0	70
5	5	42.4	0	5
10	1	0.0	1	0 1


=== Second read: Adapter PrefixPE/1 ===

Sequence: TACACTCTTTCCCTACACGACGCTCTTCCGATCT; Type: regular 3'; Length: 34; Trimmed: 282 times

No. of allowed errors:
0-9 bp: 0; 10-19 bp: 1; 20-29 bp: 2; 30-34 bp: 3

Bases preceding removed adapters:
  A: 29.8%
  C: 14.2%
  G: 36.9%
  T: 19.1%
  none/other: 0.0%

Overview of removed sequences
length	count	expect	max.err	error counts
3	140	678.1	0	140
4	70	169.5	0	70
5	10	42.4	0	10
6	60	10.6	0	60
9	1	0.2	0	0 1
10	1	0.0	1	0 1


=== Second read: Adapter PrefixPE/2 ===

Sequence: GTGACTGGAGTTCAGACGTGTGCTCTTCCGATCT; Type: regular 3'; Length: 34; Trimmed: 362 times

No. of allowed errors:
0-9 bp: 0; 10-19 bp: 1; 20-29 bp: 2; 30-34 bp: 3

Bases preceding removed adapters:
  A: 16.0%
  C: 19.3%
  G: 39.8%
  T: 24.9%
  none/other: 0.0%

Overview of removed sequences
length	count	expect	max.err	error counts
3	284	678.1	0	284
4	56	169.5	0	56
5	20	42.4	0	20
7	1	2.6	0	1
9	1	0.2	0	0 1
