This is cutadapt 2.9 with Python 3.6.6
Command line parameters: --interleaved -a file:/nas02/apps/trimmomatic-0.36/Trimmomatic-0.36/adapters/TruSeq3-PE.fa -A file:/nas02/apps/trimmomatic-0.36/Trimmomatic-0.36/adapters/TruSeq3-PE.fa -m 30 /nas/longleaf/home/zpopkinh/Pvivax_resources/wgs_pe_improved_global/fastq/ERS055877/ERR111709_1.fastq.gz /nas/longleaf/home/zpopkinh/Pvivax_resources/wgs_pe_improved_global/fastq/ERS055877/ERR111709_2.fastq.gz
Processing reads on 1 core in paired-end mode ...
Finished in 997.02 s (105 us/read; 0.57 M reads/minute).

=== Summary ===

Total read pairs processed:          9,523,842
  Read 1 with adapter:                 352,069 (3.7%)
  Read 2 with adapter:                 347,536 (3.6%)
Pairs written (passing filters):     9,523,835 (100.0%)

Total basepairs processed: 1,904,768,400 bp
  Read 1:   952,384,200 bp
  Read 2:   952,384,200 bp
Total written (filtered):  1,902,405,240 bp (99.9%)
  Read 1:   951,194,983 bp
  Read 2:   951,210,257 bp

=== First read: Adapter PrefixPE/1 ===

Sequence: TACACTCTTTCCCTACACGACGCTCTTCCGATCT; Type: regular 3'; Length: 34; Trimmed: 187765 times

No. of allowed errors:
0-9 bp: 0; 10-19 bp: 1; 20-29 bp: 2; 30-34 bp: 3

Bases preceding removed adapters:
  A: 29.3%
  C: 18.6%
  G: 22.3%
  T: 29.8%
  none/other: 0.0%

Overview of removed sequences
length	count	expect	max.err	error counts
3	125237	148810.0	0	125237
4	48237	37202.5	0	48237
5	10249	9300.6	0	10249
6	2117	2325.2	0	2117
7	402	581.3	0	402
8	106	145.3	0	106
9	593	36.3	0	36 557
10	555	9.1	1	17 538
11	207	2.3	1	5 202
12	35	0.6	1	0 35
13	14	0.1	1	0 14
14	4	0.0	1	0 4
15	2	0.0	1	0 2
100	7	0.0	3	0 0 0 7


=== First read: Adapter PrefixPE/2 ===

Sequence: GTGACTGGAGTTCAGACGTGTGCTCTTCCGATCT; Type: regular 3'; Length: 34; Trimmed: 164304 times

No. of allowed errors:
0-9 bp: 0; 10-19 bp: 1; 20-29 bp: 2; 30-34 bp: 3

Bases preceding removed adapters:
  A: 23.7%
  C: 18.3%
  G: 26.2%
  T: 31.9%
  none/other: 0.0%

Overview of removed sequences
length	count	expect	max.err	error counts
3	128466	148810.0	0	128466
4	29590	37202.5	0	29590
5	4588	9300.6	0	4588
6	1007	2325.2	0	1007
7	235	581.3	0	235
8	43	145.3	0	43
9	170	36.3	0	3 167
10	140	9.1	1	3 137
11	49	2.3	1	1 48
12	9	0.6	1	0 9
13	7	0.1	1	0 7


=== Second read: Adapter PrefixPE/1 ===

Sequence: TACACTCTTTCCCTACACGACGCTCTTCCGATCT; Type: regular 3'; Length: 34; Trimmed: 186083 times

No. of allowed errors:
0-9 bp: 0; 10-19 bp: 1; 20-29 bp: 2; 30-34 bp: 3

Bases preceding removed adapters:
  A: 29.4%
  C: 18.5%
  G: 22.2%
  T: 29.9%
  none/other: 0.0%

Overview of removed sequences
length	count	expect	max.err	error counts
3	123721	148810.0	0	123721
4	48406	37202.5	0	48406
5	9925	9300.6	0	9925
6	2106	2325.2	0	2106
7	402	581.3	0	402
8	125	145.3	0	125
9	563	36.3	0	43 520
10	574	9.1	1	8 566
11	209	2.3	1	0 209
12	37	0.6	1	0 37
13	12	0.1	1	0 12
14	3	0.0	1	0 3


=== Second read: Adapter PrefixPE/2 ===

Sequence: GTGACTGGAGTTCAGACGTGTGCTCTTCCGATCT; Type: regular 3'; Length: 34; Trimmed: 161453 times

No. of allowed errors:
0-9 bp: 0; 10-19 bp: 1; 20-29 bp: 2; 30-34 bp: 3

Bases preceding removed adapters:
  A: 23.8%
  C: 18.3%
  G: 26.1%
  T: 31.9%
  none/other: 0.0%

Overview of removed sequences
length	count	expect	max.err	error counts
3	126421	148810.0	0	126421
4	29033	37202.5	0	29033
5	4381	9300.6	0	4381
6	987	2325.2	0	987
7	246	581.3	0	246
8	32	145.3	0	32
9	161	36.3	0	4 157
10	147	9.1	1	4 143
11	31	2.3	1	0 31
12	9	0.6	1	0 9
13	5	0.1	1	0 5
