This is cutadapt 2.9 with Python 3.6.6
Command line parameters: --interleaved -a file:/nas02/apps/trimmomatic-0.36/Trimmomatic-0.36/adapters/TruSeq3-PE.fa -A file:/nas02/apps/trimmomatic-0.36/Trimmomatic-0.36/adapters/TruSeq3-PE.fa -m 30 /nas/longleaf/home/zpopkinh/Pvivax_resources/wgs_pe_improved_global/fastq/ERR3813237/ERR3813237_1.fastq.gz /nas/longleaf/home/zpopkinh/Pvivax_resources/wgs_pe_improved_global/fastq/ERR3813237/ERR3813237_2.fastq.gz
Processing reads on 1 core in paired-end mode ...
Finished in 1454.58 s (122 us/read; 0.49 M reads/minute).

=== Summary ===

Total read pairs processed:         11,937,370
  Read 1 with adapter:                 428,824 (3.6%)
  Read 2 with adapter:                 436,916 (3.7%)
Pairs written (passing filters):    11,937,370 (100.0%)

Total basepairs processed: 3,581,211,000 bp
  Read 1: 1,790,605,500 bp
  Read 2: 1,790,605,500 bp
Total written (filtered):  3,578,280,240 bp (99.9%)
  Read 1: 1,789,151,831 bp
  Read 2: 1,789,128,409 bp

=== First read: Adapter PrefixPE/1 ===

Sequence: TACACTCTTTCCCTACACGACGCTCTTCCGATCT; Type: regular 3'; Length: 34; Trimmed: 213513 times

No. of allowed errors:
0-9 bp: 0; 10-19 bp: 1; 20-29 bp: 2; 30-34 bp: 3

Bases preceding removed adapters:
  A: 29.4%
  C: 20.9%
  G: 19.0%
  T: 30.7%
  none/other: 0.0%

Overview of removed sequences
length	count	expect	max.err	error counts
3	142268	186521.4	0	142268
4	55835	46630.4	0	55835
5	10343	11657.6	0	10343
6	2592	2914.4	0	2592
7	544	728.6	0	544
8	139	182.1	0	139
9	576	45.5	0	38 538
10	837	11.4	1	23 814
11	278	2.8	1	0 278
12	73	0.7	1	0 73
13	14	0.2	1	0 14
14	8	0.0	1	0 8
15	2	0.0	1	0 2
16	1	0.0	1	0 1
59	1	0.0	3	0 0 0 1
67	1	0.0	3	0 0 0 1
101	1	0.0	3	0 0 1


=== First read: Adapter PrefixPE/2 ===

Sequence: GTGACTGGAGTTCAGACGTGTGCTCTTCCGATCT; Type: regular 3'; Length: 34; Trimmed: 215311 times

No. of allowed errors:
0-9 bp: 0; 10-19 bp: 1; 20-29 bp: 2; 30-34 bp: 3

Bases preceding removed adapters:
  A: 27.5%
  C: 12.1%
  G: 26.1%
  T: 34.3%
  none/other: 0.0%

Overview of removed sequences
length	count	expect	max.err	error counts
3	164549	186521.4	0	164549
4	40969	46630.4	0	40969
5	6625	11657.6	0	6625
6	1851	2914.4	0	1851
7	418	728.6	0	418
8	112	182.1	0	112
9	342	45.5	0	28 314
10	302	11.4	1	6 296
11	110	2.8	1	3 107
12	30	0.7	1	0 30
13	3	0.2	1	0 3


=== Second read: Adapter PrefixPE/1 ===

Sequence: TACACTCTTTCCCTACACGACGCTCTTCCGATCT; Type: regular 3'; Length: 34; Trimmed: 211841 times

No. of allowed errors:
0-9 bp: 0; 10-19 bp: 1; 20-29 bp: 2; 30-34 bp: 3

Bases preceding removed adapters:
  A: 29.6%
  C: 21.1%
  G: 19.1%
  T: 30.2%
  none/other: 0.0%

Overview of removed sequences
length	count	expect	max.err	error counts
3	141903	186521.4	0	141903
4	54642	46630.4	0	54642
5	10479	11657.6	0	10479
6	2487	2914.4	0	2487
7	532	728.6	0	532
8	135	182.1	0	135
9	589	45.5	0	50 539
10	779	11.4	1	19 760
11	220	2.8	1	2 218
12	57	0.7	1	1 56
13	15	0.2	1	0 15
14	2	0.0	1	0 2
100	1	0.0	3	0 0 1


=== Second read: Adapter PrefixPE/2 ===

Sequence: GTGACTGGAGTTCAGACGTGTGCTCTTCCGATCT; Type: regular 3'; Length: 34; Trimmed: 225075 times

No. of allowed errors:
0-9 bp: 0; 10-19 bp: 1; 20-29 bp: 2; 30-34 bp: 3

Bases preceding removed adapters:
  A: 27.1%
  C: 14.7%
  G: 25.9%
  T: 32.4%
  none/other: 0.0%

Overview of removed sequences
length	count	expect	max.err	error counts
3	173942	186521.4	0	173942
4	41029	46630.4	0	41029
5	6640	11657.6	0	6640
6	1922	2914.4	0	1922
7	537	728.6	0	537
8	98	182.1	0	98
9	353	45.5	0	47 306
10	378	11.4	1	3 375
11	128	2.8	1	3 125
12	36	0.7	1	0 36
13	8	0.2	1	0 8
14	3	0.0	1	0 3
15	1	0.0	1	0 1
