This is cutadapt 2.9 with Python 3.6.6
Command line parameters: --interleaved -a file:/nas02/apps/trimmomatic-0.36/Trimmomatic-0.36/adapters/TruSeq3-PE.fa -A file:/nas02/apps/trimmomatic-0.36/Trimmomatic-0.36/adapters/TruSeq3-PE.fa -m 30 /nas/longleaf/home/zpopkinh/Pvivax_resources/wgs_pe_improved_global/fastq/ERS338612/ERR386543_1.fastq.gz /nas/longleaf/home/zpopkinh/Pvivax_resources/wgs_pe_improved_global/fastq/ERS338612/ERR386543_2.fastq.gz
Processing reads on 1 core in paired-end mode ...
Finished in 159.83 s (87 us/read; 0.69 M reads/minute).

=== Summary ===

Total read pairs processed:          1,842,984
  Read 1 with adapter:                  68,260 (3.7%)
  Read 2 with adapter:                  67,073 (3.6%)
Pairs written (passing filters):     1,842,984 (100.0%)

Total basepairs processed:   368,596,800 bp
  Read 1:   184,298,400 bp
  Read 2:   184,298,400 bp
Total written (filtered):    368,135,156 bp (99.9%)
  Read 1:   184,065,497 bp
  Read 2:   184,069,659 bp

=== First read: Adapter PrefixPE/1 ===

Sequence: TACACTCTTTCCCTACACGACGCTCTTCCGATCT; Type: regular 3'; Length: 34; Trimmed: 37212 times

No. of allowed errors:
0-9 bp: 0; 10-19 bp: 1; 20-29 bp: 2; 30-34 bp: 3

Bases preceding removed adapters:
  A: 29.8%
  C: 17.6%
  G: 24.8%
  T: 27.7%
  none/other: 0.0%

Overview of removed sequences
length	count	expect	max.err	error counts
3	24260	28796.6	0	24260
4	9956	7199.2	0	9956
5	1863	1799.8	0	1863
6	459	449.9	0	459
7	155	112.5	0	155
8	24	28.1	0	24
9	92	7.0	0	11 81
10	331	1.8	1	4 327
11	58	0.4	1	0 58
12	9	0.1	1	1 8
13	5	0.0	1	0 5


=== First read: Adapter PrefixPE/2 ===

Sequence: GTGACTGGAGTTCAGACGTGTGCTCTTCCGATCT; Type: regular 3'; Length: 34; Trimmed: 31048 times

No. of allowed errors:
0-9 bp: 0; 10-19 bp: 1; 20-29 bp: 2; 30-34 bp: 3

Bases preceding removed adapters:
  A: 27.7%
  C: 14.1%
  G: 23.0%
  T: 35.2%
  none/other: 0.0%

Overview of removed sequences
length	count	expect	max.err	error counts
3	24217	28796.6	0	24217
4	5646	7199.2	0	5646
5	810	1799.8	0	810
6	222	449.9	0	222
7	35	112.5	0	35
8	8	28.1	0	8
9	43	7.0	0	1 42
10	50	1.8	1	0 50
11	13	0.4	1	1 12
12	4	0.1	1	0 4


=== Second read: Adapter PrefixPE/1 ===

Sequence: TACACTCTTTCCCTACACGACGCTCTTCCGATCT; Type: regular 3'; Length: 34; Trimmed: 36456 times

No. of allowed errors:
0-9 bp: 0; 10-19 bp: 1; 20-29 bp: 2; 30-34 bp: 3

Bases preceding removed adapters:
  A: 30.0%
  C: 17.5%
  G: 24.8%
  T: 27.7%
  none/other: 0.0%

Overview of removed sequences
length	count	expect	max.err	error counts
3	23801	28796.6	0	23801
4	9788	7199.2	0	9788
5	1767	1799.8	0	1767
6	448	449.9	0	448
7	133	112.5	0	133
8	38	28.1	0	38
9	82	7.0	0	9 73
10	324	1.8	1	5 319
11	61	0.4	1	0 61
12	12	0.1	1	0 12
13	2	0.0	1	0 2


=== Second read: Adapter PrefixPE/2 ===

Sequence: GTGACTGGAGTTCAGACGTGTGCTCTTCCGATCT; Type: regular 3'; Length: 34; Trimmed: 30617 times

No. of allowed errors:
0-9 bp: 0; 10-19 bp: 1; 20-29 bp: 2; 30-34 bp: 3

Bases preceding removed adapters:
  A: 27.2%
  C: 14.5%
  G: 22.9%
  T: 35.4%
  none/other: 0.0%

Overview of removed sequences
length	count	expect	max.err	error counts
3	23914	28796.6	0	23914
4	5497	7199.2	0	5497
5	816	1799.8	0	816
6	216	449.9	0	216
7	54	112.5	0	54
8	12	28.1	0	12
9	62	7.0	0	2 60
10	37	1.8	1	1 36
11	7	0.4	1	0 7
12	2	0.1	1	0 2
