This is cutadapt 2.9 with Python 3.6.6
Command line parameters: --interleaved -a file:/nas02/apps/trimmomatic-0.36/Trimmomatic-0.36/adapters/TruSeq3-PE.fa -A file:/nas02/apps/trimmomatic-0.36/Trimmomatic-0.36/adapters/TruSeq3-PE.fa -m 30 /nas/longleaf/home/zpopkinh/Pvivax_resources/wgs_pe_improved_global/fastq/ERS224901/ERR337542_1.fastq.gz /nas/longleaf/home/zpopkinh/Pvivax_resources/wgs_pe_improved_global/fastq/ERS224901/ERR337542_2.fastq.gz
Processing reads on 1 core in paired-end mode ...
Finished in 134.63 s (87 us/read; 0.69 M reads/minute).

=== Summary ===

Total read pairs processed:          1,540,260
  Read 1 with adapter:                  55,300 (3.6%)
  Read 2 with adapter:                  54,474 (3.5%)
Pairs written (passing filters):     1,540,253 (100.0%)

Total basepairs processed:   308,052,000 bp
  Read 1:   154,026,000 bp
  Read 2:   154,026,000 bp
Total written (filtered):    307,675,354 bp (99.9%)
  Read 1:   153,836,064 bp
  Read 2:   153,839,290 bp

=== First read: Adapter PrefixPE/1 ===

Sequence: TACACTCTTTCCCTACACGACGCTCTTCCGATCT; Type: regular 3'; Length: 34; Trimmed: 29856 times

No. of allowed errors:
0-9 bp: 0; 10-19 bp: 1; 20-29 bp: 2; 30-34 bp: 3

Bases preceding removed adapters:
  A: 30.2%
  C: 17.4%
  G: 24.1%
  T: 28.2%
  none/other: 0.0%

Overview of removed sequences
length	count	expect	max.err	error counts
3	19256	24066.6	0	19256
4	8122	6016.6	0	8122
5	1488	1504.2	0	1488
6	352	376.0	0	352
7	141	94.0	0	141
8	22	23.5	0	22
9	78	5.9	0	7 71
10	320	1.5	1	9 311
11	55	0.4	1	0 55
12	12	0.1	1	0 12
13	3	0.0	1	0 3
100	7	0.0	3	0 0 0 7


=== First read: Adapter PrefixPE/2 ===

Sequence: GTGACTGGAGTTCAGACGTGTGCTCTTCCGATCT; Type: regular 3'; Length: 34; Trimmed: 25444 times

No. of allowed errors:
0-9 bp: 0; 10-19 bp: 1; 20-29 bp: 2; 30-34 bp: 3

Bases preceding removed adapters:
  A: 27.2%
  C: 14.0%
  G: 22.2%
  T: 36.6%
  none/other: 0.0%

Overview of removed sequences
length	count	expect	max.err	error counts
3	19938	24066.6	0	19938
4	4526	6016.6	0	4526
5	660	1504.2	0	660
6	168	376.0	0	168
7	43	94.0	0	43
8	8	23.5	0	8
9	50	5.9	0	2 48
10	36	1.5	1	0 36
11	12	0.4	1	0 12
12	1	0.1	1	0 1
13	1	0.0	1	0 1
17	1	0.0	1	0 1


=== Second read: Adapter PrefixPE/1 ===

Sequence: TACACTCTTTCCCTACACGACGCTCTTCCGATCT; Type: regular 3'; Length: 34; Trimmed: 29703 times

No. of allowed errors:
0-9 bp: 0; 10-19 bp: 1; 20-29 bp: 2; 30-34 bp: 3

Bases preceding removed adapters:
  A: 30.1%
  C: 17.5%
  G: 23.8%
  T: 28.6%
  none/other: 0.0%

Overview of removed sequences
length	count	expect	max.err	error counts
3	19309	24066.6	0	19309
4	7948	6016.6	0	7948
5	1500	1504.2	0	1500
6	358	376.0	0	358
7	123	94.0	0	123
8	14	23.5	0	14
9	76	5.9	0	11 65
10	317	1.5	1	6 311
11	48	0.4	1	0 48
12	8	0.1	1	0 8
13	1	0.0	1	1
14	1	0.0	1	0 1


=== Second read: Adapter PrefixPE/2 ===

Sequence: GTGACTGGAGTTCAGACGTGTGCTCTTCCGATCT; Type: regular 3'; Length: 34; Trimmed: 24771 times

No. of allowed errors:
0-9 bp: 0; 10-19 bp: 1; 20-29 bp: 2; 30-34 bp: 3

Bases preceding removed adapters:
  A: 27.6%
  C: 14.6%
  G: 22.4%
  T: 35.4%
  none/other: 0.0%

Overview of removed sequences
length	count	expect	max.err	error counts
3	19560	24066.6	0	19560
4	4246	6016.6	0	4246
5	653	1504.2	0	653
6	191	376.0	0	191
7	32	94.0	0	32
8	5	23.5	0	5
9	36	5.9	0	1 35
10	33	1.5	1	1 32
11	9	0.4	1	0 9
12	5	0.1	1	0 5
13	1	0.0	1	0 1
