This is cutadapt 2.9 with Python 3.6.6
Command line parameters: --interleaved -a file:/nas02/apps/trimmomatic-0.36/Trimmomatic-0.36/adapters/TruSeq3-PE.fa -A file:/nas02/apps/trimmomatic-0.36/Trimmomatic-0.36/adapters/TruSeq3-PE.fa -m 30 /nas/longleaf/home/zpopkinh/Pvivax_resources/wgs_pe_improved_global/fastq/ERS224901/ERR490277_1.fastq.gz /nas/longleaf/home/zpopkinh/Pvivax_resources/wgs_pe_improved_global/fastq/ERS224901/ERR490277_2.fastq.gz
Processing reads on 1 core in paired-end mode ...
Finished in 6.85 s (48 us/read; 1.25 M reads/minute).

=== Summary ===

Total read pairs processed:            142,837
  Read 1 with adapter:                   5,221 (3.7%)
  Read 2 with adapter:                   5,048 (3.5%)
Pairs written (passing filters):       142,836 (100.0%)

Total basepairs processed:    28,567,400 bp
  Read 1:    14,283,700 bp
  Read 2:    14,283,700 bp
Total written (filtered):     28,531,963 bp (99.9%)
  Read 1:    14,265,727 bp
  Read 2:    14,266,236 bp

=== First read: Adapter PrefixPE/1 ===

Sequence: TACACTCTTTCCCTACACGACGCTCTTCCGATCT; Type: regular 3'; Length: 34; Trimmed: 2849 times

No. of allowed errors:
0-9 bp: 0; 10-19 bp: 1; 20-29 bp: 2; 30-34 bp: 3

Bases preceding removed adapters:
  A: 29.4%
  C: 19.3%
  G: 22.8%
  T: 28.5%
  none/other: 0.0%

Overview of removed sequences
length	count	expect	max.err	error counts
3	1883	2231.8	0	1883
4	716	558.0	0	716
5	153	139.5	0	153
6	37	34.9	0	37
7	15	8.7	0	15
8	1	2.2	0	1
9	6	0.5	0	1 5
10	30	0.1	1	2 28
11	6	0.0	1	0 6
12	1	0.0	1	0 1
100	1	0.0	3	0 0 0 1


=== First read: Adapter PrefixPE/2 ===

Sequence: GTGACTGGAGTTCAGACGTGTGCTCTTCCGATCT; Type: regular 3'; Length: 34; Trimmed: 2372 times

No. of allowed errors:
0-9 bp: 0; 10-19 bp: 1; 20-29 bp: 2; 30-34 bp: 3

Bases preceding removed adapters:
  A: 28.1%
  C: 14.6%
  G: 21.8%
  T: 35.5%
  none/other: 0.0%

Overview of removed sequences
length	count	expect	max.err	error counts
3	1819	2231.8	0	1819
4	464	558.0	0	464
5	60	139.5	0	60
6	12	34.9	0	12
7	7	8.7	0	7
8	1	2.2	0	1
9	5	0.5	0	0 5
10	3	0.1	1	0 3
11	1	0.0	1	0 1


=== Second read: Adapter PrefixPE/1 ===

Sequence: TACACTCTTTCCCTACACGACGCTCTTCCGATCT; Type: regular 3'; Length: 34; Trimmed: 2694 times

No. of allowed errors:
0-9 bp: 0; 10-19 bp: 1; 20-29 bp: 2; 30-34 bp: 3

Bases preceding removed adapters:
  A: 29.1%
  C: 18.6%
  G: 24.1%
  T: 28.2%
  none/other: 0.0%

Overview of removed sequences
length	count	expect	max.err	error counts
3	1714	2231.8	0	1714
4	716	558.0	0	716
5	161	139.5	0	161
6	36	34.9	0	36
7	14	8.7	0	14
8	1	2.2	0	1
9	5	0.5	0	2 3
10	38	0.1	1	1 37
11	8	0.0	1	0 8
12	1	0.0	1	0 1


=== Second read: Adapter PrefixPE/2 ===

Sequence: GTGACTGGAGTTCAGACGTGTGCTCTTCCGATCT; Type: regular 3'; Length: 34; Trimmed: 2354 times

No. of allowed errors:
0-9 bp: 0; 10-19 bp: 1; 20-29 bp: 2; 30-34 bp: 3

Bases preceding removed adapters:
  A: 28.2%
  C: 13.6%
  G: 23.1%
  T: 35.1%
  none/other: 0.0%

Overview of removed sequences
length	count	expect	max.err	error counts
3	1845	2231.8	0	1845
4	429	558.0	0	429
5	53	139.5	0	53
6	18	34.9	0	18
9	8	0.5	0	0 8
10	1	0.1	1	0 1
