This is cutadapt 2.9 with Python 3.6.6
Command line parameters: --interleaved -a file:/nas02/apps/trimmomatic-0.36/Trimmomatic-0.36/adapters/TruSeq3-PE.fa -A file:/nas02/apps/trimmomatic-0.36/Trimmomatic-0.36/adapters/TruSeq3-PE.fa -m 30 /nas/longleaf/home/zpopkinh/Pvivax_resources/wgs_pe_improved_global/fastq/SRS1061038/SRR2316036_1.fastq.gz /nas/longleaf/home/zpopkinh/Pvivax_resources/wgs_pe_improved_global/fastq/SRS1061038/SRR2316036_2.fastq.gz
Processing reads on 1 core in paired-end mode ...
Finished in 3589.77 s (83 us/read; 0.72 M reads/minute).

=== Summary ===

Total read pairs processed:         43,195,877
  Read 1 with adapter:               1,574,468 (3.6%)
  Read 2 with adapter:               1,591,139 (3.7%)
Pairs written (passing filters):    43,195,825 (100.0%)

Total basepairs processed: 8,639,175,400 bp
  Read 1: 4,276,391,823 bp
  Read 2: 4,362,783,577 bp
Total written (filtered):  8,628,359,740 bp (99.9%)
  Read 1: 4,271,014,152 bp
  Read 2: 4,357,345,588 bp

=== First read: Adapter PrefixPE/1 ===

Sequence: TACACTCTTTCCCTACACGACGCTCTTCCGATCT; Type: regular 3'; Length: 34; Trimmed: 808107 times

No. of allowed errors:
0-9 bp: 0; 10-19 bp: 1; 20-29 bp: 2; 30-34 bp: 3

Bases preceding removed adapters:
  A: 31.3%
  C: 19.7%
  G: 17.8%
  T: 31.2%
  none/other: 0.0%

Overview of removed sequences
length	count	expect	max.err	error counts
3	530402	674935.6	0	530402
4	219598	168733.9	0	219598
5	38128	42183.5	0	38128
6	9926	10545.9	0	9926
7	1894	2636.5	0	1894
8	624	659.1	0	624
9	2248	164.8	0	214 2034
10	3754	41.2	1	85 3669
11	1208	10.3	1	13 1195
12	236	2.6	1	4 232
13	57	0.6	1	0 57
14	13	0.2	1	0 13
15	9	0.0	1	1 8
16	1	0.0	1	0 1
94	3	0.0	3	0 3
96	1	0.0	3	0 0 1
99	5	0.0	3	0 1 1 3


=== First read: Adapter PrefixPE/2 ===

Sequence: GTGACTGGAGTTCAGACGTGTGCTCTTCCGATCT; Type: regular 3'; Length: 34; Trimmed: 766361 times

No. of allowed errors:
0-9 bp: 0; 10-19 bp: 1; 20-29 bp: 2; 30-34 bp: 3

Bases preceding removed adapters:
  A: 30.2%
  C: 9.1%
  G: 23.3%
  T: 37.4%
  none/other: 0.0%

Overview of removed sequences
length	count	expect	max.err	error counts
3	573655	674935.6	0	573655
4	153795	168733.9	0	153795
5	25589	42183.5	0	25589
6	7876	10545.9	0	7876
7	1895	2636.5	0	1895
8	461	659.1	0	461
9	1130	164.8	0	122 1008
10	1215	41.2	1	29 1186
11	523	10.3	1	9 514
12	141	2.6	1	3 138
13	27	0.6	1	0 27
14	12	0.2	1	0 12
15	5	0.0	1	0 5
18	1	0.0	1	0 0 1
30	1	0.0	3	0 0 0 1
35	1	0.0	3	0 0 0 1
36	2	0.0	3	1 0 1
37	1	0.0	3	0 0 1
47	1	0.0	3	1
51	2	0.0	3	1 0 1
57	2	0.0	3	1 1
61	1	0.0	3	1
67	1	0.0	3	0 0 1
69	4	0.0	3	0 0 3 1
72	1	0.0	3	0 1
73	1	0.0	3	0 0 1
75	2	0.0	3	0 1 1
80	2	0.0	3	0 1 1
88	1	0.0	3	0 0 1
90	7	0.0	3	1 3 1 2
93	2	0.0	3	0 1 0 1
99	4	0.0	3	0 0 1 3


=== Second read: Adapter PrefixPE/1 ===

Sequence: TACACTCTTTCCCTACACGACGCTCTTCCGATCT; Type: regular 3'; Length: 34; Trimmed: 813068 times

No. of allowed errors:
0-9 bp: 0; 10-19 bp: 1; 20-29 bp: 2; 30-34 bp: 3

Bases preceding removed adapters:
  A: 31.3%
  C: 19.9%
  G: 17.8%
  T: 31.0%
  none/other: 0.0%

Overview of removed sequences
length	count	expect	max.err	error counts
3	530850	674935.6	0	530850
4	223522	168733.9	0	223522
5	38136	42183.5	0	38136
6	10319	10545.9	0	10319
7	1969	2636.5	0	1969
8	602	659.1	0	602
9	2261	164.8	0	204 2057
10	3975	41.2	1	86 3889
11	1089	10.3	1	18 1071
12	238	2.6	1	9 229
13	60	0.6	1	2 58
14	21	0.2	1	0 21
15	6	0.0	1	1 5
18	1	0.0	1	1
19	1	0.0	1	1
23	2	0.0	2	1 1
47	1	0.0	3	0 0 0 1
48	1	0.0	3	0 0 1
49	1	0.0	3	0 1
95	2	0.0	3	0 0 0 2
96	3	0.0	3	0 3
97	1	0.0	3	0 0 1
98	2	0.0	3	1 1
100	1	0.0	3	0 1
101	4	0.0	3	0 0 2 2


=== Second read: Adapter PrefixPE/2 ===

Sequence: GTGACTGGAGTTCAGACGTGTGCTCTTCCGATCT; Type: regular 3'; Length: 34; Trimmed: 778071 times

No. of allowed errors:
0-9 bp: 0; 10-19 bp: 1; 20-29 bp: 2; 30-34 bp: 3

Bases preceding removed adapters:
  A: 30.3%
  C: 8.8%
  G: 23.4%
  T: 37.5%
  none/other: 0.0%

Overview of removed sequences
length	count	expect	max.err	error counts
3	582672	674935.6	0	582672
4	156162	168733.9	0	156162
5	25544	42183.5	0	25544
6	7898	10545.9	0	7898
7	2026	2636.5	0	2026
8	448	659.1	0	448
9	1269	164.8	0	162 1107
10	1269	41.2	1	36 1233
11	543	10.3	1	11 532
12	160	2.6	1	5 155
13	38	0.6	1	0 38
14	22	0.2	1	1 21
15	7	0.0	1	0 7
16	1	0.0	1	0 1
55	1	0.0	3	0 0 0 1
70	1	0.0	3	0 1
77	2	0.0	3	0 0 2
78	1	0.0	3	0 1
80	1	0.0	3	0 0 1
81	2	0.0	3	0 0 0 2
88	2	0.0	3	0 1 0 1
89	1	0.0	3	0 0 0 1
101	1	0.0	3	0 0 1
