This is cutadapt 2.9 with Python 3.6.6
Command line parameters: --interleaved -a file:/nas02/apps/trimmomatic-0.36/Trimmomatic-0.36/adapters/TruSeq3-PE.fa -A file:/nas02/apps/trimmomatic-0.36/Trimmomatic-0.36/adapters/TruSeq3-PE.fa -m 30 /nas/longleaf/home/zpopkinh/Pvivax_resources/wgs_pe_improved_global/fastq/SRS1061098/SRR2316299_1.fastq.gz /nas/longleaf/home/zpopkinh/Pvivax_resources/wgs_pe_improved_global/fastq/SRS1061098/SRR2316299_2.fastq.gz
Processing reads on 1 core in paired-end mode ...
Finished in 2485.03 s (82 us/read; 0.73 M reads/minute).

=== Summary ===

Total read pairs processed:         30,249,547
  Read 1 with adapter:               1,114,610 (3.7%)
  Read 2 with adapter:               1,111,010 (3.7%)
Pairs written (passing filters):    30,249,536 (100.0%)

Total basepairs processed: 6,049,909,400 bp
  Read 1: 3,024,954,700 bp
  Read 2: 3,024,954,700 bp
Total written (filtered):  6,042,296,421 bp (99.9%)
  Read 1: 3,021,141,192 bp
  Read 2: 3,021,155,229 bp

=== First read: Adapter PrefixPE/1 ===

Sequence: TACACTCTTTCCCTACACGACGCTCTTCCGATCT; Type: regular 3'; Length: 34; Trimmed: 534654 times

No. of allowed errors:
0-9 bp: 0; 10-19 bp: 1; 20-29 bp: 2; 30-34 bp: 3

Bases preceding removed adapters:
  A: 31.1%
  C: 21.1%
  G: 16.3%
  T: 31.5%
  none/other: 0.0%

Overview of removed sequences
length	count	expect	max.err	error counts
3	348585	472649.2	0	348585
4	148152	118162.3	0	148152
5	23757	29540.6	0	23757
6	6828	7385.1	0	6828
7	1392	1846.3	0	1392
8	435	461.6	0	435
9	1446	115.4	0	140 1306
10	2995	28.8	1	57 2938
11	835	7.2	1	12 823
12	153	1.8	1	3 150
13	38	0.5	1	2 36
14	24	0.1	1	1 23
15	8	0.0	1	2 6
16	1	0.0	1	0 1
18	1	0.0	1	0 1
20	1	0.0	2	0 0 1
30	1	0.0	3	0 0 0 1
50	1	0.0	3	0 0 0 1
93	1	0.0	3	0 0 0 1


=== First read: Adapter PrefixPE/2 ===

Sequence: GTGACTGGAGTTCAGACGTGTGCTCTTCCGATCT; Type: regular 3'; Length: 34; Trimmed: 579956 times

No. of allowed errors:
0-9 bp: 0; 10-19 bp: 1; 20-29 bp: 2; 30-34 bp: 3

Bases preceding removed adapters:
  A: 31.9%
  C: 6.2%
  G: 23.6%
  T: 38.4%
  none/other: 0.0%

Overview of removed sequences
length	count	expect	max.err	error counts
3	429151	472649.2	0	429151
4	119786	118162.3	0	119786
5	19700	29540.6	0	19700
6	6608	7385.1	0	6608
7	1637	1846.3	0	1637
8	392	461.6	0	392
9	943	115.4	0	110 833
10	1136	28.8	1	35 1101
11	452	7.2	1	5 447
12	119	1.8	1	1 118
13	26	0.5	1	0 26
14	6	0.1	1	0 6


=== Second read: Adapter PrefixPE/1 ===

Sequence: TACACTCTTTCCCTACACGACGCTCTTCCGATCT; Type: regular 3'; Length: 34; Trimmed: 529191 times

No. of allowed errors:
0-9 bp: 0; 10-19 bp: 1; 20-29 bp: 2; 30-34 bp: 3

Bases preceding removed adapters:
  A: 30.9%
  C: 21.1%
  G: 16.4%
  T: 31.6%
  none/other: 0.0%

Overview of removed sequences
length	count	expect	max.err	error counts
3	345120	472649.2	0	345120
4	146875	118162.3	0	146875
5	23185	29540.6	0	23185
6	6743	7385.1	0	6743
7	1396	1846.3	0	1396
8	491	461.6	0	491
9	1414	115.4	0	127 1287
10	2986	28.8	1	53 2933
11	744	7.2	1	10 734
12	161	1.8	1	2 159
13	57	0.5	1	0 57
14	11	0.1	1	0 11
15	2	0.0	1	0 2
16	1	0.0	1	0 1
100	5	0.0	3	0 2 1 2


=== Second read: Adapter PrefixPE/2 ===

Sequence: GTGACTGGAGTTCAGACGTGTGCTCTTCCGATCT; Type: regular 3'; Length: 34; Trimmed: 581819 times

No. of allowed errors:
0-9 bp: 0; 10-19 bp: 1; 20-29 bp: 2; 30-34 bp: 3

Bases preceding removed adapters:
  A: 31.8%
  C: 6.3%
  G: 23.7%
  T: 38.3%
  none/other: 0.0%

Overview of removed sequences
length	count	expect	max.err	error counts
3	430421	472649.2	0	430421
4	120909	118162.3	0	120909
5	19243	29540.6	0	19243
6	6450	7385.1	0	6450
7	1720	1846.3	0	1720
8	405	461.6	0	405
9	944	115.4	0	121 823
10	1107	28.8	1	31 1076
11	442	7.2	1	8 434
12	131	1.8	1	1 130
13	27	0.5	1	0 27
14	10	0.1	1	1 9
15	1	0.0	1	0 1
27	1	0.0	2	1
45	1	0.0	3	0 0 1
55	1	0.0	3	0 0 1
58	1	0.0	3	0 1
94	3	0.0	3	0 0 1 2
100	2	0.0	3	0 0 1 1
