This is cutadapt 2.9 with Python 3.6.6
Command line parameters: --interleaved -a file:/nas02/apps/trimmomatic-0.36/Trimmomatic-0.36/adapters/TruSeq3-PE.fa -A file:/nas02/apps/trimmomatic-0.36/Trimmomatic-0.36/adapters/TruSeq3-PE.fa -m 30 /nas/longleaf/home/zpopkinh/Pvivax_resources/wgs_pe_improved_global/fastq/ERR5748165/ERR5748165_1.fastq.gz /nas/longleaf/home/zpopkinh/Pvivax_resources/wgs_pe_improved_global/fastq/ERR5748165/ERR5748165_2.fastq.gz
Processing reads on 1 core in paired-end mode ...
Finished in 572.10 s (169 us/read; 0.35 M reads/minute).

=== Summary ===

Total read pairs processed:          3,378,618
  Read 1 with adapter:                 123,192 (3.6%)
  Read 2 with adapter:                 112,326 (3.3%)
Pairs written (passing filters):     3,378,616 (100.0%)

Total basepairs processed: 1,020,342,636 bp
  Read 1:   510,171,318 bp
  Read 2:   510,171,318 bp
Total written (filtered):  1,019,552,314 bp (99.9%)
  Read 1:   509,758,215 bp
  Read 2:   509,794,099 bp

=== First read: Adapter PrefixPE/1 ===

Sequence: TACACTCTTTCCCTACACGACGCTCTTCCGATCT; Type: regular 3'; Length: 34; Trimmed: 54486 times

No. of allowed errors:
0-9 bp: 0; 10-19 bp: 1; 20-29 bp: 2; 30-34 bp: 3

Bases preceding removed adapters:
  A: 22.6%
  C: 25.1%
  G: 27.8%
  T: 24.5%
  none/other: 0.0%

Overview of removed sequences
length	count	expect	max.err	error counts
3	37648	52790.9	0	37648
4	12453	13197.7	0	12453
5	3299	3299.4	0	3299
6	546	824.9	0	546
7	120	206.2	0	120
8	35	51.6	0	35
9	155	12.9	0	18 137
10	153	3.2	1	7 146
11	57	0.8	1	0 57
12	6	0.2	1	0 6
13	9	0.1	1	0 9
15	2	0.0	1	0 2
76	1	0.0	3	1
97	1	0.0	3	0 0 0 1
98	1	0.0	3	0 0 0 1


=== First read: Adapter PrefixPE/2 ===

Sequence: GTGACTGGAGTTCAGACGTGTGCTCTTCCGATCT; Type: regular 3'; Length: 34; Trimmed: 68706 times

No. of allowed errors:
0-9 bp: 0; 10-19 bp: 1; 20-29 bp: 2; 30-34 bp: 3

Bases preceding removed adapters:
  A: 22.2%
  C: 19.8%
  G: 29.9%
  T: 28.0%
  none/other: 0.0%

Overview of removed sequences
length	count	expect	max.err	error counts
3	54062	52790.9	0	54062
4	11903	13197.7	0	11903
5	1975	3299.4	0	1975
6	443	824.9	0	443
7	123	206.2	0	123
8	18	51.6	0	18
9	101	12.9	0	1 100
10	55	3.2	1	1 54
11	23	0.8	1	0 23
12	2	0.2	1	0 2
40	1	0.0	3	1


=== Second read: Adapter PrefixPE/1 ===

Sequence: TACACTCTTTCCCTACACGACGCTCTTCCGATCT; Type: regular 3'; Length: 34; Trimmed: 49940 times

No. of allowed errors:
0-9 bp: 0; 10-19 bp: 1; 20-29 bp: 2; 30-34 bp: 3

Bases preceding removed adapters:
  A: 24.3%
  C: 26.8%
  G: 26.2%
  T: 22.7%
  none/other: 0.0%

Overview of removed sequences
length	count	expect	max.err	error counts
3	34001	52790.9	0	34001
4	11656	13197.7	0	11656
5	3263	3299.4	0	3263
6	460	824.9	0	460
7	165	206.2	0	165
8	36	51.6	0	36
9	137	12.9	0	9 128
10	141	3.2	1	7 134
11	59	0.8	1	0 59
12	17	0.2	1	0 17
13	1	0.1	1	0 1
17	1	0.0	1	0 1
76	1	0.0	3	1
126	1	0.0	3	0 0 0 1
151	1	0.0	3	0 1


=== Second read: Adapter PrefixPE/2 ===

Sequence: GTGACTGGAGTTCAGACGTGTGCTCTTCCGATCT; Type: regular 3'; Length: 34; Trimmed: 62386 times

No. of allowed errors:
0-9 bp: 0; 10-19 bp: 1; 20-29 bp: 2; 30-34 bp: 3

Bases preceding removed adapters:
  A: 22.2%
  C: 21.8%
  G: 29.8%
  T: 26.2%
  none/other: 0.0%

Overview of removed sequences
length	count	expect	max.err	error counts
3	49852	52790.9	0	49852
4	9942	13197.7	0	9942
5	1864	3299.4	0	1864
6	414	824.9	0	414
7	131	206.2	0	131
8	26	51.6	0	26
9	83	12.9	0	3 80
10	49	3.2	1	1 48
11	16	0.8	1	0 16
12	3	0.2	1	0 3
13	1	0.1	1	0 1
61	1	0.0	3	0 1
89	1	0.0	3	0 0 0 1
98	1	0.0	3	0 0 0 1
103	1	0.0	3	0 0 0 1
104	1	0.0	3	0 0 0 1
