This is cutadapt 2.9 with Python 3.6.6
Command line parameters: --interleaved -a file:/nas02/apps/trimmomatic-0.36/Trimmomatic-0.36/adapters/TruSeq3-PE.fa -A file:/nas02/apps/trimmomatic-0.36/Trimmomatic-0.36/adapters/TruSeq3-PE.fa -m 30 /nas/longleaf/home/zpopkinh/Pvivax_resources/wgs_pe_improved_global/fastq/ERS403519/ERR527375_1.fastq.gz /nas/longleaf/home/zpopkinh/Pvivax_resources/wgs_pe_improved_global/fastq/ERS403519/ERR527375_2.fastq.gz
Processing reads on 1 core in paired-end mode ...
Finished in 1330.40 s (82 us/read; 0.73 M reads/minute).

=== Summary ===

Total read pairs processed:         16,229,560
  Read 1 with adapter:                 596,141 (3.7%)
  Read 2 with adapter:                 587,013 (3.6%)
Pairs written (passing filters):    16,229,560 (100.0%)

Total basepairs processed: 3,245,912,000 bp
  Read 1: 1,622,956,000 bp
  Read 2: 1,622,956,000 bp
Total written (filtered):  3,241,913,102 bp (99.9%)
  Read 1: 1,620,940,932 bp
  Read 2: 1,620,972,170 bp

=== First read: Adapter PrefixPE/1 ===

Sequence: TACACTCTTTCCCTACACGACGCTCTTCCGATCT; Type: regular 3'; Length: 34; Trimmed: 322521 times

No. of allowed errors:
0-9 bp: 0; 10-19 bp: 1; 20-29 bp: 2; 30-34 bp: 3

Bases preceding removed adapters:
  A: 29.3%
  C: 18.3%
  G: 22.4%
  T: 29.9%
  none/other: 0.0%

Overview of removed sequences
length	count	expect	max.err	error counts
3	214850	253586.9	0	214850
4	83633	63396.7	0	83633
5	16991	15849.2	0	16991
6	3743	3962.3	0	3743
7	664	990.6	0	664
8	179	247.6	0	179
9	1004	61.9	0	62 942
10	1022	15.5	1	24 998
11	330	3.9	1	8 322
12	80	1.0	1	1 79
13	17	0.2	1	0 17
14	6	0.1	1	0 6
15	2	0.0	1	0 2


=== First read: Adapter PrefixPE/2 ===

Sequence: GTGACTGGAGTTCAGACGTGTGCTCTTCCGATCT; Type: regular 3'; Length: 34; Trimmed: 273620 times

No. of allowed errors:
0-9 bp: 0; 10-19 bp: 1; 20-29 bp: 2; 30-34 bp: 3

Bases preceding removed adapters:
  A: 24.2%
  C: 18.1%
  G: 25.3%
  T: 32.4%
  none/other: 0.0%

Overview of removed sequences
length	count	expect	max.err	error counts
3	212347	253586.9	0	212347
4	50934	63396.7	0	50934
5	7487	15849.2	0	7487
6	1716	3962.3	0	1716
7	432	990.6	0	432
8	65	247.6	0	65
9	264	61.9	0	12 252
10	268	15.5	1	7 261
11	84	3.9	1	0 84
12	19	1.0	1	0 19
13	4	0.2	1	0 4


=== Second read: Adapter PrefixPE/1 ===

Sequence: TACACTCTTTCCCTACACGACGCTCTTCCGATCT; Type: regular 3'; Length: 34; Trimmed: 317753 times

No. of allowed errors:
0-9 bp: 0; 10-19 bp: 1; 20-29 bp: 2; 30-34 bp: 3

Bases preceding removed adapters:
  A: 29.4%
  C: 18.4%
  G: 22.1%
  T: 30.1%
  none/other: 0.0%

Overview of removed sequences
length	count	expect	max.err	error counts
3	211375	253586.9	0	211375
4	82461	63396.7	0	82461
5	16894	15849.2	0	16894
6	3763	3962.3	0	3763
7	730	990.6	0	730
8	161	247.6	0	161
9	1006	61.9	0	51 955
10	947	15.5	1	28 919
11	339	3.9	1	3 336
12	61	1.0	1	3 58
13	8	0.2	1	0 8
14	6	0.1	1	0 6
15	2	0.0	1	0 2


=== Second read: Adapter PrefixPE/2 ===

Sequence: GTGACTGGAGTTCAGACGTGTGCTCTTCCGATCT; Type: regular 3'; Length: 34; Trimmed: 269260 times

No. of allowed errors:
0-9 bp: 0; 10-19 bp: 1; 20-29 bp: 2; 30-34 bp: 3

Bases preceding removed adapters:
  A: 24.1%
  C: 18.1%
  G: 25.5%
  T: 32.3%
  none/other: 0.0%

Overview of removed sequences
length	count	expect	max.err	error counts
3	209790	253586.9	0	209790
4	49144	63396.7	0	49144
5	7477	15849.2	0	7477
6	1763	3962.3	0	1763
7	442	990.6	0	442
8	48	247.6	0	48
9	251	61.9	0	18 233
10	254	15.5	1	7 247
11	72	3.9	1	0 72
12	13	1.0	1	0 13
13	6	0.2	1	0 6
