This is cutadapt 2.9 with Python 3.6.6
Command line parameters: --interleaved -a file:/nas02/apps/trimmomatic-0.36/Trimmomatic-0.36/adapters/TruSeq3-PE.fa -A file:/nas02/apps/trimmomatic-0.36/Trimmomatic-0.36/adapters/TruSeq3-PE.fa -m 30 /nas/longleaf/home/zpopkinh/Pvivax_resources/wgs_pe_improved_global/fastq/ERS2593855/ERR2678996_1.fastq.gz /nas/longleaf/home/zpopkinh/Pvivax_resources/wgs_pe_improved_global/fastq/ERS2593855/ERR2678996_2.fastq.gz
Processing reads on 1 core in paired-end mode ...
Finished in 923.27 s (120 us/read; 0.50 M reads/minute).

=== Summary ===

Total read pairs processed:          7,711,775
  Read 1 with adapter:                 270,346 (3.5%)
  Read 2 with adapter:                 256,560 (3.3%)
Pairs written (passing filters):     7,711,774 (100.0%)

Total basepairs processed: 2,328,956,050 bp
  Read 1: 1,164,478,025 bp
  Read 2: 1,164,478,025 bp
Total written (filtered):  2,327,176,198 bp (99.9%)
  Read 1: 1,163,563,378 bp
  Read 2: 1,163,612,820 bp

=== First read: Adapter PrefixPE/1 ===

Sequence: TACACTCTTTCCCTACACGACGCTCTTCCGATCT; Type: regular 3'; Length: 34; Trimmed: 140190 times

No. of allowed errors:
0-9 bp: 0; 10-19 bp: 1; 20-29 bp: 2; 30-34 bp: 3

Bases preceding removed adapters:
  A: 28.9%
  C: 19.0%
  G: 22.7%
  T: 29.5%
  none/other: 0.0%

Overview of removed sequences
length	count	expect	max.err	error counts
3	91580	120496.5	0	91580
4	38002	30124.1	0	38002
5	7465	7531.0	0	7465
6	1536	1882.8	0	1536
7	342	470.7	0	342
8	78	117.7	0	78
9	472	29.4	0	20 452
10	495	7.4	1	13 482
11	168	1.8	1	2 166
12	31	0.5	1	2 29
13	15	0.1	1	0 15
14	3	0.0	1	0 3
15	1	0.0	1	0 1
82	1	0.0	3	1
90	1	0.0	3	0 1


=== First read: Adapter PrefixPE/2 ===

Sequence: GTGACTGGAGTTCAGACGTGTGCTCTTCCGATCT; Type: regular 3'; Length: 34; Trimmed: 130156 times

No. of allowed errors:
0-9 bp: 0; 10-19 bp: 1; 20-29 bp: 2; 30-34 bp: 3

Bases preceding removed adapters:
  A: 23.1%
  C: 19.0%
  G: 27.3%
  T: 30.6%
  none/other: 0.0%

Overview of removed sequences
length	count	expect	max.err	error counts
3	102242	120496.5	0	102242
4	22795	30124.1	0	22795
5	3724	7531.0	0	3724
6	826	1882.8	0	826
7	227	470.7	0	227
8	47	117.7	0	47
9	126	29.4	0	7 119
10	113	7.4	1	1 112
11	41	1.8	1	1 40
12	10	0.5	1	0 10
13	5	0.1	1	0 5


=== Second read: Adapter PrefixPE/1 ===

Sequence: TACACTCTTTCCCTACACGACGCTCTTCCGATCT; Type: regular 3'; Length: 34; Trimmed: 126596 times

No. of allowed errors:
0-9 bp: 0; 10-19 bp: 1; 20-29 bp: 2; 30-34 bp: 3

Bases preceding removed adapters:
  A: 28.4%
  C: 20.5%
  G: 22.8%
  T: 28.2%
  none/other: 0.0%

Overview of removed sequences
length	count	expect	max.err	error counts
3	81834	120496.5	0	81834
4	34708	30124.1	0	34708
5	7014	7531.0	0	7014
6	1510	1882.8	0	1510
7	265	470.7	0	265
8	78	117.7	0	78
9	443	29.4	0	33 410
10	512	7.4	1	16 496
11	196	1.8	1	6 190
12	27	0.5	1	1 26
13	7	0.1	1	0 7
14	1	0.0	1	0 1
127	1	0.0	3	1


=== Second read: Adapter PrefixPE/2 ===

Sequence: GTGACTGGAGTTCAGACGTGTGCTCTTCCGATCT; Type: regular 3'; Length: 34; Trimmed: 129964 times

No. of allowed errors:
0-9 bp: 0; 10-19 bp: 1; 20-29 bp: 2; 30-34 bp: 3

Bases preceding removed adapters:
  A: 22.3%
  C: 20.3%
  G: 27.9%
  T: 29.5%
  none/other: 0.0%

Overview of removed sequences
length	count	expect	max.err	error counts
3	105244	120496.5	0	105244
4	19882	30124.1	0	19882
5	3476	7531.0	0	3476
6	775	1882.8	0	775
7	201	470.7	0	201
8	52	117.7	0	52
9	131	29.4	0	11 120
10	135	7.4	1	4 131
11	50	1.8	1	0 50
12	10	0.5	1	0 10
13	6	0.1	1	0 6
14	1	0.0	1	0 1
15	1	0.0	1	0 1
