This is cutadapt 2.9 with Python 3.6.6
Command line parameters: --interleaved -a file:/nas02/apps/trimmomatic-0.36/Trimmomatic-0.36/adapters/TruSeq3-PE.fa -A file:/nas02/apps/trimmomatic-0.36/Trimmomatic-0.36/adapters/TruSeq3-PE.fa -m 30 /nas/longleaf/home/zpopkinh/Pvivax_resources/wgs_pe_improved_global/fastq/SRS1061196/SRR2316925_1.fastq.gz /nas/longleaf/home/zpopkinh/Pvivax_resources/wgs_pe_improved_global/fastq/SRS1061196/SRR2316925_2.fastq.gz
Processing reads on 1 core in paired-end mode ...
Finished in 704.84 s (89 us/read; 0.67 M reads/minute).

=== Summary ===

Total read pairs processed:          7,911,274
  Read 1 with adapter:                 283,467 (3.6%)
  Read 2 with adapter:                 287,845 (3.6%)
Pairs written (passing filters):     7,911,270 (100.0%)

Total basepairs processed: 1,582,254,800 bp
  Read 1:   783,216,126 bp
  Read 2:   799,038,674 bp
Total written (filtered):  1,580,316,584 bp (99.9%)
  Read 1:   782,254,490 bp
  Read 2:   798,062,094 bp

=== First read: Adapter PrefixPE/1 ===

Sequence: TACACTCTTTCCCTACACGACGCTCTTCCGATCT; Type: regular 3'; Length: 34; Trimmed: 163709 times

No. of allowed errors:
0-9 bp: 0; 10-19 bp: 1; 20-29 bp: 2; 30-34 bp: 3

Bases preceding removed adapters:
  A: 31.9%
  C: 16.6%
  G: 19.8%
  T: 31.7%
  none/other: 0.0%

Overview of removed sequences
length	count	expect	max.err	error counts
3	108136	123613.7	0	108136
4	44098	30903.4	0	44098
5	7947	7725.9	0	7947
6	1898	1931.5	0	1898
7	324	482.9	0	324
8	76	120.7	0	76
9	480	30.2	0	32 448
10	529	7.5	1	12 517
11	181	1.9	1	1 180
12	31	0.5	1	0 31
13	6	0.1	1	0 6
14	3	0.0	1	0 3


=== First read: Adapter PrefixPE/2 ===

Sequence: GTGACTGGAGTTCAGACGTGTGCTCTTCCGATCT; Type: regular 3'; Length: 34; Trimmed: 119758 times

No. of allowed errors:
0-9 bp: 0; 10-19 bp: 1; 20-29 bp: 2; 30-34 bp: 3

Bases preceding removed adapters:
  A: 25.5%
  C: 16.1%
  G: 23.6%
  T: 34.8%
  none/other: 0.0%

Overview of removed sequences
length	count	expect	max.err	error counts
3	92367	123613.7	0	92367
4	22680	30903.4	0	22680
5	3335	7725.9	0	3335
6	839	1931.5	0	839
7	183	482.9	0	183
8	35	120.7	0	35
9	132	30.2	0	14 118
10	120	7.5	1	2 118
11	49	1.9	1	1 48
12	11	0.5	1	0 11
13	1	0.1	1	0 1
15	1	0.0	1	0 1
28	1	0.0	2	0 0 1
45	1	0.0	3	1
47	1	0.0	3	0 0 0 1
50	1	0.0	3	0 0 1
90	1	0.0	3	0 0 1


=== Second read: Adapter PrefixPE/1 ===

Sequence: TACACTCTTTCCCTACACGACGCTCTTCCGATCT; Type: regular 3'; Length: 34; Trimmed: 164898 times

No. of allowed errors:
0-9 bp: 0; 10-19 bp: 1; 20-29 bp: 2; 30-34 bp: 3

Bases preceding removed adapters:
  A: 31.8%
  C: 16.6%
  G: 20.0%
  T: 31.6%
  none/other: 0.0%

Overview of removed sequences
length	count	expect	max.err	error counts
3	108515	123613.7	0	108515
4	44744	30903.4	0	44744
5	8070	7725.9	0	8070
6	1954	1931.5	0	1954
7	328	482.9	0	328
8	118	120.7	0	118
9	469	30.2	0	35 434
10	495	7.5	1	13 482
11	154	1.9	1	4 150
12	41	0.5	1	1 40
13	6	0.1	1	0 6
14	1	0.0	1	0 1
97	1	0.0	3	0 1
98	1	0.0	3	0 1
101	1	0.0	3	0 1


=== Second read: Adapter PrefixPE/2 ===

Sequence: GTGACTGGAGTTCAGACGTGTGCTCTTCCGATCT; Type: regular 3'; Length: 34; Trimmed: 122947 times

No. of allowed errors:
0-9 bp: 0; 10-19 bp: 1; 20-29 bp: 2; 30-34 bp: 3

Bases preceding removed adapters:
  A: 25.8%
  C: 15.7%
  G: 23.6%
  T: 34.8%
  none/other: 0.0%

Overview of removed sequences
length	count	expect	max.err	error counts
3	94625	123613.7	0	94625
4	23434	30903.4	0	23434
5	3489	7725.9	0	3489
6	867	1931.5	0	867
7	197	482.9	0	197
8	35	120.7	0	35
9	122	30.2	0	7 115
10	111	7.5	1	5 106
11	45	1.9	1	1 44
12	15	0.5	1	0 15
13	6	0.1	1	0 6
14	1	0.0	1	0 1
