This is cutadapt 2.9 with Python 3.6.6
Command line parameters: --interleaved -a file:/nas02/apps/trimmomatic-0.36/Trimmomatic-0.36/adapters/TruSeq3-PE.fa -A file:/nas02/apps/trimmomatic-0.36/Trimmomatic-0.36/adapters/TruSeq3-PE.fa -m 30 /nas/longleaf/home/zpopkinh/Pvivax_resources/wgs_pe_improved_global/fastq/SRS1061034/SRR2316032_1.fastq.gz /nas/longleaf/home/zpopkinh/Pvivax_resources/wgs_pe_improved_global/fastq/SRS1061034/SRR2316032_2.fastq.gz
Processing reads on 1 core in paired-end mode ...
Finished in 907.03 s (84 us/read; 0.71 M reads/minute).

=== Summary ===

Total read pairs processed:         10,760,280
  Read 1 with adapter:                 392,730 (3.6%)
  Read 2 with adapter:                 389,695 (3.6%)
Pairs written (passing filters):    10,760,172 (100.0%)

Total basepairs processed: 2,152,056,000 bp
  Read 1: 1,076,028,000 bp
  Read 2: 1,076,028,000 bp
Total written (filtered):  2,149,384,001 bp (99.9%)
  Read 1: 1,074,686,867 bp
  Read 2: 1,074,697,134 bp

=== First read: Adapter PrefixPE/1 ===

Sequence: TACACTCTTTCCCTACACGACGCTCTTCCGATCT; Type: regular 3'; Length: 34; Trimmed: 181964 times

No. of allowed errors:
0-9 bp: 0; 10-19 bp: 1; 20-29 bp: 2; 30-34 bp: 3

Bases preceding removed adapters:
  A: 27.7%
  C: 22.3%
  G: 21.2%
  T: 28.8%
  none/other: 0.0%

Overview of removed sequences
length	count	expect	max.err	error counts
3	121845	168129.4	0	121845
4	46338	42032.3	0	46338
5	9262	10508.1	0	9262
6	2219	2627.0	0	2219
7	450	656.8	0	450
8	111	164.2	0	111
9	507	41.0	0	50 457
10	903	10.3	1	18 885
11	240	2.6	1	3 237
12	30	0.6	1	0 30
13	6	0.2	1	0 6
14	6	0.0	1	0 6
23	1	0.0	2	0 1
24	1	0.0	2	1
25	1	0.0	2	0 1
40	1	0.0	3	1
43	1	0.0	3	0 0 0 1
50	1	0.0	3	0 1
52	1	0.0	3	1
54	1	0.0	3	1
75	1	0.0	3	1
76	25	0.0	3	23 1 0 1
83	3	0.0	3	3
87	2	0.0	3	1 0 0 1
90	1	0.0	3	1
97	1	0.0	3	1
100	6	0.0	3	0 2 4


=== First read: Adapter PrefixPE/2 ===

Sequence: GTGACTGGAGTTCAGACGTGTGCTCTTCCGATCT; Type: regular 3'; Length: 34; Trimmed: 210766 times

No. of allowed errors:
0-9 bp: 0; 10-19 bp: 1; 20-29 bp: 2; 30-34 bp: 3

Bases preceding removed adapters:
  A: 27.1%
  C: 13.3%
  G: 26.5%
  T: 33.0%
  none/other: 0.0%

Overview of removed sequences
length	count	expect	max.err	error counts
3	160928	168129.4	0	160928
4	40145	42032.3	0	40145
5	6569	10508.1	0	6569
6	1795	2627.0	0	1795
7	448	656.8	0	448
8	90	164.2	0	90
9	284	41.0	0	24 260
10	335	10.3	1	5 330
11	119	2.6	1	1 118
12	31	0.6	1	0 31
13	10	0.2	1	3 7
14	2	0.0	1	0 2
69	2	0.0	3	0 0 0 2
71	1	0.0	3	0 0 0 1
96	3	0.0	3	0 3
99	4	0.0	3	1 0 1 2


=== Second read: Adapter PrefixPE/1 ===

Sequence: TACACTCTTTCCCTACACGACGCTCTTCCGATCT; Type: regular 3'; Length: 34; Trimmed: 181267 times

No. of allowed errors:
0-9 bp: 0; 10-19 bp: 1; 20-29 bp: 2; 30-34 bp: 3

Bases preceding removed adapters:
  A: 27.7%
  C: 22.3%
  G: 20.9%
  T: 29.1%
  none/other: 0.0%

Overview of removed sequences
length	count	expect	max.err	error counts
3	121822	168129.4	0	121822
4	45804	42032.3	0	45804
5	9117	10508.1	0	9117
6	2183	2627.0	0	2183
7	486	656.8	0	486
8	137	164.2	0	137
9	541	41.0	0	30 511
10	831	10.3	1	25 806
11	273	2.6	1	5 268
12	52	0.6	1	0 52
13	10	0.2	1	0 10
14	3	0.0	1	0 3
17	1	0.0	1	0 1
95	1	0.0	3	0 0 0 1
96	4	0.0	3	0 0 2 2
97	2	0.0	3	1 0 0 1


=== Second read: Adapter PrefixPE/2 ===

Sequence: GTGACTGGAGTTCAGACGTGTGCTCTTCCGATCT; Type: regular 3'; Length: 34; Trimmed: 208428 times

No. of allowed errors:
0-9 bp: 0; 10-19 bp: 1; 20-29 bp: 2; 30-34 bp: 3

Bases preceding removed adapters:
  A: 27.1%
  C: 13.9%
  G: 26.5%
  T: 32.4%
  none/other: 0.0%

Overview of removed sequences
length	count	expect	max.err	error counts
3	159289	168129.4	0	159289
4	39347	42032.3	0	39347
5	6600	10508.1	0	6600
6	1808	2627.0	0	1808
7	469	656.8	0	469
8	80	164.2	0	80
9	314	41.0	0	37 277
10	302	10.3	1	9 293
11	94	2.6	1	2 92
12	39	0.6	1	0 39
13	4	0.2	1	0 4
14	1	0.0	1	0 1
15	2	0.0	1	0 2
30	1	0.0	3	0 0 1
32	1	0.0	3	0 0 1
37	1	0.0	3	1
48	1	0.0	3	0 0 1
49	3	0.0	3	0 0 2 1
51	1	0.0	3	0 0 0 1
53	1	0.0	3	0 0 0 1
70	5	0.0	3	0 0 5
72	11	0.0	3	0 0 3 8
73	2	0.0	3	2
74	42	0.0	3	9 10 7 16
75	1	0.0	3	0 0 0 1
79	1	0.0	3	0 0 1
83	1	0.0	3	0 0 0 1
87	2	0.0	3	0 1 0 1
88	1	0.0	3	0 0 0 1
99	3	0.0	3	0 0 1 2
100	1	0.0	3	0 0 0 1
