This is cutadapt 2.9 with Python 3.6.6
Command line parameters: --interleaved -a file:/nas02/apps/trimmomatic-0.36/Trimmomatic-0.36/adapters/TruSeq3-PE.fa -A file:/nas02/apps/trimmomatic-0.36/Trimmomatic-0.36/adapters/TruSeq3-PE.fa -m 30 /nas/longleaf/home/zpopkinh/Pvivax_resources/wgs_pe_improved_global/fastq/ERS040113/ERR054085_1.fastq.gz /nas/longleaf/home/zpopkinh/Pvivax_resources/wgs_pe_improved_global/fastq/ERS040113/ERR054085_2.fastq.gz
Processing reads on 1 core in paired-end mode ...
Finished in 861.06 s (76 us/read; 0.79 M reads/minute).

=== Summary ===

Total read pairs processed:         11,392,534
  Read 1 with adapter:                 414,022 (3.6%)
  Read 2 with adapter:                 398,154 (3.5%)
Pairs written (passing filters):    11,392,533 (100.0%)

Total basepairs processed: 1,708,880,100 bp
  Read 1:   854,440,050 bp
  Read 2:   854,440,050 bp
Total written (filtered):  1,706,137,164 bp (99.8%)
  Read 1:   853,042,730 bp
  Read 2:   853,094,434 bp

=== First read: Adapter PrefixPE/1 ===

Sequence: TACACTCTTTCCCTACACGACGCTCTTCCGATCT; Type: regular 3'; Length: 34; Trimmed: 223762 times

No. of allowed errors:
0-9 bp: 0; 10-19 bp: 1; 20-29 bp: 2; 30-34 bp: 3

Bases preceding removed adapters:
  A: 29.2%
  C: 18.4%
  G: 22.3%
  T: 30.1%
  none/other: 0.0%

Overview of removed sequences
length	count	expect	max.err	error counts
3	149898	178008.3	0	149898
4	57075	44502.1	0	57075
5	11979	11125.5	0	11979
6	2563	2781.4	0	2563
7	478	695.3	0	478
8	120	173.8	0	120
9	634	43.5	0	44 590
10	724	10.9	1	17 707
11	206	2.7	1	0 206
12	65	0.7	1	1 64
13	12	0.2	1	0 12
14	5	0.0	1	0 5
15	2	0.0	1	0 2
75	1	0.0	3	0 0 0 1


=== First read: Adapter PrefixPE/2 ===

Sequence: GTGACTGGAGTTCAGACGTGTGCTCTTCCGATCT; Type: regular 3'; Length: 34; Trimmed: 190260 times

No. of allowed errors:
0-9 bp: 0; 10-19 bp: 1; 20-29 bp: 2; 30-34 bp: 3

Bases preceding removed adapters:
  A: 24.0%
  C: 18.3%
  G: 25.1%
  T: 32.5%
  none/other: 0.0%

Overview of removed sequences
length	count	expect	max.err	error counts
3	148903	178008.3	0	148903
4	33970	44502.1	0	33970
5	5455	11125.5	0	5455
6	1183	2781.4	0	1183
7	279	695.3	0	279
8	42	173.8	0	42
9	185	43.5	0	9 176
10	178	10.9	1	4 174
11	53	2.7	1	0 53
12	11	0.7	1	0 11
13	1	0.2	1	0 1


=== Second read: Adapter PrefixPE/1 ===

Sequence: TACACTCTTTCCCTACACGACGCTCTTCCGATCT; Type: regular 3'; Length: 34; Trimmed: 215486 times

No. of allowed errors:
0-9 bp: 0; 10-19 bp: 1; 20-29 bp: 2; 30-34 bp: 3

Bases preceding removed adapters:
  A: 29.6%
  C: 18.5%
  G: 21.7%
  T: 30.3%
  none/other: 0.0%

Overview of removed sequences
length	count	expect	max.err	error counts
3	144214	178008.3	0	144214
4	55216	44502.1	0	55216
5	11175	11125.5	0	11175
6	2573	2781.4	0	2573
7	482	695.3	0	482
8	125	173.8	0	125
9	663	43.5	0	46 617
10	740	10.9	1	23 717
11	227	2.7	1	1 226
12	52	0.7	1	0 52
13	14	0.2	1	0 14
14	3	0.0	1	0 3
15	2	0.0	1	0 2


=== Second read: Adapter PrefixPE/2 ===

Sequence: GTGACTGGAGTTCAGACGTGTGCTCTTCCGATCT; Type: regular 3'; Length: 34; Trimmed: 182668 times

No. of allowed errors:
0-9 bp: 0; 10-19 bp: 1; 20-29 bp: 2; 30-34 bp: 3

Bases preceding removed adapters:
  A: 23.7%
  C: 18.1%
  G: 25.6%
  T: 32.5%
  none/other: 0.0%

Overview of removed sequences
length	count	expect	max.err	error counts
3	142504	178008.3	0	142504
4	32803	44502.1	0	32803
5	5371	11125.5	0	5371
6	1199	2781.4	0	1199
7	295	695.3	0	295
8	49	173.8	0	49
9	186	43.5	0	11 175
10	185	10.9	1	5 180
11	61	2.7	1	2 59
12	11	0.7	1	0 11
13	4	0.2	1	0 4
