This is cutadapt 2.9 with Python 3.6.6
Command line parameters: --interleaved -a file:/nas02/apps/trimmomatic-0.36/Trimmomatic-0.36/adapters/TruSeq3-PE.fa -A file:/nas02/apps/trimmomatic-0.36/Trimmomatic-0.36/adapters/TruSeq3-PE.fa -m 30 /nas/longleaf/home/zpopkinh/Pvivax_resources/wgs_pe_improved_global/fastq/ERS164684/ERR216470_1.fastq.gz /nas/longleaf/home/zpopkinh/Pvivax_resources/wgs_pe_improved_global/fastq/ERS164684/ERR216470_2.fastq.gz
Processing reads on 1 core in paired-end mode ...
Finished in 166.61 s (103 us/read; 0.58 M reads/minute).

=== Summary ===

Total read pairs processed:          1,613,651
  Read 1 with adapter:                  60,383 (3.7%)
  Read 2 with adapter:                  60,038 (3.7%)
Pairs written (passing filters):     1,613,651 (100.0%)

Total basepairs processed:   322,730,200 bp
  Read 1:   161,365,100 bp
  Read 2:   161,365,100 bp
Total written (filtered):    322,319,081 bp (99.9%)
  Read 1:   161,159,027 bp
  Read 2:   161,160,054 bp

=== First read: Adapter PrefixPE/1 ===

Sequence: TACACTCTTTCCCTACACGACGCTCTTCCGATCT; Type: regular 3'; Length: 34; Trimmed: 34431 times

No. of allowed errors:
0-9 bp: 0; 10-19 bp: 1; 20-29 bp: 2; 30-34 bp: 3

Bases preceding removed adapters:
  A: 31.3%
  C: 15.7%
  G: 26.1%
  T: 26.9%
  none/other: 0.0%

Overview of removed sequences
length	count	expect	max.err	error counts
3	22303	25213.3	0	22303
4	9425	6303.3	0	9425
5	1706	1575.8	0	1706
6	386	394.0	0	386
7	121	98.5	0	121
8	25	24.6	0	25
9	89	6.2	0	14 75
10	301	1.5	1	2 299
11	64	0.4	1	0 64
12	9	0.1	1	0 9
13	2	0.0	1	0 2


=== First read: Adapter PrefixPE/2 ===

Sequence: GTGACTGGAGTTCAGACGTGTGCTCTTCCGATCT; Type: regular 3'; Length: 34; Trimmed: 25952 times

No. of allowed errors:
0-9 bp: 0; 10-19 bp: 1; 20-29 bp: 2; 30-34 bp: 3

Bases preceding removed adapters:
  A: 26.9%
  C: 13.5%
  G: 22.5%
  T: 37.1%
  none/other: 0.0%

Overview of removed sequences
length	count	expect	max.err	error counts
3	20470	25213.3	0	20470
4	4531	6303.3	0	4531
5	657	1575.8	0	657
6	177	394.0	0	177
7	36	98.5	0	36
8	2	24.6	0	2
9	40	6.2	0	1 39
10	23	1.5	1	0 23
11	11	0.4	1	0 11
12	3	0.1	1	0 3
13	2	0.0	1	0 2


=== Second read: Adapter PrefixPE/1 ===

Sequence: TACACTCTTTCCCTACACGACGCTCTTCCGATCT; Type: regular 3'; Length: 34; Trimmed: 34735 times

No. of allowed errors:
0-9 bp: 0; 10-19 bp: 1; 20-29 bp: 2; 30-34 bp: 3

Bases preceding removed adapters:
  A: 31.4%
  C: 15.8%
  G: 26.2%
  T: 26.6%
  none/other: 0.0%

Overview of removed sequences
length	count	expect	max.err	error counts
3	22499	25213.3	0	22499
4	9537	6303.3	0	9537
5	1647	1575.8	0	1647
6	463	394.0	0	463
7	123	98.5	0	123
8	19	24.6	0	19
9	80	6.2	0	13 67
10	306	1.5	1	9 297
11	52	0.4	1	0 52
12	9	0.1	1	0 9


=== Second read: Adapter PrefixPE/2 ===

Sequence: GTGACTGGAGTTCAGACGTGTGCTCTTCCGATCT; Type: regular 3'; Length: 34; Trimmed: 25303 times

No. of allowed errors:
0-9 bp: 0; 10-19 bp: 1; 20-29 bp: 2; 30-34 bp: 3

Bases preceding removed adapters:
  A: 27.4%
  C: 13.6%
  G: 22.3%
  T: 36.7%
  none/other: 0.0%

Overview of removed sequences
length	count	expect	max.err	error counts
3	19871	25213.3	0	19871
4	4478	6303.3	0	4478
5	671	1575.8	0	671
6	169	394.0	0	169
7	33	98.5	0	33
8	6	24.6	0	6
9	30	6.2	0	0 30
10	27	1.5	1	0 27
11	15	0.4	1	0 15
12	2	0.1	1	0 2
13	1	0.0	1	0 1
