This is cutadapt 2.9 with Python 3.6.6
Command line parameters: --interleaved -a file:/nas02/apps/trimmomatic-0.36/Trimmomatic-0.36/adapters/TruSeq3-PE.fa -A file:/nas02/apps/trimmomatic-0.36/Trimmomatic-0.36/adapters/TruSeq3-PE.fa -m 30 /nas/longleaf/home/zpopkinh/Pvivax_resources/wgs_pe_improved_global/fastq/ERS164684/ERR490275_1.fastq.gz /nas/longleaf/home/zpopkinh/Pvivax_resources/wgs_pe_improved_global/fastq/ERS164684/ERR490275_2.fastq.gz
Processing reads on 1 core in paired-end mode ...
Finished in 11.71 s (47 us/read; 1.29 M reads/minute).

=== Summary ===

Total read pairs processed:            251,443
  Read 1 with adapter:                   9,652 (3.8%)
  Read 2 with adapter:                   9,520 (3.8%)
Pairs written (passing filters):       251,443 (100.0%)

Total basepairs processed:    50,288,600 bp
  Read 1:    25,144,300 bp
  Read 2:    25,144,300 bp
Total written (filtered):     50,223,240 bp (99.9%)
  Read 1:    25,111,479 bp
  Read 2:    25,111,761 bp

=== First read: Adapter PrefixPE/1 ===

Sequence: TACACTCTTTCCCTACACGACGCTCTTCCGATCT; Type: regular 3'; Length: 34; Trimmed: 5396 times

No. of allowed errors:
0-9 bp: 0; 10-19 bp: 1; 20-29 bp: 2; 30-34 bp: 3

Bases preceding removed adapters:
  A: 30.6%
  C: 15.8%
  G: 28.1%
  T: 25.5%
  none/other: 0.0%

Overview of removed sequences
length	count	expect	max.err	error counts
3	3542	3928.8	0	3542
4	1439	982.2	0	1439
5	257	245.5	0	257
6	74	61.4	0	74
7	14	15.3	0	14
8	5	3.8	0	5
9	6	1.0	0	1 5
10	47	0.2	1	2 45
11	11	0.1	1	1 10
12	1	0.0	1	0 1


=== First read: Adapter PrefixPE/2 ===

Sequence: GTGACTGGAGTTCAGACGTGTGCTCTTCCGATCT; Type: regular 3'; Length: 34; Trimmed: 4256 times

No. of allowed errors:
0-9 bp: 0; 10-19 bp: 1; 20-29 bp: 2; 30-34 bp: 3

Bases preceding removed adapters:
  A: 27.1%
  C: 13.3%
  G: 22.2%
  T: 37.5%
  none/other: 0.0%

Overview of removed sequences
length	count	expect	max.err	error counts
3	3345	3928.8	0	3345
4	762	982.2	0	762
5	109	245.5	0	109
6	20	61.4	0	20
7	7	15.3	0	7
8	3	3.8	0	3
9	6	1.0	0	1 5
10	4	0.2	1	0 4


=== Second read: Adapter PrefixPE/1 ===

Sequence: TACACTCTTTCCCTACACGACGCTCTTCCGATCT; Type: regular 3'; Length: 34; Trimmed: 5446 times

No. of allowed errors:
0-9 bp: 0; 10-19 bp: 1; 20-29 bp: 2; 30-34 bp: 3

Bases preceding removed adapters:
  A: 31.1%
  C: 16.5%
  G: 26.7%
  T: 25.7%
  none/other: 0.0%

Overview of removed sequences
length	count	expect	max.err	error counts
3	3449	3928.8	0	3449
4	1575	982.2	0	1575
5	274	245.5	0	274
6	65	61.4	0	65
7	20	15.3	0	20
8	1	3.8	0	1
9	11	1.0	0	1 10
10	47	0.2	1	1 46
11	4	0.1	1	0 4


=== Second read: Adapter PrefixPE/2 ===

Sequence: GTGACTGGAGTTCAGACGTGTGCTCTTCCGATCT; Type: regular 3'; Length: 34; Trimmed: 4074 times

No. of allowed errors:
0-9 bp: 0; 10-19 bp: 1; 20-29 bp: 2; 30-34 bp: 3

Bases preceding removed adapters:
  A: 27.1%
  C: 14.0%
  G: 21.6%
  T: 37.3%
  none/other: 0.0%

Overview of removed sequences
length	count	expect	max.err	error counts
3	3193	3928.8	0	3193
4	725	982.2	0	725
5	110	245.5	0	110
6	27	61.4	0	27
7	2	15.3	0	2
9	7	1.0	0	0 7
10	8	0.2	1	0 8
11	1	0.1	1	0 1
12	1	0.0	1	0 1
