This is cutadapt 2.9 with Python 3.6.6
Command line parameters: --interleaved -a file:/nas02/apps/trimmomatic-0.36/Trimmomatic-0.36/adapters/TruSeq3-PE.fa -A file:/nas02/apps/trimmomatic-0.36/Trimmomatic-0.36/adapters/TruSeq3-PE.fa -m 30 /nas/longleaf/home/zpopkinh/Pvivax_resources/wgs_pe_improved_global/fastq/ERS143517/ERR171580_1.fastq.gz /nas/longleaf/home/zpopkinh/Pvivax_resources/wgs_pe_improved_global/fastq/ERS143517/ERR171580_2.fastq.gz
Processing reads on 1 core in paired-end mode ...
Finished in 620.36 s (95 us/read; 0.63 M reads/minute).

=== Summary ===

Total read pairs processed:          6,497,512
  Read 1 with adapter:                 233,477 (3.6%)
  Read 2 with adapter:                 232,025 (3.6%)
Pairs written (passing filters):     6,497,500 (100.0%)

Total basepairs processed: 1,299,502,400 bp
  Read 1:   649,751,200 bp
  Read 2:   649,751,200 bp
Total written (filtered):  1,297,927,302 bp (99.9%)
  Read 1:   648,961,599 bp
  Read 2:   648,965,703 bp

=== First read: Adapter PrefixPE/1 ===

Sequence: TACACTCTTTCCCTACACGACGCTCTTCCGATCT; Type: regular 3'; Length: 34; Trimmed: 128453 times

No. of allowed errors:
0-9 bp: 0; 10-19 bp: 1; 20-29 bp: 2; 30-34 bp: 3

Bases preceding removed adapters:
  A: 30.2%
  C: 17.8%
  G: 22.1%
  T: 29.9%
  none/other: 0.0%

Overview of removed sequences
length	count	expect	max.err	error counts
3	85775	101523.6	0	85775
4	33306	25380.9	0	33306
5	6649	6345.2	0	6649
6	1463	1586.3	0	1463
7	284	396.6	0	284
8	64	99.1	0	64
9	374	24.8	0	26 348
10	367	6.2	1	7 360
11	124	1.5	1	3 121
12	28	0.4	1	0 28
13	4	0.1	1	0 4
14	2	0.0	1	0 2
70	1	0.0	3	0 0 0 1
100	12	0.0	3	0 0 0 12


=== First read: Adapter PrefixPE/2 ===

Sequence: GTGACTGGAGTTCAGACGTGTGCTCTTCCGATCT; Type: regular 3'; Length: 34; Trimmed: 105024 times

No. of allowed errors:
0-9 bp: 0; 10-19 bp: 1; 20-29 bp: 2; 30-34 bp: 3

Bases preceding removed adapters:
  A: 24.1%
  C: 18.0%
  G: 25.2%
  T: 32.7%
  none/other: 0.0%

Overview of removed sequences
length	count	expect	max.err	error counts
3	81859	101523.6	0	81859
4	19208	25380.9	0	19208
5	2853	6345.2	0	2853
6	683	1586.3	0	683
7	146	396.6	0	146
8	30	99.1	0	30
9	95	24.8	0	4 91
10	106	6.2	1	3 103
11	35	1.5	1	0 35
12	8	0.4	1	0 8
13	1	0.1	1	0 1


=== Second read: Adapter PrefixPE/1 ===

Sequence: TACACTCTTTCCCTACACGACGCTCTTCCGATCT; Type: regular 3'; Length: 34; Trimmed: 127704 times

No. of allowed errors:
0-9 bp: 0; 10-19 bp: 1; 20-29 bp: 2; 30-34 bp: 3

Bases preceding removed adapters:
  A: 30.2%
  C: 17.9%
  G: 21.8%
  T: 30.1%
  none/other: 0.0%

Overview of removed sequences
length	count	expect	max.err	error counts
3	84913	101523.6	0	84913
4	33298	25380.9	0	33298
5	6669	6345.2	0	6669
6	1458	1586.3	0	1458
7	301	396.6	0	301
8	63	99.1	0	63
9	394	24.8	0	25 369
10	434	6.2	1	17 417
11	128	1.5	1	1 127
12	29	0.4	1	0 29
13	11	0.1	1	0 11
14	6	0.0	1	0 6


=== Second read: Adapter PrefixPE/2 ===

Sequence: GTGACTGGAGTTCAGACGTGTGCTCTTCCGATCT; Type: regular 3'; Length: 34; Trimmed: 104321 times

No. of allowed errors:
0-9 bp: 0; 10-19 bp: 1; 20-29 bp: 2; 30-34 bp: 3

Bases preceding removed adapters:
  A: 24.1%
  C: 17.8%
  G: 25.5%
  T: 32.5%
  none/other: 0.0%

Overview of removed sequences
length	count	expect	max.err	error counts
3	81491	101523.6	0	81491
4	18941	25380.9	0	18941
5	2848	6345.2	0	2848
6	643	1586.3	0	643
7	138	396.6	0	138
8	27	99.1	0	27
9	109	24.8	0	12 97
10	80	6.2	1	2 78
11	34	1.5	1	2 32
12	9	0.4	1	0 9
13	1	0.1	1	0 1
