This is cutadapt 2.9 with Python 3.6.6
Command line parameters: --interleaved -a file:/nas02/apps/trimmomatic-0.36/Trimmomatic-0.36/adapters/TruSeq3-PE.fa -A file:/nas02/apps/trimmomatic-0.36/Trimmomatic-0.36/adapters/TruSeq3-PE.fa -m 30 /nas/longleaf/home/zpopkinh/Pvivax_resources/wgs_pe_improved_global/fastq/SRS693270/SRR1562521_1.fastq.gz /nas/longleaf/home/zpopkinh/Pvivax_resources/wgs_pe_improved_global/fastq/SRS693270/SRR1562521_2.fastq.gz
Processing reads on 1 core in paired-end mode ...
Finished in 1770.57 s (85 us/read; 0.71 M reads/minute).

=== Summary ===

Total read pairs processed:         20,926,809
  Read 1 with adapter:                 767,239 (3.7%)
  Read 2 with adapter:                 790,827 (3.8%)
Pairs written (passing filters):    20,926,806 (100.0%)

Total basepairs processed: 4,227,215,418 bp
  Read 1: 2,113,607,709 bp
  Read 2: 2,113,607,709 bp
Total written (filtered):  4,221,993,905 bp (99.9%)
  Read 1: 2,111,031,610 bp
  Read 2: 2,110,962,295 bp

=== First read: Adapter PrefixPE/1 ===

Sequence: TACACTCTTTCCCTACACGACGCTCTTCCGATCT; Type: regular 3'; Length: 34; Trimmed: 362954 times

No. of allowed errors:
0-9 bp: 0; 10-19 bp: 1; 20-29 bp: 2; 30-34 bp: 3

Bases preceding removed adapters:
  A: 25.2%
  C: 23.8%
  G: 24.1%
  T: 26.9%
  none/other: 0.0%

Overview of removed sequences
length	count	expect	max.err	error counts
3	250320	326981.4	0	250320
4	84563	81745.3	0	84563
5	20869	20436.3	0	20869
6	3825	5109.1	0	3825
7	915	1277.3	0	915
8	193	319.3	0	193
9	775	79.8	0	66 709
10	1013	20.0	1	27 986
11	352	5.0	1	9 343
12	85	1.2	1	3 82
13	32	0.3	1	1 31
14	7	0.1	1	0 7
15	3	0.0	1	0 3
43	1	0.0	3	0 0 0 1
101	1	0.0	3	0 1


=== First read: Adapter PrefixPE/2 ===

Sequence: GTGACTGGAGTTCAGACGTGTGCTCTTCCGATCT; Type: regular 3'; Length: 34; Trimmed: 404285 times

No. of allowed errors:
0-9 bp: 0; 10-19 bp: 1; 20-29 bp: 2; 30-34 bp: 3

Bases preceding removed adapters:
  A: 23.2%
  C: 19.4%
  G: 28.3%
  T: 29.1%
  none/other: 0.0%

Overview of removed sequences
length	count	expect	max.err	error counts
3	315503	326981.4	0	315503
4	71820	81745.3	0	71820
5	12205	20436.3	0	12205
6	2747	5109.1	0	2747
7	699	1277.3	0	699
8	113	319.3	0	113
9	575	79.8	0	18 557
10	426	20.0	1	10 416
11	164	5.0	1	2 162
12	23	1.2	1	0 23
13	8	0.3	1	0 8
14	1	0.1	1	0 1
15	1	0.0	1	0 1


=== Second read: Adapter PrefixPE/1 ===

Sequence: TACACTCTTTCCCTACACGACGCTCTTCCGATCT; Type: regular 3'; Length: 34; Trimmed: 358203 times

No. of allowed errors:
0-9 bp: 0; 10-19 bp: 1; 20-29 bp: 2; 30-34 bp: 3

Bases preceding removed adapters:
  A: 25.3%
  C: 23.5%
  G: 24.3%
  T: 26.8%
  none/other: 0.0%

Overview of removed sequences
length	count	expect	max.err	error counts
3	245912	326981.4	0	245912
4	84729	81745.3	0	84729
5	20451	20436.3	0	20451
6	3817	5109.1	0	3817
7	891	1277.3	0	891
8	210	319.3	0	210
9	748	79.8	0	96 652
10	1004	20.0	1	31 973
11	340	5.0	1	2 338
12	78	1.2	1	1 77
13	18	0.3	1	0 18
14	3	0.1	1	0 3
15	2	0.0	1	0 2


=== Second read: Adapter PrefixPE/2 ===

Sequence: GTGACTGGAGTTCAGACGTGTGCTCTTCCGATCT; Type: regular 3'; Length: 34; Trimmed: 432624 times

No. of allowed errors:
0-9 bp: 0; 10-19 bp: 1; 20-29 bp: 2; 30-34 bp: 3

Bases preceding removed adapters:
  A: 22.5%
  C: 24.3%
  G: 26.5%
  T: 26.7%
  none/other: 0.0%

Overview of removed sequences
length	count	expect	max.err	error counts
3	344155	326981.4	0	344155
4	71491	81745.3	0	71491
5	12186	20436.3	0	12186
6	2808	5109.1	0	2808
7	671	1277.3	0	671
8	118	319.3	0	118
9	580	79.8	0	23 557
10	412	20.0	1	11 401
11	169	5.0	1	1 168
12	17	1.2	1	0 17
13	6	0.3	1	0 6
15	1	0.0	1	0 1
16	1	0.0	1	0 1
17	1	0.0	1	1
26	1	0.0	2	0 0 1
31	1	0.0	3	0 0 0 1
43	1	0.0	3	0 0 1
48	1	0.0	3	0 0 0 1
49	1	0.0	3	0 0 1
57	1	0.0	3	0 0 0 1
72	1	0.0	3	0 0 0 1
75	1	0.0	3	0 0 0 1
