This is cutadapt 2.9 with Python 3.6.6
Command line parameters: --interleaved -a file:/nas02/apps/trimmomatic-0.36/Trimmomatic-0.36/adapters/TruSeq3-PE.fa -A file:/nas02/apps/trimmomatic-0.36/Trimmomatic-0.36/adapters/TruSeq3-PE.fa -m 30 /nas/longleaf/home/zpopkinh/Pvivax_resources/wgs_pe_improved_global/fastq/SRS693270/SRR1568037_1.fastq.gz /nas/longleaf/home/zpopkinh/Pvivax_resources/wgs_pe_improved_global/fastq/SRS693270/SRR1568037_2.fastq.gz
Processing reads on 1 core in paired-end mode ...
Finished in 2.13 s (60 us/read; 1.01 M reads/minute).

=== Summary ===

Total read pairs processed:             35,777
  Read 1 with adapter:                   1,086 (3.0%)
  Read 2 with adapter:                   1,200 (3.4%)
Pairs written (passing filters):        35,777 (100.0%)

Total basepairs processed:     7,226,954 bp
  Read 1:     3,613,477 bp
  Read 2:     3,613,477 bp
Total written (filtered):      7,219,235 bp (99.9%)
  Read 1:     3,609,791 bp
  Read 2:     3,609,444 bp

=== First read: Adapter PrefixPE/1 ===

Sequence: TACACTCTTTCCCTACACGACGCTCTTCCGATCT; Type: regular 3'; Length: 34; Trimmed: 516 times

No. of allowed errors:
0-9 bp: 0; 10-19 bp: 1; 20-29 bp: 2; 30-34 bp: 3

Bases preceding removed adapters:
  A: 26.7%
  C: 24.8%
  G: 21.1%
  T: 27.3%
  none/other: 0.0%

Overview of removed sequences
length	count	expect	max.err	error counts
3	345	559.0	0	345
4	137	139.8	0	137
5	26	34.9	0	26
6	5	8.7	0	5
10	3	0.0	1	0 3


=== First read: Adapter PrefixPE/2 ===

Sequence: GTGACTGGAGTTCAGACGTGTGCTCTTCCGATCT; Type: regular 3'; Length: 34; Trimmed: 570 times

No. of allowed errors:
0-9 bp: 0; 10-19 bp: 1; 20-29 bp: 2; 30-34 bp: 3

Bases preceding removed adapters:
  A: 26.0%
  C: 19.5%
  G: 25.8%
  T: 28.8%
  none/other: 0.0%

Overview of removed sequences
length	count	expect	max.err	error counts
3	428	559.0	0	428
4	110	139.8	0	110
5	19	34.9	0	19
6	6	8.7	0	6
7	2	2.2	0	2
8	1	0.5	0	1
9	4	0.1	0	0 4


=== Second read: Adapter PrefixPE/1 ===

Sequence: TACACTCTTTCCCTACACGACGCTCTTCCGATCT; Type: regular 3'; Length: 34; Trimmed: 523 times

No. of allowed errors:
0-9 bp: 0; 10-19 bp: 1; 20-29 bp: 2; 30-34 bp: 3

Bases preceding removed adapters:
  A: 30.0%
  C: 26.8%
  G: 17.8%
  T: 25.4%
  none/other: 0.0%

Overview of removed sequences
length	count	expect	max.err	error counts
3	353	559.0	0	353
4	125	139.8	0	125
5	38	34.9	0	38
6	2	8.7	0	2
7	1	2.2	0	1
9	3	0.1	0	0 3
11	1	0.0	1	0 1


=== Second read: Adapter PrefixPE/2 ===

Sequence: GTGACTGGAGTTCAGACGTGTGCTCTTCCGATCT; Type: regular 3'; Length: 34; Trimmed: 677 times

No. of allowed errors:
0-9 bp: 0; 10-19 bp: 1; 20-29 bp: 2; 30-34 bp: 3

Bases preceding removed adapters:
  A: 24.8%
  C: 29.1%
  G: 19.6%
  T: 26.4%
  none/other: 0.0%

Overview of removed sequences
length	count	expect	max.err	error counts
3	534	559.0	0	534
4	112	139.8	0	112
5	23	34.9	0	23
6	4	8.7	0	4
9	2	0.1	0	0 2
10	2	0.0	1	0 2
