This is cutadapt 2.9 with Python 3.6.6
Command line parameters: --interleaved -a file:/nas02/apps/trimmomatic-0.36/Trimmomatic-0.36/adapters/TruSeq3-PE.fa -A file:/nas02/apps/trimmomatic-0.36/Trimmomatic-0.36/adapters/TruSeq3-PE.fa -m 30 /nas/longleaf/home/zpopkinh/Pvivax_resources/wgs_pe_improved_global/fastq/SRS1061194/SRR2316923_1.fastq.gz /nas/longleaf/home/zpopkinh/Pvivax_resources/wgs_pe_improved_global/fastq/SRS1061194/SRR2316923_2.fastq.gz
Processing reads on 1 core in paired-end mode ...
Finished in 1189.01 s (87 us/read; 0.69 M reads/minute).

=== Summary ===

Total read pairs processed:         13,696,143
  Read 1 with adapter:                 492,155 (3.6%)
  Read 2 with adapter:                 501,079 (3.7%)
Pairs written (passing filters):    13,696,126 (100.0%)

Total basepairs processed: 2,739,228,600 bp
  Read 1: 1,355,918,157 bp
  Read 2: 1,383,310,443 bp
Total written (filtered):  2,735,842,609 bp (99.9%)
  Read 1: 1,354,241,214 bp
  Read 2: 1,381,601,395 bp

=== First read: Adapter PrefixPE/1 ===

Sequence: TACACTCTTTCCCTACACGACGCTCTTCCGATCT; Type: regular 3'; Length: 34; Trimmed: 264930 times

No. of allowed errors:
0-9 bp: 0; 10-19 bp: 1; 20-29 bp: 2; 30-34 bp: 3

Bases preceding removed adapters:
  A: 31.6%
  C: 18.4%
  G: 18.7%
  T: 31.4%
  none/other: 0.0%

Overview of removed sequences
length	count	expect	max.err	error counts
3	174700	214002.2	0	174700
4	71238	53500.6	0	71238
5	12754	13375.1	0	12754
6	3223	3343.8	0	3223
7	531	835.9	0	531
8	180	209.0	0	180
9	776	52.2	0	66 710
10	1107	13.1	1	21 1086
11	338	3.3	1	1 337
12	58	0.8	1	1 57
13	17	0.2	1	0 17
14	5	0.1	1	0 5
15	3	0.0	1	0 3


=== First read: Adapter PrefixPE/2 ===

Sequence: GTGACTGGAGTTCAGACGTGTGCTCTTCCGATCT; Type: regular 3'; Length: 34; Trimmed: 227225 times

No. of allowed errors:
0-9 bp: 0; 10-19 bp: 1; 20-29 bp: 2; 30-34 bp: 3

Bases preceding removed adapters:
  A: 28.3%
  C: 11.6%
  G: 23.3%
  T: 36.7%
  none/other: 0.0%

Overview of removed sequences
length	count	expect	max.err	error counts
3	171677	214002.2	0	171677
4	45120	53500.6	0	45120
5	6932	13375.1	0	6932
6	2085	3343.8	0	2085
7	512	835.9	0	512
8	112	209.0	0	112
9	293	52.2	0	30 263
10	303	13.1	1	4 299
11	137	3.3	1	4 133
12	33	0.8	1	0 33
13	7	0.2	1	0 7
14	1	0.1	1	0 1
15	1	0.0	1	0 1
40	1	0.0	3	0 1
47	1	0.0	3	0 1
49	2	0.0	3	0 0 1 1
51	1	0.0	3	0 0 1
52	1	0.0	3	0 0 0 1
73	1	0.0	3	0 0 1
90	1	0.0	3	0 0 0 1
93	2	0.0	3	0 0 0 2
99	2	0.0	3	0 0 0 2


=== Second read: Adapter PrefixPE/1 ===

Sequence: TACACTCTTTCCCTACACGACGCTCTTCCGATCT; Type: regular 3'; Length: 34; Trimmed: 269397 times

No. of allowed errors:
0-9 bp: 0; 10-19 bp: 1; 20-29 bp: 2; 30-34 bp: 3

Bases preceding removed adapters:
  A: 31.5%
  C: 18.2%
  G: 19.0%
  T: 31.3%
  none/other: 0.0%

Overview of removed sequences
length	count	expect	max.err	error counts
3	176237	214002.2	0	176237
4	73868	53500.6	0	73868
5	12751	13375.1	0	12751
6	3357	3343.8	0	3357
7	585	835.9	0	585
8	171	209.0	0	171
9	786	52.2	0	76 710
10	1233	13.1	1	33 1200
11	307	3.3	1	1 306
12	72	0.8	1	0 72
13	15	0.2	1	0 15
14	5	0.1	1	0 5
15	2	0.0	1	1 1
49	1	0.0	3	0 1
54	1	0.0	3	0 1
96	1	0.0	3	0 0 1
97	1	0.0	3	0 1
101	4	0.0	3	0 0 1 3


=== Second read: Adapter PrefixPE/2 ===

Sequence: GTGACTGGAGTTCAGACGTGTGCTCTTCCGATCT; Type: regular 3'; Length: 34; Trimmed: 231682 times

No. of allowed errors:
0-9 bp: 0; 10-19 bp: 1; 20-29 bp: 2; 30-34 bp: 3

Bases preceding removed adapters:
  A: 28.8%
  C: 11.3%
  G: 23.3%
  T: 36.5%
  none/other: 0.0%

Overview of removed sequences
length	count	expect	max.err	error counts
3	175214	214002.2	0	175214
4	45763	53500.6	0	45763
5	7122	13375.1	0	7122
6	2114	3343.8	0	2114
7	541	835.9	0	541
8	117	209.0	0	117
9	303	52.2	0	27 276
10	321	13.1	1	4 317
11	134	3.3	1	1 133
12	37	0.8	1	0 37
13	6	0.2	1	0 6
14	1	0.1	1	0 1
15	2	0.0	1	0 2
24	1	0.0	2	0 0 1
33	1	0.0	3	0 0 0 1
75	1	0.0	3	0 0 1
85	1	0.0	3	0 0 1
87	3	0.0	3	1 0 0 2
