This is cutadapt 2.9 with Python 3.6.6
Command line parameters: --interleaved -a file:/nas02/apps/trimmomatic-0.36/Trimmomatic-0.36/adapters/TruSeq3-PE.fa -A file:/nas02/apps/trimmomatic-0.36/Trimmomatic-0.36/adapters/TruSeq3-PE.fa -m 30 /nas/longleaf/home/zpopkinh/Pvivax_resources/wgs_pe_improved_global/fastq/SRR10969357/SRR10969357_1.fastq.gz /nas/longleaf/home/zpopkinh/Pvivax_resources/wgs_pe_improved_global/fastq/SRR10969357/SRR10969357_2.fastq.gz
Processing reads on 1 core in paired-end mode ...
Finished in 1183.96 s (151 us/read; 0.40 M reads/minute).

=== Summary ===

Total read pairs processed:          7,855,284
  Read 1 with adapter:                 285,914 (3.6%)
  Read 2 with adapter:                 286,453 (3.6%)
Pairs written (passing filters):     7,855,284 (100.0%)

Total basepairs processed: 2,356,585,200 bp
  Read 1: 1,178,292,600 bp
  Read 2: 1,178,292,600 bp
Total written (filtered):  2,354,648,863 bp (99.9%)
  Read 1: 1,177,325,681 bp
  Read 2: 1,177,323,182 bp

=== First read: Adapter PrefixPE/1 ===

Sequence: TACACTCTTTCCCTACACGACGCTCTTCCGATCT; Type: regular 3'; Length: 34; Trimmed: 151999 times

No. of allowed errors:
0-9 bp: 0; 10-19 bp: 1; 20-29 bp: 2; 30-34 bp: 3

Bases preceding removed adapters:
  A: 29.7%
  C: 18.6%
  G: 21.3%
  T: 30.4%
  none/other: 0.0%

Overview of removed sequences
length	count	expect	max.err	error counts
3	101385	122738.8	0	101385
4	39601	30684.7	0	39601
5	7682	7671.2	0	7682
6	1714	1917.8	0	1714
7	362	479.4	0	362
8	86	119.9	0	86
9	466	30.0	0	34 432
10	498	7.5	1	14 484
11	151	1.9	1	1 150
12	41	0.5	1	0 41
13	12	0.1	1	0 12
93	1	0.0	3	0 1


=== First read: Adapter PrefixPE/2 ===

Sequence: GTGACTGGAGTTCAGACGTGTGCTCTTCCGATCT; Type: regular 3'; Length: 34; Trimmed: 133915 times

No. of allowed errors:
0-9 bp: 0; 10-19 bp: 1; 20-29 bp: 2; 30-34 bp: 3

Bases preceding removed adapters:
  A: 25.3%
  C: 16.2%
  G: 26.0%
  T: 32.4%
  none/other: 0.0%

Overview of removed sequences
length	count	expect	max.err	error counts
3	103713	122738.8	0	103713
4	24726	30684.7	0	24726
5	3868	7671.2	0	3868
6	932	1917.8	0	932
7	231	479.4	0	231
8	52	119.9	0	52
9	181	30.0	0	13 168
10	136	7.5	1	2 134
11	53	1.9	1	0 53
12	15	0.5	1	0 15
13	6	0.1	1	0 6
15	2	0.0	1	0 2


=== Second read: Adapter PrefixPE/1 ===

Sequence: TACACTCTTTCCCTACACGACGCTCTTCCGATCT; Type: regular 3'; Length: 34; Trimmed: 152505 times

No. of allowed errors:
0-9 bp: 0; 10-19 bp: 1; 20-29 bp: 2; 30-34 bp: 3

Bases preceding removed adapters:
  A: 30.1%
  C: 18.6%
  G: 20.9%
  T: 30.3%
  none/other: 0.0%

Overview of removed sequences
length	count	expect	max.err	error counts
3	101512	122738.8	0	101512
4	39722	30684.7	0	39722
5	7956	7671.2	0	7956
6	1741	1917.8	0	1741
7	312	479.4	0	312
8	82	119.9	0	82
9	466	30.0	0	34 432
10	525	7.5	1	11 514
11	145	1.9	1	0 145
12	26	0.5	1	0 26
13	11	0.1	1	0 11
14	7	0.0	1	0 7


=== Second read: Adapter PrefixPE/2 ===

Sequence: GTGACTGGAGTTCAGACGTGTGCTCTTCCGATCT; Type: regular 3'; Length: 34; Trimmed: 133948 times

No. of allowed errors:
0-9 bp: 0; 10-19 bp: 1; 20-29 bp: 2; 30-34 bp: 3

Bases preceding removed adapters:
  A: 25.2%
  C: 16.4%
  G: 26.4%
  T: 32.1%
  none/other: 0.0%

Overview of removed sequences
length	count	expect	max.err	error counts
3	103724	122738.8	0	103724
4	24676	30684.7	0	24676
5	3939	7671.2	0	3939
6	927	1917.8	0	927
7	240	479.4	0	240
8	49	119.9	0	49
9	153	30.0	0	14 139
10	156	7.5	1	4 152
11	66	1.9	1	1 65
12	13	0.5	1	0 13
13	1	0.1	1	0 1
43	1	0.0	3	0 0 1
73	1	0.0	3	0 0 0 1
91	1	0.0	3	0 1
92	1	0.0	3	0 0 0 1
