This is cutadapt 2.9 with Python 3.6.6
Command line parameters: --interleaved -a file:/nas02/apps/trimmomatic-0.36/Trimmomatic-0.36/adapters/TruSeq3-PE.fa -A file:/nas02/apps/trimmomatic-0.36/Trimmomatic-0.36/adapters/TruSeq3-PE.fa -m 30 /nas/longleaf/home/zpopkinh/Pvivax_resources/wgs_pe_improved_global/fastq/ERS347704/ERR426035_1.fastq.gz /nas/longleaf/home/zpopkinh/Pvivax_resources/wgs_pe_improved_global/fastq/ERS347704/ERR426035_2.fastq.gz
Processing reads on 1 core in paired-end mode ...
Finished in 1547.98 s (127 us/read; 0.47 M reads/minute).

=== Summary ===

Total read pairs processed:         12,212,903
  Read 1 with adapter:                 423,822 (3.5%)
  Read 2 with adapter:                 415,762 (3.4%)
Pairs written (passing filters):    12,212,901 (100.0%)

Total basepairs processed: 2,442,580,600 bp
  Read 1: 1,221,290,300 bp
  Read 2: 1,221,290,300 bp
Total written (filtered):  2,439,736,983 bp (99.9%)
  Read 1: 1,219,854,820 bp
  Read 2: 1,219,882,163 bp

=== First read: Adapter PrefixPE/1 ===

Sequence: TACACTCTTTCCCTACACGACGCTCTTCCGATCT; Type: regular 3'; Length: 34; Trimmed: 244226 times

No. of allowed errors:
0-9 bp: 0; 10-19 bp: 1; 20-29 bp: 2; 30-34 bp: 3

Bases preceding removed adapters:
  A: 32.1%
  C: 17.2%
  G: 20.2%
  T: 30.5%
  none/other: 0.0%

Overview of removed sequences
length	count	expect	max.err	error counts
3	161614	190826.6	0	161614
4	65824	47706.7	0	65824
5	11825	11926.7	0	11825
6	2459	2981.7	0	2459
7	452	745.4	0	452
8	117	186.4	0	117
9	820	46.6	0	43 777
10	802	11.6	1	16 786
11	236	2.9	1	2 234
12	63	0.7	1	1 62
13	9	0.2	1	0 9
14	2	0.0	1	0 2
16	1	0.0	1	0 1
100	2	0.0	3	0 1 0 1


=== First read: Adapter PrefixPE/2 ===

Sequence: GTGACTGGAGTTCAGACGTGTGCTCTTCCGATCT; Type: regular 3'; Length: 34; Trimmed: 179596 times

No. of allowed errors:
0-9 bp: 0; 10-19 bp: 1; 20-29 bp: 2; 30-34 bp: 3

Bases preceding removed adapters:
  A: 24.5%
  C: 16.8%
  G: 24.8%
  T: 33.9%
  none/other: 0.0%

Overview of removed sequences
length	count	expect	max.err	error counts
3	138352	190826.6	0	138352
4	34519	47706.7	0	34519
5	4971	11926.7	0	4971
6	1065	2981.7	0	1065
7	276	745.4	0	276
8	47	186.4	0	47
9	168	46.6	0	7 161
10	140	11.6	1	6 134
11	46	2.9	1	1 45
12	9	0.7	1	0 9
13	3	0.2	1	0 3


=== Second read: Adapter PrefixPE/1 ===

Sequence: TACACTCTTTCCCTACACGACGCTCTTCCGATCT; Type: regular 3'; Length: 34; Trimmed: 241433 times

No. of allowed errors:
0-9 bp: 0; 10-19 bp: 1; 20-29 bp: 2; 30-34 bp: 3

Bases preceding removed adapters:
  A: 32.1%
  C: 17.1%
  G: 20.2%
  T: 30.6%
  none/other: 0.0%

Overview of removed sequences
length	count	expect	max.err	error counts
3	159565	190826.6	0	159565
4	65337	47706.7	0	65337
5	11598	11926.7	0	11598
6	2477	2981.7	0	2477
7	483	745.4	0	483
8	122	186.4	0	122
9	807	46.6	0	46 761
10	758	11.6	1	17 741
11	204	2.9	1	1 203
12	64	0.7	1	1 63
13	12	0.2	1	0 12
14	4	0.0	1	0 4
15	1	0.0	1	0 1
100	1	0.0	3	0 1


=== Second read: Adapter PrefixPE/2 ===

Sequence: GTGACTGGAGTTCAGACGTGTGCTCTTCCGATCT; Type: regular 3'; Length: 34; Trimmed: 174329 times

No. of allowed errors:
0-9 bp: 0; 10-19 bp: 1; 20-29 bp: 2; 30-34 bp: 3

Bases preceding removed adapters:
  A: 24.5%
  C: 17.0%
  G: 24.5%
  T: 34.0%
  none/other: 0.0%

Overview of removed sequences
length	count	expect	max.err	error counts
3	134717	190826.6	0	134717
4	33098	47706.7	0	33098
5	4790	11926.7	0	4790
6	1064	2981.7	0	1064
7	241	745.4	0	241
8	46	186.4	0	46
9	153	46.6	0	5 148
10	146	11.6	1	3 143
11	57	2.9	1	0 57
12	14	0.7	1	0 14
13	3	0.2	1	0 3
