This is cutadapt 2.9 with Python 3.6.6
Command line parameters: --interleaved -a file:/nas02/apps/trimmomatic-0.36/Trimmomatic-0.36/adapters/TruSeq3-PE.fa -A file:/nas02/apps/trimmomatic-0.36/Trimmomatic-0.36/adapters/TruSeq3-PE.fa -m 30 /nas/longleaf/home/zpopkinh/Pvivax_resources/wgs_pe_improved_global/fastq/SRS1061147/SRR2316755_1.fastq.gz /nas/longleaf/home/zpopkinh/Pvivax_resources/wgs_pe_improved_global/fastq/SRS1061147/SRR2316755_2.fastq.gz
Processing reads on 1 core in paired-end mode ...
Finished in 1249.19 s (84 us/read; 0.72 M reads/minute).

=== Summary ===

Total read pairs processed:         14,911,536
  Read 1 with adapter:                 545,622 (3.7%)
  Read 2 with adapter:                 542,528 (3.6%)
Pairs written (passing filters):    14,911,525 (100.0%)

Total basepairs processed: 2,982,307,200 bp
  Read 1: 1,476,242,064 bp
  Read 2: 1,506,065,136 bp
Total written (filtered):  2,978,597,250 bp (99.9%)
  Read 1: 1,474,381,976 bp
  Read 2: 1,504,215,274 bp

=== First read: Adapter PrefixPE/1 ===

Sequence: TACACTCTTTCCCTACACGACGCTCTTCCGATCT; Type: regular 3'; Length: 34; Trimmed: 285769 times

No. of allowed errors:
0-9 bp: 0; 10-19 bp: 1; 20-29 bp: 2; 30-34 bp: 3

Bases preceding removed adapters:
  A: 31.4%
  C: 19.0%
  G: 18.2%
  T: 31.4%
  none/other: 0.0%

Overview of removed sequences
length	count	expect	max.err	error counts
3	187722	232992.8	0	187722
4	77789	58248.2	0	77789
5	13411	14562.0	0	13411
6	3445	3640.5	0	3445
7	667	910.1	0	667
8	225	227.5	0	225
9	747	56.9	0	61 686
10	1263	14.2	1	29 1234
11	382	3.6	1	1 381
12	88	0.9	1	1 87
13	12	0.2	1	0 12
14	4	0.1	1	0 4
15	4	0.0	1	1 3
16	5	0.0	1	0 5
95	2	0.0	3	0 2
97	1	0.0	3	0 1
99	2	0.0	3	0 1 0 1


=== First read: Adapter PrefixPE/2 ===

Sequence: GTGACTGGAGTTCAGACGTGTGCTCTTCCGATCT; Type: regular 3'; Length: 34; Trimmed: 259853 times

No. of allowed errors:
0-9 bp: 0; 10-19 bp: 1; 20-29 bp: 2; 30-34 bp: 3

Bases preceding removed adapters:
  A: 29.5%
  C: 10.2%
  G: 23.3%
  T: 36.9%
  none/other: 0.0%

Overview of removed sequences
length	count	expect	max.err	error counts
3	195092	232992.8	0	195092
4	52450	58248.2	0	52450
5	8102	14562.0	0	8102
6	2532	3640.5	0	2532
7	566	910.1	0	566
8	144	227.5	0	144
9	370	56.9	0	45 325
10	369	14.2	1	8 361
11	163	3.6	1	5 158
12	45	0.9	1	0 45
13	11	0.2	1	0 11
14	4	0.1	1	0 4
15	2	0.0	1	0 2
16	1	0.0	1	0 1
30	1	0.0	3	0 0 1
91	1	0.0	3	0 0 0 1


=== Second read: Adapter PrefixPE/1 ===

Sequence: TACACTCTTTCCCTACACGACGCTCTTCCGATCT; Type: regular 3'; Length: 34; Trimmed: 284811 times

No. of allowed errors:
0-9 bp: 0; 10-19 bp: 1; 20-29 bp: 2; 30-34 bp: 3

Bases preceding removed adapters:
  A: 31.3%
  C: 19.1%
  G: 18.1%
  T: 31.5%
  none/other: 0.0%

Overview of removed sequences
length	count	expect	max.err	error counts
3	186605	232992.8	0	186605
4	77845	58248.2	0	77845
5	13474	14562.0	0	13474
6	3545	3640.5	0	3545
7	670	910.1	0	670
8	204	227.5	0	204
9	783	56.9	0	67 716
10	1212	14.2	1	29 1183
11	372	3.6	1	4 368
12	73	0.9	1	1 72
13	23	0.2	1	0 23
14	2	0.1	1	0 2
15	1	0.0	1	0 1
101	2	0.0	3	0 0 1 1


=== Second read: Adapter PrefixPE/2 ===

Sequence: GTGACTGGAGTTCAGACGTGTGCTCTTCCGATCT; Type: regular 3'; Length: 34; Trimmed: 257717 times

No. of allowed errors:
0-9 bp: 0; 10-19 bp: 1; 20-29 bp: 2; 30-34 bp: 3

Bases preceding removed adapters:
  A: 29.3%
  C: 10.2%
  G: 23.3%
  T: 37.1%
  none/other: 0.0%

Overview of removed sequences
length	count	expect	max.err	error counts
3	193812	232992.8	0	193812
4	51705	58248.2	0	51705
5	8030	14562.0	0	8030
6	2494	3640.5	0	2494
7	571	910.1	0	571
8	132	227.5	0	132
9	376	56.9	0	33 343
10	374	14.2	1	8 366
11	153	3.6	1	1 152
12	46	0.9	1	1 45
13	15	0.2	1	0 15
14	5	0.1	1	1 4
70	1	0.0	3	0 1
74	1	0.0	3	0 0 1
86	1	0.0	3	0 0 1
94	1	0.0	3	0 0 0 1
