This is cutadapt 2.9 with Python 3.6.6
Command line parameters: --interleaved -a file:/nas02/apps/trimmomatic-0.36/Trimmomatic-0.36/adapters/TruSeq3-PE.fa -A file:/nas02/apps/trimmomatic-0.36/Trimmomatic-0.36/adapters/TruSeq3-PE.fa -m 30 /nas/longleaf/home/zpopkinh/Pvivax_resources/wgs_pe_improved_global/fastq/SRS2910017/SRR6668538_1.fastq.gz /nas/longleaf/home/zpopkinh/Pvivax_resources/wgs_pe_improved_global/fastq/SRS2910017/SRR6668538_2.fastq.gz
Processing reads on 1 core in paired-end mode ...
Finished in 311.29 s (83 us/read; 0.72 M reads/minute).

=== Summary ===

Total read pairs processed:          3,739,113
  Read 1 with adapter:                 167,164 (4.5%)
  Read 2 with adapter:                 177,427 (4.7%)
Pairs written (passing filters):     3,739,113 (100.0%)

Total basepairs processed:   747,822,600 bp
  Read 1:   373,911,300 bp
  Read 2:   373,911,300 bp
Total written (filtered):    746,628,603 bp (99.8%)
  Read 1:   373,329,473 bp
  Read 2:   373,299,130 bp

=== First read: Adapter PrefixPE/1 ===

Sequence: TACACTCTTTCCCTACACGACGCTCTTCCGATCT; Type: regular 3'; Length: 34; Trimmed: 99810 times

No. of allowed errors:
0-9 bp: 0; 10-19 bp: 1; 20-29 bp: 2; 30-34 bp: 3

Bases preceding removed adapters:
  A: 50.3%
  C: 13.0%
  G: 22.7%
  T: 14.0%
  none/other: 0.0%

Overview of removed sequences
length	count	expect	max.err	error counts
3	57910	58423.6	0	57910
4	24919	14605.9	0	24919
5	15834	3651.5	0	15834
6	597	912.9	0	597
7	116	228.2	0	116
8	39	57.1	0	39
9	166	14.3	0	16 150
10	129	3.6	1	2 127
11	75	0.9	1	1 74
12	17	0.2	1	0 17
13	7	0.1	1	0 7
14	1	0.0	1	0 1


=== First read: Adapter PrefixPE/2 ===

Sequence: GTGACTGGAGTTCAGACGTGTGCTCTTCCGATCT; Type: regular 3'; Length: 34; Trimmed: 67354 times

No. of allowed errors:
0-9 bp: 0; 10-19 bp: 1; 20-29 bp: 2; 30-34 bp: 3

Bases preceding removed adapters:
  A: 22.5%
  C: 20.5%
  G: 28.4%
  T: 28.6%
  none/other: 0.0%

Overview of removed sequences
length	count	expect	max.err	error counts
3	52763	58423.6	0	52763
4	11963	14605.9	0	11963
5	1954	3651.5	0	1954
6	375	912.9	0	375
7	154	228.2	0	154
8	14	57.1	0	14
9	63	14.3	0	2 61
10	41	3.6	1	1 40
11	26	0.9	1	0 26
13	1	0.1	1	0 1


=== Second read: Adapter PrefixPE/1 ===

Sequence: TACACTCTTTCCCTACACGACGCTCTTCCGATCT; Type: regular 3'; Length: 34; Trimmed: 99603 times

No. of allowed errors:
0-9 bp: 0; 10-19 bp: 1; 20-29 bp: 2; 30-34 bp: 3

Bases preceding removed adapters:
  A: 50.1%
  C: 12.8%
  G: 15.2%
  T: 21.8%
  none/other: 0.0%

Overview of removed sequences
length	count	expect	max.err	error counts
3	58007	58423.6	0	58007
4	24680	14605.9	0	24680
5	15771	3651.5	0	15771
6	608	912.9	0	608
7	145	228.2	0	145
8	56	57.1	0	56
9	139	14.3	0	24 115
10	106	3.6	1	1 105
11	62	0.9	1	1 61
12	21	0.2	1	0 21
13	7	0.1	1	0 7
14	1	0.0	1	0 1


=== Second read: Adapter PrefixPE/2 ===

Sequence: GTGACTGGAGTTCAGACGTGTGCTCTTCCGATCT; Type: regular 3'; Length: 34; Trimmed: 77824 times

No. of allowed errors:
0-9 bp: 0; 10-19 bp: 1; 20-29 bp: 2; 30-34 bp: 3

Bases preceding removed adapters:
  A: 19.4%
  C: 26.9%
  G: 28.7%
  T: 25.1%
  none/other: 0.0%

Overview of removed sequences
length	count	expect	max.err	error counts
3	63294	58423.6	0	63294
4	11839	14605.9	0	11839
5	2010	3651.5	0	2010
6	358	912.9	0	358
7	164	228.2	0	164
8	16	57.1	0	16
9	58	14.3	0	4 54
10	58	3.6	1	1 57
11	25	0.9	1	0 25
12	2	0.2	1	0 2
