This is cutadapt 2.9 with Python 3.6.6
Command line parameters: --interleaved -a file:/nas02/apps/trimmomatic-0.36/Trimmomatic-0.36/adapters/TruSeq3-PE.fa -A file:/nas02/apps/trimmomatic-0.36/Trimmomatic-0.36/adapters/TruSeq3-PE.fa -m 30 /nas/longleaf/home/zpopkinh/Pvivax_resources/wgs_pe_improved_global/fastq/ERS241440/ERR337629_1.fastq.gz /nas/longleaf/home/zpopkinh/Pvivax_resources/wgs_pe_improved_global/fastq/ERS241440/ERR337629_2.fastq.gz
Processing reads on 1 core in paired-end mode ...
Finished in 1539.84 s (93 us/read; 0.65 M reads/minute).

=== Summary ===

Total read pairs processed:         16,613,644
  Read 1 with adapter:                 598,033 (3.6%)
  Read 2 with adapter:                 593,783 (3.6%)
Pairs written (passing filters):    16,613,638 (100.0%)

Total basepairs processed: 3,322,728,800 bp
  Read 1: 1,661,364,400 bp
  Read 2: 1,661,364,400 bp
Total written (filtered):  3,318,698,087 bp (99.9%)
  Read 1: 1,659,341,294 bp
  Read 2: 1,659,356,793 bp

=== First read: Adapter PrefixPE/1 ===

Sequence: TACACTCTTTCCCTACACGACGCTCTTCCGATCT; Type: regular 3'; Length: 34; Trimmed: 330545 times

No. of allowed errors:
0-9 bp: 0; 10-19 bp: 1; 20-29 bp: 2; 30-34 bp: 3

Bases preceding removed adapters:
  A: 30.4%
  C: 17.5%
  G: 21.8%
  T: 30.3%
  none/other: 0.0%

Overview of removed sequences
length	count	expect	max.err	error counts
3	218916	259588.2	0	218916
4	86840	64897.0	0	86840
5	17476	16224.3	0	17476
6	3790	4056.1	0	3790
7	769	1014.0	0	769
8	205	253.5	0	205
9	1021	63.4	0	59 962
10	1115	15.8	1	17 1098
11	315	4.0	1	3 312
12	72	1.0	1	0 72
13	16	0.2	1	0 16
14	3	0.1	1	0 3
15	1	0.0	1	0 1
100	6	0.0	3	0 0 1 5


=== First read: Adapter PrefixPE/2 ===

Sequence: GTGACTGGAGTTCAGACGTGTGCTCTTCCGATCT; Type: regular 3'; Length: 34; Trimmed: 267488 times

No. of allowed errors:
0-9 bp: 0; 10-19 bp: 1; 20-29 bp: 2; 30-34 bp: 3

Bases preceding removed adapters:
  A: 24.3%
  C: 18.0%
  G: 25.0%
  T: 32.8%
  none/other: 0.0%

Overview of removed sequences
length	count	expect	max.err	error counts
3	209185	259588.2	0	209185
4	48205	64897.0	0	48205
5	7417	16224.3	0	7417
6	1628	4056.1	0	1628
7	389	1014.0	0	389
8	65	253.5	0	65
9	263	63.4	0	15 248
10	244	15.8	1	2 242
11	63	4.0	1	0 63
12	26	1.0	1	0 26
13	3	0.2	1	0 3


=== Second read: Adapter PrefixPE/1 ===

Sequence: TACACTCTTTCCCTACACGACGCTCTTCCGATCT; Type: regular 3'; Length: 34; Trimmed: 329813 times

No. of allowed errors:
0-9 bp: 0; 10-19 bp: 1; 20-29 bp: 2; 30-34 bp: 3

Bases preceding removed adapters:
  A: 30.5%
  C: 17.6%
  G: 21.5%
  T: 30.3%
  none/other: 0.0%

Overview of removed sequences
length	count	expect	max.err	error counts
3	218678	259588.2	0	218678
4	86720	64897.0	0	86720
5	17194	16224.3	0	17194
6	3825	4056.1	0	3825
7	708	1014.0	0	708
8	198	253.5	0	198
9	1016	63.4	0	49 967
10	1034	15.8	1	20 1014
11	355	4.0	1	5 350
12	70	1.0	1	1 69
13	13	0.2	1	0 13
14	2	0.1	1	0 2


=== Second read: Adapter PrefixPE/2 ===

Sequence: GTGACTGGAGTTCAGACGTGTGCTCTTCCGATCT; Type: regular 3'; Length: 34; Trimmed: 263970 times

No. of allowed errors:
0-9 bp: 0; 10-19 bp: 1; 20-29 bp: 2; 30-34 bp: 3

Bases preceding removed adapters:
  A: 24.2%
  C: 18.1%
  G: 25.0%
  T: 32.7%
  none/other: 0.0%

Overview of removed sequences
length	count	expect	max.err	error counts
3	206972	259588.2	0	206972
4	47098	64897.0	0	47098
5	7163	16224.3	0	7163
6	1708	4056.1	0	1708
7	385	1014.0	0	385
8	68	253.5	0	68
9	255	63.4	0	18 237
10	240	15.8	1	6 234
11	68	4.0	1	1 67
12	12	1.0	1	0 12
13	1	0.2	1	0 1
