This is cutadapt 2.9 with Python 3.6.6
Command line parameters: --interleaved -a file:/nas02/apps/trimmomatic-0.36/Trimmomatic-0.36/adapters/TruSeq3-PE.fa -A file:/nas02/apps/trimmomatic-0.36/Trimmomatic-0.36/adapters/TruSeq3-PE.fa -m 30 /nas/longleaf/home/zpopkinh/Pvivax_resources/wgs_pe_improved_global/fastq/ERS792652/ERR1138885_1.fastq.gz /nas/longleaf/home/zpopkinh/Pvivax_resources/wgs_pe_improved_global/fastq/ERS792652/ERR1138885_2.fastq.gz
Processing reads on 1 core in paired-end mode ...
Finished in 959.10 s (77 us/read; 0.77 M reads/minute).

=== Summary ===

Total read pairs processed:         12,384,786
  Read 1 with adapter:                 452,075 (3.7%)
  Read 2 with adapter:                 444,202 (3.6%)
Pairs written (passing filters):    12,384,785 (100.0%)

Total basepairs processed: 2,476,957,200 bp
  Read 1: 1,238,478,600 bp
  Read 2: 1,238,478,600 bp
Total written (filtered):  2,473,934,378 bp (99.9%)
  Read 1: 1,236,954,190 bp
  Read 2: 1,236,980,188 bp

=== First read: Adapter PrefixPE/1 ===

Sequence: TACACTCTTTCCCTACACGACGCTCTTCCGATCT; Type: regular 3'; Length: 34; Trimmed: 236795 times

No. of allowed errors:
0-9 bp: 0; 10-19 bp: 1; 20-29 bp: 2; 30-34 bp: 3

Bases preceding removed adapters:
  A: 28.4%
  C: 19.2%
  G: 23.4%
  T: 29.1%
  none/other: 0.0%

Overview of removed sequences
length	count	expect	max.err	error counts
3	158446	193512.3	0	158446
4	60178	48378.1	0	60178
5	13017	12094.5	0	13017
6	2716	3023.6	0	2716
7	563	755.9	0	563
8	126	189.0	0	126
9	686	47.2	0	43 643
10	757	11.8	1	10 747
11	244	3.0	1	4 240
12	43	0.7	1	1 42
13	12	0.2	1	0 12
14	4	0.0	1	0 4
15	1	0.0	1	0 1
17	1	0.0	1	0 1
100	1	0.0	3	0 0 0 1


=== First read: Adapter PrefixPE/2 ===

Sequence: GTGACTGGAGTTCAGACGTGTGCTCTTCCGATCT; Type: regular 3'; Length: 34; Trimmed: 215280 times

No. of allowed errors:
0-9 bp: 0; 10-19 bp: 1; 20-29 bp: 2; 30-34 bp: 3

Bases preceding removed adapters:
  A: 23.9%
  C: 18.5%
  G: 25.7%
  T: 32.0%
  none/other: 0.0%

Overview of removed sequences
length	count	expect	max.err	error counts
3	168973	193512.3	0	168973
4	38110	48378.1	0	38110
5	6004	12094.5	0	6004
6	1320	3023.6	0	1320
7	347	755.9	0	347
8	52	189.0	0	52
9	228	47.2	0	7 221
10	177	11.8	1	3 174
11	55	3.0	1	0 55
12	11	0.7	1	0 11
13	3	0.2	1	0 3


=== Second read: Adapter PrefixPE/1 ===

Sequence: TACACTCTTTCCCTACACGACGCTCTTCCGATCT; Type: regular 3'; Length: 34; Trimmed: 234321 times

No. of allowed errors:
0-9 bp: 0; 10-19 bp: 1; 20-29 bp: 2; 30-34 bp: 3

Bases preceding removed adapters:
  A: 28.2%
  C: 19.4%
  G: 23.1%
  T: 29.3%
  none/other: 0.0%

Overview of removed sequences
length	count	expect	max.err	error counts
3	156683	193512.3	0	156683
4	59490	48378.1	0	59490
5	12935	12094.5	0	12935
6	2731	3023.6	0	2731
7	549	755.9	0	549
8	133	189.0	0	133
9	732	47.2	0	56 676
10	737	11.8	1	14 723
11	252	3.0	1	3 249
12	59	0.7	1	0 59
13	16	0.2	1	1 15
14	4	0.0	1	0 4


=== Second read: Adapter PrefixPE/2 ===

Sequence: GTGACTGGAGTTCAGACGTGTGCTCTTCCGATCT; Type: regular 3'; Length: 34; Trimmed: 209881 times

No. of allowed errors:
0-9 bp: 0; 10-19 bp: 1; 20-29 bp: 2; 30-34 bp: 3

Bases preceding removed adapters:
  A: 23.7%
  C: 18.5%
  G: 26.0%
  T: 31.9%
  none/other: 0.0%

Overview of removed sequences
length	count	expect	max.err	error counts
3	165264	193512.3	0	165264
4	36762	48378.1	0	36762
5	5668	12094.5	0	5668
6	1306	3023.6	0	1306
7	326	755.9	0	326
8	49	189.0	0	49
9	233	47.2	0	11 222
10	185	11.8	1	2 183
11	66	3.0	1	0 66
12	16	0.7	1	0 16
13	6	0.2	1	0 6
