This is cutadapt 2.9 with Python 3.6.6
Command line parameters: --interleaved -a file:/nas02/apps/trimmomatic-0.36/Trimmomatic-0.36/adapters/TruSeq3-PE.fa -A file:/nas02/apps/trimmomatic-0.36/Trimmomatic-0.36/adapters/TruSeq3-PE.fa -m 30 /nas/longleaf/home/zpopkinh/Pvivax_resources/wgs_pe_improved_global/fastq/ERR5740777/ERR5740777_1.fastq.gz /nas/longleaf/home/zpopkinh/Pvivax_resources/wgs_pe_improved_global/fastq/ERR5740777/ERR5740777_2.fastq.gz
Processing reads on 1 core in paired-end mode ...
Finished in 508.57 s (136 us/read; 0.44 M reads/minute).

=== Summary ===

Total read pairs processed:          3,747,876
  Read 1 with adapter:                 137,879 (3.7%)
  Read 2 with adapter:                 135,535 (3.6%)
Pairs written (passing filters):     3,747,873 (100.0%)

Total basepairs processed: 1,131,858,552 bp
  Read 1:   565,929,276 bp
  Read 2:   565,929,276 bp
Total written (filtered):  1,130,929,329 bp (99.9%)
  Read 1:   565,460,963 bp
  Read 2:   565,468,366 bp

=== First read: Adapter PrefixPE/1 ===

Sequence: TACACTCTTTCCCTACACGACGCTCTTCCGATCT; Type: regular 3'; Length: 34; Trimmed: 69432 times

No. of allowed errors:
0-9 bp: 0; 10-19 bp: 1; 20-29 bp: 2; 30-34 bp: 3

Bases preceding removed adapters:
  A: 28.9%
  C: 20.2%
  G: 21.4%
  T: 29.6%
  none/other: 0.0%

Overview of removed sequences
length	count	expect	max.err	error counts
3	45873	58560.6	0	45873
4	18293	14640.1	0	18293
5	3601	3660.0	0	3601
6	831	915.0	0	831
7	183	228.8	0	183
8	43	57.2	0	43
9	214	14.3	0	11 203
10	280	3.6	1	5 275
11	84	0.9	1	0 84
12	21	0.2	1	0 21
13	4	0.1	1	0 4
14	2	0.0	1	0 2
15	1	0.0	1	1
16	1	0.0	1	0 1
54	1	0.0	3	0 0 0 1


=== First read: Adapter PrefixPE/2 ===

Sequence: GTGACTGGAGTTCAGACGTGTGCTCTTCCGATCT; Type: regular 3'; Length: 34; Trimmed: 68447 times

No. of allowed errors:
0-9 bp: 0; 10-19 bp: 1; 20-29 bp: 2; 30-34 bp: 3

Bases preceding removed adapters:
  A: 27.3%
  C: 13.7%
  G: 24.6%
  T: 34.4%
  none/other: 0.0%

Overview of removed sequences
length	count	expect	max.err	error counts
3	52419	58560.6	0	52419
4	13006	14640.1	0	13006
5	2072	3660.0	0	2072
6	542	915.0	0	542
7	167	228.8	0	167
8	26	57.2	0	26
9	83	14.3	0	6 77
10	92	3.6	1	1 91
11	32	0.9	1	0 32
12	7	0.2	1	0 7
13	1	0.1	1	0 1


=== Second read: Adapter PrefixPE/1 ===

Sequence: TACACTCTTTCCCTACACGACGCTCTTCCGATCT; Type: regular 3'; Length: 34; Trimmed: 68083 times

No. of allowed errors:
0-9 bp: 0; 10-19 bp: 1; 20-29 bp: 2; 30-34 bp: 3

Bases preceding removed adapters:
  A: 29.2%
  C: 20.7%
  G: 21.4%
  T: 28.7%
  none/other: 0.0%

Overview of removed sequences
length	count	expect	max.err	error counts
3	44625	58560.6	0	44625
4	18154	14640.1	0	18154
5	3630	3660.0	0	3630
6	818	915.0	0	818
7	176	228.8	0	176
8	73	57.2	0	73
9	194	14.3	0	20 174
10	283	3.6	1	3 280
11	91	0.9	1	0 91
12	31	0.2	1	0 31
13	3	0.1	1	0 3
14	2	0.0	1	0 2
105	1	0.0	3	1
111	1	0.0	3	0 0 0 1
151	1	0.0	3	0 0 0 1


=== Second read: Adapter PrefixPE/2 ===

Sequence: GTGACTGGAGTTCAGACGTGTGCTCTTCCGATCT; Type: regular 3'; Length: 34; Trimmed: 67452 times

No. of allowed errors:
0-9 bp: 0; 10-19 bp: 1; 20-29 bp: 2; 30-34 bp: 3

Bases preceding removed adapters:
  A: 26.9%
  C: 14.7%
  G: 25.3%
  T: 33.2%
  none/other: 0.0%

Overview of removed sequences
length	count	expect	max.err	error counts
3	52037	58560.6	0	52037
4	12451	14640.1	0	12451
5	2041	3660.0	0	2041
6	561	915.0	0	561
7	122	228.8	0	122
8	24	57.2	0	24
9	88	14.3	0	3 85
10	78	3.6	1	1 77
11	37	0.9	1	0 37
12	7	0.2	1	0 7
13	1	0.1	1	0 1
55	1	0.0	3	1
91	1	0.0	3	0 0 0 1
106	1	0.0	3	0 0 0 1
143	2	0.0	3	0 0 0 2
