This is cutadapt 2.9 with Python 3.6.6
Command line parameters: --interleaved -a file:/nas02/apps/trimmomatic-0.36/Trimmomatic-0.36/adapters/TruSeq3-PE.fa -A file:/nas02/apps/trimmomatic-0.36/Trimmomatic-0.36/adapters/TruSeq3-PE.fa -m 30 /nas/longleaf/home/zpopkinh/Pvivax_resources/wgs_pe_improved_global/fastq/SRS1061129/SRR2316531_1.fastq.gz /nas/longleaf/home/zpopkinh/Pvivax_resources/wgs_pe_improved_global/fastq/SRS1061129/SRR2316531_2.fastq.gz
Processing reads on 1 core in paired-end mode ...
Finished in 1875.48 s (90 us/read; 0.67 M reads/minute).

=== Summary ===

Total read pairs processed:         20,805,833
  Read 1 with adapter:                 760,392 (3.7%)
  Read 2 with adapter:                 764,273 (3.7%)
Pairs written (passing filters):    20,805,823 (100.0%)

Total basepairs processed: 4,161,166,600 bp
  Read 1: 2,080,583,300 bp
  Read 2: 2,080,583,300 bp
Total written (filtered):  4,155,954,872 bp (99.9%)
  Read 1: 2,077,983,179 bp
  Read 2: 2,077,971,693 bp

=== First read: Adapter PrefixPE/1 ===

Sequence: TACACTCTTTCCCTACACGACGCTCTTCCGATCT; Type: regular 3'; Length: 34; Trimmed: 372080 times

No. of allowed errors:
0-9 bp: 0; 10-19 bp: 1; 20-29 bp: 2; 30-34 bp: 3

Bases preceding removed adapters:
  A: 30.8%
  C: 20.6%
  G: 17.2%
  T: 31.4%
  none/other: 0.0%

Overview of removed sequences
length	count	expect	max.err	error counts
3	242921	325091.1	0	242921
4	102465	81272.8	0	102465
5	17021	20318.2	0	17021
6	4764	5079.5	0	4764
7	914	1269.9	0	914
8	289	317.5	0	289
9	1073	79.4	0	103 970
10	1913	19.8	1	43 1870
11	543	5.0	1	6 537
12	118	1.2	1	3 115
13	39	0.3	1	0 39
14	16	0.1	1	0 16
15	2	0.0	1	0 2
16	1	0.0	1	0 1
98	1	0.0	3	0 0 0 1


=== First read: Adapter PrefixPE/2 ===

Sequence: GTGACTGGAGTTCAGACGTGTGCTCTTCCGATCT; Type: regular 3'; Length: 34; Trimmed: 388312 times

No. of allowed errors:
0-9 bp: 0; 10-19 bp: 1; 20-29 bp: 2; 30-34 bp: 3

Bases preceding removed adapters:
  A: 31.2%
  C: 7.4%
  G: 23.6%
  T: 37.7%
  none/other: 0.0%

Overview of removed sequences
length	count	expect	max.err	error counts
3	287765	325091.1	0	287765
4	80558	81272.8	0	80558
5	12807	20318.2	0	12807
6	4132	5079.5	0	4132
7	1042	1269.9	0	1042
8	263	317.5	0	263
9	704	79.4	0	102 602
10	671	19.8	1	18 653
11	255	5.0	1	2 253
12	80	1.2	1	0 80
13	20	0.3	1	1 19
14	6	0.1	1	0 6
15	5	0.0	1	0 5
18	1	0.0	1	0 1
45	1	0.0	3	0 0 0 1
46	1	0.0	3	0 0 0 1
55	1	0.0	3	0 0 0 1


=== Second read: Adapter PrefixPE/1 ===

Sequence: TACACTCTTTCCCTACACGACGCTCTTCCGATCT; Type: regular 3'; Length: 34; Trimmed: 374505 times

No. of allowed errors:
0-9 bp: 0; 10-19 bp: 1; 20-29 bp: 2; 30-34 bp: 3

Bases preceding removed adapters:
  A: 30.9%
  C: 20.5%
  G: 17.3%
  T: 31.3%
  none/other: 0.0%

Overview of removed sequences
length	count	expect	max.err	error counts
3	244790	325091.1	0	244790
4	103039	81272.8	0	103039
5	17047	20318.2	0	17047
6	4759	5079.5	0	4759
7	899	1269.9	0	899
8	292	317.5	0	292
9	1082	79.4	0	114 968
10	1871	19.8	1	42 1829
11	553	5.0	1	5 548
12	113	1.2	1	0 113
13	42	0.3	1	0 42
14	9	0.1	1	0 9
15	5	0.0	1	0 5
16	2	0.0	1	0 2
20	1	0.0	2	0 0 1
52	1	0.0	3	0 1


=== Second read: Adapter PrefixPE/2 ===

Sequence: GTGACTGGAGTTCAGACGTGTGCTCTTCCGATCT; Type: regular 3'; Length: 34; Trimmed: 389768 times

No. of allowed errors:
0-9 bp: 0; 10-19 bp: 1; 20-29 bp: 2; 30-34 bp: 3

Bases preceding removed adapters:
  A: 31.3%
  C: 7.4%
  G: 23.6%
  T: 37.7%
  none/other: 0.0%

Overview of removed sequences
length	count	expect	max.err	error counts
3	289888	325091.1	0	289888
4	80171	81272.8	0	80171
5	12353	20318.2	0	12353
6	4206	5079.5	0	4206
7	1039	1269.9	0	1039
8	285	317.5	0	285
9	703	79.4	0	83 620
10	705	19.8	1	16 689
11	297	5.0	1	8 289
12	86	1.2	1	0 86
13	18	0.3	1	0 18
14	4	0.1	1	0 4
15	3	0.0	1	0 3
16	1	0.0	1	1
78	1	0.0	3	0 1
80	2	0.0	3	0 0 2
84	1	0.0	3	0 1
87	1	0.0	3	0 0 1
88	2	0.0	3	0 0 2
89	2	0.0	3	0 0 0 2
