This is cutadapt 2.9 with Python 3.6.6
Command line parameters: --interleaved -a file:/nas02/apps/trimmomatic-0.36/Trimmomatic-0.36/adapters/TruSeq3-PE.fa -A file:/nas02/apps/trimmomatic-0.36/Trimmomatic-0.36/adapters/TruSeq3-PE.fa -m 30 /nas/longleaf/home/zpopkinh/Pvivax_resources/wgs_pe_improved_global/fastq/SRS2910049/SRR6668504_1.fastq.gz /nas/longleaf/home/zpopkinh/Pvivax_resources/wgs_pe_improved_global/fastq/SRS2910049/SRR6668504_2.fastq.gz
Processing reads on 1 core in paired-end mode ...
Finished in 240.39 s (87 us/read; 0.69 M reads/minute).

=== Summary ===

Total read pairs processed:          2,751,302
  Read 1 with adapter:                 114,863 (4.2%)
  Read 2 with adapter:                 147,470 (5.4%)
Pairs written (passing filters):     2,751,302 (100.0%)

Total basepairs processed:   550,260,400 bp
  Read 1:   275,130,200 bp
  Read 2:   275,130,200 bp
Total written (filtered):    549,345,047 bp (99.8%)
  Read 1:   274,721,494 bp
  Read 2:   274,623,553 bp

=== First read: Adapter PrefixPE/1 ===

Sequence: TACACTCTTTCCCTACACGACGCTCTTCCGATCT; Type: regular 3'; Length: 34; Trimmed: 70416 times

No. of allowed errors:
0-9 bp: 0; 10-19 bp: 1; 20-29 bp: 2; 30-34 bp: 3

Bases preceding removed adapters:
  A: 62.4%
  C: 11.9%
  G: 12.4%
  T: 13.3%
  none/other: 0.0%

Overview of removed sequences
length	count	expect	max.err	error counts
3	36198	42989.1	0	36198
4	19416	10747.3	0	19416
5	14012	2686.8	0	14012
6	423	671.7	0	423
7	89	167.9	0	89
8	26	42.0	0	26
9	87	10.5	0	7 80
10	95	2.6	1	2 93
11	56	0.7	1	1 55
12	11	0.2	1	0 11
13	3	0.0	1	0 3


=== First read: Adapter PrefixPE/2 ===

Sequence: GTGACTGGAGTTCAGACGTGTGCTCTTCCGATCT; Type: regular 3'; Length: 34; Trimmed: 44447 times

No. of allowed errors:
0-9 bp: 0; 10-19 bp: 1; 20-29 bp: 2; 30-34 bp: 3

Bases preceding removed adapters:
  A: 23.6%
  C: 19.9%
  G: 28.9%
  T: 27.6%
  none/other: 0.0%

Overview of removed sequences
length	count	expect	max.err	error counts
3	34493	42989.1	0	34493
4	8072	10747.3	0	8072
5	1235	2686.8	0	1235
6	366	671.7	0	366
7	130	167.9	0	130
8	16	42.0	0	16
9	59	10.5	0	2 57
10	51	2.6	1	1 50
11	19	0.7	1	0 19
12	5	0.2	1	0 5
13	1	0.0	1	0 1


=== Second read: Adapter PrefixPE/1 ===

Sequence: TACACTCTTTCCCTACACGACGCTCTTCCGATCT; Type: regular 3'; Length: 34; Trimmed: 82114 times

No. of allowed errors:
0-9 bp: 0; 10-19 bp: 1; 20-29 bp: 2; 30-34 bp: 3

Bases preceding removed adapters:
  A: 53.3%
  C: 24.3%
  G: 10.9%
  T: 11.6%
  none/other: 0.0%

Overview of removed sequences
length	count	expect	max.err	error counts
3	47703	42989.1	0	47703
4	19550	10747.3	0	19550
5	13977	2686.8	0	13977
6	531	671.7	0	531
7	90	167.9	0	90
8	27	42.0	0	27
9	96	10.5	0	7 89
10	84	2.6	1	1 83
11	42	0.7	1	0 42
12	6	0.2	1	0 6
13	7	0.0	1	0 7
14	1	0.0	1	0 1


=== Second read: Adapter PrefixPE/2 ===

Sequence: GTGACTGGAGTTCAGACGTGTGCTCTTCCGATCT; Type: regular 3'; Length: 34; Trimmed: 65356 times

No. of allowed errors:
0-9 bp: 0; 10-19 bp: 1; 20-29 bp: 2; 30-34 bp: 3

Bases preceding removed adapters:
  A: 15.9%
  C: 13.4%
  G: 35.0%
  T: 35.7%
  none/other: 0.0%

Overview of removed sequences
length	count	expect	max.err	error counts
3	55463	42989.1	0	55463
4	7974	10747.3	0	7974
5	1303	2686.8	0	1303
6	371	671.7	0	371
7	107	167.9	0	107
8	15	42.0	0	15
9	61	10.5	0	7 54
10	48	2.6	1	2 46
11	14	0.7	1	0 14
