This is cutadapt 2.9 with Python 3.6.6
Command line parameters: --interleaved -a file:/nas02/apps/trimmomatic-0.36/Trimmomatic-0.36/adapters/TruSeq3-PE.fa -A file:/nas02/apps/trimmomatic-0.36/Trimmomatic-0.36/adapters/TruSeq3-PE.fa -m 30 /nas/longleaf/home/zpopkinh/Pvivax_resources/wgs_pe_improved_global/fastq/SRS694231/SRR1564940_1.fastq.gz /nas/longleaf/home/zpopkinh/Pvivax_resources/wgs_pe_improved_global/fastq/SRS694231/SRR1564940_2.fastq.gz
Processing reads on 1 core in paired-end mode ...
Finished in 1.50 s (50 us/read; 1.20 M reads/minute).

=== Summary ===

Total read pairs processed:             30,169
  Read 1 with adapter:                     957 (3.2%)
  Read 2 with adapter:                   1,056 (3.5%)
Pairs written (passing filters):        30,168 (100.0%)

Total basepairs processed:     6,094,138 bp
  Read 1:     3,047,069 bp
  Read 2:     3,047,069 bp
Total written (filtered):      6,087,168 bp (99.9%)
  Read 1:     3,043,723 bp
  Read 2:     3,043,445 bp

=== First read: Adapter PrefixPE/1 ===

Sequence: TACACTCTTTCCCTACACGACGCTCTTCCGATCT; Type: regular 3'; Length: 34; Trimmed: 482 times

No. of allowed errors:
0-9 bp: 0; 10-19 bp: 1; 20-29 bp: 2; 30-34 bp: 3

Bases preceding removed adapters:
  A: 29.3%
  C: 17.0%
  G: 23.4%
  T: 30.3%
  none/other: 0.0%

Overview of removed sequences
length	count	expect	max.err	error counts
3	314	471.4	0	314
4	138	117.8	0	138
5	18	29.5	0	18
6	3	7.4	0	3
7	1	1.8	0	1
9	2	0.1	0	1 1
10	4	0.0	1	0 4
11	1	0.0	1	0 1
12	1	0.0	1	0 1


=== First read: Adapter PrefixPE/2 ===

Sequence: GTGACTGGAGTTCAGACGTGTGCTCTTCCGATCT; Type: regular 3'; Length: 34; Trimmed: 475 times

No. of allowed errors:
0-9 bp: 0; 10-19 bp: 1; 20-29 bp: 2; 30-34 bp: 3

Bases preceding removed adapters:
  A: 28.2%
  C: 15.2%
  G: 24.6%
  T: 32.0%
  none/other: 0.0%

Overview of removed sequences
length	count	expect	max.err	error counts
3	375	471.4	0	375
4	79	117.8	0	79
5	17	29.5	0	17
6	2	7.4	0	2
7	1	1.8	0	1
10	1	0.0	1	0 1


=== Second read: Adapter PrefixPE/1 ===

Sequence: TACACTCTTTCCCTACACGACGCTCTTCCGATCT; Type: regular 3'; Length: 34; Trimmed: 485 times

No. of allowed errors:
0-9 bp: 0; 10-19 bp: 1; 20-29 bp: 2; 30-34 bp: 3

Bases preceding removed adapters:
  A: 28.9%
  C: 22.9%
  G: 21.4%
  T: 26.8%
  none/other: 0.0%

Overview of removed sequences
length	count	expect	max.err	error counts
3	328	471.4	0	328
4	131	117.8	0	131
5	17	29.5	0	17
6	2	7.4	0	2
9	1	0.1	0	0 1
10	4	0.0	1	0 4
11	2	0.0	1	0 2


=== Second read: Adapter PrefixPE/2 ===

Sequence: GTGACTGGAGTTCAGACGTGTGCTCTTCCGATCT; Type: regular 3'; Length: 34; Trimmed: 571 times

No. of allowed errors:
0-9 bp: 0; 10-19 bp: 1; 20-29 bp: 2; 30-34 bp: 3

Bases preceding removed adapters:
  A: 26.8%
  C: 29.8%
  G: 20.3%
  T: 23.1%
  none/other: 0.0%

Overview of removed sequences
length	count	expect	max.err	error counts
3	471	471.4	0	471
4	80	117.8	0	80
5	11	29.5	0	11
6	4	7.4	0	4
7	1	1.8	0	1
9	2	0.1	0	0 2
10	1	0.0	1	0 1
93	1	0.0	3	0 0 1
