This is cutadapt 2.9 with Python 3.6.6
Command line parameters: --interleaved -a file:/nas02/apps/trimmomatic-0.36/Trimmomatic-0.36/adapters/TruSeq3-PE.fa -A file:/nas02/apps/trimmomatic-0.36/Trimmomatic-0.36/adapters/TruSeq3-PE.fa -m 30 /nas/longleaf/home/zpopkinh/Pvivax_resources/wgs_pe_improved_global/fastq/SRS694261/SRR1568190_1.fastq.gz /nas/longleaf/home/zpopkinh/Pvivax_resources/wgs_pe_improved_global/fastq/SRS694261/SRR1568190_2.fastq.gz
Processing reads on 1 core in paired-end mode ...
Finished in 1312.32 s (66 us/read; 0.90 M reads/minute).

=== Summary ===

Total read pairs processed:         19,748,358
  Read 1 with adapter:                 742,335 (3.8%)
  Read 2 with adapter:                 751,152 (3.8%)
Pairs written (passing filters):    19,748,354 (100.0%)

Total basepairs processed: 3,989,168,316 bp
  Read 1: 1,994,584,158 bp
  Read 2: 1,994,584,158 bp
Total written (filtered):  3,984,138,284 bp (99.9%)
  Read 1: 1,992,080,005 bp
  Read 2: 1,992,058,279 bp

=== First read: Adapter PrefixPE/1 ===

Sequence: TACACTCTTTCCCTACACGACGCTCTTCCGATCT; Type: regular 3'; Length: 34; Trimmed: 370316 times

No. of allowed errors:
0-9 bp: 0; 10-19 bp: 1; 20-29 bp: 2; 30-34 bp: 3

Bases preceding removed adapters:
  A: 26.0%
  C: 22.3%
  G: 24.5%
  T: 27.2%
  none/other: 0.0%

Overview of removed sequences
length	count	expect	max.err	error counts
3	250386	308568.1	0	250386
4	89946	77142.0	0	89946
5	21759	19285.5	0	21759
6	4133	4821.4	0	4133
7	996	1205.3	0	996
8	239	301.3	0	239
9	962	75.3	0	98 864
10	1312	18.8	1	37 1275
11	467	4.7	1	2 465
12	81	1.2	1	0 81
13	20	0.3	1	1 19
14	11	0.1	1	0 11
15	1	0.0	1	0 1
17	1	0.0	1	0 1
27	1	0.0	2	0 0 1
101	1	0.0	3	0 0 1


=== First read: Adapter PrefixPE/2 ===

Sequence: GTGACTGGAGTTCAGACGTGTGCTCTTCCGATCT; Type: regular 3'; Length: 34; Trimmed: 372019 times

No. of allowed errors:
0-9 bp: 0; 10-19 bp: 1; 20-29 bp: 2; 30-34 bp: 3

Bases preceding removed adapters:
  A: 23.4%
  C: 19.0%
  G: 26.9%
  T: 30.7%
  none/other: 0.0%

Overview of removed sequences
length	count	expect	max.err	error counts
3	290201	308568.1	0	290201
4	66289	77142.0	0	66289
5	11209	19285.5	0	11209
6	2670	4821.4	0	2670
7	656	1205.3	0	656
8	90	301.3	0	90
9	385	75.3	0	18 367
10	375	18.8	1	9 366
11	110	4.7	1	2 108
12	33	1.2	1	0 33
13	1	0.3	1	0 1


=== Second read: Adapter PrefixPE/1 ===

Sequence: TACACTCTTTCCCTACACGACGCTCTTCCGATCT; Type: regular 3'; Length: 34; Trimmed: 367081 times

No. of allowed errors:
0-9 bp: 0; 10-19 bp: 1; 20-29 bp: 2; 30-34 bp: 3

Bases preceding removed adapters:
  A: 26.2%
  C: 22.2%
  G: 24.4%
  T: 27.3%
  none/other: 0.0%

Overview of removed sequences
length	count	expect	max.err	error counts
3	249231	308568.1	0	249231
4	88081	77142.0	0	88081
5	21542	19285.5	0	21542
6	4059	4821.4	0	4059
7	955	1205.3	0	955
8	260	301.3	0	260
9	958	75.3	0	96 862
10	1418	18.8	1	36 1382
11	427	4.7	1	2 425
12	95	1.2	1	2 93
13	45	0.3	1	0 45
14	5	0.1	1	0 5
15	1	0.0	1	0 1
66	1	0.0	3	0 1
88	1	0.0	3	0 0 1
101	2	0.0	3	0 1 1


=== Second read: Adapter PrefixPE/2 ===

Sequence: GTGACTGGAGTTCAGACGTGTGCTCTTCCGATCT; Type: regular 3'; Length: 34; Trimmed: 384071 times

No. of allowed errors:
0-9 bp: 0; 10-19 bp: 1; 20-29 bp: 2; 30-34 bp: 3

Bases preceding removed adapters:
  A: 23.0%
  C: 21.5%
  G: 25.9%
  T: 29.5%
  none/other: 0.0%

Overview of removed sequences
length	count	expect	max.err	error counts
3	304846	308568.1	0	304846
4	63742	77142.0	0	63742
5	11251	19285.5	0	11251
6	2700	4821.4	0	2700
7	605	1205.3	0	605
8	77	301.3	0	77
9	376	75.3	0	12 364
10	299	18.8	1	7 292
11	130	4.7	1	3 127
12	32	1.2	1	0 32
13	10	0.3	1	0 10
18	1	0.0	1	0 1
49	1	0.0	3	0 0 0 1
57	1	0.0	3	0 0 0 1
