This is cutadapt 2.9 with Python 3.6.6
Command line parameters: --interleaved -a file:/nas02/apps/trimmomatic-0.36/Trimmomatic-0.36/adapters/TruSeq3-PE.fa -A file:/nas02/apps/trimmomatic-0.36/Trimmomatic-0.36/adapters/TruSeq3-PE.fa -m 30 /nas/longleaf/home/zpopkinh/Pvivax_resources/wgs_pe_improved_global/fastq/ERS3516636/ERR3439103_1.fastq.gz /nas/longleaf/home/zpopkinh/Pvivax_resources/wgs_pe_improved_global/fastq/ERS3516636/ERR3439103_2.fastq.gz
Processing reads on 1 core in paired-end mode ...
Finished in 4.52 s (50 us/read; 1.20 M reads/minute).

=== Summary ===

Total read pairs processed:             90,531
  Read 1 with adapter:                   1,817 (2.0%)
  Read 2 with adapter:                   1,369 (1.5%)
Pairs written (passing filters):        90,531 (100.0%)

Total basepairs processed:    27,159,300 bp
  Read 1:    13,579,650 bp
  Read 2:    13,579,650 bp
Total written (filtered):     27,148,284 bp (100.0%)
  Read 1:    13,573,555 bp
  Read 2:    13,574,729 bp

=== First read: Adapter PrefixPE/1 ===

Sequence: TACACTCTTTCCCTACACGACGCTCTTCCGATCT; Type: regular 3'; Length: 34; Trimmed: 1281 times

No. of allowed errors:
0-9 bp: 0; 10-19 bp: 1; 20-29 bp: 2; 30-34 bp: 3

Bases preceding removed adapters:
  A: 83.4%
  C: 3.9%
  G: 3.2%
  T: 9.5%
  none/other: 0.0%
WARNING:
    The adapter is preceded by "A" extremely often.
    The provided adapter sequence could be incomplete at its 3' end.

Overview of removed sequences
length	count	expect	max.err	error counts
3	1049	1414.5	0	1049
4	162	353.6	0	162
5	21	88.4	0	21
6	4	22.1	0	4
9	45	0.3	0	0 45


=== First read: Adapter PrefixPE/2 ===

Sequence: GTGACTGGAGTTCAGACGTGTGCTCTTCCGATCT; Type: regular 3'; Length: 34; Trimmed: 536 times

No. of allowed errors:
0-9 bp: 0; 10-19 bp: 1; 20-29 bp: 2; 30-34 bp: 3

Bases preceding removed adapters:
  A: 8.2%
  C: 4.3%
  G: 40.1%
  T: 47.4%
  none/other: 0.0%

Overview of removed sequences
length	count	expect	max.err	error counts
3	392	1414.5	0	392
4	131	353.6	0	131
5	12	88.4	0	12
6	1	22.1	0	1


=== Second read: Adapter PrefixPE/1 ===

Sequence: TACACTCTTTCCCTACACGACGCTCTTCCGATCT; Type: regular 3'; Length: 34; Trimmed: 524 times

No. of allowed errors:
0-9 bp: 0; 10-19 bp: 1; 20-29 bp: 2; 30-34 bp: 3

Bases preceding removed adapters:
  A: 25.4%
  C: 13.0%
  G: 42.7%
  T: 18.9%
  none/other: 0.0%

Overview of removed sequences
length	count	expect	max.err	error counts
3	252	1414.5	0	252
4	105	353.6	0	105
5	14	88.4	0	14
6	149	22.1	0	149
7	1	5.5	0	1
9	1	0.3	0	0 1
10	2	0.1	1	0 2


=== Second read: Adapter PrefixPE/2 ===

Sequence: GTGACTGGAGTTCAGACGTGTGCTCTTCCGATCT; Type: regular 3'; Length: 34; Trimmed: 845 times

No. of allowed errors:
0-9 bp: 0; 10-19 bp: 1; 20-29 bp: 2; 30-34 bp: 3

Bases preceding removed adapters:
  A: 13.6%
  C: 16.2%
  G: 36.3%
  T: 33.8%
  none/other: 0.0%

Overview of removed sequences
length	count	expect	max.err	error counts
3	705	1414.5	0	705
4	82	353.6	0	82
5	55	88.4	0	55
6	1	22.1	0	1
9	1	0.3	0	0 1
12	1	0.0	1	0 1


WARNING:
    One or more of your adapter sequences may be incomplete.
    Please see the detailed output above.
