This is cutadapt 2.9 with Python 3.6.6
Command line parameters: --interleaved -a file:/nas02/apps/trimmomatic-0.36/Trimmomatic-0.36/adapters/TruSeq3-PE.fa -A file:/nas02/apps/trimmomatic-0.36/Trimmomatic-0.36/adapters/TruSeq3-PE.fa -m 30 /nas/longleaf/home/zpopkinh/Pvivax_resources/wgs_pe_improved_global/fastq/SRS1885936/SRR5136546_1.fastq.gz /nas/longleaf/home/zpopkinh/Pvivax_resources/wgs_pe_improved_global/fastq/SRS1885936/SRR5136546_2.fastq.gz
Processing reads on 1 core in paired-end mode ...
Finished in 320.55 s (90 us/read; 0.67 M reads/minute).

=== Summary ===

Total read pairs processed:          3,563,992
  Read 1 with adapter:                 191,860 (5.4%)
  Read 2 with adapter:                 190,299 (5.3%)
Pairs written (passing filters):     3,563,992 (100.0%)

Total basepairs processed:   712,798,400 bp
  Read 1:   356,399,200 bp
  Read 2:   356,399,200 bp
Total written (filtered):    711,442,438 bp (99.8%)
  Read 1:   355,707,291 bp
  Read 2:   355,735,147 bp

=== First read: Adapter PrefixPE/1 ===

Sequence: TACACTCTTTCCCTACACGACGCTCTTCCGATCT; Type: regular 3'; Length: 34; Trimmed: 144217 times

No. of allowed errors:
0-9 bp: 0; 10-19 bp: 1; 20-29 bp: 2; 30-34 bp: 3

Bases preceding removed adapters:
  A: 49.5%
  C: 37.1%
  G: 6.8%
  T: 6.6%
  none/other: 0.0%

Overview of removed sequences
length	count	expect	max.err	error counts
3	68281	55687.4	0	68281
4	51409	13921.8	0	51409
5	23625	3480.5	0	23625
6	462	870.1	0	462
7	104	217.5	0	104
8	32	54.4	0	32
9	114	13.6	0	8 106
10	121	3.4	1	1 120
11	57	0.8	1	0 57
12	5	0.2	1	0 5
13	5	0.1	1	0 5
14	2	0.0	1	0 2


=== First read: Adapter PrefixPE/2 ===

Sequence: GTGACTGGAGTTCAGACGTGTGCTCTTCCGATCT; Type: regular 3'; Length: 34; Trimmed: 47643 times

No. of allowed errors:
0-9 bp: 0; 10-19 bp: 1; 20-29 bp: 2; 30-34 bp: 3

Bases preceding removed adapters:
  A: 23.4%
  C: 18.7%
  G: 29.6%
  T: 28.2%
  none/other: 0.0%

Overview of removed sequences
length	count	expect	max.err	error counts
3	37187	55687.4	0	37187
4	8423	13921.8	0	8423
5	1421	3480.5	0	1421
6	361	870.1	0	361
7	156	217.5	0	156
8	7	54.4	0	7
9	40	13.6	0	1 39
10	32	3.4	1	0 32
11	11	0.8	1	1 10
12	5	0.2	1	0 5


=== Second read: Adapter PrefixPE/1 ===

Sequence: TACACTCTTTCCCTACACGACGCTCTTCCGATCT; Type: regular 3'; Length: 34; Trimmed: 100327 times

No. of allowed errors:
0-9 bp: 0; 10-19 bp: 1; 20-29 bp: 2; 30-34 bp: 3

Bases preceding removed adapters:
  A: 70.9%
  C: 9.4%
  G: 10.1%
  T: 9.6%
  none/other: 0.0%

Overview of removed sequences
length	count	expect	max.err	error counts
3	47017	55687.4	0	47017
4	29262	13921.8	0	29262
5	23242	3480.5	0	23242
6	426	870.1	0	426
7	105	217.5	0	105
8	34	54.4	0	34
9	97	13.6	0	6 91
10	93	3.4	1	1 92
11	40	0.8	1	0 40
12	5	0.2	1	0 5
13	5	0.1	1	0 5
14	1	0.0	1	0 1


=== Second read: Adapter PrefixPE/2 ===

Sequence: GTGACTGGAGTTCAGACGTGTGCTCTTCCGATCT; Type: regular 3'; Length: 34; Trimmed: 89972 times

No. of allowed errors:
0-9 bp: 0; 10-19 bp: 1; 20-29 bp: 2; 30-34 bp: 3

Bases preceding removed adapters:
  A: 36.4%
  C: 10.3%
  G: 38.3%
  T: 15.0%
  none/other: 0.0%

Overview of removed sequences
length	count	expect	max.err	error counts
3	79362	55687.4	0	79362
4	8587	13921.8	0	8587
5	1388	3480.5	0	1388
6	364	870.1	0	364
7	138	217.5	0	138
8	12	54.4	0	12
9	58	13.6	0	0 58
10	40	3.4	1	1 39
11	19	0.8	1	0 19
12	4	0.2	1	0 4
