This is cutadapt 2.9 with Python 3.6.6
Command line parameters: --interleaved -a file:/nas02/apps/trimmomatic-0.36/Trimmomatic-0.36/adapters/TruSeq3-PE.fa -A file:/nas02/apps/trimmomatic-0.36/Trimmomatic-0.36/adapters/TruSeq3-PE.fa -m 30 /nas/longleaf/home/zpopkinh/Pvivax_resources/wgs_pe_improved_global/fastq/ERR5740791/ERR5740791_1.fastq.gz /nas/longleaf/home/zpopkinh/Pvivax_resources/wgs_pe_improved_global/fastq/ERR5740791/ERR5740791_2.fastq.gz
Processing reads on 1 core in paired-end mode ...
Finished in 634.03 s (182 us/read; 0.33 M reads/minute).

=== Summary ===

Total read pairs processed:          3,488,174
  Read 1 with adapter:                 128,753 (3.7%)
  Read 2 with adapter:                 126,696 (3.6%)
Pairs written (passing filters):     3,488,171 (100.0%)

Total basepairs processed: 1,053,428,548 bp
  Read 1:   526,714,274 bp
  Read 2:   526,714,274 bp
Total written (filtered):  1,052,561,298 bp (99.9%)
  Read 1:   526,277,400 bp
  Read 2:   526,283,898 bp

=== First read: Adapter PrefixPE/1 ===

Sequence: TACACTCTTTCCCTACACGACGCTCTTCCGATCT; Type: regular 3'; Length: 34; Trimmed: 64961 times

No. of allowed errors:
0-9 bp: 0; 10-19 bp: 1; 20-29 bp: 2; 30-34 bp: 3

Bases preceding removed adapters:
  A: 27.5%
  C: 19.8%
  G: 23.8%
  T: 28.9%
  none/other: 0.0%

Overview of removed sequences
length	count	expect	max.err	error counts
3	43149	54502.7	0	43149
4	16685	13625.7	0	16685
5	3533	3406.4	0	3533
6	768	851.6	0	768
7	188	212.9	0	188
8	41	53.2	0	41
9	235	13.3	0	10 225
10	253	3.3	1	6 247
11	72	0.8	1	3 69
12	26	0.2	1	0 26
13	7	0.1	1	0 7
54	1	0.0	3	0 0 0 1
107	1	0.0	3	0 0 0 1
151	2	0.0	3	0 0 1 1


=== First read: Adapter PrefixPE/2 ===

Sequence: GTGACTGGAGTTCAGACGTGTGCTCTTCCGATCT; Type: regular 3'; Length: 34; Trimmed: 63792 times

No. of allowed errors:
0-9 bp: 0; 10-19 bp: 1; 20-29 bp: 2; 30-34 bp: 3

Bases preceding removed adapters:
  A: 25.3%
  C: 16.1%
  G: 25.1%
  T: 33.5%
  none/other: 0.0%

Overview of removed sequences
length	count	expect	max.err	error counts
3	49238	54502.7	0	49238
4	11841	13625.7	0	11841
5	1901	3406.4	0	1901
6	486	851.6	0	486
7	119	212.9	0	119
8	24	53.2	0	24
9	77	13.3	0	6 71
10	75	3.3	1	3 72
11	24	0.8	1	0 24
12	6	0.2	1	0 6
13	1	0.1	1	0 1


=== Second read: Adapter PrefixPE/1 ===

Sequence: TACACTCTTTCCCTACACGACGCTCTTCCGATCT; Type: regular 3'; Length: 34; Trimmed: 64158 times

No. of allowed errors:
0-9 bp: 0; 10-19 bp: 1; 20-29 bp: 2; 30-34 bp: 3

Bases preceding removed adapters:
  A: 28.4%
  C: 20.5%
  G: 23.5%
  T: 27.7%
  none/other: 0.0%

Overview of removed sequences
length	count	expect	max.err	error counts
3	42041	54502.7	0	42041
4	16802	13625.7	0	16802
5	3691	3406.4	0	3691
6	839	851.6	0	839
7	161	212.9	0	161
8	51	53.2	0	51
9	226	13.3	0	18 208
10	255	3.3	1	5 250
11	66	0.8	1	0 66
12	16	0.2	1	0 16
13	5	0.1	1	0 5
14	1	0.0	1	0 1
45	1	0.0	3	0 0 0 1
71	1	0.0	3	0 1
106	1	0.0	3	1
151	1	0.0	3	0 0 1


=== Second read: Adapter PrefixPE/2 ===

Sequence: GTGACTGGAGTTCAGACGTGTGCTCTTCCGATCT; Type: regular 3'; Length: 34; Trimmed: 62538 times

No. of allowed errors:
0-9 bp: 0; 10-19 bp: 1; 20-29 bp: 2; 30-34 bp: 3

Bases preceding removed adapters:
  A: 25.0%
  C: 16.7%
  G: 25.7%
  T: 32.6%
  none/other: 0.0%

Overview of removed sequences
length	count	expect	max.err	error counts
3	48752	54502.7	0	48752
4	11183	13625.7	0	11183
5	1877	3406.4	0	1877
6	431	851.6	0	431
7	113	212.9	0	113
8	15	53.2	0	15
9	62	13.3	0	4 58
10	68	3.3	1	1 67
11	24	0.8	1	0 24
12	8	0.2	1	0 8
13	2	0.1	1	0 2
67	1	0.0	3	0 0 0 1
101	1	0.0	3	0 0 0 1
103	1	0.0	3	0 0 0 1
