This is cutadapt 2.9 with Python 3.6.6
Command line parameters: --interleaved -a file:/nas02/apps/trimmomatic-0.36/Trimmomatic-0.36/adapters/TruSeq3-PE.fa -A file:/nas02/apps/trimmomatic-0.36/Trimmomatic-0.36/adapters/TruSeq3-PE.fa -m 30 /nas/longleaf/home/zpopkinh/Pvivax_resources/wgs_pe_improved_global/fastq/ERR5740807/ERR5740807_1.fastq.gz /nas/longleaf/home/zpopkinh/Pvivax_resources/wgs_pe_improved_global/fastq/ERR5740807/ERR5740807_2.fastq.gz
Processing reads on 1 core in paired-end mode ...
Finished in 501.10 s (147 us/read; 0.41 M reads/minute).

=== Summary ===

Total read pairs processed:          3,406,269
  Read 1 with adapter:                 125,046 (3.7%)
  Read 2 with adapter:                 123,188 (3.6%)
Pairs written (passing filters):     3,406,267 (100.0%)

Total basepairs processed: 1,028,693,238 bp
  Read 1:   514,346,619 bp
  Read 2:   514,346,619 bp
Total written (filtered):  1,027,849,709 bp (99.9%)
  Read 1:   513,921,835 bp
  Read 2:   513,927,874 bp

=== First read: Adapter PrefixPE/1 ===

Sequence: TACACTCTTTCCCTACACGACGCTCTTCCGATCT; Type: regular 3'; Length: 34; Trimmed: 60964 times

No. of allowed errors:
0-9 bp: 0; 10-19 bp: 1; 20-29 bp: 2; 30-34 bp: 3

Bases preceding removed adapters:
  A: 28.4%
  C: 20.9%
  G: 21.5%
  T: 29.3%
  none/other: 0.0%

Overview of removed sequences
length	count	expect	max.err	error counts
3	40286	53223.0	0	40286
4	15924	13305.7	0	15924
5	3262	3326.4	0	3262
6	713	831.6	0	713
7	156	207.9	0	156
8	38	52.0	0	38
9	215	13.0	0	22 193
10	245	3.2	1	11 234
11	90	0.8	1	0 90
12	25	0.2	1	0 25
13	6	0.1	1	0 6
14	1	0.0	1	0 1
89	1	0.0	3	0 0 1
96	2	0.0	3	0 1 0 1


=== First read: Adapter PrefixPE/2 ===

Sequence: GTGACTGGAGTTCAGACGTGTGCTCTTCCGATCT; Type: regular 3'; Length: 34; Trimmed: 64082 times

No. of allowed errors:
0-9 bp: 0; 10-19 bp: 1; 20-29 bp: 2; 30-34 bp: 3

Bases preceding removed adapters:
  A: 26.8%
  C: 14.0%
  G: 25.4%
  T: 33.7%
  none/other: 0.0%

Overview of removed sequences
length	count	expect	max.err	error counts
3	49224	53223.0	0	49224
4	11975	13305.7	0	11975
5	1983	3326.4	0	1983
6	526	831.6	0	526
7	118	207.9	0	118
8	36	52.0	0	36
9	94	13.0	0	9 85
10	86	3.2	1	2 84
11	27	0.8	1	0 27
12	7	0.2	1	0 7
13	4	0.1	1	0 4
143	2	0.0	3	2


=== Second read: Adapter PrefixPE/1 ===

Sequence: TACACTCTTTCCCTACACGACGCTCTTCCGATCT; Type: regular 3'; Length: 34; Trimmed: 60729 times

No. of allowed errors:
0-9 bp: 0; 10-19 bp: 1; 20-29 bp: 2; 30-34 bp: 3

Bases preceding removed adapters:
  A: 28.9%
  C: 21.5%
  G: 21.6%
  T: 27.9%
  none/other: 0.0%

Overview of removed sequences
length	count	expect	max.err	error counts
3	39792	53223.0	0	39792
4	16036	13305.7	0	16036
5	3337	3326.4	0	3337
6	730	831.6	0	730
7	166	207.9	0	166
8	48	52.0	0	48
9	233	13.0	0	19 214
10	263	3.2	1	5 258
11	94	0.8	1	1 93
12	24	0.2	1	1 23
13	5	0.1	1	0 5
14	1	0.0	1	0 1


=== Second read: Adapter PrefixPE/2 ===

Sequence: GTGACTGGAGTTCAGACGTGTGCTCTTCCGATCT; Type: regular 3'; Length: 34; Trimmed: 62459 times

No. of allowed errors:
0-9 bp: 0; 10-19 bp: 1; 20-29 bp: 2; 30-34 bp: 3

Bases preceding removed adapters:
  A: 26.6%
  C: 14.8%
  G: 25.7%
  T: 32.9%
  none/other: 0.0%

Overview of removed sequences
length	count	expect	max.err	error counts
3	48490	53223.0	0	48490
4	11224	13305.7	0	11224
5	1908	3326.4	0	1908
6	486	831.6	0	486
7	120	207.9	0	120
8	35	52.0	0	35
9	81	13.0	0	7 74
10	65	3.2	1	0 65
11	32	0.8	1	0 32
12	14	0.2	1	0 14
70	1	0.0	3	0 1
71	1	0.0	3	0 1
100	1	0.0	3	0 0 0 1
102	1	0.0	3	0 0 0 1
