This is cutadapt 2.9 with Python 3.6.6
Command line parameters: --interleaved -a file:/nas02/apps/trimmomatic-0.36/Trimmomatic-0.36/adapters/TruSeq3-PE.fa -A file:/nas02/apps/trimmomatic-0.36/Trimmomatic-0.36/adapters/TruSeq3-PE.fa -m 30 /nas/longleaf/home/zpopkinh/Pvivax_resources/wgs_pe_improved_global/fastq/SRS2745879/SRR6361350_1.fastq.gz /nas/longleaf/home/zpopkinh/Pvivax_resources/wgs_pe_improved_global/fastq/SRS2745879/SRR6361350_2.fastq.gz
Processing reads on 1 core in paired-end mode ...
Finished in 9113.33 s (93 us/read; 0.65 M reads/minute).

=== Summary ===

Total read pairs processed:         98,139,969
  Read 1 with adapter:               4,560,497 (4.6%)
  Read 2 with adapter:               5,261,504 (5.4%)
Pairs written (passing filters):    98,139,965 (100.0%)

Total basepairs processed: 19,627,993,800 bp
  Read 1: 9,813,996,900 bp
  Read 2: 9,813,996,900 bp
Total written (filtered):  19,593,079,748 bp (99.8%)
  Read 1: 9,797,577,298 bp
  Read 2: 9,795,502,450 bp

=== First read: Adapter PrefixPE/1 ===

Sequence: TACACTCTTTCCCTACACGACGCTCTTCCGATCT; Type: regular 3'; Length: 34; Trimmed: 3585146 times

No. of allowed errors:
0-9 bp: 0; 10-19 bp: 1; 20-29 bp: 2; 30-34 bp: 3

Bases preceding removed adapters:
  A: 63.0%
  C: 5.9%
  G: 21.3%
  T: 9.7%
  none/other: 0.0%

Overview of removed sequences
length	count	expect	max.err	error counts
3	1938295	1533437.0	0	1938295
4	913650	383359.3	0	913650
5	707858	95839.8	0	707858
6	12450	23960.0	0	12450
7	2286	5990.0	0	2286
8	782	1497.5	0	782
9	3895	374.4	0	225 3670
10	3826	93.6	1	59 3767
11	1603	23.4	1	10 1593
12	391	5.8	1	0 391
13	79	1.5	1	0 79
14	21	0.4	1	0 21
15	8	0.1	1	0 8
80	1	0.0	3	0 0 0 1
92	1	0.0	3	0 0 0 1


=== First read: Adapter PrefixPE/2 ===

Sequence: GTGACTGGAGTTCAGACGTGTGCTCTTCCGATCT; Type: regular 3'; Length: 34; Trimmed: 975351 times

No. of allowed errors:
0-9 bp: 0; 10-19 bp: 1; 20-29 bp: 2; 30-34 bp: 3

Bases preceding removed adapters:
  A: 24.3%
  C: 18.8%
  G: 26.4%
  T: 30.5%
  none/other: 0.0%

Overview of removed sequences
length	count	expect	max.err	error counts
3	749746	1533437.0	0	749746
4	184250	383359.3	0	184250
5	29411	95839.8	0	29411
6	7126	23960.0	0	7126
7	2380	5990.0	0	2380
8	167	1497.5	0	167
9	870	374.4	0	59 811
10	957	93.6	1	14 943
11	374	23.4	1	2 372
12	55	5.8	1	0 55
13	13	1.5	1	0 13
100	2	0.0	3	1 1


=== Second read: Adapter PrefixPE/1 ===

Sequence: TACACTCTTTCCCTACACGACGCTCTTCCGATCT; Type: regular 3'; Length: 34; Trimmed: 3552735 times

No. of allowed errors:
0-9 bp: 0; 10-19 bp: 1; 20-29 bp: 2; 30-34 bp: 3

Bases preceding removed adapters:
  A: 62.5%
  C: 6.2%
  G: 6.8%
  T: 24.5%
  none/other: 0.0%

Overview of removed sequences
length	count	expect	max.err	error counts
3	1929840	1533437.0	0	1929840
4	901344	383359.3	0	901344
5	695793	95839.8	0	695793
6	12494	23960.0	0	12494
7	2410	5990.0	0	2410
8	939	1497.5	0	939
9	4038	374.4	0	209 3829
10	3802	93.6	1	81 3721
11	1534	23.4	1	5 1529
12	374	5.8	1	1 373
13	116	1.5	1	0 116
14	45	0.4	1	1 44
15	5	0.1	1	0 5
17	1	0.0	1	0 1


=== Second read: Adapter PrefixPE/2 ===

Sequence: GTGACTGGAGTTCAGACGTGTGCTCTTCCGATCT; Type: regular 3'; Length: 34; Trimmed: 1708769 times

No. of allowed errors:
0-9 bp: 0; 10-19 bp: 1; 20-29 bp: 2; 30-34 bp: 3

Bases preceding removed adapters:
  A: 13.9%
  C: 38.8%
  G: 28.6%
  T: 18.8%
  none/other: 0.0%

Overview of removed sequences
length	count	expect	max.err	error counts
3	1476986	1533437.0	0	1476986
4	190363	383359.3	0	190363
5	29323	95839.8	0	29323
6	7216	23960.0	0	7216
7	2450	5990.0	0	2450
8	210	1497.5	0	210
9	942	374.4	0	75 867
10	876	93.6	1	21 855
11	345	23.4	1	5 340
12	49	5.8	1	0 49
13	9	1.5	1	0 9
