This is cutadapt 2.9 with Python 3.6.6
Command line parameters: --interleaved -a file:/nas02/apps/trimmomatic-0.36/Trimmomatic-0.36/adapters/TruSeq3-PE.fa -A file:/nas02/apps/trimmomatic-0.36/Trimmomatic-0.36/adapters/TruSeq3-PE.fa -m 30 /nas/longleaf/home/zpopkinh/Pvivax_resources/wgs_pe_improved_global/fastq/SRS693950/SRR1565111_1.fastq.gz /nas/longleaf/home/zpopkinh/Pvivax_resources/wgs_pe_improved_global/fastq/SRS693950/SRR1565111_2.fastq.gz
Processing reads on 1 core in paired-end mode ...
Finished in 2.54 s (47 us/read; 1.27 M reads/minute).

=== Summary ===

Total read pairs processed:             53,850
  Read 1 with adapter:                   1,750 (3.2%)
  Read 2 with adapter:                   2,096 (3.9%)
Pairs written (passing filters):        53,850 (100.0%)

Total basepairs processed:    10,877,700 bp
  Read 1:     5,438,850 bp
  Read 2:     5,438,850 bp
Total written (filtered):     10,864,744 bp (99.9%)
  Read 1:     5,432,876 bp
  Read 2:     5,431,868 bp

=== First read: Adapter PrefixPE/1 ===

Sequence: TACACTCTTTCCCTACACGACGCTCTTCCGATCT; Type: regular 3'; Length: 34; Trimmed: 876 times

No. of allowed errors:
0-9 bp: 0; 10-19 bp: 1; 20-29 bp: 2; 30-34 bp: 3

Bases preceding removed adapters:
  A: 27.2%
  C: 21.6%
  G: 24.1%
  T: 27.2%
  none/other: 0.0%

Overview of removed sequences
length	count	expect	max.err	error counts
3	574	841.4	0	574
4	225	210.4	0	225
5	52	52.6	0	52
6	12	13.1	0	12
7	1	3.3	0	1
8	1	0.8	0	1
9	7	0.2	0	1 6
10	3	0.1	1	0 3
11	1	0.0	1	0 1


=== First read: Adapter PrefixPE/2 ===

Sequence: GTGACTGGAGTTCAGACGTGTGCTCTTCCGATCT; Type: regular 3'; Length: 34; Trimmed: 874 times

No. of allowed errors:
0-9 bp: 0; 10-19 bp: 1; 20-29 bp: 2; 30-34 bp: 3

Bases preceding removed adapters:
  A: 22.1%
  C: 18.9%
  G: 27.5%
  T: 31.6%
  none/other: 0.0%

Overview of removed sequences
length	count	expect	max.err	error counts
3	660	841.4	0	660
4	176	210.4	0	176
5	27	52.6	0	27
6	7	13.1	0	7
9	1	0.2	0	0 1
10	2	0.1	1	0 2
11	1	0.0	1	0 1


=== Second read: Adapter PrefixPE/1 ===

Sequence: TACACTCTTTCCCTACACGACGCTCTTCCGATCT; Type: regular 3'; Length: 34; Trimmed: 877 times

No. of allowed errors:
0-9 bp: 0; 10-19 bp: 1; 20-29 bp: 2; 30-34 bp: 3

Bases preceding removed adapters:
  A: 27.0%
  C: 25.2%
  G: 22.8%
  T: 25.0%
  none/other: 0.0%

Overview of removed sequences
length	count	expect	max.err	error counts
3	574	841.4	0	574
4	236	210.4	0	236
5	46	52.6	0	46
6	9	13.1	0	9
7	3	3.3	0	3
9	5	0.2	0	0 5
10	3	0.1	1	0 3
12	1	0.0	1	0 1


=== Second read: Adapter PrefixPE/2 ===

Sequence: GTGACTGGAGTTCAGACGTGTGCTCTTCCGATCT; Type: regular 3'; Length: 34; Trimmed: 1219 times

No. of allowed errors:
0-9 bp: 0; 10-19 bp: 1; 20-29 bp: 2; 30-34 bp: 3

Bases preceding removed adapters:
  A: 23.8%
  C: 32.3%
  G: 20.9%
  T: 23.0%
  none/other: 0.0%

Overview of removed sequences
length	count	expect	max.err	error counts
3	1006	841.4	0	1006
4	178	210.4	0	178
5	22	52.6	0	22
6	9	13.1	0	9
7	3	3.3	0	3
9	1	0.2	0	0 1
