This is cutadapt 2.9 with Python 3.6.6
Command line parameters: --interleaved -a file:/nas02/apps/trimmomatic-0.36/Trimmomatic-0.36/adapters/TruSeq3-PE.fa -A file:/nas02/apps/trimmomatic-0.36/Trimmomatic-0.36/adapters/TruSeq3-PE.fa -m 30 /nas/longleaf/home/zpopkinh/Pvivax_resources/wgs_pe_improved_global/fastq/ERS666236/ERR925416_1.fastq.gz /nas/longleaf/home/zpopkinh/Pvivax_resources/wgs_pe_improved_global/fastq/ERS666236/ERR925416_2.fastq.gz
Processing reads on 1 core in paired-end mode ...
Finished in 427.59 s (106 us/read; 0.57 M reads/minute).

=== Summary ===

Total read pairs processed:          4,049,364
  Read 1 with adapter:                 151,940 (3.8%)
  Read 2 with adapter:                 150,140 (3.7%)
Pairs written (passing filters):     4,049,364 (100.0%)

Total basepairs processed:   809,872,800 bp
  Read 1:   404,936,400 bp
  Read 2:   404,936,400 bp
Total written (filtered):    808,841,263 bp (99.9%)
  Read 1:   404,417,806 bp
  Read 2:   404,423,457 bp

=== First read: Adapter PrefixPE/1 ===

Sequence: TACACTCTTTCCCTACACGACGCTCTTCCGATCT; Type: regular 3'; Length: 34; Trimmed: 84443 times

No. of allowed errors:
0-9 bp: 0; 10-19 bp: 1; 20-29 bp: 2; 30-34 bp: 3

Bases preceding removed adapters:
  A: 28.6%
  C: 16.6%
  G: 28.2%
  T: 26.5%
  none/other: 0.0%

Overview of removed sequences
length	count	expect	max.err	error counts
3	54811	63271.3	0	54811
4	22975	15817.8	0	22975
5	4177	3954.5	0	4177
6	1088	988.6	0	1088
7	307	247.2	0	307
8	54	61.8	0	54
9	207	15.4	0	23 184
10	675	3.9	1	15 660
11	114	1.0	1	1 113
12	25	0.2	1	0 25
13	8	0.1	1	0 8
14	2	0.0	1	0 2


=== First read: Adapter PrefixPE/2 ===

Sequence: GTGACTGGAGTTCAGACGTGTGCTCTTCCGATCT; Type: regular 3'; Length: 34; Trimmed: 67497 times

No. of allowed errors:
0-9 bp: 0; 10-19 bp: 1; 20-29 bp: 2; 30-34 bp: 3

Bases preceding removed adapters:
  A: 27.0%
  C: 14.9%
  G: 22.7%
  T: 35.4%
  none/other: 0.0%

Overview of removed sequences
length	count	expect	max.err	error counts
3	52610	63271.3	0	52610
4	12295	15817.8	0	12295
5	1751	3954.5	0	1751
6	453	988.6	0	453
7	87	247.2	0	87
8	16	61.8	0	16
9	140	15.4	0	2 138
10	113	3.9	1	0 113
11	27	1.0	1	0 27
12	4	0.2	1	0 4
13	1	0.1	1	0 1


=== Second read: Adapter PrefixPE/1 ===

Sequence: TACACTCTTTCCCTACACGACGCTCTTCCGATCT; Type: regular 3'; Length: 34; Trimmed: 83521 times

No. of allowed errors:
0-9 bp: 0; 10-19 bp: 1; 20-29 bp: 2; 30-34 bp: 3

Bases preceding removed adapters:
  A: 28.8%
  C: 16.4%
  G: 28.1%
  T: 26.8%
  none/other: 0.0%

Overview of removed sequences
length	count	expect	max.err	error counts
3	53888	63271.3	0	53888
4	23066	15817.8	0	23066
5	4168	3954.5	0	4168
6	1043	988.6	0	1043
7	292	247.2	0	292
8	38	61.8	0	38
9	174	15.4	0	21 153
10	715	3.9	1	8 707
11	98	1.0	1	1 97
12	30	0.2	1	0 30
13	7	0.1	1	0 7
14	2	0.0	1	0 2


=== Second read: Adapter PrefixPE/2 ===

Sequence: GTGACTGGAGTTCAGACGTGTGCTCTTCCGATCT; Type: regular 3'; Length: 34; Trimmed: 66619 times

No. of allowed errors:
0-9 bp: 0; 10-19 bp: 1; 20-29 bp: 2; 30-34 bp: 3

Bases preceding removed adapters:
  A: 26.9%
  C: 15.0%
  G: 22.7%
  T: 35.5%
  none/other: 0.0%

Overview of removed sequences
length	count	expect	max.err	error counts
3	51742	63271.3	0	51742
4	12256	15817.8	0	12256
5	1792	3954.5	0	1792
6	465	988.6	0	465
7	79	247.2	0	79
8	13	61.8	0	13
9	125	15.4	0	3 122
10	109	3.9	1	2 107
11	33	1.0	1	1 32
12	4	0.2	1	0 4
13	1	0.1	1	0 1
