This is cutadapt 2.9 with Python 3.6.6
Command line parameters: --interleaved -a file:/nas02/apps/trimmomatic-0.36/Trimmomatic-0.36/adapters/TruSeq3-PE.fa -A file:/nas02/apps/trimmomatic-0.36/Trimmomatic-0.36/adapters/TruSeq3-PE.fa -m 30 /nas/longleaf/home/zpopkinh/Pvivax_resources/wgs_pe_improved_global/fastq/ERS040108/ERR054080_1.fastq.gz /nas/longleaf/home/zpopkinh/Pvivax_resources/wgs_pe_improved_global/fastq/ERS040108/ERR054080_2.fastq.gz
Processing reads on 1 core in paired-end mode ...
Finished in 253.77 s (75 us/read; 0.80 M reads/minute).

=== Summary ===

Total read pairs processed:          3,395,199
  Read 1 with adapter:                 124,966 (3.7%)
  Read 2 with adapter:                 120,428 (3.5%)
Pairs written (passing filters):     3,395,199 (100.0%)

Total basepairs processed:   509,279,850 bp
  Read 1:   254,639,925 bp
  Read 2:   254,639,925 bp
Total written (filtered):    508,445,933 bp (99.8%)
  Read 1:   254,214,592 bp
  Read 2:   254,231,341 bp

=== First read: Adapter PrefixPE/1 ===

Sequence: TACACTCTTTCCCTACACGACGCTCTTCCGATCT; Type: regular 3'; Length: 34; Trimmed: 68782 times

No. of allowed errors:
0-9 bp: 0; 10-19 bp: 1; 20-29 bp: 2; 30-34 bp: 3

Bases preceding removed adapters:
  A: 30.2%
  C: 17.1%
  G: 25.3%
  T: 27.4%
  none/other: 0.0%

Overview of removed sequences
length	count	expect	max.err	error counts
3	44886	53050.0	0	44886
4	18524	13262.5	0	18524
5	3488	3315.6	0	3488
6	861	828.9	0	861
7	233	207.2	0	233
8	44	51.8	0	44
9	173	13.0	0	21 152
10	413	3.2	1	15 398
11	134	0.8	1	0 134
12	16	0.2	1	0 16
13	9	0.1	1	0 9
14	1	0.0	1	0 1


=== First read: Adapter PrefixPE/2 ===

Sequence: GTGACTGGAGTTCAGACGTGTGCTCTTCCGATCT; Type: regular 3'; Length: 34; Trimmed: 56184 times

No. of allowed errors:
0-9 bp: 0; 10-19 bp: 1; 20-29 bp: 2; 30-34 bp: 3

Bases preceding removed adapters:
  A: 25.3%
  C: 15.9%
  G: 24.2%
  T: 34.6%
  none/other: 0.0%

Overview of removed sequences
length	count	expect	max.err	error counts
3	43852	53050.0	0	43852
4	10072	13262.5	0	10072
5	1556	3315.6	0	1556
6	443	828.9	0	443
7	96	207.2	0	96
8	17	51.8	0	17
9	87	13.0	0	1 86
10	41	3.2	1	0 41
11	17	0.8	1	0 17
12	3	0.2	1	0 3


=== Second read: Adapter PrefixPE/1 ===

Sequence: TACACTCTTTCCCTACACGACGCTCTTCCGATCT; Type: regular 3'; Length: 34; Trimmed: 65941 times

No. of allowed errors:
0-9 bp: 0; 10-19 bp: 1; 20-29 bp: 2; 30-34 bp: 3

Bases preceding removed adapters:
  A: 30.1%
  C: 17.2%
  G: 25.0%
  T: 27.7%
  none/other: 0.0%

Overview of removed sequences
length	count	expect	max.err	error counts
3	43116	53050.0	0	43116
4	17922	13262.5	0	17922
5	3262	3315.6	0	3262
6	800	828.9	0	800
7	190	207.2	0	190
8	38	51.8	0	38
9	171	13.0	0	20 151
10	338	3.2	1	7 331
11	90	0.8	1	1 89
12	11	0.2	1	0 11
13	3	0.1	1	0 3


=== Second read: Adapter PrefixPE/2 ===

Sequence: GTGACTGGAGTTCAGACGTGTGCTCTTCCGATCT; Type: regular 3'; Length: 34; Trimmed: 54487 times

No. of allowed errors:
0-9 bp: 0; 10-19 bp: 1; 20-29 bp: 2; 30-34 bp: 3

Bases preceding removed adapters:
  A: 25.3%
  C: 15.6%
  G: 25.1%
  T: 34.0%
  none/other: 0.0%

Overview of removed sequences
length	count	expect	max.err	error counts
3	42631	53050.0	0	42631
4	9675	13262.5	0	9675
5	1564	3315.6	0	1564
6	404	828.9	0	404
7	57	207.2	0	57
8	13	51.8	0	13
9	77	13.0	0	2 75
10	42	3.2	1	1 41
11	18	0.8	1	0 18
12	5	0.2	1	0 5
13	1	0.1	1	0 1
