This is cutadapt 2.9 with Python 3.6.6
Command line parameters: --interleaved -a file:/nas02/apps/trimmomatic-0.36/Trimmomatic-0.36/adapters/TruSeq3-PE.fa -A file:/nas02/apps/trimmomatic-0.36/Trimmomatic-0.36/adapters/TruSeq3-PE.fa -m 30 /nas/longleaf/home/zpopkinh/Pvivax_resources/wgs_pe_improved_global/fastq/SRS693956/SRR1565040_1.fastq.gz /nas/longleaf/home/zpopkinh/Pvivax_resources/wgs_pe_improved_global/fastq/SRS693956/SRR1565040_2.fastq.gz
Processing reads on 1 core in paired-end mode ...
Finished in 75.35 s (104 us/read; 0.58 M reads/minute).

=== Summary ===

Total read pairs processed:            727,874
  Read 1 with adapter:                  25,082 (3.4%)
  Read 2 with adapter:                  32,003 (4.4%)
Pairs written (passing filters):       727,531 (100.0%)

Total basepairs processed:   147,030,548 bp
  Read 1:    73,515,274 bp
  Read 2:    73,515,274 bp
Total written (filtered):    146,772,296 bp (99.8%)
  Read 1:    73,394,160 bp
  Read 2:    73,378,136 bp

=== First read: Adapter PrefixPE/1 ===

Sequence: TACACTCTTTCCCTACACGACGCTCTTCCGATCT; Type: regular 3'; Length: 34; Trimmed: 16309 times

No. of allowed errors:
0-9 bp: 0; 10-19 bp: 1; 20-29 bp: 2; 30-34 bp: 3

Bases preceding removed adapters:
  A: 35.1%
  C: 23.4%
  G: 16.4%
  T: 25.0%
  none/other: 0.0%

Overview of removed sequences
length	count	expect	max.err	error counts
3	10325	11373.0	0	10325
4	4881	2843.3	0	4881
5	657	710.8	0	657
6	236	177.7	0	236
7	41	44.4	0	41
8	17	11.1	0	17
9	32	2.8	0	9 23
10	67	0.7	1	1 66
11	35	0.2	1	0 35
12	12	0.0	1	0 12
13	3	0.0	1	1 2
14	2	0.0	1	0 2
15	1	0.0	1	0 1


=== First read: Adapter PrefixPE/2 ===

Sequence: GTGACTGGAGTTCAGACGTGTGCTCTTCCGATCT; Type: regular 3'; Length: 34; Trimmed: 8773 times

No. of allowed errors:
0-9 bp: 0; 10-19 bp: 1; 20-29 bp: 2; 30-34 bp: 3

Bases preceding removed adapters:
  A: 30.3%
  C: 16.3%
  G: 25.2%
  T: 28.2%
  none/other: 0.0%

Overview of removed sequences
length	count	expect	max.err	error counts
3	6399	11373.0	0	6399
4	1926	2843.3	0	1926
5	351	710.8	0	351
6	65	177.7	0	65
7	12	44.4	0	12
8	2	11.1	0	2
9	6	2.8	0	0 6
10	9	0.7	1	0 9
11	3	0.2	1	0 3


=== Second read: Adapter PrefixPE/1 ===

Sequence: TACACTCTTTCCCTACACGACGCTCTTCCGATCT; Type: regular 3'; Length: 34; Trimmed: 7781 times

No. of allowed errors:
0-9 bp: 0; 10-19 bp: 1; 20-29 bp: 2; 30-34 bp: 3

Bases preceding removed adapters:
  A: 21.4%
  C: 20.6%
  G: 34.2%
  T: 23.9%
  none/other: 0.0%

Overview of removed sequences
length	count	expect	max.err	error counts
3	5846	11373.0	0	5846
4	1428	2843.3	0	1428
5	345	710.8	0	345
6	77	177.7	0	77
7	19	44.4	0	19
8	6	11.1	0	6
9	21	2.8	0	3 18
10	21	0.7	1	1 20
11	12	0.2	1	0 12
12	3	0.0	1	0 3
14	2	0.0	1	0 2
16	1	0.0	1	0 1


=== Second read: Adapter PrefixPE/2 ===

Sequence: GTGACTGGAGTTCAGACGTGTGCTCTTCCGATCT; Type: regular 3'; Length: 34; Trimmed: 24222 times

No. of allowed errors:
0-9 bp: 0; 10-19 bp: 1; 20-29 bp: 2; 30-34 bp: 3

Bases preceding removed adapters:
  A: 17.4%
  C: 12.4%
  G: 54.5%
  T: 15.6%
  none/other: 0.0%

Overview of removed sequences
length	count	expect	max.err	error counts
3	20229	11373.0	0	20229
4	3120	2843.3	0	3120
5	339	710.8	0	339
6	85	177.7	0	85
7	60	44.4	0	60
8	6	11.1	0	6
9	16	2.8	0	2 14
10	14	0.7	1	0 14
11	7	0.2	1	0 7
13	1	0.0	1	0 1
18	1	0.0	1	0 1
34	1	0.0	3	0 0 0 1
80	1	0.0	3	0 0 0 1
90	3	0.0	3	0 0 1 2
92	2	0.0	3	0 0 0 2
93	332	0.0	3	0 43 102 187
94	4	0.0	3	0 0 2 2
97	1	0.0	3	0 0 0 1
