This is cutadapt 2.9 with Python 3.6.6
Command line parameters: --interleaved -a file:/nas02/apps/trimmomatic-0.36/Trimmomatic-0.36/adapters/TruSeq3-PE.fa -A file:/nas02/apps/trimmomatic-0.36/Trimmomatic-0.36/adapters/TruSeq3-PE.fa -m 30 /nas/longleaf/home/zpopkinh/Pvivax_resources/wgs_pe_improved_global/fastq/SRS693269/SRR1565041_1.fastq.gz /nas/longleaf/home/zpopkinh/Pvivax_resources/wgs_pe_improved_global/fastq/SRS693269/SRR1565041_2.fastq.gz
Processing reads on 1 core in paired-end mode ...
Finished in 29.29 s (57 us/read; 1.06 M reads/minute).

=== Summary ===

Total read pairs processed:            515,776
  Read 1 with adapter:                  17,282 (3.4%)
  Read 2 with adapter:                  19,580 (3.8%)
Pairs written (passing filters):       515,435 (99.9%)

Total basepairs processed:   104,186,752 bp
  Read 1:    52,093,376 bp
  Read 2:    52,093,376 bp
Total written (filtered):    103,996,003 bp (99.8%)
  Read 1:    52,000,601 bp
  Read 2:    51,995,402 bp

=== First read: Adapter PrefixPE/1 ===

Sequence: TACACTCTTTCCCTACACGACGCTCTTCCGATCT; Type: regular 3'; Length: 34; Trimmed: 7961 times

No. of allowed errors:
0-9 bp: 0; 10-19 bp: 1; 20-29 bp: 2; 30-34 bp: 3

Bases preceding removed adapters:
  A: 23.0%
  C: 26.0%
  G: 26.7%
  T: 24.3%
  none/other: 0.0%

Overview of removed sequences
length	count	expect	max.err	error counts
3	5323	8059.0	0	5323
4	1970	2014.8	0	1970
5	484	503.7	0	484
6	96	125.9	0	96
7	17	31.5	0	17
8	6	7.9	0	6
9	25	2.0	0	4 21
10	21	0.5	1	0 21
11	14	0.1	1	0 14
12	4	0.0	1	0 4
49	1	0.0	3	0 1


=== First read: Adapter PrefixPE/2 ===

Sequence: GTGACTGGAGTTCAGACGTGTGCTCTTCCGATCT; Type: regular 3'; Length: 34; Trimmed: 9321 times

No. of allowed errors:
0-9 bp: 0; 10-19 bp: 1; 20-29 bp: 2; 30-34 bp: 3

Bases preceding removed adapters:
  A: 21.9%
  C: 20.2%
  G: 28.8%
  T: 29.1%
  none/other: 0.0%

Overview of removed sequences
length	count	expect	max.err	error counts
3	7248	8059.0	0	7248
4	1687	2014.8	0	1687
5	277	503.7	0	277
6	62	125.9	0	62
7	17	31.5	0	17
9	10	2.0	0	0 10
10	14	0.5	1	1 13
11	5	0.1	1	0 5
12	1	0.0	1	0 1


=== Second read: Adapter PrefixPE/1 ===

Sequence: TACACTCTTTCCCTACACGACGCTCTTCCGATCT; Type: regular 3'; Length: 34; Trimmed: 7337 times

No. of allowed errors:
0-9 bp: 0; 10-19 bp: 1; 20-29 bp: 2; 30-34 bp: 3

Bases preceding removed adapters:
  A: 23.6%
  C: 23.5%
  G: 28.2%
  T: 24.7%
  none/other: 0.0%

Overview of removed sequences
length	count	expect	max.err	error counts
3	5159	8059.0	0	5159
4	1585	2014.8	0	1585
5	436	503.7	0	436
6	89	125.9	0	89
7	21	31.5	0	21
8	3	7.9	0	3
9	11	2.0	0	0 11
10	28	0.5	1	3 25
11	2	0.1	1	0 2
13	1	0.0	1	0 1
14	2	0.0	1	0 2


=== Second read: Adapter PrefixPE/2 ===

Sequence: GTGACTGGAGTTCAGACGTGTGCTCTTCCGATCT; Type: regular 3'; Length: 34; Trimmed: 12243 times

No. of allowed errors:
0-9 bp: 0; 10-19 bp: 1; 20-29 bp: 2; 30-34 bp: 3

Bases preceding removed adapters:
  A: 21.5%
  C: 30.3%
  G: 26.0%
  T: 22.2%
  none/other: 0.0%

Overview of removed sequences
length	count	expect	max.err	error counts
3	9856	8059.0	0	9856
4	1658	2014.8	0	1658
5	275	503.7	0	275
6	66	125.9	0	66
7	19	31.5	0	19
8	2	7.9	0	2
9	12	2.0	0	1 11
10	9	0.5	1	1 8
11	2	0.1	1	0 2
12	1	0.0	1	0 1
13	1	0.0	1	0 1
24	1	0.0	2	1
92	3	0.0	3	0 0 0 3
93	329	0.0	3	0 41 110 178
94	4	0.0	3	0 0 3 1
95	5	0.0	3	0 0 2 3
