This is cutadapt 2.9 with Python 3.6.6
Command line parameters: --interleaved -a file:/nas02/apps/trimmomatic-0.36/Trimmomatic-0.36/adapters/TruSeq3-PE.fa -A file:/nas02/apps/trimmomatic-0.36/Trimmomatic-0.36/adapters/TruSeq3-PE.fa -m 30 /nas/longleaf/home/zpopkinh/Pvivax_resources/wgs_pe_improved_global/fastq/SRS693269/SRR1564698_1.fastq.gz /nas/longleaf/home/zpopkinh/Pvivax_resources/wgs_pe_improved_global/fastq/SRS693269/SRR1564698_2.fastq.gz
Processing reads on 1 core in paired-end mode ...
Finished in 33.55 s (54 us/read; 1.12 M reads/minute).

=== Summary ===

Total read pairs processed:            623,754
  Read 1 with adapter:                  20,606 (3.3%)
  Read 2 with adapter:                  23,368 (3.7%)
Pairs written (passing filters):       623,754 (100.0%)

Total basepairs processed:   125,998,308 bp
  Read 1:    62,999,154 bp
  Read 2:    62,999,154 bp
Total written (filtered):    125,851,673 bp (99.9%)
  Read 1:    62,930,000 bp
  Read 2:    62,921,673 bp

=== First read: Adapter PrefixPE/1 ===

Sequence: TACACTCTTTCCCTACACGACGCTCTTCCGATCT; Type: regular 3'; Length: 34; Trimmed: 9266 times

No. of allowed errors:
0-9 bp: 0; 10-19 bp: 1; 20-29 bp: 2; 30-34 bp: 3

Bases preceding removed adapters:
  A: 23.6%
  C: 26.1%
  G: 25.9%
  T: 24.4%
  none/other: 0.0%

Overview of removed sequences
length	count	expect	max.err	error counts
3	6381	9746.2	0	6381
4	2162	2436.5	0	2162
5	537	609.1	0	537
6	93	152.3	0	93
7	29	38.1	0	29
8	7	9.5	0	7
9	27	2.4	0	2 25
10	21	0.6	1	0 21
11	4	0.1	1	0 4
12	1	0.0	1	0 1
13	1	0.0	1	0 1
14	1	0.0	1	0 1
17	1	0.0	1	0 1
43	1	0.0	3	0 0 0 1


=== First read: Adapter PrefixPE/2 ===

Sequence: GTGACTGGAGTTCAGACGTGTGCTCTTCCGATCT; Type: regular 3'; Length: 34; Trimmed: 11340 times

No. of allowed errors:
0-9 bp: 0; 10-19 bp: 1; 20-29 bp: 2; 30-34 bp: 3

Bases preceding removed adapters:
  A: 23.5%
  C: 19.2%
  G: 29.6%
  T: 27.7%
  none/other: 0.0%

Overview of removed sequences
length	count	expect	max.err	error counts
3	8842	9746.2	0	8842
4	2025	2436.5	0	2025
5	338	609.1	0	338
6	90	152.3	0	90
7	10	38.1	0	10
8	3	9.5	0	3
9	11	2.4	0	1 10
10	15	0.6	1	0 15
11	6	0.1	1	0 6


=== Second read: Adapter PrefixPE/1 ===

Sequence: TACACTCTTTCCCTACACGACGCTCTTCCGATCT; Type: regular 3'; Length: 34; Trimmed: 9020 times

No. of allowed errors:
0-9 bp: 0; 10-19 bp: 1; 20-29 bp: 2; 30-34 bp: 3

Bases preceding removed adapters:
  A: 23.4%
  C: 23.8%
  G: 27.8%
  T: 25.1%
  none/other: 0.0%

Overview of removed sequences
length	count	expect	max.err	error counts
3	6155	9746.2	0	6155
4	2113	2436.5	0	2113
5	544	609.1	0	544
6	97	152.3	0	97
7	41	38.1	0	41
8	4	9.5	0	4
9	19	2.4	0	3 16
10	30	0.6	1	1 29
11	10	0.1	1	1 9
12	5	0.0	1	0 5
13	2	0.0	1	0 2


=== Second read: Adapter PrefixPE/2 ===

Sequence: GTGACTGGAGTTCAGACGTGTGCTCTTCCGATCT; Type: regular 3'; Length: 34; Trimmed: 14348 times

No. of allowed errors:
0-9 bp: 0; 10-19 bp: 1; 20-29 bp: 2; 30-34 bp: 3

Bases preceding removed adapters:
  A: 23.2%
  C: 31.0%
  G: 23.3%
  T: 22.5%
  none/other: 0.0%

Overview of removed sequences
length	count	expect	max.err	error counts
3	11863	9746.2	0	11863
4	2027	2436.5	0	2027
5	331	609.1	0	331
6	65	152.3	0	65
7	22	38.1	0	22
8	4	9.5	0	4
9	17	2.4	0	0 17
10	14	0.6	1	0 14
11	5	0.1	1	0 5
