This is cutadapt 2.9 with Python 3.6.6
Command line parameters: --interleaved -a file:/nas02/apps/trimmomatic-0.36/Trimmomatic-0.36/adapters/TruSeq3-PE.fa -A file:/nas02/apps/trimmomatic-0.36/Trimmomatic-0.36/adapters/TruSeq3-PE.fa -m 30 /nas/longleaf/home/zpopkinh/Pvivax_resources/wgs_pe_improved_global/fastq/ERS403526/ERR527352_1.fastq.gz /nas/longleaf/home/zpopkinh/Pvivax_resources/wgs_pe_improved_global/fastq/ERS403526/ERR527352_2.fastq.gz
Processing reads on 1 core in paired-end mode ...
Finished in 1208.07 s (75 us/read; 0.80 M reads/minute).

=== Summary ===

Total read pairs processed:         16,144,713
  Read 1 with adapter:                 592,717 (3.7%)
  Read 2 with adapter:                 583,023 (3.6%)
Pairs written (passing filters):    16,144,713 (100.0%)

Total basepairs processed: 3,228,942,600 bp
  Read 1: 1,614,471,300 bp
  Read 2: 1,614,471,300 bp
Total written (filtered):  3,224,969,967 bp (99.9%)
  Read 1: 1,612,468,238 bp
  Read 2: 1,612,501,729 bp

=== First read: Adapter PrefixPE/1 ===

Sequence: TACACTCTTTCCCTACACGACGCTCTTCCGATCT; Type: regular 3'; Length: 34; Trimmed: 320329 times

No. of allowed errors:
0-9 bp: 0; 10-19 bp: 1; 20-29 bp: 2; 30-34 bp: 3

Bases preceding removed adapters:
  A: 29.3%
  C: 18.3%
  G: 22.4%
  T: 30.0%
  none/other: 0.0%

Overview of removed sequences
length	count	expect	max.err	error counts
3	213717	252261.1	0	213717
4	82674	63065.3	0	82674
5	16946	15766.3	0	16946
6	3679	3941.6	0	3679
7	708	985.4	0	708
8	164	246.3	0	164
9	998	61.6	0	60 938
10	995	15.4	1	18 977
11	346	3.8	1	2 344
12	71	1.0	1	0 71
13	21	0.2	1	0 21
14	8	0.1	1	0 8
15	1	0.0	1	0 1
42	1	0.0	3	0 1


=== First read: Adapter PrefixPE/2 ===

Sequence: GTGACTGGAGTTCAGACGTGTGCTCTTCCGATCT; Type: regular 3'; Length: 34; Trimmed: 272388 times

No. of allowed errors:
0-9 bp: 0; 10-19 bp: 1; 20-29 bp: 2; 30-34 bp: 3

Bases preceding removed adapters:
  A: 24.1%
  C: 18.2%
  G: 25.4%
  T: 32.2%
  none/other: 0.0%

Overview of removed sequences
length	count	expect	max.err	error counts
3	211712	252261.1	0	211712
4	50063	63065.3	0	50063
5	7731	15766.3	0	7731
6	1808	3941.6	0	1808
7	438	985.4	0	438
8	56	246.3	0	56
9	239	61.6	0	16 223
10	234	15.4	1	6 228
11	77	3.8	1	0 77
12	22	1.0	1	0 22
13	8	0.2	1	0 8


=== Second read: Adapter PrefixPE/1 ===

Sequence: TACACTCTTTCCCTACACGACGCTCTTCCGATCT; Type: regular 3'; Length: 34; Trimmed: 316550 times

No. of allowed errors:
0-9 bp: 0; 10-19 bp: 1; 20-29 bp: 2; 30-34 bp: 3

Bases preceding removed adapters:
  A: 29.5%
  C: 18.2%
  G: 22.1%
  T: 30.2%
  none/other: 0.0%

Overview of removed sequences
length	count	expect	max.err	error counts
3	210866	252261.1	0	210866
4	82042	63065.3	0	82042
5	16743	15766.3	0	16743
6	3678	3941.6	0	3678
7	734	985.4	0	734
8	176	246.3	0	176
9	963	61.6	0	58 905
10	951	15.4	1	30 921
11	315	3.8	1	6 309
12	63	1.0	1	0 63
13	12	0.2	1	0 12
14	7	0.1	1	0 7


=== Second read: Adapter PrefixPE/2 ===

Sequence: GTGACTGGAGTTCAGACGTGTGCTCTTCCGATCT; Type: regular 3'; Length: 34; Trimmed: 266473 times

No. of allowed errors:
0-9 bp: 0; 10-19 bp: 1; 20-29 bp: 2; 30-34 bp: 3

Bases preceding removed adapters:
  A: 24.1%
  C: 18.3%
  G: 25.3%
  T: 32.2%
  none/other: 0.0%

Overview of removed sequences
length	count	expect	max.err	error counts
3	207664	252261.1	0	207664
4	48706	63065.3	0	48706
5	7399	15766.3	0	7399
6	1631	3941.6	0	1631
7	426	985.4	0	426
8	45	246.3	0	45
9	255	61.6	0	18 237
10	245	15.4	1	5 240
11	87	3.8	1	1 86
12	12	1.0	1	0 12
13	3	0.2	1	0 3
