This is cutadapt 2.9 with Python 3.6.6
Command line parameters: --interleaved -a file:/nas02/apps/trimmomatic-0.36/Trimmomatic-0.36/adapters/TruSeq3-PE.fa -A file:/nas02/apps/trimmomatic-0.36/Trimmomatic-0.36/adapters/TruSeq3-PE.fa -m 30 /nas/longleaf/home/zpopkinh/Pvivax_resources/new_seqs_2021/fastq/MDP3261/MDP3261_1.fastq.gz /nas/longleaf/home/zpopkinh/Pvivax_resources/new_seqs_2021/fastq/MDP3261/MDP3261_2.fastq.gz
Processing reads on 1 core in paired-end mode ...
Finished in 710.31 s (123 us/read; 0.49 M reads/minute).

=== Summary ===

Total read pairs processed:          5,780,831
  Read 1 with adapter:                 175,939 (3.0%)
  Read 2 with adapter:                 221,545 (3.8%)
Pairs written (passing filters):     5,780,825 (100.0%)

Total basepairs processed: 1,734,249,300 bp
  Read 1:   867,124,650 bp
  Read 2:   867,124,650 bp
Total written (filtered):  1,732,929,559 bp (99.9%)
  Read 1:   866,532,763 bp
  Read 2:   866,396,796 bp

=== First read: Adapter PrefixPE/1 ===

Sequence: TACACTCTTTCCCTACACGACGCTCTTCCGATCT; Type: regular 3'; Length: 34; Trimmed: 84009 times

No. of allowed errors:
0-9 bp: 0; 10-19 bp: 1; 20-29 bp: 2; 30-34 bp: 3

Bases preceding removed adapters:
  A: 25.1%
  C: 22.4%
  G: 24.7%
  T: 27.8%
  none/other: 0.0%

Overview of removed sequences
length	count	expect	max.err	error counts
3	57028	90325.5	0	57028
4	20231	22581.4	0	20231
5	4847	5645.3	0	4847
6	965	1411.3	0	965
7	210	352.8	0	210
8	49	88.2	0	49
9	271	22.1	0	26 245
10	277	5.5	1	9 268
11	100	1.4	1	1 99
12	21	0.3	1	1 20
13	8	0.1	1	0 8
16	1	0.0	1	0 1
149	1	0.0	3	0 1


=== First read: Adapter PrefixPE/2 ===

Sequence: GTGACTGGAGTTCAGACGTGTGCTCTTCCGATCT; Type: regular 3'; Length: 34; Trimmed: 91930 times

No. of allowed errors:
0-9 bp: 0; 10-19 bp: 1; 20-29 bp: 2; 30-34 bp: 3

Bases preceding removed adapters:
  A: 22.6%
  C: 19.1%
  G: 28.2%
  T: 30.1%
  none/other: 0.0%

Overview of removed sequences
length	count	expect	max.err	error counts
3	73018	90325.5	0	73018
4	15290	22581.4	0	15290
5	2621	5645.3	0	2621
6	577	1411.3	0	577
7	161	352.8	0	161
8	24	88.2	0	24
9	116	22.1	0	5 111
10	95	5.5	1	5 90
11	20	1.4	1	0 20
12	7	0.3	1	0 7
13	1	0.1	1	0 1


=== Second read: Adapter PrefixPE/1 ===

Sequence: TACACTCTTTCCCTACACGACGCTCTTCCGATCT; Type: regular 3'; Length: 34; Trimmed: 82296 times

No. of allowed errors:
0-9 bp: 0; 10-19 bp: 1; 20-29 bp: 2; 30-34 bp: 3

Bases preceding removed adapters:
  A: 25.9%
  C: 22.8%
  G: 24.3%
  T: 27.0%
  none/other: 0.0%

Overview of removed sequences
length	count	expect	max.err	error counts
3	55409	90325.5	0	55409
4	20231	22581.4	0	20231
5	4731	5645.3	0	4731
6	969	1411.3	0	969
7	232	352.8	0	232
8	52	88.2	0	52
9	281	22.1	0	18 263
10	270	5.5	1	4 266
11	90	1.4	1	0 90
12	25	0.3	1	1 24
13	3	0.1	1	0 3
14	3	0.0	1	0 3


=== Second read: Adapter PrefixPE/2 ===

Sequence: GTGACTGGAGTTCAGACGTGTGCTCTTCCGATCT; Type: regular 3'; Length: 34; Trimmed: 139249 times

No. of allowed errors:
0-9 bp: 0; 10-19 bp: 1; 20-29 bp: 2; 30-34 bp: 3

Bases preceding removed adapters:
  A: 24.2%
  C: 23.4%
  G: 25.3%
  T: 27.1%
  none/other: 0.0%

Overview of removed sequences
length	count	expect	max.err	error counts
3	121125	90325.5	0	121125
4	14512	22581.4	0	14512
5	2628	5645.3	0	2628
6	570	1411.3	0	570
7	148	352.8	0	148
8	28	88.2	0	28
9	93	22.1	0	4 89
10	95	5.5	1	4 91
11	26	1.4	1	0 26
12	14	0.3	1	0 14
13	2	0.1	1	0 2
16	1	0.0	1	0 1
51	1	0.0	3	0 0 0 1
120	1	0.0	3	1
122	5	0.0	3	0 0 4 1
