This is cutadapt 2.9 with Python 3.6.6
Command line parameters: --interleaved -a file:/nas02/apps/trimmomatic-0.36/Trimmomatic-0.36/adapters/TruSeq3-PE.fa -A file:/nas02/apps/trimmomatic-0.36/Trimmomatic-0.36/adapters/TruSeq3-PE.fa -m 30 /nas/longleaf/home/zpopkinh/Pvivax_resources/wgs_pe_improved_global/fastq/ERS792627/ERR1106842_1.fastq.gz /nas/longleaf/home/zpopkinh/Pvivax_resources/wgs_pe_improved_global/fastq/ERS792627/ERR1106842_2.fastq.gz
Processing reads on 1 core in paired-end mode ...
Finished in 573.91 s (80 us/read; 0.75 M reads/minute).

=== Summary ===

Total read pairs processed:          7,162,919
  Read 1 with adapter:                 265,179 (3.7%)
  Read 2 with adapter:                 262,998 (3.7%)
Pairs written (passing filters):     7,162,919 (100.0%)

Total basepairs processed: 1,432,583,800 bp
  Read 1:   716,291,900 bp
  Read 2:   716,291,900 bp
Total written (filtered):  1,430,788,123 bp (99.9%)
  Read 1:   715,391,123 bp
  Read 2:   715,397,000 bp

=== First read: Adapter PrefixPE/1 ===

Sequence: TACACTCTTTCCCTACACGACGCTCTTCCGATCT; Type: regular 3'; Length: 34; Trimmed: 146278 times

No. of allowed errors:
0-9 bp: 0; 10-19 bp: 1; 20-29 bp: 2; 30-34 bp: 3

Bases preceding removed adapters:
  A: 29.3%
  C: 17.2%
  G: 25.2%
  T: 28.3%
  none/other: 0.0%

Overview of removed sequences
length	count	expect	max.err	error counts
3	96019	111920.6	0	96019
4	39059	27980.2	0	39059
5	7545	6995.0	0	7545
6	1738	1748.8	0	1738
7	418	437.2	0	418
8	84	109.3	0	84
9	391	27.3	0	31 360
10	819	6.8	1	14 805
11	162	1.7	1	3 159
12	22	0.4	1	0 22
13	17	0.1	1	0 17
14	3	0.0	1	0 3
15	1	0.0	1	0 1


=== First read: Adapter PrefixPE/2 ===

Sequence: GTGACTGGAGTTCAGACGTGTGCTCTTCCGATCT; Type: regular 3'; Length: 34; Trimmed: 118901 times

No. of allowed errors:
0-9 bp: 0; 10-19 bp: 1; 20-29 bp: 2; 30-34 bp: 3

Bases preceding removed adapters:
  A: 25.6%
  C: 16.0%
  G: 23.5%
  T: 34.8%
  none/other: 0.0%

Overview of removed sequences
length	count	expect	max.err	error counts
3	92298	111920.6	0	92298
4	22076	27980.2	0	22076
5	3153	6995.0	0	3153
6	813	1748.8	0	813
7	195	437.2	0	195
8	20	109.3	0	20
9	182	27.3	0	12 170
10	119	6.8	1	3 116
11	37	1.7	1	0 37
12	6	0.4	1	0 6
13	1	0.1	1	0 1
14	1	0.0	1	0 1


=== Second read: Adapter PrefixPE/1 ===

Sequence: TACACTCTTTCCCTACACGACGCTCTTCCGATCT; Type: regular 3'; Length: 34; Trimmed: 145848 times

No. of allowed errors:
0-9 bp: 0; 10-19 bp: 1; 20-29 bp: 2; 30-34 bp: 3

Bases preceding removed adapters:
  A: 29.4%
  C: 17.2%
  G: 25.2%
  T: 28.2%
  none/other: 0.0%

Overview of removed sequences
length	count	expect	max.err	error counts
3	95296	111920.6	0	95296
4	39248	27980.2	0	39248
5	7460	6995.0	0	7460
6	1766	1748.8	0	1766
7	427	437.2	0	427
8	74	109.3	0	74
9	449	27.3	0	36 413
10	930	6.8	1	14 916
11	163	1.7	1	2 161
12	22	0.4	1	0 22
13	12	0.1	1	0 12
14	1	0.0	1	0 1


=== Second read: Adapter PrefixPE/2 ===

Sequence: GTGACTGGAGTTCAGACGTGTGCTCTTCCGATCT; Type: regular 3'; Length: 34; Trimmed: 117150 times

No. of allowed errors:
0-9 bp: 0; 10-19 bp: 1; 20-29 bp: 2; 30-34 bp: 3

Bases preceding removed adapters:
  A: 25.1%
  C: 16.1%
  G: 23.9%
  T: 34.9%
  none/other: 0.0%

Overview of removed sequences
length	count	expect	max.err	error counts
3	91156	111920.6	0	91156
4	21461	27980.2	0	21461
5	3129	6995.0	0	3129
6	854	1748.8	0	854
7	160	437.2	0	160
8	22	109.3	0	22
9	162	27.3	0	10 152
10	146	6.8	1	2 144
11	44	1.7	1	0 44
12	12	0.4	1	0 12
13	4	0.1	1	0 4
