This is cutadapt 2.9 with Python 3.6.6
Command line parameters: --interleaved -a file:/nas02/apps/trimmomatic-0.36/Trimmomatic-0.36/adapters/TruSeq3-PE.fa -A file:/nas02/apps/trimmomatic-0.36/Trimmomatic-0.36/adapters/TruSeq3-PE.fa -m 30 /nas/longleaf/home/zpopkinh/Pvivax_resources/wgs_pe_improved_global/fastq/ERS352725/ERR417407_1.fastq.gz /nas/longleaf/home/zpopkinh/Pvivax_resources/wgs_pe_improved_global/fastq/ERS352725/ERR417407_2.fastq.gz
Processing reads on 1 core in paired-end mode ...
Finished in 1375.76 s (131 us/read; 0.46 M reads/minute).

=== Summary ===

Total read pairs processed:         10,478,797
  Read 1 with adapter:                 390,496 (3.7%)
  Read 2 with adapter:                 390,364 (3.7%)
Pairs written (passing filters):    10,478,795 (100.0%)

Total basepairs processed: 2,095,759,400 bp
  Read 1: 1,047,879,700 bp
  Read 2: 1,047,879,700 bp
Total written (filtered):  2,093,134,099 bp (99.9%)
  Read 1: 1,046,567,265 bp
  Read 2: 1,046,566,834 bp

=== First read: Adapter PrefixPE/1 ===

Sequence: TACACTCTTTCCCTACACGACGCTCTTCCGATCT; Type: regular 3'; Length: 34; Trimmed: 184567 times

No. of allowed errors:
0-9 bp: 0; 10-19 bp: 1; 20-29 bp: 2; 30-34 bp: 3

Bases preceding removed adapters:
  A: 25.1%
  C: 22.4%
  G: 26.5%
  T: 26.0%
  none/other: 0.0%

Overview of removed sequences
length	count	expect	max.err	error counts
3	125393	163731.2	0	125393
4	44068	40932.8	0	44068
5	11073	10233.2	0	11073
6	2060	2558.3	0	2060
7	524	639.6	0	524
8	122	159.9	0	122
9	574	40.0	0	38 536
10	509	10.0	1	14 495
11	183	2.5	1	1 182
12	45	0.6	1	0 45
13	7	0.2	1	0 7
14	1	0.0	1	0 1
15	3	0.0	1	0 3
46	1	0.0	3	0 0 1
49	2	0.0	3	0 1 0 1
83	1	0.0	3	0 0 1
98	1	0.0	3	0 1


=== First read: Adapter PrefixPE/2 ===

Sequence: GTGACTGGAGTTCAGACGTGTGCTCTTCCGATCT; Type: regular 3'; Length: 34; Trimmed: 205929 times

No. of allowed errors:
0-9 bp: 0; 10-19 bp: 1; 20-29 bp: 2; 30-34 bp: 3

Bases preceding removed adapters:
  A: 22.6%
  C: 19.4%
  G: 27.4%
  T: 30.6%
  none/other: 0.0%

Overview of removed sequences
length	count	expect	max.err	error counts
3	162283	163731.2	0	162283
4	35513	40932.8	0	35513
5	5836	10233.2	0	5836
6	1349	2558.3	0	1349
7	374	639.6	0	374
8	66	159.9	0	66
9	207	40.0	0	12 195
10	213	10.0	1	2 211
11	66	2.5	1	1 65
12	16	0.6	1	0 16
13	5	0.2	1	0 5
15	1	0.0	1	0 1


=== Second read: Adapter PrefixPE/1 ===

Sequence: TACACTCTTTCCCTACACGACGCTCTTCCGATCT; Type: regular 3'; Length: 34; Trimmed: 185201 times

No. of allowed errors:
0-9 bp: 0; 10-19 bp: 1; 20-29 bp: 2; 30-34 bp: 3

Bases preceding removed adapters:
  A: 25.9%
  C: 22.3%
  G: 25.7%
  T: 26.0%
  none/other: 0.0%

Overview of removed sequences
length	count	expect	max.err	error counts
3	125727	163731.2	0	125727
4	44752	40932.8	0	44752
5	10854	10233.2	0	10854
6	1961	2558.3	0	1961
7	497	639.6	0	497
8	109	159.9	0	109
9	531	40.0	0	44 487
10	520	10.0	1	15 505
11	187	2.5	1	4 183
12	54	0.6	1	1 53
13	6	0.2	1	0 6
14	3	0.0	1	0 3


=== Second read: Adapter PrefixPE/2 ===

Sequence: GTGACTGGAGTTCAGACGTGTGCTCTTCCGATCT; Type: regular 3'; Length: 34; Trimmed: 205163 times

No. of allowed errors:
0-9 bp: 0; 10-19 bp: 1; 20-29 bp: 2; 30-34 bp: 3

Bases preceding removed adapters:
  A: 23.7%
  C: 19.1%
  G: 27.5%
  T: 29.7%
  none/other: 0.0%

Overview of removed sequences
length	count	expect	max.err	error counts
3	160384	163731.2	0	160384
4	36566	40932.8	0	36566
5	5960	10233.2	0	5960
6	1305	2558.3	0	1305
7	350	639.6	0	350
8	56	159.9	0	56
9	219	40.0	0	15 204
10	215	10.0	1	8 207
11	83	2.5	1	0 83
12	19	0.6	1	0 19
13	5	0.2	1	0 5
15	1	0.0	1	0 1
