This is cutadapt 2.9 with Python 3.6.6
Command line parameters: --interleaved -a file:/nas02/apps/trimmomatic-0.36/Trimmomatic-0.36/adapters/TruSeq3-PE.fa -A file:/nas02/apps/trimmomatic-0.36/Trimmomatic-0.36/adapters/TruSeq3-PE.fa -m 30 /nas/longleaf/home/zpopkinh/Pvivax_resources/wgs_pe_improved_global/fastq/ERS352725/ERR417398_1.fastq.gz /nas/longleaf/home/zpopkinh/Pvivax_resources/wgs_pe_improved_global/fastq/ERS352725/ERR417398_2.fastq.gz
Processing reads on 1 core in paired-end mode ...
Finished in 1523.78 s (146 us/read; 0.41 M reads/minute).

=== Summary ===

Total read pairs processed:         10,438,064
  Read 1 with adapter:                 392,680 (3.8%)
  Read 2 with adapter:                 389,176 (3.7%)
Pairs written (passing filters):    10,438,063 (100.0%)

Total basepairs processed: 2,087,612,800 bp
  Read 1: 1,043,806,400 bp
  Read 2: 1,043,806,400 bp
Total written (filtered):  2,084,984,021 bp (99.9%)
  Read 1: 1,042,486,606 bp
  Read 2: 1,042,497,415 bp

=== First read: Adapter PrefixPE/1 ===

Sequence: TACACTCTTTCCCTACACGACGCTCTTCCGATCT; Type: regular 3'; Length: 34; Trimmed: 185131 times

No. of allowed errors:
0-9 bp: 0; 10-19 bp: 1; 20-29 bp: 2; 30-34 bp: 3

Bases preceding removed adapters:
  A: 25.2%
  C: 22.2%
  G: 26.5%
  T: 26.1%
  none/other: 0.0%

Overview of removed sequences
length	count	expect	max.err	error counts
3	126006	163094.8	0	126006
4	43832	40773.7	0	43832
5	11232	10193.4	0	11232
6	2078	2548.4	0	2078
7	520	637.1	0	520
8	131	159.3	0	131
9	543	39.8	0	44 499
10	539	10.0	1	12 527
11	177	2.5	1	2 175
12	50	0.6	1	0 50
13	14	0.2	1	0 14
14	3	0.0	1	0 3
15	1	0.0	1	0 1
29	1	0.0	2	0 0 1
30	1	0.0	3	1
39	1	0.0	3	0 1
52	1	0.0	3	0 0 0 1
83	1	0.0	3	0 0 1


=== First read: Adapter PrefixPE/2 ===

Sequence: GTGACTGGAGTTCAGACGTGTGCTCTTCCGATCT; Type: regular 3'; Length: 34; Trimmed: 207549 times

No. of allowed errors:
0-9 bp: 0; 10-19 bp: 1; 20-29 bp: 2; 30-34 bp: 3

Bases preceding removed adapters:
  A: 23.0%
  C: 19.1%
  G: 27.4%
  T: 30.4%
  none/other: 0.0%

Overview of removed sequences
length	count	expect	max.err	error counts
3	163203	163094.8	0	163203
4	36116	40773.7	0	36116
5	5915	10193.4	0	5915
6	1407	2548.4	0	1407
7	375	637.1	0	375
8	61	159.3	0	61
9	197	39.8	0	18 179
10	198	10.0	1	1 197
11	65	2.5	1	0 65
12	8	0.6	1	0 8
13	4	0.2	1	0 4


=== Second read: Adapter PrefixPE/1 ===

Sequence: TACACTCTTTCCCTACACGACGCTCTTCCGATCT; Type: regular 3'; Length: 34; Trimmed: 185218 times

No. of allowed errors:
0-9 bp: 0; 10-19 bp: 1; 20-29 bp: 2; 30-34 bp: 3

Bases preceding removed adapters:
  A: 26.1%
  C: 22.3%
  G: 25.8%
  T: 25.9%
  none/other: 0.0%

Overview of removed sequences
length	count	expect	max.err	error counts
3	125702	163094.8	0	125702
4	44713	40773.7	0	44713
5	10852	10193.4	0	10852
6	2086	2548.4	0	2086
7	511	637.1	0	511
8	107	159.3	0	107
9	480	39.8	0	35 445
10	528	10.0	1	19 509
11	191	2.5	1	0 191
12	33	0.6	1	0 33
13	12	0.2	1	0 12
14	3	0.0	1	0 3


=== Second read: Adapter PrefixPE/2 ===

Sequence: GTGACTGGAGTTCAGACGTGTGCTCTTCCGATCT; Type: regular 3'; Length: 34; Trimmed: 203958 times

No. of allowed errors:
0-9 bp: 0; 10-19 bp: 1; 20-29 bp: 2; 30-34 bp: 3

Bases preceding removed adapters:
  A: 23.9%
  C: 19.0%
  G: 27.5%
  T: 29.6%
  none/other: 0.0%

Overview of removed sequences
length	count	expect	max.err	error counts
3	159392	163094.8	0	159392
4	36285	40773.7	0	36285
5	6030	10193.4	0	6030
6	1304	2548.4	0	1304
7	364	637.1	0	364
8	51	159.3	0	51
9	235	39.8	0	12 223
10	222	10.0	1	1 221
11	62	2.5	1	0 62
12	9	0.6	1	0 9
13	4	0.2	1	0 4
