This is cutadapt 2.9 with Python 3.6.6
Command line parameters: --interleaved -a file:/nas02/apps/trimmomatic-0.36/Trimmomatic-0.36/adapters/TruSeq3-PE.fa -A file:/nas02/apps/trimmomatic-0.36/Trimmomatic-0.36/adapters/TruSeq3-PE.fa -m 30 /nas/longleaf/home/zpopkinh/Pvivax_resources/wgs_pe_improved_global/fastq/ERS989902/ERR1475429_1.fastq.gz /nas/longleaf/home/zpopkinh/Pvivax_resources/wgs_pe_improved_global/fastq/ERS989902/ERR1475429_2.fastq.gz
Processing reads on 1 core in paired-end mode ...
Finished in 257.19 s (86 us/read; 0.70 M reads/minute).

=== Summary ===

Total read pairs processed:          3,003,168
  Read 1 with adapter:                 111,178 (3.7%)
  Read 2 with adapter:                 109,797 (3.7%)
Pairs written (passing filters):     3,003,167 (100.0%)

Total basepairs processed:   600,633,600 bp
  Read 1:   300,316,800 bp
  Read 2:   300,316,800 bp
Total written (filtered):    599,885,319 bp (99.9%)
  Read 1:   299,940,468 bp
  Read 2:   299,944,851 bp

=== First read: Adapter PrefixPE/1 ===

Sequence: TACACTCTTTCCCTACACGACGCTCTTCCGATCT; Type: regular 3'; Length: 34; Trimmed: 55579 times

No. of allowed errors:
0-9 bp: 0; 10-19 bp: 1; 20-29 bp: 2; 30-34 bp: 3

Bases preceding removed adapters:
  A: 27.2%
  C: 20.6%
  G: 24.7%
  T: 27.4%
  none/other: 0.0%

Overview of removed sequences
length	count	expect	max.err	error counts
3	37017	46924.5	0	37017
4	13962	11731.1	0	13962
5	3123	2932.8	0	3123
6	704	733.2	0	704
7	161	183.3	0	161
8	35	45.8	0	35
9	159	11.5	0	9 150
10	334	2.9	1	6 328
11	63	0.7	1	0 63
12	10	0.2	1	0 10
13	8	0.0	1	0 8
14	2	0.0	1	0 2
73	1	0.0	3	0 0 1


=== First read: Adapter PrefixPE/2 ===

Sequence: GTGACTGGAGTTCAGACGTGTGCTCTTCCGATCT; Type: regular 3'; Length: 34; Trimmed: 55599 times

No. of allowed errors:
0-9 bp: 0; 10-19 bp: 1; 20-29 bp: 2; 30-34 bp: 3

Bases preceding removed adapters:
  A: 25.0%
  C: 17.3%
  G: 25.7%
  T: 32.1%
  none/other: 0.0%

Overview of removed sequences
length	count	expect	max.err	error counts
3	43518	46924.5	0	43518
4	9955	11731.1	0	9955
5	1490	2932.8	0	1490
6	367	733.2	0	367
7	95	183.3	0	95
8	9	45.8	0	9
9	70	11.5	0	1 69
10	74	2.9	1	2 72
11	16	0.7	1	0 16
12	3	0.2	1	0 3
13	2	0.0	1	0 2


=== Second read: Adapter PrefixPE/1 ===

Sequence: TACACTCTTTCCCTACACGACGCTCTTCCGATCT; Type: regular 3'; Length: 34; Trimmed: 54825 times

No. of allowed errors:
0-9 bp: 0; 10-19 bp: 1; 20-29 bp: 2; 30-34 bp: 3

Bases preceding removed adapters:
  A: 26.8%
  C: 20.4%
  G: 24.9%
  T: 27.9%
  none/other: 0.0%

Overview of removed sequences
length	count	expect	max.err	error counts
3	36270	46924.5	0	36270
4	14026	11731.1	0	14026
5	3070	2932.8	0	3070
6	686	733.2	0	686
7	174	183.3	0	174
8	34	45.8	0	34
9	139	11.5	0	14 125
10	319	2.9	1	4 315
11	85	0.7	1	3 82
12	12	0.2	1	0 12
13	8	0.0	1	0 8
14	2	0.0	1	0 2


=== Second read: Adapter PrefixPE/2 ===

Sequence: GTGACTGGAGTTCAGACGTGTGCTCTTCCGATCT; Type: regular 3'; Length: 34; Trimmed: 54972 times

No. of allowed errors:
0-9 bp: 0; 10-19 bp: 1; 20-29 bp: 2; 30-34 bp: 3

Bases preceding removed adapters:
  A: 24.9%
  C: 17.3%
  G: 25.4%
  T: 32.4%
  none/other: 0.0%

Overview of removed sequences
length	count	expect	max.err	error counts
3	43063	46924.5	0	43063
4	9748	11731.1	0	9748
5	1529	2932.8	0	1529
6	376	733.2	0	376
7	87	183.3	0	87
8	12	45.8	0	12
9	66	11.5	0	3 63
10	63	2.9	1	0 63
11	23	0.7	1	0 23
12	2	0.2	1	0 2
13	3	0.0	1	0 3
