This is cutadapt 2.9 with Python 3.6.6
Command line parameters: --interleaved -a file:/nas02/apps/trimmomatic-0.36/Trimmomatic-0.36/adapters/TruSeq3-PE.fa -A file:/nas02/apps/trimmomatic-0.36/Trimmomatic-0.36/adapters/TruSeq3-PE.fa -m 30 /nas/longleaf/home/zpopkinh/Pvivax_resources/wgs_pe_improved_global/fastq/ERS404153/ERR527467_1.fastq.gz /nas/longleaf/home/zpopkinh/Pvivax_resources/wgs_pe_improved_global/fastq/ERS404153/ERR527467_2.fastq.gz
Processing reads on 1 core in paired-end mode ...
Finished in 1129.10 s (93 us/read; 0.64 M reads/minute).

=== Summary ===

Total read pairs processed:         12,104,206
  Read 1 with adapter:                 342,024 (2.8%)
  Read 2 with adapter:                 334,051 (2.8%)
Pairs written (passing filters):    12,104,179 (100.0%)

Total basepairs processed: 2,420,841,200 bp
  Read 1: 1,210,420,600 bp
  Read 2: 1,210,420,600 bp
Total written (filtered):  2,418,584,395 bp (99.9%)
  Read 1: 1,209,277,748 bp
  Read 2: 1,209,306,647 bp

=== First read: Adapter PrefixPE/1 ===

Sequence: TACACTCTTTCCCTACACGACGCTCTTCCGATCT; Type: regular 3'; Length: 34; Trimmed: 134734 times

No. of allowed errors:
0-9 bp: 0; 10-19 bp: 1; 20-29 bp: 2; 30-34 bp: 3

Bases preceding removed adapters:
  A: 26.6%
  C: 27.6%
  G: 22.8%
  T: 22.9%
  none/other: 0.0%

Overview of removed sequences
length	count	expect	max.err	error counts
3	95004	189128.2	0	95004
4	31084	47282.1	0	31084
5	6427	11820.5	0	6427
6	1195	2955.1	0	1195
7	248	738.8	0	248
8	67	184.7	0	67
9	257	46.2	0	20 237
10	304	11.5	1	6 298
11	99	2.9	1	2 97
12	17	0.7	1	0 17
13	4	0.2	1	0 4
14	1	0.0	1	0 1
71	1	0.0	3	0 0 0 1
100	26	0.0	3	0 0 0 26


=== First read: Adapter PrefixPE/2 ===

Sequence: GTGACTGGAGTTCAGACGTGTGCTCTTCCGATCT; Type: regular 3'; Length: 34; Trimmed: 207290 times

No. of allowed errors:
0-9 bp: 0; 10-19 bp: 1; 20-29 bp: 2; 30-34 bp: 3

Bases preceding removed adapters:
  A: 14.0%
  C: 31.8%
  G: 36.7%
  T: 17.5%
  none/other: 0.0%

Overview of removed sequences
length	count	expect	max.err	error counts
3	160543	189128.2	0	160543
4	36965	47282.1	0	36965
5	8099	11820.5	0	8099
6	814	2955.1	0	814
7	231	738.8	0	231
8	46	184.7	0	46
9	338	46.2	0	13 325
10	195	11.5	1	2 193
11	43	2.9	1	0 43
12	11	0.7	1	0 11
13	5	0.2	1	0 5


=== Second read: Adapter PrefixPE/1 ===

Sequence: TACACTCTTTCCCTACACGACGCTCTTCCGATCT; Type: regular 3'; Length: 34; Trimmed: 130733 times

No. of allowed errors:
0-9 bp: 0; 10-19 bp: 1; 20-29 bp: 2; 30-34 bp: 3

Bases preceding removed adapters:
  A: 26.4%
  C: 27.4%
  G: 22.9%
  T: 23.3%
  none/other: 0.0%

Overview of removed sequences
length	count	expect	max.err	error counts
3	92816	189128.2	0	92816
4	29668	47282.1	0	29668
5	6151	11820.5	0	6151
6	1106	2955.1	0	1106
7	250	738.8	0	250
8	45	184.7	0	45
9	263	46.2	0	16 247
10	311	11.5	1	6 305
11	101	2.9	1	3 98
12	11	0.7	1	0 11
13	9	0.2	1	0 9
14	2	0.0	1	0 2


=== Second read: Adapter PrefixPE/2 ===

Sequence: GTGACTGGAGTTCAGACGTGTGCTCTTCCGATCT; Type: regular 3'; Length: 34; Trimmed: 203318 times

No. of allowed errors:
0-9 bp: 0; 10-19 bp: 1; 20-29 bp: 2; 30-34 bp: 3

Bases preceding removed adapters:
  A: 14.3%
  C: 31.2%
  G: 36.6%
  T: 17.9%
  none/other: 0.0%

Overview of removed sequences
length	count	expect	max.err	error counts
3	158989	189128.2	0	158989
4	34901	47282.1	0	34901
5	7777	11820.5	0	7777
6	795	2955.1	0	795
7	227	738.8	0	227
8	60	184.7	0	60
9	310	46.2	0	5 305
10	184	11.5	1	1 183
11	62	2.9	1	0 62
12	9	0.7	1	0 9
13	4	0.2	1	0 4
