This is cutadapt 2.9 with Python 3.6.6
Command line parameters: --interleaved -a file:/nas02/apps/trimmomatic-0.36/Trimmomatic-0.36/adapters/TruSeq3-PE.fa -A file:/nas02/apps/trimmomatic-0.36/Trimmomatic-0.36/adapters/TruSeq3-PE.fa -m 30 /nas/longleaf/home/zpopkinh/Pvivax_resources/wgs_pe_improved_global/fastq/SRR10969373/SRR10969373_1.fastq.gz /nas/longleaf/home/zpopkinh/Pvivax_resources/wgs_pe_improved_global/fastq/SRR10969373/SRR10969373_2.fastq.gz
Processing reads on 1 core in paired-end mode ...
Finished in 1312.38 s (147 us/read; 0.41 M reads/minute).

=== Summary ===

Total read pairs processed:          8,931,072
  Read 1 with adapter:                 327,601 (3.7%)
  Read 2 with adapter:                 328,980 (3.7%)
Pairs written (passing filters):     8,931,072 (100.0%)

Total basepairs processed: 2,679,321,600 bp
  Read 1: 1,339,660,800 bp
  Read 2: 1,339,660,800 bp
Total written (filtered):  2,677,086,756 bp (99.9%)
  Read 1: 1,338,545,155 bp
  Read 2: 1,338,541,601 bp

=== First read: Adapter PrefixPE/1 ===

Sequence: TACACTCTTTCCCTACACGACGCTCTTCCGATCT; Type: regular 3'; Length: 34; Trimmed: 163001 times

No. of allowed errors:
0-9 bp: 0; 10-19 bp: 1; 20-29 bp: 2; 30-34 bp: 3

Bases preceding removed adapters:
  A: 30.5%
  C: 20.6%
  G: 18.5%
  T: 30.5%
  none/other: 0.0%

Overview of removed sequences
length	count	expect	max.err	error counts
3	107339	139548.0	0	107339
4	43879	34887.0	0	43879
5	7776	8721.8	0	7776
6	1981	2180.4	0	1981
7	415	545.1	0	415
8	91	136.3	0	91
9	466	34.1	0	39 427
10	781	8.5	1	15 766
11	207	2.1	1	3 204
12	52	0.5	1	3 49
13	8	0.1	1	0 8
14	2	0.0	1	0 2
15	1	0.0	1	0 1
83	1	0.0	3	0 0 0 1
91	1	0.0	3	0 1
105	1	0.0	3	0 0 0 1


=== First read: Adapter PrefixPE/2 ===

Sequence: GTGACTGGAGTTCAGACGTGTGCTCTTCCGATCT; Type: regular 3'; Length: 34; Trimmed: 164600 times

No. of allowed errors:
0-9 bp: 0; 10-19 bp: 1; 20-29 bp: 2; 30-34 bp: 3

Bases preceding removed adapters:
  A: 28.9%
  C: 10.2%
  G: 25.5%
  T: 35.3%
  none/other: 0.0%

Overview of removed sequences
length	count	expect	max.err	error counts
3	124250	139548.0	0	124250
4	32194	34887.0	0	32194
5	5342	8721.8	0	5342
6	1598	2180.4	0	1598
7	435	545.1	0	435
8	104	136.3	0	104
9	266	34.1	0	30 236
10	280	8.5	1	5 275
11	98	2.1	1	1 97
12	25	0.5	1	0 25
13	6	0.1	1	0 6
15	1	0.0	1	0 1
16	1	0.0	1	0 1


=== Second read: Adapter PrefixPE/1 ===

Sequence: TACACTCTTTCCCTACACGACGCTCTTCCGATCT; Type: regular 3'; Length: 34; Trimmed: 163267 times

No. of allowed errors:
0-9 bp: 0; 10-19 bp: 1; 20-29 bp: 2; 30-34 bp: 3

Bases preceding removed adapters:
  A: 30.4%
  C: 20.4%
  G: 18.3%
  T: 30.9%
  none/other: 0.0%

Overview of removed sequences
length	count	expect	max.err	error counts
3	107665	139548.0	0	107665
4	43948	34887.0	0	43948
5	7743	8721.8	0	7743
6	1952	2180.4	0	1952
7	387	545.1	0	387
8	121	136.3	0	121
9	487	34.1	0	47 440
10	677	8.5	1	14 663
11	216	2.1	1	2 214
12	52	0.5	1	2 50
13	10	0.1	1	0 10
14	8	0.0	1	0 8
16	1	0.0	1	0 1


=== Second read: Adapter PrefixPE/2 ===

Sequence: GTGACTGGAGTTCAGACGTGTGCTCTTCCGATCT; Type: regular 3'; Length: 34; Trimmed: 165713 times

No. of allowed errors:
0-9 bp: 0; 10-19 bp: 1; 20-29 bp: 2; 30-34 bp: 3

Bases preceding removed adapters:
  A: 28.7%
  C: 10.8%
  G: 25.8%
  T: 34.6%
  none/other: 0.0%

Overview of removed sequences
length	count	expect	max.err	error counts
3	125188	139548.0	0	125188
4	32412	34887.0	0	32412
5	5389	8721.8	0	5389
6	1526	2180.4	0	1526
7	412	545.1	0	412
8	96	136.3	0	96
9	242	34.1	0	25 217
10	314	8.5	1	8 306
11	94	2.1	1	1 93
12	28	0.5	1	0 28
13	10	0.1	1	0 10
14	1	0.0	1	0 1
100	1	0.0	3	0 0 1
