This is cutadapt 2.9 with Python 3.6.6
Command line parameters: --interleaved -a file:/nas02/apps/trimmomatic-0.36/Trimmomatic-0.36/adapters/TruSeq3-PE.fa -A file:/nas02/apps/trimmomatic-0.36/Trimmomatic-0.36/adapters/TruSeq3-PE.fa -m 30 /nas/longleaf/home/zpopkinh/Pvivax_resources/wgs_pe_improved_global/fastq/ERR5740820/ERR5740820_1.fastq.gz /nas/longleaf/home/zpopkinh/Pvivax_resources/wgs_pe_improved_global/fastq/ERR5740820/ERR5740820_2.fastq.gz
Processing reads on 1 core in paired-end mode ...
Finished in 430.90 s (124 us/read; 0.48 M reads/minute).

=== Summary ===

Total read pairs processed:          3,474,453
  Read 1 with adapter:                 118,506 (3.4%)
  Read 2 with adapter:                 115,341 (3.3%)
Pairs written (passing filters):     3,474,451 (100.0%)

Total basepairs processed: 1,049,284,806 bp
  Read 1:   524,642,403 bp
  Read 2:   524,642,403 bp
Total written (filtered):  1,048,506,936 bp (99.9%)
  Read 1:   524,247,682 bp
  Read 2:   524,259,254 bp

=== First read: Adapter PrefixPE/1 ===

Sequence: TACACTCTTTCCCTACACGACGCTCTTCCGATCT; Type: regular 3'; Length: 34; Trimmed: 45156 times

No. of allowed errors:
0-9 bp: 0; 10-19 bp: 1; 20-29 bp: 2; 30-34 bp: 3

Bases preceding removed adapters:
  A: 22.1%
  C: 26.6%
  G: 28.8%
  T: 22.5%
  none/other: 0.0%

Overview of removed sequences
length	count	expect	max.err	error counts
3	32642	54288.3	0	32642
4	9488	13572.1	0	9488
5	2356	3393.0	0	2356
6	327	848.3	0	327
7	99	212.1	0	99
8	15	53.0	0	15
9	88	13.3	0	9 79
10	95	3.3	1	0 95
11	27	0.8	1	0 27
12	9	0.2	1	0 9
13	5	0.1	1	0 5
14	2	0.0	1	0 2
15	1	0.0	1	1
90	1	0.0	3	0 0 0 1
92	1	0.0	3	0 1


=== First read: Adapter PrefixPE/2 ===

Sequence: GTGACTGGAGTTCAGACGTGTGCTCTTCCGATCT; Type: regular 3'; Length: 34; Trimmed: 73350 times

No. of allowed errors:
0-9 bp: 0; 10-19 bp: 1; 20-29 bp: 2; 30-34 bp: 3

Bases preceding removed adapters:
  A: 18.6%
  C: 23.3%
  G: 37.9%
  T: 20.2%
  none/other: 0.0%

Overview of removed sequences
length	count	expect	max.err	error counts
3	57322	54288.3	0	57322
4	12612	13572.1	0	12612
5	2526	3393.0	0	2526
6	456	848.3	0	456
7	133	212.1	0	133
8	48	53.0	0	48
9	136	13.3	0	7 129
10	80	3.3	1	1 79
11	22	0.8	1	0 22
12	8	0.2	1	0 8
13	6	0.1	1	0 6
14	1	0.0	1	0 1


=== Second read: Adapter PrefixPE/1 ===

Sequence: TACACTCTTTCCCTACACGACGCTCTTCCGATCT; Type: regular 3'; Length: 34; Trimmed: 43128 times

No. of allowed errors:
0-9 bp: 0; 10-19 bp: 1; 20-29 bp: 2; 30-34 bp: 3

Bases preceding removed adapters:
  A: 22.5%
  C: 27.7%
  G: 28.4%
  T: 21.4%
  none/other: 0.0%

Overview of removed sequences
length	count	expect	max.err	error counts
3	31202	54288.3	0	31202
4	8957	13572.1	0	8957
5	2322	3393.0	0	2322
6	328	848.3	0	328
7	93	212.1	0	93
8	23	53.0	0	23
9	71	13.3	0	8 63
10	96	3.3	1	3 93
11	29	0.8	1	1 28
12	2	0.2	1	0 2
13	3	0.1	1	0 3
151	2	0.0	3	0 0 0 2


=== Second read: Adapter PrefixPE/2 ===

Sequence: GTGACTGGAGTTCAGACGTGTGCTCTTCCGATCT; Type: regular 3'; Length: 34; Trimmed: 72213 times

No. of allowed errors:
0-9 bp: 0; 10-19 bp: 1; 20-29 bp: 2; 30-34 bp: 3

Bases preceding removed adapters:
  A: 18.5%
  C: 24.5%
  G: 37.2%
  T: 19.8%
  none/other: 0.0%

Overview of removed sequences
length	count	expect	max.err	error counts
3	57350	54288.3	0	57350
4	11419	13572.1	0	11419
5	2558	3393.0	0	2558
6	456	848.3	0	456
7	123	212.1	0	123
8	55	53.0	0	55
9	113	13.3	0	5 108
10	95	3.3	1	0 95
11	34	0.8	1	0 34
12	7	0.2	1	0 7
13	2	0.1	1	0 2
15	1	0.0	1	0 1
