This is cutadapt 2.9 with Python 3.6.6
Command line parameters: --interleaved -a file:/nas02/apps/trimmomatic-0.36/Trimmomatic-0.36/adapters/TruSeq3-PE.fa -A file:/nas02/apps/trimmomatic-0.36/Trimmomatic-0.36/adapters/TruSeq3-PE.fa -m 30 /nas/longleaf/home/zpopkinh/Pvivax_resources/wgs_pe_improved_global/fastq/SRS694265/SRR1565137_1.fastq.gz /nas/longleaf/home/zpopkinh/Pvivax_resources/wgs_pe_improved_global/fastq/SRS694265/SRR1565137_2.fastq.gz
Processing reads on 1 core in paired-end mode ...
Finished in 0.75 s (49 us/read; 1.22 M reads/minute).

=== Summary ===

Total read pairs processed:             15,234
  Read 1 with adapter:                     477 (3.1%)
  Read 2 with adapter:                     559 (3.7%)
Pairs written (passing filters):        15,233 (100.0%)

Total basepairs processed:     3,077,268 bp
  Read 1:     1,538,634 bp
  Read 2:     1,538,634 bp
Total written (filtered):      3,073,540 bp (99.9%)
  Read 1:     1,536,885 bp
  Read 2:     1,536,655 bp

=== First read: Adapter PrefixPE/1 ===

Sequence: TACACTCTTTCCCTACACGACGCTCTTCCGATCT; Type: regular 3'; Length: 34; Trimmed: 264 times

No. of allowed errors:
0-9 bp: 0; 10-19 bp: 1; 20-29 bp: 2; 30-34 bp: 3

Bases preceding removed adapters:
  A: 29.9%
  C: 18.2%
  G: 28.0%
  T: 23.5%
  none/other: 0.4%

Overview of removed sequences
length	count	expect	max.err	error counts
3	169	238.0	0	169
4	72	59.5	0	72
5	12	14.9	0	12
6	3	3.7	0	3
7	2	0.9	0	2
9	2	0.1	0	0 2
10	2	0.0	1	0 2
11	1	0.0	1	0 1
101	1	0.0	3	0 1


=== First read: Adapter PrefixPE/2 ===

Sequence: GTGACTGGAGTTCAGACGTGTGCTCTTCCGATCT; Type: regular 3'; Length: 34; Trimmed: 213 times

No. of allowed errors:
0-9 bp: 0; 10-19 bp: 1; 20-29 bp: 2; 30-34 bp: 3

Bases preceding removed adapters:
  A: 30.5%
  C: 11.3%
  G: 18.8%
  T: 39.4%
  none/other: 0.0%

Overview of removed sequences
length	count	expect	max.err	error counts
3	157	238.0	0	157
4	47	59.5	0	47
5	5	14.9	0	5
6	3	3.7	0	3
10	1	0.0	1	0 1


=== Second read: Adapter PrefixPE/1 ===

Sequence: TACACTCTTTCCCTACACGACGCTCTTCCGATCT; Type: regular 3'; Length: 34; Trimmed: 254 times

No. of allowed errors:
0-9 bp: 0; 10-19 bp: 1; 20-29 bp: 2; 30-34 bp: 3

Bases preceding removed adapters:
  A: 29.5%
  C: 18.9%
  G: 24.8%
  T: 26.8%
  none/other: 0.0%

Overview of removed sequences
length	count	expect	max.err	error counts
3	171	238.0	0	171
4	66	59.5	0	66
5	6	14.9	0	6
6	5	3.7	0	5
7	2	0.9	0	2
10	3	0.0	1	0 3
11	1	0.0	1	0 1


=== Second read: Adapter PrefixPE/2 ===

Sequence: GTGACTGGAGTTCAGACGTGTGCTCTTCCGATCT; Type: regular 3'; Length: 34; Trimmed: 305 times

No. of allowed errors:
0-9 bp: 0; 10-19 bp: 1; 20-29 bp: 2; 30-34 bp: 3

Bases preceding removed adapters:
  A: 31.1%
  C: 25.9%
  G: 17.0%
  T: 25.9%
  none/other: 0.0%

Overview of removed sequences
length	count	expect	max.err	error counts
3	242	238.0	0	242
4	55	59.5	0	55
5	8	14.9	0	8
