This is cutadapt 2.9 with Python 3.6.6
Command line parameters: --interleaved -a file:/nas02/apps/trimmomatic-0.36/Trimmomatic-0.36/adapters/TruSeq3-PE.fa -A file:/nas02/apps/trimmomatic-0.36/Trimmomatic-0.36/adapters/TruSeq3-PE.fa -m 30 /nas/longleaf/home/zpopkinh/Pvivax_resources/wgs_pe_improved_global/fastq/ERR5740837/ERR5740837_1.fastq.gz /nas/longleaf/home/zpopkinh/Pvivax_resources/wgs_pe_improved_global/fastq/ERR5740837/ERR5740837_2.fastq.gz
Processing reads on 1 core in paired-end mode ...
Finished in 475.87 s (130 us/read; 0.46 M reads/minute).

=== Summary ===

Total read pairs processed:          3,652,264
  Read 1 with adapter:                 132,948 (3.6%)
  Read 2 with adapter:                 131,074 (3.6%)
Pairs written (passing filters):     3,652,260 (100.0%)

Total basepairs processed: 1,102,983,728 bp
  Read 1:   551,491,864 bp
  Read 2:   551,491,864 bp
Total written (filtered):  1,102,091,798 bp (99.9%)
  Read 1:   551,042,700 bp
  Read 2:   551,049,098 bp

=== First read: Adapter PrefixPE/1 ===

Sequence: TACACTCTTTCCCTACACGACGCTCTTCCGATCT; Type: regular 3'; Length: 34; Trimmed: 59649 times

No. of allowed errors:
0-9 bp: 0; 10-19 bp: 1; 20-29 bp: 2; 30-34 bp: 3

Bases preceding removed adapters:
  A: 25.7%
  C: 24.1%
  G: 23.0%
  T: 27.2%
  none/other: 0.0%

Overview of removed sequences
length	count	expect	max.err	error counts
3	40201	57066.6	0	40201
4	14747	14266.7	0	14747
5	3270	3566.7	0	3270
6	694	891.7	0	694
7	156	222.9	0	156
8	42	55.7	0	42
9	168	13.9	0	9 159
10	253	3.5	1	6 247
11	85	0.9	1	0 85
12	26	0.2	1	0 26
13	3	0.1	1	0 3
15	1	0.0	1	0 1
17	1	0.0	1	0 1
48	1	0.0	3	0 0 1
151	1	0.0	3	0 0 0 1


=== First read: Adapter PrefixPE/2 ===

Sequence: GTGACTGGAGTTCAGACGTGTGCTCTTCCGATCT; Type: regular 3'; Length: 34; Trimmed: 73299 times

No. of allowed errors:
0-9 bp: 0; 10-19 bp: 1; 20-29 bp: 2; 30-34 bp: 3

Bases preceding removed adapters:
  A: 25.5%
  C: 14.8%
  G: 28.1%
  T: 31.6%
  none/other: 0.0%

Overview of removed sequences
length	count	expect	max.err	error counts
3	56725	57066.6	0	56725
4	13411	14266.7	0	13411
5	2194	3566.7	0	2194
6	562	891.7	0	562
7	155	222.9	0	155
8	38	55.7	0	38
9	112	13.9	0	12 100
10	71	3.5	1	3 68
11	23	0.9	1	1 22
12	7	0.2	1	0 7
14	1	0.0	1	0 1


=== Second read: Adapter PrefixPE/1 ===

Sequence: TACACTCTTTCCCTACACGACGCTCTTCCGATCT; Type: regular 3'; Length: 34; Trimmed: 58127 times

No. of allowed errors:
0-9 bp: 0; 10-19 bp: 1; 20-29 bp: 2; 30-34 bp: 3

Bases preceding removed adapters:
  A: 26.4%
  C: 24.4%
  G: 23.4%
  T: 25.7%
  none/other: 0.0%

Overview of removed sequences
length	count	expect	max.err	error counts
3	39147	57066.6	0	39147
4	14329	14266.7	0	14329
5	3290	3566.7	0	3290
6	669	891.7	0	669
7	162	222.9	0	162
8	36	55.7	0	36
9	165	13.9	0	12 153
10	227	3.5	1	3 224
11	77	0.9	1	3 74
12	17	0.2	1	0 17
13	1	0.1	1	0 1
14	2	0.0	1	0 2
92	1	0.0	3	1
119	1	0.0	3	1
127	1	0.0	3	1
151	2	0.0	3	0 1 0 1


=== Second read: Adapter PrefixPE/2 ===

Sequence: GTGACTGGAGTTCAGACGTGTGCTCTTCCGATCT; Type: regular 3'; Length: 34; Trimmed: 72947 times

No. of allowed errors:
0-9 bp: 0; 10-19 bp: 1; 20-29 bp: 2; 30-34 bp: 3

Bases preceding removed adapters:
  A: 25.6%
  C: 16.0%
  G: 27.8%
  T: 30.7%
  none/other: 0.0%

Overview of removed sequences
length	count	expect	max.err	error counts
3	56877	57066.6	0	56877
4	12847	14266.7	0	12847
5	2178	3566.7	0	2178
6	565	891.7	0	565
7	171	222.9	0	171
8	41	55.7	0	41
9	128	13.9	0	12 116
10	94	3.5	1	3 91
11	33	0.9	1	0 33
12	12	0.2	1	0 12
38	1	0.0	3	0 1
