This is cutadapt 2.9 with Python 3.6.6
Command line parameters: --interleaved -a file:/nas02/apps/trimmomatic-0.36/Trimmomatic-0.36/adapters/TruSeq3-PE.fa -A file:/nas02/apps/trimmomatic-0.36/Trimmomatic-0.36/adapters/TruSeq3-PE.fa -m 30 /nas/longleaf/home/zpopkinh/Pvivax_resources/new_seqs_2021/fastq/MDP4295/MDP4295_1.fastq.gz /nas/longleaf/home/zpopkinh/Pvivax_resources/new_seqs_2021/fastq/MDP4295/MDP4295_2.fastq.gz
Processing reads on 1 core in paired-end mode ...
Finished in 725.47 s (138 us/read; 0.43 M reads/minute).

=== Summary ===

Total read pairs processed:          5,253,597
  Read 1 with adapter:                 149,099 (2.8%)
  Read 2 with adapter:                 207,622 (4.0%)
Pairs written (passing filters):     5,253,597 (100.0%)

Total basepairs processed: 1,576,079,100 bp
  Read 1:   788,039,550 bp
  Read 2:   788,039,550 bp
Total written (filtered):  1,574,902,096 bp (99.9%)
  Read 1:   787,538,183 bp
  Read 2:   787,363,913 bp

=== First read: Adapter PrefixPE/1 ===

Sequence: TACACTCTTTCCCTACACGACGCTCTTCCGATCT; Type: regular 3'; Length: 34; Trimmed: 72240 times

No. of allowed errors:
0-9 bp: 0; 10-19 bp: 1; 20-29 bp: 2; 30-34 bp: 3

Bases preceding removed adapters:
  A: 25.4%
  C: 22.1%
  G: 25.0%
  T: 27.4%
  none/other: 0.0%

Overview of removed sequences
length	count	expect	max.err	error counts
3	48938	82087.5	0	48938
4	17577	20521.9	0	17577
5	4126	5130.5	0	4126
6	779	1282.6	0	779
7	194	320.7	0	194
8	43	80.2	0	43
9	232	20.0	0	9 223
10	249	5.0	1	7 242
11	77	1.3	1	1 76
12	13	0.3	1	0 13
13	8	0.1	1	0 8
14	2	0.0	1	0 2
15	1	0.0	1	0 1
80	1	0.0	3	0 0 1


=== First read: Adapter PrefixPE/2 ===

Sequence: GTGACTGGAGTTCAGACGTGTGCTCTTCCGATCT; Type: regular 3'; Length: 34; Trimmed: 76859 times

No. of allowed errors:
0-9 bp: 0; 10-19 bp: 1; 20-29 bp: 2; 30-34 bp: 3

Bases preceding removed adapters:
  A: 22.9%
  C: 19.3%
  G: 28.0%
  T: 29.9%
  none/other: 0.0%

Overview of removed sequences
length	count	expect	max.err	error counts
3	60637	82087.5	0	60637
4	13260	20521.9	0	13260
5	2171	5130.5	0	2171
6	452	1282.6	0	452
7	123	320.7	0	123
8	35	80.2	0	35
9	77	20.0	0	7 70
10	73	5.0	1	2 71
11	23	1.3	1	2 21
12	8	0.3	1	0 8


=== Second read: Adapter PrefixPE/1 ===

Sequence: TACACTCTTTCCCTACACGACGCTCTTCCGATCT; Type: regular 3'; Length: 34; Trimmed: 69517 times

No. of allowed errors:
0-9 bp: 0; 10-19 bp: 1; 20-29 bp: 2; 30-34 bp: 3

Bases preceding removed adapters:
  A: 25.7%
  C: 22.8%
  G: 24.5%
  T: 27.0%
  none/other: 0.0%

Overview of removed sequences
length	count	expect	max.err	error counts
3	47101	82087.5	0	47101
4	16899	20521.9	0	16899
5	3944	5130.5	0	3944
6	753	1282.6	0	753
7	180	320.7	0	180
8	47	80.2	0	47
9	230	20.0	0	11 219
10	261	5.0	1	3 258
11	77	1.3	1	0 77
12	18	0.3	1	0 18
13	3	0.1	1	0 3
14	2	0.0	1	0 2
15	2	0.0	1	0 2


=== Second read: Adapter PrefixPE/2 ===

Sequence: GTGACTGGAGTTCAGACGTGTGCTCTTCCGATCT; Type: regular 3'; Length: 34; Trimmed: 138105 times

No. of allowed errors:
0-9 bp: 0; 10-19 bp: 1; 20-29 bp: 2; 30-34 bp: 3

Bases preceding removed adapters:
  A: 24.8%
  C: 34.1%
  G: 24.7%
  T: 16.4%
  none/other: 0.0%

Overview of removed sequences
length	count	expect	max.err	error counts
3	122149	82087.5	0	122149
4	13032	20521.9	0	13032
5	2092	5130.5	0	2092
6	475	1282.6	0	475
7	142	320.7	0	142
8	19	80.2	0	19
9	72	20.0	0	7 65
10	86	5.0	1	2 84
11	26	1.3	1	0 26
12	10	0.3	1	0 10
13	1	0.1	1	0 1
66	1	0.0	3	0 0 1
