This is cutadapt 2.9 with Python 3.6.6
Command line parameters: --interleaved -a file:/nas02/apps/trimmomatic-0.36/Trimmomatic-0.36/adapters/TruSeq3-PE.fa -A file:/nas02/apps/trimmomatic-0.36/Trimmomatic-0.36/adapters/TruSeq3-PE.fa -m 30 /nas/longleaf/home/zpopkinh/Pvivax_resources/wgs_pe_improved_global/fastq/ERS403554/ERR527370_1.fastq.gz /nas/longleaf/home/zpopkinh/Pvivax_resources/wgs_pe_improved_global/fastq/ERS403554/ERR527370_2.fastq.gz
Processing reads on 1 core in paired-end mode ...
Finished in 1527.26 s (87 us/read; 0.69 M reads/minute).

=== Summary ===

Total read pairs processed:         17,514,705
  Read 1 with adapter:                 642,834 (3.7%)
  Read 2 with adapter:                 633,410 (3.6%)
Pairs written (passing filters):    17,514,704 (100.0%)

Total basepairs processed: 3,502,941,000 bp
  Read 1: 1,751,470,500 bp
  Read 2: 1,751,470,500 bp
Total written (filtered):  3,498,626,168 bp (99.9%)
  Read 1: 1,749,296,976 bp
  Read 2: 1,749,329,192 bp

=== First read: Adapter PrefixPE/1 ===

Sequence: TACACTCTTTCCCTACACGACGCTCTTCCGATCT; Type: regular 3'; Length: 34; Trimmed: 353529 times

No. of allowed errors:
0-9 bp: 0; 10-19 bp: 1; 20-29 bp: 2; 30-34 bp: 3

Bases preceding removed adapters:
  A: 29.7%
  C: 17.7%
  G: 22.0%
  T: 30.5%
  none/other: 0.0%

Overview of removed sequences
length	count	expect	max.err	error counts
3	234828	273667.3	0	234828
4	92612	68416.8	0	92612
5	18462	17104.2	0	18462
6	4080	4276.1	0	4080
7	808	1069.0	0	808
8	170	267.3	0	170
9	1042	66.8	0	81 961
10	1066	16.7	1	24 1042
11	358	4.2	1	4 354
12	76	1.0	1	2 74
13	15	0.3	1	0 15
14	10	0.1	1	0 10
15	1	0.0	1	0 1
100	1	0.0	3	0 0 1


=== First read: Adapter PrefixPE/2 ===

Sequence: GTGACTGGAGTTCAGACGTGTGCTCTTCCGATCT; Type: regular 3'; Length: 34; Trimmed: 289305 times

No. of allowed errors:
0-9 bp: 0; 10-19 bp: 1; 20-29 bp: 2; 30-34 bp: 3

Bases preceding removed adapters:
  A: 24.3%
  C: 18.0%
  G: 25.2%
  T: 32.5%
  none/other: 0.0%

Overview of removed sequences
length	count	expect	max.err	error counts
3	224576	273667.3	0	224576
4	53870	68416.8	0	53870
5	7889	17104.2	0	7889
6	1853	4276.1	0	1853
7	399	1069.0	0	399
8	61	267.3	0	61
9	290	66.8	0	9 281
10	272	16.7	1	3 269
11	77	4.2	1	0 77
12	15	1.0	1	0 15
13	3	0.3	1	0 3


=== Second read: Adapter PrefixPE/1 ===

Sequence: TACACTCTTTCCCTACACGACGCTCTTCCGATCT; Type: regular 3'; Length: 34; Trimmed: 349061 times

No. of allowed errors:
0-9 bp: 0; 10-19 bp: 1; 20-29 bp: 2; 30-34 bp: 3

Bases preceding removed adapters:
  A: 29.9%
  C: 17.9%
  G: 21.7%
  T: 30.5%
  none/other: 0.0%

Overview of removed sequences
length	count	expect	max.err	error counts
3	231657	273667.3	0	231657
4	91603	68416.8	0	91603
5	18127	17104.2	0	18127
6	4169	4276.1	0	4169
7	765	1069.0	0	765
8	177	267.3	0	177
9	1044	66.8	0	63 981
10	1080	16.7	1	23 1057
11	348	4.2	1	4 344
12	67	1.0	1	2 65
13	15	0.3	1	0 15
14	8	0.1	1	0 8
15	1	0.0	1	0 1


=== Second read: Adapter PrefixPE/2 ===

Sequence: GTGACTGGAGTTCAGACGTGTGCTCTTCCGATCT; Type: regular 3'; Length: 34; Trimmed: 284349 times

No. of allowed errors:
0-9 bp: 0; 10-19 bp: 1; 20-29 bp: 2; 30-34 bp: 3

Bases preceding removed adapters:
  A: 24.3%
  C: 18.0%
  G: 25.3%
  T: 32.4%
  none/other: 0.0%

Overview of removed sequences
length	count	expect	max.err	error counts
3	221580	273667.3	0	221580
4	52157	68416.8	0	52157
5	7779	17104.2	0	7779
6	1714	4276.1	0	1714
7	408	1069.0	0	408
8	61	267.3	0	61
9	292	66.8	0	12 280
10	238	16.7	1	7 231
11	92	4.2	1	0 92
12	21	1.0	1	0 21
13	6	0.3	1	0 6
14	1	0.1	1	0 1
