This is cutadapt 2.9 with Python 3.6.6
Command line parameters: --interleaved -a file:/nas02/apps/trimmomatic-0.36/Trimmomatic-0.36/adapters/TruSeq3-PE.fa -A file:/nas02/apps/trimmomatic-0.36/Trimmomatic-0.36/adapters/TruSeq3-PE.fa -m 30 /nas/longleaf/home/zpopkinh/Pvivax_resources/wgs_pe_improved_global/fastq/SRS363190/SRR572649_1.fastq.gz /nas/longleaf/home/zpopkinh/Pvivax_resources/wgs_pe_improved_global/fastq/SRS363190/SRR572649_2.fastq.gz
Processing reads on 1 core in paired-end mode ...
Finished in 29792.94 s (151 us/read; 0.40 M reads/minute).

=== Summary ===

Total read pairs processed:        197,897,537
  Read 1 with adapter:               6,596,726 (3.3%)
  Read 2 with adapter:               6,436,438 (3.3%)
Pairs written (passing filters):   197,896,420 (100.0%)

Total basepairs processed: 39,579,507,400 bp
  Read 1: 19,789,753,700 bp
  Read 2: 19,789,753,700 bp
Total written (filtered):  39,534,988,352 bp (99.9%)
  Read 1: 19,767,052,476 bp
  Read 2: 19,767,935,876 bp

=== First read: Adapter PrefixPE/1 ===

Sequence: TACACTCTTTCCCTACACGACGCTCTTCCGATCT; Type: regular 3'; Length: 34; Trimmed: 3664816 times

No. of allowed errors:
0-9 bp: 0; 10-19 bp: 1; 20-29 bp: 2; 30-34 bp: 3

Bases preceding removed adapters:
  A: 31.6%
  C: 17.7%
  G: 21.3%
  T: 29.4%
  none/other: 0.0%

Overview of removed sequences
length	count	expect	max.err	error counts
3	2418667	3092149.0	0	2418667
4	969619	773037.3	0	969619
5	191434	193259.3	0	191434
6	43218	48314.8	0	43218
7	7942	12078.7	0	7942
8	1996	3019.7	0	1996
9	10886	754.9	0	770 10116
10	11033	188.7	1	275 10758
11	3703	47.2	1	21 3682
12	700	11.8	1	9 691
13	164	2.9	1	0 164
14	47	0.7	1	0 47
15	14	0.2	1	0 14
16	1	0.0	1	0 1
18	1	0.0	1	0 1
22	1	0.0	2	0 0 1
27	1	0.0	2	1
29	2	0.0	2	0 1 1
34	1	0.0	3	0 1
36	1	0.0	3	0 0 1
37	121	0.0	3	0 15 76 30
38	44	0.0	3	0 4 34 6
39	41	0.0	3	0 0 4 37
40	16	0.0	3	0 0 4 12
41	1	0.0	3	0 0 1
43	1	0.0	3	0 0 0 1
44	4	0.0	3	0 0 3 1
46	4	0.0	3	0 1 2 1
47	1	0.0	3	0 0 0 1
50	1	0.0	3	0 0 0 1
52	1	0.0	3	0 0 0 1
55	3	0.0	3	0 0 1 2
56	3	0.0	3	0 0 0 3
59	16	0.0	3	0 1 2 13
60	3	0.0	3	0 0 0 3
61	18	0.0	3	0 0 9 9
63	4	0.0	3	0 0 0 4
64	2	0.0	3	0 0 0 2
65	26	0.0	3	0 3 4 19
66	1	0.0	3	0 0 0 1
67	5	0.0	3	0 0 1 4
68	14	0.0	3	0 0 2 12
69	3912	0.0	3	0 87 1531 2294
70	32	0.0	3	0 0 3 29
71	511	0.0	3	0 0 12 499
72	1	0.0	3	0 0 0 1
73	4	0.0	3	0 1 0 3
74	1	0.0	3	0 0 1
75	2	0.0	3	0 0 1 1
89	1	0.0	3	0 0 0 1
96	2	0.0	3	1 0 0 1
100	589	0.0	3	0 2 108 479


=== First read: Adapter PrefixPE/2 ===

Sequence: GTGACTGGAGTTCAGACGTGTGCTCTTCCGATCT; Type: regular 3'; Length: 34; Trimmed: 2931910 times

No. of allowed errors:
0-9 bp: 0; 10-19 bp: 1; 20-29 bp: 2; 30-34 bp: 3

Bases preceding removed adapters:
  A: 24.9%
  C: 17.9%
  G: 24.7%
  T: 32.5%
  none/other: 0.0%

Overview of removed sequences
length	count	expect	max.err	error counts
3	2278877	3092149.0	0	2278877
4	541648	773037.3	0	541648
5	81674	193259.3	0	81674
6	18515	48314.8	0	18515
7	4302	12078.7	0	4302
8	660	3019.7	0	660
9	2580	754.9	0	204 2376
10	2550	188.7	1	62 2488
11	803	47.2	1	10 793
12	246	11.8	1	0 246
13	50	2.9	1	0 50
100	5	0.0	3	0 1 4


=== Second read: Adapter PrefixPE/1 ===

Sequence: TACACTCTTTCCCTACACGACGCTCTTCCGATCT; Type: regular 3'; Length: 34; Trimmed: 3444045 times

No. of allowed errors:
0-9 bp: 0; 10-19 bp: 1; 20-29 bp: 2; 30-34 bp: 3

Bases preceding removed adapters:
  A: 31.5%
  C: 17.6%
  G: 21.5%
  T: 29.4%
  none/other: 0.0%

Overview of removed sequences
length	count	expect	max.err	error counts
3	2275394	3092149.0	0	2275394
4	914769	773037.3	0	914769
5	181068	193259.3	0	181068
6	39565	48314.8	0	39565
7	7459	12078.7	0	7459
8	1824	3019.7	0	1824
9	9723	754.9	0	635 9088
10	10107	188.7	1	294 9813
11	3215	47.2	1	21 3194
12	697	11.8	1	11 686
13	154	2.9	1	0 154
14	53	0.7	1	0 53
15	14	0.2	1	0 14
19	1	0.0	1	0 1
20	1	0.0	2	0 0 1
100	1	0.0	3	0 1


=== Second read: Adapter PrefixPE/2 ===

Sequence: GTGACTGGAGTTCAGACGTGTGCTCTTCCGATCT; Type: regular 3'; Length: 34; Trimmed: 2992393 times

No. of allowed errors:
0-9 bp: 0; 10-19 bp: 1; 20-29 bp: 2; 30-34 bp: 3

Bases preceding removed adapters:
  A: 26.1%
  C: 19.1%
  G: 24.7%
  T: 30.2%
  none/other: 0.0%

Overview of removed sequences
length	count	expect	max.err	error counts
3	2355972	3092149.0	0	2355972
4	530482	773037.3	0	530482
5	77804	193259.3	0	77804
6	17488	48314.8	0	17488
7	3936	12078.7	0	3936
8	612	3019.7	0	612
9	2542	754.9	0	168 2374
10	2498	188.7	1	59 2439
11	784	47.2	1	8 776
12	224	11.8	1	0 224
13	50	2.9	1	0 50
15	1	0.2	1	0 1
