This is cutadapt 2.9 with Python 3.6.6
Command line parameters: --interleaved -a file:/nas02/apps/trimmomatic-0.36/Trimmomatic-0.36/adapters/TruSeq3-PE.fa -A file:/nas02/apps/trimmomatic-0.36/Trimmomatic-0.36/adapters/TruSeq3-PE.fa -m 30 /nas/longleaf/home/zpopkinh/Pvivax_resources/wgs_pe_improved_global/fastq/ERS2593850/ERR2678991_1.fastq.gz /nas/longleaf/home/zpopkinh/Pvivax_resources/wgs_pe_improved_global/fastq/ERS2593850/ERR2678991_2.fastq.gz
Processing reads on 1 core in paired-end mode ...
Finished in 16523.27 s (126 us/read; 0.48 M reads/minute).

=== Summary ===

Total read pairs processed:        131,144,216
  Read 1 with adapter:               4,604,382 (3.5%)
  Read 2 with adapter:               4,357,744 (3.3%)
Pairs written (passing filters):   131,144,214 (100.0%)

Total basepairs processed: 39,605,553,232 bp
  Read 1: 19,802,776,616 bp
  Read 2: 19,802,776,616 bp
Total written (filtered):  39,575,300,313 bp (99.9%)
  Read 1: 19,787,216,126 bp
  Read 2: 19,788,084,187 bp

=== First read: Adapter PrefixPE/1 ===

Sequence: TACACTCTTTCCCTACACGACGCTCTTCCGATCT; Type: regular 3'; Length: 34; Trimmed: 2402029 times

No. of allowed errors:
0-9 bp: 0; 10-19 bp: 1; 20-29 bp: 2; 30-34 bp: 3

Bases preceding removed adapters:
  A: 29.3%
  C: 18.7%
  G: 22.6%
  T: 29.3%
  none/other: 0.0%

Overview of removed sequences
length	count	expect	max.err	error counts
3	1570521	2049128.4	0	1570521
4	647799	512282.1	0	647799
5	129211	128070.5	0	129211
6	28468	32017.6	0	28468
7	5397	8004.4	0	5397
8	1340	2001.1	0	1340
9	7923	500.3	0	551 7372
10	8014	125.1	1	200 7814
11	2509	31.3	1	33 2476
12	618	7.8	1	5 613
13	154	2.0	1	0 154
14	53	0.5	1	0 53
15	1	0.1	1	0 1
42	1	0.0	3	0 0 0 1
45	1	0.0	3	0 0 1
48	2	0.0	3	0 0 0 2
50	1	0.0	3	1
86	2	0.0	3	0 1 0 1
87	1	0.0	3	0 0 1
88	1	0.0	3	0 0 1
90	2	0.0	3	0 1 0 1
91	4	0.0	3	0 2 1 1
92	3	0.0	3	0 2 0 1
93	3	0.0	3	0 0 1 2


=== First read: Adapter PrefixPE/2 ===

Sequence: GTGACTGGAGTTCAGACGTGTGCTCTTCCGATCT; Type: regular 3'; Length: 34; Trimmed: 2202353 times

No. of allowed errors:
0-9 bp: 0; 10-19 bp: 1; 20-29 bp: 2; 30-34 bp: 3

Bases preceding removed adapters:
  A: 23.0%
  C: 19.3%
  G: 27.2%
  T: 30.5%
  none/other: 0.0%

Overview of removed sequences
length	count	expect	max.err	error counts
3	1737047	2049128.4	0	1737047
4	382149	512282.1	0	382149
5	60876	128070.5	0	60876
6	13286	32017.6	0	13286
7	3395	8004.4	0	3395
8	590	2001.1	0	590
9	2283	500.3	0	142 2141
10	1924	125.1	1	44 1880
11	614	31.3	1	0 614
12	151	7.8	1	0 151
13	36	2.0	1	0 36
14	2	0.5	1	0 2


=== Second read: Adapter PrefixPE/1 ===

Sequence: TACACTCTTTCCCTACACGACGCTCTTCCGATCT; Type: regular 3'; Length: 34; Trimmed: 2147777 times

No. of allowed errors:
0-9 bp: 0; 10-19 bp: 1; 20-29 bp: 2; 30-34 bp: 3

Bases preceding removed adapters:
  A: 28.7%
  C: 20.4%
  G: 22.7%
  T: 28.3%
  none/other: 0.0%

Overview of removed sequences
length	count	expect	max.err	error counts
3	1388422	2049128.4	0	1388422
4	586553	512282.1	0	586553
5	119986	128070.5	0	119986
6	25631	32017.6	0	25631
7	5633	8004.4	0	5633
8	1422	2001.1	0	1422
9	8254	500.3	0	593 7661
10	8378	125.1	1	215 8163
11	2561	31.3	1	28 2533
12	664	7.8	1	7 657
13	205	2.0	1	2 203
14	55	0.5	1	0 55
15	8	0.1	1	0 8
16	1	0.0	1	0 1
20	1	0.0	2	0 0 1
62	1	0.0	3	1
143	1	0.0	3	0 0 1
151	1	0.0	3	0 0 0 1


=== Second read: Adapter PrefixPE/2 ===

Sequence: GTGACTGGAGTTCAGACGTGTGCTCTTCCGATCT; Type: regular 3'; Length: 34; Trimmed: 2209967 times

No. of allowed errors:
0-9 bp: 0; 10-19 bp: 1; 20-29 bp: 2; 30-34 bp: 3

Bases preceding removed adapters:
  A: 21.8%
  C: 20.8%
  G: 28.0%
  T: 29.4%
  none/other: 0.0%

Overview of removed sequences
length	count	expect	max.err	error counts
3	1793200	2049128.4	0	1793200
4	333618	512282.1	0	333618
5	60748	128070.5	0	60748
6	12475	32017.6	0	12475
7	3524	8004.4	0	3524
8	891	2001.1	0	891
9	2485	500.3	0	147 2338
10	2118	125.1	1	54 2064
11	683	31.3	1	2 681
12	181	7.8	1	2 179
13	38	2.0	1	0 38
14	4	0.5	1	0 4
15	2	0.1	1	0 2
