This is cutadapt 2.9 with Python 3.6.6
Command line parameters: --interleaved -a file:/nas02/apps/trimmomatic-0.36/Trimmomatic-0.36/adapters/TruSeq3-PE.fa -A file:/nas02/apps/trimmomatic-0.36/Trimmomatic-0.36/adapters/TruSeq3-PE.fa -m 30 /nas/longleaf/home/zpopkinh/Pvivax_resources/wgs_pe_improved_global/fastq/ERS164674/ERR211561_1.fastq.gz /nas/longleaf/home/zpopkinh/Pvivax_resources/wgs_pe_improved_global/fastq/ERS164674/ERR211561_2.fastq.gz
Processing reads on 1 core in paired-end mode ...
Finished in 1666.60 s (100 us/read; 0.60 M reads/minute).

=== Summary ===

Total read pairs processed:         16,625,205
  Read 1 with adapter:                 601,263 (3.6%)
  Read 2 with adapter:                 587,873 (3.5%)
Pairs written (passing filters):    16,625,204 (100.0%)

Total basepairs processed: 3,325,041,000 bp
  Read 1: 1,662,520,500 bp
  Read 2: 1,662,520,500 bp
Total written (filtered):  3,321,013,839 bp (99.9%)
  Read 1: 1,660,483,358 bp
  Read 2: 1,660,530,481 bp

=== First read: Adapter PrefixPE/1 ===

Sequence: TACACTCTTTCCCTACACGACGCTCTTCCGATCT; Type: regular 3'; Length: 34; Trimmed: 348197 times

No. of allowed errors:
0-9 bp: 0; 10-19 bp: 1; 20-29 bp: 2; 30-34 bp: 3

Bases preceding removed adapters:
  A: 31.3%
  C: 16.7%
  G: 20.6%
  T: 31.4%
  none/other: 0.0%

Overview of removed sequences
length	count	expect	max.err	error counts
3	230799	259768.8	0	230799
4	92020	64942.2	0	92020
5	17724	16235.6	0	17724
6	4089	4058.9	0	4089
7	736	1014.7	0	736
8	189	253.7	0	189
9	1096	63.4	0	69 1027
10	1108	15.9	1	32 1076
11	342	4.0	1	5 337
12	71	1.0	1	0 71
13	17	0.2	1	0 17
14	4	0.1	1	0 4
15	1	0.0	1	0 1
100	1	0.0	3	0 0 1


=== First read: Adapter PrefixPE/2 ===

Sequence: GTGACTGGAGTTCAGACGTGTGCTCTTCCGATCT; Type: regular 3'; Length: 34; Trimmed: 253066 times

No. of allowed errors:
0-9 bp: 0; 10-19 bp: 1; 20-29 bp: 2; 30-34 bp: 3

Bases preceding removed adapters:
  A: 24.5%
  C: 17.4%
  G: 23.9%
  T: 34.2%
  none/other: 0.0%

Overview of removed sequences
length	count	expect	max.err	error counts
3	196406	259768.8	0	196406
4	47003	64942.2	0	47003
5	7066	16235.6	0	7066
6	1562	4058.9	0	1562
7	363	1014.7	0	363
8	58	253.7	0	58
9	256	63.4	0	13 243
10	245	15.9	1	4 241
11	81	4.0	1	0 81
12	23	1.0	1	0 23
13	3	0.2	1	0 3


=== Second read: Adapter PrefixPE/1 ===

Sequence: TACACTCTTTCCCTACACGACGCTCTTCCGATCT; Type: regular 3'; Length: 34; Trimmed: 340425 times

No. of allowed errors:
0-9 bp: 0; 10-19 bp: 1; 20-29 bp: 2; 30-34 bp: 3

Bases preceding removed adapters:
  A: 31.4%
  C: 16.9%
  G: 20.2%
  T: 31.6%
  none/other: 0.0%

Overview of removed sequences
length	count	expect	max.err	error counts
3	225905	259768.8	0	225905
4	89941	64942.2	0	89941
5	17152	16235.6	0	17152
6	3914	4058.9	0	3914
7	730	1014.7	0	730
8	175	253.7	0	175
9	1069	63.4	0	82 987
10	1093	15.9	1	22 1071
11	345	4.0	1	2 343
12	77	1.0	1	0 77
13	18	0.2	1	0 18
14	2	0.1	1	0 2
15	4	0.0	1	0 4


=== Second read: Adapter PrefixPE/2 ===

Sequence: GTGACTGGAGTTCAGACGTGTGCTCTTCCGATCT; Type: regular 3'; Length: 34; Trimmed: 247448 times

No. of allowed errors:
0-9 bp: 0; 10-19 bp: 1; 20-29 bp: 2; 30-34 bp: 3

Bases preceding removed adapters:
  A: 24.2%
  C: 17.6%
  G: 24.3%
  T: 33.9%
  none/other: 0.0%

Overview of removed sequences
length	count	expect	max.err	error counts
3	192732	259768.8	0	192732
4	45607	64942.2	0	45607
5	6633	16235.6	0	6633
6	1566	4058.9	0	1566
7	314	1014.7	0	314
8	62	253.7	0	62
9	236	63.4	0	10 226
10	207	15.9	1	5 202
11	75	4.0	1	1 74
12	12	1.0	1	0 12
13	4	0.2	1	0 4
