This is cutadapt 2.9 with Python 3.6.6
Command line parameters: --interleaved -a file:/nas02/apps/trimmomatic-0.36/Trimmomatic-0.36/adapters/TruSeq3-PE.fa -A file:/nas02/apps/trimmomatic-0.36/Trimmomatic-0.36/adapters/TruSeq3-PE.fa -m 30 /nas/longleaf/home/zpopkinh/Pvivax_resources/wgs_pe_improved_global/fastq/ERS010042/ERR019040_1.fastq.gz /nas/longleaf/home/zpopkinh/Pvivax_resources/wgs_pe_improved_global/fastq/ERS010042/ERR019040_2.fastq.gz
Processing reads on 1 core in paired-end mode ...
Finished in 648.58 s (69 us/read; 0.87 M reads/minute).

=== Summary ===

Total read pairs processed:          9,413,572
  Read 1 with adapter:                 357,027 (3.8%)
  Read 2 with adapter:                 361,857 (3.8%)
Pairs written (passing filters):     9,413,566 (100.0%)

Total basepairs processed: 1,430,862,944 bp
  Read 1:   715,431,472 bp
  Read 2:   715,431,472 bp
Total written (filtered):  1,428,453,170 bp (99.8%)
  Read 1:   714,234,612 bp
  Read 2:   714,218,558 bp

=== First read: Adapter PrefixPE/1 ===

Sequence: TACACTCTTTCCCTACACGACGCTCTTCCGATCT; Type: regular 3'; Length: 34; Trimmed: 159304 times

No. of allowed errors:
0-9 bp: 0; 10-19 bp: 1; 20-29 bp: 2; 30-34 bp: 3

Bases preceding removed adapters:
  A: 23.6%
  C: 23.6%
  G: 27.6%
  T: 25.3%
  none/other: 0.0%

Overview of removed sequences
length	count	expect	max.err	error counts
3	108694	147087.1	0	108694
4	36710	36771.8	0	36710
5	10307	9192.9	0	10307
6	1844	2298.2	0	1844
7	482	574.6	0	482
8	114	143.6	0	114
9	444	35.9	0	38 406
10	466	9.0	1	8 458
11	176	2.2	1	4 172
12	46	0.6	1	1 45
13	10	0.1	1	0 10
14	2	0.0	1	0 2
15	2	0.0	1	0 2
23	1	0.0	2	0 0 1
52	1	0.0	3	0 1
59	1	0.0	3	0 0 1
63	1	0.0	3	0 0 1
71	3	0.0	3	1 0 2


=== First read: Adapter PrefixPE/2 ===

Sequence: GTGACTGGAGTTCAGACGTGTGCTCTTCCGATCT; Type: regular 3'; Length: 34; Trimmed: 197723 times

No. of allowed errors:
0-9 bp: 0; 10-19 bp: 1; 20-29 bp: 2; 30-34 bp: 3

Bases preceding removed adapters:
  A: 22.1%
  C: 20.1%
  G: 28.6%
  T: 29.2%
  none/other: 0.0%

Overview of removed sequences
length	count	expect	max.err	error counts
3	157872	147087.1	0	157872
4	32114	36771.8	0	32114
5	5633	9192.9	0	5633
6	1243	2298.2	0	1243
7	291	574.6	0	291
8	45	143.6	0	45
9	241	35.9	0	7 234
10	182	9.0	1	1 181
11	68	2.2	1	0 68
12	29	0.6	1	0 29
13	5	0.1	1	0 5


=== Second read: Adapter PrefixPE/1 ===

Sequence: TACACTCTTTCCCTACACGACGCTCTTCCGATCT; Type: regular 3'; Length: 34; Trimmed: 158240 times

No. of allowed errors:
0-9 bp: 0; 10-19 bp: 1; 20-29 bp: 2; 30-34 bp: 3

Bases preceding removed adapters:
  A: 23.8%
  C: 23.5%
  G: 27.4%
  T: 25.3%
  none/other: 0.0%

Overview of removed sequences
length	count	expect	max.err	error counts
3	107334	147087.1	0	107334
4	37324	36771.8	0	37324
5	9991	9192.9	0	9991
6	1849	2298.2	0	1849
7	493	574.6	0	493
8	107	143.6	0	107
9	456	35.9	0	29 427
10	450	9.0	1	7 443
11	183	2.2	1	0 183
12	37	0.6	1	0 37
13	10	0.1	1	1 9
14	3	0.0	1	0 3
15	3	0.0	1	0 3


=== Second read: Adapter PrefixPE/2 ===

Sequence: GTGACTGGAGTTCAGACGTGTGCTCTTCCGATCT; Type: regular 3'; Length: 34; Trimmed: 203617 times

No. of allowed errors:
0-9 bp: 0; 10-19 bp: 1; 20-29 bp: 2; 30-34 bp: 3

Bases preceding removed adapters:
  A: 22.4%
  C: 19.6%
  G: 28.5%
  T: 29.6%
  none/other: 0.0%

Overview of removed sequences
length	count	expect	max.err	error counts
3	161835	147087.1	0	161835
4	34054	36771.8	0	34054
5	5681	9192.9	0	5681
6	1211	2298.2	0	1211
7	342	574.6	0	342
8	47	143.6	0	47
9	202	35.9	0	6 196
10	171	9.0	1	5 166
11	52	2.2	1	0 52
12	18	0.6	1	0 18
13	4	0.1	1	0 4
