This is cutadapt 2.9 with Python 3.6.6
Command line parameters: --interleaved -a file:/nas02/apps/trimmomatic-0.36/Trimmomatic-0.36/adapters/TruSeq3-PE.fa -A file:/nas02/apps/trimmomatic-0.36/Trimmomatic-0.36/adapters/TruSeq3-PE.fa -m 30 /nas/longleaf/home/zpopkinh/Pvivax_resources/wgs_pe_improved_global/fastq/ERS338619/ERR386546_1.fastq.gz /nas/longleaf/home/zpopkinh/Pvivax_resources/wgs_pe_improved_global/fastq/ERS338619/ERR386546_2.fastq.gz
Processing reads on 1 core in paired-end mode ...
Finished in 322.73 s (108 us/read; 0.56 M reads/minute).

=== Summary ===

Total read pairs processed:          2,998,467
  Read 1 with adapter:                 111,676 (3.7%)
  Read 2 with adapter:                 109,746 (3.7%)
Pairs written (passing filters):     2,998,465 (100.0%)

Total basepairs processed:   599,693,400 bp
  Read 1:   299,846,700 bp
  Read 2:   299,846,700 bp
Total written (filtered):    598,939,363 bp (99.9%)
  Read 1:   299,466,244 bp
  Read 2:   299,473,119 bp

=== First read: Adapter PrefixPE/1 ===

Sequence: TACACTCTTTCCCTACACGACGCTCTTCCGATCT; Type: regular 3'; Length: 34; Trimmed: 62196 times

No. of allowed errors:
0-9 bp: 0; 10-19 bp: 1; 20-29 bp: 2; 30-34 bp: 3

Bases preceding removed adapters:
  A: 29.6%
  C: 17.0%
  G: 24.9%
  T: 28.4%
  none/other: 0.0%

Overview of removed sequences
length	count	expect	max.err	error counts
3	40674	46851.0	0	40674
4	16650	11712.8	0	16650
5	3172	2928.2	0	3172
6	770	732.0	0	770
7	197	183.0	0	197
8	28	45.8	0	28
9	168	11.4	0	18 150
10	429	2.9	1	11 418
11	92	0.7	1	1 91
12	11	0.2	1	0 11
13	3	0.0	1	0 3
100	2	0.0	3	0 0 0 2


=== First read: Adapter PrefixPE/2 ===

Sequence: GTGACTGGAGTTCAGACGTGTGCTCTTCCGATCT; Type: regular 3'; Length: 34; Trimmed: 49480 times

No. of allowed errors:
0-9 bp: 0; 10-19 bp: 1; 20-29 bp: 2; 30-34 bp: 3

Bases preceding removed adapters:
  A: 26.5%
  C: 15.6%
  G: 23.2%
  T: 34.6%
  none/other: 0.0%

Overview of removed sequences
length	count	expect	max.err	error counts
3	38468	46851.0	0	38468
4	9140	11712.8	0	9140
5	1296	2928.2	0	1296
6	344	732.0	0	344
7	71	183.0	0	71
8	6	45.8	0	6
9	67	11.4	0	3 64
10	65	2.9	1	0 65
11	17	0.7	1	0 17
12	5	0.2	1	0 5
13	1	0.0	1	0 1


=== Second read: Adapter PrefixPE/1 ===

Sequence: TACACTCTTTCCCTACACGACGCTCTTCCGATCT; Type: regular 3'; Length: 34; Trimmed: 61064 times

No. of allowed errors:
0-9 bp: 0; 10-19 bp: 1; 20-29 bp: 2; 30-34 bp: 3

Bases preceding removed adapters:
  A: 29.6%
  C: 17.0%
  G: 24.7%
  T: 28.7%
  none/other: 0.0%

Overview of removed sequences
length	count	expect	max.err	error counts
3	39940	46851.0	0	39940
4	16396	11712.8	0	16396
5	3087	2928.2	0	3087
6	797	732.0	0	797
7	159	183.0	0	159
8	27	45.8	0	27
9	162	11.4	0	18 144
10	389	2.9	1	7 382
11	87	0.7	1	1 86
12	15	0.2	1	0 15
13	5	0.0	1	0 5


=== Second read: Adapter PrefixPE/2 ===

Sequence: GTGACTGGAGTTCAGACGTGTGCTCTTCCGATCT; Type: regular 3'; Length: 34; Trimmed: 48682 times

No. of allowed errors:
0-9 bp: 0; 10-19 bp: 1; 20-29 bp: 2; 30-34 bp: 3

Bases preceding removed adapters:
  A: 26.1%
  C: 16.1%
  G: 23.4%
  T: 34.3%
  none/other: 0.0%

Overview of removed sequences
length	count	expect	max.err	error counts
3	37936	46851.0	0	37936
4	8899	11712.8	0	8899
5	1294	2928.2	0	1294
6	311	732.0	0	311
7	71	183.0	0	71
8	11	45.8	0	11
9	69	11.4	0	4 65
10	70	2.9	1	2 68
11	17	0.7	1	0 17
12	4	0.2	1	0 4
