This is cutadapt 2.9 with Python 3.6.6
Command line parameters: --interleaved -a file:/nas02/apps/trimmomatic-0.36/Trimmomatic-0.36/adapters/TruSeq3-PE.fa -A file:/nas02/apps/trimmomatic-0.36/Trimmomatic-0.36/adapters/TruSeq3-PE.fa -m 30 /nas/longleaf/home/zpopkinh/Pvivax_resources/wgs_pe_improved_global/fastq/SRS2745866/SRR6361489_1.fastq.gz /nas/longleaf/home/zpopkinh/Pvivax_resources/wgs_pe_improved_global/fastq/SRS2745866/SRR6361489_2.fastq.gz
Processing reads on 1 core in paired-end mode ...
Finished in 2.88 s (83 us/read; 0.72 M reads/minute).

=== Summary ===

Total read pairs processed:             34,635
  Read 1 with adapter:                     590 (1.7%)
  Read 2 with adapter:                     914 (2.6%)
Pairs written (passing filters):        34,525 (99.7%)

Total basepairs processed:    17,386,770 bp
  Read 1:     8,693,385 bp
  Read 2:     8,693,385 bp
Total written (filtered):     17,326,639 bp (99.7%)
  Read 1:     8,663,859 bp
  Read 2:     8,662,780 bp

=== First read: Adapter PrefixPE/1 ===

Sequence: TACACTCTTTCCCTACACGACGCTCTTCCGATCT; Type: regular 3'; Length: 34; Trimmed: 510 times

No. of allowed errors:
0-9 bp: 0; 10-19 bp: 1; 20-29 bp: 2; 30-34 bp: 3

Bases preceding removed adapters:
  A: 63.3%
  C: 9.8%
  G: 10.0%
  T: 16.9%
  none/other: 0.0%

Overview of removed sequences
length	count	expect	max.err	error counts
3	227	541.2	0	227
4	202	135.3	0	202
5	21	33.8	0	21
6	7	8.5	0	7
7	1	2.1	0	1
9	1	0.1	0	1
10	1	0.0	1	0 1
237	2	0.0	3	0 0 0 2
238	17	0.0	3	0 0 0 17
239	24	0.0	3	0 0 3 21
240	1	0.0	3	0 0 0 1
241	1	0.0	3	0 0 0 1
242	1	0.0	3	0 0 0 1
243	1	0.0	3	0 0 0 1
245	2	0.0	3	0 0 2
248	1	0.0	3	0 0 0 1


=== First read: Adapter PrefixPE/2 ===

Sequence: GTGACTGGAGTTCAGACGTGTGCTCTTCCGATCT; Type: regular 3'; Length: 34; Trimmed: 80 times

No. of allowed errors:
0-9 bp: 0; 10-19 bp: 1; 20-29 bp: 2; 30-34 bp: 3

Bases preceding removed adapters:
  A: 37.5%
  C: 8.8%
  G: 17.5%
  T: 36.2%
  none/other: 0.0%

Overview of removed sequences
length	count	expect	max.err	error counts
3	63	541.2	0	63
4	17	135.3	0	17


=== Second read: Adapter PrefixPE/1 ===

Sequence: TACACTCTTTCCCTACACGACGCTCTTCCGATCT; Type: regular 3'; Length: 34; Trimmed: 530 times

No. of allowed errors:
0-9 bp: 0; 10-19 bp: 1; 20-29 bp: 2; 30-34 bp: 3

Bases preceding removed adapters:
  A: 69.1%
  C: 10.0%
  G: 11.5%
  T: 9.4%
  none/other: 0.0%

Overview of removed sequences
length	count	expect	max.err	error counts
3	166	541.2	0	166
4	346	135.3	0	346
5	14	33.8	0	14
6	2	8.5	0	2
7	2	2.1	0	2


=== Second read: Adapter PrefixPE/2 ===

Sequence: GTGACTGGAGTTCAGACGTGTGCTCTTCCGATCT; Type: regular 3'; Length: 34; Trimmed: 384 times

No. of allowed errors:
0-9 bp: 0; 10-19 bp: 1; 20-29 bp: 2; 30-34 bp: 3

Bases preceding removed adapters:
  A: 34.9%
  C: 8.3%
  G: 8.6%
  T: 48.2%
  none/other: 0.0%

Overview of removed sequences
length	count	expect	max.err	error counts
3	278	541.2	0	278
4	42	135.3	0	42
5	3	33.8	0	3
228	2	0.0	3	0 0 2
229	1	0.0	3	0 1
230	1	0.0	3	0 1
231	3	0.0	3	0 0 1 2
232	5	0.0	3	0 0 2 3
233	1	0.0	3	0 1
234	13	0.0	3	0 8 4 1
235	10	0.0	3	0 2 7 1
236	7	0.0	3	0 1 2 4
237	3	0.0	3	0 0 0 3
238	14	0.0	3	0 1 2 11
240	1	0.0	3	0 0 0 1
