This is cutadapt 2.9 with Python 3.6.6
Command line parameters: --interleaved -a file:/nas02/apps/trimmomatic-0.36/Trimmomatic-0.36/adapters/TruSeq3-PE.fa -A file:/nas02/apps/trimmomatic-0.36/Trimmomatic-0.36/adapters/TruSeq3-PE.fa -m 30 /nas/longleaf/home/zpopkinh/Pvivax_resources/wgs_pe_improved_global/fastq/ERS347698/ERR404246_1.fastq.gz /nas/longleaf/home/zpopkinh/Pvivax_resources/wgs_pe_improved_global/fastq/ERS347698/ERR404246_2.fastq.gz
Processing reads on 1 core in paired-end mode ...
Finished in 1069.73 s (121 us/read; 0.49 M reads/minute).

=== Summary ===

Total read pairs processed:          8,812,370
  Read 1 with adapter:                 300,801 (3.4%)
  Read 2 with adapter:                 296,694 (3.4%)
Pairs written (passing filters):     8,812,367 (100.0%)

Total basepairs processed: 1,762,474,000 bp
  Read 1:   881,237,000 bp
  Read 2:   881,237,000 bp
Total written (filtered):  1,760,446,067 bp (99.9%)
  Read 1:   880,215,497 bp
  Read 2:   880,230,570 bp

=== First read: Adapter PrefixPE/1 ===

Sequence: TACACTCTTTCCCTACACGACGCTCTTCCGATCT; Type: regular 3'; Length: 34; Trimmed: 183611 times

No. of allowed errors:
0-9 bp: 0; 10-19 bp: 1; 20-29 bp: 2; 30-34 bp: 3

Bases preceding removed adapters:
  A: 33.6%
  C: 16.5%
  G: 18.5%
  T: 31.4%
  none/other: 0.0%

Overview of removed sequences
length	count	expect	max.err	error counts
3	121611	137693.3	0	121611
4	50299	34423.3	0	50299
5	8023	8605.8	0	8023
6	1666	2151.5	0	1666
7	387	537.9	0	387
8	124	134.5	0	124
9	599	33.6	0	41 558
10	639	8.4	1	16 623
11	202	2.1	1	2 200
12	39	0.5	1	0 39
13	10	0.1	1	0 10
14	5	0.0	1	0 5
15	2	0.0	1	0 2
16	1	0.0	1	0 1
70	1	0.0	3	0 0 0 1
100	3	0.0	3	0 0 0 3


=== First read: Adapter PrefixPE/2 ===

Sequence: GTGACTGGAGTTCAGACGTGTGCTCTTCCGATCT; Type: regular 3'; Length: 34; Trimmed: 117190 times

No. of allowed errors:
0-9 bp: 0; 10-19 bp: 1; 20-29 bp: 2; 30-34 bp: 3

Bases preceding removed adapters:
  A: 26.1%
  C: 14.0%
  G: 23.7%
  T: 36.2%
  none/other: 0.0%

Overview of removed sequences
length	count	expect	max.err	error counts
3	88827	137693.3	0	88827
4	24102	34423.3	0	24102
5	3110	8605.8	0	3110
6	714	2151.5	0	714
7	151	537.9	0	151
8	23	134.5	0	23
9	104	33.6	0	7 97
10	92	8.4	1	2 90
11	52	2.1	1	0 52
12	12	0.5	1	0 12
13	3	0.1	1	0 3


=== Second read: Adapter PrefixPE/1 ===

Sequence: TACACTCTTTCCCTACACGACGCTCTTCCGATCT; Type: regular 3'; Length: 34; Trimmed: 181977 times

No. of allowed errors:
0-9 bp: 0; 10-19 bp: 1; 20-29 bp: 2; 30-34 bp: 3

Bases preceding removed adapters:
  A: 33.5%
  C: 16.6%
  G: 18.5%
  T: 31.4%
  none/other: 0.0%

Overview of removed sequences
length	count	expect	max.err	error counts
3	120533	137693.3	0	120533
4	50237	34423.3	0	50237
5	7649	8605.8	0	7649
6	1670	2151.5	0	1670
7	325	537.9	0	325
8	115	134.5	0	115
9	606	33.6	0	34 572
10	614	8.4	1	18 596
11	181	2.1	1	2 179
12	31	0.5	1	2 29
13	11	0.1	1	0 11
14	1	0.0	1	0 1
15	1	0.0	1	0 1
16	3	0.0	1	0 3


=== Second read: Adapter PrefixPE/2 ===

Sequence: GTGACTGGAGTTCAGACGTGTGCTCTTCCGATCT; Type: regular 3'; Length: 34; Trimmed: 114717 times

No. of allowed errors:
0-9 bp: 0; 10-19 bp: 1; 20-29 bp: 2; 30-34 bp: 3

Bases preceding removed adapters:
  A: 26.2%
  C: 13.8%
  G: 24.0%
  T: 36.0%
  none/other: 0.0%

Overview of removed sequences
length	count	expect	max.err	error counts
3	87149	137693.3	0	87149
4	23493	34423.3	0	23493
5	2972	8605.8	0	2972
6	713	2151.5	0	713
7	133	537.9	0	133
8	24	134.5	0	24
9	110	33.6	0	7 103
10	86	8.4	1	0 86
11	29	2.1	1	0 29
12	7	0.5	1	0 7
13	1	0.1	1	0 1
