This is cutadapt 2.9 with Python 3.6.6
Command line parameters: --interleaved -a file:/nas02/apps/trimmomatic-0.36/Trimmomatic-0.36/adapters/TruSeq3-PE.fa -A file:/nas02/apps/trimmomatic-0.36/Trimmomatic-0.36/adapters/TruSeq3-PE.fa -m 30 /nas/longleaf/home/zpopkinh/Pvivax_resources/wgs_pe_improved_global/fastq/SRS1885923/SRR5136533_1.fastq.gz /nas/longleaf/home/zpopkinh/Pvivax_resources/wgs_pe_improved_global/fastq/SRS1885923/SRR5136533_2.fastq.gz
Processing reads on 1 core in paired-end mode ...
Finished in 191.33 s (95 us/read; 0.63 M reads/minute).

=== Summary ===

Total read pairs processed:          2,007,303
  Read 1 with adapter:                  92,545 (4.6%)
  Read 2 with adapter:                 107,056 (5.3%)
Pairs written (passing filters):     2,007,303 (100.0%)

Total basepairs processed:   401,460,600 bp
  Read 1:   200,730,300 bp
  Read 2:   200,730,300 bp
Total written (filtered):    400,768,272 bp (99.8%)
  Read 1:   200,406,296 bp
  Read 2:   200,361,976 bp

=== First read: Adapter PrefixPE/1 ===

Sequence: TACACTCTTTCCCTACACGACGCTCTTCCGATCT; Type: regular 3'; Length: 34; Trimmed: 59930 times

No. of allowed errors:
0-9 bp: 0; 10-19 bp: 1; 20-29 bp: 2; 30-34 bp: 3

Bases preceding removed adapters:
  A: 52.0%
  C: 10.9%
  G: 25.6%
  T: 11.4%
  none/other: 0.0%

Overview of removed sequences
length	count	expect	max.err	error counts
3	34825	31364.1	0	34825
4	14568	7841.0	0	14568
5	9868	1960.3	0	9868
6	347	490.1	0	347
7	100	122.5	0	100
8	33	30.6	0	33
9	67	7.7	0	6 61
10	79	1.9	1	3 76
11	35	0.5	1	0 35
12	5	0.1	1	0 5
13	3	0.0	1	0 3


=== First read: Adapter PrefixPE/2 ===

Sequence: GTGACTGGAGTTCAGACGTGTGCTCTTCCGATCT; Type: regular 3'; Length: 34; Trimmed: 32615 times

No. of allowed errors:
0-9 bp: 0; 10-19 bp: 1; 20-29 bp: 2; 30-34 bp: 3

Bases preceding removed adapters:
  A: 22.9%
  C: 20.1%
  G: 27.7%
  T: 29.4%
  none/other: 0.0%

Overview of removed sequences
length	count	expect	max.err	error counts
3	25586	31364.1	0	25586
4	5644	7841.0	0	5644
5	994	1960.3	0	994
6	241	490.1	0	241
7	73	122.5	0	73
8	10	30.6	0	10
9	30	7.7	0	0 30
10	28	1.9	1	1 27
11	5	0.5	1	0 5
12	4	0.1	1	0 4


=== Second read: Adapter PrefixPE/1 ===

Sequence: TACACTCTTTCCCTACACGACGCTCTTCCGATCT; Type: regular 3'; Length: 34; Trimmed: 60459 times

No. of allowed errors:
0-9 bp: 0; 10-19 bp: 1; 20-29 bp: 2; 30-34 bp: 3

Bases preceding removed adapters:
  A: 64.7%
  C: 11.1%
  G: 12.8%
  T: 11.4%
  none/other: 0.0%

Overview of removed sequences
length	count	expect	max.err	error counts
3	34679	31364.1	0	34679
4	14959	7841.0	0	14959
5	10128	1960.3	0	10128
6	363	490.1	0	363
7	108	122.5	0	108
8	31	30.6	0	31
9	65	7.7	0	6 59
10	71	1.9	1	2 69
11	48	0.5	1	0 48
12	5	0.1	1	0 5
13	2	0.0	1	0 2


=== Second read: Adapter PrefixPE/2 ===

Sequence: GTGACTGGAGTTCAGACGTGTGCTCTTCCGATCT; Type: regular 3'; Length: 34; Trimmed: 46597 times

No. of allowed errors:
0-9 bp: 0; 10-19 bp: 1; 20-29 bp: 2; 30-34 bp: 3

Bases preceding removed adapters:
  A: 15.9%
  C: 14.1%
  G: 33.2%
  T: 36.8%
  none/other: 0.0%

Overview of removed sequences
length	count	expect	max.err	error counts
3	39752	31364.1	0	39752
4	5501	7841.0	0	5501
5	963	1960.3	0	963
6	226	490.1	0	226
7	77	122.5	0	77
8	4	30.6	0	4
9	34	7.7	0	1 33
10	28	1.9	1	0 28
11	12	0.5	1	0 12
