This is cutadapt 2.9 with Python 3.6.6
Command line parameters: --interleaved -a file:/nas02/apps/trimmomatic-0.36/Trimmomatic-0.36/adapters/TruSeq3-PE.fa -A file:/nas02/apps/trimmomatic-0.36/Trimmomatic-0.36/adapters/TruSeq3-PE.fa -m 30 /nas/longleaf/home/zpopkinh/Pvivax_resources/wgs_pe_improved_global/fastq/SRS693277/SRR1562535_1.fastq.gz /nas/longleaf/home/zpopkinh/Pvivax_resources/wgs_pe_improved_global/fastq/SRS693277/SRR1562535_2.fastq.gz
Processing reads on 1 core in paired-end mode ...
Finished in 932.98 s (76 us/read; 0.79 M reads/minute).

=== Summary ===

Total read pairs processed:         12,318,701
  Read 1 with adapter:                 479,880 (3.9%)
  Read 2 with adapter:                 481,699 (3.9%)
Pairs written (passing filters):    12,318,701 (100.0%)

Total basepairs processed: 2,488,377,602 bp
  Read 1: 1,244,188,801 bp
  Read 2: 1,244,188,801 bp
Total written (filtered):  2,485,116,570 bp (99.9%)
  Read 1: 1,242,560,416 bp
  Read 2: 1,242,556,154 bp

=== First read: Adapter PrefixPE/1 ===

Sequence: TACACTCTTTCCCTACACGACGCTCTTCCGATCT; Type: regular 3'; Length: 34; Trimmed: 248386 times

No. of allowed errors:
0-9 bp: 0; 10-19 bp: 1; 20-29 bp: 2; 30-34 bp: 3

Bases preceding removed adapters:
  A: 27.8%
  C: 19.0%
  G: 20.2%
  T: 33.0%
  none/other: 0.0%

Overview of removed sequences
length	count	expect	max.err	error counts
3	166243	192479.7	0	166243
4	60110	48119.9	0	60110
5	14705	12030.0	0	14705
6	5327	3007.5	0	5327
7	408	751.9	0	408
8	76	188.0	0	76
9	591	47.0	0	67 524
10	733	11.7	1	23 710
11	136	2.9	1	0 136
12	36	0.7	1	0 36
13	15	0.2	1	0 15
14	5	0.0	1	0 5
22	1	0.0	2	0 0 1


=== First read: Adapter PrefixPE/2 ===

Sequence: GTGACTGGAGTTCAGACGTGTGCTCTTCCGATCT; Type: regular 3'; Length: 34; Trimmed: 231494 times

No. of allowed errors:
0-9 bp: 0; 10-19 bp: 1; 20-29 bp: 2; 30-34 bp: 3

Bases preceding removed adapters:
  A: 26.0%
  C: 16.3%
  G: 24.2%
  T: 33.5%
  none/other: 0.0%

Overview of removed sequences
length	count	expect	max.err	error counts
3	175662	192479.7	0	175662
4	46136	48119.9	0	46136
5	7141	12030.0	0	7141
6	1388	3007.5	0	1388
7	427	751.9	0	427
8	190	188.0	0	190
9	289	47.0	0	9 280
10	172	11.7	1	0 172
11	67	2.9	1	7 60
12	20	0.7	1	0 20
13	1	0.2	1	0 1
18	1	0.0	1	0 0 1


=== Second read: Adapter PrefixPE/1 ===

Sequence: TACACTCTTTCCCTACACGACGCTCTTCCGATCT; Type: regular 3'; Length: 34; Trimmed: 245623 times

No. of allowed errors:
0-9 bp: 0; 10-19 bp: 1; 20-29 bp: 2; 30-34 bp: 3

Bases preceding removed adapters:
  A: 28.0%
  C: 19.1%
  G: 20.7%
  T: 32.2%
  none/other: 0.0%

Overview of removed sequences
length	count	expect	max.err	error counts
3	163356	192479.7	0	163356
4	59885	48119.9	0	59885
5	15167	12030.0	0	15167
6	4969	3007.5	0	4969
7	536	751.9	0	536
8	128	188.0	0	128
9	532	47.0	0	91 441
10	777	11.7	1	16 761
11	206	2.9	1	0 206
12	45	0.7	1	0 45
13	20	0.2	1	0 20
14	2	0.0	1	0 2


=== Second read: Adapter PrefixPE/2 ===

Sequence: GTGACTGGAGTTCAGACGTGTGCTCTTCCGATCT; Type: regular 3'; Length: 34; Trimmed: 236076 times

No. of allowed errors:
0-9 bp: 0; 10-19 bp: 1; 20-29 bp: 2; 30-34 bp: 3

Bases preceding removed adapters:
  A: 25.4%
  C: 18.3%
  G: 23.5%
  T: 32.7%
  none/other: 0.0%

Overview of removed sequences
length	count	expect	max.err	error counts
3	182144	192479.7	0	182144
4	44633	48119.9	0	44633
5	6743	12030.0	0	6743
6	1452	3007.5	0	1452
7	444	751.9	0	444
8	83	188.0	0	83
9	251	47.0	0	22 229
10	178	11.7	1	7 171
11	77	2.9	1	14 63
12	48	0.7	1	0 48
13	20	0.2	1	0 20
14	1	0.0	1	0 1
15	1	0.0	1	0 1
48	1	0.0	3	0 1
