This is cutadapt 2.9 with Python 3.6.6
Command line parameters: --interleaved -a file:/nas02/apps/trimmomatic-0.36/Trimmomatic-0.36/adapters/TruSeq3-PE.fa -A file:/nas02/apps/trimmomatic-0.36/Trimmomatic-0.36/adapters/TruSeq3-PE.fa -m 30 /nas/longleaf/home/zpopkinh/Pvivax_resources/wgs_pe_improved_global/fastq/SRS693277/SRR1568164_1.fastq.gz /nas/longleaf/home/zpopkinh/Pvivax_resources/wgs_pe_improved_global/fastq/SRS693277/SRR1568164_2.fastq.gz
Processing reads on 1 core in paired-end mode ...
Finished in 501.49 s (77 us/read; 0.78 M reads/minute).

=== Summary ===

Total read pairs processed:          6,510,555
  Read 1 with adapter:                 260,596 (4.0%)
  Read 2 with adapter:                 261,560 (4.0%)
Pairs written (passing filters):     6,510,555 (100.0%)

Total basepairs processed: 1,315,132,110 bp
  Read 1:   657,566,055 bp
  Read 2:   657,566,055 bp
Total written (filtered):  1,313,355,200 bp (99.9%)
  Read 1:   656,678,110 bp
  Read 2:   656,677,090 bp

=== First read: Adapter PrefixPE/1 ===

Sequence: TACACTCTTTCCCTACACGACGCTCTTCCGATCT; Type: regular 3'; Length: 34; Trimmed: 126207 times

No. of allowed errors:
0-9 bp: 0; 10-19 bp: 1; 20-29 bp: 2; 30-34 bp: 3

Bases preceding removed adapters:
  A: 27.2%
  C: 18.3%
  G: 19.5%
  T: 35.1%
  none/other: 0.0%

Overview of removed sequences
length	count	expect	max.err	error counts
3	82622	101727.4	0	82622
4	30124	25431.9	0	30124
5	8700	6358.0	0	8700
6	3769	1589.5	0	3769
7	169	397.4	0	169
8	73	99.3	0	73
9	328	24.8	0	14 314
10	303	6.2	1	18 285
11	85	1.6	1	4 81
12	26	0.4	1	0 26
13	3	0.1	1	0 3
14	4	0.0	1	1 3
15	1	0.0	1	0 1


=== First read: Adapter PrefixPE/2 ===

Sequence: GTGACTGGAGTTCAGACGTGTGCTCTTCCGATCT; Type: regular 3'; Length: 34; Trimmed: 134389 times

No. of allowed errors:
0-9 bp: 0; 10-19 bp: 1; 20-29 bp: 2; 30-34 bp: 3

Bases preceding removed adapters:
  A: 28.1%
  C: 14.9%
  G: 21.8%
  T: 35.2%
  none/other: 0.0%

Overview of removed sequences
length	count	expect	max.err	error counts
3	101509	101727.4	0	101509
4	27742	25431.9	0	27742
5	3685	6358.0	0	3685
6	739	1589.5	0	739
7	231	397.4	0	231
8	123	99.3	0	123
9	240	24.8	0	1 239
10	82	6.2	1	0 82
11	28	1.6	1	0 28
12	10	0.4	1	0 10


=== Second read: Adapter PrefixPE/1 ===

Sequence: TACACTCTTTCCCTACACGACGCTCTTCCGATCT; Type: regular 3'; Length: 34; Trimmed: 125545 times

No. of allowed errors:
0-9 bp: 0; 10-19 bp: 1; 20-29 bp: 2; 30-34 bp: 3

Bases preceding removed adapters:
  A: 28.5%
  C: 17.1%
  G: 19.8%
  T: 34.6%
  none/other: 0.0%

Overview of removed sequences
length	count	expect	max.err	error counts
3	82358	101727.4	0	82358
4	29434	25431.9	0	29434
5	8774	6358.0	0	8774
6	3886	1589.5	0	3886
7	245	397.4	0	245
8	23	99.3	0	23
9	244	24.8	0	16 228
10	412	6.2	1	15 397
11	136	1.6	1	1 135
12	19	0.4	1	0 19
13	4	0.1	1	0 4
14	10	0.0	1	0 10


=== Second read: Adapter PrefixPE/2 ===

Sequence: GTGACTGGAGTTCAGACGTGTGCTCTTCCGATCT; Type: regular 3'; Length: 34; Trimmed: 136015 times

No. of allowed errors:
0-9 bp: 0; 10-19 bp: 1; 20-29 bp: 2; 30-34 bp: 3

Bases preceding removed adapters:
  A: 27.6%
  C: 16.3%
  G: 21.7%
  T: 34.3%
  none/other: 0.0%

Overview of removed sequences
length	count	expect	max.err	error counts
3	104274	101727.4	0	104274
4	27431	25431.9	0	27431
5	3052	6358.0	0	3052
6	735	1589.5	0	735
7	121	397.4	0	121
8	113	99.3	0	113
9	125	24.8	0	1 124
10	96	6.2	1	0 96
11	63	1.6	1	0 63
12	3	0.4	1	0 3
13	1	0.1	1	0 1
44	1	0.0	3	0 0 0 1
