This is cutadapt 2.9 with Python 3.6.6
Command line parameters: --interleaved -a file:/nas02/apps/trimmomatic-0.36/Trimmomatic-0.36/adapters/TruSeq3-PE.fa -A file:/nas02/apps/trimmomatic-0.36/Trimmomatic-0.36/adapters/TruSeq3-PE.fa -m 30 /nas/longleaf/home/zpopkinh/Pvivax_resources/wgs_pe_improved_global/fastq/SRS693277/SRR1562537_1.fastq.gz /nas/longleaf/home/zpopkinh/Pvivax_resources/wgs_pe_improved_global/fastq/SRS693277/SRR1562537_2.fastq.gz
Processing reads on 1 core in paired-end mode ...
Finished in 161.36 s (61 us/read; 0.99 M reads/minute).

=== Summary ===

Total read pairs processed:          2,653,786
  Read 1 with adapter:                 107,289 (4.0%)
  Read 2 with adapter:                 108,495 (4.1%)
Pairs written (passing filters):     2,653,786 (100.0%)

Total basepairs processed:   536,064,772 bp
  Read 1:   268,032,386 bp
  Read 2:   268,032,386 bp
Total written (filtered):    535,323,480 bp (99.9%)
  Read 1:   267,662,837 bp
  Read 2:   267,660,643 bp

=== First read: Adapter PrefixPE/1 ===

Sequence: TACACTCTTTCCCTACACGACGCTCTTCCGATCT; Type: regular 3'; Length: 34; Trimmed: 47453 times

No. of allowed errors:
0-9 bp: 0; 10-19 bp: 1; 20-29 bp: 2; 30-34 bp: 3

Bases preceding removed adapters:
  A: 25.3%
  C: 18.6%
  G: 18.6%
  T: 37.4%
  none/other: 0.0%

Overview of removed sequences
length	count	expect	max.err	error counts
3	30039	41465.4	0	30039
4	10875	10366.4	0	10875
5	3869	2591.6	0	3869
6	2254	647.9	0	2254
7	82	162.0	0	82
8	48	40.5	0	48
9	58	10.1	0	3 55
10	150	2.5	1	2 148
11	73	0.6	1	0 73
12	4	0.2	1	0 4
13	1	0.0	1	0 1


=== First read: Adapter PrefixPE/2 ===

Sequence: GTGACTGGAGTTCAGACGTGTGCTCTTCCGATCT; Type: regular 3'; Length: 34; Trimmed: 59836 times

No. of allowed errors:
0-9 bp: 0; 10-19 bp: 1; 20-29 bp: 2; 30-34 bp: 3

Bases preceding removed adapters:
  A: 25.5%
  C: 14.4%
  G: 21.4%
  T: 38.8%
  none/other: 0.0%

Overview of removed sequences
length	count	expect	max.err	error counts
3	44262	41465.4	0	44262
4	13170	10366.4	0	13170
5	1610	2591.6	0	1610
6	416	647.9	0	416
7	132	162.0	0	132
8	90	40.5	0	90
9	57	10.1	0	5 52
10	55	2.5	1	1 54
11	36	0.6	1	0 36
13	8	0.0	1	0 8


=== Second read: Adapter PrefixPE/1 ===

Sequence: TACACTCTTTCCCTACACGACGCTCTTCCGATCT; Type: regular 3'; Length: 34; Trimmed: 47306 times

No. of allowed errors:
0-9 bp: 0; 10-19 bp: 1; 20-29 bp: 2; 30-34 bp: 3

Bases preceding removed adapters:
  A: 26.7%
  C: 18.8%
  G: 18.1%
  T: 36.4%
  none/other: 0.0%

Overview of removed sequences
length	count	expect	max.err	error counts
3	30088	41465.4	0	30088
4	11271	10366.4	0	11271
5	3557	2591.6	0	3557
6	1951	647.9	0	1951
7	69	162.0	0	69
8	16	40.5	0	16
9	102	10.1	0	31 71
10	171	2.5	1	12 159
11	70	0.6	1	0 70
12	10	0.2	1	0 10
13	1	0.0	1	0 1


=== Second read: Adapter PrefixPE/2 ===

Sequence: GTGACTGGAGTTCAGACGTGTGCTCTTCCGATCT; Type: regular 3'; Length: 34; Trimmed: 61189 times

No. of allowed errors:
0-9 bp: 0; 10-19 bp: 1; 20-29 bp: 2; 30-34 bp: 3

Bases preceding removed adapters:
  A: 27.1%
  C: 16.2%
  G: 20.5%
  T: 36.2%
  none/other: 0.0%

Overview of removed sequences
length	count	expect	max.err	error counts
3	45292	41465.4	0	45292
4	13990	10366.4	0	13990
5	1285	2591.6	0	1285
6	259	647.9	0	259
7	157	162.0	0	157
8	69	40.5	0	69
9	99	10.1	0	2 97
10	19	2.5	1	0 19
11	16	0.6	1	0 16
12	2	0.2	1	0 2
15	1	0.0	1	0 1
