This is cutadapt 2.9 with Python 3.6.6
Command line parameters: --interleaved -a file:/nas02/apps/trimmomatic-0.36/Trimmomatic-0.36/adapters/TruSeq3-PE.fa -A file:/nas02/apps/trimmomatic-0.36/Trimmomatic-0.36/adapters/TruSeq3-PE.fa -m 30 /nas/longleaf/home/zpopkinh/Pvivax_resources/wgs_pe_improved_global/fastq/SRS363171/SRR572648_1.fastq.gz /nas/longleaf/home/zpopkinh/Pvivax_resources/wgs_pe_improved_global/fastq/SRS363171/SRR572648_2.fastq.gz
Processing reads on 1 core in paired-end mode ...
Finished in 33376.59 s (299 us/read; 0.20 M reads/minute).

=== Summary ===

Total read pairs processed:        111,544,548
  Read 1 with adapter:               3,105,052 (2.8%)
  Read 2 with adapter:               3,721,306 (3.3%)
Pairs written (passing filters):   111,543,530 (100.0%)

Total basepairs processed: 22,308,909,600 bp
  Read 1: 11,154,454,800 bp
  Read 2: 11,154,454,800 bp
Total written (filtered):  22,285,476,736 bp (99.9%)
  Read 1: 11,143,692,119 bp
  Read 2: 11,141,784,617 bp

=== First read: Adapter PrefixPE/1 ===

Sequence: TACACTCTTTCCCTACACGACGCTCTTCCGATCT; Type: regular 3'; Length: 34; Trimmed: 1762823 times

No. of allowed errors:
0-9 bp: 0; 10-19 bp: 1; 20-29 bp: 2; 30-34 bp: 3

Bases preceding removed adapters:
  A: 37.4%
  C: 17.5%
  G: 19.6%
  T: 25.5%
  none/other: 0.0%

Overview of removed sequences
length	count	expect	max.err	error counts
3	1155716	1742883.6	0	1155716
4	493286	435720.9	0	493286
5	78686	108930.2	0	78686
6	17578	27232.6	0	17578
7	3660	6808.1	0	3660
8	770	1702.0	0	770
9	3326	425.5	0	256 3070
10	4189	106.4	1	126 4063
11	1361	26.6	1	5 1356
12	228	6.6	1	0 228
13	96	1.7	1	1 95
14	31	0.4	1	0 31
15	4	0.1	1	0 4
18	1	0.0	1	0 1
19	1	0.0	1	0 1
23	1	0.0	2	0 0 1
36	1	0.0	3	0 1
37	62	0.0	3	0 3 38 21
38	13	0.0	3	0 0 10 3
39	21	0.0	3	0 0 0 21
40	8	0.0	3	0 0 0 8
41	1	0.0	3	0 0 0 1
42	1	0.0	3	0 0 0 1
46	2	0.0	3	0 0 1 1
51	2	0.0	3	0 0 1 1
59	5	0.0	3	0 0 1 4
61	9	0.0	3	0 0 5 4
62	1	0.0	3	0 0 1
63	3	0.0	3	0 0 0 3
64	1	0.0	3	0 0 1
65	10	0.0	3	0 2 1 7
66	1	0.0	3	0 0 0 1
67	1	0.0	3	0 0 0 1
68	2	0.0	3	0 0 0 2
69	2710	0.0	3	0 99 1109 1502
70	19	0.0	3	0 0 4 15
71	335	0.0	3	0 0 22 313
72	1	0.0	3	1
73	1	0.0	3	0 0 0 1
74	1	0.0	3	0 0 0 1
92	1	0.0	3	0 0 0 1
94	1	0.0	3	0 0 0 1
97	1	0.0	3	1
99	5	0.0	3	0 0 1 4
100	670	0.0	3	0 3 143 524


=== First read: Adapter PrefixPE/2 ===

Sequence: GTGACTGGAGTTCAGACGTGTGCTCTTCCGATCT; Type: regular 3'; Length: 34; Trimmed: 1342229 times

No. of allowed errors:
0-9 bp: 0; 10-19 bp: 1; 20-29 bp: 2; 30-34 bp: 3

Bases preceding removed adapters:
  A: 30.3%
  C: 15.4%
  G: 23.1%
  T: 31.1%
  none/other: 0.0%

Overview of removed sequences
length	count	expect	max.err	error counts
3	1032723	1742883.6	0	1032723
4	266326	435720.9	0	266326
5	31125	108930.2	0	31125
6	7405	27232.6	0	7405
7	1648	6808.1	0	1648
8	303	1702.0	0	303
9	1143	425.5	0	90 1053
10	1086	106.4	1	22 1064
11	356	26.6	1	1 355
12	93	6.6	1	0 93
13	21	1.7	1	0 21


=== Second read: Adapter PrefixPE/1 ===

Sequence: TACACTCTTTCCCTACACGACGCTCTTCCGATCT; Type: regular 3'; Length: 34; Trimmed: 1936174 times

No. of allowed errors:
0-9 bp: 0; 10-19 bp: 1; 20-29 bp: 2; 30-34 bp: 3

Bases preceding removed adapters:
  A: 37.7%
  C: 17.2%
  G: 20.1%
  T: 25.0%
  none/other: 0.0%

Overview of removed sequences
length	count	expect	max.err	error counts
3	1249010	1742883.6	0	1249010
4	544546	435720.9	0	544546
5	103409	108930.2	0	103409
6	22181	27232.6	0	22181
7	4428	6808.1	0	4428
8	1064	1702.0	0	1064
9	4149	425.5	0	340 3809
10	5180	106.4	1	174 5006
11	1738	26.6	1	6 1732
12	307	6.6	1	6 301
13	108	1.7	1	2 106
14	40	0.4	1	0 40
15	11	0.1	1	0 11
16	1	0.0	1	0 1
100	2	0.0	3	0 2


=== Second read: Adapter PrefixPE/2 ===

Sequence: GTGACTGGAGTTCAGACGTGTGCTCTTCCGATCT; Type: regular 3'; Length: 34; Trimmed: 1785132 times

No. of allowed errors:
0-9 bp: 0; 10-19 bp: 1; 20-29 bp: 2; 30-34 bp: 3

Bases preceding removed adapters:
  A: 33.6%
  C: 16.2%
  G: 24.0%
  T: 26.2%
  none/other: 0.0%

Overview of removed sequences
length	count	expect	max.err	error counts
3	1398923	1742883.6	0	1398923
4	324718	435720.9	0	324718
5	43990	108930.2	0	43990
6	10453	27232.6	0	10453
7	2502	6808.1	0	2502
8	442	1702.0	0	442
9	1775	425.5	0	119 1656
10	1657	106.4	1	36 1621
11	513	26.6	1	3 510
12	136	6.6	1	1 135
13	19	1.7	1	1 18
14	3	0.4	1	0 3
15	1	0.1	1	0 1
