This is cutadapt 2.9 with Python 3.6.6
Command line parameters: --interleaved -a file:/nas02/apps/trimmomatic-0.36/Trimmomatic-0.36/adapters/TruSeq3-PE.fa -A file:/nas02/apps/trimmomatic-0.36/Trimmomatic-0.36/adapters/TruSeq3-PE.fa -m 30 /nas/longleaf/home/zpopkinh/Pvivax_resources/wgs_pe_improved_global/fastq/ERS989907/ERR1475457_1.fastq.gz /nas/longleaf/home/zpopkinh/Pvivax_resources/wgs_pe_improved_global/fastq/ERS989907/ERR1475457_2.fastq.gz
Processing reads on 1 core in paired-end mode ...
Finished in 486.31 s (84 us/read; 0.71 M reads/minute).

=== Summary ===

Total read pairs processed:          5,777,340
  Read 1 with adapter:                 213,752 (3.7%)
  Read 2 with adapter:                 211,043 (3.7%)
Pairs written (passing filters):     5,777,340 (100.0%)

Total basepairs processed: 1,155,468,000 bp
  Read 1:   577,734,000 bp
  Read 2:   577,734,000 bp
Total written (filtered):  1,154,029,217 bp (99.9%)
  Read 1:   577,009,860 bp
  Read 2:   577,019,357 bp

=== First read: Adapter PrefixPE/1 ===

Sequence: TACACTCTTTCCCTACACGACGCTCTTCCGATCT; Type: regular 3'; Length: 34; Trimmed: 111922 times

No. of allowed errors:
0-9 bp: 0; 10-19 bp: 1; 20-29 bp: 2; 30-34 bp: 3

Bases preceding removed adapters:
  A: 27.6%
  C: 18.8%
  G: 25.6%
  T: 28.0%
  none/other: 0.0%

Overview of removed sequences
length	count	expect	max.err	error counts
3	74280	90270.9	0	74280
4	28787	22567.7	0	28787
5	6024	5641.9	0	6024
6	1343	1410.5	0	1343
7	330	352.6	0	330
8	69	88.2	0	69
9	299	22.0	0	26 273
10	614	5.5	1	18 596
11	138	1.4	1	3 135
12	27	0.3	1	0 27
13	10	0.1	1	0 10
14	1	0.0	1	0 1


=== First read: Adapter PrefixPE/2 ===

Sequence: GTGACTGGAGTTCAGACGTGTGCTCTTCCGATCT; Type: regular 3'; Length: 34; Trimmed: 101830 times

No. of allowed errors:
0-9 bp: 0; 10-19 bp: 1; 20-29 bp: 2; 30-34 bp: 3

Bases preceding removed adapters:
  A: 24.8%
  C: 17.1%
  G: 24.9%
  T: 33.1%
  none/other: 0.0%

Overview of removed sequences
length	count	expect	max.err	error counts
3	79388	90270.9	0	79388
4	18473	22567.7	0	18473
5	2790	5641.9	0	2790
6	737	1410.5	0	737
7	152	352.6	0	152
8	17	88.2	0	17
9	115	22.0	0	1 114
10	114	5.5	1	2 112
11	36	1.4	1	0 36
12	8	0.3	1	0 8


=== Second read: Adapter PrefixPE/1 ===

Sequence: TACACTCTTTCCCTACACGACGCTCTTCCGATCT; Type: regular 3'; Length: 34; Trimmed: 110420 times

No. of allowed errors:
0-9 bp: 0; 10-19 bp: 1; 20-29 bp: 2; 30-34 bp: 3

Bases preceding removed adapters:
  A: 27.3%
  C: 18.9%
  G: 25.5%
  T: 28.2%
  none/other: 0.0%

Overview of removed sequences
length	count	expect	max.err	error counts
3	73290	90270.9	0	73290
4	28472	22567.7	0	28472
5	5899	5641.9	0	5899
6	1308	1410.5	0	1308
7	308	352.6	0	308
8	73	88.2	0	73
9	305	22.0	0	27 278
10	586	5.5	1	13 573
11	143	1.4	1	1 142
12	25	0.3	1	1 24
13	10	0.1	1	1 9
14	1	0.0	1	0 1


=== Second read: Adapter PrefixPE/2 ===

Sequence: GTGACTGGAGTTCAGACGTGTGCTCTTCCGATCT; Type: regular 3'; Length: 34; Trimmed: 100623 times

No. of allowed errors:
0-9 bp: 0; 10-19 bp: 1; 20-29 bp: 2; 30-34 bp: 3

Bases preceding removed adapters:
  A: 24.7%
  C: 17.2%
  G: 25.0%
  T: 33.0%
  none/other: 0.0%

Overview of removed sequences
length	count	expect	max.err	error counts
3	78574	90270.9	0	78574
4	18147	22567.7	0	18147
5	2782	5641.9	0	2782
6	677	1410.5	0	677
7	137	352.6	0	137
8	27	88.2	0	27
9	116	22.0	0	5 111
10	123	5.5	1	2 121
11	31	1.4	1	0 31
12	9	0.3	1	0 9
