This is cutadapt 2.9 with Python 3.6.6
Command line parameters: --interleaved -a file:/nas02/apps/trimmomatic-0.36/Trimmomatic-0.36/adapters/TruSeq3-PE.fa -A file:/nas02/apps/trimmomatic-0.36/Trimmomatic-0.36/adapters/TruSeq3-PE.fa -m 30 /nas/longleaf/home/zpopkinh/Pvivax_resources/wgs_pe_improved_global/fastq/ERS241419/ERR337609_1.fastq.gz /nas/longleaf/home/zpopkinh/Pvivax_resources/wgs_pe_improved_global/fastq/ERS241419/ERR337609_2.fastq.gz
Processing reads on 1 core in paired-end mode ...
Finished in 2383.12 s (99 us/read; 0.61 M reads/minute).

=== Summary ===

Total read pairs processed:         24,080,301
  Read 1 with adapter:                 868,404 (3.6%)
  Read 2 with adapter:                 862,028 (3.6%)
Pairs written (passing filters):    24,079,898 (100.0%)

Total basepairs processed: 4,816,060,200 bp
  Read 1: 2,408,030,100 bp
  Read 2: 2,408,030,100 bp
Total written (filtered):  4,810,131,978 bp (99.9%)
  Read 1: 2,405,055,542 bp
  Read 2: 2,405,076,436 bp

=== First read: Adapter PrefixPE/1 ===

Sequence: TACACTCTTTCCCTACACGACGCTCTTCCGATCT; Type: regular 3'; Length: 34; Trimmed: 473549 times

No. of allowed errors:
0-9 bp: 0; 10-19 bp: 1; 20-29 bp: 2; 30-34 bp: 3

Bases preceding removed adapters:
  A: 29.9%
  C: 18.1%
  G: 21.9%
  T: 30.0%
  none/other: 0.1%

Overview of removed sequences
length	count	expect	max.err	error counts
3	315086	376254.7	0	315086
4	122789	94063.7	0	122789
5	25080	23515.9	0	25080
6	5312	5879.0	0	5312
7	1022	1469.7	0	1022
8	259	367.4	0	259
9	1438	91.9	0	85 1353
10	1519	23.0	1	37 1482
11	466	5.7	1	4 462
12	113	1.4	1	1 112
13	40	0.4	1	0 40
14	11	0.1	1	0 11
15	1	0.0	1	0 1
39	1	0.0	3	0 0 0 1
70	9	0.0	3	0 0 1 8
71	14	0.0	3	0 0 1 13
73	2	0.0	3	0 0 0 2
75	1	0.0	3	0 0 0 1
100	386	0.0	3	0 0 1 385


=== First read: Adapter PrefixPE/2 ===

Sequence: GTGACTGGAGTTCAGACGTGTGCTCTTCCGATCT; Type: regular 3'; Length: 34; Trimmed: 394855 times

No. of allowed errors:
0-9 bp: 0; 10-19 bp: 1; 20-29 bp: 2; 30-34 bp: 3

Bases preceding removed adapters:
  A: 24.1%
  C: 18.1%
  G: 25.4%
  T: 32.4%
  none/other: 0.0%

Overview of removed sequences
length	count	expect	max.err	error counts
3	308061	376254.7	0	308061
4	70865	94063.7	0	70865
5	11844	23515.9	0	11844
6	2566	5879.0	0	2566
7	566	1469.7	0	566
8	102	367.4	0	102
9	369	91.9	0	18 351
10	342	23.0	1	4 338
11	98	5.7	1	0 98
12	29	1.4	1	0 29
13	12	0.4	1	0 12
14	1	0.1	1	0 1


=== Second read: Adapter PrefixPE/1 ===

Sequence: TACACTCTTTCCCTACACGACGCTCTTCCGATCT; Type: regular 3'; Length: 34; Trimmed: 471136 times

No. of allowed errors:
0-9 bp: 0; 10-19 bp: 1; 20-29 bp: 2; 30-34 bp: 3

Bases preceding removed adapters:
  A: 30.0%
  C: 18.2%
  G: 21.7%
  T: 30.1%
  none/other: 0.0%

Overview of removed sequences
length	count	expect	max.err	error counts
3	313362	376254.7	0	313362
4	122748	94063.7	0	122748
5	24825	23515.9	0	24825
6	5397	5879.0	0	5397
7	1052	1469.7	0	1052
8	275	367.4	0	275
9	1372	91.9	0	90 1282
10	1472	23.0	1	34 1438
11	496	5.7	1	7 489
12	103	1.4	1	6 97
13	24	0.4	1	0 24
14	8	0.1	1	0 8
15	2	0.0	1	0 2


=== Second read: Adapter PrefixPE/2 ===

Sequence: GTGACTGGAGTTCAGACGTGTGCTCTTCCGATCT; Type: regular 3'; Length: 34; Trimmed: 390892 times

No. of allowed errors:
0-9 bp: 0; 10-19 bp: 1; 20-29 bp: 2; 30-34 bp: 3

Bases preceding removed adapters:
  A: 23.9%
  C: 18.3%
  G: 25.5%
  T: 32.2%
  none/other: 0.0%

Overview of removed sequences
length	count	expect	max.err	error counts
3	305487	376254.7	0	305487
4	69734	94063.7	0	69734
5	11598	23515.9	0	11598
6	2469	5879.0	0	2469
7	607	1469.7	0	607
8	105	367.4	0	105
9	392	91.9	0	25 367
10	342	23.0	1	6 336
11	132	5.7	1	0 132
12	21	1.4	1	0 21
13	5	0.4	1	0 5
