This is cutadapt 2.9 with Python 3.6.6
Command line parameters: --interleaved -a file:/nas02/apps/trimmomatic-0.36/Trimmomatic-0.36/adapters/TruSeq3-PE.fa -A file:/nas02/apps/trimmomatic-0.36/Trimmomatic-0.36/adapters/TruSeq3-PE.fa -m 30 /nas/longleaf/home/zpopkinh/Pvivax_resources/wgs_pe_improved_global/fastq/SRS1061007/SRR2316011_1.fastq.gz /nas/longleaf/home/zpopkinh/Pvivax_resources/wgs_pe_improved_global/fastq/SRS1061007/SRR2316011_2.fastq.gz
Processing reads on 1 core in paired-end mode ...
Finished in 727.64 s (87 us/read; 0.69 M reads/minute).

=== Summary ===

Total read pairs processed:          8,365,483
  Read 1 with adapter:                 309,943 (3.7%)
  Read 2 with adapter:                 306,029 (3.7%)
Pairs written (passing filters):     8,365,444 (100.0%)

Total basepairs processed: 1,673,096,600 bp
  Read 1:   836,548,300 bp
  Read 2:   836,548,300 bp
Total written (filtered):  1,671,005,428 bp (99.9%)
  Read 1:   835,495,489 bp
  Read 2:   835,509,939 bp

=== First read: Adapter PrefixPE/1 ===

Sequence: TACACTCTTTCCCTACACGACGCTCTTCCGATCT; Type: regular 3'; Length: 34; Trimmed: 161555 times

No. of allowed errors:
0-9 bp: 0; 10-19 bp: 1; 20-29 bp: 2; 30-34 bp: 3

Bases preceding removed adapters:
  A: 29.0%
  C: 19.1%
  G: 22.2%
  T: 29.7%
  none/other: 0.0%

Overview of removed sequences
length	count	expect	max.err	error counts
3	107572	130710.7	0	107572
4	41618	32677.7	0	41618
5	8664	8169.4	0	8664
6	1914	2042.4	0	1914
7	370	510.6	0	370
8	98	127.6	0	98
9	482	31.9	0	20 462
10	566	8.0	1	5 561
11	175	2.0	1	2 173
12	41	0.5	1	1 40
13	10	0.1	1	0 10
14	6	0.0	1	0 6
24	1	0.0	2	1
29	1	0.0	2	0 0 1
33	1	0.0	3	1
52	2	0.0	3	0 0 1 1
54	1	0.0	3	0 0 1
76	16	0.0	3	16
77	1	0.0	3	0 1
78	3	0.0	3	3
82	1	0.0	3	1
83	6	0.0	3	4 2
84	2	0.0	3	1 1
86	1	0.0	3	0 1
100	3	0.0	3	0 0 2 1


=== First read: Adapter PrefixPE/2 ===

Sequence: GTGACTGGAGTTCAGACGTGTGCTCTTCCGATCT; Type: regular 3'; Length: 34; Trimmed: 148388 times

No. of allowed errors:
0-9 bp: 0; 10-19 bp: 1; 20-29 bp: 2; 30-34 bp: 3

Bases preceding removed adapters:
  A: 25.5%
  C: 16.1%
  G: 26.0%
  T: 32.5%
  none/other: 0.0%

Overview of removed sequences
length	count	expect	max.err	error counts
3	114504	130710.7	0	114504
4	28036	32677.7	0	28036
5	4088	8169.4	0	4088
6	1046	2042.4	0	1046
7	256	510.6	0	256
8	50	127.6	0	50
9	133	31.9	0	5 128
10	189	8.0	1	5 184
11	64	2.0	1	1 63
12	12	0.5	1	0 12
13	8	0.1	1	0 8
69	1	0.0	3	0 0 0 1
99	1	0.0	3	0 0 0 1


=== Second read: Adapter PrefixPE/1 ===

Sequence: TACACTCTTTCCCTACACGACGCTCTTCCGATCT; Type: regular 3'; Length: 34; Trimmed: 160173 times

No. of allowed errors:
0-9 bp: 0; 10-19 bp: 1; 20-29 bp: 2; 30-34 bp: 3

Bases preceding removed adapters:
  A: 29.2%
  C: 19.3%
  G: 22.1%
  T: 29.5%
  none/other: 0.0%

Overview of removed sequences
length	count	expect	max.err	error counts
3	106964	130710.7	0	106964
4	41375	32677.7	0	41375
5	8323	8169.4	0	8323
6	1821	2042.4	0	1821
7	344	510.6	0	344
8	97	127.6	0	97
9	485	31.9	0	33 452
10	552	8.0	1	12 540
11	164	2.0	1	2 162
12	40	0.5	1	0 40
13	4	0.1	1	0 4
14	3	0.0	1	0 3
97	1	0.0	3	0 1


=== Second read: Adapter PrefixPE/2 ===

Sequence: GTGACTGGAGTTCAGACGTGTGCTCTTCCGATCT; Type: regular 3'; Length: 34; Trimmed: 145856 times

No. of allowed errors:
0-9 bp: 0; 10-19 bp: 1; 20-29 bp: 2; 30-34 bp: 3

Bases preceding removed adapters:
  A: 25.4%
  C: 16.6%
  G: 25.7%
  T: 32.2%
  none/other: 0.0%

Overview of removed sequences
length	count	expect	max.err	error counts
3	113107	130710.7	0	113107
4	26893	32677.7	0	26893
5	4171	8169.4	0	4171
6	976	2042.4	0	976
7	251	510.6	0	251
8	48	127.6	0	48
9	152	31.9	0	14 138
10	155	8.0	1	4 151
11	69	2.0	1	0 69
12	12	0.5	1	0 12
13	4	0.1	1	0 4
18	1	0.0	1	1
22	1	0.0	2	0 0 1
30	3	0.0	3	0 1 1 1
31	1	0.0	3	1
32	1	0.0	3	0 1
33	2	0.0	3	0 1 1
39	2	0.0	3	0 1 1
41	2	0.0	3	1 0 1
44	1	0.0	3	0 1
72	1	0.0	3	0 0 1
74	3	0.0	3	0 0 0 3
