This is cutadapt 2.9 with Python 3.6.6
Command line parameters: --interleaved -a file:/nas02/apps/trimmomatic-0.36/Trimmomatic-0.36/adapters/TruSeq3-PE.fa -A file:/nas02/apps/trimmomatic-0.36/Trimmomatic-0.36/adapters/TruSeq3-PE.fa -m 30 /nas/longleaf/home/zpopkinh/Pvivax_resources/wgs_pe_improved_global/fastq/SRS693938/SRR1564650_1.fastq.gz /nas/longleaf/home/zpopkinh/Pvivax_resources/wgs_pe_improved_global/fastq/SRS693938/SRR1564650_2.fastq.gz
Processing reads on 1 core in paired-end mode ...
Finished in 1106.37 s (65 us/read; 0.93 M reads/minute).

=== Summary ===

Total read pairs processed:         17,087,219
  Read 1 with adapter:                 599,843 (3.5%)
  Read 2 with adapter:                 665,154 (3.9%)
Pairs written (passing filters):    17,087,216 (100.0%)

Total basepairs processed: 3,451,618,238 bp
  Read 1: 1,725,809,119 bp
  Read 2: 1,725,809,119 bp
Total written (filtered):  3,447,380,792 bp (99.9%)
  Read 1: 1,723,787,129 bp
  Read 2: 1,723,593,663 bp

=== First read: Adapter PrefixPE/1 ===

Sequence: TACACTCTTTCCCTACACGACGCTCTTCCGATCT; Type: regular 3'; Length: 34; Trimmed: 279406 times

No. of allowed errors:
0-9 bp: 0; 10-19 bp: 1; 20-29 bp: 2; 30-34 bp: 3

Bases preceding removed adapters:
  A: 24.1%
  C: 24.1%
  G: 27.0%
  T: 24.8%
  none/other: 0.0%

Overview of removed sequences
length	count	expect	max.err	error counts
3	188405	266987.8	0	188405
4	66642	66746.9	0	66642
5	17963	16686.7	0	17963
6	3332	4171.7	0	3332
7	869	1042.9	0	869
8	199	260.7	0	199
9	721	65.2	0	80 641
10	864	16.3	1	27 837
11	301	4.1	1	3 298
12	82	1.0	1	0 82
13	19	0.3	1	1 18
14	5	0.1	1	0 5
15	1	0.0	1	0 1
101	3	0.0	3	0 0 2 1


=== First read: Adapter PrefixPE/2 ===

Sequence: GTGACTGGAGTTCAGACGTGTGCTCTTCCGATCT; Type: regular 3'; Length: 34; Trimmed: 320437 times

No. of allowed errors:
0-9 bp: 0; 10-19 bp: 1; 20-29 bp: 2; 30-34 bp: 3

Bases preceding removed adapters:
  A: 22.4%
  C: 20.4%
  G: 27.6%
  T: 29.6%
  none/other: 0.0%

Overview of removed sequences
length	count	expect	max.err	error counts
3	250595	266987.8	0	250595
4	56026	66746.9	0	56026
5	10171	16686.7	0	10171
6	2145	4171.7	0	2145
7	523	1042.9	0	523
8	85	260.7	0	85
9	418	65.2	0	23 395
10	308	16.3	1	15 293
11	131	4.1	1	1 130
12	27	1.0	1	1 26
13	8	0.3	1	0 8


=== Second read: Adapter PrefixPE/1 ===

Sequence: TACACTCTTTCCCTACACGACGCTCTTCCGATCT; Type: regular 3'; Length: 34; Trimmed: 275168 times

No. of allowed errors:
0-9 bp: 0; 10-19 bp: 1; 20-29 bp: 2; 30-34 bp: 3

Bases preceding removed adapters:
  A: 24.2%
  C: 23.9%
  G: 26.9%
  T: 25.0%
  none/other: 0.0%

Overview of removed sequences
length	count	expect	max.err	error counts
3	186552	266987.8	0	186552
4	65077	66746.9	0	65077
5	17432	16686.7	0	17432
6	3226	4171.7	0	3226
7	804	1042.9	0	804
8	180	260.7	0	180
9	738	65.2	0	66 672
10	724	16.3	1	24 700
11	338	4.1	1	2 336
12	74	1.0	1	0 74
13	20	0.3	1	0 20
15	2	0.0	1	0 2
55	1	0.0	3	0 1


=== Second read: Adapter PrefixPE/2 ===

Sequence: GTGACTGGAGTTCAGACGTGTGCTCTTCCGATCT; Type: regular 3'; Length: 34; Trimmed: 389986 times

No. of allowed errors:
0-9 bp: 0; 10-19 bp: 1; 20-29 bp: 2; 30-34 bp: 3

Bases preceding removed adapters:
  A: 21.1%
  C: 31.4%
  G: 23.2%
  T: 24.4%
  none/other: 0.0%

Overview of removed sequences
length	count	expect	max.err	error counts
3	318127	266987.8	0	318127
4	58528	66746.9	0	58528
5	9681	16686.7	0	9681
6	2143	4171.7	0	2143
7	537	1042.9	0	537
8	112	260.7	0	112
9	401	65.2	0	20 381
10	313	16.3	1	6 307
11	111	4.1	1	5 106
12	28	1.0	1	0 28
13	5	0.3	1	0 5
