This is cutadapt 2.9 with Python 3.6.6
Command line parameters: --interleaved -a file:/nas02/apps/trimmomatic-0.36/Trimmomatic-0.36/adapters/TruSeq3-PE.fa -A file:/nas02/apps/trimmomatic-0.36/Trimmomatic-0.36/adapters/TruSeq3-PE.fa -m 30 /nas/longleaf/home/zpopkinh/Pvivax_resources/wgs_pe_improved_global/fastq/SRS693938/SRR1565138_1.fastq.gz /nas/longleaf/home/zpopkinh/Pvivax_resources/wgs_pe_improved_global/fastq/SRS693938/SRR1565138_2.fastq.gz
Processing reads on 1 core in paired-end mode ...
Finished in 3.95 s (46 us/read; 1.32 M reads/minute).

=== Summary ===

Total read pairs processed:             86,626
  Read 1 with adapter:                   2,834 (3.3%)
  Read 2 with adapter:                   3,249 (3.8%)
Pairs written (passing filters):        86,621 (100.0%)

Total basepairs processed:    17,498,452 bp
  Read 1:     8,749,226 bp
  Read 2:     8,749,226 bp
Total written (filtered):     17,477,092 bp (99.9%)
  Read 1:     8,739,173 bp
  Read 2:     8,737,919 bp

=== First read: Adapter PrefixPE/1 ===

Sequence: TACACTCTTTCCCTACACGACGCTCTTCCGATCT; Type: regular 3'; Length: 34; Trimmed: 1377 times

No. of allowed errors:
0-9 bp: 0; 10-19 bp: 1; 20-29 bp: 2; 30-34 bp: 3

Bases preceding removed adapters:
  A: 27.4%
  C: 20.5%
  G: 24.0%
  T: 28.2%
  none/other: 0.0%

Overview of removed sequences
length	count	expect	max.err	error counts
3	930	1353.5	0	930
4	344	338.4	0	344
5	72	84.6	0	72
6	15	21.1	0	15
7	3	5.3	0	3
9	7	0.3	0	0 7
10	4	0.1	1	0 4
11	2	0.0	1	0 2


=== First read: Adapter PrefixPE/2 ===

Sequence: GTGACTGGAGTTCAGACGTGTGCTCTTCCGATCT; Type: regular 3'; Length: 34; Trimmed: 1457 times

No. of allowed errors:
0-9 bp: 0; 10-19 bp: 1; 20-29 bp: 2; 30-34 bp: 3

Bases preceding removed adapters:
  A: 25.1%
  C: 18.2%
  G: 28.1%
  T: 28.7%
  none/other: 0.0%

Overview of removed sequences
length	count	expect	max.err	error counts
3	1142	1353.5	0	1142
4	255	338.4	0	255
5	44	84.6	0	44
6	8	21.1	0	8
7	1	5.3	0	1
8	1	1.3	0	1
9	4	0.3	0	0 4
10	1	0.1	1	0 1
11	1	0.0	1	0 1


=== Second read: Adapter PrefixPE/1 ===

Sequence: TACACTCTTTCCCTACACGACGCTCTTCCGATCT; Type: regular 3'; Length: 34; Trimmed: 1392 times

No. of allowed errors:
0-9 bp: 0; 10-19 bp: 1; 20-29 bp: 2; 30-34 bp: 3

Bases preceding removed adapters:
  A: 24.4%
  C: 22.1%
  G: 23.3%
  T: 30.2%
  none/other: 0.0%

Overview of removed sequences
length	count	expect	max.err	error counts
3	930	1353.5	0	930
4	340	338.4	0	340
5	90	84.6	0	90
6	15	21.1	0	15
7	5	5.3	0	5
9	2	0.3	0	0 2
10	9	0.1	1	1 8
11	1	0.0	1	0 1


=== Second read: Adapter PrefixPE/2 ===

Sequence: GTGACTGGAGTTCAGACGTGTGCTCTTCCGATCT; Type: regular 3'; Length: 34; Trimmed: 1857 times

No. of allowed errors:
0-9 bp: 0; 10-19 bp: 1; 20-29 bp: 2; 30-34 bp: 3

Bases preceding removed adapters:
  A: 24.3%
  C: 31.9%
  G: 22.4%
  T: 21.4%
  none/other: 0.0%

Overview of removed sequences
length	count	expect	max.err	error counts
3	1545	1353.5	0	1545
4	239	338.4	0	239
5	50	84.6	0	50
6	12	21.1	0	12
7	5	5.3	0	5
10	1	0.1	1	0 1
93	4	0.0	3	0 0 2 2
94	1	0.0	3	0 1
