This is cutadapt 2.9 with Python 3.6.6
Command line parameters: --interleaved -a file:/nas02/apps/trimmomatic-0.36/Trimmomatic-0.36/adapters/TruSeq3-PE.fa -A file:/nas02/apps/trimmomatic-0.36/Trimmomatic-0.36/adapters/TruSeq3-PE.fa -m 30 /nas/longleaf/home/zpopkinh/Pvivax_resources/wgs_pe_improved_global/fastq/ERS403522/ERR527351_1.fastq.gz /nas/longleaf/home/zpopkinh/Pvivax_resources/wgs_pe_improved_global/fastq/ERS403522/ERR527351_2.fastq.gz
Processing reads on 1 core in paired-end mode ...
Finished in 1117.67 s (76 us/read; 0.79 M reads/minute).

=== Summary ===

Total read pairs processed:         14,780,576
  Read 1 with adapter:                 543,041 (3.7%)
  Read 2 with adapter:                 533,487 (3.6%)
Pairs written (passing filters):    14,780,576 (100.0%)

Total basepairs processed: 2,956,115,200 bp
  Read 1: 1,478,057,600 bp
  Read 2: 1,478,057,600 bp
Total written (filtered):  2,952,476,547 bp (99.9%)
  Read 1: 1,476,222,252 bp
  Read 2: 1,476,254,295 bp

=== First read: Adapter PrefixPE/1 ===

Sequence: TACACTCTTTCCCTACACGACGCTCTTCCGATCT; Type: regular 3'; Length: 34; Trimmed: 293166 times

No. of allowed errors:
0-9 bp: 0; 10-19 bp: 1; 20-29 bp: 2; 30-34 bp: 3

Bases preceding removed adapters:
  A: 29.3%
  C: 18.3%
  G: 22.4%
  T: 29.9%
  none/other: 0.0%

Overview of removed sequences
length	count	expect	max.err	error counts
3	194787	230946.5	0	194787
4	76241	57736.6	0	76241
5	15692	14434.2	0	15692
6	3445	3608.5	0	3445
7	632	902.1	0	632
8	157	225.5	0	157
9	930	56.4	0	73 857
10	899	14.1	1	16 883
11	290	3.5	1	1 289
12	68	0.9	1	3 65
13	21	0.2	1	0 21
14	2	0.1	1	0 2
15	2	0.0	1	0 2


=== First read: Adapter PrefixPE/2 ===

Sequence: GTGACTGGAGTTCAGACGTGTGCTCTTCCGATCT; Type: regular 3'; Length: 34; Trimmed: 249875 times

No. of allowed errors:
0-9 bp: 0; 10-19 bp: 1; 20-29 bp: 2; 30-34 bp: 3

Bases preceding removed adapters:
  A: 24.0%
  C: 18.2%
  G: 25.5%
  T: 32.3%
  none/other: 0.0%

Overview of removed sequences
length	count	expect	max.err	error counts
3	194635	230946.5	0	194635
4	45808	57736.6	0	45808
5	6881	14434.2	0	6881
6	1560	3608.5	0	1560
7	356	902.1	0	356
8	55	225.5	0	55
9	247	56.4	0	16 231
10	237	14.1	1	4 233
11	69	3.5	1	1 68
12	21	0.9	1	0 21
13	6	0.2	1	0 6


=== Second read: Adapter PrefixPE/1 ===

Sequence: TACACTCTTTCCCTACACGACGCTCTTCCGATCT; Type: regular 3'; Length: 34; Trimmed: 289147 times

No. of allowed errors:
0-9 bp: 0; 10-19 bp: 1; 20-29 bp: 2; 30-34 bp: 3

Bases preceding removed adapters:
  A: 29.3%
  C: 18.4%
  G: 22.2%
  T: 30.1%
  none/other: 0.0%

Overview of removed sequences
length	count	expect	max.err	error counts
3	192207	230946.5	0	192207
4	75130	57736.6	0	75130
5	15422	14434.2	0	15422
6	3397	3608.5	0	3397
7	664	902.1	0	664
8	159	225.5	0	159
9	878	56.4	0	55 823
10	896	14.1	1	18 878
11	309	3.5	1	1 308
12	63	0.9	1	1 62
13	15	0.2	1	0 15
14	6	0.1	1	0 6
15	1	0.0	1	0 1


=== Second read: Adapter PrefixPE/2 ===

Sequence: GTGACTGGAGTTCAGACGTGTGCTCTTCCGATCT; Type: regular 3'; Length: 34; Trimmed: 244340 times

No. of allowed errors:
0-9 bp: 0; 10-19 bp: 1; 20-29 bp: 2; 30-34 bp: 3

Bases preceding removed adapters:
  A: 23.8%
  C: 18.3%
  G: 25.3%
  T: 32.5%
  none/other: 0.0%

Overview of removed sequences
length	count	expect	max.err	error counts
3	190245	230946.5	0	190245
4	44712	57736.6	0	44712
5	6902	14434.2	0	6902
6	1541	3608.5	0	1541
7	365	902.1	0	365
8	57	225.5	0	57
9	211	56.4	0	9 202
10	216	14.1	1	2 214
11	63	3.5	1	0 63
12	27	0.9	1	0 27
15	1	0.0	1	0 1
