This is cutadapt 2.9 with Python 3.6.6
Command line parameters: --interleaved -a file:/nas02/apps/trimmomatic-0.36/Trimmomatic-0.36/adapters/TruSeq3-PE.fa -A file:/nas02/apps/trimmomatic-0.36/Trimmomatic-0.36/adapters/TruSeq3-PE.fa -m 30 /nas/longleaf/home/zpopkinh/Pvivax_resources/wgs_pe_improved_global/fastq/SRS694239/SRR1564988_1.fastq.gz /nas/longleaf/home/zpopkinh/Pvivax_resources/wgs_pe_improved_global/fastq/SRS694239/SRR1564988_2.fastq.gz
Processing reads on 1 core in paired-end mode ...
Finished in 0.69 s (48 us/read; 1.26 M reads/minute).

=== Summary ===

Total read pairs processed:             14,587
  Read 1 with adapter:                     474 (3.2%)
  Read 2 with adapter:                     561 (3.8%)
Pairs written (passing filters):        14,587 (100.0%)

Total basepairs processed:     2,946,574 bp
  Read 1:     1,473,287 bp
  Read 2:     1,473,287 bp
Total written (filtered):      2,943,038 bp (99.9%)
  Read 1:     1,471,649 bp
  Read 2:     1,471,389 bp

=== First read: Adapter PrefixPE/1 ===

Sequence: TACACTCTTTCCCTACACGACGCTCTTCCGATCT; Type: regular 3'; Length: 34; Trimmed: 237 times

No. of allowed errors:
0-9 bp: 0; 10-19 bp: 1; 20-29 bp: 2; 30-34 bp: 3

Bases preceding removed adapters:
  A: 29.1%
  C: 18.1%
  G: 28.3%
  T: 24.5%
  none/other: 0.0%

Overview of removed sequences
length	count	expect	max.err	error counts
3	137	227.9	0	137
4	82	57.0	0	82
5	10	14.2	0	10
6	5	3.6	0	5
8	1	0.2	0	1
10	2	0.0	1	0 2


=== First read: Adapter PrefixPE/2 ===

Sequence: GTGACTGGAGTTCAGACGTGTGCTCTTCCGATCT; Type: regular 3'; Length: 34; Trimmed: 237 times

No. of allowed errors:
0-9 bp: 0; 10-19 bp: 1; 20-29 bp: 2; 30-34 bp: 3

Bases preceding removed adapters:
  A: 30.0%
  C: 5.5%
  G: 23.2%
  T: 41.4%
  none/other: 0.0%

Overview of removed sequences
length	count	expect	max.err	error counts
3	175	227.9	0	175
4	51	57.0	0	51
5	9	14.2	0	9
8	1	0.2	0	1
9	1	0.1	0	0 1


=== Second read: Adapter PrefixPE/1 ===

Sequence: TACACTCTTTCCCTACACGACGCTCTTCCGATCT; Type: regular 3'; Length: 34; Trimmed: 235 times

No. of allowed errors:
0-9 bp: 0; 10-19 bp: 1; 20-29 bp: 2; 30-34 bp: 3

Bases preceding removed adapters:
  A: 35.3%
  C: 20.0%
  G: 20.0%
  T: 24.7%
  none/other: 0.0%

Overview of removed sequences
length	count	expect	max.err	error counts
3	151	227.9	0	151
4	61	57.0	0	61
5	13	14.2	0	13
6	5	3.6	0	5
10	4	0.0	1	0 4
11	1	0.0	1	0 1


=== Second read: Adapter PrefixPE/2 ===

Sequence: GTGACTGGAGTTCAGACGTGTGCTCTTCCGATCT; Type: regular 3'; Length: 34; Trimmed: 326 times

No. of allowed errors:
0-9 bp: 0; 10-19 bp: 1; 20-29 bp: 2; 30-34 bp: 3

Bases preceding removed adapters:
  A: 27.0%
  C: 27.0%
  G: 17.8%
  T: 28.2%
  none/other: 0.0%

Overview of removed sequences
length	count	expect	max.err	error counts
3	259	227.9	0	259
4	61	57.0	0	61
5	5	14.2	0	5
9	1	0.1	0	0 1
