This is cutadapt 2.9 with Python 3.6.6
Command line parameters: --interleaved -a file:/nas02/apps/trimmomatic-0.36/Trimmomatic-0.36/adapters/TruSeq3-PE.fa -A file:/nas02/apps/trimmomatic-0.36/Trimmomatic-0.36/adapters/TruSeq3-PE.fa -m 30 /nas/longleaf/home/zpopkinh/Pvivax_resources/wgs_pe_improved_global/fastq/SRS694239/SRR1568221_1.fastq.gz /nas/longleaf/home/zpopkinh/Pvivax_resources/wgs_pe_improved_global/fastq/SRS694239/SRR1568221_2.fastq.gz
Processing reads on 1 core in paired-end mode ...
Finished in 1001.20 s (71 us/read; 0.85 M reads/minute).

=== Summary ===

Total read pairs processed:         14,163,175
  Read 1 with adapter:                 527,251 (3.7%)
  Read 2 with adapter:                 538,439 (3.8%)
Pairs written (passing filters):    14,163,175 (100.0%)

Total basepairs processed: 2,860,961,350 bp
  Read 1: 1,430,480,675 bp
  Read 2: 1,430,480,675 bp
Total written (filtered):  2,857,369,008 bp (99.9%)
  Read 1: 1,428,700,854 bp
  Read 2: 1,428,668,154 bp

=== First read: Adapter PrefixPE/1 ===

Sequence: TACACTCTTTCCCTACACGACGCTCTTCCGATCT; Type: regular 3'; Length: 34; Trimmed: 256578 times

No. of allowed errors:
0-9 bp: 0; 10-19 bp: 1; 20-29 bp: 2; 30-34 bp: 3

Bases preceding removed adapters:
  A: 25.3%
  C: 22.6%
  G: 26.2%
  T: 25.9%
  none/other: 0.0%

Overview of removed sequences
length	count	expect	max.err	error counts
3	172627	221299.6	0	172627
4	62278	55324.9	0	62278
5	15601	13831.2	0	15601
6	3056	3457.8	0	3056
7	685	864.5	0	685
8	190	216.1	0	190
9	770	54.0	0	51 719
10	962	13.5	1	30 932
11	324	3.4	1	7 317
12	59	0.8	1	0 59
13	21	0.2	1	0 21
14	4	0.1	1	0 4
54	1	0.0	3	0 0 1


=== First read: Adapter PrefixPE/2 ===

Sequence: GTGACTGGAGTTCAGACGTGTGCTCTTCCGATCT; Type: regular 3'; Length: 34; Trimmed: 270673 times

No. of allowed errors:
0-9 bp: 0; 10-19 bp: 1; 20-29 bp: 2; 30-34 bp: 3

Bases preceding removed adapters:
  A: 23.3%
  C: 19.1%
  G: 26.7%
  T: 30.9%
  none/other: 0.0%

Overview of removed sequences
length	count	expect	max.err	error counts
3	211501	221299.6	0	211501
4	47722	55324.9	0	47722
5	8319	13831.2	0	8319
6	1946	3457.8	0	1946
7	424	864.5	0	424
8	69	216.1	0	69
9	302	54.0	0	20 282
10	254	13.5	1	14 240
11	113	3.4	1	0 113
12	15	0.8	1	0 15
13	8	0.2	1	0 8


=== Second read: Adapter PrefixPE/1 ===

Sequence: TACACTCTTTCCCTACACGACGCTCTTCCGATCT; Type: regular 3'; Length: 34; Trimmed: 254019 times

No. of allowed errors:
0-9 bp: 0; 10-19 bp: 1; 20-29 bp: 2; 30-34 bp: 3

Bases preceding removed adapters:
  A: 25.3%
  C: 22.5%
  G: 26.2%
  T: 26.0%
  none/other: 0.0%

Overview of removed sequences
length	count	expect	max.err	error counts
3	170802	221299.6	0	170802
4	61597	55324.9	0	61597
5	15533	13831.2	0	15533
6	3011	3457.8	0	3011
7	800	864.5	0	800
8	157	216.1	0	157
9	755	54.0	0	81 674
10	941	13.5	1	18 923
11	340	3.4	1	6 334
12	65	0.8	1	0 65
13	14	0.2	1	0 14
14	1	0.1	1	0 1
16	1	0.0	1	0 1
31	1	0.0	3	0 0 1
41	1	0.0	3	0 1


=== Second read: Adapter PrefixPE/2 ===

Sequence: GTGACTGGAGTTCAGACGTGTGCTCTTCCGATCT; Type: regular 3'; Length: 34; Trimmed: 284420 times

No. of allowed errors:
0-9 bp: 0; 10-19 bp: 1; 20-29 bp: 2; 30-34 bp: 3

Bases preceding removed adapters:
  A: 22.8%
  C: 22.6%
  G: 25.4%
  T: 29.2%
  none/other: 0.0%

Overview of removed sequences
length	count	expect	max.err	error counts
3	225148	221299.6	0	225148
4	47990	55324.9	0	47990
5	8252	13831.2	0	8252
6	1801	3457.8	0	1801
7	439	864.5	0	439
8	78	216.1	0	78
9	317	54.0	0	21 296
10	257	13.5	1	5 252
11	117	3.4	1	1 116
12	19	0.8	1	0 19
13	2	0.2	1	0 2
